+ export OMP_NUM_THREAD=2
+ OMP_NUM_THREAD=2
+ export KMP_AFFINITY=balanced,granularity=fine,verbose
+ KMP_AFFINITY=balanced,granularity=fine,verbose
+ cd /hiskp4/gross/bachelorarbeit
+ laenge=144
+ temperatur=0.5
+ merkmal=mpiskalt05mitchargittern
+ (( proz=1 ))
+ (( proz<=20 ))
+ (( (144%1 == 0) && (144!=1) ))
+ echo 144 1
+ srun -n1 --exclusive /hiskp4/gross/bachelorarbeit/mpiskalierung 144 0.5 mpiskalt05mitchargittern
srun: Warning: can't run 1 processes on 5 nodes, setting nnodes to 1
+ echo 144
+ (( proz+=1 ))
+ (( proz<=20 ))
+ (( (144%2 == 0) && (144!=2) ))
+ echo 144 2
+ srun -n2 --exclusive /hiskp4/gross/bachelorarbeit/mpiskalierung 144 0.5 mpiskalt05mitchargittern
srun: Warning: can't run 2 processes on 5 nodes, setting nnodes to 2
+ echo 144
+ (( proz+=1 ))
+ (( proz<=20 ))
+ (( (144%3 == 0) && (144!=3) ))
+ echo 144 3
+ srun -n3 --exclusive /hiskp4/gross/bachelorarbeit/mpiskalierung 144 0.5 mpiskalt05mitchargittern
srun: Warning: can't run 3 processes on 5 nodes, setting nnodes to 3
+ echo 144
+ (( proz+=1 ))
+ (( proz<=20 ))
+ (( (144%4 == 0) && (144!=4) ))
+ echo 144 4
+ srun -n4 --exclusive /hiskp4/gross/bachelorarbeit/mpiskalierung 144 0.5 mpiskalt05mitchargittern
srun: Warning: can't run 4 processes on 5 nodes, setting nnodes to 4
+ echo 144
+ (( proz+=1 ))
+ (( proz<=20 ))
+ (( (144%5 == 0) && (144!=5) ))
+ (( proz+=1 ))
+ (( proz<=20 ))
+ (( (144%6 == 0) && (144!=6) ))
+ echo 144 6
+ srun -n6 --exclusive /hiskp4/gross/bachelorarbeit/mpiskalierung 144 0.5 mpiskalt05mitchargittern
srun: Warning: can't honor --ntasks-per-node set to 4 which doesn't match the requested tasks 6 with the number of requested nodes 5. Ignoring --ntasks-per-node.
+ echo 144
+ (( proz+=1 ))
+ (( proz<=20 ))
+ (( (144%7 == 0) && (144!=7) ))
+ (( proz+=1 ))
+ (( proz<=20 ))
+ (( (144%8 == 0) && (144!=8) ))
+ echo 144 8
+ srun -n8 --exclusive /hiskp4/gross/bachelorarbeit/mpiskalierung 144 0.5 mpiskalt05mitchargittern
srun: Warning: can't honor --ntasks-per-node set to 4 which doesn't match the requested tasks 8 with the number of requested nodes 5. Ignoring --ntasks-per-node.
+ echo 144
+ (( proz+=1 ))
+ (( proz<=20 ))
+ (( (144%9 == 0) && (144!=9) ))
+ echo 144 9
+ srun -n9 --exclusive /hiskp4/gross/bachelorarbeit/mpiskalierung 144 0.5 mpiskalt05mitchargittern
srun: Warning: can't honor --ntasks-per-node set to 4 which doesn't match the requested tasks 9 with the number of requested nodes 5. Ignoring --ntasks-per-node.
+ echo 144
+ (( proz+=1 ))
+ (( proz<=20 ))
+ (( (144%10 == 0) && (144!=10) ))
+ (( proz+=1 ))
+ (( proz<=20 ))
+ (( (144%11 == 0) && (144!=11) ))
+ (( proz+=1 ))
+ (( proz<=20 ))
+ (( (144%12 == 0) && (144!=12) ))
+ echo 144 12
+ srun -n12 --exclusive /hiskp4/gross/bachelorarbeit/mpiskalierung 144 0.5 mpiskalt05mitchargittern
srun: Warning: can't honor --ntasks-per-node set to 4 which doesn't match the requested tasks 12 with the number of requested nodes 5. Ignoring --ntasks-per-node.
+ echo 144
+ (( proz+=1 ))
+ (( proz<=20 ))
+ (( (144%13 == 0) && (144!=13) ))
+ (( proz+=1 ))
+ (( proz<=20 ))
+ (( (144%14 == 0) && (144!=14) ))
+ (( proz+=1 ))
+ (( proz<=20 ))
+ (( (144%15 == 0) && (144!=15) ))
+ (( proz+=1 ))
+ (( proz<=20 ))
+ (( (144%16 == 0) && (144!=16) ))
+ echo 144 16
+ srun -n16 --exclusive /hiskp4/gross/bachelorarbeit/mpiskalierung 144 0.5 mpiskalt05mitchargittern
srun: Warning: can't honor --ntasks-per-node set to 4 which doesn't match the requested tasks 16 with the number of requested nodes 5. Ignoring --ntasks-per-node.
+ echo 144
+ (( proz+=1 ))
+ (( proz<=20 ))
+ (( (144%17 == 0) && (144!=17) ))
+ (( proz+=1 ))
+ (( proz<=20 ))
+ (( (144%18 == 0) && (144!=18) ))
+ echo 144 18
+ srun -n18 --exclusive /hiskp4/gross/bachelorarbeit/mpiskalierung 144 0.5 mpiskalt05mitchargittern
srun: Warning: can't honor --ntasks-per-node set to 4 which doesn't match the requested tasks 18 with the number of requested nodes 5. Ignoring --ntasks-per-node.
+ echo 144
+ (( proz+=1 ))
+ (( proz<=20 ))
+ (( (144%19 == 0) && (144!=19) ))
+ (( proz+=1 ))
+ (( proz<=20 ))
+ (( (144%20 == 0) && (144!=20) ))
+ (( proz+=1 ))
+ (( proz<=20 ))
+ cd -
