+ export OMP_NUM_THREAD=2
+ OMP_NUM_THREAD=2
+ export KMP_AFFINITY=balanced,granularity=fine,verbose
+ KMP_AFFINITY=balanced,granularity=fine,verbose
+ cd /hiskp4/gross/bachelorarbeit
+ laenge=60
+ temperatur=0.5
+ merkmal=mpiskalt05mitschleife
+ (( proz=1 ))
+ (( proz<=20 ))
+ (( (60%1 == 0) && (60!=1) ))
+ echo 60 1
+ srun -n1 --exclusive /hiskp4/gross/bachelorarbeit/mpiskalierung 60 0.5 mpiskalt05mitschleife
srun: Warning: can't run 1 processes on 5 nodes, setting nnodes to 1
+ echo 60
+ (( proz+=1 ))
+ (( proz<=20 ))
+ (( (60%2 == 0) && (60!=2) ))
+ echo 60 2
+ srun -n2 --exclusive /hiskp4/gross/bachelorarbeit/mpiskalierung 60 0.5 mpiskalt05mitschleife
srun: Warning: can't run 2 processes on 5 nodes, setting nnodes to 2
+ echo 60
+ (( proz+=1 ))
+ (( proz<=20 ))
+ (( (60%3 == 0) && (60!=3) ))
+ echo 60 3
+ srun -n3 --exclusive /hiskp4/gross/bachelorarbeit/mpiskalierung 60 0.5 mpiskalt05mitschleife
srun: Warning: can't run 3 processes on 5 nodes, setting nnodes to 3
+ echo 60
+ (( proz+=1 ))
+ (( proz<=20 ))
+ (( (60%4 == 0) && (60!=4) ))
+ echo 60 4
+ srun -n4 --exclusive /hiskp4/gross/bachelorarbeit/mpiskalierung 60 0.5 mpiskalt05mitschleife
srun: Warning: can't run 4 processes on 5 nodes, setting nnodes to 4
+ echo 60
+ (( proz+=1 ))
+ (( proz<=20 ))
+ (( (60%5 == 0) && (60!=5) ))
+ echo 60 5
+ srun -n5 --exclusive /hiskp4/gross/bachelorarbeit/mpiskalierung 60 0.5 mpiskalt05mitschleife
srun: Warning: can't honor --ntasks-per-node set to 4 which doesn't match the requested tasks 5 with the number of requested nodes 5. Ignoring --ntasks-per-node.
+ echo 60
+ (( proz+=1 ))
+ (( proz<=20 ))
+ (( (60%6 == 0) && (60!=6) ))
+ echo 60 6
+ srun -n6 --exclusive /hiskp4/gross/bachelorarbeit/mpiskalierung 60 0.5 mpiskalt05mitschleife
srun: Warning: can't honor --ntasks-per-node set to 4 which doesn't match the requested tasks 6 with the number of requested nodes 5. Ignoring --ntasks-per-node.
+ echo 60
+ (( proz+=1 ))
+ (( proz<=20 ))
+ (( (60%7 == 0) && (60!=7) ))
+ (( proz+=1 ))
+ (( proz<=20 ))
+ (( (60%8 == 0) && (60!=8) ))
+ (( proz+=1 ))
+ (( proz<=20 ))
+ (( (60%9 == 0) && (60!=9) ))
+ (( proz+=1 ))
+ (( proz<=20 ))
+ (( (60%10 == 0) && (60!=10) ))
+ echo 60 10
+ srun -n10 --exclusive /hiskp4/gross/bachelorarbeit/mpiskalierung 60 0.5 mpiskalt05mitschleife
srun: Warning: can't honor --ntasks-per-node set to 4 which doesn't match the requested tasks 10 with the number of requested nodes 5. Ignoring --ntasks-per-node.
+ echo 60
+ (( proz+=1 ))
+ (( proz<=20 ))
+ (( (60%11 == 0) && (60!=11) ))
+ (( proz+=1 ))
+ (( proz<=20 ))
+ (( (60%12 == 0) && (60!=12) ))
+ echo 60 12
+ srun -n12 --exclusive /hiskp4/gross/bachelorarbeit/mpiskalierung 60 0.5 mpiskalt05mitschleife
srun: Warning: can't honor --ntasks-per-node set to 4 which doesn't match the requested tasks 12 with the number of requested nodes 5. Ignoring --ntasks-per-node.
+ echo 60
+ (( proz+=1 ))
+ (( proz<=20 ))
+ (( (60%13 == 0) && (60!=13) ))
+ (( proz+=1 ))
+ (( proz<=20 ))
+ (( (60%14 == 0) && (60!=14) ))
+ (( proz+=1 ))
+ (( proz<=20 ))
+ (( (60%15 == 0) && (60!=15) ))
+ echo 60 15
+ srun -n15 --exclusive /hiskp4/gross/bachelorarbeit/mpiskalierung 60 0.5 mpiskalt05mitschleife
srun: Warning: can't honor --ntasks-per-node set to 4 which doesn't match the requested tasks 15 with the number of requested nodes 5. Ignoring --ntasks-per-node.
+ echo 60
+ (( proz+=1 ))
+ (( proz<=20 ))
+ (( (60%16 == 0) && (60!=16) ))
+ (( proz+=1 ))
+ (( proz<=20 ))
+ (( (60%17 == 0) && (60!=17) ))
+ (( proz+=1 ))
+ (( proz<=20 ))
+ (( (60%18 == 0) && (60!=18) ))
+ (( proz+=1 ))
+ (( proz<=20 ))
+ (( (60%19 == 0) && (60!=19) ))
+ (( proz+=1 ))
+ (( proz<=20 ))
+ (( (60%20 == 0) && (60!=20) ))
+ echo 60 20
+ srun -n20 --exclusive /hiskp4/gross/bachelorarbeit/mpiskalierung 60 0.5 mpiskalt05mitschleife
+ echo 60
+ (( proz+=1 ))
+ (( proz<=20 ))
+ cd -
