+ export OMP_NUM_THREAD=2
+ OMP_NUM_THREAD=2
+ export KMP_AFFINITY=balanced,granularity=fine,verbose
+ KMP_AFFINITY=balanced,granularity=fine,verbose
+ cd /hiskp4/gross/bachelorarbeit
+ laenge=72
+ temperatur=0.5
+ merkmal=mpiskalt05mitschleife
+ (( proz=1 ))
+ (( proz<=20 ))
+ (( (72%1 == 0) && (72!=1) ))
+ echo 72 1
+ srun -n1 --exclusive /hiskp4/gross/bachelorarbeit/mpiskalierung 72 0.5 mpiskalt05mitschleife
srun: Warning: can't run 1 processes on 5 nodes, setting nnodes to 1
+ echo 72
+ (( proz+=1 ))
+ (( proz<=20 ))
+ (( (72%2 == 0) && (72!=2) ))
+ echo 72 2
+ srun -n2 --exclusive /hiskp4/gross/bachelorarbeit/mpiskalierung 72 0.5 mpiskalt05mitschleife
srun: Warning: can't run 2 processes on 5 nodes, setting nnodes to 2
+ echo 72
+ (( proz+=1 ))
+ (( proz<=20 ))
+ (( (72%3 == 0) && (72!=3) ))
+ echo 72 3
+ srun -n3 --exclusive /hiskp4/gross/bachelorarbeit/mpiskalierung 72 0.5 mpiskalt05mitschleife
srun: Warning: can't run 3 processes on 5 nodes, setting nnodes to 3
+ echo 72
+ (( proz+=1 ))
+ (( proz<=20 ))
+ (( (72%4 == 0) && (72!=4) ))
+ echo 72 4
+ srun -n4 --exclusive /hiskp4/gross/bachelorarbeit/mpiskalierung 72 0.5 mpiskalt05mitschleife
srun: Warning: can't run 4 processes on 5 nodes, setting nnodes to 4
+ echo 72
+ (( proz+=1 ))
+ (( proz<=20 ))
+ (( (72%5 == 0) && (72!=5) ))
+ (( proz+=1 ))
+ (( proz<=20 ))
+ (( (72%6 == 0) && (72!=6) ))
+ echo 72 6
+ srun -n6 --exclusive /hiskp4/gross/bachelorarbeit/mpiskalierung 72 0.5 mpiskalt05mitschleife
srun: Warning: can't honor --ntasks-per-node set to 4 which doesn't match the requested tasks 6 with the number of requested nodes 5. Ignoring --ntasks-per-node.
+ echo 72
+ (( proz+=1 ))
+ (( proz<=20 ))
+ (( (72%7 == 0) && (72!=7) ))
+ (( proz+=1 ))
+ (( proz<=20 ))
+ (( (72%8 == 0) && (72!=8) ))
+ echo 72 8
+ srun -n8 --exclusive /hiskp4/gross/bachelorarbeit/mpiskalierung 72 0.5 mpiskalt05mitschleife
srun: Warning: can't honor --ntasks-per-node set to 4 which doesn't match the requested tasks 8 with the number of requested nodes 5. Ignoring --ntasks-per-node.
+ echo 72
+ (( proz+=1 ))
+ (( proz<=20 ))
+ (( (72%9 == 0) && (72!=9) ))
+ echo 72 9
+ srun -n9 --exclusive /hiskp4/gross/bachelorarbeit/mpiskalierung 72 0.5 mpiskalt05mitschleife
srun: Warning: can't honor --ntasks-per-node set to 4 which doesn't match the requested tasks 9 with the number of requested nodes 5. Ignoring --ntasks-per-node.
+ echo 72
+ (( proz+=1 ))
+ (( proz<=20 ))
+ (( (72%10 == 0) && (72!=10) ))
+ (( proz+=1 ))
+ (( proz<=20 ))
+ (( (72%11 == 0) && (72!=11) ))
+ (( proz+=1 ))
+ (( proz<=20 ))
+ (( (72%12 == 0) && (72!=12) ))
+ echo 72 12
+ srun -n12 --exclusive /hiskp4/gross/bachelorarbeit/mpiskalierung 72 0.5 mpiskalt05mitschleife
srun: Warning: can't honor --ntasks-per-node set to 4 which doesn't match the requested tasks 12 with the number of requested nodes 5. Ignoring --ntasks-per-node.
+ echo 72
+ (( proz+=1 ))
+ (( proz<=20 ))
+ (( (72%13 == 0) && (72!=13) ))
+ (( proz+=1 ))
+ (( proz<=20 ))
+ (( (72%14 == 0) && (72!=14) ))
+ (( proz+=1 ))
+ (( proz<=20 ))
+ (( (72%15 == 0) && (72!=15) ))
+ (( proz+=1 ))
+ (( proz<=20 ))
+ (( (72%16 == 0) && (72!=16) ))
+ (( proz+=1 ))
+ (( proz<=20 ))
+ (( (72%17 == 0) && (72!=17) ))
+ (( proz+=1 ))
+ (( proz<=20 ))
+ (( (72%18 == 0) && (72!=18) ))
+ echo 72 18
+ srun -n18 --exclusive /hiskp4/gross/bachelorarbeit/mpiskalierung 72 0.5 mpiskalt05mitschleife
srun: Warning: can't honor --ntasks-per-node set to 4 which doesn't match the requested tasks 18 with the number of requested nodes 5. Ignoring --ntasks-per-node.
+ echo 72
+ (( proz+=1 ))
+ (( proz<=20 ))
+ (( (72%19 == 0) && (72!=19) ))
+ (( proz+=1 ))
+ (( proz<=20 ))
+ (( (72%20 == 0) && (72!=20) ))
+ (( proz+=1 ))
+ (( proz<=20 ))
+ cd -
