+ export OMP_NUM_THREAD=2
+ OMP_NUM_THREAD=2
+ export KMP_AFFINITY=balanced,granularity=fine,verbose
+ KMP_AFFINITY=balanced,granularity=fine,verbose
+ cd /hiskp4/gross/bachelorarbeit
+ laenge=12
+ temperatur=1
+ merkmal=probierenschleifebatch
+ (( proz=1 ))
+ (( proz<=20 ))
+ (( 12%1 -eq 0 ))
/var/spool/slurmd/job249104/slurm_script: line 23: ((: 12%1 -eq 0: syntax error in expression (error token is "0")
+ (( proz+=1 ))
+ (( proz<=20 ))
+ (( 12%2 -eq 0 ))
/var/spool/slurmd/job249104/slurm_script: line 23: ((: 12%2 -eq 0: syntax error in expression (error token is "0")
+ (( proz+=1 ))
+ (( proz<=20 ))
+ (( 12%3 -eq 0 ))
/var/spool/slurmd/job249104/slurm_script: line 23: ((: 12%3 -eq 0: syntax error in expression (error token is "0")
+ (( proz+=1 ))
+ (( proz<=20 ))
+ (( 12%4 -eq 0 ))
/var/spool/slurmd/job249104/slurm_script: line 23: ((: 12%4 -eq 0: syntax error in expression (error token is "0")
+ (( proz+=1 ))
+ (( proz<=20 ))
+ (( 12%5 -eq 0 ))
/var/spool/slurmd/job249104/slurm_script: line 23: ((: 12%5 -eq 0: syntax error in expression (error token is "0")
+ (( proz+=1 ))
+ (( proz<=20 ))
+ (( 12%6 -eq 0 ))
/var/spool/slurmd/job249104/slurm_script: line 23: ((: 12%6 -eq 0: syntax error in expression (error token is "0")
+ (( proz+=1 ))
+ (( proz<=20 ))
+ (( 12%7 -eq 0 ))
/var/spool/slurmd/job249104/slurm_script: line 23: ((: 12%7 -eq 0: syntax error in expression (error token is "0")
+ (( proz+=1 ))
+ (( proz<=20 ))
+ (( 12%8 -eq 0 ))
/var/spool/slurmd/job249104/slurm_script: line 23: ((: 12%8 -eq 0: syntax error in expression (error token is "0")
+ (( proz+=1 ))
+ (( proz<=20 ))
+ (( 12%9 -eq 0 ))
/var/spool/slurmd/job249104/slurm_script: line 23: ((: 12%9 -eq 0: syntax error in expression (error token is "0")
+ (( proz+=1 ))
+ (( proz<=20 ))
+ (( 12%10 -eq 0 ))
/var/spool/slurmd/job249104/slurm_script: line 23: ((: 12%10 -eq 0: syntax error in expression (error token is "0")
+ (( proz+=1 ))
+ (( proz<=20 ))
+ (( 12%11 -eq 0 ))
/var/spool/slurmd/job249104/slurm_script: line 23: ((: 12%11 -eq 0: syntax error in expression (error token is "0")
+ (( proz+=1 ))
+ (( proz<=20 ))
+ (( 12%12 -eq 0 ))
/var/spool/slurmd/job249104/slurm_script: line 23: ((: 12%12 -eq 0: syntax error in expression (error token is "0")
+ (( proz+=1 ))
+ (( proz<=20 ))
+ (( 12%13 -eq 0 ))
/var/spool/slurmd/job249104/slurm_script: line 23: ((: 12%13 -eq 0: syntax error in expression (error token is "0")
+ (( proz+=1 ))
+ (( proz<=20 ))
+ (( 12%14 -eq 0 ))
/var/spool/slurmd/job249104/slurm_script: line 23: ((: 12%14 -eq 0: syntax error in expression (error token is "0")
+ (( proz+=1 ))
+ (( proz<=20 ))
+ (( 12%15 -eq 0 ))
/var/spool/slurmd/job249104/slurm_script: line 23: ((: 12%15 -eq 0: syntax error in expression (error token is "0")
+ (( proz+=1 ))
+ (( proz<=20 ))
+ (( 12%16 -eq 0 ))
/var/spool/slurmd/job249104/slurm_script: line 23: ((: 12%16 -eq 0: syntax error in expression (error token is "0")
+ (( proz+=1 ))
+ (( proz<=20 ))
+ (( 12%17 -eq 0 ))
/var/spool/slurmd/job249104/slurm_script: line 23: ((: 12%17 -eq 0: syntax error in expression (error token is "0")
+ (( proz+=1 ))
+ (( proz<=20 ))
+ (( 12%18 -eq 0 ))
/var/spool/slurmd/job249104/slurm_script: line 23: ((: 12%18 -eq 0: syntax error in expression (error token is "0")
+ (( proz+=1 ))
+ (( proz<=20 ))
+ (( 12%19 -eq 0 ))
/var/spool/slurmd/job249104/slurm_script: line 23: ((: 12%19 -eq 0: syntax error in expression (error token is "0")
+ (( proz+=1 ))
+ (( proz<=20 ))
+ (( 12%20 -eq 0 ))
/var/spool/slurmd/job249104/slurm_script: line 23: ((: 12%20 -eq 0: syntax error in expression (error token is "0")
+ (( proz+=1 ))
+ (( proz<=20 ))
+ cd -
