+ export OMP_NUM_THREAD=2
+ OMP_NUM_THREAD=2
+ export KMP_AFFINITY=balanced,granularity=fine,verbose
+ KMP_AFFINITY=balanced,granularity=fine,verbose
+ cd /hiskp4/gross/bachelorarbeit
+ laenge=120
+ temperatur=0.5
+ merkmal=mpiskalt05mitchargittern
+ (( proz=1 ))
+ (( proz<=20 ))
+ (( (120%1 == 0) && (120!=1) ))
+ echo 120 1
+ srun -n1 --exclusive /hiskp4/gross/bachelorarbeit/mpiskalierung 120 0.5 mpiskalt05mitchargittern
srun: Warning: can't run 1 processes on 5 nodes, setting nnodes to 1
+ echo 120
+ (( proz+=1 ))
+ (( proz<=20 ))
+ (( (120%2 == 0) && (120!=2) ))
+ echo 120 2
+ srun -n2 --exclusive /hiskp4/gross/bachelorarbeit/mpiskalierung 120 0.5 mpiskalt05mitchargittern
srun: Warning: can't run 2 processes on 5 nodes, setting nnodes to 2
+ echo 120
+ (( proz+=1 ))
+ (( proz<=20 ))
+ (( (120%3 == 0) && (120!=3) ))
+ echo 120 3
+ srun -n3 --exclusive /hiskp4/gross/bachelorarbeit/mpiskalierung 120 0.5 mpiskalt05mitchargittern
srun: Warning: can't run 3 processes on 5 nodes, setting nnodes to 3
+ echo 120
+ (( proz+=1 ))
+ (( proz<=20 ))
+ (( (120%4 == 0) && (120!=4) ))
+ echo 120 4
+ srun -n4 --exclusive /hiskp4/gross/bachelorarbeit/mpiskalierung 120 0.5 mpiskalt05mitchargittern
srun: Warning: can't run 4 processes on 5 nodes, setting nnodes to 4
+ echo 120
+ (( proz+=1 ))
+ (( proz<=20 ))
+ (( (120%5 == 0) && (120!=5) ))
+ echo 120 5
+ srun -n5 --exclusive /hiskp4/gross/bachelorarbeit/mpiskalierung 120 0.5 mpiskalt05mitchargittern
srun: Warning: can't honor --ntasks-per-node set to 4 which doesn't match the requested tasks 5 with the number of requested nodes 5. Ignoring --ntasks-per-node.
+ echo 120
+ (( proz+=1 ))
+ (( proz<=20 ))
+ (( (120%6 == 0) && (120!=6) ))
+ echo 120 6
+ srun -n6 --exclusive /hiskp4/gross/bachelorarbeit/mpiskalierung 120 0.5 mpiskalt05mitchargittern
srun: Warning: can't honor --ntasks-per-node set to 4 which doesn't match the requested tasks 6 with the number of requested nodes 5. Ignoring --ntasks-per-node.
+ echo 120
+ (( proz+=1 ))
+ (( proz<=20 ))
+ (( (120%7 == 0) && (120!=7) ))
+ (( proz+=1 ))
+ (( proz<=20 ))
+ (( (120%8 == 0) && (120!=8) ))
+ echo 120 8
+ srun -n8 --exclusive /hiskp4/gross/bachelorarbeit/mpiskalierung 120 0.5 mpiskalt05mitchargittern
srun: Warning: can't honor --ntasks-per-node set to 4 which doesn't match the requested tasks 8 with the number of requested nodes 5. Ignoring --ntasks-per-node.
+ echo 120
+ (( proz+=1 ))
+ (( proz<=20 ))
+ (( (120%9 == 0) && (120!=9) ))
+ (( proz+=1 ))
+ (( proz<=20 ))
+ (( (120%10 == 0) && (120!=10) ))
+ echo 120 10
+ srun -n10 --exclusive /hiskp4/gross/bachelorarbeit/mpiskalierung 120 0.5 mpiskalt05mitchargittern
srun: Warning: can't honor --ntasks-per-node set to 4 which doesn't match the requested tasks 10 with the number of requested nodes 5. Ignoring --ntasks-per-node.
+ echo 120
+ (( proz+=1 ))
+ (( proz<=20 ))
+ (( (120%11 == 0) && (120!=11) ))
+ (( proz+=1 ))
+ (( proz<=20 ))
+ (( (120%12 == 0) && (120!=12) ))
+ echo 120 12
+ srun -n12 --exclusive /hiskp4/gross/bachelorarbeit/mpiskalierung 120 0.5 mpiskalt05mitchargittern
srun: Warning: can't honor --ntasks-per-node set to 4 which doesn't match the requested tasks 12 with the number of requested nodes 5. Ignoring --ntasks-per-node.
+ echo 120
+ (( proz+=1 ))
+ (( proz<=20 ))
+ (( (120%13 == 0) && (120!=13) ))
+ (( proz+=1 ))
+ (( proz<=20 ))
+ (( (120%14 == 0) && (120!=14) ))
+ (( proz+=1 ))
+ (( proz<=20 ))
+ (( (120%15 == 0) && (120!=15) ))
+ echo 120 15
+ srun -n15 --exclusive /hiskp4/gross/bachelorarbeit/mpiskalierung 120 0.5 mpiskalt05mitchargittern
srun: Warning: can't honor --ntasks-per-node set to 4 which doesn't match the requested tasks 15 with the number of requested nodes 5. Ignoring --ntasks-per-node.
+ echo 120
+ (( proz+=1 ))
+ (( proz<=20 ))
+ (( (120%16 == 0) && (120!=16) ))
+ (( proz+=1 ))
+ (( proz<=20 ))
+ (( (120%17 == 0) && (120!=17) ))
+ (( proz+=1 ))
+ (( proz<=20 ))
+ (( (120%18 == 0) && (120!=18) ))
+ (( proz+=1 ))
+ (( proz<=20 ))
+ (( (120%19 == 0) && (120!=19) ))
+ (( proz+=1 ))
+ (( proz<=20 ))
+ (( (120%20 == 0) && (120!=20) ))
+ echo 120 20
+ srun -n20 --exclusive /hiskp4/gross/bachelorarbeit/mpiskalierung 120 0.5 mpiskalt05mitchargittern
+ echo 120
+ (( proz+=1 ))
+ (( proz<=20 ))
+ cd -
