+ export OMP_NUM_THREAD=2
+ OMP_NUM_THREAD=2
+ export KMP_AFFINITY=balanced,granularity=fine,verbose
+ KMP_AFFINITY=balanced,granularity=fine,verbose
+ cd /hiskp4/gross/bachelorarbeit
+ laenge=12
+ temperatur=0.5
+ merkmal=mpiskalt05mitschleife
+ (( proz=1 ))
+ (( proz<=20 ))
+ (( (12%1 == 0) && (12!=1) ))
+ echo 12 1
+ srun -n1 --exclusive /hiskp4/gross/bachelorarbeit/mpiskalierung 12 0.5 mpiskalt05mitschleife
srun: Warning: can't run 1 processes on 5 nodes, setting nnodes to 1
+ echo 12
+ (( proz+=1 ))
+ (( proz<=20 ))
+ (( (12%2 == 0) && (12!=2) ))
+ echo 12 2
+ srun -n2 --exclusive /hiskp4/gross/bachelorarbeit/mpiskalierung 12 0.5 mpiskalt05mitschleife
srun: Warning: can't run 2 processes on 5 nodes, setting nnodes to 2
+ echo 12
+ (( proz+=1 ))
+ (( proz<=20 ))
+ (( (12%3 == 0) && (12!=3) ))
+ echo 12 3
+ srun -n3 --exclusive /hiskp4/gross/bachelorarbeit/mpiskalierung 12 0.5 mpiskalt05mitschleife
srun: Warning: can't run 3 processes on 5 nodes, setting nnodes to 3
+ echo 12
+ (( proz+=1 ))
+ (( proz<=20 ))
+ (( (12%4 == 0) && (12!=4) ))
+ echo 12 4
+ srun -n4 --exclusive /hiskp4/gross/bachelorarbeit/mpiskalierung 12 0.5 mpiskalt05mitschleife
srun: Warning: can't run 4 processes on 5 nodes, setting nnodes to 4
+ echo 12
+ (( proz+=1 ))
+ (( proz<=20 ))
+ (( (12%5 == 0) && (12!=5) ))
+ (( proz+=1 ))
+ (( proz<=20 ))
+ (( (12%6 == 0) && (12!=6) ))
+ echo 12 6
+ srun -n6 --exclusive /hiskp4/gross/bachelorarbeit/mpiskalierung 12 0.5 mpiskalt05mitschleife
srun: Warning: can't honor --ntasks-per-node set to 4 which doesn't match the requested tasks 6 with the number of requested nodes 5. Ignoring --ntasks-per-node.
+ echo 12
+ (( proz+=1 ))
+ (( proz<=20 ))
+ (( (12%7 == 0) && (12!=7) ))
+ (( proz+=1 ))
+ (( proz<=20 ))
+ (( (12%8 == 0) && (12!=8) ))
+ (( proz+=1 ))
+ (( proz<=20 ))
+ (( (12%9 == 0) && (12!=9) ))
+ (( proz+=1 ))
+ (( proz<=20 ))
+ (( (12%10 == 0) && (12!=10) ))
+ (( proz+=1 ))
+ (( proz<=20 ))
+ (( (12%11 == 0) && (12!=11) ))
+ (( proz+=1 ))
+ (( proz<=20 ))
+ (( (12%12 == 0) && (12!=12) ))
+ (( proz+=1 ))
+ (( proz<=20 ))
+ (( (12%13 == 0) && (12!=13) ))
+ (( proz+=1 ))
+ (( proz<=20 ))
+ (( (12%14 == 0) && (12!=14) ))
+ (( proz+=1 ))
+ (( proz<=20 ))
+ (( (12%15 == 0) && (12!=15) ))
+ (( proz+=1 ))
+ (( proz<=20 ))
+ (( (12%16 == 0) && (12!=16) ))
+ (( proz+=1 ))
+ (( proz<=20 ))
+ (( (12%17 == 0) && (12!=17) ))
+ (( proz+=1 ))
+ (( proz<=20 ))
+ (( (12%18 == 0) && (12!=18) ))
+ (( proz+=1 ))
+ (( proz<=20 ))
+ (( (12%19 == 0) && (12!=19) ))
+ (( proz+=1 ))
+ (( proz<=20 ))
+ (( (12%20 == 0) && (12!=20) ))
+ (( proz+=1 ))
+ (( proz<=20 ))
+ cd -
