+ export OMP_NUM_THREAD=2
+ OMP_NUM_THREAD=2
+ export KMP_AFFINITY=balanced,granularity=fine,verbose
+ KMP_AFFINITY=balanced,granularity=fine,verbose
+ cd /hiskp4/gross/bachelorarbeit
+ laenge=420
+ temperatur=0.5
+ merkmal=mpiskalt05mitchargittern
+ (( proz=1 ))
+ (( proz<=20 ))
+ (( (420%1 == 0) && (420!=1) ))
+ echo 420 1
+ srun -n1 --exclusive /hiskp4/gross/bachelorarbeit/mpiskalierung 420 0.5 mpiskalt05mitchargittern
srun: Warning: can't run 1 processes on 5 nodes, setting nnodes to 1
+ echo 420
+ (( proz+=1 ))
+ (( proz<=20 ))
+ (( (420%2 == 0) && (420!=2) ))
+ echo 420 2
+ srun -n2 --exclusive /hiskp4/gross/bachelorarbeit/mpiskalierung 420 0.5 mpiskalt05mitchargittern
srun: Warning: can't run 2 processes on 5 nodes, setting nnodes to 2
+ echo 420
+ (( proz+=1 ))
+ (( proz<=20 ))
+ (( (420%3 == 0) && (420!=3) ))
+ echo 420 3
+ srun -n3 --exclusive /hiskp4/gross/bachelorarbeit/mpiskalierung 420 0.5 mpiskalt05mitchargittern
srun: Warning: can't run 3 processes on 5 nodes, setting nnodes to 3
+ echo 420
+ (( proz+=1 ))
+ (( proz<=20 ))
+ (( (420%4 == 0) && (420!=4) ))
+ echo 420 4
+ srun -n4 --exclusive /hiskp4/gross/bachelorarbeit/mpiskalierung 420 0.5 mpiskalt05mitchargittern
srun: Warning: can't run 4 processes on 5 nodes, setting nnodes to 4
+ echo 420
+ (( proz+=1 ))
+ (( proz<=20 ))
+ (( (420%5 == 0) && (420!=5) ))
+ echo 420 5
+ srun -n5 --exclusive /hiskp4/gross/bachelorarbeit/mpiskalierung 420 0.5 mpiskalt05mitchargittern
srun: Warning: can't honor --ntasks-per-node set to 4 which doesn't match the requested tasks 5 with the number of requested nodes 5. Ignoring --ntasks-per-node.
+ echo 420
+ (( proz+=1 ))
+ (( proz<=20 ))
+ (( (420%6 == 0) && (420!=6) ))
+ echo 420 6
+ srun -n6 --exclusive /hiskp4/gross/bachelorarbeit/mpiskalierung 420 0.5 mpiskalt05mitchargittern
srun: Warning: can't honor --ntasks-per-node set to 4 which doesn't match the requested tasks 6 with the number of requested nodes 5. Ignoring --ntasks-per-node.
+ echo 420
+ (( proz+=1 ))
+ (( proz<=20 ))
+ (( (420%7 == 0) && (420!=7) ))
+ echo 420 7
+ srun -n7 --exclusive /hiskp4/gross/bachelorarbeit/mpiskalierung 420 0.5 mpiskalt05mitchargittern
srun: Warning: can't honor --ntasks-per-node set to 4 which doesn't match the requested tasks 7 with the number of requested nodes 5. Ignoring --ntasks-per-node.
+ echo 420
+ (( proz+=1 ))
+ (( proz<=20 ))
+ (( (420%8 == 0) && (420!=8) ))
+ (( proz+=1 ))
+ (( proz<=20 ))
+ (( (420%9 == 0) && (420!=9) ))
+ (( proz+=1 ))
+ (( proz<=20 ))
+ (( (420%10 == 0) && (420!=10) ))
+ echo 420 10
+ srun -n10 --exclusive /hiskp4/gross/bachelorarbeit/mpiskalierung 420 0.5 mpiskalt05mitchargittern
srun: Warning: can't honor --ntasks-per-node set to 4 which doesn't match the requested tasks 10 with the number of requested nodes 5. Ignoring --ntasks-per-node.
+ echo 420
+ (( proz+=1 ))
+ (( proz<=20 ))
+ (( (420%11 == 0) && (420!=11) ))
+ (( proz+=1 ))
+ (( proz<=20 ))
+ (( (420%12 == 0) && (420!=12) ))
+ echo 420 12
+ srun -n12 --exclusive /hiskp4/gross/bachelorarbeit/mpiskalierung 420 0.5 mpiskalt05mitchargittern
srun: Warning: can't honor --ntasks-per-node set to 4 which doesn't match the requested tasks 12 with the number of requested nodes 5. Ignoring --ntasks-per-node.
+ echo 420
+ (( proz+=1 ))
+ (( proz<=20 ))
+ (( (420%13 == 0) && (420!=13) ))
+ (( proz+=1 ))
+ (( proz<=20 ))
+ (( (420%14 == 0) && (420!=14) ))
+ echo 420 14
+ srun -n14 --exclusive /hiskp4/gross/bachelorarbeit/mpiskalierung 420 0.5 mpiskalt05mitchargittern
srun: Warning: can't honor --ntasks-per-node set to 4 which doesn't match the requested tasks 14 with the number of requested nodes 5. Ignoring --ntasks-per-node.
+ echo 420
+ (( proz+=1 ))
+ (( proz<=20 ))
+ (( (420%15 == 0) && (420!=15) ))
+ echo 420 15
+ srun -n15 --exclusive /hiskp4/gross/bachelorarbeit/mpiskalierung 420 0.5 mpiskalt05mitchargittern
srun: Warning: can't honor --ntasks-per-node set to 4 which doesn't match the requested tasks 15 with the number of requested nodes 5. Ignoring --ntasks-per-node.
+ echo 420
+ (( proz+=1 ))
+ (( proz<=20 ))
+ (( (420%16 == 0) && (420!=16) ))
+ (( proz+=1 ))
+ (( proz<=20 ))
+ (( (420%17 == 0) && (420!=17) ))
+ (( proz+=1 ))
+ (( proz<=20 ))
+ (( (420%18 == 0) && (420!=18) ))
+ (( proz+=1 ))
+ (( proz<=20 ))
+ (( (420%19 == 0) && (420!=19) ))
+ (( proz+=1 ))
+ (( proz<=20 ))
+ (( (420%20 == 0) && (420!=20) ))
+ echo 420 20
+ srun -n20 --exclusive /hiskp4/gross/bachelorarbeit/mpiskalierung 420 0.5 mpiskalt05mitchargittern
+ echo 420
+ (( proz+=1 ))
+ (( proz<=20 ))
+ cd -
