Fri Jul  3 22:26:34 CEST 2020 Waiting for 30 seconds before starting the job to allow the node to settle down
Fri Jul  3 22:27:04 CEST 2020 Waiting done, starting task!
Fri Jul  3 22:27:04 CEST 2020 Waiting for 30 seconds before starting the job to allow the node to settle down
Fri Jul  3 22:27:34 CEST 2020 Waiting done, starting task!
Ende array
0
bei T=0.050000 haben 10240 Messungen 0.533524 Sekunden gebraucht
2
bei T=0.250000 haben 10240 Messungen 0.485995 Sekunden gebraucht
4
bei T=0.450000 haben 10240 Messungen 0.484521 Sekunden gebraucht
6
bei T=0.650000 haben 10240 Messungen 0.491821 Sekunden gebraucht
8
bei T=0.850000 haben 10240 Messungen 0.487173 Sekunden gebraucht
10
bei T=1.050000 haben 10240 Messungen 0.486782 Sekunden gebraucht
12
bei T=1.250000 haben 10240 Messungen 0.505915 Sekunden gebraucht
14
bei T=1.450000 haben 10240 Messungen 0.530832 Sekunden gebraucht
16
bei T=1.650000 haben 10240 Messungen 0.541815 Sekunden gebraucht
18
bei T=1.850000 haben 10240 Messungen 0.569351 Sekunden gebraucht
20
bei T=2.000000 haben 10240 Messungen 0.625445 Sekunden gebraucht
22
bei T=2.016000 haben 10240 Messungen 0.608501 Sekunden gebraucht
24
bei T=2.032000 haben 10240 Messungen 0.598161 Sekunden gebraucht
26
bei T=2.048000 haben 10240 Messungen 0.611725 Sekunden gebraucht
28
bei T=2.064000 haben 10240 Messungen 0.628977 Sekunden gebraucht
30
bei T=2.080000 haben 10240 Messungen 0.657993 Sekunden gebraucht
32
bei T=2.096000 haben 10240 Messungen 0.638323 Sekunden gebraucht
34
bei T=2.112000 haben 10240 Messungen 0.746285 Sekunden gebraucht
36
bei T=2.128000 haben 10240 Messungen 0.649470 Sekunden gebraucht
38
bei T=2.144000 haben 10240 Messungen 0.688896 Sekunden gebraucht
40
bei T=2.160000 haben 10240 Messungen 0.707041 Sekunden gebraucht
42
bei T=2.176000 haben 10240 Messungen 0.703095 Sekunden gebraucht
44
bei T=2.192000 haben 10240 Messungen 0.708596 Sekunden gebraucht
46
bei T=2.208000 haben 10240 Messungen 0.730442 Sekunden gebraucht
48
bei T=2.224000 haben 10240 Messungen 0.773850 Sekunden gebraucht
50
bei T=2.228000 haben 10240 Messungen 0.772405 Sekunden gebraucht
52
bei T=2.232000 haben 10240 Messungen 0.784520 Sekunden gebraucht
54
bei T=2.236000 haben 10240 Messungen 0.760195 Sekunden gebraucht
56
bei T=2.240000 haben 10240 Messungen 0.715761 Sekunden gebraucht
58
bei T=2.244000 haben 10240 Messungen 0.732745 Sekunden gebraucht
60
bei T=2.248000 haben 10240 Messungen 0.723930 Sekunden gebraucht
62
bei T=2.252000 haben 10240 Messungen 0.704581 Sekunden gebraucht
64
bei T=2.256000 haben 10240 Messungen 0.712090 Sekunden gebraucht
66
bei T=2.260000 haben 10240 Messungen 0.780595 Sekunden gebraucht
68
bei T=2.264000 haben 10240 Messungen 0.780783 Sekunden gebraucht
70
bei T=2.268000 haben 10240 Messungen 0.665556 Sekunden gebraucht
72
bei T=2.272000 haben 10240 Messungen 0.811607 Sekunden gebraucht
74
bei T=2.276000 haben 10240 Messungen 0.781920 Sekunden gebraucht
76
bei T=2.280000 haben 10240 Messungen 0.780501 Sekunden gebraucht
78
bei T=2.284000 haben 10240 Messungen 0.786901 Sekunden gebraucht
80
bei T=2.288000 haben 10240 Messungen 0.813132 Sekunden gebraucht
82
bei T=2.292000 haben 10240 Messungen 0.736988 Sekunden gebraucht
84
bei T=2.296000 haben 10240 Messungen 0.684418 Sekunden gebraucht
86
bei T=2.300000 haben 10240 Messungen 0.680558 Sekunden gebraucht
88
bei T=2.304000 haben 10240 Messungen 0.809803 Sekunden gebraucht
90
bei T=2.308000 haben 10240 Messungen 0.707546 Sekunden gebraucht
92
bei T=2.312000 haben 10240 Messungen 0.765695 Sekunden gebraucht
94
bei T=2.316000 haben 10240 Messungen 0.775755 Sekunden gebraucht
96
bei T=2.320000 haben 10240 Messungen 0.773569 Sekunden gebraucht
98
bei T=2.324000 haben 10240 Messungen 0.750723 Sekunden gebraucht
100
bei T=2.328000 haben 10240 Messungen 0.755697 Sekunden gebraucht
102
bei T=2.332000 haben 10240 Messungen 0.767214 Sekunden gebraucht
104
bei T=2.336000 haben 10240 Messungen 0.788312 Sekunden gebraucht
106
bei T=2.340000 haben 10240 Messungen 0.789543 Sekunden gebraucht
108
bei T=2.344000 haben 10240 Messungen 0.820866 Sekunden gebraucht
110
bei T=2.348000 haben 10240 Messungen 0.790637 Sekunden gebraucht
112
bei T=2.352000 haben 10240 Messungen 0.771361 Sekunden gebraucht
114
bei T=2.356000 haben 10240 Messungen 0.866436 Sekunden gebraucht
116
bei T=2.360000 haben 10240 Messungen 0.712298 Sekunden gebraucht
118
bei T=2.364000 haben 10240 Messungen 0.657269 Sekunden gebraucht
120
bei T=2.368000 haben 10240 Messungen 0.680095 Sekunden gebraucht
122
bei T=2.372000 haben 10240 Messungen 0.710191 Sekunden gebraucht
124
bei T=2.376000 haben 10240 Messungen 0.686771 Sekunden gebraucht
126
bei T=2.380000 haben 10240 Messungen 0.649550 Sekunden gebraucht
128
bei T=2.384000 haben 10240 Messungen 0.771608 Sekunden gebraucht
130
bei T=2.388000 haben 10240 Messungen 0.842400 Sekunden gebraucht
132
bei T=2.392000 haben 10240 Messungen 0.845057 Sekunden gebraucht
134
bei T=2.396000 haben 10240 Messungen 0.834956 Sekunden gebraucht
136
bei T=2.400000 haben 10240 Messungen 0.823872 Sekunden gebraucht
138
bei T=2.416000 haben 10240 Messungen 0.827103 Sekunden gebraucht
140
bei T=2.432000 haben 10240 Messungen 0.861962 Sekunden gebraucht
142
bei T=2.448000 haben 10240 Messungen 0.810611 Sekunden gebraucht
144
bei T=2.464000 haben 10240 Messungen 0.812964 Sekunden gebraucht
146
bei T=2.480000 haben 10240 Messungen 0.814746 Sekunden gebraucht
148
bei T=2.496000 haben 10240 Messungen 0.789257 Sekunden gebraucht
150
bei T=2.512000 haben 10240 Messungen 0.820542 Sekunden gebraucht
152
bei T=2.528000 haben 10240 Messungen 0.807331 Sekunden gebraucht
154
bei T=2.544000 haben 10240 Messungen 0.839833 Sekunden gebraucht
156
bei T=2.560000 haben 10240 Messungen 0.843990 Sekunden gebraucht
158
bei T=2.576000 haben 10240 Messungen 0.822600 Sekunden gebraucht
160
bei T=2.592000 haben 10240 Messungen 0.752879 Sekunden gebraucht
162
bei T=2.608000 haben 10240 Messungen 0.803457 Sekunden gebraucht
164
bei T=2.624000 haben 10240 Messungen 0.768591 Sekunden gebraucht
166
bei T=2.640000 haben 10240 Messungen 0.803671 Sekunden gebraucht
168
bei T=2.656000 haben 10240 Messungen 0.841787 Sekunden gebraucht
170
bei T=2.672000 haben 10240 Messungen 0.798233 Sekunden gebraucht
172
bei T=2.688000 haben 10240 Messungen 0.766837 Sekunden gebraucht
174
bei T=2.704000 haben 10240 Messungen 0.870309 Sekunden gebraucht
176
bei T=2.720000 haben 10240 Messungen 0.796687 Sekunden gebraucht
178
bei T=2.736000 haben 10240 Messungen 0.712143 Sekunden gebraucht
180
bei T=2.752000 haben 10240 Messungen 0.887160 Sekunden gebraucht
182
bei T=2.792000 haben 10240 Messungen 0.876580 Sekunden gebraucht
184
bei T=2.856000 haben 10240 Messungen 0.809013 Sekunden gebraucht
186
bei T=2.920000 haben 10240 Messungen 0.861443 Sekunden gebraucht
188
bei T=2.984000 haben 10240 Messungen 0.887488 Sekunden gebraucht
190
bei T=3.048000 haben 10240 Messungen 0.876771 Sekunden gebraucht
192
bei T=3.112000 haben 10240 Messungen 0.913590 Sekunden gebraucht
194
bei T=3.176000 haben 10240 Messungen 0.824535 Sekunden gebraucht
196
bei T=3.240000 haben 10240 Messungen 0.799350 Sekunden gebraucht
198
bei T=3.304000 haben 10240 Messungen 0.792668 Sekunden gebraucht
200
bei T=3.368000 haben 10240 Messungen 0.868020 Sekunden gebraucht
202
bei T=3.432000 haben 10240 Messungen 0.860546 Sekunden gebraucht
204
bei T=3.496000 haben 10240 Messungen 0.892865 Sekunden gebraucht
206
bei T=3.560000 haben 10240 Messungen 0.922991 Sekunden gebraucht
208
bei T=3.624000 haben 10240 Messungen 0.780311 Sekunden gebraucht
Insgesamt hat das Messen 78.369803 Sekunden gebraucht
Insgesamt hat das Bootstrapping 68.188046 Sekunden gebraucht
Insgesamt hat das Programm 274.482696 Sekunden gebraucht
/hiskp4/gross/bachelorarbeit
