Thu Jul  2 21:15:50 CEST 2020 Waiting for 30 seconds before starting the job to allow the node to settle down
Thu Jul  2 21:16:20 CEST 2020 Waiting done, starting task!
Thu Jul  2 21:16:20 CEST 2020 Waiting for 30 seconds before starting the job to allow the node to settle down
Thu Jul  2 21:16:50 CEST 2020 Waiting done, starting task!
Ende array
0
bei T=0.100000 haben 10240 Messungen 3.110790 Sekunden gebraucht
1
bei T=0.300000 haben 10240 Messungen 3.206825 Sekunden gebraucht
2
bei T=0.500000 haben 10240 Messungen 3.129032 Sekunden gebraucht
3
bei T=0.700000 haben 10240 Messungen 2.987835 Sekunden gebraucht
4
bei T=0.900000 haben 10240 Messungen 3.008300 Sekunden gebraucht
5
bei T=1.100000 haben 10240 Messungen 3.452172 Sekunden gebraucht
6
bei T=1.300000 haben 10240 Messungen 3.335001 Sekunden gebraucht
7
bei T=1.500000 haben 10240 Messungen 2.012390 Sekunden gebraucht
8
bei T=1.700000 haben 10240 Messungen 3.088670 Sekunden gebraucht
9
bei T=1.900000 haben 10240 Messungen 3.248164 Sekunden gebraucht
10
bei T=2.000000 haben 10240 Messungen 3.428834 Sekunden gebraucht
11
bei T=2.008000 haben 10240 Messungen 3.461694 Sekunden gebraucht
12
bei T=2.016000 haben 10240 Messungen 3.370583 Sekunden gebraucht
13
bei T=2.024000 haben 10240 Messungen 3.842537 Sekunden gebraucht
14
bei T=2.032000 haben 10240 Messungen 3.499202 Sekunden gebraucht
15
bei T=2.040000 haben 10240 Messungen 3.474595 Sekunden gebraucht
16
bei T=2.048000 haben 10240 Messungen 3.259865 Sekunden gebraucht
17
bei T=2.056000 haben 10240 Messungen 3.574118 Sekunden gebraucht
18
bei T=2.064000 haben 10240 Messungen 3.526982 Sekunden gebraucht
19
bei T=2.072000 haben 10240 Messungen 3.777658 Sekunden gebraucht
20
bei T=2.080000 haben 10240 Messungen 3.615450 Sekunden gebraucht
21
bei T=2.088000 haben 10240 Messungen 3.796200 Sekunden gebraucht
22
bei T=2.096000 haben 10240 Messungen 3.783969 Sekunden gebraucht
23
bei T=2.104000 haben 10240 Messungen 3.698355 Sekunden gebraucht
24
bei T=2.112000 haben 10240 Messungen 3.793069 Sekunden gebraucht
25
bei T=2.120000 haben 10240 Messungen 3.344912 Sekunden gebraucht
26
bei T=2.128000 haben 10240 Messungen 3.359071 Sekunden gebraucht
27
bei T=2.136000 haben 10240 Messungen 3.418530 Sekunden gebraucht
28
bei T=2.144000 haben 10240 Messungen 3.642792 Sekunden gebraucht
29
bei T=2.152000 haben 10240 Messungen 3.563785 Sekunden gebraucht
30
bei T=2.160000 haben 10240 Messungen 3.630915 Sekunden gebraucht
31
bei T=2.168000 haben 10240 Messungen 3.548645 Sekunden gebraucht
32
bei T=2.176000 haben 10240 Messungen 3.620874 Sekunden gebraucht
33
bei T=2.184000 haben 10240 Messungen 3.626397 Sekunden gebraucht
34
bei T=2.192000 haben 10240 Messungen 3.681278 Sekunden gebraucht
35
bei T=2.200000 haben 10240 Messungen 3.669607 Sekunden gebraucht
36
bei T=2.202000 haben 10240 Messungen 3.648743 Sekunden gebraucht
37
bei T=2.204000 haben 10240 Messungen 3.919630 Sekunden gebraucht
38
bei T=2.206000 haben 10240 Messungen 3.935571 Sekunden gebraucht
39
bei T=2.208000 haben 10240 Messungen 3.953253 Sekunden gebraucht
40
bei T=2.210000 haben 10240 Messungen 3.337154 Sekunden gebraucht
41
bei T=2.212000 haben 10240 Messungen 3.577112 Sekunden gebraucht
42
bei T=2.214000 haben 10240 Messungen 3.642423 Sekunden gebraucht
43
bei T=2.216000 haben 10240 Messungen 3.638537 Sekunden gebraucht
44
bei T=2.218000 haben 10240 Messungen 3.543776 Sekunden gebraucht
45
bei T=2.220000 haben 10240 Messungen 3.844766 Sekunden gebraucht
46
bei T=2.222000 haben 10240 Messungen 3.813743 Sekunden gebraucht
47
bei T=2.224000 haben 10240 Messungen 3.950238 Sekunden gebraucht
48
bei T=2.226000 haben 10240 Messungen 3.857600 Sekunden gebraucht
49
bei T=2.228000 haben 10240 Messungen 3.775275 Sekunden gebraucht
50
bei T=2.230000 haben 10240 Messungen 3.734865 Sekunden gebraucht
51
bei T=2.232000 haben 10240 Messungen 3.623300 Sekunden gebraucht
52
bei T=2.234000 haben 10240 Messungen 3.329002 Sekunden gebraucht
53
bei T=2.236000 haben 10240 Messungen 3.658848 Sekunden gebraucht
54
bei T=2.238000 haben 10240 Messungen 4.027911 Sekunden gebraucht
55
bei T=2.240000 haben 10240 Messungen 3.962777 Sekunden gebraucht
56
bei T=2.242000 haben 10240 Messungen 3.933373 Sekunden gebraucht
57
bei T=2.244000 haben 10240 Messungen 3.941577 Sekunden gebraucht
58
bei T=2.246000 haben 10240 Messungen 3.842362 Sekunden gebraucht
59
bei T=2.248000 haben 10240 Messungen 3.651622 Sekunden gebraucht
60
bei T=2.250000 haben 10240 Messungen 3.589022 Sekunden gebraucht
61
bei T=2.252000 haben 10240 Messungen 3.534536 Sekunden gebraucht
62
bei T=2.254000 haben 10240 Messungen 3.494187 Sekunden gebraucht
63
bei T=2.256000 haben 10240 Messungen 3.569535 Sekunden gebraucht
64
bei T=2.258000 haben 10240 Messungen 3.262024 Sekunden gebraucht
65
bei T=2.260000 haben 10240 Messungen 3.405429 Sekunden gebraucht
66
bei T=2.262000 haben 10240 Messungen 3.658786 Sekunden gebraucht
67
bei T=2.264000 haben 10240 Messungen 3.894737 Sekunden gebraucht
68
bei T=2.266000 haben 10240 Messungen 4.006926 Sekunden gebraucht
69
bei T=2.268000 haben 10240 Messungen 3.919366 Sekunden gebraucht
70
bei T=2.270000 haben 10240 Messungen 3.928429 Sekunden gebraucht
71
bei T=2.272000 haben 10240 Messungen 3.918587 Sekunden gebraucht
72
bei T=2.274000 haben 10240 Messungen 3.885583 Sekunden gebraucht
73
bei T=2.276000 haben 10240 Messungen 3.546852 Sekunden gebraucht
74
bei T=2.278000 haben 10240 Messungen 3.540645 Sekunden gebraucht
75
bei T=2.280000 haben 10240 Messungen 3.482865 Sekunden gebraucht
76
bei T=2.282000 haben 10240 Messungen 3.521327 Sekunden gebraucht
77
bei T=2.284000 haben 10240 Messungen 3.666073 Sekunden gebraucht
78
bei T=2.286000 haben 10240 Messungen 3.481976 Sekunden gebraucht
79
bei T=2.288000 haben 10240 Messungen 3.747515 Sekunden gebraucht
80
bei T=2.290000 haben 10240 Messungen 3.749139 Sekunden gebraucht
81
bei T=2.292000 haben 10240 Messungen 3.978397 Sekunden gebraucht
82
bei T=2.294000 haben 10240 Messungen 3.904624 Sekunden gebraucht
83
bei T=2.296000 haben 10240 Messungen 3.871034 Sekunden gebraucht
84
bei T=2.298000 haben 10240 Messungen 3.926059 Sekunden gebraucht
85
bei T=2.300000 haben 10240 Messungen 3.919431 Sekunden gebraucht
86
bei T=2.302000 haben 10240 Messungen 3.966093 Sekunden gebraucht
87
bei T=2.304000 haben 10240 Messungen 3.947765 Sekunden gebraucht
88
bei T=2.306000 haben 10240 Messungen 3.703059 Sekunden gebraucht
89
bei T=2.308000 haben 10240 Messungen 3.693702 Sekunden gebraucht
90
bei T=2.310000 haben 10240 Messungen 3.670187 Sekunden gebraucht
91
bei T=2.312000 haben 10240 Messungen 3.708153 Sekunden gebraucht
92
bei T=2.314000 haben 10240 Messungen 3.569202 Sekunden gebraucht
93
bei T=2.316000 haben 10240 Messungen 3.574211 Sekunden gebraucht
94
bei T=2.318000 haben 10240 Messungen 3.581276 Sekunden gebraucht
95
bei T=2.320000 haben 10240 Messungen 3.645804 Sekunden gebraucht
96
bei T=2.322000 haben 10240 Messungen 3.677404 Sekunden gebraucht
97
bei T=2.324000 haben 10240 Messungen 3.675695 Sekunden gebraucht
98
bei T=2.326000 haben 10240 Messungen 3.659915 Sekunden gebraucht
99
bei T=2.328000 haben 10240 Messungen 3.596100 Sekunden gebraucht
100
bei T=2.330000 haben 10240 Messungen 3.599933 Sekunden gebraucht
101
bei T=2.332000 haben 10240 Messungen 3.659201 Sekunden gebraucht
102
bei T=2.334000 haben 10240 Messungen 3.542922 Sekunden gebraucht
103
bei T=2.336000 haben 10240 Messungen 3.428336 Sekunden gebraucht
104
bei T=2.338000 haben 10240 Messungen 3.468007 Sekunden gebraucht
105
bei T=2.340000 haben 10240 Messungen 3.619169 Sekunden gebraucht
106
bei T=2.342000 haben 10240 Messungen 3.575132 Sekunden gebraucht
107
bei T=2.344000 haben 10240 Messungen 3.950339 Sekunden gebraucht
108
bei T=2.346000 haben 10240 Messungen 3.916028 Sekunden gebraucht
109
bei T=2.348000 haben 10240 Messungen 3.542008 Sekunden gebraucht
110
bei T=2.350000 haben 10240 Messungen 3.594944 Sekunden gebraucht
111
bei T=2.352000 haben 10240 Messungen 3.781387 Sekunden gebraucht
112
bei T=2.354000 haben 10240 Messungen 3.771932 Sekunden gebraucht
113
bei T=2.356000 haben 10240 Messungen 3.636500 Sekunden gebraucht
114
bei T=2.358000 haben 10240 Messungen 3.589191 Sekunden gebraucht
115
bei T=2.360000 haben 10240 Messungen 3.971617 Sekunden gebraucht
116
bei T=2.362000 haben 10240 Messungen 4.029225 Sekunden gebraucht
117
bei T=2.364000 haben 10240 Messungen 3.900881 Sekunden gebraucht
118
bei T=2.366000 haben 10240 Messungen 4.092669 Sekunden gebraucht
119
bei T=2.368000 haben 10240 Messungen 3.974132 Sekunden gebraucht
120
bei T=2.370000 haben 10240 Messungen 3.656206 Sekunden gebraucht
121
bei T=2.372000 haben 10240 Messungen 3.601775 Sekunden gebraucht
122
bei T=2.374000 haben 10240 Messungen 3.690556 Sekunden gebraucht
123
bei T=2.376000 haben 10240 Messungen 3.524028 Sekunden gebraucht
124
bei T=2.378000 haben 10240 Messungen 3.545975 Sekunden gebraucht
125
bei T=2.380000 haben 10240 Messungen 3.966106 Sekunden gebraucht
126
bei T=2.382000 haben 10240 Messungen 3.493517 Sekunden gebraucht
127
bei T=2.384000 haben 10240 Messungen 3.775050 Sekunden gebraucht
128
bei T=2.386000 haben 10240 Messungen 4.015311 Sekunden gebraucht
129
bei T=2.388000 haben 10240 Messungen 4.015497 Sekunden gebraucht
130
bei T=2.390000 haben 10240 Messungen 3.591269 Sekunden gebraucht
131
bei T=2.392000 haben 10240 Messungen 3.565716 Sekunden gebraucht
132
bei T=2.394000 haben 10240 Messungen 4.012492 Sekunden gebraucht
133
bei T=2.396000 haben 10240 Messungen 3.984139 Sekunden gebraucht
134
bei T=2.398000 haben 10240 Messungen 3.462163 Sekunden gebraucht
135
bei T=2.400000 haben 10240 Messungen 3.424420 Sekunden gebraucht
136
bei T=2.408000 haben 10240 Messungen 3.546223 Sekunden gebraucht
137
bei T=2.416000 haben 10240 Messungen 3.499777 Sekunden gebraucht
138
bei T=2.424000 haben 10240 Messungen 4.005245 Sekunden gebraucht
139
bei T=2.432000 haben 10240 Messungen 4.081512 Sekunden gebraucht
140
bei T=2.440000 haben 10240 Messungen 3.796582 Sekunden gebraucht
141
bei T=2.448000 haben 10240 Messungen 3.813844 Sekunden gebraucht
142
bei T=2.456000 haben 10240 Messungen 3.575547 Sekunden gebraucht
143
bei T=2.464000 haben 10240 Messungen 3.668045 Sekunden gebraucht
144
bei T=2.472000 haben 10240 Messungen 3.750748 Sekunden gebraucht
145
bei T=2.480000 haben 10240 Messungen 2.194109 Sekunden gebraucht
146
bei T=2.488000 haben 10240 Messungen 2.211605 Sekunden gebraucht
147
bei T=2.496000 haben 10240 Messungen 2.230186 Sekunden gebraucht
148
bei T=2.504000 haben 10240 Messungen 2.201762 Sekunden gebraucht
149
bei T=2.512000 haben 10240 Messungen 2.257379 Sekunden gebraucht
150
bei T=2.520000 haben 10240 Messungen 2.212648 Sekunden gebraucht
151
bei T=2.528000 haben 10240 Messungen 2.212972 Sekunden gebraucht
152
bei T=2.536000 haben 10240 Messungen 4.077731 Sekunden gebraucht
153
bei T=2.544000 haben 10240 Messungen 4.101411 Sekunden gebraucht
154
bei T=2.552000 haben 10240 Messungen 4.083891 Sekunden gebraucht
155
bei T=2.560000 haben 10240 Messungen 4.163442 Sekunden gebraucht
156
bei T=2.568000 haben 10240 Messungen 4.129130 Sekunden gebraucht
157
bei T=2.576000 haben 10240 Messungen 3.837728 Sekunden gebraucht
158
bei T=2.584000 haben 10240 Messungen 3.803811 Sekunden gebraucht
159
bei T=2.592000 haben 10240 Messungen 3.618514 Sekunden gebraucht
160
bei T=2.600000 haben 10240 Messungen 3.529101 Sekunden gebraucht
161
bei T=2.608000 haben 10240 Messungen 3.554365 Sekunden gebraucht
162
bei T=2.616000 haben 10240 Messungen 3.625409 Sekunden gebraucht
163
bei T=2.624000 haben 10240 Messungen 3.718900 Sekunden gebraucht
164
bei T=2.632000 haben 10240 Messungen 3.771966 Sekunden gebraucht
165
bei T=2.640000 haben 10240 Messungen 3.692021 Sekunden gebraucht
166
bei T=2.648000 haben 10240 Messungen 3.811524 Sekunden gebraucht
167
bei T=2.656000 haben 10240 Messungen 3.827972 Sekunden gebraucht
168
bei T=2.664000 haben 10240 Messungen 3.797914 Sekunden gebraucht
169
bei T=2.672000 haben 10240 Messungen 3.772519 Sekunden gebraucht
170
bei T=2.680000 haben 10240 Messungen 3.758329 Sekunden gebraucht
171
bei T=2.688000 haben 10240 Messungen 3.649769 Sekunden gebraucht
172
bei T=2.696000 haben 10240 Messungen 3.651965 Sekunden gebraucht
173
bei T=2.704000 haben 10240 Messungen 4.050104 Sekunden gebraucht
174
bei T=2.712000 haben 10240 Messungen 3.718349 Sekunden gebraucht
175
bei T=2.800000 haben 10240 Messungen 3.797054 Sekunden gebraucht
176
bei T=2.820000 haben 10240 Messungen 3.853552 Sekunden gebraucht
177
bei T=2.840000 haben 10240 Messungen 3.930166 Sekunden gebraucht
178
bei T=2.860000 haben 10240 Messungen 3.510133 Sekunden gebraucht
179
bei T=2.880000 haben 10240 Messungen 3.860995 Sekunden gebraucht
180
bei T=2.900000 haben 10240 Messungen 3.950966 Sekunden gebraucht
181
bei T=2.920000 haben 10240 Messungen 3.746627 Sekunden gebraucht
182
bei T=2.940000 haben 10240 Messungen 3.909890 Sekunden gebraucht
183
bei T=2.960000 haben 10240 Messungen 4.142094 Sekunden gebraucht
184
bei T=2.980000 haben 10240 Messungen 4.358420 Sekunden gebraucht
185
bei T=3.000000 haben 10240 Messungen 4.214907 Sekunden gebraucht
186
bei T=3.020000 haben 10240 Messungen 4.088103 Sekunden gebraucht
187
bei T=3.040000 haben 10240 Messungen 4.175919 Sekunden gebraucht
188
bei T=3.060000 haben 10240 Messungen 3.997285 Sekunden gebraucht
189
bei T=3.080000 haben 10240 Messungen 3.699212 Sekunden gebraucht
190
bei T=3.100000 haben 10240 Messungen 3.618737 Sekunden gebraucht
191
bei T=3.120000 haben 10240 Messungen 3.974760 Sekunden gebraucht
192
bei T=3.140000 haben 10240 Messungen 3.686144 Sekunden gebraucht
193
bei T=3.160000 haben 10240 Messungen 3.946038 Sekunden gebraucht
194
bei T=3.180000 haben 10240 Messungen 3.685519 Sekunden gebraucht
195
bei T=3.200000 haben 10240 Messungen 3.641775 Sekunden gebraucht
196
bei T=3.220000 haben 10240 Messungen 4.003536 Sekunden gebraucht
197
bei T=3.240000 haben 10240 Messungen 4.003393 Sekunden gebraucht
198
bei T=3.260000 haben 10240 Messungen 3.980378 Sekunden gebraucht
199
bei T=3.280000 haben 10240 Messungen 3.663361 Sekunden gebraucht
200
bei T=3.300000 haben 10240 Messungen 4.383337 Sekunden gebraucht
201
bei T=3.320000 haben 10240 Messungen 4.146995 Sekunden gebraucht
202
bei T=3.340000 haben 10240 Messungen 4.262997 Sekunden gebraucht
203
bei T=3.360000 haben 10240 Messungen 3.938634 Sekunden gebraucht
204
bei T=3.380000 haben 10240 Messungen 3.804981 Sekunden gebraucht
205
bei T=3.400000 haben 10240 Messungen 4.025632 Sekunden gebraucht
206
bei T=3.420000 haben 10240 Messungen 3.960980 Sekunden gebraucht
207
bei T=3.440000 haben 10240 Messungen 3.924640 Sekunden gebraucht
208
bei T=3.460000 haben 10240 Messungen 3.806305 Sekunden gebraucht
209
bei T=3.480000 haben 10240 Messungen 3.667704 Sekunden gebraucht
Insgesamt hat das Messen 770.137195 Sekunden gebraucht
Insgesamt hat das Bootstrapping 141.810917 Sekunden gebraucht
Insgesamt hat das Programm 2284.949192 Sekunden gebraucht
/hiskp4/gross/bachelorarbeit
