Thu Jun 18 17:01:03 CEST 2020 Waiting for 30 seconds before starting the job to allow the node to settle down
Thu Jun 18 17:01:33 CEST 2020 Waiting done, starting task!
Thu Jun 18 17:01:33 CEST 2020 Waiting for 30 seconds before starting the job to allow the node to settle down
Thu Jun 18 17:02:03 CEST 2020 Waiting done, starting task!
bei T=0.010000 hat das Bootstrapping 7.838343 Sekunden gebraucht
bei T=0.020000 hat das Bootstrapping 8.210661 Sekunden gebraucht
bei T=0.030000 hat das Bootstrapping 7.757783 Sekunden gebraucht
bei T=0.040000 hat das Bootstrapping 7.830176 Sekunden gebraucht
bei T=0.050000 hat das Bootstrapping 7.808734 Sekunden gebraucht
bei T=0.060000 hat das Bootstrapping 7.971423 Sekunden gebraucht
bei T=0.070000 hat das Bootstrapping 7.801603 Sekunden gebraucht
bei T=0.080000 hat das Bootstrapping 7.787089 Sekunden gebraucht
bei T=0.090000 hat das Bootstrapping 7.799121 Sekunden gebraucht
bei T=0.100000 hat das Bootstrapping 7.877294 Sekunden gebraucht
bei T=0.110000 hat das Bootstrapping 7.841507 Sekunden gebraucht
bei T=0.120000 hat das Bootstrapping 7.753681 Sekunden gebraucht
bei T=0.130000 hat das Bootstrapping 7.794850 Sekunden gebraucht
bei T=0.140000 hat das Bootstrapping 7.732369 Sekunden gebraucht
bei T=0.150000 hat das Bootstrapping 7.768897 Sekunden gebraucht
bei T=0.160000 hat das Bootstrapping 7.804748 Sekunden gebraucht
bei T=0.170000 hat das Bootstrapping 7.810253 Sekunden gebraucht
bei T=0.180000 hat das Bootstrapping 7.803438 Sekunden gebraucht
bei T=0.190000 hat das Bootstrapping 7.771733 Sekunden gebraucht
bei T=0.200000 hat das Bootstrapping 7.782118 Sekunden gebraucht
bei T=0.210000 hat das Bootstrapping 7.822313 Sekunden gebraucht
bei T=0.220000 hat das Bootstrapping 7.798053 Sekunden gebraucht
bei T=0.230000 hat das Bootstrapping 7.871106 Sekunden gebraucht
bei T=0.240000 hat das Bootstrapping 7.796271 Sekunden gebraucht
bei T=0.250000 hat das Bootstrapping 7.828957 Sekunden gebraucht
bei T=0.260000 hat das Bootstrapping 7.838610 Sekunden gebraucht
bei T=0.270000 hat das Bootstrapping 8.034047 Sekunden gebraucht
bei T=0.280000 hat das Bootstrapping 7.966423 Sekunden gebraucht
bei T=0.290000 hat das Bootstrapping 7.842481 Sekunden gebraucht
bei T=0.300000 hat das Bootstrapping 7.864230 Sekunden gebraucht
bei T=0.310000 hat das Bootstrapping 7.816687 Sekunden gebraucht
bei T=0.320000 hat das Bootstrapping 7.815271 Sekunden gebraucht
bei T=0.330000 hat das Bootstrapping 7.794179 Sekunden gebraucht
bei T=0.340000 hat das Bootstrapping 7.807766 Sekunden gebraucht
bei T=0.350000 hat das Bootstrapping 7.811898 Sekunden gebraucht
bei T=0.360000 hat das Bootstrapping 8.069996 Sekunden gebraucht
bei T=0.370000 hat das Bootstrapping 7.812605 Sekunden gebraucht
bei T=0.380000 hat das Bootstrapping 7.788525 Sekunden gebraucht
bei T=0.390000 hat das Bootstrapping 7.753338 Sekunden gebraucht
bei T=0.400000 hat das Bootstrapping 7.865261 Sekunden gebraucht
bei T=0.410000 hat das Bootstrapping 7.774660 Sekunden gebraucht
bei T=0.420000 hat das Bootstrapping 7.754468 Sekunden gebraucht
bei T=0.430000 hat das Bootstrapping 7.754094 Sekunden gebraucht
bei T=0.440000 hat das Bootstrapping 7.794194 Sekunden gebraucht
bei T=0.450000 hat das Bootstrapping 7.794427 Sekunden gebraucht
bei T=0.460000 hat das Bootstrapping 7.794390 Sekunden gebraucht
bei T=0.470000 hat das Bootstrapping 7.790633 Sekunden gebraucht
bei T=0.480000 hat das Bootstrapping 7.855512 Sekunden gebraucht
bei T=0.490000 hat das Bootstrapping 7.811483 Sekunden gebraucht
bei T=0.500000 hat das Bootstrapping 7.770806 Sekunden gebraucht
bei T=0.510000 hat das Bootstrapping 7.930991 Sekunden gebraucht
bei T=0.520000 hat das Bootstrapping 7.778496 Sekunden gebraucht
bei T=0.530000 hat das Bootstrapping 7.824978 Sekunden gebraucht
bei T=0.540000 hat das Bootstrapping 7.713010 Sekunden gebraucht
bei T=0.550000 hat das Bootstrapping 7.728064 Sekunden gebraucht
bei T=0.560000 hat das Bootstrapping 7.762738 Sekunden gebraucht
bei T=0.570000 hat das Bootstrapping 7.760676 Sekunden gebraucht
bei T=0.580000 hat das Bootstrapping 7.835256 Sekunden gebraucht
bei T=0.590000 hat das Bootstrapping 7.828851 Sekunden gebraucht
bei T=0.600000 hat das Bootstrapping 7.730679 Sekunden gebraucht
bei T=0.610000 hat das Bootstrapping 7.783747 Sekunden gebraucht
bei T=0.620000 hat das Bootstrapping 7.735754 Sekunden gebraucht
bei T=0.630000 hat das Bootstrapping 7.732724 Sekunden gebraucht
bei T=0.640000 hat das Bootstrapping 7.733624 Sekunden gebraucht
bei T=0.650000 hat das Bootstrapping 7.757395 Sekunden gebraucht
bei T=0.660000 hat das Bootstrapping 7.739973 Sekunden gebraucht
bei T=0.670000 hat das Bootstrapping 7.793893 Sekunden gebraucht
bei T=0.680000 hat das Bootstrapping 7.743248 Sekunden gebraucht
bei T=0.690000 hat das Bootstrapping 7.731714 Sekunden gebraucht
bei T=0.700000 hat das Bootstrapping 7.775415 Sekunden gebraucht
bei T=0.710000 hat das Bootstrapping 7.763089 Sekunden gebraucht
bei T=0.720000 hat das Bootstrapping 7.721064 Sekunden gebraucht
bei T=0.730000 hat das Bootstrapping 7.791054 Sekunden gebraucht
bei T=0.740000 hat das Bootstrapping 7.876181 Sekunden gebraucht
bei T=0.750000 hat das Bootstrapping 7.886511 Sekunden gebraucht
bei T=0.760000 hat das Bootstrapping 7.720695 Sekunden gebraucht
bei T=0.770000 hat das Bootstrapping 7.768191 Sekunden gebraucht
bei T=0.780000 hat das Bootstrapping 7.913297 Sekunden gebraucht
bei T=0.790000 hat das Bootstrapping 7.771800 Sekunden gebraucht
bei T=0.800000 hat das Bootstrapping 7.761304 Sekunden gebraucht
bei T=0.810000 hat das Bootstrapping 7.766579 Sekunden gebraucht
bei T=0.820000 hat das Bootstrapping 7.802806 Sekunden gebraucht
bei T=0.830000 hat das Bootstrapping 7.760341 Sekunden gebraucht
bei T=0.840000 hat das Bootstrapping 7.737514 Sekunden gebraucht
bei T=0.850000 hat das Bootstrapping 7.793638 Sekunden gebraucht
bei T=0.860000 hat das Bootstrapping 7.803274 Sekunden gebraucht
bei T=0.870000 hat das Bootstrapping 7.803280 Sekunden gebraucht
bei T=0.880000 hat das Bootstrapping 7.973653 Sekunden gebraucht
bei T=0.890000 hat das Bootstrapping 7.752935 Sekunden gebraucht
bei T=0.900000 hat das Bootstrapping 7.811930 Sekunden gebraucht
bei T=0.910000 hat das Bootstrapping 7.826213 Sekunden gebraucht
bei T=0.920000 hat das Bootstrapping 7.767005 Sekunden gebraucht
bei T=0.930000 hat das Bootstrapping 7.812416 Sekunden gebraucht
bei T=0.940000 hat das Bootstrapping 8.090129 Sekunden gebraucht
bei T=0.950000 hat das Bootstrapping 7.835758 Sekunden gebraucht
bei T=0.960000 hat das Bootstrapping 7.767709 Sekunden gebraucht
bei T=0.970000 hat das Bootstrapping 7.774782 Sekunden gebraucht
bei T=0.980000 hat das Bootstrapping 7.745157 Sekunden gebraucht
bei T=0.990000 hat das Bootstrapping 7.792888 Sekunden gebraucht
bei T=1.000000 hat das Bootstrapping 7.816235 Sekunden gebraucht
bei T=1.010000 hat das Bootstrapping 7.762447 Sekunden gebraucht
bei T=1.020000 hat das Bootstrapping 7.790175 Sekunden gebraucht
bei T=1.030000 hat das Bootstrapping 7.757810 Sekunden gebraucht
bei T=1.040000 hat das Bootstrapping 7.976952 Sekunden gebraucht
bei T=1.050000 hat das Bootstrapping 7.847596 Sekunden gebraucht
bei T=1.060000 hat das Bootstrapping 7.763062 Sekunden gebraucht
bei T=1.070000 hat das Bootstrapping 7.876172 Sekunden gebraucht
bei T=1.080000 hat das Bootstrapping 8.027326 Sekunden gebraucht
bei T=1.090000 hat das Bootstrapping 7.788644 Sekunden gebraucht
bei T=1.100000 hat das Bootstrapping 7.873323 Sekunden gebraucht
bei T=1.110000 hat das Bootstrapping 7.767670 Sekunden gebraucht
bei T=1.120000 hat das Bootstrapping 7.797967 Sekunden gebraucht
bei T=1.130000 hat das Bootstrapping 7.885173 Sekunden gebraucht
bei T=1.140000 hat das Bootstrapping 7.850741 Sekunden gebraucht
bei T=1.150000 hat das Bootstrapping 7.800520 Sekunden gebraucht
bei T=1.160000 hat das Bootstrapping 8.012603 Sekunden gebraucht
bei T=1.170000 hat das Bootstrapping 7.845255 Sekunden gebraucht
bei T=1.180000 hat das Bootstrapping 7.830981 Sekunden gebraucht
bei T=1.190000 hat das Bootstrapping 7.807088 Sekunden gebraucht
bei T=1.200000 hat das Bootstrapping 7.860889 Sekunden gebraucht
bei T=1.210000 hat das Bootstrapping 7.841291 Sekunden gebraucht
bei T=1.220000 hat das Bootstrapping 7.847657 Sekunden gebraucht
bei T=1.230000 hat das Bootstrapping 7.893183 Sekunden gebraucht
bei T=1.240000 hat das Bootstrapping 7.741825 Sekunden gebraucht
bei T=1.250000 hat das Bootstrapping 7.808547 Sekunden gebraucht
bei T=1.260000 hat das Bootstrapping 7.797171 Sekunden gebraucht
bei T=1.270000 hat das Bootstrapping 7.808189 Sekunden gebraucht
bei T=1.280000 hat das Bootstrapping 7.802949 Sekunden gebraucht
bei T=1.290000 hat das Bootstrapping 7.771852 Sekunden gebraucht
bei T=1.300000 hat das Bootstrapping 7.789131 Sekunden gebraucht
bei T=1.310000 hat das Bootstrapping 7.812016 Sekunden gebraucht
bei T=1.320000 hat das Bootstrapping 7.759549 Sekunden gebraucht
bei T=1.330000 hat das Bootstrapping 7.800378 Sekunden gebraucht
bei T=1.340000 hat das Bootstrapping 7.775231 Sekunden gebraucht
bei T=1.350000 hat das Bootstrapping 7.814820 Sekunden gebraucht
bei T=1.360000 hat das Bootstrapping 7.787381 Sekunden gebraucht
bei T=1.370000 hat das Bootstrapping 7.775097 Sekunden gebraucht
bei T=1.380000 hat das Bootstrapping 7.779960 Sekunden gebraucht
bei T=1.390000 hat das Bootstrapping 7.826877 Sekunden gebraucht
bei T=1.400000 hat das Bootstrapping 7.757206 Sekunden gebraucht
bei T=1.410000 hat das Bootstrapping 7.811860 Sekunden gebraucht
bei T=1.420000 hat das Bootstrapping 7.818359 Sekunden gebraucht
bei T=1.430000 hat das Bootstrapping 7.802922 Sekunden gebraucht
bei T=1.440000 hat das Bootstrapping 7.735442 Sekunden gebraucht
bei T=1.450000 hat das Bootstrapping 7.763312 Sekunden gebraucht
bei T=1.460000 hat das Bootstrapping 7.760861 Sekunden gebraucht
bei T=1.470000 hat das Bootstrapping 7.791397 Sekunden gebraucht
bei T=1.480000 hat das Bootstrapping 7.714296 Sekunden gebraucht
bei T=1.490000 hat das Bootstrapping 7.834411 Sekunden gebraucht
bei T=1.500000 hat das Bootstrapping 7.816118 Sekunden gebraucht
bei T=1.510000 hat das Bootstrapping 7.826308 Sekunden gebraucht
bei T=1.520000 hat das Bootstrapping 7.748612 Sekunden gebraucht
bei T=1.530000 hat das Bootstrapping 7.769580 Sekunden gebraucht
bei T=1.540000 hat das Bootstrapping 7.753551 Sekunden gebraucht
bei T=1.550000 hat das Bootstrapping 7.748465 Sekunden gebraucht
bei T=1.560000 hat das Bootstrapping 7.710875 Sekunden gebraucht
bei T=1.570000 hat das Bootstrapping 7.778432 Sekunden gebraucht
bei T=1.580000 hat das Bootstrapping 7.775259 Sekunden gebraucht
bei T=1.590000 hat das Bootstrapping 7.855310 Sekunden gebraucht
bei T=1.600000 hat das Bootstrapping 7.745164 Sekunden gebraucht
bei T=1.610000 hat das Bootstrapping 7.833251 Sekunden gebraucht
bei T=1.620000 hat das Bootstrapping 7.853576 Sekunden gebraucht
bei T=1.630000 hat das Bootstrapping 7.817944 Sekunden gebraucht
bei T=1.640000 hat das Bootstrapping 7.761634 Sekunden gebraucht
bei T=1.650000 hat das Bootstrapping 8.096761 Sekunden gebraucht
bei T=1.660000 hat das Bootstrapping 7.737947 Sekunden gebraucht
bei T=1.670000 hat das Bootstrapping 7.782162 Sekunden gebraucht
bei T=1.680000 hat das Bootstrapping 7.746064 Sekunden gebraucht
bei T=1.690000 hat das Bootstrapping 7.924503 Sekunden gebraucht
bei T=1.700000 hat das Bootstrapping 7.869196 Sekunden gebraucht
bei T=1.710000 hat das Bootstrapping 7.811066 Sekunden gebraucht
bei T=1.720000 hat das Bootstrapping 7.778123 Sekunden gebraucht
bei T=1.730000 hat das Bootstrapping 7.842813 Sekunden gebraucht
bei T=1.740000 hat das Bootstrapping 7.831567 Sekunden gebraucht
bei T=1.750000 hat das Bootstrapping 7.811306 Sekunden gebraucht
bei T=1.760000 hat das Bootstrapping 7.777145 Sekunden gebraucht
bei T=1.770000 hat das Bootstrapping 7.769987 Sekunden gebraucht
bei T=1.780000 hat das Bootstrapping 7.767776 Sekunden gebraucht
bei T=1.790000 hat das Bootstrapping 7.844875 Sekunden gebraucht
bei T=1.800000 hat das Bootstrapping 7.878685 Sekunden gebraucht
bei T=1.810000 hat das Bootstrapping 7.857829 Sekunden gebraucht
bei T=1.820000 hat das Bootstrapping 7.780441 Sekunden gebraucht
bei T=1.830000 hat das Bootstrapping 7.750897 Sekunden gebraucht
bei T=1.840000 hat das Bootstrapping 7.764978 Sekunden gebraucht
bei T=1.850000 hat das Bootstrapping 7.801666 Sekunden gebraucht
bei T=1.860000 hat das Bootstrapping 7.788167 Sekunden gebraucht
bei T=1.870000 hat das Bootstrapping 7.940219 Sekunden gebraucht
bei T=1.880000 hat das Bootstrapping 7.855427 Sekunden gebraucht
bei T=1.890000 hat das Bootstrapping 7.735884 Sekunden gebraucht
bei T=1.900000 hat das Bootstrapping 8.003468 Sekunden gebraucht
bei T=1.910000 hat das Bootstrapping 7.772164 Sekunden gebraucht
bei T=1.920000 hat das Bootstrapping 7.969627 Sekunden gebraucht
bei T=1.930000 hat das Bootstrapping 7.778559 Sekunden gebraucht
bei T=1.940000 hat das Bootstrapping 7.778040 Sekunden gebraucht
bei T=1.950000 hat das Bootstrapping 7.803695 Sekunden gebraucht
bei T=1.960000 hat das Bootstrapping 8.091191 Sekunden gebraucht
bei T=1.970000 hat das Bootstrapping 7.744036 Sekunden gebraucht
bei T=1.980000 hat das Bootstrapping 8.118879 Sekunden gebraucht
bei T=1.990000 hat das Bootstrapping 7.727589 Sekunden gebraucht
bei T=2.000000 hat das Bootstrapping 7.824514 Sekunden gebraucht
bei T=2.010000 hat das Bootstrapping 7.721193 Sekunden gebraucht
bei T=2.020000 hat das Bootstrapping 7.821094 Sekunden gebraucht
bei T=2.030000 hat das Bootstrapping 7.847941 Sekunden gebraucht
bei T=2.040000 hat das Bootstrapping 7.790782 Sekunden gebraucht
bei T=2.050000 hat das Bootstrapping 7.868733 Sekunden gebraucht
bei T=2.060000 hat das Bootstrapping 7.801791 Sekunden gebraucht
bei T=2.070000 hat das Bootstrapping 7.778197 Sekunden gebraucht
bei T=2.080000 hat das Bootstrapping 7.825404 Sekunden gebraucht
bei T=2.090000 hat das Bootstrapping 7.931818 Sekunden gebraucht
bei T=2.100000 hat das Bootstrapping 7.771254 Sekunden gebraucht
bei T=2.110000 hat das Bootstrapping 7.760466 Sekunden gebraucht
bei T=2.120000 hat das Bootstrapping 7.755597 Sekunden gebraucht
bei T=2.130000 hat das Bootstrapping 8.009242 Sekunden gebraucht
bei T=2.140000 hat das Bootstrapping 7.875194 Sekunden gebraucht
bei T=2.150000 hat das Bootstrapping 7.867528 Sekunden gebraucht
bei T=2.160000 hat das Bootstrapping 7.779085 Sekunden gebraucht
bei T=2.170000 hat das Bootstrapping 7.781374 Sekunden gebraucht
bei T=2.180000 hat das Bootstrapping 7.850399 Sekunden gebraucht
bei T=2.190000 hat das Bootstrapping 7.804976 Sekunden gebraucht
bei T=2.200000 hat das Bootstrapping 7.818130 Sekunden gebraucht
bei T=2.210000 hat das Bootstrapping 7.792345 Sekunden gebraucht
bei T=2.220000 hat das Bootstrapping 7.846899 Sekunden gebraucht
bei T=2.230000 hat das Bootstrapping 7.838340 Sekunden gebraucht
bei T=2.240000 hat das Bootstrapping 7.788633 Sekunden gebraucht
bei T=2.250000 hat das Bootstrapping 7.796634 Sekunden gebraucht
bei T=2.260000 hat das Bootstrapping 7.833154 Sekunden gebraucht
bei T=2.270000 hat das Bootstrapping 7.796335 Sekunden gebraucht
bei T=2.280000 hat das Bootstrapping 7.846521 Sekunden gebraucht
bei T=2.290000 hat das Bootstrapping 7.833773 Sekunden gebraucht
bei T=2.300000 hat das Bootstrapping 7.734133 Sekunden gebraucht
bei T=2.310000 hat das Bootstrapping 7.714573 Sekunden gebraucht
bei T=2.320000 hat das Bootstrapping 7.712609 Sekunden gebraucht
bei T=2.330000 hat das Bootstrapping 7.884709 Sekunden gebraucht
bei T=2.340000 hat das Bootstrapping 7.801899 Sekunden gebraucht
bei T=2.350000 hat das Bootstrapping 7.809689 Sekunden gebraucht
bei T=2.360000 hat das Bootstrapping 7.706093 Sekunden gebraucht
bei T=2.370000 hat das Bootstrapping 7.983937 Sekunden gebraucht
bei T=2.380000 hat das Bootstrapping 7.851151 Sekunden gebraucht
bei T=2.390000 hat das Bootstrapping 7.847953 Sekunden gebraucht
bei T=2.400000 hat das Bootstrapping 7.794249 Sekunden gebraucht
bei T=2.410000 hat das Bootstrapping 7.910346 Sekunden gebraucht
bei T=2.420000 hat das Bootstrapping 7.806289 Sekunden gebraucht
bei T=2.430000 hat das Bootstrapping 7.832175 Sekunden gebraucht
bei T=2.440000 hat das Bootstrapping 7.801955 Sekunden gebraucht
bei T=2.450000 hat das Bootstrapping 7.818942 Sekunden gebraucht
bei T=2.460000 hat das Bootstrapping 7.806381 Sekunden gebraucht
bei T=2.470000 hat das Bootstrapping 7.768756 Sekunden gebraucht
bei T=2.480000 hat das Bootstrapping 7.757885 Sekunden gebraucht
bei T=2.490000 hat das Bootstrapping 7.766525 Sekunden gebraucht
bei T=2.500000 hat das Bootstrapping 7.775021 Sekunden gebraucht
bei T=2.510000 hat das Bootstrapping 7.831795 Sekunden gebraucht
bei T=2.530000 hat das Bootstrapping 7.768233 Sekunden gebraucht
bei T=2.550000 hat das Bootstrapping 7.811216 Sekunden gebraucht
bei T=2.570000 hat das Bootstrapping 7.761776 Sekunden gebraucht
bei T=2.590000 hat das Bootstrapping 7.805812 Sekunden gebraucht
bei T=2.610000 hat das Bootstrapping 7.838436 Sekunden gebraucht
bei T=2.630000 hat das Bootstrapping 7.827164 Sekunden gebraucht
bei T=2.650000 hat das Bootstrapping 7.831094 Sekunden gebraucht
bei T=2.670000 hat das Bootstrapping 7.798728 Sekunden gebraucht
bei T=2.690000 hat das Bootstrapping 7.774167 Sekunden gebraucht
bei T=2.710000 hat das Bootstrapping 7.806229 Sekunden gebraucht
bei T=2.730000 hat das Bootstrapping 7.827396 Sekunden gebraucht
bei T=2.750000 hat das Bootstrapping 7.973381 Sekunden gebraucht
bei T=2.770000 hat das Bootstrapping 7.779262 Sekunden gebraucht
bei T=2.790000 hat das Bootstrapping 7.829716 Sekunden gebraucht
bei T=2.810000 hat das Bootstrapping 7.786483 Sekunden gebraucht
bei T=2.830000 hat das Bootstrapping 7.780314 Sekunden gebraucht
bei T=2.850000 hat das Bootstrapping 7.782544 Sekunden gebraucht
bei T=2.870000 hat das Bootstrapping 7.887424 Sekunden gebraucht
bei T=2.890000 hat das Bootstrapping 7.791387 Sekunden gebraucht
bei T=2.910000 hat das Bootstrapping 7.839328 Sekunden gebraucht
bei T=2.930000 hat das Bootstrapping 7.769279 Sekunden gebraucht
bei T=2.950000 hat das Bootstrapping 7.803386 Sekunden gebraucht
bei T=2.970000 hat das Bootstrapping 7.778410 Sekunden gebraucht
bei T=2.990000 hat das Bootstrapping 7.820453 Sekunden gebraucht
bei T=3.010000 hat das Bootstrapping 7.812118 Sekunden gebraucht
bei T=3.030000 hat das Bootstrapping 7.851786 Sekunden gebraucht
bei T=3.050000 hat das Bootstrapping 7.761277 Sekunden gebraucht
bei T=3.070000 hat das Bootstrapping 7.798592 Sekunden gebraucht
bei T=3.090000 hat das Bootstrapping 7.832724 Sekunden gebraucht
bei T=3.110000 hat das Bootstrapping 7.804276 Sekunden gebraucht
bei T=3.130000 hat das Bootstrapping 7.864278 Sekunden gebraucht
bei T=3.150000 hat das Bootstrapping 7.841841 Sekunden gebraucht
bei T=3.170000 hat das Bootstrapping 7.712370 Sekunden gebraucht
bei T=3.190000 hat das Bootstrapping 7.791719 Sekunden gebraucht
bei T=3.210000 hat das Bootstrapping 7.804008 Sekunden gebraucht
bei T=3.230000 hat das Bootstrapping 7.791601 Sekunden gebraucht
bei T=3.250000 hat das Bootstrapping 7.730909 Sekunden gebraucht
bei T=3.270000 hat das Bootstrapping 7.807584 Sekunden gebraucht
bei T=3.290000 hat das Bootstrapping 7.761443 Sekunden gebraucht
bei T=3.310000 hat das Bootstrapping 7.778543 Sekunden gebraucht
bei T=3.330000 hat das Bootstrapping 7.892902 Sekunden gebraucht
bei T=3.350000 hat das Bootstrapping 7.807333 Sekunden gebraucht
bei T=3.370000 hat das Bootstrapping 7.810304 Sekunden gebraucht
bei T=3.390000 hat das Bootstrapping 7.772984 Sekunden gebraucht
bei T=3.410000 hat das Bootstrapping 7.721090 Sekunden gebraucht
bei T=3.430000 hat das Bootstrapping 7.751704 Sekunden gebraucht
bei T=3.450000 hat das Bootstrapping 7.792956 Sekunden gebraucht
bei T=3.470000 hat das Bootstrapping 7.770114 Sekunden gebraucht
bei T=3.490000 hat das Bootstrapping 7.740026 Sekunden gebraucht
bei T=3.510000 hat das Bootstrapping 7.770512 Sekunden gebraucht
bei T=3.530000 hat das Bootstrapping 7.802274 Sekunden gebraucht
bei T=3.550000 hat das Bootstrapping 7.821711 Sekunden gebraucht
bei T=3.570000 hat das Bootstrapping 7.770920 Sekunden gebraucht
bei T=3.590000 hat das Bootstrapping 7.816126 Sekunden gebraucht
bei T=3.610000 hat das Bootstrapping 7.781855 Sekunden gebraucht
bei T=3.630000 hat das Bootstrapping 7.811614 Sekunden gebraucht
bei T=3.650000 hat das Bootstrapping 7.842594 Sekunden gebraucht
bei T=3.670000 hat das Bootstrapping 7.780281 Sekunden gebraucht
bei T=3.690000 hat das Bootstrapping 7.841681 Sekunden gebraucht
bei T=3.710000 hat das Bootstrapping 7.823221 Sekunden gebraucht
bei T=3.730000 hat das Bootstrapping 7.816627 Sekunden gebraucht
bei T=3.750000 hat das Bootstrapping 8.106513 Sekunden gebraucht
bei T=3.770000 hat das Bootstrapping 7.885257 Sekunden gebraucht
bei T=3.790000 hat das Bootstrapping 7.797460 Sekunden gebraucht
bei T=3.810000 hat das Bootstrapping 7.816904 Sekunden gebraucht
bei T=3.830000 hat das Bootstrapping 7.841608 Sekunden gebraucht
bei T=3.850000 hat das Bootstrapping 7.870555 Sekunden gebraucht
bei T=3.870000 hat das Bootstrapping 7.770139 Sekunden gebraucht
bei T=3.890000 hat das Bootstrapping 7.833099 Sekunden gebraucht
bei T=3.910000 hat das Bootstrapping 7.861599 Sekunden gebraucht
bei T=3.930000 hat das Bootstrapping 7.840062 Sekunden gebraucht
bei T=3.950000 hat das Bootstrapping 7.832836 Sekunden gebraucht
bei T=3.970000 hat das Bootstrapping 7.810563 Sekunden gebraucht
bei T=3.990000 hat das Bootstrapping 7.805215 Sekunden gebraucht
bei T=4.010000 hat das Bootstrapping 7.779294 Sekunden gebraucht
bei T=4.030000 hat das Bootstrapping 7.828706 Sekunden gebraucht
bei T=4.050000 hat das Bootstrapping 7.759908 Sekunden gebraucht
bei T=4.070000 hat das Bootstrapping 7.781566 Sekunden gebraucht
bei T=4.090000 hat das Bootstrapping 7.770382 Sekunden gebraucht
bei T=4.110000 hat das Bootstrapping 7.769175 Sekunden gebraucht
bei T=4.130000 hat das Bootstrapping 7.788702 Sekunden gebraucht
bei T=4.150000 hat das Bootstrapping 7.712282 Sekunden gebraucht
bei T=4.170000 hat das Bootstrapping 7.796273 Sekunden gebraucht
bei T=4.190000 hat das Bootstrapping 7.816409 Sekunden gebraucht
bei T=4.210000 hat das Bootstrapping 7.782867 Sekunden gebraucht
bei T=4.230000 hat das Bootstrapping 7.742545 Sekunden gebraucht
bei T=4.250000 hat das Bootstrapping 7.697482 Sekunden gebraucht
bei T=4.270000 hat das Bootstrapping 7.888287 Sekunden gebraucht
bei T=4.290000 hat das Bootstrapping 7.789707 Sekunden gebraucht
bei T=4.310000 hat das Bootstrapping 7.772914 Sekunden gebraucht
bei T=4.330000 hat das Bootstrapping 8.099848 Sekunden gebraucht
bei T=4.350000 hat das Bootstrapping 7.794006 Sekunden gebraucht
bei T=4.370000 hat das Bootstrapping 7.773599 Sekunden gebraucht
bei T=4.390000 hat das Bootstrapping 7.814161 Sekunden gebraucht
bei T=4.410000 hat das Bootstrapping 7.801464 Sekunden gebraucht
bei T=4.430000 hat das Bootstrapping 8.186535 Sekunden gebraucht
bei T=4.450000 hat das Bootstrapping 7.725243 Sekunden gebraucht
bei T=4.470000 hat das Bootstrapping 7.786146 Sekunden gebraucht
bei T=4.490000 hat das Bootstrapping 7.783598 Sekunden gebraucht
bei T=4.510000 hat das Bootstrapping 7.815968 Sekunden gebraucht
bei T=4.530000 hat das Bootstrapping 8.139800 Sekunden gebraucht
bei T=4.550000 hat das Bootstrapping 7.914494 Sekunden gebraucht
bei T=4.570000 hat das Bootstrapping 7.889352 Sekunden gebraucht
bei T=4.590000 hat das Bootstrapping 7.823830 Sekunden gebraucht
bei T=4.610000 hat das Bootstrapping 7.713714 Sekunden gebraucht
bei T=4.630000 hat das Bootstrapping 7.823036 Sekunden gebraucht
bei T=4.650000 hat das Bootstrapping 7.793541 Sekunden gebraucht
bei T=4.670000 hat das Bootstrapping 8.086453 Sekunden gebraucht
bei T=4.690000 hat das Bootstrapping 7.784127 Sekunden gebraucht
bei T=4.710000 hat das Bootstrapping 7.846530 Sekunden gebraucht
bei T=4.730000 hat das Bootstrapping 7.805274 Sekunden gebraucht
bei T=4.750000 hat das Bootstrapping 7.796141 Sekunden gebraucht
bei T=4.770000 hat das Bootstrapping 7.788630 Sekunden gebraucht
bei T=4.790000 hat das Bootstrapping 7.783671 Sekunden gebraucht
bei T=4.810000 hat das Bootstrapping 7.796257 Sekunden gebraucht
bei T=4.830000 hat das Bootstrapping 7.722883 Sekunden gebraucht
bei T=4.850000 hat das Bootstrapping 7.729274 Sekunden gebraucht
bei T=4.870000 hat das Bootstrapping 7.841261 Sekunden gebraucht
bei T=4.890000 hat das Bootstrapping 7.775060 Sekunden gebraucht
bei T=4.910000 hat das Bootstrapping 7.793281 Sekunden gebraucht
bei T=4.930000 hat das Bootstrapping 7.742873 Sekunden gebraucht
bei T=4.950000 hat das Bootstrapping 7.797904 Sekunden gebraucht
bei T=4.970000 hat das Bootstrapping 7.856693 Sekunden gebraucht
bei T=4.990000 hat das Bootstrapping 7.845164 Sekunden gebraucht
bei T=5.010000 hat das Bootstrapping 8.069620 Sekunden gebraucht
bei T=5.030000 hat das Bootstrapping 7.818814 Sekunden gebraucht
bei T=5.050000 hat das Bootstrapping 7.840492 Sekunden gebraucht
bei T=5.070000 hat das Bootstrapping 7.860095 Sekunden gebraucht
bei T=5.090000 hat das Bootstrapping 7.701966 Sekunden gebraucht
bei T=5.110000 hat das Bootstrapping 7.814247 Sekunden gebraucht
bei T=5.130000 hat das Bootstrapping 8.074397 Sekunden gebraucht
bei T=5.150000 hat das Bootstrapping 7.806151 Sekunden gebraucht
bei T=5.170000 hat das Bootstrapping 7.688571 Sekunden gebraucht
bei T=5.190000 hat das Bootstrapping 7.782744 Sekunden gebraucht
bei T=5.210000 hat das Bootstrapping 7.900529 Sekunden gebraucht
bei T=5.230000 hat das Bootstrapping 7.812077 Sekunden gebraucht
bei T=5.250000 hat das Bootstrapping 7.721966 Sekunden gebraucht
bei T=5.270000 hat das Bootstrapping 7.992040 Sekunden gebraucht
bei T=5.290000 hat das Bootstrapping 7.781872 Sekunden gebraucht
bei T=5.310000 hat das Bootstrapping 7.823654 Sekunden gebraucht
bei T=5.330000 hat das Bootstrapping 7.742657 Sekunden gebraucht
bei T=5.350000 hat das Bootstrapping 7.769446 Sekunden gebraucht
bei T=5.370000 hat das Bootstrapping 7.811589 Sekunden gebraucht
bei T=5.390000 hat das Bootstrapping 7.908143 Sekunden gebraucht
bei T=5.410000 hat das Bootstrapping 7.738745 Sekunden gebraucht
bei T=5.430000 hat das Bootstrapping 7.839855 Sekunden gebraucht
bei T=5.450000 hat das Bootstrapping 8.002308 Sekunden gebraucht
bei T=5.470000 hat das Bootstrapping 7.831150 Sekunden gebraucht
bei T=5.490000 hat das Bootstrapping 7.765076 Sekunden gebraucht
bei T=5.510000 hat das Bootstrapping 7.748591 Sekunden gebraucht
bei T=5.530000 hat das Bootstrapping 7.844665 Sekunden gebraucht
bei T=5.550000 hat das Bootstrapping 7.811049 Sekunden gebraucht
bei T=5.570000 hat das Bootstrapping 7.732051 Sekunden gebraucht
bei T=5.590000 hat das Bootstrapping 8.051806 Sekunden gebraucht
bei T=5.610000 hat das Bootstrapping 7.805646 Sekunden gebraucht
bei T=5.630000 hat das Bootstrapping 7.834232 Sekunden gebraucht
bei T=5.650000 hat das Bootstrapping 7.981256 Sekunden gebraucht
bei T=5.670000 hat das Bootstrapping 8.082774 Sekunden gebraucht
bei T=5.690000 hat das Bootstrapping 7.858720 Sekunden gebraucht
bei T=5.710000 hat das Bootstrapping 7.746917 Sekunden gebraucht
bei T=5.730000 hat das Bootstrapping 7.723609 Sekunden gebraucht
bei T=5.750000 hat das Bootstrapping 7.791867 Sekunden gebraucht
bei T=5.770000 hat das Bootstrapping 7.803833 Sekunden gebraucht
bei T=5.790000 hat das Bootstrapping 7.798259 Sekunden gebraucht
bei T=5.810000 hat das Bootstrapping 7.800765 Sekunden gebraucht
bei T=5.830000 hat das Bootstrapping 7.863702 Sekunden gebraucht
bei T=5.850000 hat das Bootstrapping 8.121749 Sekunden gebraucht
bei T=5.870000 hat das Bootstrapping 7.834658 Sekunden gebraucht
bei T=5.890000 hat das Bootstrapping 7.931611 Sekunden gebraucht
bei T=5.910000 hat das Bootstrapping 7.958960 Sekunden gebraucht
bei T=5.930000 hat das Bootstrapping 7.778441 Sekunden gebraucht
bei T=5.950000 hat das Bootstrapping 7.801404 Sekunden gebraucht
bei T=5.970000 hat das Bootstrapping 7.738966 Sekunden gebraucht
bei T=5.990000 hat das Bootstrapping 7.775454 Sekunden gebraucht
bei T=6.010000 hat das Bootstrapping 7.976845 Sekunden gebraucht
bei T=6.030000 hat das Bootstrapping 7.755208 Sekunden gebraucht
bei T=6.050000 hat das Bootstrapping 7.730128 Sekunden gebraucht
bei T=6.070000 hat das Bootstrapping 7.963272 Sekunden gebraucht
bei T=6.090000 hat das Bootstrapping 7.796661 Sekunden gebraucht
bei T=6.110000 hat das Bootstrapping 7.796180 Sekunden gebraucht
bei T=6.130000 hat das Bootstrapping 7.741928 Sekunden gebraucht
bei T=6.150000 hat das Bootstrapping 7.806050 Sekunden gebraucht
bei T=6.170000 hat das Bootstrapping 7.773768 Sekunden gebraucht
bei T=6.190000 hat das Bootstrapping 7.803015 Sekunden gebraucht
bei T=6.210000 hat das Bootstrapping 7.723783 Sekunden gebraucht
bei T=6.230000 hat das Bootstrapping 7.813016 Sekunden gebraucht
bei T=6.250000 hat das Bootstrapping 7.835975 Sekunden gebraucht
bei T=6.270000 hat das Bootstrapping 7.860959 Sekunden gebraucht
bei T=6.290000 hat das Bootstrapping 8.174012 Sekunden gebraucht
bei T=6.310000 hat das Bootstrapping 7.839429 Sekunden gebraucht
bei T=6.330000 hat das Bootstrapping 7.810741 Sekunden gebraucht
bei T=6.350000 hat das Bootstrapping 7.841142 Sekunden gebraucht
bei T=6.370000 hat das Bootstrapping 7.825871 Sekunden gebraucht
bei T=6.390000 hat das Bootstrapping 8.068497 Sekunden gebraucht
bei T=6.410000 hat das Bootstrapping 7.757238 Sekunden gebraucht
bei T=6.430000 hat das Bootstrapping 7.853038 Sekunden gebraucht
bei T=6.450000 hat das Bootstrapping 7.726347 Sekunden gebraucht
bei T=6.470000 hat das Bootstrapping 7.788199 Sekunden gebraucht
bei T=6.490000 hat das Bootstrapping 7.871830 Sekunden gebraucht
bei T=6.510000 hat das Bootstrapping 7.950760 Sekunden gebraucht
bei T=6.530000 hat das Bootstrapping 7.794292 Sekunden gebraucht
bei T=6.550000 hat das Bootstrapping 7.782099 Sekunden gebraucht
bei T=6.570000 hat das Bootstrapping 7.829353 Sekunden gebraucht
bei T=6.590000 hat das Bootstrapping 7.762389 Sekunden gebraucht
bei T=6.610000 hat das Bootstrapping 7.760918 Sekunden gebraucht
bei T=6.630000 hat das Bootstrapping 7.875989 Sekunden gebraucht
bei T=6.650000 hat das Bootstrapping 7.834001 Sekunden gebraucht
bei T=6.670000 hat das Bootstrapping 7.873717 Sekunden gebraucht
bei T=6.690000 hat das Bootstrapping 7.766152 Sekunden gebraucht
bei T=6.710000 hat das Bootstrapping 7.885561 Sekunden gebraucht
bei T=6.730000 hat das Bootstrapping 8.093399 Sekunden gebraucht
bei T=6.750000 hat das Bootstrapping 7.924852 Sekunden gebraucht
bei T=6.770000 hat das Bootstrapping 7.842470 Sekunden gebraucht
bei T=6.790000 hat das Bootstrapping 7.804176 Sekunden gebraucht
bei T=6.810000 hat das Bootstrapping 7.850163 Sekunden gebraucht
bei T=6.830000 hat das Bootstrapping 7.769690 Sekunden gebraucht
bei T=6.850000 hat das Bootstrapping 7.746882 Sekunden gebraucht
bei T=6.870000 hat das Bootstrapping 7.768722 Sekunden gebraucht
bei T=6.890000 hat das Bootstrapping 7.768946 Sekunden gebraucht
bei T=6.910000 hat das Bootstrapping 7.847691 Sekunden gebraucht
bei T=6.930000 hat das Bootstrapping 7.805340 Sekunden gebraucht
bei T=6.950000 hat das Bootstrapping 7.868432 Sekunden gebraucht
bei T=6.970000 hat das Bootstrapping 7.821002 Sekunden gebraucht
bei T=6.990000 hat das Bootstrapping 7.783941 Sekunden gebraucht
bei T=7.010000 hat das Bootstrapping 7.843904 Sekunden gebraucht
bei T=7.030000 hat das Bootstrapping 7.855766 Sekunden gebraucht
bei T=7.050000 hat das Bootstrapping 7.932292 Sekunden gebraucht
bei T=7.070000 hat das Bootstrapping 7.807443 Sekunden gebraucht
bei T=7.090000 hat das Bootstrapping 7.747685 Sekunden gebraucht
bei T=7.110000 hat das Bootstrapping 7.835925 Sekunden gebraucht
bei T=7.130000 hat das Bootstrapping 7.755364 Sekunden gebraucht
bei T=7.150000 hat das Bootstrapping 8.332606 Sekunden gebraucht
bei T=7.170000 hat das Bootstrapping 7.846655 Sekunden gebraucht
bei T=7.190000 hat das Bootstrapping 7.873383 Sekunden gebraucht
bei T=7.210000 hat das Bootstrapping 7.791370 Sekunden gebraucht
bei T=7.230000 hat das Bootstrapping 7.841712 Sekunden gebraucht
bei T=7.250000 hat das Bootstrapping 7.768371 Sekunden gebraucht
bei T=7.270000 hat das Bootstrapping 7.870399 Sekunden gebraucht
bei T=7.290000 hat das Bootstrapping 7.825301 Sekunden gebraucht
bei T=7.310000 hat das Bootstrapping 7.874538 Sekunden gebraucht
bei T=7.330000 hat das Bootstrapping 7.785648 Sekunden gebraucht
bei T=7.350000 hat das Bootstrapping 7.809929 Sekunden gebraucht
bei T=7.370000 hat das Bootstrapping 7.901587 Sekunden gebraucht
bei T=7.390000 hat das Bootstrapping 7.831311 Sekunden gebraucht
bei T=7.410000 hat das Bootstrapping 7.703928 Sekunden gebraucht
bei T=7.430000 hat das Bootstrapping 7.812633 Sekunden gebraucht
bei T=7.450000 hat das Bootstrapping 7.771226 Sekunden gebraucht
bei T=7.470000 hat das Bootstrapping 7.770261 Sekunden gebraucht
bei T=7.490000 hat das Bootstrapping 7.900115 Sekunden gebraucht
Insgesamt hat das Botstrapping 3910.440191 Sekunden gebraucht
/hiskp4/gross/bachelorarbeit
