Fri Jul  3 22:32:34 CEST 2020 Waiting for 30 seconds before starting the job to allow the node to settle down
Fri Jul  3 22:33:04 CEST 2020 Waiting done, starting task!
Fri Jul  3 22:33:04 CEST 2020 Waiting for 30 seconds before starting the job to allow the node to settle down
Fri Jul  3 22:33:34 CEST 2020 Waiting done, starting task!
Ende array
0
bei T=0.050000 haben 10240 Messungen 0.421858 Sekunden gebraucht
2
bei T=0.250000 haben 10240 Messungen 0.404915 Sekunden gebraucht
4
bei T=0.450000 haben 10240 Messungen 0.401062 Sekunden gebraucht
6
bei T=0.650000 haben 10240 Messungen 0.407334 Sekunden gebraucht
8
bei T=0.850000 haben 10240 Messungen 0.406814 Sekunden gebraucht
10
bei T=1.050000 haben 10240 Messungen 0.402511 Sekunden gebraucht
12
bei T=1.250000 haben 10240 Messungen 0.407637 Sekunden gebraucht
14
bei T=1.450000 haben 10240 Messungen 0.428563 Sekunden gebraucht
16
bei T=1.650000 haben 10240 Messungen 0.439582 Sekunden gebraucht
18
bei T=1.850000 haben 10240 Messungen 0.464378 Sekunden gebraucht
20
bei T=2.000000 haben 10240 Messungen 0.488509 Sekunden gebraucht
22
bei T=2.016000 haben 10240 Messungen 0.486798 Sekunden gebraucht
24
bei T=2.032000 haben 10240 Messungen 0.501241 Sekunden gebraucht
26
bei T=2.048000 haben 10240 Messungen 0.536745 Sekunden gebraucht
28
bei T=2.064000 haben 10240 Messungen 0.495173 Sekunden gebraucht
30
bei T=2.080000 haben 10240 Messungen 0.575792 Sekunden gebraucht
32
bei T=2.096000 haben 10240 Messungen 0.578543 Sekunden gebraucht
34
bei T=2.112000 haben 10240 Messungen 0.566881 Sekunden gebraucht
36
bei T=2.128000 haben 10240 Messungen 0.575191 Sekunden gebraucht
38
bei T=2.144000 haben 10240 Messungen 0.582143 Sekunden gebraucht
40
bei T=2.160000 haben 10240 Messungen 0.605538 Sekunden gebraucht
42
bei T=2.176000 haben 10240 Messungen 0.564409 Sekunden gebraucht
44
bei T=2.192000 haben 10240 Messungen 0.577717 Sekunden gebraucht
46
bei T=2.208000 haben 10240 Messungen 0.573302 Sekunden gebraucht
48
bei T=2.224000 haben 10240 Messungen 0.570496 Sekunden gebraucht
50
bei T=2.228000 haben 10240 Messungen 0.597208 Sekunden gebraucht
52
bei T=2.232000 haben 10240 Messungen 0.570743 Sekunden gebraucht
54
bei T=2.236000 haben 10240 Messungen 0.568661 Sekunden gebraucht
56
bei T=2.240000 haben 10240 Messungen 0.588518 Sekunden gebraucht
58
bei T=2.244000 haben 10240 Messungen 0.590488 Sekunden gebraucht
60
bei T=2.248000 haben 10240 Messungen 0.540211 Sekunden gebraucht
62
bei T=2.252000 haben 10240 Messungen 0.559587 Sekunden gebraucht
64
bei T=2.256000 haben 10240 Messungen 0.518559 Sekunden gebraucht
66
bei T=2.260000 haben 10240 Messungen 0.603910 Sekunden gebraucht
68
bei T=2.264000 haben 10240 Messungen 0.606895 Sekunden gebraucht
70
bei T=2.268000 haben 10240 Messungen 0.584498 Sekunden gebraucht
72
bei T=2.272000 haben 10240 Messungen 0.608344 Sekunden gebraucht
74
bei T=2.276000 haben 10240 Messungen 0.603455 Sekunden gebraucht
76
bei T=2.280000 haben 10240 Messungen 0.570180 Sekunden gebraucht
78
bei T=2.284000 haben 10240 Messungen 0.566999 Sekunden gebraucht
80
bei T=2.288000 haben 10240 Messungen 0.605583 Sekunden gebraucht
82
bei T=2.292000 haben 10240 Messungen 0.622050 Sekunden gebraucht
84
bei T=2.296000 haben 10240 Messungen 0.608522 Sekunden gebraucht
86
bei T=2.300000 haben 10240 Messungen 0.647095 Sekunden gebraucht
88
bei T=2.304000 haben 10240 Messungen 0.604022 Sekunden gebraucht
90
bei T=2.308000 haben 10240 Messungen 0.621361 Sekunden gebraucht
92
bei T=2.312000 haben 10240 Messungen 0.638890 Sekunden gebraucht
94
bei T=2.316000 haben 10240 Messungen 0.619265 Sekunden gebraucht
96
bei T=2.320000 haben 10240 Messungen 0.585395 Sekunden gebraucht
98
bei T=2.324000 haben 10240 Messungen 0.580562 Sekunden gebraucht
100
bei T=2.328000 haben 10240 Messungen 0.580268 Sekunden gebraucht
102
bei T=2.332000 haben 10240 Messungen 0.565421 Sekunden gebraucht
104
bei T=2.336000 haben 10240 Messungen 0.579682 Sekunden gebraucht
106
bei T=2.340000 haben 10240 Messungen 0.509312 Sekunden gebraucht
108
bei T=2.344000 haben 10240 Messungen 0.522898 Sekunden gebraucht
110
bei T=2.348000 haben 10240 Messungen 0.609054 Sekunden gebraucht
112
bei T=2.352000 haben 10240 Messungen 0.580212 Sekunden gebraucht
114
bei T=2.356000 haben 10240 Messungen 0.570093 Sekunden gebraucht
116
bei T=2.360000 haben 10240 Messungen 0.590729 Sekunden gebraucht
118
bei T=2.364000 haben 10240 Messungen 0.611326 Sekunden gebraucht
120
bei T=2.368000 haben 10240 Messungen 0.506762 Sekunden gebraucht
122
bei T=2.372000 haben 10240 Messungen 0.511347 Sekunden gebraucht
124
bei T=2.376000 haben 10240 Messungen 0.512762 Sekunden gebraucht
126
bei T=2.380000 haben 10240 Messungen 0.602658 Sekunden gebraucht
128
bei T=2.384000 haben 10240 Messungen 0.671063 Sekunden gebraucht
130
bei T=2.388000 haben 10240 Messungen 0.650616 Sekunden gebraucht
132
bei T=2.392000 haben 10240 Messungen 0.646496 Sekunden gebraucht
134
bei T=2.396000 haben 10240 Messungen 0.620896 Sekunden gebraucht
136
bei T=2.400000 haben 10240 Messungen 0.600641 Sekunden gebraucht
138
bei T=2.416000 haben 10240 Messungen 0.583880 Sekunden gebraucht
140
bei T=2.432000 haben 10240 Messungen 0.578709 Sekunden gebraucht
142
bei T=2.448000 haben 10240 Messungen 0.570631 Sekunden gebraucht
144
bei T=2.464000 haben 10240 Messungen 0.550067 Sekunden gebraucht
146
bei T=2.480000 haben 10240 Messungen 0.562224 Sekunden gebraucht
148
bei T=2.496000 haben 10240 Messungen 0.648720 Sekunden gebraucht
150
bei T=2.512000 haben 10240 Messungen 0.675763 Sekunden gebraucht
152
bei T=2.528000 haben 10240 Messungen 0.663030 Sekunden gebraucht
154
bei T=2.544000 haben 10240 Messungen 0.697666 Sekunden gebraucht
156
bei T=2.560000 haben 10240 Messungen 0.745007 Sekunden gebraucht
158
bei T=2.576000 haben 10240 Messungen 0.727025 Sekunden gebraucht
160
bei T=2.592000 haben 10240 Messungen 0.597644 Sekunden gebraucht
162
bei T=2.608000 haben 10240 Messungen 0.638226 Sekunden gebraucht
164
bei T=2.624000 haben 10240 Messungen 0.620291 Sekunden gebraucht
166
bei T=2.640000 haben 10240 Messungen 0.616169 Sekunden gebraucht
168
bei T=2.656000 haben 10240 Messungen 0.624828 Sekunden gebraucht
170
bei T=2.672000 haben 10240 Messungen 0.652348 Sekunden gebraucht
172
bei T=2.688000 haben 10240 Messungen 0.662018 Sekunden gebraucht
174
bei T=2.704000 haben 10240 Messungen 0.646518 Sekunden gebraucht
176
bei T=2.720000 haben 10240 Messungen 0.684402 Sekunden gebraucht
178
bei T=2.736000 haben 10240 Messungen 0.657635 Sekunden gebraucht
180
bei T=2.752000 haben 10240 Messungen 0.650012 Sekunden gebraucht
182
bei T=2.792000 haben 10240 Messungen 0.709139 Sekunden gebraucht
184
bei T=2.856000 haben 10240 Messungen 0.748481 Sekunden gebraucht
186
bei T=2.920000 haben 10240 Messungen 0.733844 Sekunden gebraucht
188
bei T=2.984000 haben 10240 Messungen 0.762050 Sekunden gebraucht
190
bei T=3.048000 haben 10240 Messungen 0.723125 Sekunden gebraucht
192
bei T=3.112000 haben 10240 Messungen 0.755862 Sekunden gebraucht
194
bei T=3.176000 haben 10240 Messungen 0.744315 Sekunden gebraucht
196
bei T=3.240000 haben 10240 Messungen 0.763117 Sekunden gebraucht
198
bei T=3.304000 haben 10240 Messungen 0.772983 Sekunden gebraucht
200
bei T=3.368000 haben 10240 Messungen 0.757220 Sekunden gebraucht
202
bei T=3.432000 haben 10240 Messungen 0.790746 Sekunden gebraucht
204
bei T=3.496000 haben 10240 Messungen 0.786514 Sekunden gebraucht
206
bei T=3.560000 haben 10240 Messungen 0.754936 Sekunden gebraucht
208
bei T=3.624000 haben 10240 Messungen 0.747659 Sekunden gebraucht
Insgesamt hat das Messen 62.919173 Sekunden gebraucht
Insgesamt hat das Bootstrapping 66.533561 Sekunden gebraucht
Insgesamt hat das Programm 240.481812 Sekunden gebraucht
/hiskp4/gross/bachelorarbeit
