Fri Jul  3 11:54:16 CEST 2020 Waiting for 30 seconds before starting the job to allow the node to settle down
Fri Jul  3 11:54:46 CEST 2020 Waiting done, starting task!
Fri Jul  3 11:54:46 CEST 2020 Waiting for 30 seconds before starting the job to allow the node to settle down
Fri Jul  3 11:55:16 CEST 2020 Waiting done, starting task!
Ende array
0
bei T=0.050000 haben 10240 Messungen 0.299819 Sekunden gebraucht
1
bei T=0.150000 haben 10240 Messungen 0.316941 Sekunden gebraucht
2
bei T=0.250000 haben 10240 Messungen 0.322274 Sekunden gebraucht
3
bei T=0.350000 haben 10240 Messungen 0.299774 Sekunden gebraucht
4
bei T=0.450000 haben 10240 Messungen 0.288774 Sekunden gebraucht
5
bei T=0.550000 haben 10240 Messungen 0.279081 Sekunden gebraucht
6
bei T=0.650000 haben 10240 Messungen 0.319616 Sekunden gebraucht
7
bei T=0.750000 haben 10240 Messungen 0.314908 Sekunden gebraucht
8
bei T=0.850000 haben 10240 Messungen 0.292209 Sekunden gebraucht
9
bei T=0.950000 haben 10240 Messungen 0.338213 Sekunden gebraucht
10
bei T=1.050000 haben 10240 Messungen 0.288239 Sekunden gebraucht
11
bei T=1.150000 haben 10240 Messungen 0.324009 Sekunden gebraucht
12
bei T=1.250000 haben 10240 Messungen 0.295753 Sekunden gebraucht
13
bei T=1.350000 haben 10240 Messungen 0.302087 Sekunden gebraucht
14
bei T=1.450000 haben 10240 Messungen 0.283394 Sekunden gebraucht
15
bei T=1.550000 haben 10240 Messungen 0.344143 Sekunden gebraucht
16
bei T=1.650000 haben 10240 Messungen 0.305633 Sekunden gebraucht
17
bei T=1.750000 haben 10240 Messungen 0.360989 Sekunden gebraucht
18
bei T=1.850000 haben 10240 Messungen 0.354193 Sekunden gebraucht
19
bei T=1.950000 haben 10240 Messungen 0.367030 Sekunden gebraucht
20
bei T=2.000000 haben 10240 Messungen 0.342345 Sekunden gebraucht
21
bei T=2.008000 haben 10240 Messungen 0.285862 Sekunden gebraucht
22
bei T=2.016000 haben 10240 Messungen 0.323978 Sekunden gebraucht
23
bei T=2.024000 haben 10240 Messungen 0.296482 Sekunden gebraucht
24
bei T=2.032000 haben 10240 Messungen 0.321050 Sekunden gebraucht
25
bei T=2.040000 haben 10240 Messungen 0.306563 Sekunden gebraucht
26
bei T=2.048000 haben 10240 Messungen 0.320929 Sekunden gebraucht
27
bei T=2.056000 haben 10240 Messungen 0.312460 Sekunden gebraucht
28
bei T=2.064000 haben 10240 Messungen 0.324112 Sekunden gebraucht
29
bei T=2.072000 haben 10240 Messungen 0.312358 Sekunden gebraucht
30
bei T=2.080000 haben 10240 Messungen 0.334941 Sekunden gebraucht
31
bei T=2.088000 haben 10240 Messungen 0.313784 Sekunden gebraucht
32
bei T=2.096000 haben 10240 Messungen 0.312965 Sekunden gebraucht
33
bei T=2.104000 haben 10240 Messungen 0.308514 Sekunden gebraucht
34
bei T=2.112000 haben 10240 Messungen 0.293499 Sekunden gebraucht
35
bei T=2.120000 haben 10240 Messungen 0.321369 Sekunden gebraucht
36
bei T=2.128000 haben 10240 Messungen 0.323944 Sekunden gebraucht
37
bei T=2.136000 haben 10240 Messungen 0.303092 Sekunden gebraucht
38
bei T=2.144000 haben 10240 Messungen 0.312317 Sekunden gebraucht
39
bei T=2.152000 haben 10240 Messungen 0.336539 Sekunden gebraucht
40
bei T=2.160000 haben 10240 Messungen 0.292789 Sekunden gebraucht
41
bei T=2.168000 haben 10240 Messungen 0.361296 Sekunden gebraucht
42
bei T=2.176000 haben 10240 Messungen 0.318100 Sekunden gebraucht
43
bei T=2.184000 haben 10240 Messungen 0.312193 Sekunden gebraucht
44
bei T=2.192000 haben 10240 Messungen 0.305282 Sekunden gebraucht
45
bei T=2.200000 haben 10240 Messungen 0.340845 Sekunden gebraucht
46
bei T=2.208000 haben 10240 Messungen 0.327668 Sekunden gebraucht
47
bei T=2.216000 haben 10240 Messungen 0.293833 Sekunden gebraucht
48
bei T=2.224000 haben 10240 Messungen 0.319526 Sekunden gebraucht
49
bei T=2.226000 haben 10240 Messungen 0.351409 Sekunden gebraucht
50
bei T=2.228000 haben 10240 Messungen 0.301981 Sekunden gebraucht
51
bei T=2.230000 haben 10240 Messungen 0.333032 Sekunden gebraucht
52
bei T=2.232000 haben 10240 Messungen 0.334425 Sekunden gebraucht
53
bei T=2.234000 haben 10240 Messungen 0.333202 Sekunden gebraucht
54
bei T=2.236000 haben 10240 Messungen 0.334932 Sekunden gebraucht
55
bei T=2.238000 haben 10240 Messungen 0.339936 Sekunden gebraucht
56
bei T=2.240000 haben 10240 Messungen 0.329698 Sekunden gebraucht
57
bei T=2.242000 haben 10240 Messungen 0.298406 Sekunden gebraucht
58
bei T=2.244000 haben 10240 Messungen 0.342716 Sekunden gebraucht
59
bei T=2.246000 haben 10240 Messungen 0.330582 Sekunden gebraucht
60
bei T=2.248000 haben 10240 Messungen 0.346957 Sekunden gebraucht
61
bei T=2.250000 haben 10240 Messungen 0.305336 Sekunden gebraucht
62
bei T=2.252000 haben 10240 Messungen 0.334520 Sekunden gebraucht
63
bei T=2.254000 haben 10240 Messungen 0.301812 Sekunden gebraucht
64
bei T=2.256000 haben 10240 Messungen 0.355906 Sekunden gebraucht
65
bei T=2.258000 haben 10240 Messungen 0.289981 Sekunden gebraucht
66
bei T=2.260000 haben 10240 Messungen 0.311721 Sekunden gebraucht
67
bei T=2.262000 haben 10240 Messungen 0.357612 Sekunden gebraucht
68
bei T=2.264000 haben 10240 Messungen 0.338546 Sekunden gebraucht
69
bei T=2.266000 haben 10240 Messungen 0.355473 Sekunden gebraucht
70
bei T=2.268000 haben 10240 Messungen 0.304701 Sekunden gebraucht
71
bei T=2.270000 haben 10240 Messungen 0.324016 Sekunden gebraucht
72
bei T=2.272000 haben 10240 Messungen 0.331360 Sekunden gebraucht
73
bei T=2.274000 haben 10240 Messungen 0.331296 Sekunden gebraucht
74
bei T=2.276000 haben 10240 Messungen 0.336826 Sekunden gebraucht
75
bei T=2.278000 haben 10240 Messungen 0.292690 Sekunden gebraucht
76
bei T=2.280000 haben 10240 Messungen 0.347307 Sekunden gebraucht
77
bei T=2.282000 haben 10240 Messungen 0.302423 Sekunden gebraucht
78
bei T=2.284000 haben 10240 Messungen 0.341590 Sekunden gebraucht
79
bei T=2.286000 haben 10240 Messungen 0.334106 Sekunden gebraucht
80
bei T=2.288000 haben 10240 Messungen 0.355497 Sekunden gebraucht
81
bei T=2.290000 haben 10240 Messungen 0.313289 Sekunden gebraucht
82
bei T=2.292000 haben 10240 Messungen 0.291321 Sekunden gebraucht
83
bei T=2.294000 haben 10240 Messungen 0.356043 Sekunden gebraucht
84
bei T=2.296000 haben 10240 Messungen 0.350231 Sekunden gebraucht
85
bei T=2.298000 haben 10240 Messungen 0.346982 Sekunden gebraucht
86
bei T=2.300000 haben 10240 Messungen 0.358705 Sekunden gebraucht
87
bei T=2.302000 haben 10240 Messungen 0.343152 Sekunden gebraucht
88
bei T=2.304000 haben 10240 Messungen 0.332636 Sekunden gebraucht
89
bei T=2.306000 haben 10240 Messungen 0.319414 Sekunden gebraucht
90
bei T=2.308000 haben 10240 Messungen 0.373059 Sekunden gebraucht
91
bei T=2.310000 haben 10240 Messungen 0.344810 Sekunden gebraucht
92
bei T=2.312000 haben 10240 Messungen 0.347648 Sekunden gebraucht
93
bei T=2.314000 haben 10240 Messungen 0.328176 Sekunden gebraucht
94
bei T=2.316000 haben 10240 Messungen 0.347716 Sekunden gebraucht
95
bei T=2.318000 haben 10240 Messungen 0.350363 Sekunden gebraucht
96
bei T=2.320000 haben 10240 Messungen 0.338580 Sekunden gebraucht
97
bei T=2.322000 haben 10240 Messungen 0.348890 Sekunden gebraucht
98
bei T=2.324000 haben 10240 Messungen 0.340765 Sekunden gebraucht
99
bei T=2.326000 haben 10240 Messungen 0.344475 Sekunden gebraucht
100
bei T=2.328000 haben 10240 Messungen 0.326761 Sekunden gebraucht
101
bei T=2.330000 haben 10240 Messungen 0.335788 Sekunden gebraucht
102
bei T=2.332000 haben 10240 Messungen 0.349751 Sekunden gebraucht
103
bei T=2.334000 haben 10240 Messungen 0.347088 Sekunden gebraucht
104
bei T=2.336000 haben 10240 Messungen 0.341900 Sekunden gebraucht
105
bei T=2.338000 haben 10240 Messungen 0.361588 Sekunden gebraucht
106
bei T=2.340000 haben 10240 Messungen 0.290886 Sekunden gebraucht
107
bei T=2.342000 haben 10240 Messungen 0.330006 Sekunden gebraucht
108
bei T=2.344000 haben 10240 Messungen 0.360653 Sekunden gebraucht
109
bei T=2.346000 haben 10240 Messungen 0.363974 Sekunden gebraucht
110
bei T=2.348000 haben 10240 Messungen 0.315244 Sekunden gebraucht
111
bei T=2.350000 haben 10240 Messungen 0.371015 Sekunden gebraucht
112
bei T=2.352000 haben 10240 Messungen 0.341002 Sekunden gebraucht
113
bei T=2.354000 haben 10240 Messungen 0.353745 Sekunden gebraucht
114
bei T=2.356000 haben 10240 Messungen 0.328849 Sekunden gebraucht
115
bei T=2.358000 haben 10240 Messungen 0.297477 Sekunden gebraucht
116
bei T=2.360000 haben 10240 Messungen 0.352499 Sekunden gebraucht
117
bei T=2.362000 haben 10240 Messungen 0.331261 Sekunden gebraucht
118
bei T=2.364000 haben 10240 Messungen 0.334043 Sekunden gebraucht
119
bei T=2.366000 haben 10240 Messungen 0.347053 Sekunden gebraucht
120
bei T=2.368000 haben 10240 Messungen 0.336383 Sekunden gebraucht
121
bei T=2.370000 haben 10240 Messungen 0.380506 Sekunden gebraucht
122
bei T=2.372000 haben 10240 Messungen 0.358332 Sekunden gebraucht
123
bei T=2.374000 haben 10240 Messungen 0.370285 Sekunden gebraucht
124
bei T=2.376000 haben 10240 Messungen 0.323635 Sekunden gebraucht
125
bei T=2.378000 haben 10240 Messungen 0.341875 Sekunden gebraucht
126
bei T=2.380000 haben 10240 Messungen 0.343387 Sekunden gebraucht
127
bei T=2.382000 haben 10240 Messungen 0.375440 Sekunden gebraucht
128
bei T=2.384000 haben 10240 Messungen 0.357721 Sekunden gebraucht
129
bei T=2.386000 haben 10240 Messungen 0.332041 Sekunden gebraucht
130
bei T=2.388000 haben 10240 Messungen 0.372206 Sekunden gebraucht
131
bei T=2.390000 haben 10240 Messungen 0.369780 Sekunden gebraucht
132
bei T=2.392000 haben 10240 Messungen 0.358115 Sekunden gebraucht
133
bei T=2.394000 haben 10240 Messungen 0.362012 Sekunden gebraucht
134
bei T=2.396000 haben 10240 Messungen 0.342954 Sekunden gebraucht
135
bei T=2.398000 haben 10240 Messungen 0.306602 Sekunden gebraucht
136
bei T=2.400000 haben 10240 Messungen 0.363058 Sekunden gebraucht
137
bei T=2.408000 haben 10240 Messungen 0.369159 Sekunden gebraucht
138
bei T=2.416000 haben 10240 Messungen 0.359818 Sekunden gebraucht
139
bei T=2.424000 haben 10240 Messungen 0.342131 Sekunden gebraucht
140
bei T=2.432000 haben 10240 Messungen 0.350500 Sekunden gebraucht
141
bei T=2.440000 haben 10240 Messungen 0.342111 Sekunden gebraucht
142
bei T=2.448000 haben 10240 Messungen 0.375434 Sekunden gebraucht
143
bei T=2.456000 haben 10240 Messungen 0.313943 Sekunden gebraucht
144
bei T=2.464000 haben 10240 Messungen 0.364759 Sekunden gebraucht
145
bei T=2.472000 haben 10240 Messungen 0.391538 Sekunden gebraucht
146
bei T=2.480000 haben 10240 Messungen 0.314621 Sekunden gebraucht
147
bei T=2.488000 haben 10240 Messungen 0.342050 Sekunden gebraucht
148
bei T=2.496000 haben 10240 Messungen 0.391182 Sekunden gebraucht
149
bei T=2.504000 haben 10240 Messungen 0.361690 Sekunden gebraucht
150
bei T=2.512000 haben 10240 Messungen 0.385748 Sekunden gebraucht
151
bei T=2.520000 haben 10240 Messungen 0.389101 Sekunden gebraucht
152
bei T=2.528000 haben 10240 Messungen 0.395365 Sekunden gebraucht
153
bei T=2.536000 haben 10240 Messungen 0.367850 Sekunden gebraucht
154
bei T=2.544000 haben 10240 Messungen 0.373389 Sekunden gebraucht
155
bei T=2.552000 haben 10240 Messungen 0.319580 Sekunden gebraucht
156
bei T=2.560000 haben 10240 Messungen 0.377988 Sekunden gebraucht
157
bei T=2.568000 haben 10240 Messungen 0.350414 Sekunden gebraucht
158
bei T=2.576000 haben 10240 Messungen 0.348103 Sekunden gebraucht
159
bei T=2.584000 haben 10240 Messungen 0.335652 Sekunden gebraucht
160
bei T=2.592000 haben 10240 Messungen 0.379523 Sekunden gebraucht
161
bei T=2.600000 haben 10240 Messungen 0.371806 Sekunden gebraucht
162
bei T=2.608000 haben 10240 Messungen 0.408664 Sekunden gebraucht
163
bei T=2.616000 haben 10240 Messungen 0.375430 Sekunden gebraucht
164
bei T=2.624000 haben 10240 Messungen 0.388011 Sekunden gebraucht
165
bei T=2.632000 haben 10240 Messungen 0.411888 Sekunden gebraucht
166
bei T=2.640000 haben 10240 Messungen 0.353168 Sekunden gebraucht
167
bei T=2.648000 haben 10240 Messungen 0.327271 Sekunden gebraucht
168
bei T=2.656000 haben 10240 Messungen 0.330220 Sekunden gebraucht
169
bei T=2.664000 haben 10240 Messungen 0.347761 Sekunden gebraucht
170
bei T=2.672000 haben 10240 Messungen 0.363886 Sekunden gebraucht
171
bei T=2.680000 haben 10240 Messungen 0.390079 Sekunden gebraucht
172
bei T=2.688000 haben 10240 Messungen 0.359472 Sekunden gebraucht
173
bei T=2.696000 haben 10240 Messungen 0.355162 Sekunden gebraucht
174
bei T=2.704000 haben 10240 Messungen 0.381928 Sekunden gebraucht
175
bei T=2.712000 haben 10240 Messungen 0.401245 Sekunden gebraucht
176
bei T=2.720000 haben 10240 Messungen 0.413361 Sekunden gebraucht
177
bei T=2.728000 haben 10240 Messungen 0.379214 Sekunden gebraucht
178
bei T=2.736000 haben 10240 Messungen 0.360717 Sekunden gebraucht
179
bei T=2.744000 haben 10240 Messungen 0.343997 Sekunden gebraucht
180
bei T=2.752000 haben 10240 Messungen 0.364250 Sekunden gebraucht
181
bei T=2.760000 haben 10240 Messungen 0.415523 Sekunden gebraucht
182
bei T=2.792000 haben 10240 Messungen 0.388369 Sekunden gebraucht
183
bei T=2.824000 haben 10240 Messungen 0.368124 Sekunden gebraucht
184
bei T=2.856000 haben 10240 Messungen 0.327066 Sekunden gebraucht
185
bei T=2.888000 haben 10240 Messungen 0.383298 Sekunden gebraucht
186
bei T=2.920000 haben 10240 Messungen 0.366342 Sekunden gebraucht
187
bei T=2.952000 haben 10240 Messungen 0.340939 Sekunden gebraucht
188
bei T=2.984000 haben 10240 Messungen 0.432669 Sekunden gebraucht
189
bei T=3.016000 haben 10240 Messungen 0.438266 Sekunden gebraucht
190
bei T=3.048000 haben 10240 Messungen 0.440220 Sekunden gebraucht
191
bei T=3.080000 haben 10240 Messungen 0.422599 Sekunden gebraucht
192
bei T=3.112000 haben 10240 Messungen 0.396861 Sekunden gebraucht
193
bei T=3.144000 haben 10240 Messungen 0.409856 Sekunden gebraucht
194
bei T=3.176000 haben 10240 Messungen 0.407532 Sekunden gebraucht
195
bei T=3.208000 haben 10240 Messungen 0.416741 Sekunden gebraucht
196
bei T=3.240000 haben 10240 Messungen 0.381713 Sekunden gebraucht
197
bei T=3.272000 haben 10240 Messungen 0.425294 Sekunden gebraucht
198
bei T=3.304000 haben 10240 Messungen 0.411445 Sekunden gebraucht
199
bei T=3.336000 haben 10240 Messungen 0.415901 Sekunden gebraucht
200
bei T=3.368000 haben 10240 Messungen 0.419026 Sekunden gebraucht
201
bei T=3.400000 haben 10240 Messungen 0.412362 Sekunden gebraucht
202
bei T=3.432000 haben 10240 Messungen 0.442640 Sekunden gebraucht
203
bei T=3.464000 haben 10240 Messungen 0.461613 Sekunden gebraucht
204
bei T=3.496000 haben 10240 Messungen 0.394555 Sekunden gebraucht
205
bei T=3.528000 haben 10240 Messungen 0.472974 Sekunden gebraucht
206
bei T=3.560000 haben 10240 Messungen 0.430827 Sekunden gebraucht
207
bei T=3.592000 haben 10240 Messungen 0.472877 Sekunden gebraucht
208
bei T=3.624000 haben 10240 Messungen 0.442999 Sekunden gebraucht
209
bei T=3.656000 haben 10240 Messungen 0.425864 Sekunden gebraucht
Insgesamt hat das Messen 73.290553 Sekunden gebraucht
Insgesamt hat das Bootstrapping 199.488485 Sekunden gebraucht
Insgesamt hat das Programm 430.543438 Sekunden gebraucht
/hiskp4/gross/bachelorarbeit
