Fri Jul  3 21:40:33 CEST 2020 Waiting for 30 seconds before starting the job to allow the node to settle down
Fri Jul  3 21:41:03 CEST 2020 Waiting done, starting task!
Fri Jul  3 21:41:03 CEST 2020 Waiting for 30 seconds before starting the job to allow the node to settle down
Fri Jul  3 21:41:33 CEST 2020 Waiting done, starting task!
Ende array
0
bei T=0.050000 haben 10240 Messungen 5.684895 Sekunden gebraucht
2
bei T=0.250000 haben 10240 Messungen 5.721964 Sekunden gebraucht
4
bei T=0.450000 haben 10240 Messungen 5.720636 Sekunden gebraucht
6
bei T=0.650000 haben 10240 Messungen 5.704126 Sekunden gebraucht
8
bei T=0.850000 haben 10240 Messungen 5.981382 Sekunden gebraucht
10
bei T=1.050000 haben 10240 Messungen 6.503737 Sekunden gebraucht
12
bei T=1.250000 haben 10240 Messungen 6.521403 Sekunden gebraucht
14
bei T=1.450000 haben 10240 Messungen 6.535855 Sekunden gebraucht
16
bei T=1.650000 haben 10240 Messungen 5.545804 Sekunden gebraucht
18
bei T=1.850000 haben 10240 Messungen 5.573798 Sekunden gebraucht
20
bei T=2.000000 haben 10240 Messungen 5.797960 Sekunden gebraucht
22
bei T=2.016000 haben 10240 Messungen 5.808958 Sekunden gebraucht
24
bei T=2.032000 haben 10240 Messungen 5.910405 Sekunden gebraucht
26
bei T=2.048000 haben 10240 Messungen 5.902565 Sekunden gebraucht
28
bei T=2.064000 haben 10240 Messungen 6.383614 Sekunden gebraucht
30
bei T=2.080000 haben 10240 Messungen 6.156043 Sekunden gebraucht
32
bei T=2.096000 haben 10240 Messungen 6.193487 Sekunden gebraucht
34
bei T=2.112000 haben 10240 Messungen 6.126241 Sekunden gebraucht
36
bei T=2.128000 haben 10240 Messungen 6.320709 Sekunden gebraucht
38
bei T=2.144000 haben 10240 Messungen 6.315670 Sekunden gebraucht
40
bei T=2.160000 haben 10240 Messungen 6.341992 Sekunden gebraucht
42
bei T=2.176000 haben 10240 Messungen 6.444042 Sekunden gebraucht
44
bei T=2.192000 haben 10240 Messungen 6.308703 Sekunden gebraucht
46
bei T=2.208000 haben 10240 Messungen 6.332974 Sekunden gebraucht
48
bei T=2.224000 haben 10240 Messungen 6.350744 Sekunden gebraucht
50
bei T=2.228000 haben 10240 Messungen 5.959114 Sekunden gebraucht
52
bei T=2.232000 haben 10240 Messungen 6.186204 Sekunden gebraucht
54
bei T=2.236000 haben 10240 Messungen 6.187935 Sekunden gebraucht
56
bei T=2.240000 haben 10240 Messungen 6.191027 Sekunden gebraucht
58
bei T=2.244000 haben 10240 Messungen 6.159465 Sekunden gebraucht
60
bei T=2.248000 haben 10240 Messungen 6.165562 Sekunden gebraucht
62
bei T=2.252000 haben 10240 Messungen 6.437751 Sekunden gebraucht
64
bei T=2.256000 haben 10240 Messungen 6.861999 Sekunden gebraucht
66
bei T=2.260000 haben 10240 Messungen 6.798930 Sekunden gebraucht
68
bei T=2.264000 haben 10240 Messungen 6.213515 Sekunden gebraucht
70
bei T=2.268000 haben 10240 Messungen 5.715714 Sekunden gebraucht
72
bei T=2.272000 haben 10240 Messungen 6.909896 Sekunden gebraucht
74
bei T=2.276000 haben 10240 Messungen 6.366792 Sekunden gebraucht
76
bei T=2.280000 haben 10240 Messungen 6.485582 Sekunden gebraucht
78
bei T=2.284000 haben 10240 Messungen 6.186968 Sekunden gebraucht
80
bei T=2.288000 haben 10240 Messungen 6.439375 Sekunden gebraucht
82
bei T=2.292000 haben 10240 Messungen 6.913991 Sekunden gebraucht
84
bei T=2.296000 haben 10240 Messungen 7.006965 Sekunden gebraucht
86
bei T=2.300000 haben 10240 Messungen 6.876986 Sekunden gebraucht
88
bei T=2.304000 haben 10240 Messungen 6.899005 Sekunden gebraucht
90
bei T=2.308000 haben 10240 Messungen 6.932874 Sekunden gebraucht
92
bei T=2.312000 haben 10240 Messungen 6.745342 Sekunden gebraucht
94
bei T=2.316000 haben 10240 Messungen 6.721237 Sekunden gebraucht
96
bei T=2.320000 haben 10240 Messungen 6.748003 Sekunden gebraucht
98
bei T=2.324000 haben 10240 Messungen 6.272349 Sekunden gebraucht
100
bei T=2.328000 haben 10240 Messungen 6.253184 Sekunden gebraucht
102
bei T=2.332000 haben 10240 Messungen 6.403349 Sekunden gebraucht
104
bei T=2.336000 haben 10240 Messungen 7.113779 Sekunden gebraucht
106
bei T=2.340000 haben 10240 Messungen 7.132753 Sekunden gebraucht
108
bei T=2.344000 haben 10240 Messungen 7.031844 Sekunden gebraucht
110
bei T=2.348000 haben 10240 Messungen 7.018714 Sekunden gebraucht
112
bei T=2.352000 haben 10240 Messungen 6.403457 Sekunden gebraucht
114
bei T=2.356000 haben 10240 Messungen 6.168740 Sekunden gebraucht
116
bei T=2.360000 haben 10240 Messungen 6.063558 Sekunden gebraucht
118
bei T=2.364000 haben 10240 Messungen 6.126883 Sekunden gebraucht
120
bei T=2.368000 haben 10240 Messungen 7.143997 Sekunden gebraucht
122
bei T=2.372000 haben 10240 Messungen 7.150047 Sekunden gebraucht
124
bei T=2.376000 haben 10240 Messungen 6.705115 Sekunden gebraucht
126
bei T=2.380000 haben 10240 Messungen 7.009338 Sekunden gebraucht
128
bei T=2.384000 haben 10240 Messungen 6.997376 Sekunden gebraucht
130
bei T=2.388000 haben 10240 Messungen 7.029575 Sekunden gebraucht
132
bei T=2.392000 haben 10240 Messungen 6.785039 Sekunden gebraucht
134
bei T=2.396000 haben 10240 Messungen 6.634851 Sekunden gebraucht
136
bei T=2.400000 haben 10240 Messungen 6.627914 Sekunden gebraucht
138
bei T=2.416000 haben 10240 Messungen 6.001550 Sekunden gebraucht
140
bei T=2.432000 haben 10240 Messungen 6.000689 Sekunden gebraucht
142
bei T=2.448000 haben 10240 Messungen 6.008584 Sekunden gebraucht
144
bei T=2.464000 haben 10240 Messungen 6.017804 Sekunden gebraucht
146
bei T=2.480000 haben 10240 Messungen 6.066203 Sekunden gebraucht
148
bei T=2.496000 haben 10240 Messungen 6.702723 Sekunden gebraucht
150
bei T=2.512000 haben 10240 Messungen 6.683293 Sekunden gebraucht
152
bei T=2.528000 haben 10240 Messungen 6.725837 Sekunden gebraucht
154
bei T=2.544000 haben 10240 Messungen 6.378264 Sekunden gebraucht
156
bei T=2.560000 haben 10240 Messungen 6.579449 Sekunden gebraucht
158
bei T=2.576000 haben 10240 Messungen 6.649247 Sekunden gebraucht
160
bei T=2.592000 haben 10240 Messungen 6.889213 Sekunden gebraucht
162
bei T=2.608000 haben 10240 Messungen 7.415650 Sekunden gebraucht
164
bei T=2.624000 haben 10240 Messungen 7.180348 Sekunden gebraucht
166
bei T=2.640000 haben 10240 Messungen 6.706708 Sekunden gebraucht
168
bei T=2.656000 haben 10240 Messungen 6.792797 Sekunden gebraucht
170
bei T=2.672000 haben 10240 Messungen 6.795472 Sekunden gebraucht
172
bei T=2.688000 haben 10240 Messungen 5.936807 Sekunden gebraucht
174
bei T=2.704000 haben 10240 Messungen 6.619583 Sekunden gebraucht
176
bei T=2.720000 haben 10240 Messungen 7.079547 Sekunden gebraucht
178
bei T=2.736000 haben 10240 Messungen 6.833744 Sekunden gebraucht
180
bei T=2.752000 haben 10240 Messungen 6.873511 Sekunden gebraucht
182
bei T=2.792000 haben 10240 Messungen 6.875398 Sekunden gebraucht
184
bei T=2.856000 haben 10240 Messungen 7.142172 Sekunden gebraucht
186
bei T=2.920000 haben 10240 Messungen 7.014618 Sekunden gebraucht
188
bei T=2.984000 haben 10240 Messungen 7.042624 Sekunden gebraucht
190
bei T=3.048000 haben 10240 Messungen 6.878797 Sekunden gebraucht
192
bei T=3.112000 haben 10240 Messungen 7.330780 Sekunden gebraucht
194
bei T=3.176000 haben 10240 Messungen 7.344965 Sekunden gebraucht
196
bei T=3.240000 haben 10240 Messungen 7.373701 Sekunden gebraucht
198
bei T=3.304000 haben 10240 Messungen 6.836087 Sekunden gebraucht
200
bei T=3.368000 haben 10240 Messungen 7.072037 Sekunden gebraucht
202
bei T=3.432000 haben 10240 Messungen 7.067718 Sekunden gebraucht
204
bei T=3.496000 haben 10240 Messungen 6.514746 Sekunden gebraucht
206
bei T=3.560000 haben 10240 Messungen 6.543084 Sekunden gebraucht
208
bei T=3.624000 haben 10240 Messungen 6.467886 Sekunden gebraucht
Insgesamt hat das Messen 684.811437 Sekunden gebraucht
Insgesamt hat das Bootstrapping 69.314507 Sekunden gebraucht
Insgesamt hat das Programm 1818.746550 Sekunden gebraucht
/hiskp4/gross/bachelorarbeit
