Thu Jul  2 18:07:44 CEST 2020 Waiting for 30 seconds before starting the job to allow the node to settle down
Thu Jul  2 18:08:14 CEST 2020 Waiting done, starting task!
Thu Jul  2 18:08:15 CEST 2020 Waiting for 30 seconds before starting the job to allow the node to settle down
Thu Jul  2 18:08:45 CEST 2020 Waiting done, starting task!
Ende array
0
bei T=0.100000 haben 10240 Messungen 0.080406 Sekunden gebraucht
1
bei T=0.300000 haben 10240 Messungen 0.098954 Sekunden gebraucht
2
bei T=0.500000 haben 10240 Messungen 0.095335 Sekunden gebraucht
3
bei T=0.700000 haben 10240 Messungen 0.096111 Sekunden gebraucht
4
bei T=0.900000 haben 10240 Messungen 0.099224 Sekunden gebraucht
5
bei T=1.100000 haben 10240 Messungen 0.095776 Sekunden gebraucht
6
bei T=1.300000 haben 10240 Messungen 0.102799 Sekunden gebraucht
7
bei T=1.500000 haben 10240 Messungen 0.096966 Sekunden gebraucht
8
bei T=1.700000 haben 10240 Messungen 0.098350 Sekunden gebraucht
9
bei T=1.900000 haben 10240 Messungen 0.085859 Sekunden gebraucht
10
bei T=2.000000 haben 10240 Messungen 0.088060 Sekunden gebraucht
11
bei T=2.008000 haben 10240 Messungen 0.108683 Sekunden gebraucht
12
bei T=2.016000 haben 10240 Messungen 0.086822 Sekunden gebraucht
13
bei T=2.024000 haben 10240 Messungen 0.086953 Sekunden gebraucht
14
bei T=2.032000 haben 10240 Messungen 0.087481 Sekunden gebraucht
15
bei T=2.040000 haben 10240 Messungen 0.087196 Sekunden gebraucht
16
bei T=2.048000 haben 10240 Messungen 0.087536 Sekunden gebraucht
17
bei T=2.056000 haben 10240 Messungen 0.087288 Sekunden gebraucht
18
bei T=2.064000 haben 10240 Messungen 0.088658 Sekunden gebraucht
19
bei T=2.072000 haben 10240 Messungen 0.136788 Sekunden gebraucht
20
bei T=2.080000 haben 10240 Messungen 0.087428 Sekunden gebraucht
21
bei T=2.088000 haben 10240 Messungen 0.087555 Sekunden gebraucht
22
bei T=2.096000 haben 10240 Messungen 0.088265 Sekunden gebraucht
23
bei T=2.104000 haben 10240 Messungen 0.088105 Sekunden gebraucht
24
bei T=2.112000 haben 10240 Messungen 0.087890 Sekunden gebraucht
25
bei T=2.120000 haben 10240 Messungen 0.130897 Sekunden gebraucht
26
bei T=2.128000 haben 10240 Messungen 0.088469 Sekunden gebraucht
27
bei T=2.136000 haben 10240 Messungen 0.088003 Sekunden gebraucht
28
bei T=2.144000 haben 10240 Messungen 0.088436 Sekunden gebraucht
29
bei T=2.152000 haben 10240 Messungen 0.133091 Sekunden gebraucht
30
bei T=2.200000 haben 10240 Messungen 0.089508 Sekunden gebraucht
31
bei T=2.202000 haben 10240 Messungen 0.088970 Sekunden gebraucht
32
bei T=2.204000 haben 10240 Messungen 0.136551 Sekunden gebraucht
33
bei T=2.206000 haben 10240 Messungen 0.134157 Sekunden gebraucht
34
bei T=2.208000 haben 10240 Messungen 0.089534 Sekunden gebraucht
35
bei T=2.210000 haben 10240 Messungen 0.088977 Sekunden gebraucht
36
bei T=2.212000 haben 10240 Messungen 0.089035 Sekunden gebraucht
37
bei T=2.214000 haben 10240 Messungen 0.089062 Sekunden gebraucht
38
bei T=2.216000 haben 10240 Messungen 0.089738 Sekunden gebraucht
39
bei T=2.218000 haben 10240 Messungen 0.089189 Sekunden gebraucht
40
bei T=2.220000 haben 10240 Messungen 0.089389 Sekunden gebraucht
41
bei T=2.222000 haben 10240 Messungen 0.089153 Sekunden gebraucht
42
bei T=2.224000 haben 10240 Messungen 0.112208 Sekunden gebraucht
43
bei T=2.226000 haben 10240 Messungen 0.089424 Sekunden gebraucht
44
bei T=2.228000 haben 10240 Messungen 0.089399 Sekunden gebraucht
45
bei T=2.230000 haben 10240 Messungen 0.091250 Sekunden gebraucht
46
bei T=2.232000 haben 10240 Messungen 0.090096 Sekunden gebraucht
47
bei T=2.234000 haben 10240 Messungen 0.089374 Sekunden gebraucht
48
bei T=2.236000 haben 10240 Messungen 0.089558 Sekunden gebraucht
49
bei T=2.238000 haben 10240 Messungen 0.089575 Sekunden gebraucht
50
bei T=2.240000 haben 10240 Messungen 0.090273 Sekunden gebraucht
51
bei T=2.242000 haben 10240 Messungen 0.133707 Sekunden gebraucht
52
bei T=2.244000 haben 10240 Messungen 0.089517 Sekunden gebraucht
53
bei T=2.246000 haben 10240 Messungen 0.119585 Sekunden gebraucht
54
bei T=2.248000 haben 10240 Messungen 0.090389 Sekunden gebraucht
55
bei T=2.250000 haben 10240 Messungen 0.089729 Sekunden gebraucht
56
bei T=2.252000 haben 10240 Messungen 0.089552 Sekunden gebraucht
57
bei T=2.254000 haben 10240 Messungen 0.090795 Sekunden gebraucht
58
bei T=2.256000 haben 10240 Messungen 0.090349 Sekunden gebraucht
59
bei T=2.258000 haben 10240 Messungen 0.089487 Sekunden gebraucht
60
bei T=2.260000 haben 10240 Messungen 0.089511 Sekunden gebraucht
61
bei T=2.262000 haben 10240 Messungen 0.089651 Sekunden gebraucht
62
bei T=2.264000 haben 10240 Messungen 0.090544 Sekunden gebraucht
63
bei T=2.266000 haben 10240 Messungen 0.131152 Sekunden gebraucht
64
bei T=2.268000 haben 10240 Messungen 0.089537 Sekunden gebraucht
65
bei T=2.270000 haben 10240 Messungen 0.089220 Sekunden gebraucht
66
bei T=2.272000 haben 10240 Messungen 0.113620 Sekunden gebraucht
67
bei T=2.274000 haben 10240 Messungen 0.090676 Sekunden gebraucht
68
bei T=2.276000 haben 10240 Messungen 0.090743 Sekunden gebraucht
69
bei T=2.278000 haben 10240 Messungen 0.090077 Sekunden gebraucht
70
bei T=2.280000 haben 10240 Messungen 0.136767 Sekunden gebraucht
71
bei T=2.282000 haben 10240 Messungen 0.094811 Sekunden gebraucht
72
bei T=2.284000 haben 10240 Messungen 0.132598 Sekunden gebraucht
73
bei T=2.286000 haben 10240 Messungen 0.090297 Sekunden gebraucht
74
bei T=2.288000 haben 10240 Messungen 0.112803 Sekunden gebraucht
75
bei T=2.290000 haben 10240 Messungen 0.090865 Sekunden gebraucht
76
bei T=2.292000 haben 10240 Messungen 0.133853 Sekunden gebraucht
77
bei T=2.294000 haben 10240 Messungen 0.090539 Sekunden gebraucht
78
bei T=2.296000 haben 10240 Messungen 0.106154 Sekunden gebraucht
79
bei T=2.298000 haben 10240 Messungen 0.091310 Sekunden gebraucht
80
bei T=2.300000 haben 10240 Messungen 0.133885 Sekunden gebraucht
81
bei T=2.302000 haben 10240 Messungen 0.090404 Sekunden gebraucht
82
bei T=2.304000 haben 10240 Messungen 0.090393 Sekunden gebraucht
83
bei T=2.306000 haben 10240 Messungen 0.091244 Sekunden gebraucht
84
bei T=2.308000 haben 10240 Messungen 0.090527 Sekunden gebraucht
85
bei T=2.310000 haben 10240 Messungen 0.090561 Sekunden gebraucht
86
bei T=2.312000 haben 10240 Messungen 0.090760 Sekunden gebraucht
87
bei T=2.314000 haben 10240 Messungen 0.091524 Sekunden gebraucht
88
bei T=2.316000 haben 10240 Messungen 0.141584 Sekunden gebraucht
89
bei T=2.318000 haben 10240 Messungen 0.091225 Sekunden gebraucht
90
bei T=2.320000 haben 10240 Messungen 0.090652 Sekunden gebraucht
91
bei T=2.322000 haben 10240 Messungen 0.090815 Sekunden gebraucht
92
bei T=2.324000 haben 10240 Messungen 0.090867 Sekunden gebraucht
93
bei T=2.326000 haben 10240 Messungen 0.091473 Sekunden gebraucht
94
bei T=2.328000 haben 10240 Messungen 0.090810 Sekunden gebraucht
95
bei T=2.330000 haben 10240 Messungen 0.091009 Sekunden gebraucht
96
bei T=2.332000 haben 10240 Messungen 0.091239 Sekunden gebraucht
97
bei T=2.334000 haben 10240 Messungen 0.091617 Sekunden gebraucht
98
bei T=2.336000 haben 10240 Messungen 0.136797 Sekunden gebraucht
99
bei T=2.338000 haben 10240 Messungen 0.090914 Sekunden gebraucht
100
bei T=2.340000 haben 10240 Messungen 0.135742 Sekunden gebraucht
101
bei T=2.342000 haben 10240 Messungen 0.091873 Sekunden gebraucht
102
bei T=2.344000 haben 10240 Messungen 0.091387 Sekunden gebraucht
103
bei T=2.346000 haben 10240 Messungen 0.091257 Sekunden gebraucht
104
bei T=2.348000 haben 10240 Messungen 0.091230 Sekunden gebraucht
105
bei T=2.350000 haben 10240 Messungen 0.091925 Sekunden gebraucht
106
bei T=2.352000 haben 10240 Messungen 0.091610 Sekunden gebraucht
107
bei T=2.354000 haben 10240 Messungen 0.136753 Sekunden gebraucht
108
bei T=2.356000 haben 10240 Messungen 0.135374 Sekunden gebraucht
109
bei T=2.358000 haben 10240 Messungen 0.137499 Sekunden gebraucht
110
bei T=2.360000 haben 10240 Messungen 0.091641 Sekunden gebraucht
111
bei T=2.362000 haben 10240 Messungen 0.091452 Sekunden gebraucht
112
bei T=2.364000 haben 10240 Messungen 0.091230 Sekunden gebraucht
113
bei T=2.366000 haben 10240 Messungen 0.092112 Sekunden gebraucht
114
bei T=2.368000 haben 10240 Messungen 0.091893 Sekunden gebraucht
115
bei T=2.370000 haben 10240 Messungen 0.091449 Sekunden gebraucht
116
bei T=2.372000 haben 10240 Messungen 0.091435 Sekunden gebraucht
117
bei T=2.374000 haben 10240 Messungen 0.137468 Sekunden gebraucht
118
bei T=2.376000 haben 10240 Messungen 0.091678 Sekunden gebraucht
119
bei T=2.378000 haben 10240 Messungen 0.091781 Sekunden gebraucht
120
bei T=2.380000 haben 10240 Messungen 0.091603 Sekunden gebraucht
121
bei T=2.382000 haben 10240 Messungen 0.092388 Sekunden gebraucht
122
bei T=2.384000 haben 10240 Messungen 0.091745 Sekunden gebraucht
123
bei T=2.386000 haben 10240 Messungen 0.091848 Sekunden gebraucht
124
bei T=2.388000 haben 10240 Messungen 0.091838 Sekunden gebraucht
125
bei T=2.390000 haben 10240 Messungen 0.092605 Sekunden gebraucht
126
bei T=2.392000 haben 10240 Messungen 0.091924 Sekunden gebraucht
127
bei T=2.394000 haben 10240 Messungen 0.136816 Sekunden gebraucht
128
bei T=2.396000 haben 10240 Messungen 0.091849 Sekunden gebraucht
129
bei T=2.398000 haben 10240 Messungen 0.138418 Sekunden gebraucht
130
bei T=2.400000 haben 10240 Messungen 0.133938 Sekunden gebraucht
131
bei T=2.408000 haben 10240 Messungen 0.092262 Sekunden gebraucht
132
bei T=2.416000 haben 10240 Messungen 0.092399 Sekunden gebraucht
133
bei T=2.424000 haben 10240 Messungen 0.093162 Sekunden gebraucht
134
bei T=2.432000 haben 10240 Messungen 0.135936 Sekunden gebraucht
135
bei T=2.440000 haben 10240 Messungen 0.092571 Sekunden gebraucht
136
bei T=2.448000 haben 10240 Messungen 0.092869 Sekunden gebraucht
137
bei T=2.456000 haben 10240 Messungen 0.094679 Sekunden gebraucht
138
bei T=2.464000 haben 10240 Messungen 0.093114 Sekunden gebraucht
139
bei T=2.472000 haben 10240 Messungen 0.093144 Sekunden gebraucht
140
bei T=2.480000 haben 10240 Messungen 0.093586 Sekunden gebraucht
141
bei T=2.488000 haben 10240 Messungen 0.145683 Sekunden gebraucht
142
bei T=2.496000 haben 10240 Messungen 0.093398 Sekunden gebraucht
143
bei T=2.504000 haben 10240 Messungen 0.097288 Sekunden gebraucht
144
bei T=2.512000 haben 10240 Messungen 0.093525 Sekunden gebraucht
145
bei T=2.520000 haben 10240 Messungen 0.094692 Sekunden gebraucht
146
bei T=2.528000 haben 10240 Messungen 0.093792 Sekunden gebraucht
147
bei T=2.536000 haben 10240 Messungen 0.094059 Sekunden gebraucht
148
bei T=2.544000 haben 10240 Messungen 0.140731 Sekunden gebraucht
149
bei T=2.552000 haben 10240 Messungen 0.094981 Sekunden gebraucht
150
bei T=2.560000 haben 10240 Messungen 0.138774 Sekunden gebraucht
151
bei T=2.568000 haben 10240 Messungen 0.094630 Sekunden gebraucht
152
bei T=2.576000 haben 10240 Messungen 0.094655 Sekunden gebraucht
153
bei T=2.584000 haben 10240 Messungen 0.133832 Sekunden gebraucht
154
bei T=2.592000 haben 10240 Messungen 0.094885 Sekunden gebraucht
155
bei T=2.600000 haben 10240 Messungen 0.094731 Sekunden gebraucht
156
bei T=2.608000 haben 10240 Messungen 0.094939 Sekunden gebraucht
157
bei T=2.616000 haben 10240 Messungen 0.141713 Sekunden gebraucht
158
bei T=2.624000 haben 10240 Messungen 0.095189 Sekunden gebraucht
159
bei T=2.632000 haben 10240 Messungen 0.095335 Sekunden gebraucht
160
bei T=2.640000 haben 10240 Messungen 0.098070 Sekunden gebraucht
161
bei T=2.648000 haben 10240 Messungen 0.096162 Sekunden gebraucht
162
bei T=2.656000 haben 10240 Messungen 0.097049 Sekunden gebraucht
163
bei T=2.664000 haben 10240 Messungen 0.107400 Sekunden gebraucht
164
bei T=2.672000 haben 10240 Messungen 0.095643 Sekunden gebraucht
165
bei T=2.680000 haben 10240 Messungen 0.096444 Sekunden gebraucht
166
bei T=2.688000 haben 10240 Messungen 0.095695 Sekunden gebraucht
167
bei T=2.696000 haben 10240 Messungen 0.095779 Sekunden gebraucht
168
bei T=2.704000 haben 10240 Messungen 0.095884 Sekunden gebraucht
169
bei T=2.712000 haben 10240 Messungen 0.096890 Sekunden gebraucht
170
bei T=2.720000 haben 10240 Messungen 0.096098 Sekunden gebraucht
171
bei T=2.728000 haben 10240 Messungen 0.138019 Sekunden gebraucht
172
bei T=2.736000 haben 10240 Messungen 0.096144 Sekunden gebraucht
173
bei T=2.744000 haben 10240 Messungen 0.142966 Sekunden gebraucht
174
bei T=2.752000 haben 10240 Messungen 0.096233 Sekunden gebraucht
175
bei T=2.760000 haben 10240 Messungen 0.098564 Sekunden gebraucht
176
bei T=2.768000 haben 10240 Messungen 0.138626 Sekunden gebraucht
177
bei T=2.776000 haben 10240 Messungen 0.097300 Sekunden gebraucht
178
bei T=2.784000 haben 10240 Messungen 0.120608 Sekunden gebraucht
179
bei T=2.792000 haben 10240 Messungen 0.096889 Sekunden gebraucht
180
bei T=2.800000 haben 10240 Messungen 0.096624 Sekunden gebraucht
181
bei T=2.808000 haben 10240 Messungen 0.097429 Sekunden gebraucht
182
bei T=2.816000 haben 10240 Messungen 0.096598 Sekunden gebraucht
183
bei T=2.824000 haben 10240 Messungen 0.096804 Sekunden gebraucht
184
bei T=2.832000 haben 10240 Messungen 0.096907 Sekunden gebraucht
185
bei T=2.840000 haben 10240 Messungen 0.102241 Sekunden gebraucht
186
bei T=2.848000 haben 10240 Messungen 0.096923 Sekunden gebraucht
187
bei T=2.856000 haben 10240 Messungen 0.097752 Sekunden gebraucht
188
bei T=2.864000 haben 10240 Messungen 0.142938 Sekunden gebraucht
189
bei T=2.872000 haben 10240 Messungen 0.100106 Sekunden gebraucht
190
bei T=2.880000 haben 10240 Messungen 0.097016 Sekunden gebraucht
191
bei T=2.888000 haben 10240 Messungen 0.097139 Sekunden gebraucht
192
bei T=2.896000 haben 10240 Messungen 0.097139 Sekunden gebraucht
193
bei T=2.904000 haben 10240 Messungen 0.145659 Sekunden gebraucht
194
bei T=2.912000 haben 10240 Messungen 0.097062 Sekunden gebraucht
195
bei T=2.920000 haben 10240 Messungen 0.097749 Sekunden gebraucht
196
bei T=2.928000 haben 10240 Messungen 0.097295 Sekunden gebraucht
197
bei T=2.936000 haben 10240 Messungen 0.098075 Sekunden gebraucht
198
bei T=2.944000 haben 10240 Messungen 0.097858 Sekunden gebraucht
199
bei T=2.952000 haben 10240 Messungen 0.142560 Sekunden gebraucht
200
bei T=2.960000 haben 10240 Messungen 0.097437 Sekunden gebraucht
201
bei T=2.968000 haben 10240 Messungen 0.162307 Sekunden gebraucht
202
bei T=2.976000 haben 10240 Messungen 0.102753 Sekunden gebraucht
203
bei T=2.984000 haben 10240 Messungen 0.144576 Sekunden gebraucht
204
bei T=2.992000 haben 10240 Messungen 0.097452 Sekunden gebraucht
205
bei T=3.000000 haben 10240 Messungen 0.109285 Sekunden gebraucht
206
bei T=3.008000 haben 10240 Messungen 0.108797 Sekunden gebraucht
207
bei T=3.016000 haben 10240 Messungen 0.109316 Sekunden gebraucht
208
bei T=3.024000 haben 10240 Messungen 0.145244 Sekunden gebraucht
209
bei T=3.032000 haben 10240 Messungen 0.113711 Sekunden gebraucht
Insgesamt hat das Messen 21.325472 Sekunden gebraucht
Insgesamt hat das Bootstrapping 224.862334 Sekunden gebraucht
Insgesamt hat das Programm 317.197487 Sekunden gebraucht
/hiskp4/gross/bachelorarbeit
