Fri Jul  3 11:45:26 CEST 2020 Waiting for 30 seconds before starting the job to allow the node to settle down
Fri Jul  3 11:45:56 CEST 2020 Waiting done, starting task!
Fri Jul  3 11:45:56 CEST 2020 Waiting for 30 seconds before starting the job to allow the node to settle down
Fri Jul  3 11:46:26 CEST 2020 Waiting done, starting task!
Ende array
0
bei T=0.050000 haben 10240 Messungen 0.186668 Sekunden gebraucht
1
bei T=0.150000 haben 10240 Messungen 0.161147 Sekunden gebraucht
2
bei T=0.250000 haben 10240 Messungen 0.193613 Sekunden gebraucht
3
bei T=0.350000 haben 10240 Messungen 0.192616 Sekunden gebraucht
4
bei T=0.450000 haben 10240 Messungen 0.193002 Sekunden gebraucht
5
bei T=0.550000 haben 10240 Messungen 0.192529 Sekunden gebraucht
6
bei T=0.650000 haben 10240 Messungen 0.184849 Sekunden gebraucht
7
bei T=0.750000 haben 10240 Messungen 0.179469 Sekunden gebraucht
8
bei T=0.850000 haben 10240 Messungen 0.173184 Sekunden gebraucht
9
bei T=0.950000 haben 10240 Messungen 0.160069 Sekunden gebraucht
10
bei T=1.050000 haben 10240 Messungen 0.191080 Sekunden gebraucht
11
bei T=1.150000 haben 10240 Messungen 0.145807 Sekunden gebraucht
12
bei T=1.250000 haben 10240 Messungen 0.152883 Sekunden gebraucht
13
bei T=1.350000 haben 10240 Messungen 0.159828 Sekunden gebraucht
14
bei T=1.450000 haben 10240 Messungen 0.183193 Sekunden gebraucht
15
bei T=1.550000 haben 10240 Messungen 0.189475 Sekunden gebraucht
16
bei T=1.650000 haben 10240 Messungen 0.159462 Sekunden gebraucht
17
bei T=1.750000 haben 10240 Messungen 0.191939 Sekunden gebraucht
18
bei T=1.850000 haben 10240 Messungen 0.212983 Sekunden gebraucht
19
bei T=1.950000 haben 10240 Messungen 0.149060 Sekunden gebraucht
20
bei T=2.000000 haben 10240 Messungen 0.170974 Sekunden gebraucht
21
bei T=2.008000 haben 10240 Messungen 0.199466 Sekunden gebraucht
22
bei T=2.016000 haben 10240 Messungen 0.133523 Sekunden gebraucht
23
bei T=2.024000 haben 10240 Messungen 0.166542 Sekunden gebraucht
24
bei T=2.032000 haben 10240 Messungen 0.194058 Sekunden gebraucht
25
bei T=2.040000 haben 10240 Messungen 0.196669 Sekunden gebraucht
26
bei T=2.048000 haben 10240 Messungen 0.201114 Sekunden gebraucht
27
bei T=2.056000 haben 10240 Messungen 0.172655 Sekunden gebraucht
28
bei T=2.064000 haben 10240 Messungen 0.166337 Sekunden gebraucht
29
bei T=2.072000 haben 10240 Messungen 0.204254 Sekunden gebraucht
30
bei T=2.080000 haben 10240 Messungen 0.171300 Sekunden gebraucht
31
bei T=2.088000 haben 10240 Messungen 0.198470 Sekunden gebraucht
32
bei T=2.096000 haben 10240 Messungen 0.175884 Sekunden gebraucht
33
bei T=2.104000 haben 10240 Messungen 0.183233 Sekunden gebraucht
34
bei T=2.112000 haben 10240 Messungen 0.186383 Sekunden gebraucht
35
bei T=2.120000 haben 10240 Messungen 0.207764 Sekunden gebraucht
36
bei T=2.128000 haben 10240 Messungen 0.157917 Sekunden gebraucht
37
bei T=2.136000 haben 10240 Messungen 0.205754 Sekunden gebraucht
38
bei T=2.144000 haben 10240 Messungen 0.205179 Sekunden gebraucht
39
bei T=2.152000 haben 10240 Messungen 0.205884 Sekunden gebraucht
40
bei T=2.160000 haben 10240 Messungen 0.184593 Sekunden gebraucht
41
bei T=2.168000 haben 10240 Messungen 0.200450 Sekunden gebraucht
42
bei T=2.176000 haben 10240 Messungen 0.139697 Sekunden gebraucht
43
bei T=2.184000 haben 10240 Messungen 0.135599 Sekunden gebraucht
44
bei T=2.192000 haben 10240 Messungen 0.178517 Sekunden gebraucht
45
bei T=2.200000 haben 10240 Messungen 0.179646 Sekunden gebraucht
46
bei T=2.208000 haben 10240 Messungen 0.176468 Sekunden gebraucht
47
bei T=2.216000 haben 10240 Messungen 0.214013 Sekunden gebraucht
48
bei T=2.224000 haben 10240 Messungen 0.207627 Sekunden gebraucht
49
bei T=2.226000 haben 10240 Messungen 0.181765 Sekunden gebraucht
50
bei T=2.228000 haben 10240 Messungen 0.213483 Sekunden gebraucht
51
bei T=2.230000 haben 10240 Messungen 0.207329 Sekunden gebraucht
52
bei T=2.232000 haben 10240 Messungen 0.207459 Sekunden gebraucht
53
bei T=2.234000 haben 10240 Messungen 0.179378 Sekunden gebraucht
54
bei T=2.236000 haben 10240 Messungen 0.180143 Sekunden gebraucht
55
bei T=2.238000 haben 10240 Messungen 0.211417 Sekunden gebraucht
56
bei T=2.240000 haben 10240 Messungen 0.216199 Sekunden gebraucht
57
bei T=2.242000 haben 10240 Messungen 0.189933 Sekunden gebraucht
58
bei T=2.244000 haben 10240 Messungen 0.164442 Sekunden gebraucht
59
bei T=2.246000 haben 10240 Messungen 0.196586 Sekunden gebraucht
60
bei T=2.248000 haben 10240 Messungen 0.191886 Sekunden gebraucht
61
bei T=2.250000 haben 10240 Messungen 0.195056 Sekunden gebraucht
62
bei T=2.252000 haben 10240 Messungen 0.106808 Sekunden gebraucht
63
bei T=2.254000 haben 10240 Messungen 0.156988 Sekunden gebraucht
64
bei T=2.256000 haben 10240 Messungen 0.213825 Sekunden gebraucht
65
bei T=2.258000 haben 10240 Messungen 0.184744 Sekunden gebraucht
66
bei T=2.260000 haben 10240 Messungen 0.219325 Sekunden gebraucht
67
bei T=2.262000 haben 10240 Messungen 0.213778 Sekunden gebraucht
68
bei T=2.264000 haben 10240 Messungen 0.191589 Sekunden gebraucht
69
bei T=2.266000 haben 10240 Messungen 0.218816 Sekunden gebraucht
70
bei T=2.268000 haben 10240 Messungen 0.197654 Sekunden gebraucht
71
bei T=2.270000 haben 10240 Messungen 0.214714 Sekunden gebraucht
72
bei T=2.272000 haben 10240 Messungen 0.191957 Sekunden gebraucht
73
bei T=2.274000 haben 10240 Messungen 0.102207 Sekunden gebraucht
74
bei T=2.276000 haben 10240 Messungen 0.205741 Sekunden gebraucht
75
bei T=2.278000 haben 10240 Messungen 0.210058 Sekunden gebraucht
76
bei T=2.280000 haben 10240 Messungen 0.212811 Sekunden gebraucht
77
bei T=2.282000 haben 10240 Messungen 0.195137 Sekunden gebraucht
78
bei T=2.284000 haben 10240 Messungen 0.219312 Sekunden gebraucht
79
bei T=2.286000 haben 10240 Messungen 0.211147 Sekunden gebraucht
80
bei T=2.288000 haben 10240 Messungen 0.209778 Sekunden gebraucht
81
bei T=2.290000 haben 10240 Messungen 0.223247 Sekunden gebraucht
82
bei T=2.292000 haben 10240 Messungen 0.186066 Sekunden gebraucht
83
bei T=2.294000 haben 10240 Messungen 0.105835 Sekunden gebraucht
84
bei T=2.296000 haben 10240 Messungen 0.194312 Sekunden gebraucht
85
bei T=2.298000 haben 10240 Messungen 0.210896 Sekunden gebraucht
86
bei T=2.300000 haben 10240 Messungen 0.150905 Sekunden gebraucht
87
bei T=2.302000 haben 10240 Messungen 0.216589 Sekunden gebraucht
88
bei T=2.304000 haben 10240 Messungen 0.222145 Sekunden gebraucht
89
bei T=2.306000 haben 10240 Messungen 0.184436 Sekunden gebraucht
90
bei T=2.308000 haben 10240 Messungen 0.211835 Sekunden gebraucht
91
bei T=2.310000 haben 10240 Messungen 0.212114 Sekunden gebraucht
92
bei T=2.312000 haben 10240 Messungen 0.185907 Sekunden gebraucht
93
bei T=2.314000 haben 10240 Messungen 0.216418 Sekunden gebraucht
94
bei T=2.316000 haben 10240 Messungen 0.237402 Sekunden gebraucht
95
bei T=2.318000 haben 10240 Messungen 0.214250 Sekunden gebraucht
96
bei T=2.320000 haben 10240 Messungen 0.189040 Sekunden gebraucht
97
bei T=2.322000 haben 10240 Messungen 0.218179 Sekunden gebraucht
98
bei T=2.324000 haben 10240 Messungen 0.216291 Sekunden gebraucht
99
bei T=2.326000 haben 10240 Messungen 0.221226 Sekunden gebraucht
100
bei T=2.328000 haben 10240 Messungen 0.194767 Sekunden gebraucht
101
bei T=2.330000 haben 10240 Messungen 0.170480 Sekunden gebraucht
102
bei T=2.332000 haben 10240 Messungen 0.217971 Sekunden gebraucht
103
bei T=2.334000 haben 10240 Messungen 0.186058 Sekunden gebraucht
104
bei T=2.336000 haben 10240 Messungen 0.188091 Sekunden gebraucht
105
bei T=2.338000 haben 10240 Messungen 0.214279 Sekunden gebraucht
106
bei T=2.340000 haben 10240 Messungen 0.223341 Sekunden gebraucht
107
bei T=2.342000 haben 10240 Messungen 0.217301 Sekunden gebraucht
108
bei T=2.344000 haben 10240 Messungen 0.189654 Sekunden gebraucht
109
bei T=2.346000 haben 10240 Messungen 0.191307 Sekunden gebraucht
110
bei T=2.348000 haben 10240 Messungen 0.150561 Sekunden gebraucht
111
bei T=2.350000 haben 10240 Messungen 0.227690 Sekunden gebraucht
112
bei T=2.352000 haben 10240 Messungen 0.222660 Sekunden gebraucht
113
bei T=2.354000 haben 10240 Messungen 0.214949 Sekunden gebraucht
114
bei T=2.356000 haben 10240 Messungen 0.189730 Sekunden gebraucht
115
bei T=2.358000 haben 10240 Messungen 0.190713 Sekunden gebraucht
116
bei T=2.360000 haben 10240 Messungen 0.217099 Sekunden gebraucht
117
bei T=2.362000 haben 10240 Messungen 0.229347 Sekunden gebraucht
118
bei T=2.364000 haben 10240 Messungen 0.192915 Sekunden gebraucht
119
bei T=2.366000 haben 10240 Messungen 0.200502 Sekunden gebraucht
120
bei T=2.368000 haben 10240 Messungen 0.160885 Sekunden gebraucht
121
bei T=2.370000 haben 10240 Messungen 0.224574 Sekunden gebraucht
122
bei T=2.372000 haben 10240 Messungen 0.220748 Sekunden gebraucht
123
bei T=2.374000 haben 10240 Messungen 0.217511 Sekunden gebraucht
124
bei T=2.376000 haben 10240 Messungen 0.104067 Sekunden gebraucht
125
bei T=2.378000 haben 10240 Messungen 0.219981 Sekunden gebraucht
126
bei T=2.380000 haben 10240 Messungen 0.220184 Sekunden gebraucht
127
bei T=2.382000 haben 10240 Messungen 0.225177 Sekunden gebraucht
128
bei T=2.384000 haben 10240 Messungen 0.193532 Sekunden gebraucht
129
bei T=2.386000 haben 10240 Messungen 0.191762 Sekunden gebraucht
130
bei T=2.388000 haben 10240 Messungen 0.194385 Sekunden gebraucht
131
bei T=2.390000 haben 10240 Messungen 0.105001 Sekunden gebraucht
132
bei T=2.392000 haben 10240 Messungen 0.105070 Sekunden gebraucht
133
bei T=2.394000 haben 10240 Messungen 0.192389 Sekunden gebraucht
134
bei T=2.396000 haben 10240 Messungen 0.246554 Sekunden gebraucht
135
bei T=2.398000 haben 10240 Messungen 0.221447 Sekunden gebraucht
136
bei T=2.400000 haben 10240 Messungen 0.229511 Sekunden gebraucht
137
bei T=2.408000 haben 10240 Messungen 0.221033 Sekunden gebraucht
138
bei T=2.416000 haben 10240 Messungen 0.220003 Sekunden gebraucht
139
bei T=2.424000 haben 10240 Messungen 0.231472 Sekunden gebraucht
140
bei T=2.432000 haben 10240 Messungen 0.214393 Sekunden gebraucht
141
bei T=2.440000 haben 10240 Messungen 0.220961 Sekunden gebraucht
142
bei T=2.448000 haben 10240 Messungen 0.195762 Sekunden gebraucht
143
bei T=2.456000 haben 10240 Messungen 0.225442 Sekunden gebraucht
144
bei T=2.464000 haben 10240 Messungen 0.198636 Sekunden gebraucht
145
bei T=2.472000 haben 10240 Messungen 0.217993 Sekunden gebraucht
146
bei T=2.480000 haben 10240 Messungen 0.226337 Sekunden gebraucht
147
bei T=2.488000 haben 10240 Messungen 0.201763 Sekunden gebraucht
148
bei T=2.496000 haben 10240 Messungen 0.155833 Sekunden gebraucht
149
bei T=2.504000 haben 10240 Messungen 0.226982 Sekunden gebraucht
150
bei T=2.512000 haben 10240 Messungen 0.224539 Sekunden gebraucht
151
bei T=2.520000 haben 10240 Messungen 0.201100 Sekunden gebraucht
152
bei T=2.528000 haben 10240 Messungen 0.230483 Sekunden gebraucht
153
bei T=2.536000 haben 10240 Messungen 0.204607 Sekunden gebraucht
154
bei T=2.544000 haben 10240 Messungen 0.232609 Sekunden gebraucht
155
bei T=2.552000 haben 10240 Messungen 0.216133 Sekunden gebraucht
156
bei T=2.560000 haben 10240 Messungen 0.227213 Sekunden gebraucht
157
bei T=2.568000 haben 10240 Messungen 0.227317 Sekunden gebraucht
158
bei T=2.576000 haben 10240 Messungen 0.226970 Sekunden gebraucht
159
bei T=2.584000 haben 10240 Messungen 0.217047 Sekunden gebraucht
160
bei T=2.592000 haben 10240 Messungen 0.207340 Sekunden gebraucht
161
bei T=2.600000 haben 10240 Messungen 0.206922 Sekunden gebraucht
162
bei T=2.608000 haben 10240 Messungen 0.208799 Sekunden gebraucht
163
bei T=2.616000 haben 10240 Messungen 0.207541 Sekunden gebraucht
164
bei T=2.624000 haben 10240 Messungen 0.218065 Sekunden gebraucht
165
bei T=2.632000 haben 10240 Messungen 0.213595 Sekunden gebraucht
166
bei T=2.640000 haben 10240 Messungen 0.157653 Sekunden gebraucht
167
bei T=2.648000 haben 10240 Messungen 0.166700 Sekunden gebraucht
168
bei T=2.656000 haben 10240 Messungen 0.192156 Sekunden gebraucht
169
bei T=2.664000 haben 10240 Messungen 0.231496 Sekunden gebraucht
170
bei T=2.672000 haben 10240 Messungen 0.234361 Sekunden gebraucht
171
bei T=2.680000 haben 10240 Messungen 0.216836 Sekunden gebraucht
172
bei T=2.688000 haben 10240 Messungen 0.240012 Sekunden gebraucht
173
bei T=2.696000 haben 10240 Messungen 0.109470 Sekunden gebraucht
174
bei T=2.704000 haben 10240 Messungen 0.213297 Sekunden gebraucht
175
bei T=2.712000 haben 10240 Messungen 0.211438 Sekunden gebraucht
176
bei T=2.720000 haben 10240 Messungen 0.235649 Sekunden gebraucht
177
bei T=2.728000 haben 10240 Messungen 0.189955 Sekunden gebraucht
178
bei T=2.736000 haben 10240 Messungen 0.191322 Sekunden gebraucht
179
bei T=2.744000 haben 10240 Messungen 0.180429 Sekunden gebraucht
180
bei T=2.752000 haben 10240 Messungen 0.212626 Sekunden gebraucht
181
bei T=2.760000 haben 10240 Messungen 0.240579 Sekunden gebraucht
182
bei T=2.792000 haben 10240 Messungen 0.191132 Sekunden gebraucht
183
bei T=2.824000 haben 10240 Messungen 0.216511 Sekunden gebraucht
184
bei T=2.856000 haben 10240 Messungen 0.217698 Sekunden gebraucht
185
bei T=2.888000 haben 10240 Messungen 0.235264 Sekunden gebraucht
186
bei T=2.920000 haben 10240 Messungen 0.218448 Sekunden gebraucht
187
bei T=2.952000 haben 10240 Messungen 0.233519 Sekunden gebraucht
188
bei T=2.984000 haben 10240 Messungen 0.177521 Sekunden gebraucht
189
bei T=3.016000 haben 10240 Messungen 0.259363 Sekunden gebraucht
190
bei T=3.048000 haben 10240 Messungen 0.235783 Sekunden gebraucht
191
bei T=3.080000 haben 10240 Messungen 0.276329 Sekunden gebraucht
192
bei T=3.112000 haben 10240 Messungen 0.263710 Sekunden gebraucht
193
bei T=3.144000 haben 10240 Messungen 0.291306 Sekunden gebraucht
194
bei T=3.176000 haben 10240 Messungen 0.279482 Sekunden gebraucht
195
bei T=3.208000 haben 10240 Messungen 0.291717 Sekunden gebraucht
196
bei T=3.240000 haben 10240 Messungen 0.278005 Sekunden gebraucht
197
bei T=3.272000 haben 10240 Messungen 0.279373 Sekunden gebraucht
198
bei T=3.304000 haben 10240 Messungen 0.239494 Sekunden gebraucht
199
bei T=3.336000 haben 10240 Messungen 0.280220 Sekunden gebraucht
200
bei T=3.368000 haben 10240 Messungen 0.283588 Sekunden gebraucht
201
bei T=3.400000 haben 10240 Messungen 0.266645 Sekunden gebraucht
202
bei T=3.432000 haben 10240 Messungen 0.271629 Sekunden gebraucht
203
bei T=3.464000 haben 10240 Messungen 0.287985 Sekunden gebraucht
204
bei T=3.496000 haben 10240 Messungen 0.182909 Sekunden gebraucht
205
bei T=3.528000 haben 10240 Messungen 0.206520 Sekunden gebraucht
206
bei T=3.560000 haben 10240 Messungen 0.282345 Sekunden gebraucht
207
bei T=3.592000 haben 10240 Messungen 0.263121 Sekunden gebraucht
208
bei T=3.624000 haben 10240 Messungen 0.281032 Sekunden gebraucht
209
bei T=3.656000 haben 10240 Messungen 0.262389 Sekunden gebraucht
Insgesamt hat das Messen 42.707484 Sekunden gebraucht
Insgesamt hat das Bootstrapping 298.416567 Sekunden gebraucht
Insgesamt hat das Programm 445.086511 Sekunden gebraucht
/hiskp4/gross/bachelorarbeit
