Thu Jul  2 20:47:49 CEST 2020 Waiting for 30 seconds before starting the job to allow the node to settle down
Thu Jul  2 20:48:19 CEST 2020 Waiting done, starting task!
Thu Jul  2 20:48:19 CEST 2020 Waiting for 30 seconds before starting the job to allow the node to settle down
Thu Jul  2 20:48:49 CEST 2020 Waiting done, starting task!
Ende array
0
bei T=0.100000 haben 10240 Messungen 0.417836 Sekunden gebraucht
1
bei T=0.300000 haben 10240 Messungen 0.606886 Sekunden gebraucht
2
bei T=0.500000 haben 10240 Messungen 0.628168 Sekunden gebraucht
3
bei T=0.700000 haben 10240 Messungen 0.643656 Sekunden gebraucht
4
bei T=0.900000 haben 10240 Messungen 0.555178 Sekunden gebraucht
5
bei T=1.100000 haben 10240 Messungen 0.636039 Sekunden gebraucht
6
bei T=1.300000 haben 10240 Messungen 0.654018 Sekunden gebraucht
7
bei T=1.500000 haben 10240 Messungen 0.596257 Sekunden gebraucht
8
bei T=1.700000 haben 10240 Messungen 0.614882 Sekunden gebraucht
9
bei T=1.900000 haben 10240 Messungen 0.614853 Sekunden gebraucht
10
bei T=2.000000 haben 10240 Messungen 0.572755 Sekunden gebraucht
11
bei T=2.008000 haben 10240 Messungen 0.604272 Sekunden gebraucht
12
bei T=2.016000 haben 10240 Messungen 0.596677 Sekunden gebraucht
13
bei T=2.024000 haben 10240 Messungen 0.621496 Sekunden gebraucht
14
bei T=2.032000 haben 10240 Messungen 0.629388 Sekunden gebraucht
15
bei T=2.040000 haben 10240 Messungen 0.597229 Sekunden gebraucht
16
bei T=2.048000 haben 10240 Messungen 0.562764 Sekunden gebraucht
17
bei T=2.056000 haben 10240 Messungen 0.697045 Sekunden gebraucht
18
bei T=2.064000 haben 10240 Messungen 0.370510 Sekunden gebraucht
19
bei T=2.072000 haben 10240 Messungen 0.392382 Sekunden gebraucht
20
bei T=2.080000 haben 10240 Messungen 0.373587 Sekunden gebraucht
21
bei T=2.088000 haben 10240 Messungen 0.371592 Sekunden gebraucht
22
bei T=2.096000 haben 10240 Messungen 0.374305 Sekunden gebraucht
23
bei T=2.104000 haben 10240 Messungen 0.539042 Sekunden gebraucht
24
bei T=2.112000 haben 10240 Messungen 0.571016 Sekunden gebraucht
25
bei T=2.120000 haben 10240 Messungen 0.480032 Sekunden gebraucht
26
bei T=2.128000 haben 10240 Messungen 0.545285 Sekunden gebraucht
27
bei T=2.136000 haben 10240 Messungen 0.529726 Sekunden gebraucht
28
bei T=2.144000 haben 10240 Messungen 0.545211 Sekunden gebraucht
29
bei T=2.152000 haben 10240 Messungen 0.543797 Sekunden gebraucht
30
bei T=2.160000 haben 10240 Messungen 0.549235 Sekunden gebraucht
31
bei T=2.168000 haben 10240 Messungen 0.518772 Sekunden gebraucht
32
bei T=2.176000 haben 10240 Messungen 0.538574 Sekunden gebraucht
33
bei T=2.184000 haben 10240 Messungen 0.505091 Sekunden gebraucht
34
bei T=2.192000 haben 10240 Messungen 0.590989 Sekunden gebraucht
35
bei T=2.200000 haben 10240 Messungen 0.548041 Sekunden gebraucht
36
bei T=2.202000 haben 10240 Messungen 0.601132 Sekunden gebraucht
37
bei T=2.204000 haben 10240 Messungen 0.532511 Sekunden gebraucht
38
bei T=2.206000 haben 10240 Messungen 0.530900 Sekunden gebraucht
39
bei T=2.208000 haben 10240 Messungen 0.649841 Sekunden gebraucht
40
bei T=2.210000 haben 10240 Messungen 0.660048 Sekunden gebraucht
41
bei T=2.212000 haben 10240 Messungen 0.559354 Sekunden gebraucht
42
bei T=2.214000 haben 10240 Messungen 0.533469 Sekunden gebraucht
43
bei T=2.216000 haben 10240 Messungen 0.518425 Sekunden gebraucht
44
bei T=2.218000 haben 10240 Messungen 0.549933 Sekunden gebraucht
45
bei T=2.220000 haben 10240 Messungen 0.560098 Sekunden gebraucht
46
bei T=2.222000 haben 10240 Messungen 0.622121 Sekunden gebraucht
47
bei T=2.224000 haben 10240 Messungen 0.630429 Sekunden gebraucht
48
bei T=2.226000 haben 10240 Messungen 0.634115 Sekunden gebraucht
49
bei T=2.228000 haben 10240 Messungen 0.481465 Sekunden gebraucht
50
bei T=2.230000 haben 10240 Messungen 0.536983 Sekunden gebraucht
51
bei T=2.232000 haben 10240 Messungen 0.722522 Sekunden gebraucht
52
bei T=2.234000 haben 10240 Messungen 0.574541 Sekunden gebraucht
53
bei T=2.236000 haben 10240 Messungen 0.521654 Sekunden gebraucht
54
bei T=2.238000 haben 10240 Messungen 0.521987 Sekunden gebraucht
55
bei T=2.240000 haben 10240 Messungen 0.555973 Sekunden gebraucht
56
bei T=2.242000 haben 10240 Messungen 0.608694 Sekunden gebraucht
57
bei T=2.244000 haben 10240 Messungen 0.526972 Sekunden gebraucht
58
bei T=2.246000 haben 10240 Messungen 0.657209 Sekunden gebraucht
59
bei T=2.248000 haben 10240 Messungen 0.691586 Sekunden gebraucht
60
bei T=2.250000 haben 10240 Messungen 0.646305 Sekunden gebraucht
61
bei T=2.252000 haben 10240 Messungen 0.561275 Sekunden gebraucht
62
bei T=2.254000 haben 10240 Messungen 0.667096 Sekunden gebraucht
63
bei T=2.256000 haben 10240 Messungen 0.544118 Sekunden gebraucht
64
bei T=2.258000 haben 10240 Messungen 0.549839 Sekunden gebraucht
65
bei T=2.260000 haben 10240 Messungen 0.546216 Sekunden gebraucht
66
bei T=2.262000 haben 10240 Messungen 0.552423 Sekunden gebraucht
67
bei T=2.264000 haben 10240 Messungen 0.711556 Sekunden gebraucht
68
bei T=2.266000 haben 10240 Messungen 0.663480 Sekunden gebraucht
69
bei T=2.268000 haben 10240 Messungen 0.563020 Sekunden gebraucht
70
bei T=2.270000 haben 10240 Messungen 0.543757 Sekunden gebraucht
71
bei T=2.272000 haben 10240 Messungen 0.540134 Sekunden gebraucht
72
bei T=2.274000 haben 10240 Messungen 0.540276 Sekunden gebraucht
73
bei T=2.276000 haben 10240 Messungen 0.533011 Sekunden gebraucht
74
bei T=2.278000 haben 10240 Messungen 0.553071 Sekunden gebraucht
75
bei T=2.280000 haben 10240 Messungen 0.539434 Sekunden gebraucht
76
bei T=2.282000 haben 10240 Messungen 0.557547 Sekunden gebraucht
77
bei T=2.284000 haben 10240 Messungen 0.522721 Sekunden gebraucht
78
bei T=2.286000 haben 10240 Messungen 0.535770 Sekunden gebraucht
79
bei T=2.288000 haben 10240 Messungen 0.551148 Sekunden gebraucht
80
bei T=2.290000 haben 10240 Messungen 0.697855 Sekunden gebraucht
81
bei T=2.292000 haben 10240 Messungen 0.544414 Sekunden gebraucht
82
bei T=2.294000 haben 10240 Messungen 0.548365 Sekunden gebraucht
83
bei T=2.296000 haben 10240 Messungen 0.548411 Sekunden gebraucht
84
bei T=2.298000 haben 10240 Messungen 0.657917 Sekunden gebraucht
85
bei T=2.300000 haben 10240 Messungen 0.710471 Sekunden gebraucht
86
bei T=2.302000 haben 10240 Messungen 0.540458 Sekunden gebraucht
87
bei T=2.304000 haben 10240 Messungen 0.555976 Sekunden gebraucht
88
bei T=2.306000 haben 10240 Messungen 0.582821 Sekunden gebraucht
89
bei T=2.308000 haben 10240 Messungen 0.531320 Sekunden gebraucht
90
bei T=2.310000 haben 10240 Messungen 0.532728 Sekunden gebraucht
91
bei T=2.312000 haben 10240 Messungen 0.522800 Sekunden gebraucht
92
bei T=2.314000 haben 10240 Messungen 0.531907 Sekunden gebraucht
93
bei T=2.316000 haben 10240 Messungen 0.552087 Sekunden gebraucht
94
bei T=2.318000 haben 10240 Messungen 0.676396 Sekunden gebraucht
95
bei T=2.320000 haben 10240 Messungen 0.552325 Sekunden gebraucht
96
bei T=2.322000 haben 10240 Messungen 0.681486 Sekunden gebraucht
97
bei T=2.324000 haben 10240 Messungen 0.593986 Sekunden gebraucht
98
bei T=2.326000 haben 10240 Messungen 0.556968 Sekunden gebraucht
99
bei T=2.328000 haben 10240 Messungen 0.562915 Sekunden gebraucht
100
bei T=2.330000 haben 10240 Messungen 0.703738 Sekunden gebraucht
101
bei T=2.332000 haben 10240 Messungen 0.577070 Sekunden gebraucht
102
bei T=2.334000 haben 10240 Messungen 0.566591 Sekunden gebraucht
103
bei T=2.336000 haben 10240 Messungen 0.623356 Sekunden gebraucht
104
bei T=2.338000 haben 10240 Messungen 0.558376 Sekunden gebraucht
105
bei T=2.340000 haben 10240 Messungen 0.550749 Sekunden gebraucht
106
bei T=2.342000 haben 10240 Messungen 0.574421 Sekunden gebraucht
107
bei T=2.344000 haben 10240 Messungen 0.555400 Sekunden gebraucht
108
bei T=2.346000 haben 10240 Messungen 0.509659 Sekunden gebraucht
109
bei T=2.348000 haben 10240 Messungen 0.560361 Sekunden gebraucht
110
bei T=2.350000 haben 10240 Messungen 0.551550 Sekunden gebraucht
111
bei T=2.352000 haben 10240 Messungen 0.533700 Sekunden gebraucht
112
bei T=2.354000 haben 10240 Messungen 0.700216 Sekunden gebraucht
113
bei T=2.356000 haben 10240 Messungen 0.544870 Sekunden gebraucht
114
bei T=2.358000 haben 10240 Messungen 0.532643 Sekunden gebraucht
115
bei T=2.360000 haben 10240 Messungen 0.549267 Sekunden gebraucht
116
bei T=2.362000 haben 10240 Messungen 0.556851 Sekunden gebraucht
117
bei T=2.364000 haben 10240 Messungen 0.525857 Sekunden gebraucht
118
bei T=2.366000 haben 10240 Messungen 0.539515 Sekunden gebraucht
119
bei T=2.368000 haben 10240 Messungen 0.536597 Sekunden gebraucht
120
bei T=2.370000 haben 10240 Messungen 0.551761 Sekunden gebraucht
121
bei T=2.372000 haben 10240 Messungen 0.544807 Sekunden gebraucht
122
bei T=2.374000 haben 10240 Messungen 0.625552 Sekunden gebraucht
123
bei T=2.376000 haben 10240 Messungen 0.572618 Sekunden gebraucht
124
bei T=2.378000 haben 10240 Messungen 0.540223 Sekunden gebraucht
125
bei T=2.380000 haben 10240 Messungen 0.549843 Sekunden gebraucht
126
bei T=2.382000 haben 10240 Messungen 0.559884 Sekunden gebraucht
127
bei T=2.384000 haben 10240 Messungen 0.575340 Sekunden gebraucht
128
bei T=2.386000 haben 10240 Messungen 0.555717 Sekunden gebraucht
129
bei T=2.388000 haben 10240 Messungen 0.534698 Sekunden gebraucht
130
bei T=2.390000 haben 10240 Messungen 0.579782 Sekunden gebraucht
131
bei T=2.392000 haben 10240 Messungen 0.547691 Sekunden gebraucht
132
bei T=2.394000 haben 10240 Messungen 0.642120 Sekunden gebraucht
133
bei T=2.396000 haben 10240 Messungen 0.601193 Sekunden gebraucht
134
bei T=2.398000 haben 10240 Messungen 0.590462 Sekunden gebraucht
135
bei T=2.400000 haben 10240 Messungen 0.572324 Sekunden gebraucht
136
bei T=2.408000 haben 10240 Messungen 0.554304 Sekunden gebraucht
137
bei T=2.416000 haben 10240 Messungen 0.621011 Sekunden gebraucht
138
bei T=2.424000 haben 10240 Messungen 0.624619 Sekunden gebraucht
139
bei T=2.432000 haben 10240 Messungen 0.588981 Sekunden gebraucht
140
bei T=2.440000 haben 10240 Messungen 0.666581 Sekunden gebraucht
141
bei T=2.448000 haben 10240 Messungen 0.655948 Sekunden gebraucht
142
bei T=2.456000 haben 10240 Messungen 0.659727 Sekunden gebraucht
143
bei T=2.464000 haben 10240 Messungen 0.553264 Sekunden gebraucht
144
bei T=2.472000 haben 10240 Messungen 0.535223 Sekunden gebraucht
145
bei T=2.480000 haben 10240 Messungen 0.487325 Sekunden gebraucht
146
bei T=2.488000 haben 10240 Messungen 0.564359 Sekunden gebraucht
147
bei T=2.496000 haben 10240 Messungen 0.488713 Sekunden gebraucht
148
bei T=2.504000 haben 10240 Messungen 0.548418 Sekunden gebraucht
149
bei T=2.512000 haben 10240 Messungen 0.551929 Sekunden gebraucht
150
bei T=2.520000 haben 10240 Messungen 0.597612 Sekunden gebraucht
151
bei T=2.528000 haben 10240 Messungen 0.610755 Sekunden gebraucht
152
bei T=2.536000 haben 10240 Messungen 0.558864 Sekunden gebraucht
153
bei T=2.544000 haben 10240 Messungen 0.542150 Sekunden gebraucht
154
bei T=2.552000 haben 10240 Messungen 0.571296 Sekunden gebraucht
155
bei T=2.560000 haben 10240 Messungen 0.548203 Sekunden gebraucht
156
bei T=2.568000 haben 10240 Messungen 0.563696 Sekunden gebraucht
157
bei T=2.576000 haben 10240 Messungen 0.510057 Sekunden gebraucht
158
bei T=2.584000 haben 10240 Messungen 0.603045 Sekunden gebraucht
159
bei T=2.592000 haben 10240 Messungen 0.601589 Sekunden gebraucht
160
bei T=2.600000 haben 10240 Messungen 0.600322 Sekunden gebraucht
161
bei T=2.608000 haben 10240 Messungen 0.622525 Sekunden gebraucht
162
bei T=2.616000 haben 10240 Messungen 0.515512 Sekunden gebraucht
163
bei T=2.624000 haben 10240 Messungen 0.534204 Sekunden gebraucht
164
bei T=2.632000 haben 10240 Messungen 0.566835 Sekunden gebraucht
165
bei T=2.640000 haben 10240 Messungen 0.544920 Sekunden gebraucht
166
bei T=2.648000 haben 10240 Messungen 0.602244 Sekunden gebraucht
167
bei T=2.656000 haben 10240 Messungen 0.589278 Sekunden gebraucht
168
bei T=2.664000 haben 10240 Messungen 0.687174 Sekunden gebraucht
169
bei T=2.672000 haben 10240 Messungen 0.704361 Sekunden gebraucht
170
bei T=2.680000 haben 10240 Messungen 0.741737 Sekunden gebraucht
171
bei T=2.688000 haben 10240 Messungen 0.727379 Sekunden gebraucht
172
bei T=2.696000 haben 10240 Messungen 0.579283 Sekunden gebraucht
173
bei T=2.704000 haben 10240 Messungen 0.561863 Sekunden gebraucht
174
bei T=2.712000 haben 10240 Messungen 0.561314 Sekunden gebraucht
175
bei T=2.800000 haben 10240 Messungen 0.570532 Sekunden gebraucht
176
bei T=2.820000 haben 10240 Messungen 0.751349 Sekunden gebraucht
177
bei T=2.840000 haben 10240 Messungen 0.559138 Sekunden gebraucht
178
bei T=2.860000 haben 10240 Messungen 0.651872 Sekunden gebraucht
179
bei T=2.880000 haben 10240 Messungen 0.584021 Sekunden gebraucht
180
bei T=2.900000 haben 10240 Messungen 0.577129 Sekunden gebraucht
181
bei T=2.920000 haben 10240 Messungen 0.590740 Sekunden gebraucht
182
bei T=2.940000 haben 10240 Messungen 0.566037 Sekunden gebraucht
183
bei T=2.960000 haben 10240 Messungen 0.509521 Sekunden gebraucht
184
bei T=2.980000 haben 10240 Messungen 0.624275 Sekunden gebraucht
185
bei T=3.000000 haben 10240 Messungen 0.618122 Sekunden gebraucht
186
bei T=3.020000 haben 10240 Messungen 0.604262 Sekunden gebraucht
187
bei T=3.040000 haben 10240 Messungen 0.593402 Sekunden gebraucht
188
bei T=3.060000 haben 10240 Messungen 0.663080 Sekunden gebraucht
189
bei T=3.080000 haben 10240 Messungen 0.623368 Sekunden gebraucht
190
bei T=3.100000 haben 10240 Messungen 0.759595 Sekunden gebraucht
191
bei T=3.120000 haben 10240 Messungen 0.608347 Sekunden gebraucht
192
bei T=3.140000 haben 10240 Messungen 0.666719 Sekunden gebraucht
193
bei T=3.160000 haben 10240 Messungen 0.753079 Sekunden gebraucht
194
bei T=3.180000 haben 10240 Messungen 0.641112 Sekunden gebraucht
195
bei T=3.200000 haben 10240 Messungen 0.754483 Sekunden gebraucht
196
bei T=3.220000 haben 10240 Messungen 0.608448 Sekunden gebraucht
197
bei T=3.240000 haben 10240 Messungen 0.672676 Sekunden gebraucht
198
bei T=3.260000 haben 10240 Messungen 0.621226 Sekunden gebraucht
199
bei T=3.280000 haben 10240 Messungen 0.711381 Sekunden gebraucht
200
bei T=3.300000 haben 10240 Messungen 0.694183 Sekunden gebraucht
201
bei T=3.320000 haben 10240 Messungen 0.750684 Sekunden gebraucht
202
bei T=3.340000 haben 10240 Messungen 0.640793 Sekunden gebraucht
203
bei T=3.360000 haben 10240 Messungen 0.795116 Sekunden gebraucht
204
bei T=3.380000 haben 10240 Messungen 0.701860 Sekunden gebraucht
205
bei T=3.400000 haben 10240 Messungen 0.759927 Sekunden gebraucht
206
bei T=3.420000 haben 10240 Messungen 0.585753 Sekunden gebraucht
207
bei T=3.440000 haben 10240 Messungen 0.793291 Sekunden gebraucht
208
bei T=3.460000 haben 10240 Messungen 0.788402 Sekunden gebraucht
209
bei T=3.480000 haben 10240 Messungen 0.670120 Sekunden gebraucht
Insgesamt hat das Messen 123.327816 Sekunden gebraucht
Insgesamt hat das Bootstrapping 225.929045 Sekunden gebraucht
Insgesamt hat das Programm 601.759625 Sekunden gebraucht
/hiskp4/gross/bachelorarbeit
