Fri Jul  3 16:22:23 CEST 2020 Waiting for 30 seconds before starting the job to allow the node to settle down
Fri Jul  3 16:22:53 CEST 2020 Waiting done, starting task!
Fri Jul  3 16:22:53 CEST 2020 Waiting for 30 seconds before starting the job to allow the node to settle down
Fri Jul  3 16:23:23 CEST 2020 Waiting done, starting task!
Ende array
0
bei T=0.050000 haben 10240 Messungen 0.270185 Sekunden gebraucht
1
bei T=0.150000 haben 10240 Messungen 0.276399 Sekunden gebraucht
2
bei T=0.250000 haben 10240 Messungen 0.273396 Sekunden gebraucht
3
bei T=0.350000 haben 10240 Messungen 0.283748 Sekunden gebraucht
4
bei T=0.450000 haben 10240 Messungen 0.283046 Sekunden gebraucht
5
bei T=0.550000 haben 10240 Messungen 0.274361 Sekunden gebraucht
6
bei T=0.650000 haben 10240 Messungen 0.274948 Sekunden gebraucht
7
bei T=0.750000 haben 10240 Messungen 0.291049 Sekunden gebraucht
8
bei T=0.850000 haben 10240 Messungen 0.280276 Sekunden gebraucht
9
bei T=0.950000 haben 10240 Messungen 0.274632 Sekunden gebraucht
10
bei T=1.050000 haben 10240 Messungen 0.282256 Sekunden gebraucht
11
bei T=1.150000 haben 10240 Messungen 0.248279 Sekunden gebraucht
12
bei T=1.250000 haben 10240 Messungen 0.278844 Sekunden gebraucht
13
bei T=1.350000 haben 10240 Messungen 0.227272 Sekunden gebraucht
14
bei T=1.450000 haben 10240 Messungen 0.306328 Sekunden gebraucht
15
bei T=1.550000 haben 10240 Messungen 0.317282 Sekunden gebraucht
16
bei T=1.650000 haben 10240 Messungen 0.257473 Sekunden gebraucht
17
bei T=1.750000 haben 10240 Messungen 0.267699 Sekunden gebraucht
18
bei T=1.850000 haben 10240 Messungen 0.298086 Sekunden gebraucht
19
bei T=1.950000 haben 10240 Messungen 0.313661 Sekunden gebraucht
20
bei T=2.000000 haben 10240 Messungen 0.300544 Sekunden gebraucht
21
bei T=2.008000 haben 10240 Messungen 0.309618 Sekunden gebraucht
22
bei T=2.016000 haben 10240 Messungen 0.320004 Sekunden gebraucht
23
bei T=2.024000 haben 10240 Messungen 0.333978 Sekunden gebraucht
24
bei T=2.032000 haben 10240 Messungen 0.302430 Sekunden gebraucht
25
bei T=2.040000 haben 10240 Messungen 0.304303 Sekunden gebraucht
26
bei T=2.048000 haben 10240 Messungen 0.317155 Sekunden gebraucht
27
bei T=2.056000 haben 10240 Messungen 0.307974 Sekunden gebraucht
28
bei T=2.064000 haben 10240 Messungen 0.305352 Sekunden gebraucht
29
bei T=2.072000 haben 10240 Messungen 0.309770 Sekunden gebraucht
30
bei T=2.080000 haben 10240 Messungen 0.287174 Sekunden gebraucht
31
bei T=2.088000 haben 10240 Messungen 0.304967 Sekunden gebraucht
32
bei T=2.096000 haben 10240 Messungen 0.298868 Sekunden gebraucht
33
bei T=2.104000 haben 10240 Messungen 0.292102 Sekunden gebraucht
34
bei T=2.112000 haben 10240 Messungen 0.298258 Sekunden gebraucht
35
bei T=2.120000 haben 10240 Messungen 0.336614 Sekunden gebraucht
36
bei T=2.128000 haben 10240 Messungen 0.320076 Sekunden gebraucht
37
bei T=2.136000 haben 10240 Messungen 0.349535 Sekunden gebraucht
38
bei T=2.144000 haben 10240 Messungen 0.346743 Sekunden gebraucht
39
bei T=2.152000 haben 10240 Messungen 0.310678 Sekunden gebraucht
40
bei T=2.160000 haben 10240 Messungen 0.338409 Sekunden gebraucht
41
bei T=2.168000 haben 10240 Messungen 0.315747 Sekunden gebraucht
42
bei T=2.176000 haben 10240 Messungen 0.314469 Sekunden gebraucht
43
bei T=2.184000 haben 10240 Messungen 0.323450 Sekunden gebraucht
44
bei T=2.192000 haben 10240 Messungen 0.316680 Sekunden gebraucht
45
bei T=2.200000 haben 10240 Messungen 0.319067 Sekunden gebraucht
46
bei T=2.208000 haben 10240 Messungen 0.325544 Sekunden gebraucht
47
bei T=2.216000 haben 10240 Messungen 0.329613 Sekunden gebraucht
48
bei T=2.224000 haben 10240 Messungen 0.320333 Sekunden gebraucht
49
bei T=2.226000 haben 10240 Messungen 0.328073 Sekunden gebraucht
50
bei T=2.228000 haben 10240 Messungen 0.354124 Sekunden gebraucht
51
bei T=2.230000 haben 10240 Messungen 0.326263 Sekunden gebraucht
52
bei T=2.232000 haben 10240 Messungen 0.353893 Sekunden gebraucht
53
bei T=2.234000 haben 10240 Messungen 0.325004 Sekunden gebraucht
54
bei T=2.236000 haben 10240 Messungen 0.323367 Sekunden gebraucht
55
bei T=2.238000 haben 10240 Messungen 0.324969 Sekunden gebraucht
56
bei T=2.240000 haben 10240 Messungen 0.325775 Sekunden gebraucht
57
bei T=2.242000 haben 10240 Messungen 0.325386 Sekunden gebraucht
58
bei T=2.244000 haben 10240 Messungen 0.324848 Sekunden gebraucht
59
bei T=2.246000 haben 10240 Messungen 0.329140 Sekunden gebraucht
60
bei T=2.248000 haben 10240 Messungen 0.326469 Sekunden gebraucht
61
bei T=2.250000 haben 10240 Messungen 0.324246 Sekunden gebraucht
62
bei T=2.252000 haben 10240 Messungen 0.323184 Sekunden gebraucht
63
bei T=2.254000 haben 10240 Messungen 0.303808 Sekunden gebraucht
64
bei T=2.256000 haben 10240 Messungen 0.313151 Sekunden gebraucht
65
bei T=2.258000 haben 10240 Messungen 0.298671 Sekunden gebraucht
66
bei T=2.260000 haben 10240 Messungen 0.318832 Sekunden gebraucht
67
bei T=2.262000 haben 10240 Messungen 0.336153 Sekunden gebraucht
68
bei T=2.264000 haben 10240 Messungen 0.325754 Sekunden gebraucht
69
bei T=2.266000 haben 10240 Messungen 0.289056 Sekunden gebraucht
70
bei T=2.268000 haben 10240 Messungen 0.310318 Sekunden gebraucht
71
bei T=2.270000 haben 10240 Messungen 0.289300 Sekunden gebraucht
72
bei T=2.272000 haben 10240 Messungen 0.300778 Sekunden gebraucht
73
bei T=2.274000 haben 10240 Messungen 0.278316 Sekunden gebraucht
74
bei T=2.276000 haben 10240 Messungen 0.299894 Sekunden gebraucht
75
bei T=2.278000 haben 10240 Messungen 0.307783 Sekunden gebraucht
76
bei T=2.280000 haben 10240 Messungen 0.294341 Sekunden gebraucht
77
bei T=2.282000 haben 10240 Messungen 0.295999 Sekunden gebraucht
78
bei T=2.284000 haben 10240 Messungen 0.290457 Sekunden gebraucht
79
bei T=2.286000 haben 10240 Messungen 0.307428 Sekunden gebraucht
80
bei T=2.288000 haben 10240 Messungen 0.276965 Sekunden gebraucht
81
bei T=2.290000 haben 10240 Messungen 0.288364 Sekunden gebraucht
82
bei T=2.292000 haben 10240 Messungen 0.310338 Sekunden gebraucht
83
bei T=2.294000 haben 10240 Messungen 0.303862 Sekunden gebraucht
84
bei T=2.296000 haben 10240 Messungen 0.308406 Sekunden gebraucht
85
bei T=2.298000 haben 10240 Messungen 0.296372 Sekunden gebraucht
86
bei T=2.300000 haben 10240 Messungen 0.333601 Sekunden gebraucht
87
bei T=2.302000 haben 10240 Messungen 0.331899 Sekunden gebraucht
88
bei T=2.304000 haben 10240 Messungen 0.331373 Sekunden gebraucht
89
bei T=2.306000 haben 10240 Messungen 0.334086 Sekunden gebraucht
90
bei T=2.308000 haben 10240 Messungen 0.332720 Sekunden gebraucht
91
bei T=2.310000 haben 10240 Messungen 0.336877 Sekunden gebraucht
92
bei T=2.312000 haben 10240 Messungen 0.339167 Sekunden gebraucht
93
bei T=2.314000 haben 10240 Messungen 0.334240 Sekunden gebraucht
94
bei T=2.316000 haben 10240 Messungen 0.343635 Sekunden gebraucht
95
bei T=2.318000 haben 10240 Messungen 0.323753 Sekunden gebraucht
96
bei T=2.320000 haben 10240 Messungen 0.341884 Sekunden gebraucht
97
bei T=2.322000 haben 10240 Messungen 0.342500 Sekunden gebraucht
98
bei T=2.324000 haben 10240 Messungen 0.342786 Sekunden gebraucht
99
bei T=2.326000 haben 10240 Messungen 0.337242 Sekunden gebraucht
100
bei T=2.328000 haben 10240 Messungen 0.346211 Sekunden gebraucht
101
bei T=2.330000 haben 10240 Messungen 0.322432 Sekunden gebraucht
102
bei T=2.332000 haben 10240 Messungen 0.323034 Sekunden gebraucht
103
bei T=2.334000 haben 10240 Messungen 0.337266 Sekunden gebraucht
104
bei T=2.336000 haben 10240 Messungen 0.341837 Sekunden gebraucht
105
bei T=2.338000 haben 10240 Messungen 0.335339 Sekunden gebraucht
106
bei T=2.340000 haben 10240 Messungen 0.353958 Sekunden gebraucht
107
bei T=2.342000 haben 10240 Messungen 0.347409 Sekunden gebraucht
108
bei T=2.344000 haben 10240 Messungen 0.333283 Sekunden gebraucht
109
bei T=2.346000 haben 10240 Messungen 0.379825 Sekunden gebraucht
110
bei T=2.348000 haben 10240 Messungen 0.353422 Sekunden gebraucht
111
bei T=2.350000 haben 10240 Messungen 0.326889 Sekunden gebraucht
112
bei T=2.352000 haben 10240 Messungen 0.353023 Sekunden gebraucht
113
bei T=2.354000 haben 10240 Messungen 0.358658 Sekunden gebraucht
114
bei T=2.356000 haben 10240 Messungen 0.399773 Sekunden gebraucht
115
bei T=2.358000 haben 10240 Messungen 0.396359 Sekunden gebraucht
116
bei T=2.360000 haben 10240 Messungen 0.350434 Sekunden gebraucht
117
bei T=2.362000 haben 10240 Messungen 0.341621 Sekunden gebraucht
118
bei T=2.364000 haben 10240 Messungen 0.343009 Sekunden gebraucht
119
bei T=2.366000 haben 10240 Messungen 0.335612 Sekunden gebraucht
120
bei T=2.368000 haben 10240 Messungen 0.337437 Sekunden gebraucht
121
bei T=2.370000 haben 10240 Messungen 0.371871 Sekunden gebraucht
122
bei T=2.372000 haben 10240 Messungen 0.385180 Sekunden gebraucht
123
bei T=2.374000 haben 10240 Messungen 0.402534 Sekunden gebraucht
124
bei T=2.376000 haben 10240 Messungen 0.348092 Sekunden gebraucht
125
bei T=2.378000 haben 10240 Messungen 0.385090 Sekunden gebraucht
126
bei T=2.380000 haben 10240 Messungen 0.347725 Sekunden gebraucht
127
bei T=2.382000 haben 10240 Messungen 0.344151 Sekunden gebraucht
128
bei T=2.384000 haben 10240 Messungen 0.373789 Sekunden gebraucht
129
bei T=2.386000 haben 10240 Messungen 0.341848 Sekunden gebraucht
130
bei T=2.388000 haben 10240 Messungen 0.341882 Sekunden gebraucht
131
bei T=2.390000 haben 10240 Messungen 0.342012 Sekunden gebraucht
132
bei T=2.392000 haben 10240 Messungen 0.352905 Sekunden gebraucht
133
bei T=2.394000 haben 10240 Messungen 0.349540 Sekunden gebraucht
134
bei T=2.396000 haben 10240 Messungen 0.342753 Sekunden gebraucht
135
bei T=2.398000 haben 10240 Messungen 0.358475 Sekunden gebraucht
136
bei T=2.400000 haben 10240 Messungen 0.342499 Sekunden gebraucht
137
bei T=2.408000 haben 10240 Messungen 0.345135 Sekunden gebraucht
138
bei T=2.416000 haben 10240 Messungen 0.346750 Sekunden gebraucht
139
bei T=2.424000 haben 10240 Messungen 0.393349 Sekunden gebraucht
140
bei T=2.432000 haben 10240 Messungen 0.366107 Sekunden gebraucht
141
bei T=2.440000 haben 10240 Messungen 0.336001 Sekunden gebraucht
142
bei T=2.448000 haben 10240 Messungen 0.349246 Sekunden gebraucht
143
bei T=2.456000 haben 10240 Messungen 0.358031 Sekunden gebraucht
144
bei T=2.464000 haben 10240 Messungen 0.353093 Sekunden gebraucht
145
bei T=2.472000 haben 10240 Messungen 0.351803 Sekunden gebraucht
146
bei T=2.480000 haben 10240 Messungen 0.358691 Sekunden gebraucht
147
bei T=2.488000 haben 10240 Messungen 0.360011 Sekunden gebraucht
148
bei T=2.496000 haben 10240 Messungen 0.351504 Sekunden gebraucht
149
bei T=2.504000 haben 10240 Messungen 0.347226 Sekunden gebraucht
150
bei T=2.512000 haben 10240 Messungen 0.369801 Sekunden gebraucht
151
bei T=2.520000 haben 10240 Messungen 0.348682 Sekunden gebraucht
152
bei T=2.528000 haben 10240 Messungen 0.387157 Sekunden gebraucht
153
bei T=2.536000 haben 10240 Messungen 0.367375 Sekunden gebraucht
154
bei T=2.544000 haben 10240 Messungen 0.412873 Sekunden gebraucht
155
bei T=2.552000 haben 10240 Messungen 0.412441 Sekunden gebraucht
156
bei T=2.560000 haben 10240 Messungen 0.372039 Sekunden gebraucht
157
bei T=2.568000 haben 10240 Messungen 0.375501 Sekunden gebraucht
158
bei T=2.576000 haben 10240 Messungen 0.393174 Sekunden gebraucht
159
bei T=2.584000 haben 10240 Messungen 0.364280 Sekunden gebraucht
160
bei T=2.592000 haben 10240 Messungen 0.351494 Sekunden gebraucht
161
bei T=2.600000 haben 10240 Messungen 0.399219 Sekunden gebraucht
162
bei T=2.608000 haben 10240 Messungen 0.360441 Sekunden gebraucht
163
bei T=2.616000 haben 10240 Messungen 0.366653 Sekunden gebraucht
164
bei T=2.624000 haben 10240 Messungen 0.360301 Sekunden gebraucht
165
bei T=2.632000 haben 10240 Messungen 0.358519 Sekunden gebraucht
166
bei T=2.640000 haben 10240 Messungen 0.371536 Sekunden gebraucht
167
bei T=2.648000 haben 10240 Messungen 0.365714 Sekunden gebraucht
168
bei T=2.656000 haben 10240 Messungen 0.367127 Sekunden gebraucht
169
bei T=2.664000 haben 10240 Messungen 0.386739 Sekunden gebraucht
170
bei T=2.672000 haben 10240 Messungen 0.385008 Sekunden gebraucht
171
bei T=2.680000 haben 10240 Messungen 0.364196 Sekunden gebraucht
172
bei T=2.688000 haben 10240 Messungen 0.372456 Sekunden gebraucht
173
bei T=2.696000 haben 10240 Messungen 0.375467 Sekunden gebraucht
174
bei T=2.704000 haben 10240 Messungen 0.366970 Sekunden gebraucht
175
bei T=2.712000 haben 10240 Messungen 0.385568 Sekunden gebraucht
176
bei T=2.720000 haben 10240 Messungen 0.369387 Sekunden gebraucht
177
bei T=2.728000 haben 10240 Messungen 0.365101 Sekunden gebraucht
178
bei T=2.736000 haben 10240 Messungen 0.372058 Sekunden gebraucht
179
bei T=2.744000 haben 10240 Messungen 0.385239 Sekunden gebraucht
180
bei T=2.752000 haben 10240 Messungen 0.368058 Sekunden gebraucht
181
bei T=2.760000 haben 10240 Messungen 0.370052 Sekunden gebraucht
182
bei T=2.792000 haben 10240 Messungen 0.389781 Sekunden gebraucht
183
bei T=2.824000 haben 10240 Messungen 0.383866 Sekunden gebraucht
184
bei T=2.856000 haben 10240 Messungen 0.377558 Sekunden gebraucht
185
bei T=2.888000 haben 10240 Messungen 0.374526 Sekunden gebraucht
186
bei T=2.920000 haben 10240 Messungen 0.375552 Sekunden gebraucht
187
bei T=2.952000 haben 10240 Messungen 0.356493 Sekunden gebraucht
188
bei T=2.984000 haben 10240 Messungen 0.377400 Sekunden gebraucht
189
bei T=3.016000 haben 10240 Messungen 0.379333 Sekunden gebraucht
190
bei T=3.048000 haben 10240 Messungen 0.384093 Sekunden gebraucht
191
bei T=3.080000 haben 10240 Messungen 0.383306 Sekunden gebraucht
192
bei T=3.112000 haben 10240 Messungen 0.383067 Sekunden gebraucht
193
bei T=3.144000 haben 10240 Messungen 0.391811 Sekunden gebraucht
194
bei T=3.176000 haben 10240 Messungen 0.379849 Sekunden gebraucht
195
bei T=3.208000 haben 10240 Messungen 0.377152 Sekunden gebraucht
196
bei T=3.240000 haben 10240 Messungen 0.381012 Sekunden gebraucht
197
bei T=3.272000 haben 10240 Messungen 0.396089 Sekunden gebraucht
198
bei T=3.304000 haben 10240 Messungen 0.382504 Sekunden gebraucht
199
bei T=3.336000 haben 10240 Messungen 0.378735 Sekunden gebraucht
200
bei T=3.368000 haben 10240 Messungen 0.381361 Sekunden gebraucht
201
bei T=3.400000 haben 10240 Messungen 0.393561 Sekunden gebraucht
202
bei T=3.432000 haben 10240 Messungen 0.373209 Sekunden gebraucht
203
bei T=3.464000 haben 10240 Messungen 0.384087 Sekunden gebraucht
204
bei T=3.496000 haben 10240 Messungen 0.382511 Sekunden gebraucht
205
bei T=3.528000 haben 10240 Messungen 0.399843 Sekunden gebraucht
206
bei T=3.560000 haben 10240 Messungen 0.383979 Sekunden gebraucht
207
bei T=3.592000 haben 10240 Messungen 0.386017 Sekunden gebraucht
208
bei T=3.624000 haben 10240 Messungen 0.385871 Sekunden gebraucht
209
bei T=3.656000 haben 10240 Messungen 0.382149 Sekunden gebraucht
Insgesamt hat das Messen 71.342990 Sekunden gebraucht
Insgesamt hat das Bootstrapping 192.428291 Sekunden gebraucht
Insgesamt hat das Programm 393.893676 Sekunden gebraucht
/hiskp4/gross/bachelorarbeit
