Fri Jul  3 12:04:16 CEST 2020 Waiting for 30 seconds before starting the job to allow the node to settle down
Fri Jul  3 12:04:46 CEST 2020 Waiting done, starting task!
Fri Jul  3 12:04:46 CEST 2020 Waiting for 30 seconds before starting the job to allow the node to settle down
Fri Jul  3 12:05:16 CEST 2020 Waiting done, starting task!
Ende array
0
bei T=0.050000 haben 10240 Messungen 0.490666 Sekunden gebraucht
1
bei T=0.150000 haben 10240 Messungen 0.439376 Sekunden gebraucht
2
bei T=0.250000 haben 10240 Messungen 0.418949 Sekunden gebraucht
3
bei T=0.350000 haben 10240 Messungen 0.469373 Sekunden gebraucht
4
bei T=0.450000 haben 10240 Messungen 0.463559 Sekunden gebraucht
5
bei T=0.550000 haben 10240 Messungen 0.431308 Sekunden gebraucht
6
bei T=0.650000 haben 10240 Messungen 0.458436 Sekunden gebraucht
7
bei T=0.750000 haben 10240 Messungen 0.455571 Sekunden gebraucht
8
bei T=0.850000 haben 10240 Messungen 0.442512 Sekunden gebraucht
9
bei T=0.950000 haben 10240 Messungen 0.495545 Sekunden gebraucht
10
bei T=1.050000 haben 10240 Messungen 0.424635 Sekunden gebraucht
11
bei T=1.150000 haben 10240 Messungen 0.450866 Sekunden gebraucht
12
bei T=1.250000 haben 10240 Messungen 0.432373 Sekunden gebraucht
13
bei T=1.350000 haben 10240 Messungen 0.481158 Sekunden gebraucht
14
bei T=1.450000 haben 10240 Messungen 0.491427 Sekunden gebraucht
15
bei T=1.550000 haben 10240 Messungen 0.451467 Sekunden gebraucht
16
bei T=1.650000 haben 10240 Messungen 0.432858 Sekunden gebraucht
17
bei T=1.750000 haben 10240 Messungen 0.458994 Sekunden gebraucht
18
bei T=1.850000 haben 10240 Messungen 0.430610 Sekunden gebraucht
19
bei T=1.950000 haben 10240 Messungen 0.528302 Sekunden gebraucht
20
bei T=2.000000 haben 10240 Messungen 0.483230 Sekunden gebraucht
21
bei T=2.008000 haben 10240 Messungen 0.425371 Sekunden gebraucht
22
bei T=2.016000 haben 10240 Messungen 0.436088 Sekunden gebraucht
23
bei T=2.024000 haben 10240 Messungen 0.478696 Sekunden gebraucht
24
bei T=2.032000 haben 10240 Messungen 0.442019 Sekunden gebraucht
25
bei T=2.040000 haben 10240 Messungen 0.504925 Sekunden gebraucht
26
bei T=2.048000 haben 10240 Messungen 0.492751 Sekunden gebraucht
27
bei T=2.056000 haben 10240 Messungen 0.450050 Sekunden gebraucht
28
bei T=2.064000 haben 10240 Messungen 0.493610 Sekunden gebraucht
29
bei T=2.072000 haben 10240 Messungen 0.444047 Sekunden gebraucht
30
bei T=2.080000 haben 10240 Messungen 0.484951 Sekunden gebraucht
31
bei T=2.088000 haben 10240 Messungen 0.451690 Sekunden gebraucht
32
bei T=2.096000 haben 10240 Messungen 0.484362 Sekunden gebraucht
33
bei T=2.104000 haben 10240 Messungen 0.452501 Sekunden gebraucht
34
bei T=2.112000 haben 10240 Messungen 0.478446 Sekunden gebraucht
35
bei T=2.120000 haben 10240 Messungen 0.509944 Sekunden gebraucht
36
bei T=2.128000 haben 10240 Messungen 0.485338 Sekunden gebraucht
37
bei T=2.136000 haben 10240 Messungen 0.463327 Sekunden gebraucht
38
bei T=2.144000 haben 10240 Messungen 0.483144 Sekunden gebraucht
39
bei T=2.152000 haben 10240 Messungen 0.469317 Sekunden gebraucht
40
bei T=2.160000 haben 10240 Messungen 0.472818 Sekunden gebraucht
41
bei T=2.168000 haben 10240 Messungen 0.459057 Sekunden gebraucht
42
bei T=2.176000 haben 10240 Messungen 0.449203 Sekunden gebraucht
43
bei T=2.184000 haben 10240 Messungen 0.550988 Sekunden gebraucht
44
bei T=2.192000 haben 10240 Messungen 0.506342 Sekunden gebraucht
45
bei T=2.200000 haben 10240 Messungen 0.491642 Sekunden gebraucht
46
bei T=2.208000 haben 10240 Messungen 0.465195 Sekunden gebraucht
47
bei T=2.216000 haben 10240 Messungen 0.500741 Sekunden gebraucht
48
bei T=2.224000 haben 10240 Messungen 0.561146 Sekunden gebraucht
49
bei T=2.226000 haben 10240 Messungen 0.495056 Sekunden gebraucht
50
bei T=2.228000 haben 10240 Messungen 0.479757 Sekunden gebraucht
51
bei T=2.230000 haben 10240 Messungen 0.482508 Sekunden gebraucht
52
bei T=2.232000 haben 10240 Messungen 0.504191 Sekunden gebraucht
53
bei T=2.234000 haben 10240 Messungen 0.462094 Sekunden gebraucht
54
bei T=2.236000 haben 10240 Messungen 0.483085 Sekunden gebraucht
55
bei T=2.238000 haben 10240 Messungen 0.521449 Sekunden gebraucht
56
bei T=2.240000 haben 10240 Messungen 0.504683 Sekunden gebraucht
57
bei T=2.242000 haben 10240 Messungen 0.491236 Sekunden gebraucht
58
bei T=2.244000 haben 10240 Messungen 0.517081 Sekunden gebraucht
59
bei T=2.246000 haben 10240 Messungen 0.555986 Sekunden gebraucht
60
bei T=2.248000 haben 10240 Messungen 0.563106 Sekunden gebraucht
61
bei T=2.250000 haben 10240 Messungen 0.476595 Sekunden gebraucht
62
bei T=2.252000 haben 10240 Messungen 0.474790 Sekunden gebraucht
63
bei T=2.254000 haben 10240 Messungen 0.512021 Sekunden gebraucht
64
bei T=2.256000 haben 10240 Messungen 0.448021 Sekunden gebraucht
65
bei T=2.258000 haben 10240 Messungen 0.451437 Sekunden gebraucht
66
bei T=2.260000 haben 10240 Messungen 0.499048 Sekunden gebraucht
67
bei T=2.262000 haben 10240 Messungen 0.512102 Sekunden gebraucht
68
bei T=2.264000 haben 10240 Messungen 0.490800 Sekunden gebraucht
69
bei T=2.266000 haben 10240 Messungen 0.493574 Sekunden gebraucht
70
bei T=2.268000 haben 10240 Messungen 0.467468 Sekunden gebraucht
71
bei T=2.270000 haben 10240 Messungen 0.524001 Sekunden gebraucht
72
bei T=2.272000 haben 10240 Messungen 0.514802 Sekunden gebraucht
73
bei T=2.274000 haben 10240 Messungen 0.484543 Sekunden gebraucht
74
bei T=2.276000 haben 10240 Messungen 0.531592 Sekunden gebraucht
75
bei T=2.278000 haben 10240 Messungen 0.488243 Sekunden gebraucht
76
bei T=2.280000 haben 10240 Messungen 0.474563 Sekunden gebraucht
77
bei T=2.282000 haben 10240 Messungen 0.543500 Sekunden gebraucht
78
bei T=2.284000 haben 10240 Messungen 0.499151 Sekunden gebraucht
79
bei T=2.286000 haben 10240 Messungen 0.465728 Sekunden gebraucht
80
bei T=2.288000 haben 10240 Messungen 0.518856 Sekunden gebraucht
81
bei T=2.290000 haben 10240 Messungen 0.463179 Sekunden gebraucht
82
bei T=2.292000 haben 10240 Messungen 0.420589 Sekunden gebraucht
83
bei T=2.294000 haben 10240 Messungen 0.495655 Sekunden gebraucht
84
bei T=2.296000 haben 10240 Messungen 0.549847 Sekunden gebraucht
85
bei T=2.298000 haben 10240 Messungen 0.515231 Sekunden gebraucht
86
bei T=2.300000 haben 10240 Messungen 0.537143 Sekunden gebraucht
87
bei T=2.302000 haben 10240 Messungen 0.479601 Sekunden gebraucht
88
bei T=2.304000 haben 10240 Messungen 0.535393 Sekunden gebraucht
89
bei T=2.306000 haben 10240 Messungen 0.490887 Sekunden gebraucht
90
bei T=2.308000 haben 10240 Messungen 0.508092 Sekunden gebraucht
91
bei T=2.310000 haben 10240 Messungen 0.582113 Sekunden gebraucht
92
bei T=2.312000 haben 10240 Messungen 0.487130 Sekunden gebraucht
93
bei T=2.314000 haben 10240 Messungen 0.474763 Sekunden gebraucht
94
bei T=2.316000 haben 10240 Messungen 0.499388 Sekunden gebraucht
95
bei T=2.318000 haben 10240 Messungen 0.500052 Sekunden gebraucht
96
bei T=2.320000 haben 10240 Messungen 0.497625 Sekunden gebraucht
97
bei T=2.322000 haben 10240 Messungen 0.477023 Sekunden gebraucht
98
bei T=2.324000 haben 10240 Messungen 0.503008 Sekunden gebraucht
99
bei T=2.326000 haben 10240 Messungen 0.518265 Sekunden gebraucht
100
bei T=2.328000 haben 10240 Messungen 0.511623 Sekunden gebraucht
101
bei T=2.330000 haben 10240 Messungen 0.490370 Sekunden gebraucht
102
bei T=2.332000 haben 10240 Messungen 0.516221 Sekunden gebraucht
103
bei T=2.334000 haben 10240 Messungen 0.455442 Sekunden gebraucht
104
bei T=2.336000 haben 10240 Messungen 0.506639 Sekunden gebraucht
105
bei T=2.338000 haben 10240 Messungen 0.517810 Sekunden gebraucht
106
bei T=2.340000 haben 10240 Messungen 0.467492 Sekunden gebraucht
107
bei T=2.342000 haben 10240 Messungen 0.524113 Sekunden gebraucht
108
bei T=2.344000 haben 10240 Messungen 0.578536 Sekunden gebraucht
109
bei T=2.346000 haben 10240 Messungen 0.496482 Sekunden gebraucht
110
bei T=2.348000 haben 10240 Messungen 0.502714 Sekunden gebraucht
111
bei T=2.350000 haben 10240 Messungen 0.493125 Sekunden gebraucht
112
bei T=2.352000 haben 10240 Messungen 0.498113 Sekunden gebraucht
113
bei T=2.354000 haben 10240 Messungen 0.534671 Sekunden gebraucht
114
bei T=2.356000 haben 10240 Messungen 0.506155 Sekunden gebraucht
115
bei T=2.358000 haben 10240 Messungen 0.493603 Sekunden gebraucht
116
bei T=2.360000 haben 10240 Messungen 0.520431 Sekunden gebraucht
117
bei T=2.362000 haben 10240 Messungen 0.519773 Sekunden gebraucht
118
bei T=2.364000 haben 10240 Messungen 0.557975 Sekunden gebraucht
119
bei T=2.366000 haben 10240 Messungen 0.506215 Sekunden gebraucht
120
bei T=2.368000 haben 10240 Messungen 0.525030 Sekunden gebraucht
121
bei T=2.370000 haben 10240 Messungen 0.574662 Sekunden gebraucht
122
bei T=2.372000 haben 10240 Messungen 0.528832 Sekunden gebraucht
123
bei T=2.374000 haben 10240 Messungen 0.519616 Sekunden gebraucht
124
bei T=2.376000 haben 10240 Messungen 0.514788 Sekunden gebraucht
125
bei T=2.378000 haben 10240 Messungen 0.506664 Sekunden gebraucht
126
bei T=2.380000 haben 10240 Messungen 0.456944 Sekunden gebraucht
127
bei T=2.382000 haben 10240 Messungen 0.498596 Sekunden gebraucht
128
bei T=2.384000 haben 10240 Messungen 0.454919 Sekunden gebraucht
129
bei T=2.386000 haben 10240 Messungen 0.464559 Sekunden gebraucht
130
bei T=2.388000 haben 10240 Messungen 0.542416 Sekunden gebraucht
131
bei T=2.390000 haben 10240 Messungen 0.533349 Sekunden gebraucht
132
bei T=2.392000 haben 10240 Messungen 0.526279 Sekunden gebraucht
133
bei T=2.394000 haben 10240 Messungen 0.509724 Sekunden gebraucht
134
bei T=2.396000 haben 10240 Messungen 0.530072 Sekunden gebraucht
135
bei T=2.398000 haben 10240 Messungen 0.500695 Sekunden gebraucht
136
bei T=2.400000 haben 10240 Messungen 0.522587 Sekunden gebraucht
137
bei T=2.408000 haben 10240 Messungen 0.520607 Sekunden gebraucht
138
bei T=2.416000 haben 10240 Messungen 0.508759 Sekunden gebraucht
139
bei T=2.424000 haben 10240 Messungen 0.491899 Sekunden gebraucht
140
bei T=2.432000 haben 10240 Messungen 0.561378 Sekunden gebraucht
141
bei T=2.440000 haben 10240 Messungen 0.502188 Sekunden gebraucht
142
bei T=2.448000 haben 10240 Messungen 0.557016 Sekunden gebraucht
143
bei T=2.456000 haben 10240 Messungen 0.512910 Sekunden gebraucht
144
bei T=2.464000 haben 10240 Messungen 0.497837 Sekunden gebraucht
145
bei T=2.472000 haben 10240 Messungen 0.533585 Sekunden gebraucht
146
bei T=2.480000 haben 10240 Messungen 0.530948 Sekunden gebraucht
147
bei T=2.488000 haben 10240 Messungen 0.607472 Sekunden gebraucht
148
bei T=2.496000 haben 10240 Messungen 0.537952 Sekunden gebraucht
149
bei T=2.504000 haben 10240 Messungen 0.521491 Sekunden gebraucht
150
bei T=2.512000 haben 10240 Messungen 0.494813 Sekunden gebraucht
151
bei T=2.520000 haben 10240 Messungen 0.502507 Sekunden gebraucht
152
bei T=2.528000 haben 10240 Messungen 0.570961 Sekunden gebraucht
153
bei T=2.536000 haben 10240 Messungen 0.509679 Sekunden gebraucht
154
bei T=2.544000 haben 10240 Messungen 0.530604 Sekunden gebraucht
155
bei T=2.552000 haben 10240 Messungen 0.548658 Sekunden gebraucht
156
bei T=2.560000 haben 10240 Messungen 0.541914 Sekunden gebraucht
157
bei T=2.568000 haben 10240 Messungen 0.511899 Sekunden gebraucht
158
bei T=2.576000 haben 10240 Messungen 0.465957 Sekunden gebraucht
159
bei T=2.584000 haben 10240 Messungen 0.572996 Sekunden gebraucht
160
bei T=2.592000 haben 10240 Messungen 0.559603 Sekunden gebraucht
161
bei T=2.600000 haben 10240 Messungen 0.535190 Sekunden gebraucht
162
bei T=2.608000 haben 10240 Messungen 0.582887 Sekunden gebraucht
163
bei T=2.616000 haben 10240 Messungen 0.566957 Sekunden gebraucht
164
bei T=2.624000 haben 10240 Messungen 0.517137 Sekunden gebraucht
165
bei T=2.632000 haben 10240 Messungen 0.554305 Sekunden gebraucht
166
bei T=2.640000 haben 10240 Messungen 0.521123 Sekunden gebraucht
167
bei T=2.648000 haben 10240 Messungen 0.530094 Sekunden gebraucht
168
bei T=2.656000 haben 10240 Messungen 0.561158 Sekunden gebraucht
169
bei T=2.664000 haben 10240 Messungen 0.525320 Sekunden gebraucht
170
bei T=2.672000 haben 10240 Messungen 0.533892 Sekunden gebraucht
171
bei T=2.680000 haben 10240 Messungen 0.558188 Sekunden gebraucht
172
bei T=2.688000 haben 10240 Messungen 0.620091 Sekunden gebraucht
173
bei T=2.696000 haben 10240 Messungen 0.546887 Sekunden gebraucht
174
bei T=2.704000 haben 10240 Messungen 0.569746 Sekunden gebraucht
175
bei T=2.712000 haben 10240 Messungen 0.555729 Sekunden gebraucht
176
bei T=2.720000 haben 10240 Messungen 0.526975 Sekunden gebraucht
177
bei T=2.728000 haben 10240 Messungen 0.577351 Sekunden gebraucht
178
bei T=2.736000 haben 10240 Messungen 0.504351 Sekunden gebraucht
179
bei T=2.744000 haben 10240 Messungen 0.540368 Sekunden gebraucht
180
bei T=2.752000 haben 10240 Messungen 0.587821 Sekunden gebraucht
181
bei T=2.760000 haben 10240 Messungen 0.539577 Sekunden gebraucht
182
bei T=2.792000 haben 10240 Messungen 0.585675 Sekunden gebraucht
183
bei T=2.824000 haben 10240 Messungen 0.560362 Sekunden gebraucht
184
bei T=2.856000 haben 10240 Messungen 0.525136 Sekunden gebraucht
185
bei T=2.888000 haben 10240 Messungen 0.542905 Sekunden gebraucht
186
bei T=2.920000 haben 10240 Messungen 0.527909 Sekunden gebraucht
187
bei T=2.952000 haben 10240 Messungen 0.556036 Sekunden gebraucht
188
bei T=2.984000 haben 10240 Messungen 0.569833 Sekunden gebraucht
189
bei T=3.016000 haben 10240 Messungen 0.590692 Sekunden gebraucht
190
bei T=3.048000 haben 10240 Messungen 0.571289 Sekunden gebraucht
191
bei T=3.080000 haben 10240 Messungen 0.600461 Sekunden gebraucht
192
bei T=3.112000 haben 10240 Messungen 0.546231 Sekunden gebraucht
193
bei T=3.144000 haben 10240 Messungen 0.572885 Sekunden gebraucht
194
bei T=3.176000 haben 10240 Messungen 0.568762 Sekunden gebraucht
195
bei T=3.208000 haben 10240 Messungen 0.583947 Sekunden gebraucht
196
bei T=3.240000 haben 10240 Messungen 0.552120 Sekunden gebraucht
197
bei T=3.272000 haben 10240 Messungen 0.613580 Sekunden gebraucht
198
bei T=3.304000 haben 10240 Messungen 0.574844 Sekunden gebraucht
199
bei T=3.336000 haben 10240 Messungen 0.559661 Sekunden gebraucht
200
bei T=3.368000 haben 10240 Messungen 0.532742 Sekunden gebraucht
201
bei T=3.400000 haben 10240 Messungen 0.605520 Sekunden gebraucht
202
bei T=3.432000 haben 10240 Messungen 0.576764 Sekunden gebraucht
203
bei T=3.464000 haben 10240 Messungen 0.591071 Sekunden gebraucht
204
bei T=3.496000 haben 10240 Messungen 0.570501 Sekunden gebraucht
205
bei T=3.528000 haben 10240 Messungen 0.573467 Sekunden gebraucht
206
bei T=3.560000 haben 10240 Messungen 0.600829 Sekunden gebraucht
207
bei T=3.592000 haben 10240 Messungen 0.571588 Sekunden gebraucht
208
bei T=3.624000 haben 10240 Messungen 0.579310 Sekunden gebraucht
209
bei T=3.656000 haben 10240 Messungen 0.534078 Sekunden gebraucht
Insgesamt hat das Messen 107.579188 Sekunden gebraucht
Insgesamt hat das Bootstrapping 175.587924 Sekunden gebraucht
Insgesamt hat das Programm 499.798938 Sekunden gebraucht
/hiskp4/gross/bachelorarbeit
