Thu Jun 18 15:56:55 CEST 2020 Waiting for 30 seconds before starting the job to allow the node to settle down
Thu Jun 18 15:57:25 CEST 2020 Waiting done, starting task!
Thu Jun 18 15:57:26 CEST 2020 Waiting for 30 seconds before starting the job to allow the node to settle down
Thu Jun 18 15:57:56 CEST 2020 Waiting done, starting task!
bei T=0.010000 hat das Bootstrapping 8.572164 Sekunden gebraucht
bei T=0.110000 hat das Bootstrapping 7.948325 Sekunden gebraucht
bei T=0.210000 hat das Bootstrapping 7.856710 Sekunden gebraucht
bei T=0.310000 hat das Bootstrapping 7.909847 Sekunden gebraucht
bei T=0.410000 hat das Bootstrapping 7.876122 Sekunden gebraucht
bei T=0.510000 hat das Bootstrapping 7.826292 Sekunden gebraucht
bei T=0.610000 hat das Bootstrapping 7.986035 Sekunden gebraucht
bei T=0.710000 hat das Bootstrapping 8.079419 Sekunden gebraucht
bei T=0.810000 hat das Bootstrapping 8.165974 Sekunden gebraucht
bei T=0.910000 hat das Bootstrapping 7.926987 Sekunden gebraucht
bei T=1.010000 hat das Bootstrapping 7.984573 Sekunden gebraucht
bei T=1.110000 hat das Bootstrapping 8.133558 Sekunden gebraucht
bei T=1.210000 hat das Bootstrapping 7.879192 Sekunden gebraucht
bei T=1.310000 hat das Bootstrapping 8.000213 Sekunden gebraucht
bei T=1.410000 hat das Bootstrapping 7.946771 Sekunden gebraucht
bei T=1.510000 hat das Bootstrapping 7.880576 Sekunden gebraucht
bei T=1.610000 hat das Bootstrapping 8.087490 Sekunden gebraucht
bei T=1.710000 hat das Bootstrapping 8.021221 Sekunden gebraucht
bei T=1.810000 hat das Bootstrapping 7.952304 Sekunden gebraucht
bei T=1.910000 hat das Bootstrapping 7.928935 Sekunden gebraucht
bei T=2.010000 hat das Bootstrapping 7.901751 Sekunden gebraucht
bei T=2.110000 hat das Bootstrapping 7.836179 Sekunden gebraucht
bei T=2.210000 hat das Bootstrapping 7.997767 Sekunden gebraucht
bei T=2.310000 hat das Bootstrapping 7.968283 Sekunden gebraucht
bei T=2.410000 hat das Bootstrapping 7.905569 Sekunden gebraucht
bei T=2.510000 hat das Bootstrapping 7.960845 Sekunden gebraucht
bei T=2.710000 hat das Bootstrapping 8.106615 Sekunden gebraucht
bei T=2.910000 hat das Bootstrapping 7.872302 Sekunden gebraucht
bei T=3.110000 hat das Bootstrapping 8.133002 Sekunden gebraucht
bei T=3.310000 hat das Bootstrapping 8.022365 Sekunden gebraucht
bei T=3.510000 hat das Bootstrapping 8.111614 Sekunden gebraucht
bei T=3.710000 hat das Bootstrapping 8.100111 Sekunden gebraucht
bei T=3.910000 hat das Bootstrapping 8.006498 Sekunden gebraucht
bei T=4.110000 hat das Bootstrapping 7.752345 Sekunden gebraucht
bei T=4.310000 hat das Bootstrapping 8.013624 Sekunden gebraucht
bei T=4.510000 hat das Bootstrapping 7.998594 Sekunden gebraucht
bei T=4.710000 hat das Bootstrapping 7.943139 Sekunden gebraucht
bei T=4.910000 hat das Bootstrapping 7.966578 Sekunden gebraucht
bei T=5.110000 hat das Bootstrapping 8.098176 Sekunden gebraucht
bei T=5.310000 hat das Bootstrapping 7.915109 Sekunden gebraucht
bei T=5.510000 hat das Bootstrapping 8.578977 Sekunden gebraucht
bei T=5.710000 hat das Bootstrapping 8.811146 Sekunden gebraucht
bei T=5.910000 hat das Bootstrapping 8.501196 Sekunden gebraucht
bei T=6.110000 hat das Bootstrapping 8.456964 Sekunden gebraucht
bei T=6.310000 hat das Bootstrapping 8.546695 Sekunden gebraucht
bei T=6.510000 hat das Bootstrapping 8.213935 Sekunden gebraucht
bei T=6.710000 hat das Bootstrapping 8.416570 Sekunden gebraucht
bei T=6.910000 hat das Bootstrapping 8.691813 Sekunden gebraucht
bei T=7.110000 hat das Bootstrapping 8.597091 Sekunden gebraucht
bei T=7.310000 hat das Bootstrapping 8.297297 Sekunden gebraucht
Insgesamt hat das Botstrapping 404.684858 Sekunden gebraucht
/hiskp4/gross/bachelorarbeit
