Fri Jul  3 11:12:15 CEST 2020 Waiting for 30 seconds before starting the job to allow the node to settle down
Fri Jul  3 11:12:45 CEST 2020 Waiting done, starting task!
Fri Jul  3 11:12:45 CEST 2020 Waiting for 30 seconds before starting the job to allow the node to settle down
Fri Jul  3 11:13:15 CEST 2020 Waiting done, starting task!
Ende array
0
bei T=0.050000 haben 10240 Messungen 0.279474 Sekunden gebraucht
1
bei T=0.150000 haben 10240 Messungen 0.307032 Sekunden gebraucht
2
bei T=0.250000 haben 10240 Messungen 0.267939 Sekunden gebraucht
3
bei T=0.350000 haben 10240 Messungen 0.282292 Sekunden gebraucht
4
bei T=0.450000 haben 10240 Messungen 0.301980 Sekunden gebraucht
5
bei T=0.550000 haben 10240 Messungen 0.284909 Sekunden gebraucht
6
bei T=0.650000 haben 10240 Messungen 0.287410 Sekunden gebraucht
7
bei T=0.750000 haben 10240 Messungen 0.256806 Sekunden gebraucht
8
bei T=0.850000 haben 10240 Messungen 0.317884 Sekunden gebraucht
9
bei T=0.950000 haben 10240 Messungen 0.279524 Sekunden gebraucht
10
bei T=1.050000 haben 10240 Messungen 0.299919 Sekunden gebraucht
11
bei T=1.150000 haben 10240 Messungen 0.271141 Sekunden gebraucht
12
bei T=1.250000 haben 10240 Messungen 0.296434 Sekunden gebraucht
13
bei T=1.350000 haben 10240 Messungen 0.288126 Sekunden gebraucht
14
bei T=1.450000 haben 10240 Messungen 0.325871 Sekunden gebraucht
15
bei T=1.550000 haben 10240 Messungen 0.272600 Sekunden gebraucht
16
bei T=1.650000 haben 10240 Messungen 0.240328 Sekunden gebraucht
17
bei T=1.750000 haben 10240 Messungen 0.322282 Sekunden gebraucht
18
bei T=1.850000 haben 10240 Messungen 0.224962 Sekunden gebraucht
19
bei T=1.950000 haben 10240 Messungen 0.218991 Sekunden gebraucht
20
bei T=2.000000 haben 10240 Messungen 0.219136 Sekunden gebraucht
21
bei T=2.008000 haben 10240 Messungen 0.208942 Sekunden gebraucht
22
bei T=2.016000 haben 10240 Messungen 0.197434 Sekunden gebraucht
23
bei T=2.024000 haben 10240 Messungen 0.270291 Sekunden gebraucht
24
bei T=2.032000 haben 10240 Messungen 0.295628 Sekunden gebraucht
25
bei T=2.040000 haben 10240 Messungen 0.268737 Sekunden gebraucht
26
bei T=2.048000 haben 10240 Messungen 0.282230 Sekunden gebraucht
27
bei T=2.056000 haben 10240 Messungen 0.256105 Sekunden gebraucht
28
bei T=2.064000 haben 10240 Messungen 0.260255 Sekunden gebraucht
29
bei T=2.072000 haben 10240 Messungen 0.265536 Sekunden gebraucht
30
bei T=2.080000 haben 10240 Messungen 0.333970 Sekunden gebraucht
31
bei T=2.088000 haben 10240 Messungen 0.267719 Sekunden gebraucht
32
bei T=2.096000 haben 10240 Messungen 0.305239 Sekunden gebraucht
33
bei T=2.104000 haben 10240 Messungen 0.297579 Sekunden gebraucht
34
bei T=2.112000 haben 10240 Messungen 0.284380 Sekunden gebraucht
35
bei T=2.120000 haben 10240 Messungen 0.270780 Sekunden gebraucht
36
bei T=2.128000 haben 10240 Messungen 0.270873 Sekunden gebraucht
37
bei T=2.136000 haben 10240 Messungen 0.273640 Sekunden gebraucht
38
bei T=2.144000 haben 10240 Messungen 0.269662 Sekunden gebraucht
39
bei T=2.152000 haben 10240 Messungen 0.290414 Sekunden gebraucht
40
bei T=2.160000 haben 10240 Messungen 0.315595 Sekunden gebraucht
41
bei T=2.168000 haben 10240 Messungen 0.301805 Sekunden gebraucht
42
bei T=2.176000 haben 10240 Messungen 0.296631 Sekunden gebraucht
43
bei T=2.184000 haben 10240 Messungen 0.286127 Sekunden gebraucht
44
bei T=2.192000 haben 10240 Messungen 0.276867 Sekunden gebraucht
45
bei T=2.200000 haben 10240 Messungen 0.272195 Sekunden gebraucht
46
bei T=2.208000 haben 10240 Messungen 0.301141 Sekunden gebraucht
47
bei T=2.216000 haben 10240 Messungen 0.281411 Sekunden gebraucht
48
bei T=2.224000 haben 10240 Messungen 0.323109 Sekunden gebraucht
49
bei T=2.226000 haben 10240 Messungen 0.326877 Sekunden gebraucht
50
bei T=2.228000 haben 10240 Messungen 0.281817 Sekunden gebraucht
51
bei T=2.230000 haben 10240 Messungen 0.327804 Sekunden gebraucht
52
bei T=2.232000 haben 10240 Messungen 0.244896 Sekunden gebraucht
53
bei T=2.234000 haben 10240 Messungen 0.297684 Sekunden gebraucht
54
bei T=2.236000 haben 10240 Messungen 0.236296 Sekunden gebraucht
55
bei T=2.238000 haben 10240 Messungen 0.282990 Sekunden gebraucht
56
bei T=2.240000 haben 10240 Messungen 0.280523 Sekunden gebraucht
57
bei T=2.242000 haben 10240 Messungen 0.292040 Sekunden gebraucht
58
bei T=2.244000 haben 10240 Messungen 0.295611 Sekunden gebraucht
59
bei T=2.246000 haben 10240 Messungen 0.280539 Sekunden gebraucht
60
bei T=2.248000 haben 10240 Messungen 0.254377 Sekunden gebraucht
61
bei T=2.250000 haben 10240 Messungen 0.270456 Sekunden gebraucht
62
bei T=2.252000 haben 10240 Messungen 0.260437 Sekunden gebraucht
63
bei T=2.254000 haben 10240 Messungen 0.295984 Sekunden gebraucht
64
bei T=2.256000 haben 10240 Messungen 0.292289 Sekunden gebraucht
65
bei T=2.258000 haben 10240 Messungen 0.291129 Sekunden gebraucht
66
bei T=2.260000 haben 10240 Messungen 0.292274 Sekunden gebraucht
67
bei T=2.262000 haben 10240 Messungen 0.253360 Sekunden gebraucht
68
bei T=2.264000 haben 10240 Messungen 0.263269 Sekunden gebraucht
69
bei T=2.266000 haben 10240 Messungen 0.261890 Sekunden gebraucht
70
bei T=2.268000 haben 10240 Messungen 0.309331 Sekunden gebraucht
71
bei T=2.270000 haben 10240 Messungen 0.266532 Sekunden gebraucht
72
bei T=2.272000 haben 10240 Messungen 0.298712 Sekunden gebraucht
73
bei T=2.274000 haben 10240 Messungen 0.262432 Sekunden gebraucht
74
bei T=2.276000 haben 10240 Messungen 0.258498 Sekunden gebraucht
75
bei T=2.278000 haben 10240 Messungen 0.288110 Sekunden gebraucht
76
bei T=2.280000 haben 10240 Messungen 0.292792 Sekunden gebraucht
77
bei T=2.282000 haben 10240 Messungen 0.253065 Sekunden gebraucht
78
bei T=2.284000 haben 10240 Messungen 0.278167 Sekunden gebraucht
79
bei T=2.286000 haben 10240 Messungen 0.277427 Sekunden gebraucht
80
bei T=2.288000 haben 10240 Messungen 0.256650 Sekunden gebraucht
81
bei T=2.290000 haben 10240 Messungen 0.269565 Sekunden gebraucht
82
bei T=2.292000 haben 10240 Messungen 0.251024 Sekunden gebraucht
83
bei T=2.294000 haben 10240 Messungen 0.301421 Sekunden gebraucht
84
bei T=2.296000 haben 10240 Messungen 0.259638 Sekunden gebraucht
85
bei T=2.298000 haben 10240 Messungen 0.282024 Sekunden gebraucht
86
bei T=2.300000 haben 10240 Messungen 0.337706 Sekunden gebraucht
87
bei T=2.302000 haben 10240 Messungen 0.305948 Sekunden gebraucht
88
bei T=2.304000 haben 10240 Messungen 0.314219 Sekunden gebraucht
89
bei T=2.306000 haben 10240 Messungen 0.323044 Sekunden gebraucht
90
bei T=2.308000 haben 10240 Messungen 0.309457 Sekunden gebraucht
91
bei T=2.310000 haben 10240 Messungen 0.267571 Sekunden gebraucht
92
bei T=2.312000 haben 10240 Messungen 0.294087 Sekunden gebraucht
93
bei T=2.314000 haben 10240 Messungen 0.313531 Sekunden gebraucht
94
bei T=2.316000 haben 10240 Messungen 0.263169 Sekunden gebraucht
95
bei T=2.318000 haben 10240 Messungen 0.281832 Sekunden gebraucht
96
bei T=2.320000 haben 10240 Messungen 0.242054 Sekunden gebraucht
97
bei T=2.322000 haben 10240 Messungen 0.282023 Sekunden gebraucht
98
bei T=2.324000 haben 10240 Messungen 0.291548 Sekunden gebraucht
99
bei T=2.326000 haben 10240 Messungen 0.306422 Sekunden gebraucht
100
bei T=2.328000 haben 10240 Messungen 0.283920 Sekunden gebraucht
101
bei T=2.330000 haben 10240 Messungen 0.257387 Sekunden gebraucht
102
bei T=2.332000 haben 10240 Messungen 0.288065 Sekunden gebraucht
103
bei T=2.334000 haben 10240 Messungen 0.323370 Sekunden gebraucht
104
bei T=2.336000 haben 10240 Messungen 0.298243 Sekunden gebraucht
105
bei T=2.338000 haben 10240 Messungen 0.283258 Sekunden gebraucht
106
bei T=2.340000 haben 10240 Messungen 0.315425 Sekunden gebraucht
107
bei T=2.342000 haben 10240 Messungen 0.294418 Sekunden gebraucht
108
bei T=2.344000 haben 10240 Messungen 0.302366 Sekunden gebraucht
109
bei T=2.346000 haben 10240 Messungen 0.318404 Sekunden gebraucht
110
bei T=2.348000 haben 10240 Messungen 0.271345 Sekunden gebraucht
111
bei T=2.350000 haben 10240 Messungen 0.293941 Sekunden gebraucht
112
bei T=2.352000 haben 10240 Messungen 0.284214 Sekunden gebraucht
113
bei T=2.354000 haben 10240 Messungen 0.267274 Sekunden gebraucht
114
bei T=2.356000 haben 10240 Messungen 0.299713 Sekunden gebraucht
115
bei T=2.358000 haben 10240 Messungen 0.311819 Sekunden gebraucht
116
bei T=2.360000 haben 10240 Messungen 0.353171 Sekunden gebraucht
117
bei T=2.362000 haben 10240 Messungen 0.309632 Sekunden gebraucht
118
bei T=2.364000 haben 10240 Messungen 0.270115 Sekunden gebraucht
119
bei T=2.366000 haben 10240 Messungen 0.259404 Sekunden gebraucht
120
bei T=2.368000 haben 10240 Messungen 0.269358 Sekunden gebraucht
121
bei T=2.370000 haben 10240 Messungen 0.283450 Sekunden gebraucht
122
bei T=2.372000 haben 10240 Messungen 0.311392 Sekunden gebraucht
123
bei T=2.374000 haben 10240 Messungen 0.277929 Sekunden gebraucht
124
bei T=2.376000 haben 10240 Messungen 0.307587 Sekunden gebraucht
125
bei T=2.378000 haben 10240 Messungen 0.262495 Sekunden gebraucht
126
bei T=2.380000 haben 10240 Messungen 0.284894 Sekunden gebraucht
127
bei T=2.382000 haben 10240 Messungen 0.260620 Sekunden gebraucht
128
bei T=2.384000 haben 10240 Messungen 0.327395 Sekunden gebraucht
129
bei T=2.386000 haben 10240 Messungen 0.277407 Sekunden gebraucht
130
bei T=2.388000 haben 10240 Messungen 0.276058 Sekunden gebraucht
131
bei T=2.390000 haben 10240 Messungen 0.275417 Sekunden gebraucht
132
bei T=2.392000 haben 10240 Messungen 0.284552 Sekunden gebraucht
133
bei T=2.394000 haben 10240 Messungen 0.316353 Sekunden gebraucht
134
bei T=2.396000 haben 10240 Messungen 0.299651 Sekunden gebraucht
135
bei T=2.398000 haben 10240 Messungen 0.304155 Sekunden gebraucht
136
bei T=2.400000 haben 10240 Messungen 0.279486 Sekunden gebraucht
137
bei T=2.408000 haben 10240 Messungen 0.297847 Sekunden gebraucht
138
bei T=2.416000 haben 10240 Messungen 0.299378 Sekunden gebraucht
139
bei T=2.424000 haben 10240 Messungen 0.332568 Sekunden gebraucht
140
bei T=2.432000 haben 10240 Messungen 0.291537 Sekunden gebraucht
141
bei T=2.440000 haben 10240 Messungen 0.263898 Sekunden gebraucht
142
bei T=2.448000 haben 10240 Messungen 0.324445 Sekunden gebraucht
143
bei T=2.456000 haben 10240 Messungen 0.320545 Sekunden gebraucht
144
bei T=2.464000 haben 10240 Messungen 0.315746 Sekunden gebraucht
145
bei T=2.472000 haben 10240 Messungen 0.336806 Sekunden gebraucht
146
bei T=2.480000 haben 10240 Messungen 0.294451 Sekunden gebraucht
147
bei T=2.488000 haben 10240 Messungen 0.342508 Sekunden gebraucht
148
bei T=2.496000 haben 10240 Messungen 0.317276 Sekunden gebraucht
149
bei T=2.504000 haben 10240 Messungen 0.274348 Sekunden gebraucht
150
bei T=2.512000 haben 10240 Messungen 0.322328 Sekunden gebraucht
151
bei T=2.520000 haben 10240 Messungen 0.268845 Sekunden gebraucht
152
bei T=2.528000 haben 10240 Messungen 0.290839 Sekunden gebraucht
153
bei T=2.536000 haben 10240 Messungen 0.323732 Sekunden gebraucht
154
bei T=2.544000 haben 10240 Messungen 0.338462 Sekunden gebraucht
155
bei T=2.552000 haben 10240 Messungen 0.314333 Sekunden gebraucht
156
bei T=2.560000 haben 10240 Messungen 0.322781 Sekunden gebraucht
157
bei T=2.568000 haben 10240 Messungen 0.352513 Sekunden gebraucht
158
bei T=2.576000 haben 10240 Messungen 0.301589 Sekunden gebraucht
159
bei T=2.584000 haben 10240 Messungen 0.347337 Sekunden gebraucht
160
bei T=2.592000 haben 10240 Messungen 0.293156 Sekunden gebraucht
161
bei T=2.600000 haben 10240 Messungen 0.339553 Sekunden gebraucht
162
bei T=2.608000 haben 10240 Messungen 0.302544 Sekunden gebraucht
163
bei T=2.616000 haben 10240 Messungen 0.306394 Sekunden gebraucht
164
bei T=2.624000 haben 10240 Messungen 0.348438 Sekunden gebraucht
165
bei T=2.632000 haben 10240 Messungen 0.248947 Sekunden gebraucht
166
bei T=2.640000 haben 10240 Messungen 0.349205 Sekunden gebraucht
167
bei T=2.648000 haben 10240 Messungen 0.342812 Sekunden gebraucht
168
bei T=2.656000 haben 10240 Messungen 0.318913 Sekunden gebraucht
169
bei T=2.664000 haben 10240 Messungen 0.295751 Sekunden gebraucht
170
bei T=2.672000 haben 10240 Messungen 0.333674 Sekunden gebraucht
171
bei T=2.680000 haben 10240 Messungen 0.347636 Sekunden gebraucht
172
bei T=2.688000 haben 10240 Messungen 0.350374 Sekunden gebraucht
173
bei T=2.696000 haben 10240 Messungen 0.294014 Sekunden gebraucht
174
bei T=2.704000 haben 10240 Messungen 0.298630 Sekunden gebraucht
175
bei T=2.712000 haben 10240 Messungen 0.329129 Sekunden gebraucht
176
bei T=2.720000 haben 10240 Messungen 0.321401 Sekunden gebraucht
177
bei T=2.728000 haben 10240 Messungen 0.351419 Sekunden gebraucht
178
bei T=2.736000 haben 10240 Messungen 0.335820 Sekunden gebraucht
179
bei T=2.744000 haben 10240 Messungen 0.281784 Sekunden gebraucht
180
bei T=2.752000 haben 10240 Messungen 0.299583 Sekunden gebraucht
181
bei T=2.760000 haben 10240 Messungen 0.333500 Sekunden gebraucht
182
bei T=2.792000 haben 10240 Messungen 0.309308 Sekunden gebraucht
183
bei T=2.824000 haben 10240 Messungen 0.349261 Sekunden gebraucht
184
bei T=2.856000 haben 10240 Messungen 0.280200 Sekunden gebraucht
185
bei T=2.888000 haben 10240 Messungen 0.330308 Sekunden gebraucht
186
bei T=2.920000 haben 10240 Messungen 0.330302 Sekunden gebraucht
187
bei T=2.952000 haben 10240 Messungen 0.331695 Sekunden gebraucht
188
bei T=2.984000 haben 10240 Messungen 0.359423 Sekunden gebraucht
189
bei T=3.016000 haben 10240 Messungen 0.369043 Sekunden gebraucht
190
bei T=3.048000 haben 10240 Messungen 0.429931 Sekunden gebraucht
191
bei T=3.080000 haben 10240 Messungen 0.359276 Sekunden gebraucht
192
bei T=3.112000 haben 10240 Messungen 0.375369 Sekunden gebraucht
193
bei T=3.144000 haben 10240 Messungen 0.412549 Sekunden gebraucht
194
bei T=3.176000 haben 10240 Messungen 0.401061 Sekunden gebraucht
195
bei T=3.208000 haben 10240 Messungen 0.397472 Sekunden gebraucht
196
bei T=3.240000 haben 10240 Messungen 0.387144 Sekunden gebraucht
197
bei T=3.272000 haben 10240 Messungen 0.379305 Sekunden gebraucht
198
bei T=3.304000 haben 10240 Messungen 0.331164 Sekunden gebraucht
199
bei T=3.336000 haben 10240 Messungen 0.316438 Sekunden gebraucht
200
bei T=3.368000 haben 10240 Messungen 0.360070 Sekunden gebraucht
201
bei T=3.400000 haben 10240 Messungen 0.318119 Sekunden gebraucht
202
bei T=3.432000 haben 10240 Messungen 0.331320 Sekunden gebraucht
203
bei T=3.464000 haben 10240 Messungen 0.433735 Sekunden gebraucht
204
bei T=3.496000 haben 10240 Messungen 0.371338 Sekunden gebraucht
205
bei T=3.528000 haben 10240 Messungen 0.424542 Sekunden gebraucht
206
bei T=3.560000 haben 10240 Messungen 0.397565 Sekunden gebraucht
207
bei T=3.592000 haben 10240 Messungen 0.358155 Sekunden gebraucht
208
bei T=3.624000 haben 10240 Messungen 0.383007 Sekunden gebraucht
209
bei T=3.656000 haben 10240 Messungen 0.339541 Sekunden gebraucht
Insgesamt hat das Messen 63.256989 Sekunden gebraucht
Insgesamt hat das Bootstrapping 232.338107 Sekunden gebraucht
Insgesamt hat das Programm 441.587347 Sekunden gebraucht
/hiskp4/gross/bachelorarbeit
