Sat Jun 20 06:19:58 CEST 2020 Waiting for 30 seconds before starting the job to allow the node to settle down
Sat Jun 20 06:20:28 CEST 2020 Waiting done, starting task!
Sat Jun 20 06:20:28 CEST 2020 Waiting for 30 seconds before starting the job to allow the node to settle down
Sat Jun 20 06:20:58 CEST 2020 Waiting done, starting task!
Ende array
0
bei T=2.100000 haben 10000 Messungen 37.695057 Sekunden gebraucht
1
bei T=2.102500 haben 10000 Messungen 35.544878 Sekunden gebraucht
2
bei T=2.105000 haben 10000 Messungen 45.193494 Sekunden gebraucht
3
bei T=2.107500 haben 10000 Messungen 37.223752 Sekunden gebraucht
4
bei T=2.110000 haben 10000 Messungen 36.421043 Sekunden gebraucht
5
bei T=2.112500 haben 10000 Messungen 33.965551 Sekunden gebraucht
6
bei T=2.115000 haben 10000 Messungen 38.114636 Sekunden gebraucht
7
bei T=2.117500 haben 10000 Messungen 21.414571 Sekunden gebraucht
8
bei T=2.120000 haben 10000 Messungen 21.460171 Sekunden gebraucht
9
bei T=2.122500 haben 10000 Messungen 21.328117 Sekunden gebraucht
10
bei T=2.125000 haben 10000 Messungen 21.215079 Sekunden gebraucht
11
bei T=2.127500 haben 10000 Messungen 21.381975 Sekunden gebraucht
12
bei T=2.130000 haben 10000 Messungen 21.545071 Sekunden gebraucht
13
bei T=2.132500 haben 10000 Messungen 21.459757 Sekunden gebraucht
14
bei T=2.135000 haben 10000 Messungen 21.320334 Sekunden gebraucht
15
bei T=2.137500 haben 10000 Messungen 21.479174 Sekunden gebraucht
16
bei T=2.140000 haben 10000 Messungen 21.301316 Sekunden gebraucht
17
bei T=2.142500 haben 10000 Messungen 21.463346 Sekunden gebraucht
18
bei T=2.145000 haben 10000 Messungen 21.317471 Sekunden gebraucht
19
bei T=2.147500 haben 10000 Messungen 38.213177 Sekunden gebraucht
20
bei T=2.150000 haben 10000 Messungen 38.193312 Sekunden gebraucht
21
bei T=2.152500 haben 10000 Messungen 36.673888 Sekunden gebraucht
22
bei T=2.155000 haben 10000 Messungen 39.276726 Sekunden gebraucht
23
bei T=2.157500 haben 10000 Messungen 37.308992 Sekunden gebraucht
24
bei T=2.160000 haben 10000 Messungen 36.560136 Sekunden gebraucht
25
bei T=2.162500 haben 10000 Messungen 35.351735 Sekunden gebraucht
26
bei T=2.165000 haben 10000 Messungen 38.611074 Sekunden gebraucht
27
bei T=2.167500 haben 10000 Messungen 40.863120 Sekunden gebraucht
28
bei T=2.170000 haben 10000 Messungen 34.006089 Sekunden gebraucht
29
bei T=2.172500 haben 10000 Messungen 35.259540 Sekunden gebraucht
30
bei T=2.175000 haben 10000 Messungen 36.140547 Sekunden gebraucht
31
bei T=2.177500 haben 10000 Messungen 36.673061 Sekunden gebraucht
32
bei T=2.180000 haben 10000 Messungen 38.266797 Sekunden gebraucht
33
bei T=2.182500 haben 10000 Messungen 36.611963 Sekunden gebraucht
34
bei T=2.185000 haben 10000 Messungen 38.576134 Sekunden gebraucht
35
bei T=2.187500 haben 10000 Messungen 37.600504 Sekunden gebraucht
36
bei T=2.190000 haben 10000 Messungen 35.056202 Sekunden gebraucht
37
bei T=2.192500 haben 10000 Messungen 38.159380 Sekunden gebraucht
38
bei T=2.195000 haben 10000 Messungen 37.106986 Sekunden gebraucht
39
bei T=2.197500 haben 10000 Messungen 37.857648 Sekunden gebraucht
40
bei T=2.200000 haben 10000 Messungen 39.897093 Sekunden gebraucht
41
bei T=2.202500 haben 10000 Messungen 35.679859 Sekunden gebraucht
42
bei T=2.205000 haben 10000 Messungen 36.978774 Sekunden gebraucht
43
bei T=2.207500 haben 10000 Messungen 36.503125 Sekunden gebraucht
44
bei T=2.210000 haben 10000 Messungen 38.272374 Sekunden gebraucht
45
bei T=2.212500 haben 10000 Messungen 38.541678 Sekunden gebraucht
46
bei T=2.215000 haben 10000 Messungen 36.449077 Sekunden gebraucht
47
bei T=2.217500 haben 10000 Messungen 33.724238 Sekunden gebraucht
48
bei T=2.220000 haben 10000 Messungen 37.238283 Sekunden gebraucht
49
bei T=2.222500 haben 10000 Messungen 36.249394 Sekunden gebraucht
50
bei T=2.225000 haben 10000 Messungen 35.395469 Sekunden gebraucht
51
bei T=2.227500 haben 10000 Messungen 34.718196 Sekunden gebraucht
52
bei T=2.230000 haben 10000 Messungen 36.815047 Sekunden gebraucht
53
bei T=2.232500 haben 10000 Messungen 35.937217 Sekunden gebraucht
54
bei T=2.235000 haben 10000 Messungen 35.793221 Sekunden gebraucht
55
bei T=2.237500 haben 10000 Messungen 37.227890 Sekunden gebraucht
56
bei T=2.240000 haben 10000 Messungen 35.886012 Sekunden gebraucht
57
bei T=2.242500 haben 10000 Messungen 35.440621 Sekunden gebraucht
58
bei T=2.245000 haben 10000 Messungen 34.191380 Sekunden gebraucht
59
bei T=2.247500 haben 10000 Messungen 35.955492 Sekunden gebraucht
60
bei T=2.250000 haben 10000 Messungen 34.536916 Sekunden gebraucht
61
bei T=2.252500 haben 10000 Messungen 32.389188 Sekunden gebraucht
62
bei T=2.255000 haben 10000 Messungen 36.307554 Sekunden gebraucht
63
bei T=2.257500 haben 10000 Messungen 37.715417 Sekunden gebraucht
64
bei T=2.260000 haben 10000 Messungen 35.600210 Sekunden gebraucht
65
bei T=2.262500 haben 10000 Messungen 33.722351 Sekunden gebraucht
66
bei T=2.265000 haben 10000 Messungen 36.647005 Sekunden gebraucht
67
bei T=2.267500 haben 10000 Messungen 34.593603 Sekunden gebraucht
68
bei T=2.270000 haben 10000 Messungen 36.925666 Sekunden gebraucht
69
bei T=2.272500 haben 10000 Messungen 35.554013 Sekunden gebraucht
70
bei T=2.275000 haben 10000 Messungen 36.176427 Sekunden gebraucht
71
bei T=2.277500 haben 10000 Messungen 35.459497 Sekunden gebraucht
72
bei T=2.280000 haben 10000 Messungen 36.137126 Sekunden gebraucht
73
bei T=2.282500 haben 10000 Messungen 37.923544 Sekunden gebraucht
74
bei T=2.285000 haben 10000 Messungen 36.334760 Sekunden gebraucht
75
bei T=2.287500 haben 10000 Messungen 33.651124 Sekunden gebraucht
76
bei T=2.290000 haben 10000 Messungen 33.127533 Sekunden gebraucht
77
bei T=2.292500 haben 10000 Messungen 33.412333 Sekunden gebraucht
78
bei T=2.295000 haben 10000 Messungen 35.797133 Sekunden gebraucht
79
bei T=2.297500 haben 10000 Messungen 35.187020 Sekunden gebraucht
80
bei T=2.300000 haben 10000 Messungen 36.472846 Sekunden gebraucht
81
bei T=2.302500 haben 10000 Messungen 35.118412 Sekunden gebraucht
82
bei T=2.305000 haben 10000 Messungen 36.022522 Sekunden gebraucht
83
bei T=2.307500 haben 10000 Messungen 33.984791 Sekunden gebraucht
84
bei T=2.310000 haben 10000 Messungen 36.019152 Sekunden gebraucht
85
bei T=2.312500 haben 10000 Messungen 34.174814 Sekunden gebraucht
86
bei T=2.315000 haben 10000 Messungen 34.867973 Sekunden gebraucht
87
bei T=2.317500 haben 10000 Messungen 35.355623 Sekunden gebraucht
88
bei T=2.320000 haben 10000 Messungen 37.021505 Sekunden gebraucht
89
bei T=2.322500 haben 10000 Messungen 36.115674 Sekunden gebraucht
90
bei T=2.325000 haben 10000 Messungen 33.998663 Sekunden gebraucht
91
bei T=2.327500 haben 10000 Messungen 36.220829 Sekunden gebraucht
92
bei T=2.330000 haben 10000 Messungen 36.527283 Sekunden gebraucht
93
bei T=2.332500 haben 10000 Messungen 35.523906 Sekunden gebraucht
94
bei T=2.335000 haben 10000 Messungen 34.926508 Sekunden gebraucht
95
bei T=2.337500 haben 10000 Messungen 35.816938 Sekunden gebraucht
96
bei T=2.340000 haben 10000 Messungen 36.812752 Sekunden gebraucht
97
bei T=2.342500 haben 10000 Messungen 35.820893 Sekunden gebraucht
98
bei T=2.345000 haben 10000 Messungen 35.423713 Sekunden gebraucht
99
bei T=2.347500 haben 10000 Messungen 35.177449 Sekunden gebraucht
Insgesamt hat das Messen 3448.706910 Sekunden gebraucht
Insgesamt hat das Botstrapping 56.702811 Sekunden gebraucht
Insgesamt hat das Programm 5287.829743 Sekunden gebraucht
/hiskp4/gross/bachelorarbeit
