Fri Jul  3 16:14:23 CEST 2020 Waiting for 30 seconds before starting the job to allow the node to settle down
Fri Jul  3 16:14:53 CEST 2020 Waiting done, starting task!
Fri Jul  3 16:14:53 CEST 2020 Waiting for 30 seconds before starting the job to allow the node to settle down
Fri Jul  3 16:15:23 CEST 2020 Waiting done, starting task!
Ende array
0
bei T=0.050000 haben 10240 Messungen 0.131501 Sekunden gebraucht
1
bei T=0.150000 haben 10240 Messungen 0.103945 Sekunden gebraucht
2
bei T=0.250000 haben 10240 Messungen 0.103961 Sekunden gebraucht
3
bei T=0.350000 haben 10240 Messungen 0.104201 Sekunden gebraucht
4
bei T=0.450000 haben 10240 Messungen 0.103936 Sekunden gebraucht
5
bei T=0.550000 haben 10240 Messungen 0.108653 Sekunden gebraucht
6
bei T=0.650000 haben 10240 Messungen 0.104155 Sekunden gebraucht
7
bei T=0.750000 haben 10240 Messungen 0.104306 Sekunden gebraucht
8
bei T=0.850000 haben 10240 Messungen 0.104028 Sekunden gebraucht
9
bei T=0.950000 haben 10240 Messungen 0.104094 Sekunden gebraucht
10
bei T=1.050000 haben 10240 Messungen 0.108632 Sekunden gebraucht
11
bei T=1.150000 haben 10240 Messungen 0.104581 Sekunden gebraucht
12
bei T=1.250000 haben 10240 Messungen 0.109183 Sekunden gebraucht
13
bei T=1.350000 haben 10240 Messungen 0.105066 Sekunden gebraucht
14
bei T=1.450000 haben 10240 Messungen 0.105613 Sekunden gebraucht
15
bei T=1.550000 haben 10240 Messungen 0.106574 Sekunden gebraucht
16
bei T=1.650000 haben 10240 Messungen 0.106839 Sekunden gebraucht
17
bei T=1.750000 haben 10240 Messungen 0.107503 Sekunden gebraucht
18
bei T=1.850000 haben 10240 Messungen 0.118366 Sekunden gebraucht
19
bei T=1.950000 haben 10240 Messungen 0.113844 Sekunden gebraucht
20
bei T=2.000000 haben 10240 Messungen 0.109805 Sekunden gebraucht
21
bei T=2.008000 haben 10240 Messungen 0.110044 Sekunden gebraucht
22
bei T=2.016000 haben 10240 Messungen 0.110128 Sekunden gebraucht
23
bei T=2.024000 haben 10240 Messungen 0.112917 Sekunden gebraucht
24
bei T=2.032000 haben 10240 Messungen 0.110286 Sekunden gebraucht
25
bei T=2.040000 haben 10240 Messungen 0.161646 Sekunden gebraucht
26
bei T=2.048000 haben 10240 Messungen 0.120177 Sekunden gebraucht
27
bei T=2.056000 haben 10240 Messungen 0.110663 Sekunden gebraucht
28
bei T=2.064000 haben 10240 Messungen 0.110780 Sekunden gebraucht
29
bei T=2.072000 haben 10240 Messungen 0.110827 Sekunden gebraucht
30
bei T=2.080000 haben 10240 Messungen 0.110980 Sekunden gebraucht
31
bei T=2.088000 haben 10240 Messungen 0.110977 Sekunden gebraucht
32
bei T=2.096000 haben 10240 Messungen 0.111274 Sekunden gebraucht
33
bei T=2.104000 haben 10240 Messungen 0.111288 Sekunden gebraucht
34
bei T=2.112000 haben 10240 Messungen 0.111405 Sekunden gebraucht
35
bei T=2.120000 haben 10240 Messungen 0.111595 Sekunden gebraucht
36
bei T=2.128000 haben 10240 Messungen 0.111806 Sekunden gebraucht
37
bei T=2.136000 haben 10240 Messungen 0.111929 Sekunden gebraucht
38
bei T=2.144000 haben 10240 Messungen 0.112017 Sekunden gebraucht
39
bei T=2.152000 haben 10240 Messungen 0.112117 Sekunden gebraucht
40
bei T=2.160000 haben 10240 Messungen 0.112151 Sekunden gebraucht
41
bei T=2.168000 haben 10240 Messungen 0.112342 Sekunden gebraucht
42
bei T=2.176000 haben 10240 Messungen 0.121425 Sekunden gebraucht
43
bei T=2.184000 haben 10240 Messungen 0.112580 Sekunden gebraucht
44
bei T=2.192000 haben 10240 Messungen 0.112904 Sekunden gebraucht
45
bei T=2.200000 haben 10240 Messungen 0.120978 Sekunden gebraucht
46
bei T=2.208000 haben 10240 Messungen 0.113313 Sekunden gebraucht
47
bei T=2.216000 haben 10240 Messungen 0.113557 Sekunden gebraucht
48
bei T=2.224000 haben 10240 Messungen 0.113879 Sekunden gebraucht
49
bei T=2.226000 haben 10240 Messungen 0.113793 Sekunden gebraucht
50
bei T=2.228000 haben 10240 Messungen 0.113631 Sekunden gebraucht
51
bei T=2.230000 haben 10240 Messungen 0.113680 Sekunden gebraucht
52
bei T=2.232000 haben 10240 Messungen 0.158925 Sekunden gebraucht
53
bei T=2.234000 haben 10240 Messungen 0.113833 Sekunden gebraucht
54
bei T=2.236000 haben 10240 Messungen 0.113991 Sekunden gebraucht
55
bei T=2.238000 haben 10240 Messungen 0.113859 Sekunden gebraucht
56
bei T=2.240000 haben 10240 Messungen 0.114681 Sekunden gebraucht
57
bei T=2.242000 haben 10240 Messungen 0.113705 Sekunden gebraucht
58
bei T=2.244000 haben 10240 Messungen 0.114045 Sekunden gebraucht
59
bei T=2.246000 haben 10240 Messungen 0.114125 Sekunden gebraucht
60
bei T=2.248000 haben 10240 Messungen 0.114270 Sekunden gebraucht
61
bei T=2.250000 haben 10240 Messungen 0.114142 Sekunden gebraucht
62
bei T=2.252000 haben 10240 Messungen 0.114170 Sekunden gebraucht
63
bei T=2.254000 haben 10240 Messungen 0.114336 Sekunden gebraucht
64
bei T=2.256000 haben 10240 Messungen 0.160241 Sekunden gebraucht
65
bei T=2.258000 haben 10240 Messungen 0.115265 Sekunden gebraucht
66
bei T=2.260000 haben 10240 Messungen 0.114565 Sekunden gebraucht
67
bei T=2.262000 haben 10240 Messungen 0.114559 Sekunden gebraucht
68
bei T=2.264000 haben 10240 Messungen 0.114618 Sekunden gebraucht
69
bei T=2.266000 haben 10240 Messungen 0.114718 Sekunden gebraucht
70
bei T=2.268000 haben 10240 Messungen 0.114667 Sekunden gebraucht
71
bei T=2.270000 haben 10240 Messungen 0.114522 Sekunden gebraucht
72
bei T=2.272000 haben 10240 Messungen 0.114579 Sekunden gebraucht
73
bei T=2.274000 haben 10240 Messungen 0.115026 Sekunden gebraucht
74
bei T=2.276000 haben 10240 Messungen 0.114673 Sekunden gebraucht
75
bei T=2.278000 haben 10240 Messungen 0.114836 Sekunden gebraucht
76
bei T=2.280000 haben 10240 Messungen 0.115083 Sekunden gebraucht
77
bei T=2.282000 haben 10240 Messungen 0.114962 Sekunden gebraucht
78
bei T=2.284000 haben 10240 Messungen 0.115427 Sekunden gebraucht
79
bei T=2.286000 haben 10240 Messungen 0.115026 Sekunden gebraucht
80
bei T=2.288000 haben 10240 Messungen 0.115113 Sekunden gebraucht
81
bei T=2.290000 haben 10240 Messungen 0.115290 Sekunden gebraucht
82
bei T=2.292000 haben 10240 Messungen 0.115305 Sekunden gebraucht
83
bei T=2.294000 haben 10240 Messungen 0.115094 Sekunden gebraucht
84
bei T=2.296000 haben 10240 Messungen 0.115371 Sekunden gebraucht
85
bei T=2.298000 haben 10240 Messungen 0.115561 Sekunden gebraucht
86
bei T=2.300000 haben 10240 Messungen 0.115452 Sekunden gebraucht
87
bei T=2.302000 haben 10240 Messungen 0.115226 Sekunden gebraucht
88
bei T=2.304000 haben 10240 Messungen 0.115395 Sekunden gebraucht
89
bei T=2.306000 haben 10240 Messungen 0.124868 Sekunden gebraucht
90
bei T=2.308000 haben 10240 Messungen 0.115783 Sekunden gebraucht
91
bei T=2.310000 haben 10240 Messungen 0.115561 Sekunden gebraucht
92
bei T=2.312000 haben 10240 Messungen 0.115469 Sekunden gebraucht
93
bei T=2.314000 haben 10240 Messungen 0.116243 Sekunden gebraucht
94
bei T=2.316000 haben 10240 Messungen 0.124885 Sekunden gebraucht
95
bei T=2.318000 haben 10240 Messungen 0.115684 Sekunden gebraucht
96
bei T=2.320000 haben 10240 Messungen 0.116176 Sekunden gebraucht
97
bei T=2.322000 haben 10240 Messungen 0.117320 Sekunden gebraucht
98
bei T=2.324000 haben 10240 Messungen 0.115861 Sekunden gebraucht
99
bei T=2.326000 haben 10240 Messungen 0.124961 Sekunden gebraucht
100
bei T=2.328000 haben 10240 Messungen 0.124227 Sekunden gebraucht
101
bei T=2.330000 haben 10240 Messungen 0.118662 Sekunden gebraucht
102
bei T=2.332000 haben 10240 Messungen 0.116328 Sekunden gebraucht
103
bei T=2.334000 haben 10240 Messungen 0.145135 Sekunden gebraucht
104
bei T=2.336000 haben 10240 Messungen 0.116503 Sekunden gebraucht
105
bei T=2.338000 haben 10240 Messungen 0.116677 Sekunden gebraucht
106
bei T=2.340000 haben 10240 Messungen 0.116579 Sekunden gebraucht
107
bei T=2.342000 haben 10240 Messungen 0.145595 Sekunden gebraucht
108
bei T=2.344000 haben 10240 Messungen 0.116549 Sekunden gebraucht
109
bei T=2.346000 haben 10240 Messungen 0.117012 Sekunden gebraucht
110
bei T=2.348000 haben 10240 Messungen 0.116824 Sekunden gebraucht
111
bei T=2.350000 haben 10240 Messungen 0.117668 Sekunden gebraucht
112
bei T=2.352000 haben 10240 Messungen 0.116936 Sekunden gebraucht
113
bei T=2.354000 haben 10240 Messungen 0.116699 Sekunden gebraucht
114
bei T=2.356000 haben 10240 Messungen 0.116672 Sekunden gebraucht
115
bei T=2.358000 haben 10240 Messungen 0.117000 Sekunden gebraucht
116
bei T=2.360000 haben 10240 Messungen 0.117027 Sekunden gebraucht
117
bei T=2.362000 haben 10240 Messungen 0.116867 Sekunden gebraucht
118
bei T=2.364000 haben 10240 Messungen 0.169095 Sekunden gebraucht
119
bei T=2.366000 haben 10240 Messungen 0.117089 Sekunden gebraucht
120
bei T=2.368000 haben 10240 Messungen 0.117184 Sekunden gebraucht
121
bei T=2.370000 haben 10240 Messungen 0.117019 Sekunden gebraucht
122
bei T=2.372000 haben 10240 Messungen 0.117392 Sekunden gebraucht
123
bei T=2.374000 haben 10240 Messungen 0.117685 Sekunden gebraucht
124
bei T=2.376000 haben 10240 Messungen 0.126161 Sekunden gebraucht
125
bei T=2.378000 haben 10240 Messungen 0.117504 Sekunden gebraucht
126
bei T=2.380000 haben 10240 Messungen 0.147136 Sekunden gebraucht
127
bei T=2.382000 haben 10240 Messungen 0.117564 Sekunden gebraucht
128
bei T=2.384000 haben 10240 Messungen 0.117380 Sekunden gebraucht
129
bei T=2.386000 haben 10240 Messungen 0.117892 Sekunden gebraucht
130
bei T=2.388000 haben 10240 Messungen 0.117578 Sekunden gebraucht
131
bei T=2.390000 haben 10240 Messungen 0.121493 Sekunden gebraucht
132
bei T=2.392000 haben 10240 Messungen 0.117748 Sekunden gebraucht
133
bei T=2.394000 haben 10240 Messungen 0.118023 Sekunden gebraucht
134
bei T=2.396000 haben 10240 Messungen 0.118020 Sekunden gebraucht
135
bei T=2.398000 haben 10240 Messungen 0.118183 Sekunden gebraucht
136
bei T=2.400000 haben 10240 Messungen 0.117884 Sekunden gebraucht
137
bei T=2.408000 haben 10240 Messungen 0.117929 Sekunden gebraucht
138
bei T=2.416000 haben 10240 Messungen 0.118341 Sekunden gebraucht
139
bei T=2.424000 haben 10240 Messungen 0.118667 Sekunden gebraucht
140
bei T=2.432000 haben 10240 Messungen 0.118746 Sekunden gebraucht
141
bei T=2.440000 haben 10240 Messungen 0.119041 Sekunden gebraucht
142
bei T=2.448000 haben 10240 Messungen 0.119017 Sekunden gebraucht
143
bei T=2.456000 haben 10240 Messungen 0.120299 Sekunden gebraucht
144
bei T=2.464000 haben 10240 Messungen 0.119467 Sekunden gebraucht
145
bei T=2.472000 haben 10240 Messungen 0.120250 Sekunden gebraucht
146
bei T=2.480000 haben 10240 Messungen 0.125895 Sekunden gebraucht
147
bei T=2.488000 haben 10240 Messungen 0.120181 Sekunden gebraucht
148
bei T=2.496000 haben 10240 Messungen 0.120417 Sekunden gebraucht
149
bei T=2.504000 haben 10240 Messungen 0.121276 Sekunden gebraucht
150
bei T=2.512000 haben 10240 Messungen 0.120877 Sekunden gebraucht
151
bei T=2.520000 haben 10240 Messungen 0.121013 Sekunden gebraucht
152
bei T=2.528000 haben 10240 Messungen 0.121123 Sekunden gebraucht
153
bei T=2.536000 haben 10240 Messungen 0.121392 Sekunden gebraucht
154
bei T=2.544000 haben 10240 Messungen 0.121374 Sekunden gebraucht
155
bei T=2.552000 haben 10240 Messungen 0.121919 Sekunden gebraucht
156
bei T=2.560000 haben 10240 Messungen 0.121939 Sekunden gebraucht
157
bei T=2.568000 haben 10240 Messungen 0.121840 Sekunden gebraucht
158
bei T=2.576000 haben 10240 Messungen 0.122125 Sekunden gebraucht
159
bei T=2.584000 haben 10240 Messungen 0.122192 Sekunden gebraucht
160
bei T=2.592000 haben 10240 Messungen 0.122308 Sekunden gebraucht
161
bei T=2.600000 haben 10240 Messungen 0.122470 Sekunden gebraucht
162
bei T=2.608000 haben 10240 Messungen 0.122688 Sekunden gebraucht
163
bei T=2.616000 haben 10240 Messungen 0.122895 Sekunden gebraucht
164
bei T=2.624000 haben 10240 Messungen 0.122833 Sekunden gebraucht
165
bei T=2.632000 haben 10240 Messungen 0.123007 Sekunden gebraucht
166
bei T=2.640000 haben 10240 Messungen 0.123449 Sekunden gebraucht
167
bei T=2.648000 haben 10240 Messungen 0.123355 Sekunden gebraucht
168
bei T=2.656000 haben 10240 Messungen 0.123545 Sekunden gebraucht
169
bei T=2.664000 haben 10240 Messungen 0.123611 Sekunden gebraucht
170
bei T=2.672000 haben 10240 Messungen 0.123878 Sekunden gebraucht
171
bei T=2.680000 haben 10240 Messungen 0.123942 Sekunden gebraucht
172
bei T=2.688000 haben 10240 Messungen 0.123955 Sekunden gebraucht
173
bei T=2.696000 haben 10240 Messungen 0.124060 Sekunden gebraucht
174
bei T=2.704000 haben 10240 Messungen 0.124173 Sekunden gebraucht
175
bei T=2.712000 haben 10240 Messungen 0.124219 Sekunden gebraucht
176
bei T=2.720000 haben 10240 Messungen 0.124233 Sekunden gebraucht
177
bei T=2.728000 haben 10240 Messungen 0.124514 Sekunden gebraucht
178
bei T=2.736000 haben 10240 Messungen 0.124709 Sekunden gebraucht
179
bei T=2.744000 haben 10240 Messungen 0.124719 Sekunden gebraucht
180
bei T=2.752000 haben 10240 Messungen 0.124660 Sekunden gebraucht
181
bei T=2.760000 haben 10240 Messungen 0.124851 Sekunden gebraucht
182
bei T=2.792000 haben 10240 Messungen 0.125043 Sekunden gebraucht
183
bei T=2.824000 haben 10240 Messungen 0.132907 Sekunden gebraucht
184
bei T=2.856000 haben 10240 Messungen 0.125699 Sekunden gebraucht
185
bei T=2.888000 haben 10240 Messungen 0.126004 Sekunden gebraucht
186
bei T=2.920000 haben 10240 Messungen 0.126223 Sekunden gebraucht
187
bei T=2.952000 haben 10240 Messungen 0.127289 Sekunden gebraucht
188
bei T=2.984000 haben 10240 Messungen 0.126674 Sekunden gebraucht
189
bei T=3.016000 haben 10240 Messungen 0.127028 Sekunden gebraucht
190
bei T=3.048000 haben 10240 Messungen 0.126970 Sekunden gebraucht
191
bei T=3.080000 haben 10240 Messungen 0.127000 Sekunden gebraucht
192
bei T=3.112000 haben 10240 Messungen 0.127180 Sekunden gebraucht
193
bei T=3.144000 haben 10240 Messungen 0.127339 Sekunden gebraucht
194
bei T=3.176000 haben 10240 Messungen 0.127210 Sekunden gebraucht
195
bei T=3.208000 haben 10240 Messungen 0.172407 Sekunden gebraucht
196
bei T=3.240000 haben 10240 Messungen 0.127392 Sekunden gebraucht
197
bei T=3.272000 haben 10240 Messungen 0.127413 Sekunden gebraucht
198
bei T=3.304000 haben 10240 Messungen 0.127472 Sekunden gebraucht
199
bei T=3.336000 haben 10240 Messungen 0.127520 Sekunden gebraucht
200
bei T=3.368000 haben 10240 Messungen 0.127384 Sekunden gebraucht
201
bei T=3.400000 haben 10240 Messungen 0.127405 Sekunden gebraucht
202
bei T=3.432000 haben 10240 Messungen 0.127518 Sekunden gebraucht
203
bei T=3.464000 haben 10240 Messungen 0.127459 Sekunden gebraucht
204
bei T=3.496000 haben 10240 Messungen 0.127342 Sekunden gebraucht
205
bei T=3.528000 haben 10240 Messungen 0.127395 Sekunden gebraucht
206
bei T=3.560000 haben 10240 Messungen 0.150775 Sekunden gebraucht
207
bei T=3.592000 haben 10240 Messungen 0.127268 Sekunden gebraucht
208
bei T=3.624000 haben 10240 Messungen 0.128295 Sekunden gebraucht
209
bei T=3.656000 haben 10240 Messungen 0.127310 Sekunden gebraucht
Insgesamt hat das Messen 25.080647 Sekunden gebraucht
Insgesamt hat das Bootstrapping 218.555574 Sekunden gebraucht
Insgesamt hat das Programm 306.406542 Sekunden gebraucht
/hiskp4/gross/bachelorarbeit
