Fri Jul  3 10:04:13 CEST 2020 Waiting for 30 seconds before starting the job to allow the node to settle down
Fri Jul  3 10:04:43 CEST 2020 Waiting done, starting task!
Fri Jul  3 10:04:43 CEST 2020 Waiting for 30 seconds before starting the job to allow the node to settle down
Fri Jul  3 10:05:13 CEST 2020 Waiting done, starting task!
Ende array
0
bei T=0.050000 haben 10240 Messungen 0.593945 Sekunden gebraucht
1
bei T=0.150000 haben 10240 Messungen 0.585947 Sekunden gebraucht
2
bei T=0.250000 haben 10240 Messungen 0.648163 Sekunden gebraucht
3
bei T=0.350000 haben 10240 Messungen 0.538618 Sekunden gebraucht
4
bei T=0.450000 haben 10240 Messungen 0.682209 Sekunden gebraucht
5
bei T=0.550000 haben 10240 Messungen 0.586645 Sekunden gebraucht
6
bei T=0.650000 haben 10240 Messungen 0.639285 Sekunden gebraucht
7
bei T=0.750000 haben 10240 Messungen 0.544615 Sekunden gebraucht
8
bei T=0.850000 haben 10240 Messungen 0.637230 Sekunden gebraucht
9
bei T=0.950000 haben 10240 Messungen 0.551546 Sekunden gebraucht
10
bei T=1.050000 haben 10240 Messungen 0.667871 Sekunden gebraucht
11
bei T=1.150000 haben 10240 Messungen 0.639283 Sekunden gebraucht
12
bei T=1.250000 haben 10240 Messungen 0.542139 Sekunden gebraucht
13
bei T=1.350000 haben 10240 Messungen 0.598003 Sekunden gebraucht
14
bei T=1.450000 haben 10240 Messungen 0.639144 Sekunden gebraucht
15
bei T=1.550000 haben 10240 Messungen 0.582902 Sekunden gebraucht
16
bei T=1.650000 haben 10240 Messungen 0.613800 Sekunden gebraucht
17
bei T=1.750000 haben 10240 Messungen 0.691154 Sekunden gebraucht
18
bei T=1.850000 haben 10240 Messungen 0.433718 Sekunden gebraucht
19
bei T=1.950000 haben 10240 Messungen 0.457545 Sekunden gebraucht
20
bei T=2.000000 haben 10240 Messungen 0.440514 Sekunden gebraucht
21
bei T=2.008000 haben 10240 Messungen 0.380611 Sekunden gebraucht
22
bei T=2.016000 haben 10240 Messungen 0.390764 Sekunden gebraucht
23
bei T=2.024000 haben 10240 Messungen 0.533915 Sekunden gebraucht
24
bei T=2.032000 haben 10240 Messungen 0.679809 Sekunden gebraucht
25
bei T=2.040000 haben 10240 Messungen 0.543084 Sekunden gebraucht
26
bei T=2.048000 haben 10240 Messungen 0.677664 Sekunden gebraucht
27
bei T=2.056000 haben 10240 Messungen 0.642451 Sekunden gebraucht
28
bei T=2.064000 haben 10240 Messungen 0.537006 Sekunden gebraucht
29
bei T=2.072000 haben 10240 Messungen 0.633350 Sekunden gebraucht
30
bei T=2.080000 haben 10240 Messungen 0.700235 Sekunden gebraucht
31
bei T=2.088000 haben 10240 Messungen 0.567595 Sekunden gebraucht
32
bei T=2.096000 haben 10240 Messungen 0.697143 Sekunden gebraucht
33
bei T=2.104000 haben 10240 Messungen 0.674631 Sekunden gebraucht
34
bei T=2.112000 haben 10240 Messungen 0.699207 Sekunden gebraucht
35
bei T=2.120000 haben 10240 Messungen 0.589825 Sekunden gebraucht
36
bei T=2.128000 haben 10240 Messungen 0.684480 Sekunden gebraucht
37
bei T=2.136000 haben 10240 Messungen 0.668223 Sekunden gebraucht
38
bei T=2.144000 haben 10240 Messungen 0.553712 Sekunden gebraucht
39
bei T=2.152000 haben 10240 Messungen 0.614539 Sekunden gebraucht
40
bei T=2.160000 haben 10240 Messungen 0.640632 Sekunden gebraucht
41
bei T=2.168000 haben 10240 Messungen 0.663093 Sekunden gebraucht
42
bei T=2.176000 haben 10240 Messungen 0.642463 Sekunden gebraucht
43
bei T=2.184000 haben 10240 Messungen 0.559370 Sekunden gebraucht
44
bei T=2.192000 haben 10240 Messungen 0.700125 Sekunden gebraucht
45
bei T=2.200000 haben 10240 Messungen 0.597610 Sekunden gebraucht
46
bei T=2.208000 haben 10240 Messungen 0.501757 Sekunden gebraucht
47
bei T=2.216000 haben 10240 Messungen 0.728276 Sekunden gebraucht
48
bei T=2.224000 haben 10240 Messungen 0.547113 Sekunden gebraucht
49
bei T=2.226000 haben 10240 Messungen 0.703307 Sekunden gebraucht
50
bei T=2.228000 haben 10240 Messungen 0.625798 Sekunden gebraucht
51
bei T=2.230000 haben 10240 Messungen 0.556139 Sekunden gebraucht
52
bei T=2.232000 haben 10240 Messungen 0.579735 Sekunden gebraucht
53
bei T=2.234000 haben 10240 Messungen 0.676319 Sekunden gebraucht
54
bei T=2.236000 haben 10240 Messungen 0.595057 Sekunden gebraucht
55
bei T=2.238000 haben 10240 Messungen 0.585692 Sekunden gebraucht
56
bei T=2.240000 haben 10240 Messungen 0.550941 Sekunden gebraucht
57
bei T=2.242000 haben 10240 Messungen 0.676774 Sekunden gebraucht
58
bei T=2.244000 haben 10240 Messungen 0.561143 Sekunden gebraucht
59
bei T=2.246000 haben 10240 Messungen 0.568732 Sekunden gebraucht
60
bei T=2.248000 haben 10240 Messungen 0.590212 Sekunden gebraucht
61
bei T=2.250000 haben 10240 Messungen 0.587994 Sekunden gebraucht
62
bei T=2.252000 haben 10240 Messungen 0.691982 Sekunden gebraucht
63
bei T=2.254000 haben 10240 Messungen 0.595013 Sekunden gebraucht
64
bei T=2.256000 haben 10240 Messungen 0.591321 Sekunden gebraucht
65
bei T=2.258000 haben 10240 Messungen 0.621482 Sekunden gebraucht
66
bei T=2.260000 haben 10240 Messungen 0.697149 Sekunden gebraucht
67
bei T=2.262000 haben 10240 Messungen 0.593651 Sekunden gebraucht
68
bei T=2.264000 haben 10240 Messungen 0.590074 Sekunden gebraucht
69
bei T=2.266000 haben 10240 Messungen 0.690386 Sekunden gebraucht
70
bei T=2.268000 haben 10240 Messungen 0.686158 Sekunden gebraucht
71
bei T=2.270000 haben 10240 Messungen 0.606842 Sekunden gebraucht
72
bei T=2.272000 haben 10240 Messungen 0.712564 Sekunden gebraucht
73
bei T=2.274000 haben 10240 Messungen 0.592611 Sekunden gebraucht
74
bei T=2.276000 haben 10240 Messungen 0.585914 Sekunden gebraucht
75
bei T=2.278000 haben 10240 Messungen 0.619858 Sekunden gebraucht
76
bei T=2.280000 haben 10240 Messungen 0.698517 Sekunden gebraucht
77
bei T=2.282000 haben 10240 Messungen 0.702906 Sekunden gebraucht
78
bei T=2.284000 haben 10240 Messungen 0.722984 Sekunden gebraucht
79
bei T=2.286000 haben 10240 Messungen 0.557303 Sekunden gebraucht
80
bei T=2.288000 haben 10240 Messungen 0.615315 Sekunden gebraucht
81
bei T=2.290000 haben 10240 Messungen 0.632930 Sekunden gebraucht
82
bei T=2.292000 haben 10240 Messungen 0.638976 Sekunden gebraucht
83
bei T=2.294000 haben 10240 Messungen 0.527462 Sekunden gebraucht
84
bei T=2.296000 haben 10240 Messungen 0.604609 Sekunden gebraucht
85
bei T=2.298000 haben 10240 Messungen 0.588747 Sekunden gebraucht
86
bei T=2.300000 haben 10240 Messungen 0.573116 Sekunden gebraucht
87
bei T=2.302000 haben 10240 Messungen 0.563342 Sekunden gebraucht
88
bei T=2.304000 haben 10240 Messungen 0.674219 Sekunden gebraucht
89
bei T=2.306000 haben 10240 Messungen 0.572962 Sekunden gebraucht
90
bei T=2.308000 haben 10240 Messungen 0.600955 Sekunden gebraucht
91
bei T=2.310000 haben 10240 Messungen 0.582711 Sekunden gebraucht
92
bei T=2.312000 haben 10240 Messungen 0.702555 Sekunden gebraucht
93
bei T=2.314000 haben 10240 Messungen 0.615506 Sekunden gebraucht
94
bei T=2.316000 haben 10240 Messungen 0.542009 Sekunden gebraucht
95
bei T=2.318000 haben 10240 Messungen 0.610366 Sekunden gebraucht
96
bei T=2.320000 haben 10240 Messungen 0.632285 Sekunden gebraucht
97
bei T=2.322000 haben 10240 Messungen 0.688308 Sekunden gebraucht
98
bei T=2.324000 haben 10240 Messungen 0.681251 Sekunden gebraucht
99
bei T=2.326000 haben 10240 Messungen 0.583630 Sekunden gebraucht
100
bei T=2.328000 haben 10240 Messungen 0.556151 Sekunden gebraucht
101
bei T=2.330000 haben 10240 Messungen 0.574394 Sekunden gebraucht
102
bei T=2.332000 haben 10240 Messungen 0.578285 Sekunden gebraucht
103
bei T=2.334000 haben 10240 Messungen 0.617673 Sekunden gebraucht
104
bei T=2.336000 haben 10240 Messungen 0.581939 Sekunden gebraucht
105
bei T=2.338000 haben 10240 Messungen 0.683580 Sekunden gebraucht
106
bei T=2.340000 haben 10240 Messungen 0.554863 Sekunden gebraucht
107
bei T=2.342000 haben 10240 Messungen 0.712194 Sekunden gebraucht
108
bei T=2.344000 haben 10240 Messungen 0.577199 Sekunden gebraucht
109
bei T=2.346000 haben 10240 Messungen 0.624501 Sekunden gebraucht
110
bei T=2.348000 haben 10240 Messungen 0.710590 Sekunden gebraucht
111
bei T=2.350000 haben 10240 Messungen 0.672790 Sekunden gebraucht
112
bei T=2.352000 haben 10240 Messungen 0.677245 Sekunden gebraucht
113
bei T=2.354000 haben 10240 Messungen 0.641553 Sekunden gebraucht
114
bei T=2.356000 haben 10240 Messungen 0.568992 Sekunden gebraucht
115
bei T=2.358000 haben 10240 Messungen 0.595653 Sekunden gebraucht
116
bei T=2.360000 haben 10240 Messungen 0.697820 Sekunden gebraucht
117
bei T=2.362000 haben 10240 Messungen 0.607339 Sekunden gebraucht
118
bei T=2.364000 haben 10240 Messungen 0.558050 Sekunden gebraucht
119
bei T=2.366000 haben 10240 Messungen 0.738637 Sekunden gebraucht
120
bei T=2.368000 haben 10240 Messungen 0.576393 Sekunden gebraucht
121
bei T=2.370000 haben 10240 Messungen 0.620033 Sekunden gebraucht
122
bei T=2.372000 haben 10240 Messungen 0.609924 Sekunden gebraucht
123
bei T=2.374000 haben 10240 Messungen 0.723764 Sekunden gebraucht
124
bei T=2.376000 haben 10240 Messungen 0.729546 Sekunden gebraucht
125
bei T=2.378000 haben 10240 Messungen 0.709381 Sekunden gebraucht
126
bei T=2.380000 haben 10240 Messungen 0.712252 Sekunden gebraucht
127
bei T=2.382000 haben 10240 Messungen 0.589000 Sekunden gebraucht
128
bei T=2.384000 haben 10240 Messungen 0.691100 Sekunden gebraucht
129
bei T=2.386000 haben 10240 Messungen 0.720749 Sekunden gebraucht
130
bei T=2.388000 haben 10240 Messungen 0.757166 Sekunden gebraucht
131
bei T=2.390000 haben 10240 Messungen 0.597180 Sekunden gebraucht
132
bei T=2.392000 haben 10240 Messungen 0.581282 Sekunden gebraucht
133
bei T=2.394000 haben 10240 Messungen 0.727206 Sekunden gebraucht
134
bei T=2.396000 haben 10240 Messungen 0.644304 Sekunden gebraucht
135
bei T=2.398000 haben 10240 Messungen 0.743584 Sekunden gebraucht
136
bei T=2.400000 haben 10240 Messungen 0.585099 Sekunden gebraucht
137
bei T=2.408000 haben 10240 Messungen 0.599367 Sekunden gebraucht
138
bei T=2.416000 haben 10240 Messungen 0.630270 Sekunden gebraucht
139
bei T=2.424000 haben 10240 Messungen 0.601766 Sekunden gebraucht
140
bei T=2.432000 haben 10240 Messungen 0.730568 Sekunden gebraucht
141
bei T=2.440000 haben 10240 Messungen 0.762342 Sekunden gebraucht
142
bei T=2.448000 haben 10240 Messungen 0.596826 Sekunden gebraucht
143
bei T=2.456000 haben 10240 Messungen 0.589545 Sekunden gebraucht
144
bei T=2.464000 haben 10240 Messungen 0.597080 Sekunden gebraucht
145
bei T=2.472000 haben 10240 Messungen 0.593415 Sekunden gebraucht
146
bei T=2.480000 haben 10240 Messungen 0.592781 Sekunden gebraucht
147
bei T=2.488000 haben 10240 Messungen 0.723741 Sekunden gebraucht
148
bei T=2.496000 haben 10240 Messungen 0.594497 Sekunden gebraucht
149
bei T=2.504000 haben 10240 Messungen 0.611312 Sekunden gebraucht
150
bei T=2.512000 haben 10240 Messungen 0.578560 Sekunden gebraucht
151
bei T=2.520000 haben 10240 Messungen 0.711572 Sekunden gebraucht
152
bei T=2.528000 haben 10240 Messungen 0.730721 Sekunden gebraucht
153
bei T=2.536000 haben 10240 Messungen 0.590992 Sekunden gebraucht
154
bei T=2.544000 haben 10240 Messungen 0.650828 Sekunden gebraucht
155
bei T=2.552000 haben 10240 Messungen 0.595639 Sekunden gebraucht
156
bei T=2.560000 haben 10240 Messungen 0.704231 Sekunden gebraucht
157
bei T=2.568000 haben 10240 Messungen 0.639233 Sekunden gebraucht
158
bei T=2.576000 haben 10240 Messungen 0.677909 Sekunden gebraucht
159
bei T=2.584000 haben 10240 Messungen 0.611719 Sekunden gebraucht
160
bei T=2.592000 haben 10240 Messungen 0.662587 Sekunden gebraucht
161
bei T=2.600000 haben 10240 Messungen 0.682471 Sekunden gebraucht
162
bei T=2.608000 haben 10240 Messungen 0.640333 Sekunden gebraucht
163
bei T=2.616000 haben 10240 Messungen 0.767071 Sekunden gebraucht
164
bei T=2.624000 haben 10240 Messungen 0.590337 Sekunden gebraucht
165
bei T=2.632000 haben 10240 Messungen 0.706001 Sekunden gebraucht
166
bei T=2.640000 haben 10240 Messungen 0.723608 Sekunden gebraucht
167
bei T=2.648000 haben 10240 Messungen 0.587181 Sekunden gebraucht
168
bei T=2.656000 haben 10240 Messungen 0.719007 Sekunden gebraucht
169
bei T=2.664000 haben 10240 Messungen 0.756956 Sekunden gebraucht
170
bei T=2.672000 haben 10240 Messungen 0.720266 Sekunden gebraucht
171
bei T=2.680000 haben 10240 Messungen 0.617333 Sekunden gebraucht
172
bei T=2.688000 haben 10240 Messungen 0.531441 Sekunden gebraucht
173
bei T=2.696000 haben 10240 Messungen 0.610879 Sekunden gebraucht
174
bei T=2.704000 haben 10240 Messungen 0.704472 Sekunden gebraucht
175
bei T=2.712000 haben 10240 Messungen 0.560156 Sekunden gebraucht
176
bei T=2.720000 haben 10240 Messungen 0.642358 Sekunden gebraucht
177
bei T=2.728000 haben 10240 Messungen 0.571599 Sekunden gebraucht
178
bei T=2.736000 haben 10240 Messungen 0.698749 Sekunden gebraucht
179
bei T=2.744000 haben 10240 Messungen 0.636893 Sekunden gebraucht
180
bei T=2.752000 haben 10240 Messungen 0.640182 Sekunden gebraucht
181
bei T=2.760000 haben 10240 Messungen 0.691945 Sekunden gebraucht
182
bei T=2.792000 haben 10240 Messungen 0.616023 Sekunden gebraucht
183
bei T=2.824000 haben 10240 Messungen 0.736906 Sekunden gebraucht
184
bei T=2.856000 haben 10240 Messungen 0.719037 Sekunden gebraucht
185
bei T=2.888000 haben 10240 Messungen 0.738260 Sekunden gebraucht
186
bei T=2.920000 haben 10240 Messungen 0.673245 Sekunden gebraucht
187
bei T=2.952000 haben 10240 Messungen 0.643129 Sekunden gebraucht
188
bei T=2.984000 haben 10240 Messungen 0.732914 Sekunden gebraucht
189
bei T=3.016000 haben 10240 Messungen 0.624492 Sekunden gebraucht
190
bei T=3.048000 haben 10240 Messungen 0.644727 Sekunden gebraucht
191
bei T=3.080000 haben 10240 Messungen 0.671283 Sekunden gebraucht
192
bei T=3.112000 haben 10240 Messungen 0.645293 Sekunden gebraucht
193
bei T=3.144000 haben 10240 Messungen 0.654285 Sekunden gebraucht
194
bei T=3.176000 haben 10240 Messungen 0.678703 Sekunden gebraucht
195
bei T=3.208000 haben 10240 Messungen 0.773168 Sekunden gebraucht
196
bei T=3.240000 haben 10240 Messungen 0.687069 Sekunden gebraucht
197
bei T=3.272000 haben 10240 Messungen 0.789217 Sekunden gebraucht
198
bei T=3.304000 haben 10240 Messungen 0.814508 Sekunden gebraucht
199
bei T=3.336000 haben 10240 Messungen 0.773978 Sekunden gebraucht
200
bei T=3.368000 haben 10240 Messungen 0.693503 Sekunden gebraucht
201
bei T=3.400000 haben 10240 Messungen 0.574653 Sekunden gebraucht
202
bei T=3.432000 haben 10240 Messungen 0.695530 Sekunden gebraucht
203
bei T=3.464000 haben 10240 Messungen 0.747712 Sekunden gebraucht
204
bei T=3.496000 haben 10240 Messungen 0.807451 Sekunden gebraucht
205
bei T=3.528000 haben 10240 Messungen 0.775632 Sekunden gebraucht
206
bei T=3.560000 haben 10240 Messungen 0.794905 Sekunden gebraucht
207
bei T=3.592000 haben 10240 Messungen 0.788017 Sekunden gebraucht
208
bei T=3.624000 haben 10240 Messungen 0.747260 Sekunden gebraucht
209
bei T=3.656000 haben 10240 Messungen 0.711790 Sekunden gebraucht
Insgesamt hat das Messen 133.985611 Sekunden gebraucht
Insgesamt hat das Bootstrapping 230.114704 Sekunden gebraucht
Insgesamt hat das Programm 624.314344 Sekunden gebraucht
/hiskp4/gross/bachelorarbeit
