Fri Jul  3 12:14:17 CEST 2020 Waiting for 30 seconds before starting the job to allow the node to settle down
Fri Jul  3 12:14:47 CEST 2020 Waiting done, starting task!
Fri Jul  3 12:14:47 CEST 2020 Waiting for 30 seconds before starting the job to allow the node to settle down
Fri Jul  3 12:15:17 CEST 2020 Waiting done, starting task!
Ende array
0
bei T=0.050000 haben 10240 Messungen 0.577703 Sekunden gebraucht
1
bei T=0.150000 haben 10240 Messungen 0.576716 Sekunden gebraucht
2
bei T=0.250000 haben 10240 Messungen 0.595723 Sekunden gebraucht
3
bei T=0.350000 haben 10240 Messungen 0.569456 Sekunden gebraucht
4
bei T=0.450000 haben 10240 Messungen 0.588659 Sekunden gebraucht
5
bei T=0.550000 haben 10240 Messungen 0.549645 Sekunden gebraucht
6
bei T=0.650000 haben 10240 Messungen 0.570393 Sekunden gebraucht
7
bei T=0.750000 haben 10240 Messungen 0.593938 Sekunden gebraucht
8
bei T=0.850000 haben 10240 Messungen 0.595348 Sekunden gebraucht
9
bei T=0.950000 haben 10240 Messungen 0.564841 Sekunden gebraucht
10
bei T=1.050000 haben 10240 Messungen 0.572267 Sekunden gebraucht
11
bei T=1.150000 haben 10240 Messungen 0.641459 Sekunden gebraucht
12
bei T=1.250000 haben 10240 Messungen 0.602109 Sekunden gebraucht
13
bei T=1.350000 haben 10240 Messungen 0.647123 Sekunden gebraucht
14
bei T=1.450000 haben 10240 Messungen 0.597091 Sekunden gebraucht
15
bei T=1.550000 haben 10240 Messungen 0.611278 Sekunden gebraucht
16
bei T=1.650000 haben 10240 Messungen 0.583790 Sekunden gebraucht
17
bei T=1.750000 haben 10240 Messungen 0.614698 Sekunden gebraucht
18
bei T=1.850000 haben 10240 Messungen 0.609523 Sekunden gebraucht
19
bei T=1.950000 haben 10240 Messungen 0.650418 Sekunden gebraucht
20
bei T=2.000000 haben 10240 Messungen 0.606775 Sekunden gebraucht
21
bei T=2.008000 haben 10240 Messungen 0.633381 Sekunden gebraucht
22
bei T=2.016000 haben 10240 Messungen 0.666914 Sekunden gebraucht
23
bei T=2.024000 haben 10240 Messungen 0.672037 Sekunden gebraucht
24
bei T=2.032000 haben 10240 Messungen 0.637938 Sekunden gebraucht
25
bei T=2.040000 haben 10240 Messungen 0.647926 Sekunden gebraucht
26
bei T=2.048000 haben 10240 Messungen 0.627582 Sekunden gebraucht
27
bei T=2.056000 haben 10240 Messungen 0.685077 Sekunden gebraucht
28
bei T=2.064000 haben 10240 Messungen 0.648343 Sekunden gebraucht
29
bei T=2.072000 haben 10240 Messungen 0.649672 Sekunden gebraucht
30
bei T=2.080000 haben 10240 Messungen 0.537348 Sekunden gebraucht
31
bei T=2.088000 haben 10240 Messungen 0.549520 Sekunden gebraucht
32
bei T=2.096000 haben 10240 Messungen 0.658052 Sekunden gebraucht
33
bei T=2.104000 haben 10240 Messungen 0.570143 Sekunden gebraucht
34
bei T=2.112000 haben 10240 Messungen 0.635480 Sekunden gebraucht
35
bei T=2.120000 haben 10240 Messungen 0.642974 Sekunden gebraucht
36
bei T=2.128000 haben 10240 Messungen 0.631073 Sekunden gebraucht
37
bei T=2.136000 haben 10240 Messungen 0.651097 Sekunden gebraucht
38
bei T=2.144000 haben 10240 Messungen 0.668336 Sekunden gebraucht
39
bei T=2.152000 haben 10240 Messungen 0.615556 Sekunden gebraucht
40
bei T=2.160000 haben 10240 Messungen 0.655434 Sekunden gebraucht
41
bei T=2.168000 haben 10240 Messungen 0.697895 Sekunden gebraucht
42
bei T=2.176000 haben 10240 Messungen 0.606258 Sekunden gebraucht
43
bei T=2.184000 haben 10240 Messungen 0.684834 Sekunden gebraucht
44
bei T=2.192000 haben 10240 Messungen 0.657308 Sekunden gebraucht
45
bei T=2.200000 haben 10240 Messungen 0.681590 Sekunden gebraucht
46
bei T=2.208000 haben 10240 Messungen 0.671411 Sekunden gebraucht
47
bei T=2.216000 haben 10240 Messungen 0.652222 Sekunden gebraucht
48
bei T=2.224000 haben 10240 Messungen 0.643880 Sekunden gebraucht
49
bei T=2.226000 haben 10240 Messungen 0.708712 Sekunden gebraucht
50
bei T=2.228000 haben 10240 Messungen 0.641056 Sekunden gebraucht
51
bei T=2.230000 haben 10240 Messungen 0.625844 Sekunden gebraucht
52
bei T=2.232000 haben 10240 Messungen 0.713197 Sekunden gebraucht
53
bei T=2.234000 haben 10240 Messungen 0.671764 Sekunden gebraucht
54
bei T=2.236000 haben 10240 Messungen 0.685857 Sekunden gebraucht
55
bei T=2.238000 haben 10240 Messungen 0.740123 Sekunden gebraucht
56
bei T=2.240000 haben 10240 Messungen 0.873949 Sekunden gebraucht
57
bei T=2.242000 haben 10240 Messungen 0.694000 Sekunden gebraucht
58
bei T=2.244000 haben 10240 Messungen 0.649541 Sekunden gebraucht
59
bei T=2.246000 haben 10240 Messungen 0.655113 Sekunden gebraucht
60
bei T=2.248000 haben 10240 Messungen 0.679855 Sekunden gebraucht
61
bei T=2.250000 haben 10240 Messungen 0.704779 Sekunden gebraucht
62
bei T=2.252000 haben 10240 Messungen 0.620130 Sekunden gebraucht
63
bei T=2.254000 haben 10240 Messungen 0.692101 Sekunden gebraucht
64
bei T=2.256000 haben 10240 Messungen 0.689407 Sekunden gebraucht
65
bei T=2.258000 haben 10240 Messungen 0.689719 Sekunden gebraucht
66
bei T=2.260000 haben 10240 Messungen 0.660633 Sekunden gebraucht
67
bei T=2.262000 haben 10240 Messungen 0.665564 Sekunden gebraucht
68
bei T=2.264000 haben 10240 Messungen 0.589939 Sekunden gebraucht
69
bei T=2.266000 haben 10240 Messungen 0.701315 Sekunden gebraucht
70
bei T=2.268000 haben 10240 Messungen 0.711905 Sekunden gebraucht
71
bei T=2.270000 haben 10240 Messungen 0.708499 Sekunden gebraucht
72
bei T=2.272000 haben 10240 Messungen 0.671747 Sekunden gebraucht
73
bei T=2.274000 haben 10240 Messungen 0.691568 Sekunden gebraucht
74
bei T=2.276000 haben 10240 Messungen 0.653888 Sekunden gebraucht
75
bei T=2.278000 haben 10240 Messungen 0.644013 Sekunden gebraucht
76
bei T=2.280000 haben 10240 Messungen 0.684441 Sekunden gebraucht
77
bei T=2.282000 haben 10240 Messungen 0.597228 Sekunden gebraucht
78
bei T=2.284000 haben 10240 Messungen 0.680750 Sekunden gebraucht
79
bei T=2.286000 haben 10240 Messungen 0.596241 Sekunden gebraucht
80
bei T=2.288000 haben 10240 Messungen 0.634232 Sekunden gebraucht
81
bei T=2.290000 haben 10240 Messungen 0.780304 Sekunden gebraucht
82
bei T=2.292000 haben 10240 Messungen 0.701151 Sekunden gebraucht
83
bei T=2.294000 haben 10240 Messungen 0.705182 Sekunden gebraucht
84
bei T=2.296000 haben 10240 Messungen 0.639101 Sekunden gebraucht
85
bei T=2.298000 haben 10240 Messungen 0.641078 Sekunden gebraucht
86
bei T=2.300000 haben 10240 Messungen 0.696576 Sekunden gebraucht
87
bei T=2.302000 haben 10240 Messungen 0.687396 Sekunden gebraucht
88
bei T=2.304000 haben 10240 Messungen 0.972393 Sekunden gebraucht
89
bei T=2.306000 haben 10240 Messungen 0.664806 Sekunden gebraucht
90
bei T=2.308000 haben 10240 Messungen 0.666073 Sekunden gebraucht
91
bei T=2.310000 haben 10240 Messungen 0.666299 Sekunden gebraucht
92
bei T=2.312000 haben 10240 Messungen 0.628224 Sekunden gebraucht
93
bei T=2.314000 haben 10240 Messungen 0.657284 Sekunden gebraucht
94
bei T=2.316000 haben 10240 Messungen 0.709536 Sekunden gebraucht
95
bei T=2.318000 haben 10240 Messungen 0.714048 Sekunden gebraucht
96
bei T=2.320000 haben 10240 Messungen 0.730907 Sekunden gebraucht
97
bei T=2.322000 haben 10240 Messungen 0.705752 Sekunden gebraucht
98
bei T=2.324000 haben 10240 Messungen 1.048581 Sekunden gebraucht
99
bei T=2.326000 haben 10240 Messungen 0.725553 Sekunden gebraucht
100
bei T=2.328000 haben 10240 Messungen 0.733176 Sekunden gebraucht
101
bei T=2.330000 haben 10240 Messungen 0.740535 Sekunden gebraucht
102
bei T=2.332000 haben 10240 Messungen 0.683827 Sekunden gebraucht
103
bei T=2.334000 haben 10240 Messungen 0.667427 Sekunden gebraucht
104
bei T=2.336000 haben 10240 Messungen 0.650663 Sekunden gebraucht
105
bei T=2.338000 haben 10240 Messungen 0.638825 Sekunden gebraucht
106
bei T=2.340000 haben 10240 Messungen 0.680230 Sekunden gebraucht
107
bei T=2.342000 haben 10240 Messungen 0.670816 Sekunden gebraucht
108
bei T=2.344000 haben 10240 Messungen 0.622974 Sekunden gebraucht
109
bei T=2.346000 haben 10240 Messungen 0.661352 Sekunden gebraucht
110
bei T=2.348000 haben 10240 Messungen 0.683894 Sekunden gebraucht
111
bei T=2.350000 haben 10240 Messungen 0.678946 Sekunden gebraucht
112
bei T=2.352000 haben 10240 Messungen 0.678757 Sekunden gebraucht
113
bei T=2.354000 haben 10240 Messungen 0.710817 Sekunden gebraucht
114
bei T=2.356000 haben 10240 Messungen 0.698569 Sekunden gebraucht
115
bei T=2.358000 haben 10240 Messungen 0.679105 Sekunden gebraucht
116
bei T=2.360000 haben 10240 Messungen 0.691678 Sekunden gebraucht
117
bei T=2.362000 haben 10240 Messungen 0.672355 Sekunden gebraucht
118
bei T=2.364000 haben 10240 Messungen 0.560162 Sekunden gebraucht
119
bei T=2.366000 haben 10240 Messungen 0.671622 Sekunden gebraucht
120
bei T=2.368000 haben 10240 Messungen 0.608655 Sekunden gebraucht
121
bei T=2.370000 haben 10240 Messungen 0.657894 Sekunden gebraucht
122
bei T=2.372000 haben 10240 Messungen 0.683786 Sekunden gebraucht
123
bei T=2.374000 haben 10240 Messungen 0.648460 Sekunden gebraucht
124
bei T=2.376000 haben 10240 Messungen 0.639249 Sekunden gebraucht
125
bei T=2.378000 haben 10240 Messungen 0.687525 Sekunden gebraucht
126
bei T=2.380000 haben 10240 Messungen 0.672397 Sekunden gebraucht
127
bei T=2.382000 haben 10240 Messungen 0.725741 Sekunden gebraucht
128
bei T=2.384000 haben 10240 Messungen 0.749076 Sekunden gebraucht
129
bei T=2.386000 haben 10240 Messungen 0.948585 Sekunden gebraucht
130
bei T=2.388000 haben 10240 Messungen 0.731640 Sekunden gebraucht
131
bei T=2.390000 haben 10240 Messungen 0.724961 Sekunden gebraucht
132
bei T=2.392000 haben 10240 Messungen 0.700879 Sekunden gebraucht
133
bei T=2.394000 haben 10240 Messungen 0.716394 Sekunden gebraucht
134
bei T=2.396000 haben 10240 Messungen 0.714730 Sekunden gebraucht
135
bei T=2.398000 haben 10240 Messungen 0.688078 Sekunden gebraucht
136
bei T=2.400000 haben 10240 Messungen 0.687237 Sekunden gebraucht
137
bei T=2.408000 haben 10240 Messungen 0.709147 Sekunden gebraucht
138
bei T=2.416000 haben 10240 Messungen 0.692414 Sekunden gebraucht
139
bei T=2.424000 haben 10240 Messungen 0.712017 Sekunden gebraucht
140
bei T=2.432000 haben 10240 Messungen 0.685596 Sekunden gebraucht
141
bei T=2.440000 haben 10240 Messungen 0.684507 Sekunden gebraucht
142
bei T=2.448000 haben 10240 Messungen 0.686520 Sekunden gebraucht
143
bei T=2.456000 haben 10240 Messungen 0.689645 Sekunden gebraucht
144
bei T=2.464000 haben 10240 Messungen 0.716494 Sekunden gebraucht
145
bei T=2.472000 haben 10240 Messungen 0.671099 Sekunden gebraucht
146
bei T=2.480000 haben 10240 Messungen 0.690455 Sekunden gebraucht
147
bei T=2.488000 haben 10240 Messungen 0.701957 Sekunden gebraucht
148
bei T=2.496000 haben 10240 Messungen 0.742973 Sekunden gebraucht
149
bei T=2.504000 haben 10240 Messungen 0.747880 Sekunden gebraucht
150
bei T=2.512000 haben 10240 Messungen 0.709950 Sekunden gebraucht
151
bei T=2.520000 haben 10240 Messungen 0.666156 Sekunden gebraucht
152
bei T=2.528000 haben 10240 Messungen 0.689697 Sekunden gebraucht
153
bei T=2.536000 haben 10240 Messungen 0.709730 Sekunden gebraucht
154
bei T=2.544000 haben 10240 Messungen 0.714416 Sekunden gebraucht
155
bei T=2.552000 haben 10240 Messungen 0.889645 Sekunden gebraucht
156
bei T=2.560000 haben 10240 Messungen 0.721266 Sekunden gebraucht
157
bei T=2.568000 haben 10240 Messungen 0.770534 Sekunden gebraucht
158
bei T=2.576000 haben 10240 Messungen 0.706833 Sekunden gebraucht
159
bei T=2.584000 haben 10240 Messungen 0.691968 Sekunden gebraucht
160
bei T=2.592000 haben 10240 Messungen 0.735421 Sekunden gebraucht
161
bei T=2.600000 haben 10240 Messungen 0.699685 Sekunden gebraucht
162
bei T=2.608000 haben 10240 Messungen 0.730421 Sekunden gebraucht
163
bei T=2.616000 haben 10240 Messungen 0.714669 Sekunden gebraucht
164
bei T=2.624000 haben 10240 Messungen 0.728751 Sekunden gebraucht
165
bei T=2.632000 haben 10240 Messungen 0.696295 Sekunden gebraucht
166
bei T=2.640000 haben 10240 Messungen 0.717026 Sekunden gebraucht
167
bei T=2.648000 haben 10240 Messungen 0.713092 Sekunden gebraucht
168
bei T=2.656000 haben 10240 Messungen 0.699488 Sekunden gebraucht
169
bei T=2.664000 haben 10240 Messungen 0.765006 Sekunden gebraucht
170
bei T=2.672000 haben 10240 Messungen 0.757352 Sekunden gebraucht
171
bei T=2.680000 haben 10240 Messungen 0.992202 Sekunden gebraucht
172
bei T=2.688000 haben 10240 Messungen 0.755912 Sekunden gebraucht
173
bei T=2.696000 haben 10240 Messungen 0.729239 Sekunden gebraucht
174
bei T=2.704000 haben 10240 Messungen 0.722862 Sekunden gebraucht
175
bei T=2.712000 haben 10240 Messungen 0.710571 Sekunden gebraucht
176
bei T=2.720000 haben 10240 Messungen 0.858911 Sekunden gebraucht
177
bei T=2.728000 haben 10240 Messungen 0.698601 Sekunden gebraucht
178
bei T=2.736000 haben 10240 Messungen 0.767028 Sekunden gebraucht
179
bei T=2.744000 haben 10240 Messungen 0.751103 Sekunden gebraucht
180
bei T=2.752000 haben 10240 Messungen 0.758449 Sekunden gebraucht
181
bei T=2.760000 haben 10240 Messungen 0.730073 Sekunden gebraucht
182
bei T=2.792000 haben 10240 Messungen 0.713220 Sekunden gebraucht
183
bei T=2.824000 haben 10240 Messungen 0.739944 Sekunden gebraucht
184
bei T=2.856000 haben 10240 Messungen 0.710725 Sekunden gebraucht
185
bei T=2.888000 haben 10240 Messungen 0.761537 Sekunden gebraucht
186
bei T=2.920000 haben 10240 Messungen 0.772142 Sekunden gebraucht
187
bei T=2.952000 haben 10240 Messungen 0.823489 Sekunden gebraucht
188
bei T=2.984000 haben 10240 Messungen 0.740905 Sekunden gebraucht
189
bei T=3.016000 haben 10240 Messungen 0.745326 Sekunden gebraucht
190
bei T=3.048000 haben 10240 Messungen 0.730559 Sekunden gebraucht
191
bei T=3.080000 haben 10240 Messungen 0.750698 Sekunden gebraucht
192
bei T=3.112000 haben 10240 Messungen 0.755091 Sekunden gebraucht
193
bei T=3.144000 haben 10240 Messungen 0.728908 Sekunden gebraucht
194
bei T=3.176000 haben 10240 Messungen 0.787934 Sekunden gebraucht
195
bei T=3.208000 haben 10240 Messungen 0.750954 Sekunden gebraucht
196
bei T=3.240000 haben 10240 Messungen 0.752639 Sekunden gebraucht
197
bei T=3.272000 haben 10240 Messungen 0.748621 Sekunden gebraucht
198
bei T=3.304000 haben 10240 Messungen 0.751581 Sekunden gebraucht
199
bei T=3.336000 haben 10240 Messungen 0.742890 Sekunden gebraucht
200
bei T=3.368000 haben 10240 Messungen 0.812244 Sekunden gebraucht
201
bei T=3.400000 haben 10240 Messungen 0.758720 Sekunden gebraucht
202
bei T=3.432000 haben 10240 Messungen 0.744497 Sekunden gebraucht
203
bei T=3.464000 haben 10240 Messungen 0.799992 Sekunden gebraucht
204
bei T=3.496000 haben 10240 Messungen 0.771562 Sekunden gebraucht
205
bei T=3.528000 haben 10240 Messungen 0.763997 Sekunden gebraucht
206
bei T=3.560000 haben 10240 Messungen 0.737353 Sekunden gebraucht
207
bei T=3.592000 haben 10240 Messungen 0.756632 Sekunden gebraucht
208
bei T=3.624000 haben 10240 Messungen 0.709561 Sekunden gebraucht
209
bei T=3.656000 haben 10240 Messungen 0.740364 Sekunden gebraucht
Insgesamt hat das Messen 145.261746 Sekunden gebraucht
Insgesamt hat das Bootstrapping 161.840657 Sekunden gebraucht
Insgesamt hat das Programm 586.608767 Sekunden gebraucht
/hiskp4/gross/bachelorarbeit
