Fri Jul  3 22:16:34 CEST 2020 Waiting for 30 seconds before starting the job to allow the node to settle down
Fri Jul  3 22:17:04 CEST 2020 Waiting done, starting task!
Fri Jul  3 22:17:04 CEST 2020 Waiting for 30 seconds before starting the job to allow the node to settle down
Fri Jul  3 22:17:34 CEST 2020 Waiting done, starting task!
Ende array
0
bei T=0.050000 haben 10240 Messungen 1.599319 Sekunden gebraucht
2
bei T=0.250000 haben 10240 Messungen 1.595137 Sekunden gebraucht
4
bei T=0.450000 haben 10240 Messungen 1.605414 Sekunden gebraucht
6
bei T=0.650000 haben 10240 Messungen 1.659467 Sekunden gebraucht
8
bei T=0.850000 haben 10240 Messungen 1.701808 Sekunden gebraucht
10
bei T=1.050000 haben 10240 Messungen 1.711112 Sekunden gebraucht
12
bei T=1.250000 haben 10240 Messungen 1.718967 Sekunden gebraucht
14
bei T=1.450000 haben 10240 Messungen 1.670545 Sekunden gebraucht
16
bei T=1.650000 haben 10240 Messungen 1.681444 Sekunden gebraucht
18
bei T=1.850000 haben 10240 Messungen 1.766566 Sekunden gebraucht
20
bei T=2.000000 haben 10240 Messungen 1.629920 Sekunden gebraucht
22
bei T=2.016000 haben 10240 Messungen 1.633710 Sekunden gebraucht
24
bei T=2.032000 haben 10240 Messungen 1.755285 Sekunden gebraucht
26
bei T=2.048000 haben 10240 Messungen 1.618605 Sekunden gebraucht
28
bei T=2.064000 haben 10240 Messungen 1.638133 Sekunden gebraucht
30
bei T=2.080000 haben 10240 Messungen 1.693796 Sekunden gebraucht
32
bei T=2.096000 haben 10240 Messungen 1.624969 Sekunden gebraucht
34
bei T=2.112000 haben 10240 Messungen 1.605718 Sekunden gebraucht
36
bei T=2.128000 haben 10240 Messungen 1.605964 Sekunden gebraucht
38
bei T=2.144000 haben 10240 Messungen 1.663235 Sekunden gebraucht
40
bei T=2.160000 haben 10240 Messungen 1.667228 Sekunden gebraucht
42
bei T=2.176000 haben 10240 Messungen 1.625081 Sekunden gebraucht
44
bei T=2.192000 haben 10240 Messungen 1.628769 Sekunden gebraucht
46
bei T=2.208000 haben 10240 Messungen 1.627686 Sekunden gebraucht
48
bei T=2.224000 haben 10240 Messungen 1.645326 Sekunden gebraucht
50
bei T=2.228000 haben 10240 Messungen 1.649798 Sekunden gebraucht
52
bei T=2.232000 haben 10240 Messungen 1.657738 Sekunden gebraucht
54
bei T=2.236000 haben 10240 Messungen 1.655640 Sekunden gebraucht
56
bei T=2.240000 haben 10240 Messungen 1.664126 Sekunden gebraucht
58
bei T=2.244000 haben 10240 Messungen 1.665693 Sekunden gebraucht
60
bei T=2.248000 haben 10240 Messungen 1.806794 Sekunden gebraucht
62
bei T=2.252000 haben 10240 Messungen 1.651480 Sekunden gebraucht
64
bei T=2.256000 haben 10240 Messungen 1.641219 Sekunden gebraucht
66
bei T=2.260000 haben 10240 Messungen 1.551494 Sekunden gebraucht
68
bei T=2.264000 haben 10240 Messungen 1.558723 Sekunden gebraucht
70
bei T=2.268000 haben 10240 Messungen 1.560873 Sekunden gebraucht
72
bei T=2.272000 haben 10240 Messungen 1.846554 Sekunden gebraucht
74
bei T=2.276000 haben 10240 Messungen 1.843221 Sekunden gebraucht
76
bei T=2.280000 haben 10240 Messungen 1.631124 Sekunden gebraucht
78
bei T=2.284000 haben 10240 Messungen 1.627016 Sekunden gebraucht
80
bei T=2.288000 haben 10240 Messungen 1.689017 Sekunden gebraucht
82
bei T=2.292000 haben 10240 Messungen 1.720538 Sekunden gebraucht
84
bei T=2.296000 haben 10240 Messungen 1.635903 Sekunden gebraucht
86
bei T=2.300000 haben 10240 Messungen 1.641310 Sekunden gebraucht
88
bei T=2.304000 haben 10240 Messungen 1.739628 Sekunden gebraucht
90
bei T=2.308000 haben 10240 Messungen 1.773106 Sekunden gebraucht
92
bei T=2.312000 haben 10240 Messungen 1.768964 Sekunden gebraucht
94
bei T=2.316000 haben 10240 Messungen 1.749592 Sekunden gebraucht
96
bei T=2.320000 haben 10240 Messungen 1.544949 Sekunden gebraucht
98
bei T=2.324000 haben 10240 Messungen 1.497477 Sekunden gebraucht
100
bei T=2.328000 haben 10240 Messungen 1.706758 Sekunden gebraucht
102
bei T=2.332000 haben 10240 Messungen 1.706834 Sekunden gebraucht
104
bei T=2.336000 haben 10240 Messungen 1.707356 Sekunden gebraucht
106
bei T=2.340000 haben 10240 Messungen 1.702445 Sekunden gebraucht
108
bei T=2.344000 haben 10240 Messungen 1.783919 Sekunden gebraucht
110
bei T=2.348000 haben 10240 Messungen 1.675514 Sekunden gebraucht
112
bei T=2.352000 haben 10240 Messungen 1.739827 Sekunden gebraucht
114
bei T=2.356000 haben 10240 Messungen 1.742661 Sekunden gebraucht
116
bei T=2.360000 haben 10240 Messungen 1.736955 Sekunden gebraucht
118
bei T=2.364000 haben 10240 Messungen 1.729175 Sekunden gebraucht
120
bei T=2.368000 haben 10240 Messungen 1.537949 Sekunden gebraucht
122
bei T=2.372000 haben 10240 Messungen 1.494761 Sekunden gebraucht
124
bei T=2.376000 haben 10240 Messungen 1.503032 Sekunden gebraucht
126
bei T=2.380000 haben 10240 Messungen 1.539089 Sekunden gebraucht
128
bei T=2.384000 haben 10240 Messungen 1.538626 Sekunden gebraucht
130
bei T=2.388000 haben 10240 Messungen 1.494473 Sekunden gebraucht
132
bei T=2.392000 haben 10240 Messungen 1.494802 Sekunden gebraucht
134
bei T=2.396000 haben 10240 Messungen 1.761856 Sekunden gebraucht
136
bei T=2.400000 haben 10240 Messungen 1.748503 Sekunden gebraucht
138
bei T=2.416000 haben 10240 Messungen 1.781228 Sekunden gebraucht
140
bei T=2.432000 haben 10240 Messungen 1.662033 Sekunden gebraucht
142
bei T=2.448000 haben 10240 Messungen 1.668204 Sekunden gebraucht
144
bei T=2.464000 haben 10240 Messungen 1.903988 Sekunden gebraucht
146
bei T=2.480000 haben 10240 Messungen 1.884641 Sekunden gebraucht
148
bei T=2.496000 haben 10240 Messungen 1.656167 Sekunden gebraucht
150
bei T=2.512000 haben 10240 Messungen 1.749110 Sekunden gebraucht
152
bei T=2.528000 haben 10240 Messungen 1.654870 Sekunden gebraucht
154
bei T=2.544000 haben 10240 Messungen 1.651825 Sekunden gebraucht
156
bei T=2.560000 haben 10240 Messungen 1.653733 Sekunden gebraucht
158
bei T=2.576000 haben 10240 Messungen 1.702237 Sekunden gebraucht
160
bei T=2.592000 haben 10240 Messungen 1.913783 Sekunden gebraucht
162
bei T=2.608000 haben 10240 Messungen 1.914968 Sekunden gebraucht
164
bei T=2.624000 haben 10240 Messungen 1.907205 Sekunden gebraucht
166
bei T=2.640000 haben 10240 Messungen 1.817422 Sekunden gebraucht
168
bei T=2.656000 haben 10240 Messungen 1.809399 Sekunden gebraucht
170
bei T=2.672000 haben 10240 Messungen 1.816950 Sekunden gebraucht
172
bei T=2.688000 haben 10240 Messungen 1.818251 Sekunden gebraucht
174
bei T=2.704000 haben 10240 Messungen 1.826190 Sekunden gebraucht
176
bei T=2.720000 haben 10240 Messungen 1.712771 Sekunden gebraucht
178
bei T=2.736000 haben 10240 Messungen 1.698610 Sekunden gebraucht
180
bei T=2.752000 haben 10240 Messungen 1.704435 Sekunden gebraucht
182
bei T=2.792000 haben 10240 Messungen 1.708811 Sekunden gebraucht
184
bei T=2.856000 haben 10240 Messungen 1.688892 Sekunden gebraucht
186
bei T=2.920000 haben 10240 Messungen 1.692554 Sekunden gebraucht
188
bei T=2.984000 haben 10240 Messungen 1.692115 Sekunden gebraucht
190
bei T=3.048000 haben 10240 Messungen 1.701428 Sekunden gebraucht
192
bei T=3.112000 haben 10240 Messungen 1.707103 Sekunden gebraucht
194
bei T=3.176000 haben 10240 Messungen 1.750102 Sekunden gebraucht
196
bei T=3.240000 haben 10240 Messungen 1.954924 Sekunden gebraucht
198
bei T=3.304000 haben 10240 Messungen 1.943410 Sekunden gebraucht
200
bei T=3.368000 haben 10240 Messungen 1.748735 Sekunden gebraucht
202
bei T=3.432000 haben 10240 Messungen 1.751232 Sekunden gebraucht
204
bei T=3.496000 haben 10240 Messungen 1.775072 Sekunden gebraucht
206
bei T=3.560000 haben 10240 Messungen 1.873084 Sekunden gebraucht
208
bei T=3.624000 haben 10240 Messungen 1.756857 Sekunden gebraucht
Insgesamt hat das Messen 178.142055 Sekunden gebraucht
Insgesamt hat das Bootstrapping 66.409001 Sekunden gebraucht
Insgesamt hat das Programm 530.541155 Sekunden gebraucht
/hiskp4/gross/bachelorarbeit
