Fri Jul  3 14:04:19 CEST 2020 Waiting for 30 seconds before starting the job to allow the node to settle down
Fri Jul  3 14:04:49 CEST 2020 Waiting done, starting task!
Fri Jul  3 14:04:50 CEST 2020 Waiting for 30 seconds before starting the job to allow the node to settle down
Fri Jul  3 14:05:20 CEST 2020 Waiting done, starting task!
Ende array
0
bei T=0.050000 haben 10240 Messungen 6.384516 Sekunden gebraucht
1
bei T=0.150000 haben 10240 Messungen 6.387101 Sekunden gebraucht
2
bei T=0.250000 haben 10240 Messungen 6.359029 Sekunden gebraucht
3
bei T=0.350000 haben 10240 Messungen 5.691341 Sekunden gebraucht
4
bei T=0.450000 haben 10240 Messungen 5.685947 Sekunden gebraucht
5
bei T=0.550000 haben 10240 Messungen 5.688315 Sekunden gebraucht
6
bei T=0.650000 haben 10240 Messungen 5.596620 Sekunden gebraucht
7
bei T=0.750000 haben 10240 Messungen 6.405058 Sekunden gebraucht
8
bei T=0.850000 haben 10240 Messungen 6.407247 Sekunden gebraucht
9
bei T=0.950000 haben 10240 Messungen 6.395076 Sekunden gebraucht
10
bei T=1.050000 haben 10240 Messungen 6.403219 Sekunden gebraucht
11
bei T=1.150000 haben 10240 Messungen 6.397605 Sekunden gebraucht
12
bei T=1.250000 haben 10240 Messungen 5.895527 Sekunden gebraucht
13
bei T=1.350000 haben 10240 Messungen 5.797022 Sekunden gebraucht
14
bei T=1.450000 haben 10240 Messungen 5.797911 Sekunden gebraucht
15
bei T=1.550000 haben 10240 Messungen 6.143843 Sekunden gebraucht
16
bei T=1.650000 haben 10240 Messungen 6.171467 Sekunden gebraucht
17
bei T=1.750000 haben 10240 Messungen 6.245653 Sekunden gebraucht
18
bei T=1.850000 haben 10240 Messungen 6.594333 Sekunden gebraucht
19
bei T=1.950000 haben 10240 Messungen 6.651320 Sekunden gebraucht
20
bei T=2.000000 haben 10240 Messungen 6.679340 Sekunden gebraucht
21
bei T=2.008000 haben 10240 Messungen 6.639187 Sekunden gebraucht
22
bei T=2.016000 haben 10240 Messungen 6.548961 Sekunden gebraucht
23
bei T=2.024000 haben 10240 Messungen 6.485591 Sekunden gebraucht
24
bei T=2.032000 haben 10240 Messungen 5.756139 Sekunden gebraucht
25
bei T=2.040000 haben 10240 Messungen 5.994937 Sekunden gebraucht
26
bei T=2.048000 haben 10240 Messungen 5.994296 Sekunden gebraucht
27
bei T=2.056000 haben 10240 Messungen 6.043702 Sekunden gebraucht
28
bei T=2.064000 haben 10240 Messungen 6.060724 Sekunden gebraucht
29
bei T=2.072000 haben 10240 Messungen 5.864012 Sekunden gebraucht
30
bei T=2.080000 haben 10240 Messungen 5.914902 Sekunden gebraucht
31
bei T=2.088000 haben 10240 Messungen 6.625546 Sekunden gebraucht
32
bei T=2.096000 haben 10240 Messungen 6.627002 Sekunden gebraucht
33
bei T=2.104000 haben 10240 Messungen 6.665239 Sekunden gebraucht
34
bei T=2.112000 haben 10240 Messungen 6.229005 Sekunden gebraucht
35
bei T=2.120000 haben 10240 Messungen 6.216602 Sekunden gebraucht
36
bei T=2.128000 haben 10240 Messungen 6.229462 Sekunden gebraucht
37
bei T=2.136000 haben 10240 Messungen 6.715882 Sekunden gebraucht
38
bei T=2.144000 haben 10240 Messungen 6.726789 Sekunden gebraucht
39
bei T=2.152000 haben 10240 Messungen 6.158467 Sekunden gebraucht
40
bei T=2.160000 haben 10240 Messungen 6.358352 Sekunden gebraucht
41
bei T=2.168000 haben 10240 Messungen 6.359577 Sekunden gebraucht
42
bei T=2.176000 haben 10240 Messungen 6.394631 Sekunden gebraucht
43
bei T=2.184000 haben 10240 Messungen 6.409973 Sekunden gebraucht
44
bei T=2.192000 haben 10240 Messungen 6.413144 Sekunden gebraucht
45
bei T=2.200000 haben 10240 Messungen 6.406572 Sekunden gebraucht
46
bei T=2.208000 haben 10240 Messungen 6.435306 Sekunden gebraucht
47
bei T=2.216000 haben 10240 Messungen 6.471251 Sekunden gebraucht
48
bei T=2.224000 haben 10240 Messungen 6.449090 Sekunden gebraucht
49
bei T=2.226000 haben 10240 Messungen 6.805878 Sekunden gebraucht
50
bei T=2.228000 haben 10240 Messungen 6.331209 Sekunden gebraucht
51
bei T=2.230000 haben 10240 Messungen 6.332177 Sekunden gebraucht
52
bei T=2.232000 haben 10240 Messungen 6.334866 Sekunden gebraucht
53
bei T=2.234000 haben 10240 Messungen 6.109796 Sekunden gebraucht
54
bei T=2.236000 haben 10240 Messungen 6.122006 Sekunden gebraucht
55
bei T=2.238000 haben 10240 Messungen 6.116083 Sekunden gebraucht
56
bei T=2.240000 haben 10240 Messungen 6.094556 Sekunden gebraucht
57
bei T=2.242000 haben 10240 Messungen 6.392861 Sekunden gebraucht
58
bei T=2.244000 haben 10240 Messungen 6.350817 Sekunden gebraucht
59
bei T=2.246000 haben 10240 Messungen 6.168134 Sekunden gebraucht
60
bei T=2.248000 haben 10240 Messungen 6.366026 Sekunden gebraucht
61
bei T=2.250000 haben 10240 Messungen 6.369907 Sekunden gebraucht
62
bei T=2.252000 haben 10240 Messungen 6.374610 Sekunden gebraucht
63
bei T=2.254000 haben 10240 Messungen 6.377484 Sekunden gebraucht
64
bei T=2.256000 haben 10240 Messungen 6.368561 Sekunden gebraucht
65
bei T=2.258000 haben 10240 Messungen 6.708959 Sekunden gebraucht
66
bei T=2.260000 haben 10240 Messungen 6.306356 Sekunden gebraucht
67
bei T=2.262000 haben 10240 Messungen 6.388182 Sekunden gebraucht
68
bei T=2.264000 haben 10240 Messungen 6.384415 Sekunden gebraucht
69
bei T=2.266000 haben 10240 Messungen 6.032055 Sekunden gebraucht
70
bei T=2.268000 haben 10240 Messungen 6.028588 Sekunden gebraucht
71
bei T=2.270000 haben 10240 Messungen 5.831507 Sekunden gebraucht
72
bei T=2.272000 haben 10240 Messungen 6.213718 Sekunden gebraucht
73
bei T=2.274000 haben 10240 Messungen 6.351900 Sekunden gebraucht
74
bei T=2.276000 haben 10240 Messungen 6.337688 Sekunden gebraucht
75
bei T=2.278000 haben 10240 Messungen 6.842996 Sekunden gebraucht
76
bei T=2.280000 haben 10240 Messungen 6.366571 Sekunden gebraucht
77
bei T=2.282000 haben 10240 Messungen 6.008951 Sekunden gebraucht
78
bei T=2.284000 haben 10240 Messungen 5.982233 Sekunden gebraucht
79
bei T=2.286000 haben 10240 Messungen 5.996694 Sekunden gebraucht
80
bei T=2.288000 haben 10240 Messungen 5.989605 Sekunden gebraucht
81
bei T=2.290000 haben 10240 Messungen 5.998388 Sekunden gebraucht
82
bei T=2.292000 haben 10240 Messungen 6.845587 Sekunden gebraucht
83
bei T=2.294000 haben 10240 Messungen 7.059531 Sekunden gebraucht
84
bei T=2.296000 haben 10240 Messungen 7.133709 Sekunden gebraucht
85
bei T=2.298000 haben 10240 Messungen 7.150232 Sekunden gebraucht
86
bei T=2.300000 haben 10240 Messungen 7.149798 Sekunden gebraucht
87
bei T=2.302000 haben 10240 Messungen 7.095853 Sekunden gebraucht
88
bei T=2.304000 haben 10240 Messungen 7.066995 Sekunden gebraucht
89
bei T=2.306000 haben 10240 Messungen 6.348190 Sekunden gebraucht
90
bei T=2.308000 haben 10240 Messungen 6.284136 Sekunden gebraucht
91
bei T=2.310000 haben 10240 Messungen 5.848108 Sekunden gebraucht
92
bei T=2.312000 haben 10240 Messungen 5.866899 Sekunden gebraucht
93
bei T=2.314000 haben 10240 Messungen 5.863139 Sekunden gebraucht
94
bei T=2.316000 haben 10240 Messungen 5.633334 Sekunden gebraucht
95
bei T=2.318000 haben 10240 Messungen 5.635353 Sekunden gebraucht
96
bei T=2.320000 haben 10240 Messungen 5.855707 Sekunden gebraucht
97
bei T=2.322000 haben 10240 Messungen 5.882612 Sekunden gebraucht
98
bei T=2.324000 haben 10240 Messungen 5.883639 Sekunden gebraucht
99
bei T=2.326000 haben 10240 Messungen 5.644097 Sekunden gebraucht
100
bei T=2.328000 haben 10240 Messungen 6.528923 Sekunden gebraucht
101
bei T=2.330000 haben 10240 Messungen 6.920347 Sekunden gebraucht
102
bei T=2.332000 haben 10240 Messungen 6.901720 Sekunden gebraucht
103
bei T=2.334000 haben 10240 Messungen 6.362069 Sekunden gebraucht
104
bei T=2.336000 haben 10240 Messungen 6.400136 Sekunden gebraucht
105
bei T=2.338000 haben 10240 Messungen 6.453752 Sekunden gebraucht
106
bei T=2.340000 haben 10240 Messungen 6.917660 Sekunden gebraucht
107
bei T=2.342000 haben 10240 Messungen 6.919743 Sekunden gebraucht
108
bei T=2.344000 haben 10240 Messungen 6.540546 Sekunden gebraucht
109
bei T=2.346000 haben 10240 Messungen 6.631558 Sekunden gebraucht
110
bei T=2.348000 haben 10240 Messungen 6.512723 Sekunden gebraucht
111
bei T=2.350000 haben 10240 Messungen 6.371233 Sekunden gebraucht
112
bei T=2.352000 haben 10240 Messungen 6.579962 Sekunden gebraucht
113
bei T=2.354000 haben 10240 Messungen 6.472421 Sekunden gebraucht
114
bei T=2.356000 haben 10240 Messungen 6.340282 Sekunden gebraucht
115
bei T=2.358000 haben 10240 Messungen 7.032707 Sekunden gebraucht
116
bei T=2.360000 haben 10240 Messungen 6.336978 Sekunden gebraucht
117
bei T=2.362000 haben 10240 Messungen 6.332439 Sekunden gebraucht
118
bei T=2.364000 haben 10240 Messungen 6.356912 Sekunden gebraucht
119
bei T=2.366000 haben 10240 Messungen 6.317181 Sekunden gebraucht
120
bei T=2.368000 haben 10240 Messungen 7.103833 Sekunden gebraucht
121
bei T=2.370000 haben 10240 Messungen 7.095311 Sekunden gebraucht
122
bei T=2.372000 haben 10240 Messungen 7.116475 Sekunden gebraucht
123
bei T=2.374000 haben 10240 Messungen 7.118786 Sekunden gebraucht
124
bei T=2.376000 haben 10240 Messungen 7.134611 Sekunden gebraucht
125
bei T=2.378000 haben 10240 Messungen 6.326473 Sekunden gebraucht
126
bei T=2.380000 haben 10240 Messungen 6.309230 Sekunden gebraucht
127
bei T=2.382000 haben 10240 Messungen 6.338551 Sekunden gebraucht
128
bei T=2.384000 haben 10240 Messungen 6.339307 Sekunden gebraucht
129
bei T=2.386000 haben 10240 Messungen 6.055275 Sekunden gebraucht
130
bei T=2.388000 haben 10240 Messungen 6.551236 Sekunden gebraucht
131
bei T=2.390000 haben 10240 Messungen 6.413582 Sekunden gebraucht
132
bei T=2.392000 haben 10240 Messungen 6.435286 Sekunden gebraucht
133
bei T=2.394000 haben 10240 Messungen 6.435108 Sekunden gebraucht
134
bei T=2.396000 haben 10240 Messungen 6.446714 Sekunden gebraucht
135
bei T=2.398000 haben 10240 Messungen 6.438481 Sekunden gebraucht
136
bei T=2.400000 haben 10240 Messungen 6.503311 Sekunden gebraucht
137
bei T=2.408000 haben 10240 Messungen 6.560613 Sekunden gebraucht
138
bei T=2.416000 haben 10240 Messungen 6.314473 Sekunden gebraucht
139
bei T=2.424000 haben 10240 Messungen 6.313514 Sekunden gebraucht
140
bei T=2.432000 haben 10240 Messungen 6.407811 Sekunden gebraucht
141
bei T=2.440000 haben 10240 Messungen 6.395006 Sekunden gebraucht
142
bei T=2.448000 haben 10240 Messungen 6.410720 Sekunden gebraucht
143
bei T=2.456000 haben 10240 Messungen 6.176488 Sekunden gebraucht
144
bei T=2.464000 haben 10240 Messungen 6.170845 Sekunden gebraucht
145
bei T=2.472000 haben 10240 Messungen 7.075961 Sekunden gebraucht
146
bei T=2.480000 haben 10240 Messungen 7.060590 Sekunden gebraucht
147
bei T=2.488000 haben 10240 Messungen 6.974312 Sekunden gebraucht
148
bei T=2.496000 haben 10240 Messungen 7.249158 Sekunden gebraucht
149
bei T=2.504000 haben 10240 Messungen 7.227265 Sekunden gebraucht
150
bei T=2.512000 haben 10240 Messungen 7.093326 Sekunden gebraucht
151
bei T=2.520000 haben 10240 Messungen 7.200868 Sekunden gebraucht
152
bei T=2.528000 haben 10240 Messungen 7.204884 Sekunden gebraucht
153
bei T=2.536000 haben 10240 Messungen 7.210284 Sekunden gebraucht
154
bei T=2.544000 haben 10240 Messungen 7.219977 Sekunden gebraucht
155
bei T=2.552000 haben 10240 Messungen 6.792678 Sekunden gebraucht
156
bei T=2.560000 haben 10240 Messungen 6.783853 Sekunden gebraucht
157
bei T=2.568000 haben 10240 Messungen 6.788819 Sekunden gebraucht
158
bei T=2.576000 haben 10240 Messungen 6.872134 Sekunden gebraucht
159
bei T=2.584000 haben 10240 Messungen 6.613348 Sekunden gebraucht
160
bei T=2.592000 haben 10240 Messungen 6.620997 Sekunden gebraucht
161
bei T=2.600000 haben 10240 Messungen 6.154914 Sekunden gebraucht
162
bei T=2.608000 haben 10240 Messungen 6.563782 Sekunden gebraucht
163
bei T=2.616000 haben 10240 Messungen 6.498943 Sekunden gebraucht
164
bei T=2.624000 haben 10240 Messungen 6.385149 Sekunden gebraucht
165
bei T=2.632000 haben 10240 Messungen 6.380372 Sekunden gebraucht
166
bei T=2.640000 haben 10240 Messungen 6.098423 Sekunden gebraucht
167
bei T=2.648000 haben 10240 Messungen 7.151412 Sekunden gebraucht
168
bei T=2.656000 haben 10240 Messungen 7.524434 Sekunden gebraucht
169
bei T=2.664000 haben 10240 Messungen 6.395549 Sekunden gebraucht
170
bei T=2.672000 haben 10240 Messungen 6.413663 Sekunden gebraucht
171
bei T=2.680000 haben 10240 Messungen 6.407529 Sekunden gebraucht
172
bei T=2.688000 haben 10240 Messungen 6.424084 Sekunden gebraucht
173
bei T=2.696000 haben 10240 Messungen 6.798818 Sekunden gebraucht
174
bei T=2.704000 haben 10240 Messungen 6.829993 Sekunden gebraucht
175
bei T=2.712000 haben 10240 Messungen 6.688017 Sekunden gebraucht
176
bei T=2.720000 haben 10240 Messungen 7.539254 Sekunden gebraucht
177
bei T=2.728000 haben 10240 Messungen 6.295432 Sekunden gebraucht
178
bei T=2.736000 haben 10240 Messungen 6.695171 Sekunden gebraucht
179
bei T=2.744000 haben 10240 Messungen 6.511468 Sekunden gebraucht
180
bei T=2.752000 haben 10240 Messungen 6.662729 Sekunden gebraucht
181
bei T=2.760000 haben 10240 Messungen 6.769179 Sekunden gebraucht
182
bei T=2.792000 haben 10240 Messungen 6.816490 Sekunden gebraucht
183
bei T=2.824000 haben 10240 Messungen 7.280722 Sekunden gebraucht
184
bei T=2.856000 haben 10240 Messungen 6.858486 Sekunden gebraucht
185
bei T=2.888000 haben 10240 Messungen 6.953302 Sekunden gebraucht
186
bei T=2.920000 haben 10240 Messungen 6.757047 Sekunden gebraucht
187
bei T=2.952000 haben 10240 Messungen 6.348781 Sekunden gebraucht
188
bei T=2.984000 haben 10240 Messungen 6.359218 Sekunden gebraucht
189
bei T=3.016000 haben 10240 Messungen 6.592329 Sekunden gebraucht
190
bei T=3.048000 haben 10240 Messungen 6.592563 Sekunden gebraucht
191
bei T=3.080000 haben 10240 Messungen 7.617359 Sekunden gebraucht
192
bei T=3.112000 haben 10240 Messungen 7.702873 Sekunden gebraucht
193
bei T=3.144000 haben 10240 Messungen 7.671184 Sekunden gebraucht
194
bei T=3.176000 haben 10240 Messungen 6.868927 Sekunden gebraucht
195
bei T=3.208000 haben 10240 Messungen 6.871202 Sekunden gebraucht
196
bei T=3.240000 haben 10240 Messungen 7.632670 Sekunden gebraucht
197
bei T=3.272000 haben 10240 Messungen 7.633772 Sekunden gebraucht
198
bei T=3.304000 haben 10240 Messungen 7.633495 Sekunden gebraucht
199
bei T=3.336000 haben 10240 Messungen 7.644966 Sekunden gebraucht
200
bei T=3.368000 haben 10240 Messungen 7.642979 Sekunden gebraucht
201
bei T=3.400000 haben 10240 Messungen 7.651143 Sekunden gebraucht
202
bei T=3.432000 haben 10240 Messungen 7.475844 Sekunden gebraucht
203
bei T=3.464000 haben 10240 Messungen 7.476467 Sekunden gebraucht
204
bei T=3.496000 haben 10240 Messungen 7.625650 Sekunden gebraucht
205
bei T=3.528000 haben 10240 Messungen 7.493607 Sekunden gebraucht
206
bei T=3.560000 haben 10240 Messungen 7.516638 Sekunden gebraucht
207
bei T=3.592000 haben 10240 Messungen 6.836887 Sekunden gebraucht
208
bei T=3.624000 haben 10240 Messungen 6.836738 Sekunden gebraucht
209
bei T=3.656000 haben 10240 Messungen 6.845225 Sekunden gebraucht
Insgesamt hat das Messen 1374.556192 Sekunden gebraucht
Insgesamt hat das Bootstrapping 136.129275 Sekunden gebraucht
Insgesamt hat das Programm 2887.871862 Sekunden gebraucht
/hiskp4/gross/bachelorarbeit
