Wed Jul  1 22:37:09 CEST 2020 Waiting for 30 seconds before starting the job to allow the node to settle down
Wed Jul  1 22:37:39 CEST 2020 Waiting done, starting task!
Wed Jul  1 22:37:39 CEST 2020 Waiting for 30 seconds before starting the job to allow the node to settle down
Wed Jul  1 22:38:09 CEST 2020 Waiting done, starting task!
Ende array
0
bei T=0.100000 haben 10240 Messungen 1.008388 Sekunden gebraucht
1
bei T=0.300000 haben 10240 Messungen 0.894837 Sekunden gebraucht
2
bei T=0.500000 haben 10240 Messungen 1.068551 Sekunden gebraucht
3
bei T=0.700000 haben 10240 Messungen 0.972040 Sekunden gebraucht
4
bei T=0.900000 haben 10240 Messungen 0.973281 Sekunden gebraucht
5
bei T=1.100000 haben 10240 Messungen 0.937624 Sekunden gebraucht
6
bei T=1.300000 haben 10240 Messungen 0.939983 Sekunden gebraucht
7
bei T=1.500000 haben 10240 Messungen 0.919869 Sekunden gebraucht
8
bei T=1.700000 haben 10240 Messungen 0.985380 Sekunden gebraucht
9
bei T=1.900000 haben 10240 Messungen 1.001340 Sekunden gebraucht
10
bei T=2.000000 haben 10240 Messungen 0.957308 Sekunden gebraucht
11
bei T=2.008000 haben 10240 Messungen 0.976652 Sekunden gebraucht
12
bei T=2.016000 haben 10240 Messungen 0.976419 Sekunden gebraucht
13
bei T=2.024000 haben 10240 Messungen 0.981638 Sekunden gebraucht
14
bei T=2.032000 haben 10240 Messungen 1.005875 Sekunden gebraucht
15
bei T=2.040000 haben 10240 Messungen 1.065847 Sekunden gebraucht
16
bei T=2.048000 haben 10240 Messungen 1.060136 Sekunden gebraucht
17
bei T=2.056000 haben 10240 Messungen 1.061583 Sekunden gebraucht
18
bei T=2.064000 haben 10240 Messungen 1.063827 Sekunden gebraucht
19
bei T=2.072000 haben 10240 Messungen 1.065642 Sekunden gebraucht
20
bei T=2.080000 haben 10240 Messungen 1.038060 Sekunden gebraucht
21
bei T=2.088000 haben 10240 Messungen 0.945596 Sekunden gebraucht
22
bei T=2.096000 haben 10240 Messungen 1.017515 Sekunden gebraucht
23
bei T=2.104000 haben 10240 Messungen 0.977146 Sekunden gebraucht
24
bei T=2.112000 haben 10240 Messungen 0.955561 Sekunden gebraucht
25
bei T=2.120000 haben 10240 Messungen 0.937258 Sekunden gebraucht
26
bei T=2.128000 haben 10240 Messungen 0.992877 Sekunden gebraucht
27
bei T=2.136000 haben 10240 Messungen 1.012330 Sekunden gebraucht
28
bei T=2.144000 haben 10240 Messungen 0.974399 Sekunden gebraucht
29
bei T=2.152000 haben 10240 Messungen 0.984320 Sekunden gebraucht
30
bei T=2.200000 haben 10240 Messungen 1.087505 Sekunden gebraucht
31
bei T=2.202000 haben 10240 Messungen 1.047994 Sekunden gebraucht
32
bei T=2.204000 haben 10240 Messungen 1.039377 Sekunden gebraucht
33
bei T=2.206000 haben 10240 Messungen 1.033803 Sekunden gebraucht
34
bei T=2.208000 haben 10240 Messungen 1.033989 Sekunden gebraucht
35
bei T=2.210000 haben 10240 Messungen 1.033152 Sekunden gebraucht
36
bei T=2.212000 haben 10240 Messungen 1.060641 Sekunden gebraucht
37
bei T=2.214000 haben 10240 Messungen 1.073027 Sekunden gebraucht
38
bei T=2.216000 haben 10240 Messungen 1.071047 Sekunden gebraucht
39
bei T=2.218000 haben 10240 Messungen 1.069029 Sekunden gebraucht
40
bei T=2.220000 haben 10240 Messungen 1.066284 Sekunden gebraucht
41
bei T=2.222000 haben 10240 Messungen 1.068347 Sekunden gebraucht
42
bei T=2.224000 haben 10240 Messungen 1.059160 Sekunden gebraucht
43
bei T=2.226000 haben 10240 Messungen 1.074068 Sekunden gebraucht
44
bei T=2.228000 haben 10240 Messungen 0.970616 Sekunden gebraucht
45
bei T=2.230000 haben 10240 Messungen 0.958087 Sekunden gebraucht
46
bei T=2.232000 haben 10240 Messungen 1.001784 Sekunden gebraucht
47
bei T=2.234000 haben 10240 Messungen 0.980164 Sekunden gebraucht
48
bei T=2.236000 haben 10240 Messungen 0.999357 Sekunden gebraucht
49
bei T=2.238000 haben 10240 Messungen 1.036612 Sekunden gebraucht
50
bei T=2.240000 haben 10240 Messungen 1.017592 Sekunden gebraucht
51
bei T=2.242000 haben 10240 Messungen 0.885017 Sekunden gebraucht
52
bei T=2.244000 haben 10240 Messungen 0.884596 Sekunden gebraucht
53
bei T=2.246000 haben 10240 Messungen 0.887014 Sekunden gebraucht
54
bei T=2.248000 haben 10240 Messungen 0.883655 Sekunden gebraucht
55
bei T=2.250000 haben 10240 Messungen 1.058738 Sekunden gebraucht
56
bei T=2.252000 haben 10240 Messungen 1.044674 Sekunden gebraucht
57
bei T=2.254000 haben 10240 Messungen 1.043366 Sekunden gebraucht
58
bei T=2.256000 haben 10240 Messungen 1.026050 Sekunden gebraucht
59
bei T=2.258000 haben 10240 Messungen 1.027799 Sekunden gebraucht
60
bei T=2.260000 haben 10240 Messungen 0.977568 Sekunden gebraucht
61
bei T=2.262000 haben 10240 Messungen 0.984875 Sekunden gebraucht
62
bei T=2.264000 haben 10240 Messungen 1.006421 Sekunden gebraucht
63
bei T=2.266000 haben 10240 Messungen 1.030269 Sekunden gebraucht
64
bei T=2.268000 haben 10240 Messungen 1.006098 Sekunden gebraucht
65
bei T=2.270000 haben 10240 Messungen 0.951955 Sekunden gebraucht
66
bei T=2.272000 haben 10240 Messungen 0.999915 Sekunden gebraucht
67
bei T=2.274000 haben 10240 Messungen 0.997989 Sekunden gebraucht
68
bei T=2.276000 haben 10240 Messungen 0.998274 Sekunden gebraucht
69
bei T=2.278000 haben 10240 Messungen 0.986581 Sekunden gebraucht
70
bei T=2.280000 haben 10240 Messungen 0.990967 Sekunden gebraucht
71
bei T=2.282000 haben 10240 Messungen 1.003815 Sekunden gebraucht
72
bei T=2.284000 haben 10240 Messungen 1.015075 Sekunden gebraucht
73
bei T=2.286000 haben 10240 Messungen 0.970061 Sekunden gebraucht
74
bei T=2.288000 haben 10240 Messungen 0.956714 Sekunden gebraucht
75
bei T=2.290000 haben 10240 Messungen 0.985467 Sekunden gebraucht
76
bei T=2.292000 haben 10240 Messungen 0.975308 Sekunden gebraucht
77
bei T=2.294000 haben 10240 Messungen 1.004646 Sekunden gebraucht
78
bei T=2.296000 haben 10240 Messungen 1.007560 Sekunden gebraucht
79
bei T=2.298000 haben 10240 Messungen 0.972677 Sekunden gebraucht
80
bei T=2.300000 haben 10240 Messungen 0.971751 Sekunden gebraucht
81
bei T=2.302000 haben 10240 Messungen 0.942375 Sekunden gebraucht
82
bei T=2.304000 haben 10240 Messungen 1.025114 Sekunden gebraucht
83
bei T=2.306000 haben 10240 Messungen 0.956140 Sekunden gebraucht
84
bei T=2.308000 haben 10240 Messungen 0.957702 Sekunden gebraucht
85
bei T=2.310000 haben 10240 Messungen 0.945615 Sekunden gebraucht
86
bei T=2.312000 haben 10240 Messungen 0.938710 Sekunden gebraucht
87
bei T=2.314000 haben 10240 Messungen 0.937780 Sekunden gebraucht
88
bei T=2.316000 haben 10240 Messungen 1.096911 Sekunden gebraucht
89
bei T=2.318000 haben 10240 Messungen 1.091194 Sekunden gebraucht
90
bei T=2.320000 haben 10240 Messungen 1.046292 Sekunden gebraucht
91
bei T=2.322000 haben 10240 Messungen 1.019311 Sekunden gebraucht
92
bei T=2.324000 haben 10240 Messungen 1.020829 Sekunden gebraucht
93
bei T=2.326000 haben 10240 Messungen 1.045438 Sekunden gebraucht
94
bei T=2.328000 haben 10240 Messungen 1.046070 Sekunden gebraucht
95
bei T=2.330000 haben 10240 Messungen 1.043027 Sekunden gebraucht
96
bei T=2.332000 haben 10240 Messungen 1.043336 Sekunden gebraucht
97
bei T=2.334000 haben 10240 Messungen 0.996868 Sekunden gebraucht
98
bei T=2.336000 haben 10240 Messungen 0.997783 Sekunden gebraucht
99
bei T=2.338000 haben 10240 Messungen 0.999782 Sekunden gebraucht
100
bei T=2.340000 haben 10240 Messungen 1.032401 Sekunden gebraucht
101
bei T=2.342000 haben 10240 Messungen 1.043059 Sekunden gebraucht
102
bei T=2.344000 haben 10240 Messungen 1.030075 Sekunden gebraucht
103
bei T=2.346000 haben 10240 Messungen 0.951270 Sekunden gebraucht
104
bei T=2.348000 haben 10240 Messungen 0.953107 Sekunden gebraucht
105
bei T=2.350000 haben 10240 Messungen 0.932247 Sekunden gebraucht
106
bei T=2.352000 haben 10240 Messungen 0.937154 Sekunden gebraucht
107
bei T=2.354000 haben 10240 Messungen 0.936755 Sekunden gebraucht
108
bei T=2.356000 haben 10240 Messungen 0.936560 Sekunden gebraucht
109
bei T=2.358000 haben 10240 Messungen 0.932191 Sekunden gebraucht
110
bei T=2.360000 haben 10240 Messungen 0.933614 Sekunden gebraucht
111
bei T=2.362000 haben 10240 Messungen 0.933068 Sekunden gebraucht
112
bei T=2.364000 haben 10240 Messungen 0.956049 Sekunden gebraucht
113
bei T=2.366000 haben 10240 Messungen 0.958190 Sekunden gebraucht
114
bei T=2.368000 haben 10240 Messungen 0.932962 Sekunden gebraucht
115
bei T=2.370000 haben 10240 Messungen 0.910335 Sekunden gebraucht
116
bei T=2.372000 haben 10240 Messungen 0.922828 Sekunden gebraucht
117
bei T=2.374000 haben 10240 Messungen 0.977519 Sekunden gebraucht
118
bei T=2.376000 haben 10240 Messungen 0.974594 Sekunden gebraucht
119
bei T=2.378000 haben 10240 Messungen 0.986098 Sekunden gebraucht
120
bei T=2.380000 haben 10240 Messungen 0.974936 Sekunden gebraucht
121
bei T=2.382000 haben 10240 Messungen 0.924643 Sekunden gebraucht
122
bei T=2.384000 haben 10240 Messungen 0.945549 Sekunden gebraucht
123
bei T=2.386000 haben 10240 Messungen 0.945917 Sekunden gebraucht
124
bei T=2.388000 haben 10240 Messungen 0.943306 Sekunden gebraucht
125
bei T=2.390000 haben 10240 Messungen 0.954451 Sekunden gebraucht
126
bei T=2.392000 haben 10240 Messungen 0.968857 Sekunden gebraucht
127
bei T=2.394000 haben 10240 Messungen 1.010047 Sekunden gebraucht
128
bei T=2.396000 haben 10240 Messungen 1.008003 Sekunden gebraucht
129
bei T=2.398000 haben 10240 Messungen 1.012218 Sekunden gebraucht
130
bei T=2.400000 haben 10240 Messungen 0.991417 Sekunden gebraucht
131
bei T=2.408000 haben 10240 Messungen 1.022315 Sekunden gebraucht
132
bei T=2.416000 haben 10240 Messungen 1.086638 Sekunden gebraucht
133
bei T=2.424000 haben 10240 Messungen 1.086872 Sekunden gebraucht
134
bei T=2.432000 haben 10240 Messungen 1.069305 Sekunden gebraucht
135
bei T=2.440000 haben 10240 Messungen 1.012831 Sekunden gebraucht
136
bei T=2.448000 haben 10240 Messungen 1.001979 Sekunden gebraucht
137
bei T=2.456000 haben 10240 Messungen 0.972049 Sekunden gebraucht
138
bei T=2.464000 haben 10240 Messungen 1.074184 Sekunden gebraucht
139
bei T=2.472000 haben 10240 Messungen 1.095787 Sekunden gebraucht
140
bei T=2.480000 haben 10240 Messungen 1.095534 Sekunden gebraucht
141
bei T=2.488000 haben 10240 Messungen 1.077983 Sekunden gebraucht
142
bei T=2.496000 haben 10240 Messungen 1.076570 Sekunden gebraucht
143
bei T=2.504000 haben 10240 Messungen 1.043957 Sekunden gebraucht
144
bei T=2.512000 haben 10240 Messungen 1.044252 Sekunden gebraucht
145
bei T=2.520000 haben 10240 Messungen 1.042580 Sekunden gebraucht
146
bei T=2.528000 haben 10240 Messungen 1.020108 Sekunden gebraucht
147
bei T=2.536000 haben 10240 Messungen 0.982961 Sekunden gebraucht
148
bei T=2.544000 haben 10240 Messungen 0.986854 Sekunden gebraucht
149
bei T=2.552000 haben 10240 Messungen 0.972109 Sekunden gebraucht
150
bei T=2.560000 haben 10240 Messungen 0.972982 Sekunden gebraucht
151
bei T=2.568000 haben 10240 Messungen 0.966370 Sekunden gebraucht
152
bei T=2.576000 haben 10240 Messungen 0.953341 Sekunden gebraucht
153
bei T=2.584000 haben 10240 Messungen 0.955525 Sekunden gebraucht
154
bei T=2.592000 haben 10240 Messungen 0.953950 Sekunden gebraucht
155
bei T=2.600000 haben 10240 Messungen 0.988928 Sekunden gebraucht
156
bei T=2.608000 haben 10240 Messungen 0.976429 Sekunden gebraucht
157
bei T=2.616000 haben 10240 Messungen 0.987952 Sekunden gebraucht
158
bei T=2.624000 haben 10240 Messungen 0.980104 Sekunden gebraucht
159
bei T=2.632000 haben 10240 Messungen 0.981776 Sekunden gebraucht
160
bei T=2.640000 haben 10240 Messungen 0.988442 Sekunden gebraucht
161
bei T=2.648000 haben 10240 Messungen 1.040490 Sekunden gebraucht
162
bei T=2.656000 haben 10240 Messungen 1.054564 Sekunden gebraucht
163
bei T=2.664000 haben 10240 Messungen 1.068294 Sekunden gebraucht
164
bei T=2.672000 haben 10240 Messungen 0.971238 Sekunden gebraucht
165
bei T=2.680000 haben 10240 Messungen 0.967094 Sekunden gebraucht
166
bei T=2.688000 haben 10240 Messungen 0.960473 Sekunden gebraucht
167
bei T=2.696000 haben 10240 Messungen 0.963981 Sekunden gebraucht
168
bei T=2.704000 haben 10240 Messungen 0.955669 Sekunden gebraucht
169
bei T=2.712000 haben 10240 Messungen 0.951076 Sekunden gebraucht
170
bei T=2.720000 haben 10240 Messungen 0.988052 Sekunden gebraucht
171
bei T=2.728000 haben 10240 Messungen 0.913695 Sekunden gebraucht
172
bei T=2.736000 haben 10240 Messungen 0.981281 Sekunden gebraucht
173
bei T=2.744000 haben 10240 Messungen 0.993763 Sekunden gebraucht
174
bei T=2.752000 haben 10240 Messungen 0.989825 Sekunden gebraucht
175
bei T=2.760000 haben 10240 Messungen 0.998095 Sekunden gebraucht
176
bei T=2.768000 haben 10240 Messungen 0.999647 Sekunden gebraucht
177
bei T=2.776000 haben 10240 Messungen 0.969870 Sekunden gebraucht
178
bei T=2.784000 haben 10240 Messungen 1.035078 Sekunden gebraucht
179
bei T=2.792000 haben 10240 Messungen 1.023604 Sekunden gebraucht
180
bei T=2.800000 haben 10240 Messungen 0.974842 Sekunden gebraucht
181
bei T=2.808000 haben 10240 Messungen 0.965899 Sekunden gebraucht
182
bei T=2.816000 haben 10240 Messungen 0.969508 Sekunden gebraucht
183
bei T=2.824000 haben 10240 Messungen 1.002077 Sekunden gebraucht
184
bei T=2.832000 haben 10240 Messungen 0.975363 Sekunden gebraucht
185
bei T=2.840000 haben 10240 Messungen 0.969297 Sekunden gebraucht
186
bei T=2.848000 haben 10240 Messungen 0.968648 Sekunden gebraucht
187
bei T=2.856000 haben 10240 Messungen 1.036345 Sekunden gebraucht
188
bei T=2.864000 haben 10240 Messungen 0.995594 Sekunden gebraucht
189
bei T=2.872000 haben 10240 Messungen 0.990751 Sekunden gebraucht
190
bei T=2.880000 haben 10240 Messungen 0.992962 Sekunden gebraucht
191
bei T=2.888000 haben 10240 Messungen 0.992944 Sekunden gebraucht
192
bei T=2.896000 haben 10240 Messungen 0.979947 Sekunden gebraucht
193
bei T=2.904000 haben 10240 Messungen 1.029475 Sekunden gebraucht
194
bei T=2.912000 haben 10240 Messungen 0.960653 Sekunden gebraucht
195
bei T=2.920000 haben 10240 Messungen 0.959133 Sekunden gebraucht
196
bei T=2.928000 haben 10240 Messungen 0.957652 Sekunden gebraucht
197
bei T=2.936000 haben 10240 Messungen 0.957623 Sekunden gebraucht
198
bei T=2.944000 haben 10240 Messungen 0.991169 Sekunden gebraucht
199
bei T=2.952000 haben 10240 Messungen 0.989401 Sekunden gebraucht
200
bei T=2.960000 haben 10240 Messungen 1.048741 Sekunden gebraucht
201
bei T=2.968000 haben 10240 Messungen 0.981761 Sekunden gebraucht
202
bei T=2.976000 haben 10240 Messungen 1.035512 Sekunden gebraucht
203
bei T=2.984000 haben 10240 Messungen 0.975372 Sekunden gebraucht
204
bei T=2.992000 haben 10240 Messungen 0.953148 Sekunden gebraucht
205
bei T=3.000000 haben 10240 Messungen 0.943089 Sekunden gebraucht
206
bei T=3.008000 haben 10240 Messungen 0.941457 Sekunden gebraucht
207
bei T=3.016000 haben 10240 Messungen 0.944735 Sekunden gebraucht
208
bei T=3.024000 haben 10240 Messungen 0.948671 Sekunden gebraucht
209
bei T=3.032000 haben 10240 Messungen 0.952214 Sekunden gebraucht
Insgesamt hat das Messen 208.747948 Sekunden gebraucht
Insgesamt hat das Bootstrapping 62.063302 Sekunden gebraucht
Insgesamt hat das Programm 683.420617 Sekunden gebraucht
/hiskp4/gross/bachelorarbeit
