Fri Jul  3 15:12:21 CEST 2020 Waiting for 30 seconds before starting the job to allow the node to settle down
Fri Jul  3 15:12:51 CEST 2020 Waiting done, starting task!
Fri Jul  3 15:12:51 CEST 2020 Waiting for 30 seconds before starting the job to allow the node to settle down
Fri Jul  3 15:13:21 CEST 2020 Waiting done, starting task!
Ende array
0
bei T=0.050000 haben 10240 Messungen 6.167274 Sekunden gebraucht
1
bei T=0.150000 haben 10240 Messungen 5.886176 Sekunden gebraucht
2
bei T=0.250000 haben 10240 Messungen 5.889008 Sekunden gebraucht
3
bei T=0.350000 haben 10240 Messungen 5.889342 Sekunden gebraucht
4
bei T=0.450000 haben 10240 Messungen 5.885207 Sekunden gebraucht
5
bei T=0.550000 haben 10240 Messungen 6.228140 Sekunden gebraucht
6
bei T=0.650000 haben 10240 Messungen 6.449248 Sekunden gebraucht
7
bei T=0.750000 haben 10240 Messungen 6.436773 Sekunden gebraucht
8
bei T=0.850000 haben 10240 Messungen 6.440472 Sekunden gebraucht
9
bei T=0.950000 haben 10240 Messungen 6.436888 Sekunden gebraucht
10
bei T=1.050000 haben 10240 Messungen 6.174212 Sekunden gebraucht
11
bei T=1.150000 haben 10240 Messungen 6.161322 Sekunden gebraucht
12
bei T=1.250000 haben 10240 Messungen 6.169479 Sekunden gebraucht
13
bei T=1.350000 haben 10240 Messungen 6.160586 Sekunden gebraucht
14
bei T=1.450000 haben 10240 Messungen 5.990219 Sekunden gebraucht
15
bei T=1.550000 haben 10240 Messungen 6.165675 Sekunden gebraucht
16
bei T=1.650000 haben 10240 Messungen 5.840879 Sekunden gebraucht
17
bei T=1.750000 haben 10240 Messungen 5.952820 Sekunden gebraucht
18
bei T=1.850000 haben 10240 Messungen 6.468496 Sekunden gebraucht
19
bei T=1.950000 haben 10240 Messungen 6.371671 Sekunden gebraucht
20
bei T=2.000000 haben 10240 Messungen 6.223792 Sekunden gebraucht
21
bei T=2.008000 haben 10240 Messungen 5.531426 Sekunden gebraucht
22
bei T=2.016000 haben 10240 Messungen 5.553660 Sekunden gebraucht
23
bei T=2.024000 haben 10240 Messungen 5.650336 Sekunden gebraucht
24
bei T=2.032000 haben 10240 Messungen 6.706190 Sekunden gebraucht
25
bei T=2.040000 haben 10240 Messungen 5.583303 Sekunden gebraucht
26
bei T=2.048000 haben 10240 Messungen 5.799771 Sekunden gebraucht
27
bei T=2.056000 haben 10240 Messungen 6.543174 Sekunden gebraucht
28
bei T=2.064000 haben 10240 Messungen 6.545448 Sekunden gebraucht
29
bei T=2.072000 haben 10240 Messungen 6.503225 Sekunden gebraucht
30
bei T=2.080000 haben 10240 Messungen 6.502169 Sekunden gebraucht
31
bei T=2.088000 haben 10240 Messungen 6.664008 Sekunden gebraucht
32
bei T=2.096000 haben 10240 Messungen 6.641751 Sekunden gebraucht
33
bei T=2.104000 haben 10240 Messungen 6.272776 Sekunden gebraucht
34
bei T=2.112000 haben 10240 Messungen 6.138729 Sekunden gebraucht
35
bei T=2.120000 haben 10240 Messungen 6.051299 Sekunden gebraucht
36
bei T=2.128000 haben 10240 Messungen 6.181849 Sekunden gebraucht
37
bei T=2.136000 haben 10240 Messungen 6.008401 Sekunden gebraucht
38
bei T=2.144000 haben 10240 Messungen 6.005633 Sekunden gebraucht
39
bei T=2.152000 haben 10240 Messungen 6.127300 Sekunden gebraucht
40
bei T=2.160000 haben 10240 Messungen 6.345759 Sekunden gebraucht
41
bei T=2.168000 haben 10240 Messungen 6.119790 Sekunden gebraucht
42
bei T=2.176000 haben 10240 Messungen 5.722529 Sekunden gebraucht
43
bei T=2.184000 haben 10240 Messungen 6.047700 Sekunden gebraucht
44
bei T=2.192000 haben 10240 Messungen 6.256538 Sekunden gebraucht
45
bei T=2.200000 haben 10240 Messungen 6.418947 Sekunden gebraucht
46
bei T=2.208000 haben 10240 Messungen 6.503934 Sekunden gebraucht
47
bei T=2.216000 haben 10240 Messungen 6.617961 Sekunden gebraucht
48
bei T=2.224000 haben 10240 Messungen 6.614377 Sekunden gebraucht
49
bei T=2.226000 haben 10240 Messungen 6.623831 Sekunden gebraucht
50
bei T=2.228000 haben 10240 Messungen 6.627361 Sekunden gebraucht
51
bei T=2.230000 haben 10240 Messungen 6.560117 Sekunden gebraucht
52
bei T=2.232000 haben 10240 Messungen 6.319263 Sekunden gebraucht
53
bei T=2.234000 haben 10240 Messungen 6.361026 Sekunden gebraucht
54
bei T=2.236000 haben 10240 Messungen 6.388344 Sekunden gebraucht
55
bei T=2.238000 haben 10240 Messungen 6.598812 Sekunden gebraucht
56
bei T=2.240000 haben 10240 Messungen 6.427522 Sekunden gebraucht
57
bei T=2.242000 haben 10240 Messungen 6.434163 Sekunden gebraucht
58
bei T=2.244000 haben 10240 Messungen 5.968615 Sekunden gebraucht
59
bei T=2.246000 haben 10240 Messungen 6.083306 Sekunden gebraucht
60
bei T=2.248000 haben 10240 Messungen 6.431833 Sekunden gebraucht
61
bei T=2.250000 haben 10240 Messungen 6.287008 Sekunden gebraucht
62
bei T=2.252000 haben 10240 Messungen 6.291251 Sekunden gebraucht
63
bei T=2.254000 haben 10240 Messungen 6.353112 Sekunden gebraucht
64
bei T=2.256000 haben 10240 Messungen 6.349250 Sekunden gebraucht
65
bei T=2.258000 haben 10240 Messungen 6.298209 Sekunden gebraucht
66
bei T=2.260000 haben 10240 Messungen 5.953288 Sekunden gebraucht
67
bei T=2.262000 haben 10240 Messungen 5.908404 Sekunden gebraucht
68
bei T=2.264000 haben 10240 Messungen 5.918283 Sekunden gebraucht
69
bei T=2.266000 haben 10240 Messungen 5.905906 Sekunden gebraucht
70
bei T=2.268000 haben 10240 Messungen 6.333589 Sekunden gebraucht
71
bei T=2.270000 haben 10240 Messungen 6.334456 Sekunden gebraucht
72
bei T=2.272000 haben 10240 Messungen 6.285717 Sekunden gebraucht
73
bei T=2.274000 haben 10240 Messungen 6.273623 Sekunden gebraucht
74
bei T=2.276000 haben 10240 Messungen 6.292181 Sekunden gebraucht
75
bei T=2.278000 haben 10240 Messungen 6.237273 Sekunden gebraucht
76
bei T=2.280000 haben 10240 Messungen 6.188344 Sekunden gebraucht
77
bei T=2.282000 haben 10240 Messungen 6.262366 Sekunden gebraucht
78
bei T=2.284000 haben 10240 Messungen 5.846937 Sekunden gebraucht
79
bei T=2.286000 haben 10240 Messungen 6.823416 Sekunden gebraucht
80
bei T=2.288000 haben 10240 Messungen 6.806068 Sekunden gebraucht
81
bei T=2.290000 haben 10240 Messungen 6.770920 Sekunden gebraucht
82
bei T=2.292000 haben 10240 Messungen 6.775558 Sekunden gebraucht
83
bei T=2.294000 haben 10240 Messungen 6.904202 Sekunden gebraucht
84
bei T=2.296000 haben 10240 Messungen 6.460299 Sekunden gebraucht
85
bei T=2.298000 haben 10240 Messungen 6.385141 Sekunden gebraucht
86
bei T=2.300000 haben 10240 Messungen 6.355856 Sekunden gebraucht
87
bei T=2.302000 haben 10240 Messungen 6.356353 Sekunden gebraucht
88
bei T=2.304000 haben 10240 Messungen 6.571580 Sekunden gebraucht
89
bei T=2.306000 haben 10240 Messungen 6.954497 Sekunden gebraucht
90
bei T=2.308000 haben 10240 Messungen 6.168127 Sekunden gebraucht
91
bei T=2.310000 haben 10240 Messungen 6.344783 Sekunden gebraucht
92
bei T=2.312000 haben 10240 Messungen 6.214178 Sekunden gebraucht
93
bei T=2.314000 haben 10240 Messungen 6.617348 Sekunden gebraucht
94
bei T=2.316000 haben 10240 Messungen 6.201325 Sekunden gebraucht
95
bei T=2.318000 haben 10240 Messungen 6.202837 Sekunden gebraucht
96
bei T=2.320000 haben 10240 Messungen 6.596264 Sekunden gebraucht
97
bei T=2.322000 haben 10240 Messungen 6.587314 Sekunden gebraucht
98
bei T=2.324000 haben 10240 Messungen 6.561302 Sekunden gebraucht
99
bei T=2.326000 haben 10240 Messungen 6.237227 Sekunden gebraucht
100
bei T=2.328000 haben 10240 Messungen 6.274008 Sekunden gebraucht
101
bei T=2.330000 haben 10240 Messungen 6.162955 Sekunden gebraucht
102
bei T=2.332000 haben 10240 Messungen 6.206535 Sekunden gebraucht
103
bei T=2.334000 haben 10240 Messungen 5.957700 Sekunden gebraucht
104
bei T=2.336000 haben 10240 Messungen 5.968513 Sekunden gebraucht
105
bei T=2.338000 haben 10240 Messungen 6.942577 Sekunden gebraucht
106
bei T=2.340000 haben 10240 Messungen 6.991637 Sekunden gebraucht
107
bei T=2.342000 haben 10240 Messungen 6.940516 Sekunden gebraucht
108
bei T=2.344000 haben 10240 Messungen 6.949429 Sekunden gebraucht
109
bei T=2.346000 haben 10240 Messungen 6.961839 Sekunden gebraucht
110
bei T=2.348000 haben 10240 Messungen 6.997245 Sekunden gebraucht
111
bei T=2.350000 haben 10240 Messungen 7.000840 Sekunden gebraucht
112
bei T=2.352000 haben 10240 Messungen 6.994940 Sekunden gebraucht
113
bei T=2.354000 haben 10240 Messungen 6.297262 Sekunden gebraucht
114
bei T=2.356000 haben 10240 Messungen 6.232755 Sekunden gebraucht
115
bei T=2.358000 haben 10240 Messungen 6.228718 Sekunden gebraucht
116
bei T=2.360000 haben 10240 Messungen 6.223091 Sekunden gebraucht
117
bei T=2.362000 haben 10240 Messungen 6.032625 Sekunden gebraucht
118
bei T=2.364000 haben 10240 Messungen 6.035373 Sekunden gebraucht
119
bei T=2.366000 haben 10240 Messungen 6.024463 Sekunden gebraucht
120
bei T=2.368000 haben 10240 Messungen 6.036581 Sekunden gebraucht
121
bei T=2.370000 haben 10240 Messungen 6.023577 Sekunden gebraucht
122
bei T=2.372000 haben 10240 Messungen 6.015254 Sekunden gebraucht
123
bei T=2.374000 haben 10240 Messungen 6.028168 Sekunden gebraucht
124
bei T=2.376000 haben 10240 Messungen 6.714926 Sekunden gebraucht
125
bei T=2.378000 haben 10240 Messungen 6.721792 Sekunden gebraucht
126
bei T=2.380000 haben 10240 Messungen 6.302288 Sekunden gebraucht
127
bei T=2.382000 haben 10240 Messungen 6.350850 Sekunden gebraucht
128
bei T=2.384000 haben 10240 Messungen 6.353567 Sekunden gebraucht
129
bei T=2.386000 haben 10240 Messungen 6.316650 Sekunden gebraucht
130
bei T=2.388000 haben 10240 Messungen 6.333507 Sekunden gebraucht
131
bei T=2.390000 haben 10240 Messungen 6.428200 Sekunden gebraucht
132
bei T=2.392000 haben 10240 Messungen 6.429751 Sekunden gebraucht
133
bei T=2.394000 haben 10240 Messungen 6.497116 Sekunden gebraucht
134
bei T=2.396000 haben 10240 Messungen 6.535002 Sekunden gebraucht
135
bei T=2.398000 haben 10240 Messungen 6.582608 Sekunden gebraucht
136
bei T=2.400000 haben 10240 Messungen 6.592187 Sekunden gebraucht
137
bei T=2.408000 haben 10240 Messungen 6.549852 Sekunden gebraucht
138
bei T=2.416000 haben 10240 Messungen 6.695360 Sekunden gebraucht
139
bei T=2.424000 haben 10240 Messungen 6.552262 Sekunden gebraucht
140
bei T=2.432000 haben 10240 Messungen 7.147309 Sekunden gebraucht
141
bei T=2.440000 haben 10240 Messungen 6.505547 Sekunden gebraucht
142
bei T=2.448000 haben 10240 Messungen 7.211557 Sekunden gebraucht
143
bei T=2.456000 haben 10240 Messungen 6.517540 Sekunden gebraucht
144
bei T=2.464000 haben 10240 Messungen 6.585602 Sekunden gebraucht
145
bei T=2.472000 haben 10240 Messungen 6.581401 Sekunden gebraucht
146
bei T=2.480000 haben 10240 Messungen 6.555056 Sekunden gebraucht
147
bei T=2.488000 haben 10240 Messungen 6.440500 Sekunden gebraucht
148
bei T=2.496000 haben 10240 Messungen 6.753664 Sekunden gebraucht
149
bei T=2.504000 haben 10240 Messungen 6.849604 Sekunden gebraucht
150
bei T=2.512000 haben 10240 Messungen 6.772210 Sekunden gebraucht
151
bei T=2.520000 haben 10240 Messungen 6.769844 Sekunden gebraucht
152
bei T=2.528000 haben 10240 Messungen 6.878947 Sekunden gebraucht
153
bei T=2.536000 haben 10240 Messungen 6.809999 Sekunden gebraucht
154
bei T=2.544000 haben 10240 Messungen 6.634063 Sekunden gebraucht
155
bei T=2.552000 haben 10240 Messungen 7.152125 Sekunden gebraucht
156
bei T=2.560000 haben 10240 Messungen 7.151922 Sekunden gebraucht
157
bei T=2.568000 haben 10240 Messungen 6.642131 Sekunden gebraucht
158
bei T=2.576000 haben 10240 Messungen 6.620824 Sekunden gebraucht
159
bei T=2.584000 haben 10240 Messungen 6.089189 Sekunden gebraucht
160
bei T=2.592000 haben 10240 Messungen 6.080288 Sekunden gebraucht
161
bei T=2.600000 haben 10240 Messungen 6.096262 Sekunden gebraucht
162
bei T=2.608000 haben 10240 Messungen 6.192277 Sekunden gebraucht
163
bei T=2.616000 haben 10240 Messungen 6.028804 Sekunden gebraucht
164
bei T=2.624000 haben 10240 Messungen 6.357354 Sekunden gebraucht
165
bei T=2.632000 haben 10240 Messungen 6.364469 Sekunden gebraucht
166
bei T=2.640000 haben 10240 Messungen 6.345416 Sekunden gebraucht
167
bei T=2.648000 haben 10240 Messungen 6.363863 Sekunden gebraucht
168
bei T=2.656000 haben 10240 Messungen 6.519376 Sekunden gebraucht
169
bei T=2.664000 haben 10240 Messungen 7.050954 Sekunden gebraucht
170
bei T=2.672000 haben 10240 Messungen 7.016063 Sekunden gebraucht
171
bei T=2.680000 haben 10240 Messungen 7.037294 Sekunden gebraucht
172
bei T=2.688000 haben 10240 Messungen 7.066203 Sekunden gebraucht
173
bei T=2.696000 haben 10240 Messungen 7.106315 Sekunden gebraucht
174
bei T=2.704000 haben 10240 Messungen 7.105012 Sekunden gebraucht
175
bei T=2.712000 haben 10240 Messungen 7.094654 Sekunden gebraucht
176
bei T=2.720000 haben 10240 Messungen 7.115151 Sekunden gebraucht
177
bei T=2.728000 haben 10240 Messungen 7.135549 Sekunden gebraucht
178
bei T=2.736000 haben 10240 Messungen 7.252991 Sekunden gebraucht
179
bei T=2.744000 haben 10240 Messungen 6.491482 Sekunden gebraucht
180
bei T=2.752000 haben 10240 Messungen 6.604202 Sekunden gebraucht
181
bei T=2.760000 haben 10240 Messungen 7.288719 Sekunden gebraucht
182
bei T=2.792000 haben 10240 Messungen 7.211458 Sekunden gebraucht
183
bei T=2.824000 haben 10240 Messungen 6.933387 Sekunden gebraucht
184
bei T=2.856000 haben 10240 Messungen 6.944175 Sekunden gebraucht
185
bei T=2.888000 haben 10240 Messungen 6.953016 Sekunden gebraucht
186
bei T=2.920000 haben 10240 Messungen 6.966426 Sekunden gebraucht
187
bei T=2.952000 haben 10240 Messungen 6.817917 Sekunden gebraucht
188
bei T=2.984000 haben 10240 Messungen 6.595480 Sekunden gebraucht
189
bei T=3.016000 haben 10240 Messungen 6.585214 Sekunden gebraucht
190
bei T=3.048000 haben 10240 Messungen 6.252605 Sekunden gebraucht
191
bei T=3.080000 haben 10240 Messungen 6.258991 Sekunden gebraucht
192
bei T=3.112000 haben 10240 Messungen 6.811198 Sekunden gebraucht
193
bei T=3.144000 haben 10240 Messungen 6.253394 Sekunden gebraucht
194
bei T=3.176000 haben 10240 Messungen 6.514768 Sekunden gebraucht
195
bei T=3.208000 haben 10240 Messungen 6.935227 Sekunden gebraucht
196
bei T=3.240000 haben 10240 Messungen 6.838559 Sekunden gebraucht
197
bei T=3.272000 haben 10240 Messungen 7.015031 Sekunden gebraucht
198
bei T=3.304000 haben 10240 Messungen 6.900840 Sekunden gebraucht
199
bei T=3.336000 haben 10240 Messungen 6.958176 Sekunden gebraucht
200
bei T=3.368000 haben 10240 Messungen 6.845734 Sekunden gebraucht
201
bei T=3.400000 haben 10240 Messungen 7.009325 Sekunden gebraucht
202
bei T=3.432000 haben 10240 Messungen 6.875412 Sekunden gebraucht
203
bei T=3.464000 haben 10240 Messungen 6.574548 Sekunden gebraucht
204
bei T=3.496000 haben 10240 Messungen 6.573158 Sekunden gebraucht
205
bei T=3.528000 haben 10240 Messungen 6.576711 Sekunden gebraucht
206
bei T=3.560000 haben 10240 Messungen 6.743456 Sekunden gebraucht
207
bei T=3.592000 haben 10240 Messungen 6.567939 Sekunden gebraucht
208
bei T=3.624000 haben 10240 Messungen 6.450658 Sekunden gebraucht
209
bei T=3.656000 haben 10240 Messungen 6.337639 Sekunden gebraucht
Insgesamt hat das Messen 1356.248340 Sekunden gebraucht
Insgesamt hat das Bootstrapping 134.876250 Sekunden gebraucht
Insgesamt hat das Programm 3597.748253 Sekunden gebraucht
/hiskp4/gross/bachelorarbeit
