Fri Jul  3 10:16:13 CEST 2020 Waiting for 30 seconds before starting the job to allow the node to settle down
Fri Jul  3 10:16:43 CEST 2020 Waiting done, starting task!
Fri Jul  3 10:16:43 CEST 2020 Waiting for 30 seconds before starting the job to allow the node to settle down
Fri Jul  3 10:17:13 CEST 2020 Waiting done, starting task!
Ende array
0
bei T=0.050000 haben 10240 Messungen 3.418567 Sekunden gebraucht
1
bei T=0.150000 haben 10240 Messungen 3.434592 Sekunden gebraucht
2
bei T=0.250000 haben 10240 Messungen 3.054897 Sekunden gebraucht
3
bei T=0.350000 haben 10240 Messungen 3.507542 Sekunden gebraucht
4
bei T=0.450000 haben 10240 Messungen 3.579024 Sekunden gebraucht
5
bei T=0.550000 haben 10240 Messungen 3.449907 Sekunden gebraucht
6
bei T=0.650000 haben 10240 Messungen 3.456390 Sekunden gebraucht
7
bei T=0.750000 haben 10240 Messungen 1.981295 Sekunden gebraucht
8
bei T=0.850000 haben 10240 Messungen 3.372201 Sekunden gebraucht
9
bei T=0.950000 haben 10240 Messungen 3.386845 Sekunden gebraucht
10
bei T=1.050000 haben 10240 Messungen 3.474643 Sekunden gebraucht
11
bei T=1.150000 haben 10240 Messungen 3.564231 Sekunden gebraucht
12
bei T=1.250000 haben 10240 Messungen 3.412048 Sekunden gebraucht
13
bei T=1.350000 haben 10240 Messungen 3.359193 Sekunden gebraucht
14
bei T=1.450000 haben 10240 Messungen 3.460934 Sekunden gebraucht
15
bei T=1.550000 haben 10240 Messungen 3.303155 Sekunden gebraucht
16
bei T=1.650000 haben 10240 Messungen 3.375043 Sekunden gebraucht
17
bei T=1.750000 haben 10240 Messungen 3.410028 Sekunden gebraucht
18
bei T=1.850000 haben 10240 Messungen 3.475875 Sekunden gebraucht
19
bei T=1.950000 haben 10240 Messungen 3.463734 Sekunden gebraucht
20
bei T=2.000000 haben 10240 Messungen 3.496630 Sekunden gebraucht
21
bei T=2.008000 haben 10240 Messungen 3.544825 Sekunden gebraucht
22
bei T=2.016000 haben 10240 Messungen 3.439587 Sekunden gebraucht
23
bei T=2.024000 haben 10240 Messungen 3.310078 Sekunden gebraucht
24
bei T=2.032000 haben 10240 Messungen 3.433465 Sekunden gebraucht
25
bei T=2.040000 haben 10240 Messungen 3.378806 Sekunden gebraucht
26
bei T=2.048000 haben 10240 Messungen 3.747974 Sekunden gebraucht
27
bei T=2.056000 haben 10240 Messungen 3.847432 Sekunden gebraucht
28
bei T=2.064000 haben 10240 Messungen 3.780102 Sekunden gebraucht
29
bei T=2.072000 haben 10240 Messungen 3.759180 Sekunden gebraucht
30
bei T=2.080000 haben 10240 Messungen 3.762287 Sekunden gebraucht
31
bei T=2.088000 haben 10240 Messungen 3.724687 Sekunden gebraucht
32
bei T=2.096000 haben 10240 Messungen 3.388658 Sekunden gebraucht
33
bei T=2.104000 haben 10240 Messungen 3.428240 Sekunden gebraucht
34
bei T=2.112000 haben 10240 Messungen 3.268155 Sekunden gebraucht
35
bei T=2.120000 haben 10240 Messungen 3.761651 Sekunden gebraucht
36
bei T=2.128000 haben 10240 Messungen 3.821562 Sekunden gebraucht
37
bei T=2.136000 haben 10240 Messungen 3.525616 Sekunden gebraucht
38
bei T=2.144000 haben 10240 Messungen 3.841402 Sekunden gebraucht
39
bei T=2.152000 haben 10240 Messungen 3.552072 Sekunden gebraucht
40
bei T=2.160000 haben 10240 Messungen 3.510585 Sekunden gebraucht
41
bei T=2.168000 haben 10240 Messungen 3.554245 Sekunden gebraucht
42
bei T=2.176000 haben 10240 Messungen 3.524383 Sekunden gebraucht
43
bei T=2.184000 haben 10240 Messungen 3.623435 Sekunden gebraucht
44
bei T=2.192000 haben 10240 Messungen 3.494476 Sekunden gebraucht
45
bei T=2.200000 haben 10240 Messungen 3.563558 Sekunden gebraucht
46
bei T=2.208000 haben 10240 Messungen 3.500941 Sekunden gebraucht
47
bei T=2.216000 haben 10240 Messungen 3.555573 Sekunden gebraucht
48
bei T=2.224000 haben 10240 Messungen 3.473480 Sekunden gebraucht
49
bei T=2.226000 haben 10240 Messungen 3.437228 Sekunden gebraucht
50
bei T=2.228000 haben 10240 Messungen 3.456792 Sekunden gebraucht
51
bei T=2.230000 haben 10240 Messungen 3.846508 Sekunden gebraucht
52
bei T=2.232000 haben 10240 Messungen 3.417449 Sekunden gebraucht
53
bei T=2.234000 haben 10240 Messungen 3.361008 Sekunden gebraucht
54
bei T=2.236000 haben 10240 Messungen 3.405771 Sekunden gebraucht
55
bei T=2.238000 haben 10240 Messungen 3.290315 Sekunden gebraucht
56
bei T=2.240000 haben 10240 Messungen 3.419468 Sekunden gebraucht
57
bei T=2.242000 haben 10240 Messungen 3.286844 Sekunden gebraucht
58
bei T=2.244000 haben 10240 Messungen 3.832982 Sekunden gebraucht
59
bei T=2.246000 haben 10240 Messungen 3.901849 Sekunden gebraucht
60
bei T=2.248000 haben 10240 Messungen 3.853496 Sekunden gebraucht
61
bei T=2.250000 haben 10240 Messungen 3.877166 Sekunden gebraucht
62
bei T=2.252000 haben 10240 Messungen 3.838245 Sekunden gebraucht
63
bei T=2.254000 haben 10240 Messungen 3.825958 Sekunden gebraucht
64
bei T=2.256000 haben 10240 Messungen 3.868371 Sekunden gebraucht
65
bei T=2.258000 haben 10240 Messungen 3.848587 Sekunden gebraucht
66
bei T=2.260000 haben 10240 Messungen 3.596545 Sekunden gebraucht
67
bei T=2.262000 haben 10240 Messungen 3.651479 Sekunden gebraucht
68
bei T=2.264000 haben 10240 Messungen 3.511088 Sekunden gebraucht
69
bei T=2.266000 haben 10240 Messungen 3.509945 Sekunden gebraucht
70
bei T=2.268000 haben 10240 Messungen 3.296757 Sekunden gebraucht
71
bei T=2.270000 haben 10240 Messungen 3.443755 Sekunden gebraucht
72
bei T=2.272000 haben 10240 Messungen 3.986283 Sekunden gebraucht
73
bei T=2.274000 haben 10240 Messungen 3.829690 Sekunden gebraucht
74
bei T=2.276000 haben 10240 Messungen 3.925110 Sekunden gebraucht
75
bei T=2.278000 haben 10240 Messungen 3.853207 Sekunden gebraucht
76
bei T=2.280000 haben 10240 Messungen 3.949663 Sekunden gebraucht
77
bei T=2.282000 haben 10240 Messungen 3.950102 Sekunden gebraucht
78
bei T=2.284000 haben 10240 Messungen 3.924614 Sekunden gebraucht
79
bei T=2.286000 haben 10240 Messungen 3.560740 Sekunden gebraucht
80
bei T=2.288000 haben 10240 Messungen 3.493213 Sekunden gebraucht
81
bei T=2.290000 haben 10240 Messungen 3.487794 Sekunden gebraucht
82
bei T=2.292000 haben 10240 Messungen 3.447726 Sekunden gebraucht
83
bei T=2.294000 haben 10240 Messungen 3.457645 Sekunden gebraucht
84
bei T=2.296000 haben 10240 Messungen 3.378114 Sekunden gebraucht
85
bei T=2.298000 haben 10240 Messungen 3.489293 Sekunden gebraucht
86
bei T=2.300000 haben 10240 Messungen 3.447651 Sekunden gebraucht
87
bei T=2.302000 haben 10240 Messungen 3.437442 Sekunden gebraucht
88
bei T=2.304000 haben 10240 Messungen 3.402893 Sekunden gebraucht
89
bei T=2.306000 haben 10240 Messungen 3.452528 Sekunden gebraucht
90
bei T=2.308000 haben 10240 Messungen 3.442371 Sekunden gebraucht
91
bei T=2.310000 haben 10240 Messungen 3.407473 Sekunden gebraucht
92
bei T=2.312000 haben 10240 Messungen 3.407576 Sekunden gebraucht
93
bei T=2.314000 haben 10240 Messungen 3.553395 Sekunden gebraucht
94
bei T=2.316000 haben 10240 Messungen 3.632264 Sekunden gebraucht
95
bei T=2.318000 haben 10240 Messungen 3.752413 Sekunden gebraucht
96
bei T=2.320000 haben 10240 Messungen 3.612567 Sekunden gebraucht
97
bei T=2.322000 haben 10240 Messungen 3.620818 Sekunden gebraucht
98
bei T=2.324000 haben 10240 Messungen 3.605326 Sekunden gebraucht
99
bei T=2.326000 haben 10240 Messungen 3.649530 Sekunden gebraucht
100
bei T=2.328000 haben 10240 Messungen 3.586665 Sekunden gebraucht
101
bei T=2.330000 haben 10240 Messungen 3.573848 Sekunden gebraucht
102
bei T=2.332000 haben 10240 Messungen 4.055781 Sekunden gebraucht
103
bei T=2.334000 haben 10240 Messungen 3.966306 Sekunden gebraucht
104
bei T=2.336000 haben 10240 Messungen 3.979285 Sekunden gebraucht
105
bei T=2.338000 haben 10240 Messungen 3.947476 Sekunden gebraucht
106
bei T=2.340000 haben 10240 Messungen 3.981454 Sekunden gebraucht
107
bei T=2.342000 haben 10240 Messungen 3.999985 Sekunden gebraucht
108
bei T=2.344000 haben 10240 Messungen 3.959602 Sekunden gebraucht
109
bei T=2.346000 haben 10240 Messungen 3.945106 Sekunden gebraucht
110
bei T=2.348000 haben 10240 Messungen 3.943601 Sekunden gebraucht
111
bei T=2.350000 haben 10240 Messungen 4.093969 Sekunden gebraucht
112
bei T=2.352000 haben 10240 Messungen 3.960730 Sekunden gebraucht
113
bei T=2.354000 haben 10240 Messungen 3.999738 Sekunden gebraucht
114
bei T=2.356000 haben 10240 Messungen 3.976580 Sekunden gebraucht
115
bei T=2.358000 haben 10240 Messungen 3.948044 Sekunden gebraucht
116
bei T=2.360000 haben 10240 Messungen 3.923046 Sekunden gebraucht
117
bei T=2.362000 haben 10240 Messungen 3.951001 Sekunden gebraucht
118
bei T=2.364000 haben 10240 Messungen 3.921219 Sekunden gebraucht
119
bei T=2.366000 haben 10240 Messungen 4.009339 Sekunden gebraucht
120
bei T=2.368000 haben 10240 Messungen 3.576619 Sekunden gebraucht
121
bei T=2.370000 haben 10240 Messungen 3.538367 Sekunden gebraucht
122
bei T=2.372000 haben 10240 Messungen 3.545791 Sekunden gebraucht
123
bei T=2.374000 haben 10240 Messungen 3.655434 Sekunden gebraucht
124
bei T=2.376000 haben 10240 Messungen 3.561453 Sekunden gebraucht
125
bei T=2.378000 haben 10240 Messungen 3.637552 Sekunden gebraucht
126
bei T=2.380000 haben 10240 Messungen 3.688069 Sekunden gebraucht
127
bei T=2.382000 haben 10240 Messungen 3.708063 Sekunden gebraucht
128
bei T=2.384000 haben 10240 Messungen 3.603836 Sekunden gebraucht
129
bei T=2.386000 haben 10240 Messungen 3.690451 Sekunden gebraucht
130
bei T=2.388000 haben 10240 Messungen 4.020304 Sekunden gebraucht
131
bei T=2.390000 haben 10240 Messungen 3.667883 Sekunden gebraucht
132
bei T=2.392000 haben 10240 Messungen 3.718883 Sekunden gebraucht
133
bei T=2.394000 haben 10240 Messungen 3.749472 Sekunden gebraucht
134
bei T=2.396000 haben 10240 Messungen 3.764591 Sekunden gebraucht
135
bei T=2.398000 haben 10240 Messungen 3.725051 Sekunden gebraucht
136
bei T=2.400000 haben 10240 Messungen 3.762987 Sekunden gebraucht
137
bei T=2.408000 haben 10240 Messungen 3.808533 Sekunden gebraucht
138
bei T=2.416000 haben 10240 Messungen 3.740776 Sekunden gebraucht
139
bei T=2.424000 haben 10240 Messungen 3.870004 Sekunden gebraucht
140
bei T=2.432000 haben 10240 Messungen 3.786312 Sekunden gebraucht
141
bei T=2.440000 haben 10240 Messungen 3.769202 Sekunden gebraucht
142
bei T=2.448000 haben 10240 Messungen 3.762556 Sekunden gebraucht
143
bei T=2.456000 haben 10240 Messungen 3.712988 Sekunden gebraucht
144
bei T=2.464000 haben 10240 Messungen 3.340969 Sekunden gebraucht
145
bei T=2.472000 haben 10240 Messungen 2.168648 Sekunden gebraucht
146
bei T=2.480000 haben 10240 Messungen 2.172701 Sekunden gebraucht
147
bei T=2.488000 haben 10240 Messungen 2.175708 Sekunden gebraucht
148
bei T=2.496000 haben 10240 Messungen 2.181587 Sekunden gebraucht
149
bei T=2.504000 haben 10240 Messungen 2.203349 Sekunden gebraucht
150
bei T=2.512000 haben 10240 Messungen 2.184947 Sekunden gebraucht
151
bei T=2.520000 haben 10240 Messungen 2.181431 Sekunden gebraucht
152
bei T=2.528000 haben 10240 Messungen 3.711485 Sekunden gebraucht
153
bei T=2.536000 haben 10240 Messungen 3.615239 Sekunden gebraucht
154
bei T=2.544000 haben 10240 Messungen 3.708221 Sekunden gebraucht
155
bei T=2.552000 haben 10240 Messungen 3.640521 Sekunden gebraucht
156
bei T=2.560000 haben 10240 Messungen 4.067985 Sekunden gebraucht
157
bei T=2.568000 haben 10240 Messungen 4.038804 Sekunden gebraucht
158
bei T=2.576000 haben 10240 Messungen 4.058000 Sekunden gebraucht
159
bei T=2.584000 haben 10240 Messungen 4.101670 Sekunden gebraucht
160
bei T=2.592000 haben 10240 Messungen 4.109967 Sekunden gebraucht
161
bei T=2.600000 haben 10240 Messungen 4.123378 Sekunden gebraucht
162
bei T=2.608000 haben 10240 Messungen 4.066122 Sekunden gebraucht
163
bei T=2.616000 haben 10240 Messungen 4.126359 Sekunden gebraucht
164
bei T=2.624000 haben 10240 Messungen 4.063373 Sekunden gebraucht
165
bei T=2.632000 haben 10240 Messungen 3.853028 Sekunden gebraucht
166
bei T=2.640000 haben 10240 Messungen 3.797357 Sekunden gebraucht
167
bei T=2.648000 haben 10240 Messungen 3.861517 Sekunden gebraucht
168
bei T=2.656000 haben 10240 Messungen 3.864329 Sekunden gebraucht
169
bei T=2.664000 haben 10240 Messungen 3.866504 Sekunden gebraucht
170
bei T=2.672000 haben 10240 Messungen 3.794907 Sekunden gebraucht
171
bei T=2.680000 haben 10240 Messungen 3.885346 Sekunden gebraucht
172
bei T=2.688000 haben 10240 Messungen 3.675652 Sekunden gebraucht
173
bei T=2.696000 haben 10240 Messungen 3.792736 Sekunden gebraucht
174
bei T=2.704000 haben 10240 Messungen 3.722054 Sekunden gebraucht
175
bei T=2.712000 haben 10240 Messungen 3.932858 Sekunden gebraucht
176
bei T=2.720000 haben 10240 Messungen 3.675968 Sekunden gebraucht
177
bei T=2.728000 haben 10240 Messungen 3.551888 Sekunden gebraucht
178
bei T=2.736000 haben 10240 Messungen 3.670257 Sekunden gebraucht
179
bei T=2.744000 haben 10240 Messungen 3.609003 Sekunden gebraucht
180
bei T=2.752000 haben 10240 Messungen 3.760215 Sekunden gebraucht
181
bei T=2.760000 haben 10240 Messungen 3.666382 Sekunden gebraucht
182
bei T=2.792000 haben 10240 Messungen 3.689031 Sekunden gebraucht
183
bei T=2.824000 haben 10240 Messungen 3.905628 Sekunden gebraucht
184
bei T=2.856000 haben 10240 Messungen 3.937690 Sekunden gebraucht
185
bei T=2.888000 haben 10240 Messungen 3.967591 Sekunden gebraucht
186
bei T=2.920000 haben 10240 Messungen 3.938803 Sekunden gebraucht
187
bei T=2.952000 haben 10240 Messungen 3.638301 Sekunden gebraucht
188
bei T=2.984000 haben 10240 Messungen 4.206099 Sekunden gebraucht
189
bei T=3.016000 haben 10240 Messungen 4.148464 Sekunden gebraucht
190
bei T=3.048000 haben 10240 Messungen 4.181901 Sekunden gebraucht
191
bei T=3.080000 haben 10240 Messungen 4.210907 Sekunden gebraucht
192
bei T=3.112000 haben 10240 Messungen 4.223157 Sekunden gebraucht
193
bei T=3.144000 haben 10240 Messungen 4.208186 Sekunden gebraucht
194
bei T=3.176000 haben 10240 Messungen 3.975996 Sekunden gebraucht
195
bei T=3.208000 haben 10240 Messungen 3.915471 Sekunden gebraucht
196
bei T=3.240000 haben 10240 Messungen 3.937819 Sekunden gebraucht
197
bei T=3.272000 haben 10240 Messungen 4.248316 Sekunden gebraucht
198
bei T=3.304000 haben 10240 Messungen 3.966710 Sekunden gebraucht
199
bei T=3.336000 haben 10240 Messungen 3.989245 Sekunden gebraucht
200
bei T=3.368000 haben 10240 Messungen 3.978544 Sekunden gebraucht
201
bei T=3.400000 haben 10240 Messungen 3.988332 Sekunden gebraucht
202
bei T=3.432000 haben 10240 Messungen 3.979558 Sekunden gebraucht
203
bei T=3.464000 haben 10240 Messungen 3.806634 Sekunden gebraucht
204
bei T=3.496000 haben 10240 Messungen 3.846266 Sekunden gebraucht
205
bei T=3.528000 haben 10240 Messungen 3.933729 Sekunden gebraucht
206
bei T=3.560000 haben 10240 Messungen 3.828160 Sekunden gebraucht
207
bei T=3.592000 haben 10240 Messungen 3.764145 Sekunden gebraucht
208
bei T=3.624000 haben 10240 Messungen 3.788873 Sekunden gebraucht
209
bei T=3.656000 haben 10240 Messungen 3.811211 Sekunden gebraucht
Insgesamt hat das Messen 767.311460 Sekunden gebraucht
Insgesamt hat das Bootstrapping 141.299864 Sekunden gebraucht
Insgesamt hat das Programm 2215.085094 Sekunden gebraucht
/hiskp4/gross/bachelorarbeit
