Fri Jun 19 21:21:30 CEST 2020 Waiting for 30 seconds before starting the job to allow the node to settle down
Fri Jun 19 21:22:00 CEST 2020 Waiting done, starting task!
Fri Jun 19 21:22:00 CEST 2020 Waiting for 30 seconds before starting the job to allow the node to settle down
Fri Jun 19 21:22:30 CEST 2020 Waiting done, starting task!
Ende array
0
bei T=2.102500 haben 10000 Messungen 36.014787 Sekunden gebraucht
1
bei T=2.102500 haben 10000 Messungen 35.539988 Sekunden gebraucht
2
bei T=2.102500 haben 10000 Messungen 35.953488 Sekunden gebraucht
3
bei T=2.102500 haben 10000 Messungen 36.356598 Sekunden gebraucht
4
bei T=2.102500 haben 10000 Messungen 35.674621 Sekunden gebraucht
5
bei T=2.102500 haben 10000 Messungen 36.566242 Sekunden gebraucht
6
bei T=2.102500 haben 10000 Messungen 38.181702 Sekunden gebraucht
7
bei T=2.102500 haben 10000 Messungen 21.466443 Sekunden gebraucht
8
bei T=2.102500 haben 10000 Messungen 21.436762 Sekunden gebraucht
9
bei T=2.102500 haben 10000 Messungen 21.250362 Sekunden gebraucht
10
bei T=2.102500 haben 10000 Messungen 20.999742 Sekunden gebraucht
11
bei T=2.102500 haben 10000 Messungen 21.155611 Sekunden gebraucht
12
bei T=2.102500 haben 10000 Messungen 21.183690 Sekunden gebraucht
13
bei T=2.102500 haben 10000 Messungen 21.530355 Sekunden gebraucht
14
bei T=2.102500 haben 10000 Messungen 21.167976 Sekunden gebraucht
15
bei T=2.102500 haben 10000 Messungen 21.412295 Sekunden gebraucht
16
bei T=2.102500 haben 10000 Messungen 21.066854 Sekunden gebraucht
17
bei T=2.102500 haben 10000 Messungen 21.376785 Sekunden gebraucht
18
bei T=2.102500 haben 10000 Messungen 21.302203 Sekunden gebraucht
19
bei T=2.102500 haben 10000 Messungen 26.981771 Sekunden gebraucht
20
bei T=2.102500 haben 10000 Messungen 36.593868 Sekunden gebraucht
21
bei T=2.102500 haben 10000 Messungen 33.771639 Sekunden gebraucht
22
bei T=2.102500 haben 10000 Messungen 37.615417 Sekunden gebraucht
23
bei T=2.102500 haben 10000 Messungen 36.954637 Sekunden gebraucht
24
bei T=2.102500 haben 10000 Messungen 38.816037 Sekunden gebraucht
25
bei T=2.102500 haben 10000 Messungen 37.632062 Sekunden gebraucht
26
bei T=2.102500 haben 10000 Messungen 36.962753 Sekunden gebraucht
27
bei T=2.102500 haben 10000 Messungen 40.181572 Sekunden gebraucht
28
bei T=2.102500 haben 10000 Messungen 39.075485 Sekunden gebraucht
29
bei T=2.102500 haben 10000 Messungen 34.686637 Sekunden gebraucht
30
bei T=2.102500 haben 10000 Messungen 37.284747 Sekunden gebraucht
31
bei T=2.102500 haben 10000 Messungen 38.382820 Sekunden gebraucht
32
bei T=2.102500 haben 10000 Messungen 39.225194 Sekunden gebraucht
33
bei T=2.102500 haben 10000 Messungen 34.475058 Sekunden gebraucht
34
bei T=2.102500 haben 10000 Messungen 36.031242 Sekunden gebraucht
35
bei T=2.102500 haben 10000 Messungen 38.831994 Sekunden gebraucht
36
bei T=2.102500 haben 10000 Messungen 35.066253 Sekunden gebraucht
37
bei T=2.102500 haben 10000 Messungen 37.134432 Sekunden gebraucht
38
bei T=2.102500 haben 10000 Messungen 39.538336 Sekunden gebraucht
39
bei T=2.102500 haben 10000 Messungen 33.766018 Sekunden gebraucht
40
bei T=2.102500 haben 10000 Messungen 36.545793 Sekunden gebraucht
41
bei T=2.102500 haben 10000 Messungen 34.744806 Sekunden gebraucht
42
bei T=2.102500 haben 10000 Messungen 36.411999 Sekunden gebraucht
43
bei T=2.102500 haben 10000 Messungen 37.495516 Sekunden gebraucht
44
bei T=2.102500 haben 10000 Messungen 37.421850 Sekunden gebraucht
45
bei T=2.102500 haben 10000 Messungen 35.959845 Sekunden gebraucht
46
bei T=2.102500 haben 10000 Messungen 40.047171 Sekunden gebraucht
47
bei T=2.102500 haben 10000 Messungen 35.139380 Sekunden gebraucht
48
bei T=2.102500 haben 10000 Messungen 35.486009 Sekunden gebraucht
49
bei T=2.102500 haben 10000 Messungen 38.661252 Sekunden gebraucht
50
bei T=2.102500 haben 10000 Messungen 39.488843 Sekunden gebraucht
51
bei T=2.102500 haben 10000 Messungen 33.810874 Sekunden gebraucht
52
bei T=2.102500 haben 10000 Messungen 36.021838 Sekunden gebraucht
53
bei T=2.102500 haben 10000 Messungen 36.785841 Sekunden gebraucht
54
bei T=2.102500 haben 10000 Messungen 36.581462 Sekunden gebraucht
55
bei T=2.102500 haben 10000 Messungen 35.884072 Sekunden gebraucht
56
bei T=2.102500 haben 10000 Messungen 33.874022 Sekunden gebraucht
57
bei T=2.102500 haben 10000 Messungen 34.914194 Sekunden gebraucht
58
bei T=2.102500 haben 10000 Messungen 35.938149 Sekunden gebraucht
59
bei T=2.102500 haben 10000 Messungen 37.614864 Sekunden gebraucht
60
bei T=2.102500 haben 10000 Messungen 37.421394 Sekunden gebraucht
61
bei T=2.102500 haben 10000 Messungen 36.097788 Sekunden gebraucht
62
bei T=2.102500 haben 10000 Messungen 36.914216 Sekunden gebraucht
63
bei T=2.102500 haben 10000 Messungen 33.280222 Sekunden gebraucht
64
bei T=2.102500 haben 10000 Messungen 36.278552 Sekunden gebraucht
65
bei T=2.102500 haben 10000 Messungen 36.517692 Sekunden gebraucht
66
bei T=2.102500 haben 10000 Messungen 36.349367 Sekunden gebraucht
67
bei T=2.102500 haben 10000 Messungen 35.357268 Sekunden gebraucht
68
bei T=2.102500 haben 10000 Messungen 38.097858 Sekunden gebraucht
69
bei T=2.102500 haben 10000 Messungen 35.331637 Sekunden gebraucht
70
bei T=2.102500 haben 10000 Messungen 35.966720 Sekunden gebraucht
71
bei T=2.102500 haben 10000 Messungen 39.150174 Sekunden gebraucht
72
bei T=2.102500 haben 10000 Messungen 37.120568 Sekunden gebraucht
73
bei T=2.102500 haben 10000 Messungen 36.145352 Sekunden gebraucht
74
bei T=2.102500 haben 10000 Messungen 38.858070 Sekunden gebraucht
75
bei T=2.102500 haben 10000 Messungen 36.790311 Sekunden gebraucht
76
bei T=2.102500 haben 10000 Messungen 35.523921 Sekunden gebraucht
77
bei T=2.102500 haben 10000 Messungen 35.351363 Sekunden gebraucht
78
bei T=2.102500 haben 10000 Messungen 36.431653 Sekunden gebraucht
79
bei T=2.102500 haben 10000 Messungen 38.489471 Sekunden gebraucht
80
bei T=2.102500 haben 10000 Messungen 36.318121 Sekunden gebraucht
81
bei T=2.102500 haben 10000 Messungen 33.991289 Sekunden gebraucht
82
bei T=2.102500 haben 10000 Messungen 37.504952 Sekunden gebraucht
83
bei T=2.102500 haben 10000 Messungen 38.050582 Sekunden gebraucht
84
bei T=2.102500 haben 10000 Messungen 36.536971 Sekunden gebraucht
85
bei T=2.102500 haben 10000 Messungen 36.179112 Sekunden gebraucht
86
bei T=2.102500 haben 10000 Messungen 33.679819 Sekunden gebraucht
87
bei T=2.102500 haben 10000 Messungen 34.176232 Sekunden gebraucht
88
bei T=2.102500 haben 10000 Messungen 37.876051 Sekunden gebraucht
89
bei T=2.102500 haben 10000 Messungen 36.217770 Sekunden gebraucht
90
bei T=2.102500 haben 10000 Messungen 36.551101 Sekunden gebraucht
91
bei T=2.102500 haben 10000 Messungen 35.333664 Sekunden gebraucht
92
bei T=2.102500 haben 10000 Messungen 35.973816 Sekunden gebraucht
93
bei T=2.102500 haben 10000 Messungen 35.639368 Sekunden gebraucht
94
bei T=2.102500 haben 10000 Messungen 37.814327 Sekunden gebraucht
95
bei T=2.102500 haben 10000 Messungen 36.439728 Sekunden gebraucht
96
bei T=2.102500 haben 10000 Messungen 33.974208 Sekunden gebraucht
97
bei T=2.102500 haben 10000 Messungen 33.064277 Sekunden gebraucht
98
bei T=2.102500 haben 10000 Messungen 37.048058 Sekunden gebraucht
99
bei T=2.102500 haben 10000 Messungen 37.299344 Sekunden gebraucht
Insgesamt hat das Messen 3458.614643 Sekunden gebraucht
Insgesamt hat das Botstrapping 56.152137 Sekunden gebraucht
Insgesamt hat das Programm 5319.960760 Sekunden gebraucht
/hiskp4/gross/bachelorarbeit
