Fri Jul  3 12:26:17 CEST 2020 Waiting for 30 seconds before starting the job to allow the node to settle down
Fri Jul  3 12:26:47 CEST 2020 Waiting done, starting task!
Fri Jul  3 12:26:47 CEST 2020 Waiting for 30 seconds before starting the job to allow the node to settle down
Fri Jul  3 12:27:17 CEST 2020 Waiting done, starting task!
Ende array
0
bei T=0.050000 haben 10240 Messungen 1.575236 Sekunden gebraucht
1
bei T=0.150000 haben 10240 Messungen 1.576077 Sekunden gebraucht
2
bei T=0.250000 haben 10240 Messungen 1.583309 Sekunden gebraucht
3
bei T=0.350000 haben 10240 Messungen 1.582111 Sekunden gebraucht
4
bei T=0.450000 haben 10240 Messungen 1.576976 Sekunden gebraucht
5
bei T=0.550000 haben 10240 Messungen 1.635179 Sekunden gebraucht
6
bei T=0.650000 haben 10240 Messungen 1.632058 Sekunden gebraucht
7
bei T=0.750000 haben 10240 Messungen 1.631034 Sekunden gebraucht
8
bei T=0.850000 haben 10240 Messungen 1.609503 Sekunden gebraucht
9
bei T=0.950000 haben 10240 Messungen 1.614309 Sekunden gebraucht
10
bei T=1.050000 haben 10240 Messungen 1.531515 Sekunden gebraucht
11
bei T=1.150000 haben 10240 Messungen 1.617823 Sekunden gebraucht
12
bei T=1.250000 haben 10240 Messungen 1.583725 Sekunden gebraucht
13
bei T=1.350000 haben 10240 Messungen 1.588842 Sekunden gebraucht
14
bei T=1.450000 haben 10240 Messungen 1.619215 Sekunden gebraucht
15
bei T=1.550000 haben 10240 Messungen 1.555044 Sekunden gebraucht
16
bei T=1.650000 haben 10240 Messungen 1.561656 Sekunden gebraucht
17
bei T=1.750000 haben 10240 Messungen 1.721100 Sekunden gebraucht
18
bei T=1.850000 haben 10240 Messungen 1.730461 Sekunden gebraucht
19
bei T=1.950000 haben 10240 Messungen 1.674134 Sekunden gebraucht
20
bei T=2.000000 haben 10240 Messungen 1.617907 Sekunden gebraucht
21
bei T=2.008000 haben 10240 Messungen 1.617966 Sekunden gebraucht
22
bei T=2.016000 haben 10240 Messungen 1.631737 Sekunden gebraucht
23
bei T=2.024000 haben 10240 Messungen 1.629994 Sekunden gebraucht
24
bei T=2.032000 haben 10240 Messungen 1.629194 Sekunden gebraucht
25
bei T=2.040000 haben 10240 Messungen 1.635399 Sekunden gebraucht
26
bei T=2.048000 haben 10240 Messungen 1.638066 Sekunden gebraucht
27
bei T=2.056000 haben 10240 Messungen 1.646027 Sekunden gebraucht
28
bei T=2.064000 haben 10240 Messungen 1.644654 Sekunden gebraucht
29
bei T=2.072000 haben 10240 Messungen 1.652753 Sekunden gebraucht
30
bei T=2.080000 haben 10240 Messungen 1.658734 Sekunden gebraucht
31
bei T=2.088000 haben 10240 Messungen 1.647726 Sekunden gebraucht
32
bei T=2.096000 haben 10240 Messungen 1.811293 Sekunden gebraucht
33
bei T=2.104000 haben 10240 Messungen 1.639551 Sekunden gebraucht
34
bei T=2.112000 haben 10240 Messungen 1.639639 Sekunden gebraucht
35
bei T=2.120000 haben 10240 Messungen 1.561957 Sekunden gebraucht
36
bei T=2.128000 haben 10240 Messungen 1.553129 Sekunden gebraucht
37
bei T=2.136000 haben 10240 Messungen 1.551358 Sekunden gebraucht
38
bei T=2.144000 haben 10240 Messungen 1.559919 Sekunden gebraucht
39
bei T=2.152000 haben 10240 Messungen 1.560078 Sekunden gebraucht
40
bei T=2.160000 haben 10240 Messungen 1.556308 Sekunden gebraucht
41
bei T=2.168000 haben 10240 Messungen 1.555972 Sekunden gebraucht
42
bei T=2.176000 haben 10240 Messungen 1.557348 Sekunden gebraucht
43
bei T=2.184000 haben 10240 Messungen 1.565951 Sekunden gebraucht
44
bei T=2.192000 haben 10240 Messungen 1.561637 Sekunden gebraucht
45
bei T=2.200000 haben 10240 Messungen 1.553414 Sekunden gebraucht
46
bei T=2.208000 haben 10240 Messungen 1.654965 Sekunden gebraucht
47
bei T=2.216000 haben 10240 Messungen 1.785032 Sekunden gebraucht
48
bei T=2.224000 haben 10240 Messungen 1.781242 Sekunden gebraucht
49
bei T=2.226000 haben 10240 Messungen 1.780792 Sekunden gebraucht
50
bei T=2.228000 haben 10240 Messungen 1.806326 Sekunden gebraucht
51
bei T=2.230000 haben 10240 Messungen 1.813418 Sekunden gebraucht
52
bei T=2.232000 haben 10240 Messungen 1.623139 Sekunden gebraucht
53
bei T=2.234000 haben 10240 Messungen 1.623071 Sekunden gebraucht
54
bei T=2.236000 haben 10240 Messungen 1.632364 Sekunden gebraucht
55
bei T=2.238000 haben 10240 Messungen 1.640770 Sekunden gebraucht
56
bei T=2.240000 haben 10240 Messungen 1.646102 Sekunden gebraucht
57
bei T=2.242000 haben 10240 Messungen 1.634830 Sekunden gebraucht
58
bei T=2.244000 haben 10240 Messungen 1.631887 Sekunden gebraucht
59
bei T=2.246000 haben 10240 Messungen 1.647519 Sekunden gebraucht
60
bei T=2.248000 haben 10240 Messungen 1.688283 Sekunden gebraucht
61
bei T=2.250000 haben 10240 Messungen 1.688567 Sekunden gebraucht
62
bei T=2.252000 haben 10240 Messungen 1.723171 Sekunden gebraucht
63
bei T=2.254000 haben 10240 Messungen 1.707201 Sekunden gebraucht
64
bei T=2.256000 haben 10240 Messungen 1.720490 Sekunden gebraucht
65
bei T=2.258000 haben 10240 Messungen 1.694757 Sekunden gebraucht
66
bei T=2.260000 haben 10240 Messungen 1.742836 Sekunden gebraucht
67
bei T=2.262000 haben 10240 Messungen 1.714323 Sekunden gebraucht
68
bei T=2.264000 haben 10240 Messungen 1.668896 Sekunden gebraucht
69
bei T=2.266000 haben 10240 Messungen 1.668552 Sekunden gebraucht
70
bei T=2.268000 haben 10240 Messungen 1.647296 Sekunden gebraucht
71
bei T=2.270000 haben 10240 Messungen 1.733368 Sekunden gebraucht
72
bei T=2.272000 haben 10240 Messungen 1.819948 Sekunden gebraucht
73
bei T=2.274000 haben 10240 Messungen 1.825080 Sekunden gebraucht
74
bei T=2.276000 haben 10240 Messungen 1.837209 Sekunden gebraucht
75
bei T=2.278000 haben 10240 Messungen 1.839943 Sekunden gebraucht
76
bei T=2.280000 haben 10240 Messungen 1.840804 Sekunden gebraucht
77
bei T=2.282000 haben 10240 Messungen 1.846222 Sekunden gebraucht
78
bei T=2.284000 haben 10240 Messungen 1.607464 Sekunden gebraucht
79
bei T=2.286000 haben 10240 Messungen 1.682659 Sekunden gebraucht
80
bei T=2.288000 haben 10240 Messungen 1.701296 Sekunden gebraucht
81
bei T=2.290000 haben 10240 Messungen 1.860602 Sekunden gebraucht
82
bei T=2.292000 haben 10240 Messungen 1.852154 Sekunden gebraucht
83
bei T=2.294000 haben 10240 Messungen 1.885004 Sekunden gebraucht
84
bei T=2.296000 haben 10240 Messungen 1.840930 Sekunden gebraucht
85
bei T=2.298000 haben 10240 Messungen 1.838806 Sekunden gebraucht
86
bei T=2.300000 haben 10240 Messungen 1.847117 Sekunden gebraucht
87
bei T=2.302000 haben 10240 Messungen 1.863596 Sekunden gebraucht
88
bei T=2.304000 haben 10240 Messungen 1.885382 Sekunden gebraucht
89
bei T=2.306000 haben 10240 Messungen 1.895091 Sekunden gebraucht
90
bei T=2.308000 haben 10240 Messungen 1.657621 Sekunden gebraucht
91
bei T=2.310000 haben 10240 Messungen 1.656605 Sekunden gebraucht
92
bei T=2.312000 haben 10240 Messungen 1.657924 Sekunden gebraucht
93
bei T=2.314000 haben 10240 Messungen 1.658589 Sekunden gebraucht
94
bei T=2.316000 haben 10240 Messungen 1.659414 Sekunden gebraucht
95
bei T=2.318000 haben 10240 Messungen 1.657857 Sekunden gebraucht
96
bei T=2.320000 haben 10240 Messungen 1.673834 Sekunden gebraucht
97
bei T=2.322000 haben 10240 Messungen 1.669161 Sekunden gebraucht
98
bei T=2.324000 haben 10240 Messungen 1.660062 Sekunden gebraucht
99
bei T=2.326000 haben 10240 Messungen 1.669581 Sekunden gebraucht
100
bei T=2.328000 haben 10240 Messungen 1.672951 Sekunden gebraucht
101
bei T=2.330000 haben 10240 Messungen 1.672440 Sekunden gebraucht
102
bei T=2.332000 haben 10240 Messungen 1.845947 Sekunden gebraucht
103
bei T=2.334000 haben 10240 Messungen 1.851406 Sekunden gebraucht
104
bei T=2.336000 haben 10240 Messungen 1.879785 Sekunden gebraucht
105
bei T=2.338000 haben 10240 Messungen 1.543661 Sekunden gebraucht
106
bei T=2.340000 haben 10240 Messungen 1.872633 Sekunden gebraucht
107
bei T=2.342000 haben 10240 Messungen 1.859562 Sekunden gebraucht
108
bei T=2.344000 haben 10240 Messungen 1.860633 Sekunden gebraucht
109
bei T=2.346000 haben 10240 Messungen 1.854337 Sekunden gebraucht
110
bei T=2.348000 haben 10240 Messungen 1.851981 Sekunden gebraucht
111
bei T=2.350000 haben 10240 Messungen 1.858291 Sekunden gebraucht
112
bei T=2.352000 haben 10240 Messungen 1.605090 Sekunden gebraucht
113
bei T=2.354000 haben 10240 Messungen 1.603547 Sekunden gebraucht
114
bei T=2.356000 haben 10240 Messungen 1.602467 Sekunden gebraucht
115
bei T=2.358000 haben 10240 Messungen 1.607361 Sekunden gebraucht
116
bei T=2.360000 haben 10240 Messungen 1.615557 Sekunden gebraucht
117
bei T=2.362000 haben 10240 Messungen 1.642247 Sekunden gebraucht
118
bei T=2.364000 haben 10240 Messungen 1.880488 Sekunden gebraucht
119
bei T=2.366000 haben 10240 Messungen 1.790987 Sekunden gebraucht
120
bei T=2.368000 haben 10240 Messungen 1.740207 Sekunden gebraucht
121
bei T=2.370000 haben 10240 Messungen 1.574945 Sekunden gebraucht
122
bei T=2.372000 haben 10240 Messungen 1.670029 Sekunden gebraucht
123
bei T=2.374000 haben 10240 Messungen 1.670584 Sekunden gebraucht
124
bei T=2.376000 haben 10240 Messungen 1.670245 Sekunden gebraucht
125
bei T=2.378000 haben 10240 Messungen 1.674022 Sekunden gebraucht
126
bei T=2.380000 haben 10240 Messungen 1.674230 Sekunden gebraucht
127
bei T=2.382000 haben 10240 Messungen 1.669883 Sekunden gebraucht
128
bei T=2.384000 haben 10240 Messungen 1.642057 Sekunden gebraucht
129
bei T=2.386000 haben 10240 Messungen 1.641665 Sekunden gebraucht
130
bei T=2.388000 haben 10240 Messungen 1.639802 Sekunden gebraucht
131
bei T=2.390000 haben 10240 Messungen 1.703559 Sekunden gebraucht
132
bei T=2.392000 haben 10240 Messungen 1.795540 Sekunden gebraucht
133
bei T=2.394000 haben 10240 Messungen 1.797246 Sekunden gebraucht
134
bei T=2.396000 haben 10240 Messungen 1.766619 Sekunden gebraucht
135
bei T=2.398000 haben 10240 Messungen 1.765032 Sekunden gebraucht
136
bei T=2.400000 haben 10240 Messungen 1.714119 Sekunden gebraucht
137
bei T=2.408000 haben 10240 Messungen 1.755679 Sekunden gebraucht
138
bei T=2.416000 haben 10240 Messungen 1.759162 Sekunden gebraucht
139
bei T=2.424000 haben 10240 Messungen 1.746470 Sekunden gebraucht
140
bei T=2.432000 haben 10240 Messungen 1.637489 Sekunden gebraucht
141
bei T=2.440000 haben 10240 Messungen 1.641816 Sekunden gebraucht
142
bei T=2.448000 haben 10240 Messungen 1.641314 Sekunden gebraucht
143
bei T=2.456000 haben 10240 Messungen 1.637485 Sekunden gebraucht
144
bei T=2.464000 haben 10240 Messungen 1.639682 Sekunden gebraucht
145
bei T=2.472000 haben 10240 Messungen 1.623841 Sekunden gebraucht
146
bei T=2.480000 haben 10240 Messungen 1.623574 Sekunden gebraucht
147
bei T=2.488000 haben 10240 Messungen 1.627310 Sekunden gebraucht
148
bei T=2.496000 haben 10240 Messungen 1.576183 Sekunden gebraucht
149
bei T=2.504000 haben 10240 Messungen 1.631137 Sekunden gebraucht
150
bei T=2.512000 haben 10240 Messungen 1.815160 Sekunden gebraucht
151
bei T=2.520000 haben 10240 Messungen 1.651007 Sekunden gebraucht
152
bei T=2.528000 haben 10240 Messungen 1.653692 Sekunden gebraucht
153
bei T=2.536000 haben 10240 Messungen 1.652458 Sekunden gebraucht
154
bei T=2.544000 haben 10240 Messungen 1.759103 Sekunden gebraucht
155
bei T=2.552000 haben 10240 Messungen 1.770032 Sekunden gebraucht
156
bei T=2.560000 haben 10240 Messungen 1.679661 Sekunden gebraucht
157
bei T=2.568000 haben 10240 Messungen 1.684655 Sekunden gebraucht
158
bei T=2.576000 haben 10240 Messungen 1.626583 Sekunden gebraucht
159
bei T=2.584000 haben 10240 Messungen 1.623278 Sekunden gebraucht
160
bei T=2.592000 haben 10240 Messungen 1.670676 Sekunden gebraucht
161
bei T=2.600000 haben 10240 Messungen 1.647786 Sekunden gebraucht
162
bei T=2.608000 haben 10240 Messungen 1.658317 Sekunden gebraucht
163
bei T=2.616000 haben 10240 Messungen 1.676779 Sekunden gebraucht
164
bei T=2.624000 haben 10240 Messungen 1.928709 Sekunden gebraucht
165
bei T=2.632000 haben 10240 Messungen 1.928856 Sekunden gebraucht
166
bei T=2.640000 haben 10240 Messungen 1.802223 Sekunden gebraucht
167
bei T=2.648000 haben 10240 Messungen 1.842617 Sekunden gebraucht
168
bei T=2.656000 haben 10240 Messungen 1.840729 Sekunden gebraucht
169
bei T=2.664000 haben 10240 Messungen 1.774166 Sekunden gebraucht
170
bei T=2.672000 haben 10240 Messungen 1.799051 Sekunden gebraucht
171
bei T=2.680000 haben 10240 Messungen 1.771175 Sekunden gebraucht
172
bei T=2.688000 haben 10240 Messungen 1.838867 Sekunden gebraucht
173
bei T=2.696000 haben 10240 Messungen 1.838479 Sekunden gebraucht
174
bei T=2.704000 haben 10240 Messungen 1.962710 Sekunden gebraucht
175
bei T=2.712000 haben 10240 Messungen 1.982128 Sekunden gebraucht
176
bei T=2.720000 haben 10240 Messungen 1.813557 Sekunden gebraucht
177
bei T=2.728000 haben 10240 Messungen 1.725976 Sekunden gebraucht
178
bei T=2.736000 haben 10240 Messungen 1.694035 Sekunden gebraucht
179
bei T=2.744000 haben 10240 Messungen 1.706045 Sekunden gebraucht
180
bei T=2.752000 haben 10240 Messungen 1.706656 Sekunden gebraucht
181
bei T=2.760000 haben 10240 Messungen 1.707950 Sekunden gebraucht
182
bei T=2.792000 haben 10240 Messungen 1.710144 Sekunden gebraucht
183
bei T=2.824000 haben 10240 Messungen 1.716633 Sekunden gebraucht
184
bei T=2.856000 haben 10240 Messungen 1.718236 Sekunden gebraucht
185
bei T=2.888000 haben 10240 Messungen 1.719561 Sekunden gebraucht
186
bei T=2.920000 haben 10240 Messungen 1.726775 Sekunden gebraucht
187
bei T=2.952000 haben 10240 Messungen 1.725976 Sekunden gebraucht
188
bei T=2.984000 haben 10240 Messungen 1.728745 Sekunden gebraucht
189
bei T=3.016000 haben 10240 Messungen 1.806298 Sekunden gebraucht
190
bei T=3.048000 haben 10240 Messungen 1.961193 Sekunden gebraucht
191
bei T=3.080000 haben 10240 Messungen 1.960487 Sekunden gebraucht
192
bei T=3.112000 haben 10240 Messungen 1.962416 Sekunden gebraucht
193
bei T=3.144000 haben 10240 Messungen 1.959082 Sekunden gebraucht
194
bei T=3.176000 haben 10240 Messungen 1.964970 Sekunden gebraucht
195
bei T=3.208000 haben 10240 Messungen 1.966962 Sekunden gebraucht
196
bei T=3.240000 haben 10240 Messungen 1.773238 Sekunden gebraucht
197
bei T=3.272000 haben 10240 Messungen 1.764891 Sekunden gebraucht
198
bei T=3.304000 haben 10240 Messungen 1.763520 Sekunden gebraucht
199
bei T=3.336000 haben 10240 Messungen 1.761091 Sekunden gebraucht
200
bei T=3.368000 haben 10240 Messungen 1.773041 Sekunden gebraucht
201
bei T=3.400000 haben 10240 Messungen 1.768134 Sekunden gebraucht
202
bei T=3.432000 haben 10240 Messungen 1.773624 Sekunden gebraucht
203
bei T=3.464000 haben 10240 Messungen 1.893481 Sekunden gebraucht
204
bei T=3.496000 haben 10240 Messungen 1.893299 Sekunden gebraucht
205
bei T=3.528000 haben 10240 Messungen 1.871794 Sekunden gebraucht
206
bei T=3.560000 haben 10240 Messungen 2.001744 Sekunden gebraucht
207
bei T=3.592000 haben 10240 Messungen 2.013764 Sekunden gebraucht
208
bei T=3.624000 haben 10240 Messungen 1.904762 Sekunden gebraucht
209
bei T=3.656000 haben 10240 Messungen 2.006605 Sekunden gebraucht
Insgesamt hat das Messen 360.712049 Sekunden gebraucht
Insgesamt hat das Bootstrapping 133.867482 Sekunden gebraucht
Insgesamt hat das Programm 1120.020986 Sekunden gebraucht
/hiskp4/gross/bachelorarbeit
