Sun Jul 26 12:48:51 CEST 2020 Waiting for 30 seconds before starting the job to allow the node to settle down
Sun Jul 26 12:49:21 CEST 2020 Waiting done, starting task!
480 1
Sun Jul 26 12:49:21 CEST 2020 Waiting for 30 seconds before starting the job to allow the node to settle down
Sun Jul 26 12:49:51 CEST 2020 Waiting done, starting task!
480
480 2
Sun Jul 26 13:02:37 CEST 2020 Waiting for 30 seconds before starting the job to allow the node to settle down
Sun Jul 26 13:02:37 CEST 2020 Waiting for 30 seconds before starting the job to allow the node to settle down
Sun Jul 26 13:03:07 CEST 2020 Waiting done, starting task!
Sun Jul 26 13:03:07 CEST 2020 Waiting done, starting task!
480
480 3
Sun Jul 26 13:09:35 CEST 2020 Waiting for 30 seconds before starting the job to allow the node to settle down
Sun Jul 26 13:09:35 CEST 2020 Waiting for 30 seconds before starting the job to allow the node to settle down
Sun Jul 26 13:09:35 CEST 2020 Waiting for 30 seconds before starting the job to allow the node to settle down
Sun Jul 26 13:10:05 CEST 2020 Waiting done, starting task!
Sun Jul 26 13:10:05 CEST 2020 Waiting done, starting task!
Sun Jul 26 13:10:05 CEST 2020 Waiting done, starting task!
480
480 4
Sun Jul 26 13:14:26 CEST 2020 Waiting for 30 seconds before starting the job to allow the node to settle down
Sun Jul 26 13:14:26 CEST 2020 Waiting for 30 seconds before starting the job to allow the node to settle down
Sun Jul 26 13:14:26 CEST 2020 Waiting for 30 seconds before starting the job to allow the node to settle down
Sun Jul 26 13:14:26 CEST 2020 Waiting for 30 seconds before starting the job to allow the node to settle down
Sun Jul 26 13:14:56 CEST 2020 Waiting done, starting task!
Sun Jul 26 13:14:56 CEST 2020 Waiting done, starting task!
Sun Jul 26 13:14:56 CEST 2020 Waiting done, starting task!
Sun Jul 26 13:14:57 CEST 2020 Waiting done, starting task!
480
480 5
Sun Jul 26 13:18:16 CEST 2020 Waiting for 30 seconds before starting the job to allow the node to settle down
Sun Jul 26 13:18:16 CEST 2020 Waiting for 30 seconds before starting the job to allow the node to settle down
Sun Jul 26 13:18:16 CEST 2020 Waiting for 30 seconds before starting the job to allow the node to settle down
Sun Jul 26 13:18:16 CEST 2020 Waiting for 30 seconds before starting the job to allow the node to settle down
Sun Jul 26 13:18:16 CEST 2020 Waiting for 30 seconds before starting the job to allow the node to settle down
Sun Jul 26 13:18:46 CEST 2020 Waiting done, starting task!
Sun Jul 26 13:18:46 CEST 2020 Waiting done, starting task!
Sun Jul 26 13:18:46 CEST 2020 Waiting done, starting task!
Sun Jul 26 13:18:46 CEST 2020 Waiting done, starting task!
Sun Jul 26 13:18:46 CEST 2020 Waiting done, starting task!
480
480 6
Sun Jul 26 13:21:26 CEST 2020 Waiting for 30 seconds before starting the job to allow the node to settle down
Sun Jul 26 13:21:26 CEST 2020 Waiting for 30 seconds before starting the job to allow the node to settle down
Sun Jul 26 13:21:26 CEST 2020 Waiting for 30 seconds before starting the job to allow the node to settle down
Sun Jul 26 13:21:26 CEST 2020 Waiting for 30 seconds before starting the job to allow the node to settle down
Sun Jul 26 13:21:26 CEST 2020 Waiting for 30 seconds before starting the job to allow the node to settle down
Sun Jul 26 13:21:26 CEST 2020 Waiting for 30 seconds before starting the job to allow the node to settle down
Sun Jul 26 13:21:56 CEST 2020 Waiting done, starting task!
Sun Jul 26 13:21:56 CEST 2020 Waiting done, starting task!
Sun Jul 26 13:21:56 CEST 2020 Waiting done, starting task!
Sun Jul 26 13:21:56 CEST 2020 Waiting done, starting task!
Sun Jul 26 13:21:56 CEST 2020 Waiting done, starting task!
Sun Jul 26 13:21:56 CEST 2020 Waiting done, starting task!
480
480 8
Sun Jul 26 13:24:11 CEST 2020 Waiting for 30 seconds before starting the job to allow the node to settle down
Sun Jul 26 13:24:11 CEST 2020 Waiting for 30 seconds before starting the job to allow the node to settle down
Sun Jul 26 13:24:11 CEST 2020 Waiting for 30 seconds before starting the job to allow the node to settle down
Sun Jul 26 13:24:11 CEST 2020 Waiting for 30 seconds before starting the job to allow the node to settle down
Sun Jul 26 13:24:11 CEST 2020 Waiting for 30 seconds before starting the job to allow the node to settle down
Sun Jul 26 13:24:11 CEST 2020 Waiting for 30 seconds before starting the job to allow the node to settle down
Sun Jul 26 13:24:11 CEST 2020 Waiting for 30 seconds before starting the job to allow the node to settle down
Sun Jul 26 13:24:11 CEST 2020 Waiting for 30 seconds before starting the job to allow the node to settle down
Sun Jul 26 13:24:41 CEST 2020 Waiting done, starting task!
Sun Jul 26 13:24:41 CEST 2020 Waiting done, starting task!
Sun Jul 26 13:24:41 CEST 2020 Waiting done, starting task!
Sun Jul 26 13:24:41 CEST 2020 Waiting done, starting task!
Sun Jul 26 13:24:41 CEST 2020 Waiting done, starting task!
Sun Jul 26 13:24:41 CEST 2020 Waiting done, starting task!
Sun Jul 26 13:24:41 CEST 2020 Waiting done, starting task!
Sun Jul 26 13:24:41 CEST 2020 Waiting done, starting task!
480
480 10
Sun Jul 26 13:26:23 CEST 2020 Waiting for 30 seconds before starting the job to allow the node to settle down
Sun Jul 26 13:26:23 CEST 2020 Waiting for 30 seconds before starting the job to allow the node to settle down
Sun Jul 26 13:26:23 CEST 2020 Waiting for 30 seconds before starting the job to allow the node to settle down
Sun Jul 26 13:26:23 CEST 2020 Waiting for 30 seconds before starting the job to allow the node to settle down
Sun Jul 26 13:26:23 CEST 2020 Waiting for 30 seconds before starting the job to allow the node to settle down
Sun Jul 26 13:26:23 CEST 2020 Waiting for 30 seconds before starting the job to allow the node to settle down
Sun Jul 26 13:26:23 CEST 2020 Waiting for 30 seconds before starting the job to allow the node to settle down
Sun Jul 26 13:26:23 CEST 2020 Waiting for 30 seconds before starting the job to allow the node to settle down
Sun Jul 26 13:26:23 CEST 2020 Waiting for 30 seconds before starting the job to allow the node to settle down
Sun Jul 26 13:26:23 CEST 2020 Waiting for 30 seconds before starting the job to allow the node to settle down
Sun Jul 26 13:26:53 CEST 2020 Waiting done, starting task!
Sun Jul 26 13:26:53 CEST 2020 Waiting done, starting task!
Sun Jul 26 13:26:53 CEST 2020 Waiting done, starting task!
Sun Jul 26 13:26:53 CEST 2020 Waiting done, starting task!
Sun Jul 26 13:26:53 CEST 2020 Waiting done, starting task!
Sun Jul 26 13:26:53 CEST 2020 Waiting done, starting task!
Sun Jul 26 13:26:53 CEST 2020 Waiting done, starting task!
Sun Jul 26 13:26:53 CEST 2020 Waiting done, starting task!
Sun Jul 26 13:26:53 CEST 2020 Waiting done, starting task!
Sun Jul 26 13:26:53 CEST 2020 Waiting done, starting task!
480
480 12
Sun Jul 26 13:28:16 CEST 2020 Waiting for 30 seconds before starting the job to allow the node to settle down
Sun Jul 26 13:28:16 CEST 2020 Waiting for 30 seconds before starting the job to allow the node to settle down
Sun Jul 26 13:28:16 CEST 2020 Waiting for 30 seconds before starting the job to allow the node to settle down
Sun Jul 26 13:28:16 CEST 2020 Waiting for 30 seconds before starting the job to allow the node to settle down
Sun Jul 26 13:28:16 CEST 2020 Waiting for 30 seconds before starting the job to allow the node to settle down
Sun Jul 26 13:28:16 CEST 2020 Waiting for 30 seconds before starting the job to allow the node to settle down
Sun Jul 26 13:28:16 CEST 2020 Waiting for 30 seconds before starting the job to allow the node to settle down
Sun Jul 26 13:28:16 CEST 2020 Waiting for 30 seconds before starting the job to allow the node to settle down
Sun Jul 26 13:28:16 CEST 2020 Waiting for 30 seconds before starting the job to allow the node to settle down
Sun Jul 26 13:28:16 CEST 2020 Waiting for 30 seconds before starting the job to allow the node to settle down
Sun Jul 26 13:28:16 CEST 2020 Waiting for 30 seconds before starting the job to allow the node to settle down
Sun Jul 26 13:28:16 CEST 2020 Waiting for 30 seconds before starting the job to allow the node to settle down
Sun Jul 26 13:28:46 CEST 2020 Waiting done, starting task!
Sun Jul 26 13:28:46 CEST 2020 Waiting done, starting task!
Sun Jul 26 13:28:46 CEST 2020 Waiting done, starting task!
Sun Jul 26 13:28:46 CEST 2020 Waiting done, starting task!
Sun Jul 26 13:28:46 CEST 2020 Waiting done, starting task!
Sun Jul 26 13:28:46 CEST 2020 Waiting done, starting task!
Sun Jul 26 13:28:46 CEST 2020 Waiting done, starting task!
Sun Jul 26 13:28:46 CEST 2020 Waiting done, starting task!
Sun Jul 26 13:28:46 CEST 2020 Waiting done, starting task!
Sun Jul 26 13:28:46 CEST 2020 Waiting done, starting task!
Sun Jul 26 13:28:46 CEST 2020 Waiting done, starting task!
Sun Jul 26 13:28:46 CEST 2020 Waiting done, starting task!
480
480 15
Sun Jul 26 13:29:59 CEST 2020 Waiting for 30 seconds before starting the job to allow the node to settle down
Sun Jul 26 13:29:59 CEST 2020 Waiting for 30 seconds before starting the job to allow the node to settle down
Sun Jul 26 13:29:59 CEST 2020 Waiting for 30 seconds before starting the job to allow the node to settle down
Sun Jul 26 13:29:59 CEST 2020 Waiting for 30 seconds before starting the job to allow the node to settle down
Sun Jul 26 13:29:59 CEST 2020 Waiting for 30 seconds before starting the job to allow the node to settle down
Sun Jul 26 13:29:59 CEST 2020 Waiting for 30 seconds before starting the job to allow the node to settle down
Sun Jul 26 13:29:59 CEST 2020 Waiting for 30 seconds before starting the job to allow the node to settle down
Sun Jul 26 13:29:59 CEST 2020 Waiting for 30 seconds before starting the job to allow the node to settle down
Sun Jul 26 13:29:59 CEST 2020 Waiting for 30 seconds before starting the job to allow the node to settle down
Sun Jul 26 13:29:59 CEST 2020 Waiting for 30 seconds before starting the job to allow the node to settle down
Sun Jul 26 13:29:59 CEST 2020 Waiting for 30 seconds before starting the job to allow the node to settle down
Sun Jul 26 13:29:59 CEST 2020 Waiting for 30 seconds before starting the job to allow the node to settle down
Sun Jul 26 13:29:59 CEST 2020 Waiting for 30 seconds before starting the job to allow the node to settle down
Sun Jul 26 13:29:59 CEST 2020 Waiting for 30 seconds before starting the job to allow the node to settle down
Sun Jul 26 13:29:59 CEST 2020 Waiting for 30 seconds before starting the job to allow the node to settle down
Sun Jul 26 13:30:29 CEST 2020 Waiting done, starting task!
Sun Jul 26 13:30:29 CEST 2020 Waiting done, starting task!
Sun Jul 26 13:30:29 CEST 2020 Waiting done, starting task!
Sun Jul 26 13:30:29 CEST 2020 Waiting done, starting task!
Sun Jul 26 13:30:29 CEST 2020 Waiting done, starting task!
Sun Jul 26 13:30:29 CEST 2020 Waiting done, starting task!
Sun Jul 26 13:30:29 CEST 2020 Waiting done, starting task!
Sun Jul 26 13:30:29 CEST 2020 Waiting done, starting task!
Sun Jul 26 13:30:29 CEST 2020 Waiting done, starting task!
Sun Jul 26 13:30:29 CEST 2020 Waiting done, starting task!
Sun Jul 26 13:30:29 CEST 2020 Waiting done, starting task!
Sun Jul 26 13:30:29 CEST 2020 Waiting done, starting task!
Sun Jul 26 13:30:29 CEST 2020 Waiting done, starting task!
Sun Jul 26 13:30:29 CEST 2020 Waiting done, starting task!
Sun Jul 26 13:30:29 CEST 2020 Waiting done, starting task!
480
480 16
Sun Jul 26 13:31:30 CEST 2020 Waiting for 30 seconds before starting the job to allow the node to settle down
Sun Jul 26 13:31:30 CEST 2020 Waiting for 30 seconds before starting the job to allow the node to settle down
Sun Jul 26 13:31:30 CEST 2020 Waiting for 30 seconds before starting the job to allow the node to settle down
Sun Jul 26 13:31:30 CEST 2020 Waiting for 30 seconds before starting the job to allow the node to settle down
Sun Jul 26 13:31:30 CEST 2020 Waiting for 30 seconds before starting the job to allow the node to settle down
Sun Jul 26 13:31:30 CEST 2020 Waiting for 30 seconds before starting the job to allow the node to settle down
Sun Jul 26 13:31:30 CEST 2020 Waiting for 30 seconds before starting the job to allow the node to settle down
Sun Jul 26 13:31:30 CEST 2020 Waiting for 30 seconds before starting the job to allow the node to settle down
Sun Jul 26 13:31:30 CEST 2020 Waiting for 30 seconds before starting the job to allow the node to settle down
Sun Jul 26 13:31:30 CEST 2020 Waiting for 30 seconds before starting the job to allow the node to settle down
Sun Jul 26 13:31:30 CEST 2020 Waiting for 30 seconds before starting the job to allow the node to settle down
Sun Jul 26 13:31:30 CEST 2020 Waiting for 30 seconds before starting the job to allow the node to settle down
Sun Jul 26 13:31:30 CEST 2020 Waiting for 30 seconds before starting the job to allow the node to settle down
Sun Jul 26 13:31:30 CEST 2020 Waiting for 30 seconds before starting the job to allow the node to settle down
Sun Jul 26 13:31:30 CEST 2020 Waiting for 30 seconds before starting the job to allow the node to settle down
Sun Jul 26 13:31:30 CEST 2020 Waiting for 30 seconds before starting the job to allow the node to settle down
Sun Jul 26 13:32:00 CEST 2020 Waiting done, starting task!
Sun Jul 26 13:32:00 CEST 2020 Waiting done, starting task!
Sun Jul 26 13:32:00 CEST 2020 Waiting done, starting task!
Sun Jul 26 13:32:00 CEST 2020 Waiting done, starting task!
Sun Jul 26 13:32:00 CEST 2020 Waiting done, starting task!
Sun Jul 26 13:32:00 CEST 2020 Waiting done, starting task!
Sun Jul 26 13:32:00 CEST 2020 Waiting done, starting task!
Sun Jul 26 13:32:00 CEST 2020 Waiting done, starting task!
Sun Jul 26 13:32:00 CEST 2020 Waiting done, starting task!
Sun Jul 26 13:32:00 CEST 2020 Waiting done, starting task!
Sun Jul 26 13:32:00 CEST 2020 Waiting done, starting task!
Sun Jul 26 13:32:00 CEST 2020 Waiting done, starting task!
Sun Jul 26 13:32:00 CEST 2020 Waiting done, starting task!
Sun Jul 26 13:32:00 CEST 2020 Waiting done, starting task!
Sun Jul 26 13:32:00 CEST 2020 Waiting done, starting task!
Sun Jul 26 13:32:00 CEST 2020 Waiting done, starting task!
480
480 20
Sun Jul 26 13:32:58 CEST 2020 Waiting for 30 seconds before starting the job to allow the node to settle down
Sun Jul 26 13:32:58 CEST 2020 Waiting for 30 seconds before starting the job to allow the node to settle down
Sun Jul 26 13:32:58 CEST 2020 Waiting for 30 seconds before starting the job to allow the node to settle down
Sun Jul 26 13:32:58 CEST 2020 Waiting for 30 seconds before starting the job to allow the node to settle down
Sun Jul 26 13:32:58 CEST 2020 Waiting for 30 seconds before starting the job to allow the node to settle down
Sun Jul 26 13:32:58 CEST 2020 Waiting for 30 seconds before starting the job to allow the node to settle down
Sun Jul 26 13:32:58 CEST 2020 Waiting for 30 seconds before starting the job to allow the node to settle down
Sun Jul 26 13:32:58 CEST 2020 Waiting for 30 seconds before starting the job to allow the node to settle down
Sun Jul 26 13:32:58 CEST 2020 Waiting for 30 seconds before starting the job to allow the node to settle down
Sun Jul 26 13:32:58 CEST 2020 Waiting for 30 seconds before starting the job to allow the node to settle down
Sun Jul 26 13:32:58 CEST 2020 Waiting for 30 seconds before starting the job to allow the node to settle down
Sun Jul 26 13:32:58 CEST 2020 Waiting for 30 seconds before starting the job to allow the node to settle down
Sun Jul 26 13:32:58 CEST 2020 Waiting for 30 seconds before starting the job to allow the node to settle down
Sun Jul 26 13:32:58 CEST 2020 Waiting for 30 seconds before starting the job to allow the node to settle down
Sun Jul 26 13:32:58 CEST 2020 Waiting for 30 seconds before starting the job to allow the node to settle down
Sun Jul 26 13:32:58 CEST 2020 Waiting for 30 seconds before starting the job to allow the node to settle down
Sun Jul 26 13:32:58 CEST 2020 Waiting for 30 seconds before starting the job to allow the node to settle down
Sun Jul 26 13:32:58 CEST 2020 Waiting for 30 seconds before starting the job to allow the node to settle down
Sun Jul 26 13:32:58 CEST 2020 Waiting for 30 seconds before starting the job to allow the node to settle down
Sun Jul 26 13:32:58 CEST 2020 Waiting for 30 seconds before starting the job to allow the node to settle down
Sun Jul 26 13:33:28 CEST 2020 Waiting done, starting task!
Sun Jul 26 13:33:28 CEST 2020 Waiting done, starting task!
Sun Jul 26 13:33:28 CEST 2020 Waiting done, starting task!
Sun Jul 26 13:33:28 CEST 2020 Waiting done, starting task!
Sun Jul 26 13:33:28 CEST 2020 Waiting done, starting task!
Sun Jul 26 13:33:28 CEST 2020 Waiting done, starting task!
Sun Jul 26 13:33:28 CEST 2020 Waiting done, starting task!
Sun Jul 26 13:33:28 CEST 2020 Waiting done, starting task!
Sun Jul 26 13:33:28 CEST 2020 Waiting done, starting task!
Sun Jul 26 13:33:28 CEST 2020 Waiting done, starting task!
Sun Jul 26 13:33:28 CEST 2020 Waiting done, starting task!
Sun Jul 26 13:33:28 CEST 2020 Waiting done, starting task!
Sun Jul 26 13:33:28 CEST 2020 Waiting done, starting task!
Sun Jul 26 13:33:28 CEST 2020 Waiting done, starting task!
Sun Jul 26 13:33:28 CEST 2020 Waiting done, starting task!
Sun Jul 26 13:33:28 CEST 2020 Waiting done, starting task!
Sun Jul 26 13:33:28 CEST 2020 Waiting done, starting task!
Sun Jul 26 13:33:28 CEST 2020 Waiting done, starting task!
Sun Jul 26 13:33:28 CEST 2020 Waiting done, starting task!
Sun Jul 26 13:33:28 CEST 2020 Waiting done, starting task!
480
/hiskp4/gross/bachelorarbeit
