Sun Jul 26 18:51:26 CEST 2020 Waiting for 30 seconds before starting the job to allow the node to settle down
Sun Jul 26 18:51:56 CEST 2020 Waiting done, starting task!
Sun Jul 26 18:51:56 CEST 2020 Waiting for 30 seconds before starting the job to allow the node to settle down
Sun Jul 26 18:51:56 CEST 2020 Waiting for 30 seconds before starting the job to allow the node to settle down
Sun Jul 26 18:51:56 CEST 2020 Waiting for 30 seconds before starting the job to allow the node to settle down
Sun Jul 26 18:51:56 CEST 2020 Waiting for 30 seconds before starting the job to allow the node to settle down
Sun Jul 26 18:52:26 CEST 2020 Waiting done, starting task!
Sun Jul 26 18:52:26 CEST 2020 Waiting done, starting task!
Sun Jul 26 18:52:26 CEST 2020 Waiting done, starting task!
Sun Jul 26 18:52:26 CEST 2020 Waiting done, starting task!
0	5000	1.000000	0.000000
1	5000	1.000000	0.000000
2	5000	1.000000	0.000000
3	5000	1.000000	0.000000
4	5000	1.000000	0.000000
5	5000	0.999998	0.000043
6	5000	0.999991	0.000106
7	5000	0.999951	0.000249
8	5000	0.999836	0.000462
9	5000	0.999531	0.000791
10	5000	0.998915	0.001220
11	5000	0.997831	0.001762
12	5000	0.996075	0.002417
13	5000	0.993289	0.003306
14	5000	0.989250	0.004407
15	5000	0.983331	0.005752
16	5000	0.975257	0.007474
17	5000	0.964099	0.009731
18	5000	0.948248	0.013571
19	5000	0.926313	0.018869
20	5000	0.910962	0.022393
21	10000	0.909670	0.021656
22	10000	0.905756	0.022641
23	10000	0.901826	0.024503
24	10000	0.900445	0.024534
25	10000	0.895757	0.026801
26	10000	0.892607	0.028005
27	10000	0.888872	0.028881
28	10000	0.886551	0.028222
29	10000	0.883061	0.031103
30	10000	0.878836	0.032223
31	10000	0.874432	0.033656
32	10000	0.873321	0.032827
33	10000	0.868248	0.034367
34	10000	0.860520	0.038545
35	10000	0.860279	0.035514
36	10000	0.850903	0.043376
37	10000	0.845988	0.043942
38	10000	0.839402	0.047408
39	10000	0.835382	0.047178
40	10000	0.821946	0.055712
41	10000	0.817521	0.067519
42	10000	0.814858	0.050869
43	10000	0.806834	0.060487
44	10000	0.791878	0.070334
45	10000	0.777203	0.102045
46	10000	0.764588	0.108290
47	10000	0.764711	0.089616
48	10000	0.746045	0.099884
49	10000	0.750069	0.098772
50	10000	0.729503	0.141995
51	10000	0.744775	0.088523
52	10000	0.733685	0.112329
53	10000	0.739708	0.095869
54	10000	0.707288	0.140795
55	10000	0.719631	0.110986
56	10000	0.731096	0.102458
57	10000	0.717752	0.121436
58	10000	0.696339	0.155114
59	10000	0.712242	0.111770
60	10000	0.660400	0.168416
61	10000	0.649513	0.177088
62	20000	0.671540	0.172343
63	20000	0.689248	0.139634
64	20000	0.698374	0.108725
65	20000	0.663167	0.162234
66	20000	0.642236	0.163941
67	20000	0.644374	0.177279
68	20000	0.669412	0.154872
69	20000	0.650098	0.161284
70	20000	0.638275	0.164904
71	20000	0.626692	0.170401
72	20000	0.613909	0.197428
73	20000	0.619081	0.163693
74	20000	0.600608	0.189634
75	20000	0.560462	0.209686
76	20000	0.614116	0.169040
77	20000	0.601955	0.182769
78	20000	0.533015	0.221025
79	20000	0.592116	0.171194
80	20000	0.582216	0.178434
81	20000	0.572389	0.179002
82	20000	0.499452	0.226971
83	20000	0.543025	0.204421
84	20000	0.580219	0.175051
85	20000	0.553727	0.189638
86	20000	0.482932	0.222811
87	20000	0.533290	0.201515
88	20000	0.497520	0.212067
89	20000	0.511298	0.199579
90	20000	0.515044	0.198416
91	20000	0.471795	0.222229
92	20000	0.454694	0.219889
93	20000	0.485755	0.213358
94	20000	0.480452	0.197670
95	20000	0.412572	0.224113
96	20000	0.418098	0.213239
97	20000	0.433908	0.216043
98	20000	0.470155	0.200783
99	20000	0.418857	0.216566
100	20000	0.402367	0.215489
101	20000	0.431994	0.204767
102	20000	0.441376	0.205597
103	20000	0.433009	0.195698
104	20000	0.404732	0.216892
105	20000	0.400371	0.211392
106	20000	0.396836	0.202591
107	20000	0.417878	0.198463
108	20000	0.353175	0.199960
109	20000	0.373290	0.202433
110	20000	0.404407	0.204593
111	20000	0.354103	0.202576
112	20000	0.348134	0.199593
113	20000	0.362457	0.196588
114	20000	0.365006	0.195279
115	20000	0.352919	0.198702
116	20000	0.337375	0.194000
117	20000	0.349777	0.203501
118	20000	0.332687	0.186557
119	20000	0.298142	0.187524
120	20000	0.330611	0.195025
121	20000	0.308859	0.193054
122	20000	0.339770	0.182733
123	20000	0.298929	0.183252
124	20000	0.300916	0.190833
125	20000	0.291053	0.193674
126	20000	0.292178	0.175621
127	20000	0.283910	0.172231
128	20000	0.268856	0.179444
129	20000	0.265667	0.172703
130	20000	0.274571	0.179960
131	20000	0.256499	0.168738
132	20000	0.275152	0.175365
133	20000	0.267758	0.172214
134	20000	0.248994	0.171513
135	20000	0.269388	0.166396
136	10000	0.227109	0.157359
137	10000	0.246546	0.163670
138	10000	0.237686	0.154966
139	10000	0.217970	0.150532
140	10000	0.219309	0.147091
141	10000	0.207107	0.142521
142	10000	0.217194	0.145009
143	10000	0.197492	0.135538
144	10000	0.177424	0.128493
145	10000	0.176118	0.124042
146	10000	0.177139	0.125341
147	10000	0.165864	0.122419
148	10000	0.159366	0.110807
149	10000	0.156930	0.112661
0	5000	1	5000	2	5000	3	5000	4	5000	5	5000	6	5000	7	5000	8	5000	9	5000	10	5000	11	5000	12	5000	13	5000	14	5000	15	5000	16	5000	17	5000	18	5000	19	5000	20	5000	21	10000	22	10000	23	10000	24	10000	25	10000	26	10000	27	10000	28	10000	29	10000	30	10000	31	10000	32	10000	33	10000	34	10000	35	10000	36	10000	37	10000	38	10000	39	10000	40	10000	41	10000	42	10000	43	10000	44	10000	45	10000	46	10000	47	10000	48	10000	49	10000	50	10000	51	10000	52	10000	53	10000	54	10000	55	10000	56	10000	57	10000	58	10000	59	10000	60	10000	61	10000	62	20000	63	20000	64	20000	65	20000	66	20000	67	20000	68	20000	69	20000	70	20000	71	20000	72	20000	73	20000	74	20000	75	20000	76	20000	77	20000	78	20000	79	20000	80	20000	81	20000	82	20000	83	20000	84	20000	85	20000	86	20000	87	20000	88	20000	89	20000	90	20000	91	20000	92	20000	93	20000	94	20000	95	20000	96	20000	97	20000	98	20000	99	20000	100	20000	101	20000	102	20000	103	20000	104	20000	105	20000	106	20000	107	20000	108	20000	109	20000	110	20000	111	20000	112	20000	113	20000	114	20000	115	20000	116	20000	117	20000	118	20000	119	20000	120	20000	121	20000	122	20000	123	20000	124	20000	125	20000	126	20000	127	20000	128	20000	129	20000	130	20000	131	20000	132	20000	133	20000	134	20000	135	20000	136	10000	137	10000	138	10000	139	10000	140	10000	141	10000	142	10000	143	10000	144	10000	145	10000	146	10000	147	10000	148	10000	149	10000	150	10000	151	10000	152	10000	153	10000	154	10000	155	10000	156	10000	157	10000	158	10000	159	10000	160	10000	161	10000	162	10000	163	10000	164	10000	165	10000	166	10000	167	10000	168	10000	169	10000	170	10000	171	10000	172	10000	173	10000	174	10000	175	10000	176	10000	177	10000	178	10000	179	10000	180	10000	181	10000	182	10000	183	10000	184	10000	185	10000	186	10000	187	10000	188	10000	189	5000	190	5000	191	5000	192	5000	193	5000	194	5000	195	5000	196	5000	197	5000	198	5000	199	5000	200	5000	201	5000	202	5000	203	5000	204	5000	205	5000	206	5000	207	5000	208	5000	209	5000	
0	5000	1	5000	2	5000	3	5000	4	5000	5	5000	6	5000	7	5000	8	5000	9	5000	10	5000	11	5000	12	5000	13	5000	14	5000	15	5000	16	5000	17	5000	18	5000	19	5000	20	5000	21	10000	22	10000	23	10000	24	10000	25	10000	26	10000	27	10000	28	10000	29	10000	30	10000	31	10000	32	10000	33	10000	34	10000	35	10000	36	10000	37	10000	38	10000	39	10000	40	10000	41	10000	42	10000	43	10000	44	10000	45	10000	46	10000	47	10000	48	10000	49	10000	50	10000	51	10000	52	10000	53	10000	54	10000	55	10000	56	10000	57	10000	58	10000	59	10000	60	10000	61	10000	62	20000	63	20000	64	20000	65	20000	66	20000	67	20000	68	20000	69	20000	70	20000	71	20000	72	20000	73	20000	74	20000	75	20000	76	20000	77	20000	78	20000	79	20000	80	20000	81	20000	82	20000	83	20000	84	20000	85	20000	86	20000	87	20000	88	20000	89	20000	90	20000	91	20000	92	20000	93	20000	94	20000	95	20000	96	20000	97	20000	98	20000	99	20000	100	20000	101	20000	102	20000	103	20000	104	20000	105	20000	106	20000	107	20000	108	20000	109	20000	110	20000	111	20000	112	20000	113	20000	114	20000	115	20000	116	20000	117	20000	118	20000	119	20000	120	20000	121	20000	122	20000	123	20000	124	20000	125	20000	126	20000	127	20000	128	20000	129	20000	130	20000	131	20000	132	20000	133	20000	134	20000	135	20000	136	10000	137	10000	138	10000	139	10000	140	10000	141	10000	142	10000	143	10000	144	10000	145	10000	146	10000	147	10000	148	10000	149	10000	150	10000	151	10000	152	10000	153	10000	154	10000	155	10000	156	10000	157	10000	158	10000	159	10000	160	10000	161	10000	162	10000	163	10000	164	10000	165	10000	166	10000	167	10000	168	10000	169	10000	170	10000	171	10000	172	10000	173	10000	174	10000	175	10000	176	10000	177	10000	178	10000	179	10000	180	10000	181	10000	182	10000	183	10000	184	10000	185	10000	186	10000	187	10000	188	10000	189	5000	190	5000	191	5000	192	5000	193	5000	194	5000	195	5000	196	5000	197	5000	198	5000	199	5000	200	5000	201	5000	202	5000	203	5000	204	5000	205	5000	206	5000	207	5000	208	5000	209	5000	
0	5000	1	5000	2	5000	3	5000	4	5000	5	5000	6	5000	7	5000	8	5000	9	5000	10	5000	11	5000	12	5000	13	5000	14	5000	15	5000	16	5000	17	5000	18	5000	19	5000	20	5000	21	10000	22	10000	23	10000	24	10000	25	10000	26	10000	27	10000	28	10000	29	10000	30	10000	31	10000	32	10000	33	10000	34	10000	35	10000	36	10000	37	10000	38	10000	39	10000	40	10000	41	10000	42	10000	43	10000	44	10000	45	10000	46	10000	47	10000	48	10000	49	10000	50	10000	51	10000	52	10000	53	10000	54	10000	55	10000	56	10000	57	10000	58	10000	59	10000	60	10000	61	10000	62	20000	63	20000	64	20000	65	20000	66	20000	67	20000	68	20000	69	20000	70	20000	71	20000	72	20000	73	20000	74	20000	75	20000	76	20000	77	20000	78	20000	79	20000	80	20000	81	20000	82	20000	83	20000	84	20000	85	20000	86	20000	87	20000	88	20000	89	20000	90	20000	91	20000	92	20000	93	20000	94	20000	95	20000	96	20000	97	20000	98	20000	99	20000	100	20000	101	20000	102	20000	103	20000	104	20000	105	20000	106	20000	107	20000	108	20000	109	20000	110	20000	111	20000	112	20000	113	20000	114	20000	115	20000	116	20000	117	20000	118	20000	119	20000	120	20000	121	20000	122	20000	123	20000	124	20000	125	20000	126	20000	127	20000	128	20000	129	20000	130	20000	131	20000	132	20000	133	20000	134	20000	135	20000	136	10000	137	10000	138	10000	139	10000	140	10000	141	10000	142	10000	143	10000	144	10000	145	10000	146	10000	147	10000	148	10000	149	10000	150	10000	151	10000	152	10000	153	10000	154	10000	155	10000	156	10000	157	10000	158	10000	159	10000	160	10000	161	10000	162	10000	163	10000	164	10000	165	10000	166	10000	167	10000	168	10000	169	10000	170	10000	171	10000	172	10000	173	10000	174	10000	175	10000	176	10000	177	10000	178	10000	179	10000	180	10000	181	10000	182	10000	183	10000	184	10000	185	10000	186	10000	187	10000	188	10000	189	5000	190	5000	191	5000	192	5000	193	5000	194	5000	195	5000	196	5000	197	5000	198	5000	199	5000	200	5000	201	5000	202	5000	203	5000	204	5000	205	5000	206	5000	207	5000	208	5000	209	5000	
150	10000	0.155352	0.112920
151	10000	0.150943	0.113643
152	10000	0.151936	0.111188
153	10000	0.139455	0.101096
154	10000	0.141502	0.103595
155	10000	0.133707	0.097887
156	10000	0.136012	0.099813
157	10000	0.129023	0.096956
158	10000	0.121922	0.089974
159	10000	0.130160	0.094519
160	10000	0.130884	0.094721
161	10000	0.122317	0.088560
162	10000	0.112934	0.086620
163	10000	0.115782	0.083493
164	10000	0.112926	0.084136
165	10000	0.112174	0.085131
166	10000	0.106394	0.079430
167	10000	0.108891	0.080243
168	10000	0.106913	0.077100
169	10000	0.111839	0.083766
170	10000	0.102007	0.075753
171	10000	0.100769	0.075667
172	10000	0.098396	0.073173
173	10000	0.099543	0.073232
174	10000	0.095653	0.071610
175	10000	0.095637	0.072339
176	10000	0.092981	0.070620
177	10000	0.092798	0.069735
178	10000	0.092215	0.069260
179	10000	0.091869	0.069726
180	10000	0.088599	0.066216
181	10000	0.087594	0.065383
182	10000	0.084619	0.063609
183	10000	0.078498	0.059994
184	10000	0.078323	0.058319
185	10000	0.075507	0.055479
186	10000	0.075078	0.055618
187	10000	0.072592	0.054558
188	10000	0.069308	0.052680
189	5000	0.068559	0.051445
190	5000	0.065498	0.048949
191	5000	0.063310	0.046439
192	5000	0.061860	0.046836
193	5000	0.059728	0.045078
194	5000	0.059594	0.044743
195	5000	0.058378	0.044108
196	5000	0.056468	0.042739
197	5000	0.055199	0.041345
198	5000	0.055155	0.041439
199	5000	0.054897	0.041090
200	5000	0.052099	0.039572
201	5000	0.052886	0.039437
202	5000	0.050272	0.038015
203	5000	0.050866	0.038308
204	5000	0.049893	0.037508
205	5000	0.047747	0.036315
206	5000	0.048267	0.036633
207	5000	0.047362	0.036221
208	5000	0.046945	0.035907
209	5000	0.047221	0.035300

/hiskp4/gross/bachelorarbeit
