Wed Jun 10 20:17:11 CEST 2020 Waiting for 30 seconds before starting the job to allow the node to settle down
Wed Jun 10 20:17:41 CEST 2020 Waiting done, starting task!
Wed Jun 10 20:17:41 CEST 2020 Waiting for 30 seconds before starting the job to allow the node to settle down
Wed Jun 10 20:18:11 CEST 2020 Waiting done, starting task!
Laenge=10
bei 1 cores haben 1000 Messungen 0.016589 Sekunden gebraucht
bei 1 cores haben 1000 Messungen 0.014636 Sekunden gebraucht
bei 1 cores haben 1000 Messungen 0.017759 Sekunden gebraucht
bei 1 cores haben 1000 Messungen 0.017613 Sekunden gebraucht
bei 1 cores haben 1000 Messungen 0.015849 Sekunden gebraucht
bei 2 cores haben 1000 Messungen 0.012818 Sekunden gebraucht
bei 2 cores haben 1000 Messungen 0.011652 Sekunden gebraucht
bei 2 cores haben 1000 Messungen 0.009456 Sekunden gebraucht
bei 2 cores haben 1000 Messungen 0.009407 Sekunden gebraucht
bei 2 cores haben 1000 Messungen 0.012593 Sekunden gebraucht
bei 3 cores haben 1000 Messungen 0.018031 Sekunden gebraucht
bei 3 cores haben 1000 Messungen 0.017426 Sekunden gebraucht
bei 3 cores haben 1000 Messungen 0.017151 Sekunden gebraucht
bei 3 cores haben 1000 Messungen 0.016784 Sekunden gebraucht
bei 3 cores haben 1000 Messungen 0.015970 Sekunden gebraucht
bei 4 cores haben 1000 Messungen 0.016557 Sekunden gebraucht
bei 4 cores haben 1000 Messungen 0.016234 Sekunden gebraucht
bei 4 cores haben 1000 Messungen 0.016182 Sekunden gebraucht
bei 4 cores haben 1000 Messungen 0.016202 Sekunden gebraucht
bei 4 cores haben 1000 Messungen 0.016108 Sekunden gebraucht
bei 5 cores haben 1000 Messungen 0.019480 Sekunden gebraucht
bei 5 cores haben 1000 Messungen 0.019353 Sekunden gebraucht
bei 5 cores haben 1000 Messungen 0.019505 Sekunden gebraucht
bei 5 cores haben 1000 Messungen 0.019677 Sekunden gebraucht
bei 5 cores haben 1000 Messungen 0.019710 Sekunden gebraucht
bei 6 cores haben 1000 Messungen 0.018397 Sekunden gebraucht
bei 6 cores haben 1000 Messungen 0.018348 Sekunden gebraucht
bei 6 cores haben 1000 Messungen 0.018274 Sekunden gebraucht
bei 6 cores haben 1000 Messungen 0.018150 Sekunden gebraucht
bei 6 cores haben 1000 Messungen 0.017335 Sekunden gebraucht
bei 7 cores haben 1000 Messungen 0.020592 Sekunden gebraucht
bei 7 cores haben 1000 Messungen 0.020350 Sekunden gebraucht
bei 7 cores haben 1000 Messungen 0.019408 Sekunden gebraucht
bei 7 cores haben 1000 Messungen 0.018131 Sekunden gebraucht
bei 7 cores haben 1000 Messungen 0.017874 Sekunden gebraucht
bei 8 cores haben 1000 Messungen 0.015687 Sekunden gebraucht
bei 8 cores haben 1000 Messungen 0.015242 Sekunden gebraucht
bei 8 cores haben 1000 Messungen 0.015307 Sekunden gebraucht
bei 8 cores haben 1000 Messungen 0.015182 Sekunden gebraucht
bei 8 cores haben 1000 Messungen 0.015118 Sekunden gebraucht
bei 9 cores haben 1000 Messungen 0.020602 Sekunden gebraucht
bei 9 cores haben 1000 Messungen 0.020425 Sekunden gebraucht
bei 9 cores haben 1000 Messungen 0.020120 Sekunden gebraucht
bei 9 cores haben 1000 Messungen 0.020176 Sekunden gebraucht
bei 9 cores haben 1000 Messungen 0.020102 Sekunden gebraucht
bei 10 cores haben 1000 Messungen 0.018135 Sekunden gebraucht
bei 10 cores haben 1000 Messungen 0.018174 Sekunden gebraucht
bei 10 cores haben 1000 Messungen 0.018083 Sekunden gebraucht
bei 10 cores haben 1000 Messungen 0.018154 Sekunden gebraucht
bei 10 cores haben 1000 Messungen 0.018196 Sekunden gebraucht
bei 11 cores haben 1000 Messungen 0.022877 Sekunden gebraucht
bei 11 cores haben 1000 Messungen 0.022802 Sekunden gebraucht
bei 11 cores haben 1000 Messungen 0.022624 Sekunden gebraucht
bei 11 cores haben 1000 Messungen 0.022319 Sekunden gebraucht
bei 11 cores haben 1000 Messungen 0.022394 Sekunden gebraucht
bei 12 cores haben 1000 Messungen 0.019891 Sekunden gebraucht
bei 12 cores haben 1000 Messungen 0.019988 Sekunden gebraucht
bei 12 cores haben 1000 Messungen 0.019614 Sekunden gebraucht
bei 12 cores haben 1000 Messungen 0.019987 Sekunden gebraucht
bei 12 cores haben 1000 Messungen 0.019933 Sekunden gebraucht
Laenge=100
bei 1 cores haben 1000 Messungen 0.656971 Sekunden gebraucht
bei 1 cores haben 1000 Messungen 0.655738 Sekunden gebraucht
bei 1 cores haben 1000 Messungen 0.656325 Sekunden gebraucht
bei 1 cores haben 1000 Messungen 0.656491 Sekunden gebraucht
bei 1 cores haben 1000 Messungen 0.700100 Sekunden gebraucht
bei 2 cores haben 1000 Messungen 0.969570 Sekunden gebraucht
bei 2 cores haben 1000 Messungen 1.010850 Sekunden gebraucht
bei 2 cores haben 1000 Messungen 1.018786 Sekunden gebraucht
bei 2 cores haben 1000 Messungen 1.042961 Sekunden gebraucht
bei 2 cores haben 1000 Messungen 1.039306 Sekunden gebraucht
bei 3 cores haben 1000 Messungen 0.838442 Sekunden gebraucht
bei 3 cores haben 1000 Messungen 0.840649 Sekunden gebraucht
bei 3 cores haben 1000 Messungen 0.810157 Sekunden gebraucht
bei 3 cores haben 1000 Messungen 0.805978 Sekunden gebraucht
bei 3 cores haben 1000 Messungen 0.829333 Sekunden gebraucht
bei 4 cores haben 1000 Messungen 0.848869 Sekunden gebraucht
bei 4 cores haben 1000 Messungen 0.702151 Sekunden gebraucht
bei 4 cores haben 1000 Messungen 0.733684 Sekunden gebraucht
bei 4 cores haben 1000 Messungen 0.722453 Sekunden gebraucht
bei 4 cores haben 1000 Messungen 0.746392 Sekunden gebraucht
bei 5 cores haben 1000 Messungen 0.790613 Sekunden gebraucht
bei 5 cores haben 1000 Messungen 0.820942 Sekunden gebraucht
bei 5 cores haben 1000 Messungen 0.772952 Sekunden gebraucht
bei 5 cores haben 1000 Messungen 0.728565 Sekunden gebraucht
bei 5 cores haben 1000 Messungen 0.783129 Sekunden gebraucht
bei 6 cores haben 1000 Messungen 0.799344 Sekunden gebraucht
bei 6 cores haben 1000 Messungen 0.745808 Sekunden gebraucht
bei 6 cores haben 1000 Messungen 0.784992 Sekunden gebraucht
bei 6 cores haben 1000 Messungen 0.807128 Sekunden gebraucht
bei 6 cores haben 1000 Messungen 0.804517 Sekunden gebraucht
bei 7 cores haben 1000 Messungen 0.835780 Sekunden gebraucht
bei 7 cores haben 1000 Messungen 0.860288 Sekunden gebraucht
bei 7 cores haben 1000 Messungen 0.865131 Sekunden gebraucht
bei 7 cores haben 1000 Messungen 0.852245 Sekunden gebraucht
bei 7 cores haben 1000 Messungen 0.848587 Sekunden gebraucht
bei 8 cores haben 1000 Messungen 0.825900 Sekunden gebraucht
bei 8 cores haben 1000 Messungen 0.849254 Sekunden gebraucht
bei 8 cores haben 1000 Messungen 0.846430 Sekunden gebraucht
bei 8 cores haben 1000 Messungen 0.843420 Sekunden gebraucht
bei 8 cores haben 1000 Messungen 0.838625 Sekunden gebraucht
bei 9 cores haben 1000 Messungen 0.891667 Sekunden gebraucht
bei 9 cores haben 1000 Messungen 1.106484 Sekunden gebraucht
bei 9 cores haben 1000 Messungen 0.984920 Sekunden gebraucht
bei 9 cores haben 1000 Messungen 0.870114 Sekunden gebraucht
bei 9 cores haben 1000 Messungen 0.883262 Sekunden gebraucht
bei 10 cores haben 1000 Messungen 0.894372 Sekunden gebraucht
bei 10 cores haben 1000 Messungen 0.857548 Sekunden gebraucht
bei 10 cores haben 1000 Messungen 0.872732 Sekunden gebraucht
bei 10 cores haben 1000 Messungen 0.869620 Sekunden gebraucht
bei 10 cores haben 1000 Messungen 0.910636 Sekunden gebraucht
bei 11 cores haben 1000 Messungen 0.891161 Sekunden gebraucht
bei 11 cores haben 1000 Messungen 0.904768 Sekunden gebraucht
bei 11 cores haben 1000 Messungen 0.896197 Sekunden gebraucht
bei 11 cores haben 1000 Messungen 0.881553 Sekunden gebraucht
bei 11 cores haben 1000 Messungen 0.900287 Sekunden gebraucht
bei 12 cores haben 1000 Messungen 0.902590 Sekunden gebraucht
bei 12 cores haben 1000 Messungen 0.909875 Sekunden gebraucht
bei 12 cores haben 1000 Messungen 0.897132 Sekunden gebraucht
bei 12 cores haben 1000 Messungen 0.899479 Sekunden gebraucht
bei 12 cores haben 1000 Messungen 0.909947 Sekunden gebraucht
Laenge=500
bei 1 cores haben 1000 Messungen 16.525076 Sekunden gebraucht
bei 1 cores haben 1000 Messungen 16.613067 Sekunden gebraucht
bei 1 cores haben 1000 Messungen 16.537326 Sekunden gebraucht
bei 1 cores haben 1000 Messungen 16.509619 Sekunden gebraucht
bei 1 cores haben 1000 Messungen 16.524220 Sekunden gebraucht
bei 2 cores haben 1000 Messungen 25.320751 Sekunden gebraucht
bei 2 cores haben 1000 Messungen 25.236953 Sekunden gebraucht
bei 2 cores haben 1000 Messungen 25.257845 Sekunden gebraucht
bei 2 cores haben 1000 Messungen 25.257657 Sekunden gebraucht
bei 2 cores haben 1000 Messungen 25.229612 Sekunden gebraucht
bei 3 cores haben 1000 Messungen 20.752134 Sekunden gebraucht
bei 3 cores haben 1000 Messungen 21.296032 Sekunden gebraucht
bei 3 cores haben 1000 Messungen 20.952192 Sekunden gebraucht
bei 3 cores haben 1000 Messungen 21.004805 Sekunden gebraucht
bei 3 cores haben 1000 Messungen 21.045707 Sekunden gebraucht
bei 4 cores haben 1000 Messungen 19.034736 Sekunden gebraucht
bei 4 cores haben 1000 Messungen 18.963298 Sekunden gebraucht
bei 4 cores haben 1000 Messungen 18.978679 Sekunden gebraucht
bei 4 cores haben 1000 Messungen 18.940164 Sekunden gebraucht
bei 4 cores haben 1000 Messungen 19.364787 Sekunden gebraucht
bei 5 cores haben 1000 Messungen 20.775383 Sekunden gebraucht
bei 5 cores haben 1000 Messungen 21.072595 Sekunden gebraucht
bei 5 cores haben 1000 Messungen 20.630513 Sekunden gebraucht
bei 5 cores haben 1000 Messungen 20.533346 Sekunden gebraucht
bei 5 cores haben 1000 Messungen 20.499122 Sekunden gebraucht
bei 6 cores haben 1000 Messungen 20.112621 Sekunden gebraucht
bei 6 cores haben 1000 Messungen 19.830393 Sekunden gebraucht
bei 6 cores haben 1000 Messungen 19.992829 Sekunden gebraucht
bei 6 cores haben 1000 Messungen 19.941769 Sekunden gebraucht
bei 6 cores haben 1000 Messungen 19.927795 Sekunden gebraucht
bei 7 cores haben 1000 Messungen 21.778199 Sekunden gebraucht
bei 7 cores haben 1000 Messungen 21.902843 Sekunden gebraucht
bei 7 cores haben 1000 Messungen 22.073415 Sekunden gebraucht
bei 7 cores haben 1000 Messungen 21.841570 Sekunden gebraucht
bei 7 cores haben 1000 Messungen 21.947861 Sekunden gebraucht
bei 8 cores haben 1000 Messungen 21.685897 Sekunden gebraucht
bei 8 cores haben 1000 Messungen 21.247839 Sekunden gebraucht
bei 8 cores haben 1000 Messungen 20.964305 Sekunden gebraucht
bei 8 cores haben 1000 Messungen 21.769652 Sekunden gebraucht
bei 8 cores haben 1000 Messungen 20.951386 Sekunden gebraucht
bei 9 cores haben 1000 Messungen 22.150404 Sekunden gebraucht
bei 9 cores haben 1000 Messungen 21.852296 Sekunden gebraucht
bei 9 cores haben 1000 Messungen 21.907429 Sekunden gebraucht
bei 9 cores haben 1000 Messungen 22.032316 Sekunden gebraucht
bei 9 cores haben 1000 Messungen 22.209724 Sekunden gebraucht
bei 10 cores haben 1000 Messungen 22.293336 Sekunden gebraucht
bei 10 cores haben 1000 Messungen 22.145476 Sekunden gebraucht
bei 10 cores haben 1000 Messungen 22.127656 Sekunden gebraucht
bei 10 cores haben 1000 Messungen 22.168992 Sekunden gebraucht
bei 10 cores haben 1000 Messungen 22.137158 Sekunden gebraucht
bei 11 cores haben 1000 Messungen 22.259633 Sekunden gebraucht
bei 11 cores haben 1000 Messungen 22.294778 Sekunden gebraucht
bei 11 cores haben 1000 Messungen 22.255822 Sekunden gebraucht
bei 11 cores haben 1000 Messungen 22.169535 Sekunden gebraucht
bei 11 cores haben 1000 Messungen 22.281859 Sekunden gebraucht
bei 12 cores haben 1000 Messungen 21.994929 Sekunden gebraucht
bei 12 cores haben 1000 Messungen 22.074350 Sekunden gebraucht
bei 12 cores haben 1000 Messungen 22.017346 Sekunden gebraucht
bei 12 cores haben 1000 Messungen 22.044147 Sekunden gebraucht
bei 12 cores haben 1000 Messungen 21.984980 Sekunden gebraucht
/hiskp4/gross/bachelorarbeit
