Wed Jul 22 15:46:20 CEST 2020 Waiting for 30 seconds before starting the job to allow the node to settle down
Wed Jul 22 15:46:50 CEST 2020 Waiting done, starting task!
840 1
Wed Jul 22 15:46:50 CEST 2020 Waiting for 30 seconds before starting the job to allow the node to settle down
Wed Jul 22 15:47:20 CEST 2020 Waiting done, starting task!
3 0
840
840 2
Wed Jul 22 15:53:47 CEST 2020 Waiting for 30 seconds before starting the job to allow the node to settle down
Wed Jul 22 15:53:47 CEST 2020 Waiting for 30 seconds before starting the job to allow the node to settle down
Wed Jul 22 15:54:17 CEST 2020 Waiting done, starting task!
Wed Jul 22 15:54:17 CEST 2020 Waiting done, starting task!
3 0
3 1
840
840 3
Wed Jul 22 15:57:32 CEST 2020 Waiting for 30 seconds before starting the job to allow the node to settle down
Wed Jul 22 15:57:32 CEST 2020 Waiting for 30 seconds before starting the job to allow the node to settle down
Wed Jul 22 15:57:32 CEST 2020 Waiting for 30 seconds before starting the job to allow the node to settle down
Wed Jul 22 15:58:02 CEST 2020 Waiting done, starting task!
Wed Jul 22 15:58:02 CEST 2020 Waiting done, starting task!
Wed Jul 22 15:58:02 CEST 2020 Waiting done, starting task!
3 0
3 2
3 1
840
840 4
Wed Jul 22 16:00:14 CEST 2020 Waiting for 30 seconds before starting the job to allow the node to settle down
Wed Jul 22 16:00:14 CEST 2020 Waiting for 30 seconds before starting the job to allow the node to settle down
Wed Jul 22 16:00:14 CEST 2020 Waiting for 30 seconds before starting the job to allow the node to settle down
Wed Jul 22 16:00:14 CEST 2020 Waiting for 30 seconds before starting the job to allow the node to settle down
Wed Jul 22 16:00:44 CEST 2020 Waiting done, starting task!
Wed Jul 22 16:00:44 CEST 2020 Waiting done, starting task!
Wed Jul 22 16:00:44 CEST 2020 Waiting done, starting task!
Wed Jul 22 16:00:44 CEST 2020 Waiting done, starting task!
3 0
3 1
3 2
3 3
840
840 5
Wed Jul 22 16:02:23 CEST 2020 Waiting for 30 seconds before starting the job to allow the node to settle down
Wed Jul 22 16:02:23 CEST 2020 Waiting for 30 seconds before starting the job to allow the node to settle down
Wed Jul 22 16:02:23 CEST 2020 Waiting for 30 seconds before starting the job to allow the node to settle down
Wed Jul 22 16:02:23 CEST 2020 Waiting for 30 seconds before starting the job to allow the node to settle down
Wed Jul 22 16:02:23 CEST 2020 Waiting for 30 seconds before starting the job to allow the node to settle down
Wed Jul 22 16:02:53 CEST 2020 Waiting done, starting task!
Wed Jul 22 16:02:53 CEST 2020 Waiting done, starting task!
Wed Jul 22 16:02:53 CEST 2020 Waiting done, starting task!
Wed Jul 22 16:02:53 CEST 2020 Waiting done, starting task!
Wed Jul 22 16:02:53 CEST 2020 Waiting done, starting task!
3 0
3 2
3 4
3 3
3 1
840
840 6
Wed Jul 22 16:04:15 CEST 2020 Waiting for 30 seconds before starting the job to allow the node to settle down
Wed Jul 22 16:04:15 CEST 2020 Waiting for 30 seconds before starting the job to allow the node to settle down
Wed Jul 22 16:04:15 CEST 2020 Waiting for 30 seconds before starting the job to allow the node to settle down
Wed Jul 22 16:04:15 CEST 2020 Waiting for 30 seconds before starting the job to allow the node to settle down
Wed Jul 22 16:04:15 CEST 2020 Waiting for 30 seconds before starting the job to allow the node to settle down
Wed Jul 22 16:04:15 CEST 2020 Waiting for 30 seconds before starting the job to allow the node to settle down
Wed Jul 22 16:04:45 CEST 2020 Waiting done, starting task!
Wed Jul 22 16:04:45 CEST 2020 Waiting done, starting task!
Wed Jul 22 16:04:45 CEST 2020 Waiting done, starting task!
Wed Jul 22 16:04:45 CEST 2020 Waiting done, starting task!
Wed Jul 22 16:04:45 CEST 2020 Waiting done, starting task!
Wed Jul 22 16:04:45 CEST 2020 Waiting done, starting task!
3 3
3 2
3 5
3 4
3 0
3 1
840
840 7
Wed Jul 22 16:05:53 CEST 2020 Waiting for 30 seconds before starting the job to allow the node to settle down
Wed Jul 22 16:05:53 CEST 2020 Waiting for 30 seconds before starting the job to allow the node to settle down
Wed Jul 22 16:05:53 CEST 2020 Waiting for 30 seconds before starting the job to allow the node to settle down
Wed Jul 22 16:05:53 CEST 2020 Waiting for 30 seconds before starting the job to allow the node to settle down
Wed Jul 22 16:05:53 CEST 2020 Waiting for 30 seconds before starting the job to allow the node to settle down
Wed Jul 22 16:05:53 CEST 2020 Waiting for 30 seconds before starting the job to allow the node to settle down
Wed Jul 22 16:05:53 CEST 2020 Waiting for 30 seconds before starting the job to allow the node to settle down
Wed Jul 22 16:06:23 CEST 2020 Waiting done, starting task!
Wed Jul 22 16:06:23 CEST 2020 Waiting done, starting task!
Wed Jul 22 16:06:23 CEST 2020 Waiting done, starting task!
Wed Jul 22 16:06:23 CEST 2020 Waiting done, starting task!
Wed Jul 22 16:06:23 CEST 2020 Waiting done, starting task!
Wed Jul 22 16:06:23 CEST 2020 Waiting done, starting task!
Wed Jul 22 16:06:23 CEST 2020 Waiting done, starting task!
3 0
3 1
3 4
3 6
3 5
3 2
3 3
840
840 8
Wed Jul 22 16:07:22 CEST 2020 Waiting for 30 seconds before starting the job to allow the node to settle down
Wed Jul 22 16:07:22 CEST 2020 Waiting for 30 seconds before starting the job to allow the node to settle down
Wed Jul 22 16:07:22 CEST 2020 Waiting for 30 seconds before starting the job to allow the node to settle down
Wed Jul 22 16:07:22 CEST 2020 Waiting for 30 seconds before starting the job to allow the node to settle down
Wed Jul 22 16:07:22 CEST 2020 Waiting for 30 seconds before starting the job to allow the node to settle down
Wed Jul 22 16:07:22 CEST 2020 Waiting for 30 seconds before starting the job to allow the node to settle down
Wed Jul 22 16:07:22 CEST 2020 Waiting for 30 seconds before starting the job to allow the node to settle down
Wed Jul 22 16:07:22 CEST 2020 Waiting for 30 seconds before starting the job to allow the node to settle down
Wed Jul 22 16:07:52 CEST 2020 Waiting done, starting task!
Wed Jul 22 16:07:52 CEST 2020 Waiting done, starting task!
Wed Jul 22 16:07:52 CEST 2020 Waiting done, starting task!
Wed Jul 22 16:07:52 CEST 2020 Waiting done, starting task!
Wed Jul 22 16:07:52 CEST 2020 Waiting done, starting task!
Wed Jul 22 16:07:52 CEST 2020 Waiting done, starting task!
Wed Jul 22 16:07:52 CEST 2020 Waiting done, starting task!
Wed Jul 22 16:07:52 CEST 2020 Waiting done, starting task!
3 1
3 0
3 7
3 6
3 4
3 5
3 3
3 2
840
840 10
Wed Jul 22 16:08:44 CEST 2020 Waiting for 30 seconds before starting the job to allow the node to settle down
Wed Jul 22 16:08:44 CEST 2020 Waiting for 30 seconds before starting the job to allow the node to settle down
Wed Jul 22 16:08:44 CEST 2020 Waiting for 30 seconds before starting the job to allow the node to settle down
Wed Jul 22 16:08:44 CEST 2020 Waiting for 30 seconds before starting the job to allow the node to settle down
Wed Jul 22 16:08:44 CEST 2020 Waiting for 30 seconds before starting the job to allow the node to settle down
Wed Jul 22 16:08:44 CEST 2020 Waiting for 30 seconds before starting the job to allow the node to settle down
Wed Jul 22 16:08:44 CEST 2020 Waiting for 30 seconds before starting the job to allow the node to settle down
Wed Jul 22 16:08:44 CEST 2020 Waiting for 30 seconds before starting the job to allow the node to settle down
Wed Jul 22 16:08:44 CEST 2020 Waiting for 30 seconds before starting the job to allow the node to settle down
Wed Jul 22 16:08:44 CEST 2020 Waiting for 30 seconds before starting the job to allow the node to settle down
Wed Jul 22 16:09:14 CEST 2020 Waiting done, starting task!
Wed Jul 22 16:09:14 CEST 2020 Waiting done, starting task!
Wed Jul 22 16:09:14 CEST 2020 Waiting done, starting task!
Wed Jul 22 16:09:14 CEST 2020 Waiting done, starting task!
Wed Jul 22 16:09:14 CEST 2020 Waiting done, starting task!
Wed Jul 22 16:09:14 CEST 2020 Waiting done, starting task!
Wed Jul 22 16:09:14 CEST 2020 Waiting done, starting task!
Wed Jul 22 16:09:14 CEST 2020 Waiting done, starting task!
Wed Jul 22 16:09:14 CEST 2020 Waiting done, starting task!
Wed Jul 22 16:09:14 CEST 2020 Waiting done, starting task!
3 0
3 1
3 8
3 9
3 4
3 2
3 5
3 3
3 7
3 6
840
840 12
Wed Jul 22 16:09:58 CEST 2020 Waiting for 30 seconds before starting the job to allow the node to settle down
Wed Jul 22 16:09:58 CEST 2020 Waiting for 30 seconds before starting the job to allow the node to settle down
Wed Jul 22 16:09:58 CEST 2020 Waiting for 30 seconds before starting the job to allow the node to settle down
Wed Jul 22 16:09:58 CEST 2020 Waiting for 30 seconds before starting the job to allow the node to settle down
Wed Jul 22 16:09:58 CEST 2020 Waiting for 30 seconds before starting the job to allow the node to settle down
Wed Jul 22 16:09:58 CEST 2020 Waiting for 30 seconds before starting the job to allow the node to settle down
Wed Jul 22 16:09:58 CEST 2020 Waiting for 30 seconds before starting the job to allow the node to settle down
Wed Jul 22 16:09:58 CEST 2020 Waiting for 30 seconds before starting the job to allow the node to settle down
Wed Jul 22 16:09:58 CEST 2020 Waiting for 30 seconds before starting the job to allow the node to settle down
Wed Jul 22 16:09:58 CEST 2020 Waiting for 30 seconds before starting the job to allow the node to settle down
Wed Jul 22 16:09:58 CEST 2020 Waiting for 30 seconds before starting the job to allow the node to settle down
Wed Jul 22 16:09:58 CEST 2020 Waiting for 30 seconds before starting the job to allow the node to settle down
Wed Jul 22 16:10:28 CEST 2020 Waiting done, starting task!
Wed Jul 22 16:10:28 CEST 2020 Waiting done, starting task!
Wed Jul 22 16:10:28 CEST 2020 Waiting done, starting task!
Wed Jul 22 16:10:28 CEST 2020 Waiting done, starting task!
Wed Jul 22 16:10:28 CEST 2020 Waiting done, starting task!
Wed Jul 22 16:10:28 CEST 2020 Waiting done, starting task!
Wed Jul 22 16:10:28 CEST 2020 Waiting done, starting task!
Wed Jul 22 16:10:28 CEST 2020 Waiting done, starting task!
Wed Jul 22 16:10:28 CEST 2020 Waiting done, starting task!
Wed Jul 22 16:10:28 CEST 2020 Waiting done, starting task!
Wed Jul 22 16:10:28 CEST 2020 Waiting done, starting task!
Wed Jul 22 16:10:28 CEST 2020 Waiting done, starting task!
3 0
3 2
3 6
3 7
3 11
3 9
3 8
3 10
3 1
3 4
3 5
3 3
840
840 14
Wed Jul 22 16:11:04 CEST 2020 Waiting for 30 seconds before starting the job to allow the node to settle down
Wed Jul 22 16:11:04 CEST 2020 Waiting for 30 seconds before starting the job to allow the node to settle down
Wed Jul 22 16:11:04 CEST 2020 Waiting for 30 seconds before starting the job to allow the node to settle down
Wed Jul 22 16:11:04 CEST 2020 Waiting for 30 seconds before starting the job to allow the node to settle down
Wed Jul 22 16:11:04 CEST 2020 Waiting for 30 seconds before starting the job to allow the node to settle down
Wed Jul 22 16:11:04 CEST 2020 Waiting for 30 seconds before starting the job to allow the node to settle down
Wed Jul 22 16:11:04 CEST 2020 Waiting for 30 seconds before starting the job to allow the node to settle down
Wed Jul 22 16:11:04 CEST 2020 Waiting for 30 seconds before starting the job to allow the node to settle down
Wed Jul 22 16:11:04 CEST 2020 Waiting for 30 seconds before starting the job to allow the node to settle down
Wed Jul 22 16:11:04 CEST 2020 Waiting for 30 seconds before starting the job to allow the node to settle down
Wed Jul 22 16:11:04 CEST 2020 Waiting for 30 seconds before starting the job to allow the node to settle down
Wed Jul 22 16:11:04 CEST 2020 Waiting for 30 seconds before starting the job to allow the node to settle down
Wed Jul 22 16:11:04 CEST 2020 Waiting for 30 seconds before starting the job to allow the node to settle down
Wed Jul 22 16:11:04 CEST 2020 Waiting for 30 seconds before starting the job to allow the node to settle down
Wed Jul 22 16:11:34 CEST 2020 Waiting done, starting task!
Wed Jul 22 16:11:34 CEST 2020 Waiting done, starting task!
Wed Jul 22 16:11:34 CEST 2020 Waiting done, starting task!
Wed Jul 22 16:11:34 CEST 2020 Waiting done, starting task!
Wed Jul 22 16:11:34 CEST 2020 Waiting done, starting task!
Wed Jul 22 16:11:34 CEST 2020 Waiting done, starting task!
Wed Jul 22 16:11:34 CEST 2020 Waiting done, starting task!
Wed Jul 22 16:11:34 CEST 2020 Waiting done, starting task!
Wed Jul 22 16:11:34 CEST 2020 Waiting done, starting task!
Wed Jul 22 16:11:34 CEST 2020 Waiting done, starting task!
Wed Jul 22 16:11:34 CEST 2020 Waiting done, starting task!
Wed Jul 22 16:11:34 CEST 2020 Waiting done, starting task!
Wed Jul 22 16:11:34 CEST 2020 Waiting done, starting task!
Wed Jul 22 16:11:34 CEST 2020 Waiting done, starting task!
3 13
3 12
3 0
3 2
3 1
3 8
3 7
3 6
3 10
3 11
3 3
3 5
3 4
3 9
840
840 15
Wed Jul 22 16:12:06 CEST 2020 Waiting for 30 seconds before starting the job to allow the node to settle down
Wed Jul 22 16:12:06 CEST 2020 Waiting for 30 seconds before starting the job to allow the node to settle down
Wed Jul 22 16:12:06 CEST 2020 Waiting for 30 seconds before starting the job to allow the node to settle down
Wed Jul 22 16:12:06 CEST 2020 Waiting for 30 seconds before starting the job to allow the node to settle down
Wed Jul 22 16:12:06 CEST 2020 Waiting for 30 seconds before starting the job to allow the node to settle down
Wed Jul 22 16:12:06 CEST 2020 Waiting for 30 seconds before starting the job to allow the node to settle down
Wed Jul 22 16:12:06 CEST 2020 Waiting for 30 seconds before starting the job to allow the node to settle down
Wed Jul 22 16:12:06 CEST 2020 Waiting for 30 seconds before starting the job to allow the node to settle down
Wed Jul 22 16:12:06 CEST 2020 Waiting for 30 seconds before starting the job to allow the node to settle down
Wed Jul 22 16:12:06 CEST 2020 Waiting for 30 seconds before starting the job to allow the node to settle down
Wed Jul 22 16:12:06 CEST 2020 Waiting for 30 seconds before starting the job to allow the node to settle down
Wed Jul 22 16:12:06 CEST 2020 Waiting for 30 seconds before starting the job to allow the node to settle down
Wed Jul 22 16:12:06 CEST 2020 Waiting for 30 seconds before starting the job to allow the node to settle down
Wed Jul 22 16:12:06 CEST 2020 Waiting for 30 seconds before starting the job to allow the node to settle down
Wed Jul 22 16:12:06 CEST 2020 Waiting for 30 seconds before starting the job to allow the node to settle down
Wed Jul 22 16:12:36 CEST 2020 Waiting done, starting task!
Wed Jul 22 16:12:36 CEST 2020 Waiting done, starting task!
Wed Jul 22 16:12:36 CEST 2020 Waiting done, starting task!
Wed Jul 22 16:12:36 CEST 2020 Waiting done, starting task!
Wed Jul 22 16:12:36 CEST 2020 Waiting done, starting task!
Wed Jul 22 16:12:36 CEST 2020 Waiting done, starting task!
Wed Jul 22 16:12:36 CEST 2020 Waiting done, starting task!
Wed Jul 22 16:12:36 CEST 2020 Waiting done, starting task!
Wed Jul 22 16:12:36 CEST 2020 Waiting done, starting task!
Wed Jul 22 16:12:36 CEST 2020 Waiting done, starting task!
Wed Jul 22 16:12:36 CEST 2020 Waiting done, starting task!
Wed Jul 22 16:12:36 CEST 2020 Waiting done, starting task!
Wed Jul 22 16:12:36 CEST 2020 Waiting done, starting task!
Wed Jul 22 16:12:36 CEST 2020 Waiting done, starting task!
Wed Jul 22 16:12:36 CEST 2020 Waiting done, starting task!
3 2
3 0
3 8
3 1
3 4
3 5
3 3
3 9
3 12
3 13
3 11
3 14
3 10
3 6
3 7
840
840 20
Wed Jul 22 16:13:07 CEST 2020 Waiting for 30 seconds before starting the job to allow the node to settle down
Wed Jul 22 16:13:07 CEST 2020 Waiting for 30 seconds before starting the job to allow the node to settle down
Wed Jul 22 16:13:07 CEST 2020 Waiting for 30 seconds before starting the job to allow the node to settle down
Wed Jul 22 16:13:07 CEST 2020 Waiting for 30 seconds before starting the job to allow the node to settle down
Wed Jul 22 16:13:07 CEST 2020 Waiting for 30 seconds before starting the job to allow the node to settle down
Wed Jul 22 16:13:07 CEST 2020 Waiting for 30 seconds before starting the job to allow the node to settle down
Wed Jul 22 16:13:07 CEST 2020 Waiting for 30 seconds before starting the job to allow the node to settle down
Wed Jul 22 16:13:07 CEST 2020 Waiting for 30 seconds before starting the job to allow the node to settle down
Wed Jul 22 16:13:07 CEST 2020 Waiting for 30 seconds before starting the job to allow the node to settle down
Wed Jul 22 16:13:07 CEST 2020 Waiting for 30 seconds before starting the job to allow the node to settle down
Wed Jul 22 16:13:07 CEST 2020 Waiting for 30 seconds before starting the job to allow the node to settle down
Wed Jul 22 16:13:07 CEST 2020 Waiting for 30 seconds before starting the job to allow the node to settle down
Wed Jul 22 16:13:07 CEST 2020 Waiting for 30 seconds before starting the job to allow the node to settle down
Wed Jul 22 16:13:07 CEST 2020 Waiting for 30 seconds before starting the job to allow the node to settle down
Wed Jul 22 16:13:07 CEST 2020 Waiting for 30 seconds before starting the job to allow the node to settle down
Wed Jul 22 16:13:07 CEST 2020 Waiting for 30 seconds before starting the job to allow the node to settle down
Wed Jul 22 16:13:07 CEST 2020 Waiting for 30 seconds before starting the job to allow the node to settle down
Wed Jul 22 16:13:07 CEST 2020 Waiting for 30 seconds before starting the job to allow the node to settle down
Wed Jul 22 16:13:07 CEST 2020 Waiting for 30 seconds before starting the job to allow the node to settle down
Wed Jul 22 16:13:07 CEST 2020 Waiting for 30 seconds before starting the job to allow the node to settle down
Wed Jul 22 16:13:37 CEST 2020 Waiting done, starting task!
Wed Jul 22 16:13:37 CEST 2020 Waiting done, starting task!
Wed Jul 22 16:13:37 CEST 2020 Waiting done, starting task!
Wed Jul 22 16:13:37 CEST 2020 Waiting done, starting task!
Wed Jul 22 16:13:37 CEST 2020 Waiting done, starting task!
Wed Jul 22 16:13:37 CEST 2020 Waiting done, starting task!
Wed Jul 22 16:13:37 CEST 2020 Waiting done, starting task!
Wed Jul 22 16:13:37 CEST 2020 Waiting done, starting task!
Wed Jul 22 16:13:37 CEST 2020 Waiting done, starting task!
Wed Jul 22 16:13:37 CEST 2020 Waiting done, starting task!
Wed Jul 22 16:13:37 CEST 2020 Waiting done, starting task!
Wed Jul 22 16:13:37 CEST 2020 Waiting done, starting task!
Wed Jul 22 16:13:37 CEST 2020 Waiting done, starting task!
Wed Jul 22 16:13:37 CEST 2020 Waiting done, starting task!
Wed Jul 22 16:13:37 CEST 2020 Waiting done, starting task!
Wed Jul 22 16:13:37 CEST 2020 Waiting done, starting task!
Wed Jul 22 16:13:37 CEST 2020 Waiting done, starting task!
Wed Jul 22 16:13:37 CEST 2020 Waiting done, starting task!
Wed Jul 22 16:13:37 CEST 2020 Waiting done, starting task!
Wed Jul 22 16:13:37 CEST 2020 Waiting done, starting task!
3 2
3 0
3 17
3 18
3 6
3 13
3 16
3 10
3 19
3 9
3 1
3 14
3 5
3 7
3 11
3 15
3 4
3 8
3 3
3 12
840
/hiskp4/gross/bachelorarbeit
