Fri Jun  5 12:07:11 CEST 2020 Waiting for 30 seconds before starting the job to allow the node to settle down
Fri Jun  5 12:07:41 CEST 2020 Waiting done, starting task!
Fri Jun  5 12:07:41 CEST 2020 Waiting for 30 seconds before starting the job to allow the node to settle down
Fri Jun  5 12:08:11 CEST 2020 Waiting done, starting task!
Laenge=6
bei 1 cores haben 1000 Messungen 0.009388 Sekunden gebraucht
bei 1 cores haben 1000 Messungen 0.008817 Sekunden gebraucht
bei 1 cores haben 1000 Messungen 0.008854 Sekunden gebraucht
bei 1 cores haben 1000 Messungen 0.008847 Sekunden gebraucht
bei 1 cores haben 1000 Messungen 0.008844 Sekunden gebraucht
bei 1 cores haben 1000 Messungen 0.008908 Sekunden gebraucht
bei 1 cores haben 1000 Messungen 0.008888 Sekunden gebraucht
bei 1 cores haben 1000 Messungen 0.008866 Sekunden gebraucht
bei 1 cores haben 1000 Messungen 0.008851 Sekunden gebraucht
bei 1 cores haben 1000 Messungen 0.008801 Sekunden gebraucht
bei 2 cores haben 1000 Messungen 0.008770 Sekunden gebraucht
bei 2 cores haben 1000 Messungen 0.008638 Sekunden gebraucht
bei 2 cores haben 1000 Messungen 0.008722 Sekunden gebraucht
bei 2 cores haben 1000 Messungen 0.008508 Sekunden gebraucht
bei 2 cores haben 1000 Messungen 0.008645 Sekunden gebraucht
bei 2 cores haben 1000 Messungen 0.008569 Sekunden gebraucht
bei 2 cores haben 1000 Messungen 0.008465 Sekunden gebraucht
bei 2 cores haben 1000 Messungen 0.008523 Sekunden gebraucht
bei 2 cores haben 1000 Messungen 0.008476 Sekunden gebraucht
bei 2 cores haben 1000 Messungen 0.008594 Sekunden gebraucht
bei 3 cores haben 1000 Messungen 0.017293 Sekunden gebraucht
bei 3 cores haben 1000 Messungen 0.015525 Sekunden gebraucht
bei 3 cores haben 1000 Messungen 0.015092 Sekunden gebraucht
bei 3 cores haben 1000 Messungen 0.014993 Sekunden gebraucht
bei 3 cores haben 1000 Messungen 0.015221 Sekunden gebraucht
bei 3 cores haben 1000 Messungen 0.015575 Sekunden gebraucht
bei 3 cores haben 1000 Messungen 0.014854 Sekunden gebraucht
bei 3 cores haben 1000 Messungen 0.014808 Sekunden gebraucht
bei 3 cores haben 1000 Messungen 0.014981 Sekunden gebraucht
bei 3 cores haben 1000 Messungen 0.015646 Sekunden gebraucht
bei 4 cores haben 1000 Messungen 0.016430 Sekunden gebraucht
bei 4 cores haben 1000 Messungen 0.016641 Sekunden gebraucht
bei 4 cores haben 1000 Messungen 0.016245 Sekunden gebraucht
bei 4 cores haben 1000 Messungen 0.016512 Sekunden gebraucht
bei 4 cores haben 1000 Messungen 0.015929 Sekunden gebraucht
bei 4 cores haben 1000 Messungen 0.016883 Sekunden gebraucht
bei 4 cores haben 1000 Messungen 0.016652 Sekunden gebraucht
bei 4 cores haben 1000 Messungen 0.016524 Sekunden gebraucht
bei 4 cores haben 1000 Messungen 0.016188 Sekunden gebraucht
bei 4 cores haben 1000 Messungen 0.015872 Sekunden gebraucht
bei 5 cores haben 1000 Messungen 0.017501 Sekunden gebraucht
bei 5 cores haben 1000 Messungen 0.015988 Sekunden gebraucht
bei 5 cores haben 1000 Messungen 0.014652 Sekunden gebraucht
bei 5 cores haben 1000 Messungen 0.015184 Sekunden gebraucht
bei 5 cores haben 1000 Messungen 0.014917 Sekunden gebraucht
bei 5 cores haben 1000 Messungen 0.014902 Sekunden gebraucht
bei 5 cores haben 1000 Messungen 0.015092 Sekunden gebraucht
bei 5 cores haben 1000 Messungen 0.015601 Sekunden gebraucht
bei 5 cores haben 1000 Messungen 0.015068 Sekunden gebraucht
bei 5 cores haben 1000 Messungen 0.015235 Sekunden gebraucht
bei 6 cores haben 1000 Messungen 0.014806 Sekunden gebraucht
bei 6 cores haben 1000 Messungen 0.014702 Sekunden gebraucht
bei 6 cores haben 1000 Messungen 0.015516 Sekunden gebraucht
bei 6 cores haben 1000 Messungen 0.014828 Sekunden gebraucht
bei 6 cores haben 1000 Messungen 0.015149 Sekunden gebraucht
bei 6 cores haben 1000 Messungen 0.015098 Sekunden gebraucht
bei 6 cores haben 1000 Messungen 0.014900 Sekunden gebraucht
bei 6 cores haben 1000 Messungen 0.015107 Sekunden gebraucht
bei 6 cores haben 1000 Messungen 0.014636 Sekunden gebraucht
bei 6 cores haben 1000 Messungen 0.014747 Sekunden gebraucht
bei 7 cores haben 1000 Messungen 0.018625 Sekunden gebraucht
bei 7 cores haben 1000 Messungen 0.018252 Sekunden gebraucht
bei 7 cores haben 1000 Messungen 0.018152 Sekunden gebraucht
bei 7 cores haben 1000 Messungen 0.017916 Sekunden gebraucht
bei 7 cores haben 1000 Messungen 0.017450 Sekunden gebraucht
bei 7 cores haben 1000 Messungen 0.018295 Sekunden gebraucht
bei 7 cores haben 1000 Messungen 0.018275 Sekunden gebraucht
bei 7 cores haben 1000 Messungen 0.018160 Sekunden gebraucht
bei 7 cores haben 1000 Messungen 0.019516 Sekunden gebraucht
bei 7 cores haben 1000 Messungen 0.018711 Sekunden gebraucht
bei 8 cores haben 1000 Messungen 0.017480 Sekunden gebraucht
bei 8 cores haben 1000 Messungen 0.017619 Sekunden gebraucht
bei 8 cores haben 1000 Messungen 0.017719 Sekunden gebraucht
bei 8 cores haben 1000 Messungen 0.018036 Sekunden gebraucht
bei 8 cores haben 1000 Messungen 0.018006 Sekunden gebraucht
bei 8 cores haben 1000 Messungen 0.017820 Sekunden gebraucht
bei 8 cores haben 1000 Messungen 0.018350 Sekunden gebraucht
bei 8 cores haben 1000 Messungen 0.017885 Sekunden gebraucht
bei 8 cores haben 1000 Messungen 0.018120 Sekunden gebraucht
bei 8 cores haben 1000 Messungen 0.017529 Sekunden gebraucht
bei 9 cores haben 1000 Messungen 0.021359 Sekunden gebraucht
bei 9 cores haben 1000 Messungen 0.022158 Sekunden gebraucht
bei 9 cores haben 1000 Messungen 0.022267 Sekunden gebraucht
bei 9 cores haben 1000 Messungen 0.020991 Sekunden gebraucht
bei 9 cores haben 1000 Messungen 0.021188 Sekunden gebraucht
bei 9 cores haben 1000 Messungen 0.020911 Sekunden gebraucht
bei 9 cores haben 1000 Messungen 0.021539 Sekunden gebraucht
bei 9 cores haben 1000 Messungen 0.021476 Sekunden gebraucht
bei 9 cores haben 1000 Messungen 0.021434 Sekunden gebraucht
bei 9 cores haben 1000 Messungen 0.021513 Sekunden gebraucht
bei 10 cores haben 1000 Messungen 0.020931 Sekunden gebraucht
bei 10 cores haben 1000 Messungen 0.020795 Sekunden gebraucht
bei 10 cores haben 1000 Messungen 0.021201 Sekunden gebraucht
bei 10 cores haben 1000 Messungen 0.021327 Sekunden gebraucht
bei 10 cores haben 1000 Messungen 0.021084 Sekunden gebraucht
bei 10 cores haben 1000 Messungen 0.020873 Sekunden gebraucht
bei 10 cores haben 1000 Messungen 0.020768 Sekunden gebraucht
bei 10 cores haben 1000 Messungen 0.021528 Sekunden gebraucht
bei 10 cores haben 1000 Messungen 0.021790 Sekunden gebraucht
bei 10 cores haben 1000 Messungen 0.021052 Sekunden gebraucht
bei 11 cores haben 1000 Messungen 0.025390 Sekunden gebraucht
bei 11 cores haben 1000 Messungen 0.026353 Sekunden gebraucht
bei 11 cores haben 1000 Messungen 0.026301 Sekunden gebraucht
bei 11 cores haben 1000 Messungen 0.025956 Sekunden gebraucht
bei 11 cores haben 1000 Messungen 0.026359 Sekunden gebraucht
bei 11 cores haben 1000 Messungen 0.026142 Sekunden gebraucht
bei 11 cores haben 1000 Messungen 0.025797 Sekunden gebraucht
bei 11 cores haben 1000 Messungen 0.026094 Sekunden gebraucht
bei 11 cores haben 1000 Messungen 0.026158 Sekunden gebraucht
bei 11 cores haben 1000 Messungen 0.026538 Sekunden gebraucht
bei 12 cores haben 1000 Messungen 0.030187 Sekunden gebraucht
bei 12 cores haben 1000 Messungen 0.029944 Sekunden gebraucht
bei 12 cores haben 1000 Messungen 0.029825 Sekunden gebraucht
bei 12 cores haben 1000 Messungen 0.029733 Sekunden gebraucht
bei 12 cores haben 1000 Messungen 0.029803 Sekunden gebraucht
bei 12 cores haben 1000 Messungen 0.029884 Sekunden gebraucht
bei 12 cores haben 1000 Messungen 0.029880 Sekunden gebraucht
bei 12 cores haben 1000 Messungen 0.029817 Sekunden gebraucht
bei 12 cores haben 1000 Messungen 0.029889 Sekunden gebraucht
bei 12 cores haben 1000 Messungen 0.029881 Sekunden gebraucht
Laenge=10
bei 1 cores haben 1000 Messungen 0.015911 Sekunden gebraucht
bei 1 cores haben 1000 Messungen 0.015894 Sekunden gebraucht
bei 1 cores haben 1000 Messungen 0.028046 Sekunden gebraucht
bei 1 cores haben 1000 Messungen 0.025625 Sekunden gebraucht
bei 1 cores haben 1000 Messungen 0.022433 Sekunden gebraucht
bei 1 cores haben 1000 Messungen 0.020265 Sekunden gebraucht
bei 1 cores haben 1000 Messungen 0.018624 Sekunden gebraucht
bei 1 cores haben 1000 Messungen 0.017295 Sekunden gebraucht
bei 1 cores haben 1000 Messungen 0.029466 Sekunden gebraucht
bei 1 cores haben 1000 Messungen 0.025006 Sekunden gebraucht
bei 2 cores haben 1000 Messungen 0.015959 Sekunden gebraucht
bei 2 cores haben 1000 Messungen 0.013316 Sekunden gebraucht
bei 2 cores haben 1000 Messungen 0.012603 Sekunden gebraucht
bei 2 cores haben 1000 Messungen 0.021030 Sekunden gebraucht
bei 2 cores haben 1000 Messungen 0.012079 Sekunden gebraucht
bei 2 cores haben 1000 Messungen 0.011687 Sekunden gebraucht
bei 2 cores haben 1000 Messungen 0.011875 Sekunden gebraucht
bei 2 cores haben 1000 Messungen 0.011661 Sekunden gebraucht
bei 2 cores haben 1000 Messungen 0.018253 Sekunden gebraucht
bei 2 cores haben 1000 Messungen 0.011820 Sekunden gebraucht
bei 3 cores haben 1000 Messungen 0.025196 Sekunden gebraucht
bei 3 cores haben 1000 Messungen 0.022901 Sekunden gebraucht
bei 3 cores haben 1000 Messungen 0.024548 Sekunden gebraucht
bei 3 cores haben 1000 Messungen 0.021623 Sekunden gebraucht
bei 3 cores haben 1000 Messungen 0.020697 Sekunden gebraucht
bei 3 cores haben 1000 Messungen 0.020446 Sekunden gebraucht
bei 3 cores haben 1000 Messungen 0.019771 Sekunden gebraucht
bei 3 cores haben 1000 Messungen 0.020098 Sekunden gebraucht
bei 3 cores haben 1000 Messungen 0.020352 Sekunden gebraucht
bei 3 cores haben 1000 Messungen 0.020417 Sekunden gebraucht
bei 4 cores haben 1000 Messungen 0.021115 Sekunden gebraucht
bei 4 cores haben 1000 Messungen 0.022497 Sekunden gebraucht
bei 4 cores haben 1000 Messungen 0.022655 Sekunden gebraucht
bei 4 cores haben 1000 Messungen 0.022230 Sekunden gebraucht
bei 4 cores haben 1000 Messungen 0.021659 Sekunden gebraucht
bei 4 cores haben 1000 Messungen 0.021159 Sekunden gebraucht
bei 4 cores haben 1000 Messungen 0.022167 Sekunden gebraucht
bei 4 cores haben 1000 Messungen 0.022576 Sekunden gebraucht
bei 4 cores haben 1000 Messungen 0.021513 Sekunden gebraucht
bei 4 cores haben 1000 Messungen 0.020034 Sekunden gebraucht
bei 5 cores haben 1000 Messungen 0.022172 Sekunden gebraucht
bei 5 cores haben 1000 Messungen 0.022251 Sekunden gebraucht
bei 5 cores haben 1000 Messungen 0.020903 Sekunden gebraucht
bei 5 cores haben 1000 Messungen 0.021167 Sekunden gebraucht
bei 5 cores haben 1000 Messungen 0.021618 Sekunden gebraucht
bei 5 cores haben 1000 Messungen 0.021474 Sekunden gebraucht
bei 5 cores haben 1000 Messungen 0.021785 Sekunden gebraucht
bei 5 cores haben 1000 Messungen 0.021906 Sekunden gebraucht
bei 5 cores haben 1000 Messungen 0.021963 Sekunden gebraucht
bei 5 cores haben 1000 Messungen 0.021772 Sekunden gebraucht
bei 6 cores haben 1000 Messungen 0.024902 Sekunden gebraucht
bei 6 cores haben 1000 Messungen 0.024669 Sekunden gebraucht
bei 6 cores haben 1000 Messungen 0.024764 Sekunden gebraucht
bei 6 cores haben 1000 Messungen 0.024210 Sekunden gebraucht
bei 6 cores haben 1000 Messungen 0.023425 Sekunden gebraucht
bei 6 cores haben 1000 Messungen 0.023684 Sekunden gebraucht
bei 6 cores haben 1000 Messungen 0.023782 Sekunden gebraucht
bei 6 cores haben 1000 Messungen 0.023253 Sekunden gebraucht
bei 6 cores haben 1000 Messungen 0.023438 Sekunden gebraucht
bei 6 cores haben 1000 Messungen 0.024088 Sekunden gebraucht
bei 7 cores haben 1000 Messungen 0.023879 Sekunden gebraucht
bei 7 cores haben 1000 Messungen 0.023871 Sekunden gebraucht
bei 7 cores haben 1000 Messungen 0.024485 Sekunden gebraucht
bei 7 cores haben 1000 Messungen 0.024273 Sekunden gebraucht
bei 7 cores haben 1000 Messungen 0.024152 Sekunden gebraucht
bei 7 cores haben 1000 Messungen 0.023956 Sekunden gebraucht
bei 7 cores haben 1000 Messungen 0.024173 Sekunden gebraucht
bei 7 cores haben 1000 Messungen 0.024387 Sekunden gebraucht
bei 7 cores haben 1000 Messungen 0.024383 Sekunden gebraucht
bei 7 cores haben 1000 Messungen 0.024333 Sekunden gebraucht
bei 8 cores haben 1000 Messungen 0.024721 Sekunden gebraucht
bei 8 cores haben 1000 Messungen 0.025007 Sekunden gebraucht
bei 8 cores haben 1000 Messungen 0.024559 Sekunden gebraucht
bei 8 cores haben 1000 Messungen 0.025855 Sekunden gebraucht
bei 8 cores haben 1000 Messungen 0.025285 Sekunden gebraucht
bei 8 cores haben 1000 Messungen 0.026192 Sekunden gebraucht
bei 8 cores haben 1000 Messungen 0.025563 Sekunden gebraucht
bei 8 cores haben 1000 Messungen 0.025158 Sekunden gebraucht
bei 8 cores haben 1000 Messungen 0.025505 Sekunden gebraucht
bei 8 cores haben 1000 Messungen 0.025074 Sekunden gebraucht
bei 9 cores haben 1000 Messungen 0.024368 Sekunden gebraucht
bei 9 cores haben 1000 Messungen 0.024673 Sekunden gebraucht
bei 9 cores haben 1000 Messungen 0.024425 Sekunden gebraucht
bei 9 cores haben 1000 Messungen 0.024507 Sekunden gebraucht
bei 9 cores haben 1000 Messungen 0.024374 Sekunden gebraucht
bei 9 cores haben 1000 Messungen 0.024534 Sekunden gebraucht
bei 9 cores haben 1000 Messungen 0.024203 Sekunden gebraucht
bei 9 cores haben 1000 Messungen 0.024680 Sekunden gebraucht
bei 9 cores haben 1000 Messungen 0.024845 Sekunden gebraucht
bei 9 cores haben 1000 Messungen 0.024421 Sekunden gebraucht
bei 10 cores haben 1000 Messungen 0.024966 Sekunden gebraucht
bei 10 cores haben 1000 Messungen 0.025017 Sekunden gebraucht
bei 10 cores haben 1000 Messungen 0.024595 Sekunden gebraucht
bei 10 cores haben 1000 Messungen 0.025009 Sekunden gebraucht
bei 10 cores haben 1000 Messungen 0.024835 Sekunden gebraucht
bei 10 cores haben 1000 Messungen 0.024688 Sekunden gebraucht
bei 10 cores haben 1000 Messungen 0.024618 Sekunden gebraucht
bei 10 cores haben 1000 Messungen 0.024986 Sekunden gebraucht
bei 10 cores haben 1000 Messungen 0.025082 Sekunden gebraucht
bei 10 cores haben 1000 Messungen 0.024709 Sekunden gebraucht
bei 11 cores haben 1000 Messungen 0.027195 Sekunden gebraucht
bei 11 cores haben 1000 Messungen 0.027236 Sekunden gebraucht
bei 11 cores haben 1000 Messungen 0.027147 Sekunden gebraucht
bei 11 cores haben 1000 Messungen 0.027190 Sekunden gebraucht
bei 11 cores haben 1000 Messungen 0.027277 Sekunden gebraucht
bei 11 cores haben 1000 Messungen 0.027581 Sekunden gebraucht
bei 11 cores haben 1000 Messungen 0.027515 Sekunden gebraucht
bei 11 cores haben 1000 Messungen 0.027205 Sekunden gebraucht
bei 11 cores haben 1000 Messungen 0.027465 Sekunden gebraucht
bei 11 cores haben 1000 Messungen 0.027145 Sekunden gebraucht
bei 12 cores haben 1000 Messungen 0.027911 Sekunden gebraucht
bei 12 cores haben 1000 Messungen 0.028309 Sekunden gebraucht
bei 12 cores haben 1000 Messungen 0.027587 Sekunden gebraucht
bei 12 cores haben 1000 Messungen 0.027901 Sekunden gebraucht
bei 12 cores haben 1000 Messungen 0.028162 Sekunden gebraucht
bei 12 cores haben 1000 Messungen 0.028299 Sekunden gebraucht
bei 12 cores haben 1000 Messungen 0.028113 Sekunden gebraucht
bei 12 cores haben 1000 Messungen 0.027660 Sekunden gebraucht
bei 12 cores haben 1000 Messungen 0.028220 Sekunden gebraucht
bei 12 cores haben 1000 Messungen 0.028218 Sekunden gebraucht
Laenge=50
bei 1 cores haben 1000 Messungen 0.317313 Sekunden gebraucht
bei 1 cores haben 1000 Messungen 0.316553 Sekunden gebraucht
bei 1 cores haben 1000 Messungen 0.329601 Sekunden gebraucht
bei 1 cores haben 1000 Messungen 0.394872 Sekunden gebraucht
bei 1 cores haben 1000 Messungen 0.391775 Sekunden gebraucht
bei 1 cores haben 1000 Messungen 0.317550 Sekunden gebraucht
bei 1 cores haben 1000 Messungen 0.320851 Sekunden gebraucht
bei 1 cores haben 1000 Messungen 0.317421 Sekunden gebraucht
bei 1 cores haben 1000 Messungen 0.316692 Sekunden gebraucht
bei 1 cores haben 1000 Messungen 0.360285 Sekunden gebraucht
bei 2 cores haben 1000 Messungen 0.273668 Sekunden gebraucht
bei 2 cores haben 1000 Messungen 0.289204 Sekunden gebraucht
bei 2 cores haben 1000 Messungen 0.266434 Sekunden gebraucht
bei 2 cores haben 1000 Messungen 0.266174 Sekunden gebraucht
bei 2 cores haben 1000 Messungen 0.266254 Sekunden gebraucht
bei 2 cores haben 1000 Messungen 0.316981 Sekunden gebraucht
bei 2 cores haben 1000 Messungen 0.314645 Sekunden gebraucht
bei 2 cores haben 1000 Messungen 0.318407 Sekunden gebraucht
bei 2 cores haben 1000 Messungen 0.303167 Sekunden gebraucht
bei 2 cores haben 1000 Messungen 0.265637 Sekunden gebraucht
bei 3 cores haben 1000 Messungen 0.231847 Sekunden gebraucht
bei 3 cores haben 1000 Messungen 0.242366 Sekunden gebraucht
bei 3 cores haben 1000 Messungen 0.220163 Sekunden gebraucht
bei 3 cores haben 1000 Messungen 0.224612 Sekunden gebraucht
bei 3 cores haben 1000 Messungen 0.224958 Sekunden gebraucht
bei 3 cores haben 1000 Messungen 0.219895 Sekunden gebraucht
bei 3 cores haben 1000 Messungen 0.211172 Sekunden gebraucht
bei 3 cores haben 1000 Messungen 0.221590 Sekunden gebraucht
bei 3 cores haben 1000 Messungen 0.220456 Sekunden gebraucht
bei 3 cores haben 1000 Messungen 0.226017 Sekunden gebraucht
bei 4 cores haben 1000 Messungen 0.228085 Sekunden gebraucht
bei 4 cores haben 1000 Messungen 0.218912 Sekunden gebraucht
bei 4 cores haben 1000 Messungen 0.215515 Sekunden gebraucht
bei 4 cores haben 1000 Messungen 0.171141 Sekunden gebraucht
bei 4 cores haben 1000 Messungen 0.217193 Sekunden gebraucht
bei 4 cores haben 1000 Messungen 0.204644 Sekunden gebraucht
bei 4 cores haben 1000 Messungen 0.180478 Sekunden gebraucht
bei 4 cores haben 1000 Messungen 0.226038 Sekunden gebraucht
bei 4 cores haben 1000 Messungen 0.176626 Sekunden gebraucht
bei 4 cores haben 1000 Messungen 0.209537 Sekunden gebraucht
bei 5 cores haben 1000 Messungen 0.226338 Sekunden gebraucht
bei 5 cores haben 1000 Messungen 0.155812 Sekunden gebraucht
bei 5 cores haben 1000 Messungen 0.157420 Sekunden gebraucht
bei 5 cores haben 1000 Messungen 0.239427 Sekunden gebraucht
bei 5 cores haben 1000 Messungen 0.224999 Sekunden gebraucht
bei 5 cores haben 1000 Messungen 0.224016 Sekunden gebraucht
bei 5 cores haben 1000 Messungen 0.223835 Sekunden gebraucht
bei 5 cores haben 1000 Messungen 0.222670 Sekunden gebraucht
bei 5 cores haben 1000 Messungen 0.229981 Sekunden gebraucht
bei 5 cores haben 1000 Messungen 0.135436 Sekunden gebraucht
bei 6 cores haben 1000 Messungen 0.224605 Sekunden gebraucht
bei 6 cores haben 1000 Messungen 0.224337 Sekunden gebraucht
bei 6 cores haben 1000 Messungen 0.226765 Sekunden gebraucht
bei 6 cores haben 1000 Messungen 0.227035 Sekunden gebraucht
bei 6 cores haben 1000 Messungen 0.224174 Sekunden gebraucht
bei 6 cores haben 1000 Messungen 0.229276 Sekunden gebraucht
bei 6 cores haben 1000 Messungen 0.230263 Sekunden gebraucht
bei 6 cores haben 1000 Messungen 0.206749 Sekunden gebraucht
bei 6 cores haben 1000 Messungen 0.224809 Sekunden gebraucht
bei 6 cores haben 1000 Messungen 0.224044 Sekunden gebraucht
bei 7 cores haben 1000 Messungen 0.225687 Sekunden gebraucht
bei 7 cores haben 1000 Messungen 0.226069 Sekunden gebraucht
bei 7 cores haben 1000 Messungen 0.226322 Sekunden gebraucht
bei 7 cores haben 1000 Messungen 0.226486 Sekunden gebraucht
bei 7 cores haben 1000 Messungen 0.226052 Sekunden gebraucht
bei 7 cores haben 1000 Messungen 0.226401 Sekunden gebraucht
bei 7 cores haben 1000 Messungen 0.228093 Sekunden gebraucht
bei 7 cores haben 1000 Messungen 0.281210 Sekunden gebraucht
bei 7 cores haben 1000 Messungen 0.221519 Sekunden gebraucht
bei 7 cores haben 1000 Messungen 0.320016 Sekunden gebraucht
bei 8 cores haben 1000 Messungen 0.221584 Sekunden gebraucht
bei 8 cores haben 1000 Messungen 0.223469 Sekunden gebraucht
bei 8 cores haben 1000 Messungen 0.221466 Sekunden gebraucht
bei 8 cores haben 1000 Messungen 0.222338 Sekunden gebraucht
bei 8 cores haben 1000 Messungen 0.222790 Sekunden gebraucht
bei 8 cores haben 1000 Messungen 0.252888 Sekunden gebraucht
bei 8 cores haben 1000 Messungen 0.222797 Sekunden gebraucht
bei 8 cores haben 1000 Messungen 0.222745 Sekunden gebraucht
bei 8 cores haben 1000 Messungen 0.222748 Sekunden gebraucht
bei 8 cores haben 1000 Messungen 0.225188 Sekunden gebraucht
bei 9 cores haben 1000 Messungen 0.233664 Sekunden gebraucht
bei 9 cores haben 1000 Messungen 0.221841 Sekunden gebraucht
bei 9 cores haben 1000 Messungen 0.221427 Sekunden gebraucht
bei 9 cores haben 1000 Messungen 0.222559 Sekunden gebraucht
bei 9 cores haben 1000 Messungen 0.223565 Sekunden gebraucht
bei 9 cores haben 1000 Messungen 0.222127 Sekunden gebraucht
bei 9 cores haben 1000 Messungen 0.221734 Sekunden gebraucht
bei 9 cores haben 1000 Messungen 0.221260 Sekunden gebraucht
bei 9 cores haben 1000 Messungen 0.222301 Sekunden gebraucht
bei 9 cores haben 1000 Messungen 0.222056 Sekunden gebraucht
bei 10 cores haben 1000 Messungen 0.223687 Sekunden gebraucht
bei 10 cores haben 1000 Messungen 0.223626 Sekunden gebraucht
bei 10 cores haben 1000 Messungen 0.223794 Sekunden gebraucht
bei 10 cores haben 1000 Messungen 0.222314 Sekunden gebraucht
bei 10 cores haben 1000 Messungen 0.225459 Sekunden gebraucht
bei 10 cores haben 1000 Messungen 0.233681 Sekunden gebraucht
bei 10 cores haben 1000 Messungen 0.222831 Sekunden gebraucht
bei 10 cores haben 1000 Messungen 0.222152 Sekunden gebraucht
bei 10 cores haben 1000 Messungen 0.224237 Sekunden gebraucht
bei 10 cores haben 1000 Messungen 0.225629 Sekunden gebraucht
bei 11 cores haben 1000 Messungen 0.222872 Sekunden gebraucht
bei 11 cores haben 1000 Messungen 0.225351 Sekunden gebraucht
bei 11 cores haben 1000 Messungen 0.227137 Sekunden gebraucht
bei 11 cores haben 1000 Messungen 0.222393 Sekunden gebraucht
bei 11 cores haben 1000 Messungen 0.226421 Sekunden gebraucht
bei 11 cores haben 1000 Messungen 0.224990 Sekunden gebraucht
bei 11 cores haben 1000 Messungen 0.223994 Sekunden gebraucht
bei 11 cores haben 1000 Messungen 0.224304 Sekunden gebraucht
bei 11 cores haben 1000 Messungen 0.225243 Sekunden gebraucht
bei 11 cores haben 1000 Messungen 0.235685 Sekunden gebraucht
bei 12 cores haben 1000 Messungen 0.222242 Sekunden gebraucht
bei 12 cores haben 1000 Messungen 0.222828 Sekunden gebraucht
bei 12 cores haben 1000 Messungen 0.222745 Sekunden gebraucht
bei 12 cores haben 1000 Messungen 0.223076 Sekunden gebraucht
bei 12 cores haben 1000 Messungen 0.222729 Sekunden gebraucht
bei 12 cores haben 1000 Messungen 0.222614 Sekunden gebraucht
bei 12 cores haben 1000 Messungen 0.221978 Sekunden gebraucht
bei 12 cores haben 1000 Messungen 0.220864 Sekunden gebraucht
bei 12 cores haben 1000 Messungen 0.222344 Sekunden gebraucht
bei 12 cores haben 1000 Messungen 0.223061 Sekunden gebraucht
Laenge=500
bei 1 cores haben 1000 Messungen 31.724819 Sekunden gebraucht
bei 1 cores haben 1000 Messungen 31.725608 Sekunden gebraucht
bei 1 cores haben 1000 Messungen 31.647412 Sekunden gebraucht
bei 1 cores haben 1000 Messungen 31.609058 Sekunden gebraucht
bei 1 cores haben 1000 Messungen 31.588791 Sekunden gebraucht
bei 1 cores haben 1000 Messungen 31.383209 Sekunden gebraucht
bei 1 cores haben 1000 Messungen 31.390331 Sekunden gebraucht
bei 1 cores haben 1000 Messungen 31.705747 Sekunden gebraucht
bei 1 cores haben 1000 Messungen 31.803014 Sekunden gebraucht
bei 1 cores haben 1000 Messungen 31.742984 Sekunden gebraucht
bei 2 cores haben 1000 Messungen 25.920960 Sekunden gebraucht
bei 2 cores haben 1000 Messungen 25.848283 Sekunden gebraucht
bei 2 cores haben 1000 Messungen 25.906586 Sekunden gebraucht
bei 2 cores haben 1000 Messungen 25.736273 Sekunden gebraucht
bei 2 cores haben 1000 Messungen 25.808037 Sekunden gebraucht
bei 2 cores haben 1000 Messungen 25.920431 Sekunden gebraucht
bei 2 cores haben 1000 Messungen 25.835968 Sekunden gebraucht
bei 2 cores haben 1000 Messungen 25.777329 Sekunden gebraucht
bei 2 cores haben 1000 Messungen 25.780382 Sekunden gebraucht
bei 2 cores haben 1000 Messungen 25.971809 Sekunden gebraucht
bei 3 cores haben 1000 Messungen 21.404434 Sekunden gebraucht
bei 3 cores haben 1000 Messungen 21.605640 Sekunden gebraucht
bei 3 cores haben 1000 Messungen 21.329701 Sekunden gebraucht
bei 3 cores haben 1000 Messungen 21.447669 Sekunden gebraucht
bei 3 cores haben 1000 Messungen 21.515185 Sekunden gebraucht
bei 3 cores haben 1000 Messungen 21.568957 Sekunden gebraucht
bei 3 cores haben 1000 Messungen 21.658843 Sekunden gebraucht
bei 3 cores haben 1000 Messungen 21.551269 Sekunden gebraucht
bei 3 cores haben 1000 Messungen 21.584158 Sekunden gebraucht
bei 3 cores haben 1000 Messungen 21.623945 Sekunden gebraucht
bei 4 cores haben 1000 Messungen 21.005367 Sekunden gebraucht
bei 4 cores haben 1000 Messungen 20.942430 Sekunden gebraucht
bei 4 cores haben 1000 Messungen 20.920502 Sekunden gebraucht
bei 4 cores haben 1000 Messungen 21.102122 Sekunden gebraucht
bei 4 cores haben 1000 Messungen 20.890887 Sekunden gebraucht
bei 4 cores haben 1000 Messungen 20.805249 Sekunden gebraucht
bei 4 cores haben 1000 Messungen 20.929265 Sekunden gebraucht
bei 4 cores haben 1000 Messungen 20.998210 Sekunden gebraucht
bei 4 cores haben 1000 Messungen 20.966683 Sekunden gebraucht
bei 4 cores haben 1000 Messungen 20.990115 Sekunden gebraucht
bei 5 cores haben 1000 Messungen 21.018576 Sekunden gebraucht
bei 5 cores haben 1000 Messungen 21.021912 Sekunden gebraucht
bei 5 cores haben 1000 Messungen 21.135108 Sekunden gebraucht
bei 5 cores haben 1000 Messungen 20.995441 Sekunden gebraucht
bei 5 cores haben 1000 Messungen 21.021476 Sekunden gebraucht
bei 5 cores haben 1000 Messungen 21.240959 Sekunden gebraucht
bei 5 cores haben 1000 Messungen 20.935741 Sekunden gebraucht
bei 5 cores haben 1000 Messungen 20.947983 Sekunden gebraucht
bei 5 cores haben 1000 Messungen 20.926881 Sekunden gebraucht
bei 5 cores haben 1000 Messungen 21.129461 Sekunden gebraucht
bei 6 cores haben 1000 Messungen 20.969930 Sekunden gebraucht
bei 6 cores haben 1000 Messungen 20.806140 Sekunden gebraucht
bei 6 cores haben 1000 Messungen 20.881394 Sekunden gebraucht
bei 6 cores haben 1000 Messungen 20.787750 Sekunden gebraucht
bei 6 cores haben 1000 Messungen 21.079137 Sekunden gebraucht
bei 6 cores haben 1000 Messungen 21.228106 Sekunden gebraucht
bei 6 cores haben 1000 Messungen 20.893422 Sekunden gebraucht
bei 6 cores haben 1000 Messungen 21.085823 Sekunden gebraucht
bei 6 cores haben 1000 Messungen 20.985956 Sekunden gebraucht
bei 6 cores haben 1000 Messungen 21.064365 Sekunden gebraucht
bei 7 cores haben 1000 Messungen 21.120363 Sekunden gebraucht
bei 7 cores haben 1000 Messungen 20.757828 Sekunden gebraucht
bei 7 cores haben 1000 Messungen 20.781851 Sekunden gebraucht
bei 7 cores haben 1000 Messungen 20.825803 Sekunden gebraucht
bei 7 cores haben 1000 Messungen 20.833275 Sekunden gebraucht
bei 7 cores haben 1000 Messungen 20.854088 Sekunden gebraucht
bei 7 cores haben 1000 Messungen 20.817777 Sekunden gebraucht
bei 7 cores haben 1000 Messungen 20.894006 Sekunden gebraucht
bei 7 cores haben 1000 Messungen 20.775333 Sekunden gebraucht
bei 7 cores haben 1000 Messungen 20.794809 Sekunden gebraucht
bei 8 cores haben 1000 Messungen 20.955716 Sekunden gebraucht
bei 8 cores haben 1000 Messungen 20.790812 Sekunden gebraucht
bei 8 cores haben 1000 Messungen 20.717004 Sekunden gebraucht
bei 8 cores haben 1000 Messungen 20.766527 Sekunden gebraucht
bei 8 cores haben 1000 Messungen 20.696480 Sekunden gebraucht
bei 8 cores haben 1000 Messungen 20.637268 Sekunden gebraucht
bei 8 cores haben 1000 Messungen 20.848122 Sekunden gebraucht
bei 8 cores haben 1000 Messungen 20.724183 Sekunden gebraucht
bei 8 cores haben 1000 Messungen 20.559568 Sekunden gebraucht
bei 8 cores haben 1000 Messungen 20.895355 Sekunden gebraucht
bei 9 cores haben 1000 Messungen 20.874578 Sekunden gebraucht
bei 9 cores haben 1000 Messungen 20.876494 Sekunden gebraucht
bei 9 cores haben 1000 Messungen 20.908349 Sekunden gebraucht
bei 9 cores haben 1000 Messungen 20.908734 Sekunden gebraucht
bei 9 cores haben 1000 Messungen 20.753166 Sekunden gebraucht
bei 9 cores haben 1000 Messungen 20.778142 Sekunden gebraucht
bei 9 cores haben 1000 Messungen 20.749724 Sekunden gebraucht
bei 9 cores haben 1000 Messungen 20.699699 Sekunden gebraucht
bei 9 cores haben 1000 Messungen 20.793269 Sekunden gebraucht
bei 9 cores haben 1000 Messungen 20.764803 Sekunden gebraucht
bei 10 cores haben 1000 Messungen 20.899328 Sekunden gebraucht
bei 10 cores haben 1000 Messungen 20.911353 Sekunden gebraucht
bei 10 cores haben 1000 Messungen 20.910466 Sekunden gebraucht
bei 10 cores haben 1000 Messungen 21.048066 Sekunden gebraucht
bei 10 cores haben 1000 Messungen 21.077457 Sekunden gebraucht
bei 10 cores haben 1000 Messungen 20.879040 Sekunden gebraucht
bei 10 cores haben 1000 Messungen 20.989220 Sekunden gebraucht
bei 10 cores haben 1000 Messungen 21.166548 Sekunden gebraucht
bei 10 cores haben 1000 Messungen 20.959567 Sekunden gebraucht
bei 10 cores haben 1000 Messungen 21.170647 Sekunden gebraucht
bei 11 cores haben 1000 Messungen 20.971352 Sekunden gebraucht
bei 11 cores haben 1000 Messungen 20.854983 Sekunden gebraucht
bei 11 cores haben 1000 Messungen 20.872179 Sekunden gebraucht
bei 11 cores haben 1000 Messungen 20.929167 Sekunden gebraucht
bei 11 cores haben 1000 Messungen 20.945944 Sekunden gebraucht
bei 11 cores haben 1000 Messungen 20.866476 Sekunden gebraucht
bei 11 cores haben 1000 Messungen 20.856255 Sekunden gebraucht
bei 11 cores haben 1000 Messungen 20.882470 Sekunden gebraucht
bei 11 cores haben 1000 Messungen 20.878637 Sekunden gebraucht
bei 11 cores haben 1000 Messungen 20.893396 Sekunden gebraucht
bei 12 cores haben 1000 Messungen 20.794755 Sekunden gebraucht
bei 12 cores haben 1000 Messungen 20.812323 Sekunden gebraucht
bei 12 cores haben 1000 Messungen 20.813997 Sekunden gebraucht
bei 12 cores haben 1000 Messungen 20.802637 Sekunden gebraucht
bei 12 cores haben 1000 Messungen 20.784056 Sekunden gebraucht
bei 12 cores haben 1000 Messungen 20.808258 Sekunden gebraucht
bei 12 cores haben 1000 Messungen 20.809393 Sekunden gebraucht
bei 12 cores haben 1000 Messungen 20.813282 Sekunden gebraucht
bei 12 cores haben 1000 Messungen 20.810567 Sekunden gebraucht
bei 12 cores haben 1000 Messungen 20.815328 Sekunden gebraucht
/hiskp4/gross/bachelorarbeit
