Sat Jun 13 10:37:26 CEST 2020 Waiting for 30 seconds before starting the job to allow the node to settle down
Sat Jun 13 10:37:56 CEST 2020 Waiting done, starting task!
Sat Jun 13 10:37:56 CEST 2020 Waiting for 30 seconds before starting the job to allow the node to settle down
Sat Jun 13 10:38:26 CEST 2020 Waiting done, starting task!
Laenge=10
bei 1 cores haben 1000 Messungen 0.009862 Sekunden gebraucht
bei 1 cores haben 1000 Messungen 0.009835 Sekunden gebraucht
bei 1 cores haben 1000 Messungen 0.009860 Sekunden gebraucht
bei 1 cores haben 1000 Messungen 0.009793 Sekunden gebraucht
bei 1 cores haben 1000 Messungen 0.009879 Sekunden gebraucht
bei 2 cores haben 1000 Messungen 0.009279 Sekunden gebraucht
bei 2 cores haben 1000 Messungen 0.008472 Sekunden gebraucht
bei 2 cores haben 1000 Messungen 0.008321 Sekunden gebraucht
bei 2 cores haben 1000 Messungen 0.008316 Sekunden gebraucht
bei 2 cores haben 1000 Messungen 0.008488 Sekunden gebraucht
bei 3 cores haben 1000 Messungen 0.020111 Sekunden gebraucht
bei 3 cores haben 1000 Messungen 0.016623 Sekunden gebraucht
bei 3 cores haben 1000 Messungen 0.015397 Sekunden gebraucht
bei 3 cores haben 1000 Messungen 0.014788 Sekunden gebraucht
bei 3 cores haben 1000 Messungen 0.016314 Sekunden gebraucht
bei 4 cores haben 1000 Messungen 0.016084 Sekunden gebraucht
bei 4 cores haben 1000 Messungen 0.016142 Sekunden gebraucht
bei 4 cores haben 1000 Messungen 0.016093 Sekunden gebraucht
bei 4 cores haben 1000 Messungen 0.016612 Sekunden gebraucht
bei 4 cores haben 1000 Messungen 0.016064 Sekunden gebraucht
bei 5 cores haben 1000 Messungen 0.016428 Sekunden gebraucht
bei 5 cores haben 1000 Messungen 0.016447 Sekunden gebraucht
bei 5 cores haben 1000 Messungen 0.016333 Sekunden gebraucht
bei 5 cores haben 1000 Messungen 0.016164 Sekunden gebraucht
bei 5 cores haben 1000 Messungen 0.016299 Sekunden gebraucht
bei 6 cores haben 1000 Messungen 0.018849 Sekunden gebraucht
bei 6 cores haben 1000 Messungen 0.018682 Sekunden gebraucht
bei 6 cores haben 1000 Messungen 0.018687 Sekunden gebraucht
bei 6 cores haben 1000 Messungen 0.018853 Sekunden gebraucht
bei 6 cores haben 1000 Messungen 0.018739 Sekunden gebraucht
bei 7 cores haben 1000 Messungen 0.018095 Sekunden gebraucht
bei 7 cores haben 1000 Messungen 0.016603 Sekunden gebraucht
bei 7 cores haben 1000 Messungen 0.016524 Sekunden gebraucht
bei 7 cores haben 1000 Messungen 0.016144 Sekunden gebraucht
bei 7 cores haben 1000 Messungen 0.016154 Sekunden gebraucht
bei 8 cores haben 1000 Messungen 0.016884 Sekunden gebraucht
bei 8 cores haben 1000 Messungen 0.016819 Sekunden gebraucht
bei 8 cores haben 1000 Messungen 0.016446 Sekunden gebraucht
bei 8 cores haben 1000 Messungen 0.016459 Sekunden gebraucht
bei 8 cores haben 1000 Messungen 0.016548 Sekunden gebraucht
bei 9 cores haben 1000 Messungen 0.018163 Sekunden gebraucht
bei 9 cores haben 1000 Messungen 0.018355 Sekunden gebraucht
bei 9 cores haben 1000 Messungen 0.018509 Sekunden gebraucht
bei 9 cores haben 1000 Messungen 0.018373 Sekunden gebraucht
bei 9 cores haben 1000 Messungen 0.018219 Sekunden gebraucht
bei 10 cores haben 1000 Messungen 0.022438 Sekunden gebraucht
bei 10 cores haben 1000 Messungen 0.022067 Sekunden gebraucht
bei 10 cores haben 1000 Messungen 0.022230 Sekunden gebraucht
bei 10 cores haben 1000 Messungen 0.021800 Sekunden gebraucht
bei 10 cores haben 1000 Messungen 0.022091 Sekunden gebraucht
bei 11 cores haben 1000 Messungen 0.021067 Sekunden gebraucht
bei 11 cores haben 1000 Messungen 0.020897 Sekunden gebraucht
bei 11 cores haben 1000 Messungen 0.021083 Sekunden gebraucht
bei 11 cores haben 1000 Messungen 0.020733 Sekunden gebraucht
bei 11 cores haben 1000 Messungen 0.020894 Sekunden gebraucht
bei 12 cores haben 1000 Messungen 0.024087 Sekunden gebraucht
bei 12 cores haben 1000 Messungen 0.024414 Sekunden gebraucht
bei 12 cores haben 1000 Messungen 0.024964 Sekunden gebraucht
bei 12 cores haben 1000 Messungen 0.024218 Sekunden gebraucht
bei 12 cores haben 1000 Messungen 0.024014 Sekunden gebraucht
Laenge=100
bei 1 cores haben 1000 Messungen 0.580763 Sekunden gebraucht
bei 1 cores haben 1000 Messungen 0.624780 Sekunden gebraucht
bei 1 cores haben 1000 Messungen 0.580296 Sekunden gebraucht
bei 1 cores haben 1000 Messungen 0.624422 Sekunden gebraucht
bei 1 cores haben 1000 Messungen 0.580167 Sekunden gebraucht
bei 2 cores haben 1000 Messungen 0.801183 Sekunden gebraucht
bei 2 cores haben 1000 Messungen 0.780760 Sekunden gebraucht
bei 2 cores haben 1000 Messungen 0.780263 Sekunden gebraucht
bei 2 cores haben 1000 Messungen 0.778395 Sekunden gebraucht
bei 2 cores haben 1000 Messungen 0.773273 Sekunden gebraucht
bei 3 cores haben 1000 Messungen 0.703762 Sekunden gebraucht
bei 3 cores haben 1000 Messungen 0.728928 Sekunden gebraucht
bei 3 cores haben 1000 Messungen 0.665004 Sekunden gebraucht
bei 3 cores haben 1000 Messungen 0.711360 Sekunden gebraucht
bei 3 cores haben 1000 Messungen 0.708599 Sekunden gebraucht
bei 4 cores haben 1000 Messungen 0.649654 Sekunden gebraucht
bei 4 cores haben 1000 Messungen 0.652381 Sekunden gebraucht
bei 4 cores haben 1000 Messungen 0.646383 Sekunden gebraucht
bei 4 cores haben 1000 Messungen 0.660017 Sekunden gebraucht
bei 4 cores haben 1000 Messungen 0.637194 Sekunden gebraucht
bei 5 cores haben 1000 Messungen 0.689692 Sekunden gebraucht
bei 5 cores haben 1000 Messungen 0.648941 Sekunden gebraucht
bei 5 cores haben 1000 Messungen 0.683624 Sekunden gebraucht
bei 5 cores haben 1000 Messungen 0.632431 Sekunden gebraucht
bei 5 cores haben 1000 Messungen 0.665866 Sekunden gebraucht
bei 6 cores haben 1000 Messungen 0.648534 Sekunden gebraucht
bei 6 cores haben 1000 Messungen 0.615030 Sekunden gebraucht
bei 6 cores haben 1000 Messungen 0.674516 Sekunden gebraucht
bei 6 cores haben 1000 Messungen 0.625511 Sekunden gebraucht
bei 6 cores haben 1000 Messungen 0.677553 Sekunden gebraucht
bei 7 cores haben 1000 Messungen 0.665785 Sekunden gebraucht
bei 7 cores haben 1000 Messungen 0.722752 Sekunden gebraucht
bei 7 cores haben 1000 Messungen 0.698171 Sekunden gebraucht
bei 7 cores haben 1000 Messungen 0.702682 Sekunden gebraucht
bei 7 cores haben 1000 Messungen 0.691707 Sekunden gebraucht
bei 8 cores haben 1000 Messungen 0.705960 Sekunden gebraucht
bei 8 cores haben 1000 Messungen 0.717587 Sekunden gebraucht
bei 8 cores haben 1000 Messungen 0.714032 Sekunden gebraucht
bei 8 cores haben 1000 Messungen 0.702526 Sekunden gebraucht
bei 8 cores haben 1000 Messungen 0.706908 Sekunden gebraucht
bei 9 cores haben 1000 Messungen 0.721611 Sekunden gebraucht
bei 9 cores haben 1000 Messungen 0.715355 Sekunden gebraucht
bei 9 cores haben 1000 Messungen 0.824383 Sekunden gebraucht
bei 9 cores haben 1000 Messungen 0.715486 Sekunden gebraucht
bei 9 cores haben 1000 Messungen 0.722675 Sekunden gebraucht
bei 10 cores haben 1000 Messungen 0.726009 Sekunden gebraucht
bei 10 cores haben 1000 Messungen 0.733635 Sekunden gebraucht
bei 10 cores haben 1000 Messungen 0.735141 Sekunden gebraucht
bei 10 cores haben 1000 Messungen 0.714820 Sekunden gebraucht
bei 10 cores haben 1000 Messungen 0.737614 Sekunden gebraucht
bei 11 cores haben 1000 Messungen 0.741173 Sekunden gebraucht
bei 11 cores haben 1000 Messungen 0.726922 Sekunden gebraucht
bei 11 cores haben 1000 Messungen 0.734999 Sekunden gebraucht
bei 11 cores haben 1000 Messungen 0.731842 Sekunden gebraucht
bei 11 cores haben 1000 Messungen 0.739416 Sekunden gebraucht
bei 12 cores haben 1000 Messungen 0.725178 Sekunden gebraucht
bei 12 cores haben 1000 Messungen 0.746757 Sekunden gebraucht
bei 12 cores haben 1000 Messungen 0.740538 Sekunden gebraucht
bei 12 cores haben 1000 Messungen 0.730052 Sekunden gebraucht
bei 12 cores haben 1000 Messungen 0.729434 Sekunden gebraucht
Laenge=500
bei 1 cores haben 1000 Messungen 14.503908 Sekunden gebraucht
bei 1 cores haben 1000 Messungen 14.547499 Sekunden gebraucht
bei 1 cores haben 1000 Messungen 14.460334 Sekunden gebraucht
bei 1 cores haben 1000 Messungen 14.459835 Sekunden gebraucht
bei 1 cores haben 1000 Messungen 14.460468 Sekunden gebraucht
bei 2 cores haben 1000 Messungen 19.637753 Sekunden gebraucht
bei 2 cores haben 1000 Messungen 19.612277 Sekunden gebraucht
bei 2 cores haben 1000 Messungen 19.932863 Sekunden gebraucht
bei 2 cores haben 1000 Messungen 19.613866 Sekunden gebraucht
bei 2 cores haben 1000 Messungen 19.396015 Sekunden gebraucht
bei 3 cores haben 1000 Messungen 17.510426 Sekunden gebraucht
bei 3 cores haben 1000 Messungen 17.789290 Sekunden gebraucht
bei 3 cores haben 1000 Messungen 17.362191 Sekunden gebraucht
bei 3 cores haben 1000 Messungen 17.748037 Sekunden gebraucht
bei 3 cores haben 1000 Messungen 17.742935 Sekunden gebraucht
bei 4 cores haben 1000 Messungen 16.385663 Sekunden gebraucht
bei 4 cores haben 1000 Messungen 16.469100 Sekunden gebraucht
bei 4 cores haben 1000 Messungen 16.435382 Sekunden gebraucht
bei 4 cores haben 1000 Messungen 16.411770 Sekunden gebraucht
bei 4 cores haben 1000 Messungen 16.438370 Sekunden gebraucht
bei 5 cores haben 1000 Messungen 17.093800 Sekunden gebraucht
bei 5 cores haben 1000 Messungen 17.112778 Sekunden gebraucht
bei 5 cores haben 1000 Messungen 17.072843 Sekunden gebraucht
bei 5 cores haben 1000 Messungen 17.210408 Sekunden gebraucht
bei 5 cores haben 1000 Messungen 17.183806 Sekunden gebraucht
bei 6 cores haben 1000 Messungen 16.854521 Sekunden gebraucht
bei 6 cores haben 1000 Messungen 17.090472 Sekunden gebraucht
bei 6 cores haben 1000 Messungen 17.002002 Sekunden gebraucht
bei 6 cores haben 1000 Messungen 16.849444 Sekunden gebraucht
bei 6 cores haben 1000 Messungen 16.905385 Sekunden gebraucht
bei 7 cores haben 1000 Messungen 17.562219 Sekunden gebraucht
bei 7 cores haben 1000 Messungen 17.677273 Sekunden gebraucht
bei 7 cores haben 1000 Messungen 17.525538 Sekunden gebraucht
bei 7 cores haben 1000 Messungen 17.169268 Sekunden gebraucht
bei 7 cores haben 1000 Messungen 18.408098 Sekunden gebraucht
bei 8 cores haben 1000 Messungen 17.348822 Sekunden gebraucht
bei 8 cores haben 1000 Messungen 17.676395 Sekunden gebraucht
bei 8 cores haben 1000 Messungen 17.441134 Sekunden gebraucht
bei 8 cores haben 1000 Messungen 17.533774 Sekunden gebraucht
bei 8 cores haben 1000 Messungen 17.572316 Sekunden gebraucht
bei 9 cores haben 1000 Messungen 18.122906 Sekunden gebraucht
bei 9 cores haben 1000 Messungen 18.071079 Sekunden gebraucht
bei 9 cores haben 1000 Messungen 18.066549 Sekunden gebraucht
bei 9 cores haben 1000 Messungen 18.211577 Sekunden gebraucht
bei 9 cores haben 1000 Messungen 17.978453 Sekunden gebraucht
bei 10 cores haben 1000 Messungen 18.064236 Sekunden gebraucht
bei 10 cores haben 1000 Messungen 18.022919 Sekunden gebraucht
bei 10 cores haben 1000 Messungen 18.110789 Sekunden gebraucht
bei 10 cores haben 1000 Messungen 18.164737 Sekunden gebraucht
bei 10 cores haben 1000 Messungen 18.066876 Sekunden gebraucht
bei 11 cores haben 1000 Messungen 17.970057 Sekunden gebraucht
bei 11 cores haben 1000 Messungen 17.958367 Sekunden gebraucht
bei 11 cores haben 1000 Messungen 17.926433 Sekunden gebraucht
bei 11 cores haben 1000 Messungen 17.895736 Sekunden gebraucht
bei 11 cores haben 1000 Messungen 18.033070 Sekunden gebraucht
bei 12 cores haben 1000 Messungen 18.010726 Sekunden gebraucht
bei 12 cores haben 1000 Messungen 18.112069 Sekunden gebraucht
bei 12 cores haben 1000 Messungen 18.062471 Sekunden gebraucht
bei 12 cores haben 1000 Messungen 18.060986 Sekunden gebraucht
bei 12 cores haben 1000 Messungen 18.062504 Sekunden gebraucht
/hiskp4/gross/bachelorarbeit
