Fri Jun 12 09:36:15 CEST 2020 Waiting for 30 seconds before starting the job to allow the node to settle down
Fri Jun 12 09:36:45 CEST 2020 Waiting done, starting task!
Fri Jun 12 09:36:45 CEST 2020 Waiting for 30 seconds before starting the job to allow the node to settle down
Fri Jun 12 09:37:15 CEST 2020 Waiting done, starting task!
Laenge=10
bei 1 cores haben 1000 Messungen 0.010606 Sekunden gebraucht
bei 1 cores haben 1000 Messungen 0.010504 Sekunden gebraucht
bei 1 cores haben 1000 Messungen 0.010493 Sekunden gebraucht
bei 1 cores haben 1000 Messungen 0.010496 Sekunden gebraucht
bei 1 cores haben 1000 Messungen 0.010496 Sekunden gebraucht
bei 2 cores haben 1000 Messungen 0.024224 Sekunden gebraucht
bei 2 cores haben 1000 Messungen 0.021446 Sekunden gebraucht
bei 2 cores haben 1000 Messungen 0.020016 Sekunden gebraucht
bei 2 cores haben 1000 Messungen 0.018745 Sekunden gebraucht
bei 2 cores haben 1000 Messungen 0.018162 Sekunden gebraucht
bei 3 cores haben 1000 Messungen 0.016975 Sekunden gebraucht
bei 3 cores haben 1000 Messungen 0.016791 Sekunden gebraucht
bei 3 cores haben 1000 Messungen 0.016368 Sekunden gebraucht
bei 3 cores haben 1000 Messungen 0.016520 Sekunden gebraucht
bei 3 cores haben 1000 Messungen 0.016437 Sekunden gebraucht
bei 4 cores haben 1000 Messungen 0.017849 Sekunden gebraucht
bei 4 cores haben 1000 Messungen 0.017905 Sekunden gebraucht
bei 4 cores haben 1000 Messungen 0.017775 Sekunden gebraucht
bei 4 cores haben 1000 Messungen 0.017863 Sekunden gebraucht
bei 4 cores haben 1000 Messungen 0.017856 Sekunden gebraucht
bei 5 cores haben 1000 Messungen 0.018461 Sekunden gebraucht
bei 5 cores haben 1000 Messungen 0.018222 Sekunden gebraucht
bei 5 cores haben 1000 Messungen 0.018287 Sekunden gebraucht
bei 5 cores haben 1000 Messungen 0.014903 Sekunden gebraucht
bei 5 cores haben 1000 Messungen 0.014132 Sekunden gebraucht
bei 6 cores haben 1000 Messungen 0.017539 Sekunden gebraucht
bei 6 cores haben 1000 Messungen 0.017623 Sekunden gebraucht
bei 6 cores haben 1000 Messungen 0.019050 Sekunden gebraucht
bei 6 cores haben 1000 Messungen 0.019303 Sekunden gebraucht
bei 6 cores haben 1000 Messungen 0.018618 Sekunden gebraucht
bei 7 cores haben 1000 Messungen 0.017369 Sekunden gebraucht
bei 7 cores haben 1000 Messungen 0.016706 Sekunden gebraucht
bei 7 cores haben 1000 Messungen 0.016595 Sekunden gebraucht
bei 7 cores haben 1000 Messungen 0.016042 Sekunden gebraucht
bei 7 cores haben 1000 Messungen 0.016413 Sekunden gebraucht
bei 8 cores haben 1000 Messungen 0.017522 Sekunden gebraucht
bei 8 cores haben 1000 Messungen 0.017356 Sekunden gebraucht
bei 8 cores haben 1000 Messungen 0.017311 Sekunden gebraucht
bei 8 cores haben 1000 Messungen 0.017383 Sekunden gebraucht
bei 8 cores haben 1000 Messungen 0.019391 Sekunden gebraucht
bei 9 cores haben 1000 Messungen 0.018875 Sekunden gebraucht
bei 9 cores haben 1000 Messungen 0.018679 Sekunden gebraucht
bei 9 cores haben 1000 Messungen 0.018551 Sekunden gebraucht
bei 9 cores haben 1000 Messungen 0.018496 Sekunden gebraucht
bei 9 cores haben 1000 Messungen 0.018470 Sekunden gebraucht
bei 10 cores haben 1000 Messungen 0.022988 Sekunden gebraucht
bei 10 cores haben 1000 Messungen 0.023221 Sekunden gebraucht
bei 10 cores haben 1000 Messungen 0.023007 Sekunden gebraucht
bei 10 cores haben 1000 Messungen 0.023436 Sekunden gebraucht
bei 10 cores haben 1000 Messungen 0.022990 Sekunden gebraucht
bei 11 cores haben 1000 Messungen 0.019648 Sekunden gebraucht
bei 11 cores haben 1000 Messungen 0.019715 Sekunden gebraucht
bei 11 cores haben 1000 Messungen 0.019528 Sekunden gebraucht
bei 11 cores haben 1000 Messungen 0.019478 Sekunden gebraucht
bei 11 cores haben 1000 Messungen 0.019853 Sekunden gebraucht
bei 12 cores haben 1000 Messungen 0.023446 Sekunden gebraucht
bei 12 cores haben 1000 Messungen 0.023438 Sekunden gebraucht
bei 12 cores haben 1000 Messungen 0.023271 Sekunden gebraucht
bei 12 cores haben 1000 Messungen 0.023169 Sekunden gebraucht
bei 12 cores haben 1000 Messungen 0.023157 Sekunden gebraucht
Laenge=100
bei 1 cores haben 1000 Messungen 0.630148 Sekunden gebraucht
bei 1 cores haben 1000 Messungen 0.629288 Sekunden gebraucht
bei 1 cores haben 1000 Messungen 0.672942 Sekunden gebraucht
bei 1 cores haben 1000 Messungen 0.628925 Sekunden gebraucht
bei 1 cores haben 1000 Messungen 0.629014 Sekunden gebraucht
bei 2 cores haben 1000 Messungen 0.953518 Sekunden gebraucht
bei 2 cores haben 1000 Messungen 0.926622 Sekunden gebraucht
bei 2 cores haben 1000 Messungen 0.906096 Sekunden gebraucht
bei 2 cores haben 1000 Messungen 0.858726 Sekunden gebraucht
bei 2 cores haben 1000 Messungen 0.859249 Sekunden gebraucht
bei 3 cores haben 1000 Messungen 0.763627 Sekunden gebraucht
bei 3 cores haben 1000 Messungen 0.706578 Sekunden gebraucht
bei 3 cores haben 1000 Messungen 0.736486 Sekunden gebraucht
bei 3 cores haben 1000 Messungen 0.751177 Sekunden gebraucht
bei 3 cores haben 1000 Messungen 0.798913 Sekunden gebraucht
bei 4 cores haben 1000 Messungen 0.728891 Sekunden gebraucht
bei 4 cores haben 1000 Messungen 0.710847 Sekunden gebraucht
bei 4 cores haben 1000 Messungen 0.702049 Sekunden gebraucht
bei 4 cores haben 1000 Messungen 0.724872 Sekunden gebraucht
bei 4 cores haben 1000 Messungen 0.722359 Sekunden gebraucht
bei 5 cores haben 1000 Messungen 0.723397 Sekunden gebraucht
bei 5 cores haben 1000 Messungen 0.763377 Sekunden gebraucht
bei 5 cores haben 1000 Messungen 0.765405 Sekunden gebraucht
bei 5 cores haben 1000 Messungen 0.744841 Sekunden gebraucht
bei 5 cores haben 1000 Messungen 0.726665 Sekunden gebraucht
bei 6 cores haben 1000 Messungen 0.749063 Sekunden gebraucht
bei 6 cores haben 1000 Messungen 0.749260 Sekunden gebraucht
bei 6 cores haben 1000 Messungen 0.678462 Sekunden gebraucht
bei 6 cores haben 1000 Messungen 0.750804 Sekunden gebraucht
bei 6 cores haben 1000 Messungen 0.746453 Sekunden gebraucht
bei 7 cores haben 1000 Messungen 0.790287 Sekunden gebraucht
bei 7 cores haben 1000 Messungen 0.792505 Sekunden gebraucht
bei 7 cores haben 1000 Messungen 0.779437 Sekunden gebraucht
bei 7 cores haben 1000 Messungen 0.838495 Sekunden gebraucht
bei 7 cores haben 1000 Messungen 0.770259 Sekunden gebraucht
bei 8 cores haben 1000 Messungen 0.776593 Sekunden gebraucht
bei 8 cores haben 1000 Messungen 0.836314 Sekunden gebraucht
bei 8 cores haben 1000 Messungen 0.757467 Sekunden gebraucht
bei 8 cores haben 1000 Messungen 0.780389 Sekunden gebraucht
bei 8 cores haben 1000 Messungen 0.756930 Sekunden gebraucht
bei 9 cores haben 1000 Messungen 0.810967 Sekunden gebraucht
bei 9 cores haben 1000 Messungen 0.953704 Sekunden gebraucht
bei 9 cores haben 1000 Messungen 0.824538 Sekunden gebraucht
bei 9 cores haben 1000 Messungen 0.783805 Sekunden gebraucht
bei 9 cores haben 1000 Messungen 0.815801 Sekunden gebraucht
bei 10 cores haben 1000 Messungen 0.794066 Sekunden gebraucht
bei 10 cores haben 1000 Messungen 0.800127 Sekunden gebraucht
bei 10 cores haben 1000 Messungen 0.782479 Sekunden gebraucht
bei 10 cores haben 1000 Messungen 0.802061 Sekunden gebraucht
bei 10 cores haben 1000 Messungen 0.814313 Sekunden gebraucht
bei 11 cores haben 1000 Messungen 0.830035 Sekunden gebraucht
bei 11 cores haben 1000 Messungen 0.797917 Sekunden gebraucht
bei 11 cores haben 1000 Messungen 0.820124 Sekunden gebraucht
bei 11 cores haben 1000 Messungen 0.792265 Sekunden gebraucht
bei 11 cores haben 1000 Messungen 0.811901 Sekunden gebraucht
bei 12 cores haben 1000 Messungen 0.817689 Sekunden gebraucht
bei 12 cores haben 1000 Messungen 0.804101 Sekunden gebraucht
bei 12 cores haben 1000 Messungen 0.808018 Sekunden gebraucht
bei 12 cores haben 1000 Messungen 0.806139 Sekunden gebraucht
bei 12 cores haben 1000 Messungen 0.818689 Sekunden gebraucht
Laenge=500
bei 1 cores haben 1000 Messungen 15.725133 Sekunden gebraucht
bei 1 cores haben 1000 Messungen 15.681152 Sekunden gebraucht
bei 1 cores haben 1000 Messungen 15.684073 Sekunden gebraucht
bei 1 cores haben 1000 Messungen 15.682462 Sekunden gebraucht
bei 1 cores haben 1000 Messungen 15.683684 Sekunden gebraucht
bei 2 cores haben 1000 Messungen 21.644304 Sekunden gebraucht
bei 2 cores haben 1000 Messungen 21.411265 Sekunden gebraucht
bei 2 cores haben 1000 Messungen 21.448427 Sekunden gebraucht
bei 2 cores haben 1000 Messungen 21.417431 Sekunden gebraucht
bei 2 cores haben 1000 Messungen 21.425935 Sekunden gebraucht
bei 3 cores haben 1000 Messungen 19.684396 Sekunden gebraucht
bei 3 cores haben 1000 Messungen 18.905566 Sekunden gebraucht
bei 3 cores haben 1000 Messungen 19.119524 Sekunden gebraucht
bei 3 cores haben 1000 Messungen 19.763192 Sekunden gebraucht
bei 3 cores haben 1000 Messungen 19.289217 Sekunden gebraucht
bei 4 cores haben 1000 Messungen 18.122265 Sekunden gebraucht
bei 4 cores haben 1000 Messungen 17.863093 Sekunden gebraucht
bei 4 cores haben 1000 Messungen 17.797187 Sekunden gebraucht
bei 4 cores haben 1000 Messungen 17.907129 Sekunden gebraucht
bei 4 cores haben 1000 Messungen 17.842803 Sekunden gebraucht
bei 5 cores haben 1000 Messungen 19.043375 Sekunden gebraucht
bei 5 cores haben 1000 Messungen 19.264162 Sekunden gebraucht
bei 5 cores haben 1000 Messungen 18.995937 Sekunden gebraucht
bei 5 cores haben 1000 Messungen 18.985068 Sekunden gebraucht
bei 5 cores haben 1000 Messungen 19.038021 Sekunden gebraucht
bei 6 cores haben 1000 Messungen 18.662466 Sekunden gebraucht
bei 6 cores haben 1000 Messungen 18.589621 Sekunden gebraucht
bei 6 cores haben 1000 Messungen 18.546856 Sekunden gebraucht
bei 6 cores haben 1000 Messungen 18.434209 Sekunden gebraucht
bei 6 cores haben 1000 Messungen 18.521803 Sekunden gebraucht
bei 7 cores haben 1000 Messungen 20.102355 Sekunden gebraucht
bei 7 cores haben 1000 Messungen 20.490561 Sekunden gebraucht
bei 7 cores haben 1000 Messungen 20.233771 Sekunden gebraucht
bei 7 cores haben 1000 Messungen 20.112457 Sekunden gebraucht
bei 7 cores haben 1000 Messungen 20.207716 Sekunden gebraucht
bei 8 cores haben 1000 Messungen 19.388461 Sekunden gebraucht
bei 8 cores haben 1000 Messungen 19.221535 Sekunden gebraucht
bei 8 cores haben 1000 Messungen 19.421076 Sekunden gebraucht
bei 8 cores haben 1000 Messungen 19.236997 Sekunden gebraucht
bei 8 cores haben 1000 Messungen 19.125387 Sekunden gebraucht
bei 9 cores haben 1000 Messungen 19.741810 Sekunden gebraucht
bei 9 cores haben 1000 Messungen 20.004558 Sekunden gebraucht
bei 9 cores haben 1000 Messungen 20.041217 Sekunden gebraucht
bei 9 cores haben 1000 Messungen 20.047984 Sekunden gebraucht
bei 9 cores haben 1000 Messungen 19.773880 Sekunden gebraucht
bei 10 cores haben 1000 Messungen 19.856906 Sekunden gebraucht
bei 10 cores haben 1000 Messungen 19.975875 Sekunden gebraucht
bei 10 cores haben 1000 Messungen 19.897728 Sekunden gebraucht
bei 10 cores haben 1000 Messungen 19.946728 Sekunden gebraucht
bei 10 cores haben 1000 Messungen 20.004586 Sekunden gebraucht
bei 11 cores haben 1000 Messungen 19.839638 Sekunden gebraucht
bei 11 cores haben 1000 Messungen 19.821075 Sekunden gebraucht
bei 11 cores haben 1000 Messungen 19.717147 Sekunden gebraucht
bei 11 cores haben 1000 Messungen 19.826669 Sekunden gebraucht
bei 11 cores haben 1000 Messungen 19.969907 Sekunden gebraucht
bei 12 cores haben 1000 Messungen 19.699185 Sekunden gebraucht
bei 12 cores haben 1000 Messungen 19.728940 Sekunden gebraucht
bei 12 cores haben 1000 Messungen 19.710687 Sekunden gebraucht
bei 12 cores haben 1000 Messungen 19.682024 Sekunden gebraucht
bei 12 cores haben 1000 Messungen 19.735128 Sekunden gebraucht
/hiskp4/gross/bachelorarbeit
