Tue Jul 21 18:00:50 CEST 2020 Waiting for 30 seconds before starting the job to allow the node to settle down
Tue Jul 21 18:01:20 CEST 2020 Waiting done, starting task!
36 1
Tue Jul 21 18:01:21 CEST 2020 Waiting for 30 seconds before starting the job to allow the node to settle down
Tue Jul 21 18:01:51 CEST 2020 Waiting done, starting task!
3 0
36
36 2
Tue Jul 21 18:01:52 CEST 2020 Waiting for 30 seconds before starting the job to allow the node to settle down
Tue Jul 21 18:01:52 CEST 2020 Waiting for 30 seconds before starting the job to allow the node to settle down
Tue Jul 21 18:02:22 CEST 2020 Waiting done, starting task!
Tue Jul 21 18:02:22 CEST 2020 Waiting done, starting task!
3 0
3 1
36
36 3
Tue Jul 21 18:02:24 CEST 2020 Waiting for 30 seconds before starting the job to allow the node to settle down
Tue Jul 21 18:02:24 CEST 2020 Waiting for 30 seconds before starting the job to allow the node to settle down
Tue Jul 21 18:02:24 CEST 2020 Waiting for 30 seconds before starting the job to allow the node to settle down
Tue Jul 21 18:02:54 CEST 2020 Waiting done, starting task!
Tue Jul 21 18:02:54 CEST 2020 Waiting done, starting task!
Tue Jul 21 18:02:54 CEST 2020 Waiting done, starting task!
3 0
3 2
3 1
36
36 4
Tue Jul 21 18:02:55 CEST 2020 Waiting for 30 seconds before starting the job to allow the node to settle down
Tue Jul 21 18:02:55 CEST 2020 Waiting for 30 seconds before starting the job to allow the node to settle down
Tue Jul 21 18:02:55 CEST 2020 Waiting for 30 seconds before starting the job to allow the node to settle down
Tue Jul 21 18:02:55 CEST 2020 Waiting for 30 seconds before starting the job to allow the node to settle down
Tue Jul 21 18:03:25 CEST 2020 Waiting done, starting task!
Tue Jul 21 18:03:25 CEST 2020 Waiting done, starting task!
Tue Jul 21 18:03:25 CEST 2020 Waiting done, starting task!
Tue Jul 21 18:03:25 CEST 2020 Waiting done, starting task!
3 0
3 1
3 3
3 2
36
36 6
Tue Jul 21 18:03:27 CEST 2020 Waiting for 30 seconds before starting the job to allow the node to settle down
Tue Jul 21 18:03:27 CEST 2020 Waiting for 30 seconds before starting the job to allow the node to settle down
Tue Jul 21 18:03:27 CEST 2020 Waiting for 30 seconds before starting the job to allow the node to settle down
Tue Jul 21 18:03:27 CEST 2020 Waiting for 30 seconds before starting the job to allow the node to settle down
Tue Jul 21 18:03:27 CEST 2020 Waiting for 30 seconds before starting the job to allow the node to settle down
Tue Jul 21 18:03:27 CEST 2020 Waiting for 30 seconds before starting the job to allow the node to settle down
Tue Jul 21 18:03:57 CEST 2020 Waiting done, starting task!
Tue Jul 21 18:03:57 CEST 2020 Waiting done, starting task!
Tue Jul 21 18:03:57 CEST 2020 Waiting done, starting task!
Tue Jul 21 18:03:57 CEST 2020 Waiting done, starting task!
Tue Jul 21 18:03:57 CEST 2020 Waiting done, starting task!
Tue Jul 21 18:03:57 CEST 2020 Waiting done, starting task!
3 2
3 0
3 1
3 3
3 5
3 4
36
36 9
Tue Jul 21 18:03:59 CEST 2020 Waiting for 30 seconds before starting the job to allow the node to settle down
Tue Jul 21 18:03:59 CEST 2020 Waiting for 30 seconds before starting the job to allow the node to settle down
Tue Jul 21 18:03:59 CEST 2020 Waiting for 30 seconds before starting the job to allow the node to settle down
Tue Jul 21 18:03:59 CEST 2020 Waiting for 30 seconds before starting the job to allow the node to settle down
Tue Jul 21 18:03:59 CEST 2020 Waiting for 30 seconds before starting the job to allow the node to settle down
Tue Jul 21 18:03:59 CEST 2020 Waiting for 30 seconds before starting the job to allow the node to settle down
Tue Jul 21 18:03:59 CEST 2020 Waiting for 30 seconds before starting the job to allow the node to settle down
Tue Jul 21 18:03:59 CEST 2020 Waiting for 30 seconds before starting the job to allow the node to settle down
Tue Jul 21 18:03:59 CEST 2020 Waiting for 30 seconds before starting the job to allow the node to settle down
Tue Jul 21 18:04:29 CEST 2020 Waiting done, starting task!
Tue Jul 21 18:04:29 CEST 2020 Waiting done, starting task!
Tue Jul 21 18:04:29 CEST 2020 Waiting done, starting task!
Tue Jul 21 18:04:29 CEST 2020 Waiting done, starting task!
Tue Jul 21 18:04:29 CEST 2020 Waiting done, starting task!
Tue Jul 21 18:04:29 CEST 2020 Waiting done, starting task!
Tue Jul 21 18:04:29 CEST 2020 Waiting done, starting task!
Tue Jul 21 18:04:29 CEST 2020 Waiting done, starting task!
Tue Jul 21 18:04:29 CEST 2020 Waiting done, starting task!
3 1
3 0
3 8
3 7
3 2
3 3
3 6
3 4
3 5
36
36 12
Tue Jul 21 18:04:30 CEST 2020 Waiting for 30 seconds before starting the job to allow the node to settle down
Tue Jul 21 18:04:30 CEST 2020 Waiting for 30 seconds before starting the job to allow the node to settle down
Tue Jul 21 18:04:30 CEST 2020 Waiting for 30 seconds before starting the job to allow the node to settle down
Tue Jul 21 18:04:30 CEST 2020 Waiting for 30 seconds before starting the job to allow the node to settle down
Tue Jul 21 18:04:30 CEST 2020 Waiting for 30 seconds before starting the job to allow the node to settle down
Tue Jul 21 18:04:30 CEST 2020 Waiting for 30 seconds before starting the job to allow the node to settle down
Tue Jul 21 18:04:31 CEST 2020 Waiting for 30 seconds before starting the job to allow the node to settle down
Tue Jul 21 18:04:31 CEST 2020 Waiting for 30 seconds before starting the job to allow the node to settle down
Tue Jul 21 18:04:31 CEST 2020 Waiting for 30 seconds before starting the job to allow the node to settle down
Tue Jul 21 18:04:31 CEST 2020 Waiting for 30 seconds before starting the job to allow the node to settle down
Tue Jul 21 18:04:31 CEST 2020 Waiting for 30 seconds before starting the job to allow the node to settle down
Tue Jul 21 18:04:31 CEST 2020 Waiting for 30 seconds before starting the job to allow the node to settle down
Tue Jul 21 18:05:00 CEST 2020 Waiting done, starting task!
Tue Jul 21 18:05:00 CEST 2020 Waiting done, starting task!
Tue Jul 21 18:05:00 CEST 2020 Waiting done, starting task!
Tue Jul 21 18:05:00 CEST 2020 Waiting done, starting task!
Tue Jul 21 18:05:00 CEST 2020 Waiting done, starting task!
Tue Jul 21 18:05:00 CEST 2020 Waiting done, starting task!
Tue Jul 21 18:05:01 CEST 2020 Waiting done, starting task!
Tue Jul 21 18:05:01 CEST 2020 Waiting done, starting task!
Tue Jul 21 18:05:01 CEST 2020 Waiting done, starting task!
Tue Jul 21 18:05:01 CEST 2020 Waiting done, starting task!
Tue Jul 21 18:05:01 CEST 2020 Waiting done, starting task!
Tue Jul 21 18:05:01 CEST 2020 Waiting done, starting task!
3 11
3 10
3 2
3 6
3 7
3 0
3 8
3 9
3 5
3 3
3 4
3 1
36
36 18
Tue Jul 21 18:05:03 CEST 2020 Waiting for 30 seconds before starting the job to allow the node to settle down
Tue Jul 21 18:05:03 CEST 2020 Waiting for 30 seconds before starting the job to allow the node to settle down
Tue Jul 21 18:05:03 CEST 2020 Waiting for 30 seconds before starting the job to allow the node to settle down
Tue Jul 21 18:05:03 CEST 2020 Waiting for 30 seconds before starting the job to allow the node to settle down
Tue Jul 21 18:05:03 CEST 2020 Waiting for 30 seconds before starting the job to allow the node to settle down
Tue Jul 21 18:05:03 CEST 2020 Waiting for 30 seconds before starting the job to allow the node to settle down
Tue Jul 21 18:05:03 CEST 2020 Waiting for 30 seconds before starting the job to allow the node to settle down
Tue Jul 21 18:05:03 CEST 2020 Waiting for 30 seconds before starting the job to allow the node to settle down
Tue Jul 21 18:05:03 CEST 2020 Waiting for 30 seconds before starting the job to allow the node to settle down
Tue Jul 21 18:05:03 CEST 2020 Waiting for 30 seconds before starting the job to allow the node to settle down
Tue Jul 21 18:05:03 CEST 2020 Waiting for 30 seconds before starting the job to allow the node to settle down
Tue Jul 21 18:05:03 CEST 2020 Waiting for 30 seconds before starting the job to allow the node to settle down
Tue Jul 21 18:05:03 CEST 2020 Waiting for 30 seconds before starting the job to allow the node to settle down
Tue Jul 21 18:05:03 CEST 2020 Waiting for 30 seconds before starting the job to allow the node to settle down
Tue Jul 21 18:05:03 CEST 2020 Waiting for 30 seconds before starting the job to allow the node to settle down
Tue Jul 21 18:05:03 CEST 2020 Waiting for 30 seconds before starting the job to allow the node to settle down
Tue Jul 21 18:05:03 CEST 2020 Waiting for 30 seconds before starting the job to allow the node to settle down
Tue Jul 21 18:05:03 CEST 2020 Waiting for 30 seconds before starting the job to allow the node to settle down
Tue Jul 21 18:05:33 CEST 2020 Waiting done, starting task!
Tue Jul 21 18:05:33 CEST 2020 Waiting done, starting task!
Tue Jul 21 18:05:33 CEST 2020 Waiting done, starting task!
Tue Jul 21 18:05:33 CEST 2020 Waiting done, starting task!
Tue Jul 21 18:05:33 CEST 2020 Waiting done, starting task!
Tue Jul 21 18:05:33 CEST 2020 Waiting done, starting task!
Tue Jul 21 18:05:33 CEST 2020 Waiting done, starting task!
Tue Jul 21 18:05:33 CEST 2020 Waiting done, starting task!
Tue Jul 21 18:05:33 CEST 2020 Waiting done, starting task!
Tue Jul 21 18:05:33 CEST 2020 Waiting done, starting task!
Tue Jul 21 18:05:33 CEST 2020 Waiting done, starting task!
Tue Jul 21 18:05:33 CEST 2020 Waiting done, starting task!
Tue Jul 21 18:05:33 CEST 2020 Waiting done, starting task!
Tue Jul 21 18:05:33 CEST 2020 Waiting done, starting task!
Tue Jul 21 18:05:33 CEST 2020 Waiting done, starting task!
Tue Jul 21 18:05:33 CEST 2020 Waiting done, starting task!
Tue Jul 21 18:05:33 CEST 2020 Waiting done, starting task!
Tue Jul 21 18:05:33 CEST 2020 Waiting done, starting task!
3 2
3 0
3 5
3 6
3 15
3 14
3 12
3 17
3 4
3 9
3 13
3 3
3 16
3 8
3 10
3 7
3 11
3 1
36
/hiskp4/gross/bachelorarbeit
