Thu Jun 25 12:14:20 CEST 2020 Waiting for 30 seconds before starting the job to allow the node to settle down
Thu Jun 25 12:14:50 CEST 2020 Waiting done, starting task!
Thu Jun 25 12:14:50 CEST 2020 Waiting for 30 seconds before starting the job to allow the node to settle down
Thu Jun 25 12:15:20 CEST 2020 Waiting done, starting task!
Laenge=100	Temperatur=0.500000
bei 1 cores haben 1000 Messungen 0.530367 Sekunden gebraucht
bei 1 cores haben 1000 Messungen 0.527589 Sekunden gebraucht
bei 1 cores haben 1000 Messungen 0.650156 Sekunden gebraucht
bei 1 cores haben 1000 Messungen 0.523587 Sekunden gebraucht
bei 1 cores haben 1000 Messungen 0.523695 Sekunden gebraucht
bei 2 cores haben 1000 Messungen 0.677528 Sekunden gebraucht
bei 2 cores haben 1000 Messungen 0.633258 Sekunden gebraucht
bei 2 cores haben 1000 Messungen 0.627693 Sekunden gebraucht
bei 2 cores haben 1000 Messungen 0.628816 Sekunden gebraucht
bei 2 cores haben 1000 Messungen 0.627096 Sekunden gebraucht
bei 3 cores haben 1000 Messungen 0.442929 Sekunden gebraucht
bei 3 cores haben 1000 Messungen 0.396512 Sekunden gebraucht
bei 3 cores haben 1000 Messungen 0.296771 Sekunden gebraucht
bei 3 cores haben 1000 Messungen 0.334193 Sekunden gebraucht
bei 3 cores haben 1000 Messungen 0.440903 Sekunden gebraucht
bei 4 cores haben 1000 Messungen 0.341909 Sekunden gebraucht
bei 4 cores haben 1000 Messungen 0.349840 Sekunden gebraucht
bei 4 cores haben 1000 Messungen 0.282796 Sekunden gebraucht
bei 4 cores haben 1000 Messungen 0.386763 Sekunden gebraucht
bei 4 cores haben 1000 Messungen 0.361783 Sekunden gebraucht
bei 5 cores haben 1000 Messungen 0.302439 Sekunden gebraucht
bei 5 cores haben 1000 Messungen 0.305924 Sekunden gebraucht
bei 5 cores haben 1000 Messungen 0.317502 Sekunden gebraucht
bei 5 cores haben 1000 Messungen 0.302075 Sekunden gebraucht
bei 5 cores haben 1000 Messungen 0.313533 Sekunden gebraucht
bei 6 cores haben 1000 Messungen 0.269390 Sekunden gebraucht
bei 6 cores haben 1000 Messungen 0.266507 Sekunden gebraucht
bei 6 cores haben 1000 Messungen 0.266977 Sekunden gebraucht
bei 6 cores haben 1000 Messungen 0.250888 Sekunden gebraucht
bei 6 cores haben 1000 Messungen 0.241930 Sekunden gebraucht
bei 7 cores haben 1000 Messungen 0.239336 Sekunden gebraucht
bei 7 cores haben 1000 Messungen 0.240403 Sekunden gebraucht
bei 7 cores haben 1000 Messungen 0.238498 Sekunden gebraucht
bei 7 cores haben 1000 Messungen 0.346557 Sekunden gebraucht
bei 7 cores haben 1000 Messungen 0.243976 Sekunden gebraucht
bei 8 cores haben 1000 Messungen 0.219472 Sekunden gebraucht
bei 8 cores haben 1000 Messungen 0.225434 Sekunden gebraucht
bei 8 cores haben 1000 Messungen 0.220646 Sekunden gebraucht
bei 8 cores haben 1000 Messungen 0.219324 Sekunden gebraucht
bei 8 cores haben 1000 Messungen 0.209845 Sekunden gebraucht
bei 9 cores haben 1000 Messungen 0.225838 Sekunden gebraucht
bei 9 cores haben 1000 Messungen 0.219726 Sekunden gebraucht
bei 9 cores haben 1000 Messungen 0.218668 Sekunden gebraucht
bei 9 cores haben 1000 Messungen 0.218887 Sekunden gebraucht
bei 9 cores haben 1000 Messungen 0.217151 Sekunden gebraucht
bei 10 cores haben 1000 Messungen 0.194310 Sekunden gebraucht
bei 10 cores haben 1000 Messungen 0.185253 Sekunden gebraucht
bei 10 cores haben 1000 Messungen 0.159111 Sekunden gebraucht
bei 10 cores haben 1000 Messungen 0.160102 Sekunden gebraucht
bei 10 cores haben 1000 Messungen 0.175174 Sekunden gebraucht
bei 11 cores haben 1000 Messungen 0.135975 Sekunden gebraucht
bei 11 cores haben 1000 Messungen 0.130584 Sekunden gebraucht
bei 11 cores haben 1000 Messungen 0.141000 Sekunden gebraucht
bei 11 cores haben 1000 Messungen 0.131750 Sekunden gebraucht
bei 11 cores haben 1000 Messungen 0.132447 Sekunden gebraucht
bei 12 cores haben 1000 Messungen 0.169899 Sekunden gebraucht
bei 12 cores haben 1000 Messungen 0.167943 Sekunden gebraucht
bei 12 cores haben 1000 Messungen 0.167764 Sekunden gebraucht
bei 12 cores haben 1000 Messungen 0.167928 Sekunden gebraucht
bei 12 cores haben 1000 Messungen 0.169315 Sekunden gebraucht
/hiskp4/gross/bachelorarbeit
