Tue Jul 21 14:34:28 CEST 2020 Waiting for 30 seconds before starting the job to allow the node to settle down
Tue Jul 21 14:34:58 CEST 2020 Waiting done, starting task!
360 1
Tue Jul 21 14:34:58 CEST 2020 Waiting for 30 seconds before starting the job to allow the node to settle down
Tue Jul 21 14:35:28 CEST 2020 Waiting done, starting task!
360
360 2
Tue Jul 21 14:36:35 CEST 2020 Waiting for 30 seconds before starting the job to allow the node to settle down
Tue Jul 21 14:36:35 CEST 2020 Waiting for 30 seconds before starting the job to allow the node to settle down
Tue Jul 21 14:37:05 CEST 2020 Waiting done, starting task!
Tue Jul 21 14:37:05 CEST 2020 Waiting done, starting task!
360
360 3
Tue Jul 21 14:37:39 CEST 2020 Waiting for 30 seconds before starting the job to allow the node to settle down
Tue Jul 21 14:37:40 CEST 2020 Waiting for 30 seconds before starting the job to allow the node to settle down
Tue Jul 21 14:37:40 CEST 2020 Waiting for 30 seconds before starting the job to allow the node to settle down
Tue Jul 21 14:38:09 CEST 2020 Waiting done, starting task!
Tue Jul 21 14:38:10 CEST 2020 Waiting done, starting task!
Tue Jul 21 14:38:10 CEST 2020 Waiting done, starting task!
360
360 4
Tue Jul 21 14:38:33 CEST 2020 Waiting for 30 seconds before starting the job to allow the node to settle down
Tue Jul 21 14:38:33 CEST 2020 Waiting for 30 seconds before starting the job to allow the node to settle down
Tue Jul 21 14:38:33 CEST 2020 Waiting for 30 seconds before starting the job to allow the node to settle down
Tue Jul 21 14:38:33 CEST 2020 Waiting for 30 seconds before starting the job to allow the node to settle down
Tue Jul 21 14:39:03 CEST 2020 Waiting done, starting task!
Tue Jul 21 14:39:03 CEST 2020 Waiting done, starting task!
Tue Jul 21 14:39:03 CEST 2020 Waiting done, starting task!
Tue Jul 21 14:39:03 CEST 2020 Waiting done, starting task!
360
360 5
Tue Jul 21 14:39:22 CEST 2020 Waiting for 30 seconds before starting the job to allow the node to settle down
Tue Jul 21 14:39:22 CEST 2020 Waiting for 30 seconds before starting the job to allow the node to settle down
Tue Jul 21 14:39:22 CEST 2020 Waiting for 30 seconds before starting the job to allow the node to settle down
Tue Jul 21 14:39:22 CEST 2020 Waiting for 30 seconds before starting the job to allow the node to settle down
Tue Jul 21 14:39:22 CEST 2020 Waiting for 30 seconds before starting the job to allow the node to settle down
Tue Jul 21 14:39:52 CEST 2020 Waiting done, starting task!
Tue Jul 21 14:39:52 CEST 2020 Waiting done, starting task!
Tue Jul 21 14:39:52 CEST 2020 Waiting done, starting task!
Tue Jul 21 14:39:52 CEST 2020 Waiting done, starting task!
Tue Jul 21 14:39:52 CEST 2020 Waiting done, starting task!
360
360 6
Tue Jul 21 14:40:07 CEST 2020 Waiting for 30 seconds before starting the job to allow the node to settle down
Tue Jul 21 14:40:07 CEST 2020 Waiting for 30 seconds before starting the job to allow the node to settle down
Tue Jul 21 14:40:07 CEST 2020 Waiting for 30 seconds before starting the job to allow the node to settle down
Tue Jul 21 14:40:07 CEST 2020 Waiting for 30 seconds before starting the job to allow the node to settle down
Tue Jul 21 14:40:07 CEST 2020 Waiting for 30 seconds before starting the job to allow the node to settle down
Tue Jul 21 14:40:07 CEST 2020 Waiting for 30 seconds before starting the job to allow the node to settle down
Tue Jul 21 14:40:37 CEST 2020 Waiting done, starting task!
Tue Jul 21 14:40:37 CEST 2020 Waiting done, starting task!
Tue Jul 21 14:40:37 CEST 2020 Waiting done, starting task!
Tue Jul 21 14:40:37 CEST 2020 Waiting done, starting task!
Tue Jul 21 14:40:37 CEST 2020 Waiting done, starting task!
Tue Jul 21 14:40:37 CEST 2020 Waiting done, starting task!
360
360 8
Tue Jul 21 14:40:50 CEST 2020 Waiting for 30 seconds before starting the job to allow the node to settle down
Tue Jul 21 14:40:50 CEST 2020 Waiting for 30 seconds before starting the job to allow the node to settle down
Tue Jul 21 14:40:50 CEST 2020 Waiting for 30 seconds before starting the job to allow the node to settle down
Tue Jul 21 14:40:50 CEST 2020 Waiting for 30 seconds before starting the job to allow the node to settle down
Tue Jul 21 14:40:50 CEST 2020 Waiting for 30 seconds before starting the job to allow the node to settle down
Tue Jul 21 14:40:50 CEST 2020 Waiting for 30 seconds before starting the job to allow the node to settle down
Tue Jul 21 14:40:50 CEST 2020 Waiting for 30 seconds before starting the job to allow the node to settle down
Tue Jul 21 14:40:50 CEST 2020 Waiting for 30 seconds before starting the job to allow the node to settle down
Tue Jul 21 14:41:20 CEST 2020 Waiting done, starting task!
Tue Jul 21 14:41:20 CEST 2020 Waiting done, starting task!
Tue Jul 21 14:41:20 CEST 2020 Waiting done, starting task!
Tue Jul 21 14:41:20 CEST 2020 Waiting done, starting task!
Tue Jul 21 14:41:20 CEST 2020 Waiting done, starting task!
Tue Jul 21 14:41:20 CEST 2020 Waiting done, starting task!
Tue Jul 21 14:41:20 CEST 2020 Waiting done, starting task!
Tue Jul 21 14:41:20 CEST 2020 Waiting done, starting task!
360
360 9
Tue Jul 21 14:41:31 CEST 2020 Waiting for 30 seconds before starting the job to allow the node to settle down
Tue Jul 21 14:41:31 CEST 2020 Waiting for 30 seconds before starting the job to allow the node to settle down
Tue Jul 21 14:41:31 CEST 2020 Waiting for 30 seconds before starting the job to allow the node to settle down
Tue Jul 21 14:41:31 CEST 2020 Waiting for 30 seconds before starting the job to allow the node to settle down
Tue Jul 21 14:41:31 CEST 2020 Waiting for 30 seconds before starting the job to allow the node to settle down
Tue Jul 21 14:41:31 CEST 2020 Waiting for 30 seconds before starting the job to allow the node to settle down
Tue Jul 21 14:41:31 CEST 2020 Waiting for 30 seconds before starting the job to allow the node to settle down
Tue Jul 21 14:41:31 CEST 2020 Waiting for 30 seconds before starting the job to allow the node to settle down
Tue Jul 21 14:41:31 CEST 2020 Waiting for 30 seconds before starting the job to allow the node to settle down
Tue Jul 21 14:42:01 CEST 2020 Waiting done, starting task!
Tue Jul 21 14:42:01 CEST 2020 Waiting done, starting task!
Tue Jul 21 14:42:01 CEST 2020 Waiting done, starting task!
Tue Jul 21 14:42:01 CEST 2020 Waiting done, starting task!
Tue Jul 21 14:42:01 CEST 2020 Waiting done, starting task!
Tue Jul 21 14:42:01 CEST 2020 Waiting done, starting task!
Tue Jul 21 14:42:01 CEST 2020 Waiting done, starting task!
Tue Jul 21 14:42:01 CEST 2020 Waiting done, starting task!
Tue Jul 21 14:42:01 CEST 2020 Waiting done, starting task!
360
360 10
Tue Jul 21 14:42:10 CEST 2020 Waiting for 30 seconds before starting the job to allow the node to settle down
Tue Jul 21 14:42:10 CEST 2020 Waiting for 30 seconds before starting the job to allow the node to settle down
Tue Jul 21 14:42:10 CEST 2020 Waiting for 30 seconds before starting the job to allow the node to settle down
Tue Jul 21 14:42:10 CEST 2020 Waiting for 30 seconds before starting the job to allow the node to settle down
Tue Jul 21 14:42:10 CEST 2020 Waiting for 30 seconds before starting the job to allow the node to settle down
Tue Jul 21 14:42:10 CEST 2020 Waiting for 30 seconds before starting the job to allow the node to settle down
Tue Jul 21 14:42:10 CEST 2020 Waiting for 30 seconds before starting the job to allow the node to settle down
Tue Jul 21 14:42:10 CEST 2020 Waiting for 30 seconds before starting the job to allow the node to settle down
Tue Jul 21 14:42:10 CEST 2020 Waiting for 30 seconds before starting the job to allow the node to settle down
Tue Jul 21 14:42:10 CEST 2020 Waiting for 30 seconds before starting the job to allow the node to settle down
Tue Jul 21 14:42:40 CEST 2020 Waiting done, starting task!
Tue Jul 21 14:42:40 CEST 2020 Waiting done, starting task!
Tue Jul 21 14:42:40 CEST 2020 Waiting done, starting task!
Tue Jul 21 14:42:40 CEST 2020 Waiting done, starting task!
Tue Jul 21 14:42:40 CEST 2020 Waiting done, starting task!
Tue Jul 21 14:42:40 CEST 2020 Waiting done, starting task!
Tue Jul 21 14:42:40 CEST 2020 Waiting done, starting task!
Tue Jul 21 14:42:40 CEST 2020 Waiting done, starting task!
Tue Jul 21 14:42:40 CEST 2020 Waiting done, starting task!
Tue Jul 21 14:42:40 CEST 2020 Waiting done, starting task!
360
360 12
Tue Jul 21 14:42:49 CEST 2020 Waiting for 30 seconds before starting the job to allow the node to settle down
Tue Jul 21 14:42:49 CEST 2020 Waiting for 30 seconds before starting the job to allow the node to settle down
Tue Jul 21 14:42:49 CEST 2020 Waiting for 30 seconds before starting the job to allow the node to settle down
Tue Jul 21 14:42:49 CEST 2020 Waiting for 30 seconds before starting the job to allow the node to settle down
Tue Jul 21 14:42:49 CEST 2020 Waiting for 30 seconds before starting the job to allow the node to settle down
Tue Jul 21 14:42:49 CEST 2020 Waiting for 30 seconds before starting the job to allow the node to settle down
Tue Jul 21 14:42:49 CEST 2020 Waiting for 30 seconds before starting the job to allow the node to settle down
Tue Jul 21 14:42:49 CEST 2020 Waiting for 30 seconds before starting the job to allow the node to settle down
Tue Jul 21 14:42:49 CEST 2020 Waiting for 30 seconds before starting the job to allow the node to settle down
Tue Jul 21 14:42:49 CEST 2020 Waiting for 30 seconds before starting the job to allow the node to settle down
Tue Jul 21 14:42:49 CEST 2020 Waiting for 30 seconds before starting the job to allow the node to settle down
Tue Jul 21 14:42:49 CEST 2020 Waiting for 30 seconds before starting the job to allow the node to settle down
Tue Jul 21 14:43:19 CEST 2020 Waiting done, starting task!
Tue Jul 21 14:43:19 CEST 2020 Waiting done, starting task!
Tue Jul 21 14:43:19 CEST 2020 Waiting done, starting task!
Tue Jul 21 14:43:19 CEST 2020 Waiting done, starting task!
Tue Jul 21 14:43:19 CEST 2020 Waiting done, starting task!
Tue Jul 21 14:43:19 CEST 2020 Waiting done, starting task!
Tue Jul 21 14:43:19 CEST 2020 Waiting done, starting task!
Tue Jul 21 14:43:19 CEST 2020 Waiting done, starting task!
Tue Jul 21 14:43:19 CEST 2020 Waiting done, starting task!
Tue Jul 21 14:43:19 CEST 2020 Waiting done, starting task!
Tue Jul 21 14:43:19 CEST 2020 Waiting done, starting task!
Tue Jul 21 14:43:19 CEST 2020 Waiting done, starting task!
360
360 15
Tue Jul 21 14:43:27 CEST 2020 Waiting for 30 seconds before starting the job to allow the node to settle down
Tue Jul 21 14:43:27 CEST 2020 Waiting for 30 seconds before starting the job to allow the node to settle down
Tue Jul 21 14:43:27 CEST 2020 Waiting for 30 seconds before starting the job to allow the node to settle down
Tue Jul 21 14:43:27 CEST 2020 Waiting for 30 seconds before starting the job to allow the node to settle down
Tue Jul 21 14:43:27 CEST 2020 Waiting for 30 seconds before starting the job to allow the node to settle down
Tue Jul 21 14:43:27 CEST 2020 Waiting for 30 seconds before starting the job to allow the node to settle down
Tue Jul 21 14:43:27 CEST 2020 Waiting for 30 seconds before starting the job to allow the node to settle down
Tue Jul 21 14:43:27 CEST 2020 Waiting for 30 seconds before starting the job to allow the node to settle down
Tue Jul 21 14:43:27 CEST 2020 Waiting for 30 seconds before starting the job to allow the node to settle down
Tue Jul 21 14:43:27 CEST 2020 Waiting for 30 seconds before starting the job to allow the node to settle down
Tue Jul 21 14:43:27 CEST 2020 Waiting for 30 seconds before starting the job to allow the node to settle down
Tue Jul 21 14:43:27 CEST 2020 Waiting for 30 seconds before starting the job to allow the node to settle down
Tue Jul 21 14:43:27 CEST 2020 Waiting for 30 seconds before starting the job to allow the node to settle down
Tue Jul 21 14:43:27 CEST 2020 Waiting for 30 seconds before starting the job to allow the node to settle down
Tue Jul 21 14:43:27 CEST 2020 Waiting for 30 seconds before starting the job to allow the node to settle down
Tue Jul 21 14:43:57 CEST 2020 Waiting done, starting task!
Tue Jul 21 14:43:57 CEST 2020 Waiting done, starting task!
Tue Jul 21 14:43:57 CEST 2020 Waiting done, starting task!
Tue Jul 21 14:43:57 CEST 2020 Waiting done, starting task!
Tue Jul 21 14:43:57 CEST 2020 Waiting done, starting task!
Tue Jul 21 14:43:57 CEST 2020 Waiting done, starting task!
Tue Jul 21 14:43:57 CEST 2020 Waiting done, starting task!
Tue Jul 21 14:43:57 CEST 2020 Waiting done, starting task!
Tue Jul 21 14:43:57 CEST 2020 Waiting done, starting task!
Tue Jul 21 14:43:57 CEST 2020 Waiting done, starting task!
Tue Jul 21 14:43:57 CEST 2020 Waiting done, starting task!
Tue Jul 21 14:43:57 CEST 2020 Waiting done, starting task!
Tue Jul 21 14:43:57 CEST 2020 Waiting done, starting task!
Tue Jul 21 14:43:57 CEST 2020 Waiting done, starting task!
Tue Jul 21 14:43:57 CEST 2020 Waiting done, starting task!
360
360 18
Tue Jul 21 14:44:05 CEST 2020 Waiting for 30 seconds before starting the job to allow the node to settle down
Tue Jul 21 14:44:05 CEST 2020 Waiting for 30 seconds before starting the job to allow the node to settle down
Tue Jul 21 14:44:05 CEST 2020 Waiting for 30 seconds before starting the job to allow the node to settle down
Tue Jul 21 14:44:05 CEST 2020 Waiting for 30 seconds before starting the job to allow the node to settle down
Tue Jul 21 14:44:05 CEST 2020 Waiting for 30 seconds before starting the job to allow the node to settle down
Tue Jul 21 14:44:05 CEST 2020 Waiting for 30 seconds before starting the job to allow the node to settle down
Tue Jul 21 14:44:05 CEST 2020 Waiting for 30 seconds before starting the job to allow the node to settle down
Tue Jul 21 14:44:05 CEST 2020 Waiting for 30 seconds before starting the job to allow the node to settle down
Tue Jul 21 14:44:05 CEST 2020 Waiting for 30 seconds before starting the job to allow the node to settle down
Tue Jul 21 14:44:05 CEST 2020 Waiting for 30 seconds before starting the job to allow the node to settle down
Tue Jul 21 14:44:05 CEST 2020 Waiting for 30 seconds before starting the job to allow the node to settle down
Tue Jul 21 14:44:05 CEST 2020 Waiting for 30 seconds before starting the job to allow the node to settle down
Tue Jul 21 14:44:05 CEST 2020 Waiting for 30 seconds before starting the job to allow the node to settle down
Tue Jul 21 14:44:05 CEST 2020 Waiting for 30 seconds before starting the job to allow the node to settle down
Tue Jul 21 14:44:05 CEST 2020 Waiting for 30 seconds before starting the job to allow the node to settle down
Tue Jul 21 14:44:05 CEST 2020 Waiting for 30 seconds before starting the job to allow the node to settle down
Tue Jul 21 14:44:05 CEST 2020 Waiting for 30 seconds before starting the job to allow the node to settle down
Tue Jul 21 14:44:05 CEST 2020 Waiting for 30 seconds before starting the job to allow the node to settle down
Tue Jul 21 14:44:35 CEST 2020 Waiting done, starting task!
Tue Jul 21 14:44:35 CEST 2020 Waiting done, starting task!
Tue Jul 21 14:44:35 CEST 2020 Waiting done, starting task!
Tue Jul 21 14:44:35 CEST 2020 Waiting done, starting task!
Tue Jul 21 14:44:35 CEST 2020 Waiting done, starting task!
Tue Jul 21 14:44:35 CEST 2020 Waiting done, starting task!
Tue Jul 21 14:44:35 CEST 2020 Waiting done, starting task!
Tue Jul 21 14:44:35 CEST 2020 Waiting done, starting task!
Tue Jul 21 14:44:35 CEST 2020 Waiting done, starting task!
Tue Jul 21 14:44:35 CEST 2020 Waiting done, starting task!
Tue Jul 21 14:44:35 CEST 2020 Waiting done, starting task!
Tue Jul 21 14:44:35 CEST 2020 Waiting done, starting task!
Tue Jul 21 14:44:35 CEST 2020 Waiting done, starting task!
Tue Jul 21 14:44:35 CEST 2020 Waiting done, starting task!
Tue Jul 21 14:44:35 CEST 2020 Waiting done, starting task!
Tue Jul 21 14:44:35 CEST 2020 Waiting done, starting task!
Tue Jul 21 14:44:35 CEST 2020 Waiting done, starting task!
Tue Jul 21 14:44:35 CEST 2020 Waiting done, starting task!
360
360 20
Tue Jul 21 14:44:42 CEST 2020 Waiting for 30 seconds before starting the job to allow the node to settle down
Tue Jul 21 14:44:42 CEST 2020 Waiting for 30 seconds before starting the job to allow the node to settle down
Tue Jul 21 14:44:42 CEST 2020 Waiting for 30 seconds before starting the job to allow the node to settle down
Tue Jul 21 14:44:42 CEST 2020 Waiting for 30 seconds before starting the job to allow the node to settle down
Tue Jul 21 14:44:42 CEST 2020 Waiting for 30 seconds before starting the job to allow the node to settle down
Tue Jul 21 14:44:42 CEST 2020 Waiting for 30 seconds before starting the job to allow the node to settle down
Tue Jul 21 14:44:42 CEST 2020 Waiting for 30 seconds before starting the job to allow the node to settle down
Tue Jul 21 14:44:42 CEST 2020 Waiting for 30 seconds before starting the job to allow the node to settle down
Tue Jul 21 14:44:42 CEST 2020 Waiting for 30 seconds before starting the job to allow the node to settle down
Tue Jul 21 14:44:42 CEST 2020 Waiting for 30 seconds before starting the job to allow the node to settle down
Tue Jul 21 14:44:42 CEST 2020 Waiting for 30 seconds before starting the job to allow the node to settle down
Tue Jul 21 14:44:42 CEST 2020 Waiting for 30 seconds before starting the job to allow the node to settle down
Tue Jul 21 14:44:42 CEST 2020 Waiting for 30 seconds before starting the job to allow the node to settle down
Tue Jul 21 14:44:42 CEST 2020 Waiting for 30 seconds before starting the job to allow the node to settle down
Tue Jul 21 14:44:42 CEST 2020 Waiting for 30 seconds before starting the job to allow the node to settle down
Tue Jul 21 14:44:42 CEST 2020 Waiting for 30 seconds before starting the job to allow the node to settle down
Tue Jul 21 14:44:42 CEST 2020 Waiting for 30 seconds before starting the job to allow the node to settle down
Tue Jul 21 14:44:42 CEST 2020 Waiting for 30 seconds before starting the job to allow the node to settle down
Tue Jul 21 14:44:42 CEST 2020 Waiting for 30 seconds before starting the job to allow the node to settle down
Tue Jul 21 14:44:42 CEST 2020 Waiting for 30 seconds before starting the job to allow the node to settle down
Tue Jul 21 14:45:12 CEST 2020 Waiting done, starting task!
Tue Jul 21 14:45:12 CEST 2020 Waiting done, starting task!
Tue Jul 21 14:45:12 CEST 2020 Waiting done, starting task!
Tue Jul 21 14:45:12 CEST 2020 Waiting done, starting task!
Tue Jul 21 14:45:12 CEST 2020 Waiting done, starting task!
Tue Jul 21 14:45:12 CEST 2020 Waiting done, starting task!
Tue Jul 21 14:45:12 CEST 2020 Waiting done, starting task!
Tue Jul 21 14:45:12 CEST 2020 Waiting done, starting task!
Tue Jul 21 14:45:12 CEST 2020 Waiting done, starting task!
Tue Jul 21 14:45:12 CEST 2020 Waiting done, starting task!
Tue Jul 21 14:45:12 CEST 2020 Waiting done, starting task!
Tue Jul 21 14:45:12 CEST 2020 Waiting done, starting task!
Tue Jul 21 14:45:12 CEST 2020 Waiting done, starting task!
Tue Jul 21 14:45:12 CEST 2020 Waiting done, starting task!
Tue Jul 21 14:45:12 CEST 2020 Waiting done, starting task!
Tue Jul 21 14:45:12 CEST 2020 Waiting done, starting task!
Tue Jul 21 14:45:12 CEST 2020 Waiting done, starting task!
Tue Jul 21 14:45:12 CEST 2020 Waiting done, starting task!
Tue Jul 21 14:45:12 CEST 2020 Waiting done, starting task!
Tue Jul 21 14:45:12 CEST 2020 Waiting done, starting task!
360
/hiskp4/gross/bachelorarbeit
