Wed Jul 15 16:55:05 CEST 2020 Waiting for 30 seconds before starting the job to allow the node to settle down
Wed Jul 15 16:55:35 CEST 2020 Waiting done, starting task!
Wed Jul 15 16:55:35 CEST 2020 Waiting for 30 seconds before starting the job to allow the node to settle down
Wed Jul 15 16:55:35 CEST 2020 Waiting for 30 seconds before starting the job to allow the node to settle down
Wed Jul 15 16:55:35 CEST 2020 Waiting for 30 seconds before starting the job to allow the node to settle down
Wed Jul 15 16:56:05 CEST 2020 Waiting done, starting task!
Wed Jul 15 16:56:05 CEST 2020 Waiting done, starting task!
Wed Jul 15 16:56:05 CEST 2020 Waiting done, starting task!
1.000000	3.000000	1000.000000	12.000000	0.092311
1.000000	3.000000	1000.000000	12.000000	0.073230
1.000000	3.000000	1000.000000	12.000000	0.073604
1.000000	3.000000	1000.000000	12.000000	0.072916
1.000000	3.000000	1000.000000	12.000000	0.072956
1.000000	3.000000	1000.000000	12.000000	0.073637
1.000000	3.000000	1000.000000	12.000000	0.072923
1.000000	3.000000	1000.000000	12.000000	0.072915
1.000000	3.000000	1000.000000	12.000000	0.074369
1.000000	3.000000	1000.000000	12.000000	0.072988
2.000000	3.000000	1000.000000	12.000000	0.092614
2.000000	3.000000	1000.000000	12.000000	0.073503
2.000000	3.000000	1000.000000	12.000000	0.073887
2.000000	3.000000	1000.000000	12.000000	0.073177
2.000000	3.000000	1000.000000	12.000000	0.073125
2.000000	3.000000	1000.000000	12.000000	0.073515
2.000000	3.000000	1000.000000	12.000000	0.073088
2.000000	3.000000	1000.000000	12.000000	0.073143
2.000000	3.000000	1000.000000	12.000000	0.074538
2.000000	3.000000	1000.000000	12.000000	0.072880
0.000000	3.000000	1000.000000	12.000000	0.092791
0.000000	3.000000	1000.000000	12.000000	0.073669
0.000000	3.000000	1000.000000	12.000000	0.074029
0.000000	3.000000	1000.000000	12.000000	0.073329
0.000000	3.000000	1000.000000	12.000000	0.073280
0.000000	3.000000	1000.000000	12.000000	0.073825
0.000000	3.000000	1000.000000	12.000000	0.073234
0.000000	3.000000	1000.000000	12.000000	0.073291
0.000000	3.000000	1000.000000	12.000000	0.074695
0.000000	3.000000	1000.000000	12.000000	0.073174
/hiskp4/gross/bachelorarbeit
