Tue Jul 21 18:12:09 CEST 2020 Waiting for 30 seconds before starting the job to allow the node to settle down
Tue Jul 21 18:12:39 CEST 2020 Waiting done, starting task!
120 1
Tue Jul 21 18:12:39 CEST 2020 Waiting for 30 seconds before starting the job to allow the node to settle down
Tue Jul 21 18:13:09 CEST 2020 Waiting done, starting task!
3 0
120
120 2
Tue Jul 21 18:13:17 CEST 2020 Waiting for 30 seconds before starting the job to allow the node to settle down
Tue Jul 21 18:13:17 CEST 2020 Waiting for 30 seconds before starting the job to allow the node to settle down
Tue Jul 21 18:13:47 CEST 2020 Waiting done, starting task!
Tue Jul 21 18:13:47 CEST 2020 Waiting done, starting task!
3 0
3 1
120
120 3
Tue Jul 21 18:13:52 CEST 2020 Waiting for 30 seconds before starting the job to allow the node to settle down
Tue Jul 21 18:13:52 CEST 2020 Waiting for 30 seconds before starting the job to allow the node to settle down
Tue Jul 21 18:13:52 CEST 2020 Waiting for 30 seconds before starting the job to allow the node to settle down
Tue Jul 21 18:14:22 CEST 2020 Waiting done, starting task!
Tue Jul 21 18:14:22 CEST 2020 Waiting done, starting task!
Tue Jul 21 18:14:22 CEST 2020 Waiting done, starting task!
3 1
3 0
3 2
120
120 4
Tue Jul 21 18:14:26 CEST 2020 Waiting for 30 seconds before starting the job to allow the node to settle down
Tue Jul 21 18:14:26 CEST 2020 Waiting for 30 seconds before starting the job to allow the node to settle down
Tue Jul 21 18:14:26 CEST 2020 Waiting for 30 seconds before starting the job to allow the node to settle down
Tue Jul 21 18:14:26 CEST 2020 Waiting for 30 seconds before starting the job to allow the node to settle down
Tue Jul 21 18:14:56 CEST 2020 Waiting done, starting task!
Tue Jul 21 18:14:56 CEST 2020 Waiting done, starting task!
Tue Jul 21 18:14:56 CEST 2020 Waiting done, starting task!
Tue Jul 21 18:14:56 CEST 2020 Waiting done, starting task!
3 0
3 1
3 2
3 3
120
120 5
Tue Jul 21 18:15:00 CEST 2020 Waiting for 30 seconds before starting the job to allow the node to settle down
Tue Jul 21 18:15:00 CEST 2020 Waiting for 30 seconds before starting the job to allow the node to settle down
Tue Jul 21 18:15:00 CEST 2020 Waiting for 30 seconds before starting the job to allow the node to settle down
Tue Jul 21 18:15:00 CEST 2020 Waiting for 30 seconds before starting the job to allow the node to settle down
Tue Jul 21 18:15:00 CEST 2020 Waiting for 30 seconds before starting the job to allow the node to settle down
Tue Jul 21 18:15:30 CEST 2020 Waiting done, starting task!
Tue Jul 21 18:15:30 CEST 2020 Waiting done, starting task!
Tue Jul 21 18:15:30 CEST 2020 Waiting done, starting task!
Tue Jul 21 18:15:30 CEST 2020 Waiting done, starting task!
Tue Jul 21 18:15:30 CEST 2020 Waiting done, starting task!
3 0
3 1
3 4
3 2
3 3
120
120 6
Tue Jul 21 18:15:33 CEST 2020 Waiting for 30 seconds before starting the job to allow the node to settle down
Tue Jul 21 18:15:33 CEST 2020 Waiting for 30 seconds before starting the job to allow the node to settle down
Tue Jul 21 18:15:33 CEST 2020 Waiting for 30 seconds before starting the job to allow the node to settle down
Tue Jul 21 18:15:33 CEST 2020 Waiting for 30 seconds before starting the job to allow the node to settle down
Tue Jul 21 18:15:33 CEST 2020 Waiting for 30 seconds before starting the job to allow the node to settle down
Tue Jul 21 18:15:33 CEST 2020 Waiting for 30 seconds before starting the job to allow the node to settle down
Tue Jul 21 18:16:03 CEST 2020 Waiting done, starting task!
Tue Jul 21 18:16:03 CEST 2020 Waiting done, starting task!
Tue Jul 21 18:16:03 CEST 2020 Waiting done, starting task!
Tue Jul 21 18:16:03 CEST 2020 Waiting done, starting task!
Tue Jul 21 18:16:03 CEST 2020 Waiting done, starting task!
Tue Jul 21 18:16:03 CEST 2020 Waiting done, starting task!
3 0
3 1
3 3
3 2
3 5
3 4
120
120 8
Tue Jul 21 18:16:06 CEST 2020 Waiting for 30 seconds before starting the job to allow the node to settle down
Tue Jul 21 18:16:06 CEST 2020 Waiting for 30 seconds before starting the job to allow the node to settle down
Tue Jul 21 18:16:06 CEST 2020 Waiting for 30 seconds before starting the job to allow the node to settle down
Tue Jul 21 18:16:06 CEST 2020 Waiting for 30 seconds before starting the job to allow the node to settle down
Tue Jul 21 18:16:06 CEST 2020 Waiting for 30 seconds before starting the job to allow the node to settle down
Tue Jul 21 18:16:06 CEST 2020 Waiting for 30 seconds before starting the job to allow the node to settle down
Tue Jul 21 18:16:06 CEST 2020 Waiting for 30 seconds before starting the job to allow the node to settle down
Tue Jul 21 18:16:06 CEST 2020 Waiting for 30 seconds before starting the job to allow the node to settle down
Tue Jul 21 18:16:36 CEST 2020 Waiting done, starting task!
Tue Jul 21 18:16:36 CEST 2020 Waiting done, starting task!
Tue Jul 21 18:16:36 CEST 2020 Waiting done, starting task!
Tue Jul 21 18:16:36 CEST 2020 Waiting done, starting task!
Tue Jul 21 18:16:36 CEST 2020 Waiting done, starting task!
Tue Jul 21 18:16:36 CEST 2020 Waiting done, starting task!
Tue Jul 21 18:16:36 CEST 2020 Waiting done, starting task!
Tue Jul 21 18:16:36 CEST 2020 Waiting done, starting task!
3 1
3 0
3 6
3 7
3 4
3 5
3 2
3 3
120
120 10
Tue Jul 21 18:16:39 CEST 2020 Waiting for 30 seconds before starting the job to allow the node to settle down
Tue Jul 21 18:16:39 CEST 2020 Waiting for 30 seconds before starting the job to allow the node to settle down
Tue Jul 21 18:16:39 CEST 2020 Waiting for 30 seconds before starting the job to allow the node to settle down
Tue Jul 21 18:16:39 CEST 2020 Waiting for 30 seconds before starting the job to allow the node to settle down
Tue Jul 21 18:16:39 CEST 2020 Waiting for 30 seconds before starting the job to allow the node to settle down
Tue Jul 21 18:16:39 CEST 2020 Waiting for 30 seconds before starting the job to allow the node to settle down
Tue Jul 21 18:16:39 CEST 2020 Waiting for 30 seconds before starting the job to allow the node to settle down
Tue Jul 21 18:16:39 CEST 2020 Waiting for 30 seconds before starting the job to allow the node to settle down
Tue Jul 21 18:16:39 CEST 2020 Waiting for 30 seconds before starting the job to allow the node to settle down
Tue Jul 21 18:16:39 CEST 2020 Waiting for 30 seconds before starting the job to allow the node to settle down
Tue Jul 21 18:17:09 CEST 2020 Waiting done, starting task!
Tue Jul 21 18:17:09 CEST 2020 Waiting done, starting task!
Tue Jul 21 18:17:09 CEST 2020 Waiting done, starting task!
Tue Jul 21 18:17:09 CEST 2020 Waiting done, starting task!
Tue Jul 21 18:17:09 CEST 2020 Waiting done, starting task!
Tue Jul 21 18:17:09 CEST 2020 Waiting done, starting task!
Tue Jul 21 18:17:09 CEST 2020 Waiting done, starting task!
Tue Jul 21 18:17:09 CEST 2020 Waiting done, starting task!
Tue Jul 21 18:17:09 CEST 2020 Waiting done, starting task!
Tue Jul 21 18:17:09 CEST 2020 Waiting done, starting task!
3 0
3 1
3 9
3 2
3 3
3 8
3 4
3 5
3 6
3 7
120
120 12
Tue Jul 21 18:17:11 CEST 2020 Waiting for 30 seconds before starting the job to allow the node to settle down
Tue Jul 21 18:17:11 CEST 2020 Waiting for 30 seconds before starting the job to allow the node to settle down
Tue Jul 21 18:17:11 CEST 2020 Waiting for 30 seconds before starting the job to allow the node to settle down
Tue Jul 21 18:17:11 CEST 2020 Waiting for 30 seconds before starting the job to allow the node to settle down
Tue Jul 21 18:17:11 CEST 2020 Waiting for 30 seconds before starting the job to allow the node to settle down
Tue Jul 21 18:17:11 CEST 2020 Waiting for 30 seconds before starting the job to allow the node to settle down
Tue Jul 21 18:17:11 CEST 2020 Waiting for 30 seconds before starting the job to allow the node to settle down
Tue Jul 21 18:17:11 CEST 2020 Waiting for 30 seconds before starting the job to allow the node to settle down
Tue Jul 21 18:17:11 CEST 2020 Waiting for 30 seconds before starting the job to allow the node to settle down
Tue Jul 21 18:17:11 CEST 2020 Waiting for 30 seconds before starting the job to allow the node to settle down
Tue Jul 21 18:17:11 CEST 2020 Waiting for 30 seconds before starting the job to allow the node to settle down
Tue Jul 21 18:17:11 CEST 2020 Waiting for 30 seconds before starting the job to allow the node to settle down
Tue Jul 21 18:17:41 CEST 2020 Waiting done, starting task!
Tue Jul 21 18:17:41 CEST 2020 Waiting done, starting task!
Tue Jul 21 18:17:41 CEST 2020 Waiting done, starting task!
Tue Jul 21 18:17:41 CEST 2020 Waiting done, starting task!
Tue Jul 21 18:17:41 CEST 2020 Waiting done, starting task!
Tue Jul 21 18:17:41 CEST 2020 Waiting done, starting task!
Tue Jul 21 18:17:41 CEST 2020 Waiting done, starting task!
Tue Jul 21 18:17:41 CEST 2020 Waiting done, starting task!
Tue Jul 21 18:17:41 CEST 2020 Waiting done, starting task!
Tue Jul 21 18:17:41 CEST 2020 Waiting done, starting task!
Tue Jul 21 18:17:41 CEST 2020 Waiting done, starting task!
Tue Jul 21 18:17:41 CEST 2020 Waiting done, starting task!
3 0
3 2
3 6
3 1
3 7
3 8
3 9
3 11
3 10
3 5
3 3
3 4
120
120 15
Tue Jul 21 18:17:44 CEST 2020 Waiting for 30 seconds before starting the job to allow the node to settle down
Tue Jul 21 18:17:44 CEST 2020 Waiting for 30 seconds before starting the job to allow the node to settle down
Tue Jul 21 18:17:44 CEST 2020 Waiting for 30 seconds before starting the job to allow the node to settle down
Tue Jul 21 18:17:44 CEST 2020 Waiting for 30 seconds before starting the job to allow the node to settle down
Tue Jul 21 18:17:44 CEST 2020 Waiting for 30 seconds before starting the job to allow the node to settle down
Tue Jul 21 18:17:44 CEST 2020 Waiting for 30 seconds before starting the job to allow the node to settle down
Tue Jul 21 18:17:44 CEST 2020 Waiting for 30 seconds before starting the job to allow the node to settle down
Tue Jul 21 18:17:44 CEST 2020 Waiting for 30 seconds before starting the job to allow the node to settle down
Tue Jul 21 18:17:44 CEST 2020 Waiting for 30 seconds before starting the job to allow the node to settle down
Tue Jul 21 18:17:44 CEST 2020 Waiting for 30 seconds before starting the job to allow the node to settle down
Tue Jul 21 18:17:44 CEST 2020 Waiting for 30 seconds before starting the job to allow the node to settle down
Tue Jul 21 18:17:44 CEST 2020 Waiting for 30 seconds before starting the job to allow the node to settle down
Tue Jul 21 18:17:44 CEST 2020 Waiting for 30 seconds before starting the job to allow the node to settle down
Tue Jul 21 18:17:44 CEST 2020 Waiting for 30 seconds before starting the job to allow the node to settle down
Tue Jul 21 18:17:44 CEST 2020 Waiting for 30 seconds before starting the job to allow the node to settle down
Tue Jul 21 18:18:14 CEST 2020 Waiting done, starting task!
Tue Jul 21 18:18:14 CEST 2020 Waiting done, starting task!
Tue Jul 21 18:18:14 CEST 2020 Waiting done, starting task!
Tue Jul 21 18:18:14 CEST 2020 Waiting done, starting task!
Tue Jul 21 18:18:14 CEST 2020 Waiting done, starting task!
Tue Jul 21 18:18:14 CEST 2020 Waiting done, starting task!
Tue Jul 21 18:18:14 CEST 2020 Waiting done, starting task!
Tue Jul 21 18:18:14 CEST 2020 Waiting done, starting task!
Tue Jul 21 18:18:14 CEST 2020 Waiting done, starting task!
Tue Jul 21 18:18:14 CEST 2020 Waiting done, starting task!
Tue Jul 21 18:18:14 CEST 2020 Waiting done, starting task!
Tue Jul 21 18:18:14 CEST 2020 Waiting done, starting task!
Tue Jul 21 18:18:14 CEST 2020 Waiting done, starting task!
Tue Jul 21 18:18:14 CEST 2020 Waiting done, starting task!
Tue Jul 21 18:18:14 CEST 2020 Waiting done, starting task!
3 8
3 6
3 0
3 2
3 3
3 5
3 12
3 13
3 14
3 1
3 7
3 4
3 11
3 10
3 9
120
120 20
Tue Jul 21 18:18:17 CEST 2020 Waiting for 30 seconds before starting the job to allow the node to settle down
Tue Jul 21 18:18:17 CEST 2020 Waiting for 30 seconds before starting the job to allow the node to settle down
Tue Jul 21 18:18:17 CEST 2020 Waiting for 30 seconds before starting the job to allow the node to settle down
Tue Jul 21 18:18:17 CEST 2020 Waiting for 30 seconds before starting the job to allow the node to settle down
Tue Jul 21 18:18:17 CEST 2020 Waiting for 30 seconds before starting the job to allow the node to settle down
Tue Jul 21 18:18:17 CEST 2020 Waiting for 30 seconds before starting the job to allow the node to settle down
Tue Jul 21 18:18:17 CEST 2020 Waiting for 30 seconds before starting the job to allow the node to settle down
Tue Jul 21 18:18:17 CEST 2020 Waiting for 30 seconds before starting the job to allow the node to settle down
Tue Jul 21 18:18:17 CEST 2020 Waiting for 30 seconds before starting the job to allow the node to settle down
Tue Jul 21 18:18:17 CEST 2020 Waiting for 30 seconds before starting the job to allow the node to settle down
Tue Jul 21 18:18:17 CEST 2020 Waiting for 30 seconds before starting the job to allow the node to settle down
Tue Jul 21 18:18:17 CEST 2020 Waiting for 30 seconds before starting the job to allow the node to settle down
Tue Jul 21 18:18:18 CEST 2020 Waiting for 30 seconds before starting the job to allow the node to settle down
Tue Jul 21 18:18:18 CEST 2020 Waiting for 30 seconds before starting the job to allow the node to settle down
Tue Jul 21 18:18:18 CEST 2020 Waiting for 30 seconds before starting the job to allow the node to settle down
Tue Jul 21 18:18:18 CEST 2020 Waiting for 30 seconds before starting the job to allow the node to settle down
Tue Jul 21 18:18:18 CEST 2020 Waiting for 30 seconds before starting the job to allow the node to settle down
Tue Jul 21 18:18:18 CEST 2020 Waiting for 30 seconds before starting the job to allow the node to settle down
Tue Jul 21 18:18:18 CEST 2020 Waiting for 30 seconds before starting the job to allow the node to settle down
Tue Jul 21 18:18:18 CEST 2020 Waiting for 30 seconds before starting the job to allow the node to settle down
Tue Jul 21 18:18:47 CEST 2020 Waiting done, starting task!
Tue Jul 21 18:18:47 CEST 2020 Waiting done, starting task!
Tue Jul 21 18:18:47 CEST 2020 Waiting done, starting task!
Tue Jul 21 18:18:47 CEST 2020 Waiting done, starting task!
Tue Jul 21 18:18:47 CEST 2020 Waiting done, starting task!
Tue Jul 21 18:18:47 CEST 2020 Waiting done, starting task!
Tue Jul 21 18:18:47 CEST 2020 Waiting done, starting task!
Tue Jul 21 18:18:47 CEST 2020 Waiting done, starting task!
Tue Jul 21 18:18:47 CEST 2020 Waiting done, starting task!
Tue Jul 21 18:18:48 CEST 2020 Waiting done, starting task!
Tue Jul 21 18:18:48 CEST 2020 Waiting done, starting task!
Tue Jul 21 18:18:48 CEST 2020 Waiting done, starting task!
Tue Jul 21 18:18:48 CEST 2020 Waiting done, starting task!
Tue Jul 21 18:18:48 CEST 2020 Waiting done, starting task!
Tue Jul 21 18:18:47 CEST 2020 Waiting done, starting task!
Tue Jul 21 18:18:48 CEST 2020 Waiting done, starting task!
Tue Jul 21 18:18:48 CEST 2020 Waiting done, starting task!
Tue Jul 21 18:18:48 CEST 2020 Waiting done, starting task!
Tue Jul 21 18:18:48 CEST 2020 Waiting done, starting task!
Tue Jul 21 18:18:48 CEST 2020 Waiting done, starting task!
3 2
3 0
3 6
3 18
3 16
3 17
3 4
3 9
3 13
3 14
3 10
3 7
3 19
3 3
3 11
3 15
3 8
3 1
3 12
3 5
120
/hiskp4/gross/bachelorarbeit
