Thu Jun 25 11:58:19 CEST 2020 Waiting for 30 seconds before starting the job to allow the node to settle down
Thu Jun 25 11:58:49 CEST 2020 Waiting done, starting task!
Thu Jun 25 11:58:49 CEST 2020 Waiting for 30 seconds before starting the job to allow the node to settle down
Thu Jun 25 11:59:19 CEST 2020 Waiting done, starting task!
Laenge=500	Temperatur=0.500000
bei 1 cores haben 1000 Messungen 13.216563 Sekunden gebraucht
bei 1 cores haben 1000 Messungen 12.973593 Sekunden gebraucht
bei 1 cores haben 1000 Messungen 12.978144 Sekunden gebraucht
bei 1 cores haben 1000 Messungen 12.978634 Sekunden gebraucht
bei 1 cores haben 1000 Messungen 13.134609 Sekunden gebraucht
bei 2 cores haben 1000 Messungen 14.951644 Sekunden gebraucht
bei 2 cores haben 1000 Messungen 14.605992 Sekunden gebraucht
bei 2 cores haben 1000 Messungen 14.706374 Sekunden gebraucht
bei 2 cores haben 1000 Messungen 14.707085 Sekunden gebraucht
bei 2 cores haben 1000 Messungen 14.560149 Sekunden gebraucht
bei 3 cores haben 1000 Messungen 9.975296 Sekunden gebraucht
bei 3 cores haben 1000 Messungen 9.947398 Sekunden gebraucht
bei 3 cores haben 1000 Messungen 9.979067 Sekunden gebraucht
bei 3 cores haben 1000 Messungen 9.959190 Sekunden gebraucht
bei 3 cores haben 1000 Messungen 10.026384 Sekunden gebraucht
bei 4 cores haben 1000 Messungen 8.160408 Sekunden gebraucht
bei 4 cores haben 1000 Messungen 8.307954 Sekunden gebraucht
bei 4 cores haben 1000 Messungen 8.336037 Sekunden gebraucht
bei 4 cores haben 1000 Messungen 7.869389 Sekunden gebraucht
bei 4 cores haben 1000 Messungen 8.187432 Sekunden gebraucht
bei 5 cores haben 1000 Messungen 6.829773 Sekunden gebraucht
bei 5 cores haben 1000 Messungen 7.507351 Sekunden gebraucht
bei 5 cores haben 1000 Messungen 7.635076 Sekunden gebraucht
bei 5 cores haben 1000 Messungen 7.626439 Sekunden gebraucht
bei 5 cores haben 1000 Messungen 6.983853 Sekunden gebraucht
bei 6 cores haben 1000 Messungen 6.234131 Sekunden gebraucht
bei 6 cores haben 1000 Messungen 6.730478 Sekunden gebraucht
bei 6 cores haben 1000 Messungen 6.597130 Sekunden gebraucht
bei 6 cores haben 1000 Messungen 6.799193 Sekunden gebraucht
bei 6 cores haben 1000 Messungen 6.361163 Sekunden gebraucht
bei 7 cores haben 1000 Messungen 5.794037 Sekunden gebraucht
bei 7 cores haben 1000 Messungen 5.751894 Sekunden gebraucht
bei 7 cores haben 1000 Messungen 5.979980 Sekunden gebraucht
bei 7 cores haben 1000 Messungen 5.604748 Sekunden gebraucht
bei 7 cores haben 1000 Messungen 5.616949 Sekunden gebraucht
bei 8 cores haben 1000 Messungen 5.426100 Sekunden gebraucht
bei 8 cores haben 1000 Messungen 5.177687 Sekunden gebraucht
bei 8 cores haben 1000 Messungen 4.894615 Sekunden gebraucht
bei 8 cores haben 1000 Messungen 4.970928 Sekunden gebraucht
bei 8 cores haben 1000 Messungen 4.891517 Sekunden gebraucht
bei 9 cores haben 1000 Messungen 4.747285 Sekunden gebraucht
bei 9 cores haben 1000 Messungen 4.725624 Sekunden gebraucht
bei 9 cores haben 1000 Messungen 4.922353 Sekunden gebraucht
bei 9 cores haben 1000 Messungen 4.760879 Sekunden gebraucht
bei 9 cores haben 1000 Messungen 4.892196 Sekunden gebraucht
bei 10 cores haben 1000 Messungen 4.849158 Sekunden gebraucht
bei 10 cores haben 1000 Messungen 4.709188 Sekunden gebraucht
bei 10 cores haben 1000 Messungen 4.968145 Sekunden gebraucht
bei 10 cores haben 1000 Messungen 4.182369 Sekunden gebraucht
bei 10 cores haben 1000 Messungen 4.444468 Sekunden gebraucht
bei 11 cores haben 1000 Messungen 4.764081 Sekunden gebraucht
bei 11 cores haben 1000 Messungen 4.441158 Sekunden gebraucht
bei 11 cores haben 1000 Messungen 4.111043 Sekunden gebraucht
bei 11 cores haben 1000 Messungen 4.333327 Sekunden gebraucht
bei 11 cores haben 1000 Messungen 4.199618 Sekunden gebraucht
bei 12 cores haben 1000 Messungen 3.955094 Sekunden gebraucht
bei 12 cores haben 1000 Messungen 3.899198 Sekunden gebraucht
bei 12 cores haben 1000 Messungen 3.904595 Sekunden gebraucht
bei 12 cores haben 1000 Messungen 3.926942 Sekunden gebraucht
bei 12 cores haben 1000 Messungen 4.286452 Sekunden gebraucht
/hiskp4/gross/bachelorarbeit
