Tue Jun 23 09:24:36 CEST 2020 Waiting for 30 seconds before starting the job to allow the node to settle down
Tue Jun 23 09:25:06 CEST 2020 Waiting done, starting task!
Tue Jun 23 09:25:06 CEST 2020 Waiting for 30 seconds before starting the job to allow the node to settle down
Tue Jun 23 09:25:36 CEST 2020 Waiting done, starting task!
Laenge=384	Temperatur=0.500000
bei 1 cores haben 1000 Messungen 9.269006 Sekunden gebraucht
bei 1 cores haben 1000 Messungen 9.042484 Sekunden gebraucht
bei 1 cores haben 1000 Messungen 8.862041 Sekunden gebraucht
bei 1 cores haben 1000 Messungen 8.832541 Sekunden gebraucht
bei 1 cores haben 1000 Messungen 8.838171 Sekunden gebraucht
bei 2 cores haben 1000 Messungen 9.548190 Sekunden gebraucht
bei 2 cores haben 1000 Messungen 9.604308 Sekunden gebraucht
bei 2 cores haben 1000 Messungen 9.594578 Sekunden gebraucht
bei 2 cores haben 1000 Messungen 9.423279 Sekunden gebraucht
bei 2 cores haben 1000 Messungen 9.602544 Sekunden gebraucht
bei 3 cores haben 1000 Messungen 6.054130 Sekunden gebraucht
bei 3 cores haben 1000 Messungen 6.171662 Sekunden gebraucht
bei 3 cores haben 1000 Messungen 6.167996 Sekunden gebraucht
bei 3 cores haben 1000 Messungen 5.753293 Sekunden gebraucht
bei 3 cores haben 1000 Messungen 5.978969 Sekunden gebraucht
bei 4 cores haben 1000 Messungen 4.937181 Sekunden gebraucht
bei 4 cores haben 1000 Messungen 5.071631 Sekunden gebraucht
bei 4 cores haben 1000 Messungen 5.055534 Sekunden gebraucht
bei 4 cores haben 1000 Messungen 4.946586 Sekunden gebraucht
bei 4 cores haben 1000 Messungen 4.915133 Sekunden gebraucht
bei 5 cores haben 1000 Messungen 4.481010 Sekunden gebraucht
bei 5 cores haben 1000 Messungen 4.522178 Sekunden gebraucht
bei 5 cores haben 1000 Messungen 4.470305 Sekunden gebraucht
bei 5 cores haben 1000 Messungen 4.512946 Sekunden gebraucht
bei 5 cores haben 1000 Messungen 4.497392 Sekunden gebraucht
bei 6 cores haben 1000 Messungen 3.361942 Sekunden gebraucht
bei 6 cores haben 1000 Messungen 3.553993 Sekunden gebraucht
bei 6 cores haben 1000 Messungen 4.125127 Sekunden gebraucht
bei 6 cores haben 1000 Messungen 4.352120 Sekunden gebraucht
bei 6 cores haben 1000 Messungen 4.218907 Sekunden gebraucht
bei 7 cores haben 1000 Messungen 3.491158 Sekunden gebraucht
bei 7 cores haben 1000 Messungen 3.818490 Sekunden gebraucht
bei 7 cores haben 1000 Messungen 3.255271 Sekunden gebraucht
bei 7 cores haben 1000 Messungen 2.610523 Sekunden gebraucht
bei 7 cores haben 1000 Messungen 3.562056 Sekunden gebraucht
bei 8 cores haben 1000 Messungen 3.357532 Sekunden gebraucht
bei 8 cores haben 1000 Messungen 3.595350 Sekunden gebraucht
bei 8 cores haben 1000 Messungen 3.082772 Sekunden gebraucht
bei 8 cores haben 1000 Messungen 3.034270 Sekunden gebraucht
bei 8 cores haben 1000 Messungen 3.059448 Sekunden gebraucht
bei 9 cores haben 1000 Messungen 3.139189 Sekunden gebraucht
bei 9 cores haben 1000 Messungen 2.910548 Sekunden gebraucht
bei 9 cores haben 1000 Messungen 3.308607 Sekunden gebraucht
bei 9 cores haben 1000 Messungen 2.939903 Sekunden gebraucht
bei 9 cores haben 1000 Messungen 3.083667 Sekunden gebraucht
bei 10 cores haben 1000 Messungen 2.794990 Sekunden gebraucht
bei 10 cores haben 1000 Messungen 3.092317 Sekunden gebraucht
bei 10 cores haben 1000 Messungen 2.815636 Sekunden gebraucht
bei 10 cores haben 1000 Messungen 2.912125 Sekunden gebraucht
bei 10 cores haben 1000 Messungen 2.984134 Sekunden gebraucht
bei 11 cores haben 1000 Messungen 2.767160 Sekunden gebraucht
bei 11 cores haben 1000 Messungen 2.803487 Sekunden gebraucht
bei 11 cores haben 1000 Messungen 2.705117 Sekunden gebraucht
bei 11 cores haben 1000 Messungen 2.488261 Sekunden gebraucht
bei 11 cores haben 1000 Messungen 2.547523 Sekunden gebraucht
bei 12 cores haben 1000 Messungen 2.730875 Sekunden gebraucht
bei 12 cores haben 1000 Messungen 2.833388 Sekunden gebraucht
bei 12 cores haben 1000 Messungen 2.756331 Sekunden gebraucht
bei 12 cores haben 1000 Messungen 2.762388 Sekunden gebraucht
bei 12 cores haben 1000 Messungen 2.749577 Sekunden gebraucht
/hiskp4/gross/bachelorarbeit
