Wed Jul 22 14:57:39 CEST 2020 Waiting for 30 seconds before starting the job to allow the node to settle down
Wed Jul 22 14:58:09 CEST 2020 Waiting done, starting task!
1260 1
Wed Jul 22 14:58:09 CEST 2020 Waiting for 30 seconds before starting the job to allow the node to settle down
Wed Jul 22 14:58:39 CEST 2020 Waiting done, starting task!
3 0
1260
1260 2
Wed Jul 22 15:11:40 CEST 2020 Waiting for 30 seconds before starting the job to allow the node to settle down
Wed Jul 22 15:11:40 CEST 2020 Waiting for 30 seconds before starting the job to allow the node to settle down
Wed Jul 22 15:12:10 CEST 2020 Waiting done, starting task!
Wed Jul 22 15:12:10 CEST 2020 Waiting done, starting task!
3 0
3 1
1260
1260 3
Wed Jul 22 15:18:44 CEST 2020 Waiting for 30 seconds before starting the job to allow the node to settle down
Wed Jul 22 15:18:44 CEST 2020 Waiting for 30 seconds before starting the job to allow the node to settle down
Wed Jul 22 15:18:44 CEST 2020 Waiting for 30 seconds before starting the job to allow the node to settle down
Wed Jul 22 15:19:14 CEST 2020 Waiting done, starting task!
Wed Jul 22 15:19:14 CEST 2020 Waiting done, starting task!
Wed Jul 22 15:19:14 CEST 2020 Waiting done, starting task!
3 0
3 2
3 1
1260
1260 4
Wed Jul 22 15:23:44 CEST 2020 Waiting for 30 seconds before starting the job to allow the node to settle down
Wed Jul 22 15:23:44 CEST 2020 Waiting for 30 seconds before starting the job to allow the node to settle down
Wed Jul 22 15:23:45 CEST 2020 Waiting for 30 seconds before starting the job to allow the node to settle down
Wed Jul 22 15:23:45 CEST 2020 Waiting for 30 seconds before starting the job to allow the node to settle down
Wed Jul 22 15:24:14 CEST 2020 Waiting done, starting task!
Wed Jul 22 15:24:14 CEST 2020 Waiting done, starting task!
Wed Jul 22 15:24:15 CEST 2020 Waiting done, starting task!
Wed Jul 22 15:24:15 CEST 2020 Waiting done, starting task!
3 0
3 1
3 3
3 2
1260
1260 5
Wed Jul 22 15:27:34 CEST 2020 Waiting for 30 seconds before starting the job to allow the node to settle down
Wed Jul 22 15:27:34 CEST 2020 Waiting for 30 seconds before starting the job to allow the node to settle down
Wed Jul 22 15:27:34 CEST 2020 Waiting for 30 seconds before starting the job to allow the node to settle down
Wed Jul 22 15:27:34 CEST 2020 Waiting for 30 seconds before starting the job to allow the node to settle down
Wed Jul 22 15:27:35 CEST 2020 Waiting for 30 seconds before starting the job to allow the node to settle down
Wed Jul 22 15:28:04 CEST 2020 Waiting done, starting task!
Wed Jul 22 15:28:04 CEST 2020 Waiting done, starting task!
Wed Jul 22 15:28:04 CEST 2020 Waiting done, starting task!
Wed Jul 22 15:28:04 CEST 2020 Waiting done, starting task!
Wed Jul 22 15:28:05 CEST 2020 Waiting done, starting task!
3 0
3 4
3 2
3 3
3 1
1260
1260 6
Wed Jul 22 15:30:46 CEST 2020 Waiting for 30 seconds before starting the job to allow the node to settle down
Wed Jul 22 15:30:46 CEST 2020 Waiting for 30 seconds before starting the job to allow the node to settle down
Wed Jul 22 15:30:46 CEST 2020 Waiting for 30 seconds before starting the job to allow the node to settle down
Wed Jul 22 15:30:46 CEST 2020 Waiting for 30 seconds before starting the job to allow the node to settle down
Wed Jul 22 15:30:46 CEST 2020 Waiting for 30 seconds before starting the job to allow the node to settle down
Wed Jul 22 15:30:46 CEST 2020 Waiting for 30 seconds before starting the job to allow the node to settle down
Wed Jul 22 15:31:16 CEST 2020 Waiting done, starting task!
Wed Jul 22 15:31:16 CEST 2020 Waiting done, starting task!
Wed Jul 22 15:31:16 CEST 2020 Waiting done, starting task!
Wed Jul 22 15:31:16 CEST 2020 Waiting done, starting task!
Wed Jul 22 15:31:16 CEST 2020 Waiting done, starting task!
Wed Jul 22 15:31:16 CEST 2020 Waiting done, starting task!
3 1
3 0
3 2
3 3
3 4
3 5
1260
1260 7
Wed Jul 22 15:33:31 CEST 2020 Waiting for 30 seconds before starting the job to allow the node to settle down
Wed Jul 22 15:33:31 CEST 2020 Waiting for 30 seconds before starting the job to allow the node to settle down
Wed Jul 22 15:33:31 CEST 2020 Waiting for 30 seconds before starting the job to allow the node to settle down
Wed Jul 22 15:33:31 CEST 2020 Waiting for 30 seconds before starting the job to allow the node to settle down
Wed Jul 22 15:33:31 CEST 2020 Waiting for 30 seconds before starting the job to allow the node to settle down
Wed Jul 22 15:33:31 CEST 2020 Waiting for 30 seconds before starting the job to allow the node to settle down
Wed Jul 22 15:33:31 CEST 2020 Waiting for 30 seconds before starting the job to allow the node to settle down
Wed Jul 22 15:34:01 CEST 2020 Waiting done, starting task!
Wed Jul 22 15:34:01 CEST 2020 Waiting done, starting task!
Wed Jul 22 15:34:01 CEST 2020 Waiting done, starting task!
Wed Jul 22 15:34:01 CEST 2020 Waiting done, starting task!
Wed Jul 22 15:34:01 CEST 2020 Waiting done, starting task!
Wed Jul 22 15:34:01 CEST 2020 Waiting done, starting task!
Wed Jul 22 15:34:01 CEST 2020 Waiting done, starting task!
3 1
3 0
3 4
3 5
3 6
3 2
3 3
1260
1260 9
Wed Jul 22 15:35:58 CEST 2020 Waiting for 30 seconds before starting the job to allow the node to settle down
Wed Jul 22 15:35:58 CEST 2020 Waiting for 30 seconds before starting the job to allow the node to settle down
Wed Jul 22 15:35:58 CEST 2020 Waiting for 30 seconds before starting the job to allow the node to settle down
Wed Jul 22 15:35:58 CEST 2020 Waiting for 30 seconds before starting the job to allow the node to settle down
Wed Jul 22 15:35:58 CEST 2020 Waiting for 30 seconds before starting the job to allow the node to settle down
Wed Jul 22 15:35:58 CEST 2020 Waiting for 30 seconds before starting the job to allow the node to settle down
Wed Jul 22 15:35:58 CEST 2020 Waiting for 30 seconds before starting the job to allow the node to settle down
Wed Jul 22 15:35:58 CEST 2020 Waiting for 30 seconds before starting the job to allow the node to settle down
Wed Jul 22 15:35:58 CEST 2020 Waiting for 30 seconds before starting the job to allow the node to settle down
Wed Jul 22 15:36:28 CEST 2020 Waiting done, starting task!
Wed Jul 22 15:36:28 CEST 2020 Waiting done, starting task!
Wed Jul 22 15:36:28 CEST 2020 Waiting done, starting task!
Wed Jul 22 15:36:28 CEST 2020 Waiting done, starting task!
Wed Jul 22 15:36:28 CEST 2020 Waiting done, starting task!
Wed Jul 22 15:36:28 CEST 2020 Waiting done, starting task!
Wed Jul 22 15:36:28 CEST 2020 Waiting done, starting task!
Wed Jul 22 15:36:28 CEST 2020 Waiting done, starting task!
Wed Jul 22 15:36:28 CEST 2020 Waiting done, starting task!
3 1
3 0
3 2
3 3
3 7
3 8
3 6
3 4
3 5
1260
1260 10
Wed Jul 22 15:38:01 CEST 2020 Waiting for 30 seconds before starting the job to allow the node to settle down
Wed Jul 22 15:38:01 CEST 2020 Waiting for 30 seconds before starting the job to allow the node to settle down
Wed Jul 22 15:38:01 CEST 2020 Waiting for 30 seconds before starting the job to allow the node to settle down
Wed Jul 22 15:38:01 CEST 2020 Waiting for 30 seconds before starting the job to allow the node to settle down
Wed Jul 22 15:38:01 CEST 2020 Waiting for 30 seconds before starting the job to allow the node to settle down
Wed Jul 22 15:38:01 CEST 2020 Waiting for 30 seconds before starting the job to allow the node to settle down
Wed Jul 22 15:38:01 CEST 2020 Waiting for 30 seconds before starting the job to allow the node to settle down
Wed Jul 22 15:38:01 CEST 2020 Waiting for 30 seconds before starting the job to allow the node to settle down
Wed Jul 22 15:38:01 CEST 2020 Waiting for 30 seconds before starting the job to allow the node to settle down
Wed Jul 22 15:38:01 CEST 2020 Waiting for 30 seconds before starting the job to allow the node to settle down
Wed Jul 22 15:38:31 CEST 2020 Waiting done, starting task!
Wed Jul 22 15:38:31 CEST 2020 Waiting done, starting task!
Wed Jul 22 15:38:31 CEST 2020 Waiting done, starting task!
Wed Jul 22 15:38:31 CEST 2020 Waiting done, starting task!
Wed Jul 22 15:38:31 CEST 2020 Waiting done, starting task!
Wed Jul 22 15:38:31 CEST 2020 Waiting done, starting task!
Wed Jul 22 15:38:31 CEST 2020 Waiting done, starting task!
Wed Jul 22 15:38:31 CEST 2020 Waiting done, starting task!
Wed Jul 22 15:38:31 CEST 2020 Waiting done, starting task!
Wed Jul 22 15:38:31 CEST 2020 Waiting done, starting task!
3 0
3 1
3 2
3 3
3 9
3 6
3 4
3 7
3 5
3 8
1260
1260 12
Wed Jul 22 15:39:54 CEST 2020 Waiting for 30 seconds before starting the job to allow the node to settle down
Wed Jul 22 15:39:54 CEST 2020 Waiting for 30 seconds before starting the job to allow the node to settle down
Wed Jul 22 15:39:54 CEST 2020 Waiting for 30 seconds before starting the job to allow the node to settle down
Wed Jul 22 15:39:54 CEST 2020 Waiting for 30 seconds before starting the job to allow the node to settle down
Wed Jul 22 15:39:54 CEST 2020 Waiting for 30 seconds before starting the job to allow the node to settle down
Wed Jul 22 15:39:54 CEST 2020 Waiting for 30 seconds before starting the job to allow the node to settle down
Wed Jul 22 15:39:54 CEST 2020 Waiting for 30 seconds before starting the job to allow the node to settle down
Wed Jul 22 15:39:54 CEST 2020 Waiting for 30 seconds before starting the job to allow the node to settle down
Wed Jul 22 15:39:54 CEST 2020 Waiting for 30 seconds before starting the job to allow the node to settle down
Wed Jul 22 15:39:54 CEST 2020 Waiting for 30 seconds before starting the job to allow the node to settle down
Wed Jul 22 15:39:54 CEST 2020 Waiting for 30 seconds before starting the job to allow the node to settle down
Wed Jul 22 15:39:54 CEST 2020 Waiting for 30 seconds before starting the job to allow the node to settle down
Wed Jul 22 15:40:24 CEST 2020 Waiting done, starting task!
Wed Jul 22 15:40:24 CEST 2020 Waiting done, starting task!
Wed Jul 22 15:40:24 CEST 2020 Waiting done, starting task!
Wed Jul 22 15:40:24 CEST 2020 Waiting done, starting task!
Wed Jul 22 15:40:24 CEST 2020 Waiting done, starting task!
Wed Jul 22 15:40:24 CEST 2020 Waiting done, starting task!
Wed Jul 22 15:40:24 CEST 2020 Waiting done, starting task!
Wed Jul 22 15:40:24 CEST 2020 Waiting done, starting task!
Wed Jul 22 15:40:24 CEST 2020 Waiting done, starting task!
Wed Jul 22 15:40:24 CEST 2020 Waiting done, starting task!
Wed Jul 22 15:40:24 CEST 2020 Waiting done, starting task!
Wed Jul 22 15:40:24 CEST 2020 Waiting done, starting task!
3 0
3 6
3 1
3 11
3 8
3 9
3 2
3 3
3 10
3 4
3 5
3 7
1260
1260 14
Wed Jul 22 15:41:35 CEST 2020 Waiting for 30 seconds before starting the job to allow the node to settle down
Wed Jul 22 15:41:35 CEST 2020 Waiting for 30 seconds before starting the job to allow the node to settle down
Wed Jul 22 15:41:35 CEST 2020 Waiting for 30 seconds before starting the job to allow the node to settle down
Wed Jul 22 15:41:35 CEST 2020 Waiting for 30 seconds before starting the job to allow the node to settle down
Wed Jul 22 15:41:35 CEST 2020 Waiting for 30 seconds before starting the job to allow the node to settle down
Wed Jul 22 15:41:35 CEST 2020 Waiting for 30 seconds before starting the job to allow the node to settle down
Wed Jul 22 15:41:35 CEST 2020 Waiting for 30 seconds before starting the job to allow the node to settle down
Wed Jul 22 15:41:35 CEST 2020 Waiting for 30 seconds before starting the job to allow the node to settle down
Wed Jul 22 15:41:35 CEST 2020 Waiting for 30 seconds before starting the job to allow the node to settle down
Wed Jul 22 15:41:35 CEST 2020 Waiting for 30 seconds before starting the job to allow the node to settle down
Wed Jul 22 15:41:35 CEST 2020 Waiting for 30 seconds before starting the job to allow the node to settle down
Wed Jul 22 15:41:35 CEST 2020 Waiting for 30 seconds before starting the job to allow the node to settle down
Wed Jul 22 15:41:35 CEST 2020 Waiting for 30 seconds before starting the job to allow the node to settle down
Wed Jul 22 15:41:35 CEST 2020 Waiting for 30 seconds before starting the job to allow the node to settle down
Wed Jul 22 15:42:05 CEST 2020 Waiting done, starting task!
Wed Jul 22 15:42:05 CEST 2020 Waiting done, starting task!
Wed Jul 22 15:42:05 CEST 2020 Waiting done, starting task!
Wed Jul 22 15:42:05 CEST 2020 Waiting done, starting task!
Wed Jul 22 15:42:05 CEST 2020 Waiting done, starting task!
Wed Jul 22 15:42:05 CEST 2020 Waiting done, starting task!
Wed Jul 22 15:42:05 CEST 2020 Waiting done, starting task!
Wed Jul 22 15:42:05 CEST 2020 Waiting done, starting task!
Wed Jul 22 15:42:05 CEST 2020 Waiting done, starting task!
Wed Jul 22 15:42:05 CEST 2020 Waiting done, starting task!
Wed Jul 22 15:42:05 CEST 2020 Waiting done, starting task!
Wed Jul 22 15:42:05 CEST 2020 Waiting done, starting task!
Wed Jul 22 15:42:05 CEST 2020 Waiting done, starting task!
Wed Jul 22 15:42:05 CEST 2020 Waiting done, starting task!
3 0
3 2
3 13
3 1
3 10
3 11
3 7
3 12
3 6
3 8
3 9
3 5
3 3
3 4
1260
1260 15
Wed Jul 22 15:43:07 CEST 2020 Waiting for 30 seconds before starting the job to allow the node to settle down
Wed Jul 22 15:43:07 CEST 2020 Waiting for 30 seconds before starting the job to allow the node to settle down
Wed Jul 22 15:43:07 CEST 2020 Waiting for 30 seconds before starting the job to allow the node to settle down
Wed Jul 22 15:43:07 CEST 2020 Waiting for 30 seconds before starting the job to allow the node to settle down
Wed Jul 22 15:43:07 CEST 2020 Waiting for 30 seconds before starting the job to allow the node to settle down
Wed Jul 22 15:43:07 CEST 2020 Waiting for 30 seconds before starting the job to allow the node to settle down
Wed Jul 22 15:43:07 CEST 2020 Waiting for 30 seconds before starting the job to allow the node to settle down
Wed Jul 22 15:43:07 CEST 2020 Waiting for 30 seconds before starting the job to allow the node to settle down
Wed Jul 22 15:43:07 CEST 2020 Waiting for 30 seconds before starting the job to allow the node to settle down
Wed Jul 22 15:43:07 CEST 2020 Waiting for 30 seconds before starting the job to allow the node to settle down
Wed Jul 22 15:43:07 CEST 2020 Waiting for 30 seconds before starting the job to allow the node to settle down
Wed Jul 22 15:43:07 CEST 2020 Waiting for 30 seconds before starting the job to allow the node to settle down
Wed Jul 22 15:43:07 CEST 2020 Waiting for 30 seconds before starting the job to allow the node to settle down
Wed Jul 22 15:43:07 CEST 2020 Waiting for 30 seconds before starting the job to allow the node to settle down
Wed Jul 22 15:43:07 CEST 2020 Waiting for 30 seconds before starting the job to allow the node to settle down
Wed Jul 22 15:43:37 CEST 2020 Waiting done, starting task!
Wed Jul 22 15:43:37 CEST 2020 Waiting done, starting task!
Wed Jul 22 15:43:37 CEST 2020 Waiting done, starting task!
Wed Jul 22 15:43:37 CEST 2020 Waiting done, starting task!
Wed Jul 22 15:43:37 CEST 2020 Waiting done, starting task!
Wed Jul 22 15:43:37 CEST 2020 Waiting done, starting task!
Wed Jul 22 15:43:37 CEST 2020 Waiting done, starting task!
Wed Jul 22 15:43:37 CEST 2020 Waiting done, starting task!
Wed Jul 22 15:43:37 CEST 2020 Waiting done, starting task!
Wed Jul 22 15:43:37 CEST 2020 Waiting done, starting task!
Wed Jul 22 15:43:37 CEST 2020 Waiting done, starting task!
Wed Jul 22 15:43:37 CEST 2020 Waiting done, starting task!
Wed Jul 22 15:43:37 CEST 2020 Waiting done, starting task!
Wed Jul 22 15:43:37 CEST 2020 Waiting done, starting task!
Wed Jul 22 15:43:37 CEST 2020 Waiting done, starting task!
3 2
3 0
3 1
3 6
3 7
3 3
3 5
3 4
3 8
3 13
3 10
3 9
3 11
3 12
3 14
1260
1260 18
Wed Jul 22 15:44:35 CEST 2020 Waiting for 30 seconds before starting the job to allow the node to settle down
Wed Jul 22 15:44:35 CEST 2020 Waiting for 30 seconds before starting the job to allow the node to settle down
Wed Jul 22 15:44:35 CEST 2020 Waiting for 30 seconds before starting the job to allow the node to settle down
Wed Jul 22 15:44:35 CEST 2020 Waiting for 30 seconds before starting the job to allow the node to settle down
Wed Jul 22 15:44:35 CEST 2020 Waiting for 30 seconds before starting the job to allow the node to settle down
Wed Jul 22 15:44:35 CEST 2020 Waiting for 30 seconds before starting the job to allow the node to settle down
Wed Jul 22 15:44:35 CEST 2020 Waiting for 30 seconds before starting the job to allow the node to settle down
Wed Jul 22 15:44:35 CEST 2020 Waiting for 30 seconds before starting the job to allow the node to settle down
Wed Jul 22 15:44:35 CEST 2020 Waiting for 30 seconds before starting the job to allow the node to settle down
Wed Jul 22 15:44:35 CEST 2020 Waiting for 30 seconds before starting the job to allow the node to settle down
Wed Jul 22 15:44:35 CEST 2020 Waiting for 30 seconds before starting the job to allow the node to settle down
Wed Jul 22 15:44:35 CEST 2020 Waiting for 30 seconds before starting the job to allow the node to settle down
Wed Jul 22 15:44:35 CEST 2020 Waiting for 30 seconds before starting the job to allow the node to settle down
Wed Jul 22 15:44:35 CEST 2020 Waiting for 30 seconds before starting the job to allow the node to settle down
Wed Jul 22 15:44:35 CEST 2020 Waiting for 30 seconds before starting the job to allow the node to settle down
Wed Jul 22 15:44:35 CEST 2020 Waiting for 30 seconds before starting the job to allow the node to settle down
Wed Jul 22 15:44:35 CEST 2020 Waiting for 30 seconds before starting the job to allow the node to settle down
Wed Jul 22 15:44:35 CEST 2020 Waiting for 30 seconds before starting the job to allow the node to settle down
Wed Jul 22 15:45:05 CEST 2020 Waiting done, starting task!
Wed Jul 22 15:45:05 CEST 2020 Waiting done, starting task!
Wed Jul 22 15:45:05 CEST 2020 Waiting done, starting task!
Wed Jul 22 15:45:05 CEST 2020 Waiting done, starting task!
Wed Jul 22 15:45:05 CEST 2020 Waiting done, starting task!
Wed Jul 22 15:45:05 CEST 2020 Waiting done, starting task!
Wed Jul 22 15:45:05 CEST 2020 Waiting done, starting task!
Wed Jul 22 15:45:05 CEST 2020 Waiting done, starting task!
Wed Jul 22 15:45:05 CEST 2020 Waiting done, starting task!
Wed Jul 22 15:45:05 CEST 2020 Waiting done, starting task!
Wed Jul 22 15:45:05 CEST 2020 Waiting done, starting task!
Wed Jul 22 15:45:05 CEST 2020 Waiting done, starting task!
Wed Jul 22 15:45:05 CEST 2020 Waiting done, starting task!
Wed Jul 22 15:45:05 CEST 2020 Waiting done, starting task!
Wed Jul 22 15:45:05 CEST 2020 Waiting done, starting task!
Wed Jul 22 15:45:05 CEST 2020 Waiting done, starting task!
Wed Jul 22 15:45:05 CEST 2020 Waiting done, starting task!
Wed Jul 22 15:45:05 CEST 2020 Waiting done, starting task!
3 2
3 0
3 5
3 12
3 13
3 14
3 9
3 6
3 17
3 7
3 10
3 11
3 16
3 15
3 8
3 4
3 3
3 1
1260
1260 20
Wed Jul 22 15:45:55 CEST 2020 Waiting for 30 seconds before starting the job to allow the node to settle down
Wed Jul 22 15:45:55 CEST 2020 Waiting for 30 seconds before starting the job to allow the node to settle down
Wed Jul 22 15:45:55 CEST 2020 Waiting for 30 seconds before starting the job to allow the node to settle down
Wed Jul 22 15:45:55 CEST 2020 Waiting for 30 seconds before starting the job to allow the node to settle down
Wed Jul 22 15:45:55 CEST 2020 Waiting for 30 seconds before starting the job to allow the node to settle down
Wed Jul 22 15:45:55 CEST 2020 Waiting for 30 seconds before starting the job to allow the node to settle down
Wed Jul 22 15:45:55 CEST 2020 Waiting for 30 seconds before starting the job to allow the node to settle down
Wed Jul 22 15:45:55 CEST 2020 Waiting for 30 seconds before starting the job to allow the node to settle down
Wed Jul 22 15:45:55 CEST 2020 Waiting for 30 seconds before starting the job to allow the node to settle down
Wed Jul 22 15:45:55 CEST 2020 Waiting for 30 seconds before starting the job to allow the node to settle down
Wed Jul 22 15:45:55 CEST 2020 Waiting for 30 seconds before starting the job to allow the node to settle down
Wed Jul 22 15:45:55 CEST 2020 Waiting for 30 seconds before starting the job to allow the node to settle down
Wed Jul 22 15:45:55 CEST 2020 Waiting for 30 seconds before starting the job to allow the node to settle down
Wed Jul 22 15:45:55 CEST 2020 Waiting for 30 seconds before starting the job to allow the node to settle down
Wed Jul 22 15:45:55 CEST 2020 Waiting for 30 seconds before starting the job to allow the node to settle down
Wed Jul 22 15:45:55 CEST 2020 Waiting for 30 seconds before starting the job to allow the node to settle down
Wed Jul 22 15:45:55 CEST 2020 Waiting for 30 seconds before starting the job to allow the node to settle down
Wed Jul 22 15:45:55 CEST 2020 Waiting for 30 seconds before starting the job to allow the node to settle down
Wed Jul 22 15:45:55 CEST 2020 Waiting for 30 seconds before starting the job to allow the node to settle down
Wed Jul 22 15:45:55 CEST 2020 Waiting for 30 seconds before starting the job to allow the node to settle down
Wed Jul 22 15:46:25 CEST 2020 Waiting done, starting task!
Wed Jul 22 15:46:25 CEST 2020 Waiting done, starting task!
Wed Jul 22 15:46:25 CEST 2020 Waiting done, starting task!
Wed Jul 22 15:46:25 CEST 2020 Waiting done, starting task!
Wed Jul 22 15:46:25 CEST 2020 Waiting done, starting task!
Wed Jul 22 15:46:25 CEST 2020 Waiting done, starting task!
Wed Jul 22 15:46:25 CEST 2020 Waiting done, starting task!
Wed Jul 22 15:46:25 CEST 2020 Waiting done, starting task!
Wed Jul 22 15:46:25 CEST 2020 Waiting done, starting task!
Wed Jul 22 15:46:25 CEST 2020 Waiting done, starting task!
Wed Jul 22 15:46:25 CEST 2020 Waiting done, starting task!
Wed Jul 22 15:46:25 CEST 2020 Waiting done, starting task!
Wed Jul 22 15:46:25 CEST 2020 Waiting done, starting task!
Wed Jul 22 15:46:25 CEST 2020 Waiting done, starting task!
Wed Jul 22 15:46:25 CEST 2020 Waiting done, starting task!
Wed Jul 22 15:46:25 CEST 2020 Waiting done, starting task!
Wed Jul 22 15:46:25 CEST 2020 Waiting done, starting task!
Wed Jul 22 15:46:25 CEST 2020 Waiting done, starting task!
Wed Jul 22 15:46:25 CEST 2020 Waiting done, starting task!
Wed Jul 22 15:46:25 CEST 2020 Waiting done, starting task!
3 17
3 6
3 9
3 18
3 19
3 13
3 14
3 10
3 4
3 11
3 15
3 5
3 2
3 8
3 7
3 16
3 12
3 0
3 1
3 3
1260
/hiskp4/gross/bachelorarbeit
