Fri Jul 24 14:30:28 CEST 2020 Waiting for 30 seconds before starting the job to allow the node to settle down
Fri Jul 24 14:30:58 CEST 2020 Waiting done, starting task!
Fri Jul 24 14:30:58 CEST 2020 Waiting for 30 seconds before starting the job to allow the node to settle down
Fri Jul 24 14:31:28 CEST 2020 Waiting done, starting task!
Laenge=300	Temperatur=100.000000
bei 1 cores haben 1000 Messungen 5.235921 Sekunden gebraucht
bei 1 cores haben 1000 Messungen 5.190500 Sekunden gebraucht
bei 1 cores haben 1000 Messungen 5.190347 Sekunden gebraucht
bei 1 cores haben 1000 Messungen 5.191007 Sekunden gebraucht
bei 1 cores haben 1000 Messungen 5.190101 Sekunden gebraucht
bei 1 cores haben 1000 Messungen 5.189852 Sekunden gebraucht
bei 1 cores haben 1000 Messungen 5.189778 Sekunden gebraucht
bei 1 cores haben 1000 Messungen 5.190771 Sekunden gebraucht
bei 1 cores haben 1000 Messungen 5.190844 Sekunden gebraucht
bei 1 cores haben 1000 Messungen 5.234902 Sekunden gebraucht
bei 2 cores haben 1000 Messungen 2.893005 Sekunden gebraucht
bei 2 cores haben 1000 Messungen 2.834781 Sekunden gebraucht
bei 2 cores haben 1000 Messungen 2.833392 Sekunden gebraucht
bei 2 cores haben 1000 Messungen 2.834918 Sekunden gebraucht
bei 2 cores haben 1000 Messungen 2.834828 Sekunden gebraucht
bei 2 cores haben 1000 Messungen 2.832457 Sekunden gebraucht
bei 2 cores haben 1000 Messungen 2.955331 Sekunden gebraucht
bei 2 cores haben 1000 Messungen 2.834046 Sekunden gebraucht
bei 2 cores haben 1000 Messungen 2.834133 Sekunden gebraucht
bei 2 cores haben 1000 Messungen 2.833369 Sekunden gebraucht
bei 3 cores haben 1000 Messungen 2.093234 Sekunden gebraucht
bei 3 cores haben 1000 Messungen 2.033136 Sekunden gebraucht
bei 3 cores haben 1000 Messungen 2.032775 Sekunden gebraucht
bei 3 cores haben 1000 Messungen 2.121823 Sekunden gebraucht
bei 3 cores haben 1000 Messungen 2.120926 Sekunden gebraucht
bei 3 cores haben 1000 Messungen 2.025443 Sekunden gebraucht
bei 3 cores haben 1000 Messungen 2.025707 Sekunden gebraucht
bei 3 cores haben 1000 Messungen 2.087425 Sekunden gebraucht
bei 3 cores haben 1000 Messungen 2.033090 Sekunden gebraucht
bei 3 cores haben 1000 Messungen 2.032115 Sekunden gebraucht
bei 4 cores haben 1000 Messungen 1.734251 Sekunden gebraucht
bei 4 cores haben 1000 Messungen 1.719364 Sekunden gebraucht
bei 4 cores haben 1000 Messungen 1.645872 Sekunden gebraucht
bei 4 cores haben 1000 Messungen 1.713111 Sekunden gebraucht
bei 4 cores haben 1000 Messungen 1.664880 Sekunden gebraucht
bei 4 cores haben 1000 Messungen 1.789662 Sekunden gebraucht
bei 4 cores haben 1000 Messungen 1.725588 Sekunden gebraucht
bei 4 cores haben 1000 Messungen 1.637582 Sekunden gebraucht
bei 4 cores haben 1000 Messungen 1.654040 Sekunden gebraucht
bei 4 cores haben 1000 Messungen 1.648469 Sekunden gebraucht
bei 5 cores haben 1000 Messungen 1.491966 Sekunden gebraucht
bei 5 cores haben 1000 Messungen 1.442607 Sekunden gebraucht
bei 5 cores haben 1000 Messungen 1.442115 Sekunden gebraucht
bei 5 cores haben 1000 Messungen 1.434371 Sekunden gebraucht
bei 5 cores haben 1000 Messungen 1.468749 Sekunden gebraucht
bei 5 cores haben 1000 Messungen 1.417397 Sekunden gebraucht
bei 5 cores haben 1000 Messungen 1.423335 Sekunden gebraucht
bei 5 cores haben 1000 Messungen 1.419748 Sekunden gebraucht
bei 5 cores haben 1000 Messungen 1.410211 Sekunden gebraucht
bei 5 cores haben 1000 Messungen 1.415109 Sekunden gebraucht
bei 6 cores haben 1000 Messungen 1.319949 Sekunden gebraucht
bei 6 cores haben 1000 Messungen 1.317341 Sekunden gebraucht
bei 6 cores haben 1000 Messungen 1.282124 Sekunden gebraucht
bei 6 cores haben 1000 Messungen 1.274673 Sekunden gebraucht
bei 6 cores haben 1000 Messungen 1.277960 Sekunden gebraucht
bei 6 cores haben 1000 Messungen 1.310539 Sekunden gebraucht
bei 6 cores haben 1000 Messungen 1.261144 Sekunden gebraucht
bei 6 cores haben 1000 Messungen 1.307117 Sekunden gebraucht
bei 6 cores haben 1000 Messungen 1.260546 Sekunden gebraucht
bei 6 cores haben 1000 Messungen 1.311026 Sekunden gebraucht
bei 7 cores haben 1000 Messungen 1.114713 Sekunden gebraucht
bei 7 cores haben 1000 Messungen 1.206974 Sekunden gebraucht
bei 7 cores haben 1000 Messungen 1.137955 Sekunden gebraucht
bei 7 cores haben 1000 Messungen 1.141186 Sekunden gebraucht
bei 7 cores haben 1000 Messungen 1.160151 Sekunden gebraucht
bei 7 cores haben 1000 Messungen 1.155944 Sekunden gebraucht
bei 7 cores haben 1000 Messungen 1.140126 Sekunden gebraucht
bei 7 cores haben 1000 Messungen 1.183088 Sekunden gebraucht
bei 7 cores haben 1000 Messungen 1.135033 Sekunden gebraucht
bei 7 cores haben 1000 Messungen 1.185515 Sekunden gebraucht
bei 8 cores haben 1000 Messungen 1.056625 Sekunden gebraucht
bei 8 cores haben 1000 Messungen 1.142282 Sekunden gebraucht
bei 8 cores haben 1000 Messungen 1.091470 Sekunden gebraucht
bei 8 cores haben 1000 Messungen 1.067256 Sekunden gebraucht
bei 8 cores haben 1000 Messungen 1.074181 Sekunden gebraucht
bei 8 cores haben 1000 Messungen 1.076427 Sekunden gebraucht
bei 8 cores haben 1000 Messungen 1.089745 Sekunden gebraucht
bei 8 cores haben 1000 Messungen 1.068830 Sekunden gebraucht
bei 8 cores haben 1000 Messungen 1.087853 Sekunden gebraucht
bei 8 cores haben 1000 Messungen 1.093736 Sekunden gebraucht
bei 9 cores haben 1000 Messungen 1.023650 Sekunden gebraucht
bei 9 cores haben 1000 Messungen 1.029931 Sekunden gebraucht
bei 9 cores haben 1000 Messungen 1.032946 Sekunden gebraucht
bei 9 cores haben 1000 Messungen 1.069411 Sekunden gebraucht
bei 9 cores haben 1000 Messungen 1.034921 Sekunden gebraucht
bei 9 cores haben 1000 Messungen 1.036418 Sekunden gebraucht
bei 9 cores haben 1000 Messungen 1.033818 Sekunden gebraucht
bei 9 cores haben 1000 Messungen 1.031433 Sekunden gebraucht
bei 9 cores haben 1000 Messungen 1.068388 Sekunden gebraucht
bei 9 cores haben 1000 Messungen 1.038610 Sekunden gebraucht
bei 10 cores haben 1000 Messungen 1.022677 Sekunden gebraucht
bei 10 cores haben 1000 Messungen 0.972858 Sekunden gebraucht
bei 10 cores haben 1000 Messungen 0.985191 Sekunden gebraucht
bei 10 cores haben 1000 Messungen 1.002492 Sekunden gebraucht
bei 10 cores haben 1000 Messungen 0.975610 Sekunden gebraucht
bei 10 cores haben 1000 Messungen 0.973898 Sekunden gebraucht
bei 10 cores haben 1000 Messungen 0.975375 Sekunden gebraucht
bei 10 cores haben 1000 Messungen 0.968374 Sekunden gebraucht
bei 10 cores haben 1000 Messungen 1.008738 Sekunden gebraucht
bei 10 cores haben 1000 Messungen 0.954045 Sekunden gebraucht
bei 11 cores haben 1000 Messungen 0.971869 Sekunden gebraucht
bei 11 cores haben 1000 Messungen 0.943952 Sekunden gebraucht
bei 11 cores haben 1000 Messungen 0.931214 Sekunden gebraucht
bei 11 cores haben 1000 Messungen 0.961950 Sekunden gebraucht
bei 11 cores haben 1000 Messungen 0.937252 Sekunden gebraucht
bei 11 cores haben 1000 Messungen 0.963179 Sekunden gebraucht
bei 11 cores haben 1000 Messungen 0.941784 Sekunden gebraucht
bei 11 cores haben 1000 Messungen 0.961331 Sekunden gebraucht
bei 11 cores haben 1000 Messungen 0.960951 Sekunden gebraucht
bei 11 cores haben 1000 Messungen 0.922825 Sekunden gebraucht
bei 12 cores haben 1000 Messungen 0.879509 Sekunden gebraucht
bei 12 cores haben 1000 Messungen 0.922848 Sekunden gebraucht
bei 12 cores haben 1000 Messungen 0.924462 Sekunden gebraucht
bei 12 cores haben 1000 Messungen 0.923838 Sekunden gebraucht
bei 12 cores haben 1000 Messungen 0.921703 Sekunden gebraucht
bei 12 cores haben 1000 Messungen 0.921293 Sekunden gebraucht
bei 12 cores haben 1000 Messungen 0.921492 Sekunden gebraucht
bei 12 cores haben 1000 Messungen 0.921612 Sekunden gebraucht
bei 12 cores haben 1000 Messungen 0.951363 Sekunden gebraucht
bei 12 cores haben 1000 Messungen 0.920513 Sekunden gebraucht
/hiskp4/gross/bachelorarbeit
