Wed Jun  3 16:54:37 CEST 2020 Waiting for 30 seconds before starting the job to allow the node to settle down
Wed Jun  3 16:55:07 CEST 2020 Waiting done, starting task!
Wed Jun  3 16:55:07 CEST 2020 Waiting for 30 seconds before starting the job to allow the node to settle down
Wed Jun  3 16:55:37 CEST 2020 Waiting done, starting task!
Laenge=6
bei 1 cores haben 1000 Messungen 0.009714 Sekunden gebraucht
bei 2 cores haben 1000 Messungen 0.007818 Sekunden gebraucht
bei 3 cores haben 1000 Messungen 0.013552 Sekunden gebraucht
bei 4 cores haben 1000 Messungen 0.014655 Sekunden gebraucht
bei 5 cores haben 1000 Messungen 0.013789 Sekunden gebraucht
bei 6 cores haben 1000 Messungen 0.016951 Sekunden gebraucht
bei 7 cores haben 1000 Messungen 0.017711 Sekunden gebraucht
bei 8 cores haben 1000 Messungen 0.019378 Sekunden gebraucht
bei 9 cores haben 1000 Messungen 0.020199 Sekunden gebraucht
bei 1 cores haben 1000 Messungen 0.007550 Sekunden gebraucht
bei 2 cores haben 1000 Messungen 0.007175 Sekunden gebraucht
bei 3 cores haben 1000 Messungen 0.011861 Sekunden gebraucht
bei 4 cores haben 1000 Messungen 0.013436 Sekunden gebraucht
bei 5 cores haben 1000 Messungen 0.013928 Sekunden gebraucht
bei 6 cores haben 1000 Messungen 0.016774 Sekunden gebraucht
bei 7 cores haben 1000 Messungen 0.016960 Sekunden gebraucht
bei 8 cores haben 1000 Messungen 0.018957 Sekunden gebraucht
bei 9 cores haben 1000 Messungen 0.019728 Sekunden gebraucht
bei 1 cores haben 1000 Messungen 0.007524 Sekunden gebraucht
bei 2 cores haben 1000 Messungen 0.006604 Sekunden gebraucht
bei 3 cores haben 1000 Messungen 0.011930 Sekunden gebraucht
bei 4 cores haben 1000 Messungen 0.013603 Sekunden gebraucht
bei 5 cores haben 1000 Messungen 0.013616 Sekunden gebraucht
bei 6 cores haben 1000 Messungen 0.016725 Sekunden gebraucht
bei 7 cores haben 1000 Messungen 0.016733 Sekunden gebraucht
bei 8 cores haben 1000 Messungen 0.018925 Sekunden gebraucht
bei 9 cores haben 1000 Messungen 0.019299 Sekunden gebraucht
bei 1 cores haben 1000 Messungen 0.007186 Sekunden gebraucht
bei 2 cores haben 1000 Messungen 0.006094 Sekunden gebraucht
bei 3 cores haben 1000 Messungen 0.011214 Sekunden gebraucht
bei 4 cores haben 1000 Messungen 0.012579 Sekunden gebraucht
bei 5 cores haben 1000 Messungen 0.012343 Sekunden gebraucht
bei 6 cores haben 1000 Messungen 0.015031 Sekunden gebraucht
bei 7 cores haben 1000 Messungen 0.015062 Sekunden gebraucht
bei 8 cores haben 1000 Messungen 0.017380 Sekunden gebraucht
bei 9 cores haben 1000 Messungen 0.019548 Sekunden gebraucht
bei 1 cores haben 1000 Messungen 0.006389 Sekunden gebraucht
bei 2 cores haben 1000 Messungen 0.005663 Sekunden gebraucht
bei 3 cores haben 1000 Messungen 0.011244 Sekunden gebraucht
bei 4 cores haben 1000 Messungen 0.011276 Sekunden gebraucht
bei 5 cores haben 1000 Messungen 0.013897 Sekunden gebraucht
bei 6 cores haben 1000 Messungen 0.014070 Sekunden gebraucht
bei 7 cores haben 1000 Messungen 0.016451 Sekunden gebraucht
bei 8 cores haben 1000 Messungen 0.016107 Sekunden gebraucht
bei 9 cores haben 1000 Messungen 0.018950 Sekunden gebraucht
bei 1 cores haben 1000 Messungen 0.006301 Sekunden gebraucht
bei 2 cores haben 1000 Messungen 0.005679 Sekunden gebraucht
bei 3 cores haben 1000 Messungen 0.011127 Sekunden gebraucht
bei 4 cores haben 1000 Messungen 0.010897 Sekunden gebraucht
bei 5 cores haben 1000 Messungen 0.013111 Sekunden gebraucht
bei 6 cores haben 1000 Messungen 0.013294 Sekunden gebraucht
bei 7 cores haben 1000 Messungen 0.015465 Sekunden gebraucht
bei 8 cores haben 1000 Messungen 0.015311 Sekunden gebraucht
bei 9 cores haben 1000 Messungen 0.190121 Sekunden gebraucht
bei 1 cores haben 1000 Messungen 0.006593 Sekunden gebraucht
bei 2 cores haben 1000 Messungen 0.010095 Sekunden gebraucht
bei 3 cores haben 1000 Messungen 0.011049 Sekunden gebraucht
bei 4 cores haben 1000 Messungen 0.010844 Sekunden gebraucht
bei 5 cores haben 1000 Messungen 0.012835 Sekunden gebraucht
bei 6 cores haben 1000 Messungen 0.013037 Sekunden gebraucht
bei 7 cores haben 1000 Messungen 0.015390 Sekunden gebraucht
bei 8 cores haben 1000 Messungen 0.015563 Sekunden gebraucht
bei 9 cores haben 1000 Messungen 0.018578 Sekunden gebraucht
bei 1 cores haben 1000 Messungen 0.006380 Sekunden gebraucht
bei 2 cores haben 1000 Messungen 0.009867 Sekunden gebraucht
bei 3 cores haben 1000 Messungen 0.010676 Sekunden gebraucht
bei 4 cores haben 1000 Messungen 0.010826 Sekunden gebraucht
bei 5 cores haben 1000 Messungen 0.012932 Sekunden gebraucht
bei 6 cores haben 1000 Messungen 0.013366 Sekunden gebraucht
bei 7 cores haben 1000 Messungen 0.016050 Sekunden gebraucht
bei 8 cores haben 1000 Messungen 0.015922 Sekunden gebraucht
bei 9 cores haben 1000 Messungen 0.018574 Sekunden gebraucht
bei 1 cores haben 1000 Messungen 0.006379 Sekunden gebraucht
bei 2 cores haben 1000 Messungen 0.010178 Sekunden gebraucht
bei 3 cores haben 1000 Messungen 0.011056 Sekunden gebraucht
bei 4 cores haben 1000 Messungen 0.011205 Sekunden gebraucht
bei 5 cores haben 1000 Messungen 0.012806 Sekunden gebraucht
bei 6 cores haben 1000 Messungen 0.013698 Sekunden gebraucht
bei 7 cores haben 1000 Messungen 0.015609 Sekunden gebraucht
bei 8 cores haben 1000 Messungen 0.015701 Sekunden gebraucht
bei 9 cores haben 1000 Messungen 0.018777 Sekunden gebraucht
bei 1 cores haben 1000 Messungen 0.006497 Sekunden gebraucht
bei 2 cores haben 1000 Messungen 0.010175 Sekunden gebraucht
bei 3 cores haben 1000 Messungen 0.010636 Sekunden gebraucht
bei 4 cores haben 1000 Messungen 0.011012 Sekunden gebraucht
bei 5 cores haben 1000 Messungen 0.012831 Sekunden gebraucht
bei 6 cores haben 1000 Messungen 0.013488 Sekunden gebraucht
bei 7 cores haben 1000 Messungen 0.015304 Sekunden gebraucht
bei 8 cores haben 1000 Messungen 0.014365 Sekunden gebraucht
bei 9 cores haben 1000 Messungen 0.015876 Sekunden gebraucht
Laenge=10
bei 1 cores haben 1000 Messungen 0.013410 Sekunden gebraucht
bei 2 cores haben 1000 Messungen 0.015213 Sekunden gebraucht
bei 3 cores haben 1000 Messungen 0.014333 Sekunden gebraucht
bei 4 cores haben 1000 Messungen 0.014420 Sekunden gebraucht
bei 5 cores haben 1000 Messungen 0.015448 Sekunden gebraucht
bei 6 cores haben 1000 Messungen 0.017605 Sekunden gebraucht
bei 7 cores haben 1000 Messungen 0.019922 Sekunden gebraucht
bei 8 cores haben 1000 Messungen 0.018757 Sekunden gebraucht
bei 9 cores haben 1000 Messungen 0.385186 Sekunden gebraucht
bei 1 cores haben 1000 Messungen 0.013647 Sekunden gebraucht
bei 2 cores haben 1000 Messungen 0.021347 Sekunden gebraucht
bei 3 cores haben 1000 Messungen 0.016094 Sekunden gebraucht
bei 4 cores haben 1000 Messungen 0.018630 Sekunden gebraucht
bei 5 cores haben 1000 Messungen 0.016577 Sekunden gebraucht
bei 6 cores haben 1000 Messungen 0.021113 Sekunden gebraucht
bei 7 cores haben 1000 Messungen 0.019084 Sekunden gebraucht
bei 8 cores haben 1000 Messungen 0.022091 Sekunden gebraucht
bei 9 cores haben 1000 Messungen 0.336538 Sekunden gebraucht
bei 1 cores haben 1000 Messungen 0.013370 Sekunden gebraucht
bei 2 cores haben 1000 Messungen 0.014684 Sekunden gebraucht
bei 3 cores haben 1000 Messungen 0.014477 Sekunden gebraucht
bei 4 cores haben 1000 Messungen 0.015800 Sekunden gebraucht
bei 5 cores haben 1000 Messungen 0.017430 Sekunden gebraucht
bei 6 cores haben 1000 Messungen 0.016962 Sekunden gebraucht
bei 7 cores haben 1000 Messungen 0.020157 Sekunden gebraucht
bei 8 cores haben 1000 Messungen 0.022572 Sekunden gebraucht
bei 9 cores haben 1000 Messungen 0.023685 Sekunden gebraucht
bei 1 cores haben 1000 Messungen 0.013365 Sekunden gebraucht
bei 2 cores haben 1000 Messungen 0.021268 Sekunden gebraucht
bei 3 cores haben 1000 Messungen 0.018386 Sekunden gebraucht
bei 4 cores haben 1000 Messungen 0.018765 Sekunden gebraucht
bei 5 cores haben 1000 Messungen 0.019354 Sekunden gebraucht
bei 6 cores haben 1000 Messungen 0.018752 Sekunden gebraucht
bei 7 cores haben 1000 Messungen 0.020394 Sekunden gebraucht
bei 8 cores haben 1000 Messungen 0.019051 Sekunden gebraucht
bei 9 cores haben 1000 Messungen 0.021515 Sekunden gebraucht
bei 1 cores haben 1000 Messungen 0.013379 Sekunden gebraucht
bei 2 cores haben 1000 Messungen 0.014661 Sekunden gebraucht
bei 3 cores haben 1000 Messungen 0.022839 Sekunden gebraucht
bei 4 cores haben 1000 Messungen 0.019954 Sekunden gebraucht
bei 5 cores haben 1000 Messungen 0.022122 Sekunden gebraucht
bei 6 cores haben 1000 Messungen 0.021167 Sekunden gebraucht
bei 7 cores haben 1000 Messungen 0.023398 Sekunden gebraucht
bei 8 cores haben 1000 Messungen 0.022613 Sekunden gebraucht
bei 9 cores haben 1000 Messungen 0.032297 Sekunden gebraucht
bei 1 cores haben 1000 Messungen 0.013373 Sekunden gebraucht
bei 2 cores haben 1000 Messungen 0.009374 Sekunden gebraucht
bei 3 cores haben 1000 Messungen 0.013964 Sekunden gebraucht
bei 4 cores haben 1000 Messungen 0.014409 Sekunden gebraucht
bei 5 cores haben 1000 Messungen 0.016603 Sekunden gebraucht
bei 6 cores haben 1000 Messungen 0.018957 Sekunden gebraucht
bei 7 cores haben 1000 Messungen 0.021735 Sekunden gebraucht
bei 8 cores haben 1000 Messungen 0.021223 Sekunden gebraucht
bei 9 cores haben 1000 Messungen 0.024383 Sekunden gebraucht
bei 1 cores haben 1000 Messungen 0.013317 Sekunden gebraucht
bei 2 cores haben 1000 Messungen 0.009388 Sekunden gebraucht
bei 3 cores haben 1000 Messungen 0.014796 Sekunden gebraucht
bei 4 cores haben 1000 Messungen 0.015844 Sekunden gebraucht
bei 5 cores haben 1000 Messungen 0.016889 Sekunden gebraucht
bei 6 cores haben 1000 Messungen 0.018986 Sekunden gebraucht
bei 7 cores haben 1000 Messungen 0.022271 Sekunden gebraucht
bei 8 cores haben 1000 Messungen 0.022591 Sekunden gebraucht
bei 9 cores haben 1000 Messungen 0.023977 Sekunden gebraucht
bei 1 cores haben 1000 Messungen 0.013375 Sekunden gebraucht
bei 2 cores haben 1000 Messungen 0.009275 Sekunden gebraucht
bei 3 cores haben 1000 Messungen 0.014899 Sekunden gebraucht
bei 4 cores haben 1000 Messungen 0.016222 Sekunden gebraucht
bei 5 cores haben 1000 Messungen 0.017666 Sekunden gebraucht
bei 6 cores haben 1000 Messungen 0.017405 Sekunden gebraucht
bei 7 cores haben 1000 Messungen 0.018813 Sekunden gebraucht
bei 8 cores haben 1000 Messungen 0.019571 Sekunden gebraucht
bei 9 cores haben 1000 Messungen 0.024540 Sekunden gebraucht
bei 1 cores haben 1000 Messungen 0.013355 Sekunden gebraucht
bei 2 cores haben 1000 Messungen 0.009533 Sekunden gebraucht
bei 3 cores haben 1000 Messungen 0.014310 Sekunden gebraucht
bei 4 cores haben 1000 Messungen 0.014495 Sekunden gebraucht
bei 5 cores haben 1000 Messungen 0.016997 Sekunden gebraucht
bei 6 cores haben 1000 Messungen 0.019490 Sekunden gebraucht
bei 7 cores haben 1000 Messungen 0.021310 Sekunden gebraucht
bei 8 cores haben 1000 Messungen 0.023537 Sekunden gebraucht
bei 9 cores haben 1000 Messungen 0.025569 Sekunden gebraucht
bei 1 cores haben 1000 Messungen 0.013353 Sekunden gebraucht
bei 2 cores haben 1000 Messungen 0.014405 Sekunden gebraucht
bei 3 cores haben 1000 Messungen 0.014238 Sekunden gebraucht
bei 4 cores haben 1000 Messungen 0.014093 Sekunden gebraucht
bei 5 cores haben 1000 Messungen 0.016559 Sekunden gebraucht
bei 6 cores haben 1000 Messungen 0.017036 Sekunden gebraucht
bei 7 cores haben 1000 Messungen 0.019388 Sekunden gebraucht
bei 8 cores haben 1000 Messungen 0.019635 Sekunden gebraucht
bei 9 cores haben 1000 Messungen 0.022331 Sekunden gebraucht
Laenge=20
bei 1 cores haben 1000 Messungen 0.046560 Sekunden gebraucht
bei 2 cores haben 1000 Messungen 0.051792 Sekunden gebraucht
bei 3 cores haben 1000 Messungen 0.037416 Sekunden gebraucht
bei 4 cores haben 1000 Messungen 0.031139 Sekunden gebraucht
bei 5 cores haben 1000 Messungen 0.030774 Sekunden gebraucht
bei 6 cores haben 1000 Messungen 0.031484 Sekunden gebraucht
bei 7 cores haben 1000 Messungen 0.031762 Sekunden gebraucht
bei 8 cores haben 1000 Messungen 0.032279 Sekunden gebraucht
bei 9 cores haben 1000 Messungen 0.035805 Sekunden gebraucht
bei 1 cores haben 1000 Messungen 0.045496 Sekunden gebraucht
bei 2 cores haben 1000 Messungen 0.036489 Sekunden gebraucht
bei 3 cores haben 1000 Messungen 0.036007 Sekunden gebraucht
bei 4 cores haben 1000 Messungen 0.032730 Sekunden gebraucht
bei 5 cores haben 1000 Messungen 0.031255 Sekunden gebraucht
bei 6 cores haben 1000 Messungen 0.031148 Sekunden gebraucht
bei 7 cores haben 1000 Messungen 0.033414 Sekunden gebraucht
bei 8 cores haben 1000 Messungen 0.033390 Sekunden gebraucht
bei 9 cores haben 1000 Messungen 0.033742 Sekunden gebraucht
bei 1 cores haben 1000 Messungen 0.045271 Sekunden gebraucht
bei 2 cores haben 1000 Messungen 0.026575 Sekunden gebraucht
bei 3 cores haben 1000 Messungen 0.034067 Sekunden gebraucht
bei 4 cores haben 1000 Messungen 0.030163 Sekunden gebraucht
bei 5 cores haben 1000 Messungen 0.029507 Sekunden gebraucht
bei 6 cores haben 1000 Messungen 0.031735 Sekunden gebraucht
bei 7 cores haben 1000 Messungen 0.029218 Sekunden gebraucht
bei 8 cores haben 1000 Messungen 0.031971 Sekunden gebraucht
bei 9 cores haben 1000 Messungen 0.035997 Sekunden gebraucht
bei 1 cores haben 1000 Messungen 0.045166 Sekunden gebraucht
bei 2 cores haben 1000 Messungen 0.058198 Sekunden gebraucht
bei 3 cores haben 1000 Messungen 0.037974 Sekunden gebraucht
bei 4 cores haben 1000 Messungen 0.031897 Sekunden gebraucht
bei 5 cores haben 1000 Messungen 0.032431 Sekunden gebraucht
bei 6 cores haben 1000 Messungen 0.032616 Sekunden gebraucht
bei 7 cores haben 1000 Messungen 0.032879 Sekunden gebraucht
bei 8 cores haben 1000 Messungen 0.032768 Sekunden gebraucht
bei 9 cores haben 1000 Messungen 0.036217 Sekunden gebraucht
bei 1 cores haben 1000 Messungen 0.045442 Sekunden gebraucht
bei 2 cores haben 1000 Messungen 0.052408 Sekunden gebraucht
bei 3 cores haben 1000 Messungen 0.035909 Sekunden gebraucht
bei 4 cores haben 1000 Messungen 0.031442 Sekunden gebraucht
bei 5 cores haben 1000 Messungen 0.030706 Sekunden gebraucht
bei 6 cores haben 1000 Messungen 0.030226 Sekunden gebraucht
bei 7 cores haben 1000 Messungen 0.031724 Sekunden gebraucht
bei 8 cores haben 1000 Messungen 0.032830 Sekunden gebraucht
bei 9 cores haben 1000 Messungen 0.035967 Sekunden gebraucht
bei 1 cores haben 1000 Messungen 0.045526 Sekunden gebraucht
bei 2 cores haben 1000 Messungen 0.051070 Sekunden gebraucht
bei 3 cores haben 1000 Messungen 0.047183 Sekunden gebraucht
bei 4 cores haben 1000 Messungen 0.032294 Sekunden gebraucht
bei 5 cores haben 1000 Messungen 0.030785 Sekunden gebraucht
bei 6 cores haben 1000 Messungen 0.028639 Sekunden gebraucht
bei 7 cores haben 1000 Messungen 0.031559 Sekunden gebraucht
bei 8 cores haben 1000 Messungen 0.033720 Sekunden gebraucht
bei 9 cores haben 1000 Messungen 0.069379 Sekunden gebraucht
bei 1 cores haben 1000 Messungen 0.046770 Sekunden gebraucht
bei 2 cores haben 1000 Messungen 0.035728 Sekunden gebraucht
bei 3 cores haben 1000 Messungen 0.038213 Sekunden gebraucht
bei 4 cores haben 1000 Messungen 0.033778 Sekunden gebraucht
bei 5 cores haben 1000 Messungen 0.031435 Sekunden gebraucht
bei 6 cores haben 1000 Messungen 0.031273 Sekunden gebraucht
bei 7 cores haben 1000 Messungen 0.032768 Sekunden gebraucht
bei 8 cores haben 1000 Messungen 0.033968 Sekunden gebraucht
bei 9 cores haben 1000 Messungen 0.035559 Sekunden gebraucht
bei 1 cores haben 1000 Messungen 0.045618 Sekunden gebraucht
bei 2 cores haben 1000 Messungen 0.039880 Sekunden gebraucht
bei 3 cores haben 1000 Messungen 0.036468 Sekunden gebraucht
bei 4 cores haben 1000 Messungen 0.031762 Sekunden gebraucht
bei 5 cores haben 1000 Messungen 0.029383 Sekunden gebraucht
bei 6 cores haben 1000 Messungen 0.029289 Sekunden gebraucht
bei 7 cores haben 1000 Messungen 0.032983 Sekunden gebraucht
bei 8 cores haben 1000 Messungen 0.034387 Sekunden gebraucht
bei 9 cores haben 1000 Messungen 0.053416 Sekunden gebraucht
bei 1 cores haben 1000 Messungen 0.046507 Sekunden gebraucht
bei 2 cores haben 1000 Messungen 0.058145 Sekunden gebraucht
bei 3 cores haben 1000 Messungen 0.037265 Sekunden gebraucht
bei 4 cores haben 1000 Messungen 0.031346 Sekunden gebraucht
bei 5 cores haben 1000 Messungen 0.029688 Sekunden gebraucht
bei 6 cores haben 1000 Messungen 0.029194 Sekunden gebraucht
bei 7 cores haben 1000 Messungen 0.032051 Sekunden gebraucht
bei 8 cores haben 1000 Messungen 0.034333 Sekunden gebraucht
bei 9 cores haben 1000 Messungen 0.035559 Sekunden gebraucht
bei 1 cores haben 1000 Messungen 0.045406 Sekunden gebraucht
bei 2 cores haben 1000 Messungen 0.058769 Sekunden gebraucht
bei 3 cores haben 1000 Messungen 0.038095 Sekunden gebraucht
bei 4 cores haben 1000 Messungen 0.030934 Sekunden gebraucht
bei 5 cores haben 1000 Messungen 0.032262 Sekunden gebraucht
bei 6 cores haben 1000 Messungen 0.032311 Sekunden gebraucht
bei 7 cores haben 1000 Messungen 0.032413 Sekunden gebraucht
bei 8 cores haben 1000 Messungen 0.032652 Sekunden gebraucht
bei 9 cores haben 1000 Messungen 0.037269 Sekunden gebraucht
Laenge=36
bei 1 cores haben 1000 Messungen 0.138185 Sekunden gebraucht
bei 2 cores haben 1000 Messungen 0.126747 Sekunden gebraucht
bei 3 cores haben 1000 Messungen 0.081963 Sekunden gebraucht
bei 4 cores haben 1000 Messungen 0.074971 Sekunden gebraucht
bei 5 cores haben 1000 Messungen 0.062768 Sekunden gebraucht
bei 6 cores haben 1000 Messungen 0.064594 Sekunden gebraucht
bei 7 cores haben 1000 Messungen 0.072572 Sekunden gebraucht
bei 8 cores haben 1000 Messungen 0.072742 Sekunden gebraucht
bei 9 cores haben 1000 Messungen 0.071719 Sekunden gebraucht
bei 1 cores haben 1000 Messungen 0.139701 Sekunden gebraucht
bei 2 cores haben 1000 Messungen 0.139505 Sekunden gebraucht
bei 3 cores haben 1000 Messungen 0.079056 Sekunden gebraucht
bei 4 cores haben 1000 Messungen 0.076037 Sekunden gebraucht
bei 5 cores haben 1000 Messungen 0.076595 Sekunden gebraucht
bei 6 cores haben 1000 Messungen 0.071131 Sekunden gebraucht
bei 7 cores haben 1000 Messungen 0.071353 Sekunden gebraucht
bei 8 cores haben 1000 Messungen 0.074395 Sekunden gebraucht
bei 9 cores haben 1000 Messungen 0.071686 Sekunden gebraucht
bei 1 cores haben 1000 Messungen 0.139745 Sekunden gebraucht
bei 2 cores haben 1000 Messungen 0.139246 Sekunden gebraucht
bei 3 cores haben 1000 Messungen 0.104039 Sekunden gebraucht
bei 4 cores haben 1000 Messungen 0.068113 Sekunden gebraucht
bei 5 cores haben 1000 Messungen 0.075074 Sekunden gebraucht
bei 6 cores haben 1000 Messungen 0.071935 Sekunden gebraucht
bei 7 cores haben 1000 Messungen 0.070277 Sekunden gebraucht
bei 8 cores haben 1000 Messungen 0.074937 Sekunden gebraucht
bei 9 cores haben 1000 Messungen 0.072851 Sekunden gebraucht
bei 1 cores haben 1000 Messungen 0.137484 Sekunden gebraucht
bei 2 cores haben 1000 Messungen 0.126703 Sekunden gebraucht
bei 3 cores haben 1000 Messungen 0.082336 Sekunden gebraucht
bei 4 cores haben 1000 Messungen 0.075673 Sekunden gebraucht
bei 5 cores haben 1000 Messungen 0.072712 Sekunden gebraucht
bei 6 cores haben 1000 Messungen 0.066348 Sekunden gebraucht
bei 7 cores haben 1000 Messungen 0.075756 Sekunden gebraucht
bei 8 cores haben 1000 Messungen 0.073451 Sekunden gebraucht
bei 9 cores haben 1000 Messungen 0.071867 Sekunden gebraucht
bei 1 cores haben 1000 Messungen 0.139729 Sekunden gebraucht
bei 2 cores haben 1000 Messungen 0.126938 Sekunden gebraucht
bei 3 cores haben 1000 Messungen 0.108207 Sekunden gebraucht
bei 4 cores haben 1000 Messungen 0.068151 Sekunden gebraucht
bei 5 cores haben 1000 Messungen 0.062352 Sekunden gebraucht
bei 6 cores haben 1000 Messungen 0.072000 Sekunden gebraucht
bei 7 cores haben 1000 Messungen 0.071481 Sekunden gebraucht
bei 8 cores haben 1000 Messungen 0.070484 Sekunden gebraucht
bei 9 cores haben 1000 Messungen 0.144502 Sekunden gebraucht
bei 1 cores haben 1000 Messungen 0.145021 Sekunden gebraucht
bei 2 cores haben 1000 Messungen 0.127532 Sekunden gebraucht
bei 3 cores haben 1000 Messungen 0.104335 Sekunden gebraucht
bei 4 cores haben 1000 Messungen 0.067304 Sekunden gebraucht
bei 5 cores haben 1000 Messungen 0.073525 Sekunden gebraucht
bei 6 cores haben 1000 Messungen 0.071858 Sekunden gebraucht
bei 7 cores haben 1000 Messungen 0.069786 Sekunden gebraucht
bei 8 cores haben 1000 Messungen 0.070614 Sekunden gebraucht
bei 9 cores haben 1000 Messungen 0.099428 Sekunden gebraucht
bei 1 cores haben 1000 Messungen 0.147055 Sekunden gebraucht
bei 2 cores haben 1000 Messungen 0.125869 Sekunden gebraucht
bei 3 cores haben 1000 Messungen 0.087670 Sekunden gebraucht
bei 4 cores haben 1000 Messungen 0.073990 Sekunden gebraucht
bei 5 cores haben 1000 Messungen 0.074556 Sekunden gebraucht
bei 6 cores haben 1000 Messungen 0.072447 Sekunden gebraucht
bei 7 cores haben 1000 Messungen 0.074462 Sekunden gebraucht
bei 8 cores haben 1000 Messungen 0.070086 Sekunden gebraucht
bei 9 cores haben 1000 Messungen 0.072120 Sekunden gebraucht
bei 1 cores haben 1000 Messungen 0.139652 Sekunden gebraucht
bei 2 cores haben 1000 Messungen 0.138922 Sekunden gebraucht
bei 3 cores haben 1000 Messungen 0.083021 Sekunden gebraucht
bei 4 cores haben 1000 Messungen 0.087172 Sekunden gebraucht
bei 5 cores haben 1000 Messungen 0.072228 Sekunden gebraucht
bei 6 cores haben 1000 Messungen 0.065353 Sekunden gebraucht
bei 7 cores haben 1000 Messungen 0.071700 Sekunden gebraucht
bei 8 cores haben 1000 Messungen 0.074517 Sekunden gebraucht
bei 9 cores haben 1000 Messungen 0.071942 Sekunden gebraucht
bei 1 cores haben 1000 Messungen 0.139726 Sekunden gebraucht
bei 2 cores haben 1000 Messungen 0.126255 Sekunden gebraucht
bei 3 cores haben 1000 Messungen 0.103864 Sekunden gebraucht
bei 4 cores haben 1000 Messungen 0.069646 Sekunden gebraucht
bei 5 cores haben 1000 Messungen 0.072036 Sekunden gebraucht
bei 6 cores haben 1000 Messungen 0.073203 Sekunden gebraucht
bei 7 cores haben 1000 Messungen 0.076387 Sekunden gebraucht
bei 8 cores haben 1000 Messungen 0.071925 Sekunden gebraucht
bei 9 cores haben 1000 Messungen 0.071715 Sekunden gebraucht
bei 1 cores haben 1000 Messungen 0.139838 Sekunden gebraucht
bei 2 cores haben 1000 Messungen 0.125987 Sekunden gebraucht
bei 3 cores haben 1000 Messungen 0.082046 Sekunden gebraucht
bei 4 cores haben 1000 Messungen 0.075073 Sekunden gebraucht
bei 5 cores haben 1000 Messungen 0.062498 Sekunden gebraucht
bei 6 cores haben 1000 Messungen 0.070104 Sekunden gebraucht
bei 7 cores haben 1000 Messungen 0.075725 Sekunden gebraucht
bei 8 cores haben 1000 Messungen 0.071278 Sekunden gebraucht
bei 9 cores haben 1000 Messungen 0.069795 Sekunden gebraucht
Laenge=50
bei 1 cores haben 1000 Messungen 0.265248 Sekunden gebraucht
bei 2 cores haben 1000 Messungen 0.212563 Sekunden gebraucht
bei 3 cores haben 1000 Messungen 0.152974 Sekunden gebraucht
bei 4 cores haben 1000 Messungen 0.146377 Sekunden gebraucht
bei 5 cores haben 1000 Messungen 0.125718 Sekunden gebraucht
bei 6 cores haben 1000 Messungen 0.128393 Sekunden gebraucht
bei 7 cores haben 1000 Messungen 0.131750 Sekunden gebraucht
bei 8 cores haben 1000 Messungen 0.122349 Sekunden gebraucht
bei 9 cores haben 1000 Messungen 0.116712 Sekunden gebraucht
bei 1 cores haben 1000 Messungen 0.265419 Sekunden gebraucht
bei 2 cores haben 1000 Messungen 0.221467 Sekunden gebraucht
bei 3 cores haben 1000 Messungen 0.148586 Sekunden gebraucht
bei 4 cores haben 1000 Messungen 0.132643 Sekunden gebraucht
bei 5 cores haben 1000 Messungen 0.123298 Sekunden gebraucht
bei 6 cores haben 1000 Messungen 0.126388 Sekunden gebraucht
bei 7 cores haben 1000 Messungen 0.123970 Sekunden gebraucht
bei 8 cores haben 1000 Messungen 0.118683 Sekunden gebraucht
bei 9 cores haben 1000 Messungen 0.161432 Sekunden gebraucht
bei 1 cores haben 1000 Messungen 0.279300 Sekunden gebraucht
bei 2 cores haben 1000 Messungen 0.234410 Sekunden gebraucht
bei 3 cores haben 1000 Messungen 0.166882 Sekunden gebraucht
bei 4 cores haben 1000 Messungen 0.134826 Sekunden gebraucht
bei 5 cores haben 1000 Messungen 0.122116 Sekunden gebraucht
bei 6 cores haben 1000 Messungen 0.103422 Sekunden gebraucht
bei 7 cores haben 1000 Messungen 0.118722 Sekunden gebraucht
bei 8 cores haben 1000 Messungen 0.203525 Sekunden gebraucht
bei 9 cores haben 1000 Messungen 0.116485 Sekunden gebraucht
bei 1 cores haben 1000 Messungen 0.268259 Sekunden gebraucht
bei 2 cores haben 1000 Messungen 0.221271 Sekunden gebraucht
bei 3 cores haben 1000 Messungen 0.182078 Sekunden gebraucht
bei 4 cores haben 1000 Messungen 0.150389 Sekunden gebraucht
bei 5 cores haben 1000 Messungen 0.138162 Sekunden gebraucht
bei 6 cores haben 1000 Messungen 0.122143 Sekunden gebraucht
bei 7 cores haben 1000 Messungen 0.128940 Sekunden gebraucht
bei 8 cores haben 1000 Messungen 0.119269 Sekunden gebraucht
bei 9 cores haben 1000 Messungen 0.119264 Sekunden gebraucht
bei 1 cores haben 1000 Messungen 0.265695 Sekunden gebraucht
bei 2 cores haben 1000 Messungen 0.210463 Sekunden gebraucht
bei 3 cores haben 1000 Messungen 0.147482 Sekunden gebraucht
bei 4 cores haben 1000 Messungen 0.133488 Sekunden gebraucht
bei 5 cores haben 1000 Messungen 0.122693 Sekunden gebraucht
bei 6 cores haben 1000 Messungen 0.127306 Sekunden gebraucht
bei 7 cores haben 1000 Messungen 0.123564 Sekunden gebraucht
bei 8 cores haben 1000 Messungen 0.122472 Sekunden gebraucht
bei 9 cores haben 1000 Messungen 0.121036 Sekunden gebraucht
bei 1 cores haben 1000 Messungen 0.265350 Sekunden gebraucht
bei 2 cores haben 1000 Messungen 0.231668 Sekunden gebraucht
bei 3 cores haben 1000 Messungen 0.147604 Sekunden gebraucht
bei 4 cores haben 1000 Messungen 0.133507 Sekunden gebraucht
bei 5 cores haben 1000 Messungen 0.083612 Sekunden gebraucht
bei 6 cores haben 1000 Messungen 0.163276 Sekunden gebraucht
bei 7 cores haben 1000 Messungen 0.129376 Sekunden gebraucht
bei 8 cores haben 1000 Messungen 0.128304 Sekunden gebraucht
bei 9 cores haben 1000 Messungen 0.120052 Sekunden gebraucht
bei 1 cores haben 1000 Messungen 0.265673 Sekunden gebraucht
bei 2 cores haben 1000 Messungen 0.213297 Sekunden gebraucht
bei 3 cores haben 1000 Messungen 0.148470 Sekunden gebraucht
bei 4 cores haben 1000 Messungen 0.133804 Sekunden gebraucht
bei 5 cores haben 1000 Messungen 0.123005 Sekunden gebraucht
bei 6 cores haben 1000 Messungen 0.126431 Sekunden gebraucht
bei 7 cores haben 1000 Messungen 0.123223 Sekunden gebraucht
bei 8 cores haben 1000 Messungen 0.117421 Sekunden gebraucht
bei 9 cores haben 1000 Messungen 0.134249 Sekunden gebraucht
bei 1 cores haben 1000 Messungen 0.265654 Sekunden gebraucht
bei 2 cores haben 1000 Messungen 0.205015 Sekunden gebraucht
bei 3 cores haben 1000 Messungen 0.165170 Sekunden gebraucht
bei 4 cores haben 1000 Messungen 0.143792 Sekunden gebraucht
bei 5 cores haben 1000 Messungen 0.124273 Sekunden gebraucht
bei 6 cores haben 1000 Messungen 0.128731 Sekunden gebraucht
bei 7 cores haben 1000 Messungen 0.137702 Sekunden gebraucht
bei 8 cores haben 1000 Messungen 0.121596 Sekunden gebraucht
bei 9 cores haben 1000 Messungen 0.128518 Sekunden gebraucht
bei 1 cores haben 1000 Messungen 0.265942 Sekunden gebraucht
bei 2 cores haben 1000 Messungen 0.210876 Sekunden gebraucht
bei 3 cores haben 1000 Messungen 0.147148 Sekunden gebraucht
bei 4 cores haben 1000 Messungen 0.118436 Sekunden gebraucht
bei 5 cores haben 1000 Messungen 0.125841 Sekunden gebraucht
bei 6 cores haben 1000 Messungen 0.149889 Sekunden gebraucht
bei 7 cores haben 1000 Messungen 0.119912 Sekunden gebraucht
bei 8 cores haben 1000 Messungen 0.124844 Sekunden gebraucht
bei 9 cores haben 1000 Messungen 0.125607 Sekunden gebraucht
bei 1 cores haben 1000 Messungen 0.265342 Sekunden gebraucht
bei 2 cores haben 1000 Messungen 0.212054 Sekunden gebraucht
bei 3 cores haben 1000 Messungen 0.152878 Sekunden gebraucht
bei 4 cores haben 1000 Messungen 0.134632 Sekunden gebraucht
bei 5 cores haben 1000 Messungen 0.123790 Sekunden gebraucht
bei 6 cores haben 1000 Messungen 0.126778 Sekunden gebraucht
bei 7 cores haben 1000 Messungen 0.126362 Sekunden gebraucht
bei 8 cores haben 1000 Messungen 0.340155 Sekunden gebraucht
bei 9 cores haben 1000 Messungen 0.118710 Sekunden gebraucht
Laenge=100
bei 1 cores haben 1000 Messungen 1.058531 Sekunden gebraucht
bei 2 cores haben 1000 Messungen 0.799890 Sekunden gebraucht
bei 3 cores haben 1000 Messungen 0.587905 Sekunden gebraucht
bei 4 cores haben 1000 Messungen 0.504967 Sekunden gebraucht
bei 5 cores haben 1000 Messungen 0.478603 Sekunden gebraucht
bei 6 cores haben 1000 Messungen 0.482504 Sekunden gebraucht
bei 7 cores haben 1000 Messungen 0.486314 Sekunden gebraucht
bei 8 cores haben 1000 Messungen 0.462545 Sekunden gebraucht
bei 9 cores haben 1000 Messungen 0.487516 Sekunden gebraucht
bei 1 cores haben 1000 Messungen 1.085305 Sekunden gebraucht
bei 2 cores haben 1000 Messungen 0.854547 Sekunden gebraucht
bei 3 cores haben 1000 Messungen 0.581530 Sekunden gebraucht
bei 4 cores haben 1000 Messungen 0.500610 Sekunden gebraucht
bei 5 cores haben 1000 Messungen 0.506243 Sekunden gebraucht
bei 6 cores haben 1000 Messungen 0.480713 Sekunden gebraucht
bei 7 cores haben 1000 Messungen 0.472293 Sekunden gebraucht
bei 8 cores haben 1000 Messungen 0.461286 Sekunden gebraucht
bei 9 cores haben 1000 Messungen 0.465776 Sekunden gebraucht
bei 1 cores haben 1000 Messungen 1.059718 Sekunden gebraucht
bei 2 cores haben 1000 Messungen 0.798598 Sekunden gebraucht
bei 3 cores haben 1000 Messungen 0.582955 Sekunden gebraucht
bei 4 cores haben 1000 Messungen 0.509395 Sekunden gebraucht
bei 5 cores haben 1000 Messungen 0.478131 Sekunden gebraucht
bei 6 cores haben 1000 Messungen 0.504082 Sekunden gebraucht
bei 7 cores haben 1000 Messungen 0.483318 Sekunden gebraucht
bei 8 cores haben 1000 Messungen 0.456269 Sekunden gebraucht
bei 9 cores haben 1000 Messungen 0.480297 Sekunden gebraucht
bei 1 cores haben 1000 Messungen 1.094874 Sekunden gebraucht
bei 2 cores haben 1000 Messungen 0.792946 Sekunden gebraucht
bei 3 cores haben 1000 Messungen 0.576617 Sekunden gebraucht
bei 4 cores haben 1000 Messungen 0.503760 Sekunden gebraucht
bei 5 cores haben 1000 Messungen 0.484245 Sekunden gebraucht
bei 6 cores haben 1000 Messungen 0.478022 Sekunden gebraucht
bei 7 cores haben 1000 Messungen 0.457550 Sekunden gebraucht
bei 8 cores haben 1000 Messungen 0.473660 Sekunden gebraucht
bei 9 cores haben 1000 Messungen 0.451088 Sekunden gebraucht
bei 1 cores haben 1000 Messungen 1.049395 Sekunden gebraucht
bei 2 cores haben 1000 Messungen 0.789253 Sekunden gebraucht
bei 3 cores haben 1000 Messungen 0.575906 Sekunden gebraucht
bei 4 cores haben 1000 Messungen 0.508296 Sekunden gebraucht
bei 5 cores haben 1000 Messungen 0.478161 Sekunden gebraucht
bei 6 cores haben 1000 Messungen 0.501451 Sekunden gebraucht
bei 7 cores haben 1000 Messungen 0.477740 Sekunden gebraucht
bei 8 cores haben 1000 Messungen 0.454620 Sekunden gebraucht
bei 9 cores haben 1000 Messungen 0.456384 Sekunden gebraucht
bei 1 cores haben 1000 Messungen 1.038771 Sekunden gebraucht
bei 2 cores haben 1000 Messungen 0.793686 Sekunden gebraucht
bei 3 cores haben 1000 Messungen 0.580992 Sekunden gebraucht
bei 4 cores haben 1000 Messungen 0.500925 Sekunden gebraucht
bei 5 cores haben 1000 Messungen 0.481992 Sekunden gebraucht
bei 6 cores haben 1000 Messungen 0.471238 Sekunden gebraucht
bei 7 cores haben 1000 Messungen 0.447689 Sekunden gebraucht
bei 8 cores haben 1000 Messungen 0.479167 Sekunden gebraucht
bei 9 cores haben 1000 Messungen 0.444587 Sekunden gebraucht
bei 1 cores haben 1000 Messungen 1.041168 Sekunden gebraucht
bei 2 cores haben 1000 Messungen 0.812995 Sekunden gebraucht
bei 3 cores haben 1000 Messungen 0.591176 Sekunden gebraucht
bei 4 cores haben 1000 Messungen 0.503693 Sekunden gebraucht
bei 5 cores haben 1000 Messungen 0.482695 Sekunden gebraucht
bei 6 cores haben 1000 Messungen 0.477667 Sekunden gebraucht
bei 7 cores haben 1000 Messungen 0.455270 Sekunden gebraucht
bei 8 cores haben 1000 Messungen 0.456234 Sekunden gebraucht
bei 9 cores haben 1000 Messungen 0.443648 Sekunden gebraucht
bei 1 cores haben 1000 Messungen 1.057373 Sekunden gebraucht
bei 2 cores haben 1000 Messungen 0.816591 Sekunden gebraucht
bei 3 cores haben 1000 Messungen 0.588880 Sekunden gebraucht
bei 4 cores haben 1000 Messungen 0.509219 Sekunden gebraucht
bei 5 cores haben 1000 Messungen 0.484136 Sekunden gebraucht
bei 6 cores haben 1000 Messungen 0.488599 Sekunden gebraucht
bei 7 cores haben 1000 Messungen 0.464784 Sekunden gebraucht
bei 8 cores haben 1000 Messungen 0.518023 Sekunden gebraucht
bei 9 cores haben 1000 Messungen 0.470978 Sekunden gebraucht
bei 1 cores haben 1000 Messungen 1.055434 Sekunden gebraucht
bei 2 cores haben 1000 Messungen 0.808513 Sekunden gebraucht
bei 3 cores haben 1000 Messungen 0.588807 Sekunden gebraucht
bei 4 cores haben 1000 Messungen 0.507487 Sekunden gebraucht
bei 5 cores haben 1000 Messungen 0.505119 Sekunden gebraucht
bei 6 cores haben 1000 Messungen 0.472663 Sekunden gebraucht
bei 7 cores haben 1000 Messungen 0.474214 Sekunden gebraucht
bei 8 cores haben 1000 Messungen 0.458432 Sekunden gebraucht
bei 9 cores haben 1000 Messungen 0.445272 Sekunden gebraucht
bei 1 cores haben 1000 Messungen 1.058300 Sekunden gebraucht
bei 2 cores haben 1000 Messungen 0.795555 Sekunden gebraucht
bei 3 cores haben 1000 Messungen 0.584288 Sekunden gebraucht
bei 4 cores haben 1000 Messungen 0.503508 Sekunden gebraucht
bei 5 cores haben 1000 Messungen 0.505429 Sekunden gebraucht
bei 6 cores haben 1000 Messungen 0.477557 Sekunden gebraucht
bei 7 cores haben 1000 Messungen 0.494103 Sekunden gebraucht
bei 8 cores haben 1000 Messungen 0.460360 Sekunden gebraucht
bei 9 cores haben 1000 Messungen 0.452185 Sekunden gebraucht
Laenge=200
bei 1 cores haben 1000 Messungen 4.273659 Sekunden gebraucht
bei 2 cores haben 1000 Messungen 2.830075 Sekunden gebraucht
bei 3 cores haben 1000 Messungen 2.134915 Sekunden gebraucht
bei 4 cores haben 1000 Messungen 1.892044 Sekunden gebraucht
bei 5 cores haben 1000 Messungen 1.839271 Sekunden gebraucht
bei 6 cores haben 1000 Messungen 1.745168 Sekunden gebraucht
bei 7 cores haben 1000 Messungen 1.737881 Sekunden gebraucht
bei 8 cores haben 1000 Messungen 1.684635 Sekunden gebraucht
bei 9 cores haben 1000 Messungen 1.622220 Sekunden gebraucht
bei 1 cores haben 1000 Messungen 4.088388 Sekunden gebraucht
bei 2 cores haben 1000 Messungen 2.900364 Sekunden gebraucht
bei 3 cores haben 1000 Messungen 2.131492 Sekunden gebraucht
bei 4 cores haben 1000 Messungen 1.897820 Sekunden gebraucht
bei 5 cores haben 1000 Messungen 1.852009 Sekunden gebraucht
bei 6 cores haben 1000 Messungen 1.739548 Sekunden gebraucht
bei 7 cores haben 1000 Messungen 1.719544 Sekunden gebraucht
bei 8 cores haben 1000 Messungen 1.681069 Sekunden gebraucht
bei 9 cores haben 1000 Messungen 1.660064 Sekunden gebraucht
bei 1 cores haben 1000 Messungen 4.108340 Sekunden gebraucht
bei 2 cores haben 1000 Messungen 2.887953 Sekunden gebraucht
bei 3 cores haben 1000 Messungen 2.215802 Sekunden gebraucht
bei 4 cores haben 1000 Messungen 1.893429 Sekunden gebraucht
bei 5 cores haben 1000 Messungen 1.824287 Sekunden gebraucht
bei 6 cores haben 1000 Messungen 1.795858 Sekunden gebraucht
bei 7 cores haben 1000 Messungen 1.709156 Sekunden gebraucht
bei 8 cores haben 1000 Messungen 1.683958 Sekunden gebraucht
bei 9 cores haben 1000 Messungen 1.790749 Sekunden gebraucht
bei 1 cores haben 1000 Messungen 4.116499 Sekunden gebraucht
bei 2 cores haben 1000 Messungen 3.048712 Sekunden gebraucht
bei 3 cores haben 1000 Messungen 2.145238 Sekunden gebraucht
bei 4 cores haben 1000 Messungen 1.922393 Sekunden gebraucht
bei 5 cores haben 1000 Messungen 1.855191 Sekunden gebraucht
bei 6 cores haben 1000 Messungen 1.765379 Sekunden gebraucht
bei 7 cores haben 1000 Messungen 1.725960 Sekunden gebraucht
bei 8 cores haben 1000 Messungen 1.675226 Sekunden gebraucht
bei 9 cores haben 1000 Messungen 2.104843 Sekunden gebraucht
bei 1 cores haben 1000 Messungen 4.114705 Sekunden gebraucht
bei 2 cores haben 1000 Messungen 2.840349 Sekunden gebraucht
bei 3 cores haben 1000 Messungen 2.167371 Sekunden gebraucht
bei 4 cores haben 1000 Messungen 1.930710 Sekunden gebraucht
bei 5 cores haben 1000 Messungen 1.843598 Sekunden gebraucht
bei 6 cores haben 1000 Messungen 1.837328 Sekunden gebraucht
bei 7 cores haben 1000 Messungen 1.712878 Sekunden gebraucht
bei 8 cores haben 1000 Messungen 1.697838 Sekunden gebraucht
bei 9 cores haben 1000 Messungen 1.612810 Sekunden gebraucht
bei 1 cores haben 1000 Messungen 4.102829 Sekunden gebraucht
bei 2 cores haben 1000 Messungen 2.843922 Sekunden gebraucht
bei 3 cores haben 1000 Messungen 2.138854 Sekunden gebraucht
bei 4 cores haben 1000 Messungen 1.892435 Sekunden gebraucht
bei 5 cores haben 1000 Messungen 1.836167 Sekunden gebraucht
bei 6 cores haben 1000 Messungen 1.754864 Sekunden gebraucht
bei 7 cores haben 1000 Messungen 1.710783 Sekunden gebraucht
bei 8 cores haben 1000 Messungen 1.686633 Sekunden gebraucht
bei 9 cores haben 1000 Messungen 1.638914 Sekunden gebraucht
bei 1 cores haben 1000 Messungen 4.135576 Sekunden gebraucht
bei 2 cores haben 1000 Messungen 2.851309 Sekunden gebraucht
bei 3 cores haben 1000 Messungen 2.105340 Sekunden gebraucht
bei 4 cores haben 1000 Messungen 1.897005 Sekunden gebraucht
bei 5 cores haben 1000 Messungen 1.865625 Sekunden gebraucht
bei 6 cores haben 1000 Messungen 1.795104 Sekunden gebraucht
bei 7 cores haben 1000 Messungen 1.721260 Sekunden gebraucht
bei 8 cores haben 1000 Messungen 1.681094 Sekunden gebraucht
bei 9 cores haben 1000 Messungen 1.609800 Sekunden gebraucht
bei 1 cores haben 1000 Messungen 4.146696 Sekunden gebraucht
bei 2 cores haben 1000 Messungen 2.843862 Sekunden gebraucht
bei 3 cores haben 1000 Messungen 2.135890 Sekunden gebraucht
bei 4 cores haben 1000 Messungen 1.913689 Sekunden gebraucht
bei 5 cores haben 1000 Messungen 1.832700 Sekunden gebraucht
bei 6 cores haben 1000 Messungen 1.768708 Sekunden gebraucht
bei 7 cores haben 1000 Messungen 1.706570 Sekunden gebraucht
bei 8 cores haben 1000 Messungen 1.699557 Sekunden gebraucht
bei 9 cores haben 1000 Messungen 1.650089 Sekunden gebraucht
bei 1 cores haben 1000 Messungen 4.107406 Sekunden gebraucht
bei 2 cores haben 1000 Messungen 2.834463 Sekunden gebraucht
bei 3 cores haben 1000 Messungen 2.138426 Sekunden gebraucht
bei 4 cores haben 1000 Messungen 1.918959 Sekunden gebraucht
bei 5 cores haben 1000 Messungen 1.836031 Sekunden gebraucht
bei 6 cores haben 1000 Messungen 1.731988 Sekunden gebraucht
bei 7 cores haben 1000 Messungen 1.762354 Sekunden gebraucht
bei 8 cores haben 1000 Messungen 1.669711 Sekunden gebraucht
bei 9 cores haben 1000 Messungen 1.683079 Sekunden gebraucht
bei 1 cores haben 1000 Messungen 4.137842 Sekunden gebraucht
bei 2 cores haben 1000 Messungen 2.856566 Sekunden gebraucht
bei 3 cores haben 1000 Messungen 2.223611 Sekunden gebraucht
bei 4 cores haben 1000 Messungen 1.911261 Sekunden gebraucht
bei 5 cores haben 1000 Messungen 1.867078 Sekunden gebraucht
bei 6 cores haben 1000 Messungen 1.776190 Sekunden gebraucht
bei 7 cores haben 1000 Messungen 1.729553 Sekunden gebraucht
bei 8 cores haben 1000 Messungen 1.707091 Sekunden gebraucht
bei 9 cores haben 1000 Messungen 1.616730 Sekunden gebraucht
Laenge=350
bei 1 cores haben 1000 Messungen 12.827494 Sekunden gebraucht
bei 2 cores haben 1000 Messungen 8.675094 Sekunden gebraucht
bei 3 cores haben 1000 Messungen 6.697316 Sekunden gebraucht
bei 4 cores haben 1000 Messungen 5.976863 Sekunden gebraucht
bei 5 cores haben 1000 Messungen 5.907201 Sekunden gebraucht
bei 6 cores haben 1000 Messungen 5.580748 Sekunden gebraucht
bei 7 cores haben 1000 Messungen 5.436319 Sekunden gebraucht
bei 8 cores haben 1000 Messungen 5.222781 Sekunden gebraucht
bei 9 cores haben 1000 Messungen 5.044553 Sekunden gebraucht
bei 1 cores haben 1000 Messungen 12.666486 Sekunden gebraucht
bei 2 cores haben 1000 Messungen 8.834449 Sekunden gebraucht
bei 3 cores haben 1000 Messungen 6.718524 Sekunden gebraucht
bei 4 cores haben 1000 Messungen 5.969689 Sekunden gebraucht
bei 5 cores haben 1000 Messungen 5.709396 Sekunden gebraucht
bei 6 cores haben 1000 Messungen 5.489725 Sekunden gebraucht
bei 7 cores haben 1000 Messungen 5.468755 Sekunden gebraucht
bei 8 cores haben 1000 Messungen 5.252158 Sekunden gebraucht
bei 9 cores haben 1000 Messungen 5.026028 Sekunden gebraucht
bei 1 cores haben 1000 Messungen 12.624706 Sekunden gebraucht
bei 2 cores haben 1000 Messungen 8.707166 Sekunden gebraucht
bei 3 cores haben 1000 Messungen 6.818094 Sekunden gebraucht
bei 4 cores haben 1000 Messungen 6.030223 Sekunden gebraucht
bei 5 cores haben 1000 Messungen 5.761244 Sekunden gebraucht
bei 6 cores haben 1000 Messungen 5.481674 Sekunden gebraucht
bei 7 cores haben 1000 Messungen 5.728226 Sekunden gebraucht
bei 8 cores haben 1000 Messungen 5.244429 Sekunden gebraucht
bei 9 cores haben 1000 Messungen 5.008684 Sekunden gebraucht
bei 1 cores haben 1000 Messungen 12.641303 Sekunden gebraucht
bei 2 cores haben 1000 Messungen 8.718461 Sekunden gebraucht
bei 3 cores haben 1000 Messungen 6.858281 Sekunden gebraucht
bei 4 cores haben 1000 Messungen 5.917341 Sekunden gebraucht
bei 5 cores haben 1000 Messungen 5.827879 Sekunden gebraucht
bei 6 cores haben 1000 Messungen 5.497675 Sekunden gebraucht
bei 7 cores haben 1000 Messungen 5.228407 Sekunden gebraucht
bei 8 cores haben 1000 Messungen 5.273098 Sekunden gebraucht
bei 9 cores haben 1000 Messungen 5.023923 Sekunden gebraucht
bei 1 cores haben 1000 Messungen 12.667819 Sekunden gebraucht
bei 2 cores haben 1000 Messungen 8.755969 Sekunden gebraucht
bei 3 cores haben 1000 Messungen 6.792685 Sekunden gebraucht
bei 4 cores haben 1000 Messungen 5.971389 Sekunden gebraucht
bei 5 cores haben 1000 Messungen 5.885252 Sekunden gebraucht
bei 6 cores haben 1000 Messungen 5.397004 Sekunden gebraucht
bei 7 cores haben 1000 Messungen 5.466948 Sekunden gebraucht
bei 8 cores haben 1000 Messungen 5.238164 Sekunden gebraucht
bei 9 cores haben 1000 Messungen 5.035609 Sekunden gebraucht
bei 1 cores haben 1000 Messungen 12.644076 Sekunden gebraucht
bei 2 cores haben 1000 Messungen 8.682455 Sekunden gebraucht
bei 3 cores haben 1000 Messungen 6.726525 Sekunden gebraucht
bei 4 cores haben 1000 Messungen 5.970159 Sekunden gebraucht
bei 5 cores haben 1000 Messungen 5.828573 Sekunden gebraucht
bei 6 cores haben 1000 Messungen 5.668113 Sekunden gebraucht
bei 7 cores haben 1000 Messungen 5.420155 Sekunden gebraucht
bei 8 cores haben 1000 Messungen 5.223656 Sekunden gebraucht
bei 9 cores haben 1000 Messungen 5.005872 Sekunden gebraucht
bei 1 cores haben 1000 Messungen 12.661408 Sekunden gebraucht
bei 2 cores haben 1000 Messungen 8.655949 Sekunden gebraucht
bei 3 cores haben 1000 Messungen 6.770147 Sekunden gebraucht
bei 4 cores haben 1000 Messungen 6.084099 Sekunden gebraucht
bei 5 cores haben 1000 Messungen 5.815272 Sekunden gebraucht
bei 6 cores haben 1000 Messungen 5.458166 Sekunden gebraucht
bei 7 cores haben 1000 Messungen 5.516271 Sekunden gebraucht
bei 8 cores haben 1000 Messungen 5.278177 Sekunden gebraucht
bei 9 cores haben 1000 Messungen 5.017632 Sekunden gebraucht
bei 1 cores haben 1000 Messungen 12.689939 Sekunden gebraucht
bei 2 cores haben 1000 Messungen 8.679234 Sekunden gebraucht
bei 3 cores haben 1000 Messungen 6.694711 Sekunden gebraucht
bei 4 cores haben 1000 Messungen 5.989815 Sekunden gebraucht
bei 5 cores haben 1000 Messungen 5.807458 Sekunden gebraucht
bei 6 cores haben 1000 Messungen 5.419285 Sekunden gebraucht
bei 7 cores haben 1000 Messungen 5.430063 Sekunden gebraucht
bei 8 cores haben 1000 Messungen 5.270049 Sekunden gebraucht
bei 9 cores haben 1000 Messungen 5.025673 Sekunden gebraucht
bei 1 cores haben 1000 Messungen 12.756180 Sekunden gebraucht
bei 2 cores haben 1000 Messungen 8.741642 Sekunden gebraucht
bei 3 cores haben 1000 Messungen 6.751552 Sekunden gebraucht
bei 4 cores haben 1000 Messungen 5.977117 Sekunden gebraucht
bei 5 cores haben 1000 Messungen 5.800314 Sekunden gebraucht
bei 6 cores haben 1000 Messungen 5.534038 Sekunden gebraucht
bei 7 cores haben 1000 Messungen 5.475974 Sekunden gebraucht
bei 8 cores haben 1000 Messungen 5.243264 Sekunden gebraucht
bei 9 cores haben 1000 Messungen 5.004035 Sekunden gebraucht
bei 1 cores haben 1000 Messungen 12.630859 Sekunden gebraucht
bei 2 cores haben 1000 Messungen 8.695989 Sekunden gebraucht
bei 3 cores haben 1000 Messungen 6.804629 Sekunden gebraucht
bei 4 cores haben 1000 Messungen 6.013749 Sekunden gebraucht
bei 5 cores haben 1000 Messungen 5.756103 Sekunden gebraucht
bei 6 cores haben 1000 Messungen 5.441809 Sekunden gebraucht
bei 7 cores haben 1000 Messungen 5.404948 Sekunden gebraucht
bei 8 cores haben 1000 Messungen 5.275552 Sekunden gebraucht
bei 9 cores haben 1000 Messungen 5.040424 Sekunden gebraucht
Laenge=500
bei 1 cores haben 1000 Messungen 26.344933 Sekunden gebraucht
bei 2 cores haben 1000 Messungen 18.210002 Sekunden gebraucht
bei 3 cores haben 1000 Messungen 14.093647 Sekunden gebraucht
bei 4 cores haben 1000 Messungen 12.408860 Sekunden gebraucht
bei 5 cores haben 1000 Messungen 12.244654 Sekunden gebraucht
bei 6 cores haben 1000 Messungen 11.295934 Sekunden gebraucht
bei 7 cores haben 1000 Messungen 11.458943 Sekunden gebraucht
bei 8 cores haben 1000 Messungen 11.089315 Sekunden gebraucht
bei 9 cores haben 1000 Messungen 10.624512 Sekunden gebraucht
bei 1 cores haben 1000 Messungen 26.197884 Sekunden gebraucht
bei 2 cores haben 1000 Messungen 18.017894 Sekunden gebraucht
bei 3 cores haben 1000 Messungen 14.187141 Sekunden gebraucht
bei 4 cores haben 1000 Messungen 12.401850 Sekunden gebraucht
bei 5 cores haben 1000 Messungen 12.154418 Sekunden gebraucht
bei 6 cores haben 1000 Messungen 11.473641 Sekunden gebraucht
bei 7 cores haben 1000 Messungen 11.371063 Sekunden gebraucht
bei 8 cores haben 1000 Messungen 11.020032 Sekunden gebraucht
bei 9 cores haben 1000 Messungen 10.440224 Sekunden gebraucht
bei 1 cores haben 1000 Messungen 26.456239 Sekunden gebraucht
bei 2 cores haben 1000 Messungen 18.209659 Sekunden gebraucht
bei 3 cores haben 1000 Messungen 14.540969 Sekunden gebraucht
bei 4 cores haben 1000 Messungen 12.404391 Sekunden gebraucht
bei 5 cores haben 1000 Messungen 12.140182 Sekunden gebraucht
bei 6 cores haben 1000 Messungen 11.340838 Sekunden gebraucht
bei 7 cores haben 1000 Messungen 11.356032 Sekunden gebraucht
bei 8 cores haben 1000 Messungen 10.970122 Sekunden gebraucht
bei 9 cores haben 1000 Messungen 10.476483 Sekunden gebraucht
bei 1 cores haben 1000 Messungen 26.975687 Sekunden gebraucht
bei 2 cores haben 1000 Messungen 18.007200 Sekunden gebraucht
bei 3 cores haben 1000 Messungen 13.947744 Sekunden gebraucht
bei 4 cores haben 1000 Messungen 12.388996 Sekunden gebraucht
bei 5 cores haben 1000 Messungen 12.208045 Sekunden gebraucht
bei 6 cores haben 1000 Messungen 11.387620 Sekunden gebraucht
bei 7 cores haben 1000 Messungen 11.244876 Sekunden gebraucht
bei 8 cores haben 1000 Messungen 10.958233 Sekunden gebraucht
bei 9 cores haben 1000 Messungen 10.507132 Sekunden gebraucht
bei 1 cores haben 1000 Messungen 26.566765 Sekunden gebraucht
bei 2 cores haben 1000 Messungen 18.094207 Sekunden gebraucht
bei 3 cores haben 1000 Messungen 14.240906 Sekunden gebraucht
bei 4 cores haben 1000 Messungen 12.339277 Sekunden gebraucht
bei 5 cores haben 1000 Messungen 12.090280 Sekunden gebraucht
bei 6 cores haben 1000 Messungen 11.435313 Sekunden gebraucht
bei 7 cores haben 1000 Messungen 11.206161 Sekunden gebraucht
bei 8 cores haben 1000 Messungen 11.068816 Sekunden gebraucht
bei 9 cores haben 1000 Messungen 10.501948 Sekunden gebraucht
bei 1 cores haben 1000 Messungen 26.960735 Sekunden gebraucht
bei 2 cores haben 1000 Messungen 18.236492 Sekunden gebraucht
bei 3 cores haben 1000 Messungen 13.975614 Sekunden gebraucht
bei 4 cores haben 1000 Messungen 12.373297 Sekunden gebraucht
bei 5 cores haben 1000 Messungen 12.234460 Sekunden gebraucht
bei 6 cores haben 1000 Messungen 11.330886 Sekunden gebraucht
bei 7 cores haben 1000 Messungen 11.441836 Sekunden gebraucht
bei 8 cores haben 1000 Messungen 11.019663 Sekunden gebraucht
bei 9 cores haben 1000 Messungen 10.571231 Sekunden gebraucht
bei 1 cores haben 1000 Messungen 26.923706 Sekunden gebraucht
bei 2 cores haben 1000 Messungen 18.092875 Sekunden gebraucht
bei 3 cores haben 1000 Messungen 13.873125 Sekunden gebraucht
bei 4 cores haben 1000 Messungen 12.360469 Sekunden gebraucht
bei 5 cores haben 1000 Messungen 12.223460 Sekunden gebraucht
bei 6 cores haben 1000 Messungen 11.259606 Sekunden gebraucht
bei 7 cores haben 1000 Messungen 11.126805 Sekunden gebraucht
bei 8 cores haben 1000 Messungen 10.931937 Sekunden gebraucht
bei 9 cores haben 1000 Messungen 10.491318 Sekunden gebraucht
bei 1 cores haben 1000 Messungen 26.205837 Sekunden gebraucht
bei 2 cores haben 1000 Messungen 18.366516 Sekunden gebraucht
bei 3 cores haben 1000 Messungen 14.152350 Sekunden gebraucht
bei 4 cores haben 1000 Messungen 12.370565 Sekunden gebraucht
bei 5 cores haben 1000 Messungen 12.246218 Sekunden gebraucht
bei 6 cores haben 1000 Messungen 11.697446 Sekunden gebraucht
bei 7 cores haben 1000 Messungen 11.309411 Sekunden gebraucht
bei 8 cores haben 1000 Messungen 11.041721 Sekunden gebraucht
bei 9 cores haben 1000 Messungen 10.577191 Sekunden gebraucht
bei 1 cores haben 1000 Messungen 26.068347 Sekunden gebraucht
bei 2 cores haben 1000 Messungen 18.116612 Sekunden gebraucht
bei 3 cores haben 1000 Messungen 14.150004 Sekunden gebraucht
bei 4 cores haben 1000 Messungen 12.506306 Sekunden gebraucht
bei 5 cores haben 1000 Messungen 12.206663 Sekunden gebraucht
bei 6 cores haben 1000 Messungen 11.397069 Sekunden gebraucht
bei 7 cores haben 1000 Messungen 11.071320 Sekunden gebraucht
bei 8 cores haben 1000 Messungen 10.999252 Sekunden gebraucht
bei 9 cores haben 1000 Messungen 10.509947 Sekunden gebraucht
bei 1 cores haben 1000 Messungen 26.162923 Sekunden gebraucht
bei 2 cores haben 1000 Messungen 18.162333 Sekunden gebraucht
bei 3 cores haben 1000 Messungen 14.107022 Sekunden gebraucht
bei 4 cores haben 1000 Messungen 12.671353 Sekunden gebraucht
bei 5 cores haben 1000 Messungen 12.307524 Sekunden gebraucht
bei 6 cores haben 1000 Messungen 11.585852 Sekunden gebraucht
bei 7 cores haben 1000 Messungen 11.500391 Sekunden gebraucht
bei 8 cores haben 1000 Messungen 10.977557 Sekunden gebraucht
bei 9 cores haben 1000 Messungen 10.544421 Sekunden gebraucht
/hiskp4/gross/bachelorarbeit
