Thu Jun  4 20:24:59 CEST 2020 Waiting for 30 seconds before starting the job to allow the node to settle down
Thu Jun  4 20:25:29 CEST 2020 Waiting done, starting task!
Thu Jun  4 20:25:29 CEST 2020 Waiting for 30 seconds before starting the job to allow the node to settle down
Thu Jun  4 20:25:59 CEST 2020 Waiting done, starting task!
Laenge=6
bei 1 cores haben 1000 Messungen 0.011228 Sekunden gebraucht
bei 1 cores haben 1000 Messungen 0.010257 Sekunden gebraucht
bei 1 cores haben 1000 Messungen 0.009728 Sekunden gebraucht
bei 1 cores haben 1000 Messungen 0.009296 Sekunden gebraucht
bei 1 cores haben 1000 Messungen 0.008885 Sekunden gebraucht
bei 1 cores haben 1000 Messungen 0.008680 Sekunden gebraucht
bei 1 cores haben 1000 Messungen 0.008649 Sekunden gebraucht
bei 1 cores haben 1000 Messungen 0.008582 Sekunden gebraucht
bei 1 cores haben 1000 Messungen 0.008606 Sekunden gebraucht
bei 1 cores haben 1000 Messungen 0.008813 Sekunden gebraucht
bei 2 cores haben 1000 Messungen 0.011180 Sekunden gebraucht
bei 2 cores haben 1000 Messungen 0.008441 Sekunden gebraucht
bei 2 cores haben 1000 Messungen 0.008479 Sekunden gebraucht
bei 2 cores haben 1000 Messungen 0.008318 Sekunden gebraucht
bei 2 cores haben 1000 Messungen 0.008390 Sekunden gebraucht
bei 2 cores haben 1000 Messungen 0.008302 Sekunden gebraucht
bei 2 cores haben 1000 Messungen 0.019232 Sekunden gebraucht
bei 2 cores haben 1000 Messungen 0.008466 Sekunden gebraucht
bei 2 cores haben 1000 Messungen 0.008512 Sekunden gebraucht
bei 2 cores haben 1000 Messungen 0.008310 Sekunden gebraucht
bei 3 cores haben 1000 Messungen 0.018148 Sekunden gebraucht
bei 3 cores haben 1000 Messungen 0.016964 Sekunden gebraucht
bei 3 cores haben 1000 Messungen 0.016200 Sekunden gebraucht
bei 3 cores haben 1000 Messungen 0.015592 Sekunden gebraucht
bei 3 cores haben 1000 Messungen 0.015198 Sekunden gebraucht
bei 3 cores haben 1000 Messungen 0.015297 Sekunden gebraucht
bei 3 cores haben 1000 Messungen 0.014872 Sekunden gebraucht
bei 3 cores haben 1000 Messungen 0.015069 Sekunden gebraucht
bei 3 cores haben 1000 Messungen 0.014984 Sekunden gebraucht
bei 3 cores haben 1000 Messungen 0.015235 Sekunden gebraucht
bei 4 cores haben 1000 Messungen 0.016271 Sekunden gebraucht
bei 4 cores haben 1000 Messungen 0.016324 Sekunden gebraucht
bei 4 cores haben 1000 Messungen 0.016421 Sekunden gebraucht
bei 4 cores haben 1000 Messungen 0.016685 Sekunden gebraucht
bei 4 cores haben 1000 Messungen 0.016448 Sekunden gebraucht
bei 4 cores haben 1000 Messungen 0.016293 Sekunden gebraucht
bei 4 cores haben 1000 Messungen 0.016139 Sekunden gebraucht
bei 4 cores haben 1000 Messungen 0.015783 Sekunden gebraucht
bei 4 cores haben 1000 Messungen 0.013696 Sekunden gebraucht
bei 4 cores haben 1000 Messungen 0.013808 Sekunden gebraucht
bei 5 cores haben 1000 Messungen 0.015558 Sekunden gebraucht
bei 5 cores haben 1000 Messungen 0.017225 Sekunden gebraucht
bei 5 cores haben 1000 Messungen 0.016815 Sekunden gebraucht
bei 5 cores haben 1000 Messungen 0.016672 Sekunden gebraucht
bei 5 cores haben 1000 Messungen 0.015724 Sekunden gebraucht
bei 5 cores haben 1000 Messungen 0.017528 Sekunden gebraucht
bei 5 cores haben 1000 Messungen 0.016687 Sekunden gebraucht
bei 5 cores haben 1000 Messungen 0.015167 Sekunden gebraucht
bei 5 cores haben 1000 Messungen 0.015292 Sekunden gebraucht
bei 5 cores haben 1000 Messungen 0.015805 Sekunden gebraucht
bei 6 cores haben 1000 Messungen 0.016116 Sekunden gebraucht
bei 6 cores haben 1000 Messungen 0.016421 Sekunden gebraucht
bei 6 cores haben 1000 Messungen 0.016775 Sekunden gebraucht
bei 6 cores haben 1000 Messungen 0.015373 Sekunden gebraucht
bei 6 cores haben 1000 Messungen 0.016170 Sekunden gebraucht
bei 6 cores haben 1000 Messungen 0.015900 Sekunden gebraucht
bei 6 cores haben 1000 Messungen 0.016286 Sekunden gebraucht
bei 6 cores haben 1000 Messungen 0.015754 Sekunden gebraucht
bei 6 cores haben 1000 Messungen 0.016266 Sekunden gebraucht
bei 6 cores haben 1000 Messungen 0.015684 Sekunden gebraucht
bei 7 cores haben 1000 Messungen 0.018398 Sekunden gebraucht
bei 7 cores haben 1000 Messungen 0.018445 Sekunden gebraucht
bei 7 cores haben 1000 Messungen 0.019255 Sekunden gebraucht
bei 7 cores haben 1000 Messungen 0.018353 Sekunden gebraucht
bei 7 cores haben 1000 Messungen 0.018910 Sekunden gebraucht
bei 7 cores haben 1000 Messungen 0.018404 Sekunden gebraucht
bei 7 cores haben 1000 Messungen 0.018345 Sekunden gebraucht
bei 7 cores haben 1000 Messungen 0.018680 Sekunden gebraucht
bei 7 cores haben 1000 Messungen 0.019644 Sekunden gebraucht
bei 7 cores haben 1000 Messungen 0.019794 Sekunden gebraucht
bei 8 cores haben 1000 Messungen 0.017984 Sekunden gebraucht
bei 8 cores haben 1000 Messungen 0.018493 Sekunden gebraucht
bei 8 cores haben 1000 Messungen 0.018526 Sekunden gebraucht
bei 8 cores haben 1000 Messungen 0.018124 Sekunden gebraucht
bei 8 cores haben 1000 Messungen 0.018137 Sekunden gebraucht
bei 8 cores haben 1000 Messungen 0.018370 Sekunden gebraucht
bei 8 cores haben 1000 Messungen 0.018751 Sekunden gebraucht
bei 8 cores haben 1000 Messungen 0.018108 Sekunden gebraucht
bei 8 cores haben 1000 Messungen 0.018256 Sekunden gebraucht
bei 8 cores haben 1000 Messungen 0.018261 Sekunden gebraucht
bei 9 cores haben 1000 Messungen 0.022388 Sekunden gebraucht
bei 9 cores haben 1000 Messungen 0.021504 Sekunden gebraucht
bei 9 cores haben 1000 Messungen 0.021825 Sekunden gebraucht
bei 9 cores haben 1000 Messungen 0.021830 Sekunden gebraucht
bei 9 cores haben 1000 Messungen 0.021885 Sekunden gebraucht
bei 9 cores haben 1000 Messungen 0.022824 Sekunden gebraucht
bei 9 cores haben 1000 Messungen 0.022523 Sekunden gebraucht
bei 9 cores haben 1000 Messungen 0.022240 Sekunden gebraucht
bei 9 cores haben 1000 Messungen 0.021729 Sekunden gebraucht
bei 9 cores haben 1000 Messungen 0.021724 Sekunden gebraucht
bei 10 cores haben 1000 Messungen 0.021622 Sekunden gebraucht
bei 10 cores haben 1000 Messungen 0.023175 Sekunden gebraucht
bei 10 cores haben 1000 Messungen 0.022938 Sekunden gebraucht
bei 10 cores haben 1000 Messungen 0.023507 Sekunden gebraucht
bei 10 cores haben 1000 Messungen 0.023370 Sekunden gebraucht
bei 10 cores haben 1000 Messungen 0.023468 Sekunden gebraucht
bei 10 cores haben 1000 Messungen 0.022116 Sekunden gebraucht
bei 10 cores haben 1000 Messungen 0.022817 Sekunden gebraucht
bei 10 cores haben 1000 Messungen 0.022142 Sekunden gebraucht
bei 10 cores haben 1000 Messungen 0.022162 Sekunden gebraucht
bei 11 cores haben 1000 Messungen 0.028203 Sekunden gebraucht
bei 11 cores haben 1000 Messungen 0.028351 Sekunden gebraucht
bei 11 cores haben 1000 Messungen 0.028277 Sekunden gebraucht
bei 11 cores haben 1000 Messungen 0.028048 Sekunden gebraucht
bei 11 cores haben 1000 Messungen 0.028120 Sekunden gebraucht
bei 11 cores haben 1000 Messungen 0.028060 Sekunden gebraucht
bei 11 cores haben 1000 Messungen 0.028022 Sekunden gebraucht
bei 11 cores haben 1000 Messungen 0.028443 Sekunden gebraucht
bei 11 cores haben 1000 Messungen 0.028496 Sekunden gebraucht
bei 11 cores haben 1000 Messungen 0.028153 Sekunden gebraucht
bei 12 cores haben 1000 Messungen 0.032369 Sekunden gebraucht
bei 12 cores haben 1000 Messungen 0.032315 Sekunden gebraucht
bei 12 cores haben 1000 Messungen 0.032295 Sekunden gebraucht
bei 12 cores haben 1000 Messungen 0.032083 Sekunden gebraucht
bei 12 cores haben 1000 Messungen 0.032206 Sekunden gebraucht
bei 12 cores haben 1000 Messungen 0.032250 Sekunden gebraucht
bei 12 cores haben 1000 Messungen 0.032353 Sekunden gebraucht
bei 12 cores haben 1000 Messungen 0.032085 Sekunden gebraucht
bei 12 cores haben 1000 Messungen 0.032174 Sekunden gebraucht
bei 12 cores haben 1000 Messungen 0.032244 Sekunden gebraucht
Laenge=10
bei 1 cores haben 1000 Messungen 0.015321 Sekunden gebraucht
bei 1 cores haben 1000 Messungen 0.015342 Sekunden gebraucht
bei 1 cores haben 1000 Messungen 0.028526 Sekunden gebraucht
bei 1 cores haben 1000 Messungen 0.024323 Sekunden gebraucht
bei 1 cores haben 1000 Messungen 0.021468 Sekunden gebraucht
bei 1 cores haben 1000 Messungen 0.019510 Sekunden gebraucht
bei 1 cores haben 1000 Messungen 0.017938 Sekunden gebraucht
bei 1 cores haben 1000 Messungen 0.016733 Sekunden gebraucht
bei 1 cores haben 1000 Messungen 0.015699 Sekunden gebraucht
bei 1 cores haben 1000 Messungen 0.014861 Sekunden gebraucht
bei 2 cores haben 1000 Messungen 0.011527 Sekunden gebraucht
bei 2 cores haben 1000 Messungen 0.011572 Sekunden gebraucht
bei 2 cores haben 1000 Messungen 0.011418 Sekunden gebraucht
bei 2 cores haben 1000 Messungen 0.011995 Sekunden gebraucht
bei 2 cores haben 1000 Messungen 0.026140 Sekunden gebraucht
bei 2 cores haben 1000 Messungen 0.025034 Sekunden gebraucht
bei 2 cores haben 1000 Messungen 0.028683 Sekunden gebraucht
bei 2 cores haben 1000 Messungen 0.026301 Sekunden gebraucht
bei 2 cores haben 1000 Messungen 0.023479 Sekunden gebraucht
bei 2 cores haben 1000 Messungen 0.023278 Sekunden gebraucht
bei 3 cores haben 1000 Messungen 0.019761 Sekunden gebraucht
bei 3 cores haben 1000 Messungen 0.019499 Sekunden gebraucht
bei 3 cores haben 1000 Messungen 0.019312 Sekunden gebraucht
bei 3 cores haben 1000 Messungen 0.018727 Sekunden gebraucht
bei 3 cores haben 1000 Messungen 0.018624 Sekunden gebraucht
bei 3 cores haben 1000 Messungen 0.019200 Sekunden gebraucht
bei 3 cores haben 1000 Messungen 0.018671 Sekunden gebraucht
bei 3 cores haben 1000 Messungen 0.018824 Sekunden gebraucht
bei 3 cores haben 1000 Messungen 0.018962 Sekunden gebraucht
bei 3 cores haben 1000 Messungen 0.018970 Sekunden gebraucht
bei 4 cores haben 1000 Messungen 0.019623 Sekunden gebraucht
bei 4 cores haben 1000 Messungen 0.019652 Sekunden gebraucht
bei 4 cores haben 1000 Messungen 0.019555 Sekunden gebraucht
bei 4 cores haben 1000 Messungen 0.018639 Sekunden gebraucht
bei 4 cores haben 1000 Messungen 0.018540 Sekunden gebraucht
bei 4 cores haben 1000 Messungen 0.018527 Sekunden gebraucht
bei 4 cores haben 1000 Messungen 0.019649 Sekunden gebraucht
bei 4 cores haben 1000 Messungen 0.018690 Sekunden gebraucht
bei 4 cores haben 1000 Messungen 0.019132 Sekunden gebraucht
bei 4 cores haben 1000 Messungen 0.018817 Sekunden gebraucht
bei 5 cores haben 1000 Messungen 0.019954 Sekunden gebraucht
bei 5 cores haben 1000 Messungen 0.019712 Sekunden gebraucht
bei 5 cores haben 1000 Messungen 0.020199 Sekunden gebraucht
bei 5 cores haben 1000 Messungen 0.019926 Sekunden gebraucht
bei 5 cores haben 1000 Messungen 0.019838 Sekunden gebraucht
bei 5 cores haben 1000 Messungen 0.020150 Sekunden gebraucht
bei 5 cores haben 1000 Messungen 0.020395 Sekunden gebraucht
bei 5 cores haben 1000 Messungen 0.020098 Sekunden gebraucht
bei 5 cores haben 1000 Messungen 0.020403 Sekunden gebraucht
bei 5 cores haben 1000 Messungen 0.020505 Sekunden gebraucht
bei 6 cores haben 1000 Messungen 0.023002 Sekunden gebraucht
bei 6 cores haben 1000 Messungen 0.023526 Sekunden gebraucht
bei 6 cores haben 1000 Messungen 0.022258 Sekunden gebraucht
bei 6 cores haben 1000 Messungen 0.022104 Sekunden gebraucht
bei 6 cores haben 1000 Messungen 0.022291 Sekunden gebraucht
bei 6 cores haben 1000 Messungen 0.022398 Sekunden gebraucht
bei 6 cores haben 1000 Messungen 0.023328 Sekunden gebraucht
bei 6 cores haben 1000 Messungen 0.023001 Sekunden gebraucht
bei 6 cores haben 1000 Messungen 0.021660 Sekunden gebraucht
bei 6 cores haben 1000 Messungen 0.022108 Sekunden gebraucht
bei 7 cores haben 1000 Messungen 0.021300 Sekunden gebraucht
bei 7 cores haben 1000 Messungen 0.021400 Sekunden gebraucht
bei 7 cores haben 1000 Messungen 0.021605 Sekunden gebraucht
bei 7 cores haben 1000 Messungen 0.021076 Sekunden gebraucht
bei 7 cores haben 1000 Messungen 0.021634 Sekunden gebraucht
bei 7 cores haben 1000 Messungen 0.021648 Sekunden gebraucht
bei 7 cores haben 1000 Messungen 0.021939 Sekunden gebraucht
bei 7 cores haben 1000 Messungen 0.022205 Sekunden gebraucht
bei 7 cores haben 1000 Messungen 0.022216 Sekunden gebraucht
bei 7 cores haben 1000 Messungen 0.022280 Sekunden gebraucht
bei 8 cores haben 1000 Messungen 0.024764 Sekunden gebraucht
bei 8 cores haben 1000 Messungen 0.024394 Sekunden gebraucht
bei 8 cores haben 1000 Messungen 0.025486 Sekunden gebraucht
bei 8 cores haben 1000 Messungen 0.024788 Sekunden gebraucht
bei 8 cores haben 1000 Messungen 0.024761 Sekunden gebraucht
bei 8 cores haben 1000 Messungen 0.025294 Sekunden gebraucht
bei 8 cores haben 1000 Messungen 0.024610 Sekunden gebraucht
bei 8 cores haben 1000 Messungen 0.025298 Sekunden gebraucht
bei 8 cores haben 1000 Messungen 0.024898 Sekunden gebraucht
bei 8 cores haben 1000 Messungen 0.024965 Sekunden gebraucht
bei 9 cores haben 1000 Messungen 0.023381 Sekunden gebraucht
bei 9 cores haben 1000 Messungen 0.023379 Sekunden gebraucht
bei 9 cores haben 1000 Messungen 0.023091 Sekunden gebraucht
bei 9 cores haben 1000 Messungen 0.023165 Sekunden gebraucht
bei 9 cores haben 1000 Messungen 0.023323 Sekunden gebraucht
bei 9 cores haben 1000 Messungen 0.022912 Sekunden gebraucht
bei 9 cores haben 1000 Messungen 0.023342 Sekunden gebraucht
bei 9 cores haben 1000 Messungen 0.023192 Sekunden gebraucht
bei 9 cores haben 1000 Messungen 0.023562 Sekunden gebraucht
bei 9 cores haben 1000 Messungen 0.023653 Sekunden gebraucht
bei 10 cores haben 1000 Messungen 0.025355 Sekunden gebraucht
bei 10 cores haben 1000 Messungen 0.025754 Sekunden gebraucht
bei 10 cores haben 1000 Messungen 0.025830 Sekunden gebraucht
bei 10 cores haben 1000 Messungen 0.026172 Sekunden gebraucht
bei 10 cores haben 1000 Messungen 0.025839 Sekunden gebraucht
bei 10 cores haben 1000 Messungen 0.025848 Sekunden gebraucht
bei 10 cores haben 1000 Messungen 0.025743 Sekunden gebraucht
bei 10 cores haben 1000 Messungen 0.025850 Sekunden gebraucht
bei 10 cores haben 1000 Messungen 0.025818 Sekunden gebraucht
bei 10 cores haben 1000 Messungen 0.026019 Sekunden gebraucht
bei 11 cores haben 1000 Messungen 0.030882 Sekunden gebraucht
bei 11 cores haben 1000 Messungen 0.030088 Sekunden gebraucht
bei 11 cores haben 1000 Messungen 0.029811 Sekunden gebraucht
bei 11 cores haben 1000 Messungen 0.029732 Sekunden gebraucht
bei 11 cores haben 1000 Messungen 0.029501 Sekunden gebraucht
bei 11 cores haben 1000 Messungen 0.029731 Sekunden gebraucht
bei 11 cores haben 1000 Messungen 0.029597 Sekunden gebraucht
bei 11 cores haben 1000 Messungen 0.029702 Sekunden gebraucht
bei 11 cores haben 1000 Messungen 0.029787 Sekunden gebraucht
bei 11 cores haben 1000 Messungen 0.029886 Sekunden gebraucht
bei 12 cores haben 1000 Messungen 0.028467 Sekunden gebraucht
bei 12 cores haben 1000 Messungen 0.029144 Sekunden gebraucht
bei 12 cores haben 1000 Messungen 0.029070 Sekunden gebraucht
bei 12 cores haben 1000 Messungen 0.029273 Sekunden gebraucht
bei 12 cores haben 1000 Messungen 0.029035 Sekunden gebraucht
bei 12 cores haben 1000 Messungen 0.028401 Sekunden gebraucht
bei 12 cores haben 1000 Messungen 0.029070 Sekunden gebraucht
bei 12 cores haben 1000 Messungen 0.028938 Sekunden gebraucht
bei 12 cores haben 1000 Messungen 0.028875 Sekunden gebraucht
bei 12 cores haben 1000 Messungen 0.029027 Sekunden gebraucht
Laenge=20
bei 1 cores haben 1000 Messungen 0.051635 Sekunden gebraucht
bei 1 cores haben 1000 Messungen 0.050813 Sekunden gebraucht
bei 1 cores haben 1000 Messungen 0.084814 Sekunden gebraucht
bei 1 cores haben 1000 Messungen 0.083771 Sekunden gebraucht
bei 1 cores haben 1000 Messungen 0.060864 Sekunden gebraucht
bei 1 cores haben 1000 Messungen 0.051856 Sekunden gebraucht
bei 1 cores haben 1000 Messungen 0.084619 Sekunden gebraucht
bei 1 cores haben 1000 Messungen 0.086406 Sekunden gebraucht
bei 1 cores haben 1000 Messungen 0.085043 Sekunden gebraucht
bei 1 cores haben 1000 Messungen 0.064037 Sekunden gebraucht
bei 2 cores haben 1000 Messungen 0.080238 Sekunden gebraucht
bei 2 cores haben 1000 Messungen 0.060564 Sekunden gebraucht
bei 2 cores haben 1000 Messungen 0.059282 Sekunden gebraucht
bei 2 cores haben 1000 Messungen 0.059112 Sekunden gebraucht
bei 2 cores haben 1000 Messungen 0.059365 Sekunden gebraucht
bei 2 cores haben 1000 Messungen 0.059242 Sekunden gebraucht
bei 2 cores haben 1000 Messungen 0.059150 Sekunden gebraucht
bei 2 cores haben 1000 Messungen 0.040492 Sekunden gebraucht
bei 2 cores haben 1000 Messungen 0.065556 Sekunden gebraucht
bei 2 cores haben 1000 Messungen 0.061376 Sekunden gebraucht
bei 3 cores haben 1000 Messungen 0.055256 Sekunden gebraucht
bei 3 cores haben 1000 Messungen 0.053722 Sekunden gebraucht
bei 3 cores haben 1000 Messungen 0.052134 Sekunden gebraucht
bei 3 cores haben 1000 Messungen 0.051157 Sekunden gebraucht
bei 3 cores haben 1000 Messungen 0.047628 Sekunden gebraucht
bei 3 cores haben 1000 Messungen 0.045656 Sekunden gebraucht
bei 3 cores haben 1000 Messungen 0.045049 Sekunden gebraucht
bei 3 cores haben 1000 Messungen 0.045629 Sekunden gebraucht
bei 3 cores haben 1000 Messungen 0.045891 Sekunden gebraucht
bei 3 cores haben 1000 Messungen 0.044404 Sekunden gebraucht
bei 4 cores haben 1000 Messungen 0.047220 Sekunden gebraucht
bei 4 cores haben 1000 Messungen 0.045506 Sekunden gebraucht
bei 4 cores haben 1000 Messungen 0.044648 Sekunden gebraucht
bei 4 cores haben 1000 Messungen 0.045106 Sekunden gebraucht
bei 4 cores haben 1000 Messungen 0.044636 Sekunden gebraucht
bei 4 cores haben 1000 Messungen 0.044564 Sekunden gebraucht
bei 4 cores haben 1000 Messungen 0.047626 Sekunden gebraucht
bei 4 cores haben 1000 Messungen 0.047147 Sekunden gebraucht
bei 4 cores haben 1000 Messungen 0.047035 Sekunden gebraucht
bei 4 cores haben 1000 Messungen 0.045332 Sekunden gebraucht
bei 5 cores haben 1000 Messungen 0.047049 Sekunden gebraucht
bei 5 cores haben 1000 Messungen 0.048114 Sekunden gebraucht
bei 5 cores haben 1000 Messungen 0.047300 Sekunden gebraucht
bei 5 cores haben 1000 Messungen 0.047645 Sekunden gebraucht
bei 5 cores haben 1000 Messungen 0.046736 Sekunden gebraucht
bei 5 cores haben 1000 Messungen 0.046306 Sekunden gebraucht
bei 5 cores haben 1000 Messungen 0.047357 Sekunden gebraucht
bei 5 cores haben 1000 Messungen 0.047261 Sekunden gebraucht
bei 5 cores haben 1000 Messungen 0.047908 Sekunden gebraucht
bei 5 cores haben 1000 Messungen 0.046016 Sekunden gebraucht
bei 6 cores haben 1000 Messungen 0.047443 Sekunden gebraucht
bei 6 cores haben 1000 Messungen 0.046080 Sekunden gebraucht
bei 6 cores haben 1000 Messungen 0.045347 Sekunden gebraucht
bei 6 cores haben 1000 Messungen 0.045057 Sekunden gebraucht
bei 6 cores haben 1000 Messungen 0.044925 Sekunden gebraucht
bei 6 cores haben 1000 Messungen 0.048247 Sekunden gebraucht
bei 6 cores haben 1000 Messungen 0.045198 Sekunden gebraucht
bei 6 cores haben 1000 Messungen 0.045186 Sekunden gebraucht
bei 6 cores haben 1000 Messungen 0.047419 Sekunden gebraucht
bei 6 cores haben 1000 Messungen 0.045404 Sekunden gebraucht
bei 7 cores haben 1000 Messungen 0.048815 Sekunden gebraucht
bei 7 cores haben 1000 Messungen 0.050408 Sekunden gebraucht
bei 7 cores haben 1000 Messungen 0.048279 Sekunden gebraucht
bei 7 cores haben 1000 Messungen 0.049195 Sekunden gebraucht
bei 7 cores haben 1000 Messungen 0.049674 Sekunden gebraucht
bei 7 cores haben 1000 Messungen 0.049159 Sekunden gebraucht
bei 7 cores haben 1000 Messungen 0.049309 Sekunden gebraucht
bei 7 cores haben 1000 Messungen 0.049454 Sekunden gebraucht
bei 7 cores haben 1000 Messungen 0.048532 Sekunden gebraucht
bei 7 cores haben 1000 Messungen 0.049188 Sekunden gebraucht
bei 8 cores haben 1000 Messungen 0.048734 Sekunden gebraucht
bei 8 cores haben 1000 Messungen 0.048900 Sekunden gebraucht
bei 8 cores haben 1000 Messungen 0.048131 Sekunden gebraucht
bei 8 cores haben 1000 Messungen 0.049725 Sekunden gebraucht
bei 8 cores haben 1000 Messungen 0.048196 Sekunden gebraucht
bei 8 cores haben 1000 Messungen 0.047506 Sekunden gebraucht
bei 8 cores haben 1000 Messungen 0.047271 Sekunden gebraucht
bei 8 cores haben 1000 Messungen 0.049079 Sekunden gebraucht
bei 8 cores haben 1000 Messungen 0.047878 Sekunden gebraucht
bei 8 cores haben 1000 Messungen 0.048444 Sekunden gebraucht
bei 9 cores haben 1000 Messungen 0.050187 Sekunden gebraucht
bei 9 cores haben 1000 Messungen 0.051244 Sekunden gebraucht
bei 9 cores haben 1000 Messungen 0.051665 Sekunden gebraucht
bei 9 cores haben 1000 Messungen 0.050757 Sekunden gebraucht
bei 9 cores haben 1000 Messungen 0.052249 Sekunden gebraucht
bei 9 cores haben 1000 Messungen 0.052458 Sekunden gebraucht
bei 9 cores haben 1000 Messungen 0.051411 Sekunden gebraucht
bei 9 cores haben 1000 Messungen 0.051328 Sekunden gebraucht
bei 9 cores haben 1000 Messungen 0.051035 Sekunden gebraucht
bei 9 cores haben 1000 Messungen 0.050528 Sekunden gebraucht
bei 10 cores haben 1000 Messungen 0.049985 Sekunden gebraucht
bei 10 cores haben 1000 Messungen 0.049835 Sekunden gebraucht
bei 10 cores haben 1000 Messungen 0.049939 Sekunden gebraucht
bei 10 cores haben 1000 Messungen 0.050990 Sekunden gebraucht
bei 10 cores haben 1000 Messungen 0.050689 Sekunden gebraucht
bei 10 cores haben 1000 Messungen 0.050232 Sekunden gebraucht
bei 10 cores haben 1000 Messungen 0.051241 Sekunden gebraucht
bei 10 cores haben 1000 Messungen 0.049720 Sekunden gebraucht
bei 10 cores haben 1000 Messungen 0.049492 Sekunden gebraucht
bei 10 cores haben 1000 Messungen 0.051085 Sekunden gebraucht
bei 11 cores haben 1000 Messungen 0.054006 Sekunden gebraucht
bei 11 cores haben 1000 Messungen 0.054038 Sekunden gebraucht
bei 11 cores haben 1000 Messungen 0.053618 Sekunden gebraucht
bei 11 cores haben 1000 Messungen 0.054117 Sekunden gebraucht
bei 11 cores haben 1000 Messungen 0.053799 Sekunden gebraucht
bei 11 cores haben 1000 Messungen 0.053031 Sekunden gebraucht
bei 11 cores haben 1000 Messungen 0.055182 Sekunden gebraucht
bei 11 cores haben 1000 Messungen 0.053817 Sekunden gebraucht
bei 11 cores haben 1000 Messungen 0.054567 Sekunden gebraucht
bei 11 cores haben 1000 Messungen 0.053778 Sekunden gebraucht
bei 12 cores haben 1000 Messungen 0.053462 Sekunden gebraucht
bei 12 cores haben 1000 Messungen 0.052281 Sekunden gebraucht
bei 12 cores haben 1000 Messungen 0.052859 Sekunden gebraucht
bei 12 cores haben 1000 Messungen 0.053862 Sekunden gebraucht
bei 12 cores haben 1000 Messungen 0.053319 Sekunden gebraucht
bei 12 cores haben 1000 Messungen 0.052280 Sekunden gebraucht
bei 12 cores haben 1000 Messungen 0.051937 Sekunden gebraucht
bei 12 cores haben 1000 Messungen 0.051633 Sekunden gebraucht
bei 12 cores haben 1000 Messungen 0.051608 Sekunden gebraucht
bei 12 cores haben 1000 Messungen 0.053518 Sekunden gebraucht
Laenge=36
bei 1 cores haben 1000 Messungen 0.160159 Sekunden gebraucht
bei 1 cores haben 1000 Messungen 0.168440 Sekunden gebraucht
bei 1 cores haben 1000 Messungen 0.159427 Sekunden gebraucht
bei 1 cores haben 1000 Messungen 0.159348 Sekunden gebraucht
bei 1 cores haben 1000 Messungen 0.159167 Sekunden gebraucht
bei 1 cores haben 1000 Messungen 0.159227 Sekunden gebraucht
bei 1 cores haben 1000 Messungen 0.160350 Sekunden gebraucht
bei 1 cores haben 1000 Messungen 0.159223 Sekunden gebraucht
bei 1 cores haben 1000 Messungen 0.159297 Sekunden gebraucht
bei 1 cores haben 1000 Messungen 0.159523 Sekunden gebraucht
bei 2 cores haben 1000 Messungen 0.179402 Sekunden gebraucht
bei 2 cores haben 1000 Messungen 0.170038 Sekunden gebraucht
bei 2 cores haben 1000 Messungen 0.170403 Sekunden gebraucht
bei 2 cores haben 1000 Messungen 0.165978 Sekunden gebraucht
bei 2 cores haben 1000 Messungen 0.162952 Sekunden gebraucht
bei 2 cores haben 1000 Messungen 0.160175 Sekunden gebraucht
bei 2 cores haben 1000 Messungen 0.141960 Sekunden gebraucht
bei 2 cores haben 1000 Messungen 0.141354 Sekunden gebraucht
bei 2 cores haben 1000 Messungen 0.141446 Sekunden gebraucht
bei 2 cores haben 1000 Messungen 0.141060 Sekunden gebraucht
bei 3 cores haben 1000 Messungen 0.121911 Sekunden gebraucht
bei 3 cores haben 1000 Messungen 0.122225 Sekunden gebraucht
bei 3 cores haben 1000 Messungen 0.123256 Sekunden gebraucht
bei 3 cores haben 1000 Messungen 0.122086 Sekunden gebraucht
bei 3 cores haben 1000 Messungen 0.122220 Sekunden gebraucht
bei 3 cores haben 1000 Messungen 0.122306 Sekunden gebraucht
bei 3 cores haben 1000 Messungen 0.122647 Sekunden gebraucht
bei 3 cores haben 1000 Messungen 0.121396 Sekunden gebraucht
bei 3 cores haben 1000 Messungen 0.121515 Sekunden gebraucht
bei 3 cores haben 1000 Messungen 0.121203 Sekunden gebraucht
bei 4 cores haben 1000 Messungen 0.121574 Sekunden gebraucht
bei 4 cores haben 1000 Messungen 0.121255 Sekunden gebraucht
bei 4 cores haben 1000 Messungen 0.120343 Sekunden gebraucht
bei 4 cores haben 1000 Messungen 0.122330 Sekunden gebraucht
bei 4 cores haben 1000 Messungen 0.117868 Sekunden gebraucht
bei 4 cores haben 1000 Messungen 0.126806 Sekunden gebraucht
bei 4 cores haben 1000 Messungen 0.126064 Sekunden gebraucht
bei 4 cores haben 1000 Messungen 0.118142 Sekunden gebraucht
bei 4 cores haben 1000 Messungen 0.078874 Sekunden gebraucht
bei 4 cores haben 1000 Messungen 0.125747 Sekunden gebraucht
bei 5 cores haben 1000 Messungen 0.123343 Sekunden gebraucht
bei 5 cores haben 1000 Messungen 0.064391 Sekunden gebraucht
bei 5 cores haben 1000 Messungen 0.116161 Sekunden gebraucht
bei 5 cores haben 1000 Messungen 0.120750 Sekunden gebraucht
bei 5 cores haben 1000 Messungen 0.120750 Sekunden gebraucht
bei 5 cores haben 1000 Messungen 0.124057 Sekunden gebraucht
bei 5 cores haben 1000 Messungen 0.122204 Sekunden gebraucht
bei 5 cores haben 1000 Messungen 0.121848 Sekunden gebraucht
bei 5 cores haben 1000 Messungen 0.070211 Sekunden gebraucht
bei 5 cores haben 1000 Messungen 0.116152 Sekunden gebraucht
bei 6 cores haben 1000 Messungen 0.124561 Sekunden gebraucht
bei 6 cores haben 1000 Messungen 0.123282 Sekunden gebraucht
bei 6 cores haben 1000 Messungen 0.123958 Sekunden gebraucht
bei 6 cores haben 1000 Messungen 0.123172 Sekunden gebraucht
bei 6 cores haben 1000 Messungen 0.122800 Sekunden gebraucht
bei 6 cores haben 1000 Messungen 0.124284 Sekunden gebraucht
bei 6 cores haben 1000 Messungen 0.121410 Sekunden gebraucht
bei 6 cores haben 1000 Messungen 0.123903 Sekunden gebraucht
bei 6 cores haben 1000 Messungen 0.126261 Sekunden gebraucht
bei 6 cores haben 1000 Messungen 0.123015 Sekunden gebraucht
bei 7 cores haben 1000 Messungen 0.125484 Sekunden gebraucht
bei 7 cores haben 1000 Messungen 0.125285 Sekunden gebraucht
bei 7 cores haben 1000 Messungen 0.123045 Sekunden gebraucht
bei 7 cores haben 1000 Messungen 0.123551 Sekunden gebraucht
bei 7 cores haben 1000 Messungen 0.122643 Sekunden gebraucht
bei 7 cores haben 1000 Messungen 0.121981 Sekunden gebraucht
bei 7 cores haben 1000 Messungen 0.123184 Sekunden gebraucht
bei 7 cores haben 1000 Messungen 0.123330 Sekunden gebraucht
bei 7 cores haben 1000 Messungen 0.123987 Sekunden gebraucht
bei 7 cores haben 1000 Messungen 0.122565 Sekunden gebraucht
bei 8 cores haben 1000 Messungen 0.122752 Sekunden gebraucht
bei 8 cores haben 1000 Messungen 0.123617 Sekunden gebraucht
bei 8 cores haben 1000 Messungen 0.123882 Sekunden gebraucht
bei 8 cores haben 1000 Messungen 0.123575 Sekunden gebraucht
bei 8 cores haben 1000 Messungen 0.122814 Sekunden gebraucht
bei 8 cores haben 1000 Messungen 0.123626 Sekunden gebraucht
bei 8 cores haben 1000 Messungen 0.123874 Sekunden gebraucht
bei 8 cores haben 1000 Messungen 0.123546 Sekunden gebraucht
bei 8 cores haben 1000 Messungen 0.123381 Sekunden gebraucht
bei 8 cores haben 1000 Messungen 0.123462 Sekunden gebraucht
bei 9 cores haben 1000 Messungen 0.124690 Sekunden gebraucht
bei 9 cores haben 1000 Messungen 0.125741 Sekunden gebraucht
bei 9 cores haben 1000 Messungen 0.124699 Sekunden gebraucht
bei 9 cores haben 1000 Messungen 0.125068 Sekunden gebraucht
bei 9 cores haben 1000 Messungen 0.126655 Sekunden gebraucht
bei 9 cores haben 1000 Messungen 0.125353 Sekunden gebraucht
bei 9 cores haben 1000 Messungen 0.125004 Sekunden gebraucht
bei 9 cores haben 1000 Messungen 0.125919 Sekunden gebraucht
bei 9 cores haben 1000 Messungen 0.125690 Sekunden gebraucht
bei 9 cores haben 1000 Messungen 0.124845 Sekunden gebraucht
bei 10 cores haben 1000 Messungen 0.126207 Sekunden gebraucht
bei 10 cores haben 1000 Messungen 0.126960 Sekunden gebraucht
bei 10 cores haben 1000 Messungen 0.128235 Sekunden gebraucht
bei 10 cores haben 1000 Messungen 0.126789 Sekunden gebraucht
bei 10 cores haben 1000 Messungen 0.127042 Sekunden gebraucht
bei 10 cores haben 1000 Messungen 0.126506 Sekunden gebraucht
bei 10 cores haben 1000 Messungen 0.126574 Sekunden gebraucht
bei 10 cores haben 1000 Messungen 0.126713 Sekunden gebraucht
bei 10 cores haben 1000 Messungen 0.126288 Sekunden gebraucht
bei 10 cores haben 1000 Messungen 0.125921 Sekunden gebraucht
bei 11 cores haben 1000 Messungen 0.127599 Sekunden gebraucht
bei 11 cores haben 1000 Messungen 0.125907 Sekunden gebraucht
bei 11 cores haben 1000 Messungen 0.126209 Sekunden gebraucht
bei 11 cores haben 1000 Messungen 0.127067 Sekunden gebraucht
bei 11 cores haben 1000 Messungen 0.126240 Sekunden gebraucht
bei 11 cores haben 1000 Messungen 0.127435 Sekunden gebraucht
bei 11 cores haben 1000 Messungen 0.127028 Sekunden gebraucht
bei 11 cores haben 1000 Messungen 0.127297 Sekunden gebraucht
bei 11 cores haben 1000 Messungen 0.126966 Sekunden gebraucht
bei 11 cores haben 1000 Messungen 0.127816 Sekunden gebraucht
bei 12 cores haben 1000 Messungen 0.127174 Sekunden gebraucht
bei 12 cores haben 1000 Messungen 0.127313 Sekunden gebraucht
bei 12 cores haben 1000 Messungen 0.129662 Sekunden gebraucht
bei 12 cores haben 1000 Messungen 0.126839 Sekunden gebraucht
bei 12 cores haben 1000 Messungen 0.127163 Sekunden gebraucht
bei 12 cores haben 1000 Messungen 0.128321 Sekunden gebraucht
bei 12 cores haben 1000 Messungen 0.127475 Sekunden gebraucht
bei 12 cores haben 1000 Messungen 0.126777 Sekunden gebraucht
bei 12 cores haben 1000 Messungen 0.142996 Sekunden gebraucht
bei 12 cores haben 1000 Messungen 0.126777 Sekunden gebraucht
Laenge=50
bei 1 cores haben 1000 Messungen 0.306352 Sekunden gebraucht
bei 1 cores haben 1000 Messungen 0.305187 Sekunden gebraucht
bei 1 cores haben 1000 Messungen 0.305350 Sekunden gebraucht
bei 1 cores haben 1000 Messungen 0.305079 Sekunden gebraucht
bei 1 cores haben 1000 Messungen 0.305758 Sekunden gebraucht
bei 1 cores haben 1000 Messungen 0.336981 Sekunden gebraucht
bei 1 cores haben 1000 Messungen 0.305344 Sekunden gebraucht
bei 1 cores haben 1000 Messungen 0.350036 Sekunden gebraucht
bei 1 cores haben 1000 Messungen 0.305416 Sekunden gebraucht
bei 1 cores haben 1000 Messungen 0.305180 Sekunden gebraucht
bei 2 cores haben 1000 Messungen 0.268563 Sekunden gebraucht
bei 2 cores haben 1000 Messungen 0.290357 Sekunden gebraucht
bei 2 cores haben 1000 Messungen 0.268873 Sekunden gebraucht
bei 2 cores haben 1000 Messungen 0.268382 Sekunden gebraucht
bei 2 cores haben 1000 Messungen 0.268090 Sekunden gebraucht
bei 2 cores haben 1000 Messungen 0.292165 Sekunden gebraucht
bei 2 cores haben 1000 Messungen 0.316366 Sekunden gebraucht
bei 2 cores haben 1000 Messungen 0.290303 Sekunden gebraucht
bei 2 cores haben 1000 Messungen 0.280888 Sekunden gebraucht
bei 2 cores haben 1000 Messungen 0.265211 Sekunden gebraucht
bei 3 cores haben 1000 Messungen 0.227355 Sekunden gebraucht
bei 3 cores haben 1000 Messungen 0.226761 Sekunden gebraucht
bei 3 cores haben 1000 Messungen 0.227199 Sekunden gebraucht
bei 3 cores haben 1000 Messungen 0.226172 Sekunden gebraucht
bei 3 cores haben 1000 Messungen 0.218332 Sekunden gebraucht
bei 3 cores haben 1000 Messungen 0.220902 Sekunden gebraucht
bei 3 cores haben 1000 Messungen 0.193484 Sekunden gebraucht
bei 3 cores haben 1000 Messungen 0.228819 Sekunden gebraucht
bei 3 cores haben 1000 Messungen 0.221002 Sekunden gebraucht
bei 3 cores haben 1000 Messungen 0.196925 Sekunden gebraucht
bei 4 cores haben 1000 Messungen 0.216508 Sekunden gebraucht
bei 4 cores haben 1000 Messungen 0.212439 Sekunden gebraucht
bei 4 cores haben 1000 Messungen 0.210266 Sekunden gebraucht
bei 4 cores haben 1000 Messungen 0.148122 Sekunden gebraucht
bei 4 cores haben 1000 Messungen 0.220414 Sekunden gebraucht
bei 4 cores haben 1000 Messungen 0.214148 Sekunden gebraucht
bei 4 cores haben 1000 Messungen 0.141809 Sekunden gebraucht
bei 4 cores haben 1000 Messungen 0.222231 Sekunden gebraucht
bei 4 cores haben 1000 Messungen 0.213764 Sekunden gebraucht
bei 4 cores haben 1000 Messungen 0.215394 Sekunden gebraucht
bei 5 cores haben 1000 Messungen 0.218913 Sekunden gebraucht
bei 5 cores haben 1000 Messungen 0.164512 Sekunden gebraucht
bei 5 cores haben 1000 Messungen 0.229188 Sekunden gebraucht
bei 5 cores haben 1000 Messungen 0.136910 Sekunden gebraucht
bei 5 cores haben 1000 Messungen 0.221177 Sekunden gebraucht
bei 5 cores haben 1000 Messungen 0.220114 Sekunden gebraucht
bei 5 cores haben 1000 Messungen 0.160718 Sekunden gebraucht
bei 5 cores haben 1000 Messungen 0.230083 Sekunden gebraucht
bei 5 cores haben 1000 Messungen 0.129169 Sekunden gebraucht
bei 5 cores haben 1000 Messungen 0.214021 Sekunden gebraucht
bei 6 cores haben 1000 Messungen 0.218633 Sekunden gebraucht
bei 6 cores haben 1000 Messungen 0.218579 Sekunden gebraucht
bei 6 cores haben 1000 Messungen 0.152446 Sekunden gebraucht
bei 6 cores haben 1000 Messungen 0.221389 Sekunden gebraucht
bei 6 cores haben 1000 Messungen 0.111382 Sekunden gebraucht
bei 6 cores haben 1000 Messungen 0.210383 Sekunden gebraucht
bei 6 cores haben 1000 Messungen 0.222240 Sekunden gebraucht
bei 6 cores haben 1000 Messungen 0.220403 Sekunden gebraucht
bei 6 cores haben 1000 Messungen 0.219122 Sekunden gebraucht
bei 6 cores haben 1000 Messungen 0.153083 Sekunden gebraucht
bei 7 cores haben 1000 Messungen 0.224982 Sekunden gebraucht
bei 7 cores haben 1000 Messungen 0.217396 Sekunden gebraucht
bei 7 cores haben 1000 Messungen 0.221546 Sekunden gebraucht
bei 7 cores haben 1000 Messungen 0.223621 Sekunden gebraucht
bei 7 cores haben 1000 Messungen 0.204966 Sekunden gebraucht
bei 7 cores haben 1000 Messungen 0.221249 Sekunden gebraucht
bei 7 cores haben 1000 Messungen 0.288427 Sekunden gebraucht
bei 7 cores haben 1000 Messungen 0.223753 Sekunden gebraucht
bei 7 cores haben 1000 Messungen 0.283962 Sekunden gebraucht
bei 7 cores haben 1000 Messungen 0.228950 Sekunden gebraucht
bei 8 cores haben 1000 Messungen 0.224893 Sekunden gebraucht
bei 8 cores haben 1000 Messungen 0.221368 Sekunden gebraucht
bei 8 cores haben 1000 Messungen 0.222329 Sekunden gebraucht
bei 8 cores haben 1000 Messungen 0.342531 Sekunden gebraucht
bei 8 cores haben 1000 Messungen 0.227968 Sekunden gebraucht
bei 8 cores haben 1000 Messungen 0.222777 Sekunden gebraucht
bei 8 cores haben 1000 Messungen 0.222934 Sekunden gebraucht
bei 8 cores haben 1000 Messungen 0.222910 Sekunden gebraucht
bei 8 cores haben 1000 Messungen 0.222620 Sekunden gebraucht
bei 8 cores haben 1000 Messungen 0.222077 Sekunden gebraucht
bei 9 cores haben 1000 Messungen 0.226316 Sekunden gebraucht
bei 9 cores haben 1000 Messungen 0.222536 Sekunden gebraucht
bei 9 cores haben 1000 Messungen 0.223003 Sekunden gebraucht
bei 9 cores haben 1000 Messungen 0.223731 Sekunden gebraucht
bei 9 cores haben 1000 Messungen 0.221261 Sekunden gebraucht
bei 9 cores haben 1000 Messungen 0.221543 Sekunden gebraucht
bei 9 cores haben 1000 Messungen 0.222199 Sekunden gebraucht
bei 9 cores haben 1000 Messungen 0.223652 Sekunden gebraucht
bei 9 cores haben 1000 Messungen 0.223996 Sekunden gebraucht
bei 9 cores haben 1000 Messungen 0.223753 Sekunden gebraucht
bei 10 cores haben 1000 Messungen 0.221149 Sekunden gebraucht
bei 10 cores haben 1000 Messungen 0.221645 Sekunden gebraucht
bei 10 cores haben 1000 Messungen 0.223602 Sekunden gebraucht
bei 10 cores haben 1000 Messungen 0.223190 Sekunden gebraucht
bei 10 cores haben 1000 Messungen 0.223780 Sekunden gebraucht
bei 10 cores haben 1000 Messungen 0.222349 Sekunden gebraucht
bei 10 cores haben 1000 Messungen 0.226646 Sekunden gebraucht
bei 10 cores haben 1000 Messungen 0.223179 Sekunden gebraucht
bei 10 cores haben 1000 Messungen 0.221685 Sekunden gebraucht
bei 10 cores haben 1000 Messungen 0.224788 Sekunden gebraucht
bei 11 cores haben 1000 Messungen 0.226417 Sekunden gebraucht
bei 11 cores haben 1000 Messungen 0.225870 Sekunden gebraucht
bei 11 cores haben 1000 Messungen 0.225417 Sekunden gebraucht
bei 11 cores haben 1000 Messungen 0.224135 Sekunden gebraucht
bei 11 cores haben 1000 Messungen 0.226093 Sekunden gebraucht
bei 11 cores haben 1000 Messungen 0.229339 Sekunden gebraucht
bei 11 cores haben 1000 Messungen 0.225418 Sekunden gebraucht
bei 11 cores haben 1000 Messungen 0.225102 Sekunden gebraucht
bei 11 cores haben 1000 Messungen 0.224015 Sekunden gebraucht
bei 11 cores haben 1000 Messungen 0.227657 Sekunden gebraucht
bei 12 cores haben 1000 Messungen 0.225561 Sekunden gebraucht
bei 12 cores haben 1000 Messungen 0.225685 Sekunden gebraucht
bei 12 cores haben 1000 Messungen 0.226053 Sekunden gebraucht
bei 12 cores haben 1000 Messungen 0.226135 Sekunden gebraucht
bei 12 cores haben 1000 Messungen 0.225690 Sekunden gebraucht
bei 12 cores haben 1000 Messungen 0.224887 Sekunden gebraucht
bei 12 cores haben 1000 Messungen 0.244795 Sekunden gebraucht
bei 12 cores haben 1000 Messungen 0.226153 Sekunden gebraucht
bei 12 cores haben 1000 Messungen 0.226134 Sekunden gebraucht
bei 12 cores haben 1000 Messungen 0.225670 Sekunden gebraucht
Laenge=100
bei 1 cores haben 1000 Messungen 1.240365 Sekunden gebraucht
bei 1 cores haben 1000 Messungen 1.209719 Sekunden gebraucht
bei 1 cores haben 1000 Messungen 1.209396 Sekunden gebraucht
bei 1 cores haben 1000 Messungen 1.209234 Sekunden gebraucht
bei 1 cores haben 1000 Messungen 1.209396 Sekunden gebraucht
bei 1 cores haben 1000 Messungen 1.209227 Sekunden gebraucht
bei 1 cores haben 1000 Messungen 1.209593 Sekunden gebraucht
bei 1 cores haben 1000 Messungen 1.209099 Sekunden gebraucht
bei 1 cores haben 1000 Messungen 1.209030 Sekunden gebraucht
bei 1 cores haben 1000 Messungen 1.210741 Sekunden gebraucht
bei 2 cores haben 1000 Messungen 1.073590 Sekunden gebraucht
bei 2 cores haben 1000 Messungen 1.027639 Sekunden gebraucht
bei 2 cores haben 1000 Messungen 1.028523 Sekunden gebraucht
bei 2 cores haben 1000 Messungen 1.040925 Sekunden gebraucht
bei 2 cores haben 1000 Messungen 1.013512 Sekunden gebraucht
bei 2 cores haben 1000 Messungen 1.013049 Sekunden gebraucht
bei 2 cores haben 1000 Messungen 1.013869 Sekunden gebraucht
bei 2 cores haben 1000 Messungen 1.015227 Sekunden gebraucht
bei 2 cores haben 1000 Messungen 1.014965 Sekunden gebraucht
bei 2 cores haben 1000 Messungen 1.013703 Sekunden gebraucht
bei 3 cores haben 1000 Messungen 0.841907 Sekunden gebraucht
bei 3 cores haben 1000 Messungen 0.858824 Sekunden gebraucht
bei 3 cores haben 1000 Messungen 0.859675 Sekunden gebraucht
bei 3 cores haben 1000 Messungen 0.866465 Sekunden gebraucht
bei 3 cores haben 1000 Messungen 0.856413 Sekunden gebraucht
bei 3 cores haben 1000 Messungen 0.855576 Sekunden gebraucht
bei 3 cores haben 1000 Messungen 0.870428 Sekunden gebraucht
bei 3 cores haben 1000 Messungen 0.853642 Sekunden gebraucht
bei 3 cores haben 1000 Messungen 0.849118 Sekunden gebraucht
bei 3 cores haben 1000 Messungen 0.874019 Sekunden gebraucht
bei 4 cores haben 1000 Messungen 0.846112 Sekunden gebraucht
bei 4 cores haben 1000 Messungen 0.832796 Sekunden gebraucht
bei 4 cores haben 1000 Messungen 0.831636 Sekunden gebraucht
bei 4 cores haben 1000 Messungen 0.812080 Sekunden gebraucht
bei 4 cores haben 1000 Messungen 0.816272 Sekunden gebraucht
bei 4 cores haben 1000 Messungen 0.857187 Sekunden gebraucht
bei 4 cores haben 1000 Messungen 0.809862 Sekunden gebraucht
bei 4 cores haben 1000 Messungen 0.814104 Sekunden gebraucht
bei 4 cores haben 1000 Messungen 0.768230 Sekunden gebraucht
bei 4 cores haben 1000 Messungen 0.833408 Sekunden gebraucht
bei 5 cores haben 1000 Messungen 0.833652 Sekunden gebraucht
bei 5 cores haben 1000 Messungen 0.831181 Sekunden gebraucht
bei 5 cores haben 1000 Messungen 0.798545 Sekunden gebraucht
bei 5 cores haben 1000 Messungen 0.868013 Sekunden gebraucht
bei 5 cores haben 1000 Messungen 0.844931 Sekunden gebraucht
bei 5 cores haben 1000 Messungen 0.756403 Sekunden gebraucht
bei 5 cores haben 1000 Messungen 0.827500 Sekunden gebraucht
bei 5 cores haben 1000 Messungen 0.840260 Sekunden gebraucht
bei 5 cores haben 1000 Messungen 0.848537 Sekunden gebraucht
bei 5 cores haben 1000 Messungen 0.837406 Sekunden gebraucht
bei 6 cores haben 1000 Messungen 0.838885 Sekunden gebraucht
bei 6 cores haben 1000 Messungen 0.833362 Sekunden gebraucht
bei 6 cores haben 1000 Messungen 0.834663 Sekunden gebraucht
bei 6 cores haben 1000 Messungen 0.752578 Sekunden gebraucht
bei 6 cores haben 1000 Messungen 0.857706 Sekunden gebraucht
bei 6 cores haben 1000 Messungen 0.852287 Sekunden gebraucht
bei 6 cores haben 1000 Messungen 0.839365 Sekunden gebraucht
bei 6 cores haben 1000 Messungen 0.853715 Sekunden gebraucht
bei 6 cores haben 1000 Messungen 0.834208 Sekunden gebraucht
bei 6 cores haben 1000 Messungen 0.836988 Sekunden gebraucht
bei 7 cores haben 1000 Messungen 0.832756 Sekunden gebraucht
bei 7 cores haben 1000 Messungen 0.845163 Sekunden gebraucht
bei 7 cores haben 1000 Messungen 0.842260 Sekunden gebraucht
bei 7 cores haben 1000 Messungen 0.840327 Sekunden gebraucht
bei 7 cores haben 1000 Messungen 0.847893 Sekunden gebraucht
bei 7 cores haben 1000 Messungen 0.835187 Sekunden gebraucht
bei 7 cores haben 1000 Messungen 0.837444 Sekunden gebraucht
bei 7 cores haben 1000 Messungen 0.837946 Sekunden gebraucht
bei 7 cores haben 1000 Messungen 0.837133 Sekunden gebraucht
bei 7 cores haben 1000 Messungen 0.834867 Sekunden gebraucht
bei 8 cores haben 1000 Messungen 0.831411 Sekunden gebraucht
bei 8 cores haben 1000 Messungen 0.845699 Sekunden gebraucht
bei 8 cores haben 1000 Messungen 0.948683 Sekunden gebraucht
bei 8 cores haben 1000 Messungen 0.854647 Sekunden gebraucht
bei 8 cores haben 1000 Messungen 0.856258 Sekunden gebraucht
bei 8 cores haben 1000 Messungen 0.846458 Sekunden gebraucht
bei 8 cores haben 1000 Messungen 0.842659 Sekunden gebraucht
bei 8 cores haben 1000 Messungen 0.841890 Sekunden gebraucht
bei 8 cores haben 1000 Messungen 0.840363 Sekunden gebraucht
bei 8 cores haben 1000 Messungen 0.844231 Sekunden gebraucht
bei 9 cores haben 1000 Messungen 0.845964 Sekunden gebraucht
bei 9 cores haben 1000 Messungen 0.843113 Sekunden gebraucht
bei 9 cores haben 1000 Messungen 0.842677 Sekunden gebraucht
bei 9 cores haben 1000 Messungen 0.848955 Sekunden gebraucht
bei 9 cores haben 1000 Messungen 0.911703 Sekunden gebraucht
bei 9 cores haben 1000 Messungen 0.849914 Sekunden gebraucht
bei 9 cores haben 1000 Messungen 0.856622 Sekunden gebraucht
bei 9 cores haben 1000 Messungen 0.842943 Sekunden gebraucht
bei 9 cores haben 1000 Messungen 0.852958 Sekunden gebraucht
bei 9 cores haben 1000 Messungen 0.855371 Sekunden gebraucht
bei 10 cores haben 1000 Messungen 0.844621 Sekunden gebraucht
bei 10 cores haben 1000 Messungen 0.853136 Sekunden gebraucht
bei 10 cores haben 1000 Messungen 0.849615 Sekunden gebraucht
bei 10 cores haben 1000 Messungen 0.845340 Sekunden gebraucht
bei 10 cores haben 1000 Messungen 0.848093 Sekunden gebraucht
bei 10 cores haben 1000 Messungen 0.850516 Sekunden gebraucht
bei 10 cores haben 1000 Messungen 0.851717 Sekunden gebraucht
bei 10 cores haben 1000 Messungen 0.849561 Sekunden gebraucht
bei 10 cores haben 1000 Messungen 0.862040 Sekunden gebraucht
bei 10 cores haben 1000 Messungen 0.845516 Sekunden gebraucht
bei 11 cores haben 1000 Messungen 0.854870 Sekunden gebraucht
bei 11 cores haben 1000 Messungen 0.853409 Sekunden gebraucht
bei 11 cores haben 1000 Messungen 0.857249 Sekunden gebraucht
bei 11 cores haben 1000 Messungen 0.860343 Sekunden gebraucht
bei 11 cores haben 1000 Messungen 0.850240 Sekunden gebraucht
bei 11 cores haben 1000 Messungen 0.849686 Sekunden gebraucht
bei 11 cores haben 1000 Messungen 0.854749 Sekunden gebraucht
bei 11 cores haben 1000 Messungen 0.851899 Sekunden gebraucht
bei 11 cores haben 1000 Messungen 0.850945 Sekunden gebraucht
bei 11 cores haben 1000 Messungen 0.849000 Sekunden gebraucht
bei 12 cores haben 1000 Messungen 0.870030 Sekunden gebraucht
bei 12 cores haben 1000 Messungen 0.843491 Sekunden gebraucht
bei 12 cores haben 1000 Messungen 0.841787 Sekunden gebraucht
bei 12 cores haben 1000 Messungen 0.856194 Sekunden gebraucht
bei 12 cores haben 1000 Messungen 0.843782 Sekunden gebraucht
bei 12 cores haben 1000 Messungen 0.841234 Sekunden gebraucht
bei 12 cores haben 1000 Messungen 0.842930 Sekunden gebraucht
bei 12 cores haben 1000 Messungen 0.854926 Sekunden gebraucht
bei 12 cores haben 1000 Messungen 0.843579 Sekunden gebraucht
bei 12 cores haben 1000 Messungen 0.844350 Sekunden gebraucht
Laenge=200
bei 1 cores haben 1000 Messungen 4.828005 Sekunden gebraucht
bei 1 cores haben 1000 Messungen 4.854734 Sekunden gebraucht
bei 1 cores haben 1000 Messungen 4.814402 Sekunden gebraucht
bei 1 cores haben 1000 Messungen 4.819750 Sekunden gebraucht
bei 1 cores haben 1000 Messungen 4.816672 Sekunden gebraucht
bei 1 cores haben 1000 Messungen 4.812263 Sekunden gebraucht
bei 1 cores haben 1000 Messungen 4.825532 Sekunden gebraucht
bei 1 cores haben 1000 Messungen 4.816701 Sekunden gebraucht
bei 1 cores haben 1000 Messungen 4.818214 Sekunden gebraucht
bei 1 cores haben 1000 Messungen 4.814059 Sekunden gebraucht
bei 2 cores haben 1000 Messungen 4.138197 Sekunden gebraucht
bei 2 cores haben 1000 Messungen 4.107021 Sekunden gebraucht
bei 2 cores haben 1000 Messungen 4.085948 Sekunden gebraucht
bei 2 cores haben 1000 Messungen 4.085852 Sekunden gebraucht
bei 2 cores haben 1000 Messungen 4.086277 Sekunden gebraucht
bei 2 cores haben 1000 Messungen 4.085879 Sekunden gebraucht
bei 2 cores haben 1000 Messungen 4.085063 Sekunden gebraucht
bei 2 cores haben 1000 Messungen 4.091203 Sekunden gebraucht
bei 2 cores haben 1000 Messungen 4.113004 Sekunden gebraucht
bei 2 cores haben 1000 Messungen 4.086216 Sekunden gebraucht
bei 3 cores haben 1000 Messungen 3.474964 Sekunden gebraucht
bei 3 cores haben 1000 Messungen 3.385736 Sekunden gebraucht
bei 3 cores haben 1000 Messungen 3.551534 Sekunden gebraucht
bei 3 cores haben 1000 Messungen 3.502227 Sekunden gebraucht
bei 3 cores haben 1000 Messungen 3.466082 Sekunden gebraucht
bei 3 cores haben 1000 Messungen 3.428346 Sekunden gebraucht
bei 3 cores haben 1000 Messungen 3.447138 Sekunden gebraucht
bei 3 cores haben 1000 Messungen 3.447163 Sekunden gebraucht
bei 3 cores haben 1000 Messungen 3.460969 Sekunden gebraucht
bei 3 cores haben 1000 Messungen 3.433997 Sekunden gebraucht
bei 4 cores haben 1000 Messungen 3.303962 Sekunden gebraucht
bei 4 cores haben 1000 Messungen 3.298211 Sekunden gebraucht
bei 4 cores haben 1000 Messungen 3.303121 Sekunden gebraucht
bei 4 cores haben 1000 Messungen 3.301718 Sekunden gebraucht
bei 4 cores haben 1000 Messungen 3.285057 Sekunden gebraucht
bei 4 cores haben 1000 Messungen 3.304837 Sekunden gebraucht
bei 4 cores haben 1000 Messungen 3.288335 Sekunden gebraucht
bei 4 cores haben 1000 Messungen 3.309040 Sekunden gebraucht
bei 4 cores haben 1000 Messungen 3.321596 Sekunden gebraucht
bei 4 cores haben 1000 Messungen 3.286960 Sekunden gebraucht
bei 5 cores haben 1000 Messungen 3.319816 Sekunden gebraucht
bei 5 cores haben 1000 Messungen 3.260455 Sekunden gebraucht
bei 5 cores haben 1000 Messungen 3.324156 Sekunden gebraucht
bei 5 cores haben 1000 Messungen 3.316037 Sekunden gebraucht
bei 5 cores haben 1000 Messungen 3.299011 Sekunden gebraucht
bei 5 cores haben 1000 Messungen 3.328631 Sekunden gebraucht
bei 5 cores haben 1000 Messungen 3.298668 Sekunden gebraucht
bei 5 cores haben 1000 Messungen 3.335059 Sekunden gebraucht
bei 5 cores haben 1000 Messungen 3.331973 Sekunden gebraucht
bei 5 cores haben 1000 Messungen 3.379665 Sekunden gebraucht
bei 6 cores haben 1000 Messungen 3.314397 Sekunden gebraucht
bei 6 cores haben 1000 Messungen 3.373687 Sekunden gebraucht
bei 6 cores haben 1000 Messungen 3.306444 Sekunden gebraucht
bei 6 cores haben 1000 Messungen 3.301667 Sekunden gebraucht
bei 6 cores haben 1000 Messungen 3.306330 Sekunden gebraucht
bei 6 cores haben 1000 Messungen 3.360269 Sekunden gebraucht
bei 6 cores haben 1000 Messungen 3.326429 Sekunden gebraucht
bei 6 cores haben 1000 Messungen 3.294184 Sekunden gebraucht
bei 6 cores haben 1000 Messungen 3.395833 Sekunden gebraucht
bei 6 cores haben 1000 Messungen 3.371582 Sekunden gebraucht
bei 7 cores haben 1000 Messungen 3.345434 Sekunden gebraucht
bei 7 cores haben 1000 Messungen 3.336064 Sekunden gebraucht
bei 7 cores haben 1000 Messungen 3.317092 Sekunden gebraucht
bei 7 cores haben 1000 Messungen 3.347901 Sekunden gebraucht
bei 7 cores haben 1000 Messungen 3.355549 Sekunden gebraucht
bei 7 cores haben 1000 Messungen 3.377216 Sekunden gebraucht
bei 7 cores haben 1000 Messungen 3.494241 Sekunden gebraucht
bei 7 cores haben 1000 Messungen 3.333501 Sekunden gebraucht
bei 7 cores haben 1000 Messungen 3.357186 Sekunden gebraucht
bei 7 cores haben 1000 Messungen 3.340732 Sekunden gebraucht
bei 8 cores haben 1000 Messungen 3.338456 Sekunden gebraucht
bei 8 cores haben 1000 Messungen 3.334136 Sekunden gebraucht
bei 8 cores haben 1000 Messungen 3.328084 Sekunden gebraucht
bei 8 cores haben 1000 Messungen 3.324383 Sekunden gebraucht
bei 8 cores haben 1000 Messungen 3.322698 Sekunden gebraucht
bei 8 cores haben 1000 Messungen 3.324409 Sekunden gebraucht
bei 8 cores haben 1000 Messungen 3.331333 Sekunden gebraucht
bei 8 cores haben 1000 Messungen 3.371583 Sekunden gebraucht
bei 8 cores haben 1000 Messungen 3.358575 Sekunden gebraucht
bei 8 cores haben 1000 Messungen 3.377271 Sekunden gebraucht
bei 9 cores haben 1000 Messungen 3.354751 Sekunden gebraucht
bei 9 cores haben 1000 Messungen 3.336214 Sekunden gebraucht
bei 9 cores haben 1000 Messungen 3.323816 Sekunden gebraucht
bei 9 cores haben 1000 Messungen 3.324455 Sekunden gebraucht
bei 9 cores haben 1000 Messungen 3.320367 Sekunden gebraucht
bei 9 cores haben 1000 Messungen 3.327433 Sekunden gebraucht
bei 9 cores haben 1000 Messungen 3.338808 Sekunden gebraucht
bei 9 cores haben 1000 Messungen 3.306333 Sekunden gebraucht
bei 9 cores haben 1000 Messungen 3.327027 Sekunden gebraucht
bei 9 cores haben 1000 Messungen 3.322601 Sekunden gebraucht
bei 10 cores haben 1000 Messungen 3.347990 Sekunden gebraucht
bei 10 cores haben 1000 Messungen 3.342495 Sekunden gebraucht
bei 10 cores haben 1000 Messungen 3.333338 Sekunden gebraucht
bei 10 cores haben 1000 Messungen 3.349598 Sekunden gebraucht
bei 10 cores haben 1000 Messungen 3.354759 Sekunden gebraucht
bei 10 cores haben 1000 Messungen 3.360705 Sekunden gebraucht
bei 10 cores haben 1000 Messungen 3.364500 Sekunden gebraucht
bei 10 cores haben 1000 Messungen 3.470767 Sekunden gebraucht
bei 10 cores haben 1000 Messungen 3.386861 Sekunden gebraucht
bei 10 cores haben 1000 Messungen 3.357770 Sekunden gebraucht
bei 11 cores haben 1000 Messungen 3.338757 Sekunden gebraucht
bei 11 cores haben 1000 Messungen 3.361319 Sekunden gebraucht
bei 11 cores haben 1000 Messungen 3.333599 Sekunden gebraucht
bei 11 cores haben 1000 Messungen 3.340385 Sekunden gebraucht
bei 11 cores haben 1000 Messungen 3.339830 Sekunden gebraucht
bei 11 cores haben 1000 Messungen 3.333428 Sekunden gebraucht
bei 11 cores haben 1000 Messungen 3.357150 Sekunden gebraucht
bei 11 cores haben 1000 Messungen 3.351940 Sekunden gebraucht
bei 11 cores haben 1000 Messungen 3.352918 Sekunden gebraucht
bei 11 cores haben 1000 Messungen 3.348281 Sekunden gebraucht
bei 12 cores haben 1000 Messungen 3.319730 Sekunden gebraucht
bei 12 cores haben 1000 Messungen 3.325134 Sekunden gebraucht
bei 12 cores haben 1000 Messungen 3.319153 Sekunden gebraucht
bei 12 cores haben 1000 Messungen 3.320889 Sekunden gebraucht
bei 12 cores haben 1000 Messungen 3.316346 Sekunden gebraucht
bei 12 cores haben 1000 Messungen 3.325632 Sekunden gebraucht
bei 12 cores haben 1000 Messungen 3.318418 Sekunden gebraucht
bei 12 cores haben 1000 Messungen 3.319684 Sekunden gebraucht
bei 12 cores haben 1000 Messungen 3.317801 Sekunden gebraucht
bei 12 cores haben 1000 Messungen 3.315962 Sekunden gebraucht
Laenge=500
bei 1 cores haben 1000 Messungen 30.155093 Sekunden gebraucht
bei 1 cores haben 1000 Messungen 30.102327 Sekunden gebraucht
bei 1 cores haben 1000 Messungen 30.100813 Sekunden gebraucht
bei 1 cores haben 1000 Messungen 30.120425 Sekunden gebraucht
bei 1 cores haben 1000 Messungen 30.104683 Sekunden gebraucht
bei 1 cores haben 1000 Messungen 30.107914 Sekunden gebraucht
bei 1 cores haben 1000 Messungen 30.107117 Sekunden gebraucht
bei 1 cores haben 1000 Messungen 30.101198 Sekunden gebraucht
bei 1 cores haben 1000 Messungen 30.393379 Sekunden gebraucht
bei 1 cores haben 1000 Messungen 30.359758 Sekunden gebraucht
bei 2 cores haben 1000 Messungen 26.100439 Sekunden gebraucht
bei 2 cores haben 1000 Messungen 25.988634 Sekunden gebraucht
bei 2 cores haben 1000 Messungen 25.974591 Sekunden gebraucht
bei 2 cores haben 1000 Messungen 25.976058 Sekunden gebraucht
bei 2 cores haben 1000 Messungen 25.614156 Sekunden gebraucht
bei 2 cores haben 1000 Messungen 25.520178 Sekunden gebraucht
bei 2 cores haben 1000 Messungen 25.505032 Sekunden gebraucht
bei 2 cores haben 1000 Messungen 25.624612 Sekunden gebraucht
bei 2 cores haben 1000 Messungen 25.632246 Sekunden gebraucht
bei 2 cores haben 1000 Messungen 25.570240 Sekunden gebraucht
bei 3 cores haben 1000 Messungen 21.329532 Sekunden gebraucht
bei 3 cores haben 1000 Messungen 21.405529 Sekunden gebraucht
bei 3 cores haben 1000 Messungen 21.434206 Sekunden gebraucht
bei 3 cores haben 1000 Messungen 21.267856 Sekunden gebraucht
bei 3 cores haben 1000 Messungen 21.315110 Sekunden gebraucht
bei 3 cores haben 1000 Messungen 21.407376 Sekunden gebraucht
bei 3 cores haben 1000 Messungen 21.577446 Sekunden gebraucht
bei 3 cores haben 1000 Messungen 21.529294 Sekunden gebraucht
bei 3 cores haben 1000 Messungen 21.705177 Sekunden gebraucht
bei 3 cores haben 1000 Messungen 21.164386 Sekunden gebraucht
bei 4 cores haben 1000 Messungen 19.976462 Sekunden gebraucht
bei 4 cores haben 1000 Messungen 20.467233 Sekunden gebraucht
bei 4 cores haben 1000 Messungen 21.154770 Sekunden gebraucht
bei 4 cores haben 1000 Messungen 20.638350 Sekunden gebraucht
bei 4 cores haben 1000 Messungen 20.607136 Sekunden gebraucht
bei 4 cores haben 1000 Messungen 20.602160 Sekunden gebraucht
bei 4 cores haben 1000 Messungen 20.008696 Sekunden gebraucht
bei 4 cores haben 1000 Messungen 20.020836 Sekunden gebraucht
bei 4 cores haben 1000 Messungen 20.101276 Sekunden gebraucht
bei 4 cores haben 1000 Messungen 20.791025 Sekunden gebraucht
bei 5 cores haben 1000 Messungen 20.823230 Sekunden gebraucht
bei 5 cores haben 1000 Messungen 20.650866 Sekunden gebraucht
bei 5 cores haben 1000 Messungen 20.736771 Sekunden gebraucht
bei 5 cores haben 1000 Messungen 20.638026 Sekunden gebraucht
bei 5 cores haben 1000 Messungen 20.814601 Sekunden gebraucht
bei 5 cores haben 1000 Messungen 20.583912 Sekunden gebraucht
bei 5 cores haben 1000 Messungen 20.709685 Sekunden gebraucht
bei 5 cores haben 1000 Messungen 20.853603 Sekunden gebraucht
bei 5 cores haben 1000 Messungen 20.968370 Sekunden gebraucht
bei 5 cores haben 1000 Messungen 20.947806 Sekunden gebraucht
bei 6 cores haben 1000 Messungen 20.432206 Sekunden gebraucht
bei 6 cores haben 1000 Messungen 20.961761 Sekunden gebraucht
bei 6 cores haben 1000 Messungen 20.711086 Sekunden gebraucht
bei 6 cores haben 1000 Messungen 20.726867 Sekunden gebraucht
bei 6 cores haben 1000 Messungen 20.518140 Sekunden gebraucht
bei 6 cores haben 1000 Messungen 20.740497 Sekunden gebraucht
bei 6 cores haben 1000 Messungen 20.829751 Sekunden gebraucht
bei 6 cores haben 1000 Messungen 20.564781 Sekunden gebraucht
bei 6 cores haben 1000 Messungen 20.962057 Sekunden gebraucht
bei 6 cores haben 1000 Messungen 21.189007 Sekunden gebraucht
bei 7 cores haben 1000 Messungen 20.602448 Sekunden gebraucht
bei 7 cores haben 1000 Messungen 20.577849 Sekunden gebraucht
bei 7 cores haben 1000 Messungen 20.561280 Sekunden gebraucht
bei 7 cores haben 1000 Messungen 20.570876 Sekunden gebraucht
bei 7 cores haben 1000 Messungen 20.706399 Sekunden gebraucht
bei 7 cores haben 1000 Messungen 20.625190 Sekunden gebraucht
bei 7 cores haben 1000 Messungen 20.709679 Sekunden gebraucht
bei 7 cores haben 1000 Messungen 20.657594 Sekunden gebraucht
bei 7 cores haben 1000 Messungen 20.655848 Sekunden gebraucht
bei 7 cores haben 1000 Messungen 20.646509 Sekunden gebraucht
bei 8 cores haben 1000 Messungen 20.619141 Sekunden gebraucht
bei 8 cores haben 1000 Messungen 20.752218 Sekunden gebraucht
bei 8 cores haben 1000 Messungen 20.724766 Sekunden gebraucht
bei 8 cores haben 1000 Messungen 20.842292 Sekunden gebraucht
bei 8 cores haben 1000 Messungen 20.966598 Sekunden gebraucht
bei 8 cores haben 1000 Messungen 20.604622 Sekunden gebraucht
bei 8 cores haben 1000 Messungen 20.655908 Sekunden gebraucht
bei 8 cores haben 1000 Messungen 21.015606 Sekunden gebraucht
bei 8 cores haben 1000 Messungen 21.014749 Sekunden gebraucht
bei 8 cores haben 1000 Messungen 20.636988 Sekunden gebraucht
bei 9 cores haben 1000 Messungen 20.698457 Sekunden gebraucht
bei 9 cores haben 1000 Messungen 20.735062 Sekunden gebraucht
bei 9 cores haben 1000 Messungen 20.699138 Sekunden gebraucht
bei 9 cores haben 1000 Messungen 20.799094 Sekunden gebraucht
bei 9 cores haben 1000 Messungen 20.751922 Sekunden gebraucht
bei 9 cores haben 1000 Messungen 20.748096 Sekunden gebraucht
bei 9 cores haben 1000 Messungen 20.785866 Sekunden gebraucht
bei 9 cores haben 1000 Messungen 20.771664 Sekunden gebraucht
bei 9 cores haben 1000 Messungen 20.736334 Sekunden gebraucht
bei 9 cores haben 1000 Messungen 20.761324 Sekunden gebraucht
bei 10 cores haben 1000 Messungen 20.837637 Sekunden gebraucht
bei 10 cores haben 1000 Messungen 20.875986 Sekunden gebraucht
bei 10 cores haben 1000 Messungen 20.793484 Sekunden gebraucht
bei 10 cores haben 1000 Messungen 20.871702 Sekunden gebraucht
bei 10 cores haben 1000 Messungen 21.143143 Sekunden gebraucht
bei 10 cores haben 1000 Messungen 20.817399 Sekunden gebraucht
bei 10 cores haben 1000 Messungen 21.175498 Sekunden gebraucht
bei 10 cores haben 1000 Messungen 20.820982 Sekunden gebraucht
bei 10 cores haben 1000 Messungen 20.815577 Sekunden gebraucht
bei 10 cores haben 1000 Messungen 20.821098 Sekunden gebraucht
bei 11 cores haben 1000 Messungen 20.809899 Sekunden gebraucht
bei 11 cores haben 1000 Messungen 20.785623 Sekunden gebraucht
bei 11 cores haben 1000 Messungen 20.788086 Sekunden gebraucht
bei 11 cores haben 1000 Messungen 20.755039 Sekunden gebraucht
bei 11 cores haben 1000 Messungen 20.778519 Sekunden gebraucht
bei 11 cores haben 1000 Messungen 20.807741 Sekunden gebraucht
bei 11 cores haben 1000 Messungen 20.778874 Sekunden gebraucht
bei 11 cores haben 1000 Messungen 20.742143 Sekunden gebraucht
bei 11 cores haben 1000 Messungen 20.787517 Sekunden gebraucht
bei 11 cores haben 1000 Messungen 20.753551 Sekunden gebraucht
bei 12 cores haben 1000 Messungen 20.579082 Sekunden gebraucht
bei 12 cores haben 1000 Messungen 20.585942 Sekunden gebraucht
bei 12 cores haben 1000 Messungen 20.595404 Sekunden gebraucht
bei 12 cores haben 1000 Messungen 20.593226 Sekunden gebraucht
bei 12 cores haben 1000 Messungen 20.576368 Sekunden gebraucht
bei 12 cores haben 1000 Messungen 20.590733 Sekunden gebraucht
bei 12 cores haben 1000 Messungen 20.599268 Sekunden gebraucht
bei 12 cores haben 1000 Messungen 20.594600 Sekunden gebraucht
bei 12 cores haben 1000 Messungen 20.586027 Sekunden gebraucht
bei 12 cores haben 1000 Messungen 20.564902 Sekunden gebraucht
/hiskp4/gross/bachelorarbeit
