Thu Jun 25 18:56:33 CEST 2020 Waiting for 30 seconds before starting the job to allow the node to settle down
Thu Jun 25 18:57:03 CEST 2020 Waiting done, starting task!
Thu Jun 25 18:57:03 CEST 2020 Waiting for 30 seconds before starting the job to allow the node to settle down
Thu Jun 25 18:57:33 CEST 2020 Waiting done, starting task!
Laenge=768	Temperatur=0.500000
Richtige Funktion!
bei 1 cores haben 1000 Messungen 36.397878 Sekunden gebraucht
Richtige Funktion!
bei 1 cores haben 1000 Messungen 35.827500 Sekunden gebraucht
Richtige Funktion!
bei 1 cores haben 1000 Messungen 35.925639 Sekunden gebraucht
Richtige Funktion!
bei 1 cores haben 1000 Messungen 36.086221 Sekunden gebraucht
Richtige Funktion!
bei 1 cores haben 1000 Messungen 36.402172 Sekunden gebraucht
Richtige Funktion!
bei 2 cores haben 1000 Messungen 19.836081 Sekunden gebraucht
Richtige Funktion!
bei 2 cores haben 1000 Messungen 19.984417 Sekunden gebraucht
Richtige Funktion!
bei 2 cores haben 1000 Messungen 19.749979 Sekunden gebraucht
Richtige Funktion!
bei 2 cores haben 1000 Messungen 19.845577 Sekunden gebraucht
Richtige Funktion!
bei 2 cores haben 1000 Messungen 19.894557 Sekunden gebraucht
Richtige Funktion!
bei 3 cores haben 1000 Messungen 14.195142 Sekunden gebraucht
Richtige Funktion!
bei 3 cores haben 1000 Messungen 13.959744 Sekunden gebraucht
Richtige Funktion!
bei 3 cores haben 1000 Messungen 14.130862 Sekunden gebraucht
Richtige Funktion!
bei 3 cores haben 1000 Messungen 14.083238 Sekunden gebraucht
Richtige Funktion!
bei 3 cores haben 1000 Messungen 14.119567 Sekunden gebraucht
Richtige Funktion!
bei 4 cores haben 1000 Messungen 11.443688 Sekunden gebraucht
Richtige Funktion!
bei 4 cores haben 1000 Messungen 11.396090 Sekunden gebraucht
Richtige Funktion!
bei 4 cores haben 1000 Messungen 11.353661 Sekunden gebraucht
Richtige Funktion!
bei 4 cores haben 1000 Messungen 11.645793 Sekunden gebraucht
Richtige Funktion!
bei 4 cores haben 1000 Messungen 11.342177 Sekunden gebraucht
Richtige Funktion!
bei 5 cores haben 1000 Messungen 9.578991 Sekunden gebraucht
Richtige Funktion!
bei 5 cores haben 1000 Messungen 17.591346 Sekunden gebraucht
Richtige Funktion!
bei 5 cores haben 1000 Messungen 17.121460 Sekunden gebraucht
Richtige Funktion!
bei 5 cores haben 1000 Messungen 16.859777 Sekunden gebraucht
Richtige Funktion!
bei 5 cores haben 1000 Messungen 9.758393 Sekunden gebraucht
Richtige Funktion!
bei 6 cores haben 1000 Messungen 14.834174 Sekunden gebraucht
Richtige Funktion!
bei 6 cores haben 1000 Messungen 15.094357 Sekunden gebraucht
Richtige Funktion!
bei 6 cores haben 1000 Messungen 12.191434 Sekunden gebraucht
Richtige Funktion!
bei 6 cores haben 1000 Messungen 14.841911 Sekunden gebraucht
Richtige Funktion!
bei 6 cores haben 1000 Messungen 15.187353 Sekunden gebraucht
Richtige Funktion!
bei 7 cores haben 1000 Messungen 13.665046 Sekunden gebraucht
Richtige Funktion!
bei 7 cores haben 1000 Messungen 13.316572 Sekunden gebraucht
Richtige Funktion!
bei 7 cores haben 1000 Messungen 13.239280 Sekunden gebraucht
Richtige Funktion!
bei 7 cores haben 1000 Messungen 13.689936 Sekunden gebraucht
Richtige Funktion!
bei 7 cores haben 1000 Messungen 13.750726 Sekunden gebraucht
Richtige Funktion!
bei 8 cores haben 1000 Messungen 12.188441 Sekunden gebraucht
Richtige Funktion!
bei 8 cores haben 1000 Messungen 12.306208 Sekunden gebraucht
Richtige Funktion!
bei 8 cores haben 1000 Messungen 10.787798 Sekunden gebraucht
Richtige Funktion!
bei 8 cores haben 1000 Messungen 12.244330 Sekunden gebraucht
Richtige Funktion!
bei 8 cores haben 1000 Messungen 12.191969 Sekunden gebraucht
Richtige Funktion!
bei 9 cores haben 1000 Messungen 11.307919 Sekunden gebraucht
Richtige Funktion!
bei 9 cores haben 1000 Messungen 9.344816 Sekunden gebraucht
Richtige Funktion!
bei 9 cores haben 1000 Messungen 11.534518 Sekunden gebraucht
Richtige Funktion!
bei 9 cores haben 1000 Messungen 10.945801 Sekunden gebraucht
Richtige Funktion!
bei 9 cores haben 1000 Messungen 11.307189 Sekunden gebraucht
Richtige Funktion!
bei 10 cores haben 1000 Messungen 9.201842 Sekunden gebraucht
Richtige Funktion!
bei 10 cores haben 1000 Messungen 9.235088 Sekunden gebraucht
Richtige Funktion!
bei 10 cores haben 1000 Messungen 9.528686 Sekunden gebraucht
Richtige Funktion!
bei 10 cores haben 1000 Messungen 9.887556 Sekunden gebraucht
Richtige Funktion!
bei 10 cores haben 1000 Messungen 10.395739 Sekunden gebraucht
Richtige Funktion!
bei 11 cores haben 1000 Messungen 6.028221 Sekunden gebraucht
Richtige Funktion!
bei 11 cores haben 1000 Messungen 5.978764 Sekunden gebraucht
Richtige Funktion!
bei 11 cores haben 1000 Messungen 5.954456 Sekunden gebraucht
Richtige Funktion!
bei 11 cores haben 1000 Messungen 5.932929 Sekunden gebraucht
Richtige Funktion!
bei 11 cores haben 1000 Messungen 6.005006 Sekunden gebraucht
Richtige Funktion!
bei 12 cores haben 1000 Messungen 5.706090 Sekunden gebraucht
Richtige Funktion!
bei 12 cores haben 1000 Messungen 5.687048 Sekunden gebraucht
Richtige Funktion!
bei 12 cores haben 1000 Messungen 5.682465 Sekunden gebraucht
Richtige Funktion!
bei 12 cores haben 1000 Messungen 5.666745 Sekunden gebraucht
Richtige Funktion!
bei 12 cores haben 1000 Messungen 5.689679 Sekunden gebraucht
/hiskp4/gross/bachelorarbeit
