Sun Jul 26 18:51:26 CEST 2020 Waiting for 30 seconds before starting the job to allow the node to settle down
Sun Jul 26 18:51:56 CEST 2020 Waiting done, starting task!
Sun Jul 26 18:51:56 CEST 2020 Waiting for 30 seconds before starting the job to allow the node to settle down
Sun Jul 26 18:51:56 CEST 2020 Waiting for 30 seconds before starting the job to allow the node to settle down
Sun Jul 26 18:51:56 CEST 2020 Waiting for 30 seconds before starting the job to allow the node to settle down
Sun Jul 26 18:51:56 CEST 2020 Waiting for 30 seconds before starting the job to allow the node to settle down
Sun Jul 26 18:52:26 CEST 2020 Waiting done, starting task!
Sun Jul 26 18:52:26 CEST 2020 Waiting done, starting task!
Sun Jul 26 18:52:26 CEST 2020 Waiting done, starting task!
Sun Jul 26 18:52:26 CEST 2020 Waiting done, starting task!
0	5000	1.000000	0.000000
1	5000	1.000000	0.000000
2	5000	1.000000	0.000000
3	5000	1.000000	0.000000
4	5000	1.000000	0.000000
5	5000	0.999999	0.000044
6	5000	0.999990	0.000159
7	5000	0.999951	0.000353
8	5000	0.999820	0.000689
9	5000	0.999518	0.001159
10	5000	0.998914	0.001763
11	5000	0.997868	0.002494
12	5000	0.996045	0.003526
13	5000	0.993170	0.004684
14	5000	0.989256	0.006159
15	5000	0.983405	0.008020
16	5000	0.975028	0.010511
17	5000	0.963670	0.013657
18	5000	0.948067	0.017803
19	5000	0.925928	0.023906
20	5000	0.909805	0.030203
21	10000	0.909015	0.028183
22	10000	0.904183	0.030946
23	10000	0.901546	0.032051
24	10000	0.898770	0.033124
25	10000	0.894608	0.035143
26	10000	0.892320	0.034665
27	10000	0.886894	0.042439
28	10000	0.885082	0.040622
29	10000	0.881338	0.042143
30	10000	0.877636	0.049443
31	10000	0.872866	0.046999
32	10000	0.867486	0.048239
33	10000	0.866416	0.046017
34	10000	0.850606	0.089309
35	10000	0.858781	0.044708
36	10000	0.844795	0.070293
37	10000	0.844339	0.062990
38	10000	0.834188	0.065125
39	10000	0.829034	0.067585
40	10000	0.829526	0.059071
41	10000	0.817223	0.068890
42	10000	0.806115	0.090044
43	10000	0.804409	0.083902
44	10000	0.789647	0.093833
45	10000	0.772155	0.105186
46	10000	0.783052	0.082590
47	10000	0.765258	0.101878
48	10000	0.733458	0.141471
49	10000	0.764167	0.096020
50	10000	0.730124	0.139875
51	10000	0.733910	0.132571
52	10000	0.735333	0.124608
53	10000	0.708855	0.156805
54	10000	0.724623	0.140157
55	10000	0.731025	0.130744
56	10000	0.722012	0.143235
57	10000	0.696307	0.173653
58	10000	0.712357	0.140122
59	10000	0.709091	0.133443
60	10000	0.706907	0.139892
61	10000	0.703089	0.149967
62	20000	0.683749	0.161279
63	20000	0.675750	0.177130
64	20000	0.680398	0.174251
65	20000	0.687563	0.153024
66	20000	0.675329	0.164908
67	20000	0.668310	0.169175
68	20000	0.642840	0.192062
69	20000	0.667886	0.158035
70	20000	0.657452	0.162665
71	20000	0.605772	0.209771
72	20000	0.598035	0.220028
73	20000	0.607765	0.203335
74	20000	0.628882	0.201187
75	20000	0.631276	0.188930
76	20000	0.610950	0.188798
77	20000	0.581862	0.218573
78	20000	0.641217	0.179323
79	20000	0.580671	0.208128
80	20000	0.589663	0.198825
81	20000	0.557421	0.220864
82	20000	0.592363	0.200616
83	20000	0.582524	0.204436
84	20000	0.568132	0.212734
85	20000	0.564230	0.207497
86	20000	0.552729	0.213761
87	20000	0.559459	0.213590
88	20000	0.484581	0.227481
89	20000	0.513642	0.213947
90	20000	0.524394	0.224444
91	20000	0.533654	0.207855
92	20000	0.495702	0.230906
93	20000	0.521259	0.211432
94	20000	0.547836	0.199327
95	20000	0.476935	0.233859
96	20000	0.481493	0.223076
97	20000	0.474611	0.226002
98	20000	0.513724	0.205285
99	20000	0.522130	0.197692
100	20000	0.501342	0.208184
101	20000	0.470211	0.217164
102	20000	0.490517	0.219153
103	20000	0.474429	0.219667
104	20000	0.449140	0.224792
105	20000	0.430348	0.207126
106	20000	0.459696	0.220678
107	20000	0.456883	0.210583
108	20000	0.425646	0.217170
109	20000	0.413189	0.209282
110	20000	0.422681	0.211383
111	20000	0.413576	0.217081
112	20000	0.398699	0.219365
113	20000	0.409194	0.210003
114	20000	0.399472	0.223218
115	20000	0.400373	0.212383
116	20000	0.399247	0.221058
117	20000	0.397401	0.210799
118	20000	0.384703	0.205916
119	20000	0.378273	0.218977
120	20000	0.360798	0.212778
121	20000	0.390148	0.208958
122	20000	0.346358	0.202575
123	20000	0.352973	0.205276
124	20000	0.340201	0.202432
125	20000	0.362407	0.203111
126	20000	0.334319	0.197512
127	20000	0.313014	0.201767
128	20000	0.336602	0.205190
129	20000	0.350077	0.201010
130	20000	0.363467	0.198523
131	20000	0.322872	0.198178
132	20000	0.309477	0.196346
133	20000	0.308984	0.199008
134	20000	0.303815	0.190684
135	20000	0.317683	0.194938
136	10000	0.312468	0.186509
137	10000	0.296479	0.196332
138	10000	0.276021	0.179151
139	10000	0.272240	0.182694
140	10000	0.263803	0.168932
141	10000	0.253759	0.164365
142	10000	0.246335	0.159755
143	10000	0.242394	0.165958
144	10000	0.226240	0.155502
145	10000	0.224067	0.155212
146	10000	0.214155	0.150618
147	10000	0.213612	0.147374
148	10000	0.197315	0.141458
149	10000	0.194622	0.137701
0	5000	1	5000	2	5000	3	5000	4	5000	5	5000	6	5000	7	5000	8	5000	9	5000	10	5000	11	5000	12	5000	13	5000	14	5000	15	5000	16	5000	17	5000	18	5000	19	5000	20	5000	21	10000	22	10000	23	10000	24	10000	25	10000	26	10000	27	10000	28	10000	29	10000	30	10000	31	10000	32	10000	33	10000	34	10000	35	10000	36	10000	37	10000	38	10000	39	10000	40	10000	41	10000	42	10000	43	10000	44	10000	45	10000	46	10000	47	10000	48	10000	49	10000	50	10000	51	10000	52	10000	53	10000	54	10000	55	10000	56	10000	57	10000	58	10000	59	10000	60	10000	61	10000	62	20000	63	20000	64	20000	65	20000	66	20000	67	20000	68	20000	69	20000	70	20000	71	20000	72	20000	73	20000	74	20000	75	20000	76	20000	77	20000	78	20000	79	20000	80	20000	81	20000	82	20000	83	20000	84	20000	85	20000	86	20000	87	20000	88	20000	89	20000	90	20000	91	20000	92	20000	93	20000	94	20000	95	20000	96	20000	97	20000	98	20000	99	20000	100	20000	101	20000	102	20000	103	20000	104	20000	105	20000	106	20000	107	20000	108	20000	109	20000	110	20000	111	20000	112	20000	113	20000	114	20000	115	20000	116	20000	117	20000	118	20000	119	20000	120	20000	121	20000	122	20000	123	20000	124	20000	125	20000	126	20000	127	20000	128	20000	129	20000	130	20000	131	20000	132	20000	133	20000	134	20000	135	20000	136	10000	137	10000	138	10000	139	10000	140	10000	141	10000	142	10000	143	10000	144	10000	145	10000	146	10000	147	10000	148	10000	149	10000	150	10000	151	10000	152	10000	153	10000	154	10000	155	10000	156	10000	157	10000	158	10000	159	10000	160	10000	161	10000	162	10000	163	10000	164	10000	165	10000	166	10000	167	10000	168	10000	169	10000	170	10000	171	10000	172	10000	173	10000	174	10000	175	10000	176	10000	177	10000	178	10000	179	10000	180	10000	181	10000	182	10000	183	10000	184	10000	185	10000	186	10000	187	10000	188	10000	189	5000	190	5000	191	5000	192	5000	193	5000	194	5000	195	5000	196	5000	197	5000	198	5000	199	5000	200	5000	201	5000	202	5000	203	5000	204	5000	205	5000	206	5000	207	5000	208	5000	209	5000	
0	5000	1	5000	2	5000	3	5000	4	5000	5	5000	6	5000	7	5000	8	5000	9	5000	10	5000	11	5000	12	5000	13	5000	14	5000	15	5000	16	5000	17	5000	18	5000	19	5000	20	5000	21	10000	22	10000	23	10000	24	10000	25	10000	26	10000	27	10000	28	10000	29	10000	30	10000	31	10000	32	10000	33	10000	34	10000	35	10000	36	10000	37	10000	38	10000	39	10000	40	10000	41	10000	42	10000	43	10000	44	10000	45	10000	46	10000	47	10000	48	10000	49	10000	50	10000	51	10000	52	10000	53	10000	54	10000	55	10000	56	10000	57	10000	58	10000	59	10000	60	10000	61	10000	62	20000	63	20000	64	20000	65	20000	66	20000	67	20000	68	20000	69	20000	70	20000	71	20000	72	20000	73	20000	74	20000	75	20000	76	20000	77	20000	78	20000	79	20000	80	20000	81	20000	82	20000	83	20000	84	20000	85	20000	86	20000	87	20000	88	20000	89	20000	90	20000	91	20000	92	20000	93	20000	94	20000	95	20000	96	20000	97	20000	98	20000	99	20000	100	20000	101	20000	102	20000	103	20000	104	20000	105	20000	106	20000	107	20000	108	20000	109	20000	110	20000	111	20000	112	20000	113	20000	114	20000	115	20000	116	20000	117	20000	118	20000	119	20000	120	20000	121	20000	122	20000	123	20000	124	20000	125	20000	126	20000	127	20000	128	20000	129	20000	130	20000	131	20000	132	20000	133	20000	134	20000	135	20000	136	10000	137	10000	138	10000	139	10000	140	10000	141	10000	142	10000	143	10000	144	10000	145	10000	146	10000	147	10000	148	10000	149	10000	150	10000	151	10000	152	10000	153	10000	154	10000	155	10000	156	10000	157	10000	158	10000	159	10000	160	10000	161	10000	162	10000	163	10000	164	10000	165	10000	166	10000	167	10000	168	10000	169	10000	170	10000	171	10000	172	10000	173	10000	174	10000	175	10000	176	10000	177	10000	178	10000	179	10000	180	10000	181	10000	182	10000	183	10000	184	10000	185	10000	186	10000	187	10000	188	10000	189	5000	190	5000	191	5000	192	5000	193	5000	194	5000	195	5000	196	5000	197	5000	198	5000	199	5000	200	5000	201	5000	202	5000	203	5000	204	5000	205	5000	206	5000	207	5000	208	5000	209	5000	
0	5000	1	5000	2	5000	3	5000	4	5000	5	5000	6	5000	7	5000	8	5000	9	5000	10	5000	11	5000	12	5000	13	5000	14	5000	15	5000	16	5000	17	5000	18	5000	19	5000	20	5000	21	10000	22	10000	23	10000	24	10000	25	10000	26	10000	27	10000	28	10000	29	10000	30	10000	31	10000	32	10000	33	10000	34	10000	35	10000	36	10000	37	10000	38	10000	39	10000	40	10000	41	10000	42	10000	43	10000	44	10000	45	10000	46	10000	47	10000	48	10000	49	10000	50	10000	51	10000	52	10000	53	10000	54	10000	55	10000	56	10000	57	10000	58	10000	59	10000	60	10000	61	10000	62	20000	63	20000	64	20000	65	20000	66	20000	67	20000	68	20000	69	20000	70	20000	71	20000	72	20000	73	20000	74	20000	75	20000	76	20000	77	20000	78	20000	79	20000	80	20000	81	20000	82	20000	83	20000	84	20000	85	20000	86	20000	87	20000	88	20000	89	20000	90	20000	91	20000	92	20000	93	20000	94	20000	95	20000	96	20000	97	20000	98	20000	99	20000	100	20000	101	20000	102	20000	103	20000	104	20000	105	20000	106	20000	107	20000	108	20000	109	20000	110	20000	111	20000	112	20000	113	20000	114	20000	115	20000	116	20000	117	20000	118	20000	119	20000	120	20000	121	20000	122	20000	123	20000	124	20000	125	20000	126	20000	127	20000	128	20000	129	20000	130	20000	131	20000	132	20000	133	20000	134	20000	135	20000	136	10000	137	10000	138	10000	139	10000	140	10000	141	10000	142	10000	143	10000	144	10000	145	10000	146	10000	147	10000	148	10000	149	10000	150	10000	151	10000	152	10000	153	10000	154	10000	155	10000	156	10000	157	10000	158	10000	159	10000	160	10000	161	10000	162	10000	163	10000	164	10000	165	10000	166	10000	167	10000	168	10000	169	10000	170	10000	171	10000	172	10000	173	10000	174	10000	175	10000	176	10000	177	10000	178	10000	179	10000	180	10000	181	10000	182	10000	183	10000	184	10000	185	10000	186	10000	187	10000	188	10000	189	5000	190	5000	191	5000	192	5000	193	5000	194	5000	195	5000	196	5000	197	5000	198	5000	199	5000	200	5000	201	5000	202	5000	203	5000	204	5000	205	5000	206	5000	207	5000	208	5000	209	5000	
150	10000	0.179206	0.126797
151	10000	0.182562	0.132262
152	10000	0.178496	0.128945
153	10000	0.170671	0.124587
154	10000	0.167695	0.119883
155	10000	0.175380	0.125338
156	10000	0.162589	0.115400
157	10000	0.165097	0.117609
158	10000	0.157936	0.116595
159	10000	0.154657	0.114375
160	10000	0.153170	0.110451
161	10000	0.149644	0.108447
162	10000	0.142298	0.102866
163	10000	0.136624	0.100752
164	10000	0.141986	0.103001
165	10000	0.137839	0.100545
166	10000	0.134319	0.098525
167	10000	0.134352	0.098251
168	10000	0.122092	0.091518
169	10000	0.130460	0.096836
170	10000	0.125447	0.093783
171	10000	0.120914	0.090236
172	10000	0.121849	0.089047
173	10000	0.123529	0.092136
174	10000	0.121827	0.090012
175	10000	0.115737	0.086434
176	10000	0.118086	0.087017
177	10000	0.115058	0.083464
178	10000	0.115358	0.085290
179	10000	0.108642	0.082429
180	10000	0.108923	0.080232
181	10000	0.107449	0.081179
182	10000	0.105385	0.079281
183	10000	0.100179	0.076068
184	10000	0.093315	0.069832
185	10000	0.092057	0.068206
186	10000	0.088381	0.065926
187	10000	0.085217	0.064074
188	10000	0.081094	0.061274
189	5000	0.077607	0.058292
190	5000	0.075014	0.055837
191	5000	0.074765	0.056544
192	5000	0.073944	0.055533
193	5000	0.073396	0.055867
194	5000	0.069337	0.052073
195	5000	0.068431	0.051308
196	5000	0.067042	0.049752
197	5000	0.065847	0.049878
198	5000	0.064640	0.049262
199	5000	0.064610	0.048582
200	5000	0.061651	0.047119
201	5000	0.061296	0.046479
202	5000	0.059815	0.045334
203	5000	0.059696	0.044874
204	5000	0.058263	0.043924
205	5000	0.057239	0.043268
206	5000	0.056188	0.042268
207	5000	0.055654	0.042052
208	5000	0.055021	0.041674
209	5000	0.053639	0.040716

/hiskp4/gross/bachelorarbeit
