Tue Jun 23 09:46:37 CEST 2020 Waiting for 30 seconds before starting the job to allow the node to settle down
Tue Jun 23 09:47:07 CEST 2020 Waiting done, starting task!
Tue Jun 23 09:47:07 CEST 2020 Waiting for 30 seconds before starting the job to allow the node to settle down
Tue Jun 23 09:47:37 CEST 2020 Waiting done, starting task!
Laenge=384	Temperatur=0.500000
bei 1 cores haben 1000 Messungen 8.865762 Sekunden gebraucht
bei 1 cores haben 1000 Messungen 8.749721 Sekunden gebraucht
bei 1 cores haben 1000 Messungen 8.749397 Sekunden gebraucht
bei 1 cores haben 1000 Messungen 8.749159 Sekunden gebraucht
bei 1 cores haben 1000 Messungen 8.748726 Sekunden gebraucht
bei 2 cores haben 1000 Messungen 10.186957 Sekunden gebraucht
bei 2 cores haben 1000 Messungen 10.185533 Sekunden gebraucht
bei 2 cores haben 1000 Messungen 10.119032 Sekunden gebraucht
bei 2 cores haben 1000 Messungen 10.152167 Sekunden gebraucht
bei 2 cores haben 1000 Messungen 10.197650 Sekunden gebraucht
bei 3 cores haben 1000 Messungen 5.685120 Sekunden gebraucht
bei 3 cores haben 1000 Messungen 6.109845 Sekunden gebraucht
bei 3 cores haben 1000 Messungen 6.303069 Sekunden gebraucht
bei 3 cores haben 1000 Messungen 5.748252 Sekunden gebraucht
bei 3 cores haben 1000 Messungen 5.465562 Sekunden gebraucht
bei 4 cores haben 1000 Messungen 5.032224 Sekunden gebraucht
bei 4 cores haben 1000 Messungen 5.221115 Sekunden gebraucht
bei 4 cores haben 1000 Messungen 5.291632 Sekunden gebraucht
bei 4 cores haben 1000 Messungen 5.128734 Sekunden gebraucht
bei 4 cores haben 1000 Messungen 5.017305 Sekunden gebraucht
bei 5 cores haben 1000 Messungen 4.742004 Sekunden gebraucht
bei 5 cores haben 1000 Messungen 4.782016 Sekunden gebraucht
bei 5 cores haben 1000 Messungen 4.741854 Sekunden gebraucht
bei 5 cores haben 1000 Messungen 4.971130 Sekunden gebraucht
bei 5 cores haben 1000 Messungen 4.351813 Sekunden gebraucht
bei 6 cores haben 1000 Messungen 4.238676 Sekunden gebraucht
bei 6 cores haben 1000 Messungen 4.096991 Sekunden gebraucht
bei 6 cores haben 1000 Messungen 4.156900 Sekunden gebraucht
bei 6 cores haben 1000 Messungen 4.044516 Sekunden gebraucht
bei 6 cores haben 1000 Messungen 4.145699 Sekunden gebraucht
bei 7 cores haben 1000 Messungen 3.846390 Sekunden gebraucht
bei 7 cores haben 1000 Messungen 3.876724 Sekunden gebraucht
bei 7 cores haben 1000 Messungen 3.605286 Sekunden gebraucht
bei 7 cores haben 1000 Messungen 3.491091 Sekunden gebraucht
bei 7 cores haben 1000 Messungen 3.484391 Sekunden gebraucht
bei 8 cores haben 1000 Messungen 3.257725 Sekunden gebraucht
bei 8 cores haben 1000 Messungen 3.401183 Sekunden gebraucht
bei 8 cores haben 1000 Messungen 3.599955 Sekunden gebraucht
bei 8 cores haben 1000 Messungen 3.344639 Sekunden gebraucht
bei 8 cores haben 1000 Messungen 3.591319 Sekunden gebraucht
bei 9 cores haben 1000 Messungen 3.013823 Sekunden gebraucht
bei 9 cores haben 1000 Messungen 2.954823 Sekunden gebraucht
bei 9 cores haben 1000 Messungen 3.169501 Sekunden gebraucht
bei 9 cores haben 1000 Messungen 2.876542 Sekunden gebraucht
bei 9 cores haben 1000 Messungen 2.944389 Sekunden gebraucht
bei 10 cores haben 1000 Messungen 2.838705 Sekunden gebraucht
bei 10 cores haben 1000 Messungen 2.796346 Sekunden gebraucht
bei 10 cores haben 1000 Messungen 2.955931 Sekunden gebraucht
bei 10 cores haben 1000 Messungen 3.097084 Sekunden gebraucht
bei 10 cores haben 1000 Messungen 3.100738 Sekunden gebraucht
bei 11 cores haben 1000 Messungen 2.899698 Sekunden gebraucht
bei 11 cores haben 1000 Messungen 2.431369 Sekunden gebraucht
bei 11 cores haben 1000 Messungen 2.736633 Sekunden gebraucht
bei 11 cores haben 1000 Messungen 2.861423 Sekunden gebraucht
bei 11 cores haben 1000 Messungen 2.746971 Sekunden gebraucht
bei 12 cores haben 1000 Messungen 2.616037 Sekunden gebraucht
bei 12 cores haben 1000 Messungen 2.498199 Sekunden gebraucht
bei 12 cores haben 1000 Messungen 2.344608 Sekunden gebraucht
bei 12 cores haben 1000 Messungen 2.336174 Sekunden gebraucht
bei 12 cores haben 1000 Messungen 2.384630 Sekunden gebraucht
/hiskp4/gross/bachelorarbeit
