Tue Jun 16 17:36:16 CEST 2020 Waiting for 30 seconds before starting the job to allow the node to settle down
Tue Jun 16 17:36:46 CEST 2020 Waiting done, starting task!
Tue Jun 16 17:36:46 CEST 2020 Waiting for 30 seconds before starting the job to allow the node to settle down
Tue Jun 16 17:37:16 CEST 2020 Waiting done, starting task!
Laenge=10
bei 1 cores haben 1000 Messungen 0.011411 Sekunden gebraucht
bei 1 cores haben 1000 Messungen 0.011386 Sekunden gebraucht
bei 1 cores haben 1000 Messungen 0.011197 Sekunden gebraucht
bei 1 cores haben 1000 Messungen 0.018121 Sekunden gebraucht
bei 1 cores haben 1000 Messungen 0.016316 Sekunden gebraucht
bei 2 cores haben 1000 Messungen 0.017149 Sekunden gebraucht
bei 2 cores haben 1000 Messungen 0.014965 Sekunden gebraucht
bei 2 cores haben 1000 Messungen 0.013607 Sekunden gebraucht
bei 2 cores haben 1000 Messungen 0.012708 Sekunden gebraucht
bei 2 cores haben 1000 Messungen 0.011865 Sekunden gebraucht
bei 3 cores haben 1000 Messungen 0.021664 Sekunden gebraucht
bei 3 cores haben 1000 Messungen 0.020114 Sekunden gebraucht
bei 3 cores haben 1000 Messungen 0.019239 Sekunden gebraucht
bei 3 cores haben 1000 Messungen 0.018207 Sekunden gebraucht
bei 3 cores haben 1000 Messungen 0.018065 Sekunden gebraucht
bei 4 cores haben 1000 Messungen 0.017860 Sekunden gebraucht
bei 4 cores haben 1000 Messungen 0.017991 Sekunden gebraucht
bei 4 cores haben 1000 Messungen 0.017954 Sekunden gebraucht
bei 4 cores haben 1000 Messungen 0.018021 Sekunden gebraucht
bei 4 cores haben 1000 Messungen 0.018073 Sekunden gebraucht
bei 5 cores haben 1000 Messungen 0.019237 Sekunden gebraucht
bei 5 cores haben 1000 Messungen 0.019068 Sekunden gebraucht
bei 5 cores haben 1000 Messungen 0.019078 Sekunden gebraucht
bei 5 cores haben 1000 Messungen 0.019150 Sekunden gebraucht
bei 5 cores haben 1000 Messungen 0.019119 Sekunden gebraucht
bei 6 cores haben 1000 Messungen 0.019388 Sekunden gebraucht
bei 6 cores haben 1000 Messungen 0.019104 Sekunden gebraucht
bei 6 cores haben 1000 Messungen 0.019128 Sekunden gebraucht
bei 6 cores haben 1000 Messungen 0.019196 Sekunden gebraucht
bei 6 cores haben 1000 Messungen 0.019111 Sekunden gebraucht
bei 7 cores haben 1000 Messungen 0.020508 Sekunden gebraucht
bei 7 cores haben 1000 Messungen 0.019257 Sekunden gebraucht
bei 7 cores haben 1000 Messungen 0.018658 Sekunden gebraucht
bei 7 cores haben 1000 Messungen 0.018175 Sekunden gebraucht
bei 7 cores haben 1000 Messungen 0.017923 Sekunden gebraucht
bei 8 cores haben 1000 Messungen 0.018704 Sekunden gebraucht
bei 8 cores haben 1000 Messungen 0.018529 Sekunden gebraucht
bei 8 cores haben 1000 Messungen 0.018355 Sekunden gebraucht
bei 8 cores haben 1000 Messungen 0.018485 Sekunden gebraucht
bei 8 cores haben 1000 Messungen 0.018525 Sekunden gebraucht
bei 9 cores haben 1000 Messungen 0.020304 Sekunden gebraucht
bei 9 cores haben 1000 Messungen 0.020145 Sekunden gebraucht
bei 9 cores haben 1000 Messungen 0.020559 Sekunden gebraucht
bei 9 cores haben 1000 Messungen 0.020285 Sekunden gebraucht
bei 9 cores haben 1000 Messungen 0.019951 Sekunden gebraucht
bei 10 cores haben 1000 Messungen 0.020867 Sekunden gebraucht
bei 10 cores haben 1000 Messungen 0.020878 Sekunden gebraucht
bei 10 cores haben 1000 Messungen 0.020683 Sekunden gebraucht
bei 10 cores haben 1000 Messungen 0.020639 Sekunden gebraucht
bei 10 cores haben 1000 Messungen 0.021016 Sekunden gebraucht
bei 11 cores haben 1000 Messungen 0.021472 Sekunden gebraucht
bei 11 cores haben 1000 Messungen 0.021900 Sekunden gebraucht
bei 11 cores haben 1000 Messungen 0.021484 Sekunden gebraucht
bei 11 cores haben 1000 Messungen 0.021586 Sekunden gebraucht
bei 11 cores haben 1000 Messungen 0.021582 Sekunden gebraucht
bei 12 cores haben 1000 Messungen 0.021863 Sekunden gebraucht
bei 12 cores haben 1000 Messungen 0.021673 Sekunden gebraucht
bei 12 cores haben 1000 Messungen 0.021676 Sekunden gebraucht
bei 12 cores haben 1000 Messungen 0.021735 Sekunden gebraucht
bei 12 cores haben 1000 Messungen 0.021759 Sekunden gebraucht
Laenge=100
bei 1 cores haben 1000 Messungen 0.672424 Sekunden gebraucht
bei 1 cores haben 1000 Messungen 0.662561 Sekunden gebraucht
bei 1 cores haben 1000 Messungen 0.705796 Sekunden gebraucht
bei 1 cores haben 1000 Messungen 0.662151 Sekunden gebraucht
bei 1 cores haben 1000 Messungen 0.662837 Sekunden gebraucht
bei 2 cores haben 1000 Messungen 0.463333 Sekunden gebraucht
bei 2 cores haben 1000 Messungen 0.370434 Sekunden gebraucht
bei 2 cores haben 1000 Messungen 0.367004 Sekunden gebraucht
bei 2 cores haben 1000 Messungen 0.366174 Sekunden gebraucht
bei 2 cores haben 1000 Messungen 0.370383 Sekunden gebraucht
bei 3 cores haben 1000 Messungen 0.266112 Sekunden gebraucht
bei 3 cores haben 1000 Messungen 0.264209 Sekunden gebraucht
bei 3 cores haben 1000 Messungen 0.263268 Sekunden gebraucht
bei 3 cores haben 1000 Messungen 0.265120 Sekunden gebraucht
bei 3 cores haben 1000 Messungen 0.264730 Sekunden gebraucht
bei 4 cores haben 1000 Messungen 0.216699 Sekunden gebraucht
bei 4 cores haben 1000 Messungen 0.215784 Sekunden gebraucht
bei 4 cores haben 1000 Messungen 0.217016 Sekunden gebraucht
bei 4 cores haben 1000 Messungen 0.216499 Sekunden gebraucht
bei 4 cores haben 1000 Messungen 0.235767 Sekunden gebraucht
bei 5 cores haben 1000 Messungen 0.189632 Sekunden gebraucht
bei 5 cores haben 1000 Messungen 0.187245 Sekunden gebraucht
bei 5 cores haben 1000 Messungen 0.188400 Sekunden gebraucht
bei 5 cores haben 1000 Messungen 0.188815 Sekunden gebraucht
bei 5 cores haben 1000 Messungen 0.186522 Sekunden gebraucht
bei 6 cores haben 1000 Messungen 0.167525 Sekunden gebraucht
bei 6 cores haben 1000 Messungen 0.165600 Sekunden gebraucht
bei 6 cores haben 1000 Messungen 0.169316 Sekunden gebraucht
bei 6 cores haben 1000 Messungen 0.172383 Sekunden gebraucht
bei 6 cores haben 1000 Messungen 0.167497 Sekunden gebraucht
bei 7 cores haben 1000 Messungen 0.157660 Sekunden gebraucht
bei 7 cores haben 1000 Messungen 0.154825 Sekunden gebraucht
bei 7 cores haben 1000 Messungen 0.159193 Sekunden gebraucht
bei 7 cores haben 1000 Messungen 0.157123 Sekunden gebraucht
bei 7 cores haben 1000 Messungen 0.156349 Sekunden gebraucht
bei 8 cores haben 1000 Messungen 0.159071 Sekunden gebraucht
bei 8 cores haben 1000 Messungen 0.147468 Sekunden gebraucht
bei 8 cores haben 1000 Messungen 0.150381 Sekunden gebraucht
bei 8 cores haben 1000 Messungen 0.150230 Sekunden gebraucht
bei 8 cores haben 1000 Messungen 0.154664 Sekunden gebraucht
bei 9 cores haben 1000 Messungen 0.148478 Sekunden gebraucht
bei 9 cores haben 1000 Messungen 0.147961 Sekunden gebraucht
bei 9 cores haben 1000 Messungen 0.147583 Sekunden gebraucht
bei 9 cores haben 1000 Messungen 0.143914 Sekunden gebraucht
bei 9 cores haben 1000 Messungen 0.149568 Sekunden gebraucht
bei 10 cores haben 1000 Messungen 0.138888 Sekunden gebraucht
bei 10 cores haben 1000 Messungen 0.154958 Sekunden gebraucht
bei 10 cores haben 1000 Messungen 0.136735 Sekunden gebraucht
bei 10 cores haben 1000 Messungen 0.142944 Sekunden gebraucht
bei 10 cores haben 1000 Messungen 0.136314 Sekunden gebraucht
bei 11 cores haben 1000 Messungen 0.136659 Sekunden gebraucht
bei 11 cores haben 1000 Messungen 0.140652 Sekunden gebraucht
bei 11 cores haben 1000 Messungen 0.140554 Sekunden gebraucht
bei 11 cores haben 1000 Messungen 0.143003 Sekunden gebraucht
bei 11 cores haben 1000 Messungen 0.133394 Sekunden gebraucht
bei 12 cores haben 1000 Messungen 0.138117 Sekunden gebraucht
bei 12 cores haben 1000 Messungen 0.135369 Sekunden gebraucht
bei 12 cores haben 1000 Messungen 0.131575 Sekunden gebraucht
bei 12 cores haben 1000 Messungen 0.135973 Sekunden gebraucht
bei 12 cores haben 1000 Messungen 0.132973 Sekunden gebraucht
Laenge=500
bei 1 cores haben 1000 Messungen 16.755024 Sekunden gebraucht
bei 1 cores haben 1000 Messungen 16.522142 Sekunden gebraucht
bei 1 cores haben 1000 Messungen 16.468298 Sekunden gebraucht
bei 1 cores haben 1000 Messungen 16.588212 Sekunden gebraucht
bei 1 cores haben 1000 Messungen 16.472506 Sekunden gebraucht
bei 2 cores haben 1000 Messungen 9.040868 Sekunden gebraucht
bei 2 cores haben 1000 Messungen 9.046449 Sekunden gebraucht
bei 2 cores haben 1000 Messungen 9.170797 Sekunden gebraucht
bei 2 cores haben 1000 Messungen 9.044969 Sekunden gebraucht
bei 2 cores haben 1000 Messungen 9.235587 Sekunden gebraucht
bei 3 cores haben 1000 Messungen 6.407802 Sekunden gebraucht
bei 3 cores haben 1000 Messungen 6.376533 Sekunden gebraucht
bei 3 cores haben 1000 Messungen 6.447641 Sekunden gebraucht
bei 3 cores haben 1000 Messungen 6.414025 Sekunden gebraucht
bei 3 cores haben 1000 Messungen 6.369741 Sekunden gebraucht
bei 4 cores haben 1000 Messungen 5.178749 Sekunden gebraucht
bei 4 cores haben 1000 Messungen 5.203015 Sekunden gebraucht
bei 4 cores haben 1000 Messungen 5.237609 Sekunden gebraucht
bei 4 cores haben 1000 Messungen 5.235293 Sekunden gebraucht
bei 4 cores haben 1000 Messungen 5.249797 Sekunden gebraucht
bei 5 cores haben 1000 Messungen 4.530203 Sekunden gebraucht
bei 5 cores haben 1000 Messungen 4.514746 Sekunden gebraucht
bei 5 cores haben 1000 Messungen 4.480949 Sekunden gebraucht
bei 5 cores haben 1000 Messungen 4.510999 Sekunden gebraucht
bei 5 cores haben 1000 Messungen 4.456839 Sekunden gebraucht
bei 6 cores haben 1000 Messungen 3.851807 Sekunden gebraucht
bei 6 cores haben 1000 Messungen 4.110907 Sekunden gebraucht
bei 6 cores haben 1000 Messungen 3.932739 Sekunden gebraucht
bei 6 cores haben 1000 Messungen 3.908847 Sekunden gebraucht
bei 6 cores haben 1000 Messungen 4.064808 Sekunden gebraucht
bei 7 cores haben 1000 Messungen 3.576175 Sekunden gebraucht
bei 7 cores haben 1000 Messungen 3.524980 Sekunden gebraucht
bei 7 cores haben 1000 Messungen 3.511527 Sekunden gebraucht
bei 7 cores haben 1000 Messungen 3.619261 Sekunden gebraucht
bei 7 cores haben 1000 Messungen 3.618841 Sekunden gebraucht
bei 8 cores haben 1000 Messungen 3.362834 Sekunden gebraucht
bei 8 cores haben 1000 Messungen 3.369640 Sekunden gebraucht
bei 8 cores haben 1000 Messungen 3.357395 Sekunden gebraucht
bei 8 cores haben 1000 Messungen 3.311689 Sekunden gebraucht
bei 8 cores haben 1000 Messungen 3.313603 Sekunden gebraucht
bei 9 cores haben 1000 Messungen 3.060322 Sekunden gebraucht
bei 9 cores haben 1000 Messungen 3.009320 Sekunden gebraucht
bei 9 cores haben 1000 Messungen 3.015386 Sekunden gebraucht
bei 9 cores haben 1000 Messungen 3.042485 Sekunden gebraucht
bei 9 cores haben 1000 Messungen 3.039274 Sekunden gebraucht
bei 10 cores haben 1000 Messungen 2.893956 Sekunden gebraucht
bei 10 cores haben 1000 Messungen 2.871524 Sekunden gebraucht
bei 10 cores haben 1000 Messungen 2.844182 Sekunden gebraucht
bei 10 cores haben 1000 Messungen 2.858551 Sekunden gebraucht
bei 10 cores haben 1000 Messungen 2.892303 Sekunden gebraucht
bei 11 cores haben 1000 Messungen 2.723799 Sekunden gebraucht
bei 11 cores haben 1000 Messungen 2.687224 Sekunden gebraucht
bei 11 cores haben 1000 Messungen 2.684253 Sekunden gebraucht
bei 11 cores haben 1000 Messungen 2.697508 Sekunden gebraucht
bei 11 cores haben 1000 Messungen 2.692246 Sekunden gebraucht
bei 12 cores haben 1000 Messungen 2.670146 Sekunden gebraucht
bei 12 cores haben 1000 Messungen 2.564577 Sekunden gebraucht
bei 12 cores haben 1000 Messungen 2.572593 Sekunden gebraucht
bei 12 cores haben 1000 Messungen 2.580227 Sekunden gebraucht
bei 12 cores haben 1000 Messungen 2.660546 Sekunden gebraucht
/hiskp4/gross/bachelorarbeit
