Tue Jun 16 12:04:45 CEST 2020 Waiting for 30 seconds before starting the job to allow the node to settle down
Tue Jun 16 12:05:15 CEST 2020 Waiting done, starting task!
Tue Jun 16 12:05:15 CEST 2020 Waiting for 30 seconds before starting the job to allow the node to settle down
Tue Jun 16 12:05:45 CEST 2020 Waiting done, starting task!
Laenge=10
bei 1 cores haben 1000 Messungen 0.010299 Sekunden gebraucht
bei 1 cores haben 1000 Messungen 0.010322 Sekunden gebraucht
bei 1 cores haben 1000 Messungen 0.010293 Sekunden gebraucht
bei 1 cores haben 1000 Messungen 0.010283 Sekunden gebraucht
bei 1 cores haben 1000 Messungen 0.010282 Sekunden gebraucht
bei 2 cores haben 1000 Messungen 0.009405 Sekunden gebraucht
bei 2 cores haben 1000 Messungen 0.009270 Sekunden gebraucht
bei 2 cores haben 1000 Messungen 0.009345 Sekunden gebraucht
bei 2 cores haben 1000 Messungen 0.009223 Sekunden gebraucht
bei 2 cores haben 1000 Messungen 0.009320 Sekunden gebraucht
bei 3 cores haben 1000 Messungen 0.016654 Sekunden gebraucht
bei 3 cores haben 1000 Messungen 0.016553 Sekunden gebraucht
bei 3 cores haben 1000 Messungen 0.016147 Sekunden gebraucht
bei 3 cores haben 1000 Messungen 0.015342 Sekunden gebraucht
bei 3 cores haben 1000 Messungen 0.014986 Sekunden gebraucht
bei 4 cores haben 1000 Messungen 0.014866 Sekunden gebraucht
bei 4 cores haben 1000 Messungen 0.015480 Sekunden gebraucht
bei 4 cores haben 1000 Messungen 0.014893 Sekunden gebraucht
bei 4 cores haben 1000 Messungen 0.014747 Sekunden gebraucht
bei 4 cores haben 1000 Messungen 0.014644 Sekunden gebraucht
bei 5 cores haben 1000 Messungen 0.016257 Sekunden gebraucht
bei 5 cores haben 1000 Messungen 0.016402 Sekunden gebraucht
bei 5 cores haben 1000 Messungen 0.016187 Sekunden gebraucht
bei 5 cores haben 1000 Messungen 0.016341 Sekunden gebraucht
bei 5 cores haben 1000 Messungen 0.016332 Sekunden gebraucht
bei 6 cores haben 1000 Messungen 0.016329 Sekunden gebraucht
bei 6 cores haben 1000 Messungen 0.016388 Sekunden gebraucht
bei 6 cores haben 1000 Messungen 0.016246 Sekunden gebraucht
bei 6 cores haben 1000 Messungen 0.016283 Sekunden gebraucht
bei 6 cores haben 1000 Messungen 0.015348 Sekunden gebraucht
bei 7 cores haben 1000 Messungen 0.016226 Sekunden gebraucht
bei 7 cores haben 1000 Messungen 0.016017 Sekunden gebraucht
bei 7 cores haben 1000 Messungen 0.016146 Sekunden gebraucht
bei 7 cores haben 1000 Messungen 0.016392 Sekunden gebraucht
bei 7 cores haben 1000 Messungen 0.016169 Sekunden gebraucht
bei 8 cores haben 1000 Messungen 0.016333 Sekunden gebraucht
bei 8 cores haben 1000 Messungen 0.016115 Sekunden gebraucht
bei 8 cores haben 1000 Messungen 0.015996 Sekunden gebraucht
bei 8 cores haben 1000 Messungen 0.015896 Sekunden gebraucht
bei 8 cores haben 1000 Messungen 0.015385 Sekunden gebraucht
bei 9 cores haben 1000 Messungen 0.017094 Sekunden gebraucht
bei 9 cores haben 1000 Messungen 0.016968 Sekunden gebraucht
bei 9 cores haben 1000 Messungen 0.017036 Sekunden gebraucht
bei 9 cores haben 1000 Messungen 0.016911 Sekunden gebraucht
bei 9 cores haben 1000 Messungen 0.016933 Sekunden gebraucht
bei 10 cores haben 1000 Messungen 0.018228 Sekunden gebraucht
bei 10 cores haben 1000 Messungen 0.018237 Sekunden gebraucht
bei 10 cores haben 1000 Messungen 0.018263 Sekunden gebraucht
bei 10 cores haben 1000 Messungen 0.018385 Sekunden gebraucht
bei 10 cores haben 1000 Messungen 0.018226 Sekunden gebraucht
bei 11 cores haben 1000 Messungen 0.019419 Sekunden gebraucht
bei 11 cores haben 1000 Messungen 0.019411 Sekunden gebraucht
bei 11 cores haben 1000 Messungen 0.019030 Sekunden gebraucht
bei 11 cores haben 1000 Messungen 0.019497 Sekunden gebraucht
bei 11 cores haben 1000 Messungen 0.019041 Sekunden gebraucht
bei 12 cores haben 1000 Messungen 0.021271 Sekunden gebraucht
bei 12 cores haben 1000 Messungen 0.020615 Sekunden gebraucht
bei 12 cores haben 1000 Messungen 0.019821 Sekunden gebraucht
bei 12 cores haben 1000 Messungen 0.019922 Sekunden gebraucht
bei 12 cores haben 1000 Messungen 0.019750 Sekunden gebraucht
Laenge=100
bei 1 cores haben 1000 Messungen 0.614872 Sekunden gebraucht
bei 1 cores haben 1000 Messungen 0.648975 Sekunden gebraucht
bei 1 cores haben 1000 Messungen 0.650944 Sekunden gebraucht
bei 1 cores haben 1000 Messungen 0.606428 Sekunden gebraucht
bei 1 cores haben 1000 Messungen 0.652302 Sekunden gebraucht
bei 2 cores haben 1000 Messungen 0.418039 Sekunden gebraucht
bei 2 cores haben 1000 Messungen 0.359199 Sekunden gebraucht
bei 2 cores haben 1000 Messungen 0.337276 Sekunden gebraucht
bei 2 cores haben 1000 Messungen 0.339917 Sekunden gebraucht
bei 2 cores haben 1000 Messungen 0.337156 Sekunden gebraucht
bei 3 cores haben 1000 Messungen 0.244659 Sekunden gebraucht
bei 3 cores haben 1000 Messungen 0.243341 Sekunden gebraucht
bei 3 cores haben 1000 Messungen 0.242304 Sekunden gebraucht
bei 3 cores haben 1000 Messungen 0.239049 Sekunden gebraucht
bei 3 cores haben 1000 Messungen 0.263217 Sekunden gebraucht
bei 4 cores haben 1000 Messungen 0.230948 Sekunden gebraucht
bei 4 cores haben 1000 Messungen 0.197614 Sekunden gebraucht
bei 4 cores haben 1000 Messungen 0.220873 Sekunden gebraucht
bei 4 cores haben 1000 Messungen 0.198040 Sekunden gebraucht
bei 4 cores haben 1000 Messungen 0.198386 Sekunden gebraucht
bei 5 cores haben 1000 Messungen 0.172911 Sekunden gebraucht
bei 5 cores haben 1000 Messungen 0.171005 Sekunden gebraucht
bei 5 cores haben 1000 Messungen 0.171593 Sekunden gebraucht
bei 5 cores haben 1000 Messungen 0.170728 Sekunden gebraucht
bei 5 cores haben 1000 Messungen 0.172034 Sekunden gebraucht
bei 6 cores haben 1000 Messungen 0.154467 Sekunden gebraucht
bei 6 cores haben 1000 Messungen 0.155643 Sekunden gebraucht
bei 6 cores haben 1000 Messungen 0.156991 Sekunden gebraucht
bei 6 cores haben 1000 Messungen 0.154884 Sekunden gebraucht
bei 6 cores haben 1000 Messungen 0.156239 Sekunden gebraucht
bei 7 cores haben 1000 Messungen 0.142418 Sekunden gebraucht
bei 7 cores haben 1000 Messungen 0.145034 Sekunden gebraucht
bei 7 cores haben 1000 Messungen 0.143266 Sekunden gebraucht
bei 7 cores haben 1000 Messungen 0.144986 Sekunden gebraucht
bei 7 cores haben 1000 Messungen 0.142345 Sekunden gebraucht
bei 8 cores haben 1000 Messungen 0.135670 Sekunden gebraucht
bei 8 cores haben 1000 Messungen 0.134403 Sekunden gebraucht
bei 8 cores haben 1000 Messungen 0.135414 Sekunden gebraucht
bei 8 cores haben 1000 Messungen 0.134166 Sekunden gebraucht
bei 8 cores haben 1000 Messungen 0.135379 Sekunden gebraucht
bei 9 cores haben 1000 Messungen 0.150616 Sekunden gebraucht
bei 9 cores haben 1000 Messungen 0.128231 Sekunden gebraucht
bei 9 cores haben 1000 Messungen 0.129513 Sekunden gebraucht
bei 9 cores haben 1000 Messungen 0.129213 Sekunden gebraucht
bei 9 cores haben 1000 Messungen 0.129705 Sekunden gebraucht
bei 10 cores haben 1000 Messungen 0.120655 Sekunden gebraucht
bei 10 cores haben 1000 Messungen 0.120917 Sekunden gebraucht
bei 10 cores haben 1000 Messungen 0.124171 Sekunden gebraucht
bei 10 cores haben 1000 Messungen 0.120306 Sekunden gebraucht
bei 10 cores haben 1000 Messungen 0.121545 Sekunden gebraucht
bei 11 cores haben 1000 Messungen 0.119586 Sekunden gebraucht
bei 11 cores haben 1000 Messungen 0.119980 Sekunden gebraucht
bei 11 cores haben 1000 Messungen 0.118890 Sekunden gebraucht
bei 11 cores haben 1000 Messungen 0.118215 Sekunden gebraucht
bei 11 cores haben 1000 Messungen 0.119659 Sekunden gebraucht
bei 12 cores haben 1000 Messungen 0.156081 Sekunden gebraucht
bei 12 cores haben 1000 Messungen 0.115019 Sekunden gebraucht
bei 12 cores haben 1000 Messungen 0.116152 Sekunden gebraucht
bei 12 cores haben 1000 Messungen 0.116224 Sekunden gebraucht
bei 12 cores haben 1000 Messungen 0.116162 Sekunden gebraucht
Laenge=500
bei 1 cores haben 1000 Messungen 15.262801 Sekunden gebraucht
bei 1 cores haben 1000 Messungen 15.140321 Sekunden gebraucht
bei 1 cores haben 1000 Messungen 15.096323 Sekunden gebraucht
bei 1 cores haben 1000 Messungen 15.096623 Sekunden gebraucht
bei 1 cores haben 1000 Messungen 15.099677 Sekunden gebraucht
bei 2 cores haben 1000 Messungen 8.364205 Sekunden gebraucht
bei 2 cores haben 1000 Messungen 8.363878 Sekunden gebraucht
bei 2 cores haben 1000 Messungen 8.356292 Sekunden gebraucht
bei 2 cores haben 1000 Messungen 8.363173 Sekunden gebraucht
bei 2 cores haben 1000 Messungen 8.368458 Sekunden gebraucht
bei 3 cores haben 1000 Messungen 5.852768 Sekunden gebraucht
bei 3 cores haben 1000 Messungen 5.923031 Sekunden gebraucht
bei 3 cores haben 1000 Messungen 5.955562 Sekunden gebraucht
bei 3 cores haben 1000 Messungen 5.920879 Sekunden gebraucht
bei 3 cores haben 1000 Messungen 5.921695 Sekunden gebraucht
bei 4 cores haben 1000 Messungen 4.855459 Sekunden gebraucht
bei 4 cores haben 1000 Messungen 4.858430 Sekunden gebraucht
bei 4 cores haben 1000 Messungen 4.864402 Sekunden gebraucht
bei 4 cores haben 1000 Messungen 4.866761 Sekunden gebraucht
bei 4 cores haben 1000 Messungen 4.800425 Sekunden gebraucht
bei 5 cores haben 1000 Messungen 4.107265 Sekunden gebraucht
bei 5 cores haben 1000 Messungen 4.125901 Sekunden gebraucht
bei 5 cores haben 1000 Messungen 4.151749 Sekunden gebraucht
bei 5 cores haben 1000 Messungen 4.138170 Sekunden gebraucht
bei 5 cores haben 1000 Messungen 4.122571 Sekunden gebraucht
bei 6 cores haben 1000 Messungen 3.640698 Sekunden gebraucht
bei 6 cores haben 1000 Messungen 3.639908 Sekunden gebraucht
bei 6 cores haben 1000 Messungen 3.609925 Sekunden gebraucht
bei 6 cores haben 1000 Messungen 3.593705 Sekunden gebraucht
bei 6 cores haben 1000 Messungen 3.652241 Sekunden gebraucht
bei 7 cores haben 1000 Messungen 3.274437 Sekunden gebraucht
bei 7 cores haben 1000 Messungen 3.286622 Sekunden gebraucht
bei 7 cores haben 1000 Messungen 3.309251 Sekunden gebraucht
bei 7 cores haben 1000 Messungen 3.239893 Sekunden gebraucht
bei 7 cores haben 1000 Messungen 3.285120 Sekunden gebraucht
bei 8 cores haben 1000 Messungen 3.053478 Sekunden gebraucht
bei 8 cores haben 1000 Messungen 3.043949 Sekunden gebraucht
bei 8 cores haben 1000 Messungen 2.974848 Sekunden gebraucht
bei 8 cores haben 1000 Messungen 3.048308 Sekunden gebraucht
bei 8 cores haben 1000 Messungen 3.045327 Sekunden gebraucht
bei 9 cores haben 1000 Messungen 2.859963 Sekunden gebraucht
bei 9 cores haben 1000 Messungen 2.848412 Sekunden gebraucht
bei 9 cores haben 1000 Messungen 2.856208 Sekunden gebraucht
bei 9 cores haben 1000 Messungen 2.858656 Sekunden gebraucht
bei 9 cores haben 1000 Messungen 2.876392 Sekunden gebraucht
bei 10 cores haben 1000 Messungen 2.659669 Sekunden gebraucht
bei 10 cores haben 1000 Messungen 2.679699 Sekunden gebraucht
bei 10 cores haben 1000 Messungen 2.677582 Sekunden gebraucht
bei 10 cores haben 1000 Messungen 2.679506 Sekunden gebraucht
bei 10 cores haben 1000 Messungen 2.707840 Sekunden gebraucht
bei 11 cores haben 1000 Messungen 2.782188 Sekunden gebraucht
bei 11 cores haben 1000 Messungen 2.655243 Sekunden gebraucht
bei 11 cores haben 1000 Messungen 2.592043 Sekunden gebraucht
bei 11 cores haben 1000 Messungen 2.565368 Sekunden gebraucht
bei 11 cores haben 1000 Messungen 2.565874 Sekunden gebraucht
bei 12 cores haben 1000 Messungen 2.439224 Sekunden gebraucht
bei 12 cores haben 1000 Messungen 2.442722 Sekunden gebraucht
bei 12 cores haben 1000 Messungen 2.462518 Sekunden gebraucht
bei 12 cores haben 1000 Messungen 2.437182 Sekunden gebraucht
bei 12 cores haben 1000 Messungen 2.455483 Sekunden gebraucht
/hiskp4/gross/bachelorarbeit
