Tue Jul 21 17:57:43 CEST 2020 Waiting for 30 seconds before starting the job to allow the node to settle down
Tue Jul 21 17:58:13 CEST 2020 Waiting done, starting task!
12 1
Tue Jul 21 17:58:13 CEST 2020 Waiting for 30 seconds before starting the job to allow the node to settle down
Tue Jul 21 17:58:43 CEST 2020 Waiting done, starting task!
3 0
12
12 2
Tue Jul 21 17:58:44 CEST 2020 Waiting for 30 seconds before starting the job to allow the node to settle down
Tue Jul 21 17:58:44 CEST 2020 Waiting for 30 seconds before starting the job to allow the node to settle down
Tue Jul 21 17:59:14 CEST 2020 Waiting done, starting task!
Tue Jul 21 17:59:14 CEST 2020 Waiting done, starting task!
3 0
3 1
12
12 3
Tue Jul 21 17:59:15 CEST 2020 Waiting for 30 seconds before starting the job to allow the node to settle down
Tue Jul 21 17:59:15 CEST 2020 Waiting for 30 seconds before starting the job to allow the node to settle down
Tue Jul 21 17:59:15 CEST 2020 Waiting for 30 seconds before starting the job to allow the node to settle down
Tue Jul 21 17:59:45 CEST 2020 Waiting done, starting task!
Tue Jul 21 17:59:45 CEST 2020 Waiting done, starting task!
Tue Jul 21 17:59:45 CEST 2020 Waiting done, starting task!
3 0
3 1
3 2
12
12 4
Tue Jul 21 17:59:47 CEST 2020 Waiting for 30 seconds before starting the job to allow the node to settle down
Tue Jul 21 17:59:47 CEST 2020 Waiting for 30 seconds before starting the job to allow the node to settle down
Tue Jul 21 17:59:47 CEST 2020 Waiting for 30 seconds before starting the job to allow the node to settle down
Tue Jul 21 17:59:47 CEST 2020 Waiting for 30 seconds before starting the job to allow the node to settle down
Tue Jul 21 18:00:17 CEST 2020 Waiting done, starting task!
Tue Jul 21 18:00:17 CEST 2020 Waiting done, starting task!
Tue Jul 21 18:00:17 CEST 2020 Waiting done, starting task!
Tue Jul 21 18:00:17 CEST 2020 Waiting done, starting task!
3 0
3 2
3 3
3 1
12
12 6
Tue Jul 21 18:00:18 CEST 2020 Waiting for 30 seconds before starting the job to allow the node to settle down
Tue Jul 21 18:00:18 CEST 2020 Waiting for 30 seconds before starting the job to allow the node to settle down
Tue Jul 21 18:00:18 CEST 2020 Waiting for 30 seconds before starting the job to allow the node to settle down
Tue Jul 21 18:00:18 CEST 2020 Waiting for 30 seconds before starting the job to allow the node to settle down
Tue Jul 21 18:00:18 CEST 2020 Waiting for 30 seconds before starting the job to allow the node to settle down
Tue Jul 21 18:00:18 CEST 2020 Waiting for 30 seconds before starting the job to allow the node to settle down
Tue Jul 21 18:00:48 CEST 2020 Waiting done, starting task!
Tue Jul 21 18:00:48 CEST 2020 Waiting done, starting task!
Tue Jul 21 18:00:48 CEST 2020 Waiting done, starting task!
Tue Jul 21 18:00:48 CEST 2020 Waiting done, starting task!
Tue Jul 21 18:00:48 CEST 2020 Waiting done, starting task!
Tue Jul 21 18:00:48 CEST 2020 Waiting done, starting task!
3 0
3 1
3 3
3 5
3 2
3 4
12
/hiskp4/gross/bachelorarbeit
