Mon Jun  8 15:34:27 CEST 2020 Waiting for 30 seconds before starting the job to allow the node to settle down
Mon Jun  8 15:34:57 CEST 2020 Waiting done, starting task!
Mon Jun  8 15:34:57 CEST 2020 Waiting for 30 seconds before starting the job to allow the node to settle down
Mon Jun  8 15:35:27 CEST 2020 Waiting done, starting task!
Laenge=6
bei 1 cores haben 900 Messungen 0.008749 Sekunden gebraucht
bei 1 cores haben 900 Messungen 0.008177 Sekunden gebraucht
bei 1 cores haben 900 Messungen 0.007894 Sekunden gebraucht
bei 1 cores haben 900 Messungen 0.007435 Sekunden gebraucht
bei 1 cores haben 900 Messungen 0.007390 Sekunden gebraucht
bei 1 cores haben 900 Messungen 0.007278 Sekunden gebraucht
bei 1 cores haben 900 Messungen 0.006985 Sekunden gebraucht
bei 1 cores haben 900 Messungen 0.006960 Sekunden gebraucht
bei 1 cores haben 900 Messungen 0.007000 Sekunden gebraucht
bei 1 cores haben 900 Messungen 0.007009 Sekunden gebraucht
bei 2 cores haben 900 Messungen 0.006577 Sekunden gebraucht
bei 2 cores haben 900 Messungen 0.005971 Sekunden gebraucht
bei 2 cores haben 900 Messungen 0.005999 Sekunden gebraucht
bei 2 cores haben 900 Messungen 0.005915 Sekunden gebraucht
bei 2 cores haben 900 Messungen 0.005962 Sekunden gebraucht
bei 2 cores haben 900 Messungen 0.005923 Sekunden gebraucht
bei 2 cores haben 900 Messungen 0.005887 Sekunden gebraucht
bei 2 cores haben 900 Messungen 0.005988 Sekunden gebraucht
bei 2 cores haben 900 Messungen 0.005948 Sekunden gebraucht
bei 2 cores haben 900 Messungen 0.005948 Sekunden gebraucht
bei 3 cores haben 900 Messungen 0.012652 Sekunden gebraucht
bei 3 cores haben 900 Messungen 0.012317 Sekunden gebraucht
bei 3 cores haben 900 Messungen 0.012050 Sekunden gebraucht
bei 3 cores haben 900 Messungen 0.011588 Sekunden gebraucht
bei 3 cores haben 900 Messungen 0.011186 Sekunden gebraucht
bei 3 cores haben 900 Messungen 0.011029 Sekunden gebraucht
bei 3 cores haben 900 Messungen 0.011530 Sekunden gebraucht
bei 3 cores haben 900 Messungen 0.010815 Sekunden gebraucht
bei 3 cores haben 900 Messungen 0.010706 Sekunden gebraucht
bei 3 cores haben 900 Messungen 0.010601 Sekunden gebraucht
bei 4 cores haben 900 Messungen 0.010221 Sekunden gebraucht
bei 4 cores haben 900 Messungen 0.010045 Sekunden gebraucht
bei 4 cores haben 900 Messungen 0.010212 Sekunden gebraucht
bei 4 cores haben 900 Messungen 0.010162 Sekunden gebraucht
bei 4 cores haben 900 Messungen 0.010078 Sekunden gebraucht
bei 4 cores haben 900 Messungen 0.010547 Sekunden gebraucht
bei 4 cores haben 900 Messungen 0.010071 Sekunden gebraucht
bei 4 cores haben 900 Messungen 0.010053 Sekunden gebraucht
bei 4 cores haben 900 Messungen 0.010175 Sekunden gebraucht
bei 4 cores haben 900 Messungen 0.010101 Sekunden gebraucht
bei 5 cores haben 900 Messungen 0.012428 Sekunden gebraucht
bei 5 cores haben 900 Messungen 0.011827 Sekunden gebraucht
bei 5 cores haben 900 Messungen 0.011559 Sekunden gebraucht
bei 5 cores haben 900 Messungen 0.011440 Sekunden gebraucht
bei 5 cores haben 900 Messungen 0.011172 Sekunden gebraucht
bei 5 cores haben 900 Messungen 0.011205 Sekunden gebraucht
bei 5 cores haben 900 Messungen 0.011240 Sekunden gebraucht
bei 5 cores haben 900 Messungen 0.011168 Sekunden gebraucht
bei 5 cores haben 900 Messungen 0.010914 Sekunden gebraucht
bei 5 cores haben 900 Messungen 0.010734 Sekunden gebraucht
bei 6 cores haben 900 Messungen 0.010267 Sekunden gebraucht
bei 6 cores haben 900 Messungen 0.010313 Sekunden gebraucht
bei 6 cores haben 900 Messungen 0.010269 Sekunden gebraucht
bei 6 cores haben 900 Messungen 0.010199 Sekunden gebraucht
bei 6 cores haben 900 Messungen 0.010219 Sekunden gebraucht
bei 6 cores haben 900 Messungen 0.010262 Sekunden gebraucht
bei 6 cores haben 900 Messungen 0.010246 Sekunden gebraucht
bei 6 cores haben 900 Messungen 0.010522 Sekunden gebraucht
bei 6 cores haben 900 Messungen 0.010240 Sekunden gebraucht
bei 6 cores haben 900 Messungen 0.009892 Sekunden gebraucht
bei 7 cores haben 900 Messungen 0.012318 Sekunden gebraucht
bei 7 cores haben 900 Messungen 0.012228 Sekunden gebraucht
bei 7 cores haben 900 Messungen 0.012734 Sekunden gebraucht
bei 7 cores haben 900 Messungen 0.012602 Sekunden gebraucht
bei 7 cores haben 900 Messungen 0.012398 Sekunden gebraucht
bei 7 cores haben 900 Messungen 0.012458 Sekunden gebraucht
bei 7 cores haben 900 Messungen 0.012457 Sekunden gebraucht
bei 7 cores haben 900 Messungen 0.012471 Sekunden gebraucht
bei 7 cores haben 900 Messungen 0.012706 Sekunden gebraucht
bei 7 cores haben 900 Messungen 0.012510 Sekunden gebraucht
bei 8 cores haben 900 Messungen 0.010815 Sekunden gebraucht
bei 8 cores haben 900 Messungen 0.010932 Sekunden gebraucht
bei 8 cores haben 900 Messungen 0.010791 Sekunden gebraucht
bei 8 cores haben 900 Messungen 0.010908 Sekunden gebraucht
bei 8 cores haben 900 Messungen 0.010725 Sekunden gebraucht
bei 8 cores haben 900 Messungen 0.010948 Sekunden gebraucht
bei 8 cores haben 900 Messungen 0.010877 Sekunden gebraucht
bei 8 cores haben 900 Messungen 0.010804 Sekunden gebraucht
bei 8 cores haben 900 Messungen 0.010911 Sekunden gebraucht
bei 8 cores haben 900 Messungen 0.010945 Sekunden gebraucht
bei 9 cores haben 900 Messungen 0.014987 Sekunden gebraucht
bei 9 cores haben 900 Messungen 0.015067 Sekunden gebraucht
bei 9 cores haben 900 Messungen 0.014949 Sekunden gebraucht
bei 9 cores haben 900 Messungen 0.015086 Sekunden gebraucht
bei 9 cores haben 900 Messungen 0.015385 Sekunden gebraucht
bei 9 cores haben 900 Messungen 0.015502 Sekunden gebraucht
bei 9 cores haben 900 Messungen 0.015209 Sekunden gebraucht
bei 9 cores haben 900 Messungen 0.015206 Sekunden gebraucht
bei 9 cores haben 900 Messungen 0.015258 Sekunden gebraucht
bei 9 cores haben 900 Messungen 0.014998 Sekunden gebraucht
bei 10 cores haben 900 Messungen 0.014037 Sekunden gebraucht
bei 10 cores haben 900 Messungen 0.013837 Sekunden gebraucht
bei 10 cores haben 900 Messungen 0.013888 Sekunden gebraucht
bei 10 cores haben 900 Messungen 0.013954 Sekunden gebraucht
bei 10 cores haben 900 Messungen 0.013827 Sekunden gebraucht
bei 10 cores haben 900 Messungen 0.013779 Sekunden gebraucht
bei 10 cores haben 900 Messungen 0.013716 Sekunden gebraucht
bei 10 cores haben 900 Messungen 0.013791 Sekunden gebraucht
bei 10 cores haben 900 Messungen 0.013801 Sekunden gebraucht
bei 10 cores haben 900 Messungen 0.013819 Sekunden gebraucht
bei 11 cores haben 900 Messungen 0.017238 Sekunden gebraucht
bei 11 cores haben 900 Messungen 0.017200 Sekunden gebraucht
bei 11 cores haben 900 Messungen 0.017293 Sekunden gebraucht
bei 11 cores haben 900 Messungen 0.017642 Sekunden gebraucht
bei 11 cores haben 900 Messungen 0.017348 Sekunden gebraucht
bei 11 cores haben 900 Messungen 0.017298 Sekunden gebraucht
bei 11 cores haben 900 Messungen 0.017417 Sekunden gebraucht
bei 11 cores haben 900 Messungen 0.017634 Sekunden gebraucht
bei 11 cores haben 900 Messungen 0.017461 Sekunden gebraucht
bei 11 cores haben 900 Messungen 0.017341 Sekunden gebraucht
bei 12 cores haben 900 Messungen 0.018901 Sekunden gebraucht
bei 12 cores haben 900 Messungen 0.018388 Sekunden gebraucht
bei 12 cores haben 900 Messungen 0.018289 Sekunden gebraucht
bei 12 cores haben 900 Messungen 0.018276 Sekunden gebraucht
bei 12 cores haben 900 Messungen 0.018264 Sekunden gebraucht
bei 12 cores haben 900 Messungen 0.018244 Sekunden gebraucht
bei 12 cores haben 900 Messungen 0.018360 Sekunden gebraucht
bei 12 cores haben 900 Messungen 0.018190 Sekunden gebraucht
bei 12 cores haben 900 Messungen 0.018388 Sekunden gebraucht
bei 12 cores haben 900 Messungen 0.018264 Sekunden gebraucht
Laenge=10
bei 1 cores haben 900 Messungen 0.010865 Sekunden gebraucht
bei 1 cores haben 900 Messungen 0.010915 Sekunden gebraucht
bei 1 cores haben 900 Messungen 0.010915 Sekunden gebraucht
bei 1 cores haben 900 Messungen 0.014442 Sekunden gebraucht
bei 1 cores haben 900 Messungen 0.013463 Sekunden gebraucht
bei 1 cores haben 900 Messungen 0.012783 Sekunden gebraucht
bei 1 cores haben 900 Messungen 0.020578 Sekunden gebraucht
bei 1 cores haben 900 Messungen 0.018146 Sekunden gebraucht
bei 1 cores haben 900 Messungen 0.016550 Sekunden gebraucht
bei 1 cores haben 900 Messungen 0.020791 Sekunden gebraucht
bei 2 cores haben 900 Messungen 0.014649 Sekunden gebraucht
bei 2 cores haben 900 Messungen 0.011303 Sekunden gebraucht
bei 2 cores haben 900 Messungen 0.010724 Sekunden gebraucht
bei 2 cores haben 900 Messungen 0.010562 Sekunden gebraucht
bei 2 cores haben 900 Messungen 0.009342 Sekunden gebraucht
bei 2 cores haben 900 Messungen 0.009000 Sekunden gebraucht
bei 2 cores haben 900 Messungen 0.008586 Sekunden gebraucht
bei 2 cores haben 900 Messungen 0.018533 Sekunden gebraucht
bei 2 cores haben 900 Messungen 0.008326 Sekunden gebraucht
bei 2 cores haben 900 Messungen 0.008217 Sekunden gebraucht
bei 3 cores haben 900 Messungen 0.017378 Sekunden gebraucht
bei 3 cores haben 900 Messungen 0.016834 Sekunden gebraucht
bei 3 cores haben 900 Messungen 0.016677 Sekunden gebraucht
bei 3 cores haben 900 Messungen 0.016093 Sekunden gebraucht
bei 3 cores haben 900 Messungen 0.015570 Sekunden gebraucht
bei 3 cores haben 900 Messungen 0.015209 Sekunden gebraucht
bei 3 cores haben 900 Messungen 0.014814 Sekunden gebraucht
bei 3 cores haben 900 Messungen 0.014660 Sekunden gebraucht
bei 3 cores haben 900 Messungen 0.014552 Sekunden gebraucht
bei 3 cores haben 900 Messungen 0.014127 Sekunden gebraucht
bei 4 cores haben 900 Messungen 0.014942 Sekunden gebraucht
bei 4 cores haben 900 Messungen 0.014038 Sekunden gebraucht
bei 4 cores haben 900 Messungen 0.013965 Sekunden gebraucht
bei 4 cores haben 900 Messungen 0.013991 Sekunden gebraucht
bei 4 cores haben 900 Messungen 0.013863 Sekunden gebraucht
bei 4 cores haben 900 Messungen 0.013977 Sekunden gebraucht
bei 4 cores haben 900 Messungen 0.014468 Sekunden gebraucht
bei 4 cores haben 900 Messungen 0.014188 Sekunden gebraucht
bei 4 cores haben 900 Messungen 0.014146 Sekunden gebraucht
bei 4 cores haben 900 Messungen 0.013906 Sekunden gebraucht
bei 5 cores haben 900 Messungen 0.015672 Sekunden gebraucht
bei 5 cores haben 900 Messungen 0.015833 Sekunden gebraucht
bei 5 cores haben 900 Messungen 0.015754 Sekunden gebraucht
bei 5 cores haben 900 Messungen 0.016662 Sekunden gebraucht
bei 5 cores haben 900 Messungen 0.016089 Sekunden gebraucht
bei 5 cores haben 900 Messungen 0.015792 Sekunden gebraucht
bei 5 cores haben 900 Messungen 0.015617 Sekunden gebraucht
bei 5 cores haben 900 Messungen 0.015987 Sekunden gebraucht
bei 5 cores haben 900 Messungen 0.016251 Sekunden gebraucht
bei 5 cores haben 900 Messungen 0.015830 Sekunden gebraucht
bei 6 cores haben 900 Messungen 0.014927 Sekunden gebraucht
bei 6 cores haben 900 Messungen 0.014837 Sekunden gebraucht
bei 6 cores haben 900 Messungen 0.014767 Sekunden gebraucht
bei 6 cores haben 900 Messungen 0.014649 Sekunden gebraucht
bei 6 cores haben 900 Messungen 0.014754 Sekunden gebraucht
bei 6 cores haben 900 Messungen 0.014782 Sekunden gebraucht
bei 6 cores haben 900 Messungen 0.014733 Sekunden gebraucht
bei 6 cores haben 900 Messungen 0.015267 Sekunden gebraucht
bei 6 cores haben 900 Messungen 0.015313 Sekunden gebraucht
bei 6 cores haben 900 Messungen 0.015343 Sekunden gebraucht
bei 7 cores haben 900 Messungen 0.016975 Sekunden gebraucht
bei 7 cores haben 900 Messungen 0.016763 Sekunden gebraucht
bei 7 cores haben 900 Messungen 0.016235 Sekunden gebraucht
bei 7 cores haben 900 Messungen 0.016450 Sekunden gebraucht
bei 7 cores haben 900 Messungen 0.016535 Sekunden gebraucht
bei 7 cores haben 900 Messungen 0.016658 Sekunden gebraucht
bei 7 cores haben 900 Messungen 0.016378 Sekunden gebraucht
bei 7 cores haben 900 Messungen 0.016823 Sekunden gebraucht
bei 7 cores haben 900 Messungen 0.016599 Sekunden gebraucht
bei 7 cores haben 900 Messungen 0.016316 Sekunden gebraucht
bei 8 cores haben 900 Messungen 0.014396 Sekunden gebraucht
bei 8 cores haben 900 Messungen 0.014203 Sekunden gebraucht
bei 8 cores haben 900 Messungen 0.014213 Sekunden gebraucht
bei 8 cores haben 900 Messungen 0.014534 Sekunden gebraucht
bei 8 cores haben 900 Messungen 0.014412 Sekunden gebraucht
bei 8 cores haben 900 Messungen 0.015591 Sekunden gebraucht
bei 8 cores haben 900 Messungen 0.015645 Sekunden gebraucht
bei 8 cores haben 900 Messungen 0.015526 Sekunden gebraucht
bei 8 cores haben 900 Messungen 0.015588 Sekunden gebraucht
bei 8 cores haben 900 Messungen 0.015672 Sekunden gebraucht
bei 9 cores haben 900 Messungen 0.019348 Sekunden gebraucht
bei 9 cores haben 900 Messungen 0.018569 Sekunden gebraucht
bei 9 cores haben 900 Messungen 0.018627 Sekunden gebraucht
bei 9 cores haben 900 Messungen 0.018937 Sekunden gebraucht
bei 9 cores haben 900 Messungen 0.018940 Sekunden gebraucht
bei 9 cores haben 900 Messungen 0.018616 Sekunden gebraucht
bei 9 cores haben 900 Messungen 0.018657 Sekunden gebraucht
bei 9 cores haben 900 Messungen 0.018324 Sekunden gebraucht
bei 9 cores haben 900 Messungen 0.018422 Sekunden gebraucht
bei 9 cores haben 900 Messungen 0.018406 Sekunden gebraucht
bei 10 cores haben 900 Messungen 0.017344 Sekunden gebraucht
bei 10 cores haben 900 Messungen 0.017061 Sekunden gebraucht
bei 10 cores haben 900 Messungen 0.017149 Sekunden gebraucht
bei 10 cores haben 900 Messungen 0.017405 Sekunden gebraucht
bei 10 cores haben 900 Messungen 0.018405 Sekunden gebraucht
bei 10 cores haben 900 Messungen 0.018317 Sekunden gebraucht
bei 10 cores haben 900 Messungen 0.018619 Sekunden gebraucht
bei 10 cores haben 900 Messungen 0.018322 Sekunden gebraucht
bei 10 cores haben 900 Messungen 0.018351 Sekunden gebraucht
bei 10 cores haben 900 Messungen 0.018230 Sekunden gebraucht
bei 11 cores haben 900 Messungen 0.021319 Sekunden gebraucht
bei 11 cores haben 900 Messungen 0.021694 Sekunden gebraucht
bei 11 cores haben 900 Messungen 0.021278 Sekunden gebraucht
bei 11 cores haben 900 Messungen 0.021716 Sekunden gebraucht
bei 11 cores haben 900 Messungen 0.021387 Sekunden gebraucht
bei 11 cores haben 900 Messungen 0.021251 Sekunden gebraucht
bei 11 cores haben 900 Messungen 0.021363 Sekunden gebraucht
bei 11 cores haben 900 Messungen 0.021361 Sekunden gebraucht
bei 11 cores haben 900 Messungen 0.021320 Sekunden gebraucht
bei 11 cores haben 900 Messungen 0.021306 Sekunden gebraucht
bei 12 cores haben 900 Messungen 0.021524 Sekunden gebraucht
bei 12 cores haben 900 Messungen 0.021289 Sekunden gebraucht
bei 12 cores haben 900 Messungen 0.021087 Sekunden gebraucht
bei 12 cores haben 900 Messungen 0.021320 Sekunden gebraucht
bei 12 cores haben 900 Messungen 0.021200 Sekunden gebraucht
bei 12 cores haben 900 Messungen 0.021353 Sekunden gebraucht
bei 12 cores haben 900 Messungen 0.021148 Sekunden gebraucht
bei 12 cores haben 900 Messungen 0.021271 Sekunden gebraucht
bei 12 cores haben 900 Messungen 0.021177 Sekunden gebraucht
bei 12 cores haben 900 Messungen 0.021245 Sekunden gebraucht
Laenge=50
bei 1 cores haben 900 Messungen 0.210033 Sekunden gebraucht
bei 1 cores haben 900 Messungen 0.253635 Sekunden gebraucht
bei 1 cores haben 900 Messungen 0.209625 Sekunden gebraucht
bei 1 cores haben 900 Messungen 0.209287 Sekunden gebraucht
bei 1 cores haben 900 Messungen 0.209266 Sekunden gebraucht
bei 1 cores haben 900 Messungen 0.209222 Sekunden gebraucht
bei 1 cores haben 900 Messungen 0.210723 Sekunden gebraucht
bei 1 cores haben 900 Messungen 0.209369 Sekunden gebraucht
bei 1 cores haben 900 Messungen 0.253636 Sekunden gebraucht
bei 1 cores haben 900 Messungen 0.209327 Sekunden gebraucht
bei 2 cores haben 900 Messungen 0.252338 Sekunden gebraucht
bei 2 cores haben 900 Messungen 0.247598 Sekunden gebraucht
bei 2 cores haben 900 Messungen 0.218556 Sekunden gebraucht
bei 2 cores haben 900 Messungen 0.207689 Sekunden gebraucht
bei 2 cores haben 900 Messungen 0.206955 Sekunden gebraucht
bei 2 cores haben 900 Messungen 0.206102 Sekunden gebraucht
bei 2 cores haben 900 Messungen 0.248247 Sekunden gebraucht
bei 2 cores haben 900 Messungen 0.246614 Sekunden gebraucht
bei 2 cores haben 900 Messungen 0.217060 Sekunden gebraucht
bei 2 cores haben 900 Messungen 0.223027 Sekunden gebraucht
bei 3 cores haben 900 Messungen 0.216849 Sekunden gebraucht
bei 3 cores haben 900 Messungen 0.197618 Sekunden gebraucht
bei 3 cores haben 900 Messungen 0.177871 Sekunden gebraucht
bei 3 cores haben 900 Messungen 0.166228 Sekunden gebraucht
bei 3 cores haben 900 Messungen 0.102134 Sekunden gebraucht
bei 3 cores haben 900 Messungen 0.188768 Sekunden gebraucht
bei 3 cores haben 900 Messungen 0.164212 Sekunden gebraucht
bei 3 cores haben 900 Messungen 0.128578 Sekunden gebraucht
bei 3 cores haben 900 Messungen 0.192262 Sekunden gebraucht
bei 3 cores haben 900 Messungen 0.177050 Sekunden gebraucht
bei 4 cores haben 900 Messungen 0.153422 Sekunden gebraucht
bei 4 cores haben 900 Messungen 0.114200 Sekunden gebraucht
bei 4 cores haben 900 Messungen 0.165665 Sekunden gebraucht
bei 4 cores haben 900 Messungen 0.155659 Sekunden gebraucht
bei 4 cores haben 900 Messungen 0.119393 Sekunden gebraucht
bei 4 cores haben 900 Messungen 0.167932 Sekunden gebraucht
bei 4 cores haben 900 Messungen 0.102723 Sekunden gebraucht
bei 4 cores haben 900 Messungen 0.168465 Sekunden gebraucht
bei 4 cores haben 900 Messungen 0.162715 Sekunden gebraucht
bei 4 cores haben 900 Messungen 0.122313 Sekunden gebraucht
bei 5 cores haben 900 Messungen 0.164406 Sekunden gebraucht
bei 5 cores haben 900 Messungen 0.094342 Sekunden gebraucht
bei 5 cores haben 900 Messungen 0.159154 Sekunden gebraucht
bei 5 cores haben 900 Messungen 0.159977 Sekunden gebraucht
bei 5 cores haben 900 Messungen 0.166236 Sekunden gebraucht
bei 5 cores haben 900 Messungen 0.090880 Sekunden gebraucht
bei 5 cores haben 900 Messungen 0.160092 Sekunden gebraucht
bei 5 cores haben 900 Messungen 0.157943 Sekunden gebraucht
bei 5 cores haben 900 Messungen 0.159480 Sekunden gebraucht
bei 5 cores haben 900 Messungen 0.159741 Sekunden gebraucht
bei 6 cores haben 900 Messungen 0.150779 Sekunden gebraucht
bei 6 cores haben 900 Messungen 0.153423 Sekunden gebraucht
bei 6 cores haben 900 Messungen 0.153971 Sekunden gebraucht
bei 6 cores haben 900 Messungen 0.162339 Sekunden gebraucht
bei 6 cores haben 900 Messungen 0.157432 Sekunden gebraucht
bei 6 cores haben 900 Messungen 0.171422 Sekunden gebraucht
bei 6 cores haben 900 Messungen 0.160230 Sekunden gebraucht
bei 6 cores haben 900 Messungen 0.159220 Sekunden gebraucht
bei 6 cores haben 900 Messungen 0.172797 Sekunden gebraucht
bei 6 cores haben 900 Messungen 0.160896 Sekunden gebraucht
bei 7 cores haben 900 Messungen 0.141292 Sekunden gebraucht
bei 7 cores haben 900 Messungen 0.144348 Sekunden gebraucht
bei 7 cores haben 900 Messungen 0.169947 Sekunden gebraucht
bei 7 cores haben 900 Messungen 0.168754 Sekunden gebraucht
bei 7 cores haben 900 Messungen 0.130405 Sekunden gebraucht
bei 7 cores haben 900 Messungen 0.160527 Sekunden gebraucht
bei 7 cores haben 900 Messungen 0.159624 Sekunden gebraucht
bei 7 cores haben 900 Messungen 0.158859 Sekunden gebraucht
bei 7 cores haben 900 Messungen 0.159247 Sekunden gebraucht
bei 7 cores haben 900 Messungen 0.159652 Sekunden gebraucht
bei 8 cores haben 900 Messungen 0.169654 Sekunden gebraucht
bei 8 cores haben 900 Messungen 0.163393 Sekunden gebraucht
bei 8 cores haben 900 Messungen 0.164307 Sekunden gebraucht
bei 8 cores haben 900 Messungen 0.167597 Sekunden gebraucht
bei 8 cores haben 900 Messungen 0.160172 Sekunden gebraucht
bei 8 cores haben 900 Messungen 0.167463 Sekunden gebraucht
bei 8 cores haben 900 Messungen 0.173579 Sekunden gebraucht
bei 8 cores haben 900 Messungen 0.170460 Sekunden gebraucht
bei 8 cores haben 900 Messungen 0.164530 Sekunden gebraucht
bei 8 cores haben 900 Messungen 0.175833 Sekunden gebraucht
bei 9 cores haben 900 Messungen 0.193153 Sekunden gebraucht
bei 9 cores haben 900 Messungen 0.167300 Sekunden gebraucht
bei 9 cores haben 900 Messungen 0.171945 Sekunden gebraucht
bei 9 cores haben 900 Messungen 0.174067 Sekunden gebraucht
bei 9 cores haben 900 Messungen 0.165650 Sekunden gebraucht
bei 9 cores haben 900 Messungen 0.171431 Sekunden gebraucht
bei 9 cores haben 900 Messungen 0.172695 Sekunden gebraucht
bei 9 cores haben 900 Messungen 0.166715 Sekunden gebraucht
bei 9 cores haben 900 Messungen 0.168670 Sekunden gebraucht
bei 9 cores haben 900 Messungen 0.170995 Sekunden gebraucht
bei 10 cores haben 900 Messungen 0.175267 Sekunden gebraucht
bei 10 cores haben 900 Messungen 0.171895 Sekunden gebraucht
bei 10 cores haben 900 Messungen 0.170546 Sekunden gebraucht
bei 10 cores haben 900 Messungen 0.176593 Sekunden gebraucht
bei 10 cores haben 900 Messungen 0.178401 Sekunden gebraucht
bei 10 cores haben 900 Messungen 0.179660 Sekunden gebraucht
bei 10 cores haben 900 Messungen 0.180525 Sekunden gebraucht
bei 10 cores haben 900 Messungen 0.178909 Sekunden gebraucht
bei 10 cores haben 900 Messungen 0.171266 Sekunden gebraucht
bei 10 cores haben 900 Messungen 0.174828 Sekunden gebraucht
bei 11 cores haben 900 Messungen 0.184143 Sekunden gebraucht
bei 11 cores haben 900 Messungen 0.173959 Sekunden gebraucht
bei 11 cores haben 900 Messungen 0.176685 Sekunden gebraucht
bei 11 cores haben 900 Messungen 0.184255 Sekunden gebraucht
bei 11 cores haben 900 Messungen 0.179627 Sekunden gebraucht
bei 11 cores haben 900 Messungen 0.176469 Sekunden gebraucht
bei 11 cores haben 900 Messungen 0.178048 Sekunden gebraucht
bei 11 cores haben 900 Messungen 0.179226 Sekunden gebraucht
bei 11 cores haben 900 Messungen 0.180869 Sekunden gebraucht
bei 11 cores haben 900 Messungen 0.180983 Sekunden gebraucht
bei 12 cores haben 900 Messungen 0.184045 Sekunden gebraucht
bei 12 cores haben 900 Messungen 0.201795 Sekunden gebraucht
bei 12 cores haben 900 Messungen 0.184380 Sekunden gebraucht
bei 12 cores haben 900 Messungen 0.184094 Sekunden gebraucht
bei 12 cores haben 900 Messungen 0.184956 Sekunden gebraucht
bei 12 cores haben 900 Messungen 0.186552 Sekunden gebraucht
bei 12 cores haben 900 Messungen 0.184347 Sekunden gebraucht
bei 12 cores haben 900 Messungen 0.185711 Sekunden gebraucht
bei 12 cores haben 900 Messungen 0.186059 Sekunden gebraucht
bei 12 cores haben 900 Messungen 0.183310 Sekunden gebraucht
Laenge=500
bei 1 cores haben 900 Messungen 21.742341 Sekunden gebraucht
bei 1 cores haben 900 Messungen 20.918426 Sekunden gebraucht
bei 1 cores haben 900 Messungen 20.698505 Sekunden gebraucht
bei 1 cores haben 900 Messungen 21.103844 Sekunden gebraucht
bei 1 cores haben 900 Messungen 20.681322 Sekunden gebraucht
bei 1 cores haben 900 Messungen 20.942826 Sekunden gebraucht
bei 1 cores haben 900 Messungen 20.805731 Sekunden gebraucht
bei 1 cores haben 900 Messungen 20.823253 Sekunden gebraucht
bei 1 cores haben 900 Messungen 20.697208 Sekunden gebraucht
bei 1 cores haben 900 Messungen 20.692790 Sekunden gebraucht
bei 2 cores haben 900 Messungen 19.736438 Sekunden gebraucht
bei 2 cores haben 900 Messungen 19.924059 Sekunden gebraucht
bei 2 cores haben 900 Messungen 19.721504 Sekunden gebraucht
bei 2 cores haben 900 Messungen 19.727771 Sekunden gebraucht
bei 2 cores haben 900 Messungen 19.994012 Sekunden gebraucht
bei 2 cores haben 900 Messungen 19.814577 Sekunden gebraucht
bei 2 cores haben 900 Messungen 19.877647 Sekunden gebraucht
bei 2 cores haben 900 Messungen 19.696084 Sekunden gebraucht
bei 2 cores haben 900 Messungen 19.624233 Sekunden gebraucht
bei 2 cores haben 900 Messungen 19.610788 Sekunden gebraucht
bei 3 cores haben 900 Messungen 16.767602 Sekunden gebraucht
bei 3 cores haben 900 Messungen 16.638263 Sekunden gebraucht
bei 3 cores haben 900 Messungen 16.609204 Sekunden gebraucht
bei 3 cores haben 900 Messungen 16.653793 Sekunden gebraucht
bei 3 cores haben 900 Messungen 16.537963 Sekunden gebraucht
bei 3 cores haben 900 Messungen 16.738918 Sekunden gebraucht
bei 3 cores haben 900 Messungen 16.503987 Sekunden gebraucht
bei 3 cores haben 900 Messungen 16.660725 Sekunden gebraucht
bei 3 cores haben 900 Messungen 16.622843 Sekunden gebraucht
bei 3 cores haben 900 Messungen 16.710587 Sekunden gebraucht
bei 4 cores haben 900 Messungen 15.006668 Sekunden gebraucht
bei 4 cores haben 900 Messungen 15.044079 Sekunden gebraucht
bei 4 cores haben 900 Messungen 15.000012 Sekunden gebraucht
bei 4 cores haben 900 Messungen 16.152650 Sekunden gebraucht
bei 4 cores haben 900 Messungen 15.047996 Sekunden gebraucht
bei 4 cores haben 900 Messungen 15.043039 Sekunden gebraucht
bei 4 cores haben 900 Messungen 15.037005 Sekunden gebraucht
bei 4 cores haben 900 Messungen 15.010196 Sekunden gebraucht
bei 4 cores haben 900 Messungen 15.070953 Sekunden gebraucht
bei 4 cores haben 900 Messungen 15.032124 Sekunden gebraucht
bei 5 cores haben 900 Messungen 15.566263 Sekunden gebraucht
bei 5 cores haben 900 Messungen 15.481901 Sekunden gebraucht
bei 5 cores haben 900 Messungen 15.620532 Sekunden gebraucht
bei 5 cores haben 900 Messungen 15.580926 Sekunden gebraucht
bei 5 cores haben 900 Messungen 15.599703 Sekunden gebraucht
bei 5 cores haben 900 Messungen 15.650643 Sekunden gebraucht
bei 5 cores haben 900 Messungen 15.569010 Sekunden gebraucht
bei 5 cores haben 900 Messungen 15.574510 Sekunden gebraucht
bei 5 cores haben 900 Messungen 15.601442 Sekunden gebraucht
bei 5 cores haben 900 Messungen 15.631899 Sekunden gebraucht
bei 6 cores haben 900 Messungen 14.806018 Sekunden gebraucht
bei 6 cores haben 900 Messungen 14.870931 Sekunden gebraucht
bei 6 cores haben 900 Messungen 14.823691 Sekunden gebraucht
bei 6 cores haben 900 Messungen 14.903088 Sekunden gebraucht
bei 6 cores haben 900 Messungen 14.858242 Sekunden gebraucht
bei 6 cores haben 900 Messungen 14.824197 Sekunden gebraucht
bei 6 cores haben 900 Messungen 14.806604 Sekunden gebraucht
bei 6 cores haben 900 Messungen 14.826420 Sekunden gebraucht
bei 6 cores haben 900 Messungen 14.861385 Sekunden gebraucht
bei 6 cores haben 900 Messungen 14.874611 Sekunden gebraucht
bei 7 cores haben 900 Messungen 15.638240 Sekunden gebraucht
bei 7 cores haben 900 Messungen 15.531936 Sekunden gebraucht
bei 7 cores haben 900 Messungen 15.458797 Sekunden gebraucht
bei 7 cores haben 900 Messungen 15.121732 Sekunden gebraucht
bei 7 cores haben 900 Messungen 15.356617 Sekunden gebraucht
bei 7 cores haben 900 Messungen 15.108725 Sekunden gebraucht
bei 7 cores haben 900 Messungen 15.414155 Sekunden gebraucht
bei 7 cores haben 900 Messungen 15.472826 Sekunden gebraucht
bei 7 cores haben 900 Messungen 15.191295 Sekunden gebraucht
bei 7 cores haben 900 Messungen 15.041257 Sekunden gebraucht
bei 8 cores haben 900 Messungen 15.544147 Sekunden gebraucht
bei 8 cores haben 900 Messungen 15.810686 Sekunden gebraucht
bei 8 cores haben 900 Messungen 15.186312 Sekunden gebraucht
bei 8 cores haben 900 Messungen 15.182318 Sekunden gebraucht
bei 8 cores haben 900 Messungen 15.608855 Sekunden gebraucht
bei 8 cores haben 900 Messungen 15.150214 Sekunden gebraucht
bei 8 cores haben 900 Messungen 15.538569 Sekunden gebraucht
bei 8 cores haben 900 Messungen 15.593477 Sekunden gebraucht
bei 8 cores haben 900 Messungen 15.807474 Sekunden gebraucht
bei 8 cores haben 900 Messungen 15.814178 Sekunden gebraucht
bei 9 cores haben 900 Messungen 15.695342 Sekunden gebraucht
bei 9 cores haben 900 Messungen 15.698651 Sekunden gebraucht
bei 9 cores haben 900 Messungen 15.749866 Sekunden gebraucht
bei 9 cores haben 900 Messungen 15.730530 Sekunden gebraucht
bei 9 cores haben 900 Messungen 15.656478 Sekunden gebraucht
bei 9 cores haben 900 Messungen 15.680722 Sekunden gebraucht
bei 9 cores haben 900 Messungen 15.725040 Sekunden gebraucht
bei 9 cores haben 900 Messungen 15.685733 Sekunden gebraucht
bei 9 cores haben 900 Messungen 15.694873 Sekunden gebraucht
bei 9 cores haben 900 Messungen 15.717829 Sekunden gebraucht
bei 10 cores haben 900 Messungen 16.212048 Sekunden gebraucht
bei 10 cores haben 900 Messungen 16.109855 Sekunden gebraucht
bei 10 cores haben 900 Messungen 16.161863 Sekunden gebraucht
bei 10 cores haben 900 Messungen 16.058159 Sekunden gebraucht
bei 10 cores haben 900 Messungen 16.148568 Sekunden gebraucht
bei 10 cores haben 900 Messungen 16.204721 Sekunden gebraucht
bei 10 cores haben 900 Messungen 16.017217 Sekunden gebraucht
bei 10 cores haben 900 Messungen 16.025237 Sekunden gebraucht
bei 10 cores haben 900 Messungen 16.213301 Sekunden gebraucht
bei 10 cores haben 900 Messungen 16.131098 Sekunden gebraucht
bei 11 cores haben 900 Messungen 15.876426 Sekunden gebraucht
bei 11 cores haben 900 Messungen 15.905933 Sekunden gebraucht
bei 11 cores haben 900 Messungen 15.905539 Sekunden gebraucht
bei 11 cores haben 900 Messungen 15.855537 Sekunden gebraucht
bei 11 cores haben 900 Messungen 15.973271 Sekunden gebraucht
bei 11 cores haben 900 Messungen 16.085400 Sekunden gebraucht
bei 11 cores haben 900 Messungen 15.972648 Sekunden gebraucht
bei 11 cores haben 900 Messungen 15.874616 Sekunden gebraucht
bei 11 cores haben 900 Messungen 15.933400 Sekunden gebraucht
bei 11 cores haben 900 Messungen 15.952999 Sekunden gebraucht
bei 12 cores haben 900 Messungen 16.029975 Sekunden gebraucht
bei 12 cores haben 900 Messungen 16.075753 Sekunden gebraucht
bei 12 cores haben 900 Messungen 16.081214 Sekunden gebraucht
bei 12 cores haben 900 Messungen 16.042332 Sekunden gebraucht
bei 12 cores haben 900 Messungen 16.053995 Sekunden gebraucht
bei 12 cores haben 900 Messungen 16.046019 Sekunden gebraucht
bei 12 cores haben 900 Messungen 16.067277 Sekunden gebraucht
bei 12 cores haben 900 Messungen 16.121010 Sekunden gebraucht
bei 12 cores haben 900 Messungen 16.084897 Sekunden gebraucht
bei 12 cores haben 900 Messungen 16.131925 Sekunden gebraucht
/hiskp4/gross/bachelorarbeit
