Tue Jul 21 13:39:32 CEST 2020 Waiting for 30 seconds before starting the job to allow the node to settle down
Tue Jul 21 13:40:02 CEST 2020 Waiting done, starting task!
36 1
Tue Jul 21 13:40:03 CEST 2020 Waiting for 30 seconds before starting the job to allow the node to settle down
Tue Jul 21 13:40:33 CEST 2020 Waiting done, starting task!
36
36 2
Tue Jul 21 13:40:34 CEST 2020 Waiting for 30 seconds before starting the job to allow the node to settle down
Tue Jul 21 13:40:34 CEST 2020 Waiting for 30 seconds before starting the job to allow the node to settle down
Tue Jul 21 13:41:04 CEST 2020 Waiting done, starting task!
Tue Jul 21 13:41:04 CEST 2020 Waiting done, starting task!
36
36 3
Tue Jul 21 13:41:06 CEST 2020 Waiting for 30 seconds before starting the job to allow the node to settle down
Tue Jul 21 13:41:06 CEST 2020 Waiting for 30 seconds before starting the job to allow the node to settle down
Tue Jul 21 13:41:06 CEST 2020 Waiting for 30 seconds before starting the job to allow the node to settle down
Tue Jul 21 13:41:36 CEST 2020 Waiting done, starting task!
Tue Jul 21 13:41:36 CEST 2020 Waiting done, starting task!
Tue Jul 21 13:41:36 CEST 2020 Waiting done, starting task!
36
36 4
Tue Jul 21 13:41:38 CEST 2020 Waiting for 30 seconds before starting the job to allow the node to settle down
Tue Jul 21 13:41:38 CEST 2020 Waiting for 30 seconds before starting the job to allow the node to settle down
Tue Jul 21 13:41:38 CEST 2020 Waiting for 30 seconds before starting the job to allow the node to settle down
Tue Jul 21 13:41:38 CEST 2020 Waiting for 30 seconds before starting the job to allow the node to settle down
Tue Jul 21 13:42:08 CEST 2020 Waiting done, starting task!
Tue Jul 21 13:42:08 CEST 2020 Waiting done, starting task!
Tue Jul 21 13:42:08 CEST 2020 Waiting done, starting task!
Tue Jul 21 13:42:08 CEST 2020 Waiting done, starting task!
36
36 6
Tue Jul 21 13:42:09 CEST 2020 Waiting for 30 seconds before starting the job to allow the node to settle down
Tue Jul 21 13:42:09 CEST 2020 Waiting for 30 seconds before starting the job to allow the node to settle down
Tue Jul 21 13:42:09 CEST 2020 Waiting for 30 seconds before starting the job to allow the node to settle down
Tue Jul 21 13:42:09 CEST 2020 Waiting for 30 seconds before starting the job to allow the node to settle down
Tue Jul 21 13:42:09 CEST 2020 Waiting for 30 seconds before starting the job to allow the node to settle down
Tue Jul 21 13:42:09 CEST 2020 Waiting for 30 seconds before starting the job to allow the node to settle down
Tue Jul 21 13:42:39 CEST 2020 Waiting done, starting task!
Tue Jul 21 13:42:39 CEST 2020 Waiting done, starting task!
Tue Jul 21 13:42:39 CEST 2020 Waiting done, starting task!
Tue Jul 21 13:42:39 CEST 2020 Waiting done, starting task!
Tue Jul 21 13:42:39 CEST 2020 Waiting done, starting task!
Tue Jul 21 13:42:39 CEST 2020 Waiting done, starting task!
36
36 9
Tue Jul 21 13:42:41 CEST 2020 Waiting for 30 seconds before starting the job to allow the node to settle down
Tue Jul 21 13:42:41 CEST 2020 Waiting for 30 seconds before starting the job to allow the node to settle down
Tue Jul 21 13:42:41 CEST 2020 Waiting for 30 seconds before starting the job to allow the node to settle down
Tue Jul 21 13:42:41 CEST 2020 Waiting for 30 seconds before starting the job to allow the node to settle down
Tue Jul 21 13:42:41 CEST 2020 Waiting for 30 seconds before starting the job to allow the node to settle down
Tue Jul 21 13:42:41 CEST 2020 Waiting for 30 seconds before starting the job to allow the node to settle down
Tue Jul 21 13:42:41 CEST 2020 Waiting for 30 seconds before starting the job to allow the node to settle down
Tue Jul 21 13:42:41 CEST 2020 Waiting for 30 seconds before starting the job to allow the node to settle down
Tue Jul 21 13:42:41 CEST 2020 Waiting for 30 seconds before starting the job to allow the node to settle down
Tue Jul 21 13:43:11 CEST 2020 Waiting done, starting task!
Tue Jul 21 13:43:11 CEST 2020 Waiting done, starting task!
Tue Jul 21 13:43:11 CEST 2020 Waiting done, starting task!
Tue Jul 21 13:43:11 CEST 2020 Waiting done, starting task!
Tue Jul 21 13:43:11 CEST 2020 Waiting done, starting task!
Tue Jul 21 13:43:11 CEST 2020 Waiting done, starting task!
Tue Jul 21 13:43:11 CEST 2020 Waiting done, starting task!
Tue Jul 21 13:43:11 CEST 2020 Waiting done, starting task!
Tue Jul 21 13:43:11 CEST 2020 Waiting done, starting task!
36
36 12
Tue Jul 21 13:43:13 CEST 2020 Waiting for 30 seconds before starting the job to allow the node to settle down
Tue Jul 21 13:43:13 CEST 2020 Waiting for 30 seconds before starting the job to allow the node to settle down
Tue Jul 21 13:43:13 CEST 2020 Waiting for 30 seconds before starting the job to allow the node to settle down
Tue Jul 21 13:43:13 CEST 2020 Waiting for 30 seconds before starting the job to allow the node to settle down
Tue Jul 21 13:43:13 CEST 2020 Waiting for 30 seconds before starting the job to allow the node to settle down
Tue Jul 21 13:43:13 CEST 2020 Waiting for 30 seconds before starting the job to allow the node to settle down
Tue Jul 21 13:43:13 CEST 2020 Waiting for 30 seconds before starting the job to allow the node to settle down
Tue Jul 21 13:43:13 CEST 2020 Waiting for 30 seconds before starting the job to allow the node to settle down
Tue Jul 21 13:43:13 CEST 2020 Waiting for 30 seconds before starting the job to allow the node to settle down
Tue Jul 21 13:43:13 CEST 2020 Waiting for 30 seconds before starting the job to allow the node to settle down
Tue Jul 21 13:43:13 CEST 2020 Waiting for 30 seconds before starting the job to allow the node to settle down
Tue Jul 21 13:43:13 CEST 2020 Waiting for 30 seconds before starting the job to allow the node to settle down
Tue Jul 21 13:43:43 CEST 2020 Waiting done, starting task!
Tue Jul 21 13:43:43 CEST 2020 Waiting done, starting task!
Tue Jul 21 13:43:43 CEST 2020 Waiting done, starting task!
Tue Jul 21 13:43:43 CEST 2020 Waiting done, starting task!
Tue Jul 21 13:43:43 CEST 2020 Waiting done, starting task!
Tue Jul 21 13:43:43 CEST 2020 Waiting done, starting task!
Tue Jul 21 13:43:43 CEST 2020 Waiting done, starting task!
Tue Jul 21 13:43:43 CEST 2020 Waiting done, starting task!
Tue Jul 21 13:43:43 CEST 2020 Waiting done, starting task!
Tue Jul 21 13:43:43 CEST 2020 Waiting done, starting task!
Tue Jul 21 13:43:43 CEST 2020 Waiting done, starting task!
Tue Jul 21 13:43:43 CEST 2020 Waiting done, starting task!
36
36 18
Tue Jul 21 13:43:45 CEST 2020 Waiting for 30 seconds before starting the job to allow the node to settle down
Tue Jul 21 13:43:45 CEST 2020 Waiting for 30 seconds before starting the job to allow the node to settle down
Tue Jul 21 13:43:45 CEST 2020 Waiting for 30 seconds before starting the job to allow the node to settle down
Tue Jul 21 13:43:45 CEST 2020 Waiting for 30 seconds before starting the job to allow the node to settle down
Tue Jul 21 13:43:45 CEST 2020 Waiting for 30 seconds before starting the job to allow the node to settle down
Tue Jul 21 13:43:45 CEST 2020 Waiting for 30 seconds before starting the job to allow the node to settle down
Tue Jul 21 13:43:45 CEST 2020 Waiting for 30 seconds before starting the job to allow the node to settle down
Tue Jul 21 13:43:45 CEST 2020 Waiting for 30 seconds before starting the job to allow the node to settle down
Tue Jul 21 13:43:45 CEST 2020 Waiting for 30 seconds before starting the job to allow the node to settle down
Tue Jul 21 13:43:45 CEST 2020 Waiting for 30 seconds before starting the job to allow the node to settle down
Tue Jul 21 13:43:45 CEST 2020 Waiting for 30 seconds before starting the job to allow the node to settle down
Tue Jul 21 13:43:45 CEST 2020 Waiting for 30 seconds before starting the job to allow the node to settle down
Tue Jul 21 13:43:45 CEST 2020 Waiting for 30 seconds before starting the job to allow the node to settle down
Tue Jul 21 13:43:45 CEST 2020 Waiting for 30 seconds before starting the job to allow the node to settle down
Tue Jul 21 13:43:45 CEST 2020 Waiting for 30 seconds before starting the job to allow the node to settle down
Tue Jul 21 13:43:45 CEST 2020 Waiting for 30 seconds before starting the job to allow the node to settle down
Tue Jul 21 13:43:45 CEST 2020 Waiting for 30 seconds before starting the job to allow the node to settle down
Tue Jul 21 13:43:45 CEST 2020 Waiting for 30 seconds before starting the job to allow the node to settle down
Tue Jul 21 13:44:15 CEST 2020 Waiting done, starting task!
Tue Jul 21 13:44:15 CEST 2020 Waiting done, starting task!
Tue Jul 21 13:44:15 CEST 2020 Waiting done, starting task!
Tue Jul 21 13:44:15 CEST 2020 Waiting done, starting task!
Tue Jul 21 13:44:15 CEST 2020 Waiting done, starting task!
Tue Jul 21 13:44:15 CEST 2020 Waiting done, starting task!
Tue Jul 21 13:44:15 CEST 2020 Waiting done, starting task!
Tue Jul 21 13:44:15 CEST 2020 Waiting done, starting task!
Tue Jul 21 13:44:15 CEST 2020 Waiting done, starting task!
Tue Jul 21 13:44:15 CEST 2020 Waiting done, starting task!
Tue Jul 21 13:44:15 CEST 2020 Waiting done, starting task!
Tue Jul 21 13:44:15 CEST 2020 Waiting done, starting task!
Tue Jul 21 13:44:15 CEST 2020 Waiting done, starting task!
Tue Jul 21 13:44:15 CEST 2020 Waiting done, starting task!
Tue Jul 21 13:44:15 CEST 2020 Waiting done, starting task!
Tue Jul 21 13:44:15 CEST 2020 Waiting done, starting task!
Tue Jul 21 13:44:15 CEST 2020 Waiting done, starting task!
Tue Jul 21 13:44:15 CEST 2020 Waiting done, starting task!
36
/hiskp4/gross/bachelorarbeit
