Thu Jun 25 11:38:19 CEST 2020 Waiting for 30 seconds before starting the job to allow the node to settle down
Thu Jun 25 11:38:49 CEST 2020 Waiting done, starting task!
Thu Jun 25 11:38:49 CEST 2020 Waiting for 30 seconds before starting the job to allow the node to settle down
Thu Jun 25 11:39:19 CEST 2020 Waiting done, starting task!
Laenge=100	Temperatur=0.500000
bei 1 cores haben 1000 Messungen 0.610792 Sekunden gebraucht
bei 1 cores haben 1000 Messungen 0.646129 Sekunden gebraucht
bei 1 cores haben 1000 Messungen 0.603574 Sekunden gebraucht
bei 1 cores haben 1000 Messungen 0.603788 Sekunden gebraucht
bei 1 cores haben 1000 Messungen 0.604441 Sekunden gebraucht
bei 2 cores haben 1000 Messungen 0.721471 Sekunden gebraucht
bei 2 cores haben 1000 Messungen 0.692001 Sekunden gebraucht
bei 2 cores haben 1000 Messungen 0.761192 Sekunden gebraucht
bei 2 cores haben 1000 Messungen 0.650072 Sekunden gebraucht
bei 2 cores haben 1000 Messungen 0.698921 Sekunden gebraucht
bei 3 cores haben 1000 Messungen 0.511828 Sekunden gebraucht
bei 3 cores haben 1000 Messungen 0.314223 Sekunden gebraucht
bei 3 cores haben 1000 Messungen 0.449436 Sekunden gebraucht
bei 3 cores haben 1000 Messungen 0.315874 Sekunden gebraucht
bei 3 cores haben 1000 Messungen 0.352512 Sekunden gebraucht
bei 4 cores haben 1000 Messungen 0.375215 Sekunden gebraucht
bei 4 cores haben 1000 Messungen 0.373791 Sekunden gebraucht
bei 4 cores haben 1000 Messungen 0.319648 Sekunden gebraucht
bei 4 cores haben 1000 Messungen 0.309669 Sekunden gebraucht
bei 4 cores haben 1000 Messungen 0.387739 Sekunden gebraucht
bei 5 cores haben 1000 Messungen 0.337561 Sekunden gebraucht
bei 5 cores haben 1000 Messungen 0.337556 Sekunden gebraucht
bei 5 cores haben 1000 Messungen 0.320704 Sekunden gebraucht
bei 5 cores haben 1000 Messungen 0.295235 Sekunden gebraucht
bei 5 cores haben 1000 Messungen 0.246458 Sekunden gebraucht
bei 6 cores haben 1000 Messungen 0.286645 Sekunden gebraucht
bei 6 cores haben 1000 Messungen 0.285055 Sekunden gebraucht
bei 6 cores haben 1000 Messungen 0.293172 Sekunden gebraucht
bei 6 cores haben 1000 Messungen 0.259850 Sekunden gebraucht
bei 6 cores haben 1000 Messungen 0.294494 Sekunden gebraucht
bei 7 cores haben 1000 Messungen 0.249097 Sekunden gebraucht
bei 7 cores haben 1000 Messungen 0.243798 Sekunden gebraucht
bei 7 cores haben 1000 Messungen 0.245883 Sekunden gebraucht
bei 7 cores haben 1000 Messungen 0.249228 Sekunden gebraucht
bei 7 cores haben 1000 Messungen 0.211617 Sekunden gebraucht
bei 8 cores haben 1000 Messungen 0.179461 Sekunden gebraucht
bei 8 cores haben 1000 Messungen 0.234733 Sekunden gebraucht
bei 8 cores haben 1000 Messungen 0.232498 Sekunden gebraucht
bei 8 cores haben 1000 Messungen 0.237033 Sekunden gebraucht
bei 8 cores haben 1000 Messungen 0.227225 Sekunden gebraucht
bei 9 cores haben 1000 Messungen 0.201482 Sekunden gebraucht
bei 9 cores haben 1000 Messungen 0.201836 Sekunden gebraucht
bei 9 cores haben 1000 Messungen 0.206285 Sekunden gebraucht
bei 9 cores haben 1000 Messungen 0.206947 Sekunden gebraucht
bei 9 cores haben 1000 Messungen 0.206891 Sekunden gebraucht
bei 10 cores haben 1000 Messungen 0.209088 Sekunden gebraucht
bei 10 cores haben 1000 Messungen 0.206148 Sekunden gebraucht
bei 10 cores haben 1000 Messungen 0.206044 Sekunden gebraucht
bei 10 cores haben 1000 Messungen 0.207543 Sekunden gebraucht
bei 10 cores haben 1000 Messungen 0.208449 Sekunden gebraucht
bei 11 cores haben 1000 Messungen 0.194221 Sekunden gebraucht
bei 11 cores haben 1000 Messungen 0.191774 Sekunden gebraucht
bei 11 cores haben 1000 Messungen 0.181494 Sekunden gebraucht
bei 11 cores haben 1000 Messungen 0.182426 Sekunden gebraucht
bei 11 cores haben 1000 Messungen 0.185275 Sekunden gebraucht
bei 12 cores haben 1000 Messungen 0.216966 Sekunden gebraucht
bei 12 cores haben 1000 Messungen 0.176433 Sekunden gebraucht
bei 12 cores haben 1000 Messungen 0.176392 Sekunden gebraucht
bei 12 cores haben 1000 Messungen 0.176391 Sekunden gebraucht
bei 12 cores haben 1000 Messungen 0.176555 Sekunden gebraucht
/hiskp4/gross/bachelorarbeit
