Mon Jun  8 12:22:10 CEST 2020 Waiting for 30 seconds before starting the job to allow the node to settle down
Mon Jun  8 12:22:40 CEST 2020 Waiting done, starting task!
Mon Jun  8 12:22:41 CEST 2020 Waiting for 30 seconds before starting the job to allow the node to settle down
Mon Jun  8 12:23:11 CEST 2020 Waiting done, starting task!
Laenge=6
bei 1 cores haben 1000 Messungen 0.011673 Sekunden gebraucht
bei 1 cores haben 1000 Messungen 0.010821 Sekunden gebraucht
bei 1 cores haben 1000 Messungen 0.011416 Sekunden gebraucht
bei 1 cores haben 1000 Messungen 0.013008 Sekunden gebraucht
bei 1 cores haben 1000 Messungen 0.013603 Sekunden gebraucht
bei 1 cores haben 1000 Messungen 0.012453 Sekunden gebraucht
bei 1 cores haben 1000 Messungen 0.011573 Sekunden gebraucht
bei 1 cores haben 1000 Messungen 0.010876 Sekunden gebraucht
bei 1 cores haben 1000 Messungen 0.010289 Sekunden gebraucht
bei 1 cores haben 1000 Messungen 0.010288 Sekunden gebraucht
bei 2 cores haben 1000 Messungen 0.009246 Sekunden gebraucht
bei 2 cores haben 1000 Messungen 0.008394 Sekunden gebraucht
bei 2 cores haben 1000 Messungen 0.008528 Sekunden gebraucht
bei 2 cores haben 1000 Messungen 0.008603 Sekunden gebraucht
bei 2 cores haben 1000 Messungen 0.008497 Sekunden gebraucht
bei 2 cores haben 1000 Messungen 0.008492 Sekunden gebraucht
bei 2 cores haben 1000 Messungen 0.008515 Sekunden gebraucht
bei 2 cores haben 1000 Messungen 0.008493 Sekunden gebraucht
bei 2 cores haben 1000 Messungen 0.008440 Sekunden gebraucht
bei 2 cores haben 1000 Messungen 0.008506 Sekunden gebraucht
bei 3 cores haben 1000 Messungen 0.018518 Sekunden gebraucht
bei 3 cores haben 1000 Messungen 0.017839 Sekunden gebraucht
bei 3 cores haben 1000 Messungen 0.016376 Sekunden gebraucht
bei 3 cores haben 1000 Messungen 0.016185 Sekunden gebraucht
bei 3 cores haben 1000 Messungen 0.015168 Sekunden gebraucht
bei 3 cores haben 1000 Messungen 0.014864 Sekunden gebraucht
bei 3 cores haben 1000 Messungen 0.015053 Sekunden gebraucht
bei 3 cores haben 1000 Messungen 0.015254 Sekunden gebraucht
bei 3 cores haben 1000 Messungen 0.015906 Sekunden gebraucht
bei 3 cores haben 1000 Messungen 0.014936 Sekunden gebraucht
bei 4 cores haben 1000 Messungen 0.016203 Sekunden gebraucht
bei 4 cores haben 1000 Messungen 0.016126 Sekunden gebraucht
bei 4 cores haben 1000 Messungen 0.015720 Sekunden gebraucht
bei 4 cores haben 1000 Messungen 0.016594 Sekunden gebraucht
bei 4 cores haben 1000 Messungen 0.016431 Sekunden gebraucht
bei 4 cores haben 1000 Messungen 0.016225 Sekunden gebraucht
bei 4 cores haben 1000 Messungen 0.015902 Sekunden gebraucht
bei 4 cores haben 1000 Messungen 0.016472 Sekunden gebraucht
bei 4 cores haben 1000 Messungen 0.016144 Sekunden gebraucht
bei 4 cores haben 1000 Messungen 0.015780 Sekunden gebraucht
bei 5 cores haben 1000 Messungen 0.016992 Sekunden gebraucht
bei 5 cores haben 1000 Messungen 0.015975 Sekunden gebraucht
bei 5 cores haben 1000 Messungen 0.015126 Sekunden gebraucht
bei 5 cores haben 1000 Messungen 0.014800 Sekunden gebraucht
bei 5 cores haben 1000 Messungen 0.015226 Sekunden gebraucht
bei 5 cores haben 1000 Messungen 0.015225 Sekunden gebraucht
bei 5 cores haben 1000 Messungen 0.014912 Sekunden gebraucht
bei 5 cores haben 1000 Messungen 0.015311 Sekunden gebraucht
bei 5 cores haben 1000 Messungen 0.015252 Sekunden gebraucht
bei 5 cores haben 1000 Messungen 0.015214 Sekunden gebraucht
bei 6 cores haben 1000 Messungen 0.014758 Sekunden gebraucht
bei 6 cores haben 1000 Messungen 0.015056 Sekunden gebraucht
bei 6 cores haben 1000 Messungen 0.014715 Sekunden gebraucht
bei 6 cores haben 1000 Messungen 0.014940 Sekunden gebraucht
bei 6 cores haben 1000 Messungen 0.014607 Sekunden gebraucht
bei 6 cores haben 1000 Messungen 0.014452 Sekunden gebraucht
bei 6 cores haben 1000 Messungen 0.014934 Sekunden gebraucht
bei 6 cores haben 1000 Messungen 0.014812 Sekunden gebraucht
bei 6 cores haben 1000 Messungen 0.014797 Sekunden gebraucht
bei 6 cores haben 1000 Messungen 0.015075 Sekunden gebraucht
bei 7 cores haben 1000 Messungen 0.017610 Sekunden gebraucht
bei 7 cores haben 1000 Messungen 0.017378 Sekunden gebraucht
bei 7 cores haben 1000 Messungen 0.018006 Sekunden gebraucht
bei 7 cores haben 1000 Messungen 0.018800 Sekunden gebraucht
bei 7 cores haben 1000 Messungen 0.019292 Sekunden gebraucht
bei 7 cores haben 1000 Messungen 0.019084 Sekunden gebraucht
bei 7 cores haben 1000 Messungen 0.018864 Sekunden gebraucht
bei 7 cores haben 1000 Messungen 0.018328 Sekunden gebraucht
bei 7 cores haben 1000 Messungen 0.017167 Sekunden gebraucht
bei 7 cores haben 1000 Messungen 0.018195 Sekunden gebraucht
bei 8 cores haben 1000 Messungen 0.017484 Sekunden gebraucht
bei 8 cores haben 1000 Messungen 0.018045 Sekunden gebraucht
bei 8 cores haben 1000 Messungen 0.017929 Sekunden gebraucht
bei 8 cores haben 1000 Messungen 0.017785 Sekunden gebraucht
bei 8 cores haben 1000 Messungen 0.017621 Sekunden gebraucht
bei 8 cores haben 1000 Messungen 0.018016 Sekunden gebraucht
bei 8 cores haben 1000 Messungen 0.017949 Sekunden gebraucht
bei 8 cores haben 1000 Messungen 0.017221 Sekunden gebraucht
bei 8 cores haben 1000 Messungen 0.016949 Sekunden gebraucht
bei 8 cores haben 1000 Messungen 0.017567 Sekunden gebraucht
bei 9 cores haben 1000 Messungen 0.020361 Sekunden gebraucht
bei 9 cores haben 1000 Messungen 0.020965 Sekunden gebraucht
bei 9 cores haben 1000 Messungen 0.021088 Sekunden gebraucht
bei 9 cores haben 1000 Messungen 0.020966 Sekunden gebraucht
bei 9 cores haben 1000 Messungen 0.021290 Sekunden gebraucht
bei 9 cores haben 1000 Messungen 0.021180 Sekunden gebraucht
bei 9 cores haben 1000 Messungen 0.022440 Sekunden gebraucht
bei 9 cores haben 1000 Messungen 0.021949 Sekunden gebraucht
bei 9 cores haben 1000 Messungen 0.021122 Sekunden gebraucht
bei 9 cores haben 1000 Messungen 0.021889 Sekunden gebraucht
bei 10 cores haben 1000 Messungen 0.020600 Sekunden gebraucht
bei 10 cores haben 1000 Messungen 0.021476 Sekunden gebraucht
bei 10 cores haben 1000 Messungen 0.021263 Sekunden gebraucht
bei 10 cores haben 1000 Messungen 0.020301 Sekunden gebraucht
bei 10 cores haben 1000 Messungen 0.020312 Sekunden gebraucht
bei 10 cores haben 1000 Messungen 0.020216 Sekunden gebraucht
bei 10 cores haben 1000 Messungen 0.020441 Sekunden gebraucht
bei 10 cores haben 1000 Messungen 0.020725 Sekunden gebraucht
bei 10 cores haben 1000 Messungen 0.020693 Sekunden gebraucht
bei 10 cores haben 1000 Messungen 0.020693 Sekunden gebraucht
bei 11 cores haben 1000 Messungen 0.024903 Sekunden gebraucht
bei 11 cores haben 1000 Messungen 0.024173 Sekunden gebraucht
bei 11 cores haben 1000 Messungen 0.025096 Sekunden gebraucht
bei 11 cores haben 1000 Messungen 0.024775 Sekunden gebraucht
bei 11 cores haben 1000 Messungen 0.024457 Sekunden gebraucht
bei 11 cores haben 1000 Messungen 0.024426 Sekunden gebraucht
bei 11 cores haben 1000 Messungen 0.025193 Sekunden gebraucht
bei 11 cores haben 1000 Messungen 0.023801 Sekunden gebraucht
bei 11 cores haben 1000 Messungen 0.024246 Sekunden gebraucht
bei 11 cores haben 1000 Messungen 0.024835 Sekunden gebraucht
bei 12 cores haben 1000 Messungen 0.024170 Sekunden gebraucht
bei 12 cores haben 1000 Messungen 0.023851 Sekunden gebraucht
bei 12 cores haben 1000 Messungen 0.024747 Sekunden gebraucht
bei 12 cores haben 1000 Messungen 0.024333 Sekunden gebraucht
bei 12 cores haben 1000 Messungen 0.025181 Sekunden gebraucht
bei 12 cores haben 1000 Messungen 0.025849 Sekunden gebraucht
bei 12 cores haben 1000 Messungen 0.024060 Sekunden gebraucht
bei 12 cores haben 1000 Messungen 0.024532 Sekunden gebraucht
bei 12 cores haben 1000 Messungen 0.025183 Sekunden gebraucht
bei 12 cores haben 1000 Messungen 0.024515 Sekunden gebraucht
Laenge=10
bei 1 cores haben 1000 Messungen 0.015819 Sekunden gebraucht
bei 1 cores haben 1000 Messungen 0.015218 Sekunden gebraucht
bei 1 cores haben 1000 Messungen 0.015187 Sekunden gebraucht
bei 1 cores haben 1000 Messungen 0.015327 Sekunden gebraucht
bei 1 cores haben 1000 Messungen 0.015278 Sekunden gebraucht
bei 1 cores haben 1000 Messungen 0.015237 Sekunden gebraucht
bei 1 cores haben 1000 Messungen 0.015172 Sekunden gebraucht
bei 1 cores haben 1000 Messungen 0.030089 Sekunden gebraucht
bei 1 cores haben 1000 Messungen 0.029943 Sekunden gebraucht
bei 1 cores haben 1000 Messungen 0.026202 Sekunden gebraucht
bei 2 cores haben 1000 Messungen 0.017208 Sekunden gebraucht
bei 2 cores haben 1000 Messungen 0.013482 Sekunden gebraucht
bei 2 cores haben 1000 Messungen 0.012850 Sekunden gebraucht
bei 2 cores haben 1000 Messungen 0.023533 Sekunden gebraucht
bei 2 cores haben 1000 Messungen 0.012286 Sekunden gebraucht
bei 2 cores haben 1000 Messungen 0.011908 Sekunden gebraucht
bei 2 cores haben 1000 Messungen 0.011826 Sekunden gebraucht
bei 2 cores haben 1000 Messungen 0.012238 Sekunden gebraucht
bei 2 cores haben 1000 Messungen 0.011716 Sekunden gebraucht
bei 2 cores haben 1000 Messungen 0.011873 Sekunden gebraucht
bei 3 cores haben 1000 Messungen 0.023086 Sekunden gebraucht
bei 3 cores haben 1000 Messungen 0.025119 Sekunden gebraucht
bei 3 cores haben 1000 Messungen 0.021262 Sekunden gebraucht
bei 3 cores haben 1000 Messungen 0.020256 Sekunden gebraucht
bei 3 cores haben 1000 Messungen 0.020730 Sekunden gebraucht
bei 3 cores haben 1000 Messungen 0.019721 Sekunden gebraucht
bei 3 cores haben 1000 Messungen 0.019391 Sekunden gebraucht
bei 3 cores haben 1000 Messungen 0.018991 Sekunden gebraucht
bei 3 cores haben 1000 Messungen 0.019382 Sekunden gebraucht
bei 3 cores haben 1000 Messungen 0.018745 Sekunden gebraucht
bei 4 cores haben 1000 Messungen 0.019824 Sekunden gebraucht
bei 4 cores haben 1000 Messungen 0.019711 Sekunden gebraucht
bei 4 cores haben 1000 Messungen 0.019157 Sekunden gebraucht
bei 4 cores haben 1000 Messungen 0.019896 Sekunden gebraucht
bei 4 cores haben 1000 Messungen 0.020082 Sekunden gebraucht
bei 4 cores haben 1000 Messungen 0.019827 Sekunden gebraucht
bei 4 cores haben 1000 Messungen 0.019459 Sekunden gebraucht
bei 4 cores haben 1000 Messungen 0.019901 Sekunden gebraucht
bei 4 cores haben 1000 Messungen 0.020100 Sekunden gebraucht
bei 4 cores haben 1000 Messungen 0.019862 Sekunden gebraucht
bei 5 cores haben 1000 Messungen 0.019438 Sekunden gebraucht
bei 5 cores haben 1000 Messungen 0.018527 Sekunden gebraucht
bei 5 cores haben 1000 Messungen 0.018468 Sekunden gebraucht
bei 5 cores haben 1000 Messungen 0.018789 Sekunden gebraucht
bei 5 cores haben 1000 Messungen 0.018866 Sekunden gebraucht
bei 5 cores haben 1000 Messungen 0.018703 Sekunden gebraucht
bei 5 cores haben 1000 Messungen 0.018506 Sekunden gebraucht
bei 5 cores haben 1000 Messungen 0.020197 Sekunden gebraucht
bei 5 cores haben 1000 Messungen 0.020172 Sekunden gebraucht
bei 5 cores haben 1000 Messungen 0.020261 Sekunden gebraucht
bei 6 cores haben 1000 Messungen 0.021183 Sekunden gebraucht
bei 6 cores haben 1000 Messungen 0.021053 Sekunden gebraucht
bei 6 cores haben 1000 Messungen 0.020892 Sekunden gebraucht
bei 6 cores haben 1000 Messungen 0.021885 Sekunden gebraucht
bei 6 cores haben 1000 Messungen 0.020822 Sekunden gebraucht
bei 6 cores haben 1000 Messungen 0.021202 Sekunden gebraucht
bei 6 cores haben 1000 Messungen 0.021512 Sekunden gebraucht
bei 6 cores haben 1000 Messungen 0.021358 Sekunden gebraucht
bei 6 cores haben 1000 Messungen 0.021549 Sekunden gebraucht
bei 6 cores haben 1000 Messungen 0.021238 Sekunden gebraucht
bei 7 cores haben 1000 Messungen 0.022723 Sekunden gebraucht
bei 7 cores haben 1000 Messungen 0.022503 Sekunden gebraucht
bei 7 cores haben 1000 Messungen 0.022316 Sekunden gebraucht
bei 7 cores haben 1000 Messungen 0.023255 Sekunden gebraucht
bei 7 cores haben 1000 Messungen 0.023979 Sekunden gebraucht
bei 7 cores haben 1000 Messungen 0.023681 Sekunden gebraucht
bei 7 cores haben 1000 Messungen 0.023102 Sekunden gebraucht
bei 7 cores haben 1000 Messungen 0.023092 Sekunden gebraucht
bei 7 cores haben 1000 Messungen 0.023163 Sekunden gebraucht
bei 7 cores haben 1000 Messungen 0.022682 Sekunden gebraucht
bei 8 cores haben 1000 Messungen 0.021817 Sekunden gebraucht
bei 8 cores haben 1000 Messungen 0.022163 Sekunden gebraucht
bei 8 cores haben 1000 Messungen 0.023068 Sekunden gebraucht
bei 8 cores haben 1000 Messungen 0.022714 Sekunden gebraucht
bei 8 cores haben 1000 Messungen 0.022617 Sekunden gebraucht
bei 8 cores haben 1000 Messungen 0.022473 Sekunden gebraucht
bei 8 cores haben 1000 Messungen 0.022471 Sekunden gebraucht
bei 8 cores haben 1000 Messungen 0.022626 Sekunden gebraucht
bei 8 cores haben 1000 Messungen 0.021682 Sekunden gebraucht
bei 8 cores haben 1000 Messungen 0.021856 Sekunden gebraucht
bei 9 cores haben 1000 Messungen 0.024143 Sekunden gebraucht
bei 9 cores haben 1000 Messungen 0.024325 Sekunden gebraucht
bei 9 cores haben 1000 Messungen 0.023572 Sekunden gebraucht
bei 9 cores haben 1000 Messungen 0.023991 Sekunden gebraucht
bei 9 cores haben 1000 Messungen 0.024953 Sekunden gebraucht
bei 9 cores haben 1000 Messungen 0.024016 Sekunden gebraucht
bei 9 cores haben 1000 Messungen 0.025081 Sekunden gebraucht
bei 9 cores haben 1000 Messungen 0.025213 Sekunden gebraucht
bei 9 cores haben 1000 Messungen 0.023805 Sekunden gebraucht
bei 9 cores haben 1000 Messungen 0.024457 Sekunden gebraucht
bei 10 cores haben 1000 Messungen 0.023021 Sekunden gebraucht
bei 10 cores haben 1000 Messungen 0.022783 Sekunden gebraucht
bei 10 cores haben 1000 Messungen 0.022777 Sekunden gebraucht
bei 10 cores haben 1000 Messungen 0.023059 Sekunden gebraucht
bei 10 cores haben 1000 Messungen 0.023045 Sekunden gebraucht
bei 10 cores haben 1000 Messungen 0.022846 Sekunden gebraucht
bei 10 cores haben 1000 Messungen 0.022905 Sekunden gebraucht
bei 10 cores haben 1000 Messungen 0.023180 Sekunden gebraucht
bei 10 cores haben 1000 Messungen 0.023228 Sekunden gebraucht
bei 10 cores haben 1000 Messungen 0.023265 Sekunden gebraucht
bei 11 cores haben 1000 Messungen 0.025823 Sekunden gebraucht
bei 11 cores haben 1000 Messungen 0.026807 Sekunden gebraucht
bei 11 cores haben 1000 Messungen 0.026605 Sekunden gebraucht
bei 11 cores haben 1000 Messungen 0.026828 Sekunden gebraucht
bei 11 cores haben 1000 Messungen 0.027025 Sekunden gebraucht
bei 11 cores haben 1000 Messungen 0.027714 Sekunden gebraucht
bei 11 cores haben 1000 Messungen 0.027403 Sekunden gebraucht
bei 11 cores haben 1000 Messungen 0.027212 Sekunden gebraucht
bei 11 cores haben 1000 Messungen 0.026385 Sekunden gebraucht
bei 11 cores haben 1000 Messungen 0.026324 Sekunden gebraucht
bei 12 cores haben 1000 Messungen 0.026374 Sekunden gebraucht
bei 12 cores haben 1000 Messungen 0.026262 Sekunden gebraucht
bei 12 cores haben 1000 Messungen 0.026454 Sekunden gebraucht
bei 12 cores haben 1000 Messungen 0.027719 Sekunden gebraucht
bei 12 cores haben 1000 Messungen 0.026080 Sekunden gebraucht
bei 12 cores haben 1000 Messungen 0.026418 Sekunden gebraucht
bei 12 cores haben 1000 Messungen 0.026513 Sekunden gebraucht
bei 12 cores haben 1000 Messungen 0.025884 Sekunden gebraucht
bei 12 cores haben 1000 Messungen 0.026188 Sekunden gebraucht
bei 12 cores haben 1000 Messungen 0.026609 Sekunden gebraucht
Laenge=50
bei 1 cores haben 1000 Messungen 0.317724 Sekunden gebraucht
bei 1 cores haben 1000 Messungen 0.362254 Sekunden gebraucht
bei 1 cores haben 1000 Messungen 0.316730 Sekunden gebraucht
bei 1 cores haben 1000 Messungen 0.316730 Sekunden gebraucht
bei 1 cores haben 1000 Messungen 0.316927 Sekunden gebraucht
bei 1 cores haben 1000 Messungen 0.317406 Sekunden gebraucht
bei 1 cores haben 1000 Messungen 0.317556 Sekunden gebraucht
bei 1 cores haben 1000 Messungen 0.317129 Sekunden gebraucht
bei 1 cores haben 1000 Messungen 0.316779 Sekunden gebraucht
bei 1 cores haben 1000 Messungen 0.316738 Sekunden gebraucht
bei 2 cores haben 1000 Messungen 0.272613 Sekunden gebraucht
bei 2 cores haben 1000 Messungen 0.291816 Sekunden gebraucht
bei 2 cores haben 1000 Messungen 0.266563 Sekunden gebraucht
bei 2 cores haben 1000 Messungen 0.266796 Sekunden gebraucht
bei 2 cores haben 1000 Messungen 0.267205 Sekunden gebraucht
bei 2 cores haben 1000 Messungen 0.268018 Sekunden gebraucht
bei 2 cores haben 1000 Messungen 0.266802 Sekunden gebraucht
bei 2 cores haben 1000 Messungen 0.267123 Sekunden gebraucht
bei 2 cores haben 1000 Messungen 0.265371 Sekunden gebraucht
bei 2 cores haben 1000 Messungen 0.267034 Sekunden gebraucht
bei 3 cores haben 1000 Messungen 0.233574 Sekunden gebraucht
bei 3 cores haben 1000 Messungen 0.242390 Sekunden gebraucht
bei 3 cores haben 1000 Messungen 0.247576 Sekunden gebraucht
bei 3 cores haben 1000 Messungen 0.264626 Sekunden gebraucht
bei 3 cores haben 1000 Messungen 0.236948 Sekunden gebraucht
bei 3 cores haben 1000 Messungen 0.222646 Sekunden gebraucht
bei 3 cores haben 1000 Messungen 0.220977 Sekunden gebraucht
bei 3 cores haben 1000 Messungen 0.232005 Sekunden gebraucht
bei 3 cores haben 1000 Messungen 0.179887 Sekunden gebraucht
bei 3 cores haben 1000 Messungen 0.228660 Sekunden gebraucht
bei 4 cores haben 1000 Messungen 0.230867 Sekunden gebraucht
bei 4 cores haben 1000 Messungen 0.220249 Sekunden gebraucht
bei 4 cores haben 1000 Messungen 0.208715 Sekunden gebraucht
bei 4 cores haben 1000 Messungen 0.219925 Sekunden gebraucht
bei 4 cores haben 1000 Messungen 0.123544 Sekunden gebraucht
bei 4 cores haben 1000 Messungen 0.218279 Sekunden gebraucht
bei 4 cores haben 1000 Messungen 0.211450 Sekunden gebraucht
bei 4 cores haben 1000 Messungen 0.176491 Sekunden gebraucht
bei 4 cores haben 1000 Messungen 0.224249 Sekunden gebraucht
bei 4 cores haben 1000 Messungen 0.218506 Sekunden gebraucht
bei 5 cores haben 1000 Messungen 0.216130 Sekunden gebraucht
bei 5 cores haben 1000 Messungen 0.218223 Sekunden gebraucht
bei 5 cores haben 1000 Messungen 0.218819 Sekunden gebraucht
bei 5 cores haben 1000 Messungen 0.217321 Sekunden gebraucht
bei 5 cores haben 1000 Messungen 0.151402 Sekunden gebraucht
bei 5 cores haben 1000 Messungen 0.220422 Sekunden gebraucht
bei 5 cores haben 1000 Messungen 0.218899 Sekunden gebraucht
bei 5 cores haben 1000 Messungen 0.219730 Sekunden gebraucht
bei 5 cores haben 1000 Messungen 0.219544 Sekunden gebraucht
bei 5 cores haben 1000 Messungen 0.140581 Sekunden gebraucht
bei 6 cores haben 1000 Messungen 0.222089 Sekunden gebraucht
bei 6 cores haben 1000 Messungen 0.218324 Sekunden gebraucht
bei 6 cores haben 1000 Messungen 0.219764 Sekunden gebraucht
bei 6 cores haben 1000 Messungen 0.219608 Sekunden gebraucht
bei 6 cores haben 1000 Messungen 0.219000 Sekunden gebraucht
bei 6 cores haben 1000 Messungen 0.209794 Sekunden gebraucht
bei 6 cores haben 1000 Messungen 0.216660 Sekunden gebraucht
bei 6 cores haben 1000 Messungen 0.222665 Sekunden gebraucht
bei 6 cores haben 1000 Messungen 0.221431 Sekunden gebraucht
bei 6 cores haben 1000 Messungen 0.218173 Sekunden gebraucht
bei 7 cores haben 1000 Messungen 0.224177 Sekunden gebraucht
bei 7 cores haben 1000 Messungen 0.223847 Sekunden gebraucht
bei 7 cores haben 1000 Messungen 0.206840 Sekunden gebraucht
bei 7 cores haben 1000 Messungen 0.219867 Sekunden gebraucht
bei 7 cores haben 1000 Messungen 0.220341 Sekunden gebraucht
bei 7 cores haben 1000 Messungen 0.637200 Sekunden gebraucht
bei 7 cores haben 1000 Messungen 0.226074 Sekunden gebraucht
bei 7 cores haben 1000 Messungen 0.221077 Sekunden gebraucht
bei 7 cores haben 1000 Messungen 0.221219 Sekunden gebraucht
bei 7 cores haben 1000 Messungen 0.221796 Sekunden gebraucht
bei 8 cores haben 1000 Messungen 0.221342 Sekunden gebraucht
bei 8 cores haben 1000 Messungen 0.220781 Sekunden gebraucht
bei 8 cores haben 1000 Messungen 0.220624 Sekunden gebraucht
bei 8 cores haben 1000 Messungen 0.220519 Sekunden gebraucht
bei 8 cores haben 1000 Messungen 0.220685 Sekunden gebraucht
bei 8 cores haben 1000 Messungen 0.659244 Sekunden gebraucht
bei 8 cores haben 1000 Messungen 0.221978 Sekunden gebraucht
bei 8 cores haben 1000 Messungen 0.220382 Sekunden gebraucht
bei 8 cores haben 1000 Messungen 0.219837 Sekunden gebraucht
bei 8 cores haben 1000 Messungen 0.220985 Sekunden gebraucht
bei 9 cores haben 1000 Messungen 0.224408 Sekunden gebraucht
bei 9 cores haben 1000 Messungen 0.221877 Sekunden gebraucht
bei 9 cores haben 1000 Messungen 0.220838 Sekunden gebraucht
bei 9 cores haben 1000 Messungen 0.220344 Sekunden gebraucht
bei 9 cores haben 1000 Messungen 0.222820 Sekunden gebraucht
bei 9 cores haben 1000 Messungen 0.220704 Sekunden gebraucht
bei 9 cores haben 1000 Messungen 0.220818 Sekunden gebraucht
bei 9 cores haben 1000 Messungen 0.221903 Sekunden gebraucht
bei 9 cores haben 1000 Messungen 0.220170 Sekunden gebraucht
bei 9 cores haben 1000 Messungen 0.222803 Sekunden gebraucht
bei 10 cores haben 1000 Messungen 0.222719 Sekunden gebraucht
bei 10 cores haben 1000 Messungen 0.223279 Sekunden gebraucht
bei 10 cores haben 1000 Messungen 0.222325 Sekunden gebraucht
bei 10 cores haben 1000 Messungen 0.223386 Sekunden gebraucht
bei 10 cores haben 1000 Messungen 0.226903 Sekunden gebraucht
bei 10 cores haben 1000 Messungen 0.221852 Sekunden gebraucht
bei 10 cores haben 1000 Messungen 0.222588 Sekunden gebraucht
bei 10 cores haben 1000 Messungen 0.222941 Sekunden gebraucht
bei 10 cores haben 1000 Messungen 0.226227 Sekunden gebraucht
bei 10 cores haben 1000 Messungen 0.222057 Sekunden gebraucht
bei 11 cores haben 1000 Messungen 0.225171 Sekunden gebraucht
bei 11 cores haben 1000 Messungen 0.223836 Sekunden gebraucht
bei 11 cores haben 1000 Messungen 0.224628 Sekunden gebraucht
bei 11 cores haben 1000 Messungen 0.228923 Sekunden gebraucht
bei 11 cores haben 1000 Messungen 0.224978 Sekunden gebraucht
bei 11 cores haben 1000 Messungen 0.223022 Sekunden gebraucht
bei 11 cores haben 1000 Messungen 0.235213 Sekunden gebraucht
bei 11 cores haben 1000 Messungen 0.228006 Sekunden gebraucht
bei 11 cores haben 1000 Messungen 0.224090 Sekunden gebraucht
bei 11 cores haben 1000 Messungen 0.223918 Sekunden gebraucht
bei 12 cores haben 1000 Messungen 0.227201 Sekunden gebraucht
bei 12 cores haben 1000 Messungen 0.226596 Sekunden gebraucht
bei 12 cores haben 1000 Messungen 0.228497 Sekunden gebraucht
bei 12 cores haben 1000 Messungen 0.226307 Sekunden gebraucht
bei 12 cores haben 1000 Messungen 0.226787 Sekunden gebraucht
bei 12 cores haben 1000 Messungen 0.225683 Sekunden gebraucht
bei 12 cores haben 1000 Messungen 0.226306 Sekunden gebraucht
bei 12 cores haben 1000 Messungen 0.226566 Sekunden gebraucht
bei 12 cores haben 1000 Messungen 0.226218 Sekunden gebraucht
bei 12 cores haben 1000 Messungen 0.226622 Sekunden gebraucht
Laenge=500
bei 1 cores haben 1000 Messungen 31.559859 Sekunden gebraucht
bei 1 cores haben 1000 Messungen 31.490364 Sekunden gebraucht
bei 1 cores haben 1000 Messungen 31.646951 Sekunden gebraucht
bei 1 cores haben 1000 Messungen 31.584538 Sekunden gebraucht
bei 1 cores haben 1000 Messungen 31.499270 Sekunden gebraucht
bei 1 cores haben 1000 Messungen 31.522692 Sekunden gebraucht
bei 1 cores haben 1000 Messungen 31.859807 Sekunden gebraucht
bei 1 cores haben 1000 Messungen 31.402606 Sekunden gebraucht
bei 1 cores haben 1000 Messungen 31.528897 Sekunden gebraucht
bei 1 cores haben 1000 Messungen 31.380702 Sekunden gebraucht
bei 2 cores haben 1000 Messungen 25.806750 Sekunden gebraucht
bei 2 cores haben 1000 Messungen 25.946892 Sekunden gebraucht
bei 2 cores haben 1000 Messungen 25.862854 Sekunden gebraucht
bei 2 cores haben 1000 Messungen 25.926243 Sekunden gebraucht
bei 2 cores haben 1000 Messungen 25.877448 Sekunden gebraucht
bei 2 cores haben 1000 Messungen 25.868520 Sekunden gebraucht
bei 2 cores haben 1000 Messungen 25.967629 Sekunden gebraucht
bei 2 cores haben 1000 Messungen 25.860410 Sekunden gebraucht
bei 2 cores haben 1000 Messungen 25.860694 Sekunden gebraucht
bei 2 cores haben 1000 Messungen 25.867267 Sekunden gebraucht
bei 3 cores haben 1000 Messungen 21.587310 Sekunden gebraucht
bei 3 cores haben 1000 Messungen 21.605860 Sekunden gebraucht
bei 3 cores haben 1000 Messungen 21.409731 Sekunden gebraucht
bei 3 cores haben 1000 Messungen 21.688911 Sekunden gebraucht
bei 3 cores haben 1000 Messungen 21.667893 Sekunden gebraucht
bei 3 cores haben 1000 Messungen 21.876905 Sekunden gebraucht
bei 3 cores haben 1000 Messungen 21.716822 Sekunden gebraucht
bei 3 cores haben 1000 Messungen 21.706986 Sekunden gebraucht
bei 3 cores haben 1000 Messungen 21.750774 Sekunden gebraucht
bei 3 cores haben 1000 Messungen 21.654458 Sekunden gebraucht
bei 4 cores haben 1000 Messungen 20.597447 Sekunden gebraucht
bei 4 cores haben 1000 Messungen 20.665937 Sekunden gebraucht
bei 4 cores haben 1000 Messungen 20.680081 Sekunden gebraucht
bei 4 cores haben 1000 Messungen 20.675550 Sekunden gebraucht
bei 4 cores haben 1000 Messungen 20.626262 Sekunden gebraucht
bei 4 cores haben 1000 Messungen 20.621030 Sekunden gebraucht
bei 4 cores haben 1000 Messungen 20.701292 Sekunden gebraucht
bei 4 cores haben 1000 Messungen 20.618193 Sekunden gebraucht
bei 4 cores haben 1000 Messungen 20.652032 Sekunden gebraucht
bei 4 cores haben 1000 Messungen 20.555576 Sekunden gebraucht
bei 5 