Mon Jun 15 09:11:14 CEST 2020 Waiting for 30 seconds before starting the job to allow the node to settle down
Mon Jun 15 09:11:44 CEST 2020 Waiting done, starting task!
Mon Jun 15 09:11:44 CEST 2020 Waiting for 30 seconds before starting the job to allow the node to settle down
Mon Jun 15 09:12:14 CEST 2020 Waiting done, starting task!
Laenge=10
bei 1 cores haben 1000 Messungen 0.009216 Sekunden gebraucht
bei 1 cores haben 1000 Messungen 0.009104 Sekunden gebraucht
bei 1 cores haben 1000 Messungen 0.009099 Sekunden gebraucht
bei 1 cores haben 1000 Messungen 0.008542 Sekunden gebraucht
bei 1 cores haben 1000 Messungen 0.008632 Sekunden gebraucht
bei 2 cores haben 1000 Messungen 0.010581 Sekunden gebraucht
bei 2 cores haben 1000 Messungen 0.008412 Sekunden gebraucht
bei 2 cores haben 1000 Messungen 0.007869 Sekunden gebraucht
bei 2 cores haben 1000 Messungen 0.007846 Sekunden gebraucht
bei 2 cores haben 1000 Messungen 0.007296 Sekunden gebraucht
bei 3 cores haben 1000 Messungen 0.011027 Sekunden gebraucht
bei 3 cores haben 1000 Messungen 0.010227 Sekunden gebraucht
bei 3 cores haben 1000 Messungen 0.009979 Sekunden gebraucht
bei 3 cores haben 1000 Messungen 0.009878 Sekunden gebraucht
bei 3 cores haben 1000 Messungen 0.009791 Sekunden gebraucht
bei 4 cores haben 1000 Messungen 0.011497 Sekunden gebraucht
bei 4 cores haben 1000 Messungen 0.010902 Sekunden gebraucht
bei 4 cores haben 1000 Messungen 0.010819 Sekunden gebraucht
bei 4 cores haben 1000 Messungen 0.010853 Sekunden gebraucht
bei 4 cores haben 1000 Messungen 0.010712 Sekunden gebraucht
bei 5 cores haben 1000 Messungen 0.011477 Sekunden gebraucht
bei 5 cores haben 1000 Messungen 0.011527 Sekunden gebraucht
bei 5 cores haben 1000 Messungen 0.011831 Sekunden gebraucht
bei 5 cores haben 1000 Messungen 0.011979 Sekunden gebraucht
bei 5 cores haben 1000 Messungen 0.011855 Sekunden gebraucht
bei 6 cores haben 1000 Messungen 0.013660 Sekunden gebraucht
bei 6 cores haben 1000 Messungen 0.013519 Sekunden gebraucht
bei 6 cores haben 1000 Messungen 0.013526 Sekunden gebraucht
bei 6 cores haben 1000 Messungen 0.013588 Sekunden gebraucht
bei 6 cores haben 1000 Messungen 0.013581 Sekunden gebraucht
bei 7 cores haben 1000 Messungen 0.012988 Sekunden gebraucht
bei 7 cores haben 1000 Messungen 0.012897 Sekunden gebraucht
bei 7 cores haben 1000 Messungen 0.012862 Sekunden gebraucht
bei 7 cores haben 1000 Messungen 0.012933 Sekunden gebraucht
bei 7 cores haben 1000 Messungen 0.012806 Sekunden gebraucht
bei 8 cores haben 1000 Messungen 0.016188 Sekunden gebraucht
bei 8 cores haben 1000 Messungen 0.015712 Sekunden gebraucht
bei 8 cores haben 1000 Messungen 0.015600 Sekunden gebraucht
bei 8 cores haben 1000 Messungen 0.015462 Sekunden gebraucht
bei 8 cores haben 1000 Messungen 0.015428 Sekunden gebraucht
bei 9 cores haben 1000 Messungen 0.015135 Sekunden gebraucht
bei 9 cores haben 1000 Messungen 0.015069 Sekunden gebraucht
bei 9 cores haben 1000 Messungen 0.014557 Sekunden gebraucht
bei 9 cores haben 1000 Messungen 0.014654 Sekunden gebraucht
bei 9 cores haben 1000 Messungen 0.014612 Sekunden gebraucht
bei 10 cores haben 1000 Messungen 0.017970 Sekunden gebraucht
bei 10 cores haben 1000 Messungen 0.017682 Sekunden gebraucht
bei 10 cores haben 1000 Messungen 0.018096 Sekunden gebraucht
bei 10 cores haben 1000 Messungen 0.017549 Sekunden gebraucht
bei 10 cores haben 1000 Messungen 0.017444 Sekunden gebraucht
bei 11 cores haben 1000 Messungen 0.017501 Sekunden gebraucht
bei 11 cores haben 1000 Messungen 0.017916 Sekunden gebraucht
bei 11 cores haben 1000 Messungen 0.017957 Sekunden gebraucht
bei 11 cores haben 1000 Messungen 0.025524 Sekunden gebraucht
bei 11 cores haben 1000 Messungen 0.017401 Sekunden gebraucht
bei 12 cores haben 1000 Messungen 0.020695 Sekunden gebraucht
bei 12 cores haben 1000 Messungen 0.020775 Sekunden gebraucht
bei 12 cores haben 1000 Messungen 0.020770 Sekunden gebraucht
bei 12 cores haben 1000 Messungen 0.020617 Sekunden gebraucht
bei 12 cores haben 1000 Messungen 0.020554 Sekunden gebraucht
Laenge=100
bei 1 cores haben 1000 Messungen 0.453524 Sekunden gebraucht
bei 1 cores haben 1000 Messungen 0.453986 Sekunden gebraucht
bei 1 cores haben 1000 Messungen 0.452881 Sekunden gebraucht
bei 1 cores haben 1000 Messungen 0.452906 Sekunden gebraucht
bei 1 cores haben 1000 Messungen 0.452841 Sekunden gebraucht
bei 2 cores haben 1000 Messungen 0.307677 Sekunden gebraucht
bei 2 cores haben 1000 Messungen 0.297259 Sekunden gebraucht
bei 2 cores haben 1000 Messungen 0.250642 Sekunden gebraucht
bei 2 cores haben 1000 Messungen 0.250353 Sekunden gebraucht
bei 2 cores haben 1000 Messungen 0.250457 Sekunden gebraucht
bei 3 cores haben 1000 Messungen 0.182696 Sekunden gebraucht
bei 3 cores haben 1000 Messungen 0.183256 Sekunden gebraucht
bei 3 cores haben 1000 Messungen 0.182087 Sekunden gebraucht
bei 3 cores haben 1000 Messungen 0.182650 Sekunden gebraucht
bei 3 cores haben 1000 Messungen 0.182655 Sekunden gebraucht
bei 4 cores haben 1000 Messungen 0.151789 Sekunden gebraucht
bei 4 cores haben 1000 Messungen 0.151993 Sekunden gebraucht
bei 4 cores haben 1000 Messungen 0.151504 Sekunden gebraucht
bei 4 cores haben 1000 Messungen 0.151337 Sekunden gebraucht
bei 4 cores haben 1000 Messungen 0.151440 Sekunden gebraucht
bei 5 cores haben 1000 Messungen 0.131364 Sekunden gebraucht
bei 5 cores haben 1000 Messungen 0.133321 Sekunden gebraucht
bei 5 cores haben 1000 Messungen 0.132558 Sekunden gebraucht
bei 5 cores haben 1000 Messungen 0.132248 Sekunden gebraucht
bei 5 cores haben 1000 Messungen 0.131480 Sekunden gebraucht
bei 6 cores haben 1000 Messungen 0.120250 Sekunden gebraucht
bei 6 cores haben 1000 Messungen 0.120158 Sekunden gebraucht
bei 6 cores haben 1000 Messungen 0.120393 Sekunden gebraucht
bei 6 cores haben 1000 Messungen 0.120765 Sekunden gebraucht
bei 6 cores haben 1000 Messungen 0.121341 Sekunden gebraucht
bei 7 cores haben 1000 Messungen 0.112547 Sekunden gebraucht
bei 7 cores haben 1000 Messungen 0.111664 Sekunden gebraucht
bei 7 cores haben 1000 Messungen 0.111545 Sekunden gebraucht
bei 7 cores haben 1000 Messungen 0.112010 Sekunden gebraucht
bei 7 cores haben 1000 Messungen 0.111309 Sekunden gebraucht
bei 8 cores haben 1000 Messungen 0.105887 Sekunden gebraucht
bei 8 cores haben 1000 Messungen 0.106650 Sekunden gebraucht
bei 8 cores haben 1000 Messungen 0.106415 Sekunden gebraucht
bei 8 cores haben 1000 Messungen 0.106203 Sekunden gebraucht
bei 8 cores haben 1000 Messungen 0.106304 Sekunden gebraucht
bei 9 cores haben 1000 Messungen 0.100789 Sekunden gebraucht
bei 9 cores haben 1000 Messungen 0.100047 Sekunden gebraucht
bei 9 cores haben 1000 Messungen 0.102172 Sekunden gebraucht
bei 9 cores haben 1000 Messungen 0.103255 Sekunden gebraucht
bei 9 cores haben 1000 Messungen 0.102942 Sekunden gebraucht
bei 10 cores haben 1000 Messungen 0.101770 Sekunden gebraucht
bei 10 cores haben 1000 Messungen 0.101792 Sekunden gebraucht
bei 10 cores haben 1000 Messungen 0.102122 Sekunden gebraucht
bei 10 cores haben 1000 Messungen 0.102959 Sekunden gebraucht
bei 10 cores haben 1000 Messungen 0.101780 Sekunden gebraucht
bei 11 cores haben 1000 Messungen 0.098877 Sekunden gebraucht
bei 11 cores haben 1000 Messungen 0.098226 Sekunden gebraucht
bei 11 cores haben 1000 Messungen 0.098782 Sekunden gebraucht
bei 11 cores haben 1000 Messungen 0.098809 Sekunden gebraucht
bei 11 cores haben 1000 Messungen 0.098780 Sekunden gebraucht
bei 12 cores haben 1000 Messungen 0.098859 Sekunden gebraucht
bei 12 cores haben 1000 Messungen 0.096483 Sekunden gebraucht
bei 12 cores haben 1000 Messungen 0.097281 Sekunden gebraucht
bei 12 cores haben 1000 Messungen 0.096387 Sekunden gebraucht
bei 12 cores haben 1000 Messungen 0.096521 Sekunden gebraucht
Laenge=500
bei 1 cores haben 1000 Messungen 11.339393 Sekunden gebraucht
bei 1 cores haben 1000 Messungen 11.292090 Sekunden gebraucht
bei 1 cores haben 1000 Messungen 11.336103 Sekunden gebraucht
bei 1 cores haben 1000 Messungen 11.811641 Sekunden gebraucht
bei 1 cores haben 1000 Messungen 11.362697 Sekunden gebraucht
bei 2 cores haben 1000 Messungen 6.268429 Sekunden gebraucht
bei 2 cores haben 1000 Messungen 6.269080 Sekunden gebraucht
bei 2 cores haben 1000 Messungen 6.269501 Sekunden gebraucht
bei 2 cores haben 1000 Messungen 6.279622 Sekunden gebraucht
bei 2 cores haben 1000 Messungen 6.272554 Sekunden gebraucht
bei 3 cores haben 1000 Messungen 4.428022 Sekunden gebraucht
bei 3 cores haben 1000 Messungen 4.530738 Sekunden gebraucht
bei 3 cores haben 1000 Messungen 4.533492 Sekunden gebraucht
bei 3 cores haben 1000 Messungen 4.556739 Sekunden gebraucht
bei 3 cores haben 1000 Messungen 4.485757 Sekunden gebraucht
bei 4 cores haben 1000 Messungen 3.661762 Sekunden gebraucht
bei 4 cores haben 1000 Messungen 3.702350 Sekunden gebraucht
bei 4 cores haben 1000 Messungen 3.663464 Sekunden gebraucht
bei 4 cores haben 1000 Messungen 3.691003 Sekunden gebraucht
bei 4 cores haben 1000 Messungen 3.744316 Sekunden gebraucht
bei 5 cores haben 1000 Messungen 3.246619 Sekunden gebraucht
bei 5 cores haben 1000 Messungen 3.227745 Sekunden gebraucht
bei 5 cores haben 1000 Messungen 3.163788 Sekunden gebraucht
bei 5 cores haben 1000 Messungen 3.172615 Sekunden gebraucht
bei 5 cores haben 1000 Messungen 3.168339 Sekunden gebraucht
bei 6 cores haben 1000 Messungen 2.862693 Sekunden gebraucht
bei 6 cores haben 1000 Messungen 2.866884 Sekunden gebraucht
bei 6 cores haben 1000 Messungen 2.821701 Sekunden gebraucht
bei 6 cores haben 1000 Messungen 2.862539 Sekunden gebraucht
bei 6 cores haben 1000 Messungen 2.867549 Sekunden gebraucht
bei 7 cores haben 1000 Messungen 2.578752 Sekunden gebraucht
bei 7 cores haben 1000 Messungen 2.568880 Sekunden gebraucht
bei 7 cores haben 1000 Messungen 2.555351 Sekunden gebraucht
bei 7 cores haben 1000 Messungen 2.569462 Sekunden gebraucht
bei 7 cores haben 1000 Messungen 2.571520 Sekunden gebraucht
bei 8 cores haben 1000 Messungen 2.404773 Sekunden gebraucht
bei 8 cores haben 1000 Messungen 2.467803 Sekunden gebraucht
bei 8 cores haben 1000 Messungen 2.411809 Sekunden gebraucht
bei 8 cores haben 1000 Messungen 2.416121 Sekunden gebraucht
bei 8 cores haben 1000 Messungen 2.415916 Sekunden gebraucht
bei 9 cores haben 1000 Messungen 2.332128 Sekunden gebraucht
bei 9 cores haben 1000 Messungen 2.290095 Sekunden gebraucht
bei 9 cores haben 1000 Messungen 2.348425 Sekunden gebraucht
bei 9 cores haben 1000 Messungen 2.291079 Sekunden gebraucht
bei 9 cores haben 1000 Messungen 2.299445 Sekunden gebraucht
bei 10 cores haben 1000 Messungen 2.187162 Sekunden gebraucht
bei 10 cores haben 1000 Messungen 2.195924 Sekunden gebraucht
bei 10 cores haben 1000 Messungen 2.182128 Sekunden gebraucht
bei 10 cores haben 1000 Messungen 2.180861 Sekunden gebraucht
bei 10 cores haben 1000 Messungen 2.215923 Sekunden gebraucht
bei 11 cores haben 1000 Messungen 2.088393 Sekunden gebraucht
bei 11 cores haben 1000 Messungen 2.082304 Sekunden gebraucht
bei 11 cores haben 1000 Messungen 2.075722 Sekunden gebraucht
bei 11 cores haben 1000 Messungen 2.094390 Sekunden gebraucht
bei 11 cores haben 1000 Messungen 2.159944 Sekunden gebraucht
bei 12 cores haben 1000 Messungen 2.047071 Sekunden gebraucht
bei 12 cores haben 1000 Messungen 2.031182 Sekunden gebraucht
bei 12 cores haben 1000 Messungen 2.104329 Sekunden gebraucht
bei 12 cores haben 1000 Messungen 2.091042 Sekunden gebraucht
bei 12 cores haben 1000 Messungen 2.082647 Sekunden gebraucht
/hiskp4/gross/bachelorarbeit
