Thu Jun 11 16:12:22 CEST 2020 Waiting for 30 seconds before starting the job to allow the node to settle down
Thu Jun 11 16:12:52 CEST 2020 Waiting done, starting task!
Thu Jun 11 16:12:52 CEST 2020 Waiting for 30 seconds before starting the job to allow the node to settle down
Thu Jun 11 16:13:22 CEST 2020 Waiting done, starting task!
Laenge=10
bei 1 cores haben 1000 Messungen 0.011514 Sekunden gebraucht
bei 1 cores haben 1000 Messungen 0.010744 Sekunden gebraucht
bei 1 cores haben 1000 Messungen 0.010672 Sekunden gebraucht
bei 1 cores haben 1000 Messungen 0.011019 Sekunden gebraucht
bei 1 cores haben 1000 Messungen 0.010979 Sekunden gebraucht
bei 2 cores haben 1000 Messungen 0.009358 Sekunden gebraucht
bei 2 cores haben 1000 Messungen 0.009099 Sekunden gebraucht
bei 2 cores haben 1000 Messungen 0.009139 Sekunden gebraucht
bei 2 cores haben 1000 Messungen 0.009121 Sekunden gebraucht
bei 2 cores haben 1000 Messungen 0.009155 Sekunden gebraucht
bei 3 cores haben 1000 Messungen 0.019817 Sekunden gebraucht
bei 3 cores haben 1000 Messungen 0.016824 Sekunden gebraucht
bei 3 cores haben 1000 Messungen 0.016328 Sekunden gebraucht
bei 3 cores haben 1000 Messungen 0.016713 Sekunden gebraucht
bei 3 cores haben 1000 Messungen 0.016544 Sekunden gebraucht
bei 4 cores haben 1000 Messungen 0.017903 Sekunden gebraucht
bei 4 cores haben 1000 Messungen 0.017821 Sekunden gebraucht
bei 4 cores haben 1000 Messungen 0.017483 Sekunden gebraucht
bei 4 cores haben 1000 Messungen 0.017705 Sekunden gebraucht
bei 4 cores haben 1000 Messungen 0.017469 Sekunden gebraucht
bei 5 cores haben 1000 Messungen 0.017510 Sekunden gebraucht
bei 5 cores haben 1000 Messungen 0.017512 Sekunden gebraucht
bei 5 cores haben 1000 Messungen 0.017706 Sekunden gebraucht
bei 5 cores haben 1000 Messungen 0.017627 Sekunden gebraucht
bei 5 cores haben 1000 Messungen 0.017729 Sekunden gebraucht
bei 6 cores haben 1000 Messungen 0.019424 Sekunden gebraucht
bei 6 cores haben 1000 Messungen 0.019242 Sekunden gebraucht
bei 6 cores haben 1000 Messungen 0.019308 Sekunden gebraucht
bei 6 cores haben 1000 Messungen 0.019283 Sekunden gebraucht
bei 6 cores haben 1000 Messungen 0.019527 Sekunden gebraucht
bei 7 cores haben 1000 Messungen 0.019104 Sekunden gebraucht
bei 7 cores haben 1000 Messungen 0.019164 Sekunden gebraucht
bei 7 cores haben 1000 Messungen 0.018427 Sekunden gebraucht
bei 7 cores haben 1000 Messungen 0.018149 Sekunden gebraucht
bei 7 cores haben 1000 Messungen 0.018213 Sekunden gebraucht
bei 8 cores haben 1000 Messungen 0.020265 Sekunden gebraucht
bei 8 cores haben 1000 Messungen 0.020030 Sekunden gebraucht
bei 8 cores haben 1000 Messungen 0.019256 Sekunden gebraucht
bei 8 cores haben 1000 Messungen 0.017854 Sekunden gebraucht
bei 8 cores haben 1000 Messungen 0.017801 Sekunden gebraucht
bei 9 cores haben 1000 Messungen 0.016492 Sekunden gebraucht
bei 9 cores haben 1000 Messungen 0.016311 Sekunden gebraucht
bei 9 cores haben 1000 Messungen 0.016314 Sekunden gebraucht
bei 9 cores haben 1000 Messungen 0.018313 Sekunden gebraucht
bei 9 cores haben 1000 Messungen 0.018812 Sekunden gebraucht
bei 10 cores haben 1000 Messungen 0.023309 Sekunden gebraucht
bei 10 cores haben 1000 Messungen 0.023193 Sekunden gebraucht
bei 10 cores haben 1000 Messungen 0.023385 Sekunden gebraucht
bei 10 cores haben 1000 Messungen 0.023212 Sekunden gebraucht
bei 10 cores haben 1000 Messungen 0.023047 Sekunden gebraucht
bei 11 cores haben 1000 Messungen 0.021742 Sekunden gebraucht
bei 11 cores haben 1000 Messungen 0.020691 Sekunden gebraucht
bei 11 cores haben 1000 Messungen 0.020579 Sekunden gebraucht
bei 11 cores haben 1000 Messungen 0.021297 Sekunden gebraucht
bei 11 cores haben 1000 Messungen 0.020774 Sekunden gebraucht
bei 12 cores haben 1000 Messungen 0.024885 Sekunden gebraucht
bei 12 cores haben 1000 Messungen 0.024617 Sekunden gebraucht
bei 12 cores haben 1000 Messungen 0.024523 Sekunden gebraucht
bei 12 cores haben 1000 Messungen 0.024676 Sekunden gebraucht
bei 12 cores haben 1000 Messungen 0.024546 Sekunden gebraucht
Laenge=100
bei 1 cores haben 1000 Messungen 0.673574 Sekunden gebraucht
bei 1 cores haben 1000 Messungen 0.685241 Sekunden gebraucht
bei 1 cores haben 1000 Messungen 0.690817 Sekunden gebraucht
bei 1 cores haben 1000 Messungen 0.735165 Sekunden gebraucht
bei 1 cores haben 1000 Messungen 0.777586 Sekunden gebraucht
bei 2 cores haben 1000 Messungen 0.975866 Sekunden gebraucht
bei 2 cores haben 1000 Messungen 0.978470 Sekunden gebraucht
bei 2 cores haben 1000 Messungen 0.987081 Sekunden gebraucht
bei 2 cores haben 1000 Messungen 0.978849 Sekunden gebraucht
bei 2 cores haben 1000 Messungen 0.970174 Sekunden gebraucht
bei 3 cores haben 1000 Messungen 0.898180 Sekunden gebraucht
bei 3 cores haben 1000 Messungen 0.838565 Sekunden gebraucht
bei 3 cores haben 1000 Messungen 0.914881 Sekunden gebraucht
bei 3 cores haben 1000 Messungen 0.833229 Sekunden gebraucht
bei 3 cores haben 1000 Messungen 0.799956 Sekunden gebraucht
bei 4 cores haben 1000 Messungen 0.793071 Sekunden gebraucht
bei 4 cores haben 1000 Messungen 0.752458 Sekunden gebraucht
bei 4 cores haben 1000 Messungen 0.742201 Sekunden gebraucht
bei 4 cores haben 1000 Messungen 0.767042 Sekunden gebraucht
bei 4 cores haben 1000 Messungen 0.782219 Sekunden gebraucht
bei 5 cores haben 1000 Messungen 0.808281 Sekunden gebraucht
bei 5 cores haben 1000 Messungen 0.792891 Sekunden gebraucht
bei 5 cores haben 1000 Messungen 0.884517 Sekunden gebraucht
bei 5 cores haben 1000 Messungen 0.797788 Sekunden gebraucht
bei 5 cores haben 1000 Messungen 0.811661 Sekunden gebraucht
bei 6 cores haben 1000 Messungen 0.812619 Sekunden gebraucht
bei 6 cores haben 1000 Messungen 0.796072 Sekunden gebraucht
bei 6 cores haben 1000 Messungen 0.786861 Sekunden gebraucht
bei 6 cores haben 1000 Messungen 0.796986 Sekunden gebraucht
bei 6 cores haben 1000 Messungen 0.782945 Sekunden gebraucht
bei 7 cores haben 1000 Messungen 0.809607 Sekunden gebraucht
bei 7 cores haben 1000 Messungen 0.853674 Sekunden gebraucht
bei 7 cores haben 1000 Messungen 0.891276 Sekunden gebraucht
bei 7 cores haben 1000 Messungen 0.852232 Sekunden gebraucht
bei 7 cores haben 1000 Messungen 0.831922 Sekunden gebraucht
bei 8 cores haben 1000 Messungen 0.838674 Sekunden gebraucht
bei 8 cores haben 1000 Messungen 0.824982 Sekunden gebraucht
bei 8 cores haben 1000 Messungen 0.822698 Sekunden gebraucht
bei 8 cores haben 1000 Messungen 0.829922 Sekunden gebraucht
bei 8 cores haben 1000 Messungen 0.831530 Sekunden gebraucht
bei 9 cores haben 1000 Messungen 0.852236 Sekunden gebraucht
bei 9 cores haben 1000 Messungen 0.826977 Sekunden gebraucht
bei 9 cores haben 1000 Messungen 1.169853 Sekunden gebraucht
bei 9 cores haben 1000 Messungen 0.838302 Sekunden gebraucht
bei 9 cores haben 1000 Messungen 0.847935 Sekunden gebraucht
bei 10 cores haben 1000 Messungen 0.873358 Sekunden gebraucht
bei 10 cores haben 1000 Messungen 0.892610 Sekunden gebraucht
bei 10 cores haben 1000 Messungen 0.853595 Sekunden gebraucht
bei 10 cores haben 1000 Messungen 0.872323 Sekunden gebraucht
bei 10 cores haben 1000 Messungen 0.836098 Sekunden gebraucht
bei 11 cores haben 1000 Messungen 0.872973 Sekunden gebraucht
bei 11 cores haben 1000 Messungen 0.865774 Sekunden gebraucht
bei 11 cores haben 1000 Messungen 0.880095 Sekunden gebraucht
bei 11 cores haben 1000 Messungen 0.860402 Sekunden gebraucht
bei 11 cores haben 1000 Messungen 0.868884 Sekunden gebraucht
bei 12 cores haben 1000 Messungen 0.871903 Sekunden gebraucht
bei 12 cores haben 1000 Messungen 0.868575 Sekunden gebraucht
bei 12 cores haben 1000 Messungen 0.882666 Sekunden gebraucht
bei 12 cores haben 1000 Messungen 0.872212 Sekunden gebraucht
bei 12 cores haben 1000 Messungen 0.871588 Sekunden gebraucht
Laenge=500
bei 1 cores haben 1000 Messungen 16.300148 Sekunden gebraucht
bei 1 cores haben 1000 Messungen 16.250259 Sekunden gebraucht
bei 1 cores haben 1000 Messungen 16.206954 Sekunden gebraucht
bei 1 cores haben 1000 Messungen 16.207126 Sekunden gebraucht
bei 1 cores haben 1000 Messungen 16.217044 Sekunden gebraucht
bei 2 cores haben 1000 Messungen 24.936943 Sekunden gebraucht
bei 2 cores haben 1000 Messungen 24.977916 Sekunden gebraucht
bei 2 cores haben 1000 Messungen 24.867218 Sekunden gebraucht
bei 2 cores haben 1000 Messungen 24.720910 Sekunden gebraucht
bei 2 cores haben 1000 Messungen 24.743510 Sekunden gebraucht
bei 3 cores haben 1000 Messungen 21.427662 Sekunden gebraucht
bei 3 cores haben 1000 Messungen 21.408454 Sekunden gebraucht
bei 3 cores haben 1000 Messungen 21.317345 Sekunden gebraucht
bei 3 cores haben 1000 Messungen 21.145382 Sekunden gebraucht
bei 3 cores haben 1000 Messungen 21.391840 Sekunden gebraucht
bei 4 cores haben 1000 Messungen 18.926080 Sekunden gebraucht
bei 4 cores haben 1000 Messungen 19.003201 Sekunden gebraucht
bei 4 cores haben 1000 Messungen 18.827332 Sekunden gebraucht
bei 4 cores haben 1000 Messungen 19.025308 Sekunden gebraucht
bei 4 cores haben 1000 Messungen 18.852122 Sekunden gebraucht
bei 5 cores haben 1000 Messungen 20.925231 Sekunden gebraucht
bei 5 cores haben 1000 Messungen 20.679094 Sekunden gebraucht
bei 5 cores haben 1000 Messungen 21.008048 Sekunden gebraucht
bei 5 cores haben 1000 Messungen 20.808147 Sekunden gebraucht
bei 5 cores haben 1000 Messungen 20.747551 Sekunden gebraucht
bei 6 cores haben 1000 Messungen 21.228985 Sekunden gebraucht
bei 6 cores haben 1000 Messungen 20.490902 Sekunden gebraucht
bei 6 cores haben 1000 Messungen 19.792482 Sekunden gebraucht
bei 6 cores haben 1000 Messungen 19.831802 Sekunden gebraucht
bei 6 cores haben 1000 Messungen 19.684921 Sekunden gebraucht
bei 7 cores haben 1000 Messungen 21.569135 Sekunden gebraucht
bei 7 cores haben 1000 Messungen 21.643751 Sekunden gebraucht
bei 7 cores haben 1000 Messungen 21.684432 Sekunden gebraucht
bei 7 cores haben 1000 Messungen 21.701689 Sekunden gebraucht
bei 7 cores haben 1000 Messungen 21.754988 Sekunden gebraucht
bei 8 cores haben 1000 Messungen 20.698844 Sekunden gebraucht
bei 8 cores haben 1000 Messungen 20.801216 Sekunden gebraucht
bei 8 cores haben 1000 Messungen 20.784950 Sekunden gebraucht
bei 8 cores haben 1000 Messungen 20.787227 Sekunden gebraucht
bei 8 cores haben 1000 Messungen 20.955795 Sekunden gebraucht
bei 9 cores haben 1000 Messungen 21.408677 Sekunden gebraucht
bei 9 cores haben 1000 Messungen 21.531857 Sekunden gebraucht
bei 9 cores haben 1000 Messungen 21.712856 Sekunden gebraucht
bei 9 cores haben 1000 Messungen 21.789170 Sekunden gebraucht
bei 9 cores haben 1000 Messungen 21.558458 Sekunden gebraucht
bei 10 cores haben 1000 Messungen 21.426167 Sekunden gebraucht
bei 10 cores haben 1000 Messungen 21.465317 Sekunden gebraucht
bei 10 cores haben 1000 Messungen 21.597371 Sekunden gebraucht
bei 10 cores haben 1000 Messungen 21.615463 Sekunden gebraucht
bei 10 cores haben 1000 Messungen 21.697712 Sekunden gebraucht
bei 11 cores haben 1000 Messungen 21.466153 Sekunden gebraucht
bei 11 cores haben 1000 Messungen 21.609093 Sekunden gebraucht
bei 11 cores haben 1000 Messungen 21.621649 Sekunden gebraucht
bei 11 cores haben 1000 Messungen 21.678782 Sekunden gebraucht
bei 11 cores haben 1000 Messungen 21.577560 Sekunden gebraucht
bei 12 cores haben 1000 Messungen 21.488468 Sekunden gebraucht
bei 12 cores haben 1000 Messungen 21.562742 Sekunden gebraucht
bei 12 cores haben 1000 Messungen 21.467872 Sekunden gebraucht
bei 12 cores haben 1000 Messungen 21.438435 Sekunden gebraucht
bei 12 cores haben 1000 Messungen 21.527219 Sekunden gebraucht
/hiskp4/gross/bachelorarbeit
