Thu Jul 16 10:46:15 CEST 2020 Waiting for 30 seconds before starting the job to allow the node to settle down
Thu Jul 16 10:46:45 CEST 2020 Waiting done, starting task!
Thu Jul 16 10:46:45 CEST 2020 Waiting for 30 seconds before starting the job to allow the node to settle down
Thu Jul 16 10:46:45 CEST 2020 Waiting for 30 seconds before starting the job to allow the node to settle down
Thu Jul 16 10:47:15 CEST 2020 Waiting done, starting task!
Thu Jul 16 10:47:15 CEST 2020 Waiting done, starting task!
0.000000	2.000000	1000.000000	768.000000	15.211010
0.000000	2.000000	1000.000000	768.000000	15.126720
0.000000	2.000000	1000.000000	768.000000	15.150650
0.000000	2.000000	1000.000000	768.000000	15.126349
0.000000	2.000000	1000.000000	768.000000	15.249150
0.000000	2.000000	1000.000000	768.000000	15.161439
0.000000	2.000000	1000.000000	768.000000	15.141731
0.000000	2.000000	1000.000000	768.000000	15.246734
0.000000	2.000000	1000.000000	768.000000	15.281282
0.000000	2.000000	1000.000000	768.000000	15.089300
1.000000	2.000000	1000.000000	768.000000	15.210705
1.000000	2.000000	1000.000000	768.000000	15.126440
1.000000	2.000000	1000.000000	768.000000	15.150331
1.000000	2.000000	1000.000000	768.000000	15.125970
1.000000	2.000000	1000.000000	768.000000	15.248929
1.000000	2.000000	1000.000000	768.000000	15.161115
1.000000	2.000000	1000.000000	768.000000	15.141479
1.000000	2.000000	1000.000000	768.000000	15.246430
1.000000	2.000000	1000.000000	768.000000	15.280986
1.000000	2.000000	1000.000000	768.000000	15.088954
/hiskp4/gross/bachelorarbeit
