Thu Jun 25 18:46:32 CEST 2020 Waiting for 30 seconds before starting the job to allow the node to settle down
Thu Jun 25 18:47:02 CEST 2020 Waiting done, starting task!
Thu Jun 25 18:47:02 CEST 2020 Waiting for 30 seconds before starting the job to allow the node to settle down
Thu Jun 25 18:47:32 CEST 2020 Waiting done, starting task!
Laenge=96	Temperatur=0.500000
Richtige Funktion!
bei 1 cores haben 1000 Messungen 0.571092 Sekunden gebraucht
Richtige Funktion!
bei 1 cores haben 1000 Messungen 0.604874 Sekunden gebraucht
Richtige Funktion!
bei 1 cores haben 1000 Messungen 0.563844 Sekunden gebraucht
Richtige Funktion!
bei 1 cores haben 1000 Messungen 0.564794 Sekunden gebraucht
Richtige Funktion!
bei 1 cores haben 1000 Messungen 0.564653 Sekunden gebraucht
Richtige Funktion!
bei 2 cores haben 1000 Messungen 0.393770 Sekunden gebraucht
Richtige Funktion!
bei 2 cores haben 1000 Messungen 0.329679 Sekunden gebraucht
Richtige Funktion!
bei 2 cores haben 1000 Messungen 0.311250 Sekunden gebraucht
Richtige Funktion!
bei 2 cores haben 1000 Messungen 0.312706 Sekunden gebraucht
Richtige Funktion!
bei 2 cores haben 1000 Messungen 0.321084 Sekunden gebraucht
Richtige Funktion!
bei 3 cores haben 1000 Messungen 0.260162 Sekunden gebraucht
Richtige Funktion!
bei 3 cores haben 1000 Messungen 0.222775 Sekunden gebraucht
Richtige Funktion!
bei 3 cores haben 1000 Messungen 0.225339 Sekunden gebraucht
Richtige Funktion!
bei 3 cores haben 1000 Messungen 0.230666 Sekunden gebraucht
Richtige Funktion!
bei 3 cores haben 1000 Messungen 0.229442 Sekunden gebraucht
Richtige Funktion!
bei 4 cores haben 1000 Messungen 0.182818 Sekunden gebraucht
Richtige Funktion!
bei 4 cores haben 1000 Messungen 0.210069 Sekunden gebraucht
Richtige Funktion!
bei 4 cores haben 1000 Messungen 0.179739 Sekunden gebraucht
Richtige Funktion!
bei 4 cores haben 1000 Messungen 0.182183 Sekunden gebraucht
Richtige Funktion!
bei 4 cores haben 1000 Messungen 0.179111 Sekunden gebraucht
Richtige Funktion!
bei 5 cores haben 1000 Messungen 0.161059 Sekunden gebraucht
Richtige Funktion!
bei 5 cores haben 1000 Messungen 0.191127 Sekunden gebraucht
Richtige Funktion!
bei 5 cores haben 1000 Messungen 0.258444 Sekunden gebraucht
Richtige Funktion!
bei 5 cores haben 1000 Messungen 0.208062 Sekunden gebraucht
Richtige Funktion!
bei 5 cores haben 1000 Messungen 0.173045 Sekunden gebraucht
Richtige Funktion!
bei 6 cores haben 1000 Messungen 0.165547 Sekunden gebraucht
Richtige Funktion!
bei 6 cores haben 1000 Messungen 0.249187 Sekunden gebraucht
Richtige Funktion!
bei 6 cores haben 1000 Messungen 0.192039 Sekunden gebraucht
Richtige Funktion!
bei 6 cores haben 1000 Messungen 0.241475 Sekunden gebraucht
Richtige Funktion!
bei 6 cores haben 1000 Messungen 0.223475 Sekunden gebraucht
Richtige Funktion!
bei 7 cores haben 1000 Messungen 0.215787 Sekunden gebraucht
Richtige Funktion!
bei 7 cores haben 1000 Messungen 0.156560 Sekunden gebraucht
Richtige Funktion!
bei 7 cores haben 1000 Messungen 0.178994 Sekunden gebraucht
Richtige Funktion!
bei 7 cores haben 1000 Messungen 0.156515 Sekunden gebraucht
Richtige Funktion!
bei 7 cores haben 1000 Messungen 0.219173 Sekunden gebraucht
Richtige Funktion!
bei 8 cores haben 1000 Messungen 0.195352 Sekunden gebraucht
Richtige Funktion!
bei 8 cores haben 1000 Messungen 0.201133 Sekunden gebraucht
Richtige Funktion!
bei 8 cores haben 1000 Messungen 0.195821 Sekunden gebraucht
Richtige Funktion!
bei 8 cores haben 1000 Messungen 0.198436 Sekunden gebraucht
Richtige Funktion!
bei 8 cores haben 1000 Messungen 0.194360 Sekunden gebraucht
Richtige Funktion!
bei 9 cores haben 1000 Messungen 0.191474 Sekunden gebraucht
Richtige Funktion!
bei 9 cores haben 1000 Messungen 0.182255 Sekunden gebraucht
Richtige Funktion!
bei 9 cores haben 1000 Messungen 0.191630 Sekunden gebraucht
Richtige Funktion!
bei 9 cores haben 1000 Messungen 0.185942 Sekunden gebraucht
Richtige Funktion!
bei 9 cores haben 1000 Messungen 0.190860 Sekunden gebraucht
Richtige Funktion!
bei 10 cores haben 1000 Messungen 0.135186 Sekunden gebraucht
Richtige Funktion!
bei 10 cores haben 1000 Messungen 0.153712 Sekunden gebraucht
Richtige Funktion!
bei 10 cores haben 1000 Messungen 0.159807 Sekunden gebraucht
Richtige Funktion!
bei 10 cores haben 1000 Messungen 0.161617 Sekunden gebraucht
Richtige Funktion!
bei 10 cores haben 1000 Messungen 0.167744 Sekunden gebraucht
Richtige Funktion!
bei 11 cores haben 1000 Messungen 0.107212 Sekunden gebraucht
Richtige Funktion!
bei 11 cores haben 1000 Messungen 0.107976 Sekunden gebraucht
Richtige Funktion!
bei 11 cores haben 1000 Messungen 0.107130 Sekunden gebraucht
Richtige Funktion!
bei 11 cores haben 1000 Messungen 0.108142 Sekunden gebraucht
Richtige Funktion!
bei 11 cores haben 1000 Messungen 0.107029 Sekunden gebraucht
Richtige Funktion!
bei 12 cores haben 1000 Messungen 0.105312 Sekunden gebraucht
Richtige Funktion!
bei 12 cores haben 1000 Messungen 0.105643 Sekunden gebraucht
Richtige Funktion!
bei 12 cores haben 1000 Messungen 0.105750 Sekunden gebraucht
Richtige Funktion!
bei 12 cores haben 1000 Messungen 0.105782 Sekunden gebraucht
Richtige Funktion!
bei 12 cores haben 1000 Messungen 0.105415 Sekunden gebraucht
/hiskp4/gross/bachelorarbeit
