Sun Jul 26 13:29:49 CEST 2020 Waiting for 30 seconds before starting the job to allow the node to settle down
Sun Jul 26 13:30:19 CEST 2020 Waiting done, starting task!
480 1
Sun Jul 26 13:30:19 CEST 2020 Waiting for 30 seconds before starting the job to allow the node to settle down
Sun Jul 26 13:30:49 CEST 2020 Waiting done, starting task!
480
480 2
Sun Jul 26 13:43:02 CEST 2020 Waiting for 30 seconds before starting the job to allow the node to settle down
Sun Jul 26 13:43:02 CEST 2020 Waiting for 30 seconds before starting the job to allow the node to settle down
Sun Jul 26 13:43:32 CEST 2020 Waiting done, starting task!
Sun Jul 26 13:43:32 CEST 2020 Waiting done, starting task!
480
480 3
Sun Jul 26 13:49:43 CEST 2020 Waiting for 30 seconds before starting the job to allow the node to settle down
Sun Jul 26 13:49:43 CEST 2020 Waiting for 30 seconds before starting the job to allow the node to settle down
Sun Jul 26 13:49:43 CEST 2020 Waiting for 30 seconds before starting the job to allow the node to settle down
Sun Jul 26 13:50:13 CEST 2020 Waiting done, starting task!
Sun Jul 26 13:50:13 CEST 2020 Waiting done, starting task!
Sun Jul 26 13:50:13 CEST 2020 Waiting done, starting task!
480
480 4
Sun Jul 26 13:54:22 CEST 2020 Waiting for 30 seconds before starting the job to allow the node to settle down
Sun Jul 26 13:54:22 CEST 2020 Waiting for 30 seconds before starting the job to allow the node to settle down
Sun Jul 26 13:54:22 CEST 2020 Waiting for 30 seconds before starting the job to allow the node to settle down
Sun Jul 26 13:54:22 CEST 2020 Waiting for 30 seconds before starting the job to allow the node to settle down
Sun Jul 26 13:54:52 CEST 2020 Waiting done, starting task!
Sun Jul 26 13:54:52 CEST 2020 Waiting done, starting task!
Sun Jul 26 13:54:52 CEST 2020 Waiting done, starting task!
Sun Jul 26 13:54:52 CEST 2020 Waiting done, starting task!
480
480 5
Sun Jul 26 13:58:00 CEST 2020 Waiting for 30 seconds before starting the job to allow the node to settle down
Sun Jul 26 13:58:00 CEST 2020 Waiting for 30 seconds before starting the job to allow the node to settle down
Sun Jul 26 13:58:00 CEST 2020 Waiting for 30 seconds before starting the job to allow the node to settle down
Sun Jul 26 13:58:00 CEST 2020 Waiting for 30 seconds before starting the job to allow the node to settle down
Sun Jul 26 13:58:00 CEST 2020 Waiting for 30 seconds before starting the job to allow the node to settle down
Sun Jul 26 13:58:30 CEST 2020 Waiting done, starting task!
Sun Jul 26 13:58:30 CEST 2020 Waiting done, starting task!
Sun Jul 26 13:58:30 CEST 2020 Waiting done, starting task!
Sun Jul 26 13:58:30 CEST 2020 Waiting done, starting task!
Sun Jul 26 13:58:30 CEST 2020 Waiting done, starting task!
480
480 6
Sun Jul 26 14:01:03 CEST 2020 Waiting for 30 seconds before starting the job to allow the node to settle down
Sun Jul 26 14:01:03 CEST 2020 Waiting for 30 seconds before starting the job to allow the node to settle down
Sun Jul 26 14:01:03 CEST 2020 Waiting for 30 seconds before starting the job to allow the node to settle down
Sun Jul 26 14:01:03 CEST 2020 Waiting for 30 seconds before starting the job to allow the node to settle down
Sun Jul 26 14:01:03 CEST 2020 Waiting for 30 seconds before starting the job to allow the node to settle down
Sun Jul 26 14:01:03 CEST 2020 Waiting for 30 seconds before starting the job to allow the node to settle down
Sun Jul 26 14:01:33 CEST 2020 Waiting done, starting task!
Sun Jul 26 14:01:33 CEST 2020 Waiting done, starting task!
Sun Jul 26 14:01:33 CEST 2020 Waiting done, starting task!
Sun Jul 26 14:01:33 CEST 2020 Waiting done, starting task!
Sun Jul 26 14:01:33 CEST 2020 Waiting done, starting task!
Sun Jul 26 14:01:33 CEST 2020 Waiting done, starting task!
480
480 8
Sun Jul 26 14:03:42 CEST 2020 Waiting for 30 seconds before starting the job to allow the node to settle down
Sun Jul 26 14:03:42 CEST 2020 Waiting for 30 seconds before starting the job to allow the node to settle down
Sun Jul 26 14:03:42 CEST 2020 Waiting for 30 seconds before starting the job to allow the node to settle down
Sun Jul 26 14:03:42 CEST 2020 Waiting for 30 seconds before starting the job to allow the node to settle down
Sun Jul 26 14:03:42 CEST 2020 Waiting for 30 seconds before starting the job to allow the node to settle down
Sun Jul 26 14:03:42 CEST 2020 Waiting for 30 seconds before starting the job to allow the node to settle down
Sun Jul 26 14:03:42 CEST 2020 Waiting for 30 seconds before starting the job to allow the node to settle down
Sun Jul 26 14:03:42 CEST 2020 Waiting for 30 seconds before starting the job to allow the node to settle down
Sun Jul 26 14:04:12 CEST 2020 Waiting done, starting task!
Sun Jul 26 14:04:12 CEST 2020 Waiting done, starting task!
Sun Jul 26 14:04:12 CEST 2020 Waiting done, starting task!
Sun Jul 26 14:04:12 CEST 2020 Waiting done, starting task!
Sun Jul 26 14:04:12 CEST 2020 Waiting done, starting task!
Sun Jul 26 14:04:12 CEST 2020 Waiting done, starting task!
Sun Jul 26 14:04:12 CEST 2020 Waiting done, starting task!
Sun Jul 26 14:04:12 CEST 2020 Waiting done, starting task!
480
480 10
Sun Jul 26 14:05:50 CEST 2020 Waiting for 30 seconds before starting the job to allow the node to settle down
Sun Jul 26 14:05:50 CEST 2020 Waiting for 30 seconds before starting the job to allow the node to settle down
Sun Jul 26 14:05:50 CEST 2020 Waiting for 30 seconds before starting the job to allow the node to settle down
Sun Jul 26 14:05:50 CEST 2020 Waiting for 30 seconds before starting the job to allow the node to settle down
Sun Jul 26 14:05:50 CEST 2020 Waiting for 30 seconds before starting the job to allow the node to settle down
Sun Jul 26 14:05:50 CEST 2020 Waiting for 30 seconds before starting the job to allow the node to settle down
Sun Jul 26 14:05:50 CEST 2020 Waiting for 30 seconds before starting the job to allow the node to settle down
Sun Jul 26 14:05:50 CEST 2020 Waiting for 30 seconds before starting the job to allow the node to settle down
Sun Jul 26 14:05:50 CEST 2020 Waiting for 30 seconds before starting the job to allow the node to settle down
Sun Jul 26 14:05:50 CEST 2020 Waiting for 30 seconds before starting the job to allow the node to settle down
Sun Jul 26 14:06:20 CEST 2020 Waiting done, starting task!
Sun Jul 26 14:06:20 CEST 2020 Waiting done, starting task!
Sun Jul 26 14:06:20 CEST 2020 Waiting done, starting task!
Sun Jul 26 14:06:20 CEST 2020 Waiting done, starting task!
Sun Jul 26 14:06:20 CEST 2020 Waiting done, starting task!
Sun Jul 26 14:06:20 CEST 2020 Waiting done, starting task!
Sun Jul 26 14:06:20 CEST 2020 Waiting done, starting task!
Sun Jul 26 14:06:20 CEST 2020 Waiting done, starting task!
Sun Jul 26 14:06:20 CEST 2020 Waiting done, starting task!
Sun Jul 26 14:06:20 CEST 2020 Waiting done, starting task!
480
480 12
Sun Jul 26 14:07:40 CEST 2020 Waiting for 30 seconds before starting the job to allow the node to settle down
Sun Jul 26 14:07:40 CEST 2020 Waiting for 30 seconds before starting the job to allow the node to settle down
Sun Jul 26 14:07:40 CEST 2020 Waiting for 30 seconds before starting the job to allow the node to settle down
Sun Jul 26 14:07:40 CEST 2020 Waiting for 30 seconds before starting the job to allow the node to settle down
Sun Jul 26 14:07:40 CEST 2020 Waiting for 30 seconds before starting the job to allow the node to settle down
Sun Jul 26 14:07:40 CEST 2020 Waiting for 30 seconds before starting the job to allow the node to settle down
Sun Jul 26 14:07:40 CEST 2020 Waiting for 30 seconds before starting the job to allow the node to settle down
Sun Jul 26 14:07:40 CEST 2020 Waiting for 30 seconds before starting the job to allow the node to settle down
Sun Jul 26 14:07:40 CEST 2020 Waiting for 30 seconds before starting the job to allow the node to settle down
Sun Jul 26 14:07:40 CEST 2020 Waiting for 30 seconds before starting the job to allow the node to settle down
Sun Jul 26 14:07:40 CEST 2020 Waiting for 30 seconds before starting the job to allow the node to settle down
Sun Jul 26 14:07:40 CEST 2020 Waiting for 30 seconds before starting the job to allow the node to settle down
Sun Jul 26 14:08:10 CEST 2020 Waiting done, starting task!
Sun Jul 26 14:08:10 CEST 2020 Waiting done, starting task!
Sun Jul 26 14:08:10 CEST 2020 Waiting done, starting task!
Sun Jul 26 14:08:10 CEST 2020 Waiting done, starting task!
Sun Jul 26 14:08:10 CEST 2020 Waiting done, starting task!
Sun Jul 26 14:08:10 CEST 2020 Waiting done, starting task!
Sun Jul 26 14:08:10 CEST 2020 Waiting done, starting task!
Sun Jul 26 14:08:10 CEST 2020 Waiting done, starting task!
Sun Jul 26 14:08:10 CEST 2020 Waiting done, starting task!
Sun Jul 26 14:08:10 CEST 2020 Waiting done, starting task!
Sun Jul 26 14:08:10 CEST 2020 Waiting done, starting task!
Sun Jul 26 14:08:10 CEST 2020 Waiting done, starting task!
480
480 15
Sun Jul 26 14:09:20 CEST 2020 Waiting for 30 seconds before starting the job to allow the node to settle down
Sun Jul 26 14:09:20 CEST 2020 Waiting for 30 seconds before starting the job to allow the node to settle down
Sun Jul 26 14:09:20 CEST 2020 Waiting for 30 seconds before starting the job to allow the node to settle down
Sun Jul 26 14:09:20 CEST 2020 Waiting for 30 seconds before starting the job to allow the node to settle down
Sun Jul 26 14:09:20 CEST 2020 Waiting for 30 seconds before starting the job to allow the node to settle down
Sun Jul 26 14:09:20 CEST 2020 Waiting for 30 seconds before starting the job to allow the node to settle down
Sun Jul 26 14:09:20 CEST 2020 Waiting for 30 seconds before starting the job to allow the node to settle down
Sun Jul 26 14:09:20 CEST 2020 Waiting for 30 seconds before starting the job to allow the node to settle down
Sun Jul 26 14:09:20 CEST 2020 Waiting for 30 seconds before starting the job to allow the node to settle down
Sun Jul 26 14:09:20 CEST 2020 Waiting for 30 seconds before starting the job to allow the node to settle down
Sun Jul 26 14:09:20 CEST 2020 Waiting for 30 seconds before starting the job to allow the node to settle down
Sun Jul 26 14:09:20 CEST 2020 Waiting for 30 seconds before starting the job to allow the node to settle down
Sun Jul 26 14:09:20 CEST 2020 Waiting for 30 seconds before starting the job to allow the node to settle down
Sun Jul 26 14:09:20 CEST 2020 Waiting for 30 seconds before starting the job to allow the node to settle down
Sun Jul 26 14:09:20 CEST 2020 Waiting for 30 seconds before starting the job to allow the node to settle down
Sun Jul 26 14:09:50 CEST 2020 Waiting done, starting task!
Sun Jul 26 14:09:50 CEST 2020 Waiting done, starting task!
Sun Jul 26 14:09:50 CEST 2020 Waiting done, starting task!
Sun Jul 26 14:09:50 CEST 2020 Waiting done, starting task!
Sun Jul 26 14:09:50 CEST 2020 Waiting done, starting task!
Sun Jul 26 14:09:50 CEST 2020 Waiting done, starting task!
Sun Jul 26 14:09:50 CEST 2020 Waiting done, starting task!
Sun Jul 26 14:09:50 CEST 2020 Waiting done, starting task!
Sun Jul 26 14:09:50 CEST 2020 Waiting done, starting task!
Sun Jul 26 14:09:50 CEST 2020 Waiting done, starting task!
Sun Jul 26 14:09:50 CEST 2020 Waiting done, starting task!
Sun Jul 26 14:09:50 CEST 2020 Waiting done, starting task!
Sun Jul 26 14:09:50 CEST 2020 Waiting done, starting task!
Sun Jul 26 14:09:50 CEST 2020 Waiting done, starting task!
Sun Jul 26 14:09:50 CEST 2020 Waiting done, starting task!
480
480 16
Sun Jul 26 14:10:48 CEST 2020 Waiting for 30 seconds before starting the job to allow the node to settle down
Sun Jul 26 14:10:48 CEST 2020 Waiting for 30 seconds before starting the job to allow the node to settle down
Sun Jul 26 14:10:49 CEST 2020 Waiting for 30 seconds before starting the job to allow the node to settle down
Sun Jul 26 14:10:49 CEST 2020 Waiting for 30 seconds before starting the job to allow the node to settle down
Sun Jul 26 14:10:49 CEST 2020 Waiting for 30 seconds before starting the job to allow the node to settle down
Sun Jul 26 14:10:49 CEST 2020 Waiting for 30 seconds before starting the job to allow the node to settle down
Sun Jul 26 14:10:49 CEST 2020 Waiting for 30 seconds before starting the job to allow the node to settle down
Sun Jul 26 14:10:49 CEST 2020 Waiting for 30 seconds before starting the job to allow the node to settle down
Sun Jul 26 14:10:49 CEST 2020 Waiting for 30 seconds before starting the job to allow the node to settle down
Sun Jul 26 14:10:49 CEST 2020 Waiting for 30 seconds before starting the job to allow the node to settle down
Sun Jul 26 14:10:49 CEST 2020 Waiting for 30 seconds before starting the job to allow the node to settle down
Sun Jul 26 14:10:49 CEST 2020 Waiting for 30 seconds before starting the job to allow the node to settle down
Sun Jul 26 14:10:49 CEST 2020 Waiting for 30 seconds before starting the job to allow the node to settle down
Sun Jul 26 14:10:49 CEST 2020 Waiting for 30 seconds before starting the job to allow the node to settle down
Sun Jul 26 14:10:49 CEST 2020 Waiting for 30 seconds before starting the job to allow the node to settle down
Sun Jul 26 14:10:49 CEST 2020 Waiting for 30 seconds before starting the job to allow the node to settle down
Sun Jul 26 14:11:19 CEST 2020 Waiting done, starting task!
Sun Jul 26 14:11:19 CEST 2020 Waiting done, starting task!
Sun Jul 26 14:11:19 CEST 2020 Waiting done, starting task!
Sun Jul 26 14:11:19 CEST 2020 Waiting done, starting task!
Sun Jul 26 14:11:19 CEST 2020 Waiting done, starting task!
Sun Jul 26 14:11:19 CEST 2020 Waiting done, starting task!
Sun Jul 26 14:11:19 CEST 2020 Waiting done, starting task!
Sun Jul 26 14:11:19 CEST 2020 Waiting done, starting task!
Sun Jul 26 14:11:19 CEST 2020 Waiting done, starting task!
Sun Jul 26 14:11:19 CEST 2020 Waiting done, starting task!
Sun Jul 26 14:11:19 CEST 2020 Waiting done, starting task!
Sun Jul 26 14:11:19 CEST 2020 Waiting done, starting task!
Sun Jul 26 14:11:19 CEST 2020 Waiting done, starting task!
Sun Jul 26 14:11:19 CEST 2020 Waiting done, starting task!
Sun Jul 26 14:11:19 CEST 2020 Waiting done, starting task!
Sun Jul 26 14:11:19 CEST 2020 Waiting done, starting task!
480
480 20
Sun Jul 26 14:12:14 CEST 2020 Waiting for 30 seconds before starting the job to allow the node to settle down
Sun Jul 26 14:12:14 CEST 2020 Waiting for 30 seconds before starting the job to allow the node to settle down
Sun Jul 26 14:12:14 CEST 2020 Waiting for 30 seconds before starting the job to allow the node to settle down
Sun Jul 26 14:12:14 CEST 2020 Waiting for 30 seconds before starting the job to allow the node to settle down
Sun Jul 26 14:12:14 CEST 2020 Waiting for 30 seconds before starting the job to allow the node to settle down
Sun Jul 26 14:12:14 CEST 2020 Waiting for 30 seconds before starting the job to allow the node to settle down
Sun Jul 26 14:12:14 CEST 2020 Waiting for 30 seconds before starting the job to allow the node to settle down
Sun Jul 26 14:12:14 CEST 2020 Waiting for 30 seconds before starting the job to allow the node to settle down
Sun Jul 26 14:12:14 CEST 2020 Waiting for 30 seconds before starting the job to allow the node to settle down
Sun Jul 26 14:12:14 CEST 2020 Waiting for 30 seconds before starting the job to allow the node to settle down
Sun Jul 26 14:12:14 CEST 2020 Waiting for 30 seconds before starting the job to allow the node to settle down
Sun Jul 26 14:12:14 CEST 2020 Waiting for 30 seconds before starting the job to allow the node to settle down
Sun Jul 26 14:12:14 CEST 2020 Waiting for 30 seconds before starting the job to allow the node to settle down
Sun Jul 26 14:12:14 CEST 2020 Waiting for 30 seconds before starting the job to allow the node to settle down
Sun Jul 26 14:12:14 CEST 2020 Waiting for 30 seconds before starting the job to allow the node to settle down
Sun Jul 26 14:12:14 CEST 2020 Waiting for 30 seconds before starting the job to allow the node to settle down
Sun Jul 26 14:12:14 CEST 2020 Waiting for 30 seconds before starting the job to allow the node to settle down
Sun Jul 26 14:12:14 CEST 2020 Waiting for 30 seconds before starting the job to allow the node to settle down
Sun Jul 26 14:12:14 CEST 2020 Waiting for 30 seconds before starting the job to allow the node to settle down
Sun Jul 26 14:12:14 CEST 2020 Waiting for 30 seconds before starting the job to allow the node to settle down
Sun Jul 26 14:12:44 CEST 2020 Waiting done, starting task!
Sun Jul 26 14:12:44 CEST 2020 Waiting done, starting task!
Sun Jul 26 14:12:44 CEST 2020 Waiting done, starting task!
Sun Jul 26 14:12:44 CEST 2020 Waiting done, starting task!
Sun Jul 26 14:12:44 CEST 2020 Waiting done, starting task!
Sun Jul 26 14:12:44 CEST 2020 Waiting done, starting task!
Sun Jul 26 14:12:44 CEST 2020 Waiting done, starting task!
Sun Jul 26 14:12:44 CEST 2020 Waiting done, starting task!
Sun Jul 26 14:12:44 CEST 2020 Waiting done, starting task!
Sun Jul 26 14:12:44 CEST 2020 Waiting done, starting task!
Sun Jul 26 14:12:44 CEST 2020 Waiting done, starting task!
Sun Jul 26 14:12:44 CEST 2020 Waiting done, starting task!
Sun Jul 26 14:12:44 CEST 2020 Waiting done, starting task!
Sun Jul 26 14:12:44 CEST 2020 Waiting done, starting task!
Sun Jul 26 14:12:44 CEST 2020 Waiting done, starting task!
Sun Jul 26 14:12:44 CEST 2020 Waiting done, starting task!
Sun Jul 26 14:12:44 CEST 2020 Waiting done, starting task!
Sun Jul 26 14:12:44 CEST 2020 Waiting done, starting task!
Sun Jul 26 14:12:44 CEST 2020 Waiting done, starting task!
Sun Jul 26 14:12:44 CEST 2020 Waiting done, starting task!
480
/hiskp4/gross/bachelorarbeit
