Tue Jun 16 16:13:55 CEST 2020 Waiting for 30 seconds before starting the job to allow the node to settle down
Tue Jun 16 16:14:25 CEST 2020 Waiting done, starting task!
Tue Jun 16 16:14:25 CEST 2020 Waiting for 30 seconds before starting the job to allow the node to settle down
Tue Jun 16 16:14:55 CEST 2020 Waiting done, starting task!
Laenge=10
bei 1 cores haben 1000 Messungen 0.013124 Sekunden gebraucht
bei 1 cores haben 1000 Messungen 0.013183 Sekunden gebraucht
bei 1 cores haben 1000 Messungen 0.013062 Sekunden gebraucht
bei 1 cores haben 1000 Messungen 0.019982 Sekunden gebraucht
bei 1 cores haben 1000 Messungen 0.018807 Sekunden gebraucht
bei 2 cores haben 1000 Messungen 0.029159 Sekunden gebraucht
bei 2 cores haben 1000 Messungen 0.030328 Sekunden gebraucht
bei 2 cores haben 1000 Messungen 0.026184 Sekunden gebraucht
bei 2 cores haben 1000 Messungen 0.023570 Sekunden gebraucht
bei 2 cores haben 1000 Messungen 0.022592 Sekunden gebraucht
bei 3 cores haben 1000 Messungen 0.019564 Sekunden gebraucht
bei 3 cores haben 1000 Messungen 0.019543 Sekunden gebraucht
bei 3 cores haben 1000 Messungen 0.019558 Sekunden gebraucht
bei 3 cores haben 1000 Messungen 0.019542 Sekunden gebraucht
bei 3 cores haben 1000 Messungen 0.019598 Sekunden gebraucht
bei 4 cores haben 1000 Messungen 0.019798 Sekunden gebraucht
bei 4 cores haben 1000 Messungen 0.019895 Sekunden gebraucht
bei 4 cores haben 1000 Messungen 0.019445 Sekunden gebraucht
bei 4 cores haben 1000 Messungen 0.019920 Sekunden gebraucht
bei 4 cores haben 1000 Messungen 0.019783 Sekunden gebraucht
bei 5 cores haben 1000 Messungen 0.020406 Sekunden gebraucht
bei 5 cores haben 1000 Messungen 0.020231 Sekunden gebraucht
bei 5 cores haben 1000 Messungen 0.020373 Sekunden gebraucht
bei 5 cores haben 1000 Messungen 0.020439 Sekunden gebraucht
bei 5 cores haben 1000 Messungen 0.020770 Sekunden gebraucht
bei 6 cores haben 1000 Messungen 0.019892 Sekunden gebraucht
bei 6 cores haben 1000 Messungen 0.019719 Sekunden gebraucht
bei 6 cores haben 1000 Messungen 0.019530 Sekunden gebraucht
bei 6 cores haben 1000 Messungen 0.019050 Sekunden gebraucht
bei 6 cores haben 1000 Messungen 0.018818 Sekunden gebraucht
bei 7 cores haben 1000 Messungen 0.020194 Sekunden gebraucht
bei 7 cores haben 1000 Messungen 0.019553 Sekunden gebraucht
bei 7 cores haben 1000 Messungen 0.019482 Sekunden gebraucht
bei 7 cores haben 1000 Messungen 0.019822 Sekunden gebraucht
bei 7 cores haben 1000 Messungen 0.018074 Sekunden gebraucht
bei 8 cores haben 1000 Messungen 0.019564 Sekunden gebraucht
bei 8 cores haben 1000 Messungen 0.019336 Sekunden gebraucht
bei 8 cores haben 1000 Messungen 0.019365 Sekunden gebraucht
bei 8 cores haben 1000 Messungen 0.019339 Sekunden gebraucht
bei 8 cores haben 1000 Messungen 0.019119 Sekunden gebraucht
bei 9 cores haben 1000 Messungen 0.020295 Sekunden gebraucht
bei 9 cores haben 1000 Messungen 0.020116 Sekunden gebraucht
bei 9 cores haben 1000 Messungen 0.020203 Sekunden gebraucht
bei 9 cores haben 1000 Messungen 0.020216 Sekunden gebraucht
bei 9 cores haben 1000 Messungen 0.020448 Sekunden gebraucht
bei 10 cores haben 1000 Messungen 0.021954 Sekunden gebraucht
bei 10 cores haben 1000 Messungen 0.022002 Sekunden gebraucht
bei 10 cores haben 1000 Messungen 0.021779 Sekunden gebraucht
bei 10 cores haben 1000 Messungen 0.021938 Sekunden gebraucht
bei 10 cores haben 1000 Messungen 0.021936 Sekunden gebraucht
bei 11 cores haben 1000 Messungen 0.022115 Sekunden gebraucht
bei 11 cores haben 1000 Messungen 0.022107 Sekunden gebraucht
bei 11 cores haben 1000 Messungen 0.022188 Sekunden gebraucht
bei 11 cores haben 1000 Messungen 0.022003 Sekunden gebraucht
bei 11 cores haben 1000 Messungen 0.022245 Sekunden gebraucht
bei 12 cores haben 1000 Messungen 0.023879 Sekunden gebraucht
bei 12 cores haben 1000 Messungen 0.023502 Sekunden gebraucht
bei 12 cores haben 1000 Messungen 0.023493 Sekunden gebraucht
bei 12 cores haben 1000 Messungen 0.023515 Sekunden gebraucht
bei 12 cores haben 1000 Messungen 0.023458 Sekunden gebraucht
Laenge=100
bei 1 cores haben 1000 Messungen 0.836713 Sekunden gebraucht
bei 1 cores haben 1000 Messungen 0.835809 Sekunden gebraucht
bei 1 cores haben 1000 Messungen 0.835890 Sekunden gebraucht
bei 1 cores haben 1000 Messungen 0.852013 Sekunden gebraucht
bei 1 cores haben 1000 Messungen 0.835649 Sekunden gebraucht
bei 2 cores haben 1000 Messungen 0.554140 Sekunden gebraucht
bei 2 cores haben 1000 Messungen 0.596083 Sekunden gebraucht
bei 2 cores haben 1000 Messungen 0.447968 Sekunden gebraucht
bei 2 cores haben 1000 Messungen 0.446750 Sekunden gebraucht
bei 2 cores haben 1000 Messungen 0.447034 Sekunden gebraucht
bei 3 cores haben 1000 Messungen 0.319698 Sekunden gebraucht
bei 3 cores haben 1000 Messungen 0.326282 Sekunden gebraucht
bei 3 cores haben 1000 Messungen 0.319966 Sekunden gebraucht
bei 3 cores haben 1000 Messungen 0.326293 Sekunden gebraucht
bei 3 cores haben 1000 Messungen 0.331808 Sekunden gebraucht
bei 4 cores haben 1000 Messungen 0.260651 Sekunden gebraucht
bei 4 cores haben 1000 Messungen 0.260389 Sekunden gebraucht
bei 4 cores haben 1000 Messungen 0.261139 Sekunden gebraucht
bei 4 cores haben 1000 Messungen 0.259838 Sekunden gebraucht
bei 4 cores haben 1000 Messungen 0.261268 Sekunden gebraucht
bei 5 cores haben 1000 Messungen 0.244661 Sekunden gebraucht
bei 5 cores haben 1000 Messungen 0.223591 Sekunden gebraucht
bei 5 cores haben 1000 Messungen 0.221626 Sekunden gebraucht
bei 5 cores haben 1000 Messungen 0.222736 Sekunden gebraucht
bei 5 cores haben 1000 Messungen 0.221875 Sekunden gebraucht
bei 6 cores haben 1000 Messungen 0.197438 Sekunden gebraucht
bei 6 cores haben 1000 Messungen 0.196991 Sekunden gebraucht
bei 6 cores haben 1000 Messungen 0.196073 Sekunden gebraucht
bei 6 cores haben 1000 Messungen 0.194452 Sekunden gebraucht
bei 6 cores haben 1000 Messungen 0.196004 Sekunden gebraucht
bei 7 cores haben 1000 Messungen 0.190874 Sekunden gebraucht
bei 7 cores haben 1000 Messungen 0.176821 Sekunden gebraucht
bei 7 cores haben 1000 Messungen 0.176691 Sekunden gebraucht
bei 7 cores haben 1000 Messungen 0.178254 Sekunden gebraucht
bei 7 cores haben 1000 Messungen 0.176417 Sekunden gebraucht
bei 8 cores haben 1000 Messungen 0.221825 Sekunden gebraucht
bei 8 cores haben 1000 Messungen 0.162528 Sekunden gebraucht
bei 8 cores haben 1000 Messungen 0.160531 Sekunden gebraucht
bei 8 cores haben 1000 Messungen 0.179032 Sekunden gebraucht
bei 8 cores haben 1000 Messungen 0.166185 Sekunden gebraucht
bei 9 cores haben 1000 Messungen 0.157602 Sekunden gebraucht
bei 9 cores haben 1000 Messungen 0.155100 Sekunden gebraucht
bei 9 cores haben 1000 Messungen 0.157455 Sekunden gebraucht
bei 9 cores haben 1000 Messungen 0.156152 Sekunden gebraucht
bei 9 cores haben 1000 Messungen 0.163587 Sekunden gebraucht
bei 10 cores haben 1000 Messungen 0.148086 Sekunden gebraucht
bei 10 cores haben 1000 Messungen 0.150526 Sekunden gebraucht
bei 10 cores haben 1000 Messungen 0.158884 Sekunden gebraucht
bei 10 cores haben 1000 Messungen 0.148023 Sekunden gebraucht
bei 10 cores haben 1000 Messungen 0.147453 Sekunden gebraucht
bei 11 cores haben 1000 Messungen 0.200042 Sekunden gebraucht
bei 11 cores haben 1000 Messungen 0.147359 Sekunden gebraucht
bei 11 cores haben 1000 Messungen 0.157537 Sekunden gebraucht
bei 11 cores haben 1000 Messungen 0.143508 Sekunden gebraucht
bei 11 cores haben 1000 Messungen 0.151567 Sekunden gebraucht
bei 12 cores haben 1000 Messungen 0.140682 Sekunden gebraucht
bei 12 cores haben 1000 Messungen 0.138176 Sekunden gebraucht
bei 12 cores haben 1000 Messungen 0.146672 Sekunden gebraucht
bei 12 cores haben 1000 Messungen 0.154070 Sekunden gebraucht
bei 12 cores haben 1000 Messungen 0.140591 Sekunden gebraucht
Laenge=500
bei 1 cores haben 1000 Messungen 21.363208 Sekunden gebraucht
bei 1 cores haben 1000 Messungen 21.164792 Sekunden gebraucht
bei 1 cores haben 1000 Messungen 21.251019 Sekunden gebraucht
bei 1 cores haben 1000 Messungen 21.295687 Sekunden gebraucht
bei 1 cores haben 1000 Messungen 21.384279 Sekunden gebraucht
bei 2 cores haben 1000 Messungen 11.249246 Sekunden gebraucht
bei 2 cores haben 1000 Messungen 11.251053 Sekunden gebraucht
bei 2 cores haben 1000 Messungen 11.256044 Sekunden gebraucht
bei 2 cores haben 1000 Messungen 11.264301 Sekunden gebraucht
bei 2 cores haben 1000 Messungen 11.622552 Sekunden gebraucht
bei 3 cores haben 1000 Messungen 7.851086 Sekunden gebraucht
bei 3 cores haben 1000 Messungen 7.873956 Sekunden gebraucht
bei 3 cores haben 1000 Messungen 7.855382 Sekunden gebraucht
bei 3 cores haben 1000 Messungen 7.901123 Sekunden gebraucht
bei 3 cores haben 1000 Messungen 7.884125 Sekunden gebraucht
bei 4 cores haben 1000 Messungen 6.288989 Sekunden gebraucht
bei 4 cores haben 1000 Messungen 6.580296 Sekunden gebraucht
bei 4 cores haben 1000 Messungen 6.327856 Sekunden gebraucht
bei 4 cores haben 1000 Messungen 6.390078 Sekunden gebraucht
bei 4 cores haben 1000 Messungen 6.373891 Sekunden gebraucht
bei 5 cores haben 1000 Messungen 5.413161 Sekunden gebraucht
bei 5 cores haben 1000 Messungen 5.433801 Sekunden gebraucht
bei 5 cores haben 1000 Messungen 5.392172 Sekunden gebraucht
bei 5 cores haben 1000 Messungen 5.460888 Sekunden gebraucht
bei 5 cores haben 1000 Messungen 5.357002 Sekunden gebraucht
bei 6 cores haben 1000 Messungen 4.618603 Sekunden gebraucht
bei 6 cores haben 1000 Messungen 4.639411 Sekunden gebraucht
bei 6 cores haben 1000 Messungen 4.684912 Sekunden gebraucht
bei 6 cores haben 1000 Messungen 4.692077 Sekunden gebraucht
bei 6 cores haben 1000 Messungen 4.646974 Sekunden gebraucht
bei 7 cores haben 1000 Messungen 4.239146 Sekunden gebraucht
bei 7 cores haben 1000 Messungen 4.201345 Sekunden gebraucht
bei 7 cores haben 1000 Messungen 4.161188 Sekunden gebraucht
bei 7 cores haben 1000 Messungen 4.174566 Sekunden gebraucht
bei 7 cores haben 1000 Messungen 4.172104 Sekunden gebraucht
bei 8 cores haben 1000 Messungen 3.788495 Sekunden gebraucht
bei 8 cores haben 1000 Messungen 3.816394 Sekunden gebraucht
bei 8 cores haben 1000 Messungen 3.814296 Sekunden gebraucht
bei 8 cores haben 1000 Messungen 3.815578 Sekunden gebraucht
bei 8 cores haben 1000 Messungen 3.880498 Sekunden gebraucht
bei 9 cores haben 1000 Messungen 3.526654 Sekunden gebraucht
bei 9 cores haben 1000 Messungen 3.570849 Sekunden gebraucht
bei 9 cores haben 1000 Messungen 3.587453 Sekunden gebraucht
bei 9 cores haben 1000 Messungen 3.535688 Sekunden gebraucht
bei 9 cores haben 1000 Messungen 3.624759 Sekunden gebraucht
bei 10 cores haben 1000 Messungen 3.340644 Sekunden gebraucht
bei 10 cores haben 1000 Messungen 3.312953 Sekunden gebraucht
bei 10 cores haben 1000 Messungen 3.318317 Sekunden gebraucht
bei 10 cores haben 1000 Messungen 3.353628 Sekunden gebraucht
bei 10 cores haben 1000 Messungen 3.368208 Sekunden gebraucht
bei 11 cores haben 1000 Messungen 3.155043 Sekunden gebraucht
bei 11 cores haben 1000 Messungen 3.135921 Sekunden gebraucht
bei 11 cores haben 1000 Messungen 3.156266 Sekunden gebraucht
bei 11 cores haben 1000 Messungen 3.110308 Sekunden gebraucht
bei 11 cores haben 1000 Messungen 3.167101 Sekunden gebraucht
bei 12 cores haben 1000 Messungen 3.011617 Sekunden gebraucht
bei 12 cores haben 1000 Messungen 3.028718 Sekunden gebraucht
bei 12 cores haben 1000 Messungen 2.984897 Sekunden gebraucht
bei 12 cores haben 1000 Messungen 2.993207 Sekunden gebraucht
bei 12 cores haben 1000 Messungen 3.034751 Sekunden gebraucht
/hiskp4/gross/bachelorarbeit
