Sun Jul 26 17:47:25 CEST 2020 Waiting for 30 seconds before starting the job to allow the node to settle down
Sun Jul 26 17:47:55 CEST 2020 Waiting done, starting task!
Sun Jul 26 17:47:55 CEST 2020 Waiting for 30 seconds before starting the job to allow the node to settle down
Sun Jul 26 17:47:55 CEST 2020 Waiting for 30 seconds before starting the job to allow the node to settle down
Sun Jul 26 17:47:55 CEST 2020 Waiting for 30 seconds before starting the job to allow the node to settle down
Sun Jul 26 17:47:55 CEST 2020 Waiting for 30 seconds before starting the job to allow the node to settle down
Sun Jul 26 17:47:55 CEST 2020 Waiting for 30 seconds before starting the job to allow the node to settle down
Sun Jul 26 17:47:55 CEST 2020 Waiting for 30 seconds before starting the job to allow the node to settle down
Sun Jul 26 17:47:55 CEST 2020 Waiting for 30 seconds before starting the job to allow the node to settle down
Sun Jul 26 17:47:55 CEST 2020 Waiting for 30 seconds before starting the job to allow the node to settle down
Sun Jul 26 17:48:25 CEST 2020 Waiting done, starting task!
Sun Jul 26 17:48:25 CEST 2020 Waiting done, starting task!
Sun Jul 26 17:48:25 CEST 2020 Waiting done, starting task!
Sun Jul 26 17:48:25 CEST 2020 Waiting done, starting task!
Sun Jul 26 17:48:25 CEST 2020 Waiting done, starting task!
Sun Jul 26 17:48:25 CEST 2020 Waiting done, starting task!
Sun Jul 26 17:48:25 CEST 2020 Waiting done, starting task!
Sun Jul 26 17:48:25 CEST 2020 Waiting done, starting task!
0	5000	1.000000	0.000000
1	5000	1.000000	0.000000
2	5000	1.000000	0.000000
3	5000	1.000000	0.000000
4	5000	1.000000	0.000002
5	5000	0.999999	0.000015
6	5000	0.999990	0.000047
7	5000	0.999954	0.000101
8	5000	0.999830	0.000196
9	5000	0.999527	0.000328
10	5000	0.998929	0.000505
11	5000	0.997816	0.000745
12	5000	0.996015	0.001019
13	5000	0.993246	0.001391
14	5000	0.989187	0.001807
15	5000	0.983315	0.002397
16	5000	0.975286	0.003084
17	5000	0.964065	0.004129
18	5000	0.948502	0.005494
19	5000	0.926065	0.007532
20	5000	0.911488	0.009312
21	10000	0.908942	0.009339
22	10000	0.905960	0.009825
23	10000	0.903125	0.010202
24	10000	0.899705	0.010593
25	10000	0.896673	0.010882
26	10000	0.894302	0.010803
27	10000	0.890478	0.011300
28	10000	0.886811	0.012616
29	10000	0.883337	0.012459
30	10000	0.878992	0.013176
31	10000	0.875079	0.013738
32	10000	0.870546	0.014578
33	10000	0.865856	0.015210
34	10000	0.861659	0.015836
35	10000	0.856209	0.017768
36	10000	0.852998	0.016741
37	10000	0.845925	0.019170
38	10000	0.841520	0.019074
39	10000	0.833762	0.021033
40	10000	0.827992	0.021609
41	10000	0.819468	0.023772
42	10000	0.811222	0.027433
43	10000	0.805092	0.027425
44	10000	0.795970	0.028887
45	10000	0.784425	0.030933
46	10000	0.775861	0.034578
47	10000	0.764858	0.041031
48	10000	0.743497	0.044244
49	10000	0.741145	0.048851
50	10000	0.745688	0.041713
51	10000	0.734389	0.048930
52	10000	0.738668	0.042998
53	10000	0.733801	0.042148
54	10000	0.730318	0.047110
55	10000	0.710574	0.066093
56	10000	0.716863	0.052587
57	10000	0.588348	0.246140
58	10000	0.695815	0.061799
59	10000	0.702252	0.062376
60	10000	0.684280	0.068319
61	10000	0.699074	0.057420
62	20000	0.683070	0.077432
63	20000	0.663655	0.094810
64	20000	0.628646	0.106288
65	20000	0.569348	0.192564
66	20000	0.632449	0.142018
67	20000	0.602608	0.146483
68	20000	0.637005	0.103210
69	20000	0.639471	0.074779
70	20000	0.599825	0.110116
71	20000	0.496044	0.208699
72	20000	0.578977	0.111259
73	20000	0.586118	0.142948
74	20000	0.593779	0.108726
75	20000	0.521002	0.160812
76	20000	0.552909	0.134700
77	20000	0.500388	0.160089
78	20000	0.500397	0.146038
79	20000	0.466378	0.174766
80	20000	0.459790	0.143342
81	20000	0.375550	0.188935
82	20000	0.411260	0.197637
83	20000	0.397985	0.181534
84	20000	0.422205	0.178033
85	20000	0.319373	0.187768
86	20000	0.299081	0.171089
87	20000	0.312556	0.173321
88	20000	0.321729	0.179476
89	20000	0.340534	0.158925
90	20000	0.256743	0.153162
91	20000	0.247334	0.182805
92	20000	0.291869	0.175325
93	20000	0.292623	0.167264
94	20000	0.212903	0.154528
95	20000	0.234574	0.159547
96	20000	0.246485	0.152732
97	20000	0.226493	0.153880
98	20000	0.266802	0.142464
99	20000	0.169246	0.117768
100	20000	0.281169	0.159814
101	20000	0.174979	0.138006
102	20000	0.186569	0.119785
103	20000	0.164472	0.120896
104	20000	0.191607	0.126669
105	20000	0.150726	0.104042
106	20000	0.182010	0.128382
107	20000	0.174911	0.114492
108	20000	0.174108	0.123985
109	20000	0.145333	0.097855
110	20000	0.187758	0.115296
111	20000	0.186257	0.114215
112	20000	0.168507	0.118178
113	20000	0.169723	0.115853
114	20000	0.135165	0.097748
115	20000	0.140165	0.096435
116	20000	0.120025	0.085430
117	20000	0.174787	0.111052
118	20000	0.127887	0.090257
119	20000	0.134252	0.094327
120	20000	0.133503	0.093280
121	20000	0.134087	0.094123
122	20000	0.124096	0.092076
123	20000	0.119683	0.084223
124	20000	0.119007	0.087506
125	20000	0.112438	0.080490
126	20000	0.111169	0.083956
127	20000	0.117491	0.084000
128	20000	0.110001	0.082906
129	20000	0.108810	0.072205
130	20000	0.114814	0.083739
131	20000	0.114768	0.081826
132	20000	0.102937	0.074096
133	20000	0.107058	0.078398
134	20000	0.098155	0.074770
135	20000	0.105030	0.079236
136	10000	0.098806	0.072206
137	10000	0.106703	0.077000
138	10000	0.110755	0.078939
139	10000	0.095940	0.069806
140	10000	0.091828	0.066035
141	10000	0.084970	0.061923
142	10000	0.083122	0.059378
143	10000	0.081277	0.059089
144	10000	0.078330	0.060114
145	10000	0.074121	0.058279
146	10000	0.076004	0.055170
147	10000	0.070617	0.052195
148	10000	0.065639	0.049330
149	10000	0.067058	0.048723
0	5000	1	5000	2	5000	3	5000	4	5000	5	5000	6	5000	7	5000	8	5000	9	5000	10	5000	11	5000	12	5000	13	5000	14	5000	15	5000	16	5000	17	5000	18	5000	19	5000	20	5000	21	10000	22	10000	23	10000	24	10000	25	10000	26	10000	27	10000	28	10000	29	10000	30	10000	31	10000	32	10000	33	10000	34	10000	35	10000	36	10000	37	10000	38	10000	39	10000	40	10000	41	10000	42	10000	43	10000	44	10000	45	10000	46	10000	47	10000	48	10000	49	10000	50	10000	51	10000	52	10000	53	10000	54	10000	55	10000	56	10000	57	10000	58	10000	59	10000	60	10000	61	10000	62	20000	63	20000	64	20000	65	20000	66	20000	67	20000	68	20000	69	20000	70	20000	71	20000	72	20000	73	20000	74	20000	75	20000	76	20000	77	20000	78	20000	79	20000	80	20000	81	20000	82	20000	83	20000	84	20000	85	20000	86	20000	87	20000	88	20000	89	20000	90	20000	91	20000	92	20000	93	20000	94	20000	95	20000	96	20000	97	20000	98	20000	99	20000	100	20000	101	20000	102	20000	103	20000	104	20000	105	20000	106	20000	107	20000	108	20000	109	20000	110	20000	111	20000	112	20000	113	20000	114	20000	115	20000	116	20000	117	20000	118	20000	119	20000	120	20000	121	20000	122	20000	123	20000	124	20000	125	20000	126	20000	127	20000	128	20000	129	20000	130	20000	131	20000	132	20000	133	20000	134	20000	135	20000	136	10000	137	10000	138	10000	139	10000	140	10000	141	10000	142	10000	143	10000	144	10000	145	10000	146	10000	147	10000	148	10000	149	10000	150	10000	151	10000	152	10000	153	10000	154	10000	155	10000	156	10000	157	10000	158	10000	159	10000	160	10000	161	10000	162	10000	163	10000	164	10000	165	10000	166	10000	167	10000	168	10000	169	10000	170	10000	171	10000	172	10000	173	10000	174	10000	175	10000	176	10000	177	10000	178	10000	179	10000	180	10000	181	10000	182	10000	183	10000	184	10000	185	10000	186	10000	187	10000	188	10000	189	5000	190	5000	191	5000	192	5000	193	5000	194	5000	195	5000	196	5000	197	5000	198	5000	199	5000	200	5000	201	5000	202	5000	203	5000	204	5000	205	5000	206	5000	207	5000	208	5000	209	5000	
0	5000	1	5000	2	5000	3	5000	4	5000	5	5000	6	5000	7	5000	8	5000	9	5000	10	5000	11	5000	12	5000	13	5000	14	5000	15	5000	16	5000	17	5000	18	5000	19	5000	20	5000	21	10000	22	10000	23	10000	24	10000	25	10000	26	10000	27	10000	28	10000	29	10000	30	10000	31	10000	32	10000	33	10000	34	10000	35	10000	36	10000	37	10000	38	10000	39	10000	40	10000	41	10000	42	10000	43	10000	44	10000	45	10000	46	10000	47	10000	48	10000	49	10000	50	10000	51	10000	52	10000	53	10000	54	10000	55	10000	56	10000	57	10000	58	10000	59	10000	60	10000	61	10000	62	20000	63	20000	64	20000	65	20000	66	20000	67	20000	68	20000	69	20000	70	20000	71	20000	72	20000	73	20000	74	20000	75	20000	76	20000	77	20000	78	20000	79	20000	80	20000	81	20000	82	20000	83	20000	84	20000	85	20000	86	20000	87	20000	88	20000	89	20000	90	20000	91	20000	92	20000	93	20000	94	20000	95	20000	96	20000	97	20000	98	20000	99	20000	100	20000	101	20000	102	20000	103	20000	104	20000	105	20000	106	20000	107	20000	108	20000	109	20000	110	20000	111	20000	112	20000	113	20000	114	20000	115	20000	116	20000	117	20000	118	20000	119	20000	120	20000	121	20000	122	20000	123	20000	124	20000	125	20000	126	20000	127	20000	128	20000	129	20000	130	20000	131	20000	132	20000	133	20000	134	20000	135	20000	136	10000	137	10000	138	10000	139	10000	140	10000	141	10000	142	10000	143	10000	144	10000	145	10000	146	10000	147	10000	148	10000	149	10000	150	10000	151	10000	152	10000	153	10000	154	10000	155	10000	156	10000	157	10000	158	10000	159	10000	160	10000	161	10000	162	10000	163	10000	164	10000	165	10000	166	10000	167	10000	168	10000	169	10000	170	10000	171	10000	172	10000	173	10000	174	10000	175	10000	176	10000	177	10000	178	10000	179	10000	180	10000	181	10000	182	10000	183	10000	184	10000	185	10000	186	10000	187	10000	188	10000	189	5000	190	5000	191	5000	192	5000	193	5000	194	5000	195	5000	196	5000	197	5000	198	5000	199	5000	200	5000	201	5000	202	5000	203	5000	204	5000	205	5000	206	5000	207	5000	208	5000	209	5000	
0	5000	1	5000	2	5000	3	5000	4	5000	5	5000	6	5000	7	5000	8	5000	9	5000	10	5000	11	5000	12	5000	13	5000	14	5000	15	5000	16	5000	17	5000	18	5000	19	5000	20	5000	21	10000	22	10000	23	10000	24	10000	25	10000	26	10000	27	10000	28	10000	29	10000	30	10000	31	10000	32	10000	33	10000	34	10000	35	10000	36	10000	37	10000	38	10000	39	10000	40	10000	41	10000	42	10000	43	10000	44	10000	45	10000	46	10000	47	10000	48	10000	49	10000	50	10000	51	10000	52	10000	53	10000	54	10000	55	10000	56	10000	57	10000	58	10000	59	10000	60	10000	61	10000	62	20000	63	20000	64	20000	65	20000	66	20000	67	20000	68	20000	69	20000	70	20000	71	20000	72	20000	73	20000	74	20000	75	20000	76	20000	77	20000	78	20000	79	20000	80	20000	81	20000	82	20000	83	20000	84	20000	85	20000	86	20000	87	20000	88	20000	89	20000	90	20000	91	20000	92	20000	93	20000	94	20000	95	20000	96	20000	97	20000	98	20000	99	20000	100	20000	101	20000	102	20000	103	20000	104	20000	105	20000	106	20000	107	20000	108	20000	109	20000	110	20000	111	20000	112	20000	113	20000	114	20000	115	20000	116	20000	117	20000	118	20000	119	20000	120	20000	121	20000	122	20000	123	20000	124	20000	125	20000	126	20000	127	20000	128	20000	129	20000	130	20000	131	20000	132	20000	133	20000	134	20000	135	20000	136	10000	137	10000	138	10000	139	10000	140	10000	141	10000	142	10000	143	10000	144	10000	145	10000	146	10000	147	10000	148	10000	149	10000	150	10000	151	10000	152	10000	153	10000	154	10000	155	10000	156	10000	157	10000	158	10000	159	10000	160	10000	161	10000	162	10000	163	10000	164	10000	165	10000	166	10000	167	10000	168	10000	169	10000	170	10000	171	10000	172	10000	173	10000	174	10000	175	10000	176	10000	177	10000	178	10000	179	10000	180	10000	181	10000	182	10000	183	10000	184	10000	185	10000	186	10000	187	10000	188	10000	189	5000	190	5000	191	5000	192	5000	193	5000	194	5000	195	5000	196	5000	197	5000	198	5000	199	5000	200	5000	201	5000	202	5000	203	5000	204	5000	205	5000	206	5000	207	5000	208	5000	209	5000	
0	5000	1	5000	2	5000	3	5000	4	5000	5	5000	6	5000	7	5000	8	5000	9	5000	10	5000	11	5000	12	5000	13	5000	14	5000	15	5000	16	5000	17	5000	18	5000	19	5000	20	5000	21	10000	22	10000	23	10000	24	10000	25	10000	26	10000	27	10000	28	10000	29	10000	30	10000	31	10000	32	10000	33	10000	34	10000	35	10000	36	10000	37	10000	38	10000	39	10000	40	10000	41	10000	42	10000	43	10000	44	10000	45	10000	46	10000	47	10000	48	10000	49	10000	50	10000	51	10000	52	10000	53	10000	54	10000	55	10000	56	10000	57	10000	58	10000	59	10000	60	10000	61	10000	62	20000	63	20000	64	20000	65	20000	66	20000	67	20000	68	20000	69	20000	70	20000	71	20000	72	20000	73	20000	74	20000	75	20000	76	20000	77	20000	78	20000	79	20000	80	20000	81	20000	82	20000	83	20000	84	20000	85	20000	86	20000	87	20000	88	20000	89	20000	90	20000	91	20000	92	20000	93	20000	94	20000	95	20000	96	20000	97	20000	98	20000	99	20000	100	20000	101	20000	102	20000	103	20000	104	20000	105	20000	106	20000	107	20000	108	20000	109	20000	110	20000	111	20000	112	20000	113	20000	114	20000	115	20000	116	20000	117	20000	118	20000	119	20000	120	20000	121	20000	122	20000	123	20000	124	20000	125	20000	126	20000	127	20000	128	20000	129	20000	130	20000	131	20000	132	20000	133	20000	134	20000	135	20000	136	10000	137	10000	138	10000	139	10000	140	10000	141	10000	142	10000	143	10000	144	10000	145	10000	146	10000	147	10000	148	10000	149	10000	150	10000	151	10000	152	10000	153	10000	154	10000	155	10000	156	10000	157	10000	158	10000	159	10000	160	10000	161	10000	162	10000	163	10000	164	10000	165	10000	166	10000	167	10000	168	10000	169	10000	170	10000	171	10000	172	10000	173	10000	174	10000	175	10000	176	10000	177	10000	178	10000	179	10000	180	10000	181	10000	182	10000	183	10000	184	10000	185	10000	186	10000	187	10000	188	10000	189	5000	190	5000	191	5000	192	5000	193	5000	194	5000	195	5000	196	5000	197	5000	198	5000	199	5000	200	5000	201	5000	202	5000	203	5000	204	5000	205	5000	206	5000	207	5000	208	5000	209	5000	
0	5000	1	5000	2	5000	3	5000	4	5000	5	5000	6	5000	7	5000	8	5000	9	5000	10	5000	11	5000	12	5000	13	5000	14	5000	15	5000	16	5000	17	5000	18	5000	19	5000	20	5000	21	10000	22	10000	23	10000	24	10000	25	10000	26	10000	27	10000	28	10000	29	10000	30	10000	31	10000	32	10000	33	10000	34	10000	35	10000	36	10000	37	10000	38	10000	39	10000	40	10000	41	10000	42	10000	43	10000	44	10000	45	10000	46	10000	47	10000	48	10000	49	10000	50	10000	51	10000	52	10000	53	10000	54	10000	55	10000	56	10000	57	10000	58	10000	59	10000	60	10000	61	10000	62	20000	63	20000	64	20000	65	20000	66	20000	67	20000	68	20000	69	20000	70	20000	71	20000	72	20000	73	20000	74	20000	75	20000	76	20000	77	20000	78	20000	79	20000	80	20000	81	20000	82	20000	83	20000	84	20000	85	20000	86	20000	87	20000	88	20000	89	20000	90	20000	91	20000	92	20000	93	20000	94	20000	95	20000	96	20000	97	20000	98	20000	99	20000	100	20000	101	20000	102	20000	103	20000	104	20000	105	20000	106	20000	107	20000	108	20000	109	20000	110	20000	111	20000	112	20000	113	20000	114	20000	115	20000	116	20000	117	20000	118	20000	119	20000	120	20000	121	20000	122	20000	123	20000	124	20000	125	20000	126	20000	127	20000	128	20000	129	20000	130	20000	131	20000	132	20000	133	20000	134	20000	135	20000	136	10000	137	10000	138	10000	139	10000	140	10000	141	10000	142	10000	143	10000	144	10000	145	10000	146	10000	147	10000	148	10000	149	10000	150	10000	151	10000	152	10000	153	10000	154	10000	155	10000	156	10000	157	10000	158	10000	159	10000	160	10000	161	10000	162	10000	163	10000	164	10000	165	10000	166	10000	167	10000	168	10000	169	10000	170	10000	171	10000	172	10000	173	10000	174	10000	175	10000	176	10000	177	10000	178	10000	179	10000	180	10000	181	10000	182	10000	183	10000	184	10000	185	10000	186	10000	187	10000	188	10000	189	5000	190	5000	191	5000	192	5000	193	5000	194	5000	195	5000	196	5000	197	5000	198	5000	199	5000	200	5000	201	5000	202	5000	203	5000	204	5000	205	5000	206	5000	207	5000	208	5000	209	5000	
0	5000	1	5000	2	5000	3	5000	4	5000	5	5000	6	5000	7	5000	8	5000	9	5000	10	5000	11	5000	12	5000	13	5000	14	5000	15	5000	16	5000	17	5000	18	5000	19	5000	20	5000	21	10000	22	10000	23	10000	24	10000	25	10000	26	10000	27	10000	28	10000	29	10000	30	10000	31	10000	32	10000	33	10000	34	10000	35	10000	36	10000	37	10000	38	10000	39	10000	40	10000	41	10000	42	10000	43	10000	44	10000	45	10000	46	10000	47	10000	48	10000	49	10000	50	10000	51	10000	52	10000	53	10000	54	10000	55	10000	56	10000	57	10000	58	10000	59	10000	60	10000	61	10000	62	20000	63	20000	64	20000	65	20000	66	20000	67	20000	68	20000	69	20000	70	20000	71	20000	72	20000	73	20000	74	20000	75	20000	76	20000	77	20000	78	20000	79	20000	80	20000	81	20000	82	20000	83	20000	84	20000	85	20000	86	20000	87	20000	88	20000	89	20000	90	20000	91	20000	92	20000	93	20000	94	20000	95	20000	96	20000	97	20000	98	20000	99	20000	100	20000	101	20000	102	20000	103	20000	104	20000	105	20000	106	20000	107	20000	108	20000	109	20000	110	20000	111	20000	112	20000	113	20000	114	20000	115	20000	116	20000	117	20000	118	20000	119	20000	120	20000	121	20000	122	20000	123	20000	124	20000	125	20000	126	20000	127	20000	128	20000	129	20000	130	20000	131	20000	132	20000	133	20000	134	20000	135	20000	136	10000	137	10000	138	10000	139	10000	140	10000	141	10000	142	10000	143	10000	144	10000	145	10000	146	10000	147	10000	148	10000	149	10000	150	10000	151	10000	152	10000	153	10000	154	10000	155	10000	156	10000	157	10000	158	10000	159	10000	160	10000	161	10000	162	10000	163	10000	164	10000	165	10000	166	10000	167	10000	168	10000	169	10000	170	10000	171	10000	172	10000	173	10000	174	10000	175	10000	176	10000	177	10000	178	10000	179	10000	180	10000	181	10000	182	10000	183	10000	184	10000	185	10000	186	10000	187	10000	188	10000	189	5000	190	5000	191	5000	192	5000	193	5000	194	5000	195	5000	196	5000	197	5000	198	5000	199	5000	200	5000	201	5000	202	5000	203	5000	204	5000	205	5000	206	5000	207	5000	208	5000	209	5000	
0	5000	1	5000	2	5000	3	5000	4	5000	5	5000	6	5000	7	5000	8	5000	9	5000	10	5000	11	5000	12	5000	13	5000	14	5000	15	5000	16	5000	17	5000	18	5000	19	5000	20	5000	21	10000	22	10000	23	10000	24	10000	25	10000	26	10000	27	10000	28	10000	29	10000	30	10000	31	10000	32	10000	33	10000	34	10000	35	10000	36	10000	37	10000	38	10000	39	10000	40	10000	41	10000	42	10000	43	10000	44	10000	45	10000	46	10000	47	10000	48	10000	49	10000	50	10000	51	10000	52	10000	53	10000	54	10000	55	10000	56	10000	57	10000	58	10000	59	10000	60	10000	61	10000	62	20000	63	20000	64	20000	65	20000	66	20000	67	20000	68	20000	69	20000	70	20000	71	20000	72	20000	73	20000	74	20000	75	20000	76	20000	77	20000	78	20000	79	20000	80	20000	81	20000	82	20000	83	20000	84	20000	85	20000	86	20000	87	20000	88	20000	89	20000	90	20000	91	20000	92	20000	93	20000	94	20000	95	20000	96	20000	97	20000	98	20000	99	20000	100	20000	101	20000	102	20000	103	20000	104	20000	105	20000	106	20000	107	20000	108	20000	109	20000	110	20000	111	20000	112	20000	113	20000	114	20000	115	20000	116	20000	117	20000	118	20000	119	20000	120	20000	121	20000	122	20000	123	20000	124	20000	125	20000	126	20000	127	20000	128	20000	129	20000	130	20000	131	20000	132	20000	133	20000	134	20000	135	20000	136	10000	137	10000	138	10000	139	10000	140	10000	141	10000	142	10000	143	10000	144	10000	145	10000	146	10000	147	10000	148	10000	149	10000	150	10000	151	10000	152	10000	153	10000	154	10000	155	10000	156	10000	157	10000	158	10000	159	10000	160	10000	161	10000	162	10000	163	10000	164	10000	165	10000	166	10000	167	10000	168	10000	169	10000	170	10000	171	10000	172	10000	173	10000	174	10000	175	10000	176	10000	177	10000	178	10000	179	10000	180	10000	181	10000	182	10000	183	10000	184	10000	185	10000	186	10000	187	10000	188	10000	189	5000	190	5000	191	5000	192	5000	193	5000	194	5000	195	5000	196	5000	197	5000	198	5000	199	5000	200	5000	201	5000	202	5000	203	5000	204	5000	205	5000	206	5000	207	5000	208	5000	209	5000	
150	10000	0.055776	0.042840
151	10000	0.065180	0.049021
152	10000	0.062833	0.046346
153	10000	0.056249	0.042655
154	10000	0.058516	0.042539
155	10000	0.057237	0.042674
156	10000	0.054184	0.041833
157	10000	0.054006	0.040263
158	10000	0.051832	0.038059
159	10000	0.050495	0.038640
160	10000	0.052416	0.039100
161	10000	0.050666	0.038181
162	10000	0.049959	0.037845
163	10000	0.045559	0.034609
164	10000	0.048988	0.037342
165	10000	0.046202	0.034511
166	10000	0.044487	0.034139
167	10000	0.045425	0.033484
168	10000	0.043758	0.032119
169	10000	0.042604	0.031698
170	10000	0.042021	0.031435
171	10000	0.042559	0.031941
172	10000	0.042154	0.031946
173	10000	0.042163	0.031288
174	10000	0.041046	0.030814
175	10000	0.038899	0.030166
176	10000	0.040312	0.029670
177	10000	0.038928	0.028757
178	10000	0.038860	0.029580
179	10000	0.037057	0.027886
180	10000	0.038401	0.029536
181	10000	0.037877	0.028506
182	10000	0.035043	0.026629
183	10000	0.034502	0.025584
184	10000	0.032942	0.024748
185	10000	0.031519	0.024160
186	10000	0.030222	0.022480
187	10000	0.029489	0.022282
188	10000	0.029039	0.021803
189	5000	0.027732	0.021189
190	5000	0.027677	0.020494
191	5000	0.026791	0.020082
192	5000	0.025826	0.019459
193	5000	0.025355	0.019205
194	5000	0.024712	0.018561
195	5000	0.024209	0.018068
196	5000	0.023387	0.017764
197	5000	0.023234	0.017498
198	5000	0.022790	0.017255
199	5000	0.022279	0.016815
200	5000	0.021515	0.016332
201	5000	0.021727	0.016313
202	5000	0.020988	0.015818
203	5000	0.020775	0.015737
204	5000	0.020715	0.015771
205	5000	0.020179	0.015401
206	5000	0.019759	0.015112
207	5000	0.020106	0.014968
208	5000	0.019820	0.015108
209	5000	0.019105	0.014417

/hiskp4/gross/bachelorarbeit
