Mon Jun  8 14:36:22 CEST 2020 Waiting for 30 seconds before starting the job to allow the node to settle down
Mon Jun  8 14:36:52 CEST 2020 Waiting done, starting task!
Mon Jun  8 14:36:53 CEST 2020 Waiting for 30 seconds before starting the job to allow the node to settle down
Mon Jun  8 14:37:23 CEST 2020 Waiting done, starting task!
Laenge=6
bei 1 cores haben 900 Messungen 0.010684 Sekunden gebraucht
bei 1 cores haben 900 Messungen 0.009154 Sekunden gebraucht
bei 1 cores haben 900 Messungen 0.008494 Sekunden gebraucht
bei 1 cores haben 900 Messungen 0.008576 Sekunden gebraucht
bei 1 cores haben 900 Messungen 0.009012 Sekunden gebraucht
bei 1 cores haben 900 Messungen 0.008493 Sekunden gebraucht
bei 1 cores haben 900 Messungen 0.007956 Sekunden gebraucht
bei 1 cores haben 900 Messungen 0.007601 Sekunden gebraucht
bei 1 cores haben 900 Messungen 0.007345 Sekunden gebraucht
bei 1 cores haben 900 Messungen 0.007072 Sekunden gebraucht
bei 2 cores haben 900 Messungen 0.006259 Sekunden gebraucht
bei 2 cores haben 900 Messungen 0.005843 Sekunden gebraucht
bei 2 cores haben 900 Messungen 0.005821 Sekunden gebraucht
bei 2 cores haben 900 Messungen 0.005836 Sekunden gebraucht
bei 2 cores haben 900 Messungen 0.005812 Sekunden gebraucht
bei 2 cores haben 900 Messungen 0.005799 Sekunden gebraucht
bei 2 cores haben 900 Messungen 0.005831 Sekunden gebraucht
bei 2 cores haben 900 Messungen 0.005824 Sekunden gebraucht
bei 2 cores haben 900 Messungen 0.005817 Sekunden gebraucht
bei 2 cores haben 900 Messungen 0.005715 Sekunden gebraucht
bei 3 cores haben 900 Messungen 0.012421 Sekunden gebraucht
bei 3 cores haben 900 Messungen 0.012209 Sekunden gebraucht
bei 3 cores haben 900 Messungen 0.012040 Sekunden gebraucht
bei 3 cores haben 900 Messungen 0.012015 Sekunden gebraucht
bei 3 cores haben 900 Messungen 0.011825 Sekunden gebraucht
bei 3 cores haben 900 Messungen 0.011624 Sekunden gebraucht
bei 3 cores haben 900 Messungen 0.011477 Sekunden gebraucht
bei 3 cores haben 900 Messungen 0.011650 Sekunden gebraucht
bei 3 cores haben 900 Messungen 0.011698 Sekunden gebraucht
bei 3 cores haben 900 Messungen 0.011440 Sekunden gebraucht
bei 4 cores haben 900 Messungen 0.010168 Sekunden gebraucht
bei 4 cores haben 900 Messungen 0.010031 Sekunden gebraucht
bei 4 cores haben 900 Messungen 0.010214 Sekunden gebraucht
bei 4 cores haben 900 Messungen 0.010093 Sekunden gebraucht
bei 4 cores haben 900 Messungen 0.010201 Sekunden gebraucht
bei 4 cores haben 900 Messungen 0.010192 Sekunden gebraucht
bei 4 cores haben 900 Messungen 0.010163 Sekunden gebraucht
bei 4 cores haben 900 Messungen 0.010081 Sekunden gebraucht
bei 4 cores haben 900 Messungen 0.010055 Sekunden gebraucht
bei 4 cores haben 900 Messungen 0.010570 Sekunden gebraucht
bei 5 cores haben 900 Messungen 0.012753 Sekunden gebraucht
bei 5 cores haben 900 Messungen 0.012492 Sekunden gebraucht
bei 5 cores haben 900 Messungen 0.012466 Sekunden gebraucht
bei 5 cores haben 900 Messungen 0.010527 Sekunden gebraucht
bei 5 cores haben 900 Messungen 0.010475 Sekunden gebraucht
bei 5 cores haben 900 Messungen 0.010485 Sekunden gebraucht
bei 5 cores haben 900 Messungen 0.010432 Sekunden gebraucht
bei 5 cores haben 900 Messungen 0.010646 Sekunden gebraucht
bei 5 cores haben 900 Messungen 0.010553 Sekunden gebraucht
bei 5 cores haben 900 Messungen 0.010400 Sekunden gebraucht
bei 6 cores haben 900 Messungen 0.011418 Sekunden gebraucht
bei 6 cores haben 900 Messungen 0.011141 Sekunden gebraucht
bei 6 cores haben 900 Messungen 0.010952 Sekunden gebraucht
bei 6 cores haben 900 Messungen 0.010903 Sekunden gebraucht
bei 6 cores haben 900 Messungen 0.010996 Sekunden gebraucht
bei 6 cores haben 900 Messungen 0.010992 Sekunden gebraucht
bei 6 cores haben 900 Messungen 0.010897 Sekunden gebraucht
bei 6 cores haben 900 Messungen 0.010969 Sekunden gebraucht
bei 6 cores haben 900 Messungen 0.011051 Sekunden gebraucht
bei 6 cores haben 900 Messungen 0.010651 Sekunden gebraucht
bei 7 cores haben 900 Messungen 0.013416 Sekunden gebraucht
bei 7 cores haben 900 Messungen 0.013225 Sekunden gebraucht
bei 7 cores haben 900 Messungen 0.012972 Sekunden gebraucht
bei 7 cores haben 900 Messungen 0.012131 Sekunden gebraucht
bei 7 cores haben 900 Messungen 0.012077 Sekunden gebraucht
bei 7 cores haben 900 Messungen 0.012588 Sekunden gebraucht
bei 7 cores haben 900 Messungen 0.012673 Sekunden gebraucht
bei 7 cores haben 900 Messungen 0.012459 Sekunden gebraucht
bei 7 cores haben 900 Messungen 0.012786 Sekunden gebraucht
bei 7 cores haben 900 Messungen 0.012548 Sekunden gebraucht
bei 8 cores haben 900 Messungen 0.011375 Sekunden gebraucht
bei 8 cores haben 900 Messungen 0.011305 Sekunden gebraucht
bei 8 cores haben 900 Messungen 0.011189 Sekunden gebraucht
bei 8 cores haben 900 Messungen 0.011409 Sekunden gebraucht
bei 8 cores haben 900 Messungen 0.011342 Sekunden gebraucht
bei 8 cores haben 900 Messungen 0.011241 Sekunden gebraucht
bei 8 cores haben 900 Messungen 0.011266 Sekunden gebraucht
bei 8 cores haben 900 Messungen 0.011241 Sekunden gebraucht
bei 8 cores haben 900 Messungen 0.011193 Sekunden gebraucht
bei 8 cores haben 900 Messungen 0.011248 Sekunden gebraucht
bei 9 cores haben 900 Messungen 0.015234 Sekunden gebraucht
bei 9 cores haben 900 Messungen 0.015299 Sekunden gebraucht
bei 9 cores haben 900 Messungen 0.014934 Sekunden gebraucht
bei 9 cores haben 900 Messungen 0.015017 Sekunden gebraucht
bei 9 cores haben 900 Messungen 0.014895 Sekunden gebraucht
bei 9 cores haben 900 Messungen 0.015095 Sekunden gebraucht
bei 9 cores haben 900 Messungen 0.014821 Sekunden gebraucht
bei 9 cores haben 900 Messungen 0.014774 Sekunden gebraucht
bei 9 cores haben 900 Messungen 0.014944 Sekunden gebraucht
bei 9 cores haben 900 Messungen 0.014840 Sekunden gebraucht
bei 10 cores haben 900 Messungen 0.014019 Sekunden gebraucht
bei 10 cores haben 900 Messungen 0.014075 Sekunden gebraucht
bei 10 cores haben 900 Messungen 0.014061 Sekunden gebraucht
bei 10 cores haben 900 Messungen 0.014010 Sekunden gebraucht
bei 10 cores haben 900 Messungen 0.013970 Sekunden gebraucht
bei 10 cores haben 900 Messungen 0.014003 Sekunden gebraucht
bei 10 cores haben 900 Messungen 0.013983 Sekunden gebraucht
bei 10 cores haben 900 Messungen 0.014134 Sekunden gebraucht
bei 10 cores haben 900 Messungen 0.013969 Sekunden gebraucht
bei 10 cores haben 900 Messungen 0.013971 Sekunden gebraucht
bei 11 cores haben 900 Messungen 0.018436 Sekunden gebraucht
bei 11 cores haben 900 Messungen 0.017829 Sekunden gebraucht
bei 11 cores haben 900 Messungen 0.025920 Sekunden gebraucht
bei 11 cores haben 900 Messungen 0.017870 Sekunden gebraucht
bei 11 cores haben 900 Messungen 0.019049 Sekunden gebraucht
bei 11 cores haben 900 Messungen 0.017789 Sekunden gebraucht
bei 11 cores haben 900 Messungen 0.017222 Sekunden gebraucht
bei 11 cores haben 900 Messungen 0.017263 Sekunden gebraucht
bei 11 cores haben 900 Messungen 0.017284 Sekunden gebraucht
bei 11 cores haben 900 Messungen 0.017087 Sekunden gebraucht
bei 12 cores haben 900 Messungen 0.028083 Sekunden gebraucht
bei 12 cores haben 900 Messungen 0.016238 Sekunden gebraucht
bei 12 cores haben 900 Messungen 0.016248 Sekunden gebraucht
bei 12 cores haben 900 Messungen 0.016065 Sekunden gebraucht
bei 12 cores haben 900 Messungen 0.016119 Sekunden gebraucht
bei 12 cores haben 900 Messungen 0.016060 Sekunden gebraucht
bei 12 cores haben 900 Messungen 0.016456 Sekunden gebraucht
bei 12 cores haben 900 Messungen 0.015971 Sekunden gebraucht
bei 12 cores haben 900 Messungen 0.016094 Sekunden gebraucht
bei 12 cores haben 900 Messungen 0.016166 Sekunden gebraucht
Laenge=10
bei 1 cores haben 900 Messungen 0.011113 Sekunden gebraucht
bei 1 cores haben 900 Messungen 0.010818 Sekunden gebraucht
bei 1 cores haben 900 Messungen 0.011175 Sekunden gebraucht
bei 1 cores haben 900 Messungen 0.010743 Sekunden gebraucht
bei 1 cores haben 900 Messungen 0.010731 Sekunden gebraucht
bei 1 cores haben 900 Messungen 0.020872 Sekunden gebraucht
bei 1 cores haben 900 Messungen 0.018393 Sekunden gebraucht
bei 1 cores haben 900 Messungen 0.016561 Sekunden gebraucht
bei 1 cores haben 900 Messungen 0.015252 Sekunden gebraucht
bei 1 cores haben 900 Messungen 0.014207 Sekunden gebraucht
bei 2 cores haben 900 Messungen 0.022521 Sekunden gebraucht
bei 2 cores haben 900 Messungen 0.020827 Sekunden gebraucht
bei 2 cores haben 900 Messungen 0.020368 Sekunden gebraucht
bei 2 cores haben 900 Messungen 0.022447 Sekunden gebraucht
bei 2 cores haben 900 Messungen 0.020231 Sekunden gebraucht
bei 2 cores haben 900 Messungen 0.019035 Sekunden gebraucht
bei 2 cores haben 900 Messungen 0.017134 Sekunden gebraucht
bei 2 cores haben 900 Messungen 0.018513 Sekunden gebraucht
bei 2 cores haben 900 Messungen 0.017520 Sekunden gebraucht
bei 2 cores haben 900 Messungen 0.016813 Sekunden gebraucht
bei 3 cores haben 900 Messungen 0.015632 Sekunden gebraucht
bei 3 cores haben 900 Messungen 0.013539 Sekunden gebraucht
bei 3 cores haben 900 Messungen 0.013863 Sekunden gebraucht
bei 3 cores haben 900 Messungen 0.013646 Sekunden gebraucht
bei 3 cores haben 900 Messungen 0.014041 Sekunden gebraucht
bei 3 cores haben 900 Messungen 0.013603 Sekunden gebraucht
bei 3 cores haben 900 Messungen 0.013483 Sekunden gebraucht
bei 3 cores haben 900 Messungen 0.014144 Sekunden gebraucht
bei 3 cores haben 900 Messungen 0.013458 Sekunden gebraucht
bei 3 cores haben 900 Messungen 0.013678 Sekunden gebraucht
bei 4 cores haben 900 Messungen 0.013447 Sekunden gebraucht
bei 4 cores haben 900 Messungen 0.013235 Sekunden gebraucht
bei 4 cores haben 900 Messungen 0.013319 Sekunden gebraucht
bei 4 cores haben 900 Messungen 0.012901 Sekunden gebraucht
bei 4 cores haben 900 Messungen 0.013454 Sekunden gebraucht
bei 4 cores haben 900 Messungen 0.013193 Sekunden gebraucht
bei 4 cores haben 900 Messungen 0.013088 Sekunden gebraucht
bei 4 cores haben 900 Messungen 0.013404 Sekunden gebraucht
bei 4 cores haben 900 Messungen 0.012947 Sekunden gebraucht
bei 4 cores haben 900 Messungen 0.013091 Sekunden gebraucht
bei 5 cores haben 900 Messungen 0.015497 Sekunden gebraucht
bei 5 cores haben 900 Messungen 0.015266 Sekunden gebraucht
bei 5 cores haben 900 Messungen 0.014794 Sekunden gebraucht
bei 5 cores haben 900 Messungen 0.015180 Sekunden gebraucht
bei 5 cores haben 900 Messungen 0.014853 Sekunden gebraucht
bei 5 cores haben 900 Messungen 0.014663 Sekunden gebraucht
bei 5 cores haben 900 Messungen 0.014877 Sekunden gebraucht
bei 5 cores haben 900 Messungen 0.015164 Sekunden gebraucht
bei 5 cores haben 900 Messungen 0.014932 Sekunden gebraucht
bei 5 cores haben 900 Messungen 0.015074 Sekunden gebraucht
bei 6 cores haben 900 Messungen 0.015033 Sekunden gebraucht
bei 6 cores haben 900 Messungen 0.015194 Sekunden gebraucht
bei 6 cores haben 900 Messungen 0.014631 Sekunden gebraucht
bei 6 cores haben 900 Messungen 0.014913 Sekunden gebraucht
bei 6 cores haben 900 Messungen 0.014481 Sekunden gebraucht
bei 6 cores haben 900 Messungen 0.013883 Sekunden gebraucht
bei 6 cores haben 900 Messungen 0.014689 Sekunden gebraucht
bei 6 cores haben 900 Messungen 0.013716 Sekunden gebraucht
bei 6 cores haben 900 Messungen 0.013533 Sekunden gebraucht
bei 6 cores haben 900 Messungen 0.013582 Sekunden gebraucht
bei 7 cores haben 900 Messungen 0.016241 Sekunden gebraucht
bei 7 cores haben 900 Messungen 0.016342 Sekunden gebraucht
bei 7 cores haben 900 Messungen 0.016745 Sekunden gebraucht
bei 7 cores haben 900 Messungen 0.016480 Sekunden gebraucht
bei 7 cores haben 900 Messungen 0.016430 Sekunden gebraucht
bei 7 cores haben 900 Messungen 0.016483 Sekunden gebraucht
bei 7 cores haben 900 Messungen 0.015703 Sekunden gebraucht
bei 7 cores haben 900 Messungen 0.016832 Sekunden gebraucht
bei 7 cores haben 900 Messungen 0.017130 Sekunden gebraucht
bei 7 cores haben 900 Messungen 0.017162 Sekunden gebraucht
bei 8 cores haben 900 Messungen 0.016824 Sekunden gebraucht
bei 8 cores haben 900 Messungen 0.016529 Sekunden gebraucht
bei 8 cores haben 900 Messungen 0.016598 Sekunden gebraucht
bei 8 cores haben 900 Messungen 0.016601 Sekunden gebraucht
bei 8 cores haben 900 Messungen 0.017003 Sekunden gebraucht
bei 8 cores haben 900 Messungen 0.016795 Sekunden gebraucht
bei 8 cores haben 900 Messungen 0.017174 Sekunden gebraucht
bei 8 cores haben 900 Messungen 0.017536 Sekunden gebraucht
bei 8 cores haben 900 Messungen 0.017022 Sekunden gebraucht
bei 8 cores haben 900 Messungen 0.017223 Sekunden gebraucht
bei 9 cores haben 900 Messungen 0.017252 Sekunden gebraucht
bei 9 cores haben 900 Messungen 0.017433 Sekunden gebraucht
bei 9 cores haben 900 Messungen 0.018810 Sekunden gebraucht
bei 9 cores haben 900 Messungen 0.017506 Sekunden gebraucht
bei 9 cores haben 900 Messungen 0.018089 Sekunden gebraucht
bei 9 cores haben 900 Messungen 0.018007 Sekunden gebraucht
bei 9 cores haben 900 Messungen 0.018356 Sekunden gebraucht
bei 9 cores haben 900 Messungen 0.019007 Sekunden gebraucht
bei 9 cores haben 900 Messungen 0.019312 Sekunden gebraucht
bei 9 cores haben 900 Messungen 0.019236 Sekunden gebraucht
bei 10 cores haben 900 Messungen 0.017477 Sekunden gebraucht
bei 10 cores haben 900 Messungen 0.017495 Sekunden gebraucht
bei 10 cores haben 900 Messungen 0.017228 Sekunden gebraucht
bei 10 cores haben 900 Messungen 0.017619 Sekunden gebraucht
bei 10 cores haben 900 Messungen 0.017266 Sekunden gebraucht
bei 10 cores haben 900 Messungen 0.017433 Sekunden gebraucht
bei 10 cores haben 900 Messungen 0.017450 Sekunden gebraucht
bei 10 cores haben 900 Messungen 0.017258 Sekunden gebraucht
bei 10 cores haben 900 Messungen 0.017453 Sekunden gebraucht
bei 10 cores haben 900 Messungen 0.017744 Sekunden gebraucht
bei 11 cores haben 900 Messungen 0.020611 Sekunden gebraucht
bei 11 cores haben 900 Messungen 0.021049 Sekunden gebraucht
bei 11 cores haben 900 Messungen 0.020533 Sekunden gebraucht
bei 11 cores haben 900 Messungen 0.020591 Sekunden gebraucht
bei 11 cores haben 900 Messungen 0.021416 Sekunden gebraucht
bei 11 cores haben 900 Messungen 0.020353 Sekunden gebraucht
bei 11 cores haben 900 Messungen 0.020747 Sekunden gebraucht
bei 11 cores haben 900 Messungen 0.020632 Sekunden gebraucht
bei 11 cores haben 900 Messungen 0.020458 Sekunden gebraucht
bei 11 cores haben 900 Messungen 0.020454 Sekunden gebraucht
bei 12 cores haben 900 Messungen 0.018435 Sekunden gebraucht
bei 12 cores haben 900 Messungen 0.017932 Sekunden gebraucht
bei 12 cores haben 900 Messungen 0.018324 Sekunden gebraucht
bei 12 cores haben 900 Messungen 0.018109 Sekunden gebraucht
bei 12 cores haben 900 Messungen 0.018021 Sekunden gebraucht
bei 12 cores haben 900 Messungen 0.018049 Sekunden gebraucht
bei 12 cores haben 900 Messungen 0.018397 Sekunden gebraucht
bei 12 cores haben 900 Messungen 0.018228 Sekunden gebraucht
bei 12 cores haben 900 Messungen 0.018720 Sekunden gebraucht
bei 12 cores haben 900 Messungen 0.018237 Sekunden gebraucht
Laenge=50
bei 1 cores haben 900 Messungen 0.216962 Sekunden gebraucht
bei 1 cores haben 900 Messungen 0.216314 Sekunden gebraucht
bei 1 cores haben 900 Messungen 0.216176 Sekunden gebraucht
bei 1 cores haben 900 Messungen 0.259633 Sekunden gebraucht
bei 1 cores haben 900 Messungen 0.292957 Sekunden gebraucht
bei 1 cores haben 900 Messungen 0.263272 Sekunden gebraucht
bei 1 cores haben 900 Messungen 0.216322 Sekunden gebraucht
bei 1 cores haben 900 Messungen 0.215900 Sekunden gebraucht
bei 1 cores haben 900 Messungen 0.215765 Sekunden gebraucht
bei 1 cores haben 900 Messungen 0.215890 Sekunden gebraucht
bei 2 cores haben 900 Messungen 0.236115 Sekunden gebraucht
bei 2 cores haben 900 Messungen 0.224420 Sekunden gebraucht
bei 2 cores haben 900 Messungen 0.210562 Sekunden gebraucht
bei 2 cores haben 900 Messungen 0.207737 Sekunden gebraucht
bei 2 cores haben 900 Messungen 0.209293 Sekunden gebraucht
bei 2 cores haben 900 Messungen 0.209130 Sekunden gebraucht
bei 2 cores haben 900 Messungen 0.209125 Sekunden gebraucht
bei 2 cores haben 900 Messungen 0.208978 Sekunden gebraucht
bei 2 cores haben 900 Messungen 0.209682 Sekunden gebraucht
bei 2 cores haben 900 Messungen 0.226801 Sekunden gebraucht
bei 3 cores haben 900 Messungen 0.181403 Sekunden gebraucht
bei 3 cores haben 900 Messungen 0.180934 Sekunden gebraucht
bei 3 cores haben 900 Messungen 0.173536 Sekunden gebraucht
bei 3 cores haben 900 Messungen 0.167240 Sekunden gebraucht
bei 3 cores haben 900 Messungen 0.165490 Sekunden gebraucht
bei 3 cores haben 900 Messungen 0.164954 Sekunden gebraucht
bei 3 cores haben 900 Messungen 0.175000 Sekunden gebraucht
bei 3 cores haben 900 Messungen 0.166623 Sekunden gebraucht
bei 3 cores haben 900 Messungen 0.166432 Sekunden gebraucht
bei 3 cores haben 900 Messungen 0.173926 Sekunden gebraucht
bei 4 cores haben 900 Messungen 0.170658 Sekunden gebraucht
bei 4 cores haben 900 Messungen 0.154408 Sekunden gebraucht
bei 4 cores haben 900 Messungen 0.179573 Sekunden gebraucht
bei 4 cores haben 900 Messungen 0.160371 Sekunden gebraucht
bei 4 cores haben 900 Messungen 0.164265 Sekunden gebraucht
bei 4 cores haben 900 Messungen 0.168333 Sekunden gebraucht
bei 4 cores haben 900 Messungen 0.100124 Sekunden gebraucht
bei 4 cores haben 900 Messungen 0.169462 Sekunden gebraucht
bei 4 cores haben 900 Messungen 0.171525 Sekunden gebraucht
bei 4 cores haben 900 Messungen 0.125078 Sekunden gebraucht
bei 5 cores haben 900 Messungen 0.153573 Sekunden gebraucht
bei 5 cores haben 900 Messungen 0.172224 Sekunden gebraucht
bei 5 cores haben 900 Messungen 0.091350 Sekunden gebraucht
bei 5 cores haben 900 Messungen 0.156345 Sekunden gebraucht
bei 5 cores haben 900 Messungen 0.174138 Sekunden gebraucht
bei 5 cores haben 900 Messungen 0.162351 Sekunden gebraucht
bei 5 cores haben 900 Messungen 0.158431 Sekunden gebraucht
bei 5 cores haben 900 Messungen 0.113248 Sekunden gebraucht
bei 5 cores haben 900 Messungen 0.161296 Sekunden gebraucht
bei 5 cores haben 900 Messungen 0.155800 Sekunden gebraucht
bei 6 cores haben 900 Messungen 0.154092 Sekunden gebraucht
bei 6 cores haben 900 Messungen 0.154441 Sekunden gebraucht
bei 6 cores haben 900 Messungen 0.163605 Sekunden gebraucht
bei 6 cores haben 900 Messungen 0.156121 Sekunden gebraucht
bei 6 cores haben 900 Messungen 0.107500 Sekunden gebraucht
bei 6 cores haben 900 Messungen 0.154337 Sekunden gebraucht
bei 6 cores haben 900 Messungen 0.164514 Sekunden gebraucht
bei 6 cores haben 900 Messungen 0.135092 Sekunden gebraucht
bei 6 cores haben 900 Messungen 0.167561 Sekunden gebraucht
bei 6 cores haben 900 Messungen 0.161463 Sekunden gebraucht
bei 7 cores haben 900 Messungen 0.163666 Sekunden gebraucht
bei 7 cores haben 900 Messungen 0.159064 Sekunden gebraucht
bei 7 cores haben 900 Messungen 0.157101 Sekunden gebraucht
bei 7 cores haben 900 Messungen 0.128402 Sekunden gebraucht
bei 7 cores haben 900 Messungen 0.165003 Sekunden gebraucht
bei 7 cores haben 900 Messungen 0.166553 Sekunden gebraucht
bei 7 cores haben 900 Messungen 0.157643 Sekunden gebraucht
bei 7 cores haben 900 Messungen 0.158424 Sekunden gebraucht
bei 7 cores haben 900 Messungen 0.158531 Sekunden gebraucht
bei 7 cores haben 900 Messungen 0.166934 Sekunden gebraucht
bei 8 cores haben 900 Messungen 0.163011 Sekunden gebraucht
bei 8 cores haben 900 Messungen 0.156597 Sekunden gebraucht
bei 8 cores haben 900 Messungen 0.161907 Sekunden gebraucht
bei 8 cores haben 900 Messungen 0.168940 Sekunden gebraucht
bei 8 cores haben 900 Messungen 0.169469 Sekunden gebraucht
bei 8 cores haben 900 Messungen 0.160531 Sekunden gebraucht
bei 8 cores haben 900 Messungen 0.644170 Sekunden gebraucht
bei 8 cores haben 900 Messungen 0.165420 Sekunden gebraucht
bei 8 cores haben 900 Messungen 0.158114 Sekunden gebraucht
bei 8 cores haben 900 Messungen 0.168556 Sekunden gebraucht
bei 9 cores haben 900 Messungen 0.163361 Sekunden gebraucht
bei 9 cores haben 900 Messungen 0.162168 Sekunden gebraucht
bei 9 cores haben 900 Messungen 0.162989 Sekunden gebraucht
bei 9 cores haben 900 Messungen 0.161801 Sekunden gebraucht
bei 9 cores haben 900 Messungen 0.161688 Sekunden gebraucht
bei 9 cores haben 900 Messungen 0.161936 Sekunden gebraucht
bei 9 cores haben 900 Messungen 0.162718 Sekunden gebraucht
bei 9 cores haben 900 Messungen 0.165387 Sekunden gebraucht
bei 9 cores haben 900 Messungen 0.162384 Sekunden gebraucht
bei 9 cores haben 900 Messungen 0.163272 Sekunden gebraucht
bei 10 cores haben 900 Messungen 0.164862 Sekunden gebraucht
bei 10 cores haben 900 Messungen 0.164142 Sekunden gebraucht
bei 10 cores haben 900 Messungen 0.173474 Sekunden gebraucht
bei 10 cores haben 900 Messungen 0.172031 Sekunden gebraucht
bei 10 cores haben 900 Messungen 0.162454 Sekunden gebraucht
bei 10 cores haben 900 Messungen 0.159408 Sekunden gebraucht
bei 10 cores haben 900 Messungen 0.159010 Sekunden gebraucht
bei 10 cores haben 900 Messungen 0.163574 Sekunden gebraucht
bei 10 cores haben 900 Messungen 0.172082 Sekunden gebraucht
bei 10 cores haben 900 Messungen 0.171284 Sekunden gebraucht
bei 11 cores haben 900 Messungen 0.169746 Sekunden gebraucht
bei 11 cores haben 900 Messungen 0.171393 Sekunden gebraucht
bei 11 cores haben 900 Messungen 0.170549 Sekunden gebraucht
bei 11 cores haben 900 Messungen 0.170379 Sekunden gebraucht
bei 11 cores haben 900 Messungen 0.172267 Sekunden gebraucht
bei 11 cores haben 900 Messungen 0.170192 Sekunden gebraucht
bei 11 cores haben 900 Messungen 0.171472 Sekunden gebraucht
bei 11 cores haben 900 Messungen 0.170718 Sekunden gebraucht
bei 11 cores haben 900 Messungen 0.170216 Sekunden gebraucht
bei 11 cores haben 900 Messungen 0.170572 Sekunden gebraucht
bei 12 cores haben 900 Messungen 0.173944 Sekunden gebraucht
bei 12 cores haben 900 Messungen 0.173073 Sekunden gebraucht
bei 12 cores haben 900 Messungen 0.173682 Sekunden gebraucht
bei 12 cores haben 900 Messungen 0.174117 Sekunden gebraucht
bei 12 cores haben 900 Messungen 0.173328 Sekunden gebraucht
bei 12 cores haben 900 Messungen 0.173795 Sekunden gebraucht
bei 12 cores haben 900 Messungen 0.174265 Sekunden gebraucht
bei 12 cores haben 900 Messungen 0.173852 Sekunden gebraucht
bei 12 cores haben 900 Messungen 0.173786 Sekunden gebraucht
bei 12 cores haben 900 Messungen 0.173535 Sekunden gebraucht
Laenge=500
bei 1 cores haben 900 Messungen 21.180871 Sekunden gebraucht
bei 1 cores haben 900 Messungen 21.146373 Sekunden gebraucht
bei 1 cores haben 900 Messungen 21.133850 Sekunden gebraucht
bei 1 cores haben 900 Messungen 21.181062 Sekunden gebraucht
bei 1 cores haben 900 Messungen 21.172757 Sekunden gebraucht
bei 1 cores haben 900 Messungen 21.175886 Sekunden gebraucht
bei 1 cores haben 900 Messungen 21.129254 Sekunden gebraucht
bei 1 cores haben 900 Messungen 21.128372 Sekunden gebraucht
bei 1 cores haben 900 Messungen 21.131287 Sekunden gebraucht
bei 1 cores haben 900 Messungen 21.879770 Sekunden gebraucht
bei 2 cores haben 900 Messungen 20.520164 Sekunden gebraucht
bei 2 cores haben 900 Messungen 20.539813 Sekunden gebraucht
bei 2 cores haben 900 Messungen 20.534839 Sekunden gebraucht
bei 2 cores haben 900 Messungen 20.477264 Sekunden gebraucht
bei 2 cores haben 900 Messungen 20.473817 Sekunden gebraucht
bei 2 cores haben 900 Messungen 20.471568 Sekunden gebraucht
bei 2 cores haben 900 Messungen 20.605745 Sekunden gebraucht
bei 2 cores haben 900 Messungen 20.599594 Sekunden gebraucht
bei 2 cores haben 900 Messungen 20.572791 Sekunden gebraucht
bei 2 cores haben 900 Messungen 20.514323 Sekunden gebraucht
bei 3 cores haben 900 Messungen 17.011856 Sekunden gebraucht
bei 3 cores haben 900 Messungen 17.093255 Sekunden gebraucht
bei 3 cores haben 900 Messungen 16.937735 Sekunden gebraucht
bei 3 cores haben 900 Messungen 17.075230 Sekunden gebraucht
bei 3 cores haben 900 Messungen 16.920281 Sekunden gebraucht
bei 3 cores haben 900 Messungen 16.998749 Sekunden gebraucht
bei 3 cores haben 900 Messungen 16.958276 Sekunden gebraucht
bei 3 cores haben 900 Messungen 16.951357 Sekunden gebraucht
bei 3 cores haben 900 Messungen 17.118253 Sekunden gebraucht
bei 3 cores haben 900 Messungen 16.859953 Sekunden gebraucht
bei 4 cores haben 900 Messungen 15.570044 Sekunden gebraucht
bei 4 cores haben 900 Messungen 15.502230 Sekunden gebraucht
bei 4 cores haben 900 Messungen 15.536202 Sekunden gebraucht
bei 4 cores haben 900 Messungen 15.362942 Sekunden gebraucht
bei 4 cores haben 900 Messungen 15.341465 Sekunden gebraucht
bei 4 cores haben 900 Messungen 15.930468 Sekunden gebraucht
bei 4 cores haben 900 Messungen 15.347285 Sekunden gebraucht
bei 4 cores haben 900 Messungen 15.322077 Sekunden gebraucht
bei 4 cores haben 900 Messungen 15.318855 Sekunden gebraucht
bei 4 cores haben 900 Messungen 15.395043 Sekunden gebraucht
bei 5 cores haben 900 Messungen 15.926127 Sekunden gebraucht
bei 5 cores haben 900 Messungen 15.879772 Sekunden gebraucht
bei 5 cores haben 900 Messungen 15.944042 Sekunden gebraucht
bei 5 cores haben 900 Messungen 16.085576 Sekunden gebraucht
bei 5 cores haben 900 Messungen 16.088344 Sekunden gebraucht
bei 5 cores haben 900 Messungen 15.888197 Sekunden gebraucht
bei 5 cores haben 900 Messungen 15.927364 Sekunden gebraucht
bei 5 cores haben 900 Messungen 15.833495 Sekunden gebraucht
bei 5 cores haben 900 Messungen 15.877443 Sekunden gebraucht
bei 5 cores haben 900 Messungen 15.853152 Sekunden gebraucht
bei 6 cores haben 900 Messungen 15.103279 Sekunden gebraucht
bei 6 cores haben 900 Messungen 15.116924 Sekunden gebraucht
bei 6 cores haben 900 Messungen 15.927566 Sekunden gebraucht
bei 6 cores haben 900 Messungen 15.086328 Sekunden gebraucht
bei 6 cores haben 900 Messungen 15.090435 Sekunden gebraucht
bei 6 cores haben 900 Messungen 15.159036 Sekunden gebraucht
bei 6 cores haben 900 Messungen 15.034449 Sekunden gebraucht
bei 6 cores haben 900 Messungen 15.092874 Sekunden gebraucht
bei 6 cores haben 900 Messungen 15.198307 Sekunden gebraucht
bei 6 cores haben 900 Messungen 16.195931 Sekunden gebraucht
bei 7 cores haben 900 Messungen 15.589813 Sekunden gebraucht
bei 7 cores haben 900 Messungen 15.902797 Sekunden gebraucht
bei 7 cores haben 900 Messungen 15.886036 Sekunden gebraucht
bei 7 cores haben 900 Messungen 15.905273 Sekunden gebraucht
bei 7 cores haben 900 Messungen 15.679760 Sekunden gebraucht
bei 7 cores haben 900 Messungen 15.546786 Sekunden gebraucht
bei 7 cores haben 900 Messungen 15.639605 Sekunden gebraucht
bei 7 cores haben 900 Messungen 15.850034 Sekunden gebraucht
bei 7 cores haben 900 Messungen 15.915604 Sekunden gebraucht
bei 7 cores haben 900 Messungen 15.734927 Sekunden gebraucht
bei 8 cores haben 900 Messungen 15.544682 Sekunden gebraucht
bei 8 cores haben 900 Messungen 15.431946 Sekunden gebraucht
bei 8 cores haben 900 Messungen 15.514075 Sekunden gebraucht
bei 8 cores haben 900 Messungen 15.852033 Sekunden gebraucht
bei 8 cores haben 900 Messungen 16.116218 Sekunden gebraucht
bei 8 cores haben 900 Messungen 15.830442 Sekunden gebraucht
bei 8 cores haben 900 Messungen 15.582475 Sekunden gebraucht
bei 8 cores haben 900 Messungen 15.879430 Sekunden gebraucht
bei 8 cores haben 900 Messungen 15.912825 Sekunden gebraucht
bei 8 cores haben 900 Messungen 15.809456 Sekunden gebraucht
bei 9 cores haben 900 Messungen 15.939656 Sekunden gebraucht
bei 9 cores haben 900 Messungen 15.902775 Sekunden gebraucht
bei 9 cores haben 900 Messungen 15.905150 Sekunden gebraucht
bei 9 cores haben 900 Messungen 15.970136 Sekunden gebraucht
bei 9 cores haben 900 Messungen 15.858150 Sekunden gebraucht
bei 9 cores haben 900 Messungen 15.913474 Sekunden gebraucht
bei 9 cores haben 900 Messungen 15.876603 Sekunden gebraucht
bei 9 cores haben 900 Messungen 15.745552 Sekunden gebraucht
bei 9 cores haben 900 Messungen 15.882414 Sekunden gebraucht
bei 9 cores haben 900 Messungen 15.918496 Sekunden gebraucht
bei 10 cores haben 900 Messungen 16.107152 Sekunden gebraucht
bei 10 cores haben 900 Messungen 16.134301 Sekunden gebraucht
bei 10 cores haben 900 Messungen 16.043785 Sekunden gebraucht
bei 10 cores haben 900 Messungen 16.138912 Sekunden gebraucht
bei 10 cores haben 900 Messungen 16.088515 Sekunden gebraucht
bei 10 cores haben 900 Messungen 16.154026 Sekunden gebraucht
bei 10 cores haben 900 Messungen 16.121811 Sekunden gebraucht
bei 10 cores haben 900 Messungen 16.112667 Sekunden gebraucht
bei 10 cores haben 900 Messungen 15.993725 Sekunden gebraucht
bei 10 cores haben 900 Messungen 16.279511 Sekunden gebraucht
bei 11 cores haben 900 Messungen 15.992942 Sekunden gebraucht
bei 11 cores haben 900 Messungen 16.021227 Sekunden gebraucht
bei 11 cores haben 900 Messungen 15.874841 Sekunden gebraucht
bei 11 cores haben 900 Messungen 16.001105 Sekunden gebraucht
bei 11 cores haben 900 Messungen 16.063734 Sekunden gebraucht
bei 11 cores haben 900 Messungen 15.998895 Sekunden gebraucht
bei 11 cores haben 900 Messungen 15.971731 Sekunden gebraucht
bei 11 cores haben 900 Messungen 16.012362 Sekunden gebraucht
bei 11 cores haben 900 Messungen 15.965880 Sekunden gebraucht
bei 11 cores haben 900 Messungen 16.062349 Sekunden gebraucht
bei 12 cores haben 900 Messungen 16.000069 Sekunden gebraucht
bei 12 cores haben 900 Messungen 16.039786 Sekunden gebraucht
bei 12 cores haben 900 Messungen 16.005046 Sekunden gebraucht
bei 12 cores haben 900 Messungen 16.003912 Sekunden gebraucht
bei 12 cores haben 900 Messungen 16.039812 Sekunden gebraucht
bei 12 cores haben 900 Messungen 16.030986 Sekunden gebraucht
bei 12 cores haben 900 Messungen 16.013880 Sekunden gebraucht
bei 12 cores haben 900 Messungen 16.034298 Sekunden gebraucht
bei 12 cores haben 900 Messungen 16.019317 Sekunden gebraucht
bei 12 cores haben 900 Messungen 16.017895 Sekunden gebraucht
/hiskp4/gross/bachelorarbeit
