Wed Jun  3 12:04:33 CEST 2020 Waiting for 30 seconds before starting the job to allow the node to settle down
Wed Jun  3 12:05:03 CEST 2020 Waiting done, starting task!
Wed Jun  3 12:05:03 CEST 2020 Waiting for 30 seconds before starting the job to allow the node to settle down
Wed Jun  3 12:05:33 CEST 2020 Waiting done, starting task!
Laenge=10
bei 1 cores haben 1000 Messungen 0.016589 Sekunden gebraucht
bei 2 cores haben 1000 Messungen 0.012933 Sekunden gebraucht
bei 3 cores haben 1000 Messungen 0.024892 Sekunden gebraucht
bei 4 cores haben 1000 Messungen 0.026930 Sekunden gebraucht
bei 5 cores haben 1000 Messungen 0.025200 Sekunden gebraucht
bei 6 cores haben 1000 Messungen 0.029289 Sekunden gebraucht
bei 7 cores haben 1000 Messungen 0.030315 Sekunden gebraucht
bei 8 cores haben 1000 Messungen 0.033405 Sekunden gebraucht
bei 9 cores haben 1000 Messungen 0.035325 Sekunden gebraucht
bei 1 cores haben 1000 Messungen 0.017340 Sekunden gebraucht
bei 2 cores haben 1000 Messungen 0.012933 Sekunden gebraucht
bei 3 cores haben 1000 Messungen 0.020982 Sekunden gebraucht
bei 4 cores haben 1000 Messungen 0.024251 Sekunden gebraucht
bei 5 cores haben 1000 Messungen 0.024759 Sekunden gebraucht
bei 6 cores haben 1000 Messungen 0.028768 Sekunden gebraucht
bei 7 cores haben 1000 Messungen 0.029280 Sekunden gebraucht
bei 8 cores haben 1000 Messungen 0.030601 Sekunden gebraucht
bei 9 cores haben 1000 Messungen 0.031734 Sekunden gebraucht
bei 1 cores haben 1000 Messungen 0.013544 Sekunden gebraucht
bei 2 cores haben 1000 Messungen 0.010079 Sekunden gebraucht
bei 3 cores haben 1000 Messungen 0.018283 Sekunden gebraucht
bei 4 cores haben 1000 Messungen 0.021289 Sekunden gebraucht
bei 5 cores haben 1000 Messungen 0.022029 Sekunden gebraucht
bei 6 cores haben 1000 Messungen 0.025802 Sekunden gebraucht
bei 7 cores haben 1000 Messungen 0.027093 Sekunden gebraucht
bei 8 cores haben 1000 Messungen 0.030409 Sekunden gebraucht
bei 9 cores haben 1000 Messungen 0.031696 Sekunden gebraucht
bei 1 cores haben 1000 Messungen 0.012885 Sekunden gebraucht
bei 2 cores haben 1000 Messungen 0.010088 Sekunden gebraucht
bei 3 cores haben 1000 Messungen 0.017505 Sekunden gebraucht
bei 4 cores haben 1000 Messungen 0.021335 Sekunden gebraucht
bei 5 cores haben 1000 Messungen 0.021468 Sekunden gebraucht
bei 6 cores haben 1000 Messungen 0.031239 Sekunden gebraucht
bei 7 cores haben 1000 Messungen 0.027516 Sekunden gebraucht
bei 8 cores haben 1000 Messungen 0.035803 Sekunden gebraucht
bei 9 cores haben 1000 Messungen 0.031429 Sekunden gebraucht
bei 1 cores haben 1000 Messungen 0.013374 Sekunden gebraucht
bei 2 cores haben 1000 Messungen 0.009779 Sekunden gebraucht
bei 3 cores haben 1000 Messungen 0.021012 Sekunden gebraucht
bei 4 cores haben 1000 Messungen 0.020082 Sekunden gebraucht
bei 5 cores haben 1000 Messungen 0.021349 Sekunden gebraucht
bei 6 cores haben 1000 Messungen 0.022354 Sekunden gebraucht
bei 7 cores haben 1000 Messungen 0.026151 Sekunden gebraucht
bei 8 cores haben 1000 Messungen 0.024539 Sekunden gebraucht
bei 9 cores haben 1000 Messungen 0.026660 Sekunden gebraucht
bei 1 cores haben 1000 Messungen 0.013369 Sekunden gebraucht
bei 2 cores haben 1000 Messungen 0.010146 Sekunden gebraucht
bei 3 cores haben 1000 Messungen 0.017180 Sekunden gebraucht
bei 4 cores haben 1000 Messungen 0.017992 Sekunden gebraucht
bei 5 cores haben 1000 Messungen 0.021031 Sekunden gebraucht
bei 6 cores haben 1000 Messungen 0.021944 Sekunden gebraucht
bei 7 cores haben 1000 Messungen 0.025522 Sekunden gebraucht
bei 8 cores haben 1000 Messungen 0.023467 Sekunden gebraucht
bei 9 cores haben 1000 Messungen 0.027342 Sekunden gebraucht
bei 1 cores haben 1000 Messungen 0.014017 Sekunden gebraucht
bei 2 cores haben 1000 Messungen 0.010564 Sekunden gebraucht
bei 3 cores haben 1000 Messungen 0.022113 Sekunden gebraucht
bei 4 cores haben 1000 Messungen 0.020016 Sekunden gebraucht
bei 5 cores haben 1000 Messungen 0.022253 Sekunden gebraucht
bei 6 cores haben 1000 Messungen 0.022133 Sekunden gebraucht
bei 7 cores haben 1000 Messungen 0.025623 Sekunden gebraucht
bei 8 cores haben 1000 Messungen 0.023635 Sekunden gebraucht
bei 9 cores haben 1000 Messungen 0.026980 Sekunden gebraucht
bei 1 cores haben 1000 Messungen 0.013590 Sekunden gebraucht
bei 2 cores haben 1000 Messungen 0.010350 Sekunden gebraucht
bei 3 cores haben 1000 Messungen 0.016912 Sekunden gebraucht
bei 4 cores haben 1000 Messungen 0.017814 Sekunden gebraucht
bei 5 cores haben 1000 Messungen 0.021384 Sekunden gebraucht
bei 6 cores haben 1000 Messungen 0.021909 Sekunden gebraucht
bei 7 cores haben 1000 Messungen 0.025406 Sekunden gebraucht
bei 8 cores haben 1000 Messungen 0.025754 Sekunden gebraucht
bei 9 cores haben 1000 Messungen 0.030802 Sekunden gebraucht
bei 1 cores haben 1000 Messungen 0.013586 Sekunden gebraucht
bei 2 cores haben 1000 Messungen 0.010075 Sekunden gebraucht
bei 3 cores haben 1000 Messungen 0.016944 Sekunden gebraucht
bei 4 cores haben 1000 Messungen 0.017456 Sekunden gebraucht
bei 5 cores haben 1000 Messungen 0.023276 Sekunden gebraucht
bei 6 cores haben 1000 Messungen 0.021968 Sekunden gebraucht
bei 7 cores haben 1000 Messungen 0.025434 Sekunden gebraucht
bei 8 cores haben 1000 Messungen 0.025831 Sekunden gebraucht
bei 9 cores haben 1000 Messungen 0.036462 Sekunden gebraucht
bei 1 cores haben 1000 Messungen 0.012753 Sekunden gebraucht
bei 2 cores haben 1000 Messungen 0.009859 Sekunden gebraucht
bei 3 cores haben 1000 Messungen 0.021008 Sekunden gebraucht
bei 4 cores haben 1000 Messungen 0.020596 Sekunden gebraucht
bei 5 cores haben 1000 Messungen 0.021901 Sekunden gebraucht
bei 6 cores haben 1000 Messungen 0.023181 Sekunden gebraucht
bei 7 cores haben 1000 Messungen 0.025388 Sekunden gebraucht
bei 8 cores haben 1000 Messungen 0.023706 Sekunden gebraucht
bei 9 cores haben 1000 Messungen 0.026576 Sekunden gebraucht
Laenge=50
bei 1 cores haben 1000 Messungen 0.246559 Sekunden gebraucht
bei 2 cores haben 1000 Messungen 0.193496 Sekunden gebraucht
bei 3 cores haben 1000 Messungen 0.167041 Sekunden gebraucht
bei 4 cores haben 1000 Messungen 0.134703 Sekunden gebraucht
bei 5 cores haben 1000 Messungen 0.143217 Sekunden gebraucht
bei 6 cores haben 1000 Messungen 0.120062 Sekunden gebraucht
bei 7 cores haben 1000 Messungen 0.122389 Sekunden gebraucht
bei 8 cores haben 1000 Messungen 0.117251 Sekunden gebraucht
bei 9 cores haben 1000 Messungen 0.117702 Sekunden gebraucht
bei 1 cores haben 1000 Messungen 0.246085 Sekunden gebraucht
bei 2 cores haben 1000 Messungen 0.199013 Sekunden gebraucht
bei 3 cores haben 1000 Messungen 0.166192 Sekunden gebraucht
bei 4 cores haben 1000 Messungen 0.143501 Sekunden gebraucht
bei 5 cores haben 1000 Messungen 0.127977 Sekunden gebraucht
bei 6 cores haben 1000 Messungen 0.138930 Sekunden gebraucht
bei 7 cores haben 1000 Messungen 0.130546 Sekunden gebraucht
bei 8 cores haben 1000 Messungen 0.130129 Sekunden gebraucht
bei 9 cores haben 1000 Messungen 0.217031 Sekunden gebraucht
bei 1 cores haben 1000 Messungen 0.249530 Sekunden gebraucht
bei 2 cores haben 1000 Messungen 0.237941 Sekunden gebraucht
bei 3 cores haben 1000 Messungen 0.164824 Sekunden gebraucht
bei 4 cores haben 1000 Messungen 0.123256 Sekunden gebraucht
bei 5 cores haben 1000 Messungen 0.119336 Sekunden gebraucht
bei 6 cores haben 1000 Messungen 0.158566 Sekunden gebraucht
bei 7 cores haben 1000 Messungen 0.122446 Sekunden gebraucht
bei 8 cores haben 1000 Messungen 0.124593 Sekunden gebraucht
bei 9 cores haben 1000 Messungen 0.123195 Sekunden gebraucht
bei 1 cores haben 1000 Messungen 0.244455 Sekunden gebraucht
bei 2 cores haben 1000 Messungen 0.243705 Sekunden gebraucht
bei 3 cores haben 1000 Messungen 0.131353 Sekunden gebraucht
bei 4 cores haben 1000 Messungen 0.149361 Sekunden gebraucht
bei 5 cores haben 1000 Messungen 0.131025 Sekunden gebraucht
bei 6 cores haben 1000 Messungen 0.123249 Sekunden gebraucht
bei 7 cores haben 1000 Messungen 0.128902 Sekunden gebraucht
bei 8 cores haben 1000 Messungen 0.143097 Sekunden gebraucht
bei 9 cores haben 1000 Messungen 0.126687 Sekunden gebraucht
bei 1 cores haben 1000 Messungen 0.255443 Sekunden gebraucht
bei 2 cores haben 1000 Messungen 0.243336 Sekunden gebraucht
bei 3 cores haben 1000 Messungen 0.168209 Sekunden gebraucht
bei 4 cores haben 1000 Messungen 0.134003 Sekunden gebraucht
bei 5 cores haben 1000 Messungen 0.112167 Sekunden gebraucht
bei 6 cores haben 1000 Messungen 0.125741 Sekunden gebraucht
bei 7 cores haben 1000 Messungen 0.128264 Sekunden gebraucht
bei 8 cores haben 1000 Messungen 0.136946 Sekunden gebraucht
bei 9 cores haben 1000 Messungen 0.119050 Sekunden gebraucht
bei 1 cores haben 1000 Messungen 0.261230 Sekunden gebraucht
bei 2 cores haben 1000 Messungen 0.228306 Sekunden gebraucht
bei 3 cores haben 1000 Messungen 0.189266 Sekunden gebraucht
bei 4 cores haben 1000 Messungen 0.131845 Sekunden gebraucht
bei 5 cores haben 1000 Messungen 0.130714 Sekunden gebraucht
bei 6 cores haben 1000 Messungen 0.125312 Sekunden gebraucht
bei 7 cores haben 1000 Messungen 0.129843 Sekunden gebraucht
bei 8 cores haben 1000 Messungen 0.116938 Sekunden gebraucht
bei 9 cores haben 1000 Messungen 0.118999 Sekunden gebraucht
bei 1 cores haben 1000 Messungen 0.246825 Sekunden gebraucht
bei 2 cores haben 1000 Messungen 0.256724 Sekunden gebraucht
bei 3 cores haben 1000 Messungen 0.198147 Sekunden gebraucht
bei 4 cores haben 1000 Messungen 0.159276 Sekunden gebraucht
bei 5 cores haben 1000 Messungen 0.149767 Sekunden gebraucht
bei 6 cores haben 1000 Messungen 0.137943 Sekunden gebraucht
bei 7 cores haben 1000 Messungen 0.660982 Sekunden gebraucht
bei 8 cores haben 1000 Messungen 0.128947 Sekunden gebraucht
bei 9 cores haben 1000 Messungen 0.142338 Sekunden gebraucht
bei 1 cores haben 1000 Messungen 0.321909 Sekunden gebraucht
bei 2 cores haben 1000 Messungen 0.246341 Sekunden gebraucht
bei 3 cores haben 1000 Messungen 0.168473 Sekunden gebraucht
bei 4 cores haben 1000 Messungen 0.147199 Sekunden gebraucht
bei 5 cores haben 1000 Messungen 0.145731 Sekunden gebraucht
bei 6 cores haben 1000 Messungen 0.143013 Sekunden gebraucht
bei 7 cores haben 1000 Messungen 0.141748 Sekunden gebraucht
bei 8 cores haben 1000 Messungen 0.124312 Sekunden gebraucht
bei 9 cores haben 1000 Messungen 0.272708 Sekunden gebraucht
bei 1 cores haben 1000 Messungen 0.274467 Sekunden gebraucht
bei 2 cores haben 1000 Messungen 0.181119 Sekunden gebraucht
bei 3 cores haben 1000 Messungen 0.148392 Sekunden gebraucht
bei 4 cores haben 1000 Messungen 0.125067 Sekunden gebraucht
bei 5 cores haben 1000 Messungen 0.116475 Sekunden gebraucht
bei 6 cores haben 1000 Messungen 0.118637 Sekunden gebraucht
bei 7 cores haben 1000 Messungen 0.122290 Sekunden gebraucht
bei 8 cores haben 1000 Messungen 0.117886 Sekunden gebraucht
bei 9 cores haben 1000 Messungen 0.120841 Sekunden gebraucht
bei 1 cores haben 1000 Messungen 0.250506 Sekunden gebraucht
bei 2 cores haben 1000 Messungen 0.205955 Sekunden gebraucht
bei 3 cores haben 1000 Messungen 0.192416 Sekunden gebraucht
bei 4 cores haben 1000 Messungen 0.136008 Sekunden gebraucht
bei 5 cores haben 1000 Messungen 0.136664 Sekunden gebraucht
bei 6 cores haben 1000 Messungen 0.132310 Sekunden gebraucht
bei 7 cores haben 1000 Messungen 0.143309 Sekunden gebraucht
bei 8 cores haben 1000 Messungen 0.122396 Sekunden gebraucht
bei 9 cores haben 1000 Messungen 0.155875 Sekunden gebraucht
Laenge=100
bei 1 cores haben 1000 Messungen 1.049292 Sekunden gebraucht
bei 2 cores haben 1000 Messungen 0.722175 Sekunden gebraucht
bei 3 cores haben 1000 Messungen 0.532948 Sekunden gebraucht
bei 4 cores haben 1000 Messungen 0.460325 Sekunden gebraucht
bei 5 cores haben 1000 Messungen 0.451589 Sekunden gebraucht
bei 6 cores haben 1000 Messungen 0.464717 Sekunden gebraucht
bei 7 cores haben 1000 Messungen 0.434525 Sekunden gebraucht
bei 8 cores haben 1000 Messungen 0.454811 Sekunden gebraucht
bei 9 cores haben 1000 Messungen 0.440475 Sekunden gebraucht
bei 1 cores haben 1000 Messungen 0.987949 Sekunden gebraucht
bei 2 cores haben 1000 Messungen 0.782032 Sekunden gebraucht
bei 3 cores haben 1000 Messungen 0.520895 Sekunden gebraucht
bei 4 cores haben 1000 Messungen 0.482556 Sekunden gebraucht
bei 5 cores haben 1000 Messungen 0.439024 Sekunden gebraucht
bei 6 cores haben 1000 Messungen 0.445908 Sekunden gebraucht
bei 7 cores haben 1000 Messungen 0.440409 Sekunden gebraucht
bei 8 cores haben 1000 Messungen 0.452855 Sekunden gebraucht
bei 9 cores haben 1000 Messungen 0.440567 Sekunden gebraucht
bei 1 cores haben 1000 Messungen 1.049657 Sekunden gebraucht
bei 2 cores haben 1000 Messungen 0.794646 Sekunden gebraucht
bei 3 cores haben 1000 Messungen 0.517336 Sekunden gebraucht
bei 4 cores haben 1000 Messungen 0.454240 Sekunden gebraucht
bei 5 cores haben 1000 Messungen 0.434171 Sekunden gebraucht
bei 6 cores haben 1000 Messungen 0.506974 Sekunden gebraucht
bei 7 cores haben 1000 Messungen 0.447393 Sekunden gebraucht
bei 8 cores haben 1000 Messungen 0.452298 Sekunden gebraucht
bei 9 cores haben 1000 Messungen 0.663144 Sekunden gebraucht
bei 1 cores haben 1000 Messungen 0.991413 Sekunden gebraucht
bei 2 cores haben 1000 Messungen 0.701315 Sekunden gebraucht
bei 3 cores haben 1000 Messungen 0.534364 Sekunden gebraucht
bei 4 cores haben 1000 Messungen 0.464988 Sekunden gebraucht
bei 5 cores haben 1000 Messungen 0.445276 Sekunden gebraucht
bei 6 cores haben 1000 Messungen 0.457165 Sekunden gebraucht
bei 7 cores haben 1000 Messungen 0.437678 Sekunden gebraucht
bei 8 cores haben 1000 Messungen 0.456882 Sekunden gebraucht
bei 9 cores haben 1000 Messungen 0.430340 Sekunden gebraucht
bei 1 cores haben 1000 Messungen 0.985375 Sekunden gebraucht
bei 2 cores haben 1000 Messungen 0.900328 Sekunden gebraucht
bei 3 cores haben 1000 Messungen 0.569064 Sekunden gebraucht
bei 4 cores haben 1000 Messungen 0.457817 Sekunden gebraucht
bei 5 cores haben 1000 Messungen 0.452330 Sekunden gebraucht
bei 6 cores haben 1000 Messungen 0.456351 Sekunden gebraucht
bei 7 cores haben 1000 Messungen 0.436232 Sekunden gebraucht
bei 8 cores haben 1000 Messungen 0.436497 Sekunden gebraucht
bei 9 cores haben 1000 Messungen 0.501460 Sekunden gebraucht
bei 1 cores haben 1000 Messungen 0.987830 Sekunden gebraucht
bei 2 cores haben 1000 Messungen 0.784478 Sekunden gebraucht
bei 3 cores haben 1000 Messungen 0.532384 Sekunden gebraucht
bei 4 cores haben 1000 Messungen 0.461042 Sekunden gebraucht
bei 5 cores haben 1000 Messungen 0.416810 Sekunden gebraucht
bei 6 cores haben 1000 Messungen 0.443256 Sekunden gebraucht
bei 7 cores haben 1000 Messungen 0.600623 Sekunden gebraucht
bei 8 cores haben 1000 Messungen 0.443312 Sekunden gebraucht
bei 9 cores haben 1000 Messungen 0.437835 Sekunden gebraucht
bei 1 cores haben 1000 Messungen 1.005942 Sekunden gebraucht
bei 2 cores haben 1000 Messungen 0.856839 Sekunden gebraucht
bei 3 cores haben 1000 Messungen 0.535113 Sekunden gebraucht
bei 4 cores haben 1000 Messungen 0.505926 Sekunden gebraucht
bei 5 cores haben 1000 Messungen 0.464643 Sekunden gebraucht
bei 6 cores haben 1000 Messungen 0.506193 Sekunden gebraucht
bei 7 cores haben 1000 Messungen 0.439491 Sekunden gebraucht
bei 8 cores haben 1000 Messungen 0.448906 Sekunden gebraucht
bei 9 cores haben 1000 Messungen 0.435397 Sekunden gebraucht
bei 1 cores haben 1000 Messungen 0.988274 Sekunden gebraucht
bei 2 cores haben 1000 Messungen 0.938420 Sekunden gebraucht
bei 3 cores haben 1000 Messungen 0.638095 Sekunden gebraucht
bei 4 cores haben 1000 Messungen 0.461352 Sekunden gebraucht
bei 5 cores haben 1000 Messungen 0.432480 Sekunden gebraucht
bei 6 cores haben 1000 Messungen 0.448787 Sekunden gebraucht
bei 7 cores haben 1000 Messungen 0.442192 Sekunden gebraucht
bei 8 cores haben 1000 Messungen 0.448527 Sekunden gebraucht
bei 9 cores haben 1000 Messungen 0.424391 Sekunden gebraucht
bei 1 cores haben 1000 Messungen 0.987793 Sekunden gebraucht
bei 2 cores haben 1000 Messungen 0.785722 Sekunden gebraucht
bei 3 cores haben 1000 Messungen 0.512689 Sekunden gebraucht
bei 4 cores haben 1000 Messungen 0.462148 Sekunden gebraucht
bei 5 cores haben 1000 Messungen 0.437175 Sekunden gebraucht
bei 6 cores haben 1000 Messungen 0.455628 Sekunden gebraucht
bei 7 cores haben 1000 Messungen 0.466561 Sekunden gebraucht
bei 8 cores haben 1000 Messungen 0.461149 Sekunden gebraucht
bei 9 cores haben 1000 Messungen 0.497795 Sekunden gebraucht
bei 1 cores haben 1000 Messungen 0.987616 Sekunden gebraucht
bei 2 cores haben 1000 Messungen 0.790003 Sekunden gebraucht
bei 3 cores haben 1000 Messungen 0.635408 Sekunden gebraucht
bei 4 cores haben 1000 Messungen 0.460420 Sekunden gebraucht
bei 5 cores haben 1000 Messungen 0.455164 Sekunden gebraucht
bei 6 cores haben 1000 Messungen 0.452970 Sekunden gebraucht
bei 7 cores haben 1000 Messungen 0.438306 Sekunden gebraucht
bei 8 cores haben 1000 Messungen 0.445136 Sekunden gebraucht
bei 9 cores haben 1000 Messungen 0.469442 Sekunden gebraucht
Laenge=200
bei 1 cores haben 1000 Messungen 3.996560 Sekunden gebraucht
bei 2 cores haben 1000 Messungen 2.882792 Sekunden gebraucht
bei 3 cores haben 1000 Messungen 2.003167 Sekunden gebraucht
bei 4 cores haben 1000 Messungen 1.774477 Sekunden gebraucht
bei 5 cores haben 1000 Messungen 1.694198 Sekunden gebraucht
bei 6 cores haben 1000 Messungen 1.712476 Sekunden gebraucht
bei 7 cores haben 1000 Messungen 1.615237 Sekunden gebraucht
bei 8 cores haben 1000 Messungen 1.653572 Sekunden gebraucht
bei 9 cores haben 1000 Messungen 1.538460 Sekunden gebraucht
bei 1 cores haben 1000 Messungen 3.994413 Sekunden gebraucht
bei 2 cores haben 1000 Messungen 2.810144 Sekunden gebraucht
bei 3 cores haben 1000 Messungen 1.986344 Sekunden gebraucht
bei 4 cores haben 1000 Messungen 1.848380 Sekunden gebraucht
bei 5 cores haben 1000 Messungen 1.672867 Sekunden gebraucht
bei 6 cores haben 1000 Messungen 1.675300 Sekunden gebraucht
bei 7 cores haben 1000 Messungen 1.643433 Sekunden gebraucht
bei 8 cores haben 1000 Messungen 1.637158 Sekunden gebraucht
bei 9 cores haben 1000 Messungen 1.544052 Sekunden gebraucht
bei 1 cores haben 1000 Messungen 3.933532 Sekunden gebraucht
bei 2 cores haben 1000 Messungen 2.864695 Sekunden gebraucht
bei 3 cores haben 1000 Messungen 2.115784 Sekunden gebraucht
bei 4 cores haben 1000 Messungen 1.712363 Sekunden gebraucht
bei 5 cores haben 1000 Messungen 1.638485 Sekunden gebraucht
bei 6 cores haben 1000 Messungen 1.670739 Sekunden gebraucht
bei 7 cores haben 1000 Messungen 1.615195 Sekunden gebraucht
bei 8 cores haben 1000 Messungen 1.612562 Sekunden gebraucht
bei 9 cores haben 1000 Messungen 1.533209 Sekunden gebraucht
bei 1 cores haben 1000 Messungen 3.932995 Sekunden gebraucht
bei 2 cores haben 1000 Messungen 2.747746 Sekunden gebraucht
bei 3 cores haben 1000 Messungen 2.015159 Sekunden gebraucht
bei 4 cores haben 1000 Messungen 1.746923 Sekunden gebraucht
bei 5 cores haben 1000 Messungen 1.732351 Sekunden gebraucht
bei 6 cores haben 1000 Messungen 1.652593 Sekunden gebraucht
bei 7 cores haben 1000 Messungen 1.622033 Sekunden gebraucht
bei 8 cores haben 1000 Messungen 1.665726 Sekunden gebraucht
bei 9 cores haben 1000 Messungen 1.891586 Sekunden gebraucht
bei 1 cores haben 1000 Messungen 3.927503 Sekunden gebraucht
bei 2 cores haben 1000 Messungen 2.803012 Sekunden gebraucht
bei 3 cores haben 1000 Messungen 2.006853 Sekunden gebraucht
bei 4 cores haben 1000 Messungen 1.747436 Sekunden gebraucht
bei 5 cores haben 1000 Messungen 1.689729 Sekunden gebraucht
bei 6 cores haben 1000 Messungen 1.778094 Sekunden gebraucht
bei 7 cores haben 1000 Messungen 1.667416 Sekunden gebraucht
bei 8 cores haben 1000 Messungen 1.622413 Sekunden gebraucht
bei 9 cores haben 1000 Messungen 1.546068 Sekunden gebraucht
bei 1 cores haben 1000 Messungen 3.935861 Sekunden gebraucht
bei 2 cores haben 1000 Messungen 2.820877 Sekunden gebraucht
bei 3 cores haben 1000 Messungen 1.957030 Sekunden gebraucht
bei 4 cores haben 1000 Messungen 1.840330 Sekunden gebraucht
bei 5 cores haben 1000 Messungen 1.697386 Sekunden gebraucht
bei 6 cores haben 1000 Messungen 1.754595 Sekunden gebraucht
bei 7 cores haben 1000 Messungen 1.656364 Sekunden gebraucht
bei 8 cores haben 1000 Messungen 1.640640 Sekunden gebraucht
bei 9 cores haben 1000 Messungen 1.556155 Sekunden gebraucht
bei 1 cores haben 1000 Messungen 3.929519 Sekunden gebraucht
bei 2 cores haben 1000 Messungen 2.716462 Sekunden gebraucht
bei 3 cores haben 1000 Messungen 1.990582 Sekunden gebraucht
bei 4 cores haben 1000 Messungen 1.685543 Sekunden gebraucht
bei 5 cores haben 1000 Messungen 1.715434 Sekunden gebraucht
bei 6 cores haben 1000 Messungen 1.635558 Sekunden gebraucht
bei 7 cores haben 1000 Messungen 1.625182 Sekunden gebraucht
bei 8 cores haben 1000 Messungen 1.635435 Sekunden gebraucht
bei 9 cores haben 1000 Messungen 1.692420 Sekunden gebraucht
bei 1 cores haben 1000 Messungen 3.999877 Sekunden gebraucht
bei 2 cores haben 1000 Messungen 2.920978 Sekunden gebraucht
bei 3 cores haben 1000 Messungen 1.965378 Sekunden gebraucht
bei 4 cores haben 1000 Messungen 1.775792 Sekunden gebraucht
bei 5 cores haben 1000 Messungen 1.661239 Sekunden gebraucht
bei 6 cores haben 1000 Messungen 1.642296 Sekunden gebraucht
bei 7 cores haben 1000 Messungen 1.656310 Sekunden gebraucht
bei 8 cores haben 1000 Messungen 1.628397 Sekunden gebraucht
bei 9 cores haben 1000 Messungen 1.646508 Sekunden gebraucht
bei 1 cores haben 1000 Messungen 3.932011 Sekunden gebraucht
bei 2 cores haben 1000 Messungen 2.769871 Sekunden gebraucht
bei 3 cores haben 1000 Messungen 2.003085 Sekunden gebraucht
bei 4 cores haben 1000 Messungen 1.749331 Sekunden gebraucht
bei 5 cores haben 1000 Messungen 1.771866 Sekunden gebraucht
bei 6 cores haben 1000 Messungen 1.640342 Sekunden gebraucht
bei 7 cores haben 1000 Messungen 1.652534 Sekunden gebraucht
bei 8 cores haben 1000 Messungen 1.622547 Sekunden gebraucht
bei 9 cores haben 1000 Messungen 1.592642 Sekunden gebraucht
bei 1 cores haben 1000 Messungen 3.933717 Sekunden gebraucht
bei 2 cores haben 1000 Messungen 2.694096 Sekunden gebraucht
bei 3 cores haben 1000 Messungen 2.183128 Sekunden gebraucht
bei 4 cores haben 1000 Messungen 1.744802 Sekunden gebraucht
bei 5 cores haben 1000 Messungen 1.699842 Sekunden gebraucht
bei 6 cores haben 1000 Messungen 1.684695 Sekunden gebraucht
bei 7 cores haben 1000 Messungen 1.640086 Sekunden gebraucht
bei 8 cores haben 1000 Messungen 1.633590 Sekunden gebraucht
bei 9 cores haben 1000 Messungen 1.744462 Sekunden gebraucht
Laenge=350
bei 1 cores haben 1000 Messungen 12.247722 Sekunden gebraucht
bei 2 cores haben 1000 Messungen 8.307942 Sekunden gebraucht
bei 3 cores haben 1000 Messungen 6.300714 Sekunden gebraucht
bei 4 cores haben 1000 Messungen 5.427643 Sekunden gebraucht
bei 5 cores haben 1000 Messungen 5.345663 Sekunden gebraucht
bei 6 cores haben 1000 Messungen 5.152057 Sekunden gebraucht
bei 7 cores haben 1000 Messungen 5.170381 Sekunden gebraucht
bei 8 cores haben 1000 Messungen 5.061744 Sekunden gebraucht
bei 9 cores haben 1000 Messungen 4.753560 Sekunden gebraucht
bei 1 cores haben 1000 Messungen 12.189989 Sekunden gebraucht
bei 2 cores haben 1000 Messungen 8.156757 Sekunden gebraucht
bei 3 cores haben 1000 Messungen 6.234583 Sekunden gebraucht
bei 4 cores haben 1000 Messungen 5.672803 Sekunden gebraucht
bei 5 cores haben 1000 Messungen 5.285544 Sekunden gebraucht
bei 6 cores haben 1000 Messungen 5.179307 Sekunden gebraucht
bei 7 cores haben 1000 Messungen 5.179838 Sekunden gebraucht
bei 8 cores haben 1000 Messungen 5.110334 Sekunden gebraucht
bei 9 cores haben 1000 Messungen 4.779529 Sekunden gebraucht
bei 1 cores haben 1000 Messungen 12.138255 Sekunden gebraucht
bei 2 cores haben 1000 Messungen 8.333523 Sekunden gebraucht
bei 3 cores haben 1000 Messungen 6.388483 Sekunden gebraucht
bei 4 cores haben 1000 Messungen 5.445234 Sekunden gebraucht
bei 5 cores haben 1000 Messungen 5.242575 Sekunden gebraucht
bei 6 cores haben 1000 Messungen 5.293303 Sekunden gebraucht
bei 7 cores haben 1000 Messungen 5.206290 Sekunden gebraucht
bei 8 cores haben 1000 Messungen 5.061845 Sekunden gebraucht
bei 9 cores haben 1000 Messungen 4.780028 Sekunden gebraucht
bei 1 cores haben 1000 Messungen 12.184122 Sekunden gebraucht
bei 2 cores haben 1000 Messungen 8.324490 Sekunden gebraucht
bei 3 cores haben 1000 Messungen 6.342572 Sekunden gebraucht
bei 4 cores haben 1000 Messungen 5.474201 Sekunden gebraucht
bei 5 cores haben 1000 Messungen 5.330625 Sekunden gebraucht
bei 6 cores haben 1000 Messungen 5.121320 Sekunden gebraucht
bei 7 cores haben 1000 Messungen 5.023321 Sekunden gebraucht
bei 8 cores haben 1000 Messungen 5.110389 Sekunden gebraucht
bei 9 cores haben 1000 Messungen 4.788626 Sekunden gebraucht
bei 1 cores haben 1000 Messungen 12.072934 Sekunden gebraucht
bei 2 cores haben 1000 Messungen 8.499453 Sekunden gebraucht
bei 3 cores haben 1000 Messungen 6.357548 Sekunden gebraucht
bei 4 cores haben 1000 Messungen 5.446206 Sekunden gebraucht
bei 5 cores haben 1000 Messungen 5.240818 Sekunden gebraucht
bei 6 cores haben 1000 Messungen 4.939994 Sekunden gebraucht
bei 7 cores haben 1000 Messungen 5.141279 Sekunden gebraucht
bei 8 cores haben 1000 Messungen 5.105772 Sekunden gebraucht
bei 9 cores haben 1000 Messungen 4.780908 Sekunden gebraucht
bei 1 cores haben 1000 Messungen 12.181945 Sekunden gebraucht
bei 2 cores haben 1000 Messungen 8.196853 Sekunden gebraucht
bei 3 cores haben 1000 Messungen 6.193615 Sekunden gebraucht
bei 4 cores haben 1000 Messungen 5.238381 Sekunden gebraucht
bei 5 cores haben 1000 Messungen 5.155158 Sekunden gebraucht
bei 6 cores haben 1000 Messungen 5.050766 Sekunden gebraucht
bei 7 cores haben 1000 Messungen 5.060926 Sekunden gebraucht
bei 8 cores haben 1000 Messungen 5.123969 Sekunden gebraucht
bei 9 cores haben 1000 Messungen 4.781166 Sekunden gebraucht
bei 1 cores haben 1000 Messungen 12.137114 Sekunden gebraucht
bei 2 cores haben 1000 Messungen 8.396158 Sekunden gebraucht
bei 3 cores haben 1000 Messungen 6.198536 Sekunden gebraucht
bei 4 cores haben 1000 Messungen 5.657361 Sekunden gebraucht
bei 5 cores haben 1000 Messungen 5.424181 Sekunden gebraucht
bei 6 cores haben 1000 Messungen 5.206882 Sekunden gebraucht
bei 7 cores haben 1000 Messungen 5.102459 Sekunden gebraucht
bei 8 cores haben 1000 Messungen 5.046385 Sekunden gebraucht
bei 9 cores haben 1000 Messungen 4.781533 Sekunden gebraucht
bei 1 cores haben 1000 Messungen 12.065175 Sekunden gebraucht
bei 2 cores haben 1000 Messungen 8.535681 Sekunden gebraucht
bei 3 cores haben 1000 Messungen 6.278355 Sekunden gebraucht
bei 4 cores haben 1000 Messungen 5.565004 Sekunden gebraucht
bei 5 cores haben 1000 Messungen 5.356347 Sekunden gebraucht
bei 6 cores haben 1000 Messungen 5.040006 Sekunden gebraucht
bei 7 cores haben 1000 Messungen 5.159151 Sekunden gebraucht
bei 8 cores haben 1000 Messungen 5.127509 Sekunden gebraucht
bei 9 cores haben 1000 Messungen 4.846702 Sekunden gebraucht
bei 1 cores haben 1000 Messungen 12.142199 Sekunden gebraucht
bei 2 cores haben 1000 Messungen 8.195121 Sekunden gebraucht
bei 3 cores haben 1000 Messungen 6.360180 Sekunden gebraucht
bei 4 cores haben 1000 Messungen 5.550535 Sekunden gebraucht
bei 5 cores haben 1000 Messungen 5.431912 Sekunden gebraucht
bei 6 cores haben 1000 Messungen 5.216882 Sekunden gebraucht
bei 7 cores haben 1000 Messungen 5.105946 Sekunden gebraucht
bei 8 cores haben 1000 Messungen 5.049289 Sekunden gebraucht
bei 9 cores haben 1000 Messungen 4.794993 Sekunden gebraucht
bei 1 cores haben 1000 Messungen 12.194811 Sekunden gebraucht
bei 2 cores haben 1000 Messungen 8.592238 Sekunden gebraucht
bei 3 cores haben 1000 Messungen 6.363036 Sekunden gebraucht
bei 4 cores haben 1000 Messungen 5.587062 Sekunden gebraucht
bei 5 cores haben 1000 Messungen 5.383912 Sekunden gebraucht
bei 6 cores haben 1000 Messungen 5.097749 Sekunden gebraucht
bei 7 cores haben 1000 Messungen 5.098583 Sekunden gebraucht
bei 8 cores haben 1000 Messungen 5.124535 Sekunden gebraucht
bei 9 cores haben 1000 Messungen 4.800688 Sekunden gebraucht
Laenge=500
bei 1 cores haben 1000 Messungen 24.683599 Sekunden gebraucht
bei 2 cores haben 1000 Messungen 17.141145 Sekunden gebraucht
bei 3 cores haben 1000 Messungen 12.942476 Sekunden gebraucht
bei 4 cores haben 1000 Messungen 11.487398 Sekunden gebraucht
bei 5 cores haben 1000 Messungen 11.010029 Sekunden gebraucht
bei 6 cores haben 1000 Messungen 10.678810 Sekunden gebraucht
bei 7 cores haben 1000 Messungen 10.572754 Sekunden gebraucht
bei 8 cores haben 1000 Messungen 10.595776 Sekunden gebraucht
bei 9 cores haben 1000 Messungen 10.089788 Sekunden gebraucht
bei 1 cores haben 1000 Messungen 24.637961 Sekunden gebraucht
bei 2 cores haben 1000 Messungen 16.755086 Sekunden gebraucht
bei 3 cores haben 1000 Messungen 12.877895 Sekunden gebraucht
bei 4 cores haben 1000 Messungen 11.529979 Sekunden gebraucht
bei 5 cores haben 1000 Messungen 11.205091 Sekunden gebraucht
bei 6 cores haben 1000 Messungen 10.647255 Sekunden gebraucht
bei 7 cores haben 1000 Messungen 10.666126 Sekunden gebraucht
bei 8 cores haben 1000 Messungen 10.616399 Sekunden gebraucht
bei 9 cores haben 1000 Messungen 9.997840 Sekunden gebraucht
bei 1 cores haben 1000 Messungen 24.710110 Sekunden gebraucht
bei 2 cores haben 1000 Messungen 16.966241 Sekunden gebraucht
bei 3 cores haben 1000 Messungen 12.939751 Sekunden gebraucht
bei 4 cores haben 1000 Messungen 11.526005 Sekunden gebraucht
bei 5 cores haben 1000 Messungen 11.111423 Sekunden gebraucht
bei 6 cores haben 1000 Messungen 10.601839 Sekunden gebraucht
bei 7 cores haben 1000 Messungen 10.667148 Sekunden gebraucht
bei 8 cores haben 1000 Messungen 10.613100 Sekunden gebraucht
bei 9 cores haben 1000 Messungen 10.014708 Sekunden gebraucht
bei 1 cores haben 1000 Messungen 24.770603 Sekunden gebraucht
bei 2 cores haben 1000 Messungen 16.941634 Sekunden gebraucht
bei 3 cores haben 1000 Messungen 12.823906 Sekunden gebraucht
bei 4 cores haben 1000 Messungen 11.334610 Sekunden gebraucht
bei 5 cores haben 1000 Messungen 11.526651 Sekunden gebraucht
bei 6 cores haben 1000 Messungen 10.520556 Sekunden gebraucht
bei 7 cores haben 1000 Messungen 10.621829 Sekunden gebraucht
bei 8 cores haben 1000 Messungen 10.649685 Sekunden gebraucht
bei 9 cores haben 1000 Messungen 9.960457 Sekunden gebraucht
bei 1 cores haben 1000 Messungen 24.754265 Sekunden gebraucht
bei 2 cores haben 1000 Messungen 17.034599 Sekunden gebraucht
bei 3 cores haben 1000 Messungen 12.955826 Sekunden gebraucht
bei 4 cores haben 1000 Messungen 11.532369 Sekunden gebraucht
bei 5 cores haben 1000 Messungen 11.209997 Sekunden gebraucht
bei 6 cores haben 1000 Messungen 10.853286 Sekunden gebraucht
bei 7 cores haben 1000 Messungen 10.812679 Sekunden gebraucht
bei 8 cores haben 1000 Messungen 10.683668 Sekunden gebraucht
bei 9 cores haben 1000 Messungen 10.040183 Sekunden gebraucht
bei 1 cores haben 1000 Messungen 24.666791 Sekunden gebraucht
bei 2 cores haben 1000 Messungen 16.628526 Sekunden gebraucht
bei 3 cores haben 1000 Messungen 13.092001 Sekunden gebraucht
bei 4 cores haben 1000 Messungen 11.521243 Sekunden gebraucht
bei 5 cores haben 1000 Messungen 11.269654 Sekunden gebraucht
bei 6 cores haben 1000 Messungen 10.708994 Sekunden gebraucht
bei 7 cores haben 1000 Messungen 10.723773 Sekunden gebraucht
bei 8 cores haben 1000 Messungen 10.635583 Sekunden gebraucht
bei 9 cores haben 1000 Messungen 9.939719 Sekunden gebraucht
bei 1 cores haben 1000 Messungen 24.666554 Sekunden gebraucht
bei 2 cores haben 1000 Messungen 17.188461 Sekunden gebraucht
bei 3 cores haben 1000 Messungen 13.021044 Sekunden gebraucht
bei 4 cores haben 1000 Messungen 11.351231 Sekunden gebraucht
bei 5 cores haben 1000 Messungen 11.251578 Sekunden gebraucht
bei 6 cores haben 1000 Messungen 10.699259 Sekunden gebraucht
bei 7 cores haben 1000 Messungen 10.648296 Sekunden gebraucht
bei 8 cores haben 1000 Messungen 10.657815 Sekunden gebraucht
bei 9 cores haben 1000 Messungen 10.044342 Sekunden gebraucht
bei 1 cores haben 1000 Messungen 24.840217 Sekunden gebraucht
bei 2 cores haben 1000 Messungen 17.247858 Sekunden gebraucht
bei 3 cores haben 1000 Messungen 12.942468 Sekunden gebraucht
bei 4 cores haben 1000 Messungen 11.650630 Sekunden gebraucht
bei 5 cores haben 1000 Messungen 11.131468 Sekunden gebraucht
bei 6 cores haben 1000 Messungen 10.718213 Sekunden gebraucht
bei 7 cores haben 1000 Messungen 10.709178 Sekunden gebraucht
bei 8 cores haben 1000 Messungen 10.679489 Sekunden gebraucht
bei 9 cores haben 1000 Messungen 9.911750 Sekunden gebraucht
bei 1 cores haben 1000 Messungen 24.763064 Sekunden gebraucht
bei 2 cores haben 1000 Messungen 16.859998 Sekunden gebraucht
bei 3 cores haben 1000 Messungen 12.921268 Sekunden gebraucht
bei 4 cores haben 1000 Messungen 11.496210 Sekunden gebraucht
bei 5 cores haben 1000 Messungen 11.330708 Sekunden gebraucht
bei 6 cores haben 1000 Messungen 10.763886 Sekunden gebraucht
bei 7 cores haben 1000 Messungen 10.690288 Sekunden gebraucht
bei 8 cores haben 1000 Messungen 10.628093 Sekunden gebraucht
bei 9 cores haben 1000 Messungen 10.040823 Sekunden gebraucht
bei 1 cores haben 1000 Messungen 24.784906 Sekunden gebraucht
bei 2 cores haben 1000 Messungen 17.013828 Sekunden gebraucht
bei 3 cores haben 1000 Messungen 13.004853 Sekunden gebraucht
bei 4 cores haben 1000 Messungen 11.440786 Sekunden gebraucht
bei 5 cores haben 1000 Messungen 11.280357 Sekunden gebraucht
bei 6 cores haben 1000 Messungen 10.766213 Sekunden gebraucht
bei 7 cores haben 1000 Messungen 10.649946 Sekunden gebraucht
bei 8 cores haben 1000 Messungen 10.576416 Sekunden gebraucht
bei 9 cores haben 1000 Messungen 9.867608 Sekunden gebraucht
/hiskp4/gross/bachelorarbeit
