Thu Jun 25 19:58:35 CEST 2020 Waiting for 30 seconds before starting the job to allow the node to settle down
Thu Jun 25 19:59:05 CEST 2020 Waiting done, starting task!
Thu Jun 25 19:59:05 CEST 2020 Waiting for 30 seconds before starting the job to allow the node to settle down
Thu Jun 25 19:59:35 CEST 2020 Waiting done, starting task!
Laenge=48	Temperatur=0.500000
Richtige Funktion!
bei 1 cores haben 1000 Messungen 0.181769 Sekunden gebraucht
Richtige Funktion!
bei 1 cores haben 1000 Messungen 0.201660 Sekunden gebraucht
Richtige Funktion!
bei 1 cores haben 1000 Messungen 0.201315 Sekunden gebraucht
Richtige Funktion!
bei 1 cores haben 1000 Messungen 0.179912 Sekunden gebraucht
Richtige Funktion!
bei 1 cores haben 1000 Messungen 0.177795 Sekunden gebraucht
Richtige Funktion!
bei 2 cores haben 1000 Messungen 0.138665 Sekunden gebraucht
Richtige Funktion!
bei 2 cores haben 1000 Messungen 0.107727 Sekunden gebraucht
Richtige Funktion!
bei 2 cores haben 1000 Messungen 0.103353 Sekunden gebraucht
Richtige Funktion!
bei 2 cores haben 1000 Messungen 0.104403 Sekunden gebraucht
Richtige Funktion!
bei 2 cores haben 1000 Messungen 0.103918 Sekunden gebraucht
Richtige Funktion!
bei 3 cores haben 1000 Messungen 0.076712 Sekunden gebraucht
Richtige Funktion!
bei 3 cores haben 1000 Messungen 0.065922 Sekunden gebraucht
Richtige Funktion!
bei 3 cores haben 1000 Messungen 0.064899 Sekunden gebraucht
Richtige Funktion!
bei 3 cores haben 1000 Messungen 0.064159 Sekunden gebraucht
Richtige Funktion!
bei 3 cores haben 1000 Messungen 0.064613 Sekunden gebraucht
Richtige Funktion!
bei 4 cores haben 1000 Messungen 0.051987 Sekunden gebraucht
Richtige Funktion!
bei 4 cores haben 1000 Messungen 0.051982 Sekunden gebraucht
Richtige Funktion!
bei 4 cores haben 1000 Messungen 0.052560 Sekunden gebraucht
Richtige Funktion!
bei 4 cores haben 1000 Messungen 0.053593 Sekunden gebraucht
Richtige Funktion!
bei 4 cores haben 1000 Messungen 0.052602 Sekunden gebraucht
Richtige Funktion!
bei 5 cores haben 1000 Messungen 0.048370 Sekunden gebraucht
Richtige Funktion!
bei 5 cores haben 1000 Messungen 0.074754 Sekunden gebraucht
Richtige Funktion!
bei 5 cores haben 1000 Messungen 0.075104 Sekunden gebraucht
Richtige Funktion!
bei 5 cores haben 1000 Messungen 0.073299 Sekunden gebraucht
Richtige Funktion!
bei 5 cores haben 1000 Messungen 0.050312 Sekunden gebraucht
Richtige Funktion!
bei 6 cores haben 1000 Messungen 0.048020 Sekunden gebraucht
Richtige Funktion!
bei 6 cores haben 1000 Messungen 0.049493 Sekunden gebraucht
Richtige Funktion!
bei 6 cores haben 1000 Messungen 0.048729 Sekunden gebraucht
Richtige Funktion!
bei 6 cores haben 1000 Messungen 0.069002 Sekunden gebraucht
Richtige Funktion!
bei 6 cores haben 1000 Messungen 0.048386 Sekunden gebraucht
Richtige Funktion!
bei 7 cores haben 1000 Messungen 0.045627 Sekunden gebraucht
Richtige Funktion!
bei 7 cores haben 1000 Messungen 0.045082 Sekunden gebraucht
Richtige Funktion!
bei 7 cores haben 1000 Messungen 0.046739 Sekunden gebraucht
Richtige Funktion!
bei 7 cores haben 1000 Messungen 0.044435 Sekunden gebraucht
Richtige Funktion!
bei 7 cores haben 1000 Messungen 0.045915 Sekunden gebraucht
Richtige Funktion!
bei 8 cores haben 1000 Messungen 0.090377 Sekunden gebraucht
Richtige Funktion!
bei 8 cores haben 1000 Messungen 0.042866 Sekunden gebraucht
Richtige Funktion!
bei 8 cores haben 1000 Messungen 0.042715 Sekunden gebraucht
Richtige Funktion!
bei 8 cores haben 1000 Messungen 0.042254 Sekunden gebraucht
Richtige Funktion!
bei 8 cores haben 1000 Messungen 0.041611 Sekunden gebraucht
Richtige Funktion!
bei 9 cores haben 1000 Messungen 0.041749 Sekunden gebraucht
Richtige Funktion!
bei 9 cores haben 1000 Messungen 0.041635 Sekunden gebraucht
Richtige Funktion!
bei 9 cores haben 1000 Messungen 0.041902 Sekunden gebraucht
Richtige Funktion!
bei 9 cores haben 1000 Messungen 0.041795 Sekunden gebraucht
Richtige Funktion!
bei 9 cores haben 1000 Messungen 0.055645 Sekunden gebraucht
Richtige Funktion!
bei 10 cores haben 1000 Messungen 0.053857 Sekunden gebraucht
Richtige Funktion!
bei 10 cores haben 1000 Messungen 0.054492 Sekunden gebraucht
Richtige Funktion!
bei 10 cores haben 1000 Messungen 0.052660 Sekunden gebraucht
Richtige Funktion!
bei 10 cores haben 1000 Messungen 0.053972 Sekunden gebraucht
Richtige Funktion!
bei 10 cores haben 1000 Messungen 0.053504 Sekunden gebraucht
Richtige Funktion!
bei 11 cores haben 1000 Messungen 0.041538 Sekunden gebraucht
Richtige Funktion!
bei 11 cores haben 1000 Messungen 0.041229 Sekunden gebraucht
Richtige Funktion!
bei 11 cores haben 1000 Messungen 0.041031 Sekunden gebraucht
Richtige Funktion!
bei 11 cores haben 1000 Messungen 0.041028 Sekunden gebraucht
Richtige Funktion!
bei 11 cores haben 1000 Messungen 0.041069 Sekunden gebraucht
Richtige Funktion!
bei 12 cores haben 1000 Messungen 0.044848 Sekunden gebraucht
Richtige Funktion!
bei 12 cores haben 1000 Messungen 0.043892 Sekunden gebraucht
Richtige Funktion!
bei 12 cores haben 1000 Messungen 0.044126 Sekunden gebraucht
Richtige Funktion!
bei 12 cores haben 1000 Messungen 0.043707 Sekunden gebraucht
Richtige Funktion!
bei 12 cores haben 1000 Messungen 0.043445 Sekunden gebraucht
/hiskp4/gross/bachelorarbeit
