Tue Jul 21 13:32:12 CEST 2020 Waiting for 30 seconds before starting the job to allow the node to settle down
Tue Jul 21 13:32:42 CEST 2020 Waiting done, starting task!
12 1
Tue Jul 21 13:32:43 CEST 2020 Waiting for 30 seconds before starting the job to allow the node to settle down
Tue Jul 21 13:33:13 CEST 2020 Waiting done, starting task!
12
12 2
Tue Jul 21 13:33:14 CEST 2020 Waiting for 30 seconds before starting the job to allow the node to settle down
Tue Jul 21 13:33:14 CEST 2020 Waiting for 30 seconds before starting the job to allow the node to settle down
Tue Jul 21 13:33:44 CEST 2020 Waiting done, starting task!
Tue Jul 21 13:33:44 CEST 2020 Waiting done, starting task!
12
12 3
Tue Jul 21 13:33:45 CEST 2020 Waiting for 30 seconds before starting the job to allow the node to settle down
Tue Jul 21 13:33:45 CEST 2020 Waiting for 30 seconds before starting the job to allow the node to settle down
Tue Jul 21 13:33:45 CEST 2020 Waiting for 30 seconds before starting the job to allow the node to settle down
Tue Jul 21 13:34:15 CEST 2020 Waiting done, starting task!
Tue Jul 21 13:34:15 CEST 2020 Waiting done, starting task!
Tue Jul 21 13:34:15 CEST 2020 Waiting done, starting task!
12
12 4
Tue Jul 21 13:34:16 CEST 2020 Waiting for 30 seconds before starting the job to allow the node to settle down
Tue Jul 21 13:34:16 CEST 2020 Waiting for 30 seconds before starting the job to allow the node to settle down
Tue Jul 21 13:34:16 CEST 2020 Waiting for 30 seconds before starting the job to allow the node to settle down
Tue Jul 21 13:34:16 CEST 2020 Waiting for 30 seconds before starting the job to allow the node to settle down
Tue Jul 21 13:34:46 CEST 2020 Waiting done, starting task!
Tue Jul 21 13:34:46 CEST 2020 Waiting done, starting task!
Tue Jul 21 13:34:46 CEST 2020 Waiting done, starting task!
Tue Jul 21 13:34:46 CEST 2020 Waiting done, starting task!
12
12 6
Tue Jul 21 13:34:48 CEST 2020 Waiting for 30 seconds before starting the job to allow the node to settle down
Tue Jul 21 13:34:48 CEST 2020 Waiting for 30 seconds before starting the job to allow the node to settle down
Tue Jul 21 13:34:48 CEST 2020 Waiting for 30 seconds before starting the job to allow the node to settle down
Tue Jul 21 13:34:48 CEST 2020 Waiting for 30 seconds before starting the job to allow the node to settle down
Tue Jul 21 13:34:48 CEST 2020 Waiting for 30 seconds before starting the job to allow the node to settle down
Tue Jul 21 13:34:48 CEST 2020 Waiting for 30 seconds before starting the job to allow the node to settle down
Tue Jul 21 13:35:18 CEST 2020 Waiting done, starting task!
Tue Jul 21 13:35:18 CEST 2020 Waiting done, starting task!
Tue Jul 21 13:35:18 CEST 2020 Waiting done, starting task!
Tue Jul 21 13:35:18 CEST 2020 Waiting done, starting task!
Tue Jul 21 13:35:18 CEST 2020 Waiting done, starting task!
Tue Jul 21 13:35:18 CEST 2020 Waiting done, starting task!
12
/hiskp4/gross/bachelorarbeit
