Mon Jun 22 14:35:57 CEST 2020 Waiting for 30 seconds before starting the job to allow the node to settle down
Mon Jun 22 14:36:27 CEST 2020 Waiting done, starting task!
Mon Jun 22 14:36:27 CEST 2020 Waiting for 30 seconds before starting the job to allow the node to settle down
Mon Jun 22 14:36:57 CEST 2020 Waiting done, starting task!
Laenge=12
bei 1 cores haben 1000 Messungen 0.013293 Sekunden gebraucht
bei 1 cores haben 1000 Messungen 0.012487 Sekunden gebraucht
bei 1 cores haben 1000 Messungen 0.011894 Sekunden gebraucht
bei 1 cores haben 1000 Messungen 0.011239 Sekunden gebraucht
bei 1 cores haben 1000 Messungen 0.010751 Sekunden gebraucht
bei 2 cores haben 1000 Messungen 0.020601 Sekunden gebraucht
bei 2 cores haben 1000 Messungen 0.018602 Sekunden gebraucht
bei 2 cores haben 1000 Messungen 0.017693 Sekunden gebraucht
bei 2 cores haben 1000 Messungen 0.016990 Sekunden gebraucht
bei 2 cores haben 1000 Messungen 0.016130 Sekunden gebraucht
bei 3 cores haben 1000 Messungen 0.013550 Sekunden gebraucht
bei 3 cores haben 1000 Messungen 0.014125 Sekunden gebraucht
bei 3 cores haben 1000 Messungen 0.013675 Sekunden gebraucht
bei 3 cores haben 1000 Messungen 0.013888 Sekunden gebraucht
bei 3 cores haben 1000 Messungen 0.013820 Sekunden gebraucht
bei 4 cores haben 1000 Messungen 0.012747 Sekunden gebraucht
bei 4 cores haben 1000 Messungen 0.012672 Sekunden gebraucht
bei 4 cores haben 1000 Messungen 0.012700 Sekunden gebraucht
bei 4 cores haben 1000 Messungen 0.012684 Sekunden gebraucht
bei 4 cores haben 1000 Messungen 0.012681 Sekunden gebraucht
bei 5 cores haben 1000 Messungen 0.014021 Sekunden gebraucht
bei 5 cores haben 1000 Messungen 0.013905 Sekunden gebraucht
bei 5 cores haben 1000 Messungen 0.013939 Sekunden gebraucht
bei 5 cores haben 1000 Messungen 0.014043 Sekunden gebraucht
bei 5 cores haben 1000 Messungen 0.013960 Sekunden gebraucht
bei 6 cores haben 1000 Messungen 0.014207 Sekunden gebraucht
bei 6 cores haben 1000 Messungen 0.014063 Sekunden gebraucht
bei 6 cores haben 1000 Messungen 0.014027 Sekunden gebraucht
bei 6 cores haben 1000 Messungen 0.014219 Sekunden gebraucht
bei 6 cores haben 1000 Messungen 0.014217 Sekunden gebraucht
bei 7 cores haben 1000 Messungen 0.015245 Sekunden gebraucht
bei 7 cores haben 1000 Messungen 0.015153 Sekunden gebraucht
bei 7 cores haben 1000 Messungen 0.015037 Sekunden gebraucht
bei 7 cores haben 1000 Messungen 0.014679 Sekunden gebraucht
bei 7 cores haben 1000 Messungen 0.014439 Sekunden gebraucht
bei 8 cores haben 1000 Messungen 0.015427 Sekunden gebraucht
bei 8 cores haben 1000 Messungen 0.015484 Sekunden gebraucht
bei 8 cores haben 1000 Messungen 0.015340 Sekunden gebraucht
bei 8 cores haben 1000 Messungen 0.015604 Sekunden gebraucht
bei 8 cores haben 1000 Messungen 0.015616 Sekunden gebraucht
bei 9 cores haben 1000 Messungen 0.017293 Sekunden gebraucht
bei 9 cores haben 1000 Messungen 0.017006 Sekunden gebraucht
bei 9 cores haben 1000 Messungen 0.017727 Sekunden gebraucht
bei 9 cores haben 1000 Messungen 0.016915 Sekunden gebraucht
bei 9 cores haben 1000 Messungen 0.016912 Sekunden gebraucht
bei 10 cores haben 1000 Messungen 0.018493 Sekunden gebraucht
bei 10 cores haben 1000 Messungen 0.018273 Sekunden gebraucht
bei 10 cores haben 1000 Messungen 0.018396 Sekunden gebraucht
bei 10 cores haben 1000 Messungen 0.018344 Sekunden gebraucht
bei 10 cores haben 1000 Messungen 0.018407 Sekunden gebraucht
bei 11 cores haben 1000 Messungen 0.019824 Sekunden gebraucht
bei 11 cores haben 1000 Messungen 0.019797 Sekunden gebraucht
bei 11 cores haben 1000 Messungen 0.019906 Sekunden gebraucht
bei 11 cores haben 1000 Messungen 0.019874 Sekunden gebraucht
bei 11 cores haben 1000 Messungen 0.019811 Sekunden gebraucht
bei 12 cores haben 1000 Messungen 0.021699 Sekunden gebraucht
bei 12 cores haben 1000 Messungen 0.038485 Sekunden gebraucht
bei 12 cores haben 1000 Messungen 0.021543 Sekunden gebraucht
bei 12 cores haben 1000 Messungen 0.021438 Sekunden gebraucht
bei 12 cores haben 1000 Messungen 0.021329 Sekunden gebraucht
/hiskp4/gross/bachelorarbeit
