Wed Jun  3 13:26:34 CEST 2020 Waiting for 30 seconds before starting the job to allow the node to settle down
Wed Jun  3 13:27:04 CEST 2020 Waiting done, starting task!
Wed Jun  3 13:27:04 CEST 2020 Waiting for 30 seconds before starting the job to allow the node to settle down
Wed Jun  3 13:27:34 CEST 2020 Waiting done, starting task!
Laenge=6
bei 1 cores haben 1000 Messungen 0.008553 Sekunden gebraucht
bei 2 cores haben 1000 Messungen 0.008343 Sekunden gebraucht
bei 3 cores haben 1000 Messungen 0.018158 Sekunden gebraucht
bei 4 cores haben 1000 Messungen 0.022149 Sekunden gebraucht
bei 5 cores haben 1000 Messungen 0.026222 Sekunden gebraucht
bei 6 cores haben 1000 Messungen 0.025146 Sekunden gebraucht
bei 7 cores haben 1000 Messungen 0.024790 Sekunden gebraucht
bei 8 cores haben 1000 Messungen 0.030313 Sekunden gebraucht
bei 9 cores haben 1000 Messungen 0.029790 Sekunden gebraucht
bei 1 cores haben 1000 Messungen 0.008135 Sekunden gebraucht
bei 2 cores haben 1000 Messungen 0.008207 Sekunden gebraucht
bei 3 cores haben 1000 Messungen 0.015213 Sekunden gebraucht
bei 4 cores haben 1000 Messungen 0.019696 Sekunden gebraucht
bei 5 cores haben 1000 Messungen 0.020725 Sekunden gebraucht
bei 6 cores haben 1000 Messungen 0.024984 Sekunden gebraucht
bei 7 cores haben 1000 Messungen 0.024779 Sekunden gebraucht
bei 8 cores haben 1000 Messungen 0.030282 Sekunden gebraucht
bei 9 cores haben 1000 Messungen 0.030009 Sekunden gebraucht
bei 1 cores haben 1000 Messungen 0.008133 Sekunden gebraucht
bei 2 cores haben 1000 Messungen 0.008317 Sekunden gebraucht
bei 3 cores haben 1000 Messungen 0.015533 Sekunden gebraucht
bei 4 cores haben 1000 Messungen 0.018912 Sekunden gebraucht
bei 5 cores haben 1000 Messungen 0.019529 Sekunden gebraucht
bei 6 cores haben 1000 Messungen 0.022211 Sekunden gebraucht
bei 7 cores haben 1000 Messungen 0.021941 Sekunden gebraucht
bei 8 cores haben 1000 Messungen 0.026405 Sekunden gebraucht
bei 9 cores haben 1000 Messungen 0.029457 Sekunden gebraucht
bei 1 cores haben 1000 Messungen 0.006303 Sekunden gebraucht
bei 2 cores haben 1000 Messungen 0.006271 Sekunden gebraucht
bei 3 cores haben 1000 Messungen 0.014345 Sekunden gebraucht
bei 4 cores haben 1000 Messungen 0.015796 Sekunden gebraucht
bei 5 cores haben 1000 Messungen 0.019921 Sekunden gebraucht
bei 6 cores haben 1000 Messungen 0.019494 Sekunden gebraucht
bei 7 cores haben 1000 Messungen 0.024335 Sekunden gebraucht
bei 8 cores haben 1000 Messungen 0.023950 Sekunden gebraucht
bei 9 cores haben 1000 Messungen 0.028459 Sekunden gebraucht
bei 1 cores haben 1000 Messungen 0.006406 Sekunden gebraucht
bei 2 cores haben 1000 Messungen 0.006588 Sekunden gebraucht
bei 3 cores haben 1000 Messungen 0.013426 Sekunden gebraucht
bei 4 cores haben 1000 Messungen 0.018671 Sekunden gebraucht
bei 5 cores haben 1000 Messungen 0.018093 Sekunden gebraucht
bei 6 cores haben 1000 Messungen 0.018149 Sekunden gebraucht
bei 7 cores haben 1000 Messungen 0.022738 Sekunden gebraucht
bei 8 cores haben 1000 Messungen 0.022514 Sekunden gebraucht
bei 9 cores haben 1000 Messungen 0.028891 Sekunden gebraucht
bei 1 cores haben 1000 Messungen 0.006580 Sekunden gebraucht
bei 2 cores haben 1000 Messungen 0.006583 Sekunden gebraucht
bei 3 cores haben 1000 Messungen 0.013319 Sekunden gebraucht
bei 4 cores haben 1000 Messungen 0.014735 Sekunden gebraucht
bei 5 cores haben 1000 Messungen 0.017852 Sekunden gebraucht
bei 6 cores haben 1000 Messungen 0.017992 Sekunden gebraucht
bei 7 cores haben 1000 Messungen 0.022789 Sekunden gebraucht
bei 8 cores haben 1000 Messungen 0.022431 Sekunden gebraucht
bei 9 cores haben 1000 Messungen 0.028022 Sekunden gebraucht
bei 1 cores haben 1000 Messungen 0.006433 Sekunden gebraucht
bei 2 cores haben 1000 Messungen 0.006545 Sekunden gebraucht
bei 3 cores haben 1000 Messungen 0.013468 Sekunden gebraucht
bei 4 cores haben 1000 Messungen 0.014676 Sekunden gebraucht
bei 5 cores haben 1000 Messungen 0.017665 Sekunden gebraucht
bei 6 cores haben 1000 Messungen 0.017809 Sekunden gebraucht
bei 7 cores haben 1000 Messungen 0.022639 Sekunden gebraucht
bei 8 cores haben 1000 Messungen 0.023269 Sekunden gebraucht
bei 9 cores haben 1000 Messungen 0.030799 Sekunden gebraucht
bei 1 cores haben 1000 Messungen 0.006325 Sekunden gebraucht
bei 2 cores haben 1000 Messungen 0.006428 Sekunden gebraucht
bei 3 cores haben 1000 Messungen 0.013489 Sekunden gebraucht
bei 4 cores haben 1000 Messungen 0.014813 Sekunden gebraucht
bei 5 cores haben 1000 Messungen 0.017440 Sekunden gebraucht
bei 6 cores haben 1000 Messungen 0.018258 Sekunden gebraucht
bei 7 cores haben 1000 Messungen 0.022248 Sekunden gebraucht
bei 8 cores haben 1000 Messungen 0.023252 Sekunden gebraucht
bei 9 cores haben 1000 Messungen 0.119857 Sekunden gebraucht
bei 1 cores haben 1000 Messungen 0.006684 Sekunden gebraucht
bei 2 cores haben 1000 Messungen 0.006533 Sekunden gebraucht
bei 3 cores haben 1000 Messungen 0.013462 Sekunden gebraucht
bei 4 cores haben 1000 Messungen 0.014763 Sekunden gebraucht
bei 5 cores haben 1000 Messungen 0.017602 Sekunden gebraucht
bei 6 cores haben 1000 Messungen 0.018205 Sekunden gebraucht
bei 7 cores haben 1000 Messungen 0.022481 Sekunden gebraucht
bei 8 cores haben 1000 Messungen 0.022918 Sekunden gebraucht
bei 9 cores haben 1000 Messungen 0.028199 Sekunden gebraucht
bei 1 cores haben 1000 Messungen 0.006338 Sekunden gebraucht
bei 2 cores haben 1000 Messungen 0.006367 Sekunden gebraucht
bei 3 cores haben 1000 Messungen 0.013500 Sekunden gebraucht
bei 4 cores haben 1000 Messungen 0.014624 Sekunden gebraucht
bei 5 cores haben 1000 Messungen 0.018535 Sekunden gebraucht
bei 6 cores haben 1000 Messungen 0.020400 Sekunden gebraucht
bei 7 cores haben 1000 Messungen 0.022835 Sekunden gebraucht
bei 8 cores haben 1000 Messungen 0.022678 Sekunden gebraucht
bei 9 cores haben 1000 Messungen 0.028079 Sekunden gebraucht
Laenge=10
bei 1 cores haben 1000 Messungen 0.013312 Sekunden gebraucht
bei 2 cores haben 1000 Messungen 0.010218 Sekunden gebraucht
bei 3 cores haben 1000 Messungen 0.017581 Sekunden gebraucht
bei 4 cores haben 1000 Messungen 0.018723 Sekunden gebraucht
bei 5 cores haben 1000 Messungen 0.023042 Sekunden gebraucht
bei 6 cores haben 1000 Messungen 0.023516 Sekunden gebraucht
bei 7 cores haben 1000 Messungen 0.029524 Sekunden gebraucht
bei 8 cores haben 1000 Messungen 0.030302 Sekunden gebraucht
bei 9 cores haben 1000 Messungen 0.034469 Sekunden gebraucht
bei 1 cores haben 1000 Messungen 0.012747 Sekunden gebraucht
bei 2 cores haben 1000 Messungen 0.009958 Sekunden gebraucht
bei 3 cores haben 1000 Messungen 0.017592 Sekunden gebraucht
bei 4 cores haben 1000 Messungen 0.018943 Sekunden gebraucht
bei 5 cores haben 1000 Messungen 0.023170 Sekunden gebraucht
bei 6 cores haben 1000 Messungen 0.024305 Sekunden gebraucht
bei 7 cores haben 1000 Messungen 0.029039 Sekunden gebraucht
bei 8 cores haben 1000 Messungen 0.031905 Sekunden gebraucht
bei 9 cores haben 1000 Messungen 0.034590 Sekunden gebraucht
bei 1 cores haben 1000 Messungen 0.012662 Sekunden gebraucht
bei 2 cores haben 1000 Messungen 0.017153 Sekunden gebraucht
bei 3 cores haben 1000 Messungen 0.018539 Sekunden gebraucht
bei 4 cores haben 1000 Messungen 0.018486 Sekunden gebraucht
bei 5 cores haben 1000 Messungen 0.022165 Sekunden gebraucht
bei 6 cores haben 1000 Messungen 0.024786 Sekunden gebraucht
bei 7 cores haben 1000 Messungen 0.027553 Sekunden gebraucht
bei 8 cores haben 1000 Messungen 0.029278 Sekunden gebraucht
bei 9 cores haben 1000 Messungen 0.034449 Sekunden gebraucht
bei 1 cores haben 1000 Messungen 0.012833 Sekunden gebraucht
bei 2 cores haben 1000 Messungen 0.010279 Sekunden gebraucht
bei 3 cores haben 1000 Messungen 0.017876 Sekunden gebraucht
bei 4 cores haben 1000 Messungen 0.019166 Sekunden gebraucht
bei 5 cores haben 1000 Messungen 0.023347 Sekunden gebraucht
bei 6 cores haben 1000 Messungen 0.024460 Sekunden gebraucht
bei 7 cores haben 1000 Messungen 0.028823 Sekunden gebraucht
bei 8 cores haben 1000 Messungen 0.030779 Sekunden gebraucht
bei 9 cores haben 1000 Messungen 0.035163 Sekunden gebraucht
bei 1 cores haben 1000 Messungen 0.012759 Sekunden gebraucht
bei 2 cores haben 1000 Messungen 0.009835 Sekunden gebraucht
bei 3 cores haben 1000 Messungen 0.017579 Sekunden gebraucht
bei 4 cores haben 1000 Messungen 0.018979 Sekunden gebraucht
bei 5 cores haben 1000 Messungen 0.021851 Sekunden gebraucht
bei 6 cores haben 1000 Messungen 0.023900 Sekunden gebraucht
bei 7 cores haben 1000 Messungen 0.027549 Sekunden gebraucht
bei 8 cores haben 1000 Messungen 0.032236 Sekunden gebraucht
bei 9 cores haben 1000 Messungen 0.038449 Sekunden gebraucht
bei 1 cores haben 1000 Messungen 0.012515 Sekunden gebraucht
bei 2 cores haben 1000 Messungen 0.009813 Sekunden gebraucht
bei 3 cores haben 1000 Messungen 0.017208 Sekunden gebraucht
bei 4 cores haben 1000 Messungen 0.018908 Sekunden gebraucht
bei 5 cores haben 1000 Messungen 0.022363 Sekunden gebraucht
bei 6 cores haben 1000 Messungen 0.024628 Sekunden gebraucht
bei 7 cores haben 1000 Messungen 0.029662 Sekunden gebraucht
bei 8 cores haben 1000 Messungen 0.029958 Sekunden gebraucht
bei 9 cores haben 1000 Messungen 0.035539 Sekunden gebraucht
bei 1 cores haben 1000 Messungen 0.012795 Sekunden gebraucht
bei 2 cores haben 1000 Messungen 0.009896 Sekunden gebraucht
bei 3 cores haben 1000 Messungen 0.017825 Sekunden gebraucht
bei 4 cores haben 1000 Messungen 0.017671 Sekunden gebraucht
bei 5 cores haben 1000 Messungen 0.022014 Sekunden gebraucht
bei 6 cores haben 1000 Messungen 0.023408 Sekunden gebraucht
bei 7 cores haben 1000 Messungen 0.029499 Sekunden gebraucht
bei 8 cores haben 1000 Messungen 0.028897 Sekunden gebraucht
bei 9 cores haben 1000 Messungen 0.030802 Sekunden gebraucht
bei 1 cores haben 1000 Messungen 0.012658 Sekunden gebraucht
bei 2 cores haben 1000 Messungen 0.010268 Sekunden gebraucht
bei 3 cores haben 1000 Messungen 0.017862 Sekunden gebraucht
bei 4 cores haben 1000 Messungen 0.020443 Sekunden gebraucht
bei 5 cores haben 1000 Messungen 0.022924 Sekunden gebraucht
bei 6 cores haben 1000 Messungen 0.023736 Sekunden gebraucht
bei 7 cores haben 1000 Messungen 0.027974 Sekunden gebraucht
bei 8 cores haben 1000 Messungen 0.027377 Sekunden gebraucht
bei 9 cores haben 1000 Messungen 0.030521 Sekunden gebraucht
bei 1 cores haben 1000 Messungen 0.012760 Sekunden gebraucht
bei 2 cores haben 1000 Messungen 0.009976 Sekunden gebraucht
bei 3 cores haben 1000 Messungen 0.025113 Sekunden gebraucht
bei 4 cores haben 1000 Messungen 0.021753 Sekunden gebraucht
bei 5 cores haben 1000 Messungen 0.022896 Sekunden gebraucht
bei 6 cores haben 1000 Messungen 0.024099 Sekunden gebraucht
bei 7 cores haben 1000 Messungen 0.028661 Sekunden gebraucht
bei 8 cores haben 1000 Messungen 0.026859 Sekunden gebraucht
bei 9 cores haben 1000 Messungen 0.030926 Sekunden gebraucht
bei 1 cores haben 1000 Messungen 0.012933 Sekunden gebraucht
bei 2 cores haben 1000 Messungen 0.010176 Sekunden gebraucht
bei 3 cores haben 1000 Messungen 0.020980 Sekunden gebraucht
bei 4 cores haben 1000 Messungen 0.018411 Sekunden gebraucht
bei 5 cores haben 1000 Messungen 0.022614 Sekunden gebraucht
bei 6 cores haben 1000 Messungen 0.027683 Sekunden gebraucht
bei 7 cores haben 1000 Messungen 0.032487 Sekunden gebraucht
bei 8 cores haben 1000 Messungen 0.039126 Sekunden gebraucht
bei 9 cores haben 1000 Messungen 0.119404 Sekunden gebraucht
Laenge=20
bei 1 cores haben 1000 Messungen 0.044101 Sekunden gebraucht
bei 2 cores haben 1000 Messungen 0.026496 Sekunden gebraucht
bei 3 cores haben 1000 Messungen 0.043224 Sekunden gebraucht
bei 4 cores haben 1000 Messungen 0.036044 Sekunden gebraucht
bei 5 cores haben 1000 Messungen 0.036378 Sekunden gebraucht
bei 6 cores haben 1000 Messungen 0.035864 Sekunden gebraucht
bei 7 cores haben 1000 Messungen 0.038161 Sekunden gebraucht
bei 8 cores haben 1000 Messungen 0.039980 Sekunden gebraucht
bei 9 cores haben 1000 Messungen 0.043892 Sekunden gebraucht
bei 1 cores haben 1000 Messungen 0.041386 Sekunden gebraucht
bei 2 cores haben 1000 Messungen 0.062769 Sekunden gebraucht
bei 3 cores haben 1000 Messungen 0.041753 Sekunden gebraucht
bei 4 cores haben 1000 Messungen 0.033972 Sekunden gebraucht
bei 5 cores haben 1000 Messungen 0.034740 Sekunden gebraucht
bei 6 cores haben 1000 Messungen 0.035452 Sekunden gebraucht
bei 7 cores haben 1000 Messungen 0.038356 Sekunden gebraucht
bei 8 cores haben 1000 Messungen 0.039262 Sekunden gebraucht
bei 9 cores haben 1000 Messungen 0.044829 Sekunden gebraucht
bei 1 cores haben 1000 Messungen 0.042632 Sekunden gebraucht
bei 2 cores haben 1000 Messungen 0.059139 Sekunden gebraucht
bei 3 cores haben 1000 Messungen 0.052590 Sekunden gebraucht
bei 4 cores haben 1000 Messungen 0.035012 Sekunden gebraucht
bei 5 cores haben 1000 Messungen 0.034745 Sekunden gebraucht
bei 6 cores haben 1000 Messungen 0.035794 Sekunden gebraucht
bei 7 cores haben 1000 Messungen 0.039510 Sekunden gebraucht
bei 8 cores haben 1000 Messungen 0.040740 Sekunden gebraucht
bei 9 cores haben 1000 Messungen 0.043687 Sekunden gebraucht
bei 1 cores haben 1000 Messungen 0.040877 Sekunden gebraucht
bei 2 cores haben 1000 Messungen 0.052726 Sekunden gebraucht
bei 3 cores haben 1000 Messungen 0.038644 Sekunden gebraucht
bei 4 cores haben 1000 Messungen 0.034102 Sekunden gebraucht
bei 5 cores haben 1000 Messungen 0.035159 Sekunden gebraucht
bei 6 cores haben 1000 Messungen 0.035267 Sekunden gebraucht
bei 7 cores haben 1000 Messungen 0.039015 Sekunden gebraucht
bei 8 cores haben 1000 Messungen 0.039299 Sekunden gebraucht
bei 9 cores haben 1000 Messungen 0.044786 Sekunden gebraucht
bei 1 cores haben 1000 Messungen 0.041572 Sekunden gebraucht
bei 2 cores haben 1000 Messungen 0.063001 Sekunden gebraucht
bei 3 cores haben 1000 Messungen 0.038646 Sekunden gebraucht
bei 4 cores haben 1000 Messungen 0.031313 Sekunden gebraucht
bei 5 cores haben 1000 Messungen 0.036483 Sekunden gebraucht
bei 6 cores haben 1000 Messungen 0.034491 Sekunden gebraucht
bei 7 cores haben 1000 Messungen 0.046499 Sekunden gebraucht
bei 8 cores haben 1000 Messungen 0.078504 Sekunden gebraucht
bei 9 cores haben 1000 Messungen 0.044990 Sekunden gebraucht
bei 1 cores haben 1000 Messungen 0.043817 Sekunden gebraucht
bei 2 cores haben 1000 Messungen 0.061609 Sekunden gebraucht
bei 3 cores haben 1000 Messungen 0.053473 Sekunden gebraucht
bei 4 cores haben 1000 Messungen 0.034723 Sekunden gebraucht
bei 5 cores haben 1000 Messungen 0.033580 Sekunden gebraucht
bei 6 cores haben 1000 Messungen 0.033934 Sekunden gebraucht
bei 7 cores haben 1000 Messungen 0.038101 Sekunden gebraucht
bei 8 cores haben 1000 Messungen 0.041119 Sekunden gebraucht
bei 9 cores haben 1000 Messungen 0.044365 Sekunden gebraucht
bei 1 cores haben 1000 Messungen 0.041005 Sekunden gebraucht
bei 2 cores haben 1000 Messungen 0.054197 Sekunden gebraucht
bei 3 cores haben 1000 Messungen 0.038956 Sekunden gebraucht
bei 4 cores haben 1000 Messungen 0.033647 Sekunden gebraucht
bei 5 cores haben 1000 Messungen 0.034627 Sekunden gebraucht
bei 6 cores haben 1000 Messungen 0.037039 Sekunden gebraucht
bei 7 cores haben 1000 Messungen 0.038874 Sekunden gebraucht
bei 8 cores haben 1000 Messungen 0.039485 Sekunden gebraucht
bei 9 cores haben 1000 Messungen 0.044584 Sekunden gebraucht
bei 1 cores haben 1000 Messungen 0.041879 Sekunden gebraucht
bei 2 cores haben 1000 Messungen 0.063191 Sekunden gebraucht
bei 3 cores haben 1000 Messungen 0.043745 Sekunden gebraucht
bei 4 cores haben 1000 Messungen 0.031927 Sekunden gebraucht
bei 5 cores haben 1000 Messungen 0.033930 Sekunden gebraucht
bei 6 cores haben 1000 Messungen 0.036444 Sekunden gebraucht
bei 7 cores haben 1000 Messungen 0.040350 Sekunden gebraucht
bei 8 cores haben 1000 Messungen 0.039136 Sekunden gebraucht
bei 9 cores haben 1000 Messungen 0.041024 Sekunden gebraucht
bei 1 cores haben 1000 Messungen 0.041201 Sekunden gebraucht
bei 2 cores haben 1000 Messungen 0.056923 Sekunden gebraucht
bei 3 cores haben 1000 Messungen 0.053702 Sekunden gebraucht
bei 4 cores haben 1000 Messungen 0.036612 Sekunden gebraucht
bei 5 cores haben 1000 Messungen 0.036107 Sekunden gebraucht
bei 6 cores haben 1000 Messungen 0.037596 Sekunden gebraucht
bei 7 cores haben 1000 Messungen 0.039674 Sekunden gebraucht
bei 8 cores haben 1000 Messungen 0.037968 Sekunden gebraucht
bei 9 cores haben 1000 Messungen 0.041616 Sekunden gebraucht
bei 1 cores haben 1000 Messungen 0.041371 Sekunden gebraucht
bei 2 cores haben 1000 Messungen 0.062872 Sekunden gebraucht
bei 3 cores haben 1000 Messungen 0.041518 Sekunden gebraucht
bei 4 cores haben 1000 Messungen 0.034437 Sekunden gebraucht
bei 5 cores haben 1000 Messungen 0.034508 Sekunden gebraucht
bei 6 cores haben 1000 Messungen 0.042634 Sekunden gebraucht
bei 7 cores haben 1000 Messungen 0.036502 Sekunden gebraucht
bei 8 cores haben 1000 Messungen 0.044299 Sekunden gebraucht
bei 9 cores haben 1000 Messungen 0.045875 Sekunden gebraucht
Laenge=36
bei 1 cores haben 1000 Messungen 0.124160 Sekunden gebraucht
bei 2 cores haben 1000 Messungen 0.140907 Sekunden gebraucht
bei 3 cores haben 1000 Messungen 0.077253 Sekunden gebraucht
bei 4 cores haben 1000 Messungen 0.072621 Sekunden gebraucht
bei 5 cores haben 1000 Messungen 0.070338 Sekunden gebraucht
bei 6 cores haben 1000 Messungen 0.073936 Sekunden gebraucht
bei 7 cores haben 1000 Messungen 0.075214 Sekunden gebraucht
bei 8 cores haben 1000 Messungen 0.074441 Sekunden gebraucht
bei 9 cores haben 1000 Messungen 0.079350 Sekunden gebraucht
bei 1 cores haben 1000 Messungen 0.122985 Sekunden gebraucht
bei 2 cores haben 1000 Messungen 0.127259 Sekunden gebraucht
bei 3 cores haben 1000 Messungen 0.078490 Sekunden gebraucht
bei 4 cores haben 1000 Messungen 0.072741 Sekunden gebraucht
bei 5 cores haben 1000 Messungen 0.072000 Sekunden gebraucht
bei 6 cores haben 1000 Messungen 0.069602 Sekunden gebraucht
bei 7 cores haben 1000 Messungen 0.076374 Sekunden gebraucht
bei 8 cores haben 1000 Messungen 0.080843 Sekunden gebraucht
bei 9 cores haben 1000 Messungen 0.078653 Sekunden gebraucht
bei 1 cores haben 1000 Messungen 0.123185 Sekunden gebraucht
bei 2 cores haben 1000 Messungen 0.127000 Sekunden gebraucht
bei 3 cores haben 1000 Messungen 0.119040 Sekunden gebraucht
bei 4 cores haben 1000 Messungen 0.078912 Sekunden gebraucht
bei 5 cores haben 1000 Messungen 0.073066 Sekunden gebraucht
bei 6 cores haben 1000 Messungen 0.127536 Sekunden gebraucht
bei 7 cores haben 1000 Messungen 0.081134 Sekunden gebraucht
bei 8 cores haben 1000 Messungen 0.080428 Sekunden gebraucht
bei 9 cores haben 1000 Messungen 0.078870 Sekunden gebraucht
bei 1 cores haben 1000 Messungen 0.123084 Sekunden gebraucht
bei 2 cores haben 1000 Messungen 0.132869 Sekunden gebraucht
bei 3 cores haben 1000 Messungen 0.086745 Sekunden gebraucht
bei 4 cores haben 1000 Messungen 0.108438 Sekunden gebraucht
bei 5 cores haben 1000 Messungen 0.087159 Sekunden gebraucht
bei 6 cores haben 1000 Messungen 0.087473 Sekunden gebraucht
bei 7 cores haben 1000 Messungen 0.086941 Sekunden gebraucht
bei 8 cores haben 1000 Messungen 0.089810 Sekunden gebraucht
bei 9 cores haben 1000 Messungen 0.079040 Sekunden gebraucht
bei 1 cores haben 1000 Messungen 0.125319 Sekunden gebraucht
bei 2 cores haben 1000 Messungen 0.127877 Sekunden gebraucht
bei 3 cores haben 1000 Messungen 0.077915 Sekunden gebraucht
bei 4 cores haben 1000 Messungen 0.073313 Sekunden gebraucht
bei 5 cores haben 1000 Messungen 0.076800 Sekunden gebraucht
bei 6 cores haben 1000 Messungen 0.072871 Sekunden gebraucht
bei 7 cores haben 1000 Messungen 0.084417 Sekunden gebraucht
bei 8 cores haben 1000 Messungen 0.079475 Sekunden gebraucht
bei 9 cores haben 1000 Messungen 0.079026 Sekunden gebraucht
bei 1 cores haben 1000 Messungen 0.123317 Sekunden gebraucht
bei 2 cores haben 1000 Messungen 0.140987 Sekunden gebraucht
bei 3 cores haben 1000 Messungen 0.077834 Sekunden gebraucht
bei 4 cores haben 1000 Messungen 0.072252 Sekunden gebraucht
bei 5 cores haben 1000 Messungen 0.070959 Sekunden gebraucht
bei 6 cores haben 1000 Messungen 0.068697 Sekunden gebraucht
bei 7 cores haben 1000 Messungen 0.075167 Sekunden gebraucht
bei 8 cores haben 1000 Messungen 0.084025 Sekunden gebraucht
bei 9 cores haben 1000 Messungen 0.089475 Sekunden gebraucht
bei 1 cores haben 1000 Messungen 0.123026 Sekunden gebraucht
bei 2 cores haben 1000 Messungen 0.140032 Sekunden gebraucht
bei 3 cores haben 1000 Messungen 0.108140 Sekunden gebraucht
bei 4 cores haben 1000 Messungen 0.075016 Sekunden gebraucht
bei 5 cores haben 1000 Messungen 0.066853 Sekunden gebraucht
bei 6 cores haben 1000 Messungen 0.071007 Sekunden gebraucht
bei 7 cores haben 1000 Messungen 0.075412 Sekunden gebraucht
bei 8 cores haben 1000 Messungen 0.080083 Sekunden gebraucht
bei 9 cores haben 1000 Messungen 0.078805 Sekunden gebraucht
bei 1 cores haben 1000 Messungen 0.135202 Sekunden gebraucht
bei 2 cores haben 1000 Messungen 0.140622 Sekunden gebraucht
bei 3 cores haben 1000 Messungen 0.056805 Sekunden gebraucht
bei 4 cores haben 1000 Messungen 0.104599 Sekunden gebraucht
bei 5 cores haben 1000 Messungen 0.080479 Sekunden gebraucht
bei 6 cores haben 1000 Messungen 0.080265 Sekunden gebraucht
bei 7 cores haben 1000 Messungen 0.080040 Sekunden gebraucht
bei 8 cores haben 1000 Messungen 0.084797 Sekunden gebraucht
bei 9 cores haben 1000 Messungen 0.083993 Sekunden gebraucht
bei 1 cores haben 1000 Messungen 0.124534 Sekunden gebraucht
bei 2 cores haben 1000 Messungen 0.126403 Sekunden gebraucht
bei 3 cores haben 1000 Messungen 0.081989 Sekunden gebraucht
bei 4 cores haben 1000 Messungen 0.075426 Sekunden gebraucht
bei 5 cores haben 1000 Messungen 0.076074 Sekunden gebraucht
bei 6 cores haben 1000 Messungen 0.125634 Sekunden gebraucht
bei 7 cores haben 1000 Messungen 0.077819 Sekunden gebraucht
bei 8 cores haben 1000 Messungen 0.086398 Sekunden gebraucht
bei 9 cores haben 1000 Messungen 0.145053 Sekunden gebraucht
bei 1 cores haben 1000 Messungen 0.140366 Sekunden gebraucht
bei 2 cores haben 1000 Messungen 0.131719 Sekunden gebraucht
bei 3 cores haben 1000 Messungen 0.082810 Sekunden gebraucht
bei 4 cores haben 1000 Messungen 0.080708 Sekunden gebraucht
bei 5 cores haben 1000 Messungen 0.078265 Sekunden gebraucht
bei 6 cores haben 1000 Messungen 0.073518 Sekunden gebraucht
bei 7 cores haben 1000 Messungen 0.073878 Sekunden gebraucht
bei 8 cores haben 1000 Messungen 0.073685 Sekunden gebraucht
bei 9 cores haben 1000 Messungen 0.081978 Sekunden gebraucht
Laenge=50
bei 1 cores haben 1000 Messungen 0.237851 Sekunden gebraucht
bei 2 cores haben 1000 Messungen 0.209293 Sekunden gebraucht
bei 3 cores haben 1000 Messungen 0.139485 Sekunden gebraucht
bei 4 cores haben 1000 Messungen 0.125891 Sekunden gebraucht
bei 5 cores haben 1000 Messungen 0.124828 Sekunden gebraucht
bei 6 cores haben 1000 Messungen 0.117444 Sekunden gebraucht
bei 7 cores haben 1000 Messungen 0.119492 Sekunden gebraucht
bei 8 cores haben 1000 Messungen 0.130747 Sekunden gebraucht
bei 9 cores haben 1000 Messungen 0.120189 Sekunden gebraucht
bei 1 cores haben 1000 Messungen 0.235423 Sekunden gebraucht
bei 2 cores haben 1000 Messungen 0.239957 Sekunden gebraucht
bei 3 cores haben 1000 Messungen 0.169418 Sekunden gebraucht
bei 4 cores haben 1000 Messungen 0.171639 Sekunden gebraucht
bei 5 cores haben 1000 Messungen 0.141127 Sekunden gebraucht
bei 6 cores haben 1000 Messungen 0.157122 Sekunden gebraucht
bei 7 cores haben 1000 Messungen 0.130982 Sekunden gebraucht
bei 8 cores haben 1000 Messungen 0.120064 Sekunden gebraucht
bei 9 cores haben 1000 Messungen 0.119759 Sekunden gebraucht
bei 1 cores haben 1000 Messungen 0.231324 Sekunden gebraucht
bei 2 cores haben 1000 Messungen 0.224526 Sekunden gebraucht
bei 3 cores haben 1000 Messungen 0.142214 Sekunden gebraucht
bei 4 cores haben 1000 Messungen 0.131360 Sekunden gebraucht
bei 5 cores haben 1000 Messungen 0.123727 Sekunden gebraucht
bei 6 cores haben 1000 Messungen 0.118945 Sekunden gebraucht
bei 7 cores haben 1000 Messungen 0.127236 Sekunden gebraucht
bei 8 cores haben 1000 Messungen 0.136976 Sekunden gebraucht
bei 9 cores haben 1000 Messungen 0.121955 Sekunden gebraucht
bei 1 cores haben 1000 Messungen 0.239047 Sekunden gebraucht
bei 2 cores haben 1000 Messungen 0.220247 Sekunden gebraucht
bei 3 cores haben 1000 Messungen 0.174520 Sekunden gebraucht
bei 4 cores haben 1000 Messungen 0.122829 Sekunden gebraucht
bei 5 cores haben 1000 Messungen 0.136160 Sekunden gebraucht
bei 6 cores haben 1000 Messungen 0.130241 Sekunden gebraucht
bei 7 cores haben 1000 Messungen 0.127558 Sekunden gebraucht
bei 8 cores haben 1000 Messungen 0.132025 Sekunden gebraucht
bei 9 cores haben 1000 Messungen 0.408381 Sekunden gebraucht
bei 1 cores haben 1000 Messungen 0.267518 Sekunden gebraucht
bei 2 cores haben 1000 Messungen 0.211335 Sekunden gebraucht
bei 3 cores haben 1000 Messungen 0.141156 Sekunden gebraucht
bei 4 cores haben 1000 Messungen 0.129008 Sekunden gebraucht
bei 5 cores haben 1000 Messungen 0.119299 Sekunden gebraucht
bei 6 cores haben 1000 Messungen 0.118331 Sekunden gebraucht
bei 7 cores haben 1000 Messungen 0.118649 Sekunden gebraucht
bei 8 cores haben 1000 Messungen 0.189065 Sekunden gebraucht
bei 9 cores haben 1000 Messungen 0.122303 Sekunden gebraucht
bei 1 cores haben 1000 Messungen 0.278138 Sekunden gebraucht
bei 2 cores haben 1000 Messungen 0.221372 Sekunden gebraucht
bei 3 cores haben 1000 Messungen 0.178874 Sekunden gebraucht
bei 4 cores haben 1000 Messungen 0.133437 Sekunden gebraucht
bei 5 cores haben 1000 Messungen 0.135176 Sekunden gebraucht
bei 6 cores haben 1000 Messungen 0.120143 Sekunden gebraucht
bei 7 cores haben 1000 Messungen 0.121715 Sekunden gebraucht
bei 8 cores haben 1000 Messungen 0.126022 Sekunden gebraucht
bei 9 cores haben 1000 Messungen 0.179405 Sekunden gebraucht
bei 1 cores haben 1000 Messungen 0.259286 Sekunden gebraucht
bei 2 cores haben 1000 Messungen 0.237836 Sekunden gebraucht
bei 3 cores haben 1000 Messungen 0.171468 Sekunden gebraucht
bei 4 cores haben 1000 Messungen 0.128790 Sekunden gebraucht
bei 5 cores haben 1000 Messungen 0.147542 Sekunden gebraucht
bei 6 cores haben 1000 Messungen 0.122761 Sekunden gebraucht
bei 7 cores haben 1000 Messungen 0.120771 Sekunden gebraucht
bei 8 cores haben 1000 Messungen 0.124026 Sekunden gebraucht
bei 9 cores haben 1000 Messungen 0.132598 Sekunden gebraucht
bei 1 cores haben 1000 Messungen 0.231590 Sekunden gebraucht
bei 2 cores haben 1000 Messungen 0.236919 Sekunden gebraucht
bei 3 cores haben 1000 Messungen 0.186891 Sekunden gebraucht
bei 4 cores haben 1000 Messungen 0.148545 Sekunden gebraucht
bei 5 cores haben 1000 Messungen 0.139166 Sekunden gebraucht
bei 6 cores haben 1000 Messungen 0.120407 Sekunden gebraucht
bei 7 cores haben 1000 Messungen 0.125065 Sekunden gebraucht
bei 8 cores haben 1000 Messungen 0.136420 Sekunden gebraucht
bei 9 cores haben 1000 Messungen 0.270765 Sekunden gebraucht
bei 1 cores haben 1000 Messungen 0.263514 Sekunden gebraucht
bei 2 cores haben 1000 Messungen 0.155078 Sekunden gebraucht
bei 3 cores haben 1000 Messungen 0.140414 Sekunden gebraucht
bei 4 cores haben 1000 Messungen 0.131201 Sekunden gebraucht
bei 5 cores haben 1000 Messungen 0.125063 Sekunden gebraucht
bei 6 cores haben 1000 Messungen 0.119771 Sekunden gebraucht
bei 7 cores haben 1000 Messungen 0.126270 Sekunden gebraucht
bei 8 cores haben 1000 Messungen 0.124757 Sekunden gebraucht
bei 9 cores haben 1000 Messungen 0.121922 Sekunden gebraucht
bei 1 cores haben 1000 Messungen 0.236595 Sekunden gebraucht
bei 2 cores haben 1000 Messungen 0.175289 Sekunden gebraucht
bei 3 cores haben 1000 Messungen 0.140383 Sekunden gebraucht
bei 4 cores haben 1000 Messungen 0.128208 Sekunden gebraucht
bei 5 cores haben 1000 Messungen 0.116796 Sekunden gebraucht
bei 6 cores haben 1000 Messungen 0.124286 Sekunden gebraucht
bei 7 cores haben 1000 Messungen 0.120535 Sekunden gebraucht
bei 8 cores haben 1000 Messungen 0.125492 Sekunden gebraucht
bei 9 cores haben 1000 Messungen 0.203691 Sekunden gebraucht
Laenge=100
bei 1 cores haben 1000 Messungen 0.919215 Sekunden gebraucht
bei 2 cores haben 1000 Messungen 0.786781 Sekunden gebraucht
bei 3 cores haben 1000 Messungen 0.534630 Sekunden gebraucht
bei 4 cores haben 1000 Messungen 0.488915 Sekunden gebraucht
bei 5 cores haben 1000 Messungen 0.457388 Sekunden gebraucht
bei 6 cores haben 1000 Messungen 0.447173 Sekunden gebraucht
bei 7 cores haben 1000 Messungen 0.558071 Sekunden gebraucht
bei 8 cores haben 1000 Messungen 0.449215 Sekunden gebraucht
bei 9 cores haben 1000 Messungen 0.463162 Sekunden gebraucht
bei 1 cores haben 1000 Messungen 0.919070 Sekunden gebraucht
bei 2 cores haben 1000 Messungen 0.782069 Sekunden gebraucht
bei 3 cores haben 1000 Messungen 0.539991 Sekunden gebraucht
bei 4 cores haben 1000 Messungen 0.485478 Sekunden gebraucht
bei 5 cores haben 1000 Messungen 0.447174 Sekunden gebraucht
bei 6 cores haben 1000 Messungen 0.437749 Sekunden gebraucht
bei 7 cores haben 1000 Messungen 0.452119 Sekunden gebraucht
bei 8 cores haben 1000 Messungen 0.451780 Sekunden gebraucht
bei 9 cores haben 1000 Messungen 0.487810 Sekunden gebraucht
bei 1 cores haben 1000 Messungen 0.918223 Sekunden gebraucht
bei 2 cores haben 1000 Messungen 0.776484 Sekunden gebraucht
bei 3 cores haben 1000 Messungen 0.540247 Sekunden gebraucht
bei 4 cores haben 1000 Messungen 0.477694 Sekunden gebraucht
bei 5 cores haben 1000 Messungen 0.443272 Sekunden gebraucht
bei 6 cores haben 1000 Messungen 0.470842 Sekunden gebraucht
bei 7 cores haben 1000 Messungen 0.468177 Sekunden gebraucht
bei 8 cores haben 1000 Messungen 0.445344 Sekunden gebraucht
bei 9 cores haben 1000 Messungen 0.430778 Sekunden gebraucht
bei 1 cores haben 1000 Messungen 0.991429 Sekunden gebraucht
bei 2 cores haben 1000 Messungen 0.769786 Sekunden gebraucht
bei 3 cores haben 1000 Messungen 0.531860 Sekunden gebraucht
bei 4 cores haben 1000 Messungen 0.457198 Sekunden gebraucht
bei 5 cores haben 1000 Messungen 0.439318 Sekunden gebraucht
bei 6 cores haben 1000 Messungen 0.466530 Sekunden gebraucht
bei 7 cores haben 1000 Messungen 0.462006 Sekunden gebraucht
bei 8 cores haben 1000 Messungen 0.471682 Sekunden gebraucht
bei 9 cores haben 1000 Messungen 0.433903 Sekunden gebraucht
bei 1 cores haben 1000 Messungen 0.919065 Sekunden gebraucht
bei 2 cores haben 1000 Messungen 0.778009 Sekunden gebraucht
bei 3 cores haben 1000 Messungen 0.542943 Sekunden gebraucht
bei 4 cores haben 1000 Messungen 0.484227 Sekunden gebraucht
bei 5 cores haben 1000 Messungen 0.441820 Sekunden gebraucht
bei 6 cores haben 1000 Messungen 0.448493 Sekunden gebraucht
bei 7 cores haben 1000 Messungen 0.450753 Sekunden gebraucht
bei 8 cores haben 1000 Messungen 0.456809 Sekunden gebraucht
bei 9 cores haben 1000 Messungen 0.461076 Sekunden gebraucht
bei 1 cores haben 1000 Messungen 0.921537 Sekunden gebraucht
bei 2 cores haben 1000 Messungen 0.774722 Sekunden gebraucht
bei 3 cores haben 1000 Messungen 0.639289 Sekunden gebraucht
bei 4 cores haben 1000 Messungen 0.490049 Sekunden gebraucht
bei 5 cores haben 1000 Messungen 0.462053 Sekunden gebraucht
bei 6 cores haben 1000 Messungen 0.450623 Sekunden gebraucht
bei 7 cores haben 1000 Messungen 0.436724 Sekunden gebraucht
bei 8 cores haben 1000 Messungen 0.464421 Sekunden gebraucht
bei 9 cores haben 1000 Messungen 0.453223 Sekunden gebraucht
bei 1 cores haben 1000 Messungen 0.918923 Sekunden gebraucht
bei 2 cores haben 1000 Messungen 0.821659 Sekunden gebraucht
bei 3 cores haben 1000 Messungen 0.637538 Sekunden gebraucht
bei 4 cores haben 1000 Messungen 0.455778 Sekunden gebraucht
bei 5 cores haben 1000 Messungen 0.438865 Sekunden gebraucht
bei 6 cores haben 1000 Messungen 0.453217 Sekunden gebraucht
bei 7 cores haben 1000 Messungen 0.447554 Sekunden gebraucht
bei 8 cores haben 1000 Messungen 0.589047 Sekunden gebraucht
bei 9 cores haben 1000 Messungen 0.429111 Sekunden gebraucht
bei 1 cores haben 1000 Messungen 0.982991 Sekunden gebraucht
bei 2 cores haben 1000 Messungen 0.763043 Sekunden gebraucht
bei 3 cores haben 1000 Messungen 0.542769 Sekunden gebraucht
bei 4 cores haben 1000 Messungen 0.496063 Sekunden gebraucht
bei 5 cores haben 1000 Messungen 0.446712 Sekunden gebraucht
bei 6 cores haben 1000 Messungen 0.492016 Sekunden gebraucht
bei 7 cores haben 1000 Messungen 0.444887 Sekunden gebraucht
bei 8 cores haben 1000 Messungen 0.449191 Sekunden gebraucht
bei 9 cores haben 1000 Messungen 0.422783 Sekunden gebraucht
bei 1 cores haben 1000 Messungen 0.922130 Sekunden gebraucht
bei 2 cores haben 1000 Messungen 0.767543 Sekunden gebraucht
bei 3 cores haben 1000 Messungen 0.630734 Sekunden gebraucht
bei 4 cores haben 1000 Messungen 0.504590 Sekunden gebraucht
bei 5 cores haben 1000 Messungen 0.445178 Sekunden gebraucht
bei 6 cores haben 1000 Messungen 0.465000 Sekunden gebraucht
bei 7 cores haben 1000 Messungen 0.459480 Sekunden gebraucht
bei 8 cores haben 1000 Messungen 0.500004 Sekunden gebraucht
bei 9 cores haben 1000 Messungen 0.926678 Sekunden gebraucht
bei 1 cores haben 1000 Messungen 0.927815 Sekunden gebraucht
bei 2 cores haben 1000 Messungen 0.772893 Sekunden gebraucht
bei 3 cores haben 1000 Messungen 0.533590 Sekunden gebraucht
bei 4 cores haben 1000 Messungen 0.468532 Sekunden gebraucht
bei 5 cores haben 1000 Messungen 0.473972 Sekunden gebraucht
bei 6 cores haben 1000 Messungen 0.431113 Sekunden gebraucht
bei 7 cores haben 1000 Messungen 0.484932 Sekunden gebraucht
bei 8 cores haben 1000 Messungen 0.446572 Sekunden gebraucht
bei 9 cores haben 1000 Messungen 0.459185 Sekunden gebraucht
Laenge=200
bei 1 cores haben 1000 Messungen 3.704712 Sekunden gebraucht
bei 2 cores haben 1000 Messungen 2.680370 Sekunden gebraucht
bei 3 cores haben 1000 Messungen 1.961697 Sekunden gebraucht
bei 4 cores haben 1000 Messungen 1.733059 Sekunden gebraucht
bei 5 cores haben 1000 Messungen 1.738887 Sekunden gebraucht
bei 6 cores haben 1000 Messungen 1.646338 Sekunden gebraucht
bei 7 cores haben 1000 Messungen 1.635346 Sekunden gebraucht
bei 8 cores haben 1000 Messungen 1.622103 Sekunden gebraucht
bei 9 cores haben 1000 Messungen 1.738330 Sekunden gebraucht
bei 1 cores haben 1000 Messungen 3.728279 Sekunden gebraucht
bei 2 cores haben 1000 Messungen 2.621246 Sekunden gebraucht
bei 3 cores haben 1000 Messungen 1.937977 Sekunden gebraucht
bei 4 cores haben 1000 Messungen 1.841606 Sekunden gebraucht
bei 5 cores haben 1000 Messungen 1.678464 Sekunden gebraucht
bei 6 cores haben 1000 Messungen 1.686353 Sekunden gebraucht
bei 7 cores haben 1000 Messungen 1.628959 Sekunden gebraucht
bei 8 cores haben 1000 Messungen 1.920194 Sekunden gebraucht
bei 9 cores haben 1000 Messungen 1.537195 Sekunden gebraucht
bei 1 cores haben 1000 Messungen 3.630616 Sekunden gebraucht
bei 2 cores haben 1000 Messungen 2.652086 Sekunden gebraucht
bei 3 cores haben 1000 Messungen 1.987448 Sekunden gebraucht
bei 4 cores haben 1000 Messungen 1.739146 Sekunden gebraucht
bei 5 cores haben 1000 Messungen 1.670153 Sekunden gebraucht
bei 6 cores haben 1000 Messungen 1.632130 Sekunden gebraucht
bei 7 cores haben 1000 Messungen 1.684788 Sekunden gebraucht
bei 8 cores haben 1000 Messungen 1.609548 Sekunden gebraucht
bei 9 cores haben 1000 Messungen 1.534505 Sekunden gebraucht
bei 1 cores haben 1000 Messungen 3.641885 Sekunden gebraucht
bei 2 cores haben 1000 Messungen 2.644056 Sekunden gebraucht
bei 3 cores haben 1000 Messungen 2.062308 Sekunden gebraucht
bei 4 cores haben 1000 Messungen 1.741015 Sekunden gebraucht
bei 5 cores haben 1000 Messungen 1.681971 Sekunden gebraucht
bei 6 cores haben 1000 Messungen 1.608444 Sekunden gebraucht
bei 7 cores haben 1000 Messungen 1.613617 Sekunden gebraucht
bei 8 cores haben 1000 Messungen 1.633888 Sekunden gebraucht
bei 9 cores haben 1000 Messungen 1.717756 Sekunden gebraucht
bei 1 cores haben 1000 Messungen 3.647110 Sekunden gebraucht
bei 2 cores haben 1000 Messungen 2.800870 Sekunden gebraucht
bei 3 cores haben 1000 Messungen 1.948457 Sekunden gebraucht
bei 4 cores haben 1000 Messungen 1.788357 Sekunden gebraucht
bei 5 cores haben 1000 Messungen 1.659196 Sekunden gebraucht
bei 6 cores haben 1000 Messungen 1.594003 Sekunden gebraucht
bei 7 cores haben 1000 Messungen 1.589908 Sekunden gebraucht
bei 8 cores haben 1000 Messungen 1.644182 Sekunden gebraucht
bei 9 cores haben 1000 Messungen 1.928166 Sekunden gebraucht
bei 1 cores haben 1000 Messungen 3.666445 Sekunden gebraucht
bei 2 cores haben 1000 Messungen 2.690101 Sekunden gebraucht
bei 3 cores haben 1000 Messungen 1.976476 Sekunden gebraucht
bei 4 cores haben 1000 Messungen 1.694886 Sekunden gebraucht
bei 5 cores haben 1000 Messungen 1.635656 Sekunden gebraucht
bei 6 cores haben 1000 Messungen 1.577832 Sekunden gebraucht
bei 7 cores haben 1000 Messungen 1.612697 Sekunden gebraucht
bei 8 cores haben 1000 Messungen 1.631434 Sekunden gebraucht
bei 9 cores haben 1000 Messungen 1.573443 Sekunden gebraucht
bei 1 cores haben 1000 Messungen 3.685670 Sekunden gebraucht
bei 2 cores haben 1000 Messungen 2.657123 Sekunden gebraucht
bei 3 cores haben 1000 Messungen 1.989115 Sekunden gebraucht
bei 4 cores haben 1000 Messungen 1.722940 Sekunden gebraucht
bei 5 cores haben 1000 Messungen 1.699038 Sekunden gebraucht
bei 6 cores haben 1000 Messungen 1.643131 Sekunden gebraucht
bei 7 cores haben 1000 Messungen 1.620820 Sekunden gebraucht
bei 8 cores haben 1000 Messungen 1.633131 Sekunden gebraucht
bei 9 cores haben 1000 Messungen 1.558804 Sekunden gebraucht
bei 1 cores haben 1000 Messungen 3.706828 Sekunden gebraucht
bei 2 cores haben 1000 Messungen 2.940467 Sekunden gebraucht
bei 3 cores haben 1000 Messungen 2.009077 Sekunden gebraucht
bei 4 cores haben 1000 Messungen 1.732847 Sekunden gebraucht
bei 5 cores haben 1000 Messungen 1.665830 Sekunden gebraucht
bei 6 cores haben 1000 Messungen 1.670353 Sekunden gebraucht
bei 7 cores haben 1000 Messungen 1.584133 Sekunden gebraucht
bei 8 cores haben 1000 Messungen 1.618654 Sekunden gebraucht
bei 9 cores haben 1000 Messungen 1.540485 Sekunden gebraucht
bei 1 cores haben 1000 Messungen 3.665223 Sekunden gebraucht
bei 2 cores haben 1000 Messungen 2.798163 Sekunden gebraucht
bei 3 cores haben 1000 Messungen 1.985553 Sekunden gebraucht
bei 4 cores haben 1000 Messungen 1.791147 Sekunden gebraucht
bei 5 cores haben 1000 Messungen 1.669029 Sekunden gebraucht
bei 6 cores haben 1000 Messungen 1.558812 Sekunden gebraucht
bei 7 cores haben 1000 Messungen 1.617946 Sekunden gebraucht
bei 8 cores haben 1000 Messungen 1.635892 Sekunden gebraucht
bei 9 cores haben 1000 Messungen 1.543827 Sekunden gebraucht
bei 1 cores haben 1000 Messungen 3.751180 Sekunden gebraucht
bei 2 cores haben 1000 Messungen 2.843883 Sekunden gebraucht
bei 3 cores haben 1000 Messungen 2.063257 Sekunden gebraucht
bei 4 cores haben 1000 Messungen 1.740723 Sekunden gebraucht
bei 5 cores haben 1000 Messungen 1.648219 Sekunden gebraucht
bei 6 cores haben 1000 Messungen 1.643326 Sekunden gebraucht
bei 7 cores haben 1000 Messungen 1.597923 Sekunden gebraucht
bei 8 cores haben 1000 Messungen 1.627676 Sekunden gebraucht
bei 9 cores haben 1000 Messungen 1.537860 Sekunden gebraucht
Laenge=350
bei 1 cores haben 1000 Messungen 11.305135 Sekunden gebraucht
bei 2 cores haben 1000 Messungen 8.119714 Sekunden gebraucht
bei 3 cores haben 1000 Messungen 6.121105 Sekunden gebraucht
bei 4 cores haben 1000 Messungen 5.440715 Sekunden gebraucht
bei 5 cores haben 1000 Messungen 5.266761 Sekunden gebraucht
bei 6 cores haben 1000 Messungen 5.057011 Sekunden gebraucht
bei 7 cores haben 1000 Messungen 4.996060 Sekunden gebraucht
bei 8 cores haben 1000 Messungen 4.994938 Sekunden gebraucht
bei 9 cores haben 1000 Messungen 4.724476 Sekunden gebraucht
bei 1 cores haben 1000 Messungen 11.171071 Sekunden gebraucht
bei 2 cores haben 1000 Messungen 7.849768 Sekunden gebraucht
bei 3 cores haben 1000 Messungen 6.138516 Sekunden gebraucht
bei 4 cores haben 1000 Messungen 5.258759 Sekunden gebraucht
bei 5 cores haben 1000 Messungen 5.235112 Sekunden gebraucht
bei 6 cores haben 1000 Messungen 5.030696 Sekunden gebraucht
bei 7 cores haben 1000 Messungen 5.028099 Sekunden gebraucht
bei 8 cores haben 1000 Messungen 4.991970 Sekunden gebraucht
bei 9 cores haben 1000 Messungen 4.883295 Sekunden gebraucht
bei 1 cores haben 1000 Messungen 11.621123 Sekunden gebraucht
bei 2 cores haben 1000 Messungen 8.070403 Sekunden gebraucht
bei 3 cores haben 1000 Messungen 6.106107 Sekunden gebraucht
bei 4 cores haben 1000 Messungen 5.298085 Sekunden gebraucht
bei 5 cores haben 1000 Messungen 5.158679 Sekunden gebraucht
bei 6 cores haben 1000 Messungen 4.938924 Sekunden gebraucht
bei 7 cores haben 1000 Messungen 5.120242 Sekunden gebraucht
bei 8 cores haben 1000 Messungen 5.122660 Sekunden gebraucht
bei 9 cores haben 1000 Messungen 4.707119 Sekunden gebraucht
bei 1 cores haben 1000 Messungen 11.175334 Sekunden gebraucht
bei 2 cores haben 1000 Messungen 7.975864 Sekunden gebraucht
bei 3 cores haben 1000 Messungen 6.087541 Sekunden gebraucht
bei 4 cores haben 1000 Messungen 5.461975 Sekunden gebraucht
bei 5 cores haben 1000 Messungen 5.213299 Sekunden gebraucht
bei 6 cores haben 1000 Messungen 4.958719 Sekunden gebraucht
bei 7 cores haben 1000 Messungen 5.037598 Sekunden gebraucht
bei 8 cores haben 1000 Messungen 4.979621 Sekunden gebraucht
bei 9 cores haben 1000 Messungen 4.837849 Sekunden gebraucht
bei 1 cores haben 1000 Messungen 11.403357 Sekunden gebraucht
bei 2 cores haben 1000 Messungen 8.044703 Sekunden gebraucht
bei 3 cores haben 1000 Messungen 6.272143 Sekunden gebraucht
bei 4 cores haben 1000 Messungen 5.381257 Sekunden gebraucht
bei 5 cores haben 1000 Messungen 5.210262 Sekunden gebraucht
bei 6 cores haben 1000 Messungen 4.968254 Sekunden gebraucht
bei 7 cores haben 1000 Messungen 4.952407 Sekunden gebraucht
bei 8 cores haben 1000 Messungen 5.015810 Sekunden gebraucht
bei 9 cores haben 1000 Messungen 4.716244 Sekunden gebraucht
bei 1 cores haben 1000 Messungen 11.276182 Sekunden gebraucht
bei 2 cores haben 1000 Messungen 8.195297 Sekunden gebraucht
bei 3 cores haben 1000 Messungen 6.130534 Sekunden gebraucht
bei 4 cores haben 1000 Messungen 5.362976 Sekunden gebraucht
bei 5 cores haben 1000 Messungen 5.279586 Sekunden gebraucht
bei 6 cores haben 1000 Messungen 4.892764 Sekunden gebraucht
bei 7 cores haben 1000 Messungen 4.953160 Sekunden gebraucht
bei 8 cores haben 1000 Messungen 4.983403 Sekunden gebraucht
bei 9 cores haben 1000 Messungen 4.713636 Sekunden gebraucht
bei 1 cores haben 1000 Messungen 11.241375 Sekunden gebraucht
bei 2 cores haben 1000 Messungen 8.187748 Sekunden gebraucht
bei 3 cores haben 1000 Messungen 6.081893 Sekunden gebraucht
bei 4 cores haben 1000 Messungen 5.275234 Sekunden gebraucht
bei 5 cores haben 1000 Messungen 5.115064 Sekunden gebraucht
bei 6 cores haben 1000 Messungen 5.099134 Sekunden gebraucht
bei 7 cores haben 1000 Messungen 4.891774 Sekunden gebraucht
bei 8 cores haben 1000 Messungen 5.004312 Sekunden gebraucht
bei 9 cores haben 1000 Messungen 4.725274 Sekunden gebraucht
bei 1 cores haben 1000 Messungen 11.271376 Sekunden gebraucht
bei 2 cores haben 1000 Messungen 7.867567 Sekunden gebraucht
bei 3 cores haben 1000 Messungen 6.125476 Sekunden gebraucht
bei 4 cores haben 1000 Messungen 5.463387 Sekunden gebraucht
bei 5 cores haben 1000 Messungen 5.235820 Sekunden gebraucht
bei 6 cores haben 1000 Messungen 4.958955 Sekunden gebraucht
bei 7 cores haben 1000 Messungen 5.135031 Sekunden gebraucht
bei 8 cores haben 1000 Messungen 5.190343 Sekunden gebraucht
bei 9 cores haben 1000 Messungen 4.746879 Sekunden gebraucht
bei 1 cores haben 1000 Messungen 11.198288 Sekunden gebraucht
bei 2 cores haben 1000 Messungen 7.914051 Sekunden gebraucht
bei 3 cores haben 1000 Messungen 6.150545 Sekunden gebraucht
bei 4 cores haben 1000 Messungen 5.255497 Sekunden gebraucht
bei 5 cores haben 1000 Messungen 5.109627 Sekunden gebraucht
bei 6 cores haben 1000 Messungen 5.078808 Sekunden gebraucht
bei 7 cores haben 1000 Messungen 4.976255 Sekunden gebraucht
bei 8 cores haben 1000 Messungen 5.018192 Sekunden gebraucht
bei 9 cores haben 1000 Messungen 4.796176 Sekunden gebraucht
bei 1 cores haben 1000 Messungen 11.367600 Sekunden gebraucht
bei 2 cores haben 1000 Messungen 8.105551 Sekunden gebraucht
bei 3 cores haben 1000 Messungen 6.105084 Sekunden gebraucht
bei 4 cores haben 1000 Messungen 5.521503 Sekunden gebraucht
bei 5 cores haben 1000 Messungen 5.223602 Sekunden gebraucht
bei 6 cores haben 1000 Messungen 4.929036 Sekunden gebraucht
bei 7 cores haben 1000 Messungen 5.002191 Sekunden gebraucht
bei 8 cores haben 1000 Messungen 5.039778 Sekunden gebraucht
bei 9 cores haben 1000 Messungen 4.754535 Sekunden gebraucht
Laenge=500
bei 1 cores haben 1000 Messungen 23.537432 Sekunden gebraucht
bei 2 cores haben 1000 Messungen 16.626270 Sekunden gebraucht
bei 3 cores haben 1000 Messungen 12.962467 Sekunden gebraucht
bei 4 cores haben 1000 Messungen 11.296578 Sekunden gebraucht
bei 5 cores haben 1000 Messungen 10.928300 Sekunden gebraucht
bei 6 cores haben 1000 Messungen 10.751044 Sekunden gebraucht
bei 7 cores haben 1000 Messungen 10.524955 Sekunden gebraucht
bei 8 cores haben 1000 Messungen 10.751353 Sekunden gebraucht
bei 9 cores haben 1000 Messungen 9.961378 Sekunden gebraucht
bei 1 cores haben 1000 Messungen 23.530621 Sekunden gebraucht
bei 2 cores haben 1000 Messungen 16.534829 Sekunden gebraucht
bei 3 cores haben 1000 Messungen 12.770223 Sekunden gebraucht
bei 4 cores haben 1000 Messungen 11.828980 Sekunden gebraucht
bei 5 cores haben 1000 Messungen 10.762175 Sekunden gebraucht
bei 6 cores haben 1000 Messungen 10.620195 Sekunden gebraucht
bei 7 cores haben 1000 Messungen 10.577572 Sekunden gebraucht
bei 8 cores haben 1000 Messungen 10.471131 Sekunden gebraucht
bei 9 cores haben 1000 Messungen 9.942271 Sekunden gebraucht
bei 1 cores haben 1000 Messungen 23.209204 Sekunden gebraucht
bei 2 cores haben 1000 Messungen 16.639954 Sekunden gebraucht
bei 3 cores haben 1000 Messungen 13.068436 Sekunden gebraucht
bei 4 cores haben 1000 Messungen 11.379252 Sekunden gebraucht
bei 5 cores haben 1000 Messungen 10.900440 Sekunden gebraucht
bei 6 cores haben 1000 Messungen 10.472312 Sekunden gebraucht
bei 7 cores haben 1000 Messungen 10.378606 Sekunden gebraucht
bei 8 cores haben 1000 Messungen 10.609780 Sekunden gebraucht
bei 9 cores haben 1000 Messungen 9.980585 Sekunden gebraucht
bei 1 cores haben 1000 Messungen 22.898894 Sekunden gebraucht
bei 2 cores haben 1000 Messungen 16.619094 Sekunden gebraucht
bei 3 cores haben 1000 Messungen 12.769609 Sekunden gebraucht
bei 4 cores haben 1000 Messungen 11.423513 Sekunden gebraucht
bei 5 cores haben 1000 Messungen 10.848047 Sekunden gebraucht
bei 6 cores haben 1000 Messungen 10.483910 Sekunden gebraucht
bei 7 cores haben 1000 Messungen 10.468734 Sekunden gebraucht
bei 8 cores haben 1000 Messungen 10.620462 Sekunden gebraucht
bei 9 cores haben 1000 Messungen 9.878470 Sekunden gebraucht
bei 1 cores haben 1000 Messungen 23.112254 Sekunden gebraucht
bei 2 cores haben 1000 Messungen 16.717940 Sekunden gebraucht
bei 3 cores haben 1000 Messungen 12.718259 Sekunden gebraucht
bei 4 cores haben 1000 Messungen 11.236391 Sekunden gebraucht
bei 5 cores haben 1000 Messungen 11.028963 Sekunden gebraucht
bei 6 cores haben 1000 Messungen 10.615618 Sekunden gebraucht
bei 7 cores haben 1000 Messungen 10.376554 Sekunden gebraucht
bei 8 cores haben 1000 Messungen 10.498971 Sekunden gebraucht
bei 9 cores haben 1000 Messungen 10.075505 Sekunden gebraucht
bei 1 cores haben 1000 Messungen 23.101406 Sekunden gebraucht
bei 2 cores haben 1000 Messungen 17.088302 Sekunden gebraucht
bei 3 cores haben 1000 Messungen 12.802156 Sekunden gebraucht
bei 4 cores haben 1000 Messungen 11.184770 Sekunden gebraucht
bei 5 cores haben 1000 Messungen 10.903499 Sekunden gebraucht
bei 6 cores haben 1000 Messungen 10.668184 Sekunden gebraucht
bei 7 cores haben 1000 Messungen 10.499415 Sekunden gebraucht
bei 8 cores haben 1000 Messungen 10.485403 Sekunden gebraucht
bei 9 cores haben 1000 Messungen 9.923848 Sekunden gebraucht
bei 1 cores haben 1000 Messungen 23.009094 Sekunden gebraucht
bei 2 cores haben 1000 Messungen 17.174705 Sekunden gebraucht
bei 3 cores haben 1000 Messungen 13.142878 Sekunden gebraucht
bei 4 cores haben 1000 Messungen 11.222969 Sekunden gebraucht
bei 5 cores haben 1000 Messungen 10.836409 Sekunden gebraucht
bei 6 cores haben 1000 Messungen 10.371044 Sekunden gebraucht
bei 7 cores haben 1000 Messungen 10.633403 Sekunden gebraucht
bei 8 cores haben 1000 Messungen 10.602518 Sekunden gebraucht
bei 9 cores haben 1000 Messungen 9.980163 Sekunden gebraucht
bei 1 cores haben 1000 Messungen 23.801191 Sekunden gebraucht
bei 2 cores haben 1000 Messungen 16.900072 Sekunden gebraucht
bei 3 cores haben 1000 Messungen 12.998345 Sekunden gebraucht
bei 4 cores haben 1000 Messungen 11.463515 Sekunden gebraucht
bei 5 cores haben 1000 Messungen 11.002443 Sekunden gebraucht
bei 6 cores haben 1000 Messungen 10.387673 Sekunden gebraucht
bei 7 cores haben 1000 Messungen 10.549850 Sekunden gebraucht
bei 8 cores haben 1000 Messungen 10.442821 Sekunden gebraucht
bei 9 cores haben 1000 Messungen 9.929411 Sekunden gebraucht
bei 1 cores haben 1000 Messungen 22.874793 Sekunden gebraucht
bei 2 cores haben 1000 Messungen 17.047405 Sekunden gebraucht
bei 3 cores haben 1000 Messungen 12.753797 Sekunden gebraucht
bei 4 cores haben 1000 Messungen 11.373188 Sekunden gebraucht
bei 5 cores haben 1000 Messungen 10.933935 Sekunden gebraucht
bei 6 cores haben 1000 Messungen 10.529268 Sekunden gebraucht
bei 7 cores haben 1000 Messungen 10.588394 Sekunden gebraucht
bei 8 cores haben 1000 Messungen 10.554334 Sekunden gebraucht
bei 9 cores haben 1000 Messungen 9.955337 Sekunden gebraucht
bei 1 cores haben 1000 Messungen 23.065704 Sekunden gebraucht
bei 2 cores haben 1000 Messungen 17.178080 Sekunden gebraucht
bei 3 cores haben 1000 Messungen 12.920004 Sekunden gebraucht
bei 4 cores haben 1000 Messungen 11.463507 Sekunden gebraucht
bei 5 cores haben 1000 Messungen 10.904897 Sekunden gebraucht
bei 6 cores haben 1000 Messungen 10.344453 Sekunden gebraucht
bei 7 cores haben 1000 Messungen 10.502574 Sekunden gebraucht
bei 8 cores haben 1000 Messungen 10.680041 Sekunden gebraucht
bei 9 cores haben 1000 Messungen 9.922126 Sekunden gebraucht
/hiskp4/gross/bachelorarbeit
