Thu Jun  4 16:10:56 CEST 2020 Waiting for 30 seconds before starting the job to allow the node to settle down
Thu Jun  4 16:11:26 CEST 2020 Waiting done, starting task!
Thu Jun  4 16:11:26 CEST 2020 Waiting for 30 seconds before starting the job to allow the node to settle down
Thu Jun  4 16:11:56 CEST 2020 Waiting done, starting task!
Laenge=6
bei 1 cores haben 100 Messungen 0.001159 Sekunden gebraucht
bei 1 cores haben 100 Messungen 0.001180 Sekunden gebraucht
bei 1 cores haben 100 Messungen 0.001147 Sekunden gebraucht
bei 1 cores haben 100 Messungen 0.001110 Sekunden gebraucht
bei 1 cores haben 100 Messungen 0.001109 Sekunden gebraucht
bei 1 cores haben 100 Messungen 0.001211 Sekunden gebraucht
bei 1 cores haben 100 Messungen 0.001093 Sekunden gebraucht
bei 1 cores haben 100 Messungen 0.001069 Sekunden gebraucht
bei 1 cores haben 100 Messungen 0.001137 Sekunden gebraucht
bei 1 cores haben 100 Messungen 0.001084 Sekunden gebraucht
bei 2 cores haben 100 Messungen 0.001327 Sekunden gebraucht
bei 2 cores haben 100 Messungen 0.001117 Sekunden gebraucht
bei 2 cores haben 100 Messungen 0.001369 Sekunden gebraucht
bei 2 cores haben 100 Messungen 0.001358 Sekunden gebraucht
bei 2 cores haben 100 Messungen 0.001294 Sekunden gebraucht
bei 2 cores haben 100 Messungen 0.001152 Sekunden gebraucht
bei 2 cores haben 100 Messungen 0.001048 Sekunden gebraucht
bei 2 cores haben 100 Messungen 0.001070 Sekunden gebraucht
bei 2 cores haben 100 Messungen 0.001051 Sekunden gebraucht
bei 2 cores haben 100 Messungen 0.001054 Sekunden gebraucht
bei 3 cores haben 100 Messungen 0.002009 Sekunden gebraucht
bei 3 cores haben 100 Messungen 0.001965 Sekunden gebraucht
bei 3 cores haben 100 Messungen 0.001889 Sekunden gebraucht
bei 3 cores haben 100 Messungen 0.001879 Sekunden gebraucht
bei 3 cores haben 100 Messungen 0.001954 Sekunden gebraucht
bei 3 cores haben 100 Messungen 0.001945 Sekunden gebraucht
bei 3 cores haben 100 Messungen 0.001937 Sekunden gebraucht
bei 3 cores haben 100 Messungen 0.001958 Sekunden gebraucht
bei 3 cores haben 100 Messungen 0.001946 Sekunden gebraucht
bei 3 cores haben 100 Messungen 0.001941 Sekunden gebraucht
bei 4 cores haben 100 Messungen 0.002102 Sekunden gebraucht
bei 4 cores haben 100 Messungen 0.001980 Sekunden gebraucht
bei 4 cores haben 100 Messungen 0.001844 Sekunden gebraucht
bei 4 cores haben 100 Messungen 0.001852 Sekunden gebraucht
bei 4 cores haben 100 Messungen 0.001868 Sekunden gebraucht
bei 4 cores haben 100 Messungen 0.001871 Sekunden gebraucht
bei 4 cores haben 100 Messungen 0.001876 Sekunden gebraucht
bei 4 cores haben 100 Messungen 0.001861 Sekunden gebraucht
bei 4 cores haben 100 Messungen 0.001865 Sekunden gebraucht
bei 4 cores haben 100 Messungen 0.001818 Sekunden gebraucht
bei 5 cores haben 100 Messungen 0.002210 Sekunden gebraucht
bei 5 cores haben 100 Messungen 0.002033 Sekunden gebraucht
bei 5 cores haben 100 Messungen 0.001992 Sekunden gebraucht
bei 5 cores haben 100 Messungen 0.001993 Sekunden gebraucht
bei 5 cores haben 100 Messungen 0.001975 Sekunden gebraucht
bei 5 cores haben 100 Messungen 0.001993 Sekunden gebraucht
bei 5 cores haben 100 Messungen 0.001978 Sekunden gebraucht
bei 5 cores haben 100 Messungen 0.001975 Sekunden gebraucht
bei 5 cores haben 100 Messungen 0.001975 Sekunden gebraucht
bei 5 cores haben 100 Messungen 0.001994 Sekunden gebraucht
bei 6 cores haben 100 Messungen 0.002188 Sekunden gebraucht
bei 6 cores haben 100 Messungen 0.002145 Sekunden gebraucht
bei 6 cores haben 100 Messungen 0.002052 Sekunden gebraucht
bei 6 cores haben 100 Messungen 0.002002 Sekunden gebraucht
bei 6 cores haben 100 Messungen 0.002043 Sekunden gebraucht
bei 6 cores haben 100 Messungen 0.001986 Sekunden gebraucht
bei 6 cores haben 100 Messungen 0.001966 Sekunden gebraucht
bei 6 cores haben 100 Messungen 0.002040 Sekunden gebraucht
bei 6 cores haben 100 Messungen 0.002159 Sekunden gebraucht
bei 6 cores haben 100 Messungen 0.002170 Sekunden gebraucht
bei 7 cores haben 100 Messungen 0.002365 Sekunden gebraucht
bei 7 cores haben 100 Messungen 0.002244 Sekunden gebraucht
bei 7 cores haben 100 Messungen 0.002322 Sekunden gebraucht
bei 7 cores haben 100 Messungen 0.002290 Sekunden gebraucht
bei 7 cores haben 100 Messungen 0.002261 Sekunden gebraucht
bei 7 cores haben 100 Messungen 0.002252 Sekunden gebraucht
bei 7 cores haben 100 Messungen 0.002269 Sekunden gebraucht
bei 7 cores haben 100 Messungen 0.002259 Sekunden gebraucht
bei 7 cores haben 100 Messungen 0.002252 Sekunden gebraucht
bei 7 cores haben 100 Messungen 0.002248 Sekunden gebraucht
bei 8 cores haben 100 Messungen 0.002454 Sekunden gebraucht
bei 8 cores haben 100 Messungen 0.002445 Sekunden gebraucht
bei 8 cores haben 100 Messungen 0.002433 Sekunden gebraucht
bei 8 cores haben 100 Messungen 0.002348 Sekunden gebraucht
bei 8 cores haben 100 Messungen 0.002346 Sekunden gebraucht
bei 8 cores haben 100 Messungen 0.002476 Sekunden gebraucht
bei 8 cores haben 100 Messungen 0.002471 Sekunden gebraucht
bei 8 cores haben 100 Messungen 0.002401 Sekunden gebraucht
bei 8 cores haben 100 Messungen 0.002301 Sekunden gebraucht
bei 8 cores haben 100 Messungen 0.002308 Sekunden gebraucht
bei 9 cores haben 100 Messungen 0.002534 Sekunden gebraucht
bei 9 cores haben 100 Messungen 0.002535 Sekunden gebraucht
bei 9 cores haben 100 Messungen 0.002496 Sekunden gebraucht
bei 9 cores haben 100 Messungen 0.002448 Sekunden gebraucht
bei 9 cores haben 100 Messungen 0.002490 Sekunden gebraucht
bei 9 cores haben 100 Messungen 0.002527 Sekunden gebraucht
bei 9 cores haben 100 Messungen 0.002536 Sekunden gebraucht
bei 9 cores haben 100 Messungen 0.002532 Sekunden gebraucht
bei 9 cores haben 100 Messungen 0.002516 Sekunden gebraucht
bei 9 cores haben 100 Messungen 0.002468 Sekunden gebraucht
bei 10 cores haben 100 Messungen 0.002719 Sekunden gebraucht
bei 10 cores haben 100 Messungen 0.002604 Sekunden gebraucht
bei 10 cores haben 100 Messungen 0.002827 Sekunden gebraucht
bei 10 cores haben 100 Messungen 0.002643 Sekunden gebraucht
bei 10 cores haben 100 Messungen 0.002567 Sekunden gebraucht
bei 10 cores haben 100 Messungen 0.002616 Sekunden gebraucht
bei 10 cores haben 100 Messungen 0.002524 Sekunden gebraucht
bei 10 cores haben 100 Messungen 0.002513 Sekunden gebraucht
bei 10 cores haben 100 Messungen 0.002509 Sekunden gebraucht
bei 10 cores haben 100 Messungen 0.002480 Sekunden gebraucht
bei 11 cores haben 100 Messungen 0.002821 Sekunden gebraucht
bei 11 cores haben 100 Messungen 0.002693 Sekunden gebraucht
bei 11 cores haben 100 Messungen 0.002649 Sekunden gebraucht
bei 11 cores haben 100 Messungen 0.002677 Sekunden gebraucht
bei 11 cores haben 100 Messungen 0.002648 Sekunden gebraucht
bei 11 cores haben 100 Messungen 0.002583 Sekunden gebraucht
bei 11 cores haben 100 Messungen 0.002619 Sekunden gebraucht
bei 11 cores haben 100 Messungen 0.002630 Sekunden gebraucht
bei 11 cores haben 100 Messungen 0.002630 Sekunden gebraucht
bei 11 cores haben 100 Messungen 0.002617 Sekunden gebraucht
bei 12 cores haben 100 Messungen 0.002574 Sekunden gebraucht
bei 12 cores haben 100 Messungen 0.002757 Sekunden gebraucht
bei 12 cores haben 100 Messungen 0.002766 Sekunden gebraucht
bei 12 cores haben 100 Messungen 0.002706 Sekunden gebraucht
bei 12 cores haben 100 Messungen 0.002733 Sekunden gebraucht
bei 12 cores haben 100 Messungen 0.002642 Sekunden gebraucht
bei 12 cores haben 100 Messungen 0.002661 Sekunden gebraucht
bei 12 cores haben 100 Messungen 0.002637 Sekunden gebraucht
bei 12 cores haben 100 Messungen 0.002576 Sekunden gebraucht
bei 12 cores haben 100 Messungen 0.002610 Sekunden gebraucht
bei 13 cores haben 100 Messungen 0.003025 Sekunden gebraucht
bei 13 cores haben 100 Messungen 0.002951 Sekunden gebraucht
bei 13 cores haben 100 Messungen 0.002947 Sekunden gebraucht
bei 13 cores haben 100 Messungen 0.002954 Sekunden gebraucht
bei 13 cores haben 100 Messungen 0.002977 Sekunden gebraucht
bei 13 cores haben 100 Messungen 0.002979 Sekunden gebraucht
bei 13 cores haben 100 Messungen 0.002928 Sekunden gebraucht
bei 13 cores haben 100 Messungen 0.003012 Sekunden gebraucht
bei 13 cores haben 100 Messungen 0.002949 Sekunden gebraucht
bei 13 cores haben 100 Messungen 0.002821 Sekunden gebraucht
bei 14 cores haben 100 Messungen 0.002668 Sekunden gebraucht
bei 14 cores haben 100 Messungen 0.002641 Sekunden gebraucht
bei 14 cores haben 100 Messungen 0.002629 Sekunden gebraucht
bei 14 cores haben 100 Messungen 0.002615 Sekunden gebraucht
bei 14 cores haben 100 Messungen 0.002573 Sekunden gebraucht
bei 14 cores haben 100 Messungen 0.002585 Sekunden gebraucht
bei 14 cores haben 100 Messungen 0.002589 Sekunden gebraucht
bei 14 cores haben 100 Messungen 0.002624 Sekunden gebraucht
bei 14 cores haben 100 Messungen 0.002627 Sekunden gebraucht
bei 14 cores haben 100 Messungen 0.002609 Sekunden gebraucht
bei 15 cores haben 100 Messungen 0.004541 Sekunden gebraucht
bei 15 cores haben 100 Messungen 0.003165 Sekunden gebraucht
bei 15 cores haben 100 Messungen 0.003124 Sekunden gebraucht
bei 15 cores haben 100 Messungen 0.003198 Sekunden gebraucht
bei 15 cores haben 100 Messungen 0.003169 Sekunden gebraucht
bei 15 cores haben 100 Messungen 0.003146 Sekunden gebraucht
bei 15 cores haben 100 Messungen 0.003102 Sekunden gebraucht
bei 15 cores haben 100 Messungen 0.003153 Sekunden gebraucht
bei 15 cores haben 100 Messungen 0.003127 Sekunden gebraucht
bei 15 cores haben 100 Messungen 0.003147 Sekunden gebraucht
bei 16 cores haben 100 Messungen 0.034926 Sekunden gebraucht
bei 16 cores haben 100 Messungen 0.003433 Sekunden gebraucht
bei 16 cores haben 100 Messungen 0.003419 Sekunden gebraucht
bei 16 cores haben 100 Messungen 0.003376 Sekunden gebraucht
bei 16 cores haben 100 Messungen 0.003408 Sekunden gebraucht
bei 16 cores haben 100 Messungen 0.003395 Sekunden gebraucht
bei 16 cores haben 100 Messungen 0.003356 Sekunden gebraucht
bei 16 cores haben 100 Messungen 0.003400 Sekunden gebraucht
bei 16 cores haben 100 Messungen 0.003505 Sekunden gebraucht
bei 16 cores haben 100 Messungen 0.003407 Sekunden gebraucht
Laenge=10
bei 1 cores haben 100 Messungen 0.001745 Sekunden gebraucht
bei 1 cores haben 100 Messungen 0.001812 Sekunden gebraucht
bei 1 cores haben 100 Messungen 0.001738 Sekunden gebraucht
bei 1 cores haben 100 Messungen 0.001720 Sekunden gebraucht
bei 1 cores haben 100 Messungen 0.001739 Sekunden gebraucht
bei 1 cores haben 100 Messungen 0.001725 Sekunden gebraucht
bei 1 cores haben 100 Messungen 0.001703 Sekunden gebraucht
bei 1 cores haben 100 Messungen 0.001734 Sekunden gebraucht
bei 1 cores haben 100 Messungen 0.001755 Sekunden gebraucht
bei 1 cores haben 100 Messungen 0.001723 Sekunden gebraucht
bei 2 cores haben 100 Messungen 0.001568 Sekunden gebraucht
bei 2 cores haben 100 Messungen 0.001436 Sekunden gebraucht
bei 2 cores haben 100 Messungen 0.001483 Sekunden gebraucht
bei 2 cores haben 100 Messungen 0.001406 Sekunden gebraucht
bei 2 cores haben 100 Messungen 0.001492 Sekunden gebraucht
bei 2 cores haben 100 Messungen 0.001438 Sekunden gebraucht
bei 2 cores haben 100 Messungen 0.001483 Sekunden gebraucht
bei 2 cores haben 100 Messungen 0.001375 Sekunden gebraucht
bei 2 cores haben 100 Messungen 0.001453 Sekunden gebraucht
bei 2 cores haben 100 Messungen 0.001419 Sekunden gebraucht
bei 3 cores haben 100 Messungen 0.002695 Sekunden gebraucht
bei 3 cores haben 100 Messungen 0.002578 Sekunden gebraucht
bei 3 cores haben 100 Messungen 0.002759 Sekunden gebraucht
bei 3 cores haben 100 Messungen 0.002877 Sekunden gebraucht
bei 3 cores haben 100 Messungen 0.002734 Sekunden gebraucht
bei 3 cores haben 100 Messungen 0.002734 Sekunden gebraucht
bei 3 cores haben 100 Messungen 0.002494 Sekunden gebraucht
bei 3 cores haben 100 Messungen 0.002489 Sekunden gebraucht
bei 3 cores haben 100 Messungen 0.002477 Sekunden gebraucht
bei 3 cores haben 100 Messungen 0.002649 Sekunden gebraucht
bei 4 cores haben 100 Messungen 0.002480 Sekunden gebraucht
bei 4 cores haben 100 Messungen 0.002435 Sekunden gebraucht
bei 4 cores haben 100 Messungen 0.002398 Sekunden gebraucht
bei 4 cores haben 100 Messungen 0.002506 Sekunden gebraucht
bei 4 cores haben 100 Messungen 0.002291 Sekunden gebraucht
bei 4 cores haben 100 Messungen 0.002237 Sekunden gebraucht
bei 4 cores haben 100 Messungen 0.002196 Sekunden gebraucht
bei 4 cores haben 100 Messungen 0.002245 Sekunden gebraucht
bei 4 cores haben 100 Messungen 0.002228 Sekunden gebraucht
bei 4 cores haben 100 Messungen 0.002201 Sekunden gebraucht
bei 5 cores haben 100 Messungen 0.002269 Sekunden gebraucht
bei 5 cores haben 100 Messungen 0.002318 Sekunden gebraucht
bei 5 cores haben 100 Messungen 0.002519 Sekunden gebraucht
bei 5 cores haben 100 Messungen 0.002524 Sekunden gebraucht
bei 5 cores haben 100 Messungen 0.002548 Sekunden gebraucht
bei 5 cores haben 100 Messungen 0.002503 Sekunden gebraucht
bei 5 cores haben 100 Messungen 0.002400 Sekunden gebraucht
bei 5 cores haben 100 Messungen 0.002369 Sekunden gebraucht
bei 5 cores haben 100 Messungen 0.002414 Sekunden gebraucht
bei 5 cores haben 100 Messungen 0.002457 Sekunden gebraucht
bei 6 cores haben 100 Messungen 0.002359 Sekunden gebraucht
bei 6 cores haben 100 Messungen 0.002300 Sekunden gebraucht
bei 6 cores haben 100 Messungen 0.002262 Sekunden gebraucht
bei 6 cores haben 100 Messungen 0.002313 Sekunden gebraucht
bei 6 cores haben 100 Messungen 0.002387 Sekunden gebraucht
bei 6 cores haben 100 Messungen 0.002275 Sekunden gebraucht
bei 6 cores haben 100 Messungen 0.002318 Sekunden gebraucht
bei 6 cores haben 100 Messungen 0.002281 Sekunden gebraucht
bei 6 cores haben 100 Messungen 0.002274 Sekunden gebraucht
bei 6 cores haben 100 Messungen 0.002298 Sekunden gebraucht
bei 7 cores haben 100 Messungen 0.002460 Sekunden gebraucht
bei 7 cores haben 100 Messungen 0.002444 Sekunden gebraucht
bei 7 cores haben 100 Messungen 0.002414 Sekunden gebraucht
bei 7 cores haben 100 Messungen 0.002408 Sekunden gebraucht
bei 7 cores haben 100 Messungen 0.002402 Sekunden gebraucht
bei 7 cores haben 100 Messungen 0.002485 Sekunden gebraucht
bei 7 cores haben 100 Messungen 0.002437 Sekunden gebraucht
bei 7 cores haben 100 Messungen 0.002412 Sekunden gebraucht
bei 7 cores haben 100 Messungen 0.002424 Sekunden gebraucht
bei 7 cores haben 100 Messungen 0.002403 Sekunden gebraucht
bei 8 cores haben 100 Messungen 0.002609 Sekunden gebraucht
bei 8 cores haben 100 Messungen 0.002494 Sekunden gebraucht
bei 8 cores haben 100 Messungen 0.002504 Sekunden gebraucht
bei 8 cores haben 100 Messungen 0.002590 Sekunden gebraucht
bei 8 cores haben 100 Messungen 0.002512 Sekunden gebraucht
bei 8 cores haben 100 Messungen 0.005834 Sekunden gebraucht
bei 8 cores haben 100 Messungen 0.006659 Sekunden gebraucht
bei 8 cores haben 100 Messungen 0.002460 Sekunden gebraucht
bei 8 cores haben 100 Messungen 0.002504 Sekunden gebraucht
bei 8 cores haben 100 Messungen 0.002506 Sekunden gebraucht
bei 9 cores haben 100 Messungen 0.002704 Sekunden gebraucht
bei 9 cores haben 100 Messungen 0.002579 Sekunden gebraucht
bei 9 cores haben 100 Messungen 0.002610 Sekunden gebraucht
bei 9 cores haben 100 Messungen 0.002560 Sekunden gebraucht
bei 9 cores haben 100 Messungen 0.002589 Sekunden gebraucht
bei 9 cores haben 100 Messungen 0.002538 Sekunden gebraucht
bei 9 cores haben 100 Messungen 0.002584 Sekunden gebraucht
bei 9 cores haben 100 Messungen 0.002563 Sekunden gebraucht
bei 9 cores haben 100 Messungen 0.002503 Sekunden gebraucht
bei 9 cores haben 100 Messungen 0.002744 Sekunden gebraucht
bei 10 cores haben 100 Messungen 0.002847 Sekunden gebraucht
bei 10 cores haben 100 Messungen 0.002791 Sekunden gebraucht
bei 10 cores haben 100 Messungen 0.002810 Sekunden gebraucht
bei 10 cores haben 100 Messungen 0.002896 Sekunden gebraucht
bei 10 cores haben 100 Messungen 0.002852 Sekunden gebraucht
bei 10 cores haben 100 Messungen 0.002753 Sekunden gebraucht
bei 10 cores haben 100 Messungen 0.002769 Sekunden gebraucht
bei 10 cores haben 100 Messungen 0.002810 Sekunden gebraucht
bei 10 cores haben 100 Messungen 0.002774 Sekunden gebraucht
bei 10 cores haben 100 Messungen 0.002796 Sekunden gebraucht
bei 11 cores haben 100 Messungen 0.002618 Sekunden gebraucht
bei 11 cores haben 100 Messungen 0.002472 Sekunden gebraucht
bei 11 cores haben 100 Messungen 0.002558 Sekunden gebraucht
bei 11 cores haben 100 Messungen 0.002525 Sekunden gebraucht
bei 11 cores haben 100 Messungen 0.002518 Sekunden gebraucht
bei 11 cores haben 100 Messungen 0.002520 Sekunden gebraucht
bei 11 cores haben 100 Messungen 0.002535 Sekunden gebraucht
bei 11 cores haben 100 Messungen 0.002557 Sekunden gebraucht
bei 11 cores haben 100 Messungen 0.002590 Sekunden gebraucht
bei 11 cores haben 100 Messungen 0.002562 Sekunden gebraucht
bei 12 cores haben 100 Messungen 0.002768 Sekunden gebraucht
bei 12 cores haben 100 Messungen 0.002754 Sekunden gebraucht
bei 12 cores haben 100 Messungen 0.002737 Sekunden gebraucht
bei 12 cores haben 100 Messungen 0.006319 Sekunden gebraucht
bei 12 cores haben 100 Messungen 0.002721 Sekunden gebraucht
bei 12 cores haben 100 Messungen 0.002766 Sekunden gebraucht
bei 12 cores haben 100 Messungen 0.002766 Sekunden gebraucht
bei 12 cores haben 100 Messungen 0.002711 Sekunden gebraucht
bei 12 cores haben 100 Messungen 0.002752 Sekunden gebraucht
bei 12 cores haben 100 Messungen 0.002706 Sekunden gebraucht
bei 13 cores haben 100 Messungen 0.003141 Sekunden gebraucht
bei 13 cores haben 100 Messungen 0.003029 Sekunden gebraucht
bei 13 cores haben 100 Messungen 0.003122 Sekunden gebraucht
bei 13 cores haben 100 Messungen 0.003125 Sekunden gebraucht
bei 13 cores haben 100 Messungen 0.003108 Sekunden gebraucht
bei 13 cores haben 100 Messungen 0.003108 Sekunden gebraucht
bei 13 cores haben 100 Messungen 0.003103 Sekunden gebraucht
bei 13 cores haben 100 Messungen 0.003157 Sekunden gebraucht
bei 13 cores haben 100 Messungen 0.003201 Sekunden gebraucht
bei 13 cores haben 100 Messungen 0.003116 Sekunden gebraucht
bei 14 cores haben 100 Messungen 0.002821 Sekunden gebraucht
bei 14 cores haben 100 Messungen 0.002753 Sekunden gebraucht
bei 14 cores haben 100 Messungen 0.002771 Sekunden gebraucht
bei 14 cores haben 100 Messungen 0.002744 Sekunden gebraucht
bei 14 cores haben 100 Messungen 0.002773 Sekunden gebraucht
bei 14 cores haben 100 Messungen 0.002689 Sekunden gebraucht
bei 14 cores haben 100 Messungen 0.002740 Sekunden gebraucht
bei 14 cores haben 100 Messungen 0.002749 Sekunden gebraucht
bei 14 cores haben 100 Messungen 0.002750 Sekunden gebraucht
bei 14 cores haben 100 Messungen 0.002723 Sekunden gebraucht
bei 15 cores haben 100 Messungen 0.003474 Sekunden gebraucht
bei 15 cores haben 100 Messungen 0.003229 Sekunden gebraucht
bei 15 cores haben 100 Messungen 0.003268 Sekunden gebraucht
bei 15 cores haben 100 Messungen 0.003324 Sekunden gebraucht
bei 15 cores haben 100 Messungen 0.003271 Sekunden gebraucht
bei 15 cores haben 100 Messungen 0.003285 Sekunden gebraucht
bei 15 cores haben 100 Messungen 0.003302 Sekunden gebraucht
bei 15 cores haben 100 Messungen 0.003344 Sekunden gebraucht
bei 15 cores haben 100 Messungen 0.003328 Sekunden gebraucht
bei 15 cores haben 100 Messungen 0.003310 Sekunden gebraucht
bei 16 cores haben 100 Messungen 0.003735 Sekunden gebraucht
bei 16 cores haben 100 Messungen 0.003568 Sekunden gebraucht
bei 16 cores haben 100 Messungen 0.003553 Sekunden gebraucht
bei 16 cores haben 100 Messungen 0.003528 Sekunden gebraucht
bei 16 cores haben 100 Messungen 0.003560 Sekunden gebraucht
bei 16 cores haben 100 Messungen 0.003596 Sekunden gebraucht
bei 16 cores haben 100 Messungen 0.003558 Sekunden gebraucht
bei 16 cores haben 100 Messungen 0.003543 Sekunden gebraucht
bei 16 cores haben 100 Messungen 0.003576 Sekunden gebraucht
bei 16 cores haben 100 Messungen 0.003513 Sekunden gebraucht
Laenge=20
bei 1 cores haben 100 Messungen 0.005675 Sekunden gebraucht
bei 1 cores haben 100 Messungen 0.005693 Sekunden gebraucht
bei 1 cores haben 100 Messungen 0.005563 Sekunden gebraucht
bei 1 cores haben 100 Messungen 0.005647 Sekunden gebraucht
bei 1 cores haben 100 Messungen 0.006895 Sekunden gebraucht
bei 1 cores haben 100 Messungen 0.006430 Sekunden gebraucht
bei 1 cores haben 100 Messungen 0.006195 Sekunden gebraucht
bei 1 cores haben 100 Messungen 0.006088 Sekunden gebraucht
bei 1 cores haben 100 Messungen 0.005792 Sekunden gebraucht
bei 1 cores haben 100 Messungen 0.005788 Sekunden gebraucht
bei 2 cores haben 100 Messungen 0.008362 Sekunden gebraucht
bei 2 cores haben 100 Messungen 0.007506 Sekunden gebraucht
bei 2 cores haben 100 Messungen 0.006810 Sekunden gebraucht
bei 2 cores haben 100 Messungen 0.006478 Sekunden gebraucht
bei 2 cores haben 100 Messungen 0.006166 Sekunden gebraucht
bei 2 cores haben 100 Messungen 0.005970 Sekunden gebraucht
bei 2 cores haben 100 Messungen 0.005698 Sekunden gebraucht
bei 2 cores haben 100 Messungen 0.005674 Sekunden gebraucht
bei 2 cores haben 100 Messungen 0.005472 Sekunden gebraucht
bei 2 cores haben 100 Messungen 0.005382 Sekunden gebraucht
bei 3 cores haben 100 Messungen 0.009526 Sekunden gebraucht
bei 3 cores haben 100 Messungen 0.008942 Sekunden gebraucht
bei 3 cores haben 100 Messungen 0.008434 Sekunden gebraucht
bei 3 cores haben 100 Messungen 0.008230 Sekunden gebraucht
bei 3 cores haben 100 Messungen 0.008027 Sekunden gebraucht
bei 3 cores haben 100 Messungen 0.008046 Sekunden gebraucht
bei 3 cores haben 100 Messungen 0.007690 Sekunden gebraucht
bei 3 cores haben 100 Messungen 0.008074 Sekunden gebraucht
bei 3 cores haben 100 Messungen 0.007907 Sekunden gebraucht
bei 3 cores haben 100 Messungen 0.007721 Sekunden gebraucht
bei 4 cores haben 100 Messungen 0.006812 Sekunden gebraucht
bei 4 cores haben 100 Messungen 0.006561 Sekunden gebraucht
bei 4 cores haben 100 Messungen 0.006124 Sekunden gebraucht
bei 4 cores haben 100 Messungen 0.006059 Sekunden gebraucht
bei 4 cores haben 100 Messungen 0.006248 Sekunden gebraucht
bei 4 cores haben 100 Messungen 0.006187 Sekunden gebraucht
bei 4 cores haben 100 Messungen 0.006190 Sekunden gebraucht
bei 4 cores haben 100 Messungen 0.006181 Sekunden gebraucht
bei 4 cores haben 100 Messungen 0.006142 Sekunden gebraucht
bei 4 cores haben 100 Messungen 0.006131 Sekunden gebraucht
bei 5 cores haben 100 Messungen 0.005648 Sekunden gebraucht
bei 5 cores haben 100 Messungen 0.005610 Sekunden gebraucht
bei 5 cores haben 100 Messungen 0.005593 Sekunden gebraucht
bei 5 cores haben 100 Messungen 0.005643 Sekunden gebraucht
bei 5 cores haben 100 Messungen 0.005769 Sekunden gebraucht
bei 5 cores haben 100 Messungen 0.005808 Sekunden gebraucht
bei 5 cores haben 100 Messungen 0.005969 Sekunden gebraucht
bei 5 cores haben 100 Messungen 0.005941 Sekunden gebraucht
bei 5 cores haben 100 Messungen 0.005965 Sekunden gebraucht
bei 5 cores haben 100 Messungen 0.005889 Sekunden gebraucht
bei 6 cores haben 100 Messungen 0.005559 Sekunden gebraucht
bei 6 cores haben 100 Messungen 0.005778 Sekunden gebraucht
bei 6 cores haben 100 Messungen 0.005666 Sekunden gebraucht
bei 6 cores haben 100 Messungen 0.005523 Sekunden gebraucht
bei 6 cores haben 100 Messungen 0.005352 Sekunden gebraucht
bei 6 cores haben 100 Messungen 0.005343 Sekunden gebraucht
bei 6 cores haben 100 Messungen 0.005387 Sekunden gebraucht
bei 6 cores haben 100 Messungen 0.005408 Sekunden gebraucht
bei 6 cores haben 100 Messungen 0.005379 Sekunden gebraucht
bei 6 cores haben 100 Messungen 0.005441 Sekunden gebraucht
bei 7 cores haben 100 Messungen 0.005787 Sekunden gebraucht
bei 7 cores haben 100 Messungen 0.005759 Sekunden gebraucht
bei 7 cores haben 100 Messungen 0.005656 Sekunden gebraucht
bei 7 cores haben 100 Messungen 0.005574 Sekunden gebraucht
bei 7 cores haben 100 Messungen 0.005549 Sekunden gebraucht
bei 7 cores haben 100 Messungen 0.005472 Sekunden gebraucht
bei 7 cores haben 100 Messungen 0.005516 Sekunden gebraucht
bei 7 cores haben 100 Messungen 0.005568 Sekunden gebraucht
bei 7 cores haben 100 Messungen 0.005632 Sekunden gebraucht
bei 7 cores haben 100 Messungen 0.005513 Sekunden gebraucht
bei 8 cores haben 100 Messungen 0.005592 Sekunden gebraucht
bei 8 cores haben 100 Messungen 0.005518 Sekunden gebraucht
bei 8 cores haben 100 Messungen 0.005570 Sekunden gebraucht
bei 8 cores haben 100 Messungen 0.005567 Sekunden gebraucht
bei 8 cores haben 100 Messungen 0.005605 Sekunden gebraucht
bei 8 cores haben 100 Messungen 0.005530 Sekunden gebraucht
bei 8 cores haben 100 Messungen 0.005614 Sekunden gebraucht
bei 8 cores haben 100 Messungen 0.005539 Sekunden gebraucht
bei 8 cores haben 100 Messungen 0.005742 Sekunden gebraucht
bei 8 cores haben 100 Messungen 0.005587 Sekunden gebraucht
bei 9 cores haben 100 Messungen 0.005462 Sekunden gebraucht
bei 9 cores haben 100 Messungen 0.008016 Sekunden gebraucht
bei 9 cores haben 100 Messungen 0.005398 Sekunden gebraucht
bei 9 cores haben 100 Messungen 0.005498 Sekunden gebraucht
bei 9 cores haben 100 Messungen 0.005571 Sekunden gebraucht
bei 9 cores haben 100 Messungen 0.005519 Sekunden gebraucht
bei 9 cores haben 100 Messungen 0.005278 Sekunden gebraucht
bei 9 cores haben 100 Messungen 0.005405 Sekunden gebraucht
bei 9 cores haben 100 Messungen 0.005433 Sekunden gebraucht
bei 9 cores haben 100 Messungen 0.005370 Sekunden gebraucht
bei 10 cores haben 100 Messungen 0.009545 Sekunden gebraucht
bei 10 cores haben 100 Messungen 0.005587 Sekunden gebraucht
bei 10 cores haben 100 Messungen 0.005336 Sekunden gebraucht
bei 10 cores haben 100 Messungen 0.005277 Sekunden gebraucht
bei 10 cores haben 100 Messungen 0.005324 Sekunden gebraucht
bei 10 cores haben 100 Messungen 0.005358 Sekunden gebraucht
bei 10 cores haben 100 Messungen 0.005214 Sekunden gebraucht
bei 10 cores haben 100 Messungen 0.005275 Sekunden gebraucht
bei 10 cores haben 100 Messungen 0.005401 Sekunden gebraucht
bei 10 cores haben 100 Messungen 0.005380 Sekunden gebraucht
bei 11 cores haben 100 Messungen 0.005493 Sekunden gebraucht
bei 11 cores haben 100 Messungen 0.005327 Sekunden gebraucht
bei 11 cores haben 100 Messungen 0.005265 Sekunden gebraucht
bei 11 cores haben 100 Messungen 0.005361 Sekunden gebraucht
bei 11 cores haben 100 Messungen 0.005291 Sekunden gebraucht
bei 11 cores haben 100 Messungen 0.009417 Sekunden gebraucht
bei 11 cores haben 100 Messungen 0.005509 Sekunden gebraucht
bei 11 cores haben 100 Messungen 0.005414 Sekunden gebraucht
bei 11 cores haben 100 Messungen 0.005521 Sekunden gebraucht
bei 11 cores haben 100 Messungen 0.005591 Sekunden gebraucht
bei 12 cores haben 100 Messungen 0.005849 Sekunden gebraucht
bei 12 cores haben 100 Messungen 0.005731 Sekunden gebraucht
bei 12 cores haben 100 Messungen 0.005611 Sekunden gebraucht
bei 12 cores haben 100 Messungen 0.005547 Sekunden gebraucht
bei 12 cores haben 100 Messungen 0.005591 Sekunden gebraucht
bei 12 cores haben 100 Messungen 0.005583 Sekunden gebraucht
bei 12 cores haben 100 Messungen 0.005608 Sekunden gebraucht
bei 12 cores haben 100 Messungen 0.005508 Sekunden gebraucht
bei 12 cores haben 100 Messungen 0.005682 Sekunden gebraucht
bei 12 cores haben 100 Messungen 0.005563 Sekunden gebraucht
bei 13 cores haben 100 Messungen 0.005591 Sekunden gebraucht
bei 13 cores haben 100 Messungen 0.005508 Sekunden gebraucht
bei 13 cores haben 100 Messungen 0.005612 Sekunden gebraucht
bei 13 cores haben 100 Messungen 0.005598 Sekunden gebraucht
bei 13 cores haben 100 Messungen 0.005486 Sekunden gebraucht
bei 13 cores haben 100 Messungen 0.005633 Sekunden gebraucht
bei 13 cores haben 100 Messungen 0.009696 Sekunden gebraucht
bei 13 cores haben 100 Messungen 0.005554 Sekunden gebraucht
bei 13 cores haben 100 Messungen 0.005895 Sekunden gebraucht
bei 13 cores haben 100 Messungen 0.005692 Sekunden gebraucht
bei 14 cores haben 100 Messungen 0.005665 Sekunden gebraucht
bei 14 cores haben 100 Messungen 0.005560 Sekunden gebraucht
bei 14 cores haben 100 Messungen 0.005522 Sekunden gebraucht
bei 14 cores haben 100 Messungen 0.005479 Sekunden gebraucht
bei 14 cores haben 100 Messungen 0.005468 Sekunden gebraucht
bei 14 cores haben 100 Messungen 0.005579 Sekunden gebraucht
bei 14 cores haben 100 Messungen 0.005450 Sekunden gebraucht
bei 14 cores haben 100 Messungen 0.005523 Sekunden gebraucht
bei 14 cores haben 100 Messungen 0.005460 Sekunden gebraucht
bei 14 cores haben 100 Messungen 0.005398 Sekunden gebraucht
bei 15 cores haben 100 Messungen 0.005818 Sekunden gebraucht
bei 15 cores haben 100 Messungen 0.005824 Sekunden gebraucht
bei 15 cores haben 100 Messungen 0.005854 Sekunden gebraucht
bei 15 cores haben 100 Messungen 0.005942 Sekunden gebraucht
bei 15 cores haben 100 Messungen 0.005883 Sekunden gebraucht
bei 15 cores haben 100 Messungen 0.005848 Sekunden gebraucht
bei 15 cores haben 100 Messungen 0.005922 Sekunden gebraucht
bei 15 cores haben 100 Messungen 0.005877 Sekunden gebraucht
bei 15 cores haben 100 Messungen 0.005834 Sekunden gebraucht
bei 15 cores haben 100 Messungen 0.005901 Sekunden gebraucht
bei 16 cores haben 100 Messungen 0.021085 Sekunden gebraucht
bei 16 cores haben 100 Messungen 0.005656 Sekunden gebraucht
bei 16 cores haben 100 Messungen 0.005629 Sekunden gebraucht
bei 16 cores haben 100 Messungen 0.005765 Sekunden gebraucht
bei 16 cores haben 100 Messungen 0.005727 Sekunden gebraucht
bei 16 cores haben 100 Messungen 0.005824 Sekunden gebraucht
bei 16 cores haben 100 Messungen 0.005754 Sekunden gebraucht
bei 16 cores haben 100 Messungen 0.005744 Sekunden gebraucht
bei 16 cores haben 100 Messungen 0.005842 Sekunden gebraucht
bei 16 cores haben 100 Messungen 0.005797 Sekunden gebraucht
Laenge=36
bei 1 cores haben 100 Messungen 0.017231 Sekunden gebraucht
bei 1 cores haben 100 Messungen 0.016231 Sekunden gebraucht
bei 1 cores haben 100 Messungen 0.032134 Sekunden gebraucht
bei 1 cores haben 100 Messungen 0.032457 Sekunden gebraucht
bei 1 cores haben 100 Messungen 0.030712 Sekunden gebraucht
bei 1 cores haben 100 Messungen 0.026090 Sekunden gebraucht
bei 1 cores haben 100 Messungen 0.022927 Sekunden gebraucht
bei 1 cores haben 100 Messungen 0.021161 Sekunden gebraucht
bei 1 cores haben 100 Messungen 0.030717 Sekunden gebraucht
bei 1 cores haben 100 Messungen 0.026282 Sekunden gebraucht
bei 2 cores haben 100 Messungen 0.019982 Sekunden gebraucht
bei 2 cores haben 100 Messungen 0.016901 Sekunden gebraucht
bei 2 cores haben 100 Messungen 0.015440 Sekunden gebraucht
bei 2 cores haben 100 Messungen 0.014468 Sekunden gebraucht
bei 2 cores haben 100 Messungen 0.013689 Sekunden gebraucht
bei 2 cores haben 100 Messungen 0.012922 Sekunden gebraucht
bei 2 cores haben 100 Messungen 0.025995 Sekunden gebraucht
bei 2 cores haben 100 Messungen 0.011448 Sekunden gebraucht
bei 2 cores haben 100 Messungen 0.011116 Sekunden gebraucht
bei 2 cores haben 100 Messungen 0.010885 Sekunden gebraucht
bei 3 cores haben 100 Messungen 0.020817 Sekunden gebraucht
bei 3 cores haben 100 Messungen 0.021825 Sekunden gebraucht
bei 3 cores haben 100 Messungen 0.019513 Sekunden gebraucht
bei 3 cores haben 100 Messungen 0.019658 Sekunden gebraucht
bei 3 cores haben 100 Messungen 0.021924 Sekunden gebraucht
bei 3 cores haben 100 Messungen 0.019434 Sekunden gebraucht
bei 3 cores haben 100 Messungen 0.023520 Sekunden gebraucht
bei 3 cores haben 100 Messungen 0.019597 Sekunden gebraucht
bei 3 cores haben 100 Messungen 0.019469 Sekunden gebraucht
bei 3 cores haben 100 Messungen 0.019334 Sekunden gebraucht
bei 4 cores haben 100 Messungen 0.017993 Sekunden gebraucht
bei 4 cores haben 100 Messungen 0.021297 Sekunden gebraucht
bei 4 cores haben 100 Messungen 0.017990 Sekunden gebraucht
bei 4 cores haben 100 Messungen 0.018291 Sekunden gebraucht
bei 4 cores haben 100 Messungen 0.021926 Sekunden gebraucht
bei 4 cores haben 100 Messungen 0.017942 Sekunden gebraucht
bei 4 cores haben 100 Messungen 0.017980 Sekunden gebraucht
bei 4 cores haben 100 Messungen 0.017938 Sekunden gebraucht
bei 4 cores haben 100 Messungen 0.018057 Sekunden gebraucht
bei 4 cores haben 100 Messungen 0.016209 Sekunden gebraucht
bei 5 cores haben 100 Messungen 0.020815 Sekunden gebraucht
bei 5 cores haben 100 Messungen 0.015891 Sekunden gebraucht
bei 5 cores haben 100 Messungen 0.015998 Sekunden gebraucht
bei 5 cores haben 100 Messungen 0.015923 Sekunden gebraucht
bei 5 cores haben 100 Messungen 0.015889 Sekunden gebraucht
bei 5 cores haben 100 Messungen 0.015864 Sekunden gebraucht
bei 5 cores haben 100 Messungen 0.015334 Sekunden gebraucht
bei 5 cores haben 100 Messungen 0.014859 Sekunden gebraucht
bei 5 cores haben 100 Messungen 0.014642 Sekunden gebraucht
bei 5 cores haben 100 Messungen 0.014696 Sekunden gebraucht
bei 6 cores haben 100 Messungen 0.014084 Sekunden gebraucht
bei 6 cores haben 100 Messungen 0.014213 Sekunden gebraucht
bei 6 cores haben 100 Messungen 0.013898 Sekunden gebraucht
bei 6 cores haben 100 Messungen 0.013868 Sekunden gebraucht
bei 6 cores haben 100 Messungen 0.014230 Sekunden gebraucht
bei 6 cores haben 100 Messungen 0.014534 Sekunden gebraucht
bei 6 cores haben 100 Messungen 0.014469 Sekunden gebraucht
bei 6 cores haben 100 Messungen 0.014443 Sekunden gebraucht
bei 6 cores haben 100 Messungen 0.014179 Sekunden gebraucht
bei 6 cores haben 100 Messungen 0.014274 Sekunden gebraucht
bei 7 cores haben 100 Messungen 0.014459 Sekunden gebraucht
bei 7 cores haben 100 Messungen 0.014193 Sekunden gebraucht
bei 7 cores haben 100 Messungen 0.014225 Sekunden gebraucht
bei 7 cores haben 100 Messungen 0.014140 Sekunden gebraucht
bei 7 cores haben 100 Messungen 0.014339 Sekunden gebraucht
bei 7 cores haben 100 Messungen 0.014848 Sekunden gebraucht
bei 7 cores haben 100 Messungen 0.014285 Sekunden gebraucht
bei 7 cores haben 100 Messungen 0.014204 Sekunden gebraucht
bei 7 cores haben 100 Messungen 0.013976 Sekunden gebraucht
bei 7 cores haben 100 Messungen 0.014557 Sekunden gebraucht
bei 8 cores haben 100 Messungen 0.014373 Sekunden gebraucht
bei 8 cores haben 100 Messungen 0.014213 Sekunden gebraucht
bei 8 cores haben 100 Messungen 0.014136 Sekunden gebraucht
bei 8 cores haben 100 Messungen 0.014402 Sekunden gebraucht
bei 8 cores haben 100 Messungen 0.014434 Sekunden gebraucht
bei 8 cores haben 100 Messungen 0.014201 Sekunden gebraucht
bei 8 cores haben 100 Messungen 0.014336 Sekunden gebraucht
bei 8 cores haben 100 Messungen 0.014212 Sekunden gebraucht
bei 8 cores haben 100 Messungen 0.014194 Sekunden gebraucht
bei 8 cores haben 100 Messungen 0.014375 Sekunden gebraucht
bei 9 cores haben 100 Messungen 0.013642 Sekunden gebraucht
bei 9 cores haben 100 Messungen 0.013192 Sekunden gebraucht
bei 9 cores haben 100 Messungen 0.013244 Sekunden gebraucht
bei 9 cores haben 100 Messungen 0.013633 Sekunden gebraucht
bei 9 cores haben 100 Messungen 0.013518 Sekunden gebraucht
bei 9 cores haben 100 Messungen 0.013614 Sekunden gebraucht
bei 9 cores haben 100 Messungen 0.013582 Sekunden gebraucht
bei 9 cores haben 100 Messungen 0.013913 Sekunden gebraucht
bei 9 cores haben 100 Messungen 0.014167 Sekunden gebraucht
bei 9 cores haben 100 Messungen 0.017456 Sekunden gebraucht
bei 10 cores haben 100 Messungen 0.014012 Sekunden gebraucht
bei 10 cores haben 100 Messungen 0.018007 Sekunden gebraucht
bei 10 cores haben 100 Messungen 0.014028 Sekunden gebraucht
bei 10 cores haben 100 Messungen 0.014013 Sekunden gebraucht
bei 10 cores haben 100 Messungen 0.013906 Sekunden gebraucht
bei 10 cores haben 100 Messungen 0.013986 Sekunden gebraucht
bei 10 cores haben 100 Messungen 0.013740 Sekunden gebraucht
bei 10 cores haben 100 Messungen 0.013873 Sekunden gebraucht
bei 10 cores haben 100 Messungen 0.014027 Sekunden gebraucht
bei 10 cores haben 100 Messungen 0.014134 Sekunden gebraucht
bei 11 cores haben 100 Messungen 0.013827 Sekunden gebraucht
bei 11 cores haben 100 Messungen 0.013653 Sekunden gebraucht
bei 11 cores haben 100 Messungen 0.013388 Sekunden gebraucht
bei 11 cores haben 100 Messungen 0.013402 Sekunden gebraucht
bei 11 cores haben 100 Messungen 0.013425 Sekunden gebraucht
bei 11 cores haben 100 Messungen 0.013422 Sekunden gebraucht
bei 11 cores haben 100 Messungen 0.013286 Sekunden gebraucht
bei 11 cores haben 100 Messungen 0.013298 Sekunden gebraucht
bei 11 cores haben 100 Messungen 0.013474 Sekunden gebraucht
bei 11 cores haben 100 Messungen 0.013754 Sekunden gebraucht
bei 12 cores haben 100 Messungen 0.013541 Sekunden gebraucht
bei 12 cores haben 100 Messungen 0.013557 Sekunden gebraucht
bei 12 cores haben 100 Messungen 0.013823 Sekunden gebraucht
bei 12 cores haben 100 Messungen 0.013442 Sekunden gebraucht
bei 12 cores haben 100 Messungen 0.013421 Sekunden gebraucht
bei 12 cores haben 100 Messungen 0.013363 Sekunden gebraucht
bei 12 cores haben 100 Messungen 0.013493 Sekunden gebraucht
bei 12 cores haben 100 Messungen 0.013610 Sekunden gebraucht
bei 12 cores haben 100 Messungen 0.013275 Sekunden gebraucht
bei 12 cores haben 100 Messungen 0.013511 Sekunden gebraucht
bei 13 cores haben 100 Messungen 0.013636 Sekunden gebraucht
bei 13 cores haben 100 Messungen 0.013542 Sekunden gebraucht
bei 13 cores haben 100 Messungen 0.013603 Sekunden gebraucht
bei 13 cores haben 100 Messungen 0.013214 Sekunden gebraucht
bei 13 cores haben 100 Messungen 0.013405 Sekunden gebraucht
bei 13 cores haben 100 Messungen 0.013437 Sekunden gebraucht
bei 13 cores haben 100 Messungen 0.013622 Sekunden gebraucht
bei 13 cores haben 100 Messungen 0.013736 Sekunden gebraucht
bei 13 cores haben 100 Messungen 0.013427 Sekunden gebraucht
bei 13 cores haben 100 Messungen 0.013434 Sekunden gebraucht
bei 14 cores haben 100 Messungen 0.013208 Sekunden gebraucht
bei 14 cores haben 100 Messungen 0.013224 Sekunden gebraucht
bei 14 cores haben 100 Messungen 0.013228 Sekunden gebraucht
bei 14 cores haben 100 Messungen 0.013223 Sekunden gebraucht
bei 14 cores haben 100 Messungen 0.012967 Sekunden gebraucht
bei 14 cores haben 100 Messungen 0.013133 Sekunden gebraucht
bei 14 cores haben 100 Messungen 0.013210 Sekunden gebraucht
bei 14 cores haben 100 Messungen 0.013469 Sekunden gebraucht
bei 14 cores haben 100 Messungen 0.013515 Sekunden gebraucht
bei 14 cores haben 100 Messungen 0.013443 Sekunden gebraucht
bei 15 cores haben 100 Messungen 0.013688 Sekunden gebraucht
bei 15 cores haben 100 Messungen 0.013596 Sekunden gebraucht
bei 15 cores haben 100 Messungen 0.013348 Sekunden gebraucht
bei 15 cores haben 100 Messungen 0.013447 Sekunden gebraucht
bei 15 cores haben 100 Messungen 0.013577 Sekunden gebraucht
bei 15 cores haben 100 Messungen 0.013646 Sekunden gebraucht
bei 15 cores haben 100 Messungen 0.013702 Sekunden gebraucht
bei 15 cores haben 100 Messungen 0.013597 Sekunden gebraucht
bei 15 cores haben 100 Messungen 0.013480 Sekunden gebraucht
bei 15 cores haben 100 Messungen 0.017442 Sekunden gebraucht
bei 16 cores haben 100 Messungen 0.014444 Sekunden gebraucht
bei 16 cores haben 100 Messungen 0.017395 Sekunden gebraucht
bei 16 cores haben 100 Messungen 0.013718 Sekunden gebraucht
bei 16 cores haben 100 Messungen 0.019627 Sekunden gebraucht
bei 16 cores haben 100 Messungen 0.013617 Sekunden gebraucht
bei 16 cores haben 100 Messungen 0.016924 Sekunden gebraucht
bei 16 cores haben 100 Messungen 0.013690 Sekunden gebraucht
bei 16 cores haben 100 Messungen 0.017628 Sekunden gebraucht
bei 16 cores haben 100 Messungen 0.013689 Sekunden gebraucht
bei 16 cores haben 100 Messungen 0.013761 Sekunden gebraucht
Laenge=50
bei 1 cores haben 100 Messungen 0.031266 Sekunden gebraucht
bei 1 cores haben 100 Messungen 0.056682 Sekunden gebraucht
bei 1 cores haben 100 Messungen 0.043960 Sekunden gebraucht
bei 1 cores haben 100 Messungen 0.037014 Sekunden gebraucht
bei 1 cores haben 100 Messungen 0.033080 Sekunden gebraucht
bei 1 cores haben 100 Messungen 0.031202 Sekunden gebraucht
bei 1 cores haben 100 Messungen 0.029302 Sekunden gebraucht
bei 1 cores haben 100 Messungen 0.056995 Sekunden gebraucht
bei 1 cores haben 100 Messungen 0.043627 Sekunden gebraucht
bei 1 cores haben 100 Messungen 0.038374 Sekunden gebraucht
bei 2 cores haben 100 Messungen 0.022259 Sekunden gebraucht
bei 2 cores haben 100 Messungen 0.022162 Sekunden gebraucht
bei 2 cores haben 100 Messungen 0.020976 Sekunden gebraucht
bei 2 cores haben 100 Messungen 0.041603 Sekunden gebraucht
bei 2 cores haben 100 Messungen 0.019755 Sekunden gebraucht
bei 2 cores haben 100 Messungen 0.019588 Sekunden gebraucht
bei 2 cores haben 100 Messungen 0.019712 Sekunden gebraucht
bei 2 cores haben 100 Messungen 0.048710 Sekunden gebraucht
bei 2 cores haben 100 Messungen 0.046524 Sekunden gebraucht
bei 2 cores haben 100 Messungen 0.019619 Sekunden gebraucht
bei 3 cores haben 100 Messungen 0.043177 Sekunden gebraucht
bei 3 cores haben 100 Messungen 0.039045 Sekunden gebraucht
bei 3 cores haben 100 Messungen 0.035411 Sekunden gebraucht
bei 3 cores haben 100 Messungen 0.034625 Sekunden gebraucht
bei 3 cores haben 100 Messungen 0.033215 Sekunden gebraucht
bei 3 cores haben 100 Messungen 0.035978 Sekunden gebraucht
bei 3 cores haben 100 Messungen 0.032225 Sekunden gebraucht
bei 3 cores haben 100 Messungen 0.036264 Sekunden gebraucht
bei 3 cores haben 100 Messungen 0.032734 Sekunden gebraucht
bei 3 cores haben 100 Messungen 0.032938 Sekunden gebraucht
bei 4 cores haben 100 Messungen 0.026218 Sekunden gebraucht
bei 4 cores haben 100 Messungen 0.025289 Sekunden gebraucht
bei 4 cores haben 100 Messungen 0.025559 Sekunden gebraucht
bei 4 cores haben 100 Messungen 0.028226 Sekunden gebraucht
bei 4 cores haben 100 Messungen 0.021138 Sekunden gebraucht
bei 4 cores haben 100 Messungen 0.014628 Sekunden gebraucht
bei 4 cores haben 100 Messungen 0.014510 Sekunden gebraucht
bei 4 cores haben 100 Messungen 0.014501 Sekunden gebraucht
bei 4 cores haben 100 Messungen 0.018701 Sekunden gebraucht
bei 4 cores haben 100 Messungen 0.026875 Sekunden gebraucht
bei 5 cores haben 100 Messungen 0.022976 Sekunden gebraucht
bei 5 cores haben 100 Messungen 0.031083 Sekunden gebraucht
bei 5 cores haben 100 Messungen 0.029139 Sekunden gebraucht
bei 5 cores haben 100 Messungen 0.030045 Sekunden gebraucht
bei 5 cores haben 100 Messungen 0.030834 Sekunden gebraucht
bei 5 cores haben 100 Messungen 0.028729 Sekunden gebraucht
bei 5 cores haben 100 Messungen 0.026577 Sekunden gebraucht
bei 5 cores haben 100 Messungen 0.026697 Sekunden gebraucht
bei 5 cores haben 100 Messungen 0.026769 Sekunden gebraucht
bei 5 cores haben 100 Messungen 0.026940 Sekunden gebraucht
bei 6 cores haben 100 Messungen 0.025072 Sekunden gebraucht
bei 6 cores haben 100 Messungen 0.024686 Sekunden gebraucht
bei 6 cores haben 100 Messungen 0.024865 Sekunden gebraucht
bei 6 cores haben 100 Messungen 0.026250 Sekunden gebraucht
bei 6 cores haben 100 Messungen 0.025158 Sekunden gebraucht
bei 6 cores haben 100 Messungen 0.024729 Sekunden gebraucht
bei 6 cores haben 100 Messungen 0.024984 Sekunden gebraucht
bei 6 cores haben 100 Messungen 0.026488 Sekunden gebraucht
bei 6 cores haben 100 Messungen 0.027916 Sekunden gebraucht
bei 6 cores haben 100 Messungen 0.025207 Sekunden gebraucht
bei 7 cores haben 100 Messungen 0.029437 Sekunden gebraucht
bei 7 cores haben 100 Messungen 0.029089 Sekunden gebraucht
bei 7 cores haben 100 Messungen 0.025065 Sekunden gebraucht
bei 7 cores haben 100 Messungen 0.024385 Sekunden gebraucht
bei 7 cores haben 100 Messungen 0.015252 Sekunden gebraucht
bei 7 cores haben 100 Messungen 0.012108 Sekunden gebraucht
bei 7 cores haben 100 Messungen 0.011943 Sekunden gebraucht
bei 7 cores haben 100 Messungen 0.011918 Sekunden gebraucht
bei 7 cores haben 100 Messungen 0.011818 Sekunden gebraucht
bei 7 cores haben 100 Messungen 0.011905 Sekunden gebraucht
bei 8 cores haben 100 Messungen 0.023500 Sekunden gebraucht
bei 8 cores haben 100 Messungen 0.018207 Sekunden gebraucht
bei 8 cores haben 100 Messungen 0.017843 Sekunden gebraucht
bei 8 cores haben 100 Messungen 0.017968 Sekunden gebraucht
bei 8 cores haben 100 Messungen 0.017784 Sekunden gebraucht
bei 8 cores haben 100 Messungen 0.020518 Sekunden gebraucht
bei 8 cores haben 100 Messungen 0.021425 Sekunden gebraucht
bei 8 cores haben 100 Messungen 0.021686 Sekunden gebraucht
bei 8 cores haben 100 Messungen 0.021764 Sekunden gebraucht
bei 8 cores haben 100 Messungen 0.021497 Sekunden gebraucht
bei 9 cores haben 100 Messungen 0.022430 Sekunden gebraucht
bei 9 cores haben 100 Messungen 0.022546 Sekunden gebraucht
bei 9 cores haben 100 Messungen 0.021785 Sekunden gebraucht
bei 9 cores haben 100 Messungen 0.026764 Sekunden gebraucht
bei 9 cores haben 100 Messungen 0.023140 Sekunden gebraucht
bei 9 cores haben 100 Messungen 0.023638 Sekunden gebraucht
bei 9 cores haben 100 Messungen 0.023700 Sekunden gebraucht
bei 9 cores haben 100 Messungen 0.023597 Sekunden gebraucht
bei 9 cores haben 100 Messungen 0.023351 Sekunden gebraucht
bei 9 cores haben 100 Messungen 0.024056 Sekunden gebraucht
bei 10 cores haben 100 Messungen 0.023713 Sekunden gebraucht
bei 10 cores haben 100 Messungen 0.023514 Sekunden gebraucht
bei 10 cores haben 100 Messungen 0.024063 Sekunden gebraucht
bei 10 cores haben 100 Messungen 0.024240 Sekunden gebraucht
bei 10 cores haben 100 Messungen 0.023620 Sekunden gebraucht
bei 10 cores haben 100 Messungen 0.023437 Sekunden gebraucht
bei 10 cores haben 100 Messungen 0.023586 Sekunden gebraucht
bei 10 cores haben 100 Messungen 0.023405 Sekunden gebraucht
bei 10 cores haben 100 Messungen 0.023665 Sekunden gebraucht
bei 10 cores haben 100 Messungen 0.023548 Sekunden gebraucht
bei 11 cores haben 100 Messungen 0.023332 Sekunden gebraucht
bei 11 cores haben 100 Messungen 0.023045 Sekunden gebraucht
bei 11 cores haben 100 Messungen 0.022823 Sekunden gebraucht
bei 11 cores haben 100 Messungen 0.026225 Sekunden gebraucht
bei 11 cores haben 100 Messungen 0.022359 Sekunden gebraucht
bei 11 cores haben 100 Messungen 0.025825 Sekunden gebraucht
bei 11 cores haben 100 Messungen 0.023353 Sekunden gebraucht
bei 11 cores haben 100 Messungen 0.027313 Sekunden gebraucht
bei 11 cores haben 100 Messungen 0.023015 Sekunden gebraucht
bei 11 cores haben 100 Messungen 0.022838 Sekunden gebraucht
bei 12 cores haben 100 Messungen 0.026726 Sekunden gebraucht
bei 12 cores haben 100 Messungen 0.023542 Sekunden gebraucht
bei 12 cores haben 100 Messungen 0.023022 Sekunden gebraucht
bei 12 cores haben 100 Messungen 0.022928 Sekunden gebraucht
bei 12 cores haben 100 Messungen 0.023160 Sekunden gebraucht
bei 12 cores haben 100 Messungen 0.023152 Sekunden gebraucht
bei 12 cores haben 100 Messungen 0.023793 Sekunden gebraucht
bei 12 cores haben 100 Messungen 0.023459 Sekunden gebraucht
bei 12 cores haben 100 Messungen 0.023090 Sekunden gebraucht
bei 12 cores haben 100 Messungen 0.023686 Sekunden gebraucht
bei 13 cores haben 100 Messungen 0.023375 Sekunden gebraucht
bei 13 cores haben 100 Messungen 0.023000 Sekunden gebraucht
bei 13 cores haben 100 Messungen 0.023008 Sekunden gebraucht
bei 13 cores haben 100 Messungen 0.022871 Sekunden gebraucht
bei 13 cores haben 100 Messungen 0.023287 Sekunden gebraucht
bei 13 cores haben 100 Messungen 0.023351 Sekunden gebraucht
bei 13 cores haben 100 Messungen 0.023027 Sekunden gebraucht
bei 13 cores haben 100 Messungen 0.023205 Sekunden gebraucht
bei 13 cores haben 100 Messungen 0.022824 Sekunden gebraucht
bei 13 cores haben 100 Messungen 0.022898 Sekunden gebraucht
bei 14 cores haben 100 Messungen 0.022972 Sekunden gebraucht
bei 14 cores haben 100 Messungen 0.022719 Sekunden gebraucht
bei 14 cores haben 100 Messungen 0.022869 Sekunden gebraucht
bei 14 cores haben 100 Messungen 0.023415 Sekunden gebraucht
bei 14 cores haben 100 Messungen 0.023603 Sekunden gebraucht
bei 14 cores haben 100 Messungen 0.023388 Sekunden gebraucht
bei 14 cores haben 100 Messungen 0.023485 Sekunden gebraucht
bei 14 cores haben 100 Messungen 0.023610 Sekunden gebraucht
bei 14 cores haben 100 Messungen 0.023528 Sekunden gebraucht
bei 14 cores haben 100 Messungen 0.023460 Sekunden gebraucht
bei 15 cores haben 100 Messungen 0.023501 Sekunden gebraucht
bei 15 cores haben 100 Messungen 0.023488 Sekunden gebraucht
bei 15 cores haben 100 Messungen 0.023670 Sekunden gebraucht
bei 15 cores haben 100 Messungen 0.023411 Sekunden gebraucht
bei 15 cores haben 100 Messungen 0.027122 Sekunden gebraucht
bei 15 cores haben 100 Messungen 0.023433 Sekunden gebraucht
bei 15 cores haben 100 Messungen 0.023550 Sekunden gebraucht
bei 15 cores haben 100 Messungen 0.030240 Sekunden gebraucht
bei 15 cores haben 100 Messungen 0.027419 Sekunden gebraucht
bei 15 cores haben 100 Messungen 0.026622 Sekunden gebraucht
bei 16 cores haben 100 Messungen 0.023712 Sekunden gebraucht
bei 16 cores haben 100 Messungen 0.023366 Sekunden gebraucht
bei 16 cores haben 100 Messungen 0.025641 Sekunden gebraucht
bei 16 cores haben 100 Messungen 0.023575 Sekunden gebraucht
bei 16 cores haben 100 Messungen 0.023475 Sekunden gebraucht
bei 16 cores haben 100 Messungen 0.023133 Sekunden gebraucht
bei 16 cores haben 100 Messungen 0.023499 Sekunden gebraucht
bei 16 cores haben 100 Messungen 0.023389 Sekunden gebraucht
bei 16 cores haben 100 Messungen 0.023472 Sekunden gebraucht
bei 16 cores haben 100 Messungen 0.023247 Sekunden gebraucht
Laenge=100
bei 1 cores haben 100 Messungen 0.118327 Sekunden gebraucht
bei 1 cores haben 100 Messungen 0.170132 Sekunden gebraucht
bei 1 cores haben 100 Messungen 0.170852 Sekunden gebraucht
bei 1 cores haben 100 Messungen 0.114981 Sekunden gebraucht
bei 1 cores haben 100 Messungen 0.113056 Sekunden gebraucht
bei 1 cores haben 100 Messungen 0.115250 Sekunden gebraucht
bei 1 cores haben 100 Messungen 0.115248 Sekunden gebraucht
bei 1 cores haben 100 Messungen 0.113986 Sekunden gebraucht
bei 1 cores haben 100 Messungen 0.169330 Sekunden gebraucht
bei 1 cores haben 100 Messungen 0.114850 Sekunden gebraucht
bei 2 cores haben 100 Messungen 0.120508 Sekunden gebraucht
bei 2 cores haben 100 Messungen 0.177760 Sekunden gebraucht
bei 2 cores haben 100 Messungen 0.175507 Sekunden gebraucht
bei 2 cores haben 100 Messungen 0.175272 Sekunden gebraucht
bei 2 cores haben 100 Messungen 0.149188 Sekunden gebraucht
bei 2 cores haben 100 Messungen 0.147433 Sekunden gebraucht
bei 2 cores haben 100 Messungen 0.158569 Sekunden gebraucht
bei 2 cores haben 100 Messungen 0.147538 Sekunden gebraucht
bei 2 cores haben 100 Messungen 0.147680 Sekunden gebraucht
bei 2 cores haben 100 Messungen 0.145341 Sekunden gebraucht
bei 3 cores haben 100 Messungen 0.105169 Sekunden gebraucht
bei 3 cores haben 100 Messungen 0.103804 Sekunden gebraucht
bei 3 cores haben 100 Messungen 0.103463 Sekunden gebraucht
bei 3 cores haben 100 Messungen 0.099885 Sekunden gebraucht
bei 3 cores haben 100 Messungen 0.099168 Sekunden gebraucht
bei 3 cores haben 100 Messungen 0.101146 Sekunden gebraucht
bei 3 cores haben 100 Messungen 0.098940 Sekunden gebraucht
bei 3 cores haben 100 Messungen 0.105929 Sekunden gebraucht
bei 3 cores haben 100 Messungen 0.098748 Sekunden gebraucht
bei 3 cores haben 100 Messungen 0.105265 Sekunden gebraucht
bei 4 cores haben 100 Messungen 0.088099 Sekunden gebraucht
bei 4 cores haben 100 Messungen 0.094233 Sekunden gebraucht
bei 4 cores haben 100 Messungen 0.091222 Sekunden gebraucht
bei 4 cores haben 100 Messungen 0.088177 Sekunden gebraucht
bei 4 cores haben 100 Messungen 0.102696 Sekunden gebraucht
bei 4 cores haben 100 Messungen 0.097603 Sekunden gebraucht
bei 4 cores haben 100 Messungen 0.095088 Sekunden gebraucht
bei 4 cores haben 100 Messungen 0.101144 Sekunden gebraucht
bei 4 cores haben 100 Messungen 0.106464 Sekunden gebraucht
bei 4 cores haben 100 Messungen 0.094213 Sekunden gebraucht
bei 5 cores haben 100 Messungen 0.052606 Sekunden gebraucht
bei 5 cores haben 100 Messungen 0.058191 Sekunden gebraucht
bei 5 cores haben 100 Messungen 0.084196 Sekunden gebraucht
bei 5 cores haben 100 Messungen 0.097099 Sekunden gebraucht
bei 5 cores haben 100 Messungen 0.097909 Sekunden gebraucht
bei 5 cores haben 100 Messungen 0.097641 Sekunden gebraucht
bei 5 cores haben 100 Messungen 0.095102 Sekunden gebraucht
bei 5 cores haben 100 Messungen 0.089762 Sekunden gebraucht
bei 5 cores haben 100 Messungen 0.075555 Sekunden gebraucht
bei 5 cores haben 100 Messungen 0.074901 Sekunden gebraucht
bei 6 cores haben 100 Messungen 0.102403 Sekunden gebraucht
bei 6 cores haben 100 Messungen 0.095466 Sekunden gebraucht
bei 6 cores haben 100 Messungen 0.100603 Sekunden gebraucht
bei 6 cores haben 100 Messungen 0.049779 Sekunden gebraucht
bei 6 cores haben 100 Messungen 0.046884 Sekunden gebraucht
bei 6 cores haben 100 Messungen 0.071465 Sekunden gebraucht
bei 6 cores haben 100 Messungen 0.084083 Sekunden gebraucht
bei 6 cores haben 100 Messungen 0.095639 Sekunden gebraucht
bei 6 cores haben 100 Messungen 0.093189 Sekunden gebraucht
bei 6 cores haben 100 Messungen 0.092478 Sekunden gebraucht
bei 7 cores haben 100 Messungen 0.101882 Sekunden gebraucht
bei 7 cores haben 100 Messungen 0.067641 Sekunden gebraucht
bei 7 cores haben 100 Messungen 0.071216 Sekunden gebraucht
bei 7 cores haben 100 Messungen 0.082710 Sekunden gebraucht
bei 7 cores haben 100 Messungen 0.087892 Sekunden gebraucht
bei 7 cores haben 100 Messungen 0.087078 Sekunden gebraucht
bei 7 cores haben 100 Messungen 0.090084 Sekunden gebraucht
bei 7 cores haben 100 Messungen 0.089823 Sekunden gebraucht
bei 7 cores haben 100 Messungen 0.087358 Sekunden gebraucht
bei 7 cores haben 100 Messungen 0.087434 Sekunden gebraucht
bei 8 cores haben 100 Messungen 0.047258 Sekunden gebraucht
bei 8 cores haben 100 Messungen 0.044764 Sekunden gebraucht
bei 8 cores haben 100 Messungen 0.065491 Sekunden gebraucht
bei 8 cores haben 100 Messungen 0.074619 Sekunden gebraucht
bei 8 cores haben 100 Messungen 0.093058 Sekunden gebraucht
bei 8 cores haben 100 Messungen 0.093069 Sekunden gebraucht
bei 8 cores haben 100 Messungen 0.087699 Sekunden gebraucht
bei 8 cores haben 100 Messungen 0.086892 Sekunden gebraucht
bei 8 cores haben 100 Messungen 0.090843 Sekunden gebraucht
bei 8 cores haben 100 Messungen 0.091283 Sekunden gebraucht
bei 9 cores haben 100 Messungen 0.087915 Sekunden gebraucht
bei 9 cores haben 100 Messungen 0.090046 Sekunden gebraucht
bei 9 cores haben 100 Messungen 0.088576 Sekunden gebraucht
bei 9 cores haben 100 Messungen 0.088723 Sekunden gebraucht
bei 9 cores haben 100 Messungen 0.085979 Sekunden gebraucht
bei 9 cores haben 100 Messungen 0.091342 Sekunden gebraucht
bei 9 cores haben 100 Messungen 0.091559 Sekunden gebraucht
bei 9 cores haben 100 Messungen 0.085251 Sekunden gebraucht
bei 9 cores haben 100 Messungen 0.084994 Sekunden gebraucht
bei 9 cores haben 100 Messungen 0.086220 Sekunden gebraucht
bei 10 cores haben 100 Messungen 0.093650 Sekunden gebraucht
bei 10 cores haben 100 Messungen 0.084734 Sekunden gebraucht
bei 10 cores haben 100 Messungen 0.086694 Sekunden gebraucht
bei 10 cores haben 100 Messungen 0.088689 Sekunden gebraucht
bei 10 cores haben 100 Messungen 0.088338 Sekunden gebraucht
bei 10 cores haben 100 Messungen 0.088362 Sekunden gebraucht
bei 10 cores haben 100 Messungen 0.096940 Sekunden gebraucht
bei 10 cores haben 100 Messungen 0.100862 Sekunden gebraucht
bei 10 cores haben 100 Messungen 0.089177 Sekunden gebraucht
bei 10 cores haben 100 Messungen 0.086569 Sekunden gebraucht
bei 11 cores haben 100 Messungen 0.089218 Sekunden gebraucht
bei 11 cores haben 100 Messungen 0.085658 Sekunden gebraucht
bei 11 cores haben 100 Messungen 0.087299 Sekunden gebraucht
bei 11 cores haben 100 Messungen 0.087401 Sekunden gebraucht
bei 11 cores haben 100 Messungen 0.085469 Sekunden gebraucht
bei 11 cores haben 100 Messungen 0.087264 Sekunden gebraucht
bei 11 cores haben 100 Messungen 0.082187 Sekunden gebraucht
bei 11 cores haben 100 Messungen 0.090559 Sekunden gebraucht
bei 11 cores haben 100 Messungen 0.088214 Sekunden gebraucht
bei 11 cores haben 100 Messungen 0.088012 Sekunden gebraucht
bei 12 cores haben 100 Messungen 0.117003 Sekunden gebraucht
bei 12 cores haben 100 Messungen 0.086670 Sekunden gebraucht
bei 12 cores haben 100 Messungen 0.084961 Sekunden gebraucht
bei 12 cores haben 100 Messungen 0.087746 Sekunden gebraucht
bei 12 cores haben 100 Messungen 0.086610 Sekunden gebraucht
bei 12 cores haben 100 Messungen 0.085142 Sekunden gebraucht
bei 12 cores haben 100 Messungen 0.086550 Sekunden gebraucht
bei 12 cores haben 100 Messungen 0.092610 Sekunden gebraucht
bei 12 cores haben 100 Messungen 0.092440 Sekunden gebraucht
bei 12 cores haben 100 Messungen 0.092096 Sekunden gebraucht
bei 13 cores haben 100 Messungen 0.088910 Sekunden gebraucht
bei 13 cores haben 100 Messungen 0.088619 Sekunden gebraucht
bei 13 cores haben 100 Messungen 0.086189 Sekunden gebraucht
bei 13 cores haben 100 Messungen 0.085381 Sekunden gebraucht
bei 13 cores haben 100 Messungen 0.087384 Sekunden gebraucht
bei 13 cores haben 100 Messungen 0.085784 Sekunden gebraucht
bei 13 cores haben 100 Messungen 0.087100 Sekunden gebraucht
bei 13 cores haben 100 Messungen 0.085016 Sekunden gebraucht
bei 13 cores haben 100 Messungen 0.085306 Sekunden gebraucht
bei 13 cores haben 100 Messungen 0.087556 Sekunden gebraucht
bei 14 cores haben 100 Messungen 0.226891 Sekunden gebraucht
bei 14 cores haben 100 Messungen 0.088904 Sekunden gebraucht
bei 14 cores haben 100 Messungen 0.084960 Sekunden gebraucht
bei 14 cores haben 100 Messungen 0.085803 Sekunden gebraucht
bei 14 cores haben 100 Messungen 0.086688 Sekunden gebraucht
bei 14 cores haben 100 Messungen 0.088348 Sekunden gebraucht
bei 14 cores haben 100 Messungen 0.084629 Sekunden gebraucht
bei 14 cores haben 100 Messungen 0.086461 Sekunden gebraucht
bei 14 cores haben 100 Messungen 0.095898 Sekunden gebraucht
bei 14 cores haben 100 Messungen 0.094320 Sekunden gebraucht
bei 15 cores haben 100 Messungen 0.113117 Sekunden gebraucht
bei 15 cores haben 100 Messungen 0.089619 Sekunden gebraucht
bei 15 cores haben 100 Messungen 0.086365 Sekunden gebraucht
bei 15 cores haben 100 Messungen 0.086785 Sekunden gebraucht
bei 15 cores haben 100 Messungen 0.086422 Sekunden gebraucht
bei 15 cores haben 100 Messungen 0.085547 Sekunden gebraucht
bei 15 cores haben 100 Messungen 0.085144 Sekunden gebraucht
bei 15 cores haben 100 Messungen 0.085196 Sekunden gebraucht
bei 15 cores haben 100 Messungen 0.085672 Sekunden gebraucht
bei 15 cores haben 100 Messungen 0.089342 Sekunden gebraucht
bei 16 cores haben 100 Messungen 0.095882 Sekunden gebraucht
bei 16 cores haben 100 Messungen 0.089308 Sekunden gebraucht
bei 16 cores haben 100 Messungen 0.086554 Sekunden gebraucht
bei 16 cores haben 100 Messungen 0.086488 Sekunden gebraucht
bei 16 cores haben 100 Messungen 0.086303 Sekunden gebraucht
bei 16 cores haben 100 Messungen 0.086377 Sekunden gebraucht
bei 16 cores haben 100 Messungen 0.086459 Sekunden gebraucht
bei 16 cores haben 100 Messungen 0.086235 Sekunden gebraucht
bei 16 cores haben 100 Messungen 0.086496 Sekunden gebraucht
bei 16 cores haben 100 Messungen 0.087452 Sekunden gebraucht
Laenge=200
bei 1 cores haben 100 Messungen 0.453601 Sekunden gebraucht
bei 1 cores haben 100 Messungen 0.504095 Sekunden gebraucht
bei 1 cores haben 100 Messungen 0.509644 Sekunden gebraucht
bei 1 cores haben 100 Messungen 0.450302 Sekunden gebraucht
bei 1 cores haben 100 Messungen 0.449927 Sekunden gebraucht
bei 1 cores haben 100 Messungen 0.450136 Sekunden gebraucht
bei 1 cores haben 100 Messungen 0.453878 Sekunden gebraucht
bei 1 cores haben 100 Messungen 0.450220 Sekunden gebraucht
bei 1 cores haben 100 Messungen 0.450052 Sekunden gebraucht
bei 1 cores haben 100 Messungen 0.450253 Sekunden gebraucht
bei 2 cores haben 100 Messungen 0.455166 Sekunden gebraucht
bei 2 cores haben 100 Messungen 0.507737 Sekunden gebraucht
bei 2 cores haben 100 Messungen 0.463470 Sekunden gebraucht
bei 2 cores haben 100 Messungen 0.463665 Sekunden gebraucht
bei 2 cores haben 100 Messungen 0.499299 Sekunden gebraucht
bei 2 cores haben 100 Messungen 0.478439 Sekunden gebraucht
bei 2 cores haben 100 Messungen 0.462641 Sekunden gebraucht
bei 2 cores haben 100 Messungen 0.537380 Sekunden gebraucht
bei 2 cores haben 100 Messungen 0.514608 Sekunden gebraucht
bei 2 cores haben 100 Messungen 0.468051 Sekunden gebraucht
bei 3 cores haben 100 Messungen 0.379845 Sekunden gebraucht
bei 3 cores haben 100 Messungen 0.380152 Sekunden gebraucht
bei 3 cores haben 100 Messungen 0.377752 Sekunden gebraucht
bei 3 cores haben 100 Messungen 0.377656 Sekunden gebraucht
bei 3 cores haben 100 Messungen 0.382431 Sekunden gebraucht
bei 3 cores haben 100 Messungen 0.369919 Sekunden gebraucht
bei 3 cores haben 100 Messungen 0.377976 Sekunden gebraucht
bei 3 cores haben 100 Messungen 0.380693 Sekunden gebraucht
bei 3 cores haben 100 Messungen 0.420376 Sekunden gebraucht
bei 3 cores haben 100 Messungen 0.399704 Sekunden gebraucht
bei 4 cores haben 100 Messungen 0.332119 Sekunden gebraucht
bei 4 cores haben 100 Messungen 0.344819 Sekunden gebraucht
bei 4 cores haben 100 Messungen 0.363722 Sekunden gebraucht
bei 4 cores haben 100 Messungen 0.331329 Sekunden gebraucht
bei 4 cores haben 100 Messungen 0.352275 Sekunden gebraucht
bei 4 cores haben 100 Messungen 0.352356 Sekunden gebraucht
bei 4 cores haben 100 Messungen 0.355472 Sekunden gebraucht
bei 4 cores haben 100 Messungen 0.350970 Sekunden gebraucht
bei 4 cores haben 100 Messungen 0.343954 Sekunden gebraucht
bei 4 cores haben 100 Messungen 0.342861 Sekunden gebraucht
bei 5 cores haben 100 Messungen 0.330592 Sekunden gebraucht
bei 5 cores haben 100 Messungen 0.347099 Sekunden gebraucht
bei 5 cores haben 100 Messungen 0.360699 Sekunden gebraucht
bei 5 cores haben 100 Messungen 0.335729 Sekunden gebraucht
bei 5 cores haben 100 Messungen 0.327401 Sekunden gebraucht
bei 5 cores haben 100 Messungen 0.344438 Sekunden gebraucht
bei 5 cores haben 100 Messungen 0.373216 Sekunden gebraucht
bei 5 cores haben 100 Messungen 0.263545 Sekunden gebraucht
bei 5 cores haben 100 Messungen 0.339123 Sekunden gebraucht
bei 5 cores haben 100 Messungen 0.332585 Sekunden gebraucht
bei 6 cores haben 100 Messungen 0.317815 Sekunden gebraucht
bei 6 cores haben 100 Messungen 0.332389 Sekunden gebraucht
bei 6 cores haben 100 Messungen 0.334398 Sekunden gebraucht
bei 6 cores haben 100 Messungen 0.337818 Sekunden gebraucht
bei 6 cores haben 100 Messungen 0.367263 Sekunden gebraucht
bei 6 cores haben 100 Messungen 0.339384 Sekunden gebraucht
bei 6 cores haben 100 Messungen 0.352049 Sekunden gebraucht
bei 6 cores haben 100 Messungen 0.327699 Sekunden gebraucht
bei 6 cores haben 100 Messungen 0.345633 Sekunden gebraucht
bei 6 cores haben 100 Messungen 0.332253 Sekunden gebraucht
bei 7 cores haben 100 Messungen 0.327915 Sekunden gebraucht
bei 7 cores haben 100 Messungen 0.336303 Sekunden gebraucht
bei 7 cores haben 100 Messungen 0.332078 Sekunden gebraucht
bei 7 cores haben 100 Messungen 0.348950 Sekunden gebraucht
bei 7 cores haben 100 Messungen 0.345039 Sekunden gebraucht
bei 7 cores haben 100 Messungen 0.334548 Sekunden gebraucht
bei 7 cores haben 100 Messungen 0.331298 Sekunden gebraucht
bei 7 cores haben 100 Messungen 0.371828 Sekunden gebraucht
bei 7 cores haben 100 Messungen 0.332138 Sekunden gebraucht
bei 7 cores haben 100 Messungen 0.357856 Sekunden gebraucht
bei 8 cores haben 100 Messungen 0.338125 Sekunden gebraucht
bei 8 cores haben 100 Messungen 0.332902 Sekunden gebraucht
bei 8 cores haben 100 Messungen 0.339418 Sekunden gebraucht
bei 8 cores haben 100 Messungen 0.341177 Sekunden gebraucht
bei 8 cores haben 100 Messungen 0.336709 Sekunden gebraucht
bei 8 cores haben 100 Messungen 0.345505 Sekunden gebraucht
bei 8 cores haben 100 Messungen 0.338697 Sekunden gebraucht
bei 8 cores haben 100 Messungen 0.331990 Sekunden gebraucht
bei 8 cores haben 100 Messungen 0.358429 Sekunden gebraucht
bei 8 cores haben 100 Messungen 0.338584 Sekunden gebraucht
bei 9 cores haben 100 Messungen 0.325705 Sekunden gebraucht
bei 9 cores haben 100 Messungen 0.344376 Sekunden gebraucht
bei 9 cores haben 100 Messungen 0.412453 Sekunden gebraucht
bei 9 cores haben 100 Messungen 0.342041 Sekunden gebraucht
bei 9 cores haben 100 Messungen 0.333873 Sekunden gebraucht
bei 9 cores haben 100 Messungen 0.333736 Sekunden gebraucht
bei 9 cores haben 100 Messungen 0.334213 Sekunden gebraucht
bei 9 cores haben 100 Messungen 0.334338 Sekunden gebraucht
bei 9 cores haben 100 Messungen 0.413255 Sekunden gebraucht
bei 9 cores haben 100 Messungen 0.325571 Sekunden gebraucht
bei 10 cores haben 100 Messungen 0.389484 Sekunden gebraucht
bei 10 cores haben 100 Messungen 0.332005 Sekunden gebraucht
bei 10 cores haben 100 Messungen 0.335719 Sekunden gebraucht
bei 10 cores haben 100 Messungen 0.355738 Sekunden gebraucht
bei 10 cores haben 100 Messungen 0.361693 Sekunden gebraucht
bei 10 cores haben 100 Messungen 0.329036 Sekunden gebraucht
bei 10 cores haben 100 Messungen 0.340142 Sekunden gebraucht
bei 10 cores haben 100 Messungen 0.333702 Sekunden gebraucht
bei 10 cores haben 100 Messungen 0.353599 Sekunden gebraucht
bei 10 cores haben 100 Messungen 0.372316 Sekunden gebraucht
bei 11 cores haben 100 Messungen 0.343154 Sekunden gebraucht
bei 11 cores haben 100 Messungen 0.342600 Sekunden gebraucht
bei 11 cores haben 100 Messungen 0.359229 Sekunden gebraucht
bei 11 cores haben 100 Messungen 0.344503 Sekunden gebraucht
bei 11 cores haben 100 Messungen 0.342463 Sekunden gebraucht
bei 11 cores haben 100 Messungen 0.340583 Sekunden gebraucht
bei 11 cores haben 100 Messungen 0.332779 Sekunden gebraucht
bei 11 cores haben 100 Messungen 0.352098 Sekunden gebraucht
bei 11 cores haben 100 Messungen 0.333131 Sekunden gebraucht
bei 11 cores haben 100 Messungen 0.355791 Sekunden gebraucht
bei 12 cores haben 100 Messungen 0.345192 Sekunden gebraucht
bei 12 cores haben 100 Messungen 0.328764 Sekunden gebraucht
bei 12 cores haben 100 Messungen 0.337000 Sekunden gebraucht
bei 12 cores haben 100 Messungen 0.346906 Sekunden gebraucht
bei 12 cores haben 100 Messungen 0.328970 Sekunden gebraucht
bei 12 cores haben 100 Messungen 0.328456 Sekunden gebraucht
bei 12 cores haben 100 Messungen 0.346508 Sekunden gebraucht
bei 12 cores haben 100 Messungen 0.329741 Sekunden gebraucht
bei 12 cores haben 100 Messungen 0.334538 Sekunden gebraucht
bei 12 cores haben 100 Messungen 0.340216 Sekunden gebraucht
bei 13 cores haben 100 Messungen 0.339138 Sekunden gebraucht
bei 13 cores haben 100 Messungen 0.329558 Sekunden gebraucht
bei 13 cores haben 100 Messungen 0.342655 Sekunden gebraucht
bei 13 cores haben 100 Messungen 0.353114 Sekunden gebraucht
bei 13 cores haben 100 Messungen 0.343169 Sekunden gebraucht
bei 13 cores haben 100 Messungen 0.358104 Sekunden gebraucht
bei 13 cores haben 100 Messungen 0.342095 Sekunden gebraucht
bei 13 cores haben 100 Messungen 0.337656 Sekunden gebraucht
bei 13 cores haben 100 Messungen 0.352470 Sekunden gebraucht
bei 13 cores haben 100 Messungen 0.330368 Sekunden gebraucht
bei 14 cores haben 100 Messungen 0.345104 Sekunden gebraucht
bei 14 cores haben 100 Messungen 0.354492 Sekunden gebraucht
bei 14 cores haben 100 Messungen 0.598034 Sekunden gebraucht
bei 14 cores haben 100 Messungen 0.345739 Sekunden gebraucht
bei 14 cores haben 100 Messungen 0.330845 Sekunden gebraucht
bei 14 cores haben 100 Messungen 0.333279 Sekunden gebraucht
bei 14 cores haben 100 Messungen 0.350844 Sekunden gebraucht
bei 14 cores haben 100 Messungen 0.328073 Sekunden gebraucht
bei 14 cores haben 100 Messungen 0.344402 Sekunden gebraucht
bei 14 cores haben 100 Messungen 0.351445 Sekunden gebraucht
bei 15 cores haben 100 Messungen 0.339548 Sekunden gebraucht
bei 15 cores haben 100 Messungen 0.365506 Sekunden gebraucht
bei 15 cores haben 100 Messungen 0.342269 Sekunden gebraucht
bei 15 cores haben 100 Messungen 0.332025 Sekunden gebraucht
bei 15 cores haben 100 Messungen 0.336610 Sekunden gebraucht
bei 15 cores haben 100 Messungen 0.344386 Sekunden gebraucht
bei 15 cores haben 100 Messungen 0.333922 Sekunden gebraucht
bei 15 cores haben 100 Messungen 0.340722 Sekunden gebraucht
bei 15 cores haben 100 Messungen 0.338998 Sekunden gebraucht
bei 15 cores haben 100 Messungen 0.338747 Sekunden gebraucht
bei 16 cores haben 100 Messungen 0.351694 Sekunden gebraucht
bei 16 cores haben 100 Messungen 0.338715 Sekunden gebraucht
bei 16 cores haben 100 Messungen 0.334315 Sekunden gebraucht
bei 16 cores haben 100 Messungen 0.344509 Sekunden gebraucht
bei 16 cores haben 100 Messungen 0.333546 Sekunden gebraucht
bei 16 cores haben 100 Messungen 0.346119 Sekunden gebraucht
bei 16 cores haben 100 Messungen 0.369625 Sekunden gebraucht
bei 16 cores haben 100 Messungen 0.339445 Sekunden gebraucht
bei 16 cores haben 100 Messungen 0.346524 Sekunden gebraucht
bei 16 cores haben 100 Messungen 0.348817 Sekunden gebraucht
Laenge=350
bei 1 cores haben 100 Messungen 1.496257 Sekunden gebraucht
bei 1 cores haben 100 Messungen 1.434529 Sekunden gebraucht
bei 1 cores haben 100 Messungen 1.376900 Sekunden gebraucht
bei 1 cores haben 100 Messungen 1.372396 Sekunden gebraucht
bei 1 cores haben 100 Messungen 1.376426 Sekunden gebraucht
bei 1 cores haben 100 Messungen 1.376633 Sekunden gebraucht
bei 1 cores haben 100 Messungen 1.373012 Sekunden gebraucht
bei 1 cores haben 100 Messungen 1.376895 Sekunden gebraucht
bei 1 cores haben 100 Messungen 1.613114 Sekunden gebraucht
bei 1 cores haben 100 Messungen 1.624335 Sekunden gebraucht
bei 2 cores haben 100 Messungen 1.638432 Sekunden gebraucht
bei 2 cores haben 100 Messungen 1.616251 Sekunden gebraucht
bei 2 cores haben 100 Messungen 1.528578 Sekunden gebraucht
bei 2 cores haben 100 Messungen 1.466551 Sekunden gebraucht
bei 2 cores haben 100 Messungen 1.534330 Sekunden gebraucht
bei 2 cores haben 100 Messungen 1.534986 Sekunden gebraucht
bei 2 cores haben 100 Messungen 1.432944 Sekunden gebraucht
bei 2 cores haben 100 Messungen 1.523789 Sekunden gebraucht
bei 2 cores haben 100 Messungen 1.480478 Sekunden gebraucht
bei 2 cores haben 100 Messungen 1.435555 Sekunden gebraucht
bei 3 cores haben 100 Messungen 1.184516 Sekunden gebraucht
bei 3 cores haben 100 Messungen 1.167248 Sekunden gebraucht
bei 3 cores haben 100 Messungen 1.090196 Sekunden gebraucht
bei 3 cores haben 100 Messungen 1.122348 Sekunden gebraucht
bei 3 cores haben 100 Messungen 1.142563 Sekunden gebraucht
bei 3 cores haben 100 Messungen 1.138893 Sekunden gebraucht
bei 3 cores haben 100 Messungen 1.138787 Sekunden gebraucht
bei 3 cores haben 100 Messungen 1.181755 Sekunden gebraucht
bei 3 cores haben 100 Messungen 1.271293 Sekunden gebraucht
bei 3 cores haben 100 Messungen 1.227144 Sekunden gebraucht
bei 4 cores haben 100 Messungen 1.080542 Sekunden gebraucht
bei 4 cores haben 100 Messungen 1.016435 Sekunden gebraucht
bei 4 cores haben 100 Messungen 1.092143 Sekunden gebraucht
bei 4 cores haben 100 Messungen 1.028787 Sekunden gebraucht
bei 4 cores haben 100 Messungen 0.997808 Sekunden gebraucht
bei 4 cores haben 100 Messungen 1.037421 Sekunden gebraucht
bei 4 cores haben 100 Messungen 1.004943 Sekunden gebraucht
bei 4 cores haben 100 Messungen 1.044285 Sekunden gebraucht
bei 4 cores haben 100 Messungen 0.997914 Sekunden gebraucht
bei 4 cores haben 100 Messungen 1.105858 Sekunden gebraucht
bei 5 cores haben 100 Messungen 1.130617 Sekunden gebraucht
bei 5 cores haben 100 Messungen 1.119183 Sekunden gebraucht
bei 5 cores haben 100 Messungen 1.085268 Sekunden gebraucht
bei 5 cores haben 100 Messungen 1.007213 Sekunden gebraucht
bei 5 cores haben 100 Messungen 1.011521 Sekunden gebraucht
bei 5 cores haben 100 Messungen 1.053873 Sekunden gebraucht
bei 5 cores haben 100 Messungen 1.005287 Sekunden gebraucht
bei 5 cores haben 100 Messungen 1.006494 Sekunden gebraucht
bei 5 cores haben 100 Messungen 1.002006 Sekunden gebraucht
bei 5 cores haben 100 Messungen 1.121769 Sekunden gebraucht
bei 6 cores haben 100 Messungen 1.088400 Sekunden gebraucht
bei 6 cores haben 100 Messungen 0.981868 Sekunden gebraucht
bei 6 cores haben 100 Messungen 1.005753 Sekunden gebraucht
bei 6 cores haben 100 Messungen 1.038334 Sekunden gebraucht
bei 6 cores haben 100 Messungen 1.032203 Sekunden gebraucht
bei 6 cores haben 100 Messungen 0.995482 Sekunden gebraucht
bei 6 cores haben 100 Messungen 1.011962 Sekunden gebraucht
bei 6 cores haben 100 Messungen 1.065622 Sekunden gebraucht
bei 6 cores haben 100 Messungen 1.098501 Sekunden gebraucht
bei 6 cores haben 100 Messungen 1.033790 Sekunden gebraucht
bei 7 cores haben 100 Messungen 1.012404 Sekunden gebraucht
bei 7 cores haben 100 Messungen 1.041865 Sekunden gebraucht
bei 7 cores haben 100 Messungen 1.070796 Sekunden gebraucht
bei 7 cores haben 100 Messungen 1.091741 Sekunden gebraucht
bei 7 cores haben 100 Messungen 1.017606 Sekunden gebraucht
bei 7 cores haben 100 Messungen 1.019471 Sekunden gebraucht
bei 7 cores haben 100 Messungen 0.985311 Sekunden gebraucht
bei 7 cores haben 100 Messungen 1.048673 Sekunden gebraucht
bei 7 cores haben 100 Messungen 1.060289 Sekunden gebraucht
bei 7 cores haben 100 Messungen 1.018657 Sekunden gebraucht
bei 8 cores haben 100 Messungen 1.000421 Sekunden gebraucht
bei 8 cores haben 100 Messungen 1.032402 Sekunden gebraucht
bei 8 cores haben 100 Messungen 1.062229 Sekunden gebraucht
bei 8 cores haben 100 Messungen 1.125658 Sekunden gebraucht
bei 8 cores haben 100 Messungen 1.042872 Sekunden gebraucht
bei 8 cores haben 100 Messungen 1.022317 Sekunden gebraucht
bei 8 cores haben 100 Messungen 1.052142 Sekunden gebraucht
bei 8 cores haben 100 Messungen 1.067240 Sekunden gebraucht
bei 8 cores haben 100 Messungen 1.091014 Sekunden gebraucht
bei 8 cores haben 100 Messungen 1.020177 Sekunden gebraucht
bei 9 cores haben 100 Messungen 1.034263 Sekunden gebraucht
bei 9 cores haben 100 Messungen 1.031110 Sekunden gebraucht
bei 9 cores haben 100 Messungen 1.034961 Sekunden gebraucht
bei 9 cores haben 100 Messungen 1.074064 Sekunden gebraucht
bei 9 cores haben 100 Messungen 1.066227 Sekunden gebraucht
bei 9 cores haben 100 Messungen 1.038188 Sekunden gebraucht
bei 9 cores haben 100 Messungen 1.025409 Sekunden gebraucht
bei 9 cores haben 100 Messungen 1.060108 Sekunden gebraucht
bei 9 cores haben 100 Messungen 1.028745 Sekunden gebraucht
bei 9 cores haben 100 Messungen 1.073621 Sekunden gebraucht
bei 10 cores haben 100 Messungen 1.056759 Sekunden gebraucht
bei 10 cores haben 100 Messungen 1.042587 Sekunden gebraucht
bei 10 cores haben 100 Messungen 1.053240 Sekunden gebraucht
bei 10 cores haben 100 Messungen 1.066415 Sekunden gebraucht
bei 10 cores haben 100 Messungen 1.028343 Sekunden gebraucht
bei 10 cores haben 100 Messungen 1.020349 Sekunden gebraucht
bei 10 cores haben 100 Messungen 1.062039 Sekunden gebraucht
bei 10 cores haben 100 Messungen 1.048040 Sekunden gebraucht
bei 10 cores haben 100 Messungen 1.088282 Sekunden gebraucht
bei 10 cores haben 100 Messungen 1.029154 Sekunden gebraucht
bei 11 cores haben 100 Messungen 1.016078 Sekunden gebraucht
bei 11 cores haben 100 Messungen 1.033373 Sekunden gebraucht
bei 11 cores haben 100 Messungen 1.058279 Sekunden gebraucht
bei 11 cores haben 100 Messungen 1.046414 Sekunden gebraucht
bei 11 cores haben 100 Messungen 1.045335 Sekunden gebraucht
bei 11 cores haben 100 Messungen 1.031404 Sekunden gebraucht
bei 11 cores haben 100 Messungen 1.037596 Sekunden gebraucht
bei 11 cores haben 100 Messungen 1.035579 Sekunden gebraucht
bei 11 cores haben 100 Messungen 1.043480 Sekunden gebraucht
bei 11 cores haben 100 Messungen 1.051687 Sekunden gebraucht
bei 12 cores haben 100 Messungen 1.027725 Sekunden gebraucht
bei 12 cores haben 100 Messungen 1.091999 Sekunden gebraucht
bei 12 cores haben 100 Messungen 1.072460 Sekunden gebraucht
bei 12 cores haben 100 Messungen 1.016042 Sekunden gebraucht
bei 12 cores haben 100 Messungen 1.058888 Sekunden gebraucht
bei 12 cores haben 100 Messungen 1.056074 Sekunden gebraucht
bei 12 cores haben 100 Messungen 1.015299 Sekunden gebraucht
bei 12 cores haben 100 Messungen 1.093677 Sekunden gebraucht
bei 12 cores haben 100 Messungen 1.055446 Sekunden gebraucht
bei 12 cores haben 100 Messungen 1.026973 Sekunden gebraucht
bei 13 cores haben 100 Messungen 1.011040 Sekunden gebraucht
bei 13 cores haben 100 Messungen 1.013483 Sekunden gebraucht
bei 13 cores haben 100 Messungen 1.064667 Sekunden gebraucht
bei 13 cores haben 100 Messungen 1.028050 Sekunden gebraucht
bei 13 cores haben 100 Messungen 1.010581 Sekunden gebraucht
bei 13 cores haben 100 Messungen 1.039930 Sekunden gebraucht
bei 13 cores haben 100 Messungen 1.094474 Sekunden gebraucht
bei 13 cores haben 100 Messungen 1.021686 Sekunden gebraucht
bei 13 cores haben 100 Messungen 1.062366 Sekunden gebraucht
bei 13 cores haben 100 Messungen 1.009680 Sekunden gebraucht
bei 14 cores haben 100 Messungen 1.016570 Sekunden gebraucht
bei 14 cores haben 100 Messungen 1.062501 Sekunden gebraucht
bei 14 cores haben 100 Messungen 1.068582 Sekunden gebraucht
bei 14 cores haben 100 Messungen 1.043893 Sekunden gebraucht
bei 14 cores haben 100 Messungen 1.031761 Sekunden gebraucht
bei 14 cores haben 100 Messungen 1.016566 Sekunden gebraucht
bei 14 cores haben 100 Messungen 1.031403 Sekunden gebraucht
bei 14 cores haben 100 Messungen 1.080027 Sekunden gebraucht
bei 14 cores haben 100 Messungen 1.024773 Sekunden gebraucht
bei 14 cores haben 100 Messungen 1.030032 Sekunden gebraucht
bei 15 cores haben 100 Messungen 1.034046 Sekunden gebraucht
bei 15 cores haben 100 Messungen 1.029498 Sekunden gebraucht
bei 15 cores haben 100 Messungen 1.023384 Sekunden gebraucht
bei 15 cores haben 100 Messungen 1.023214 Sekunden gebraucht
bei 15 cores haben 100 Messungen 1.026332 Sekunden gebraucht
bei 15 cores haben 100 Messungen 1.072235 Sekunden gebraucht
bei 15 cores haben 100 Messungen 1.024270 Sekunden gebraucht
bei 15 cores haben 100 Messungen 1.021725 Sekunden gebraucht
bei 15 cores haben 100 Messungen 1.025733 Sekunden gebraucht
bei 15 cores haben 100 Messungen 1.027991 Sekunden gebraucht
bei 16 cores haben 100 Messungen 1.007340 Sekunden gebraucht
bei 16 cores haben 100 Messungen 1.033980 Sekunden gebraucht
bei 16 cores haben 100 Messungen 1.060227 Sekunden gebraucht
bei 16 cores haben 100 Messungen 1.070161 Sekunden gebraucht
bei 16 cores haben 100 Messungen 1.027297 Sekunden gebraucht
bei 16 cores haben 100 Messungen 1.026112 Sekunden gebraucht
bei 16 cores haben 100 Messungen 1.038291 Sekunden gebraucht
bei 16 cores haben 100 Messungen 1.039297 Sekunden gebraucht
bei 16 cores haben 100 Messungen 1.026474 Sekunden gebraucht
bei 16 cores haben 100 Messungen 1.027048 Sekunden gebraucht
/hiskp4/gross/bachelorarbeit
