Fri Jul 24 14:44:28 CEST 2020 Waiting for 30 seconds before starting the job to allow the node to settle down
Fri Jul 24 14:44:58 CEST 2020 Waiting done, starting task!
480 1
Fri Jul 24 14:44:58 CEST 2020 Waiting for 30 seconds before starting the job to allow the node to settle down
Fri Jul 24 14:45:28 CEST 2020 Waiting done, starting task!
480
480 2
Fri Jul 24 14:56:51 CEST 2020 Waiting for 30 seconds before starting the job to allow the node to settle down
Fri Jul 24 14:56:51 CEST 2020 Waiting for 30 seconds before starting the job to allow the node to settle down
Fri Jul 24 14:57:21 CEST 2020 Waiting done, starting task!
Fri Jul 24 14:57:21 CEST 2020 Waiting done, starting task!
480
480 3
Fri Jul 24 15:03:07 CEST 2020 Waiting for 30 seconds before starting the job to allow the node to settle down
Fri Jul 24 15:03:07 CEST 2020 Waiting for 30 seconds before starting the job to allow the node to settle down
Fri Jul 24 15:03:07 CEST 2020 Waiting for 30 seconds before starting the job to allow the node to settle down
Fri Jul 24 15:03:37 CEST 2020 Waiting done, starting task!
Fri Jul 24 15:03:37 CEST 2020 Waiting done, starting task!
Fri Jul 24 15:03:37 CEST 2020 Waiting done, starting task!
480
480 4
Fri Jul 24 15:07:30 CEST 2020 Waiting for 30 seconds before starting the job to allow the node to settle down
Fri Jul 24 15:07:30 CEST 2020 Waiting for 30 seconds before starting the job to allow the node to settle down
Fri Jul 24 15:07:30 CEST 2020 Waiting for 30 seconds before starting the job to allow the node to settle down
Fri Jul 24 15:07:30 CEST 2020 Waiting for 30 seconds before starting the job to allow the node to settle down
Fri Jul 24 15:08:00 CEST 2020 Waiting done, starting task!
Fri Jul 24 15:08:00 CEST 2020 Waiting done, starting task!
Fri Jul 24 15:08:00 CEST 2020 Waiting done, starting task!
Fri Jul 24 15:08:00 CEST 2020 Waiting done, starting task!
480
480 5
Fri Jul 24 15:10:56 CEST 2020 Waiting for 30 seconds before starting the job to allow the node to settle down
Fri Jul 24 15:10:56 CEST 2020 Waiting for 30 seconds before starting the job to allow the node to settle down
Fri Jul 24 15:10:57 CEST 2020 Waiting for 30 seconds before starting the job to allow the node to settle down
Fri Jul 24 15:10:57 CEST 2020 Waiting for 30 seconds before starting the job to allow the node to settle down
Fri Jul 24 15:10:57 CEST 2020 Waiting for 30 seconds before starting the job to allow the node to settle down
Fri Jul 24 15:11:26 CEST 2020 Waiting done, starting task!
Fri Jul 24 15:11:27 CEST 2020 Waiting done, starting task!
Fri Jul 24 15:11:27 CEST 2020 Waiting done, starting task!
Fri Jul 24 15:11:27 CEST 2020 Waiting done, starting task!
Fri Jul 24 15:11:27 CEST 2020 Waiting done, starting task!
480
480 6
Fri Jul 24 15:13:49 CEST 2020 Waiting for 30 seconds before starting the job to allow the node to settle down
Fri Jul 24 15:13:49 CEST 2020 Waiting for 30 seconds before starting the job to allow the node to settle down
Fri Jul 24 15:13:49 CEST 2020 Waiting for 30 seconds before starting the job to allow the node to settle down
Fri Jul 24 15:13:49 CEST 2020 Waiting for 30 seconds before starting the job to allow the node to settle down
Fri Jul 24 15:13:49 CEST 2020 Waiting for 30 seconds before starting the job to allow the node to settle down
Fri Jul 24 15:13:49 CEST 2020 Waiting for 30 seconds before starting the job to allow the node to settle down
Fri Jul 24 15:14:19 CEST 2020 Waiting done, starting task!
Fri Jul 24 15:14:19 CEST 2020 Waiting done, starting task!
Fri Jul 24 15:14:19 CEST 2020 Waiting done, starting task!
Fri Jul 24 15:14:19 CEST 2020 Waiting done, starting task!
Fri Jul 24 15:14:19 CEST 2020 Waiting done, starting task!
Fri Jul 24 15:14:19 CEST 2020 Waiting done, starting task!
480
480 8
Fri Jul 24 15:16:19 CEST 2020 Waiting for 30 seconds before starting the job to allow the node to settle down
Fri Jul 24 15:16:19 CEST 2020 Waiting for 30 seconds before starting the job to allow the node to settle down
Fri Jul 24 15:16:19 CEST 2020 Waiting for 30 seconds before starting the job to allow the node to settle down
Fri Jul 24 15:16:19 CEST 2020 Waiting for 30 seconds before starting the job to allow the node to settle down
Fri Jul 24 15:16:19 CEST 2020 Waiting for 30 seconds before starting the job to allow the node to settle down
Fri Jul 24 15:16:19 CEST 2020 Waiting for 30 seconds before starting the job to allow the node to settle down
Fri Jul 24 15:16:19 CEST 2020 Waiting for 30 seconds before starting the job to allow the node to settle down
Fri Jul 24 15:16:19 CEST 2020 Waiting for 30 seconds before starting the job to allow the node to settle down
Fri Jul 24 15:16:49 CEST 2020 Waiting done, starting task!
Fri Jul 24 15:16:49 CEST 2020 Waiting done, starting task!
Fri Jul 24 15:16:49 CEST 2020 Waiting done, starting task!
Fri Jul 24 15:16:49 CEST 2020 Waiting done, starting task!
Fri Jul 24 15:16:49 CEST 2020 Waiting done, starting task!
Fri Jul 24 15:16:49 CEST 2020 Waiting done, starting task!
Fri Jul 24 15:16:49 CEST 2020 Waiting done, starting task!
Fri Jul 24 15:16:49 CEST 2020 Waiting done, starting task!
480
480 10
Fri Jul 24 15:18:22 CEST 2020 Waiting for 30 seconds before starting the job to allow the node to settle down
Fri Jul 24 15:18:22 CEST 2020 Waiting for 30 seconds before starting the job to allow the node to settle down
Fri Jul 24 15:18:22 CEST 2020 Waiting for 30 seconds before starting the job to allow the node to settle down
Fri Jul 24 15:18:22 CEST 2020 Waiting for 30 seconds before starting the job to allow the node to settle down
Fri Jul 24 15:18:22 CEST 2020 Waiting for 30 seconds before starting the job to allow the node to settle down
Fri Jul 24 15:18:22 CEST 2020 Waiting for 30 seconds before starting the job to allow the node to settle down
Fri Jul 24 15:18:22 CEST 2020 Waiting for 30 seconds before starting the job to allow the node to settle down
Fri Jul 24 15:18:22 CEST 2020 Waiting for 30 seconds before starting the job to allow the node to settle down
Fri Jul 24 15:18:22 CEST 2020 Waiting for 30 seconds before starting the job to allow the node to settle down
Fri Jul 24 15:18:22 CEST 2020 Waiting for 30 seconds before starting the job to allow the node to settle down
Fri Jul 24 15:18:52 CEST 2020 Waiting done, starting task!
Fri Jul 24 15:18:52 CEST 2020 Waiting done, starting task!
Fri Jul 24 15:18:52 CEST 2020 Waiting done, starting task!
Fri Jul 24 15:18:52 CEST 2020 Waiting done, starting task!
Fri Jul 24 15:18:52 CEST 2020 Waiting done, starting task!
Fri Jul 24 15:18:52 CEST 2020 Waiting done, starting task!
Fri Jul 24 15:18:52 CEST 2020 Waiting done, starting task!
Fri Jul 24 15:18:52 CEST 2020 Waiting done, starting task!
Fri Jul 24 15:18:52 CEST 2020 Waiting done, starting task!
Fri Jul 24 15:18:52 CEST 2020 Waiting done, starting task!
480
480 12
Fri Jul 24 15:20:08 CEST 2020 Waiting for 30 seconds before starting the job to allow the node to settle down
Fri Jul 24 15:20:08 CEST 2020 Waiting for 30 seconds before starting the job to allow the node to settle down
Fri Jul 24 15:20:08 CEST 2020 Waiting for 30 seconds before starting the job to allow the node to settle down
Fri Jul 24 15:20:08 CEST 2020 Waiting for 30 seconds before starting the job to allow the node to settle down
Fri Jul 24 15:20:08 CEST 2020 Waiting for 30 seconds before starting the job to allow the node to settle down
Fri Jul 24 15:20:08 CEST 2020 Waiting for 30 seconds before starting the job to allow the node to settle down
Fri Jul 24 15:20:08 CEST 2020 Waiting for 30 seconds before starting the job to allow the node to settle down
Fri Jul 24 15:20:08 CEST 2020 Waiting for 30 seconds before starting the job to allow the node to settle down
Fri Jul 24 15:20:08 CEST 2020 Waiting for 30 seconds before starting the job to allow the node to settle down
Fri Jul 24 15:20:08 CEST 2020 Waiting for 30 seconds before starting the job to allow the node to settle down
Fri Jul 24 15:20:08 CEST 2020 Waiting for 30 seconds before starting the job to allow the node to settle down
Fri Jul 24 15:20:08 CEST 2020 Waiting for 30 seconds before starting the job to allow the node to settle down
Fri Jul 24 15:20:38 CEST 2020 Waiting done, starting task!
Fri Jul 24 15:20:38 CEST 2020 Waiting done, starting task!
Fri Jul 24 15:20:38 CEST 2020 Waiting done, starting task!
Fri Jul 24 15:20:38 CEST 2020 Waiting done, starting task!
Fri Jul 24 15:20:38 CEST 2020 Waiting done, starting task!
Fri Jul 24 15:20:38 CEST 2020 Waiting done, starting task!
Fri Jul 24 15:20:38 CEST 2020 Waiting done, starting task!
Fri Jul 24 15:20:38 CEST 2020 Waiting done, starting task!
Fri Jul 24 15:20:38 CEST 2020 Waiting done, starting task!
Fri Jul 24 15:20:38 CEST 2020 Waiting done, starting task!
Fri Jul 24 15:20:38 CEST 2020 Waiting done, starting task!
Fri Jul 24 15:20:38 CEST 2020 Waiting done, starting task!
480
480 15
Fri Jul 24 15:21:44 CEST 2020 Waiting for 30 seconds before starting the job to allow the node to settle down
Fri Jul 24 15:21:44 CEST 2020 Waiting for 30 seconds before starting the job to allow the node to settle down
Fri Jul 24 15:21:44 CEST 2020 Waiting for 30 seconds before starting the job to allow the node to settle down
Fri Jul 24 15:21:44 CEST 2020 Waiting for 30 seconds before starting the job to allow the node to settle down
Fri Jul 24 15:21:44 CEST 2020 Waiting for 30 seconds before starting the job to allow the node to settle down
Fri Jul 24 15:21:44 CEST 2020 Waiting for 30 seconds before starting the job to allow the node to settle down
Fri Jul 24 15:21:44 CEST 2020 Waiting for 30 seconds before starting the job to allow the node to settle down
Fri Jul 24 15:21:44 CEST 2020 Waiting for 30 seconds before starting the job to allow the node to settle down
Fri Jul 24 15:21:44 CEST 2020 Waiting for 30 seconds before starting the job to allow the node to settle down
Fri Jul 24 15:21:45 CEST 2020 Waiting for 30 seconds before starting the job to allow the node to settle down
Fri Jul 24 15:21:45 CEST 2020 Waiting for 30 seconds before starting the job to allow the node to settle down
Fri Jul 24 15:21:45 CEST 2020 Waiting for 30 seconds before starting the job to allow the node to settle down
Fri Jul 24 15:21:45 CEST 2020 Waiting for 30 seconds before starting the job to allow the node to settle down
Fri Jul 24 15:21:45 CEST 2020 Waiting for 30 seconds before starting the job to allow the node to settle down
Fri Jul 24 15:21:45 CEST 2020 Waiting for 30 seconds before starting the job to allow the node to settle down
Fri Jul 24 15:22:14 CEST 2020 Waiting done, starting task!
Fri Jul 24 15:22:14 CEST 2020 Waiting done, starting task!
Fri Jul 24 15:22:14 CEST 2020 Waiting done, starting task!
Fri Jul 24 15:22:14 CEST 2020 Waiting done, starting task!
Fri Jul 24 15:22:14 CEST 2020 Waiting done, starting task!
Fri Jul 24 15:22:14 CEST 2020 Waiting done, starting task!
Fri Jul 24 15:22:14 CEST 2020 Waiting done, starting task!
Fri Jul 24 15:22:14 CEST 2020 Waiting done, starting task!
Fri Jul 24 15:22:14 CEST 2020 Waiting done, starting task!
Fri Jul 24 15:22:15 CEST 2020 Waiting done, starting task!
Fri Jul 24 15:22:15 CEST 2020 Waiting done, starting task!
Fri Jul 24 15:22:15 CEST 2020 Waiting done, starting task!
Fri Jul 24 15:22:15 CEST 2020 Waiting done, starting task!
Fri Jul 24 15:22:15 CEST 2020 Waiting done, starting task!
Fri Jul 24 15:22:15 CEST 2020 Waiting done, starting task!
480
480 16
Fri Jul 24 15:23:10 CEST 2020 Waiting for 30 seconds before starting the job to allow the node to settle down
Fri Jul 24 15:23:10 CEST 2020 Waiting for 30 seconds before starting the job to allow the node to settle down
Fri Jul 24 15:23:10 CEST 2020 Waiting for 30 seconds before starting the job to allow the node to settle down
Fri Jul 24 15:23:10 CEST 2020 Waiting for 30 seconds before starting the job to allow the node to settle down
Fri Jul 24 15:23:10 CEST 2020 Waiting for 30 seconds before starting the job to allow the node to settle down
Fri Jul 24 15:23:10 CEST 2020 Waiting for 30 seconds before starting the job to allow the node to settle down
Fri Jul 24 15:23:10 CEST 2020 Waiting for 30 seconds before starting the job to allow the node to settle down
Fri Jul 24 15:23:10 CEST 2020 Waiting for 30 seconds before starting the job to allow the node to settle down
Fri Jul 24 15:23:10 CEST 2020 Waiting for 30 seconds before starting the job to allow the node to settle down
Fri Jul 24 15:23:10 CEST 2020 Waiting for 30 seconds before starting the job to allow the node to settle down
Fri Jul 24 15:23:10 CEST 2020 Waiting for 30 seconds before starting the job to allow the node to settle down
Fri Jul 24 15:23:10 CEST 2020 Waiting for 30 seconds before starting the job to allow the node to settle down
Fri Jul 24 15:23:10 CEST 2020 Waiting for 30 seconds before starting the job to allow the node to settle down
Fri Jul 24 15:23:10 CEST 2020 Waiting for 30 seconds before starting the job to allow the node to settle down
Fri Jul 24 15:23:10 CEST 2020 Waiting for 30 seconds before starting the job to allow the node to settle down
Fri Jul 24 15:23:10 CEST 2020 Waiting for 30 seconds before starting the job to allow the node to settle down
Fri Jul 24 15:23:40 CEST 2020 Waiting done, starting task!
Fri Jul 24 15:23:40 CEST 2020 Waiting done, starting task!
Fri Jul 24 15:23:40 CEST 2020 Waiting done, starting task!
Fri Jul 24 15:23:40 CEST 2020 Waiting done, starting task!
Fri Jul 24 15:23:40 CEST 2020 Waiting done, starting task!
Fri Jul 24 15:23:40 CEST 2020 Waiting done, starting task!
Fri Jul 24 15:23:40 CEST 2020 Waiting done, starting task!
Fri Jul 24 15:23:40 CEST 2020 Waiting done, starting task!
Fri Jul 24 15:23:40 CEST 2020 Waiting done, starting task!
Fri Jul 24 15:23:40 CEST 2020 Waiting done, starting task!
Fri Jul 24 15:23:40 CEST 2020 Waiting done, starting task!
Fri Jul 24 15:23:40 CEST 2020 Waiting done, starting task!
Fri Jul 24 15:23:40 CEST 2020 Waiting done, starting task!
Fri Jul 24 15:23:40 CEST 2020 Waiting done, starting task!
Fri Jul 24 15:23:40 CEST 2020 Waiting done, starting task!
Fri Jul 24 15:23:40 CEST 2020 Waiting done, starting task!
480
480 20
Fri Jul 24 15:24:33 CEST 2020 Waiting for 30 seconds before starting the job to allow the node to settle down
Fri Jul 24 15:24:33 CEST 2020 Waiting for 30 seconds before starting the job to allow the node to settle down
Fri Jul 24 15:24:33 CEST 2020 Waiting for 30 seconds before starting the job to allow the node to settle down
Fri Jul 24 15:24:33 CEST 2020 Waiting for 30 seconds before starting the job to allow the node to settle down
Fri Jul 24 15:24:33 CEST 2020 Waiting for 30 seconds before starting the job to allow the node to settle down
Fri Jul 24 15:24:33 CEST 2020 Waiting for 30 seconds before starting the job to allow the node to settle down
Fri Jul 24 15:24:33 CEST 2020 Waiting for 30 seconds before starting the job to allow the node to settle down
Fri Jul 24 15:24:33 CEST 2020 Waiting for 30 seconds before starting the job to allow the node to settle down
Fri Jul 24 15:24:33 CEST 2020 Waiting for 30 seconds before starting the job to allow the node to settle down
Fri Jul 24 15:24:33 CEST 2020 Waiting for 30 seconds before starting the job to allow the node to settle down
Fri Jul 24 15:24:33 CEST 2020 Waiting for 30 seconds before starting the job to allow the node to settle down
Fri Jul 24 15:24:33 CEST 2020 Waiting for 30 seconds before starting the job to allow the node to settle down
Fri Jul 24 15:24:33 CEST 2020 Waiting for 30 seconds before starting the job to allow the node to settle down
Fri Jul 24 15:24:33 CEST 2020 Waiting for 30 seconds before starting the job to allow the node to settle down
Fri Jul 24 15:24:33 CEST 2020 Waiting for 30 seconds before starting the job to allow the node to settle down
Fri Jul 24 15:24:33 CEST 2020 Waiting for 30 seconds before starting the job to allow the node to settle down
Fri Jul 24 15:24:33 CEST 2020 Waiting for 30 seconds before starting the job to allow the node to settle down
Fri Jul 24 15:24:33 CEST 2020 Waiting for 30 seconds before starting the job to allow the node to settle down
Fri Jul 24 15:24:33 CEST 2020 Waiting for 30 seconds before starting the job to allow the node to settle down
Fri Jul 24 15:24:33 CEST 2020 Waiting for 30 seconds before starting the job to allow the node to settle down
Fri Jul 24 15:25:03 CEST 2020 Waiting done, starting task!
Fri Jul 24 15:25:03 CEST 2020 Waiting done, starting task!
Fri Jul 24 15:25:03 CEST 2020 Waiting done, starting task!
Fri Jul 24 15:25:03 CEST 2020 Waiting done, starting task!
Fri Jul 24 15:25:03 CEST 2020 Waiting done, starting task!
Fri Jul 24 15:25:03 CEST 2020 Waiting done, starting task!
Fri Jul 24 15:25:03 CEST 2020 Waiting done, starting task!
Fri Jul 24 15:25:03 CEST 2020 Waiting done, starting task!
Fri Jul 24 15:25:03 CEST 2020 Waiting done, starting task!
Fri Jul 24 15:25:03 CEST 2020 Waiting done, starting task!
Fri Jul 24 15:25:03 CEST 2020 Waiting done, starting task!
Fri Jul 24 15:25:03 CEST 2020 Waiting done, starting task!
Fri Jul 24 15:25:03 CEST 2020 Waiting done, starting task!
Fri Jul 24 15:25:03 CEST 2020 Waiting done, starting task!
Fri Jul 24 15:25:03 CEST 2020 Waiting done, starting task!
Fri Jul 24 15:25:03 CEST 2020 Waiting done, starting task!
Fri Jul 24 15:25:03 CEST 2020 Waiting done, starting task!
Fri Jul 24 15:25:03 CEST 2020 Waiting done, starting task!
Fri Jul 24 15:25:03 CEST 2020 Waiting done, starting task!
Fri Jul 24 15:25:03 CEST 2020 Waiting done, starting task!
480
/hiskp4/gross/bachelorarbeit
