Mon May 25 19:50:06 CEST 2020 Waiting for 30 seconds before starting the job to allow the node to settle down
Mon May 25 19:50:36 CEST 2020 Waiting done, starting task!
Mon May 25 19:50:37 CEST 2020 Waiting for 30 seconds before starting the job to allow the node to settle down
Mon May 25 19:51:07 CEST 2020 Waiting done, starting task!
bei 1 cores haben 100000 Messungen 39.490443 Sekunden gebraucht
bei 2 cores haben 100000 Messungen 30.025097 Sekunden gebraucht
bei 3 cores haben 100000 Messungen 23.617105 Sekunden gebraucht
bei 4 cores haben 100000 Messungen 21.370437 Sekunden gebraucht
bei 5 cores haben 100000 Messungen 22.053118 Sekunden gebraucht
Fehler bei delta: diff 4.000000	4.000000	0.000000
bei 6 cores haben 100000 Messungen 22.258153 Sekunden gebraucht
bei 7 cores haben 100000 Messungen 22.482108 Sekunden gebraucht
Fehler bei delta: diff 4.000000	4.000000	0.000000
Fehler bei delta: diff 4.000000	4.000000	0.000000
bei 8 cores haben 100000 Messungen 23.341579 Sekunden gebraucht
Fehler bei delta: diff -4.000000	-0.000000	4.000000
Fehler bei delta: diff 4.000000	-0.000000	-4.000000
Fehler bei delta: diff 4.000000	4.000000	0.000000
bei 9 cores haben 100000 Messungen 23.999234 Sekunden gebraucht
Fehler bei delta: diff -4.000000	-0.000000	4.000000
Fehler bei delta: diff -4.000000	-0.000000	4.000000
Fehler bei delta: diff 4.000000	4.000000	0.000000
Fehler bei delta: diff -4.000000	4.000000	8.000000
Fehler bei delta: diff 4.000000	-0.000000	-4.000000
Fehler bei delta: diff 4.000000	4.000000	0.000000
Fehler bei delta: diff 4.000000	4.000000	0.000000
Fehler bei delta: diff -4.000000	-0.000000	4.000000
Fehler bei delta: diff -4.000000	4.000000	8.000000
Fehler bei delta: diff -4.000000	-8.000000	-4.000000
Fehler bei delta: diff -4.000000	-4.000000	0.000000
Fehler bei delta: diff -4.000000	-0.000000	4.000000
Fehler bei delta: diff -4.000000	4.000000	8.000000
Fehler bei delta: diff 4.000000	8.000000	4.000000
Fehler bei delta: diff 4.000000	4.000000	0.000000
bei 10 cores haben 100000 Messungen 23.937747 Sekunden gebraucht
Fehler bei delta: diff 4.000000	4.000000	0.000000
Fehler bei delta: diff -4.000000	-4.000000	0.000000
Fehler bei delta: diff 4.000000	8.000000	4.000000
Fehler bei delta: diff 4.000000	4.000000	0.000000
Fehler bei delta: diff -4.000000	-4.000000	0.000000
Fehler bei delta: diff 4.000000	8.000000	4.000000
Fehler bei delta: diff 4.000000	-0.000000	-4.000000
Fehler bei delta: diff -4.000000	-4.000000	0.000000
Fehler bei delta: diff 4.000000	4.000000	0.000000
Fehler bei delta: diff -4.000000	-8.000000	-4.000000
Fehler bei delta: diff 4.000000	4.000000	0.000000
Fehler bei delta: diff 4.000000	8.000000	4.000000
Fehler bei delta: diff 4.000000	4.000000	0.000000
Fehler bei delta: diff -4.000000	-4.000000	0.000000
bei 11 cores haben 100000 Messungen 24.562590 Sekunden gebraucht
Fehler bei delta: diff 4.000000	-0.000000	-4.000000
Fehler bei delta: diff 4.000000	4.000000	0.000000
Fehler bei delta: diff 4.000000	4.000000	0.000000
Fehler bei delta: diff 4.000000	-4.000000	-8.000000
Fehler bei delta: diff -4.000000	-4.000000	0.000000
Fehler bei delta: diff -4.000000	4.000000	8.000000
Fehler bei delta: diff 4.000000	8.000000	4.000000
Fehler bei delta: diff 4.000000	4.000000	0.000000
Fehler bei delta: diff 4.000000	4.000000	0.000000
Fehler bei delta: diff 4.000000	4.000000	0.000000
Fehler bei delta: diff 4.000000	-4.000000	-8.000000
Fehler bei delta: diff -4.000000	4.000000	8.000000
Fehler bei delta: diff 4.000000	8.000000	4.000000
Fehler bei delta: diff -4.000000	-4.000000	0.000000
Fehler bei delta: diff 4.000000	8.000000	4.000000
Fehler bei delta: diff 4.000000	-0.000000	-4.000000
Fehler bei delta: diff 4.000000	-0.000000	-4.000000
Fehler bei delta: diff 4.000000	8.000000	4.000000
Fehler bei delta: diff -4.000000	-0.000000	4.000000
Fehler bei delta: diff 4.000000	8.000000	4.000000
Fehler bei delta: diff 4.000000	-0.000000	-4.000000
Fehler bei delta: diff 4.000000	4.000000	0.000000
Fehler bei delta: diff -4.000000	-0.000000	4.000000
bei 12 cores haben 100000 Messungen 24.865629 Sekunden gebraucht
Fehler bei delta: diff -4.000000	-0.000000	4.000000
Fehler bei delta: diff 4.000000	4.000000	0.000000
Fehler bei delta: diff 4.000000	-0.000000	-4.000000
Fehler bei delta: diff -4.000000	-4.000000	0.000000
Fehler bei delta: diff -4.000000	-0.000000	4.000000
Fehler bei delta: diff -4.000000	-0.000000	4.000000
Fehler bei delta: diff -4.000000	-4.000000	0.000000
Fehler bei delta: diff 4.000000	4.000000	0.000000
Fehler bei delta: diff 4.000000	4.000000	0.000000
Fehler bei delta: diff -4.000000	4.000000	8.000000
Fehler bei delta: diff 4.000000	4.000000	0.000000
Fehler bei delta: diff -4.000000	-0.000000	4.000000
Fehler bei delta: diff 4.000000	-0.000000	-4.000000
Fehler bei delta: diff 4.000000	4.000000	0.000000
Fehler bei delta: diff -4.000000	-0.000000	4.000000
Fehler bei delta: diff -4.000000	4.000000	8.000000
Fehler bei delta: diff -4.000000	4.000000	8.000000
Fehler bei delta: diff -4.000000	4.000000	8.000000
Fehler bei delta: diff 4.000000	-0.000000	-4.000000
Fehler bei delta: diff 4.000000	4.000000	0.000000
Fehler bei delta: diff 4.000000	4.000000	0.000000
Fehler bei delta: diff 4.000000	4.000000	0.000000
Fehler bei delta: diff 4.000000	4.000000	0.000000
Fehler bei delta: diff 4.000000	-0.000000	-4.000000
Fehler bei delta: diff -4.000000	-0.000000	4.000000
Fehler bei delta: diff 4.000000	4.000000	0.000000
Fehler bei delta: diff 4.000000	-4.000000	-8.000000
Fehler bei delta: diff -4.000000	4.000000	8.000000
Fehler bei delta: diff -4.000000	-0.000000	4.000000
bei 13 cores haben 100000 Messungen 25.881346 Sekunden gebraucht
Fehler bei delta: diff -4.000000	-0.000000	4.000000
Fehler bei delta: diff -4.000000	-4.000000	0.000000
Fehler bei delta: diff -4.000000	-0.000000	4.000000
Fehler bei delta: diff 4.000000	8.000000	4.000000
Fehler bei delta: diff -4.000000	-8.000000	-4.000000
Fehler bei delta: diff -4.000000	-0.000000	4.000000
Fehler bei delta: diff 4.000000	-0.000000	-4.000000
Fehler bei delta: diff -4.000000	4.000000	8.000000
Fehler bei delta: diff 4.000000	4.000000	0.000000
Fehler bei delta: diff -4.000000	4.000000	8.000000
Fehler bei delta: diff 4.000000	8.000000	4.000000
Fehler bei delta: diff -4.000000	-4.000000	0.000000
Fehler bei delta: diff -4.000000	4.000000	8.000000
Fehler bei delta: diff 4.000000	4.000000	0.000000
Fehler bei delta: diff 4.000000	-0.000000	-4.000000
Fehler bei delta: diff 4.000000	8.000000	4.000000
Fehler bei delta: diff -4.000000	-0.000000	4.000000
Fehler bei delta: diff -4.000000	-4.000000	0.000000
Fehler bei delta: diff 4.000000	-0.000000	-4.000000
Fehler bei delta: diff 4.000000	8.000000	4.000000
Fehler bei delta: diff -4.000000	-4.000000	0.000000
Fehler bei delta: diff -4.000000	-4.000000	0.000000
Fehler bei delta: diff 4.000000	8.000000	4.000000
Fehler bei delta: diff 4.000000	8.000000	4.000000
Fehler bei delta: diff 4.000000	8.000000	4.000000
Fehler bei delta: diff -4.000000	-8.000000	-4.000000
Fehler bei delta: diff -4.000000	-0.000000	4.000000
Fehler bei delta: diff -4.000000	-0.000000	4.000000
Fehler bei delta: diff -4.000000	-4.000000	0.000000
Fehler bei delta: diff 4.000000	4.000000	0.000000
Fehler bei delta: diff 4.000000	4.000000	0.000000
Fehler bei delta: diff 4.000000	-0.000000	-4.000000
Fehler bei delta: diff 4.000000	-0.000000	-4.000000
Fehler bei delta: diff 4.000000	-0.000000	-4.000000
Fehler bei delta: diff -4.000000	-0.000000	4.000000
Fehler bei delta: diff 4.000000	8.000000	4.000000
bei 14 cores haben 100000 Messungen 26.773262 Sekunden gebraucht
Fehler bei delta: diff 4.000000	4.000000	0.000000
Fehler bei delta: diff 4.000000	4.000000	0.000000
Fehler bei delta: diff 4.000000	-0.000000	-4.000000
Fehler bei delta: diff 4.000000	8.000000	4.000000
Fehler bei delta: diff -4.000000	4.000000	8.000000
Fehler bei delta: diff 4.000000	8.000000	4.000000
Fehler bei delta: diff -4.000000	-0.000000	4.000000
Fehler bei delta: diff 4.000000	8.000000	4.000000
Fehler bei delta: diff -4.000000	4.000000	8.000000
Fehler bei delta: diff 4.000000	8.000000	4.000000
Fehler bei delta: diff 4.000000	4.000000	0.000000
Fehler bei delta: diff 4.000000	-0.000000	-4.000000
Fehler bei delta: diff 4.000000	8.000000	4.000000
Fehler bei delta: diff 4.000000	-0.000000	-4.000000
Fehler bei delta: diff 4.000000	-0.000000	-4.000000
Fehler bei delta: diff 4.000000	-0.000000	-4.000000
Fehler bei delta: diff -4.000000	-0.000000	4.000000
Fehler bei delta: diff -4.000000	-0.000000	4.000000
Fehler bei delta: diff 4.000000	8.000000	4.000000
Fehler bei delta: diff 4.000000	8.000000	4.000000
Fehler bei delta: diff 4.000000	8.000000	4.000000
Fehler bei delta: diff 4.000000	8.000000	4.000000
Fehler bei delta: diff -4.000000	-0.000000	4.000000
Fehler bei delta: diff -4.000000	-0.000000	4.000000
Fehler bei delta: diff 4.000000	4.000000	0.000000
Fehler bei delta: diff -4.000000	-4.000000	0.000000
Fehler bei delta: diff -4.000000	-4.000000	0.000000
Fehler bei delta: diff 4.000000	-0.000000	-4.000000
Fehler bei delta: diff -4.000000	4.000000	8.000000
Fehler bei delta: diff 4.000000	-4.000000	-8.000000
Fehler bei delta: diff 4.000000	-0.000000	-4.000000
Fehler bei delta: diff 4.000000	4.000000	0.000000
Fehler bei delta: diff -4.000000	-4.000000	0.000000
Fehler bei delta: diff 4.000000	8.000000	4.000000
Fehler bei delta: diff 4.000000	8.000000	4.000000
Fehler bei delta: diff 4.000000	-0.000000	-4.000000
Fehler bei delta: diff -4.000000	-0.000000	4.000000
Fehler bei delta: diff -4.000000	-0.000000	4.000000
Fehler bei delta: diff 4.000000	-0.000000	-4.000000
Fehler bei delta: diff -4.000000	-4.000000	0.000000
Fehler bei delta: diff -4.000000	-4.000000	0.000000
Fehler bei delta: diff -4.000000	-4.000000	0.000000
Fehler bei delta: diff -4.000000	-0.000000	4.000000
Fehler bei delta: diff 4.000000	4.000000	0.000000
Fehler bei delta: diff 4.000000	-0.000000	-4.000000
Fehler bei delta: diff -4.000000	-4.000000	0.000000
Fehler bei delta: diff -4.000000	-4.000000	0.000000
Fehler bei delta: diff -4.000000	-0.000000	4.000000
Fehler bei delta: diff -4.000000	-0.000000	4.000000
Fehler bei delta: diff 4.000000	8.000000	4.000000
bei 15 cores haben 100000 Messungen 26.623321 Sekunden gebraucht
Fehler bei delta: diff 4.000000	4.000000	0.000000
Fehler bei delta: diff -4.000000	-4.000000	0.000000
Fehler bei delta: diff 4.000000	-0.000000	-4.000000
Fehler bei delta: diff -4.000000	-4.000000	0.000000
Fehler bei delta: diff -4.000000	-4.000000	0.000000
Fehler bei delta: diff -4.000000	-0.000000	4.000000
Fehler bei delta: diff -4.000000	-0.000000	4.000000
Fehler bei delta: diff 4.000000	8.000000	4.000000
Fehler bei delta: diff -4.000000	-4.000000	0.000000
Fehler bei delta: diff -4.000000	-4.000000	0.000000
Fehler bei delta: diff -4.000000	-0.000000	4.000000
Fehler bei delta: diff -4.000000	-4.000000	0.000000
Fehler bei delta: diff 4.000000	4.000000	0.000000
Fehler bei delta: diff 4.000000	-0.000000	-4.000000
Fehler bei delta: diff 4.000000	8.000000	4.000000
Fehler bei delta: diff -4.000000	-0.000000	4.000000
Fehler bei delta: diff 4.000000	4.000000	0.000000
Fehler bei delta: diff 4.000000	4.000000	0.000000
Fehler bei delta: diff 4.000000	-0.000000	-4.000000
Fehler bei delta: diff -4.000000	-0.000000	4.000000
Fehler bei delta: diff 4.000000	-0.000000	-4.000000
Fehler bei delta: diff 4.000000	8.000000	4.000000
Fehler bei delta: diff 4.000000	4.000000	0.000000
Fehler bei delta: diff -4.000000	-4.000000	0.000000
Fehler bei delta: diff 4.000000	4.000000	0.000000
Fehler bei delta: diff -4.000000	-0.000000	4.000000
Fehler bei delta: diff 4.000000	8.000000	4.000000
Fehler bei delta: diff 4.000000	4.000000	0.000000
Fehler bei delta: diff -4.000000	4.000000	8.000000
Fehler bei delta: diff 4.000000	-0.000000	-4.000000
Fehler bei delta: diff 4.000000	4.000000	0.000000
Fehler bei delta: diff 4.000000	8.000000	4.000000
Fehler bei delta: diff 4.000000	4.000000	0.000000
Fehler bei delta: diff 4.000000	4.000000	0.000000
Fehler bei delta: diff -4.000000	-4.000000	0.000000
Fehler bei delta: diff -4.000000	-8.000000	-4.000000
Fehler bei delta: diff 4.000000	-0.000000	-4.000000
Fehler bei delta: diff 4.000000	4.000000	0.000000
Fehler bei delta: diff 4.000000	4.000000	0.000000
Fehler bei delta: diff 4.000000	8.000000	4.000000
Fehler bei delta: diff -4.000000	-4.000000	0.000000
Fehler bei delta: diff -4.000000	4.000000	8.000000
Fehler bei delta: diff -4.000000	-0.000000	4.000000
bei 16 cores haben 100000 Messungen 27.710396 Sekunden gebraucht
/hiskp4/gross/bachelorarbeit
