Sat Jun 13 10:13:25 CEST 2020 Waiting for 30 seconds before starting the job to allow the node to settle down
Sat Jun 13 10:13:55 CEST 2020 Waiting done, starting task!
Sat Jun 13 10:13:55 CEST 2020 Waiting for 30 seconds before starting the job to allow the node to settle down
Sat Jun 13 10:14:25 CEST 2020 Waiting done, starting task!
Laenge=10
bei 1 cores haben 1000 Messungen 0.014134 Sekunden gebraucht
bei 1 cores haben 1000 Messungen 0.014139 Sekunden gebraucht
bei 1 cores haben 1000 Messungen 0.020001 Sekunden gebraucht
bei 1 cores haben 1000 Messungen 0.018788 Sekunden gebraucht
bei 1 cores haben 1000 Messungen 0.016642 Sekunden gebraucht
bei 2 cores haben 1000 Messungen 0.012221 Sekunden gebraucht
bei 2 cores haben 1000 Messungen 0.010547 Sekunden gebraucht
bei 2 cores haben 1000 Messungen 0.010364 Sekunden gebraucht
bei 2 cores haben 1000 Messungen 0.010353 Sekunden gebraucht
bei 2 cores haben 1000 Messungen 0.010350 Sekunden gebraucht
bei 3 cores haben 1000 Messungen 0.019986 Sekunden gebraucht
bei 3 cores haben 1000 Messungen 0.019130 Sekunden gebraucht
bei 3 cores haben 1000 Messungen 0.018882 Sekunden gebraucht
bei 3 cores haben 1000 Messungen 0.018388 Sekunden gebraucht
bei 3 cores haben 1000 Messungen 0.018230 Sekunden gebraucht
bei 4 cores haben 1000 Messungen 0.018724 Sekunden gebraucht
bei 4 cores haben 1000 Messungen 0.018525 Sekunden gebraucht
bei 4 cores haben 1000 Messungen 0.018435 Sekunden gebraucht
bei 4 cores haben 1000 Messungen 0.018305 Sekunden gebraucht
bei 4 cores haben 1000 Messungen 0.018500 Sekunden gebraucht
bei 5 cores haben 1000 Messungen 0.017869 Sekunden gebraucht
bei 5 cores haben 1000 Messungen 0.017852 Sekunden gebraucht
bei 5 cores haben 1000 Messungen 0.017856 Sekunden gebraucht
bei 5 cores haben 1000 Messungen 0.018144 Sekunden gebraucht
bei 5 cores haben 1000 Messungen 0.017882 Sekunden gebraucht
bei 6 cores haben 1000 Messungen 0.020078 Sekunden gebraucht
bei 6 cores haben 1000 Messungen 0.019736 Sekunden gebraucht
bei 6 cores haben 1000 Messungen 0.019810 Sekunden gebraucht
bei 6 cores haben 1000 Messungen 0.019732 Sekunden gebraucht
bei 6 cores haben 1000 Messungen 0.019707 Sekunden gebraucht
bei 7 cores haben 1000 Messungen 0.019773 Sekunden gebraucht
bei 7 cores haben 1000 Messungen 0.019568 Sekunden gebraucht
bei 7 cores haben 1000 Messungen 0.018176 Sekunden gebraucht
bei 7 cores haben 1000 Messungen 0.017756 Sekunden gebraucht
bei 7 cores haben 1000 Messungen 0.017891 Sekunden gebraucht
bei 8 cores haben 1000 Messungen 0.020213 Sekunden gebraucht
bei 8 cores haben 1000 Messungen 0.020149 Sekunden gebraucht
bei 8 cores haben 1000 Messungen 0.019734 Sekunden gebraucht
bei 8 cores haben 1000 Messungen 0.019402 Sekunden gebraucht
bei 8 cores haben 1000 Messungen 0.019236 Sekunden gebraucht
bei 9 cores haben 1000 Messungen 0.018954 Sekunden gebraucht
bei 9 cores haben 1000 Messungen 0.019196 Sekunden gebraucht
bei 9 cores haben 1000 Messungen 0.019186 Sekunden gebraucht
bei 9 cores haben 1000 Messungen 0.019140 Sekunden gebraucht
bei 9 cores haben 1000 Messungen 0.019512 Sekunden gebraucht
bei 10 cores haben 1000 Messungen 0.021665 Sekunden gebraucht
bei 10 cores haben 1000 Messungen 0.021711 Sekunden gebraucht
bei 10 cores haben 1000 Messungen 0.021328 Sekunden gebraucht
bei 10 cores haben 1000 Messungen 0.021490 Sekunden gebraucht
bei 10 cores haben 1000 Messungen 0.021429 Sekunden gebraucht
bei 11 cores haben 1000 Messungen 0.020594 Sekunden gebraucht
bei 11 cores haben 1000 Messungen 0.019924 Sekunden gebraucht
bei 11 cores haben 1000 Messungen 0.020137 Sekunden gebraucht
bei 11 cores haben 1000 Messungen 0.020300 Sekunden gebraucht
bei 11 cores haben 1000 Messungen 0.020055 Sekunden gebraucht
bei 12 cores haben 1000 Messungen 0.023579 Sekunden gebraucht
bei 12 cores haben 1000 Messungen 0.023703 Sekunden gebraucht
bei 12 cores haben 1000 Messungen 0.024234 Sekunden gebraucht
bei 12 cores haben 1000 Messungen 0.023456 Sekunden gebraucht
bei 12 cores haben 1000 Messungen 0.023404 Sekunden gebraucht
Laenge=100
bei 1 cores haben 1000 Messungen 0.797085 Sekunden gebraucht
bei 1 cores haben 1000 Messungen 0.796875 Sekunden gebraucht
bei 1 cores haben 1000 Messungen 0.831942 Sekunden gebraucht
bei 1 cores haben 1000 Messungen 0.797030 Sekunden gebraucht
bei 1 cores haben 1000 Messungen 0.796037 Sekunden gebraucht
bei 2 cores haben 1000 Messungen 0.789270 Sekunden gebraucht
bei 2 cores haben 1000 Messungen 0.740063 Sekunden gebraucht
bei 2 cores haben 1000 Messungen 0.741141 Sekunden gebraucht
bei 2 cores haben 1000 Messungen 0.761356 Sekunden gebraucht
bei 2 cores haben 1000 Messungen 0.738907 Sekunden gebraucht
bei 3 cores haben 1000 Messungen 0.633414 Sekunden gebraucht
bei 3 cores haben 1000 Messungen 0.613969 Sekunden gebraucht
bei 3 cores haben 1000 Messungen 0.604491 Sekunden gebraucht
bei 3 cores haben 1000 Messungen 0.611851 Sekunden gebraucht
bei 3 cores haben 1000 Messungen 0.595226 Sekunden gebraucht
bei 4 cores haben 1000 Messungen 0.584753 Sekunden gebraucht
bei 4 cores haben 1000 Messungen 0.581979 Sekunden gebraucht
bei 4 cores haben 1000 Messungen 0.576603 Sekunden gebraucht
bei 4 cores haben 1000 Messungen 0.564420 Sekunden gebraucht
bei 4 cores haben 1000 Messungen 0.565574 Sekunden gebraucht
bei 5 cores haben 1000 Messungen 0.572481 Sekunden gebraucht
bei 5 cores haben 1000 Messungen 0.588117 Sekunden gebraucht
bei 5 cores haben 1000 Messungen 0.581263 Sekunden gebraucht
bei 5 cores haben 1000 Messungen 0.575477 Sekunden gebraucht
bei 5 cores haben 1000 Messungen 0.599421 Sekunden gebraucht
bei 6 cores haben 1000 Messungen 0.523908 Sekunden gebraucht
bei 6 cores haben 1000 Messungen 0.568878 Sekunden gebraucht
bei 6 cores haben 1000 Messungen 0.564809 Sekunden gebraucht
bei 6 cores haben 1000 Messungen 0.563046 Sekunden gebraucht
bei 6 cores haben 1000 Messungen 0.563274 Sekunden gebraucht
bei 7 cores haben 1000 Messungen 0.575040 Sekunden gebraucht
bei 7 cores haben 1000 Messungen 0.599107 Sekunden gebraucht
bei 7 cores haben 1000 Messungen 0.599070 Sekunden gebraucht
bei 7 cores haben 1000 Messungen 0.584845 Sekunden gebraucht
bei 7 cores haben 1000 Messungen 0.587085 Sekunden gebraucht
bei 8 cores haben 1000 Messungen 0.604788 Sekunden gebraucht
bei 8 cores haben 1000 Messungen 0.580607 Sekunden gebraucht
bei 8 cores haben 1000 Messungen 0.602757 Sekunden gebraucht
bei 8 cores haben 1000 Messungen 0.604026 Sekunden gebraucht
bei 8 cores haben 1000 Messungen 0.588168 Sekunden gebraucht
bei 9 cores haben 1000 Messungen 0.606358 Sekunden gebraucht
bei 9 cores haben 1000 Messungen 0.590530 Sekunden gebraucht
bei 9 cores haben 1000 Messungen 0.599669 Sekunden gebraucht
bei 9 cores haben 1000 Messungen 0.600680 Sekunden gebraucht
bei 9 cores haben 1000 Messungen 0.601785 Sekunden gebraucht
bei 10 cores haben 1000 Messungen 0.621944 Sekunden gebraucht
bei 10 cores haben 1000 Messungen 0.584732 Sekunden gebraucht
bei 10 cores haben 1000 Messungen 0.580408 Sekunden gebraucht
bei 10 cores haben 1000 Messungen 0.596025 Sekunden gebraucht
bei 10 cores haben 1000 Messungen 0.617658 Sekunden gebraucht
bei 11 cores haben 1000 Messungen 0.821956 Sekunden gebraucht
bei 11 cores haben 1000 Messungen 0.614802 Sekunden gebraucht
bei 11 cores haben 1000 Messungen 0.600515 Sekunden gebraucht
bei 11 cores haben 1000 Messungen 0.609214 Sekunden gebraucht
bei 11 cores haben 1000 Messungen 0.604584 Sekunden gebraucht
bei 12 cores haben 1000 Messungen 0.615714 Sekunden gebraucht
bei 12 cores haben 1000 Messungen 0.617963 Sekunden gebraucht
bei 12 cores haben 1000 Messungen 0.619233 Sekunden gebraucht
bei 12 cores haben 1000 Messungen 0.619344 Sekunden gebraucht
bei 12 cores haben 1000 Messungen 0.631123 Sekunden gebraucht
Laenge=500
bei 1 cores haben 1000 Messungen 19.922299 Sekunden gebraucht
bei 1 cores haben 1000 Messungen 19.883514 Sekunden gebraucht
bei 1 cores haben 1000 Messungen 19.881086 Sekunden gebraucht
bei 1 cores haben 1000 Messungen 19.878449 Sekunden gebraucht
bei 1 cores haben 1000 Messungen 19.884927 Sekunden gebraucht
bei 2 cores haben 1000 Messungen 18.728374 Sekunden gebraucht
bei 2 cores haben 1000 Messungen 18.638615 Sekunden gebraucht
bei 2 cores haben 1000 Messungen 18.739342 Sekunden gebraucht
bei 2 cores haben 1000 Messungen 18.788378 Sekunden gebraucht
bei 2 cores haben 1000 Messungen 18.855328 Sekunden gebraucht
bei 3 cores haben 1000 Messungen 15.460186 Sekunden gebraucht
bei 3 cores haben 1000 Messungen 15.401962 Sekunden gebraucht
bei 3 cores haben 1000 Messungen 15.645006 Sekunden gebraucht
bei 3 cores haben 1000 Messungen 15.542268 Sekunden gebraucht
bei 3 cores haben 1000 Messungen 15.708894 Sekunden gebraucht
bei 4 cores haben 1000 Messungen 14.243916 Sekunden gebraucht
bei 4 cores haben 1000 Messungen 14.212029 Sekunden gebraucht
bei 4 cores haben 1000 Messungen 14.213315 Sekunden gebraucht
bei 4 cores haben 1000 Messungen 14.380271 Sekunden gebraucht
bei 4 cores haben 1000 Messungen 14.232270 Sekunden gebraucht
bei 5 cores haben 1000 Messungen 14.580027 Sekunden gebraucht
bei 5 cores haben 1000 Messungen 14.740816 Sekunden gebraucht
bei 5 cores haben 1000 Messungen 14.761058 Sekunden gebraucht
bei 5 cores haben 1000 Messungen 14.744551 Sekunden gebraucht
bei 5 cores haben 1000 Messungen 14.678867 Sekunden gebraucht
bei 6 cores haben 1000 Messungen 14.938821 Sekunden gebraucht
bei 6 cores haben 1000 Messungen 14.966814 Sekunden gebraucht
bei 6 cores haben 1000 Messungen 14.065657 Sekunden gebraucht
bei 6 cores haben 1000 Messungen 14.030377 Sekunden gebraucht
bei 6 cores haben 1000 Messungen 14.108181 Sekunden gebraucht
bei 7 cores haben 1000 Messungen 14.828094 Sekunden gebraucht
bei 7 cores haben 1000 Messungen 14.288771 Sekunden gebraucht
bei 7 cores haben 1000 Messungen 14.689425 Sekunden gebraucht
bei 7 cores haben 1000 Messungen 14.754480 Sekunden gebraucht
bei 7 cores haben 1000 Messungen 14.697275 Sekunden gebraucht
bei 8 cores haben 1000 Messungen 14.364561 Sekunden gebraucht
bei 8 cores haben 1000 Messungen 14.440150 Sekunden gebraucht
bei 8 cores haben 1000 Messungen 14.494254 Sekunden gebraucht
bei 8 cores haben 1000 Messungen 14.415221 Sekunden gebraucht
bei 8 cores haben 1000 Messungen 14.369836 Sekunden gebraucht
bei 9 cores haben 1000 Messungen 14.970058 Sekunden gebraucht
bei 9 cores haben 1000 Messungen 15.054358 Sekunden gebraucht
bei 9 cores haben 1000 Messungen 15.068518 Sekunden gebraucht
bei 9 cores haben 1000 Messungen 14.947287 Sekunden gebraucht
bei 9 cores haben 1000 Messungen 15.076712 Sekunden gebraucht
bei 10 cores haben 1000 Messungen 15.015684 Sekunden gebraucht
bei 10 cores haben 1000 Messungen 15.020368 Sekunden gebraucht
bei 10 cores haben 1000 Messungen 14.996878 Sekunden gebraucht
bei 10 cores haben 1000 Messungen 15.010941 Sekunden gebraucht
bei 10 cores haben 1000 Messungen 14.861081 Sekunden gebraucht
bei 11 cores haben 1000 Messungen 14.927754 Sekunden gebraucht
bei 11 cores haben 1000 Messungen 14.961026 Sekunden gebraucht
bei 11 cores haben 1000 Messungen 14.967550 Sekunden gebraucht
bei 11 cores haben 1000 Messungen 14.994709 Sekunden gebraucht
bei 11 cores haben 1000 Messungen 15.000344 Sekunden gebraucht
bei 12 cores haben 1000 Messungen 15.019051 Sekunden gebraucht
bei 12 cores haben 1000 Messungen 15.013074 Sekunden gebraucht
bei 12 cores haben 1000 Messungen 15.005751 Sekunden gebraucht
bei 12 cores haben 1000 Messungen 14.994446 Sekunden gebraucht
bei 12 cores haben 1000 Messungen 15.023398 Sekunden gebraucht
/hiskp4/gross/bachelorarbeit
