Tue Jun 16 11:56:42 CEST 2020 Waiting for 30 seconds before starting the job to allow the node to settle down
Tue Jun 16 11:57:12 CEST 2020 Waiting done, starting task!
Tue Jun 16 11:57:12 CEST 2020 Waiting for 30 seconds before starting the job to allow the node to settle down
Tue Jun 16 11:57:42 CEST 2020 Waiting done, starting task!
Laenge=10
bei 1 cores haben 1000 Messungen 0.009559 Sekunden gebraucht
bei 1 cores haben 1000 Messungen 0.009586 Sekunden gebraucht
bei 1 cores haben 1000 Messungen 0.009560 Sekunden gebraucht
bei 1 cores haben 1000 Messungen 0.009542 Sekunden gebraucht
bei 1 cores haben 1000 Messungen 0.009473 Sekunden gebraucht
bei 2 cores haben 1000 Messungen 0.014944 Sekunden gebraucht
bei 2 cores haben 1000 Messungen 0.011503 Sekunden gebraucht
bei 2 cores haben 1000 Messungen 0.010748 Sekunden gebraucht
bei 2 cores haben 1000 Messungen 0.010183 Sekunden gebraucht
bei 2 cores haben 1000 Messungen 0.009567 Sekunden gebraucht
bei 3 cores haben 1000 Messungen 0.014573 Sekunden gebraucht
bei 3 cores haben 1000 Messungen 0.013996 Sekunden gebraucht
bei 3 cores haben 1000 Messungen 0.013746 Sekunden gebraucht
bei 3 cores haben 1000 Messungen 0.012988 Sekunden gebraucht
bei 3 cores haben 1000 Messungen 0.013185 Sekunden gebraucht
bei 4 cores haben 1000 Messungen 0.013574 Sekunden gebraucht
bei 4 cores haben 1000 Messungen 0.012804 Sekunden gebraucht
bei 4 cores haben 1000 Messungen 0.012767 Sekunden gebraucht
bei 4 cores haben 1000 Messungen 0.013096 Sekunden gebraucht
bei 4 cores haben 1000 Messungen 0.013521 Sekunden gebraucht
bei 5 cores haben 1000 Messungen 0.013760 Sekunden gebraucht
bei 5 cores haben 1000 Messungen 0.014365 Sekunden gebraucht
bei 5 cores haben 1000 Messungen 0.014318 Sekunden gebraucht
bei 5 cores haben 1000 Messungen 0.014390 Sekunden gebraucht
bei 5 cores haben 1000 Messungen 0.014096 Sekunden gebraucht
bei 6 cores haben 1000 Messungen 0.014195 Sekunden gebraucht
bei 6 cores haben 1000 Messungen 0.014132 Sekunden gebraucht
bei 6 cores haben 1000 Messungen 0.014019 Sekunden gebraucht
bei 6 cores haben 1000 Messungen 0.014884 Sekunden gebraucht
bei 6 cores haben 1000 Messungen 0.014538 Sekunden gebraucht
bei 7 cores haben 1000 Messungen 0.016121 Sekunden gebraucht
bei 7 cores haben 1000 Messungen 0.016260 Sekunden gebraucht
bei 7 cores haben 1000 Messungen 0.016180 Sekunden gebraucht
bei 7 cores haben 1000 Messungen 0.015882 Sekunden gebraucht
bei 7 cores haben 1000 Messungen 0.015655 Sekunden gebraucht
bei 8 cores haben 1000 Messungen 0.016967 Sekunden gebraucht
bei 8 cores haben 1000 Messungen 0.016964 Sekunden gebraucht
bei 8 cores haben 1000 Messungen 0.016408 Sekunden gebraucht
bei 8 cores haben 1000 Messungen 0.015613 Sekunden gebraucht
bei 8 cores haben 1000 Messungen 0.015256 Sekunden gebraucht
bei 9 cores haben 1000 Messungen 0.017816 Sekunden gebraucht
bei 9 cores haben 1000 Messungen 0.017190 Sekunden gebraucht
bei 9 cores haben 1000 Messungen 0.016828 Sekunden gebraucht
bei 9 cores haben 1000 Messungen 0.016411 Sekunden gebraucht
bei 9 cores haben 1000 Messungen 0.016216 Sekunden gebraucht
bei 10 cores haben 1000 Messungen 0.017883 Sekunden gebraucht
bei 10 cores haben 1000 Messungen 0.017994 Sekunden gebraucht
bei 10 cores haben 1000 Messungen 0.017964 Sekunden gebraucht
bei 10 cores haben 1000 Messungen 0.017840 Sekunden gebraucht
bei 10 cores haben 1000 Messungen 0.018122 Sekunden gebraucht
bei 11 cores haben 1000 Messungen 0.018551 Sekunden gebraucht
bei 11 cores haben 1000 Messungen 0.018666 Sekunden gebraucht
bei 11 cores haben 1000 Messungen 0.018379 Sekunden gebraucht
bei 11 cores haben 1000 Messungen 0.018361 Sekunden gebraucht
bei 11 cores haben 1000 Messungen 0.018459 Sekunden gebraucht
bei 12 cores haben 1000 Messungen 0.022492 Sekunden gebraucht
bei 12 cores haben 1000 Messungen 0.020202 Sekunden gebraucht
bei 12 cores haben 1000 Messungen 0.020038 Sekunden gebraucht
bei 12 cores haben 1000 Messungen 0.020073 Sekunden gebraucht
bei 12 cores haben 1000 Messungen 0.020048 Sekunden gebraucht
Laenge=100
bei 1 cores haben 1000 Messungen 0.543179 Sekunden gebraucht
bei 1 cores haben 1000 Messungen 0.535982 Sekunden gebraucht
bei 1 cores haben 1000 Messungen 0.535848 Sekunden gebraucht
bei 1 cores haben 1000 Messungen 0.536076 Sekunden gebraucht
bei 1 cores haben 1000 Messungen 0.536067 Sekunden gebraucht
bei 2 cores haben 1000 Messungen 0.357627 Sekunden gebraucht
bei 2 cores haben 1000 Messungen 0.340663 Sekunden gebraucht
bei 2 cores haben 1000 Messungen 0.303907 Sekunden gebraucht
bei 2 cores haben 1000 Messungen 0.390321 Sekunden gebraucht
bei 2 cores haben 1000 Messungen 0.317170 Sekunden gebraucht
bei 3 cores haben 1000 Messungen 0.219353 Sekunden gebraucht
bei 3 cores haben 1000 Messungen 0.219302 Sekunden gebraucht
bei 3 cores haben 1000 Messungen 0.220809 Sekunden gebraucht
bei 3 cores haben 1000 Messungen 0.219818 Sekunden gebraucht
bei 3 cores haben 1000 Messungen 0.220178 Sekunden gebraucht
bei 4 cores haben 1000 Messungen 0.180215 Sekunden gebraucht
bei 4 cores haben 1000 Messungen 0.179739 Sekunden gebraucht
bei 4 cores haben 1000 Messungen 0.208156 Sekunden gebraucht
bei 4 cores haben 1000 Messungen 0.178815 Sekunden gebraucht
bei 4 cores haben 1000 Messungen 0.179869 Sekunden gebraucht
bei 5 cores haben 1000 Messungen 0.182205 Sekunden gebraucht
bei 5 cores haben 1000 Messungen 0.160156 Sekunden gebraucht
bei 5 cores haben 1000 Messungen 0.182914 Sekunden gebraucht
bei 5 cores haben 1000 Messungen 0.157842 Sekunden gebraucht
bei 5 cores haben 1000 Messungen 0.158281 Sekunden gebraucht
bei 6 cores haben 1000 Messungen 0.144488 Sekunden gebraucht
bei 6 cores haben 1000 Messungen 0.144694 Sekunden gebraucht
bei 6 cores haben 1000 Messungen 0.144337 Sekunden gebraucht
bei 6 cores haben 1000 Messungen 0.145986 Sekunden gebraucht
bei 6 cores haben 1000 Messungen 0.143897 Sekunden gebraucht
bei 7 cores haben 1000 Messungen 0.133071 Sekunden gebraucht
bei 7 cores haben 1000 Messungen 0.133438 Sekunden gebraucht
bei 7 cores haben 1000 Messungen 0.132743 Sekunden gebraucht
bei 7 cores haben 1000 Messungen 0.133558 Sekunden gebraucht
bei 7 cores haben 1000 Messungen 0.131868 Sekunden gebraucht
bei 8 cores haben 1000 Messungen 0.152053 Sekunden gebraucht
bei 8 cores haben 1000 Messungen 0.127965 Sekunden gebraucht
bei 8 cores haben 1000 Messungen 0.127872 Sekunden gebraucht
bei 8 cores haben 1000 Messungen 0.125997 Sekunden gebraucht
bei 8 cores haben 1000 Messungen 0.129581 Sekunden gebraucht
bei 9 cores haben 1000 Messungen 0.121644 Sekunden gebraucht
bei 9 cores haben 1000 Messungen 0.120267 Sekunden gebraucht
bei 9 cores haben 1000 Messungen 0.121481 Sekunden gebraucht
bei 9 cores haben 1000 Messungen 0.122787 Sekunden gebraucht
bei 9 cores haben 1000 Messungen 0.121710 Sekunden gebraucht
bei 10 cores haben 1000 Messungen 0.116797 Sekunden gebraucht
bei 10 cores haben 1000 Messungen 0.115338 Sekunden gebraucht
bei 10 cores haben 1000 Messungen 0.118014 Sekunden gebraucht
bei 10 cores haben 1000 Messungen 0.117958 Sekunden gebraucht
bei 10 cores haben 1000 Messungen 0.115979 Sekunden gebraucht
bei 11 cores haben 1000 Messungen 0.115367 Sekunden gebraucht
bei 11 cores haben 1000 Messungen 0.115480 Sekunden gebraucht
bei 11 cores haben 1000 Messungen 0.117918 Sekunden gebraucht
bei 11 cores haben 1000 Messungen 0.116921 Sekunden gebraucht
bei 11 cores haben 1000 Messungen 0.114914 Sekunden gebraucht
bei 12 cores haben 1000 Messungen 0.161779 Sekunden gebraucht
bei 12 cores haben 1000 Messungen 0.114215 Sekunden gebraucht
bei 12 cores haben 1000 Messungen 0.113523 Sekunden gebraucht
bei 12 cores haben 1000 Messungen 0.111657 Sekunden gebraucht
bei 12 cores haben 1000 Messungen 0.113068 Sekunden gebraucht
Laenge=500
bei 1 cores haben 1000 Messungen 13.583123 Sekunden gebraucht
bei 1 cores haben 1000 Messungen 13.440294 Sekunden gebraucht
bei 1 cores haben 1000 Messungen 13.452186 Sekunden gebraucht
bei 1 cores haben 1000 Messungen 13.434182 Sekunden gebraucht
bei 1 cores haben 1000 Messungen 13.424363 Sekunden gebraucht
bei 2 cores haben 1000 Messungen 7.542535 Sekunden gebraucht
bei 2 cores haben 1000 Messungen 7.533335 Sekunden gebraucht
bei 2 cores haben 1000 Messungen 7.534321 Sekunden gebraucht
bei 2 cores haben 1000 Messungen 7.548765 Sekunden gebraucht
bei 2 cores haben 1000 Messungen 7.796331 Sekunden gebraucht
bei 3 cores haben 1000 Messungen 5.485681 Sekunden gebraucht
bei 3 cores haben 1000 Messungen 5.470954 Sekunden gebraucht
bei 3 cores haben 1000 Messungen 5.362344 Sekunden gebraucht
bei 3 cores haben 1000 Messungen 5.330578 Sekunden gebraucht
bei 3 cores haben 1000 Messungen 5.604492 Sekunden gebraucht
bei 4 cores haben 1000 Messungen 4.621879 Sekunden gebraucht
bei 4 cores haben 1000 Messungen 4.662391 Sekunden gebraucht
bei 4 cores haben 1000 Messungen 4.607335 Sekunden gebraucht
bei 4 cores haben 1000 Messungen 4.505648 Sekunden gebraucht
bei 4 cores haben 1000 Messungen 4.430101 Sekunden gebraucht
bei 5 cores haben 1000 Messungen 3.857430 Sekunden gebraucht
bei 5 cores haben 1000 Messungen 3.817843 Sekunden gebraucht
bei 5 cores haben 1000 Messungen 3.736586 Sekunden gebraucht
bei 5 cores haben 1000 Messungen 3.788148 Sekunden gebraucht
bei 5 cores haben 1000 Messungen 3.794001 Sekunden gebraucht
bei 6 cores haben 1000 Messungen 3.400979 Sekunden gebraucht
bei 6 cores haben 1000 Messungen 3.290157 Sekunden gebraucht
bei 6 cores haben 1000 Messungen 3.317815 Sekunden gebraucht
bei 6 cores haben 1000 Messungen 3.379348 Sekunden gebraucht
bei 6 cores haben 1000 Messungen 3.388510 Sekunden gebraucht
bei 7 cores haben 1000 Messungen 2.954820 Sekunden gebraucht
bei 7 cores haben 1000 Messungen 2.982160 Sekunden gebraucht
bei 7 cores haben 1000 Messungen 2.992281 Sekunden gebraucht
bei 7 cores haben 1000 Messungen 2.997828 Sekunden gebraucht
bei 7 cores haben 1000 Messungen 3.067512 Sekunden gebraucht
bei 8 cores haben 1000 Messungen 2.774620 Sekunden gebraucht
bei 8 cores haben 1000 Messungen 2.859653 Sekunden gebraucht
bei 8 cores haben 1000 Messungen 2.791543 Sekunden gebraucht
bei 8 cores haben 1000 Messungen 2.791638 Sekunden gebraucht
bei 8 cores haben 1000 Messungen 2.788414 Sekunden gebraucht
bei 9 cores haben 1000 Messungen 2.625964 Sekunden gebraucht
bei 9 cores haben 1000 Messungen 2.678618 Sekunden gebraucht
bei 9 cores haben 1000 Messungen 2.671884 Sekunden gebraucht
bei 9 cores haben 1000 Messungen 2.635862 Sekunden gebraucht
bei 9 cores haben 1000 Messungen 2.708775 Sekunden gebraucht
bei 10 cores haben 1000 Messungen 2.504634 Sekunden gebraucht
bei 10 cores haben 1000 Messungen 2.491861 Sekunden gebraucht
bei 10 cores haben 1000 Messungen 2.489248 Sekunden gebraucht
bei 10 cores haben 1000 Messungen 2.491423 Sekunden gebraucht
bei 10 cores haben 1000 Messungen 2.516543 Sekunden gebraucht
bei 11 cores haben 1000 Messungen 2.441138 Sekunden gebraucht
bei 11 cores haben 1000 Messungen 2.385543 Sekunden gebraucht
bei 11 cores haben 1000 Messungen 2.378296 Sekunden gebraucht
bei 11 cores haben 1000 Messungen 2.377203 Sekunden gebraucht
bei 11 cores haben 1000 Messungen 2.424759 Sekunden gebraucht
bei 12 cores haben 1000 Messungen 2.255034 Sekunden gebraucht
bei 12 cores haben 1000 Messungen 2.285409 Sekunden gebraucht
bei 12 cores haben 1000 Messungen 2.294360 Sekunden gebraucht
bei 12 cores haben 1000 Messungen 2.279586 Sekunden gebraucht
bei 12 cores haben 1000 Messungen 2.268981 Sekunden gebraucht
/hiskp4/gross/bachelorarbeit
