Fri Jul 24 15:28:22 CEST 2020 Waiting for 30 seconds before starting the job to allow the node to settle down
Fri Jul 24 15:28:52 CEST 2020 Waiting done, starting task!
480 1
Fri Jul 24 15:28:52 CEST 2020 Waiting for 30 seconds before starting the job to allow the node to settle down
Fri Jul 24 15:29:22 CEST 2020 Waiting done, starting task!
480
480 2
Fri Jul 24 15:41:43 CEST 2020 Waiting for 30 seconds before starting the job to allow the node to settle down
Fri Jul 24 15:41:43 CEST 2020 Waiting for 30 seconds before starting the job to allow the node to settle down
Fri Jul 24 15:42:13 CEST 2020 Waiting done, starting task!
Fri Jul 24 15:42:13 CEST 2020 Waiting done, starting task!
480
480 3
Fri Jul 24 15:48:27 CEST 2020 Waiting for 30 seconds before starting the job to allow the node to settle down
Fri Jul 24 15:48:27 CEST 2020 Waiting for 30 seconds before starting the job to allow the node to settle down
Fri Jul 24 15:48:27 CEST 2020 Waiting for 30 seconds before starting the job to allow the node to settle down
Fri Jul 24 15:48:57 CEST 2020 Waiting done, starting task!
Fri Jul 24 15:48:57 CEST 2020 Waiting done, starting task!
Fri Jul 24 15:48:57 CEST 2020 Waiting done, starting task!
480
480 4
Fri Jul 24 15:53:15 CEST 2020 Waiting for 30 seconds before starting the job to allow the node to settle down
Fri Jul 24 15:53:15 CEST 2020 Waiting for 30 seconds before starting the job to allow the node to settle down
Fri Jul 24 15:53:15 CEST 2020 Waiting for 30 seconds before starting the job to allow the node to settle down
Fri Jul 24 15:53:15 CEST 2020 Waiting for 30 seconds before starting the job to allow the node to settle down
Fri Jul 24 15:53:45 CEST 2020 Waiting done, starting task!
Fri Jul 24 15:53:45 CEST 2020 Waiting done, starting task!
Fri Jul 24 15:53:45 CEST 2020 Waiting done, starting task!
Fri Jul 24 15:53:45 CEST 2020 Waiting done, starting task!
480
480 5
Fri Jul 24 15:56:55 CEST 2020 Waiting for 30 seconds before starting the job to allow the node to settle down
Fri Jul 24 15:56:55 CEST 2020 Waiting for 30 seconds before starting the job to allow the node to settle down
Fri Jul 24 15:56:55 CEST 2020 Waiting for 30 seconds before starting the job to allow the node to settle down
Fri Jul 24 15:56:55 CEST 2020 Waiting for 30 seconds before starting the job to allow the node to settle down
Fri Jul 24 15:56:55 CEST 2020 Waiting for 30 seconds before starting the job to allow the node to settle down
Fri Jul 24 15:57:25 CEST 2020 Waiting done, starting task!
Fri Jul 24 15:57:25 CEST 2020 Waiting done, starting task!
Fri Jul 24 15:57:25 CEST 2020 Waiting done, starting task!
Fri Jul 24 15:57:25 CEST 2020 Waiting done, starting task!
Fri Jul 24 15:57:25 CEST 2020 Waiting done, starting task!
480
480 6
Fri Jul 24 16:00:01 CEST 2020 Waiting for 30 seconds before starting the job to allow the node to settle down
Fri Jul 24 16:00:01 CEST 2020 Waiting for 30 seconds before starting the job to allow the node to settle down
Fri Jul 24 16:00:01 CEST 2020 Waiting for 30 seconds before starting the job to allow the node to settle down
Fri Jul 24 16:00:01 CEST 2020 Waiting for 30 seconds before starting the job to allow the node to settle down
Fri Jul 24 16:00:01 CEST 2020 Waiting for 30 seconds before starting the job to allow the node to settle down
Fri Jul 24 16:00:01 CEST 2020 Waiting for 30 seconds before starting the job to allow the node to settle down
Fri Jul 24 16:00:31 CEST 2020 Waiting done, starting task!
Fri Jul 24 16:00:31 CEST 2020 Waiting done, starting task!
Fri Jul 24 16:00:31 CEST 2020 Waiting done, starting task!
Fri Jul 24 16:00:31 CEST 2020 Waiting done, starting task!
Fri Jul 24 16:00:31 CEST 2020 Waiting done, starting task!
Fri Jul 24 16:00:31 CEST 2020 Waiting done, starting task!
480
480 8
Fri Jul 24 16:02:44 CEST 2020 Waiting for 30 seconds before starting the job to allow the node to settle down
Fri Jul 24 16:02:44 CEST 2020 Waiting for 30 seconds before starting the job to allow the node to settle down
Fri Jul 24 16:02:44 CEST 2020 Waiting for 30 seconds before starting the job to allow the node to settle down
Fri Jul 24 16:02:44 CEST 2020 Waiting for 30 seconds before starting the job to allow the node to settle down
Fri Jul 24 16:02:44 CEST 2020 Waiting for 30 seconds before starting the job to allow the node to settle down
Fri Jul 24 16:02:44 CEST 2020 Waiting for 30 seconds before starting the job to allow the node to settle down
Fri Jul 24 16:02:44 CEST 2020 Waiting for 30 seconds before starting the job to allow the node to settle down
Fri Jul 24 16:02:44 CEST 2020 Waiting for 30 seconds before starting the job to allow the node to settle down
Fri Jul 24 16:03:14 CEST 2020 Waiting done, starting task!
Fri Jul 24 16:03:14 CEST 2020 Waiting done, starting task!
Fri Jul 24 16:03:14 CEST 2020 Waiting done, starting task!
Fri Jul 24 16:03:14 CEST 2020 Waiting done, starting task!
Fri Jul 24 16:03:14 CEST 2020 Waiting done, starting task!
Fri Jul 24 16:03:14 CEST 2020 Waiting done, starting task!
Fri Jul 24 16:03:14 CEST 2020 Waiting done, starting task!
Fri Jul 24 16:03:14 CEST 2020 Waiting done, starting task!
480
480 10
Fri Jul 24 16:04:52 CEST 2020 Waiting for 30 seconds before starting the job to allow the node to settle down
Fri Jul 24 16:04:52 CEST 2020 Waiting for 30 seconds before starting the job to allow the node to settle down
Fri Jul 24 16:04:52 CEST 2020 Waiting for 30 seconds before starting the job to allow the node to settle down
Fri Jul 24 16:04:52 CEST 2020 Waiting for 30 seconds before starting the job to allow the node to settle down
Fri Jul 24 16:04:52 CEST 2020 Waiting for 30 seconds before starting the job to allow the node to settle down
Fri Jul 24 16:04:52 CEST 2020 Waiting for 30 seconds before starting the job to allow the node to settle down
Fri Jul 24 16:04:52 CEST 2020 Waiting for 30 seconds before starting the job to allow the node to settle down
Fri Jul 24 16:04:52 CEST 2020 Waiting for 30 seconds before starting the job to allow the node to settle down
Fri Jul 24 16:04:52 CEST 2020 Waiting for 30 seconds before starting the job to allow the node to settle down
Fri Jul 24 16:04:52 CEST 2020 Waiting for 30 seconds before starting the job to allow the node to settle down
Fri Jul 24 16:05:22 CEST 2020 Waiting done, starting task!
Fri Jul 24 16:05:22 CEST 2020 Waiting done, starting task!
Fri Jul 24 16:05:22 CEST 2020 Waiting done, starting task!
Fri Jul 24 16:05:22 CEST 2020 Waiting done, starting task!
Fri Jul 24 16:05:22 CEST 2020 Waiting done, starting task!
Fri Jul 24 16:05:22 CEST 2020 Waiting done, starting task!
Fri Jul 24 16:05:22 CEST 2020 Waiting done, starting task!
Fri Jul 24 16:05:22 CEST 2020 Waiting done, starting task!
Fri Jul 24 16:05:22 CEST 2020 Waiting done, starting task!
Fri Jul 24 16:05:22 CEST 2020 Waiting done, starting task!
480
480 12
Fri Jul 24 16:06:43 CEST 2020 Waiting for 30 seconds before starting the job to allow the node to settle down
Fri Jul 24 16:06:43 CEST 2020 Waiting for 30 seconds before starting the job to allow the node to settle down
Fri Jul 24 16:06:43 CEST 2020 Waiting for 30 seconds before starting the job to allow the node to settle down
Fri Jul 24 16:06:43 CEST 2020 Waiting for 30 seconds before starting the job to allow the node to settle down
Fri Jul 24 16:06:43 CEST 2020 Waiting for 30 seconds before starting the job to allow the node to settle down
Fri Jul 24 16:06:43 CEST 2020 Waiting for 30 seconds before starting the job to allow the node to settle down
Fri Jul 24 16:06:43 CEST 2020 Waiting for 30 seconds before starting the job to allow the node to settle down
Fri Jul 24 16:06:43 CEST 2020 Waiting for 30 seconds before starting the job to allow the node to settle down
Fri Jul 24 16:06:43 CEST 2020 Waiting for 30 seconds before starting the job to allow the node to settle down
Fri Jul 24 16:06:43 CEST 2020 Waiting for 30 seconds before starting the job to allow the node to settle down
Fri Jul 24 16:06:43 CEST 2020 Waiting for 30 seconds before starting the job to allow the node to settle down
Fri Jul 24 16:06:43 CEST 2020 Waiting for 30 seconds before starting the job to allow the node to settle down
Fri Jul 24 16:07:13 CEST 2020 Waiting done, starting task!
Fri Jul 24 16:07:13 CEST 2020 Waiting done, starting task!
Fri Jul 24 16:07:13 CEST 2020 Waiting done, starting task!
Fri Jul 24 16:07:13 CEST 2020 Waiting done, starting task!
Fri Jul 24 16:07:13 CEST 2020 Waiting done, starting task!
Fri Jul 24 16:07:13 CEST 2020 Waiting done, starting task!
Fri Jul 24 16:07:13 CEST 2020 Waiting done, starting task!
Fri Jul 24 16:07:13 CEST 2020 Waiting done, starting task!
Fri Jul 24 16:07:13 CEST 2020 Waiting done, starting task!
Fri Jul 24 16:07:13 CEST 2020 Waiting done, starting task!
Fri Jul 24 16:07:13 CEST 2020 Waiting done, starting task!
Fri Jul 24 16:07:13 CEST 2020 Waiting done, starting task!
480
480 15
Fri Jul 24 16:08:24 CEST 2020 Waiting for 30 seconds before starting the job to allow the node to settle down
Fri Jul 24 16:08:24 CEST 2020 Waiting for 30 seconds before starting the job to allow the node to settle down
Fri Jul 24 16:08:24 CEST 2020 Waiting for 30 seconds before starting the job to allow the node to settle down
Fri Jul 24 16:08:24 CEST 2020 Waiting for 30 seconds before starting the job to allow the node to settle down
Fri Jul 24 16:08:24 CEST 2020 Waiting for 30 seconds before starting the job to allow the node to settle down
Fri Jul 24 16:08:24 CEST 2020 Waiting for 30 seconds before starting the job to allow the node to settle down
Fri Jul 24 16:08:24 CEST 2020 Waiting for 30 seconds before starting the job to allow the node to settle down
Fri Jul 24 16:08:24 CEST 2020 Waiting for 30 seconds before starting the job to allow the node to settle down
Fri Jul 24 16:08:24 CEST 2020 Waiting for 30 seconds before starting the job to allow the node to settle down
Fri Jul 24 16:08:24 CEST 2020 Waiting for 30 seconds before starting the job to allow the node to settle down
Fri Jul 24 16:08:24 CEST 2020 Waiting for 30 seconds before starting the job to allow the node to settle down
Fri Jul 24 16:08:24 CEST 2020 Waiting for 30 seconds before starting the job to allow the node to settle down
Fri Jul 24 16:08:24 CEST 2020 Waiting for 30 seconds before starting the job to allow the node to settle down
Fri Jul 24 16:08:24 CEST 2020 Waiting for 30 seconds before starting the job to allow the node to settle down
Fri Jul 24 16:08:24 CEST 2020 Waiting for 30 seconds before starting the job to allow the node to settle down
Fri Jul 24 16:08:54 CEST 2020 Waiting done, starting task!
Fri Jul 24 16:08:54 CEST 2020 Waiting done, starting task!
Fri Jul 24 16:08:54 CEST 2020 Waiting done, starting task!
Fri Jul 24 16:08:54 CEST 2020 Waiting done, starting task!
Fri Jul 24 16:08:54 CEST 2020 Waiting done, starting task!
Fri Jul 24 16:08:54 CEST 2020 Waiting done, starting task!
Fri Jul 24 16:08:54 CEST 2020 Waiting done, starting task!
Fri Jul 24 16:08:54 CEST 2020 Waiting done, starting task!
Fri Jul 24 16:08:54 CEST 2020 Waiting done, starting task!
Fri Jul 24 16:08:54 CEST 2020 Waiting done, starting task!
Fri Jul 24 16:08:54 CEST 2020 Waiting done, starting task!
Fri Jul 24 16:08:54 CEST 2020 Waiting done, starting task!
Fri Jul 24 16:08:54 CEST 2020 Waiting done, starting task!
Fri Jul 24 16:08:54 CEST 2020 Waiting done, starting task!
Fri Jul 24 16:08:54 CEST 2020 Waiting done, starting task!
480
480 16
Fri Jul 24 16:09:53 CEST 2020 Waiting for 30 seconds before starting the job to allow the node to settle down
Fri Jul 24 16:09:53 CEST 2020 Waiting for 30 seconds before starting the job to allow the node to settle down
Fri Jul 24 16:09:53 CEST 2020 Waiting for 30 seconds before starting the job to allow the node to settle down
Fri Jul 24 16:09:53 CEST 2020 Waiting for 30 seconds before starting the job to allow the node to settle down
Fri Jul 24 16:09:53 CEST 2020 Waiting for 30 seconds before starting the job to allow the node to settle down
Fri Jul 24 16:09:53 CEST 2020 Waiting for 30 seconds before starting the job to allow the node to settle down
Fri Jul 24 16:09:53 CEST 2020 Waiting for 30 seconds before starting the job to allow the node to settle down
Fri Jul 24 16:09:53 CEST 2020 Waiting for 30 seconds before starting the job to allow the node to settle down
Fri Jul 24 16:09:53 CEST 2020 Waiting for 30 seconds before starting the job to allow the node to settle down
Fri Jul 24 16:09:53 CEST 2020 Waiting for 30 seconds before starting the job to allow the node to settle down
Fri Jul 24 16:09:53 CEST 2020 Waiting for 30 seconds before starting the job to allow the node to settle down
Fri Jul 24 16:09:53 CEST 2020 Waiting for 30 seconds before starting the job to allow the node to settle down
Fri Jul 24 16:09:53 CEST 2020 Waiting for 30 seconds before starting the job to allow the node to settle down
Fri Jul 24 16:09:53 CEST 2020 Waiting for 30 seconds before starting the job to allow the node to settle down
Fri Jul 24 16:09:53 CEST 2020 Waiting for 30 seconds before starting the job to allow the node to settle down
Fri Jul 24 16:09:53 CEST 2020 Waiting for 30 seconds before starting the job to allow the node to settle down
Fri Jul 24 16:10:23 CEST 2020 Waiting done, starting task!
Fri Jul 24 16:10:23 CEST 2020 Waiting done, starting task!
Fri Jul 24 16:10:23 CEST 2020 Waiting done, starting task!
Fri Jul 24 16:10:23 CEST 2020 Waiting done, starting task!
Fri Jul 24 16:10:23 CEST 2020 Waiting done, starting task!
Fri Jul 24 16:10:23 CEST 2020 Waiting done, starting task!
Fri Jul 24 16:10:23 CEST 2020 Waiting done, starting task!
Fri Jul 24 16:10:23 CEST 2020 Waiting done, starting task!
Fri Jul 24 16:10:23 CEST 2020 Waiting done, starting task!
Fri Jul 24 16:10:23 CEST 2020 Waiting done, starting task!
Fri Jul 24 16:10:23 CEST 2020 Waiting done, starting task!
Fri Jul 24 16:10:23 CEST 2020 Waiting done, starting task!
Fri Jul 24 16:10:23 CEST 2020 Waiting done, starting task!
Fri Jul 24 16:10:23 CEST 2020 Waiting done, starting task!
Fri Jul 24 16:10:23 CEST 2020 Waiting done, starting task!
Fri Jul 24 16:10:23 CEST 2020 Waiting done, starting task!
480
480 20
Fri Jul 24 16:11:20 CEST 2020 Waiting for 30 seconds before starting the job to allow the node to settle down
Fri Jul 24 16:11:20 CEST 2020 Waiting for 30 seconds before starting the job to allow the node to settle down
Fri Jul 24 16:11:20 CEST 2020 Waiting for 30 seconds before starting the job to allow the node to settle down
Fri Jul 24 16:11:20 CEST 2020 Waiting for 30 seconds before starting the job to allow the node to settle down
Fri Jul 24 16:11:20 CEST 2020 Waiting for 30 seconds before starting the job to allow the node to settle down
Fri Jul 24 16:11:20 CEST 2020 Waiting for 30 seconds before starting the job to allow the node to settle down
Fri Jul 24 16:11:20 CEST 2020 Waiting for 30 seconds before starting the job to allow the node to settle down
Fri Jul 24 16:11:20 CEST 2020 Waiting for 30 seconds before starting the job to allow the node to settle down
Fri Jul 24 16:11:20 CEST 2020 Waiting for 30 seconds before starting the job to allow the node to settle down
Fri Jul 24 16:11:20 CEST 2020 Waiting for 30 seconds before starting the job to allow the node to settle down
Fri Jul 24 16:11:20 CEST 2020 Waiting for 30 seconds before starting the job to allow the node to settle down
Fri Jul 24 16:11:20 CEST 2020 Waiting for 30 seconds before starting the job to allow the node to settle down
Fri Jul 24 16:11:20 CEST 2020 Waiting for 30 seconds before starting the job to allow the node to settle down
Fri Jul 24 16:11:20 CEST 2020 Waiting for 30 seconds before starting the job to allow the node to settle down
Fri Jul 24 16:11:20 CEST 2020 Waiting for 30 seconds before starting the job to allow the node to settle down
Fri Jul 24 16:11:20 CEST 2020 Waiting for 30 seconds before starting the job to allow the node to settle down
Fri Jul 24 16:11:20 CEST 2020 Waiting for 30 seconds before starting the job to allow the node to settle down
Fri Jul 24 16:11:20 CEST 2020 Waiting for 30 seconds before starting the job to allow the node to settle down
Fri Jul 24 16:11:20 CEST 2020 Waiting for 30 seconds before starting the job to allow the node to settle down
Fri Jul 24 16:11:20 CEST 2020 Waiting for 30 seconds before starting the job to allow the node to settle down
Fri Jul 24 16:11:50 CEST 2020 Waiting done, starting task!
Fri Jul 24 16:11:50 CEST 2020 Waiting done, starting task!
Fri Jul 24 16:11:50 CEST 2020 Waiting done, starting task!
Fri Jul 24 16:11:50 CEST 2020 Waiting done, starting task!
Fri Jul 24 16:11:50 CEST 2020 Waiting done, starting task!
Fri Jul 24 16:11:50 CEST 2020 Waiting done, starting task!
Fri Jul 24 16:11:50 CEST 2020 Waiting done, starting task!
Fri Jul 24 16:11:50 CEST 2020 Waiting done, starting task!
Fri Jul 24 16:11:50 CEST 2020 Waiting done, starting task!
Fri Jul 24 16:11:50 CEST 2020 Waiting done, starting task!
Fri Jul 24 16:11:50 CEST 2020 Waiting done, starting task!
Fri Jul 24 16:11:50 CEST 2020 Waiting done, starting task!
Fri Jul 24 16:11:50 CEST 2020 Waiting done, starting task!
Fri Jul 24 16:11:50 CEST 2020 Waiting done, starting task!
Fri Jul 24 16:11:50 CEST 2020 Waiting done, starting task!
Fri Jul 24 16:11:50 CEST 2020 Waiting done, starting task!
Fri Jul 24 16:11:50 CEST 2020 Waiting done, starting task!
Fri Jul 24 16:11:50 CEST 2020 Waiting done, starting task!
Fri Jul 24 16:11:50 CEST 2020 Waiting done, starting task!
Fri Jul 24 16:11:50 CEST 2020 Waiting done, starting task!
480
/hiskp4/gross/bachelorarbeit
