Thu Jun 25 12:16:20 CEST 2020 Waiting for 30 seconds before starting the job to allow the node to settle down
Thu Jun 25 12:16:50 CEST 2020 Waiting done, starting task!
Thu Jun 25 12:16:50 CEST 2020 Waiting for 30 seconds before starting the job to allow the node to settle down
Thu Jun 25 12:17:20 CEST 2020 Waiting done, starting task!
Laenge=500	Temperatur=0.500000
bei 1 cores haben 1000 Messungen 13.243169 Sekunden gebraucht
bei 1 cores haben 1000 Messungen 13.231638 Sekunden gebraucht
bei 1 cores haben 1000 Messungen 13.453165 Sekunden gebraucht
bei 1 cores haben 1000 Messungen 13.459700 Sekunden gebraucht
bei 1 cores haben 1000 Messungen 13.026322 Sekunden gebraucht
bei 2 cores haben 1000 Messungen 16.018896 Sekunden gebraucht
bei 2 cores haben 1000 Messungen 16.012864 Sekunden gebraucht
bei 2 cores haben 1000 Messungen 16.086540 Sekunden gebraucht
bei 2 cores haben 1000 Messungen 16.040314 Sekunden gebraucht
bei 2 cores haben 1000 Messungen 15.771476 Sekunden gebraucht
bei 3 cores haben 1000 Messungen 10.962992 Sekunden gebraucht
bei 3 cores haben 1000 Messungen 11.132771 Sekunden gebraucht
bei 3 cores haben 1000 Messungen 11.041555 Sekunden gebraucht
bei 3 cores haben 1000 Messungen 11.046566 Sekunden gebraucht
bei 3 cores haben 1000 Messungen 11.065598 Sekunden gebraucht
bei 4 cores haben 1000 Messungen 8.325391 Sekunden gebraucht
bei 4 cores haben 1000 Messungen 8.556025 Sekunden gebraucht
bei 4 cores haben 1000 Messungen 8.339138 Sekunden gebraucht
bei 4 cores haben 1000 Messungen 7.842654 Sekunden gebraucht
bei 4 cores haben 1000 Messungen 8.234418 Sekunden gebraucht
bei 5 cores haben 1000 Messungen 7.327306 Sekunden gebraucht
bei 5 cores haben 1000 Messungen 6.887440 Sekunden gebraucht
bei 5 cores haben 1000 Messungen 7.504047 Sekunden gebraucht
bei 5 cores haben 1000 Messungen 6.936211 Sekunden gebraucht
bei 5 cores haben 1000 Messungen 7.412445 Sekunden gebraucht
bei 6 cores haben 1000 Messungen 5.569595 Sekunden gebraucht
bei 6 cores haben 1000 Messungen 7.152756 Sekunden gebraucht
bei 6 cores haben 1000 Messungen 6.456509 Sekunden gebraucht
bei 6 cores haben 1000 Messungen 6.488760 Sekunden gebraucht
bei 6 cores haben 1000 Messungen 6.347345 Sekunden gebraucht
bei 7 cores haben 1000 Messungen 5.440401 Sekunden gebraucht
bei 7 cores haben 1000 Messungen 5.273884 Sekunden gebraucht
bei 7 cores haben 1000 Messungen 5.770699 Sekunden gebraucht
bei 7 cores haben 1000 Messungen 5.869603 Sekunden gebraucht
bei 7 cores haben 1000 Messungen 5.520065 Sekunden gebraucht
bei 8 cores haben 1000 Messungen 4.967865 Sekunden gebraucht
bei 8 cores haben 1000 Messungen 5.020452 Sekunden gebraucht
bei 8 cores haben 1000 Messungen 5.089476 Sekunden gebraucht
bei 8 cores haben 1000 Messungen 5.098847 Sekunden gebraucht
bei 8 cores haben 1000 Messungen 5.429418 Sekunden gebraucht
bei 9 cores haben 1000 Messungen 5.199712 Sekunden gebraucht
bei 9 cores haben 1000 Messungen 5.010971 Sekunden gebraucht
bei 9 cores haben 1000 Messungen 4.800079 Sekunden gebraucht
bei 9 cores haben 1000 Messungen 5.032582 Sekunden gebraucht
bei 9 cores haben 1000 Messungen 4.815128 Sekunden gebraucht
bei 10 cores haben 1000 Messungen 4.564110 Sekunden gebraucht
bei 10 cores haben 1000 Messungen 4.527064 Sekunden gebraucht
bei 10 cores haben 1000 Messungen 4.383807 Sekunden gebraucht
bei 10 cores haben 1000 Messungen 4.376304 Sekunden gebraucht
bei 10 cores haben 1000 Messungen 4.320540 Sekunden gebraucht
bei 11 cores haben 1000 Messungen 4.150205 Sekunden gebraucht
bei 11 cores haben 1000 Messungen 4.129731 Sekunden gebraucht
bei 11 cores haben 1000 Messungen 3.973371 Sekunden gebraucht
bei 11 cores haben 1000 Messungen 4.360935 Sekunden gebraucht
bei 11 cores haben 1000 Messungen 4.298521 Sekunden gebraucht
bei 12 cores haben 1000 Messungen 3.880162 Sekunden gebraucht
bei 12 cores haben 1000 Messungen 4.150344 Sekunden gebraucht
bei 12 cores haben 1000 Messungen 4.273853 Sekunden gebraucht
bei 12 cores haben 1000 Messungen 4.030181 Sekunden gebraucht
bei 12 cores haben 1000 Messungen 3.948858 Sekunden gebraucht
/hiskp4/gross/bachelorarbeit
