Sat Jun 13 11:03:27 CEST 2020 Waiting for 30 seconds before starting the job to allow the node to settle down
Sat Jun 13 11:03:57 CEST 2020 Waiting done, starting task!
Sat Jun 13 11:03:57 CEST 2020 Waiting for 30 seconds before starting the job to allow the node to settle down
Sat Jun 13 11:04:27 CEST 2020 Waiting done, starting task!
Laenge=10
bei 1 cores haben 1000 Messungen 0.010902 Sekunden gebraucht
bei 1 cores haben 1000 Messungen 0.010911 Sekunden gebraucht
bei 1 cores haben 1000 Messungen 0.010362 Sekunden gebraucht
bei 1 cores haben 1000 Messungen 0.009826 Sekunden gebraucht
bei 1 cores haben 1000 Messungen 0.009779 Sekunden gebraucht
bei 2 cores haben 1000 Messungen 0.020650 Sekunden gebraucht
bei 2 cores haben 1000 Messungen 0.018593 Sekunden gebraucht
bei 2 cores haben 1000 Messungen 0.018078 Sekunden gebraucht
bei 2 cores haben 1000 Messungen 0.016617 Sekunden gebraucht
bei 2 cores haben 1000 Messungen 0.016129 Sekunden gebraucht
bei 3 cores haben 1000 Messungen 0.014427 Sekunden gebraucht
bei 3 cores haben 1000 Messungen 0.014378 Sekunden gebraucht
bei 3 cores haben 1000 Messungen 0.013870 Sekunden gebraucht
bei 3 cores haben 1000 Messungen 0.014381 Sekunden gebraucht
bei 3 cores haben 1000 Messungen 0.014398 Sekunden gebraucht
bei 4 cores haben 1000 Messungen 0.014801 Sekunden gebraucht
bei 4 cores haben 1000 Messungen 0.015055 Sekunden gebraucht
bei 4 cores haben 1000 Messungen 0.015037 Sekunden gebraucht
bei 4 cores haben 1000 Messungen 0.014816 Sekunden gebraucht
bei 4 cores haben 1000 Messungen 0.014988 Sekunden gebraucht
bei 5 cores haben 1000 Messungen 0.016164 Sekunden gebraucht
bei 5 cores haben 1000 Messungen 0.016358 Sekunden gebraucht
bei 5 cores haben 1000 Messungen 0.016269 Sekunden gebraucht
bei 5 cores haben 1000 Messungen 0.016068 Sekunden gebraucht
bei 5 cores haben 1000 Messungen 0.015772 Sekunden gebraucht
bei 6 cores haben 1000 Messungen 0.018065 Sekunden gebraucht
bei 6 cores haben 1000 Messungen 0.017879 Sekunden gebraucht
bei 6 cores haben 1000 Messungen 0.018067 Sekunden gebraucht
bei 6 cores haben 1000 Messungen 0.018077 Sekunden gebraucht
bei 6 cores haben 1000 Messungen 0.017915 Sekunden gebraucht
bei 7 cores haben 1000 Messungen 0.017742 Sekunden gebraucht
bei 7 cores haben 1000 Messungen 0.017459 Sekunden gebraucht
bei 7 cores haben 1000 Messungen 0.016906 Sekunden gebraucht
bei 7 cores haben 1000 Messungen 0.015371 Sekunden gebraucht
bei 7 cores haben 1000 Messungen 0.015338 Sekunden gebraucht
bei 8 cores haben 1000 Messungen 0.018120 Sekunden gebraucht
bei 8 cores haben 1000 Messungen 0.017905 Sekunden gebraucht
bei 8 cores haben 1000 Messungen 0.017828 Sekunden gebraucht
bei 8 cores haben 1000 Messungen 0.017998 Sekunden gebraucht
bei 8 cores haben 1000 Messungen 0.017902 Sekunden gebraucht
bei 9 cores haben 1000 Messungen 0.018721 Sekunden gebraucht
bei 9 cores haben 1000 Messungen 0.017856 Sekunden gebraucht
bei 9 cores haben 1000 Messungen 0.017978 Sekunden gebraucht
bei 9 cores haben 1000 Messungen 0.017731 Sekunden gebraucht
bei 9 cores haben 1000 Messungen 0.017878 Sekunden gebraucht
bei 10 cores haben 1000 Messungen 0.022210 Sekunden gebraucht
bei 10 cores haben 1000 Messungen 0.022000 Sekunden gebraucht
bei 10 cores haben 1000 Messungen 0.021798 Sekunden gebraucht
bei 10 cores haben 1000 Messungen 0.022001 Sekunden gebraucht
bei 10 cores haben 1000 Messungen 0.021735 Sekunden gebraucht
bei 11 cores haben 1000 Messungen 0.018573 Sekunden gebraucht
bei 11 cores haben 1000 Messungen 0.018682 Sekunden gebraucht
bei 11 cores haben 1000 Messungen 0.019166 Sekunden gebraucht
bei 11 cores haben 1000 Messungen 0.018563 Sekunden gebraucht
bei 11 cores haben 1000 Messungen 0.018734 Sekunden gebraucht
bei 12 cores haben 1000 Messungen 0.022583 Sekunden gebraucht
bei 12 cores haben 1000 Messungen 0.022478 Sekunden gebraucht
bei 12 cores haben 1000 Messungen 0.022909 Sekunden gebraucht
bei 12 cores haben 1000 Messungen 0.022773 Sekunden gebraucht
bei 12 cores haben 1000 Messungen 0.022446 Sekunden gebraucht
Laenge=100
bei 1 cores haben 1000 Messungen 0.580394 Sekunden gebraucht
bei 1 cores haben 1000 Messungen 0.579814 Sekunden gebraucht
bei 1 cores haben 1000 Messungen 0.579480 Sekunden gebraucht
bei 1 cores haben 1000 Messungen 0.579601 Sekunden gebraucht
bei 1 cores haben 1000 Messungen 0.579830 Sekunden gebraucht
bei 2 cores haben 1000 Messungen 0.840733 Sekunden gebraucht
bei 2 cores haben 1000 Messungen 0.785636 Sekunden gebraucht
bei 2 cores haben 1000 Messungen 0.814839 Sekunden gebraucht
bei 2 cores haben 1000 Messungen 0.884780 Sekunden gebraucht
bei 2 cores haben 1000 Messungen 0.687768 Sekunden gebraucht
bei 3 cores haben 1000 Messungen 0.725429 Sekunden gebraucht
bei 3 cores haben 1000 Messungen 0.706538 Sekunden gebraucht
bei 3 cores haben 1000 Messungen 0.714878 Sekunden gebraucht
bei 3 cores haben 1000 Messungen 0.687218 Sekunden gebraucht
bei 3 cores haben 1000 Messungen 0.681361 Sekunden gebraucht
bei 4 cores haben 1000 Messungen 0.662175 Sekunden gebraucht
bei 4 cores haben 1000 Messungen 0.663079 Sekunden gebraucht
bei 4 cores haben 1000 Messungen 0.664125 Sekunden gebraucht
bei 4 cores haben 1000 Messungen 0.668196 Sekunden gebraucht
bei 4 cores haben 1000 Messungen 0.675405 Sekunden gebraucht
bei 5 cores haben 1000 Messungen 0.644519 Sekunden gebraucht
bei 5 cores haben 1000 Messungen 0.684794 Sekunden gebraucht
bei 5 cores haben 1000 Messungen 0.666490 Sekunden gebraucht
bei 5 cores haben 1000 Messungen 0.672157 Sekunden gebraucht
bei 5 cores haben 1000 Messungen 0.644838 Sekunden gebraucht
bei 6 cores haben 1000 Messungen 0.662698 Sekunden gebraucht
bei 6 cores haben 1000 Messungen 0.692752 Sekunden gebraucht
bei 6 cores haben 1000 Messungen 0.679123 Sekunden gebraucht
bei 6 cores haben 1000 Messungen 0.682474 Sekunden gebraucht
bei 6 cores haben 1000 Messungen 0.685084 Sekunden gebraucht
bei 7 cores haben 1000 Messungen 0.669025 Sekunden gebraucht
bei 7 cores haben 1000 Messungen 0.658572 Sekunden gebraucht
bei 7 cores haben 1000 Messungen 0.698115 Sekunden gebraucht
bei 7 cores haben 1000 Messungen 0.694724 Sekunden gebraucht
bei 7 cores haben 1000 Messungen 0.688233 Sekunden gebraucht
bei 8 cores haben 1000 Messungen 0.705242 Sekunden gebraucht
bei 8 cores haben 1000 Messungen 0.718668 Sekunden gebraucht
bei 8 cores haben 1000 Messungen 0.745160 Sekunden gebraucht
bei 8 cores haben 1000 Messungen 0.710178 Sekunden gebraucht
bei 8 cores haben 1000 Messungen 0.713224 Sekunden gebraucht
bei 9 cores haben 1000 Messungen 0.721898 Sekunden gebraucht
bei 9 cores haben 1000 Messungen 0.703899 Sekunden gebraucht
bei 9 cores haben 1000 Messungen 0.708415 Sekunden gebraucht
bei 9 cores haben 1000 Messungen 0.736902 Sekunden gebraucht
bei 9 cores haben 1000 Messungen 0.710878 Sekunden gebraucht
bei 10 cores haben 1000 Messungen 0.739004 Sekunden gebraucht
bei 10 cores haben 1000 Messungen 0.709821 Sekunden gebraucht
bei 10 cores haben 1000 Messungen 0.732301 Sekunden gebraucht
bei 10 cores haben 1000 Messungen 0.724606 Sekunden gebraucht
bei 10 cores haben 1000 Messungen 0.733907 Sekunden gebraucht
bei 11 cores haben 1000 Messungen 0.729500 Sekunden gebraucht
bei 11 cores haben 1000 Messungen 0.745188 Sekunden gebraucht
bei 11 cores haben 1000 Messungen 0.726457 Sekunden gebraucht
bei 11 cores haben 1000 Messungen 0.737285 Sekunden gebraucht
bei 11 cores haben 1000 Messungen 0.730286 Sekunden gebraucht
bei 12 cores haben 1000 Messungen 0.758663 Sekunden gebraucht
bei 12 cores haben 1000 Messungen 0.742937 Sekunden gebraucht
bei 12 cores haben 1000 Messungen 0.741894 Sekunden gebraucht
bei 12 cores haben 1000 Messungen 0.743587 Sekunden gebraucht
bei 12 cores haben 1000 Messungen 0.752411 Sekunden gebraucht
Laenge=500
bei 1 cores haben 1000 Messungen 14.465366 Sekunden gebraucht
bei 1 cores haben 1000 Messungen 14.417323 Sekunden gebraucht
bei 1 cores haben 1000 Messungen 14.418442 Sekunden gebraucht
bei 1 cores haben 1000 Messungen 14.415631 Sekunden gebraucht
bei 1 cores haben 1000 Messungen 14.414747 Sekunden gebraucht
bei 2 cores haben 1000 Messungen 19.657391 Sekunden gebraucht
bei 2 cores haben 1000 Messungen 19.838861 Sekunden gebraucht
bei 2 cores haben 1000 Messungen 19.625290 Sekunden gebraucht
bei 2 cores haben 1000 Messungen 19.730650 Sekunden gebraucht
bei 2 cores haben 1000 Messungen 19.681262 Sekunden gebraucht
bei 3 cores haben 1000 Messungen 17.677115 Sekunden gebraucht
bei 3 cores haben 1000 Messungen 17.984124 Sekunden gebraucht
bei 3 cores haben 1000 Messungen 17.639320 Sekunden gebraucht
bei 3 cores haben 1000 Messungen 17.666378 Sekunden gebraucht
bei 3 cores haben 1000 Messungen 17.632555 Sekunden gebraucht
bei 4 cores haben 1000 Messungen 16.695233 Sekunden gebraucht
bei 4 cores haben 1000 Messungen 16.657619 Sekunden gebraucht
bei 4 cores haben 1000 Messungen 16.848108 Sekunden gebraucht
bei 4 cores haben 1000 Messungen 16.706297 Sekunden gebraucht
bei 4 cores haben 1000 Messungen 16.639137 Sekunden gebraucht
bei 5 cores haben 1000 Messungen 17.490969 Sekunden gebraucht
bei 5 cores haben 1000 Messungen 17.150813 Sekunden gebraucht
bei 5 cores haben 1000 Messungen 17.482073 Sekunden gebraucht
bei 5 cores haben 1000 Messungen 17.298726 Sekunden gebraucht
bei 5 cores haben 1000 Messungen 17.218083 Sekunden gebraucht
bei 6 cores haben 1000 Messungen 17.094753 Sekunden gebraucht
bei 6 cores haben 1000 Messungen 17.194620 Sekunden gebraucht
bei 6 cores haben 1000 Messungen 17.159616 Sekunden gebraucht
bei 6 cores haben 1000 Messungen 17.244960 Sekunden gebraucht
bei 6 cores haben 1000 Messungen 17.011962 Sekunden gebraucht
bei 7 cores haben 1000 Messungen 17.595584 Sekunden gebraucht
bei 7 cores haben 1000 Messungen 17.588491 Sekunden gebraucht
bei 7 cores haben 1000 Messungen 17.082657 Sekunden gebraucht
bei 7 cores haben 1000 Messungen 17.503957 Sekunden gebraucht
bei 7 cores haben 1000 Messungen 17.497171 Sekunden gebraucht
bei 8 cores haben 1000 Messungen 17.830282 Sekunden gebraucht
bei 8 cores haben 1000 Messungen 17.784669 Sekunden gebraucht
bei 8 cores haben 1000 Messungen 17.496267 Sekunden gebraucht
bei 8 cores haben 1000 Messungen 17.633610 Sekunden gebraucht
bei 8 cores haben 1000 Messungen 17.653866 Sekunden gebraucht
bei 9 cores haben 1000 Messungen 18.079795 Sekunden gebraucht
bei 9 cores haben 1000 Messungen 18.025430 Sekunden gebraucht
bei 9 cores haben 1000 Messungen 18.096230 Sekunden gebraucht
bei 9 cores haben 1000 Messungen 18.063859 Sekunden gebraucht
bei 9 cores haben 1000 Messungen 18.083858 Sekunden gebraucht
bei 10 cores haben 1000 Messungen 18.029802 Sekunden gebraucht
bei 10 cores haben 1000 Messungen 18.113683 Sekunden gebraucht
bei 10 cores haben 1000 Messungen 18.092063 Sekunden gebraucht
bei 10 cores haben 1000 Messungen 18.037183 Sekunden gebraucht
bei 10 cores haben 1000 Messungen 18.093211 Sekunden gebraucht
bei 11 cores haben 1000 Messungen 18.046203 Sekunden gebraucht
bei 11 cores haben 1000 Messungen 18.155238 Sekunden gebraucht
bei 11 cores haben 1000 Messungen 18.100363 Sekunden gebraucht
bei 11 cores haben 1000 Messungen 18.102040 Sekunden gebraucht
bei 11 cores haben 1000 Messungen 18.111421 Sekunden gebraucht
bei 12 cores haben 1000 Messungen 18.063184 Sekunden gebraucht
bei 12 cores haben 1000 Messungen 18.075997 Sekunden gebraucht
bei 12 cores haben 1000 Messungen 18.064518 Sekunden gebraucht
bei 12 cores haben 1000 Messungen 18.078117 Sekunden gebraucht
bei 12 cores haben 1000 Messungen 18.083914 Sekunden gebraucht
/hiskp4/gross/bachelorarbeit
