Thu Jun 25 12:50:21 CEST 2020 Waiting for 30 seconds before starting the job to allow the node to settle down
Thu Jun 25 12:50:51 CEST 2020 Waiting done, starting task!
Thu Jun 25 12:50:51 CEST 2020 Waiting for 30 seconds before starting the job to allow the node to settle down
Thu Jun 25 12:51:21 CEST 2020 Waiting done, starting task!
Laenge=100	Temperatur=4.500000
bei 1 cores haben 1000 Messungen 0.629346 Sekunden gebraucht
bei 1 cores haben 1000 Messungen 0.627018 Sekunden gebraucht
bei 1 cores haben 1000 Messungen 0.621198 Sekunden gebraucht
bei 1 cores haben 1000 Messungen 0.621113 Sekunden gebraucht
bei 1 cores haben 1000 Messungen 0.621162 Sekunden gebraucht
bei 2 cores haben 1000 Messungen 0.731412 Sekunden gebraucht
bei 2 cores haben 1000 Messungen 0.670453 Sekunden gebraucht
bei 2 cores haben 1000 Messungen 0.668976 Sekunden gebraucht
bei 2 cores haben 1000 Messungen 0.669982 Sekunden gebraucht
bei 2 cores haben 1000 Messungen 0.697144 Sekunden gebraucht
bei 3 cores haben 1000 Messungen 0.518763 Sekunden gebraucht
bei 3 cores haben 1000 Messungen 0.465931 Sekunden gebraucht
bei 3 cores haben 1000 Messungen 0.474178 Sekunden gebraucht
bei 3 cores haben 1000 Messungen 0.464437 Sekunden gebraucht
bei 3 cores haben 1000 Messungen 0.354605 Sekunden gebraucht
bei 4 cores haben 1000 Messungen 0.391591 Sekunden gebraucht
bei 4 cores haben 1000 Messungen 0.363888 Sekunden gebraucht
bei 4 cores haben 1000 Messungen 0.367517 Sekunden gebraucht
bei 4 cores haben 1000 Messungen 0.367343 Sekunden gebraucht
bei 4 cores haben 1000 Messungen 0.366921 Sekunden gebraucht
bei 5 cores haben 1000 Messungen 0.292758 Sekunden gebraucht
bei 5 cores haben 1000 Messungen 0.307471 Sekunden gebraucht
bei 5 cores haben 1000 Messungen 0.233196 Sekunden gebraucht
bei 5 cores haben 1000 Messungen 0.322543 Sekunden gebraucht
bei 5 cores haben 1000 Messungen 0.344791 Sekunden gebraucht
bei 6 cores haben 1000 Messungen 0.297113 Sekunden gebraucht
bei 6 cores haben 1000 Messungen 0.281305 Sekunden gebraucht
bei 6 cores haben 1000 Messungen 0.296265 Sekunden gebraucht
bei 6 cores haben 1000 Messungen 0.298230 Sekunden gebraucht
bei 6 cores haben 1000 Messungen 0.286508 Sekunden gebraucht
bei 7 cores haben 1000 Messungen 0.226454 Sekunden gebraucht
bei 7 cores haben 1000 Messungen 0.280131 Sekunden gebraucht
bei 7 cores haben 1000 Messungen 0.280563 Sekunden gebraucht
bei 7 cores haben 1000 Messungen 0.283347 Sekunden gebraucht
bei 7 cores haben 1000 Messungen 0.284339 Sekunden gebraucht
bei 8 cores haben 1000 Messungen 0.233207 Sekunden gebraucht
bei 8 cores haben 1000 Messungen 0.233244 Sekunden gebraucht
bei 8 cores haben 1000 Messungen 0.224439 Sekunden gebraucht
bei 8 cores haben 1000 Messungen 0.229590 Sekunden gebraucht
bei 8 cores haben 1000 Messungen 0.246543 Sekunden gebraucht
bei 9 cores haben 1000 Messungen 0.233795 Sekunden gebraucht
bei 9 cores haben 1000 Messungen 0.239641 Sekunden gebraucht
bei 9 cores haben 1000 Messungen 0.234422 Sekunden gebraucht
bei 9 cores haben 1000 Messungen 0.230070 Sekunden gebraucht
bei 9 cores haben 1000 Messungen 0.231546 Sekunden gebraucht
bei 10 cores haben 1000 Messungen 0.208174 Sekunden gebraucht
bei 10 cores haben 1000 Messungen 0.199666 Sekunden gebraucht
bei 10 cores haben 1000 Messungen 0.199269 Sekunden gebraucht
bei 10 cores haben 1000 Messungen 0.227267 Sekunden gebraucht
bei 10 cores haben 1000 Messungen 0.203505 Sekunden gebraucht
bei 11 cores haben 1000 Messungen 0.182919 Sekunden gebraucht
bei 11 cores haben 1000 Messungen 0.193148 Sekunden gebraucht
bei 11 cores haben 1000 Messungen 0.199727 Sekunden gebraucht
bei 11 cores haben 1000 Messungen 0.204890 Sekunden gebraucht
bei 11 cores haben 1000 Messungen 0.212416 Sekunden gebraucht
bei 12 cores haben 1000 Messungen 0.184718 Sekunden gebraucht
bei 12 cores haben 1000 Messungen 0.182467 Sekunden gebraucht
bei 12 cores haben 1000 Messungen 0.182676 Sekunden gebraucht
bei 12 cores haben 1000 Messungen 0.182483 Sekunden gebraucht
bei 12 cores haben 1000 Messungen 0.181902 Sekunden gebraucht
/hiskp4/gross/bachelorarbeit
