Tue Jul 21 18:31:02 CEST 2020 Waiting for 30 seconds before starting the job to allow the node to settle down
Tue Jul 21 18:31:32 CEST 2020 Waiting done, starting task!
420 1
Tue Jul 21 18:31:32 CEST 2020 Waiting for 30 seconds before starting the job to allow the node to settle down
Tue Jul 21 18:32:02 CEST 2020 Waiting done, starting task!
3 0
420
420 2
Tue Jul 21 18:33:31 CEST 2020 Waiting for 30 seconds before starting the job to allow the node to settle down
Tue Jul 21 18:33:31 CEST 2020 Waiting for 30 seconds before starting the job to allow the node to settle down
Tue Jul 21 18:34:01 CEST 2020 Waiting done, starting task!
Tue Jul 21 18:34:01 CEST 2020 Waiting done, starting task!
3 0
3 1
420
420 3
Tue Jul 21 18:34:46 CEST 2020 Waiting for 30 seconds before starting the job to allow the node to settle down
Tue Jul 21 18:34:46 CEST 2020 Waiting for 30 seconds before starting the job to allow the node to settle down
Tue Jul 21 18:34:46 CEST 2020 Waiting for 30 seconds before starting the job to allow the node to settle down
Tue Jul 21 18:35:16 CEST 2020 Waiting done, starting task!
Tue Jul 21 18:35:16 CEST 2020 Waiting done, starting task!
Tue Jul 21 18:35:16 CEST 2020 Waiting done, starting task!
3 0
3 1
3 2
420
420 4
Tue Jul 21 18:35:48 CEST 2020 Waiting for 30 seconds before starting the job to allow the node to settle down
Tue Jul 21 18:35:48 CEST 2020 Waiting for 30 seconds before starting the job to allow the node to settle down
Tue Jul 21 18:35:48 CEST 2020 Waiting for 30 seconds before starting the job to allow the node to settle down
Tue Jul 21 18:35:48 CEST 2020 Waiting for 30 seconds before starting the job to allow the node to settle down
Tue Jul 21 18:36:18 CEST 2020 Waiting done, starting task!
Tue Jul 21 18:36:18 CEST 2020 Waiting done, starting task!
Tue Jul 21 18:36:18 CEST 2020 Waiting done, starting task!
Tue Jul 21 18:36:18 CEST 2020 Waiting done, starting task!
3 0
3 3
3 2
3 1
420
420 5
Tue Jul 21 18:36:42 CEST 2020 Waiting for 30 seconds before starting the job to allow the node to settle down
Tue Jul 21 18:36:42 CEST 2020 Waiting for 30 seconds before starting the job to allow the node to settle down
Tue Jul 21 18:36:42 CEST 2020 Waiting for 30 seconds before starting the job to allow the node to settle down
Tue Jul 21 18:36:42 CEST 2020 Waiting for 30 seconds before starting the job to allow the node to settle down
Tue Jul 21 18:36:42 CEST 2020 Waiting for 30 seconds before starting the job to allow the node to settle down
Tue Jul 21 18:37:12 CEST 2020 Waiting done, starting task!
Tue Jul 21 18:37:12 CEST 2020 Waiting done, starting task!
Tue Jul 21 18:37:12 CEST 2020 Waiting done, starting task!
Tue Jul 21 18:37:12 CEST 2020 Waiting done, starting task!
Tue Jul 21 18:37:12 CEST 2020 Waiting done, starting task!
3 0
3 3
3 2
3 1
3 4
420
420 6
Tue Jul 21 18:37:32 CEST 2020 Waiting for 30 seconds before starting the job to allow the node to settle down
Tue Jul 21 18:37:32 CEST 2020 Waiting for 30 seconds before starting the job to allow the node to settle down
Tue Jul 21 18:37:32 CEST 2020 Waiting for 30 seconds before starting the job to allow the node to settle down
Tue Jul 21 18:37:32 CEST 2020 Waiting for 30 seconds before starting the job to allow the node to settle down
Tue Jul 21 18:37:32 CEST 2020 Waiting for 30 seconds before starting the job to allow the node to settle down
Tue Jul 21 18:37:32 CEST 2020 Waiting for 30 seconds before starting the job to allow the node to settle down
Tue Jul 21 18:38:02 CEST 2020 Waiting done, starting task!
Tue Jul 21 18:38:02 CEST 2020 Waiting done, starting task!
Tue Jul 21 18:38:02 CEST 2020 Waiting done, starting task!
Tue Jul 21 18:38:02 CEST 2020 Waiting done, starting task!
Tue Jul 21 18:38:02 CEST 2020 Waiting done, starting task!
Tue Jul 21 18:38:02 CEST 2020 Waiting done, starting task!
3 0
3 1
3 2
3 5
3 4
3 3
420
420 7
Tue Jul 21 18:38:19 CEST 2020 Waiting for 30 seconds before starting the job to allow the node to settle down
Tue Jul 21 18:38:19 CEST 2020 Waiting for 30 seconds before starting the job to allow the node to settle down
Tue Jul 21 18:38:19 CEST 2020 Waiting for 30 seconds before starting the job to allow the node to settle down
Tue Jul 21 18:38:19 CEST 2020 Waiting for 30 seconds before starting the job to allow the node to settle down
Tue Jul 21 18:38:19 CEST 2020 Waiting for 30 seconds before starting the job to allow the node to settle down
Tue Jul 21 18:38:19 CEST 2020 Waiting for 30 seconds before starting the job to allow the node to settle down
Tue Jul 21 18:38:19 CEST 2020 Waiting for 30 seconds before starting the job to allow the node to settle down
Tue Jul 21 18:38:49 CEST 2020 Waiting done, starting task!
Tue Jul 21 18:38:49 CEST 2020 Waiting done, starting task!
Tue Jul 21 18:38:49 CEST 2020 Waiting done, starting task!
Tue Jul 21 18:38:49 CEST 2020 Waiting done, starting task!
Tue Jul 21 18:38:49 CEST 2020 Waiting done, starting task!
Tue Jul 21 18:38:49 CEST 2020 Waiting done, starting task!
Tue Jul 21 18:38:49 CEST 2020 Waiting done, starting task!
3 1
3 0
3 4
3 5
3 2
3 3
3 6
420
420 10
Tue Jul 21 18:39:04 CEST 2020 Waiting for 30 seconds before starting the job to allow the node to settle down
Tue Jul 21 18:39:04 CEST 2020 Waiting for 30 seconds before starting the job to allow the node to settle down
Tue Jul 21 18:39:04 CEST 2020 Waiting for 30 seconds before starting the job to allow the node to settle down
Tue Jul 21 18:39:04 CEST 2020 Waiting for 30 seconds before starting the job to allow the node to settle down
Tue Jul 21 18:39:04 CEST 2020 Waiting for 30 seconds before starting the job to allow the node to settle down
Tue Jul 21 18:39:04 CEST 2020 Waiting for 30 seconds before starting the job to allow the node to settle down
Tue Jul 21 18:39:04 CEST 2020 Waiting for 30 seconds before starting the job to allow the node to settle down
Tue Jul 21 18:39:04 CEST 2020 Waiting for 30 seconds before starting the job to allow the node to settle down
Tue Jul 21 18:39:04 CEST 2020 Waiting for 30 seconds before starting the job to allow the node to settle down
Tue Jul 21 18:39:04 CEST 2020 Waiting for 30 seconds before starting the job to allow the node to settle down
Tue Jul 21 18:39:34 CEST 2020 Waiting done, starting task!
Tue Jul 21 18:39:34 CEST 2020 Waiting done, starting task!
Tue Jul 21 18:39:34 CEST 2020 Waiting done, starting task!
Tue Jul 21 18:39:34 CEST 2020 Waiting done, starting task!
Tue Jul 21 18:39:34 CEST 2020 Waiting done, starting task!
Tue Jul 21 18:39:34 CEST 2020 Waiting done, starting task!
Tue Jul 21 18:39:34 CEST 2020 Waiting done, starting task!
Tue Jul 21 18:39:34 CEST 2020 Waiting done, starting task!
Tue Jul 21 18:39:34 CEST 2020 Waiting done, starting task!
Tue Jul 21 18:39:34 CEST 2020 Waiting done, starting task!
3 1
3 0
3 7
3 6
3 2
3 4
3 5
3 3
3 8
3 9
420
420 12
Tue Jul 21 18:39:45 CEST 2020 Waiting for 30 seconds before starting the job to allow the node to settle down
Tue Jul 21 18:39:45 CEST 2020 Waiting for 30 seconds before starting the job to allow the node to settle down
Tue Jul 21 18:39:45 CEST 2020 Waiting for 30 seconds before starting the job to allow the node to settle down
Tue Jul 21 18:39:45 CEST 2020 Waiting for 30 seconds before starting the job to allow the node to settle down
Tue Jul 21 18:39:45 CEST 2020 Waiting for 30 seconds before starting the job to allow the node to settle down
Tue Jul 21 18:39:45 CEST 2020 Waiting for 30 seconds before starting the job to allow the node to settle down
Tue Jul 21 18:39:45 CEST 2020 Waiting for 30 seconds before starting the job to allow the node to settle down
Tue Jul 21 18:39:45 CEST 2020 Waiting for 30 seconds before starting the job to allow the node to settle down
Tue Jul 21 18:39:45 CEST 2020 Waiting for 30 seconds before starting the job to allow the node to settle down
Tue Jul 21 18:39:45 CEST 2020 Waiting for 30 seconds before starting the job to allow the node to settle down
Tue Jul 21 18:39:45 CEST 2020 Waiting for 30 seconds before starting the job to allow the node to settle down
Tue Jul 21 18:39:45 CEST 2020 Waiting for 30 seconds before starting the job to allow the node to settle down
Tue Jul 21 18:40:15 CEST 2020 Waiting done, starting task!
Tue Jul 21 18:40:15 CEST 2020 Waiting done, starting task!
Tue Jul 21 18:40:15 CEST 2020 Waiting done, starting task!
Tue Jul 21 18:40:15 CEST 2020 Waiting done, starting task!
Tue Jul 21 18:40:15 CEST 2020 Waiting done, starting task!
Tue Jul 21 18:40:15 CEST 2020 Waiting done, starting task!
Tue Jul 21 18:40:15 CEST 2020 Waiting done, starting task!
Tue Jul 21 18:40:15 CEST 2020 Waiting done, starting task!
Tue Jul 21 18:40:15 CEST 2020 Waiting done, starting task!
Tue Jul 21 18:40:15 CEST 2020 Waiting done, starting task!
Tue Jul 21 18:40:15 CEST 2020 Waiting done, starting task!
Tue Jul 21 18:40:15 CEST 2020 Waiting done, starting task!
3 2
3 0
3 8
3 9
3 11
3 10
3 1
3 6
3 7
3 3
3 5
3 4
420
420 14
Tue Jul 21 18:40:25 CEST 2020 Waiting for 30 seconds before starting the job to allow the node to settle down
Tue Jul 21 18:40:25 CEST 2020 Waiting for 30 seconds before starting the job to allow the node to settle down
Tue Jul 21 18:40:25 CEST 2020 Waiting for 30 seconds before starting the job to allow the node to settle down
Tue Jul 21 18:40:25 CEST 2020 Waiting for 30 seconds before starting the job to allow the node to settle down
Tue Jul 21 18:40:25 CEST 2020 Waiting for 30 seconds before starting the job to allow the node to settle down
Tue Jul 21 18:40:25 CEST 2020 Waiting for 30 seconds before starting the job to allow the node to settle down
Tue Jul 21 18:40:25 CEST 2020 Waiting for 30 seconds before starting the job to allow the node to settle down
Tue Jul 21 18:40:25 CEST 2020 Waiting for 30 seconds before starting the job to allow the node to settle down
Tue Jul 21 18:40:25 CEST 2020 Waiting for 30 seconds before starting the job to allow the node to settle down
Tue Jul 21 18:40:25 CEST 2020 Waiting for 30 seconds before starting the job to allow the node to settle down
Tue Jul 21 18:40:25 CEST 2020 Waiting for 30 seconds before starting the job to allow the node to settle down
Tue Jul 21 18:40:25 CEST 2020 Waiting for 30 seconds before starting the job to allow the node to settle down
Tue Jul 21 18:40:25 CEST 2020 Waiting for 30 seconds before starting the job to allow the node to settle down
Tue Jul 21 18:40:25 CEST 2020 Waiting for 30 seconds before starting the job to allow the node to settle down
Tue Jul 21 18:40:55 CEST 2020 Waiting done, starting task!
Tue Jul 21 18:40:55 CEST 2020 Waiting done, starting task!
Tue Jul 21 18:40:55 CEST 2020 Waiting done, starting task!
Tue Jul 21 18:40:55 CEST 2020 Waiting done, starting task!
Tue Jul 21 18:40:55 CEST 2020 Waiting done, starting task!
Tue Jul 21 18:40:55 CEST 2020 Waiting done, starting task!
Tue Jul 21 18:40:55 CEST 2020 Waiting done, starting task!
Tue Jul 21 18:40:55 CEST 2020 Waiting done, starting task!
Tue Jul 21 18:40:55 CEST 2020 Waiting done, starting task!
Tue Jul 21 18:40:55 CEST 2020 Waiting done, starting task!
Tue Jul 21 18:40:55 CEST 2020 Waiting done, starting task!
Tue Jul 21 18:40:55 CEST 2020 Waiting done, starting task!
Tue Jul 21 18:40:55 CEST 2020 Waiting done, starting task!
Tue Jul 21 18:40:55 CEST 2020 Waiting done, starting task!
3 0
3 2
3 1
3 13
3 12
3 6
3 8
3 7
3 9
3 11
3 10
3 3
3 5
3 4
420
420 15
Tue Jul 21 18:41:05 CEST 2020 Waiting for 30 seconds before starting the job to allow the node to settle down
Tue Jul 21 18:41:05 CEST 2020 Waiting for 30 seconds before starting the job to allow the node to settle down
Tue Jul 21 18:41:05 CEST 2020 Waiting for 30 seconds before starting the job to allow the node to settle down
Tue Jul 21 18:41:05 CEST 2020 Waiting for 30 seconds before starting the job to allow the node to settle down
Tue Jul 21 18:41:05 CEST 2020 Waiting for 30 seconds before starting the job to allow the node to settle down
Tue Jul 21 18:41:05 CEST 2020 Waiting for 30 seconds before starting the job to allow the node to settle down
Tue Jul 21 18:41:05 CEST 2020 Waiting for 30 seconds before starting the job to allow the node to settle down
Tue Jul 21 18:41:05 CEST 2020 Waiting for 30 seconds before starting the job to allow the node to settle down
Tue Jul 21 18:41:05 CEST 2020 Waiting for 30 seconds before starting the job to allow the node to settle down
Tue Jul 21 18:41:05 CEST 2020 Waiting for 30 seconds before starting the job to allow the node to settle down
Tue Jul 21 18:41:05 CEST 2020 Waiting for 30 seconds before starting the job to allow the node to settle down
Tue Jul 21 18:41:05 CEST 2020 Waiting for 30 seconds before starting the job to allow the node to settle down
Tue Jul 21 18:41:05 CEST 2020 Waiting for 30 seconds before starting the job to allow the node to settle down
Tue Jul 21 18:41:05 CEST 2020 Waiting for 30 seconds before starting the job to allow the node to settle down
Tue Jul 21 18:41:05 CEST 2020 Waiting for 30 seconds before starting the job to allow the node to settle down
Tue Jul 21 18:41:35 CEST 2020 Waiting done, starting task!
Tue Jul 21 18:41:35 CEST 2020 Waiting done, starting task!
Tue Jul 21 18:41:35 CEST 2020 Waiting done, starting task!
Tue Jul 21 18:41:35 CEST 2020 Waiting done, starting task!
Tue Jul 21 18:41:35 CEST 2020 Waiting done, starting task!
Tue Jul 21 18:41:35 CEST 2020 Waiting done, starting task!
Tue Jul 21 18:41:35 CEST 2020 Waiting done, starting task!
Tue Jul 21 18:41:35 CEST 2020 Waiting done, starting task!
Tue Jul 21 18:41:35 CEST 2020 Waiting done, starting task!
Tue Jul 21 18:41:35 CEST 2020 Waiting done, starting task!
Tue Jul 21 18:41:35 CEST 2020 Waiting done, starting task!
Tue Jul 21 18:41:35 CEST 2020 Waiting done, starting task!
Tue Jul 21 18:41:35 CEST 2020 Waiting done, starting task!
Tue Jul 21 18:41:35 CEST 2020 Waiting done, starting task!
Tue Jul 21 18:41:35 CEST 2020 Waiting done, starting task!
3 2
3 0
3 10
3 1
3 3
3 5
3 7
3 9
3 11
3 4
3 13
3 8
3 6
3 14
3 12
420
420 20
Tue Jul 21 18:41:44 CEST 2020 Waiting for 30 seconds before starting the job to allow the node to settle down
Tue Jul 21 18:41:44 CEST 2020 Waiting for 30 seconds before starting the job to allow the node to settle down
Tue Jul 21 18:41:44 CEST 2020 Waiting for 30 seconds before starting the job to allow the node to settle down
Tue Jul 21 18:41:44 CEST 2020 Waiting for 30 seconds before starting the job to allow the node to settle down
Tue Jul 21 18:41:44 CEST 2020 Waiting for 30 seconds before starting the job to allow the node to settle down
Tue Jul 21 18:41:44 CEST 2020 Waiting for 30 seconds before starting the job to allow the node to settle down
Tue Jul 21 18:41:44 CEST 2020 Waiting for 30 seconds before starting the job to allow the node to settle down
Tue Jul 21 18:41:44 CEST 2020 Waiting for 30 seconds before starting the job to allow the node to settle down
Tue Jul 21 18:41:44 CEST 2020 Waiting for 30 seconds before starting the job to allow the node to settle down
Tue Jul 21 18:41:44 CEST 2020 Waiting for 30 seconds before starting the job to allow the node to settle down
Tue Jul 21 18:41:44 CEST 2020 Waiting for 30 seconds before starting the job to allow the node to settle down
Tue Jul 21 18:41:44 CEST 2020 Waiting for 30 seconds before starting the job to allow the node to settle down
Tue Jul 21 18:41:44 CEST 2020 Waiting for 30 seconds before starting the job to allow the node to settle down
Tue Jul 21 18:41:44 CEST 2020 Waiting for 30 seconds before starting the job to allow the node to settle down
Tue Jul 21 18:41:44 CEST 2020 Waiting for 30 seconds before starting the job to allow the node to settle down
Tue Jul 21 18:41:44 CEST 2020 Waiting for 30 seconds before starting the job to allow the node to settle down
Tue Jul 21 18:41:44 CEST 2020 Waiting for 30 seconds before starting the job to allow the node to settle down
Tue Jul 21 18:41:44 CEST 2020 Waiting for 30 seconds before starting the job to allow the node to settle down
Tue Jul 21 18:41:44 CEST 2020 Waiting for 30 seconds before starting the job to allow the node to settle down
Tue Jul 21 18:41:44 CEST 2020 Waiting for 30 seconds before starting the job to allow the node to settle down
Tue Jul 21 18:42:14 CEST 2020 Waiting done, starting task!
Tue Jul 21 18:42:14 CEST 2020 Waiting done, starting task!
Tue Jul 21 18:42:14 CEST 2020 Waiting done, starting task!
Tue Jul 21 18:42:14 CEST 2020 Waiting done, starting task!
Tue Jul 21 18:42:14 CEST 2020 Waiting done, starting task!
Tue Jul 21 18:42:14 CEST 2020 Waiting done, starting task!
Tue Jul 21 18:42:14 CEST 2020 Waiting done, starting task!
Tue Jul 21 18:42:14 CEST 2020 Waiting done, starting task!
Tue Jul 21 18:42:14 CEST 2020 Waiting done, starting task!
Tue Jul 21 18:42:14 CEST 2020 Waiting done, starting task!
Tue Jul 21 18:42:14 CEST 2020 Waiting done, starting task!
Tue Jul 21 18:42:14 CEST 2020 Waiting done, starting task!
Tue Jul 21 18:42:14 CEST 2020 Waiting done, starting task!
Tue Jul 21 18:42:14 CEST 2020 Waiting done, starting task!
Tue Jul 21 18:42:14 CEST 2020 Waiting done, starting task!
Tue Jul 21 18:42:14 CEST 2020 Waiting done, starting task!
Tue Jul 21 18:42:14 CEST 2020 Waiting done, starting task!
Tue Jul 21 18:42:14 CEST 2020 Waiting done, starting task!
Tue Jul 21 18:42:14 CEST 2020 Waiting done, starting task!
Tue Jul 21 18:42:14 CEST 2020 Waiting done, starting task!
3 2
3 18
3 0
3 1
3 17
3 6
3 5
3 16
3 9
3 4
3 19
3 3
3 13
3 10
3 7
3 11
3 8
3 15
3 14
3 12
420
/hiskp4/gross/bachelorarbeit
