Wed Jun 17 11:05:27 CEST 2020 Waiting for 30 seconds before starting the job to allow the node to settle down
Wed Jun 17 11:05:57 CEST 2020 Waiting done, starting task!
Wed Jun 17 11:05:57 CEST 2020 Waiting for 30 seconds before starting the job to allow the node to settle down
Wed Jun 17 11:06:27 CEST 2020 Waiting done, starting task!
Laenge=10
bei 1 cores haben 1000 Messungen 0.009244 Sekunden gebraucht
bei 1 cores haben 1000 Messungen 0.009326 Sekunden gebraucht
bei 1 cores haben 1000 Messungen 0.009174 Sekunden gebraucht
bei 1 cores haben 1000 Messungen 0.009194 Sekunden gebraucht
bei 1 cores haben 1000 Messungen 0.009239 Sekunden gebraucht
bei 2 cores haben 1000 Messungen 0.010053 Sekunden gebraucht
bei 2 cores haben 1000 Messungen 0.008388 Sekunden gebraucht
bei 2 cores haben 1000 Messungen 0.008247 Sekunden gebraucht
bei 2 cores haben 1000 Messungen 0.008242 Sekunden gebraucht
bei 2 cores haben 1000 Messungen 0.008134 Sekunden gebraucht
bei 3 cores haben 1000 Messungen 0.012343 Sekunden gebraucht
bei 3 cores haben 1000 Messungen 0.011900 Sekunden gebraucht
bei 3 cores haben 1000 Messungen 0.011646 Sekunden gebraucht
bei 3 cores haben 1000 Messungen 0.011473 Sekunden gebraucht
bei 3 cores haben 1000 Messungen 0.011206 Sekunden gebraucht
bei 4 cores haben 1000 Messungen 0.011560 Sekunden gebraucht
bei 4 cores haben 1000 Messungen 0.011332 Sekunden gebraucht
bei 4 cores haben 1000 Messungen 0.011316 Sekunden gebraucht
bei 4 cores haben 1000 Messungen 0.011289 Sekunden gebraucht
bei 4 cores haben 1000 Messungen 0.011230 Sekunden gebraucht
bei 5 cores haben 1000 Messungen 0.012772 Sekunden gebraucht
bei 5 cores haben 1000 Messungen 0.012519 Sekunden gebraucht
bei 5 cores haben 1000 Messungen 0.012733 Sekunden gebraucht
bei 5 cores haben 1000 Messungen 0.012682 Sekunden gebraucht
bei 5 cores haben 1000 Messungen 0.012840 Sekunden gebraucht
bei 6 cores haben 1000 Messungen 0.014210 Sekunden gebraucht
bei 6 cores haben 1000 Messungen 0.014032 Sekunden gebraucht
bei 6 cores haben 1000 Messungen 0.014281 Sekunden gebraucht
bei 6 cores haben 1000 Messungen 0.014150 Sekunden gebraucht
bei 6 cores haben 1000 Messungen 0.013710 Sekunden gebraucht
bei 7 cores haben 1000 Messungen 0.014869 Sekunden gebraucht
bei 7 cores haben 1000 Messungen 0.014775 Sekunden gebraucht
bei 7 cores haben 1000 Messungen 0.014455 Sekunden gebraucht
bei 7 cores haben 1000 Messungen 0.014282 Sekunden gebraucht
bei 7 cores haben 1000 Messungen 0.013570 Sekunden gebraucht
bei 8 cores haben 1000 Messungen 0.014255 Sekunden gebraucht
bei 8 cores haben 1000 Messungen 0.014187 Sekunden gebraucht
bei 8 cores haben 1000 Messungen 0.014217 Sekunden gebraucht
bei 8 cores haben 1000 Messungen 0.013975 Sekunden gebraucht
bei 8 cores haben 1000 Messungen 0.013941 Sekunden gebraucht
bei 9 cores haben 1000 Messungen 0.016262 Sekunden gebraucht
bei 9 cores haben 1000 Messungen 0.016059 Sekunden gebraucht
bei 9 cores haben 1000 Messungen 0.015944 Sekunden gebraucht
bei 9 cores haben 1000 Messungen 0.015950 Sekunden gebraucht
bei 9 cores haben 1000 Messungen 0.015928 Sekunden gebraucht
bei 10 cores haben 1000 Messungen 0.017567 Sekunden gebraucht
bei 10 cores haben 1000 Messungen 0.017466 Sekunden gebraucht
bei 10 cores haben 1000 Messungen 0.017495 Sekunden gebraucht
bei 10 cores haben 1000 Messungen 0.017427 Sekunden gebraucht
bei 10 cores haben 1000 Messungen 0.017391 Sekunden gebraucht
bei 11 cores haben 1000 Messungen 0.018213 Sekunden gebraucht
bei 11 cores haben 1000 Messungen 0.018452 Sekunden gebraucht
bei 11 cores haben 1000 Messungen 0.018503 Sekunden gebraucht
bei 11 cores haben 1000 Messungen 0.018156 Sekunden gebraucht
bei 11 cores haben 1000 Messungen 0.018328 Sekunden gebraucht
bei 12 cores haben 1000 Messungen 0.020012 Sekunden gebraucht
bei 12 cores haben 1000 Messungen 0.019838 Sekunden gebraucht
bei 12 cores haben 1000 Messungen 0.020125 Sekunden gebraucht
bei 12 cores haben 1000 Messungen 0.019901 Sekunden gebraucht
bei 12 cores haben 1000 Messungen 0.019890 Sekunden gebraucht
Laenge=100
bei 1 cores haben 1000 Messungen 0.542049 Sekunden gebraucht
bei 1 cores haben 1000 Messungen 0.538314 Sekunden gebraucht
bei 1 cores haben 1000 Messungen 0.538240 Sekunden gebraucht
bei 1 cores haben 1000 Messungen 0.565802 Sekunden gebraucht
bei 1 cores haben 1000 Messungen 0.580644 Sekunden gebraucht
bei 2 cores haben 1000 Messungen 0.376550 Sekunden gebraucht
bei 2 cores haben 1000 Messungen 0.337805 Sekunden gebraucht
bei 2 cores haben 1000 Messungen 0.319941 Sekunden gebraucht
bei 2 cores haben 1000 Messungen 0.319396 Sekunden gebraucht
bei 2 cores haben 1000 Messungen 0.319318 Sekunden gebraucht
bei 3 cores haben 1000 Messungen 0.232252 Sekunden gebraucht
bei 3 cores haben 1000 Messungen 0.232745 Sekunden gebraucht
bei 3 cores haben 1000 Messungen 0.232547 Sekunden gebraucht
bei 3 cores haben 1000 Messungen 0.318565 Sekunden gebraucht
bei 3 cores haben 1000 Messungen 0.294207 Sekunden gebraucht
bei 4 cores haben 1000 Messungen 0.245987 Sekunden gebraucht
bei 4 cores haben 1000 Messungen 0.215615 Sekunden gebraucht
bei 4 cores haben 1000 Messungen 0.217640 Sekunden gebraucht
bei 4 cores haben 1000 Messungen 0.185214 Sekunden gebraucht
bei 4 cores haben 1000 Messungen 0.185238 Sekunden gebraucht
bei 5 cores haben 1000 Messungen 0.192759 Sekunden gebraucht
bei 5 cores haben 1000 Messungen 0.162159 Sekunden gebraucht
bei 5 cores haben 1000 Messungen 0.160026 Sekunden gebraucht
bei 5 cores haben 1000 Messungen 0.161326 Sekunden gebraucht
bei 5 cores haben 1000 Messungen 0.161003 Sekunden gebraucht
bei 6 cores haben 1000 Messungen 0.144484 Sekunden gebraucht
bei 6 cores haben 1000 Messungen 0.145314 Sekunden gebraucht
bei 6 cores haben 1000 Messungen 0.148870 Sekunden gebraucht
bei 6 cores haben 1000 Messungen 0.144741 Sekunden gebraucht
bei 6 cores haben 1000 Messungen 0.146538 Sekunden gebraucht
bei 7 cores haben 1000 Messungen 0.135956 Sekunden gebraucht
bei 7 cores haben 1000 Messungen 0.135556 Sekunden gebraucht
bei 7 cores haben 1000 Messungen 0.132919 Sekunden gebraucht
bei 7 cores haben 1000 Messungen 0.133982 Sekunden gebraucht
bei 7 cores haben 1000 Messungen 0.133246 Sekunden gebraucht
bei 8 cores haben 1000 Messungen 0.123182 Sekunden gebraucht
bei 8 cores haben 1000 Messungen 0.122851 Sekunden gebraucht
bei 8 cores haben 1000 Messungen 0.124541 Sekunden gebraucht
bei 8 cores haben 1000 Messungen 0.125960 Sekunden gebraucht
bei 8 cores haben 1000 Messungen 0.125569 Sekunden gebraucht
bei 9 cores haben 1000 Messungen 0.159990 Sekunden gebraucht
bei 9 cores haben 1000 Messungen 0.121892 Sekunden gebraucht
bei 9 cores haben 1000 Messungen 0.124209 Sekunden gebraucht
bei 9 cores haben 1000 Messungen 0.124170 Sekunden gebraucht
bei 9 cores haben 1000 Messungen 0.124957 Sekunden gebraucht
bei 10 cores haben 1000 Messungen 0.113410 Sekunden gebraucht
bei 10 cores haben 1000 Messungen 0.113894 Sekunden gebraucht
bei 10 cores haben 1000 Messungen 0.113295 Sekunden gebraucht
bei 10 cores haben 1000 Messungen 0.114054 Sekunden gebraucht
bei 10 cores haben 1000 Messungen 0.114094 Sekunden gebraucht
bei 11 cores haben 1000 Messungen 0.180552 Sekunden gebraucht
bei 11 cores haben 1000 Messungen 0.111716 Sekunden gebraucht
bei 11 cores haben 1000 Messungen 0.113487 Sekunden gebraucht
bei 11 cores haben 1000 Messungen 0.113216 Sekunden gebraucht
bei 11 cores haben 1000 Messungen 0.112185 Sekunden gebraucht
bei 12 cores haben 1000 Messungen 0.108360 Sekunden gebraucht
bei 12 cores haben 1000 Messungen 0.108658 Sekunden gebraucht
bei 12 cores haben 1000 Messungen 0.120872 Sekunden gebraucht
bei 12 cores haben 1000 Messungen 0.108379 Sekunden gebraucht
bei 12 cores haben 1000 Messungen 0.108852 Sekunden gebraucht
Laenge=500
bei 1 cores haben 1000 Messungen 13.481143 Sekunden gebraucht
bei 1 cores haben 1000 Messungen 13.398571 Sekunden gebraucht
bei 1 cores haben 1000 Messungen 13.392811 Sekunden gebraucht
bei 1 cores haben 1000 Messungen 13.388125 Sekunden gebraucht
bei 1 cores haben 1000 Messungen 13.482720 Sekunden gebraucht
bei 2 cores haben 1000 Messungen 7.557007 Sekunden gebraucht
bei 2 cores haben 1000 Messungen 7.627009 Sekunden gebraucht
bei 2 cores haben 1000 Messungen 7.653552 Sekunden gebraucht
bei 2 cores haben 1000 Messungen 7.473490 Sekunden gebraucht
bei 2 cores haben 1000 Messungen 7.867584 Sekunden gebraucht
bei 3 cores haben 1000 Messungen 5.330823 Sekunden gebraucht
bei 3 cores haben 1000 Messungen 5.302186 Sekunden gebraucht
bei 3 cores haben 1000 Messungen 5.298124 Sekunden gebraucht
bei 3 cores haben 1000 Messungen 5.301188 Sekunden gebraucht
bei 3 cores haben 1000 Messungen 5.284247 Sekunden gebraucht
bei 4 cores haben 1000 Messungen 4.304757 Sekunden gebraucht
bei 4 cores haben 1000 Messungen 4.313928 Sekunden gebraucht
bei 4 cores haben 1000 Messungen 4.294654 Sekunden gebraucht
bei 4 cores haben 1000 Messungen 4.303490 Sekunden gebraucht
bei 4 cores haben 1000 Messungen 4.387885 Sekunden gebraucht
bei 5 cores haben 1000 Messungen 3.696297 Sekunden gebraucht
bei 5 cores haben 1000 Messungen 3.803097 Sekunden gebraucht
bei 5 cores haben 1000 Messungen 3.814039 Sekunden gebraucht
bei 5 cores haben 1000 Messungen 3.808975 Sekunden gebraucht
bei 5 cores haben 1000 Messungen 3.828872 Sekunden gebraucht
bei 6 cores haben 1000 Messungen 3.349319 Sekunden gebraucht
bei 6 cores haben 1000 Messungen 3.298898 Sekunden gebraucht
bei 6 cores haben 1000 Messungen 3.285899 Sekunden gebraucht
bei 6 cores haben 1000 Messungen 3.347511 Sekunden gebraucht
bei 6 cores haben 1000 Messungen 3.286346 Sekunden gebraucht
bei 7 cores haben 1000 Messungen 3.013673 Sekunden gebraucht
bei 7 cores haben 1000 Messungen 3.025163 Sekunden gebraucht
bei 7 cores haben 1000 Messungen 2.954452 Sekunden gebraucht
bei 7 cores haben 1000 Messungen 3.014166 Sekunden gebraucht
bei 7 cores haben 1000 Messungen 2.989434 Sekunden gebraucht
bei 8 cores haben 1000 Messungen 2.764732 Sekunden gebraucht
bei 8 cores haben 1000 Messungen 2.822495 Sekunden gebraucht
bei 8 cores haben 1000 Messungen 2.785259 Sekunden gebraucht
bei 8 cores haben 1000 Messungen 2.753393 Sekunden gebraucht
bei 8 cores haben 1000 Messungen 2.792329 Sekunden gebraucht
bei 9 cores haben 1000 Messungen 2.592103 Sekunden gebraucht
bei 9 cores haben 1000 Messungen 2.664616 Sekunden gebraucht
bei 9 cores haben 1000 Messungen 2.616385 Sekunden gebraucht
bei 9 cores haben 1000 Messungen 2.637425 Sekunden gebraucht
bei 9 cores haben 1000 Messungen 2.610012 Sekunden gebraucht
bei 10 cores haben 1000 Messungen 2.444987 Sekunden gebraucht
bei 10 cores haben 1000 Messungen 2.476408 Sekunden gebraucht
bei 10 cores haben 1000 Messungen 2.479628 Sekunden gebraucht
bei 10 cores haben 1000 Messungen 2.518010 Sekunden gebraucht
bei 10 cores haben 1000 Messungen 2.483950 Sekunden gebraucht
bei 11 cores haben 1000 Messungen 2.373329 Sekunden gebraucht
bei 11 cores haben 1000 Messungen 2.383628 Sekunden gebraucht
bei 11 cores haben 1000 Messungen 2.450272 Sekunden gebraucht
bei 11 cores haben 1000 Messungen 2.512032 Sekunden gebraucht
bei 11 cores haben 1000 Messungen 2.360181 Sekunden gebraucht
bei 12 cores haben 1000 Messungen 2.312566 Sekunden gebraucht
bei 12 cores haben 1000 Messungen 2.357893 Sekunden gebraucht
bei 12 cores haben 1000 Messungen 2.272118 Sekunden gebraucht
bei 12 cores haben 1000 Messungen 2.261756 Sekunden gebraucht
bei 12 cores haben 1000 Messungen 2.255666 Sekunden gebraucht
Laenge=10
bei 1 cores haben 1000 Messungen 0.007963 Sekunden gebraucht
bei 1 cores haben 1000 Messungen 0.007859 Sekunden gebraucht
bei 1 cores haben 1000 Messungen 0.007778 Sekunden gebraucht
bei 1 cores haben 1000 Messungen 0.007674 Sekunden gebraucht
bei 1 cores haben 1000 Messungen 0.007621 Sekunden gebraucht
bei 2 cores haben 1000 Messungen 0.006135 Sekunden gebraucht
bei 2 cores haben 1000 Messungen 0.006143 Sekunden gebraucht
bei 2 cores haben 1000 Messungen 0.006198 Sekunden gebraucht
bei 2 cores haben 1000 Messungen 0.006219 Sekunden gebraucht
bei 2 cores haben 1000 Messungen 0.006216 Sekunden gebraucht
bei 3 cores haben 1000 Messungen 0.011632 Sekunden gebraucht
bei 3 cores haben 1000 Messungen 0.011225 Sekunden gebraucht
bei 3 cores haben 1000 Messungen 0.011795 Sekunden gebraucht
bei 3 cores haben 1000 Messungen 0.010781 Sekunden gebraucht
bei 3 cores haben 1000 Messungen 0.010685 Sekunden gebraucht
bei 4 cores haben 1000 Messungen 0.011633 Sekunden gebraucht
bei 4 cores haben 1000 Messungen 0.011500 Sekunden gebraucht
bei 4 cores haben 1000 Messungen 0.011352 Sekunden gebraucht
bei 4 cores haben 1000 Messungen 0.011563 Sekunden gebraucht
bei 4 cores haben 1000 Messungen 0.011355 Sekunden gebraucht
bei 5 cores haben 1000 Messungen 0.012004 Sekunden gebraucht
bei 5 cores haben 1000 Messungen 0.011981 Sekunden gebraucht
bei 5 cores haben 1000 Messungen 0.012003 Sekunden gebraucht
bei 5 cores haben 1000 Messungen 0.011877 Sekunden gebraucht
bei 5 cores haben 1000 Messungen 0.012092 Sekunden gebraucht
bei 6 cores haben 1000 Messungen 0.013161 Sekunden gebraucht
bei 6 cores haben 1000 Messungen 0.013047 Sekunden gebraucht
bei 6 cores haben 1000 Messungen 0.012952 Sekunden gebraucht
bei 6 cores haben 1000 Messungen 0.012869 Sekunden gebraucht
bei 6 cores haben 1000 Messungen 0.013030 Sekunden gebraucht
bei 7 cores haben 1000 Messungen 0.013735 Sekunden gebraucht
bei 7 cores haben 1000 Messungen 0.013662 Sekunden gebraucht
bei 7 cores haben 1000 Messungen 0.013630 Sekunden gebraucht
bei 7 cores haben 1000 Messungen 0.013633 Sekunden gebraucht
bei 7 cores haben 1000 Messungen 0.013657 Sekunden gebraucht
bei 8 cores haben 1000 Messungen 0.015800 Sekunden gebraucht
bei 8 cores haben 1000 Messungen 0.015768 Sekunden gebraucht
bei 8 cores haben 1000 Messungen 0.015849 Sekunden gebraucht
bei 8 cores haben 1000 Messungen 0.015625 Sekunden gebraucht
bei 8 cores haben 1000 Messungen 0.015649 Sekunden gebraucht
bei 9 cores haben 1000 Messungen 0.016792 Sekunden gebraucht
bei 9 cores haben 1000 Messungen 0.016321 Sekunden gebraucht
bei 9 cores haben 1000 Messungen 0.015986 Sekunden gebraucht
bei 9 cores haben 1000 Messungen 0.015884 Sekunden gebraucht
bei 9 cores haben 1000 Messungen 0.015961 Sekunden gebraucht
bei 10 cores haben 1000 Messungen 0.017322 Sekunden gebraucht
bei 10 cores haben 1000 Messungen 0.017342 Sekunden gebraucht
bei 10 cores haben 1000 Messungen 0.017191 Sekunden gebraucht
bei 10 cores haben 1000 Messungen 0.017167 Sekunden gebraucht
bei 10 cores haben 1000 Messungen 0.017148 Sekunden gebraucht
bei 11 cores haben 1000 Messungen 0.018224 Sekunden gebraucht
bei 11 cores haben 1000 Messungen 0.017960 Sekunden gebraucht
bei 11 cores haben 1000 Messungen 0.017978 Sekunden gebraucht
bei 11 cores haben 1000 Messungen 0.017895 Sekunden gebraucht
bei 11 cores haben 1000 Messungen 0.018028 Sekunden gebraucht
bei 12 cores haben 1000 Messungen 0.016193 Sekunden gebraucht
bei 12 cores haben 1000 Messungen 0.016252 Sekunden gebraucht
bei 12 cores haben 1000 Messungen 0.016628 Sekunden gebraucht
bei 12 cores haben 1000 Messungen 0.016544 Sekunden gebraucht
bei 12 cores haben 1000 Messungen 0.016429 Sekunden gebraucht
Laenge=100
bei 1 cores haben 1000 Messungen 0.556889 Sekunden gebraucht
bei 1 cores haben 1000 Messungen 0.559417 Sekunden gebraucht
bei 1 cores haben 1000 Messungen 0.559305 Sekunden gebraucht
bei 1 cores haben 1000 Messungen 0.559727 Sekunden gebraucht
bei 1 cores haben 1000 Messungen 0.559529 Sekunden gebraucht
bei 2 cores haben 1000 Messungen 0.367317 Sekunden gebraucht
bei 2 cores haben 1000 Messungen 0.368138 Sekunden gebraucht
bei 2 cores haben 1000 Messungen 0.321581 Sekunden gebraucht
bei 2 cores haben 1000 Messungen 0.320260 Sekunden gebraucht
bei 2 cores haben 1000 Messungen 0.326759 Sekunden gebraucht
bei 3 cores haben 1000 Messungen 0.234119 Sekunden gebraucht
bei 3 cores haben 1000 Messungen 0.230108 Sekunden gebraucht
bei 3 cores haben 1000 Messungen 0.230538 Sekunden gebraucht
bei 3 cores haben 1000 Messungen 0.230229 Sekunden gebraucht
bei 3 cores haben 1000 Messungen 0.227085 Sekunden gebraucht
bei 4 cores haben 1000 Messungen 0.192212 Sekunden gebraucht
bei 4 cores haben 1000 Messungen 0.187206 Sekunden gebraucht
bei 4 cores haben 1000 Messungen 0.186945 Sekunden gebraucht
bei 4 cores haben 1000 Messungen 0.187832 Sekunden gebraucht
bei 4 cores haben 1000 Messungen 0.187568 Sekunden gebraucht
bei 5 cores haben 1000 Messungen 0.161953 Sekunden gebraucht
bei 5 cores haben 1000 Messungen 0.161402 Sekunden gebraucht
bei 5 cores haben 1000 Messungen 0.159942 Sekunden gebraucht
bei 5 cores haben 1000 Messungen 0.159975 Sekunden gebraucht
bei 5 cores haben 1000 Messungen 0.163104 Sekunden gebraucht
bei 6 cores haben 1000 Messungen 0.147787 Sekunden gebraucht
bei 6 cores haben 1000 Messungen 0.147071 Sekunden gebraucht
bei 6 cores haben 1000 Messungen 0.146179 Sekunden gebraucht
bei 6 cores haben 1000 Messungen 0.146837 Sekunden gebraucht
bei 6 cores haben 1000 Messungen 0.146738 Sekunden gebraucht
bei 7 cores haben 1000 Messungen 0.134538 Sekunden gebraucht
bei 7 cores haben 1000 Messungen 0.135035 Sekunden gebraucht
bei 7 cores haben 1000 Messungen 0.289568 Sekunden gebraucht
bei 7 cores haben 1000 Messungen 0.138165 Sekunden gebraucht
bei 7 cores haben 1000 Messungen 0.139087 Sekunden gebraucht
bei 8 cores haben 1000 Messungen 0.129914 Sekunden gebraucht
bei 8 cores haben 1000 Messungen 0.127770 Sekunden gebraucht
bei 8 cores haben 1000 Messungen 0.128567 Sekunden gebraucht
bei 8 cores haben 1000 Messungen 0.127714 Sekunden gebraucht
bei 8 cores haben 1000 Messungen 0.127301 Sekunden gebraucht
bei 9 cores haben 1000 Messungen 0.148052 Sekunden gebraucht
bei 9 cores haben 1000 Messungen 0.127706 Sekunden gebraucht
bei 9 cores haben 1000 Messungen 0.124793 Sekunden gebraucht
bei 9 cores haben 1000 Messungen 0.124770 Sekunden gebraucht
bei 9 cores haben 1000 Messungen 0.122774 Sekunden gebraucht
bei 10 cores haben 1000 Messungen 0.117169 Sekunden gebraucht
bei 10 cores haben 1000 Messungen 0.116419 Sekunden gebraucht
bei 10 cores haben 1000 Messungen 0.116633 Sekunden gebraucht
bei 10 cores haben 1000 Messungen 0.116130 Sekunden gebraucht
bei 10 cores haben 1000 Messungen 0.116276 Sekunden gebraucht
bei 11 cores haben 1000 Messungen 0.119800 Sekunden gebraucht
bei 11 cores haben 1000 Messungen 0.116508 Sekunden gebraucht
bei 11 cores haben 1000 Messungen 0.114499 Sekunden gebraucht
bei 11 cores haben 1000 Messungen 0.115129 Sekunden gebraucht
bei 11 cores haben 1000 Messungen 0.115064 Sekunden gebraucht
bei 12 cores haben 1000 Messungen 0.125852 Sekunden gebraucht
bei 12 cores haben 1000 Messungen 0.111965 Sekunden gebraucht
bei 12 cores haben 1000 Messungen 0.112898 Sekunden gebraucht
bei 12 cores haben 1000 Messungen 0.112459 Sekunden gebraucht
bei 12 cores haben 1000 Messungen 0.110376 Sekunden gebraucht
Laenge=500
bei 1 cores haben 1000 Messungen 13.950646 Sekunden gebraucht
bei 1 cores haben 1000 Messungen 13.913150 Sekunden gebraucht
bei 1 cores haben 1000 Messungen 13.852820 Sekunden gebraucht
bei 1 cores haben 1000 Messungen 13.857030 Sekunden gebraucht
bei 1 cores haben 1000 Messungen 13.865682 Sekunden gebraucht
bei 2 cores haben 1000 Messungen 7.948661 Sekunden gebraucht
bei 2 cores haben 1000 Messungen 7.936412 Sekunden gebraucht
bei 2 cores haben 1000 Messungen 7.916928 Sekunden gebraucht
bei 2 cores haben 1000 Messungen 7.916999 Sekunden gebraucht
bei 2 cores haben 1000 Messungen 8.083824 Sekunden gebraucht
bei 3 cores haben 1000 Messungen 5.727897 Sekunden gebraucht
bei 3 cores haben 1000 Messungen 5.642657 Sekunden gebraucht
bei 3 cores haben 1000 Messungen 5.681886 Sekunden gebraucht
bei 3 cores haben 1000 Messungen 5.639511 Sekunden gebraucht
bei 3 cores haben 1000 Messungen 5.743590 Sekunden gebraucht
bei 4 cores haben 1000 Messungen 4.622501 Sekunden gebraucht
bei 4 cores haben 1000 Messungen 4.511743 Sekunden gebraucht
bei 4 cores haben 1000 Messungen 4.578323 Sekunden gebraucht
bei 4 cores haben 1000 Messungen 4.547930 Sekunden gebraucht
bei 4 cores haben 1000 Messungen 4.581299 Sekunden gebraucht
bei 5 cores haben 1000 Messungen 3.926518 Sekunden gebraucht
bei 5 cores haben 1000 Messungen 3.833652 Sekunden gebraucht
bei 5 cores haben 1000 Messungen 3.847115 Sekunden gebraucht
bei 5 cores haben 1000 Messungen 3.833578 Sekunden gebraucht
bei 5 cores haben 1000 Messungen 3.837098 Sekunden gebraucht
bei 6 cores haben 1000 Messungen 3.433935 Sekunden gebraucht
bei 6 cores haben 1000 Messungen 3.437877 Sekunden gebraucht
bei 6 cores haben 1000 Messungen 3.386633 Sekunden gebraucht
bei 6 cores haben 1000 Messungen 3.495482 Sekunden gebraucht
bei 6 cores haben 1000 Messungen 3.398156 Sekunden gebraucht
bei 7 cores haben 1000 Messungen 3.075888 Sekunden gebraucht
bei 7 cores haben 1000 Messungen 3.099019 Sekunden gebraucht
bei 7 cores haben 1000 Messungen 3.102720 Sekunden gebraucht
bei 7 cores haben 1000 Messungen 3.139138 Sekunden gebraucht
bei 7 cores haben 1000 Messungen 3.107753 Sekunden gebraucht
bei 8 cores haben 1000 Messungen 2.894085 Sekunden gebraucht
bei 8 cores haben 1000 Messungen 2.880878 Sekunden gebraucht
bei 8 cores haben 1000 Messungen 2.926993 Sekunden gebraucht
bei 8 cores haben 1000 Messungen 2.850809 Sekunden gebraucht
bei 8 cores haben 1000 Messungen 2.888851 Sekunden gebraucht
bei 9 cores haben 1000 Messungen 2.703142 Sekunden gebraucht
bei 9 cores haben 1000 Messungen 2.748461 Sekunden gebraucht
bei 9 cores haben 1000 Messungen 2.694430 Sekunden gebraucht
bei 9 cores haben 1000 Messungen 2.736344 Sekunden gebraucht
bei 9 cores haben 1000 Messungen 2.722748 Sekunden gebraucht
bei 10 cores haben 1000 Messungen 2.557244 Sekunden gebraucht
bei 10 cores haben 1000 Messungen 2.565029 Sekunden gebraucht
bei 10 cores haben 1000 Messungen 2.584970 Sekunden gebraucht
bei 10 cores haben 1000 Messungen 2.566196 Sekunden gebraucht
bei 10 cores haben 1000 Messungen 2.632087 Sekunden gebraucht
bei 11 cores haben 1000 Messungen 2.474970 Sekunden gebraucht
bei 11 cores haben 1000 Messungen 2.478327 Sekunden gebraucht
bei 11 cores haben 1000 Messungen 2.457278 Sekunden gebraucht
bei 11 cores haben 1000 Messungen 2.470092 Sekunden gebraucht
bei 11 cores haben 1000 Messungen 2.450753 Sekunden gebraucht
bei 12 cores haben 1000 Messungen 2.337716 Sekunden gebraucht
bei 12 cores haben 1000 Messungen 2.324933 Sekunden gebraucht
bei 12 cores haben 1000 Messungen 2.376147 Sekunden gebraucht
bei 12 cores haben 1000 Messungen 2.352624 Sekunden gebraucht
bei 12 cores haben 1000 Messungen 2.355882 Sekunden gebraucht
Laenge=10
bei 1 cores haben 1000 Messungen 0.010892 Sekunden gebraucht
bei 1 cores haben 1000 Messungen 0.010374 Sekunden gebraucht
bei 1 cores haben 1000 Messungen 0.008618 Sekunden gebraucht
bei 1 cores haben 1000 Messungen 0.008271 Sekunden gebraucht
bei 1 cores haben 1000 Messungen 0.016670 Sekunden gebraucht
bei 2 cores haben 1000 Messungen 0.008834 Sekunden gebraucht
bei 2 cores haben 1000 Messungen 0.008392 Sekunden gebraucht
bei 2 cores haben 1000 Messungen 0.008191 Sekunden gebraucht
bei 2 cores haben 1000 Messungen 0.007792 Sekunden gebraucht
bei 2 cores haben 1000 Messungen 0.007520 Sekunden gebraucht
bei 3 cores haben 1000 Messungen 0.015892 Sekunden gebraucht
bei 3 cores haben 1000 Messungen 0.014206 Sekunden gebraucht
bei 3 cores haben 1000 Messungen 0.013581 Sekunden gebraucht
bei 3 cores haben 1000 Messungen 0.013379 Sekunden gebraucht
bei 3 cores haben 1000 Messungen 0.012966 Sekunden gebraucht
bei 4 cores haben 1000 Messungen 0.011996 Sekunden gebraucht
bei 4 cores haben 1000 Messungen 0.011536 Sekunden gebraucht
bei 4 cores haben 1000 Messungen 0.011691 Sekunden gebraucht
bei 4 cores haben 1000 Messungen 0.011593 Sekunden gebraucht
bei 4 cores haben 1000 Messungen 0.011528 Sekunden gebraucht
bei 5 cores haben 1000 Messungen 0.013781 Sekunden gebraucht
bei 5 cores haben 1000 Messungen 0.013832 Sekunden gebraucht
bei 5 cores haben 1000 Messungen 0.013812 Sekunden gebraucht
bei 5 cores haben 1000 Messungen 0.013900 Sekunden gebraucht
bei 5 cores haben 1000 Messungen 0.013701 Sekunden gebraucht
bei 6 cores haben 1000 Messungen 0.012603 Sekunden gebraucht
bei 6 cores haben 1000 Messungen 0.012518 Sekunden gebraucht
bei 6 cores haben 1000 Messungen 0.012645 Sekunden gebraucht
bei 6 cores haben 1000 Messungen 0.012456 Sekunden gebraucht
bei 6 cores haben 1000 Messungen 0.012417 Sekunden gebraucht
bei 7 cores haben 1000 Messungen 0.015204 Sekunden gebraucht
bei 7 cores haben 1000 Messungen 0.015125 Sekunden gebraucht
bei 7 cores haben 1000 Messungen 0.015019 Sekunden gebraucht
bei 7 cores haben 1000 Messungen 0.015007 Sekunden gebraucht
bei 7 cores haben 1000 Messungen 0.015036 Sekunden gebraucht
bei 8 cores haben 1000 Messungen 0.013549 Sekunden gebraucht
bei 8 cores haben 1000 Messungen 0.013629 Sekunden gebraucht
bei 8 cores haben 1000 Messungen 0.013771 Sekunden gebraucht
bei 8 cores haben 1000 Messungen 0.013756 Sekunden gebraucht
bei 8 cores haben 1000 Messungen 0.013743 Sekunden gebraucht
bei 9 cores haben 1000 Messungen 0.017964 Sekunden gebraucht
bei 9 cores haben 1000 Messungen 0.017866 Sekunden gebraucht
bei 9 cores haben 1000 Messungen 0.017626 Sekunden gebraucht
bei 9 cores haben 1000 Messungen 0.017203 Sekunden gebraucht
bei 9 cores haben 1000 Messungen 0.016646 Sekunden gebraucht
bei 10 cores haben 1000 Messungen 0.016021 Sekunden gebraucht
bei 10 cores haben 1000 Messungen 0.016010 Sekunden gebraucht
bei 10 cores haben 1000 Messungen 0.015888 Sekunden gebraucht
bei 10 cores haben 1000 Messungen 0.015932 Sekunden gebraucht
bei 10 cores haben 1000 Messungen 0.015774 Sekunden gebraucht
bei 11 cores haben 1000 Messungen 0.018956 Sekunden gebraucht
bei 11 cores haben 1000 Messungen 0.018727 Sekunden gebraucht
bei 11 cores haben 1000 Messungen 0.018862 Sekunden gebraucht
bei 11 cores haben 1000 Messungen 0.019266 Sekunden gebraucht
bei 11 cores haben 1000 Messungen 0.018788 Sekunden gebraucht
bei 12 cores haben 1000 Messungen 0.017309 Sekunden gebraucht
bei 12 cores haben 1000 Messungen 0.016975 Sekunden gebraucht
bei 12 cores haben 1000 Messungen 0.017391 Sekunden gebraucht
bei 12 cores haben 1000 Messungen 0.016951 Sekunden gebraucht
bei 12 cores haben 1000 Messungen 0.017491 Sekunden gebraucht
Laenge=100
bei 1 cores haben 1000 Messungen 0.615298 Sekunden gebraucht
bei 1 cores haben 1000 Messungen 0.654840 Sekunden gebraucht
bei 1 cores haben 1000 Messungen 0.614262 Sekunden gebraucht
bei 1 cores haben 1000 Messungen 0.613914 Sekunden gebraucht
bei 1 cores haben 1000 Messungen 0.659320 Sekunden gebraucht
bei 2 cores haben 1000 Messungen 0.412595 Sekunden gebraucht
bei 2 cores haben 1000 Messungen 0.367504 Sekunden gebraucht
bei 2 cores haben 1000 Messungen 0.340016 Sekunden gebraucht
bei 2 cores haben 1000 Messungen 0.339187 Sekunden gebraucht
bei 2 cores haben 1000 Messungen 0.339383 Sekunden gebraucht
bei 3 cores haben 1000 Messungen 0.266293 Sekunden gebraucht
bei 3 cores haben 1000 Messungen 0.245645 Sekunden gebraucht
bei 3 cores haben 1000 Messungen 0.247212 Sekunden gebraucht
bei 3 cores haben 1000 Messungen 0.246004 Sekunden gebraucht
bei 3 cores haben 1000 Messungen 0.245690 Sekunden gebraucht
bei 4 cores haben 1000 Messungen 0.200026 Sekunden gebraucht
bei 4 cores haben 1000 Messungen 0.200440 Sekunden gebraucht
bei 4 cores haben 1000 Messungen 0.200454 Sekunden gebraucht
bei 4 cores haben 1000 Messungen 0.199907 Sekunden gebraucht
bei 4 cores haben 1000 Messungen 0.200739 Sekunden gebraucht
bei 5 cores haben 1000 Messungen 0.174714 Sekunden gebraucht
bei 5 cores haben 1000 Messungen 0.174428 Sekunden gebraucht
bei 5 cores haben 1000 Messungen 0.174322 Sekunden gebraucht
bei 5 cores haben 1000 Messungen 0.176423 Sekunden gebraucht
bei 5 cores haben 1000 Messungen 0.173164 Sekunden gebraucht
bei 6 cores haben 1000 Messungen 0.154980 Sekunden gebraucht
bei 6 cores haben 1000 Messungen 0.156827 Sekunden gebraucht
bei 6 cores haben 1000 Messungen 0.156787 Sekunden gebraucht
bei 6 cores haben 1000 Messungen 0.155435 Sekunden gebraucht
bei 6 cores haben 1000 Messungen 0.156587 Sekunden gebraucht
bei 7 cores haben 1000 Messungen 0.150882 Sekunden gebraucht
bei 7 cores haben 1000 Messungen 0.147507 Sekunden gebraucht
bei 7 cores haben 1000 Messungen 0.314660 Sekunden gebraucht
bei 7 cores haben 1000 Messungen 0.150916 Sekunden gebraucht
bei 7 cores haben 1000 Messungen 0.149392 Sekunden gebraucht
bei 8 cores haben 1000 Messungen 0.142677 Sekunden gebraucht
bei 8 cores haben 1000 Messungen 0.141432 Sekunden gebraucht
bei 8 cores haben 1000 Messungen 0.139262 Sekunden gebraucht
bei 8 cores haben 1000 Messungen 0.145078 Sekunden gebraucht
bei 8 cores haben 1000 Messungen 0.142690 Sekunden gebraucht
bei 9 cores haben 1000 Messungen 0.138623 Sekunden gebraucht
bei 9 cores haben 1000 Messungen 0.136651 Sekunden gebraucht
bei 9 cores haben 1000 Messungen 0.137732 Sekunden gebraucht
bei 9 cores haben 1000 Messungen 0.138642 Sekunden gebraucht
bei 9 cores haben 1000 Messungen 0.137295 Sekunden gebraucht
bei 10 cores haben 1000 Messungen 0.130029 Sekunden gebraucht
bei 10 cores haben 1000 Messungen 0.128995 Sekunden gebraucht
bei 10 cores haben 1000 Messungen 0.128932 Sekunden gebraucht
bei 10 cores haben 1000 Messungen 0.128073 Sekunden gebraucht
bei 10 cores haben 1000 Messungen 0.132727 Sekunden gebraucht
bei 11 cores haben 1000 Messungen 0.131686 Sekunden gebraucht
bei 11 cores haben 1000 Messungen 0.132122 Sekunden gebraucht
bei 11 cores haben 1000 Messungen 0.134770 Sekunden gebraucht
bei 11 cores haben 1000 Messungen 0.130789 Sekunden gebraucht
bei 11 cores haben 1000 Messungen 0.132608 Sekunden gebraucht
bei 12 cores haben 1000 Messungen 0.126958 Sekunden gebraucht
bei 12 cores haben 1000 Messungen 0.121411 Sekunden gebraucht
bei 12 cores haben 1000 Messungen 0.123873 Sekunden gebraucht
bei 12 cores haben 1000 Messungen 0.126082 Sekunden gebraucht
bei 12 cores haben 1000 Messungen 0.135600 Sekunden gebraucht
Laenge=500
bei 1 cores haben 1000 Messungen 15.250048 Sekunden gebraucht
bei 1 cores haben 1000 Messungen 15.237389 Sekunden gebraucht
bei 1 cores haben 1000 Messungen 15.233282 Sekunden gebraucht
bei 1 cores haben 1000 Messungen 15.241022 Sekunden gebraucht
bei 1 cores haben 1000 Messungen 15.297534 Sekunden gebraucht
bei 2 cores haben 1000 Messungen 8.424417 Sekunden gebraucht
bei 2 cores haben 1000 Messungen 8.381103 Sekunden gebraucht
bei 2 cores haben 1000 Messungen 8.448696 Sekunden gebraucht
bei 2 cores haben 1000 Messungen 8.544434 Sekunden gebraucht
bei 2 cores haben 1000 Messungen 8.521369 Sekunden gebraucht
bei 3 cores haben 1000 Messungen 6.007400 Sekunden gebraucht
bei 3 cores haben 1000 Messungen 6.007851 Sekunden gebraucht
bei 3 cores haben 1000 Messungen 6.058982 Sekunden gebraucht
bei 3 cores haben 1000 Messungen 6.029366 Sekunden gebraucht
bei 3 cores haben 1000 Messungen 6.048596 Sekunden gebraucht
bei 4 cores haben 1000 Messungen 4.851514 Sekunden gebraucht
bei 4 cores haben 1000 Messungen 4.797010 Sekunden gebraucht
bei 4 cores haben 1000 Messungen 4.794578 Sekunden gebraucht
bei 4 cores haben 1000 Messungen 4.849839 Sekunden gebraucht
bei 4 cores haben 1000 Messungen 4.859361 Sekunden gebraucht
bei 5 cores haben 1000 Messungen 4.060318 Sekunden gebraucht
bei 5 cores haben 1000 Messungen 4.156497 Sekunden gebraucht
bei 5 cores haben 1000 Messungen 4.072913 Sekunden gebraucht
bei 5 cores haben 1000 Messungen 4.064808 Sekunden gebraucht
bei 5 cores haben 1000 Messungen 4.149199 Sekunden gebraucht
bei 6 cores haben 1000 Messungen 3.558133 Sekunden gebraucht
bei 6 cores haben 1000 Messungen 3.620252 Sekunden gebraucht
bei 6 cores haben 1000 Messungen 3.607912 Sekunden gebraucht
bei 6 cores haben 1000 Messungen 3.611039 Sekunden gebraucht
bei 6 cores haben 1000 Messungen 3.590963 Sekunden gebraucht
bei 7 cores haben 1000 Messungen 3.308516 Sekunden gebraucht
bei 7 cores haben 1000 Messungen 3.274829 Sekunden gebraucht
bei 7 cores haben 1000 Messungen 3.251176 Sekunden gebraucht
bei 7 cores haben 1000 Messungen 3.354586 Sekunden gebraucht
bei 7 cores haben 1000 Messungen 3.289016 Sekunden gebraucht
bei 8 cores haben 1000 Messungen 3.016566 Sekunden gebraucht
bei 8 cores haben 1000 Messungen 3.076536 Sekunden gebraucht
bei 8 cores haben 1000 Messungen 3.075925 Sekunden gebraucht
bei 8 cores haben 1000 Messungen 3.082858 Sekunden gebraucht
bei 8 cores haben 1000 Messungen 3.076374 Sekunden gebraucht
bei 9 cores haben 1000 Messungen 2.825008 Sekunden gebraucht
bei 9 cores haben 1000 Messungen 2.833786 Sekunden gebraucht
bei 9 cores haben 1000 Messungen 2.886212 Sekunden gebraucht
bei 9 cores haben 1000 Messungen 2.829021 Sekunden gebraucht
bei 9 cores haben 1000 Messungen 2.875254 Sekunden gebraucht
bei 10 cores haben 1000 Messungen 2.682669 Sekunden gebraucht
bei 10 cores haben 1000 Messungen 2.715049 Sekunden gebraucht
bei 10 cores haben 1000 Messungen 2.755490 Sekunden gebraucht
bei 10 cores haben 1000 Messungen 2.696140 Sekunden gebraucht
bei 10 cores haben 1000 Messungen 2.677767 Sekunden gebraucht
bei 11 cores haben 1000 Messungen 2.586738 Sekunden gebraucht
bei 11 cores haben 1000 Messungen 2.553386 Sekunden gebraucht
bei 11 cores haben 1000 Messungen 2.528936 Sekunden gebraucht
bei 11 cores haben 1000 Messungen 2.585387 Sekunden gebraucht
bei 11 cores haben 1000 Messungen 2.656629 Sekunden gebraucht
bei 12 cores haben 1000 Messungen 2.446158 Sekunden gebraucht
bei 12 cores haben 1000 Messungen 2.455768 Sekunden gebraucht
bei 12 cores haben 1000 Messungen 2.487258 Sekunden gebraucht
bei 12 cores haben 1000 Messungen 2.442395 Sekunden gebraucht
bei 12 cores haben 1000 Messungen 2.449494 Sekunden gebraucht
Laenge=10
bei 1 cores haben 1000 Messungen 0.009335 Sekunden gebraucht
bei 1 cores haben 1000 Messungen 0.009436 Sekunden gebraucht
bei 1 cores haben 1000 Messungen 0.009304 Sekunden gebraucht
bei 1 cores haben 1000 Messungen 0.009146 Sekunden gebraucht
bei 1 cores haben 1000 Messungen 0.009121 Sekunden gebraucht
bei 2 cores haben 1000 Messungen 0.007826 Sekunden gebraucht
bei 2 cores haben 1000 Messungen 0.007564 Sekunden gebraucht
bei 2 cores haben 1000 Messungen 0.007731 Sekunden gebraucht
bei 2 cores haben 1000 Messungen 0.007753 Sekunden gebraucht
bei 2 cores haben 1000 Messungen 0.007696 Sekunden gebraucht
bei 3 cores haben 1000 Messungen 0.018540 Sekunden gebraucht
bei 3 cores haben 1000 Messungen 0.016430 Sekunden gebraucht
bei 3 cores haben 1000 Messungen 0.016089 Sekunden gebraucht
bei 3 cores haben 1000 Messungen 0.015658 Sekunden gebraucht
bei 3 cores haben 1000 Messungen 0.015050 Sekunden gebraucht
bei 4 cores haben 1000 Messungen 0.015434 Sekunden gebraucht
bei 4 cores haben 1000 Messungen 0.015191 Sekunden gebraucht
bei 4 cores haben 1000 Messungen 0.015238 Sekunden gebraucht
bei 4 cores haben 1000 Messungen 0.015090 Sekunden gebraucht
bei 4 cores haben 1000 Messungen 0.015869 Sekunden gebraucht
bei 5 cores haben 1000 Messungen 0.016265 Sekunden gebraucht
bei 5 cores haben 1000 Messungen 0.016103 Sekunden gebraucht
bei 5 cores haben 1000 Messungen 0.016040 Sekunden gebraucht
bei 5 cores haben 1000 Messungen 0.016404 Sekunden gebraucht
bei 5 cores haben 1000 Messungen 0.016117 Sekunden gebraucht
bei 6 cores haben 1000 Messungen 0.016907 Sekunden gebraucht
bei 6 cores haben 1000 Messungen 0.016603 Sekunden gebraucht
bei 6 cores haben 1000 Messungen 0.016578 Sekunden gebraucht
bei 6 cores haben 1000 Messungen 0.017360 Sekunden gebraucht
bei 6 cores haben 1000 Messungen 0.016690 Sekunden gebraucht
bei 7 cores haben 1000 Messungen 0.017102 Sekunden gebraucht
bei 7 cores haben 1000 Messungen 0.017046 Sekunden gebraucht
bei 7 cores haben 1000 Messungen 0.017645 Sekunden gebraucht
bei 7 cores haben 1000 Messungen 0.016996 Sekunden gebraucht
bei 7 cores haben 1000 Messungen 0.016972 Sekunden gebraucht
bei 8 cores haben 1000 Messungen 0.015882 Sekunden gebraucht
bei 8 cores haben 1000 Messungen 0.015594 Sekunden gebraucht
bei 8 cores haben 1000 Messungen 0.015651 Sekunden gebraucht
bei 8 cores haben 1000 Messungen 0.015730 Sekunden gebraucht
bei 8 cores haben 1000 Messungen 0.015754 Sekunden gebraucht
bei 9 cores haben 1000 Messungen 0.019506 Sekunden gebraucht
bei 9 cores haben 1000 Messungen 0.018826 Sekunden gebraucht
bei 9 cores haben 1000 Messungen 0.018814 Sekunden gebraucht
bei 9 cores haben 1000 Messungen 0.018762 Sekunden gebraucht
bei 9 cores haben 1000 Messungen 0.018746 Sekunden gebraucht
bei 10 cores haben 1000 Messungen 0.017404 Sekunden gebraucht
bei 10 cores haben 1000 Messungen 0.017379 Sekunden gebraucht
bei 10 cores haben 1000 Messungen 0.017420 Sekunden gebraucht
bei 10 cores haben 1000 Messungen 0.017397 Sekunden gebraucht
bei 10 cores haben 1000 Messungen 0.017509 Sekunden gebraucht
bei 11 cores haben 1000 Messungen 0.020707 Sekunden gebraucht
bei 11 cores haben 1000 Messungen 0.020668 Sekunden gebraucht
bei 11 cores haben 1000 Messungen 0.020582 Sekunden gebraucht
bei 11 cores haben 1000 Messungen 0.020560 Sekunden gebraucht
bei 11 cores haben 1000 Messungen 0.020720 Sekunden gebraucht
bei 12 cores haben 1000 Messungen 0.018826 Sekunden gebraucht
bei 12 cores haben 1000 Messungen 0.018564 Sekunden gebraucht
bei 12 cores haben 1000 Messungen 0.018739 Sekunden gebraucht
bei 12 cores haben 1000 Messungen 0.018758 Sekunden gebraucht
bei 12 cores haben 1000 Messungen 0.018813 Sekunden gebraucht
Laenge=100
bei 1 cores haben 1000 Messungen 0.679841 Sekunden gebraucht
bei 1 cores haben 1000 Messungen 0.683541 Sekunden gebraucht
bei 1 cores haben 1000 Messungen 0.723498 Sekunden gebraucht
bei 1 cores haben 1000 Messungen 0.682934 Sekunden gebraucht
bei 1 cores haben 1000 Messungen 0.682934 Sekunden gebraucht
bei 2 cores haben 1000 Messungen 0.461331 Sekunden gebraucht
bei 2 cores haben 1000 Messungen 0.388557 Sekunden gebraucht
bei 2 cores haben 1000 Messungen 0.371462 Sekunden gebraucht
bei 2 cores haben 1000 Messungen 0.372136 Sekunden gebraucht
bei 2 cores haben 1000 Messungen 0.371728 Sekunden gebraucht
bei 3 cores haben 1000 Messungen 0.268979 Sekunden gebraucht
bei 3 cores haben 1000 Messungen 0.265502 Sekunden gebraucht
bei 3 cores haben 1000 Messungen 0.264880 Sekunden gebraucht
bei 3 cores haben 1000 Messungen 0.301764 Sekunden gebraucht
bei 3 cores haben 1000 Messungen 0.266648 Sekunden gebraucht
bei 4 cores haben 1000 Messungen 0.216498 Sekunden gebraucht
bei 4 cores haben 1000 Messungen 0.214086 Sekunden gebraucht
bei 4 cores haben 1000 Messungen 0.215814 Sekunden gebraucht
bei 4 cores haben 1000 Messungen 0.214643 Sekunden gebraucht
bei 4 cores haben 1000 Messungen 0.215469 Sekunden gebraucht
bei 5 cores haben 1000 Messungen 0.188251 Sekunden gebraucht
bei 5 cores haben 1000 Messungen 0.186989 Sekunden gebraucht
bei 5 cores haben 1000 Messungen 0.187564 Sekunden gebraucht
bei 5 cores haben 1000 Messungen 0.188510 Sekunden gebraucht
bei 5 cores haben 1000 Messungen 0.187442 Sekunden gebraucht
bei 6 cores haben 1000 Messungen 0.199317 Sekunden gebraucht
bei 6 cores haben 1000 Messungen 0.168573 Sekunden gebraucht
bei 6 cores haben 1000 Messungen 0.166767 Sekunden gebraucht
bei 6 cores haben 1000 Messungen 0.169503 Sekunden gebraucht
bei 6 cores haben 1000 Messungen 0.168460 Sekunden gebraucht
bei 7 cores haben 1000 Messungen 0.158873 Sekunden gebraucht
bei 7 cores haben 1000 Messungen 0.157817 Sekunden gebraucht
bei 7 cores haben 1000 Messungen 0.155655 Sekunden gebraucht
bei 7 cores haben 1000 Messungen 0.158781 Sekunden gebraucht
bei 7 cores haben 1000 Messungen 0.158836 Sekunden gebraucht
bei 8 cores haben 1000 Messungen 0.187655 Sekunden gebraucht
bei 8 cores haben 1000 Messungen 0.149518 Sekunden gebraucht
bei 8 cores haben 1000 Messungen 0.148611 Sekunden gebraucht
bei 8 cores haben 1000 Messungen 0.150050 Sekunden gebraucht
bei 8 cores haben 1000 Messungen 0.147542 Sekunden gebraucht
bei 9 cores haben 1000 Messungen 0.175827 Sekunden gebraucht
bei 9 cores haben 1000 Messungen 0.148152 Sekunden gebraucht
bei 9 cores haben 1000 Messungen 0.147513 Sekunden gebraucht
bei 9 cores haben 1000 Messungen 0.145860 Sekunden gebraucht
bei 9 cores haben 1000 Messungen 0.146304 Sekunden gebraucht
bei 10 cores haben 1000 Messungen 0.132019 Sekunden gebraucht
bei 10 cores haben 1000 Messungen 0.137551 Sekunden gebraucht
bei 10 cores haben 1000 Messungen 0.139055 Sekunden gebraucht
bei 10 cores haben 1000 Messungen 0.132129 Sekunden gebraucht
bei 10 cores haben 1000 Messungen 0.135531 Sekunden gebraucht
bei 11 cores haben 1000 Messungen 0.137691 Sekunden gebraucht
bei 11 cores haben 1000 Messungen 0.142490 Sekunden gebraucht
bei 11 cores haben 1000 Messungen 0.157524 Sekunden gebraucht
bei 11 cores haben 1000 Messungen 0.136027 Sekunden gebraucht
bei 11 cores haben 1000 Messungen 0.135163 Sekunden gebraucht
bei 12 cores haben 1000 Messungen 0.138114 Sekunden gebraucht
bei 12 cores haben 1000 Messungen 0.140350 Sekunden gebraucht
bei 12 cores haben 1000 Messungen 0.134118 Sekunden gebraucht
bei 12 cores haben 1000 Messungen 0.132442 Sekunden gebraucht
bei 12 cores haben 1000 Messungen 0.135257 Sekunden gebraucht
Laenge=500
bei 1 cores haben 1000 Messungen 17.040665 Sekunden gebraucht
bei 1 cores haben 1000 Messungen 16.912811 Sekunden gebraucht
bei 1 cores haben 1000 Messungen 16.954723 Sekunden gebraucht
bei 1 cores haben 1000 Messungen 16.947407 Sekunden gebraucht
bei 1 cores haben 1000 Messungen 17.050570 Sekunden gebraucht
bei 2 cores haben 1000 Messungen 9.290399 Sekunden gebraucht
bei 2 cores haben 1000 Messungen 9.198607 Sekunden gebraucht
bei 2 cores haben 1000 Messungen 9.192694 Sekunden gebraucht
bei 2 cores haben 1000 Messungen 9.317526 Sekunden gebraucht
bei 2 cores haben 1000 Messungen 9.836604 Sekunden gebraucht
bei 3 cores haben 1000 Messungen 6.382029 Sekunden gebraucht
bei 3 cores haben 1000 Messungen 6.444709 Sekunden gebraucht
bei 3 cores haben 1000 Messungen 6.466417 Sekunden gebraucht
bei 3 cores haben 1000 Messungen 6.443710 Sekunden gebraucht
bei 3 cores haben 1000 Messungen 6.499287 Sekunden gebraucht
bei 4 cores haben 1000 Messungen 5.297661 Sekunden gebraucht
bei 4 cores haben 1000 Messungen 5.278241 Sekunden gebraucht
bei 4 cores haben 1000 Messungen 5.287290 Sekunden gebraucht
bei 4 cores haben 1000 Messungen 5.165738 Sekunden gebraucht
bei 4 cores haben 1000 Messungen 5.219716 Sekunden gebraucht
bei 5 cores haben 1000 Messungen 4.437464 Sekunden gebraucht
bei 5 cores haben 1000 Messungen 4.494943 Sekunden gebraucht
bei 5 cores haben 1000 Messungen 4.476381 Sekunden gebraucht
bei 5 cores haben 1000 Messungen 4.485950 Sekunden gebraucht
bei 5 cores haben 1000 Messungen 4.409447 Sekunden gebraucht
bei 6 cores haben 1000 Messungen 3.894544 Sekunden gebraucht
bei 6 cores haben 1000 Messungen 3.924974 Sekunden gebraucht
bei 6 cores haben 1000 Messungen 3.916364 Sekunden gebraucht
bei 6 cores haben 1000 Messungen 3.919809 Sekunden gebraucht
bei 6 cores haben 1000 Messungen 3.937956 Sekunden gebraucht
bei 7 cores haben 1000 Messungen 3.545121 Sekunden gebraucht
bei 7 cores haben 1000 Messungen 3.486816 Sekunden gebraucht
bei 7 cores haben 1000 Messungen 3.485206 Sekunden gebraucht
bei 7 cores haben 1000 Messungen 3.486504 Sekunden gebraucht
bei 7 cores haben 1000 Messungen 3.534607 Sekunden gebraucht
bei 8 cores haben 1000 Messungen 3.233258 Sekunden gebraucht
bei 8 cores haben 1000 Messungen 3.247874 Sekunden gebraucht
bei 8 cores haben 1000 Messungen 3.196904 Sekunden gebraucht
bei 8 cores haben 1000 Messungen 3.245648 Sekunden gebraucht
bei 8 cores haben 1000 Messungen 3.240702 Sekunden gebraucht
bei 9 cores haben 1000 Messungen 3.058096 Sekunden gebraucht
bei 9 cores haben 1000 Messungen 3.038550 Sekunden gebraucht
bei 9 cores haben 1000 Messungen 3.085999 Sekunden gebraucht
bei 9 cores haben 1000 Messungen 3.043841 Sekunden gebraucht
bei 9 cores haben 1000 Messungen 3.058816 Sekunden gebraucht
bei 10 cores haben 1000 Messungen 2.832951 Sekunden gebraucht
bei 10 cores haben 1000 Messungen 2.877980 Sekunden gebraucht
bei 10 cores haben 1000 Messungen 2.887658 Sekunden gebraucht
bei 10 cores haben 1000 Messungen 2.860293 Sekunden gebraucht
bei 10 cores haben 1000 Messungen 2.861275 Sekunden gebraucht
bei 11 cores haben 1000 Messungen 2.713364 Sekunden gebraucht
bei 11 cores haben 1000 Messungen 2.724825 Sekunden gebraucht
bei 11 cores haben 1000 Messungen 2.796680 Sekunden gebraucht
bei 11 cores haben 1000 Messungen 2.723022 Sekunden gebraucht
bei 11 cores haben 1000 Messungen 2.702461 Sekunden gebraucht
bei 12 cores haben 1000 Messungen 2.627052 Sekunden gebraucht
bei 12 cores haben 1000 Messungen 2.619372 Sekunden gebraucht
bei 12 cores haben 1000 Messungen 2.579594 Sekunden gebraucht
bei 12 cores haben 1000 Messungen 2.595588 Sekunden gebraucht
bei 12 cores haben 1000 Messungen 2.581746 Sekunden gebraucht
/hiskp4/gross/bachelorarbeit
