Tue Jul 21 18:11:30 CEST 2020 Waiting for 30 seconds before starting the job to allow the node to settle down
Tue Jul 21 18:12:00 CEST 2020 Waiting done, starting task!
96 1
Tue Jul 21 18:12:00 CEST 2020 Waiting for 30 seconds before starting the job to allow the node to settle down
Tue Jul 21 18:12:30 CEST 2020 Waiting done, starting task!
3 0
96
96 2
Tue Jul 21 18:12:36 CEST 2020 Waiting for 30 seconds before starting the job to allow the node to settle down
Tue Jul 21 18:12:36 CEST 2020 Waiting for 30 seconds before starting the job to allow the node to settle down
Tue Jul 21 18:13:06 CEST 2020 Waiting done, starting task!
Tue Jul 21 18:13:06 CEST 2020 Waiting done, starting task!
3 0
3 1
96
96 3
Tue Jul 21 18:13:09 CEST 2020 Waiting for 30 seconds before starting the job to allow the node to settle down
Tue Jul 21 18:13:09 CEST 2020 Waiting for 30 seconds before starting the job to allow the node to settle down
Tue Jul 21 18:13:09 CEST 2020 Waiting for 30 seconds before starting the job to allow the node to settle down
Tue Jul 21 18:13:39 CEST 2020 Waiting done, starting task!
Tue Jul 21 18:13:39 CEST 2020 Waiting done, starting task!
Tue Jul 21 18:13:39 CEST 2020 Waiting done, starting task!
3 1
3 2
3 0
96
96 4
Tue Jul 21 18:13:42 CEST 2020 Waiting for 30 seconds before starting the job to allow the node to settle down
Tue Jul 21 18:13:42 CEST 2020 Waiting for 30 seconds before starting the job to allow the node to settle down
Tue Jul 21 18:13:42 CEST 2020 Waiting for 30 seconds before starting the job to allow the node to settle down
Tue Jul 21 18:13:42 CEST 2020 Waiting for 30 seconds before starting the job to allow the node to settle down
Tue Jul 21 18:14:12 CEST 2020 Waiting done, starting task!
Tue Jul 21 18:14:12 CEST 2020 Waiting done, starting task!
Tue Jul 21 18:14:12 CEST 2020 Waiting done, starting task!
Tue Jul 21 18:14:12 CEST 2020 Waiting done, starting task!
3 0
3 1
3 3
3 2
96
96 6
Tue Jul 21 18:14:15 CEST 2020 Waiting for 30 seconds before starting the job to allow the node to settle down
Tue Jul 21 18:14:15 CEST 2020 Waiting for 30 seconds before starting the job to allow the node to settle down
Tue Jul 21 18:14:15 CEST 2020 Waiting for 30 seconds before starting the job to allow the node to settle down
Tue Jul 21 18:14:15 CEST 2020 Waiting for 30 seconds before starting the job to allow the node to settle down
Tue Jul 21 18:14:15 CEST 2020 Waiting for 30 seconds before starting the job to allow the node to settle down
Tue Jul 21 18:14:15 CEST 2020 Waiting for 30 seconds before starting the job to allow the node to settle down
Tue Jul 21 18:14:45 CEST 2020 Waiting done, starting task!
Tue Jul 21 18:14:45 CEST 2020 Waiting done, starting task!
Tue Jul 21 18:14:45 CEST 2020 Waiting done, starting task!
Tue Jul 21 18:14:45 CEST 2020 Waiting done, starting task!
Tue Jul 21 18:14:45 CEST 2020 Waiting done, starting task!
Tue Jul 21 18:14:45 CEST 2020 Waiting done, starting task!
3 3
3 1
3 0
3 5
3 2
3 4
96
96 8
Tue Jul 21 18:14:47 CEST 2020 Waiting for 30 seconds before starting the job to allow the node to settle down
Tue Jul 21 18:14:47 CEST 2020 Waiting for 30 seconds before starting the job to allow the node to settle down
Tue Jul 21 18:14:47 CEST 2020 Waiting for 30 seconds before starting the job to allow the node to settle down
Tue Jul 21 18:14:47 CEST 2020 Waiting for 30 seconds before starting the job to allow the node to settle down
Tue Jul 21 18:14:47 CEST 2020 Waiting for 30 seconds before starting the job to allow the node to settle down
Tue Jul 21 18:14:47 CEST 2020 Waiting for 30 seconds before starting the job to allow the node to settle down
Tue Jul 21 18:14:47 CEST 2020 Waiting for 30 seconds before starting the job to allow the node to settle down
Tue Jul 21 18:14:47 CEST 2020 Waiting for 30 seconds before starting the job to allow the node to settle down
Tue Jul 21 18:15:17 CEST 2020 Waiting done, starting task!
Tue Jul 21 18:15:17 CEST 2020 Waiting done, starting task!
Tue Jul 21 18:15:17 CEST 2020 Waiting done, starting task!
Tue Jul 21 18:15:17 CEST 2020 Waiting done, starting task!
Tue Jul 21 18:15:17 CEST 2020 Waiting done, starting task!
Tue Jul 21 18:15:17 CEST 2020 Waiting done, starting task!
Tue Jul 21 18:15:17 CEST 2020 Waiting done, starting task!
Tue Jul 21 18:15:17 CEST 2020 Waiting done, starting task!
3 1
3 7
3 6
3 0
3 3
3 2
3 4
3 5
96
96 12
Tue Jul 21 18:15:19 CEST 2020 Waiting for 30 seconds before starting the job to allow the node to settle down
Tue Jul 21 18:15:19 CEST 2020 Waiting for 30 seconds before starting the job to allow the node to settle down
Tue Jul 21 18:15:19 CEST 2020 Waiting for 30 seconds before starting the job to allow the node to settle down
Tue Jul 21 18:15:19 CEST 2020 Waiting for 30 seconds before starting the job to allow the node to settle down
Tue Jul 21 18:15:19 CEST 2020 Waiting for 30 seconds before starting the job to allow the node to settle down
Tue Jul 21 18:15:19 CEST 2020 Waiting for 30 seconds before starting the job to allow the node to settle down
Tue Jul 21 18:15:19 CEST 2020 Waiting for 30 seconds before starting the job to allow the node to settle down
Tue Jul 21 18:15:19 CEST 2020 Waiting for 30 seconds before starting the job to allow the node to settle down
Tue Jul 21 18:15:19 CEST 2020 Waiting for 30 seconds before starting the job to allow the node to settle down
Tue Jul 21 18:15:20 CEST 2020 Waiting for 30 seconds before starting the job to allow the node to settle down
Tue Jul 21 18:15:20 CEST 2020 Waiting for 30 seconds before starting the job to allow the node to settle down
Tue Jul 21 18:15:20 CEST 2020 Waiting for 30 seconds before starting the job to allow the node to settle down
Tue Jul 21 18:15:49 CEST 2020 Waiting done, starting task!
Tue Jul 21 18:15:49 CEST 2020 Waiting done, starting task!
Tue Jul 21 18:15:49 CEST 2020 Waiting done, starting task!
Tue Jul 21 18:15:49 CEST 2020 Waiting done, starting task!
Tue Jul 21 18:15:49 CEST 2020 Waiting done, starting task!
Tue Jul 21 18:15:49 CEST 2020 Waiting done, starting task!
Tue Jul 21 18:15:50 CEST 2020 Waiting done, starting task!
Tue Jul 21 18:15:50 CEST 2020 Waiting done, starting task!
Tue Jul 21 18:15:50 CEST 2020 Waiting done, starting task!
Tue Jul 21 18:15:49 CEST 2020 Waiting done, starting task!
Tue Jul 21 18:15:49 CEST 2020 Waiting done, starting task!
Tue Jul 21 18:15:49 CEST 2020 Waiting done, starting task!
3 6
3 7
3 11
3 10
3 0
3 2
3 8
3 9
3 5
3 3
3 1
3 4
96
96 16
Tue Jul 21 18:15:52 CEST 2020 Waiting for 30 seconds before starting the job to allow the node to settle down
Tue Jul 21 18:15:52 CEST 2020 Waiting for 30 seconds before starting the job to allow the node to settle down
Tue Jul 21 18:15:52 CEST 2020 Waiting for 30 seconds before starting the job to allow the node to settle down
Tue Jul 21 18:15:52 CEST 2020 Waiting for 30 seconds before starting the job to allow the node to settle down
Tue Jul 21 18:15:52 CEST 2020 Waiting for 30 seconds before starting the job to allow the node to settle down
Tue Jul 21 18:15:52 CEST 2020 Waiting for 30 seconds before starting the job to allow the node to settle down
Tue Jul 21 18:15:52 CEST 2020 Waiting for 30 seconds before starting the job to allow the node to settle down
Tue Jul 21 18:15:52 CEST 2020 Waiting for 30 seconds before starting the job to allow the node to settle down
Tue Jul 21 18:15:52 CEST 2020 Waiting for 30 seconds before starting the job to allow the node to settle down
Tue Jul 21 18:15:52 CEST 2020 Waiting for 30 seconds before starting the job to allow the node to settle down
Tue Jul 21 18:15:52 CEST 2020 Waiting for 30 seconds before starting the job to allow the node to settle down
Tue Jul 21 18:15:52 CEST 2020 Waiting for 30 seconds before starting the job to allow the node to settle down
Tue Jul 21 18:15:52 CEST 2020 Waiting for 30 seconds before starting the job to allow the node to settle down
Tue Jul 21 18:15:52 CEST 2020 Waiting for 30 seconds before starting the job to allow the node to settle down
Tue Jul 21 18:15:52 CEST 2020 Waiting for 30 seconds before starting the job to allow the node to settle down
Tue Jul 21 18:15:52 CEST 2020 Waiting for 30 seconds before starting the job to allow the node to settle down
Tue Jul 21 18:16:22 CEST 2020 Waiting done, starting task!
Tue Jul 21 18:16:22 CEST 2020 Waiting done, starting task!
Tue Jul 21 18:16:22 CEST 2020 Waiting done, starting task!
Tue Jul 21 18:16:22 CEST 2020 Waiting done, starting task!
Tue Jul 21 18:16:22 CEST 2020 Waiting done, starting task!
Tue Jul 21 18:16:22 CEST 2020 Waiting done, starting task!
Tue Jul 21 18:16:22 CEST 2020 Waiting done, starting task!
Tue Jul 21 18:16:22 CEST 2020 Waiting done, starting task!
Tue Jul 21 18:16:22 CEST 2020 Waiting done, starting task!
Tue Jul 21 18:16:22 CEST 2020 Waiting done, starting task!
Tue Jul 21 18:16:22 CEST 2020 Waiting done, starting task!
Tue Jul 21 18:16:22 CEST 2020 Waiting done, starting task!
Tue Jul 21 18:16:22 CEST 2020 Waiting done, starting task!
Tue Jul 21 18:16:22 CEST 2020 Waiting done, starting task!
Tue Jul 21 18:16:22 CEST 2020 Waiting done, starting task!
Tue Jul 21 18:16:22 CEST 2020 Waiting done, starting task!
3 1
3 0
3 2
3 13
3 15
3 14
3 3
3 6
3 12
3 11
3 7
3 4
3 8
3 10
3 9
3 5
96
/hiskp4/gross/bachelorarbeit
