Sun Jul 26 17:45:24 CEST 2020 Waiting for 30 seconds before starting the job to allow the node to settle down
Sun Jul 26 17:45:54 CEST 2020 Waiting done, starting task!
Sun Jul 26 17:45:55 CEST 2020 Waiting for 30 seconds before starting the job to allow the node to settle down
Sun Jul 26 17:45:55 CEST 2020 Waiting for 30 seconds before starting the job to allow the node to settle down
Sun Jul 26 17:45:55 CEST 2020 Waiting for 30 seconds before starting the job to allow the node to settle down
Sun Jul 26 17:45:55 CEST 2020 Waiting for 30 seconds before starting the job to allow the node to settle down
Sun Jul 26 17:45:55 CEST 2020 Waiting for 30 seconds before starting the job to allow the node to settle down
Sun Jul 26 17:45:55 CEST 2020 Waiting for 30 seconds before starting the job to allow the node to settle down
Sun Jul 26 17:46:25 CEST 2020 Waiting done, starting task!
Sun Jul 26 17:46:25 CEST 2020 Waiting done, starting task!
Sun Jul 26 17:46:25 CEST 2020 Waiting done, starting task!
Sun Jul 26 17:46:25 CEST 2020 Waiting done, starting task!
Sun Jul 26 17:46:25 CEST 2020 Waiting done, starting task!
Sun Jul 26 17:46:25 CEST 2020 Waiting done, starting task!
0	5000	1.000000	0.000000
1	5000	1.000000	0.000000
2	5000	1.000000	0.000000
3	5000	1.000000	0.000000
4	5000	1.000000	0.000000
5	5000	0.999999	0.000029
6	5000	0.999992	0.000086
7	5000	0.999949	0.000210
8	5000	0.999829	0.000389
9	5000	0.999533	0.000659
10	5000	0.998935	0.001001
11	5000	0.997839	0.001473
12	5000	0.996000	0.002055
13	5000	0.993304	0.002738
14	5000	0.989118	0.003681
15	5000	0.983432	0.004771
16	5000	0.975254	0.006294
17	5000	0.963863	0.008317
18	5000	0.948406	0.010890
19	5000	0.925768	0.015337
20	5000	0.910741	0.018808
21	10000	0.908664	0.018640
22	10000	0.905851	0.019806
23	10000	0.903660	0.019757
24	10000	0.899661	0.020589
25	10000	0.897044	0.021373
26	10000	0.892825	0.023340
27	10000	0.890246	0.023429
28	10000	0.886449	0.024578
29	10000	0.881966	0.027147
30	10000	0.878693	0.027509
31	10000	0.875181	0.026623
32	10000	0.870286	0.029021
33	10000	0.867300	0.029421
34	10000	0.861156	0.032003
35	10000	0.858369	0.033873
36	10000	0.853864	0.032994
37	10000	0.847338	0.035400
38	10000	0.840336	0.039899
39	10000	0.834905	0.040149
40	10000	0.827477	0.043252
41	10000	0.820177	0.046711
42	10000	0.813567	0.049042
43	10000	0.806840	0.050645
44	10000	0.796594	0.059488
45	10000	0.765586	0.110902
46	10000	0.783711	0.057755
47	10000	0.756733	0.105497
48	10000	0.757125	0.065644
49	10000	0.750027	0.070741
50	10000	0.724109	0.135539
51	10000	0.739537	0.100434
52	10000	0.744023	0.092225
53	10000	0.734833	0.083617
54	10000	0.730469	0.092686
55	10000	0.722640	0.097212
56	10000	0.725765	0.089606
57	10000	0.715889	0.100843
58	10000	0.688198	0.142868
59	10000	0.715512	0.091505
60	10000	0.708698	0.115244
61	10000	0.706946	0.092556
62	20000	0.680688	0.125619
63	20000	0.688086	0.122606
64	20000	0.671780	0.116075
65	20000	0.631618	0.168765
66	20000	0.692999	0.097230
67	20000	0.639158	0.166782
68	20000	0.635501	0.158375
69	20000	0.634300	0.166797
70	20000	0.577189	0.199600
71	20000	0.650965	0.141058
72	20000	0.580922	0.185127
73	20000	0.579250	0.201564
74	20000	0.609114	0.147265
75	20000	0.539214	0.214097
76	20000	0.577642	0.186072
77	20000	0.611130	0.146314
78	20000	0.573155	0.181144
79	20000	0.579308	0.172465
80	20000	0.500041	0.200533
81	20000	0.500649	0.201159
82	20000	0.543585	0.186354
83	20000	0.513176	0.205365
84	20000	0.460343	0.207327
85	20000	0.498011	0.204248
86	20000	0.464232	0.207777
87	20000	0.484041	0.205787
88	20000	0.523111	0.192939
89	20000	0.481650	0.208838
90	20000	0.454158	0.199182
91	20000	0.469457	0.201616
92	20000	0.411487	0.200910
93	20000	0.441237	0.213170
94	20000	0.416625	0.211989
95	20000	0.458009	0.197195
96	20000	0.358349	0.206271
97	20000	0.380265	0.209597
98	20000	0.419454	0.206088
99	20000	0.417535	0.209522
100	20000	0.435287	0.192545
101	20000	0.353833	0.212953
102	20000	0.385837	0.194249
103	20000	0.370487	0.195858
104	20000	0.332346	0.189168
105	20000	0.331617	0.196988
106	20000	0.306379	0.195254
107	20000	0.340288	0.192920
108	20000	0.375733	0.184465
109	20000	0.308900	0.192451
110	20000	0.312261	0.178014
111	20000	0.314042	0.189889
112	20000	0.304294	0.186384
113	20000	0.325118	0.182420
114	20000	0.299602	0.178496
115	20000	0.286451	0.180678
116	20000	0.291519	0.171899
117	20000	0.249120	0.180679
118	20000	0.291576	0.189250
119	20000	0.284309	0.178272
120	20000	0.269014	0.163914
121	20000	0.268989	0.174078
122	20000	0.269464	0.170383
123	20000	0.281157	0.179194
124	20000	0.250830	0.164693
125	20000	0.252881	0.159984
126	20000	0.257907	0.169824
127	20000	0.246562	0.158021
128	20000	0.232394	0.154471
129	20000	0.262501	0.169307
130	20000	0.222985	0.156092
131	20000	0.212049	0.144330
132	20000	0.214230	0.148951
133	20000	0.223309	0.157369
134	20000	0.244078	0.160499
135	20000	0.230047	0.151665
136	10000	0.217844	0.154330
137	10000	0.202807	0.139963
138	10000	0.186351	0.137686
139	10000	0.187053	0.128036
140	10000	0.178610	0.126430
141	10000	0.169789	0.123398
142	10000	0.173180	0.122003
143	10000	0.156970	0.115031
144	10000	0.146959	0.110249
145	10000	0.144687	0.106319
146	10000	0.152526	0.107163
147	10000	0.133489	0.099455
148	10000	0.135114	0.101868
149	10000	0.136934	0.098155
0	5000	1	5000	2	5000	3	5000	4	5000	5	5000	6	5000	7	5000	8	5000	9	5000	10	5000	11	5000	12	5000	13	5000	14	5000	15	5000	16	5000	17	5000	18	5000	19	5000	20	5000	21	10000	22	10000	23	10000	24	10000	25	10000	26	10000	27	10000	28	10000	29	10000	30	10000	31	10000	32	10000	33	10000	34	10000	35	10000	36	10000	37	10000	38	10000	39	10000	40	10000	41	10000	42	10000	43	10000	44	10000	45	10000	46	10000	47	10000	48	10000	49	10000	50	10000	51	10000	52	10000	53	10000	54	10000	55	10000	56	10000	57	10000	58	10000	59	10000	60	10000	61	10000	62	20000	63	20000	64	20000	65	20000	66	20000	67	20000	68	20000	69	20000	70	20000	71	20000	72	20000	73	20000	74	20000	75	20000	76	20000	77	20000	78	20000	79	20000	80	20000	81	20000	82	20000	83	20000	84	20000	85	20000	86	20000	87	20000	88	20000	89	20000	90	20000	91	20000	92	20000	93	20000	94	20000	95	20000	96	20000	97	20000	98	20000	99	20000	100	20000	101	20000	102	20000	103	20000	104	20000	105	20000	106	20000	107	20000	108	20000	109	20000	110	20000	111	20000	112	20000	113	20000	114	20000	115	20000	116	20000	117	20000	118	20000	119	20000	120	20000	121	20000	122	20000	123	20000	124	20000	125	20000	126	20000	127	20000	128	20000	129	20000	130	20000	131	20000	132	20000	133	20000	134	20000	135	20000	136	10000	137	10000	138	10000	139	10000	140	10000	141	10000	142	10000	143	10000	144	10000	145	10000	146	10000	147	10000	148	10000	149	10000	150	10000	151	10000	152	10000	153	10000	154	10000	155	10000	156	10000	157	10000	158	10000	159	10000	160	10000	161	10000	162	10000	163	10000	164	10000	165	10000	166	10000	167	10000	168	10000	169	10000	170	10000	171	10000	172	10000	173	10000	174	10000	175	10000	176	10000	177	10000	178	10000	179	10000	180	10000	181	10000	182	10000	183	10000	184	10000	185	10000	186	10000	187	10000	188	10000	189	5000	190	5000	191	5000	192	5000	193	5000	194	5000	195	5000	196	5000	197	5000	198	5000	199	5000	200	5000	201	5000	202	5000	203	5000	204	5000	205	5000	206	5000	207	5000	208	5000	209	5000	
0	5000	1	5000	2	5000	3	5000	4	5000	5	5000	6	5000	7	5000	8	5000	9	5000	10	5000	11	5000	12	5000	13	5000	14	5000	15	5000	16	5000	17	5000	18	5000	19	5000	20	5000	21	10000	22	10000	23	10000	24	10000	25	10000	26	10000	27	10000	28	10000	29	10000	30	10000	31	10000	32	10000	33	10000	34	10000	35	10000	36	10000	37	10000	38	10000	39	10000	40	10000	41	10000	42	10000	43	10000	44	10000	45	10000	46	10000	47	10000	48	10000	49	10000	50	10000	51	10000	52	10000	53	10000	54	10000	55	10000	56	10000	57	10000	58	10000	59	10000	60	10000	61	10000	62	20000	63	20000	64	20000	65	20000	66	20000	67	20000	68	20000	69	20000	70	20000	71	20000	72	20000	73	20000	74	20000	75	20000	76	20000	77	20000	78	20000	79	20000	80	20000	81	20000	82	20000	83	20000	84	20000	85	20000	86	20000	87	20000	88	20000	89	20000	90	20000	91	20000	92	20000	93	20000	94	20000	95	20000	96	20000	97	20000	98	20000	99	20000	100	20000	101	20000	102	20000	103	20000	104	20000	105	20000	106	20000	107	20000	108	20000	109	20000	110	20000	111	20000	112	20000	113	20000	114	20000	115	20000	116	20000	117	20000	118	20000	119	20000	120	20000	121	20000	122	20000	123	20000	124	20000	125	20000	126	20000	127	20000	128	20000	129	20000	130	20000	131	20000	132	20000	133	20000	134	20000	135	20000	136	10000	137	10000	138	10000	139	10000	140	10000	141	10000	142	10000	143	10000	144	10000	145	10000	146	10000	147	10000	148	10000	149	10000	150	10000	151	10000	152	10000	153	10000	154	10000	155	10000	156	10000	157	10000	158	10000	159	10000	160	10000	161	10000	162	10000	163	10000	164	10000	165	10000	166	10000	167	10000	168	10000	169	10000	170	10000	171	10000	172	10000	173	10000	174	10000	175	10000	176	10000	177	10000	178	10000	179	10000	180	10000	181	10000	182	10000	183	10000	184	10000	185	10000	186	10000	187	10000	188	10000	189	5000	190	5000	191	5000	192	5000	193	5000	194	5000	195	5000	196	5000	197	5000	198	5000	199	5000	200	5000	201	5000	202	5000	203	5000	204	5000	205	5000	206	5000	207	5000	208	5000	209	5000	
0	5000	1	5000	2	5000	3	5000	4	5000	5	5000	6	5000	7	5000	8	5000	9	5000	10	5000	11	5000	12	5000	13	5000	14	5000	15	5000	16	5000	17	5000	18	5000	19	5000	20	5000	21	10000	22	10000	23	10000	24	10000	25	10000	26	10000	27	10000	28	10000	29	10000	30	10000	31	10000	32	10000	33	10000	34	10000	35	10000	36	10000	37	10000	38	10000	39	10000	40	10000	41	10000	42	10000	43	10000	44	10000	45	10000	46	10000	47	10000	48	10000	49	10000	50	10000	51	10000	52	10000	53	10000	54	10000	55	10000	56	10000	57	10000	58	10000	59	10000	60	10000	61	10000	62	20000	63	20000	64	20000	65	20000	66	20000	67	20000	68	20000	69	20000	70	20000	71	20000	72	20000	73	20000	74	20000	75	20000	76	20000	77	20000	78	20000	79	20000	80	20000	81	20000	82	20000	83	20000	84	20000	85	20000	86	20000	87	20000	88	20000	89	20000	90	20000	91	20000	92	20000	93	20000	94	20000	95	20000	96	20000	97	20000	98	20000	99	20000	100	20000	101	20000	102	20000	103	20000	104	20000	105	20000	106	20000	107	20000	108	20000	109	20000	110	20000	111	20000	112	20000	113	20000	114	20000	115	20000	116	20000	117	20000	118	20000	119	20000	120	20000	121	20000	122	20000	123	20000	124	20000	125	20000	126	20000	127	20000	128	20000	129	20000	130	20000	131	20000	132	20000	133	20000	134	20000	135	20000	136	10000	137	10000	138	10000	139	10000	140	10000	141	10000	142	10000	143	10000	144	10000	145	10000	146	10000	147	10000	148	10000	149	10000	150	10000	151	10000	152	10000	153	10000	154	10000	155	10000	156	10000	157	10000	158	10000	159	10000	160	10000	161	10000	162	10000	163	10000	164	10000	165	10000	166	10000	167	10000	168	10000	169	10000	170	10000	171	10000	172	10000	173	10000	174	10000	175	10000	176	10000	177	10000	178	10000	179	10000	180	10000	181	10000	182	10000	183	10000	184	10000	185	10000	186	10000	187	10000	188	10000	189	5000	190	5000	191	5000	192	5000	193	5000	194	5000	195	5000	196	5000	197	5000	198	5000	199	5000	200	5000	201	5000	202	5000	203	5000	204	5000	205	5000	206	5000	207	5000	208	5000	209	5000	
0	5000	1	5000	2	5000	3	5000	4	5000	5	5000	6	5000	7	5000	8	5000	9	5000	10	5000	11	5000	12	5000	13	5000	14	5000	15	5000	16	5000	17	5000	18	5000	19	5000	20	5000	21	10000	22	10000	23	10000	24	10000	25	10000	26	10000	27	10000	28	10000	29	10000	30	10000	31	10000	32	10000	33	10000	34	10000	35	10000	36	10000	37	10000	38	10000	39	10000	40	10000	41	10000	42	10000	43	10000	44	10000	45	10000	46	10000	47	10000	48	10000	49	10000	50	10000	51	10000	52	10000	53	10000	54	10000	55	10000	56	10000	57	10000	58	10000	59	10000	60	10000	61	10000	62	20000	63	20000	64	20000	65	20000	66	20000	67	20000	68	20000	69	20000	70	20000	71	20000	72	20000	73	20000	74	20000	75	20000	76	20000	77	20000	78	20000	79	20000	80	20000	81	20000	82	20000	83	20000	84	20000	85	20000	86	20000	87	20000	88	20000	89	20000	90	20000	91	20000	92	20000	93	20000	94	20000	95	20000	96	20000	97	20000	98	20000	99	20000	100	20000	101	20000	102	20000	103	20000	104	20000	105	20000	106	20000	107	20000	108	20000	109	20000	110	20000	111	20000	112	20000	113	20000	114	20000	115	20000	116	20000	117	20000	118	20000	119	20000	120	20000	121	20000	122	20000	123	20000	124	20000	125	20000	126	20000	127	20000	128	20000	129	20000	130	20000	131	20000	132	20000	133	20000	134	20000	135	20000	136	10000	137	10000	138	10000	139	10000	140	10000	141	10000	142	10000	143	10000	144	10000	145	10000	146	10000	147	10000	148	10000	149	10000	150	10000	151	10000	152	10000	153	10000	154	10000	155	10000	156	10000	157	10000	158	10000	159	10000	160	10000	161	10000	162	10000	163	10000	164	10000	165	10000	166	10000	167	10000	168	10000	169	10000	170	10000	171	10000	172	10000	173	10000	174	10000	175	10000	176	10000	177	10000	178	10000	179	10000	180	10000	181	10000	182	10000	183	10000	184	10000	185	10000	186	10000	187	10000	188	10000	189	5000	190	5000	191	5000	192	5000	193	5000	194	5000	195	5000	196	5000	197	5000	198	5000	199	5000	200	5000	201	5000	202	5000	203	5000	204	5000	205	5000	206	5000	207	5000	208	5000	209	5000	
0	5000	1	5000	2	5000	3	5000	4	5000	5	5000	6	5000	7	5000	8	5000	9	5000	10	5000	11	5000	12	5000	13	5000	14	5000	15	5000	16	5000	17	5000	18	5000	19	5000	20	5000	21	10000	22	10000	23	10000	24	10000	25	10000	26	10000	27	10000	28	10000	29	10000	30	10000	31	10000	32	10000	33	10000	34	10000	35	10000	36	10000	37	10000	38	10000	39	10000	40	10000	41	10000	42	10000	43	10000	44	10000	45	10000	46	10000	47	10000	48	10000	49	10000	50	10000	51	10000	52	10000	53	10000	54	10000	55	10000	56	10000	57	10000	58	10000	59	10000	60	10000	61	10000	62	20000	63	20000	64	20000	65	20000	66	20000	67	20000	68	20000	69	20000	70	20000	71	20000	72	20000	73	20000	74	20000	75	20000	76	20000	77	20000	78	20000	79	20000	80	20000	81	20000	82	20000	83	20000	84	20000	85	20000	86	20000	87	20000	88	20000	89	20000	90	20000	91	20000	92	20000	93	20000	94	20000	95	20000	96	20000	97	20000	98	20000	99	20000	100	20000	101	20000	102	20000	103	20000	104	20000	105	20000	106	20000	107	20000	108	20000	109	20000	110	20000	111	20000	112	20000	113	20000	114	20000	115	20000	116	20000	117	20000	118	20000	119	20000	120	20000	121	20000	122	20000	123	20000	124	20000	125	20000	126	20000	127	20000	128	20000	129	20000	130	20000	131	20000	132	20000	133	20000	134	20000	135	20000	136	10000	137	10000	138	10000	139	10000	140	10000	141	10000	142	10000	143	10000	144	10000	145	10000	146	10000	147	10000	148	10000	149	10000	150	10000	151	10000	152	10000	153	10000	154	10000	155	10000	156	10000	157	10000	158	10000	159	10000	160	10000	161	10000	162	10000	163	10000	164	10000	165	10000	166	10000	167	10000	168	10000	169	10000	170	10000	171	10000	172	10000	173	10000	174	10000	175	10000	176	10000	177	10000	178	10000	179	10000	180	10000	181	10000	182	10000	183	10000	184	10000	185	10000	186	10000	187	10000	188	10000	189	5000	190	5000	191	5000	192	5000	193	5000	194	5000	195	5000	196	5000	197	5000	198	5000	199	5000	200	5000	201	5000	202	5000	203	5000	204	5000	205	5000	206	5000	207	5000	208	5000	209	5000	
150	10000	0.129270	0.095985
151	10000	0.121633	0.090235
152	10000	0.119353	0.088510
153	10000	0.119731	0.085375
154	10000	0.109107	0.081250
155	10000	0.114423	0.088482
156	10000	0.112427	0.082409
157	10000	0.103370	0.077216
158	10000	0.103845	0.077830
159	10000	0.104573	0.079136
160	10000	0.105368	0.077742
161	10000	0.100477	0.074495
162	10000	0.100814	0.075140
163	10000	0.096901	0.071458
164	10000	0.094400	0.069705
165	10000	0.094046	0.068642
166	10000	0.092947	0.070408
167	10000	0.091103	0.068137
168	10000	0.087714	0.065004
169	10000	0.084506	0.064281
170	10000	0.086163	0.063024
171	10000	0.082902	0.062892
172	10000	0.084595	0.062772
173	10000	0.085842	0.066236
174	10000	0.080618	0.062226
175	10000	0.078489	0.060205
176	10000	0.075109	0.056530
177	10000	0.078223	0.057938
178	10000	0.079324	0.057470
179	10000	0.077656	0.059344
180	10000	0.074006	0.056715
181	10000	0.072936	0.055166
182	10000	0.069160	0.050761
183	10000	0.066554	0.050793
184	10000	0.066312	0.051451
185	10000	0.063340	0.048144
186	10000	0.059906	0.045421
187	10000	0.059137	0.044850
188	10000	0.058712	0.044067
189	5000	0.055667	0.041626
190	5000	0.054485	0.040361
191	5000	0.052806	0.039696
192	5000	0.051381	0.038495
193	5000	0.049873	0.037515
194	5000	0.050594	0.038130
195	5000	0.047195	0.036297
196	5000	0.047331	0.035448
197	5000	0.046848	0.035499
198	5000	0.046111	0.034789
199	5000	0.044041	0.033217
200	5000	0.043880	0.033183
201	5000	0.042924	0.031963
202	5000	0.041655	0.031006
203	5000	0.041589	0.031295
204	5000	0.041834	0.031620
205	5000	0.040514	0.030564
206	5000	0.039998	0.029864
207	5000	0.039858	0.029827
208	5000	0.039478	0.030117
209	5000	0.038849	0.029045

/hiskp4/gross/bachelorarbeit
