Wed Jul 22 15:47:13 CEST 2020 Waiting for 30 seconds before starting the job to allow the node to settle down
Wed Jul 22 15:47:43 CEST 2020 Waiting done, starting task!
840 1
Wed Jul 22 15:47:43 CEST 2020 Waiting for 30 seconds before starting the job to allow the node to settle down
Wed Jul 22 15:48:13 CEST 2020 Waiting done, starting task!
3 0
840
840 2
Wed Jul 22 15:54:35 CEST 2020 Waiting for 30 seconds before starting the job to allow the node to settle down
Wed Jul 22 15:54:35 CEST 2020 Waiting for 30 seconds before starting the job to allow the node to settle down
Wed Jul 22 15:55:05 CEST 2020 Waiting done, starting task!
Wed Jul 22 15:55:05 CEST 2020 Waiting done, starting task!
3 0
3 1
840
840 3
Wed Jul 22 15:58:18 CEST 2020 Waiting for 30 seconds before starting the job to allow the node to settle down
Wed Jul 22 15:58:18 CEST 2020 Waiting for 30 seconds before starting the job to allow the node to settle down
Wed Jul 22 15:58:18 CEST 2020 Waiting for 30 seconds before starting the job to allow the node to settle down
Wed Jul 22 15:58:48 CEST 2020 Waiting done, starting task!
Wed Jul 22 15:58:48 CEST 2020 Waiting done, starting task!
Wed Jul 22 15:58:48 CEST 2020 Waiting done, starting task!
3 0
3 1
3 2
840
840 4
Wed Jul 22 16:00:58 CEST 2020 Waiting for 30 seconds before starting the job to allow the node to settle down
Wed Jul 22 16:00:58 CEST 2020 Waiting for 30 seconds before starting the job to allow the node to settle down
Wed Jul 22 16:00:58 CEST 2020 Waiting for 30 seconds before starting the job to allow the node to settle down
Wed Jul 22 16:00:58 CEST 2020 Waiting for 30 seconds before starting the job to allow the node to settle down
Wed Jul 22 16:01:28 CEST 2020 Waiting done, starting task!
Wed Jul 22 16:01:28 CEST 2020 Waiting done, starting task!
Wed Jul 22 16:01:28 CEST 2020 Waiting done, starting task!
Wed Jul 22 16:01:28 CEST 2020 Waiting done, starting task!
3 0
3 1
3 2
3 3
840
840 5
Wed Jul 22 16:03:06 CEST 2020 Waiting for 30 seconds before starting the job to allow the node to settle down
Wed Jul 22 16:03:06 CEST 2020 Waiting for 30 seconds before starting the job to allow the node to settle down
Wed Jul 22 16:03:06 CEST 2020 Waiting for 30 seconds before starting the job to allow the node to settle down
Wed Jul 22 16:03:06 CEST 2020 Waiting for 30 seconds before starting the job to allow the node to settle down
Wed Jul 22 16:03:06 CEST 2020 Waiting for 30 seconds before starting the job to allow the node to settle down
Wed Jul 22 16:03:36 CEST 2020 Waiting done, starting task!
Wed Jul 22 16:03:36 CEST 2020 Waiting done, starting task!
Wed Jul 22 16:03:36 CEST 2020 Waiting done, starting task!
Wed Jul 22 16:03:36 CEST 2020 Waiting done, starting task!
Wed Jul 22 16:03:36 CEST 2020 Waiting done, starting task!
3 0
3 1
3 3
3 4
3 2
840
840 6
Wed Jul 22 16:04:56 CEST 2020 Waiting for 30 seconds before starting the job to allow the node to settle down
Wed Jul 22 16:04:56 CEST 2020 Waiting for 30 seconds before starting the job to allow the node to settle down
Wed Jul 22 16:04:56 CEST 2020 Waiting for 30 seconds before starting the job to allow the node to settle down
Wed Jul 22 16:04:56 CEST 2020 Waiting for 30 seconds before starting the job to allow the node to settle down
Wed Jul 22 16:04:56 CEST 2020 Waiting for 30 seconds before starting the job to allow the node to settle down
Wed Jul 22 16:04:56 CEST 2020 Waiting for 30 seconds before starting the job to allow the node to settle down
Wed Jul 22 16:05:26 CEST 2020 Waiting done, starting task!
Wed Jul 22 16:05:26 CEST 2020 Waiting done, starting task!
Wed Jul 22 16:05:26 CEST 2020 Waiting done, starting task!
Wed Jul 22 16:05:26 CEST 2020 Waiting done, starting task!
Wed Jul 22 16:05:26 CEST 2020 Waiting done, starting task!
Wed Jul 22 16:05:26 CEST 2020 Waiting done, starting task!
3 0
3 1
3 2
3 3
3 5
3 4
840
840 7
Wed Jul 22 16:06:33 CEST 2020 Waiting for 30 seconds before starting the job to allow the node to settle down
Wed Jul 22 16:06:33 CEST 2020 Waiting for 30 seconds before starting the job to allow the node to settle down
Wed Jul 22 16:06:33 CEST 2020 Waiting for 30 seconds before starting the job to allow the node to settle down
Wed Jul 22 16:06:33 CEST 2020 Waiting for 30 seconds before starting the job to allow the node to settle down
Wed Jul 22 16:06:33 CEST 2020 Waiting for 30 seconds before starting the job to allow the node to settle down
Wed Jul 22 16:06:33 CEST 2020 Waiting for 30 seconds before starting the job to allow the node to settle down
Wed Jul 22 16:06:33 CEST 2020 Waiting for 30 seconds before starting the job to allow the node to settle down
Wed Jul 22 16:07:03 CEST 2020 Waiting done, starting task!
Wed Jul 22 16:07:03 CEST 2020 Waiting done, starting task!
Wed Jul 22 16:07:03 CEST 2020 Waiting done, starting task!
Wed Jul 22 16:07:03 CEST 2020 Waiting done, starting task!
Wed Jul 22 16:07:03 CEST 2020 Waiting done, starting task!
Wed Jul 22 16:07:03 CEST 2020 Waiting done, starting task!
Wed Jul 22 16:07:03 CEST 2020 Waiting done, starting task!
3 5
3 4
3 2
3 3
3 6
3 1
3 0
840
840 8
Wed Jul 22 16:08:01 CEST 2020 Waiting for 30 seconds before starting the job to allow the node to settle down
Wed Jul 22 16:08:01 CEST 2020 Waiting for 30 seconds before starting the job to allow the node to settle down
Wed Jul 22 16:08:01 CEST 2020 Waiting for 30 seconds before starting the job to allow the node to settle down
Wed Jul 22 16:08:01 CEST 2020 Waiting for 30 seconds before starting the job to allow the node to settle down
Wed Jul 22 16:08:01 CEST 2020 Waiting for 30 seconds before starting the job to allow the node to settle down
Wed Jul 22 16:08:01 CEST 2020 Waiting for 30 seconds before starting the job to allow the node to settle down
Wed Jul 22 16:08:01 CEST 2020 Waiting for 30 seconds before starting the job to allow the node to settle down
Wed Jul 22 16:08:01 CEST 2020 Waiting for 30 seconds before starting the job to allow the node to settle down
Wed Jul 22 16:08:31 CEST 2020 Waiting done, starting task!
Wed Jul 22 16:08:31 CEST 2020 Waiting done, starting task!
Wed Jul 22 16:08:31 CEST 2020 Waiting done, starting task!
Wed Jul 22 16:08:31 CEST 2020 Waiting done, starting task!
Wed Jul 22 16:08:31 CEST 2020 Waiting done, starting task!
Wed Jul 22 16:08:31 CEST 2020 Waiting done, starting task!
Wed Jul 22 16:08:31 CEST 2020 Waiting done, starting task!
Wed Jul 22 16:08:31 CEST 2020 Waiting done, starting task!
3 1
3 0
3 6
3 7
3 2
3 3
3 4
3 5
840
840 10
Wed Jul 22 16:09:22 CEST 2020 Waiting for 30 seconds before starting the job to allow the node to settle down
Wed Jul 22 16:09:22 CEST 2020 Waiting for 30 seconds before starting the job to allow the node to settle down
Wed Jul 22 16:09:22 CEST 2020 Waiting for 30 seconds before starting the job to allow the node to settle down
Wed Jul 22 16:09:22 CEST 2020 Waiting for 30 seconds before starting the job to allow the node to settle down
Wed Jul 22 16:09:22 CEST 2020 Waiting for 30 seconds before starting the job to allow the node to settle down
Wed Jul 22 16:09:22 CEST 2020 Waiting for 30 seconds before starting the job to allow the node to settle down
Wed Jul 22 16:09:22 CEST 2020 Waiting for 30 seconds before starting the job to allow the node to settle down
Wed Jul 22 16:09:22 CEST 2020 Waiting for 30 seconds before starting the job to allow the node to settle down
Wed Jul 22 16:09:22 CEST 2020 Waiting for 30 seconds before starting the job to allow the node to settle down
Wed Jul 22 16:09:22 CEST 2020 Waiting for 30 seconds before starting the job to allow the node to settle down
Wed Jul 22 16:09:52 CEST 2020 Waiting done, starting task!
Wed Jul 22 16:09:52 CEST 2020 Waiting done, starting task!
Wed Jul 22 16:09:52 CEST 2020 Waiting done, starting task!
Wed Jul 22 16:09:52 CEST 2020 Waiting done, starting task!
Wed Jul 22 16:09:52 CEST 2020 Waiting done, starting task!
Wed Jul 22 16:09:52 CEST 2020 Waiting done, starting task!
Wed Jul 22 16:09:52 CEST 2020 Waiting done, starting task!
Wed Jul 22 16:09:52 CEST 2020 Waiting done, starting task!
Wed Jul 22 16:09:52 CEST 2020 Waiting done, starting task!
Wed Jul 22 16:09:52 CEST 2020 Waiting done, starting task!
3 1
3 0
3 2
3 3
3 8
3 9
3 6
3 7
3 4
3 5
840
840 12
Wed Jul 22 16:10:34 CEST 2020 Waiting for 30 seconds before starting the job to allow the node to settle down
Wed Jul 22 16:10:34 CEST 2020 Waiting for 30 seconds before starting the job to allow the node to settle down
Wed Jul 22 16:10:34 CEST 2020 Waiting for 30 seconds before starting the job to allow the node to settle down
Wed Jul 22 16:10:34 CEST 2020 Waiting for 30 seconds before starting the job to allow the node to settle down
Wed Jul 22 16:10:34 CEST 2020 Waiting for 30 seconds before starting the job to allow the node to settle down
Wed Jul 22 16:10:34 CEST 2020 Waiting for 30 seconds before starting the job to allow the node to settle down
Wed Jul 22 16:10:34 CEST 2020 Waiting for 30 seconds before starting the job to allow the node to settle down
Wed Jul 22 16:10:34 CEST 2020 Waiting for 30 seconds before starting the job to allow the node to settle down
Wed Jul 22 16:10:34 CEST 2020 Waiting for 30 seconds before starting the job to allow the node to settle down
Wed Jul 22 16:10:34 CEST 2020 Waiting for 30 seconds before starting the job to allow the node to settle down
Wed Jul 22 16:10:34 CEST 2020 Waiting for 30 seconds before starting the job to allow the node to settle down
Wed Jul 22 16:10:34 CEST 2020 Waiting for 30 seconds before starting the job to allow the node to settle down
Wed Jul 22 16:11:04 CEST 2020 Waiting done, starting task!
Wed Jul 22 16:11:04 CEST 2020 Waiting done, starting task!
Wed Jul 22 16:11:04 CEST 2020 Waiting done, starting task!
Wed Jul 22 16:11:04 CEST 2020 Waiting done, starting task!
Wed Jul 22 16:11:04 CEST 2020 Waiting done, starting task!
Wed Jul 22 16:11:04 CEST 2020 Waiting done, starting task!
Wed Jul 22 16:11:04 CEST 2020 Waiting done, starting task!
Wed Jul 22 16:11:04 CEST 2020 Waiting done, starting task!
Wed Jul 22 16:11:04 CEST 2020 Waiting done, starting task!
Wed Jul 22 16:11:04 CEST 2020 Waiting done, starting task!
Wed Jul 22 16:11:04 CEST 2020 Waiting done, starting task!
Wed Jul 22 16:11:04 CEST 2020 Waiting done, starting task!
3 2
3 0
3 6
3 7
3 11
3 1
3 8
3 10
3 9
3 3
3 5
3 4
840
840 14
Wed Jul 22 16:11:40 CEST 2020 Waiting for 30 seconds before starting the job to allow the node to settle down
Wed Jul 22 16:11:40 CEST 2020 Waiting for 30 seconds before starting the job to allow the node to settle down
Wed Jul 22 16:11:40 CEST 2020 Waiting for 30 seconds before starting the job to allow the node to settle down
Wed Jul 22 16:11:40 CEST 2020 Waiting for 30 seconds before starting the job to allow the node to settle down
Wed Jul 22 16:11:40 CEST 2020 Waiting for 30 seconds before starting the job to allow the node to settle down
Wed Jul 22 16:11:41 CEST 2020 Waiting for 30 seconds before starting the job to allow the node to settle down
Wed Jul 22 16:11:41 CEST 2020 Waiting for 30 seconds before starting the job to allow the node to settle down
Wed Jul 22 16:11:41 CEST 2020 Waiting for 30 seconds before starting the job to allow the node to settle down
Wed Jul 22 16:11:41 CEST 2020 Waiting for 30 seconds before starting the job to allow the node to settle down
Wed Jul 22 16:11:41 CEST 2020 Waiting for 30 seconds before starting the job to allow the node to settle down
Wed Jul 22 16:11:41 CEST 2020 Waiting for 30 seconds before starting the job to allow the node to settle down
Wed Jul 22 16:11:41 CEST 2020 Waiting for 30 seconds before starting the job to allow the node to settle down
Wed Jul 22 16:11:41 CEST 2020 Waiting for 30 seconds before starting the job to allow the node to settle down
Wed Jul 22 16:11:41 CEST 2020 Waiting for 30 seconds before starting the job to allow the node to settle down
Wed Jul 22 16:12:11 CEST 2020 Waiting done, starting task!
Wed Jul 22 16:12:11 CEST 2020 Waiting done, starting task!
Wed Jul 22 16:12:11 CEST 2020 Waiting done, starting task!
Wed Jul 22 16:12:11 CEST 2020 Waiting done, starting task!
Wed Jul 22 16:12:11 CEST 2020 Waiting done, starting task!
Wed Jul 22 16:12:11 CEST 2020 Waiting done, starting task!
Wed Jul 22 16:12:11 CEST 2020 Waiting done, starting task!
Wed Jul 22 16:12:11 CEST 2020 Waiting done, starting task!
Wed Jul 22 16:12:11 CEST 2020 Waiting done, starting task!
Wed Jul 22 16:12:11 CEST 2020 Waiting done, starting task!
Wed Jul 22 16:12:11 CEST 2020 Waiting done, starting task!
Wed Jul 22 16:12:11 CEST 2020 Waiting done, starting task!
Wed Jul 22 16:12:11 CEST 2020 Waiting done, starting task!
Wed Jul 22 16:12:11 CEST 2020 Waiting done, starting task!
3 0
3 2
3 1
3 13
3 3
3 5
3 4
3 12
3 10
3 11
3 9
3 8
3 6
3 7
840
840 15
Wed Jul 22 16:12:43 CEST 2020 Waiting for 30 seconds before starting the job to allow the node to settle down
Wed Jul 22 16:12:43 CEST 2020 Waiting for 30 seconds before starting the job to allow the node to settle down
Wed Jul 22 16:12:43 CEST 2020 Waiting for 30 seconds before starting the job to allow the node to settle down
Wed Jul 22 16:12:43 CEST 2020 Waiting for 30 seconds before starting the job to allow the node to settle down
Wed Jul 22 16:12:43 CEST 2020 Waiting for 30 seconds before starting the job to allow the node to settle down
Wed Jul 22 16:12:43 CEST 2020 Waiting for 30 seconds before starting the job to allow the node to settle down
Wed Jul 22 16:12:43 CEST 2020 Waiting for 30 seconds before starting the job to allow the node to settle down
Wed Jul 22 16:12:43 CEST 2020 Waiting for 30 seconds before starting the job to allow the node to settle down
Wed Jul 22 16:12:43 CEST 2020 Waiting for 30 seconds before starting the job to allow the node to settle down
Wed Jul 22 16:12:43 CEST 2020 Waiting for 30 seconds before starting the job to allow the node to settle down
Wed Jul 22 16:12:43 CEST 2020 Waiting for 30 seconds before starting the job to allow the node to settle down
Wed Jul 22 16:12:43 CEST 2020 Waiting for 30 seconds before starting the job to allow the node to settle down
Wed Jul 22 16:12:43 CEST 2020 Waiting for 30 seconds before starting the job to allow the node to settle down
Wed Jul 22 16:12:43 CEST 2020 Waiting for 30 seconds before starting the job to allow the node to settle down
Wed Jul 22 16:12:43 CEST 2020 Waiting for 30 seconds before starting the job to allow the node to settle down
Wed Jul 22 16:13:13 CEST 2020 Waiting done, starting task!
Wed Jul 22 16:13:13 CEST 2020 Waiting done, starting task!
Wed Jul 22 16:13:13 CEST 2020 Waiting done, starting task!
Wed Jul 22 16:13:13 CEST 2020 Waiting done, starting task!
Wed Jul 22 16:13:13 CEST 2020 Waiting done, starting task!
Wed Jul 22 16:13:13 CEST 2020 Waiting done, starting task!
Wed Jul 22 16:13:13 CEST 2020 Waiting done, starting task!
Wed Jul 22 16:13:13 CEST 2020 Waiting done, starting task!
Wed Jul 22 16:13:13 CEST 2020 Waiting done, starting task!
Wed Jul 22 16:13:13 CEST 2020 Waiting done, starting task!
Wed Jul 22 16:13:13 CEST 2020 Waiting done, starting task!
Wed Jul 22 16:13:13 CEST 2020 Waiting done, starting task!
Wed Jul 22 16:13:13 CEST 2020 Waiting done, starting task!
Wed Jul 22 16:13:13 CEST 2020 Waiting done, starting task!
Wed Jul 22 16:13:13 CEST 2020 Waiting done, starting task!
3 0
3 2
3 3
3 5
3 1
3 9
3 10
3 11
3 4
3 6
3 7
3 8
3 13
3 12
3 14
840
840 20
Wed Jul 22 16:13:43 CEST 2020 Waiting for 30 seconds before starting the job to allow the node to settle down
Wed Jul 22 16:13:43 CEST 2020 Waiting for 30 seconds before starting the job to allow the node to settle down
Wed Jul 22 16:13:43 CEST 2020 Waiting for 30 seconds before starting the job to allow the node to settle down
Wed Jul 22 16:13:43 CEST 2020 Waiting for 30 seconds before starting the job to allow the node to settle down
Wed Jul 22 16:13:43 CEST 2020 Waiting for 30 seconds before starting the job to allow the node to settle down
Wed Jul 22 16:13:43 CEST 2020 Waiting for 30 seconds before starting the job to allow the node to settle down
Wed Jul 22 16:13:43 CEST 2020 Waiting for 30 seconds before starting the job to allow the node to settle down
Wed Jul 22 16:13:43 CEST 2020 Waiting for 30 seconds before starting the job to allow the node to settle down
Wed Jul 22 16:13:43 CEST 2020 Waiting for 30 seconds before starting the job to allow the node to settle down
Wed Jul 22 16:13:43 CEST 2020 Waiting for 30 seconds before starting the job to allow the node to settle down
Wed Jul 22 16:13:43 CEST 2020 Waiting for 30 seconds before starting the job to allow the node to settle down
Wed Jul 22 16:13:43 CEST 2020 Waiting for 30 seconds before starting the job to allow the node to settle down
Wed Jul 22 16:13:43 CEST 2020 Waiting for 30 seconds before starting the job to allow the node to settle down
Wed Jul 22 16:13:43 CEST 2020 Waiting for 30 seconds before starting the job to allow the node to settle down
Wed Jul 22 16:13:43 CEST 2020 Waiting for 30 seconds before starting the job to allow the node to settle down
Wed Jul 22 16:13:43 CEST 2020 Waiting for 30 seconds before starting the job to allow the node to settle down
Wed Jul 22 16:13:44 CEST 2020 Waiting for 30 seconds before starting the job to allow the node to settle down
Wed Jul 22 16:13:44 CEST 2020 Waiting for 30 seconds before starting the job to allow the node to settle down
Wed Jul 22 16:13:44 CEST 2020 Waiting for 30 seconds before starting the job to allow the node to settle down
Wed Jul 22 16:13:44 CEST 2020 Waiting for 30 seconds before starting the job to allow the node to settle down
Wed Jul 22 16:14:13 CEST 2020 Waiting done, starting task!
Wed Jul 22 16:14:13 CEST 2020 Waiting done, starting task!
Wed Jul 22 16:14:13 CEST 2020 Waiting done, starting task!
Wed Jul 22 16:14:13 CEST 2020 Waiting done, starting task!
Wed Jul 22 16:14:13 CEST 2020 Waiting done, starting task!
Wed Jul 22 16:14:13 CEST 2020 Waiting done, starting task!
Wed Jul 22 16:14:13 CEST 2020 Waiting done, starting task!
Wed Jul 22 16:14:13 CEST 2020 Waiting done, starting task!
Wed Jul 22 16:14:13 CEST 2020 Waiting done, starting task!
Wed Jul 22 16:14:13 CEST 2020 Waiting done, starting task!
Wed Jul 22 16:14:13 CEST 2020 Waiting done, starting task!
Wed Jul 22 16:14:13 CEST 2020 Waiting done, starting task!
Wed Jul 22 16:14:13 CEST 2020 Waiting done, starting task!
Wed Jul 22 16:14:13 CEST 2020 Waiting done, starting task!
Wed Jul 22 16:14:13 CEST 2020 Waiting done, starting task!
Wed Jul 22 16:14:13 CEST 2020 Waiting done, starting task!
Wed Jul 22 16:14:14 CEST 2020 Waiting done, starting task!
Wed Jul 22 16:14:14 CEST 2020 Waiting done, starting task!
Wed Jul 22 16:14:14 CEST 2020 Waiting done, starting task!
Wed Jul 22 16:14:14 CEST 2020 Waiting done, starting task!
3 2
3 0
3 13
3 17
3 9
3 18
3 6
3 14
3 8
3 10
3 1
3 15
3 19
3 11
3 4
3 12
3 16
3 5
3 7
3 3
840
/hiskp4/gross/bachelorarbeit
