Sat Jun 13 11:39:28 CEST 2020 Waiting for 30 seconds before starting the job to allow the node to settle down
Sat Jun 13 11:39:58 CEST 2020 Waiting done, starting task!
Sat Jun 13 11:39:58 CEST 2020 Waiting for 30 seconds before starting the job to allow the node to settle down
Sat Jun 13 11:40:28 CEST 2020 Waiting done, starting task!
Laenge=10
bei 1 cores haben 1000 Messungen 0.011759 Sekunden gebraucht
bei 1 cores haben 1000 Messungen 0.017641 Sekunden gebraucht
bei 1 cores haben 1000 Messungen 0.015923 Sekunden gebraucht
bei 1 cores haben 1000 Messungen 0.014438 Sekunden gebraucht
bei 1 cores haben 1000 Messungen 0.016273 Sekunden gebraucht
bei 2 cores haben 1000 Messungen 0.017406 Sekunden gebraucht
bei 2 cores haben 1000 Messungen 0.012146 Sekunden gebraucht
bei 2 cores haben 1000 Messungen 0.011404 Sekunden gebraucht
bei 2 cores haben 1000 Messungen 0.014358 Sekunden gebraucht
bei 2 cores haben 1000 Messungen 0.009696 Sekunden gebraucht
bei 3 cores haben 1000 Messungen 0.017917 Sekunden gebraucht
bei 3 cores haben 1000 Messungen 0.017500 Sekunden gebraucht
bei 3 cores haben 1000 Messungen 0.016865 Sekunden gebraucht
bei 3 cores haben 1000 Messungen 0.016195 Sekunden gebraucht
bei 3 cores haben 1000 Messungen 0.015916 Sekunden gebraucht
bei 4 cores haben 1000 Messungen 0.017181 Sekunden gebraucht
bei 4 cores haben 1000 Messungen 0.017013 Sekunden gebraucht
bei 4 cores haben 1000 Messungen 0.017213 Sekunden gebraucht
bei 4 cores haben 1000 Messungen 0.016930 Sekunden gebraucht
bei 4 cores haben 1000 Messungen 0.016959 Sekunden gebraucht
bei 5 cores haben 1000 Messungen 0.016944 Sekunden gebraucht
bei 5 cores haben 1000 Messungen 0.017249 Sekunden gebraucht
bei 5 cores haben 1000 Messungen 0.017302 Sekunden gebraucht
bei 5 cores haben 1000 Messungen 0.017259 Sekunden gebraucht
bei 5 cores haben 1000 Messungen 0.017295 Sekunden gebraucht
bei 6 cores haben 1000 Messungen 0.019652 Sekunden gebraucht
bei 6 cores haben 1000 Messungen 0.019764 Sekunden gebraucht
bei 6 cores haben 1000 Messungen 0.019886 Sekunden gebraucht
bei 6 cores haben 1000 Messungen 0.019852 Sekunden gebraucht
bei 6 cores haben 1000 Messungen 0.020475 Sekunden gebraucht
bei 7 cores haben 1000 Messungen 0.017682 Sekunden gebraucht
bei 7 cores haben 1000 Messungen 0.017096 Sekunden gebraucht
bei 7 cores haben 1000 Messungen 0.016972 Sekunden gebraucht
bei 7 cores haben 1000 Messungen 0.017065 Sekunden gebraucht
bei 7 cores haben 1000 Messungen 0.016910 Sekunden gebraucht
bei 8 cores haben 1000 Messungen 0.019222 Sekunden gebraucht
bei 8 cores haben 1000 Messungen 0.018818 Sekunden gebraucht
bei 8 cores haben 1000 Messungen 0.019465 Sekunden gebraucht
bei 8 cores haben 1000 Messungen 0.019782 Sekunden gebraucht
bei 8 cores haben 1000 Messungen 0.019688 Sekunden gebraucht
bei 9 cores haben 1000 Messungen 0.019363 Sekunden gebraucht
bei 9 cores haben 1000 Messungen 0.019568 Sekunden gebraucht
bei 9 cores haben 1000 Messungen 0.019199 Sekunden gebraucht
bei 9 cores haben 1000 Messungen 0.019393 Sekunden gebraucht
bei 9 cores haben 1000 Messungen 0.019014 Sekunden gebraucht
bei 10 cores haben 1000 Messungen 0.022068 Sekunden gebraucht
bei 10 cores haben 1000 Messungen 0.022038 Sekunden gebraucht
bei 10 cores haben 1000 Messungen 0.021917 Sekunden gebraucht
bei 10 cores haben 1000 Messungen 0.021809 Sekunden gebraucht
bei 10 cores haben 1000 Messungen 0.022311 Sekunden gebraucht
bei 11 cores haben 1000 Messungen 0.018850 Sekunden gebraucht
bei 11 cores haben 1000 Messungen 0.018707 Sekunden gebraucht
bei 11 cores haben 1000 Messungen 0.018934 Sekunden gebraucht
bei 11 cores haben 1000 Messungen 0.019959 Sekunden gebraucht
bei 11 cores haben 1000 Messungen 0.019965 Sekunden gebraucht
bei 12 cores haben 1000 Messungen 0.023155 Sekunden gebraucht
bei 12 cores haben 1000 Messungen 0.023402 Sekunden gebraucht
bei 12 cores haben 1000 Messungen 0.023342 Sekunden gebraucht
bei 12 cores haben 1000 Messungen 0.023078 Sekunden gebraucht
bei 12 cores haben 1000 Messungen 0.023059 Sekunden gebraucht
Laenge=100
bei 1 cores haben 1000 Messungen 0.669429 Sekunden gebraucht
bei 1 cores haben 1000 Messungen 0.678443 Sekunden gebraucht
bei 1 cores haben 1000 Messungen 0.776896 Sekunden gebraucht
bei 1 cores haben 1000 Messungen 0.669102 Sekunden gebraucht
bei 1 cores haben 1000 Messungen 0.713693 Sekunden gebraucht
bei 2 cores haben 1000 Messungen 0.833461 Sekunden gebraucht
bei 2 cores haben 1000 Messungen 0.805838 Sekunden gebraucht
bei 2 cores haben 1000 Messungen 0.819599 Sekunden gebraucht
bei 2 cores haben 1000 Messungen 0.816962 Sekunden gebraucht
bei 2 cores haben 1000 Messungen 0.817372 Sekunden gebraucht
bei 3 cores haben 1000 Messungen 0.757857 Sekunden gebraucht
bei 3 cores haben 1000 Messungen 0.741131 Sekunden gebraucht
bei 3 cores haben 1000 Messungen 0.699284 Sekunden gebraucht
bei 3 cores haben 1000 Messungen 0.704491 Sekunden gebraucht
bei 3 cores haben 1000 Messungen 0.756651 Sekunden gebraucht
bei 4 cores haben 1000 Messungen 0.664769 Sekunden gebraucht
bei 4 cores haben 1000 Messungen 0.727726 Sekunden gebraucht
bei 4 cores haben 1000 Messungen 0.720593 Sekunden gebraucht
bei 4 cores haben 1000 Messungen 0.674398 Sekunden gebraucht
bei 4 cores haben 1000 Messungen 0.680338 Sekunden gebraucht
bei 5 cores haben 1000 Messungen 0.708529 Sekunden gebraucht
bei 5 cores haben 1000 Messungen 0.704052 Sekunden gebraucht
bei 5 cores haben 1000 Messungen 0.665719 Sekunden gebraucht
bei 5 cores haben 1000 Messungen 0.723623 Sekunden gebraucht
bei 5 cores haben 1000 Messungen 0.714954 Sekunden gebraucht
bei 6 cores haben 1000 Messungen 0.703212 Sekunden gebraucht
bei 6 cores haben 1000 Messungen 0.642890 Sekunden gebraucht
bei 6 cores haben 1000 Messungen 0.714307 Sekunden gebraucht
bei 6 cores haben 1000 Messungen 0.704949 Sekunden gebraucht
bei 6 cores haben 1000 Messungen 0.702301 Sekunden gebraucht
bei 7 cores haben 1000 Messungen 0.687750 Sekunden gebraucht
bei 7 cores haben 1000 Messungen 0.741119 Sekunden gebraucht
bei 7 cores haben 1000 Messungen 0.740570 Sekunden gebraucht
bei 7 cores haben 1000 Messungen 0.730865 Sekunden gebraucht
bei 7 cores haben 1000 Messungen 0.715299 Sekunden gebraucht
bei 8 cores haben 1000 Messungen 0.737814 Sekunden gebraucht
bei 8 cores haben 1000 Messungen 0.722073 Sekunden gebraucht
bei 8 cores haben 1000 Messungen 0.725808 Sekunden gebraucht
bei 8 cores haben 1000 Messungen 0.717311 Sekunden gebraucht
bei 8 cores haben 1000 Messungen 0.730362 Sekunden gebraucht
bei 9 cores haben 1000 Messungen 0.749931 Sekunden gebraucht
bei 9 cores haben 1000 Messungen 0.773202 Sekunden gebraucht
bei 9 cores haben 1000 Messungen 0.836684 Sekunden gebraucht
bei 9 cores haben 1000 Messungen 0.747034 Sekunden gebraucht
bei 9 cores haben 1000 Messungen 0.740701 Sekunden gebraucht
bei 10 cores haben 1000 Messungen 0.756647 Sekunden gebraucht
bei 10 cores haben 1000 Messungen 0.741064 Sekunden gebraucht
bei 10 cores haben 1000 Messungen 0.768164 Sekunden gebraucht
bei 10 cores haben 1000 Messungen 0.767101 Sekunden gebraucht
bei 10 cores haben 1000 Messungen 0.767175 Sekunden gebraucht
bei 11 cores haben 1000 Messungen 0.778392 Sekunden gebraucht
bei 11 cores haben 1000 Messungen 0.758996 Sekunden gebraucht
bei 11 cores haben 1000 Messungen 0.748620 Sekunden gebraucht
bei 11 cores haben 1000 Messungen 0.764098 Sekunden gebraucht
bei 11 cores haben 1000 Messungen 0.764566 Sekunden gebraucht
bei 12 cores haben 1000 Messungen 0.756302 Sekunden gebraucht
bei 12 cores haben 1000 Messungen 0.753503 Sekunden gebraucht
bei 12 cores haben 1000 Messungen 0.747386 Sekunden gebraucht
bei 12 cores haben 1000 Messungen 0.775486 Sekunden gebraucht
bei 12 cores haben 1000 Messungen 0.756227 Sekunden gebraucht
Laenge=500
bei 1 cores haben 1000 Messungen 16.827059 Sekunden gebraucht
bei 1 cores haben 1000 Messungen 16.542037 Sekunden gebraucht
bei 1 cores haben 1000 Messungen 16.600707 Sekunden gebraucht
bei 1 cores haben 1000 Messungen 16.549310 Sekunden gebraucht
bei 1 cores haben 1000 Messungen 16.585813 Sekunden gebraucht
bei 2 cores haben 1000 Messungen 20.427754 Sekunden gebraucht
bei 2 cores haben 1000 Messungen 20.543344 Sekunden gebraucht
bei 2 cores haben 1000 Messungen 20.566312 Sekunden gebraucht
bei 2 cores haben 1000 Messungen 20.290996 Sekunden gebraucht
bei 2 cores haben 1000 Messungen 20.306438 Sekunden gebraucht
bei 3 cores haben 1000 Messungen 18.115524 Sekunden gebraucht
bei 3 cores haben 1000 Messungen 18.627791 Sekunden gebraucht
bei 3 cores haben 1000 Messungen 18.391343 Sekunden gebraucht
bei 3 cores haben 1000 Messungen 18.143879 Sekunden gebraucht
bei 3 cores haben 1000 Messungen 18.649810 Sekunden gebraucht
bei 4 cores haben 1000 Messungen 16.927297 Sekunden gebraucht
bei 4 cores haben 1000 Messungen 16.828451 Sekunden gebraucht
bei 4 cores haben 1000 Messungen 16.980186 Sekunden gebraucht
bei 4 cores haben 1000 Messungen 16.875338 Sekunden gebraucht
bei 4 cores haben 1000 Messungen 16.994216 Sekunden gebraucht
bei 5 cores haben 1000 Messungen 18.050176 Sekunden gebraucht
bei 5 cores haben 1000 Messungen 17.957318 Sekunden gebraucht
bei 5 cores haben 1000 Messungen 17.865708 Sekunden gebraucht
bei 5 cores haben 1000 Messungen 18.298443 Sekunden gebraucht
bei 5 cores haben 1000 Messungen 18.086688 Sekunden gebraucht
bei 6 cores haben 1000 Messungen 17.545997 Sekunden gebraucht
bei 6 cores haben 1000 Messungen 17.400966 Sekunden gebraucht
bei 6 cores haben 1000 Messungen 17.476246 Sekunden gebraucht
bei 6 cores haben 1000 Messungen 17.670589 Sekunden gebraucht
bei 6 cores haben 1000 Messungen 17.767989 Sekunden gebraucht
bei 7 cores haben 1000 Messungen 18.413648 Sekunden gebraucht
bei 7 cores haben 1000 Messungen 18.699293 Sekunden gebraucht
bei 7 cores haben 1000 Messungen 18.482549 Sekunden gebraucht
bei 7 cores haben 1000 Messungen 18.808115 Sekunden gebraucht
bei 7 cores haben 1000 Messungen 18.329402 Sekunden gebraucht
bei 8 cores haben 1000 Messungen 18.207168 Sekunden gebraucht
bei 8 cores haben 1000 Messungen 18.252699 Sekunden gebraucht
bei 8 cores haben 1000 Messungen 18.252263 Sekunden gebraucht
bei 8 cores haben 1000 Messungen 18.211135 Sekunden gebraucht
bei 8 cores haben 1000 Messungen 18.358164 Sekunden gebraucht
bei 9 cores haben 1000 Messungen 18.871570 Sekunden gebraucht
bei 9 cores haben 1000 Messungen 18.693214 Sekunden gebraucht
bei 9 cores haben 1000 Messungen 18.879743 Sekunden gebraucht
bei 9 cores haben 1000 Messungen 18.657461 Sekunden gebraucht
bei 9 cores haben 1000 Messungen 18.679549 Sekunden gebraucht
bei 10 cores haben 1000 Messungen 18.735756 Sekunden gebraucht
bei 10 cores haben 1000 Messungen 18.743694 Sekunden gebraucht
bei 10 cores haben 1000 Messungen 18.749131 Sekunden gebraucht
bei 10 cores haben 1000 Messungen 18.732748 Sekunden gebraucht
bei 10 cores haben 1000 Messungen 18.747268 Sekunden gebraucht
bei 11 cores haben 1000 Messungen 18.705790 Sekunden gebraucht
bei 11 cores haben 1000 Messungen 18.724455 Sekunden gebraucht
bei 11 cores haben 1000 Messungen 18.727634 Sekunden gebraucht
bei 11 cores haben 1000 Messungen 18.748730 Sekunden gebraucht
bei 11 cores haben 1000 Messungen 18.772078 Sekunden gebraucht
bei 12 cores haben 1000 Messungen 18.667048 Sekunden gebraucht
bei 12 cores haben 1000 Messungen 18.690525 Sekunden gebraucht
bei 12 cores haben 1000 Messungen 18.740151 Sekunden gebraucht
bei 12 cores haben 1000 Messungen 18.765738 Sekunden gebraucht
bei 12 cores haben 1000 Messungen 18.740664 Sekunden gebraucht
/hiskp4/gross/bachelorarbeit
