Fri Jul 24 14:36:28 CEST 2020 Waiting for 30 seconds before starting the job to allow the node to settle down
Fri Jul 24 14:36:58 CEST 2020 Waiting done, starting task!
Fri Jul 24 14:36:58 CEST 2020 Waiting for 30 seconds before starting the job to allow the node to settle down
Fri Jul 24 14:37:28 CEST 2020 Waiting done, starting task!
Laenge=100	Temperatur=100.000000
bei 1 cores haben 1000 Messungen 0.601176 Sekunden gebraucht
bei 1 cores haben 1000 Messungen 0.645249 Sekunden gebraucht
bei 1 cores haben 1000 Messungen 0.599388 Sekunden gebraucht
bei 1 cores haben 1000 Messungen 0.639192 Sekunden gebraucht
bei 1 cores haben 1000 Messungen 0.599464 Sekunden gebraucht
bei 1 cores haben 1000 Messungen 0.642656 Sekunden gebraucht
bei 1 cores haben 1000 Messungen 0.599578 Sekunden gebraucht
bei 1 cores haben 1000 Messungen 0.643407 Sekunden gebraucht
bei 1 cores haben 1000 Messungen 0.599487 Sekunden gebraucht
bei 1 cores haben 1000 Messungen 0.600173 Sekunden gebraucht
bei 2 cores haben 1000 Messungen 0.399175 Sekunden gebraucht
bei 2 cores haben 1000 Messungen 0.348964 Sekunden gebraucht
bei 2 cores haben 1000 Messungen 0.324814 Sekunden gebraucht
bei 2 cores haben 1000 Messungen 0.324244 Sekunden gebraucht
bei 2 cores haben 1000 Messungen 0.324644 Sekunden gebraucht
bei 2 cores haben 1000 Messungen 0.325193 Sekunden gebraucht
bei 2 cores haben 1000 Messungen 0.324180 Sekunden gebraucht
bei 2 cores haben 1000 Messungen 0.324529 Sekunden gebraucht
bei 2 cores haben 1000 Messungen 0.324645 Sekunden gebraucht
bei 2 cores haben 1000 Messungen 0.324620 Sekunden gebraucht
bei 3 cores haben 1000 Messungen 0.240817 Sekunden gebraucht
bei 3 cores haben 1000 Messungen 0.237987 Sekunden gebraucht
bei 3 cores haben 1000 Messungen 0.237591 Sekunden gebraucht
bei 3 cores haben 1000 Messungen 0.237365 Sekunden gebraucht
bei 3 cores haben 1000 Messungen 0.236892 Sekunden gebraucht
bei 3 cores haben 1000 Messungen 0.318864 Sekunden gebraucht
bei 3 cores haben 1000 Messungen 0.283604 Sekunden gebraucht
bei 3 cores haben 1000 Messungen 0.237066 Sekunden gebraucht
bei 3 cores haben 1000 Messungen 0.237459 Sekunden gebraucht
bei 3 cores haben 1000 Messungen 0.237823 Sekunden gebraucht
bei 4 cores haben 1000 Messungen 0.190675 Sekunden gebraucht
bei 4 cores haben 1000 Messungen 0.190668 Sekunden gebraucht
bei 4 cores haben 1000 Messungen 0.189748 Sekunden gebraucht
bei 4 cores haben 1000 Messungen 0.191863 Sekunden gebraucht
bei 4 cores haben 1000 Messungen 0.194391 Sekunden gebraucht
bei 4 cores haben 1000 Messungen 0.225611 Sekunden gebraucht
bei 4 cores haben 1000 Messungen 0.194388 Sekunden gebraucht
bei 4 cores haben 1000 Messungen 0.214990 Sekunden gebraucht
bei 4 cores haben 1000 Messungen 0.190237 Sekunden gebraucht
bei 4 cores haben 1000 Messungen 0.191945 Sekunden gebraucht
bei 5 cores haben 1000 Messungen 0.165450 Sekunden gebraucht
bei 5 cores haben 1000 Messungen 0.165656 Sekunden gebraucht
bei 5 cores haben 1000 Messungen 0.164506 Sekunden gebraucht
bei 5 cores haben 1000 Messungen 0.164260 Sekunden gebraucht
bei 5 cores haben 1000 Messungen 0.164612 Sekunden gebraucht
bei 5 cores haben 1000 Messungen 0.165235 Sekunden gebraucht
bei 5 cores haben 1000 Messungen 0.165446 Sekunden gebraucht
bei 5 cores haben 1000 Messungen 0.166068 Sekunden gebraucht
bei 5 cores haben 1000 Messungen 0.165675 Sekunden gebraucht
bei 5 cores haben 1000 Messungen 0.165198 Sekunden gebraucht
bei 6 cores haben 1000 Messungen 0.149512 Sekunden gebraucht
bei 6 cores haben 1000 Messungen 0.151882 Sekunden gebraucht
bei 6 cores haben 1000 Messungen 0.149875 Sekunden gebraucht
bei 6 cores haben 1000 Messungen 0.149482 Sekunden gebraucht
bei 6 cores haben 1000 Messungen 0.151228 Sekunden gebraucht
bei 6 cores haben 1000 Messungen 0.150253 Sekunden gebraucht
bei 6 cores haben 1000 Messungen 0.150891 Sekunden gebraucht
bei 6 cores haben 1000 Messungen 0.152078 Sekunden gebraucht
bei 6 cores haben 1000 Messungen 0.152165 Sekunden gebraucht
bei 6 cores haben 1000 Messungen 0.151015 Sekunden gebraucht
bei 7 cores haben 1000 Messungen 0.139665 Sekunden gebraucht
bei 7 cores haben 1000 Messungen 0.141774 Sekunden gebraucht
bei 7 cores haben 1000 Messungen 0.139994 Sekunden gebraucht
bei 7 cores haben 1000 Messungen 0.139355 Sekunden gebraucht
bei 7 cores haben 1000 Messungen 0.140483 Sekunden gebraucht
bei 7 cores haben 1000 Messungen 0.252414 Sekunden gebraucht
bei 7 cores haben 1000 Messungen 0.142085 Sekunden gebraucht
bei 7 cores haben 1000 Messungen 0.141608 Sekunden gebraucht
bei 7 cores haben 1000 Messungen 0.140203 Sekunden gebraucht
bei 7 cores haben 1000 Messungen 0.139527 Sekunden gebraucht
bei 8 cores haben 1000 Messungen 0.130410 Sekunden gebraucht
bei 8 cores haben 1000 Messungen 0.128543 Sekunden gebraucht
bei 8 cores haben 1000 Messungen 0.128658 Sekunden gebraucht
bei 8 cores haben 1000 Messungen 0.131438 Sekunden gebraucht
bei 8 cores haben 1000 Messungen 0.128980 Sekunden gebraucht
bei 8 cores haben 1000 Messungen 0.130430 Sekunden gebraucht
bei 8 cores haben 1000 Messungen 0.131657 Sekunden gebraucht
bei 8 cores haben 1000 Messungen 0.129926 Sekunden gebraucht
bei 8 cores haben 1000 Messungen 0.134297 Sekunden gebraucht
bei 8 cores haben 1000 Messungen 0.129645 Sekunden gebraucht
bei 9 cores haben 1000 Messungen 0.183839 Sekunden gebraucht
bei 9 cores haben 1000 Messungen 0.124402 Sekunden gebraucht
bei 9 cores haben 1000 Messungen 0.126898 Sekunden gebraucht
bei 9 cores haben 1000 Messungen 0.127682 Sekunden gebraucht
bei 9 cores haben 1000 Messungen 0.128767 Sekunden gebraucht
bei 9 cores haben 1000 Messungen 0.128774 Sekunden gebraucht
bei 9 cores haben 1000 Messungen 0.127022 Sekunden gebraucht
bei 9 cores haben 1000 Messungen 0.127054 Sekunden gebraucht
bei 9 cores haben 1000 Messungen 0.128397 Sekunden gebraucht
bei 9 cores haben 1000 Messungen 0.130434 Sekunden gebraucht
bei 10 cores haben 1000 Messungen 0.119710 Sekunden gebraucht
bei 10 cores haben 1000 Messungen 0.119279 Sekunden gebraucht
bei 10 cores haben 1000 Messungen 0.118644 Sekunden gebraucht
bei 10 cores haben 1000 Messungen 0.120098 Sekunden gebraucht
bei 10 cores haben 1000 Messungen 0.118841 Sekunden gebraucht
bei 10 cores haben 1000 Messungen 0.117872 Sekunden gebraucht
bei 10 cores haben 1000 Messungen 0.117605 Sekunden gebraucht
bei 10 cores haben 1000 Messungen 0.118680 Sekunden gebraucht
bei 10 cores haben 1000 Messungen 0.118184 Sekunden gebraucht
bei 10 cores haben 1000 Messungen 0.117849 Sekunden gebraucht
bei 11 cores haben 1000 Messungen 0.117215 Sekunden gebraucht
bei 11 cores haben 1000 Messungen 0.117036 Sekunden gebraucht
bei 11 cores haben 1000 Messungen 0.115923 Sekunden gebraucht
bei 11 cores haben 1000 Messungen 0.116624 Sekunden gebraucht
bei 11 cores haben 1000 Messungen 0.116433 Sekunden gebraucht
bei 11 cores haben 1000 Messungen 0.116743 Sekunden gebraucht
bei 11 cores haben 1000 Messungen 0.117171 Sekunden gebraucht
bei 11 cores haben 1000 Messungen 0.117145 Sekunden gebraucht
bei 11 cores haben 1000 Messungen 0.116570 Sekunden gebraucht
bei 11 cores haben 1000 Messungen 0.118342 Sekunden gebraucht
bei 12 cores haben 1000 Messungen 0.123973 Sekunden gebraucht
bei 12 cores haben 1000 Messungen 0.112903 Sekunden gebraucht
bei 12 cores haben 1000 Messungen 0.112000 Sekunden gebraucht
bei 12 cores haben 1000 Messungen 0.112860 Sekunden gebraucht
bei 12 cores haben 1000 Messungen 0.113036 Sekunden gebraucht
bei 12 cores haben 1000 Messungen 0.113273 Sekunden gebraucht
bei 12 cores haben 1000 Messungen 0.113410 Sekunden gebraucht
bei 12 cores haben 1000 Messungen 0.115285 Sekunden gebraucht
bei 12 cores haben 1000 Messungen 0.113612 Sekunden gebraucht
bei 12 cores haben 1000 Messungen 0.113276 Sekunden gebraucht
/hiskp4/gross/bachelorarbeit
