Wed Jul 22 14:49:20 CEST 2020 Waiting for 30 seconds before starting the job to allow the node to settle down
Wed Jul 22 14:49:50 CEST 2020 Waiting done, starting task!
240 1
Wed Jul 22 14:49:50 CEST 2020 Waiting for 30 seconds before starting the job to allow the node to settle down
Wed Jul 22 14:50:20 CEST 2020 Waiting done, starting task!
3 0
240
240 2
Wed Jul 22 14:50:50 CEST 2020 Waiting for 30 seconds before starting the job to allow the node to settle down
Wed Jul 22 14:50:50 CEST 2020 Waiting for 30 seconds before starting the job to allow the node to settle down
Wed Jul 22 14:51:20 CEST 2020 Waiting done, starting task!
Wed Jul 22 14:51:20 CEST 2020 Waiting done, starting task!
3 0
3 1
240
240 3
Wed Jul 22 14:51:36 CEST 2020 Waiting for 30 seconds before starting the job to allow the node to settle down
Wed Jul 22 14:51:36 CEST 2020 Waiting for 30 seconds before starting the job to allow the node to settle down
Wed Jul 22 14:51:36 CEST 2020 Waiting for 30 seconds before starting the job to allow the node to settle down
Wed Jul 22 14:52:06 CEST 2020 Waiting done, starting task!
Wed Jul 22 14:52:06 CEST 2020 Waiting done, starting task!
Wed Jul 22 14:52:06 CEST 2020 Waiting done, starting task!
3 0
3 2
3 1
240
240 4
Wed Jul 22 14:52:17 CEST 2020 Waiting for 30 seconds before starting the job to allow the node to settle down
Wed Jul 22 14:52:17 CEST 2020 Waiting for 30 seconds before starting the job to allow the node to settle down
Wed Jul 22 14:52:17 CEST 2020 Waiting for 30 seconds before starting the job to allow the node to settle down
Wed Jul 22 14:52:17 CEST 2020 Waiting for 30 seconds before starting the job to allow the node to settle down
Wed Jul 22 14:52:47 CEST 2020 Waiting done, starting task!
Wed Jul 22 14:52:47 CEST 2020 Waiting done, starting task!
Wed Jul 22 14:52:47 CEST 2020 Waiting done, starting task!
Wed Jul 22 14:52:47 CEST 2020 Waiting done, starting task!
3 0
3 3
3 1
3 2
240
240 5
Wed Jul 22 14:52:56 CEST 2020 Waiting for 30 seconds before starting the job to allow the node to settle down
Wed Jul 22 14:52:56 CEST 2020 Waiting for 30 seconds before starting the job to allow the node to settle down
Wed Jul 22 14:52:56 CEST 2020 Waiting for 30 seconds before starting the job to allow the node to settle down
Wed Jul 22 14:52:56 CEST 2020 Waiting for 30 seconds before starting the job to allow the node to settle down
Wed Jul 22 14:52:56 CEST 2020 Waiting for 30 seconds before starting the job to allow the node to settle down
Wed Jul 22 14:53:26 CEST 2020 Waiting done, starting task!
Wed Jul 22 14:53:26 CEST 2020 Waiting done, starting task!
Wed Jul 22 14:53:26 CEST 2020 Waiting done, starting task!
Wed Jul 22 14:53:26 CEST 2020 Waiting done, starting task!
Wed Jul 22 14:53:26 CEST 2020 Waiting done, starting task!
3 0
3 1
3 2
3 4
3 3
240
240 6
Wed Jul 22 14:53:33 CEST 2020 Waiting for 30 seconds before starting the job to allow the node to settle down
Wed Jul 22 14:53:33 CEST 2020 Waiting for 30 seconds before starting the job to allow the node to settle down
Wed Jul 22 14:53:33 CEST 2020 Waiting for 30 seconds before starting the job to allow the node to settle down
Wed Jul 22 14:53:33 CEST 2020 Waiting for 30 seconds before starting the job to allow the node to settle down
Wed Jul 22 14:53:33 CEST 2020 Waiting for 30 seconds before starting the job to allow the node to settle down
Wed Jul 22 14:53:33 CEST 2020 Waiting for 30 seconds before starting the job to allow the node to settle down
Wed Jul 22 14:54:03 CEST 2020 Waiting done, starting task!
Wed Jul 22 14:54:03 CEST 2020 Waiting done, starting task!
Wed Jul 22 14:54:03 CEST 2020 Waiting done, starting task!
Wed Jul 22 14:54:03 CEST 2020 Waiting done, starting task!
Wed Jul 22 14:54:03 CEST 2020 Waiting done, starting task!
Wed Jul 22 14:54:03 CEST 2020 Waiting done, starting task!
3 0
3 1
3 5
3 4
3 2
3 3
240
240 8
Wed Jul 22 14:54:10 CEST 2020 Waiting for 30 seconds before starting the job to allow the node to settle down
Wed Jul 22 14:54:10 CEST 2020 Waiting for 30 seconds before starting the job to allow the node to settle down
Wed Jul 22 14:54:10 CEST 2020 Waiting for 30 seconds before starting the job to allow the node to settle down
Wed Jul 22 14:54:10 CEST 2020 Waiting for 30 seconds before starting the job to allow the node to settle down
Wed Jul 22 14:54:10 CEST 2020 Waiting for 30 seconds before starting the job to allow the node to settle down
Wed Jul 22 14:54:10 CEST 2020 Waiting for 30 seconds before starting the job to allow the node to settle down
Wed Jul 22 14:54:10 CEST 2020 Waiting for 30 seconds before starting the job to allow the node to settle down
Wed Jul 22 14:54:10 CEST 2020 Waiting for 30 seconds before starting the job to allow the node to settle down
Wed Jul 22 14:54:40 CEST 2020 Waiting done, starting task!
Wed Jul 22 14:54:40 CEST 2020 Waiting done, starting task!
Wed Jul 22 14:54:40 CEST 2020 Waiting done, starting task!
Wed Jul 22 14:54:40 CEST 2020 Waiting done, starting task!
Wed Jul 22 14:54:40 CEST 2020 Waiting done, starting task!
Wed Jul 22 14:54:40 CEST 2020 Waiting done, starting task!
Wed Jul 22 14:54:40 CEST 2020 Waiting done, starting task!
Wed Jul 22 14:54:40 CEST 2020 Waiting done, starting task!
3 6
3 1
3 0
3 7
3 2
3 3
3 4
3 5
240
240 10
Wed Jul 22 14:54:45 CEST 2020 Waiting for 30 seconds before starting the job to allow the node to settle down
Wed Jul 22 14:54:45 CEST 2020 Waiting for 30 seconds before starting the job to allow the node to settle down
Wed Jul 22 14:54:45 CEST 2020 Waiting for 30 seconds before starting the job to allow the node to settle down
Wed Jul 22 14:54:45 CEST 2020 Waiting for 30 seconds before starting the job to allow the node to settle down
Wed Jul 22 14:54:45 CEST 2020 Waiting for 30 seconds before starting the job to allow the node to settle down
Wed Jul 22 14:54:45 CEST 2020 Waiting for 30 seconds before starting the job to allow the node to settle down
Wed Jul 22 14:54:45 CEST 2020 Waiting for 30 seconds before starting the job to allow the node to settle down
Wed Jul 22 14:54:45 CEST 2020 Waiting for 30 seconds before starting the job to allow the node to settle down
Wed Jul 22 14:54:45 CEST 2020 Waiting for 30 seconds before starting the job to allow the node to settle down
Wed Jul 22 14:54:45 CEST 2020 Waiting for 30 seconds before starting the job to allow the node to settle down
Wed Jul 22 14:55:15 CEST 2020 Waiting done, starting task!
Wed Jul 22 14:55:15 CEST 2020 Waiting done, starting task!
Wed Jul 22 14:55:15 CEST 2020 Waiting done, starting task!
Wed Jul 22 14:55:15 CEST 2020 Waiting done, starting task!
Wed Jul 22 14:55:15 CEST 2020 Waiting done, starting task!
Wed Jul 22 14:55:15 CEST 2020 Waiting done, starting task!
Wed Jul 22 14:55:15 CEST 2020 Waiting done, starting task!
Wed Jul 22 14:55:15 CEST 2020 Waiting done, starting task!
Wed Jul 22 14:55:15 CEST 2020 Waiting done, starting task!
Wed Jul 22 14:55:15 CEST 2020 Waiting done, starting task!
3 1
3 0
3 6
3 7
3 2
3 3
3 8
3 9
3 4
3 5
240
240 12
Wed Jul 22 14:55:20 CEST 2020 Waiting for 30 seconds before starting the job to allow the node to settle down
Wed Jul 22 14:55:20 CEST 2020 Waiting for 30 seconds before starting the job to allow the node to settle down
Wed Jul 22 14:55:20 CEST 2020 Waiting for 30 seconds before starting the job to allow the node to settle down
Wed Jul 22 14:55:20 CEST 2020 Waiting for 30 seconds before starting the job to allow the node to settle down
Wed Jul 22 14:55:20 CEST 2020 Waiting for 30 seconds before starting the job to allow the node to settle down
Wed Jul 22 14:55:20 CEST 2020 Waiting for 30 seconds before starting the job to allow the node to settle down
Wed Jul 22 14:55:20 CEST 2020 Waiting for 30 seconds before starting the job to allow the node to settle down
Wed Jul 22 14:55:20 CEST 2020 Waiting for 30 seconds before starting the job to allow the node to settle down
Wed Jul 22 14:55:20 CEST 2020 Waiting for 30 seconds before starting the job to allow the node to settle down
Wed Jul 22 14:55:20 CEST 2020 Waiting for 30 seconds before starting the job to allow the node to settle down
Wed Jul 22 14:55:20 CEST 2020 Waiting for 30 seconds before starting the job to allow the node to settle down
Wed Jul 22 14:55:20 CEST 2020 Waiting for 30 seconds before starting the job to allow the node to settle down
Wed Jul 22 14:55:50 CEST 2020 Waiting done, starting task!
Wed Jul 22 14:55:50 CEST 2020 Waiting done, starting task!
Wed Jul 22 14:55:50 CEST 2020 Waiting done, starting task!
Wed Jul 22 14:55:50 CEST 2020 Waiting done, starting task!
Wed Jul 22 14:55:50 CEST 2020 Waiting done, starting task!
Wed Jul 22 14:55:50 CEST 2020 Waiting done, starting task!
Wed Jul 22 14:55:50 CEST 2020 Waiting done, starting task!
Wed Jul 22 14:55:50 CEST 2020 Waiting done, starting task!
Wed Jul 22 14:55:50 CEST 2020 Waiting done, starting task!
Wed Jul 22 14:55:50 CEST 2020 Waiting done, starting task!
Wed Jul 22 14:55:50 CEST 2020 Waiting done, starting task!
Wed Jul 22 14:55:50 CEST 2020 Waiting done, starting task!
3 2
3 11
3 0
3 10
3 6
3 1
3 7
3 8
3 9
3 3
3 5
3 4
240
240 15
Wed Jul 22 14:55:55 CEST 2020 Waiting for 30 seconds before starting the job to allow the node to settle down
Wed Jul 22 14:55:55 CEST 2020 Waiting for 30 seconds before starting the job to allow the node to settle down
Wed Jul 22 14:55:55 CEST 2020 Waiting for 30 seconds before starting the job to allow the node to settle down
Wed Jul 22 14:55:55 CEST 2020 Waiting for 30 seconds before starting the job to allow the node to settle down
Wed Jul 22 14:55:55 CEST 2020 Waiting for 30 seconds before starting the job to allow the node to settle down
Wed Jul 22 14:55:55 CEST 2020 Waiting for 30 seconds before starting the job to allow the node to settle down
Wed Jul 22 14:55:55 CEST 2020 Waiting for 30 seconds before starting the job to allow the node to settle down
Wed Jul 22 14:55:55 CEST 2020 Waiting for 30 seconds before starting the job to allow the node to settle down
Wed Jul 22 14:55:55 CEST 2020 Waiting for 30 seconds before starting the job to allow the node to settle down
Wed Jul 22 14:55:55 CEST 2020 Waiting for 30 seconds before starting the job to allow the node to settle down
Wed Jul 22 14:55:55 CEST 2020 Waiting for 30 seconds before starting the job to allow the node to settle down
Wed Jul 22 14:55:55 CEST 2020 Waiting for 30 seconds before starting the job to allow the node to settle down
Wed Jul 22 14:55:55 CEST 2020 Waiting for 30 seconds before starting the job to allow the node to settle down
Wed Jul 22 14:55:55 CEST 2020 Waiting for 30 seconds before starting the job to allow the node to settle down
Wed Jul 22 14:55:55 CEST 2020 Waiting for 30 seconds before starting the job to allow the node to settle down
Wed Jul 22 14:56:25 CEST 2020 Waiting done, starting task!
Wed Jul 22 14:56:25 CEST 2020 Waiting done, starting task!
Wed Jul 22 14:56:25 CEST 2020 Waiting done, starting task!
Wed Jul 22 14:56:25 CEST 2020 Waiting done, starting task!
Wed Jul 22 14:56:25 CEST 2020 Waiting done, starting task!
Wed Jul 22 14:56:25 CEST 2020 Waiting done, starting task!
Wed Jul 22 14:56:25 CEST 2020 Waiting done, starting task!
Wed Jul 22 14:56:25 CEST 2020 Waiting done, starting task!
Wed Jul 22 14:56:25 CEST 2020 Waiting done, starting task!
Wed Jul 22 14:56:25 CEST 2020 Waiting done, starting task!
Wed Jul 22 14:56:25 CEST 2020 Waiting done, starting task!
Wed Jul 22 14:56:25 CEST 2020 Waiting done, starting task!
Wed Jul 22 14:56:25 CEST 2020 Waiting done, starting task!
Wed Jul 22 14:56:25 CEST 2020 Waiting done, starting task!
Wed Jul 22 14:56:25 CEST 2020 Waiting done, starting task!
3 0
3 2
3 1
3 13
3 4
3 5
3 3
3 6
3 7
3 8
3 12
3 14
3 9
3 11
3 10
240
240 16
Wed Jul 22 14:56:30 CEST 2020 Waiting for 30 seconds before starting the job to allow the node to settle down
Wed Jul 22 14:56:30 CEST 2020 Waiting for 30 seconds before starting the job to allow the node to settle down
Wed Jul 22 14:56:30 CEST 2020 Waiting for 30 seconds before starting the job to allow the node to settle down
Wed Jul 22 14:56:30 CEST 2020 Waiting for 30 seconds before starting the job to allow the node to settle down
Wed Jul 22 14:56:30 CEST 2020 Waiting for 30 seconds before starting the job to allow the node to settle down
Wed Jul 22 14:56:30 CEST 2020 Waiting for 30 seconds before starting the job to allow the node to settle down
Wed Jul 22 14:56:30 CEST 2020 Waiting for 30 seconds before starting the job to allow the node to settle down
Wed Jul 22 14:56:30 CEST 2020 Waiting for 30 seconds before starting the job to allow the node to settle down
Wed Jul 22 14:56:30 CEST 2020 Waiting for 30 seconds before starting the job to allow the node to settle down
Wed Jul 22 14:56:30 CEST 2020 Waiting for 30 seconds before starting the job to allow the node to settle down
Wed Jul 22 14:56:30 CEST 2020 Waiting for 30 seconds before starting the job to allow the node to settle down
Wed Jul 22 14:56:30 CEST 2020 Waiting for 30 seconds before starting the job to allow the node to settle down
Wed Jul 22 14:56:30 CEST 2020 Waiting for 30 seconds before starting the job to allow the node to settle down
Wed Jul 22 14:56:30 CEST 2020 Waiting for 30 seconds before starting the job to allow the node to settle down
Wed Jul 22 14:56:30 CEST 2020 Waiting for 30 seconds before starting the job to allow the node to settle down
Wed Jul 22 14:56:30 CEST 2020 Waiting for 30 seconds before starting the job to allow the node to settle down
Wed Jul 22 14:57:00 CEST 2020 Waiting done, starting task!
Wed Jul 22 14:57:00 CEST 2020 Waiting done, starting task!
Wed Jul 22 14:57:00 CEST 2020 Waiting done, starting task!
Wed Jul 22 14:57:00 CEST 2020 Waiting done, starting task!
Wed Jul 22 14:57:00 CEST 2020 Waiting done, starting task!
Wed Jul 22 14:57:00 CEST 2020 Waiting done, starting task!
Wed Jul 22 14:57:00 CEST 2020 Waiting done, starting task!
Wed Jul 22 14:57:00 CEST 2020 Waiting done, starting task!
Wed Jul 22 14:57:00 CEST 2020 Waiting done, starting task!
Wed Jul 22 14:57:00 CEST 2020 Waiting done, starting task!
Wed Jul 22 14:57:00 CEST 2020 Waiting done, starting task!
Wed Jul 22 14:57:00 CEST 2020 Waiting done, starting task!
Wed Jul 22 14:57:00 CEST 2020 Waiting done, starting task!
Wed Jul 22 14:57:00 CEST 2020 Waiting done, starting task!
Wed Jul 22 14:57:00 CEST 2020 Waiting done, starting task!
Wed Jul 22 14:57:00 CEST 2020 Waiting done, starting task!
3 1
3 0
3 2
3 13
3 15
3 3
3 7
3 12
3 8
3 14
3 11
3 6
3 9
3 10
3 4
3 5
240
240 20
Wed Jul 22 14:57:04 CEST 2020 Waiting for 30 seconds before starting the job to allow the node to settle down
Wed Jul 22 14:57:04 CEST 2020 Waiting for 30 seconds before starting the job to allow the node to settle down
Wed Jul 22 14:57:04 CEST 2020 Waiting for 30 seconds before starting the job to allow the node to settle down
Wed Jul 22 14:57:04 CEST 2020 Waiting for 30 seconds before starting the job to allow the node to settle down
Wed Jul 22 14:57:04 CEST 2020 Waiting for 30 seconds before starting the job to allow the node to settle down
Wed Jul 22 14:57:04 CEST 2020 Waiting for 30 seconds before starting the job to allow the node to settle down
Wed Jul 22 14:57:04 CEST 2020 Waiting for 30 seconds before starting the job to allow the node to settle down
Wed Jul 22 14:57:04 CEST 2020 Waiting for 30 seconds before starting the job to allow the node to settle down
Wed Jul 22 14:57:04 CEST 2020 Waiting for 30 seconds before starting the job to allow the node to settle down
Wed Jul 22 14:57:04 CEST 2020 Waiting for 30 seconds before starting the job to allow the node to settle down
Wed Jul 22 14:57:04 CEST 2020 Waiting for 30 seconds before starting the job to allow the node to settle down
Wed Jul 22 14:57:04 CEST 2020 Waiting for 30 seconds before starting the job to allow the node to settle down
Wed Jul 22 14:57:04 CEST 2020 Waiting for 30 seconds before starting the job to allow the node to settle down
Wed Jul 22 14:57:04 CEST 2020 Waiting for 30 seconds before starting the job to allow the node to settle down
Wed Jul 22 14:57:04 CEST 2020 Waiting for 30 seconds before starting the job to allow the node to settle down
Wed Jul 22 14:57:04 CEST 2020 Waiting for 30 seconds before starting the job to allow the node to settle down
Wed Jul 22 14:57:04 CEST 2020 Waiting for 30 seconds before starting the job to allow the node to settle down
Wed Jul 22 14:57:04 CEST 2020 Waiting for 30 seconds before starting the job to allow the node to settle down
Wed Jul 22 14:57:04 CEST 2020 Waiting for 30 seconds before starting the job to allow the node to settle down
Wed Jul 22 14:57:04 CEST 2020 Waiting for 30 seconds before starting the job to allow the node to settle down
Wed Jul 22 14:57:34 CEST 2020 Waiting done, starting task!
Wed Jul 22 14:57:34 CEST 2020 Waiting done, starting task!
Wed Jul 22 14:57:34 CEST 2020 Waiting done, starting task!
Wed Jul 22 14:57:34 CEST 2020 Waiting done, starting task!
Wed Jul 22 14:57:34 CEST 2020 Waiting done, starting task!
Wed Jul 22 14:57:34 CEST 2020 Waiting done, starting task!
Wed Jul 22 14:57:34 CEST 2020 Waiting done, starting task!
Wed Jul 22 14:57:34 CEST 2020 Waiting done, starting task!
Wed Jul 22 14:57:34 CEST 2020 Waiting done, starting task!
Wed Jul 22 14:57:34 CEST 2020 Waiting done, starting task!
Wed Jul 22 14:57:34 CEST 2020 Waiting done, starting task!
Wed Jul 22 14:57:34 CEST 2020 Waiting done, starting task!
Wed Jul 22 14:57:34 CEST 2020 Waiting done, starting task!
Wed Jul 22 14:57:34 CEST 2020 Waiting done, starting task!
Wed Jul 22 14:57:34 CEST 2020 Waiting done, starting task!
Wed Jul 22 14:57:34 CEST 2020 Waiting done, starting task!
Wed Jul 22 14:57:34 CEST 2020 Waiting done, starting task!
Wed Jul 22 14:57:34 CEST 2020 Waiting done, starting task!
Wed Jul 22 14:57:34 CEST 2020 Waiting done, starting task!
Wed Jul 22 14:57:34 CEST 2020 Waiting done, starting task!
3 2
3 17
3 18
3 0
3 19
3 1
3 16
3 6
3 3
3 13
3 9
3 11
3 4
3 10
3 5
3 7
3 14
3 15
3 12
3 8
240
/hiskp4/gross/bachelorarbeit
