Thu Jun 25 11:28:18 CEST 2020 Waiting for 30 seconds before starting the job to allow the node to settle down
Thu Jun 25 11:28:48 CEST 2020 Waiting done, starting task!
Thu Jun 25 11:28:48 CEST 2020 Waiting for 30 seconds before starting the job to allow the node to settle down
Thu Jun 25 11:29:18 CEST 2020 Waiting done, starting task!
Laenge=500	Temperatur=0.500000
bei 1 cores haben 1000 Messungen 15.164660 Sekunden gebraucht
bei 1 cores haben 1000 Messungen 15.015595 Sekunden gebraucht
bei 1 cores haben 1000 Messungen 15.005041 Sekunden gebraucht
bei 1 cores haben 1000 Messungen 15.008176 Sekunden gebraucht
bei 1 cores haben 1000 Messungen 15.014681 Sekunden gebraucht
bei 2 cores haben 1000 Messungen 17.155807 Sekunden gebraucht
bei 2 cores haben 1000 Messungen 17.154248 Sekunden gebraucht
bei 2 cores haben 1000 Messungen 17.169467 Sekunden gebraucht
bei 2 cores haben 1000 Messungen 17.183940 Sekunden gebraucht
bei 2 cores haben 1000 Messungen 17.243189 Sekunden gebraucht
bei 3 cores haben 1000 Messungen 11.778794 Sekunden gebraucht
bei 3 cores haben 1000 Messungen 11.984600 Sekunden gebraucht
bei 3 cores haben 1000 Messungen 11.879590 Sekunden gebraucht
bei 3 cores haben 1000 Messungen 11.770941 Sekunden gebraucht
bei 3 cores haben 1000 Messungen 11.810138 Sekunden gebraucht
bei 4 cores haben 1000 Messungen 8.970576 Sekunden gebraucht
bei 4 cores haben 1000 Messungen 9.061886 Sekunden gebraucht
bei 4 cores haben 1000 Messungen 9.074311 Sekunden gebraucht
bei 4 cores haben 1000 Messungen 9.070893 Sekunden gebraucht
bei 4 cores haben 1000 Messungen 8.970580 Sekunden gebraucht
bei 5 cores haben 1000 Messungen 8.337974 Sekunden gebraucht
bei 5 cores haben 1000 Messungen 8.314669 Sekunden gebraucht
bei 5 cores haben 1000 Messungen 8.300506 Sekunden gebraucht
bei 5 cores haben 1000 Messungen 8.329252 Sekunden gebraucht
bei 5 cores haben 1000 Messungen 7.921757 Sekunden gebraucht
bei 6 cores haben 1000 Messungen 6.583077 Sekunden gebraucht
bei 6 cores haben 1000 Messungen 7.202565 Sekunden gebraucht
bei 6 cores haben 1000 Messungen 7.804765 Sekunden gebraucht
bei 6 cores haben 1000 Messungen 7.341569 Sekunden gebraucht
bei 6 cores haben 1000 Messungen 7.539066 Sekunden gebraucht
bei 7 cores haben 1000 Messungen 6.811996 Sekunden gebraucht
bei 7 cores haben 1000 Messungen 6.356666 Sekunden gebraucht
bei 7 cores haben 1000 Messungen 6.119906 Sekunden gebraucht
bei 7 cores haben 1000 Messungen 6.332188 Sekunden gebraucht
bei 7 cores haben 1000 Messungen 5.974751 Sekunden gebraucht
bei 8 cores haben 1000 Messungen 5.794540 Sekunden gebraucht
bei 8 cores haben 1000 Messungen 5.692150 Sekunden gebraucht
bei 8 cores haben 1000 Messungen 5.929294 Sekunden gebraucht
bei 8 cores haben 1000 Messungen 5.562026 Sekunden gebraucht
bei 8 cores haben 1000 Messungen 5.531444 Sekunden gebraucht
bei 9 cores haben 1000 Messungen 5.168490 Sekunden gebraucht
bei 9 cores haben 1000 Messungen 5.073532 Sekunden gebraucht
bei 9 cores haben 1000 Messungen 5.090795 Sekunden gebraucht
bei 9 cores haben 1000 Messungen 4.984386 Sekunden gebraucht
bei 9 cores haben 1000 Messungen 5.184056 Sekunden gebraucht
bei 10 cores haben 1000 Messungen 4.996959 Sekunden gebraucht
bei 10 cores haben 1000 Messungen 4.723004 Sekunden gebraucht
bei 10 cores haben 1000 Messungen 4.967405 Sekunden gebraucht
bei 10 cores haben 1000 Messungen 5.044151 Sekunden gebraucht
bei 10 cores haben 1000 Messungen 4.919859 Sekunden gebraucht
bei 11 cores haben 1000 Messungen 4.910718 Sekunden gebraucht
bei 11 cores haben 1000 Messungen 4.624261 Sekunden gebraucht
bei 11 cores haben 1000 Messungen 4.433231 Sekunden gebraucht
bei 11 cores haben 1000 Messungen 4.680801 Sekunden gebraucht
bei 11 cores haben 1000 Messungen 4.619636 Sekunden gebraucht
bei 12 cores haben 1000 Messungen 4.712112 Sekunden gebraucht
bei 12 cores haben 1000 Messungen 4.392277 Sekunden gebraucht
bei 12 cores haben 1000 Messungen 4.362858 Sekunden gebraucht
bei 12 cores haben 1000 Messungen 4.327612 Sekunden gebraucht
bei 12 cores haben 1000 Messungen 4.420072 Sekunden gebraucht
/hiskp4/gross/bachelorarbeit
