Tue Jun 23 11:08:40 CEST 2020 Waiting for 30 seconds before starting the job to allow the node to settle down
Tue Jun 23 11:09:10 CEST 2020 Waiting done, starting task!
Tue Jun 23 11:09:10 CEST 2020 Waiting for 30 seconds before starting the job to allow the node to settle down
Tue Jun 23 11:09:40 CEST 2020 Waiting done, starting task!
Nicht genug Argumente!
Laenge=12	Temperatur=0.500000
bei 1 cores haben 1000 Messungen 0.012487 Sekunden gebraucht
bei 1 cores haben 1000 Messungen 0.012425 Sekunden gebraucht
bei 1 cores haben 1000 Messungen 0.012320 Sekunden gebraucht
bei 1 cores haben 1000 Messungen 0.012397 Sekunden gebraucht
bei 1 cores haben 1000 Messungen 0.012321 Sekunden gebraucht
bei 2 cores haben 1000 Messungen 0.015780 Sekunden gebraucht
bei 2 cores haben 1000 Messungen 0.011977 Sekunden gebraucht
bei 2 cores haben 1000 Messungen 0.011060 Sekunden gebraucht
bei 2 cores haben 1000 Messungen 0.010474 Sekunden gebraucht
bei 2 cores haben 1000 Messungen 0.021357 Sekunden gebraucht
bei 3 cores haben 1000 Messungen 0.013384 Sekunden gebraucht
bei 3 cores haben 1000 Messungen 0.013024 Sekunden gebraucht
bei 3 cores haben 1000 Messungen 0.012815 Sekunden gebraucht
bei 3 cores haben 1000 Messungen 0.012673 Sekunden gebraucht
bei 3 cores haben 1000 Messungen 0.012205 Sekunden gebraucht
bei 4 cores haben 1000 Messungen 0.013659 Sekunden gebraucht
bei 4 cores haben 1000 Messungen 0.013011 Sekunden gebraucht
bei 4 cores haben 1000 Messungen 0.012924 Sekunden gebraucht
bei 4 cores haben 1000 Messungen 0.013210 Sekunden gebraucht
bei 4 cores haben 1000 Messungen 0.013277 Sekunden gebraucht
bei 5 cores haben 1000 Messungen 0.012284 Sekunden gebraucht
bei 5 cores haben 1000 Messungen 0.012123 Sekunden gebraucht
bei 5 cores haben 1000 Messungen 0.012110 Sekunden gebraucht
bei 5 cores haben 1000 Messungen 0.012134 Sekunden gebraucht
bei 5 cores haben 1000 Messungen 0.012102 Sekunden gebraucht
bei 6 cores haben 1000 Messungen 0.014717 Sekunden gebraucht
bei 6 cores haben 1000 Messungen 0.014902 Sekunden gebraucht
bei 6 cores haben 1000 Messungen 0.014700 Sekunden gebraucht
bei 6 cores haben 1000 Messungen 0.014863 Sekunden gebraucht
bei 6 cores haben 1000 Messungen 0.014917 Sekunden gebraucht
bei 7 cores haben 1000 Messungen 0.014825 Sekunden gebraucht
bei 7 cores haben 1000 Messungen 0.014087 Sekunden gebraucht
bei 7 cores haben 1000 Messungen 0.014581 Sekunden gebraucht
bei 7 cores haben 1000 Messungen 0.014215 Sekunden gebraucht
bei 7 cores haben 1000 Messungen 0.014397 Sekunden gebraucht
bei 8 cores haben 1000 Messungen 0.016996 Sekunden gebraucht
bei 8 cores haben 1000 Messungen 0.016629 Sekunden gebraucht
bei 8 cores haben 1000 Messungen 0.016660 Sekunden gebraucht
bei 8 cores haben 1000 Messungen 0.015669 Sekunden gebraucht
bei 8 cores haben 1000 Messungen 0.015269 Sekunden gebraucht
bei 9 cores haben 1000 Messungen 0.014121 Sekunden gebraucht
bei 9 cores haben 1000 Messungen 0.013927 Sekunden gebraucht
bei 9 cores haben 1000 Messungen 0.013449 Sekunden gebraucht
bei 9 cores haben 1000 Messungen 0.013686 Sekunden gebraucht
bei 9 cores haben 1000 Messungen 0.013400 Sekunden gebraucht
bei 10 cores haben 1000 Messungen 0.018828 Sekunden gebraucht
bei 10 cores haben 1000 Messungen 0.018654 Sekunden gebraucht
bei 10 cores haben 1000 Messungen 0.018733 Sekunden gebraucht
bei 10 cores haben 1000 Messungen 0.018465 Sekunden gebraucht
bei 10 cores haben 1000 Messungen 0.018771 Sekunden gebraucht
bei 11 cores haben 1000 Messungen 0.017110 Sekunden gebraucht
bei 11 cores haben 1000 Messungen 0.016923 Sekunden gebraucht
bei 11 cores haben 1000 Messungen 0.017130 Sekunden gebraucht
bei 11 cores haben 1000 Messungen 0.016897 Sekunden gebraucht
bei 11 cores haben 1000 Messungen 0.016819 Sekunden gebraucht
bei 12 cores haben 1000 Messungen 0.022933 Sekunden gebraucht
bei 12 cores haben 1000 Messungen 0.021592 Sekunden gebraucht
bei 12 cores haben 1000 Messungen 0.021687 Sekunden gebraucht
bei 12 cores haben 1000 Messungen 0.021525 Sekunden gebraucht
bei 12 cores haben 1000 Messungen 0.021570 Sekunden gebraucht
/hiskp4/gross/bachelorarbeit
