Wed Jul 22 14:44:37 CEST 2020 Waiting for 30 seconds before starting the job to allow the node to settle down
Wed Jul 22 14:45:07 CEST 2020 Waiting done, starting task!
12 1
Wed Jul 22 14:45:07 CEST 2020 Waiting for 30 seconds before starting the job to allow the node to settle down
Wed Jul 22 14:45:37 CEST 2020 Waiting done, starting task!
3 0
12
12 2
Wed Jul 22 14:45:39 CEST 2020 Waiting for 30 seconds before starting the job to allow the node to settle down
Wed Jul 22 14:45:39 CEST 2020 Waiting for 30 seconds before starting the job to allow the node to settle down
Wed Jul 22 14:46:09 CEST 2020 Waiting done, starting task!
Wed Jul 22 14:46:09 CEST 2020 Waiting done, starting task!
3 0
3 1
12
12 3
Wed Jul 22 14:46:10 CEST 2020 Waiting for 30 seconds before starting the job to allow the node to settle down
Wed Jul 22 14:46:10 CEST 2020 Waiting for 30 seconds before starting the job to allow the node to settle down
Wed Jul 22 14:46:10 CEST 2020 Waiting for 30 seconds before starting the job to allow the node to settle down
Wed Jul 22 14:46:40 CEST 2020 Waiting done, starting task!
Wed Jul 22 14:46:40 CEST 2020 Waiting done, starting task!
Wed Jul 22 14:46:40 CEST 2020 Waiting done, starting task!
3 0
3 1
3 2
12
12 4
Wed Jul 22 14:46:42 CEST 2020 Waiting for 30 seconds before starting the job to allow the node to settle down
Wed Jul 22 14:46:42 CEST 2020 Waiting for 30 seconds before starting the job to allow the node to settle down
Wed Jul 22 14:46:42 CEST 2020 Waiting for 30 seconds before starting the job to allow the node to settle down
Wed Jul 22 14:46:42 CEST 2020 Waiting for 30 seconds before starting the job to allow the node to settle down
Wed Jul 22 14:47:12 CEST 2020 Waiting done, starting task!
Wed Jul 22 14:47:12 CEST 2020 Waiting done, starting task!
Wed Jul 22 14:47:12 CEST 2020 Waiting done, starting task!
Wed Jul 22 14:47:12 CEST 2020 Waiting done, starting task!
3 3
3 0
3 1
3 2
12
12 6
Wed Jul 22 14:47:13 CEST 2020 Waiting for 30 seconds before starting the job to allow the node to settle down
Wed Jul 22 14:47:13 CEST 2020 Waiting for 30 seconds before starting the job to allow the node to settle down
Wed Jul 22 14:47:13 CEST 2020 Waiting for 30 seconds before starting the job to allow the node to settle down
Wed Jul 22 14:47:13 CEST 2020 Waiting for 30 seconds before starting the job to allow the node to settle down
Wed Jul 22 14:47:13 CEST 2020 Waiting for 30 seconds before starting the job to allow the node to settle down
Wed Jul 22 14:47:14 CEST 2020 Waiting for 30 seconds before starting the job to allow the node to settle down
Wed Jul 22 14:47:43 CEST 2020 Waiting done, starting task!
Wed Jul 22 14:47:43 CEST 2020 Waiting done, starting task!
Wed Jul 22 14:47:43 CEST 2020 Waiting done, starting task!
Wed Jul 22 14:47:43 CEST 2020 Waiting done, starting task!
Wed Jul 22 14:47:43 CEST 2020 Waiting done, starting task!
Wed Jul 22 14:47:44 CEST 2020 Waiting done, starting task!
3 2
3 3
3 0
3 1
3 4
3 5
12
/hiskp4/gross/bachelorarbeit
