Wed Jun 24 18:33:45 CEST 2020 Waiting for 30 seconds before starting the job to allow the node to settle down
Wed Jun 24 18:34:15 CEST 2020 Waiting done, starting task!
Wed Jun 24 18:34:15 CEST 2020 Waiting for 30 seconds before starting the job to allow the node to settle down
Wed Jun 24 18:34:45 CEST 2020 Waiting done, starting task!
Laenge=500	Temperatur=0.500000
bei 1 cores haben 1000 Messungen 15.292713 Sekunden gebraucht
bei 1 cores haben 1000 Messungen 15.054294 Sekunden gebraucht
bei 1 cores haben 1000 Messungen 15.047429 Sekunden gebraucht
bei 1 cores haben 1000 Messungen 15.284791 Sekunden gebraucht
bei 1 cores haben 1000 Messungen 15.670318 Sekunden gebraucht
bei 2 cores haben 1000 Messungen 15.996168 Sekunden gebraucht
bei 2 cores haben 1000 Messungen 16.094570 Sekunden gebraucht
bei 2 cores haben 1000 Messungen 15.888883 Sekunden gebraucht
bei 2 cores haben 1000 Messungen 16.029244 Sekunden gebraucht
bei 2 cores haben 1000 Messungen 16.058216 Sekunden gebraucht
bei 3 cores haben 1000 Messungen 11.125626 Sekunden gebraucht
bei 3 cores haben 1000 Messungen 10.990621 Sekunden gebraucht
bei 3 cores haben 1000 Messungen 10.984952 Sekunden gebraucht
bei 3 cores haben 1000 Messungen 11.066224 Sekunden gebraucht
bei 3 cores haben 1000 Messungen 11.005336 Sekunden gebraucht
bei 4 cores haben 1000 Messungen 9.070557 Sekunden gebraucht
bei 4 cores haben 1000 Messungen 8.869251 Sekunden gebraucht
bei 4 cores haben 1000 Messungen 9.187597 Sekunden gebraucht
bei 4 cores haben 1000 Messungen 9.120977 Sekunden gebraucht
bei 4 cores haben 1000 Messungen 9.351726 Sekunden gebraucht
bei 5 cores haben 1000 Messungen 8.259351 Sekunden gebraucht
bei 5 cores haben 1000 Messungen 8.316109 Sekunden gebraucht
bei 5 cores haben 1000 Messungen 8.317381 Sekunden gebraucht
bei 5 cores haben 1000 Messungen 8.314068 Sekunden gebraucht
bei 5 cores haben 1000 Messungen 8.324288 Sekunden gebraucht
bei 6 cores haben 1000 Messungen 7.014342 Sekunden gebraucht
bei 6 cores haben 1000 Messungen 7.542291 Sekunden gebraucht
bei 6 cores haben 1000 Messungen 7.576251 Sekunden gebraucht
bei 6 cores haben 1000 Messungen 7.717410 Sekunden gebraucht
bei 6 cores haben 1000 Messungen 7.124332 Sekunden gebraucht
bei 7 cores haben 1000 Messungen 6.529043 Sekunden gebraucht
bei 7 cores haben 1000 Messungen 6.933224 Sekunden gebraucht
bei 7 cores haben 1000 Messungen 6.454905 Sekunden gebraucht
bei 7 cores haben 1000 Messungen 5.545712 Sekunden gebraucht
bei 7 cores haben 1000 Messungen 6.038969 Sekunden gebraucht
bei 8 cores haben 1000 Messungen 5.409667 Sekunden gebraucht
bei 8 cores haben 1000 Messungen 5.618943 Sekunden gebraucht
bei 8 cores haben 1000 Messungen 5.517138 Sekunden gebraucht
bei 8 cores haben 1000 Messungen 5.646647 Sekunden gebraucht
bei 8 cores haben 1000 Messungen 5.568022 Sekunden gebraucht
bei 9 cores haben 1000 Messungen 5.041400 Sekunden gebraucht
bei 9 cores haben 1000 Messungen 5.587170 Sekunden gebraucht
bei 9 cores haben 1000 Messungen 5.514988 Sekunden gebraucht
bei 9 cores haben 1000 Messungen 5.119460 Sekunden gebraucht
bei 9 cores haben 1000 Messungen 5.062628 Sekunden gebraucht
bei 10 cores haben 1000 Messungen 5.072392 Sekunden gebraucht
bei 10 cores haben 1000 Messungen 5.221818 Sekunden gebraucht
bei 10 cores haben 1000 Messungen 5.173107 Sekunden gebraucht
bei 10 cores haben 1000 Messungen 4.711506 Sekunden gebraucht
bei 10 cores haben 1000 Messungen 4.614164 Sekunden gebraucht
bei 11 cores haben 1000 Messungen 4.346572 Sekunden gebraucht
bei 11 cores haben 1000 Messungen 4.816892 Sekunden gebraucht
bei 11 cores haben 1000 Messungen 4.578161 Sekunden gebraucht
bei 11 cores haben 1000 Messungen 4.298288 Sekunden gebraucht
bei 11 cores haben 1000 Messungen 4.497364 Sekunden gebraucht
bei 12 cores haben 1000 Messungen 4.140332 Sekunden gebraucht
bei 12 cores haben 1000 Messungen 4.136378 Sekunden gebraucht
bei 12 cores haben 1000 Messungen 4.150595 Sekunden gebraucht
bei 12 cores haben 1000 Messungen 4.095580 Sekunden gebraucht
bei 12 cores haben 1000 Messungen 3.866385 Sekunden gebraucht
/hiskp4/gross/bachelorarbeit
