Sun Jul 26 18:51:26 CEST 2020 Waiting for 30 seconds before starting the job to allow the node to settle down
Sun Jul 26 18:51:56 CEST 2020 Waiting done, starting task!
Sun Jul 26 18:51:56 CEST 2020 Waiting for 30 seconds before starting the job to allow the node to settle down
Sun Jul 26 18:51:56 CEST 2020 Waiting for 30 seconds before starting the job to allow the node to settle down
Sun Jul 26 18:51:56 CEST 2020 Waiting for 30 seconds before starting the job to allow the node to settle down
Sun Jul 26 18:51:56 CEST 2020 Waiting for 30 seconds before starting the job to allow the node to settle down
Sun Jul 26 18:52:26 CEST 2020 Waiting done, starting task!
Sun Jul 26 18:52:26 CEST 2020 Waiting done, starting task!
Sun Jul 26 18:52:26 CEST 2020 Waiting done, starting task!
Sun Jul 26 18:52:26 CEST 2020 Waiting done, starting task!
0	5000	1.000000	0.000000
1	5000	1.000000	0.000000
2	5000	1.000000	0.000000
3	5000	1.000000	0.000000
4	5000	1.000000	0.000000
5	5000	0.999998	0.000059
6	5000	0.999993	0.000123
7	5000	0.999956	0.000290
8	5000	0.999819	0.000607
9	5000	0.999538	0.000978
10	5000	0.998915	0.001519
11	5000	0.997839	0.002206
12	5000	0.995996	0.003099
13	5000	0.993334	0.004135
14	5000	0.989130	0.005529
15	5000	0.983451	0.007170
16	5000	0.975201	0.009671
17	5000	0.964082	0.012354
18	5000	0.948635	0.015862
19	5000	0.926768	0.022085
20	5000	0.911886	0.026318
21	10000	0.908336	0.029070
22	10000	0.907502	0.028097
23	10000	0.902419	0.031190
24	10000	0.899176	0.031978
25	10000	0.897428	0.033582
26	10000	0.893130	0.033290
27	10000	0.888828	0.034861
28	10000	0.886503	0.037556
29	10000	0.882000	0.040403
30	10000	0.878993	0.039546
31	10000	0.875419	0.039915
32	10000	0.869554	0.049166
33	10000	0.866064	0.044459
34	10000	0.860579	0.048891
35	10000	0.854751	0.063274
36	10000	0.846781	0.057392
37	10000	0.850505	0.048649
38	10000	0.841006	0.054847
39	10000	0.833274	0.059484
40	10000	0.834720	0.053767
41	10000	0.825897	0.061101
42	10000	0.812900	0.067176
43	10000	0.800526	0.079988
44	10000	0.806882	0.065963
45	10000	0.773836	0.116836
46	10000	0.782643	0.084968
47	10000	0.752355	0.132252
48	10000	0.710286	0.174703
49	10000	0.737445	0.139496
50	10000	0.746755	0.110881
51	10000	0.747276	0.107335
52	10000	0.719688	0.140048
53	10000	0.752556	0.100345
54	10000	0.722486	0.136628
55	10000	0.715857	0.149136
56	10000	0.732035	0.109913
57	10000	0.749946	0.098316
58	10000	0.728994	0.128279
59	10000	0.678225	0.179947
60	10000	0.703016	0.146305
61	10000	0.694475	0.156857
62	20000	0.696133	0.161038
63	20000	0.713246	0.126831
64	20000	0.684447	0.155269
65	20000	0.699382	0.132300
66	20000	0.701746	0.142836
67	20000	0.681171	0.152197
68	20000	0.679679	0.148781
69	20000	0.671866	0.159508
70	20000	0.648001	0.181617
71	20000	0.676093	0.143885
72	20000	0.640103	0.183141
73	20000	0.626963	0.190377
74	20000	0.643141	0.180247
75	20000	0.612300	0.195938
76	20000	0.621279	0.199791
77	20000	0.612569	0.195294
78	20000	0.604914	0.202775
79	20000	0.588767	0.210856
80	20000	0.626851	0.180400
81	20000	0.583565	0.197310
82	20000	0.593286	0.199476
83	20000	0.554825	0.221245
84	20000	0.580521	0.195760
85	20000	0.580217	0.195543
86	20000	0.577337	0.198941
87	20000	0.574174	0.206922
88	20000	0.555556	0.198628
89	20000	0.575927	0.187310
90	20000	0.531609	0.217590
91	20000	0.529593	0.216973
92	20000	0.541156	0.195194
93	20000	0.574229	0.178645
94	20000	0.507713	0.215613
95	20000	0.519483	0.207581
96	20000	0.496371	0.229910
97	20000	0.490954	0.226321
98	20000	0.455160	0.230044
99	20000	0.502963	0.217930
100	20000	0.483054	0.218629
101	20000	0.472212	0.221663
102	20000	0.476917	0.211969
103	20000	0.475730	0.217228
104	20000	0.462106	0.219387
105	20000	0.452861	0.221742
106	20000	0.481270	0.208633
107	20000	0.438363	0.215851
108	20000	0.453313	0.222575
109	20000	0.420646	0.211946
110	20000	0.395366	0.217615
111	20000	0.429233	0.210639
112	20000	0.385375	0.224902
113	20000	0.406057	0.217895
114	20000	0.408899	0.206212
115	20000	0.413800	0.223482
116	20000	0.414787	0.202031
117	20000	0.377322	0.214111
118	20000	0.393447	0.213641
119	20000	0.420796	0.211089
120	20000	0.404304	0.206116
121	20000	0.365456	0.206698
122	20000	0.361484	0.197877
123	20000	0.379012	0.209000
124	20000	0.372890	0.208608
125	20000	0.373289	0.208906
126	20000	0.342624	0.199532
127	20000	0.337292	0.210841
128	20000	0.345013	0.200265
129	20000	0.339717	0.204467
130	20000	0.325292	0.200825
131	20000	0.334634	0.199318
132	20000	0.340942	0.205732
133	20000	0.323064	0.197617
134	20000	0.320889	0.195416
135	20000	0.315277	0.192578
136	10000	0.315871	0.192686
137	10000	0.296508	0.187098
138	10000	0.300382	0.185073
139	10000	0.281617	0.185513
140	10000	0.285229	0.180812
141	10000	0.249061	0.167000
142	10000	0.257346	0.164777
143	10000	0.245733	0.162121
144	10000	0.231558	0.159043
145	10000	0.223934	0.156123
146	10000	0.218329	0.151483
147	10000	0.214757	0.144395
148	10000	0.216334	0.146933
149	10000	0.202037	0.142284
0	5000	1	5000	2	5000	3	5000	4	5000	5	5000	6	5000	7	5000	8	5000	9	5000	10	5000	11	5000	12	5000	13	5000	14	5000	15	5000	16	5000	17	5000	18	5000	19	5000	20	5000	21	10000	22	10000	23	10000	24	10000	25	10000	26	10000	27	10000	28	10000	29	10000	30	10000	31	10000	32	10000	33	10000	34	10000	35	10000	36	10000	37	10000	38	10000	39	10000	40	10000	41	10000	42	10000	43	10000	44	10000	45	10000	46	10000	47	10000	48	10000	49	10000	50	10000	51	10000	52	10000	53	10000	54	10000	55	10000	56	10000	57	10000	58	10000	59	10000	60	10000	61	10000	62	20000	63	20000	64	20000	65	20000	66	20000	67	20000	68	20000	69	20000	70	20000	71	20000	72	20000	73	20000	74	20000	75	20000	76	20000	77	20000	78	20000	79	20000	80	20000	81	20000	82	20000	83	20000	84	20000	85	20000	86	20000	87	20000	88	20000	89	20000	90	20000	91	20000	92	20000	93	20000	94	20000	95	20000	96	20000	97	20000	98	20000	99	20000	100	20000	101	20000	102	20000	103	20000	104	20000	105	20000	106	20000	107	20000	108	20000	109	20000	110	20000	111	20000	112	20000	113	20000	114	20000	115	20000	116	20000	117	20000	118	20000	119	20000	120	20000	121	20000	122	20000	123	20000	124	20000	125	20000	126	20000	127	20000	128	20000	129	20000	130	20000	131	20000	132	20000	133	20000	134	20000	135	20000	136	10000	137	10000	138	10000	139	10000	140	10000	141	10000	142	10000	143	10000	144	10000	145	10000	146	10000	147	10000	148	10000	149	10000	150	10000	151	10000	152	10000	153	10000	154	10000	155	10000	156	10000	157	10000	158	10000	159	10000	160	10000	161	10000	162	10000	163	10000	164	10000	165	10000	166	10000	167	10000	168	10000	169	10000	170	10000	171	10000	172	10000	173	10000	174	10000	175	10000	176	10000	177	10000	178	10000	179	10000	180	10000	181	10000	182	10000	183	10000	184	10000	185	10000	186	10000	187	10000	188	10000	189	5000	190	5000	191	5000	192	5000	193	5000	194	5000	195	5000	196	5000	197	5000	198	5000	199	5000	200	5000	201	5000	202	5000	203	5000	204	5000	205	5000	206	5000	207	5000	208	5000	209	5000	
0	5000	1	5000	2	5000	3	5000	4	5000	5	5000	6	5000	7	5000	8	5000	9	5000	10	5000	11	5000	12	5000	13	5000	14	5000	15	5000	16	5000	17	5000	18	5000	19	5000	20	5000	21	10000	22	10000	23	10000	24	10000	25	10000	26	10000	27	10000	28	10000	29	10000	30	10000	31	10000	32	10000	33	10000	34	10000	35	10000	36	10000	37	10000	38	10000	39	10000	40	10000	41	10000	42	10000	43	10000	44	10000	45	10000	46	10000	47	10000	48	10000	49	10000	50	10000	51	10000	52	10000	53	10000	54	10000	55	10000	56	10000	57	10000	58	10000	59	10000	60	10000	61	10000	62	20000	63	20000	64	20000	65	20000	66	20000	67	20000	68	20000	69	20000	70	20000	71	20000	72	20000	73	20000	74	20000	75	20000	76	20000	77	20000	78	20000	79	20000	80	20000	81	20000	82	20000	83	20000	84	20000	85	20000	86	20000	87	20000	88	20000	89	20000	90	20000	91	20000	92	20000	93	20000	94	20000	95	20000	96	20000	97	20000	98	20000	99	20000	100	20000	101	20000	102	20000	103	20000	104	20000	105	20000	106	20000	107	20000	108	20000	109	20000	110	20000	111	20000	112	20000	113	20000	114	20000	115	20000	116	20000	117	20000	118	20000	119	20000	120	20000	121	20000	122	20000	123	20000	124	20000	125	20000	126	20000	127	20000	128	20000	129	20000	130	20000	131	20000	132	20000	133	20000	134	20000	135	20000	136	10000	137	10000	138	10000	139	10000	140	10000	141	10000	142	10000	143	10000	144	10000	145	10000	146	10000	147	10000	148	10000	149	10000	150	10000	151	10000	152	10000	153	10000	154	10000	155	10000	156	10000	157	10000	158	10000	159	10000	160	10000	161	10000	162	10000	163	10000	164	10000	165	10000	166	10000	167	10000	168	10000	169	10000	170	10000	171	10000	172	10000	173	10000	174	10000	175	10000	176	10000	177	10000	178	10000	179	10000	180	10000	181	10000	182	10000	183	10000	184	10000	185	10000	186	10000	187	10000	188	10000	189	5000	190	5000	191	5000	192	5000	193	5000	194	5000	195	5000	196	5000	197	5000	198	5000	199	5000	200	5000	201	5000	202	5000	203	5000	204	5000	205	5000	206	5000	207	5000	208	5000	209	5000	
0	5000	1	5000	2	5000	3	5000	4	5000	5	5000	6	5000	7	5000	8	5000	9	5000	10	5000	11	5000	12	5000	13	5000	14	5000	15	5000	16	5000	17	5000	18	5000	19	5000	20	5000	21	10000	22	10000	23	10000	24	10000	25	10000	26	10000	27	10000	28	10000	29	10000	30	10000	31	10000	32	10000	33	10000	34	10000	35	10000	36	10000	37	10000	38	10000	39	10000	40	10000	41	10000	42	10000	43	10000	44	10000	45	10000	46	10000	47	10000	48	10000	49	10000	50	10000	51	10000	52	10000	53	10000	54	10000	55	10000	56	10000	57	10000	58	10000	59	10000	60	10000	61	10000	62	20000	63	20000	64	20000	65	20000	66	20000	67	20000	68	20000	69	20000	70	20000	71	20000	72	20000	73	20000	74	20000	75	20000	76	20000	77	20000	78	20000	79	20000	80	20000	81	20000	82	20000	83	20000	84	20000	85	20000	86	20000	87	20000	88	20000	89	20000	90	20000	91	20000	92	20000	93	20000	94	20000	95	20000	96	20000	97	20000	98	20000	99	20000	100	20000	101	20000	102	20000	103	20000	104	20000	105	20000	106	20000	107	20000	108	20000	109	20000	110	20000	111	20000	112	20000	113	20000	114	20000	115	20000	116	20000	117	20000	118	20000	119	20000	120	20000	121	20000	122	20000	123	20000	124	20000	125	20000	126	20000	127	20000	128	20000	129	20000	130	20000	131	20000	132	20000	133	20000	134	20000	135	20000	136	10000	137	10000	138	10000	139	10000	140	10000	141	10000	142	10000	143	10000	144	10000	145	10000	146	10000	147	10000	148	10000	149	10000	150	10000	151	10000	152	10000	153	10000	154	10000	155	10000	156	10000	157	10000	158	10000	159	10000	160	10000	161	10000	162	10000	163	10000	164	10000	165	10000	166	10000	167	10000	168	10000	169	10000	170	10000	171	10000	172	10000	173	10000	174	10000	175	10000	176	10000	177	10000	178	10000	179	10000	180	10000	181	10000	182	10000	183	10000	184	10000	185	10000	186	10000	187	10000	188	10000	189	5000	190	5000	191	5000	192	5000	193	5000	194	5000	195	5000	196	5000	197	5000	198	5000	199	5000	200	5000	201	5000	202	5000	203	5000	204	5000	205	5000	206	5000	207	5000	208	5000	209	5000	
150	10000	0.179945	0.131637
151	10000	0.178823	0.129983
152	10000	0.179794	0.127604
153	10000	0.182353	0.132161
154	10000	0.175193	0.124377
155	10000	0.179613	0.129638
156	10000	0.169247	0.118030
157	10000	0.159163	0.113833
158	10000	0.159179	0.113760
159	10000	0.155464	0.110679
160	10000	0.154411	0.111234
161	10000	0.153621	0.109402
162	10000	0.146659	0.106788
163	10000	0.141670	0.103511
164	10000	0.139081	0.104353
165	10000	0.142963	0.104040
166	10000	0.141525	0.104156
167	10000	0.142452	0.103899
168	10000	0.131411	0.096634
169	10000	0.132060	0.098682
170	10000	0.131434	0.095472
171	10000	0.125320	0.093429
172	10000	0.122335	0.091497
173	10000	0.124034	0.090875
174	10000	0.129721	0.094656
175	10000	0.119818	0.090643
176	10000	0.120481	0.087307
177	10000	0.115651	0.086540
178	10000	0.121170	0.089104
179	10000	0.115821	0.086411
180	10000	0.113624	0.084163
181	10000	0.113958	0.083651
182	10000	0.106010	0.079202
183	10000	0.104092	0.077115
184	10000	0.096956	0.072622
185	10000	0.094648	0.071983
186	10000	0.091936	0.069776
187	10000	0.089537	0.066615
188	10000	0.085251	0.065087
189	5000	0.081921	0.061143
190	5000	0.083012	0.061965
191	5000	0.079397	0.060227
192	5000	0.078548	0.058536
193	5000	0.076673	0.057690
194	5000	0.073796	0.055330
195	5000	0.071506	0.054522
196	5000	0.071064	0.053812
197	5000	0.069118	0.052195
198	5000	0.069447	0.051835
199	5000	0.066651	0.050333
200	5000	0.064675	0.048468
201	5000	0.064537	0.048214
202	5000	0.063896	0.048353
203	5000	0.062888	0.047318
204	5000	0.062822	0.047053
205	5000	0.060005	0.044993
206	5000	0.060066	0.045231
207	5000	0.058998	0.044535
208	5000	0.058382	0.043877
209	5000	0.058529	0.043532

/hiskp4/gross/bachelorarbeit
