Thu Jun 25 20:02:35 CEST 2020 Waiting for 30 seconds before starting the job to allow the node to settle down
Thu Jun 25 20:03:05 CEST 2020 Waiting done, starting task!
Thu Jun 25 20:03:05 CEST 2020 Waiting for 30 seconds before starting the job to allow the node to settle down
Thu Jun 25 20:03:35 CEST 2020 Waiting done, starting task!
Laenge=36	Temperatur=0.500000
Richtige Funktion!
bei 1 cores haben 1000 Messungen 0.104218 Sekunden gebraucht
Richtige Funktion!
bei 1 cores haben 1000 Messungen 0.123418 Sekunden gebraucht
Richtige Funktion!
bei 1 cores haben 1000 Messungen 0.103168 Sekunden gebraucht
Richtige Funktion!
bei 1 cores haben 1000 Messungen 0.103237 Sekunden gebraucht
Richtige Funktion!
bei 1 cores haben 1000 Messungen 0.107479 Sekunden gebraucht
Richtige Funktion!
bei 2 cores haben 1000 Messungen 0.057959 Sekunden gebraucht
Richtige Funktion!
bei 2 cores haben 1000 Messungen 0.076950 Sekunden gebraucht
Richtige Funktion!
bei 2 cores haben 1000 Messungen 0.066252 Sekunden gebraucht
Richtige Funktion!
bei 2 cores haben 1000 Messungen 0.062358 Sekunden gebraucht
Richtige Funktion!
bei 2 cores haben 1000 Messungen 0.060133 Sekunden gebraucht
Richtige Funktion!
bei 3 cores haben 1000 Messungen 0.046793 Sekunden gebraucht
Richtige Funktion!
bei 3 cores haben 1000 Messungen 0.045900 Sekunden gebraucht
Richtige Funktion!
bei 3 cores haben 1000 Messungen 0.046909 Sekunden gebraucht
Richtige Funktion!
bei 3 cores haben 1000 Messungen 0.047663 Sekunden gebraucht
Richtige Funktion!
bei 3 cores haben 1000 Messungen 0.046295 Sekunden gebraucht
Richtige Funktion!
bei 4 cores haben 1000 Messungen 0.037507 Sekunden gebraucht
Richtige Funktion!
bei 4 cores haben 1000 Messungen 0.037394 Sekunden gebraucht
Richtige Funktion!
bei 4 cores haben 1000 Messungen 0.036175 Sekunden gebraucht
Richtige Funktion!
bei 4 cores haben 1000 Messungen 0.033784 Sekunden gebraucht
Richtige Funktion!
bei 4 cores haben 1000 Messungen 0.032161 Sekunden gebraucht
Richtige Funktion!
bei 5 cores haben 1000 Messungen 0.032358 Sekunden gebraucht
Richtige Funktion!
bei 5 cores haben 1000 Messungen 0.047448 Sekunden gebraucht
Richtige Funktion!
bei 5 cores haben 1000 Messungen 0.047876 Sekunden gebraucht
Richtige Funktion!
bei 5 cores haben 1000 Messungen 0.048116 Sekunden gebraucht
Richtige Funktion!
bei 5 cores haben 1000 Messungen 0.033037 Sekunden gebraucht
Richtige Funktion!
bei 6 cores haben 1000 Messungen 0.031778 Sekunden gebraucht
Richtige Funktion!
bei 6 cores haben 1000 Messungen 0.032135 Sekunden gebraucht
Richtige Funktion!
bei 6 cores haben 1000 Messungen 0.031830 Sekunden gebraucht
Richtige Funktion!
bei 6 cores haben 1000 Messungen 0.031437 Sekunden gebraucht
Richtige Funktion!
bei 6 cores haben 1000 Messungen 0.031540 Sekunden gebraucht
Richtige Funktion!
bei 7 cores haben 1000 Messungen 0.042978 Sekunden gebraucht
Richtige Funktion!
bei 7 cores haben 1000 Messungen 0.041296 Sekunden gebraucht
Richtige Funktion!
bei 7 cores haben 1000 Messungen 0.043475 Sekunden gebraucht
Richtige Funktion!
bei 7 cores haben 1000 Messungen 0.039888 Sekunden gebraucht
Richtige Funktion!
bei 7 cores haben 1000 Messungen 0.043343 Sekunden gebraucht
Richtige Funktion!
bei 8 cores haben 1000 Messungen 0.041045 Sekunden gebraucht
Richtige Funktion!
bei 8 cores haben 1000 Messungen 0.044129 Sekunden gebraucht
Richtige Funktion!
bei 8 cores haben 1000 Messungen 0.039997 Sekunden gebraucht
Richtige Funktion!
bei 8 cores haben 1000 Messungen 0.038719 Sekunden gebraucht
Richtige Funktion!
bei 8 cores haben 1000 Messungen 0.036275 Sekunden gebraucht
Richtige Funktion!
bei 9 cores haben 1000 Messungen 0.040355 Sekunden gebraucht
Richtige Funktion!
bei 9 cores haben 1000 Messungen 0.035964 Sekunden gebraucht
Richtige Funktion!
bei 9 cores haben 1000 Messungen 0.040982 Sekunden gebraucht
Richtige Funktion!
bei 9 cores haben 1000 Messungen 0.036197 Sekunden gebraucht
Richtige Funktion!
bei 9 cores haben 1000 Messungen 0.040504 Sekunden gebraucht
Richtige Funktion!
bei 10 cores haben 1000 Messungen 0.035752 Sekunden gebraucht
Richtige Funktion!
bei 10 cores haben 1000 Messungen 0.034680 Sekunden gebraucht
Richtige Funktion!
bei 10 cores haben 1000 Messungen 0.038026 Sekunden gebraucht
Richtige Funktion!
bei 10 cores haben 1000 Messungen 0.038094 Sekunden gebraucht
Richtige Funktion!
bei 10 cores haben 1000 Messungen 0.035373 Sekunden gebraucht
Richtige Funktion!
bei 11 cores haben 1000 Messungen 0.035789 Sekunden gebraucht
Richtige Funktion!
bei 11 cores haben 1000 Messungen 0.035178 Sekunden gebraucht
Richtige Funktion!
bei 11 cores haben 1000 Messungen 0.038569 Sekunden gebraucht
Richtige Funktion!
bei 11 cores haben 1000 Messungen 0.038971 Sekunden gebraucht
Richtige Funktion!
bei 11 cores haben 1000 Messungen 0.038745 Sekunden gebraucht
Richtige Funktion!
bei 12 cores haben 1000 Messungen 0.104018 Sekunden gebraucht
Richtige Funktion!
bei 12 cores haben 1000 Messungen 0.035783 Sekunden gebraucht
Richtige Funktion!
bei 12 cores haben 1000 Messungen 0.035492 Sekunden gebraucht
Richtige Funktion!
bei 12 cores haben 1000 Messungen 0.034376 Sekunden gebraucht
Richtige Funktion!
bei 12 cores haben 1000 Messungen 0.034759 Sekunden gebraucht
/hiskp4/gross/bachelorarbeit
