Thu Jun 25 20:00:35 CEST 2020 Waiting for 30 seconds before starting the job to allow the node to settle down
Thu Jun 25 20:01:05 CEST 2020 Waiting done, starting task!
Thu Jun 25 20:01:05 CEST 2020 Waiting for 30 seconds before starting the job to allow the node to settle down
Thu Jun 25 20:01:35 CEST 2020 Waiting done, starting task!
Laenge=12	Temperatur=0.500000
Richtige Funktion!
bei 1 cores haben 1000 Messungen 0.014917 Sekunden gebraucht
Richtige Funktion!
bei 1 cores haben 1000 Messungen 0.014982 Sekunden gebraucht
Richtige Funktion!
bei 1 cores haben 1000 Messungen 0.014783 Sekunden gebraucht
Richtige Funktion!
bei 1 cores haben 1000 Messungen 0.014797 Sekunden gebraucht
Richtige Funktion!
bei 1 cores haben 1000 Messungen 0.014793 Sekunden gebraucht
Richtige Funktion!
bei 2 cores haben 1000 Messungen 0.011017 Sekunden gebraucht
Richtige Funktion!
bei 2 cores haben 1000 Messungen 0.011005 Sekunden gebraucht
Richtige Funktion!
bei 2 cores haben 1000 Messungen 0.010981 Sekunden gebraucht
Richtige Funktion!
bei 2 cores haben 1000 Messungen 0.010953 Sekunden gebraucht
Richtige Funktion!
bei 2 cores haben 1000 Messungen 0.010893 Sekunden gebraucht
Richtige Funktion!
bei 3 cores haben 1000 Messungen 0.021254 Sekunden gebraucht
Richtige Funktion!
bei 3 cores haben 1000 Messungen 0.020248 Sekunden gebraucht
Richtige Funktion!
bei 3 cores haben 1000 Messungen 0.020031 Sekunden gebraucht
Richtige Funktion!
bei 3 cores haben 1000 Messungen 0.018564 Sekunden gebraucht
Richtige Funktion!
bei 3 cores haben 1000 Messungen 0.017625 Sekunden gebraucht
Richtige Funktion!
bei 4 cores haben 1000 Messungen 0.020335 Sekunden gebraucht
Richtige Funktion!
bei 4 cores haben 1000 Messungen 0.018872 Sekunden gebraucht
Richtige Funktion!
bei 4 cores haben 1000 Messungen 0.018810 Sekunden gebraucht
Richtige Funktion!
bei 4 cores haben 1000 Messungen 0.018265 Sekunden gebraucht
Richtige Funktion!
bei 4 cores haben 1000 Messungen 0.017467 Sekunden gebraucht
Richtige Funktion!
bei 5 cores haben 1000 Messungen 0.016808 Sekunden gebraucht
Richtige Funktion!
bei 5 cores haben 1000 Messungen 0.016663 Sekunden gebraucht
Richtige Funktion!
bei 5 cores haben 1000 Messungen 0.016746 Sekunden gebraucht
Richtige Funktion!
bei 5 cores haben 1000 Messungen 0.016788 Sekunden gebraucht
Richtige Funktion!
bei 5 cores haben 1000 Messungen 0.016724 Sekunden gebraucht
Richtige Funktion!
bei 6 cores haben 1000 Messungen 0.018277 Sekunden gebraucht
Richtige Funktion!
bei 6 cores haben 1000 Messungen 0.018542 Sekunden gebraucht
Richtige Funktion!
bei 6 cores haben 1000 Messungen 0.018065 Sekunden gebraucht
Richtige Funktion!
bei 6 cores haben 1000 Messungen 0.018543 Sekunden gebraucht
Richtige Funktion!
bei 6 cores haben 1000 Messungen 0.018169 Sekunden gebraucht
Richtige Funktion!
bei 7 cores haben 1000 Messungen 0.020394 Sekunden gebraucht
Richtige Funktion!
bei 7 cores haben 1000 Messungen 0.020313 Sekunden gebraucht
Richtige Funktion!
bei 7 cores haben 1000 Messungen 0.020578 Sekunden gebraucht
Richtige Funktion!
bei 7 cores haben 1000 Messungen 0.020364 Sekunden gebraucht
Richtige Funktion!
bei 7 cores haben 1000 Messungen 0.019817 Sekunden gebraucht
Richtige Funktion!
bei 8 cores haben 1000 Messungen 0.016851 Sekunden gebraucht
Richtige Funktion!
bei 8 cores haben 1000 Messungen 0.017333 Sekunden gebraucht
Richtige Funktion!
bei 8 cores haben 1000 Messungen 0.017023 Sekunden gebraucht
Richtige Funktion!
bei 8 cores haben 1000 Messungen 0.017371 Sekunden gebraucht
Richtige Funktion!
bei 8 cores haben 1000 Messungen 0.016978 Sekunden gebraucht
Richtige Funktion!
bei 9 cores haben 1000 Messungen 0.020011 Sekunden gebraucht
Richtige Funktion!
bei 9 cores haben 1000 Messungen 0.019661 Sekunden gebraucht
Richtige Funktion!
bei 9 cores haben 1000 Messungen 0.019939 Sekunden gebraucht
Richtige Funktion!
bei 9 cores haben 1000 Messungen 0.019123 Sekunden gebraucht
Richtige Funktion!
bei 9 cores haben 1000 Messungen 0.019042 Sekunden gebraucht
Richtige Funktion!
bei 10 cores haben 1000 Messungen 0.020229 Sekunden gebraucht
Richtige Funktion!
bei 10 cores haben 1000 Messungen 0.020188 Sekunden gebraucht
Richtige Funktion!
bei 10 cores haben 1000 Messungen 0.020142 Sekunden gebraucht
Richtige Funktion!
bei 10 cores haben 1000 Messungen 0.020099 Sekunden gebraucht
Richtige Funktion!
bei 10 cores haben 1000 Messungen 0.020085 Sekunden gebraucht
Richtige Funktion!
bei 11 cores haben 1000 Messungen 0.031874 Sekunden gebraucht
Richtige Funktion!
bei 11 cores haben 1000 Messungen 0.020649 Sekunden gebraucht
Richtige Funktion!
bei 11 cores haben 1000 Messungen 0.020746 Sekunden gebraucht
Richtige Funktion!
bei 11 cores haben 1000 Messungen 0.020686 Sekunden gebraucht
Richtige Funktion!
bei 11 cores haben 1000 Messungen 0.021224 Sekunden gebraucht
Richtige Funktion!
bei 12 cores haben 1000 Messungen 0.021772 Sekunden gebraucht
Richtige Funktion!
bei 12 cores haben 1000 Messungen 0.021740 Sekunden gebraucht
Richtige Funktion!
bei 12 cores haben 1000 Messungen 0.021710 Sekunden gebraucht
Richtige Funktion!
bei 12 cores haben 1000 Messungen 0.021711 Sekunden gebraucht
Richtige Funktion!
bei 12 cores haben 1000 Messungen 0.021729 Sekunden gebraucht
/hiskp4/gross/bachelorarbeit
