Thu Jun  4 16:38:56 CEST 2020 Waiting for 30 seconds before starting the job to allow the node to settle down
Thu Jun  4 16:39:26 CEST 2020 Waiting done, starting task!
Thu Jun  4 16:39:26 CEST 2020 Waiting for 30 seconds before starting the job to allow the node to settle down
Thu Jun  4 16:39:56 CEST 2020 Waiting done, starting task!
Laenge=6
bei 1 cores haben 1000 Messungen 0.010933 Sekunden gebraucht
bei 1 cores haben 1000 Messungen 0.010056 Sekunden gebraucht
bei 1 cores haben 1000 Messungen 0.009483 Sekunden gebraucht
bei 1 cores haben 1000 Messungen 0.009046 Sekunden gebraucht
bei 1 cores haben 1000 Messungen 0.008644 Sekunden gebraucht
bei 1 cores haben 1000 Messungen 0.008698 Sekunden gebraucht
bei 1 cores haben 1000 Messungen 0.008656 Sekunden gebraucht
bei 1 cores haben 1000 Messungen 0.008621 Sekunden gebraucht
bei 1 cores haben 1000 Messungen 0.008637 Sekunden gebraucht
bei 1 cores haben 1000 Messungen 0.008627 Sekunden gebraucht
bei 2 cores haben 1000 Messungen 0.008512 Sekunden gebraucht
bei 2 cores haben 1000 Messungen 0.008658 Sekunden gebraucht
bei 2 cores haben 1000 Messungen 0.008632 Sekunden gebraucht
bei 2 cores haben 1000 Messungen 0.008626 Sekunden gebraucht
bei 2 cores haben 1000 Messungen 0.008607 Sekunden gebraucht
bei 2 cores haben 1000 Messungen 0.008609 Sekunden gebraucht
bei 2 cores haben 1000 Messungen 0.017277 Sekunden gebraucht
bei 2 cores haben 1000 Messungen 0.008580 Sekunden gebraucht
bei 2 cores haben 1000 Messungen 0.008684 Sekunden gebraucht
bei 2 cores haben 1000 Messungen 0.008618 Sekunden gebraucht
bei 3 cores haben 1000 Messungen 0.017378 Sekunden gebraucht
bei 3 cores haben 1000 Messungen 0.016749 Sekunden gebraucht
bei 3 cores haben 1000 Messungen 0.016512 Sekunden gebraucht
bei 3 cores haben 1000 Messungen 0.016183 Sekunden gebraucht
bei 3 cores haben 1000 Messungen 0.017077 Sekunden gebraucht
bei 3 cores haben 1000 Messungen 0.015546 Sekunden gebraucht
bei 3 cores haben 1000 Messungen 0.015257 Sekunden gebraucht
bei 3 cores haben 1000 Messungen 0.015197 Sekunden gebraucht
bei 3 cores haben 1000 Messungen 0.015439 Sekunden gebraucht
bei 3 cores haben 1000 Messungen 0.015441 Sekunden gebraucht
bei 4 cores haben 1000 Messungen 0.015963 Sekunden gebraucht
bei 4 cores haben 1000 Messungen 0.015726 Sekunden gebraucht
bei 4 cores haben 1000 Messungen 0.015704 Sekunden gebraucht
bei 4 cores haben 1000 Messungen 0.015639 Sekunden gebraucht
bei 4 cores haben 1000 Messungen 0.014901 Sekunden gebraucht
bei 4 cores haben 1000 Messungen 0.014563 Sekunden gebraucht
bei 4 cores haben 1000 Messungen 0.013944 Sekunden gebraucht
bei 4 cores haben 1000 Messungen 0.013861 Sekunden gebraucht
bei 4 cores haben 1000 Messungen 0.013925 Sekunden gebraucht
bei 4 cores haben 1000 Messungen 0.014296 Sekunden gebraucht
bei 5 cores haben 1000 Messungen 0.015226 Sekunden gebraucht
bei 5 cores haben 1000 Messungen 0.016454 Sekunden gebraucht
bei 5 cores haben 1000 Messungen 0.016767 Sekunden gebraucht
bei 5 cores haben 1000 Messungen 0.015414 Sekunden gebraucht
bei 5 cores haben 1000 Messungen 0.014824 Sekunden gebraucht
bei 5 cores haben 1000 Messungen 0.014974 Sekunden gebraucht
bei 5 cores haben 1000 Messungen 0.014685 Sekunden gebraucht
bei 5 cores haben 1000 Messungen 0.014436 Sekunden gebraucht
bei 5 cores haben 1000 Messungen 0.015574 Sekunden gebraucht
bei 5 cores haben 1000 Messungen 0.015659 Sekunden gebraucht
bei 6 cores haben 1000 Messungen 0.015296 Sekunden gebraucht
bei 6 cores haben 1000 Messungen 0.015530 Sekunden gebraucht
bei 6 cores haben 1000 Messungen 0.015280 Sekunden gebraucht
bei 6 cores haben 1000 Messungen 0.015299 Sekunden gebraucht
bei 6 cores haben 1000 Messungen 0.015484 Sekunden gebraucht
bei 6 cores haben 1000 Messungen 0.015292 Sekunden gebraucht
bei 6 cores haben 1000 Messungen 0.015854 Sekunden gebraucht
bei 6 cores haben 1000 Messungen 0.015530 Sekunden gebraucht
bei 6 cores haben 1000 Messungen 0.015403 Sekunden gebraucht
bei 6 cores haben 1000 Messungen 0.015368 Sekunden gebraucht
bei 7 cores haben 1000 Messungen 0.016506 Sekunden gebraucht
bei 7 cores haben 1000 Messungen 0.018167 Sekunden gebraucht
bei 7 cores haben 1000 Messungen 0.018190 Sekunden gebraucht
bei 7 cores haben 1000 Messungen 0.018129 Sekunden gebraucht
bei 7 cores haben 1000 Messungen 0.017292 Sekunden gebraucht
bei 7 cores haben 1000 Messungen 0.018238 Sekunden gebraucht
bei 7 cores haben 1000 Messungen 0.017116 Sekunden gebraucht
bei 7 cores haben 1000 Messungen 0.018865 Sekunden gebraucht
bei 7 cores haben 1000 Messungen 0.019151 Sekunden gebraucht
bei 7 cores haben 1000 Messungen 0.018199 Sekunden gebraucht
bei 8 cores haben 1000 Messungen 0.015859 Sekunden gebraucht
bei 8 cores haben 1000 Messungen 0.015929 Sekunden gebraucht
bei 8 cores haben 1000 Messungen 0.015836 Sekunden gebraucht
bei 8 cores haben 1000 Messungen 0.015564 Sekunden gebraucht
bei 8 cores haben 1000 Messungen 0.015824 Sekunden gebraucht
bei 8 cores haben 1000 Messungen 0.016400 Sekunden gebraucht
bei 8 cores haben 1000 Messungen 0.016580 Sekunden gebraucht
bei 8 cores haben 1000 Messungen 0.016478 Sekunden gebraucht
bei 8 cores haben 1000 Messungen 0.016428 Sekunden gebraucht
bei 8 cores haben 1000 Messungen 0.016943 Sekunden gebraucht
bei 9 cores haben 1000 Messungen 0.020416 Sekunden gebraucht
bei 9 cores haben 1000 Messungen 0.019336 Sekunden gebraucht
bei 9 cores haben 1000 Messungen 0.020543 Sekunden gebraucht
bei 9 cores haben 1000 Messungen 0.021482 Sekunden gebraucht
bei 9 cores haben 1000 Messungen 0.021318 Sekunden gebraucht
bei 9 cores haben 1000 Messungen 0.023443 Sekunden gebraucht
bei 9 cores haben 1000 Messungen 0.021394 Sekunden gebraucht
bei 9 cores haben 1000 Messungen 0.020654 Sekunden gebraucht
bei 9 cores haben 1000 Messungen 0.021029 Sekunden gebraucht
bei 9 cores haben 1000 Messungen 0.021460 Sekunden gebraucht
bei 10 cores haben 1000 Messungen 0.019309 Sekunden gebraucht
bei 10 cores haben 1000 Messungen 0.019284 Sekunden gebraucht
bei 10 cores haben 1000 Messungen 0.020477 Sekunden gebraucht
bei 10 cores haben 1000 Messungen 0.020559 Sekunden gebraucht
bei 10 cores haben 1000 Messungen 0.019895 Sekunden gebraucht
bei 10 cores haben 1000 Messungen 0.019824 Sekunden gebraucht
bei 10 cores haben 1000 Messungen 0.020798 Sekunden gebraucht
bei 10 cores haben 1000 Messungen 0.019827 Sekunden gebraucht
bei 10 cores haben 1000 Messungen 0.020401 Sekunden gebraucht
bei 10 cores haben 1000 Messungen 0.019809 Sekunden gebraucht
bei 11 cores haben 1000 Messungen 0.025493 Sekunden gebraucht
bei 11 cores haben 1000 Messungen 0.025677 Sekunden gebraucht
bei 11 cores haben 1000 Messungen 0.025775 Sekunden gebraucht
bei 11 cores haben 1000 Messungen 0.025590 Sekunden gebraucht
bei 11 cores haben 1000 Messungen 0.025360 Sekunden gebraucht
bei 11 cores haben 1000 Messungen 0.025477 Sekunden gebraucht
bei 11 cores haben 1000 Messungen 0.025658 Sekunden gebraucht
bei 11 cores haben 1000 Messungen 0.025202 Sekunden gebraucht
bei 11 cores haben 1000 Messungen 0.025251 Sekunden gebraucht
bei 11 cores haben 1000 Messungen 0.025569 Sekunden gebraucht
bei 12 cores haben 1000 Messungen 0.029940 Sekunden gebraucht
bei 12 cores haben 1000 Messungen 0.029890 Sekunden gebraucht
bei 12 cores haben 1000 Messungen 0.029928 Sekunden gebraucht
bei 12 cores haben 1000 Messungen 0.029898 Sekunden gebraucht
bei 12 cores haben 1000 Messungen 0.029757 Sekunden gebraucht
bei 12 cores haben 1000 Messungen 0.029843 Sekunden gebraucht
bei 12 cores haben 1000 Messungen 0.030036 Sekunden gebraucht
bei 12 cores haben 1000 Messungen 0.029928 Sekunden gebraucht
bei 12 cores haben 1000 Messungen 0.030010 Sekunden gebraucht
bei 12 cores haben 1000 Messungen 0.029994 Sekunden gebraucht
Laenge=10
bei 1 cores haben 1000 Messungen 0.015479 Sekunden gebraucht
bei 1 cores haben 1000 Messungen 0.015305 Sekunden gebraucht
bei 1 cores haben 1000 Messungen 0.016765 Sekunden gebraucht
bei 1 cores haben 1000 Messungen 0.028261 Sekunden gebraucht
bei 1 cores haben 1000 Messungen 0.024008 Sekunden gebraucht
bei 1 cores haben 1000 Messungen 0.021341 Sekunden gebraucht
bei 1 cores haben 1000 Messungen 0.019381 Sekunden gebraucht
bei 1 cores haben 1000 Messungen 0.017963 Sekunden gebraucht
bei 1 cores haben 1000 Messungen 0.028581 Sekunden gebraucht
bei 1 cores haben 1000 Messungen 0.024433 Sekunden gebraucht
bei 2 cores haben 1000 Messungen 0.016965 Sekunden gebraucht
bei 2 cores haben 1000 Messungen 0.015093 Sekunden gebraucht
bei 2 cores haben 1000 Messungen 0.013426 Sekunden gebraucht
bei 2 cores haben 1000 Messungen 0.030129 Sekunden gebraucht
bei 2 cores haben 1000 Messungen 0.032456 Sekunden gebraucht
bei 2 cores haben 1000 Messungen 0.029573 Sekunden gebraucht
bei 2 cores haben 1000 Messungen 0.027702 Sekunden gebraucht
bei 2 cores haben 1000 Messungen 0.027141 Sekunden gebraucht
bei 2 cores haben 1000 Messungen 0.026063 Sekunden gebraucht
bei 2 cores haben 1000 Messungen 0.025526 Sekunden gebraucht
bei 3 cores haben 1000 Messungen 0.022878 Sekunden gebraucht
bei 3 cores haben 1000 Messungen 0.022729 Sekunden gebraucht
bei 3 cores haben 1000 Messungen 0.023059 Sekunden gebraucht
bei 3 cores haben 1000 Messungen 0.022730 Sekunden gebraucht
bei 3 cores haben 1000 Messungen 0.022673 Sekunden gebraucht
bei 3 cores haben 1000 Messungen 0.022785 Sekunden gebraucht
bei 3 cores haben 1000 Messungen 0.022757 Sekunden gebraucht
bei 3 cores haben 1000 Messungen 0.022739 Sekunden gebraucht
bei 3 cores haben 1000 Messungen 0.022808 Sekunden gebraucht
bei 3 cores haben 1000 Messungen 0.022809 Sekunden gebraucht
bei 4 cores haben 1000 Messungen 0.021802 Sekunden gebraucht
bei 4 cores haben 1000 Messungen 0.021675 Sekunden gebraucht
bei 4 cores haben 1000 Messungen 0.021886 Sekunden gebraucht
bei 4 cores haben 1000 Messungen 0.021617 Sekunden gebraucht
bei 4 cores haben 1000 Messungen 0.021417 Sekunden gebraucht
bei 4 cores haben 1000 Messungen 0.021281 Sekunden gebraucht
bei 4 cores haben 1000 Messungen 0.021923 Sekunden gebraucht
bei 4 cores haben 1000 Messungen 0.021814 Sekunden gebraucht
bei 4 cores haben 1000 Messungen 0.022497 Sekunden gebraucht
bei 4 cores haben 1000 Messungen 0.021371 Sekunden gebraucht
bei 5 cores haben 1000 Messungen 0.020574 Sekunden gebraucht
bei 5 cores haben 1000 Messungen 0.021285 Sekunden gebraucht
bei 5 cores haben 1000 Messungen 0.020110 Sekunden gebraucht
bei 5 cores haben 1000 Messungen 0.019957 Sekunden gebraucht
bei 5 cores haben 1000 Messungen 0.020483 Sekunden gebraucht
bei 5 cores haben 1000 Messungen 0.020385 Sekunden gebraucht
bei 5 cores haben 1000 Messungen 0.020369 Sekunden gebraucht
bei 5 cores haben 1000 Messungen 0.020704 Sekunden gebraucht
bei 5 cores haben 1000 Messungen 0.019961 Sekunden gebraucht
bei 5 cores haben 1000 Messungen 0.020351 Sekunden gebraucht
bei 6 cores haben 1000 Messungen 0.022227 Sekunden gebraucht
bei 6 cores haben 1000 Messungen 0.024309 Sekunden gebraucht
bei 6 cores haben 1000 Messungen 0.024655 Sekunden gebraucht
bei 6 cores haben 1000 Messungen 0.022857 Sekunden gebraucht
bei 6 cores haben 1000 Messungen 0.021976 Sekunden gebraucht
bei 6 cores haben 1000 Messungen 0.022125 Sekunden gebraucht
bei 6 cores haben 1000 Messungen 0.022981 Sekunden gebraucht
bei 6 cores haben 1000 Messungen 0.022338 Sekunden gebraucht
bei 6 cores haben 1000 Messungen 0.022368 Sekunden gebraucht
bei 6 cores haben 1000 Messungen 0.021915 Sekunden gebraucht
bei 7 cores haben 1000 Messungen 0.021706 Sekunden gebraucht
bei 7 cores haben 1000 Messungen 0.021560 Sekunden gebraucht
bei 7 cores haben 1000 Messungen 0.021672 Sekunden gebraucht
bei 7 cores haben 1000 Messungen 0.021520 Sekunden gebraucht
bei 7 cores haben 1000 Messungen 0.021695 Sekunden gebraucht
bei 7 cores haben 1000 Messungen 0.020604 Sekunden gebraucht
bei 7 cores haben 1000 Messungen 0.020649 Sekunden gebraucht
bei 7 cores haben 1000 Messungen 0.020340 Sekunden gebraucht
bei 7 cores haben 1000 Messungen 0.021115 Sekunden gebraucht
bei 7 cores haben 1000 Messungen 0.020877 Sekunden gebraucht
bei 8 cores haben 1000 Messungen 0.024425 Sekunden gebraucht
bei 8 cores haben 1000 Messungen 0.024394 Sekunden gebraucht
bei 8 cores haben 1000 Messungen 0.023322 Sekunden gebraucht
bei 8 cores haben 1000 Messungen 0.023657 Sekunden gebraucht
bei 8 cores haben 1000 Messungen 0.023477 Sekunden gebraucht
bei 8 cores haben 1000 Messungen 0.023406 Sekunden gebraucht
bei 8 cores haben 1000 Messungen 0.024690 Sekunden gebraucht
bei 8 cores haben 1000 Messungen 0.024908 Sekunden gebraucht
bei 8 cores haben 1000 Messungen 0.024555 Sekunden gebraucht
bei 8 cores haben 1000 Messungen 0.024131 Sekunden gebraucht
bei 9 cores haben 1000 Messungen 0.022942 Sekunden gebraucht
bei 9 cores haben 1000 Messungen 0.022752 Sekunden gebraucht
bei 9 cores haben 1000 Messungen 0.022703 Sekunden gebraucht
bei 9 cores haben 1000 Messungen 0.023216 Sekunden gebraucht
bei 9 cores haben 1000 Messungen 0.022959 Sekunden gebraucht
bei 9 cores haben 1000 Messungen 0.023002 Sekunden gebraucht
bei 9 cores haben 1000 Messungen 0.023229 Sekunden gebraucht
bei 9 cores haben 1000 Messungen 0.022988 Sekunden gebraucht
bei 9 cores haben 1000 Messungen 0.023158 Sekunden gebraucht
bei 9 cores haben 1000 Messungen 0.023273 Sekunden gebraucht
bei 10 cores haben 1000 Messungen 0.024872 Sekunden gebraucht
bei 10 cores haben 1000 Messungen 0.025233 Sekunden gebraucht
bei 10 cores haben 1000 Messungen 0.024875 Sekunden gebraucht
bei 10 cores haben 1000 Messungen 0.024499 Sekunden gebraucht
bei 10 cores haben 1000 Messungen 0.024662 Sekunden gebraucht
bei 10 cores haben 1000 Messungen 0.024558 Sekunden gebraucht
bei 10 cores haben 1000 Messungen 0.024645 Sekunden gebraucht
bei 10 cores haben 1000 Messungen 0.025923 Sekunden gebraucht
bei 10 cores haben 1000 Messungen 0.024945 Sekunden gebraucht
bei 10 cores haben 1000 Messungen 0.024629 Sekunden gebraucht
bei 11 cores haben 1000 Messungen 0.028423 Sekunden gebraucht
bei 11 cores haben 1000 Messungen 0.028521 Sekunden gebraucht
bei 11 cores haben 1000 Messungen 0.028163 Sekunden gebraucht
bei 11 cores haben 1000 Messungen 0.028128 Sekunden gebraucht
bei 11 cores haben 1000 Messungen 0.028295 Sekunden gebraucht
bei 11 cores haben 1000 Messungen 0.028180 Sekunden gebraucht
bei 11 cores haben 1000 Messungen 0.027966 Sekunden gebraucht
bei 11 cores haben 1000 Messungen 0.028362 Sekunden gebraucht
bei 11 cores haben 1000 Messungen 0.028465 Sekunden gebraucht
bei 11 cores haben 1000 Messungen 0.028626 Sekunden gebraucht
bei 12 cores haben 1000 Messungen 0.024914 Sekunden gebraucht
bei 12 cores haben 1000 Messungen 0.025654 Sekunden gebraucht
bei 12 cores haben 1000 Messungen 0.026120 Sekunden gebraucht
bei 12 cores haben 1000 Messungen 0.025967 Sekunden gebraucht
bei 12 cores haben 1000 Messungen 0.026090 Sekunden gebraucht
bei 12 cores haben 1000 Messungen 0.026135 Sekunden gebraucht
bei 12 cores haben 1000 Messungen 0.026081 Sekunden gebraucht
bei 12 cores haben 1000 Messungen 0.025798 Sekunden gebraucht
bei 12 cores haben 1000 Messungen 0.025405 Sekunden gebraucht
bei 12 cores haben 1000 Messungen 0.025524 Sekunden gebraucht
Laenge=20
bei 1 cores haben 1000 Messungen 0.052428 Sekunden gebraucht
bei 1 cores haben 1000 Messungen 0.051419 Sekunden gebraucht
bei 1 cores haben 1000 Messungen 0.051396 Sekunden gebraucht
bei 1 cores haben 1000 Messungen 0.085470 Sekunden gebraucht
bei 1 cores haben 1000 Messungen 0.062859 Sekunden gebraucht
bei 1 cores haben 1000 Messungen 0.053282 Sekunden gebraucht
bei 1 cores haben 1000 Messungen 0.051360 Sekunden gebraucht
bei 1 cores haben 1000 Messungen 0.051351 Sekunden gebraucht
bei 1 cores haben 1000 Messungen 0.051464 Sekunden gebraucht
bei 1 cores haben 1000 Messungen 0.051302 Sekunden gebraucht
bei 2 cores haben 1000 Messungen 0.062317 Sekunden gebraucht
bei 2 cores haben 1000 Messungen 0.084189 Sekunden gebraucht
bei 2 cores haben 1000 Messungen 0.113617 Sekunden gebraucht
bei 2 cores haben 1000 Messungen 0.102108 Sekunden gebraucht
bei 2 cores haben 1000 Messungen 0.100059 Sekunden gebraucht
bei 2 cores haben 1000 Messungen 0.099817 Sekunden gebraucht
bei 2 cores haben 1000 Messungen 0.094029 Sekunden gebraucht
bei 2 cores haben 1000 Messungen 0.091013 Sekunden gebraucht
bei 2 cores haben 1000 Messungen 0.082980 Sekunden gebraucht
bei 2 cores haben 1000 Messungen 0.083598 Sekunden gebraucht
bei 3 cores haben 1000 Messungen 0.072617 Sekunden gebraucht
bei 3 cores haben 1000 Messungen 0.070791 Sekunden gebraucht
bei 3 cores haben 1000 Messungen 0.071124 Sekunden gebraucht
bei 3 cores haben 1000 Messungen 0.070942 Sekunden gebraucht
bei 3 cores haben 1000 Messungen 0.068678 Sekunden gebraucht
bei 3 cores haben 1000 Messungen 0.071007 Sekunden gebraucht
bei 3 cores haben 1000 Messungen 0.071500 Sekunden gebraucht
bei 3 cores haben 1000 Messungen 0.069812 Sekunden gebraucht
bei 3 cores haben 1000 Messungen 0.070525 Sekunden gebraucht
bei 3 cores haben 1000 Messungen 0.069479 Sekunden gebraucht
bei 4 cores haben 1000 Messungen 0.065454 Sekunden gebraucht
bei 4 cores haben 1000 Messungen 0.063403 Sekunden gebraucht
bei 4 cores haben 1000 Messungen 0.062905 Sekunden gebraucht
bei 4 cores haben 1000 Messungen 0.062682 Sekunden gebraucht
bei 4 cores haben 1000 Messungen 0.063553 Sekunden gebraucht
bei 4 cores haben 1000 Messungen 0.063772 Sekunden gebraucht
bei 4 cores haben 1000 Messungen 0.065077 Sekunden gebraucht
bei 4 cores haben 1000 Messungen 0.061114 Sekunden gebraucht
bei 4 cores haben 1000 Messungen 0.060159 Sekunden gebraucht
bei 4 cores haben 1000 Messungen 0.064676 Sekunden gebraucht
bei 5 cores haben 1000 Messungen 0.059284 Sekunden gebraucht
bei 5 cores haben 1000 Messungen 0.059719 Sekunden gebraucht
bei 5 cores haben 1000 Messungen 0.059653 Sekunden gebraucht
bei 5 cores haben 1000 Messungen 0.058961 Sekunden gebraucht
bei 5 cores haben 1000 Messungen 0.060470 Sekunden gebraucht
bei 5 cores haben 1000 Messungen 0.059459 Sekunden gebraucht
bei 5 cores haben 1000 Messungen 0.061127 Sekunden gebraucht
bei 5 cores haben 1000 Messungen 0.059140 Sekunden gebraucht
bei 5 cores haben 1000 Messungen 0.060170 Sekunden gebraucht
bei 5 cores haben 1000 Messungen 0.058330 Sekunden gebraucht
bei 6 cores haben 1000 Messungen 0.055338 Sekunden gebraucht
bei 6 cores haben 1000 Messungen 0.058073 Sekunden gebraucht
bei 6 cores haben 1000 Messungen 0.058013 Sekunden gebraucht
bei 6 cores haben 1000 Messungen 0.057188 Sekunden gebraucht
bei 6 cores haben 1000 Messungen 0.057467 Sekunden gebraucht
bei 6 cores haben 1000 Messungen 0.057858 Sekunden gebraucht
bei 6 cores haben 1000 Messungen 0.055429 Sekunden gebraucht
bei 6 cores haben 1000 Messungen 0.059019 Sekunden gebraucht
bei 6 cores haben 1000 Messungen 0.054728 Sekunden gebraucht
bei 6 cores haben 1000 Messungen 0.060873 Sekunden gebraucht
bei 7 cores haben 1000 Messungen 0.056678 Sekunden gebraucht
bei 7 cores haben 1000 Messungen 0.056306 Sekunden gebraucht
bei 7 cores haben 1000 Messungen 0.056966 Sekunden gebraucht
bei 7 cores haben 1000 Messungen 0.056560 Sekunden gebraucht
bei 7 cores haben 1000 Messungen 0.056198 Sekunden gebraucht
bei 7 cores haben 1000 Messungen 0.055177 Sekunden gebraucht
bei 7 cores haben 1000 Messungen 0.056103 Sekunden gebraucht
bei 7 cores haben 1000 Messungen 0.057772 Sekunden gebraucht
bei 7 cores haben 1000 Messungen 0.055072 Sekunden gebraucht
bei 7 cores haben 1000 Messungen 0.056348 Sekunden gebraucht
bei 8 cores haben 1000 Messungen 0.056341 Sekunden gebraucht
bei 8 cores haben 1000 Messungen 0.058218 Sekunden gebraucht
bei 8 cores haben 1000 Messungen 0.056499 Sekunden gebraucht
bei 8 cores haben 1000 Messungen 0.055980 Sekunden gebraucht
bei 8 cores haben 1000 Messungen 0.056581 Sekunden gebraucht
bei 8 cores haben 1000 Messungen 0.056911 Sekunden gebraucht
bei 8 cores haben 1000 Messungen 0.056498 Sekunden gebraucht
bei 8 cores haben 1000 Messungen 0.057653 Sekunden gebraucht
bei 8 cores haben 1000 Messungen 0.056816 Sekunden gebraucht
bei 8 cores haben 1000 Messungen 0.055689 Sekunden gebraucht
bei 9 cores haben 1000 Messungen 0.055892 Sekunden gebraucht
bei 9 cores haben 1000 Messungen 0.056873 Sekunden gebraucht
bei 9 cores haben 1000 Messungen 0.057053 Sekunden gebraucht
bei 9 cores haben 1000 Messungen 0.057137 Sekunden gebraucht
bei 9 cores haben 1000 Messungen 0.056191 Sekunden gebraucht
bei 9 cores haben 1000 Messungen 0.056227 Sekunden gebraucht
bei 9 cores haben 1000 Messungen 0.057103 Sekunden gebraucht
bei 9 cores haben 1000 Messungen 0.056180 Sekunden gebraucht
bei 9 cores haben 1000 Messungen 0.056549 Sekunden gebraucht
bei 9 cores haben 1000 Messungen 0.055839 Sekunden gebraucht
bei 10 cores haben 1000 Messungen 0.055987 Sekunden gebraucht
bei 10 cores haben 1000 Messungen 0.055700 Sekunden gebraucht
bei 10 cores haben 1000 Messungen 0.055357 Sekunden gebraucht
bei 10 cores haben 1000 Messungen 0.055202 Sekunden gebraucht
bei 10 cores haben 1000 Messungen 0.055387 Sekunden gebraucht
bei 10 cores haben 1000 Messungen 0.055008 Sekunden gebraucht
bei 10 cores haben 1000 Messungen 0.054965 Sekunden gebraucht
bei 10 cores haben 1000 Messungen 0.055490 Sekunden gebraucht
bei 10 cores haben 1000 Messungen 0.054857 Sekunden gebraucht
bei 10 cores haben 1000 Messungen 0.055324 Sekunden gebraucht
bei 11 cores haben 1000 Messungen 0.061046 Sekunden gebraucht
bei 11 cores haben 1000 Messungen 0.060402 Sekunden gebraucht
bei 11 cores haben 1000 Messungen 0.060888 Sekunden gebraucht
bei 11 cores haben 1000 Messungen 0.061016 Sekunden gebraucht
bei 11 cores haben 1000 Messungen 0.060483 Sekunden gebraucht
bei 11 cores haben 1000 Messungen 0.060008 Sekunden gebraucht
bei 11 cores haben 1000 Messungen 0.060657 Sekunden gebraucht
bei 11 cores haben 1000 Messungen 0.061474 Sekunden gebraucht
bei 11 cores haben 1000 Messungen 0.060904 Sekunden gebraucht
bei 11 cores haben 1000 Messungen 0.061157 Sekunden gebraucht
bei 12 cores haben 1000 Messungen 0.057461 Sekunden gebraucht
bei 12 cores haben 1000 Messungen 0.058217 Sekunden gebraucht
bei 12 cores haben 1000 Messungen 0.058309 Sekunden gebraucht
bei 12 cores haben 1000 Messungen 0.057936 Sekunden gebraucht
bei 12 cores haben 1000 Messungen 0.058276 Sekunden gebraucht
bei 12 cores haben 1000 Messungen 0.058294 Sekunden gebraucht
bei 12 cores haben 1000 Messungen 0.058780 Sekunden gebraucht
bei 12 cores haben 1000 Messungen 0.058630 Sekunden gebraucht
bei 12 cores haben 1000 Messungen 0.058158 Sekunden gebraucht
bei 12 cores haben 1000 Messungen 0.071178 Sekunden gebraucht
Laenge=36
bei 1 cores haben 1000 Messungen 0.161288 Sekunden gebraucht
bei 1 cores haben 1000 Messungen 0.204354 Sekunden gebraucht
bei 1 cores haben 1000 Messungen 0.160240 Sekunden gebraucht
bei 1 cores haben 1000 Messungen 0.205314 Sekunden gebraucht
bei 1 cores haben 1000 Messungen 0.160516 Sekunden gebraucht
bei 1 cores haben 1000 Messungen 0.160631 Sekunden gebraucht
bei 1 cores haben 1000 Messungen 0.160082 Sekunden gebraucht
bei 1 cores haben 1000 Messungen 0.160078 Sekunden gebraucht
bei 1 cores haben 1000 Messungen 0.160148 Sekunden gebraucht
bei 1 cores haben 1000 Messungen 0.160120 Sekunden gebraucht
bei 2 cores haben 1000 Messungen 0.269273 Sekunden gebraucht
bei 2 cores haben 1000 Messungen 0.257791 Sekunden gebraucht
bei 2 cores haben 1000 Messungen 0.242237 Sekunden gebraucht
bei 2 cores haben 1000 Messungen 0.242000 Sekunden gebraucht
bei 2 cores haben 1000 Messungen 0.240841 Sekunden gebraucht
bei 2 cores haben 1000 Messungen 0.243337 Sekunden gebraucht
bei 2 cores haben 1000 Messungen 0.241405 Sekunden gebraucht
bei 2 cores haben 1000 Messungen 0.246757 Sekunden gebraucht
bei 2 cores haben 1000 Messungen 0.242141 Sekunden gebraucht
bei 2 cores haben 1000 Messungen 0.243228 Sekunden gebraucht
bei 3 cores haben 1000 Messungen 0.196806 Sekunden gebraucht
bei 3 cores haben 1000 Messungen 0.204384 Sekunden gebraucht
bei 3 cores haben 1000 Messungen 0.198448 Sekunden gebraucht
bei 3 cores haben 1000 Messungen 0.196025 Sekunden gebraucht
bei 3 cores haben 1000 Messungen 0.197423 Sekunden gebraucht
bei 3 cores haben 1000 Messungen 0.197632 Sekunden gebraucht
bei 3 cores haben 1000 Messungen 0.200852 Sekunden gebraucht
bei 3 cores haben 1000 Messungen 0.202707 Sekunden gebraucht
bei 3 cores haben 1000 Messungen 0.198388 Sekunden gebraucht
bei 3 cores haben 1000 Messungen 0.199513 Sekunden gebraucht
bei 4 cores haben 1000 Messungen 0.174030 Sekunden gebraucht
bei 4 cores haben 1000 Messungen 0.169437 Sekunden gebraucht
bei 4 cores haben 1000 Messungen 0.175389 Sekunden gebraucht
bei 4 cores haben 1000 Messungen 0.182317 Sekunden gebraucht
bei 4 cores haben 1000 Messungen 0.175175 Sekunden gebraucht
bei 4 cores haben 1000 Messungen 0.168800 Sekunden gebraucht
bei 4 cores haben 1000 Messungen 0.174975 Sekunden gebraucht
bei 4 cores haben 1000 Messungen 0.176206 Sekunden gebraucht
bei 4 cores haben 1000 Messungen 0.170762 Sekunden gebraucht
bei 4 cores haben 1000 Messungen 0.175112 Sekunden gebraucht
bei 5 cores haben 1000 Messungen 0.166538 Sekunden gebraucht
bei 5 cores haben 1000 Messungen 0.167615 Sekunden gebraucht
bei 5 cores haben 1000 Messungen 0.167797 Sekunden gebraucht
bei 5 cores haben 1000 Messungen 0.168203 Sekunden gebraucht
bei 5 cores haben 1000 Messungen 0.167665 Sekunden gebraucht
bei 5 cores haben 1000 Messungen 0.167763 Sekunden gebraucht
bei 5 cores haben 1000 Messungen 0.167652 Sekunden gebraucht
bei 5 cores haben 1000 Messungen 0.167910 Sekunden gebraucht
bei 5 cores haben 1000 Messungen 0.167064 Sekunden gebraucht
bei 5 cores haben 1000 Messungen 0.166863 Sekunden gebraucht
bei 6 cores haben 1000 Messungen 0.086304 Sekunden gebraucht
bei 6 cores haben 1000 Messungen 0.154486 Sekunden gebraucht
bei 6 cores haben 1000 Messungen 0.163844 Sekunden gebraucht
bei 6 cores haben 1000 Messungen 0.158873 Sekunden gebraucht
bei 6 cores haben 1000 Messungen 0.161664 Sekunden gebraucht
bei 6 cores haben 1000 Messungen 0.162384 Sekunden gebraucht
bei 6 cores haben 1000 Messungen 0.159499 Sekunden gebraucht
bei 6 cores haben 1000 Messungen 0.160930 Sekunden gebraucht
bei 6 cores haben 1000 Messungen 0.166220 Sekunden gebraucht
bei 6 cores haben 1000 Messungen 0.160237 Sekunden gebraucht
bei 7 cores haben 1000 Messungen 0.162231 Sekunden gebraucht
bei 7 cores haben 1000 Messungen 0.160002 Sekunden gebraucht
bei 7 cores haben 1000 Messungen 0.159268 Sekunden gebraucht
bei 7 cores haben 1000 Messungen 0.157846 Sekunden gebraucht
bei 7 cores haben 1000 Messungen 0.160636 Sekunden gebraucht
bei 7 cores haben 1000 Messungen 0.159456 Sekunden gebraucht
bei 7 cores haben 1000 Messungen 0.158504 Sekunden gebraucht
bei 7 cores haben 1000 Messungen 0.159829 Sekunden gebraucht
bei 7 cores haben 1000 Messungen 0.159726 Sekunden gebraucht
bei 7 cores haben 1000 Messungen 0.159473 Sekunden gebraucht
bei 8 cores haben 1000 Messungen 0.157233 Sekunden gebraucht
bei 8 cores haben 1000 Messungen 0.157269 Sekunden gebraucht
bei 8 cores haben 1000 Messungen 0.157946 Sekunden gebraucht
bei 8 cores haben 1000 Messungen 0.157322 Sekunden gebraucht
bei 8 cores haben 1000 Messungen 0.154959 Sekunden gebraucht
bei 8 cores haben 1000 Messungen 0.156450 Sekunden gebraucht
bei 8 cores haben 1000 Messungen 0.158025 Sekunden gebraucht
bei 8 cores haben 1000 Messungen 0.158380 Sekunden gebraucht
bei 8 cores haben 1000 Messungen 0.157020 Sekunden gebraucht
bei 8 cores haben 1000 Messungen 0.155545 Sekunden gebraucht
bei 9 cores haben 1000 Messungen 0.156698 Sekunden gebraucht
bei 9 cores haben 1000 Messungen 0.155602 Sekunden gebraucht
bei 9 cores haben 1000 Messungen 0.155432 Sekunden gebraucht
bei 9 cores haben 1000 Messungen 0.160347 Sekunden gebraucht
bei 9 cores haben 1000 Messungen 0.159828 Sekunden gebraucht
bei 9 cores haben 1000 Messungen 0.154373 Sekunden gebraucht
bei 9 cores haben 1000 Messungen 0.156395 Sekunden gebraucht
bei 9 cores haben 1000 Messungen 0.157601 Sekunden gebraucht
bei 9 cores haben 1000 Messungen 0.154189 Sekunden gebraucht
bei 9 cores haben 1000 Messungen 0.156315 Sekunden gebraucht
bei 10 cores haben 1000 Messungen 0.157847 Sekunden gebraucht
bei 10 cores haben 1000 Messungen 0.157183 Sekunden gebraucht
bei 10 cores haben 1000 Messungen 0.157081 Sekunden gebraucht
bei 10 cores haben 1000 Messungen 0.156245 Sekunden gebraucht
bei 10 cores haben 1000 Messungen 0.155283 Sekunden gebraucht
bei 10 cores haben 1000 Messungen 0.150888 Sekunden gebraucht
bei 10 cores haben 1000 Messungen 0.153702 Sekunden gebraucht
bei 10 cores haben 1000 Messungen 0.154465 Sekunden gebraucht
bei 10 cores haben 1000 Messungen 0.156450 Sekunden gebraucht
bei 10 cores haben 1000 Messungen 0.155218 Sekunden gebraucht
bei 11 cores haben 1000 Messungen 0.154641 Sekunden gebraucht
bei 11 cores haben 1000 Messungen 0.154404 Sekunden gebraucht
bei 11 cores haben 1000 Messungen 0.156280 Sekunden gebraucht
bei 11 cores haben 1000 Messungen 0.162706 Sekunden gebraucht
bei 11 cores haben 1000 Messungen 0.154305 Sekunden gebraucht
bei 11 cores haben 1000 Messungen 0.155070 Sekunden gebraucht
bei 11 cores haben 1000 Messungen 0.155359 Sekunden gebraucht
bei 11 cores haben 1000 Messungen 0.153751 Sekunden gebraucht
bei 11 cores haben 1000 Messungen 0.154599 Sekunden gebraucht
bei 11 cores haben 1000 Messungen 0.153720 Sekunden gebraucht
bei 12 cores haben 1000 Messungen 0.151705 Sekunden gebraucht
bei 12 cores haben 1000 Messungen 0.152620 Sekunden gebraucht
bei 12 cores haben 1000 Messungen 0.152222 Sekunden gebraucht
bei 12 cores haben 1000 Messungen 0.152635 Sekunden gebraucht
bei 12 cores haben 1000 Messungen 0.153544 Sekunden gebraucht
bei 12 cores haben 1000 Messungen 0.153627 Sekunden gebraucht
bei 12 cores haben 1000 Messungen 0.152485 Sekunden gebraucht
bei 12 cores haben 1000 Messungen 0.150649 Sekunden gebraucht
bei 12 cores haben 1000 Messungen 0.152127 Sekunden gebraucht
bei 12 cores haben 1000 Messungen 0.152904 Sekunden gebraucht
Laenge=50
bei 1 cores haben 1000 Messungen 0.307394 Sekunden gebraucht
bei 1 cores haben 1000 Messungen 0.306568 Sekunden gebraucht
bei 1 cores haben 1000 Messungen 0.306458 Sekunden gebraucht
bei 1 cores haben 1000 Messungen 0.306136 Sekunden gebraucht
bei 1 cores haben 1000 Messungen 0.306156 Sekunden gebraucht
bei 1 cores haben 1000 Messungen 0.305949 Sekunden gebraucht
bei 1 cores haben 1000 Messungen 0.306204 Sekunden gebraucht
bei 1 cores haben 1000 Messungen 0.306478 Sekunden gebraucht
bei 1 cores haben 1000 Messungen 0.306303 Sekunden gebraucht
bei 1 cores haben 1000 Messungen 0.306304 Sekunden gebraucht
bei 2 cores haben 1000 Messungen 0.448768 Sekunden gebraucht
bei 2 cores haben 1000 Messungen 0.419116 Sekunden gebraucht
bei 2 cores haben 1000 Messungen 0.430957 Sekunden gebraucht
bei 2 cores haben 1000 Messungen 0.409488 Sekunden gebraucht
bei 2 cores haben 1000 Messungen 0.410450 Sekunden gebraucht
bei 2 cores haben 1000 Messungen 0.409084 Sekunden gebraucht
bei 2 cores haben 1000 Messungen 0.409452 Sekunden gebraucht
bei 2 cores haben 1000 Messungen 0.408893 Sekunden gebraucht
bei 2 cores haben 1000 Messungen 0.410782 Sekunden gebraucht
bei 2 cores haben 1000 Messungen 0.409234 Sekunden gebraucht
bei 3 cores haben 1000 Messungen 0.322839 Sekunden gebraucht
bei 3 cores haben 1000 Messungen 0.324643 Sekunden gebraucht
bei 3 cores haben 1000 Messungen 0.326939 Sekunden gebraucht
bei 3 cores haben 1000 Messungen 0.326717 Sekunden gebraucht
bei 3 cores haben 1000 Messungen 0.325588 Sekunden gebraucht
bei 3 cores haben 1000 Messungen 0.324367 Sekunden gebraucht
bei 3 cores haben 1000 Messungen 0.250810 Sekunden gebraucht
bei 3 cores haben 1000 Messungen 0.326335 Sekunden gebraucht
bei 3 cores haben 1000 Messungen 0.336941 Sekunden gebraucht
bei 3 cores haben 1000 Messungen 0.277334 Sekunden gebraucht
bei 4 cores haben 1000 Messungen 0.283644 Sekunden gebraucht
bei 4 cores haben 1000 Messungen 0.273437 Sekunden gebraucht
bei 4 cores haben 1000 Messungen 0.276947 Sekunden gebraucht
bei 4 cores haben 1000 Messungen 0.284750 Sekunden gebraucht
bei 4 cores haben 1000 Messungen 0.273116 Sekunden gebraucht
bei 4 cores haben 1000 Messungen 0.202626 Sekunden gebraucht
bei 4 cores haben 1000 Messungen 0.230847 Sekunden gebraucht
bei 4 cores haben 1000 Messungen 0.276819 Sekunden gebraucht
bei 4 cores haben 1000 Messungen 0.279510 Sekunden gebraucht
bei 4 cores haben 1000 Messungen 0.273820 Sekunden gebraucht
bei 5 cores haben 1000 Messungen 0.265714 Sekunden gebraucht
bei 5 cores haben 1000 Messungen 0.195439 Sekunden gebraucht
bei 5 cores haben 1000 Messungen 0.285086 Sekunden gebraucht
bei 5 cores haben 1000 Messungen 0.171891 Sekunden gebraucht
bei 5 cores haben 1000 Messungen 0.284073 Sekunden gebraucht
bei 5 cores haben 1000 Messungen 0.263220 Sekunden gebraucht
bei 5 cores haben 1000 Messungen 0.265901 Sekunden gebraucht
bei 5 cores haben 1000 Messungen 0.262917 Sekunden gebraucht
bei 5 cores haben 1000 Messungen 0.172372 Sekunden gebraucht
bei 5 cores haben 1000 Messungen 0.263441 Sekunden gebraucht
bei 6 cores haben 1000 Messungen 0.251623 Sekunden gebraucht
bei 6 cores haben 1000 Messungen 0.248632 Sekunden gebraucht
bei 6 cores haben 1000 Messungen 0.249305 Sekunden gebraucht
bei 6 cores haben 1000 Messungen 0.250339 Sekunden gebraucht
bei 6 cores haben 1000 Messungen 0.257979 Sekunden gebraucht
bei 6 cores haben 1000 Messungen 0.176432 Sekunden gebraucht
bei 6 cores haben 1000 Messungen 0.250562 Sekunden gebraucht
bei 6 cores haben 1000 Messungen 0.249388 Sekunden gebraucht
bei 6 cores haben 1000 Messungen 0.247804 Sekunden gebraucht
bei 6 cores haben 1000 Messungen 0.151971 Sekunden gebraucht
bei 7 cores haben 1000 Messungen 0.246071 Sekunden gebraucht
bei 7 cores haben 1000 Messungen 0.247195 Sekunden gebraucht
bei 7 cores haben 1000 Messungen 0.225420 Sekunden gebraucht
bei 7 cores haben 1000 Messungen 0.247897 Sekunden gebraucht
bei 7 cores haben 1000 Messungen 0.250620 Sekunden gebraucht
bei 7 cores haben 1000 Messungen 0.251770 Sekunden gebraucht
bei 7 cores haben 1000 Messungen 0.242746 Sekunden gebraucht
bei 7 cores haben 1000 Messungen 0.246248 Sekunden gebraucht
bei 7 cores haben 1000 Messungen 0.245464 Sekunden gebraucht
bei 7 cores haben 1000 Messungen 0.245540 Sekunden gebraucht
bei 8 cores haben 1000 Messungen 0.241352 Sekunden gebraucht
bei 8 cores haben 1000 Messungen 0.240470 Sekunden gebraucht
bei 8 cores haben 1000 Messungen 0.241701 Sekunden gebraucht
bei 8 cores haben 1000 Messungen 0.240638 Sekunden gebraucht
bei 8 cores haben 1000 Messungen 0.241512 Sekunden gebraucht
bei 8 cores haben 1000 Messungen 0.244760 Sekunden gebraucht
bei 8 cores haben 1000 Messungen 0.240246 Sekunden gebraucht
bei 8 cores haben 1000 Messungen 0.240768 Sekunden gebraucht
bei 8 cores haben 1000 Messungen 0.309016 Sekunden gebraucht
bei 8 cores haben 1000 Messungen 0.242698 Sekunden gebraucht
bei 9 cores haben 1000 Messungen 0.242188 Sekunden gebraucht
bei 9 cores haben 1000 Messungen 0.239347 Sekunden gebraucht
bei 9 cores haben 1000 Messungen 0.243489 Sekunden gebraucht
bei 9 cores haben 1000 Messungen 0.241837 Sekunden gebraucht
bei 9 cores haben 1000 Messungen 0.239543 Sekunden gebraucht
bei 9 cores haben 1000 Messungen 0.241434 Sekunden gebraucht
bei 9 cores haben 1000 Messungen 0.241794 Sekunden gebraucht
bei 9 cores haben 1000 Messungen 0.239319 Sekunden gebraucht
bei 9 cores haben 1000 Messungen 0.239383 Sekunden gebraucht
bei 9 cores haben 1000 Messungen 0.240228 Sekunden gebraucht
bei 10 cores haben 1000 Messungen 0.241533 Sekunden gebraucht
bei 10 cores haben 1000 Messungen 0.238103 Sekunden gebraucht
bei 10 cores haben 1000 Messungen 0.238704 Sekunden gebraucht
bei 10 cores haben 1000 Messungen 0.241367 Sekunden gebraucht
bei 10 cores haben 1000 Messungen 0.241163 Sekunden gebraucht
bei 10 cores haben 1000 Messungen 0.241642 Sekunden gebraucht
bei 10 cores haben 1000 Messungen 0.239680 Sekunden gebraucht
bei 10 cores haben 1000 Messungen 0.241469 Sekunden gebraucht
bei 10 cores haben 1000 Messungen 0.241078 Sekunden gebraucht
bei 10 cores haben 1000 Messungen 0.238611 Sekunden gebraucht
bei 11 cores haben 1000 Messungen 0.241787 Sekunden gebraucht
bei 11 cores haben 1000 Messungen 0.241970 Sekunden gebraucht
bei 11 cores haben 1000 Messungen 0.242253 Sekunden gebraucht
bei 11 cores haben 1000 Messungen 0.242999 Sekunden gebraucht
bei 11 cores haben 1000 Messungen 0.242355 Sekunden gebraucht
bei 11 cores haben 1000 Messungen 0.240840 Sekunden gebraucht
bei 11 cores haben 1000 Messungen 0.243448 Sekunden gebraucht
bei 11 cores haben 1000 Messungen 0.240702 Sekunden gebraucht
bei 11 cores haben 1000 Messungen 0.241525 Sekunden gebraucht
bei 11 cores haben 1000 Messungen 0.241493 Sekunden gebraucht
bei 12 cores haben 1000 Messungen 0.244698 Sekunden gebraucht
bei 12 cores haben 1000 Messungen 0.244744 Sekunden gebraucht
bei 12 cores haben 1000 Messungen 0.259084 Sekunden gebraucht
bei 12 cores haben 1000 Messungen 0.244973 Sekunden gebraucht
bei 12 cores haben 1000 Messungen 0.245413 Sekunden gebraucht
bei 12 cores haben 1000 Messungen 0.243906 Sekunden gebraucht
bei 12 cores haben 1000 Messungen 0.243843 Sekunden gebraucht
bei 12 cores haben 1000 Messungen 0.245044 Sekunden gebraucht
bei 12 cores haben 1000 Messungen 0.245070 Sekunden gebraucht
bei 12 cores haben 1000 Messungen 0.243949 Sekunden gebraucht
Laenge=100
bei 1 cores haben 1000 Messungen 1.215030 Sekunden gebraucht
bei 1 cores haben 1000 Messungen 1.520287 Sekunden gebraucht
bei 1 cores haben 1000 Messungen 1.213336 Sekunden gebraucht
bei 1 cores haben 1000 Messungen 1.214189 Sekunden gebraucht
bei 1 cores haben 1000 Messungen 1.213330 Sekunden gebraucht
bei 1 cores haben 1000 Messungen 1.213900 Sekunden gebraucht
bei 1 cores haben 1000 Messungen 1.213206 Sekunden gebraucht
bei 1 cores haben 1000 Messungen 1.213771 Sekunden gebraucht
bei 1 cores haben 1000 Messungen 1.213512 Sekunden gebraucht
bei 1 cores haben 1000 Messungen 1.213499 Sekunden gebraucht
bei 2 cores haben 1000 Messungen 1.459391 Sekunden gebraucht
bei 2 cores haben 1000 Messungen 1.359830 Sekunden gebraucht
bei 2 cores haben 1000 Messungen 1.352735 Sekunden gebraucht
bei 2 cores haben 1000 Messungen 1.354381 Sekunden gebraucht
bei 2 cores haben 1000 Messungen 1.370834 Sekunden gebraucht
bei 2 cores haben 1000 Messungen 1.509951 Sekunden gebraucht
bei 2 cores haben 1000 Messungen 1.349508 Sekunden gebraucht
bei 2 cores haben 1000 Messungen 1.373161 Sekunden gebraucht
bei 2 cores haben 1000 Messungen 1.351878 Sekunden gebraucht
bei 2 cores haben 1000 Messungen 1.347651 Sekunden gebraucht
bei 3 cores haben 1000 Messungen 1.085913 Sekunden gebraucht
bei 3 cores haben 1000 Messungen 1.082299 Sekunden gebraucht
bei 3 cores haben 1000 Messungen 1.063347 Sekunden gebraucht
bei 3 cores haben 1000 Messungen 1.081522 Sekunden gebraucht
bei 3 cores haben 1000 Messungen 1.089837 Sekunden gebraucht
bei 3 cores haben 1000 Messungen 1.084391 Sekunden gebraucht
bei 3 cores haben 1000 Messungen 1.078566 Sekunden gebraucht
bei 3 cores haben 1000 Messungen 1.033738 Sekunden gebraucht
bei 3 cores haben 1000 Messungen 1.080326 Sekunden gebraucht
bei 3 cores haben 1000 Messungen 1.030070 Sekunden gebraucht
bei 4 cores haben 1000 Messungen 0.928304 Sekunden gebraucht
bei 4 cores haben 1000 Messungen 0.892501 Sekunden gebraucht
bei 4 cores haben 1000 Messungen 0.930976 Sekunden gebraucht
bei 4 cores haben 1000 Messungen 0.945718 Sekunden gebraucht
bei 4 cores haben 1000 Messungen 0.943842 Sekunden gebraucht
bei 4 cores haben 1000 Messungen 0.953666 Sekunden gebraucht
bei 4 cores haben 1000 Messungen 0.939980 Sekunden gebraucht
bei 4 cores haben 1000 Messungen 0.929108 Sekunden gebraucht
bei 4 cores haben 1000 Messungen 0.938381 Sekunden gebraucht
bei 4 cores haben 1000 Messungen 0.944358 Sekunden gebraucht
bei 5 cores haben 1000 Messungen 0.950667 Sekunden gebraucht
bei 5 cores haben 1000 Messungen 0.963959 Sekunden gebraucht
bei 5 cores haben 1000 Messungen 0.850734 Sekunden gebraucht
bei 5 cores haben 1000 Messungen 0.940468 Sekunden gebraucht
bei 5 cores haben 1000 Messungen 0.945705 Sekunden gebraucht
bei 5 cores haben 1000 Messungen 0.878096 Sekunden gebraucht
bei 5 cores haben 1000 Messungen 0.866270 Sekunden gebraucht
bei 5 cores haben 1000 Messungen 0.884708 Sekunden gebraucht
bei 5 cores haben 1000 Messungen 0.947414 Sekunden gebraucht
bei 5 cores haben 1000 Messungen 0.952868 Sekunden gebraucht
bei 6 cores haben 1000 Messungen 0.948689 Sekunden gebraucht
bei 6 cores haben 1000 Messungen 0.946410 Sekunden gebraucht
bei 6 cores haben 1000 Messungen 0.945420 Sekunden gebraucht
bei 6 cores haben 1000 Messungen 0.902544 Sekunden gebraucht
bei 6 cores haben 1000 Messungen 0.917806 Sekunden gebraucht
bei 6 cores haben 1000 Messungen 0.917295 Sekunden gebraucht
bei 6 cores haben 1000 Messungen 0.826847 Sekunden gebraucht
bei 6 cores haben 1000 Messungen 0.902572 Sekunden gebraucht
bei 6 cores haben 1000 Messungen 0.838080 Sekunden gebraucht
bei 6 cores haben 1000 Messungen 0.918835 Sekunden gebraucht
bei 7 cores haben 1000 Messungen 0.908524 Sekunden gebraucht
bei 7 cores haben 1000 Messungen 0.905922 Sekunden gebraucht
bei 7 cores haben 1000 Messungen 0.907692 Sekunden gebraucht
bei 7 cores haben 1000 Messungen 0.904352 Sekunden gebraucht
bei 7 cores haben 1000 Messungen 0.908125 Sekunden gebraucht
bei 7 cores haben 1000 Messungen 0.913764 Sekunden gebraucht
bei 7 cores haben 1000 Messungen 0.921401 Sekunden gebraucht
bei 7 cores haben 1000 Messungen 0.916289 Sekunden gebraucht
bei 7 cores haben 1000 Messungen 0.914376 Sekunden gebraucht
bei 7 cores haben 1000 Messungen 0.917340 Sekunden gebraucht
bei 8 cores haben 1000 Messungen 0.902134 Sekunden gebraucht
bei 8 cores haben 1000 Messungen 0.894781 Sekunden gebraucht
bei 8 cores haben 1000 Messungen 0.899746 Sekunden gebraucht
bei 8 cores haben 1000 Messungen 0.899327 Sekunden gebraucht
bei 8 cores haben 1000 Messungen 1.210293 Sekunden gebraucht
bei 8 cores haben 1000 Messungen 0.897397 Sekunden gebraucht
bei 8 cores haben 1000 Messungen 0.903665 Sekunden gebraucht
bei 8 cores haben 1000 Messungen 0.902807 Sekunden gebraucht
bei 8 cores haben 1000 Messungen 0.901544 Sekunden gebraucht
bei 8 cores haben 1000 Messungen 0.908510 Sekunden gebraucht
bei 9 cores haben 1000 Messungen 0.905357 Sekunden gebraucht
bei 9 cores haben 1000 Messungen 0.896653 Sekunden gebraucht
bei 9 cores haben 1000 Messungen 0.896065 Sekunden gebraucht
bei 9 cores haben 1000 Messungen 0.897453 Sekunden gebraucht
bei 9 cores haben 1000 Messungen 0.901155 Sekunden gebraucht
bei 9 cores haben 1000 Messungen 0.895384 Sekunden gebraucht
bei 9 cores haben 1000 Messungen 0.899536 Sekunden gebraucht
bei 9 cores haben 1000 Messungen 0.893688 Sekunden gebraucht
bei 9 cores haben 1000 Messungen 0.894891 Sekunden gebraucht
bei 9 cores haben 1000 Messungen 0.894070 Sekunden gebraucht
bei 10 cores haben 1000 Messungen 0.899838 Sekunden gebraucht
bei 10 cores haben 1000 Messungen 0.891572 Sekunden gebraucht
bei 10 cores haben 1000 Messungen 0.902139 Sekunden gebraucht
bei 10 cores haben 1000 Messungen 0.888775 Sekunden gebraucht
bei 10 cores haben 1000 Messungen 0.900888 Sekunden gebraucht
bei 10 cores haben 1000 Messungen 0.889561 Sekunden gebraucht
bei 10 cores haben 1000 Messungen 0.897514 Sekunden gebraucht
bei 10 cores haben 1000 Messungen 0.903326 Sekunden gebraucht
bei 10 cores haben 1000 Messungen 0.897971 Sekunden gebraucht
bei 10 cores haben 1000 Messungen 0.894204 Sekunden gebraucht
bei 11 cores haben 1000 Messungen 0.905340 Sekunden gebraucht
bei 11 cores haben 1000 Messungen 0.891748 Sekunden gebraucht
bei 11 cores haben 1000 Messungen 0.898602 Sekunden gebraucht
bei 11 cores haben 1000 Messungen 0.897998 Sekunden gebraucht
bei 11 cores haben 1000 Messungen 0.895925 Sekunden gebraucht
bei 11 cores haben 1000 Messungen 0.895333 Sekunden gebraucht
bei 11 cores haben 1000 Messungen 0.899702 Sekunden gebraucht
bei 11 cores haben 1000 Messungen 0.892797 Sekunden gebraucht
bei 11 cores haben 1000 Messungen 0.891943 Sekunden gebraucht
bei 11 cores haben 1000 Messungen 0.898476 Sekunden gebraucht
bei 12 cores haben 1000 Messungen 0.888030 Sekunden gebraucht
bei 12 cores haben 1000 Messungen 0.886618 Sekunden gebraucht
bei 12 cores haben 1000 Messungen 0.896419 Sekunden gebraucht
bei 12 cores haben 1000 Messungen 0.886525 Sekunden gebraucht
bei 12 cores haben 1000 Messungen 0.887994 Sekunden gebraucht
bei 12 cores haben 1000 Messungen 0.884933 Sekunden gebraucht
bei 12 cores haben 1000 Messungen 0.899514 Sekunden gebraucht
bei 12 cores haben 1000 Messungen 0.887408 Sekunden gebraucht
bei 12 cores haben 1000 Messungen 0.886172 Sekunden gebraucht
bei 12 cores haben 1000 Messungen 0.896939 Sekunden gebraucht
Laenge=200
bei 1 cores haben 1000 Messungen 4.836563 Sekunden gebraucht
bei 1 cores haben 1000 Messungen 4.831431 Sekunden gebraucht
bei 1 cores haben 1000 Messungen 4.836735 Sekunden gebraucht
bei 1 cores haben 1000 Messungen 4.830486 Sekunden gebraucht
bei 1 cores haben 1000 Messungen 4.846510 Sekunden gebraucht
bei 1 cores haben 1000 Messungen 4.831265 Sekunden gebraucht
bei 1 cores haben 1000 Messungen 4.828786 Sekunden gebraucht
bei 1 cores haben 1000 Messungen 4.833470 Sekunden gebraucht
bei 1 cores haben 1000 Messungen 4.930609 Sekunden gebraucht
bei 1 cores haben 1000 Messungen 4.829343 Sekunden gebraucht
bei 2 cores haben 1000 Messungen 5.095945 Sekunden gebraucht
bei 2 cores haben 1000 Messungen 5.096900 Sekunden gebraucht
bei 2 cores haben 1000 Messungen 5.027482 Sekunden gebraucht
bei 2 cores haben 1000 Messungen 5.104553 Sekunden gebraucht
bei 2 cores haben 1000 Messungen 5.091721 Sekunden gebraucht
bei 2 cores haben 1000 Messungen 5.045391 Sekunden gebraucht
bei 2 cores haben 1000 Messungen 5.063863 Sekunden gebraucht
bei 2 cores haben 1000 Messungen 5.028224 Sekunden gebraucht
bei 2 cores haben 1000 Messungen 5.037490 Sekunden gebraucht
bei 2 cores haben 1000 Messungen 5.030033 Sekunden gebraucht
bei 3 cores haben 1000 Messungen 3.949405 Sekunden gebraucht
bei 3 cores haben 1000 Messungen 3.911466 Sekunden gebraucht
bei 3 cores haben 1000 Messungen 3.934879 Sekunden gebraucht
bei 3 cores haben 1000 Messungen 3.934305 Sekunden gebraucht
bei 3 cores haben 1000 Messungen 3.932361 Sekunden gebraucht
bei 3 cores haben 1000 Messungen 3.921255 Sekunden gebraucht
bei 3 cores haben 1000 Messungen 3.939921 Sekunden gebraucht
bei 3 cores haben 1000 Messungen 3.939878 Sekunden gebraucht
bei 3 cores haben 1000 Messungen 3.941897 Sekunden gebraucht
bei 3 cores haben 1000 Messungen 3.928920 Sekunden gebraucht
bei 4 cores haben 1000 Messungen 3.467459 Sekunden gebraucht
bei 4 cores haben 1000 Messungen 3.481505 Sekunden gebraucht
bei 4 cores haben 1000 Messungen 3.458516 Sekunden gebraucht
bei 4 cores haben 1000 Messungen 3.456390 Sekunden gebraucht
bei 4 cores haben 1000 Messungen 3.473284 Sekunden gebraucht
bei 4 cores haben 1000 Messungen 3.503042 Sekunden gebraucht
bei 4 cores haben 1000 Messungen 3.488295 Sekunden gebraucht
bei 4 cores haben 1000 Messungen 3.492342 Sekunden gebraucht
bei 4 cores haben 1000 Messungen 3.527482 Sekunden gebraucht
bei 4 cores haben 1000 Messungen 3.498988 Sekunden gebraucht
bei 5 cores haben 1000 Messungen 3.574590 Sekunden gebraucht
bei 5 cores haben 1000 Messungen 3.605722 Sekunden gebraucht
bei 5 cores haben 1000 Messungen 3.561838 Sekunden gebraucht
bei 5 cores haben 1000 Messungen 3.563441 Sekunden gebraucht
bei 5 cores haben 1000 Messungen 3.497252 Sekunden gebraucht
bei 5 cores haben 1000 Messungen 3.537765 Sekunden gebraucht
bei 5 cores haben 1000 Messungen 3.560702 Sekunden gebraucht
bei 5 cores haben 1000 Messungen 3.418430 Sekunden gebraucht
bei 5 cores haben 1000 Messungen 3.513352 Sekunden gebraucht
bei 5 cores haben 1000 Messungen 3.536340 Sekunden gebraucht
bei 6 cores haben 1000 Messungen 3.490325 Sekunden gebraucht
bei 6 cores haben 1000 Messungen 3.308154 Sekunden gebraucht
bei 6 cores haben 1000 Messungen 3.488028 Sekunden gebraucht
bei 6 cores haben 1000 Messungen 3.484396 Sekunden gebraucht
bei 6 cores haben 1000 Messungen 3.416007 Sekunden gebraucht
bei 6 cores haben 1000 Messungen 3.381465 Sekunden gebraucht
bei 6 cores haben 1000 Messungen 3.380111 Sekunden gebraucht
bei 6 cores haben 1000 Messungen 3.422226 Sekunden gebraucht
bei 6 cores haben 1000 Messungen 3.366626 Sekunden gebraucht
bei 6 cores haben 1000 Messungen 3.454444 Sekunden gebraucht
bei 7 cores haben 1000 Messungen 3.429551 Sekunden gebraucht
bei 7 cores haben 1000 Messungen 3.441426 Sekunden gebraucht
bei 7 cores haben 1000 Messungen 3.452364 Sekunden gebraucht
bei 7 cores haben 1000 Messungen 3.427340 Sekunden gebraucht
bei 7 cores haben 1000 Messungen 3.450305 Sekunden gebraucht
bei 7 cores haben 1000 Messungen 3.486861 Sekunden gebraucht
bei 7 cores haben 1000 Messungen 3.439446 Sekunden gebraucht
bei 7 cores haben 1000 Messungen 3.466505 Sekunden gebraucht
bei 7 cores haben 1000 Messungen 3.490361 Sekunden gebraucht
bei 7 cores haben 1000 Messungen 3.495977 Sekunden gebraucht
bei 8 cores haben 1000 Messungen 3.488091 Sekunden gebraucht
bei 8 cores haben 1000 Messungen 3.459781 Sekunden gebraucht
bei 8 cores haben 1000 Messungen 3.430213 Sekunden gebraucht
bei 8 cores haben 1000 Messungen 3.426995 Sekunden gebraucht
bei 8 cores haben 1000 Messungen 3.433133 Sekunden gebraucht
bei 8 cores haben 1000 Messungen 3.463708 Sekunden gebraucht
bei 8 cores haben 1000 Messungen 3.406100 Sekunden gebraucht
bei 8 cores haben 1000 Messungen 3.442649 Sekunden gebraucht
bei 8 cores haben 1000 Messungen 3.461230 Sekunden gebraucht
bei 8 cores haben 1000 Messungen 3.465237 Sekunden gebraucht
bei 9 cores haben 1000 Messungen 3.439386 Sekunden gebraucht
bei 9 cores haben 1000 Messungen 3.440238 Sekunden gebraucht
bei 9 cores haben 1000 Messungen 3.431519 Sekunden gebraucht
bei 9 cores haben 1000 Messungen 3.415652 Sekunden gebraucht
bei 9 cores haben 1000 Messungen 3.438443 Sekunden gebraucht
bei 9 cores haben 1000 Messungen 3.427214 Sekunden gebraucht
bei 9 cores haben 1000 Messungen 3.434960 Sekunden gebraucht
bei 9 cores haben 1000 Messungen 3.444567 Sekunden gebraucht
bei 9 cores haben 1000 Messungen 3.444048 Sekunden gebraucht
bei 9 cores haben 1000 Messungen 3.435421 Sekunden gebraucht
bei 10 cores haben 1000 Messungen 3.444766 Sekunden gebraucht
bei 10 cores haben 1000 Messungen 3.412108 Sekunden gebraucht
bei 10 cores haben 1000 Messungen 3.440418 Sekunden gebraucht
bei 10 cores haben 1000 Messungen 3.456279 Sekunden gebraucht
bei 10 cores haben 1000 Messungen 3.457917 Sekunden gebraucht
bei 10 cores haben 1000 Messungen 3.468988 Sekunden gebraucht
bei 10 cores haben 1000 Messungen 3.491670 Sekunden gebraucht
bei 10 cores haben 1000 Messungen 3.447893 Sekunden gebraucht
bei 10 cores haben 1000 Messungen 3.459319 Sekunden gebraucht
bei 10 cores haben 1000 Messungen 3.458595 Sekunden gebraucht
bei 11 cores haben 1000 Messungen 3.429536 Sekunden gebraucht
bei 11 cores haben 1000 Messungen 3.447093 Sekunden gebraucht
bei 11 cores haben 1000 Messungen 3.441126 Sekunden gebraucht
bei 11 cores haben 1000 Messungen 3.442267 Sekunden gebraucht
bei 11 cores haben 1000 Messungen 3.437989 Sekunden gebraucht
bei 11 cores haben 1000 Messungen 3.436278 Sekunden gebraucht
bei 11 cores haben 1000 Messungen 3.443611 Sekunden gebraucht
bei 11 cores haben 1000 Messungen 3.432800 Sekunden gebraucht
bei 11 cores haben 1000 Messungen 3.428613 Sekunden gebraucht
bei 11 cores haben 1000 Messungen 3.425456 Sekunden gebraucht
bei 12 cores haben 1000 Messungen 3.423155 Sekunden gebraucht
bei 12 cores haben 1000 Messungen 3.432778 Sekunden gebraucht
bei 12 cores haben 1000 Messungen 3.441878 Sekunden gebraucht
bei 12 cores haben 1000 Messungen 3.435392 Sekunden gebraucht
bei 12 cores haben 1000 Messungen 3.422230 Sekunden gebraucht
bei 12 cores haben 1000 Messungen 3.422300 Sekunden gebraucht
bei 12 cores haben 1000 Messungen 3.433572 Sekunden gebraucht
bei 12 cores haben 1000 Messungen 3.422922 Sekunden gebraucht
bei 12 cores haben 1000 Messungen 3.434703 Sekunden gebraucht
bei 12 cores haben 1000 Messungen 3.423290 Sekunden gebraucht
Laenge=500
bei 1 cores haben 1000 Messungen 30.488917 Sekunden gebraucht
bei 1 cores haben 1000 Messungen 30.849985 Sekunden gebraucht
bei 1 cores haben 1000 Messungen 30.609672 Sekunden gebraucht
bei 1 cores haben 1000 Messungen 30.276238 Sekunden gebraucht
bei 1 cores haben 1000 Messungen 30.753115 Sekunden gebraucht
bei 1 cores haben 1000 Messungen 30.798377 Sekunden gebraucht
bei 1 cores haben 1000 Messungen 30.818494 Sekunden gebraucht
bei 1 cores haben 1000 Messungen 30.333186 Sekunden gebraucht
bei 1 cores haben 1000 Messungen 30.504001 Sekunden gebraucht
bei 1 cores haben 1000 Messungen 30.709811 Sekunden gebraucht
bei 2 cores haben 1000 Messungen 30.476129 Sekunden gebraucht
bei 2 cores haben 1000 Messungen 30.383870 Sekunden gebraucht
bei 2 cores haben 1000 Messungen 30.523349 Sekunden gebraucht
bei 2 cores haben 1000 Messungen 30.388703 Sekunden gebraucht
bei 2 cores haben 1000 Messungen 30.426662 Sekunden gebraucht
bei 2 cores haben 1000 Messungen 30.419247 Sekunden gebraucht
bei 2 cores haben 1000 Messungen 30.385510 Sekunden gebraucht
bei 2 cores haben 1000 Messungen 30.426559 Sekunden gebraucht
bei 2 cores haben 1000 Messungen 30.405033 Sekunden gebraucht
bei 2 cores haben 1000 Messungen 30.406904 Sekunden gebraucht
bei 3 cores haben 1000 Messungen 22.732657 Sekunden gebraucht
bei 3 cores haben 1000 Messungen 22.884802 Sekunden gebraucht
bei 3 cores haben 1000 Messungen 22.853175 Sekunden gebraucht
bei 3 cores haben 1000 Messungen 22.620313 Sekunden gebraucht
bei 3 cores haben 1000 Messungen 22.964071 Sekunden gebraucht
bei 3 cores haben 1000 Messungen 23.003479 Sekunden gebraucht
bei 3 cores haben 1000 Messungen 22.758385 Sekunden gebraucht
bei 3 cores haben 1000 Messungen 22.868319 Sekunden gebraucht
bei 3 cores haben 1000 Messungen 22.815538 Sekunden gebraucht
bei 3 cores haben 1000 Messungen 23.215109 Sekunden gebraucht
bei 4 cores haben 1000 Messungen 20.725131 Sekunden gebraucht
bei 4 cores haben 1000 Messungen 20.869412 Sekunden gebraucht
bei 4 cores haben 1000 Messungen 20.783811 Sekunden gebraucht
bei 4 cores haben 1000 Messungen 20.852167 Sekunden gebraucht
bei 4 cores haben 1000 Messungen 20.610197 Sekunden gebraucht
bei 4 cores haben 1000 Messungen 20.757112 Sekunden gebraucht
bei 4 cores haben 1000 Messungen 20.776524 Sekunden gebraucht
bei 4 cores haben 1000 Messungen 20.811973 Sekunden gebraucht
bei 4 cores haben 1000 Messungen 20.647926 Sekunden gebraucht
bei 4 cores haben 1000 Messungen 20.833524 Sekunden gebraucht
bei 5 cores haben 1000 Messungen 21.501293 Sekunden gebraucht
bei 5 cores haben 1000 Messungen 21.262696 Sekunden gebraucht
bei 5 cores haben 1000 Messungen 21.334571 Sekunden gebraucht
bei 5 cores haben 1000 Messungen 21.303273 Sekunden gebraucht
bei 5 cores haben 1000 Messungen 21.125004 Sekunden gebraucht
bei 5 cores haben 1000 Messungen 21.620501 Sekunden gebraucht
bei 5 cores haben 1000 Messungen 21.149630 Sekunden gebraucht
bei 5 cores haben 1000 Messungen 21.295441 Sekunden gebraucht
bei 5 cores haben 1000 Messungen 21.185162 Sekunden gebraucht
bei 5 cores haben 1000 Messungen 21.219799 Sekunden gebraucht
bei 6 cores haben 1000 Messungen 21.261447 Sekunden gebraucht
bei 6 cores haben 1000 Messungen 20.924643 Sekunden gebraucht
bei 6 cores haben 1000 Messungen 20.885463 Sekunden gebraucht
bei 6 cores haben 1000 Messungen 21.001568 Sekunden gebraucht
bei 6 cores haben 1000 Messungen 21.112238 Sekunden gebraucht
bei 6 cores haben 1000 Messungen 21.204845 Sekunden gebraucht
bei 6 cores haben 1000 Messungen 21.175634 Sekunden gebraucht
bei 6 cores haben 1000 Messungen 21.157276 Sekunden gebraucht
bei 6 cores haben 1000 Messungen 20.819973 Sekunden gebraucht
bei 6 cores haben 1000 Messungen 21.077561 Sekunden gebraucht
bei 7 cores haben 1000 Messungen 20.950483 Sekunden gebraucht
bei 7 cores haben 1000 Messungen 20.943516 Sekunden gebraucht
bei 7 cores haben 1000 Messungen 21.084089 Sekunden gebraucht
bei 7 cores haben 1000 Messungen 20.968710 Sekunden gebraucht
bei 7 cores haben 1000 Messungen 20.999762 Sekunden gebraucht
bei 7 cores haben 1000 Messungen 20.973998 Sekunden gebraucht
bei 7 cores haben 1000 Messungen 20.955272 Sekunden gebraucht
bei 7 cores haben 1000 Messungen 21.114846 Sekunden gebraucht
bei 7 cores haben 1000 Messungen 21.040183 Sekunden gebraucht
bei 7 cores haben 1000 Messungen 21.041478 Sekunden gebraucht
bei 8 cores haben 1000 Messungen 20.773501 Sekunden gebraucht
bei 8 cores haben 1000 Messungen 20.800168 Sekunden gebraucht
bei 8 cores haben 1000 Messungen 20.922445 Sekunden gebraucht
bei 8 cores haben 1000 Messungen 21.113608 Sekunden gebraucht
bei 8 cores haben 1000 Messungen 20.876305 Sekunden gebraucht
bei 8 cores haben 1000 Messungen 20.732960 Sekunden gebraucht
bei 8 cores haben 1000 Messungen 20.950889 Sekunden gebraucht
bei 8 cores haben 1000 Messungen 20.726687 Sekunden gebraucht
bei 8 cores haben 1000 Messungen 21.209519 Sekunden gebraucht
bei 8 cores haben 1000 Messungen 20.921816 Sekunden gebraucht
bei 9 cores haben 1000 Messungen 20.953692 Sekunden gebraucht
bei 9 cores haben 1000 Messungen 20.985218 Sekunden gebraucht
bei 9 cores haben 1000 Messungen 20.995810 Sekunden gebraucht
bei 9 cores haben 1000 Messungen 20.957425 Sekunden gebraucht
bei 9 cores haben 1000 Messungen 20.952157 Sekunden gebraucht
bei 9 cores haben 1000 Messungen 20.968543 Sekunden gebraucht
bei 9 cores haben 1000 Messungen 21.000694 Sekunden gebraucht
bei 9 cores haben 1000 Messungen 21.119423 Sekunden gebraucht
bei 9 cores haben 1000 Messungen 20.999981 Sekunden gebraucht
bei 9 cores haben 1000 Messungen 20.986497 Sekunden gebraucht
bei 10 cores haben 1000 Messungen 21.084186 Sekunden gebraucht
bei 10 cores haben 1000 Messungen 21.100400 Sekunden gebraucht
bei 10 cores haben 1000 Messungen 21.045913 Sekunden gebraucht
bei 10 cores haben 1000 Messungen 21.010142