Thu Jun  4 16:20:56 CEST 2020 Waiting for 30 seconds before starting the job to allow the node to settle down
Thu Jun  4 16:21:26 CEST 2020 Waiting done, starting task!
Thu Jun  4 16:21:26 CEST 2020 Waiting for 30 seconds before starting the job to allow the node to settle down
Thu Jun  4 16:21:56 CEST 2020 Waiting done, starting task!
Laenge=6
bei 1 cores haben 1000 Messungen 0.010546 Sekunden gebraucht
bei 1 cores haben 1000 Messungen 0.009713 Sekunden gebraucht
bei 1 cores haben 1000 Messungen 0.010049 Sekunden gebraucht
bei 1 cores haben 1000 Messungen 0.009529 Sekunden gebraucht
bei 1 cores haben 1000 Messungen 0.009009 Sekunden gebraucht
bei 1 cores haben 1000 Messungen 0.008846 Sekunden gebraucht
bei 1 cores haben 1000 Messungen 0.014547 Sekunden gebraucht
bei 1 cores haben 1000 Messungen 0.013246 Sekunden gebraucht
bei 1 cores haben 1000 Messungen 0.012273 Sekunden gebraucht
bei 1 cores haben 1000 Messungen 0.011448 Sekunden gebraucht
bei 2 cores haben 1000 Messungen 0.020887 Sekunden gebraucht
bei 2 cores haben 1000 Messungen 0.018872 Sekunden gebraucht
bei 2 cores haben 1000 Messungen 0.017555 Sekunden gebraucht
bei 2 cores haben 1000 Messungen 0.017108 Sekunden gebraucht
bei 2 cores haben 1000 Messungen 0.016387 Sekunden gebraucht
bei 2 cores haben 1000 Messungen 0.016087 Sekunden gebraucht
bei 2 cores haben 1000 Messungen 0.016255 Sekunden gebraucht
bei 2 cores haben 1000 Messungen 0.016072 Sekunden gebraucht
bei 2 cores haben 1000 Messungen 0.016038 Sekunden gebraucht
bei 2 cores haben 1000 Messungen 0.016283 Sekunden gebraucht
bei 3 cores haben 1000 Messungen 0.015274 Sekunden gebraucht
bei 3 cores haben 1000 Messungen 0.015319 Sekunden gebraucht
bei 3 cores haben 1000 Messungen 0.015404 Sekunden gebraucht
bei 3 cores haben 1000 Messungen 0.015622 Sekunden gebraucht
bei 3 cores haben 1000 Messungen 0.015725 Sekunden gebraucht
bei 3 cores haben 1000 Messungen 0.015303 Sekunden gebraucht
bei 3 cores haben 1000 Messungen 0.015667 Sekunden gebraucht
bei 3 cores haben 1000 Messungen 0.015168 Sekunden gebraucht
bei 3 cores haben 1000 Messungen 0.015534 Sekunden gebraucht
bei 3 cores haben 1000 Messungen 0.015566 Sekunden gebraucht
bei 4 cores haben 1000 Messungen 0.015349 Sekunden gebraucht
bei 4 cores haben 1000 Messungen 0.015652 Sekunden gebraucht
bei 4 cores haben 1000 Messungen 0.015622 Sekunden gebraucht
bei 4 cores haben 1000 Messungen 0.015234 Sekunden gebraucht
bei 4 cores haben 1000 Messungen 0.015431 Sekunden gebraucht
bei 4 cores haben 1000 Messungen 0.015201 Sekunden gebraucht
bei 4 cores haben 1000 Messungen 0.015079 Sekunden gebraucht
bei 4 cores haben 1000 Messungen 0.014403 Sekunden gebraucht
bei 4 cores haben 1000 Messungen 0.013924 Sekunden gebraucht
bei 4 cores haben 1000 Messungen 0.013598 Sekunden gebraucht
bei 5 cores haben 1000 Messungen 0.016465 Sekunden gebraucht
bei 5 cores haben 1000 Messungen 0.016510 Sekunden gebraucht
bei 5 cores haben 1000 Messungen 0.015649 Sekunden gebraucht
bei 5 cores haben 1000 Messungen 0.015480 Sekunden gebraucht
bei 5 cores haben 1000 Messungen 0.016573 Sekunden gebraucht
bei 5 cores haben 1000 Messungen 0.015024 Sekunden gebraucht
bei 5 cores haben 1000 Messungen 0.014917 Sekunden gebraucht
bei 5 cores haben 1000 Messungen 0.014859 Sekunden gebraucht
bei 5 cores haben 1000 Messungen 0.015245 Sekunden gebraucht
bei 5 cores haben 1000 Messungen 0.014876 Sekunden gebraucht
bei 6 cores haben 1000 Messungen 0.015107 Sekunden gebraucht
bei 6 cores haben 1000 Messungen 0.015431 Sekunden gebraucht
bei 6 cores haben 1000 Messungen 0.015125 Sekunden gebraucht
bei 6 cores haben 1000 Messungen 0.015018 Sekunden gebraucht
bei 6 cores haben 1000 Messungen 0.014829 Sekunden gebraucht
bei 6 cores haben 1000 Messungen 0.015191 Sekunden gebraucht
bei 6 cores haben 1000 Messungen 0.014924 Sekunden gebraucht
bei 6 cores haben 1000 Messungen 0.015239 Sekunden gebraucht
bei 6 cores haben 1000 Messungen 0.014420 Sekunden gebraucht
bei 6 cores haben 1000 Messungen 0.014656 Sekunden gebraucht
bei 7 cores haben 1000 Messungen 0.016762 Sekunden gebraucht
bei 7 cores haben 1000 Messungen 0.016775 Sekunden gebraucht
bei 7 cores haben 1000 Messungen 0.017337 Sekunden gebraucht
bei 7 cores haben 1000 Messungen 0.017277 Sekunden gebraucht
bei 7 cores haben 1000 Messungen 0.017037 Sekunden gebraucht
bei 7 cores haben 1000 Messungen 0.017862 Sekunden gebraucht
bei 7 cores haben 1000 Messungen 0.017940 Sekunden gebraucht
bei 7 cores haben 1000 Messungen 0.017676 Sekunden gebraucht
bei 7 cores haben 1000 Messungen 0.018559 Sekunden gebraucht
bei 7 cores haben 1000 Messungen 0.019006 Sekunden gebraucht
bei 8 cores haben 1000 Messungen 0.016152 Sekunden gebraucht
bei 8 cores haben 1000 Messungen 0.015909 Sekunden gebraucht
bei 8 cores haben 1000 Messungen 0.016233 Sekunden gebraucht
bei 8 cores haben 1000 Messungen 0.016046 Sekunden gebraucht
bei 8 cores haben 1000 Messungen 0.016658 Sekunden gebraucht
bei 8 cores haben 1000 Messungen 0.016870 Sekunden gebraucht
bei 8 cores haben 1000 Messungen 0.016678 Sekunden gebraucht
bei 8 cores haben 1000 Messungen 0.016550 Sekunden gebraucht
bei 8 cores haben 1000 Messungen 0.016632 Sekunden gebraucht
bei 8 cores haben 1000 Messungen 0.016548 Sekunden gebraucht
bei 9 cores haben 1000 Messungen 0.020301 Sekunden gebraucht
bei 9 cores haben 1000 Messungen 0.019860 Sekunden gebraucht
bei 9 cores haben 1000 Messungen 0.021123 Sekunden gebraucht
bei 9 cores haben 1000 Messungen 0.020966 Sekunden gebraucht
bei 9 cores haben 1000 Messungen 0.020089 Sekunden gebraucht
bei 9 cores haben 1000 Messungen 0.019095 Sekunden gebraucht
bei 9 cores haben 1000 Messungen 0.019852 Sekunden gebraucht
bei 9 cores haben 1000 Messungen 0.020586 Sekunden gebraucht
bei 9 cores haben 1000 Messungen 0.022304 Sekunden gebraucht
bei 9 cores haben 1000 Messungen 0.021416 Sekunden gebraucht
bei 10 cores haben 1000 Messungen 0.019775 Sekunden gebraucht
bei 10 cores haben 1000 Messungen 0.019297 Sekunden gebraucht
bei 10 cores haben 1000 Messungen 0.019808 Sekunden gebraucht
bei 10 cores haben 1000 Messungen 0.020061 Sekunden gebraucht
bei 10 cores haben 1000 Messungen 0.020522 Sekunden gebraucht
bei 10 cores haben 1000 Messungen 0.020021 Sekunden gebraucht
bei 10 cores haben 1000 Messungen 0.021027 Sekunden gebraucht
bei 10 cores haben 1000 Messungen 0.021017 Sekunden gebraucht
bei 10 cores haben 1000 Messungen 0.021242 Sekunden gebraucht
bei 10 cores haben 1000 Messungen 0.020884 Sekunden gebraucht
bei 11 cores haben 1000 Messungen 0.022937 Sekunden gebraucht
bei 11 cores haben 1000 Messungen 0.024168 Sekunden gebraucht
bei 11 cores haben 1000 Messungen 0.023314 Sekunden gebraucht
bei 11 cores haben 1000 Messungen 0.023558 Sekunden gebraucht
bei 11 cores haben 1000 Messungen 0.023457 Sekunden gebraucht
bei 11 cores haben 1000 Messungen 0.023027 Sekunden gebraucht
bei 11 cores haben 1000 Messungen 0.023015 Sekunden gebraucht
bei 11 cores haben 1000 Messungen 0.023108 Sekunden gebraucht
bei 11 cores haben 1000 Messungen 0.022984 Sekunden gebraucht
bei 11 cores haben 1000 Messungen 0.022732 Sekunden gebraucht
bei 12 cores haben 1000 Messungen 0.022502 Sekunden gebraucht
bei 12 cores haben 1000 Messungen 0.024365 Sekunden gebraucht
bei 12 cores haben 1000 Messungen 0.025395 Sekunden gebraucht
bei 12 cores haben 1000 Messungen 0.024819 Sekunden gebraucht
bei 12 cores haben 1000 Messungen 0.025071 Sekunden gebraucht
bei 12 cores haben 1000 Messungen 0.024878 Sekunden gebraucht
bei 12 cores haben 1000 Messungen 0.025146 Sekunden gebraucht
bei 12 cores haben 1000 Messungen 0.024297 Sekunden gebraucht
bei 12 cores haben 1000 Messungen 0.023862 Sekunden gebraucht
bei 12 cores haben 1000 Messungen 0.023963 Sekunden gebraucht
Laenge=10
bei 1 cores haben 1000 Messungen 0.015846 Sekunden gebraucht
bei 1 cores haben 1000 Messungen 0.015838 Sekunden gebraucht
bei 1 cores haben 1000 Messungen 0.029293 Sekunden gebraucht
bei 1 cores haben 1000 Messungen 0.026996 Sekunden gebraucht
bei 1 cores haben 1000 Messungen 0.029035 Sekunden gebraucht
bei 1 cores haben 1000 Messungen 0.029800 Sekunden gebraucht
bei 1 cores haben 1000 Messungen 0.025185 Sekunden gebraucht
bei 1 cores haben 1000 Messungen 0.022193 Sekunden gebraucht
bei 1 cores haben 1000 Messungen 0.019974 Sekunden gebraucht
bei 1 cores haben 1000 Messungen 0.028291 Sekunden gebraucht
bei 2 cores haben 1000 Messungen 0.038359 Sekunden gebraucht
bei 2 cores haben 1000 Messungen 0.032633 Sekunden gebraucht
bei 2 cores haben 1000 Messungen 0.028961 Sekunden gebraucht
bei 2 cores haben 1000 Messungen 0.027470 Sekunden gebraucht
bei 2 cores haben 1000 Messungen 0.025788 Sekunden gebraucht
bei 2 cores haben 1000 Messungen 0.034733 Sekunden gebraucht
bei 2 cores haben 1000 Messungen 0.034684 Sekunden gebraucht
bei 2 cores haben 1000 Messungen 0.031235 Sekunden gebraucht
bei 2 cores haben 1000 Messungen 0.035027 Sekunden gebraucht
bei 2 cores haben 1000 Messungen 0.031970 Sekunden gebraucht
bei 3 cores haben 1000 Messungen 0.026813 Sekunden gebraucht
bei 3 cores haben 1000 Messungen 0.026374 Sekunden gebraucht
bei 3 cores haben 1000 Messungen 0.025801 Sekunden gebraucht
bei 3 cores haben 1000 Messungen 0.025851 Sekunden gebraucht
bei 3 cores haben 1000 Messungen 0.025883 Sekunden gebraucht
bei 3 cores haben 1000 Messungen 0.025939 Sekunden gebraucht
bei 3 cores haben 1000 Messungen 0.025847 Sekunden gebraucht
bei 3 cores haben 1000 Messungen 0.025853 Sekunden gebraucht
bei 3 cores haben 1000 Messungen 0.025985 Sekunden gebraucht
bei 3 cores haben 1000 Messungen 0.025764 Sekunden gebraucht
bei 4 cores haben 1000 Messungen 0.024917 Sekunden gebraucht
bei 4 cores haben 1000 Messungen 0.024422 Sekunden gebraucht
bei 4 cores haben 1000 Messungen 0.024289 Sekunden gebraucht
bei 4 cores haben 1000 Messungen 0.024215 Sekunden gebraucht
bei 4 cores haben 1000 Messungen 0.023930 Sekunden gebraucht
bei 4 cores haben 1000 Messungen 0.024269 Sekunden gebraucht
bei 4 cores haben 1000 Messungen 0.024088 Sekunden gebraucht
bei 4 cores haben 1000 Messungen 0.024170 Sekunden gebraucht
bei 4 cores haben 1000 Messungen 0.023522 Sekunden gebraucht
bei 4 cores haben 1000 Messungen 0.021378 Sekunden gebraucht
bei 5 cores haben 1000 Messungen 0.021482 Sekunden gebraucht
bei 5 cores haben 1000 Messungen 0.021443 Sekunden gebraucht
bei 5 cores haben 1000 Messungen 0.022201 Sekunden gebraucht
bei 5 cores haben 1000 Messungen 0.021450 Sekunden gebraucht
bei 5 cores haben 1000 Messungen 0.022508 Sekunden gebraucht
bei 5 cores haben 1000 Messungen 0.022454 Sekunden gebraucht
bei 5 cores haben 1000 Messungen 0.022672 Sekunden gebraucht
bei 5 cores haben 1000 Messungen 0.021789 Sekunden gebraucht
bei 5 cores haben 1000 Messungen 0.021099 Sekunden gebraucht
bei 5 cores haben 1000 Messungen 0.021928 Sekunden gebraucht
bei 6 cores haben 1000 Messungen 0.020960 Sekunden gebraucht
bei 6 cores haben 1000 Messungen 0.020690 Sekunden gebraucht
bei 6 cores haben 1000 Messungen 0.020545 Sekunden gebraucht
bei 6 cores haben 1000 Messungen 0.021202 Sekunden gebraucht
bei 6 cores haben 1000 Messungen 0.020444 Sekunden gebraucht
bei 6 cores haben 1000 Messungen 0.020045 Sekunden gebraucht
bei 6 cores haben 1000 Messungen 0.020644 Sekunden gebraucht
bei 6 cores haben 1000 Messungen 0.020482 Sekunden gebraucht
bei 6 cores haben 1000 Messungen 0.020700 Sekunden gebraucht
bei 6 cores haben 1000 Messungen 0.021095 Sekunden gebraucht
bei 7 cores haben 1000 Messungen 0.023918 Sekunden gebraucht
bei 7 cores haben 1000 Messungen 0.023276 Sekunden gebraucht
bei 7 cores haben 1000 Messungen 0.022715 Sekunden gebraucht
bei 7 cores haben 1000 Messungen 0.024110 Sekunden gebraucht
bei 7 cores haben 1000 Messungen 0.023891 Sekunden gebraucht
bei 7 cores haben 1000 Messungen 0.022811 Sekunden gebraucht
bei 7 cores haben 1000 Messungen 0.024051 Sekunden gebraucht
bei 7 cores haben 1000 Messungen 0.022538 Sekunden gebraucht
bei 7 cores haben 1000 Messungen 0.022413 Sekunden gebraucht
bei 7 cores haben 1000 Messungen 0.022500 Sekunden gebraucht
bei 8 cores haben 1000 Messungen 0.021942 Sekunden gebraucht
bei 8 cores haben 1000 Messungen 0.021981 Sekunden gebraucht
bei 8 cores haben 1000 Messungen 0.021623 Sekunden gebraucht
bei 8 cores haben 1000 Messungen 0.021881 Sekunden gebraucht
bei 8 cores haben 1000 Messungen 0.021638 Sekunden gebraucht
bei 8 cores haben 1000 Messungen 0.021718 Sekunden gebraucht
bei 8 cores haben 1000 Messungen 0.021830 Sekunden gebraucht
bei 8 cores haben 1000 Messungen 0.021619 Sekunden gebraucht
bei 8 cores haben 1000 Messungen 0.021904 Sekunden gebraucht
bei 8 cores haben 1000 Messungen 0.022456 Sekunden gebraucht
bei 9 cores haben 1000 Messungen 0.025850 Sekunden gebraucht
bei 9 cores haben 1000 Messungen 0.026220 Sekunden gebraucht
bei 9 cores haben 1000 Messungen 0.027497 Sekunden gebraucht
bei 9 cores haben 1000 Messungen 0.025242 Sekunden gebraucht
bei 9 cores haben 1000 Messungen 0.026093 Sekunden gebraucht
bei 9 cores haben 1000 Messungen 0.025773 Sekunden gebraucht
bei 9 cores haben 1000 Messungen 0.026867 Sekunden gebraucht
bei 9 cores haben 1000 Messungen 0.027400 Sekunden gebraucht
bei 9 cores haben 1000 Messungen 0.027329 Sekunden gebraucht
bei 9 cores haben 1000 Messungen 0.026332 Sekunden gebraucht
bei 10 cores haben 1000 Messungen 0.024027 Sekunden gebraucht
bei 10 cores haben 1000 Messungen 0.024502 Sekunden gebraucht
bei 10 cores haben 1000 Messungen 0.024509 Sekunden gebraucht
bei 10 cores haben 1000 Messungen 0.024319 Sekunden gebraucht
bei 10 cores haben 1000 Messungen 0.024614 Sekunden gebraucht
bei 10 cores haben 1000 Messungen 0.024708 Sekunden gebraucht
bei 10 cores haben 1000 Messungen 0.024267 Sekunden gebraucht
bei 10 cores haben 1000 Messungen 0.024687 Sekunden gebraucht
bei 10 cores haben 1000 Messungen 0.025265 Sekunden gebraucht
bei 10 cores haben 1000 Messungen 0.025078 Sekunden gebraucht
bei 11 cores haben 1000 Messungen 0.027851 Sekunden gebraucht
bei 11 cores haben 1000 Messungen 0.028836 Sekunden gebraucht
bei 11 cores haben 1000 Messungen 0.027724 Sekunden gebraucht
bei 11 cores haben 1000 Messungen 0.027435 Sekunden gebraucht
bei 11 cores haben 1000 Messungen 0.027930 Sekunden gebraucht
bei 11 cores haben 1000 Messungen 0.027464 Sekunden gebraucht
bei 11 cores haben 1000 Messungen 0.027910 Sekunden gebraucht
bei 11 cores haben 1000 Messungen 0.028386 Sekunden gebraucht
bei 11 cores haben 1000 Messungen 0.026914 Sekunden gebraucht
bei 11 cores haben 1000 Messungen 0.027869 Sekunden gebraucht
bei 12 cores haben 1000 Messungen 0.025608 Sekunden gebraucht
bei 12 cores haben 1000 Messungen 0.026924 Sekunden gebraucht
bei 12 cores haben 1000 Messungen 0.026991 Sekunden gebraucht
bei 12 cores haben 1000 Messungen 0.026255 Sekunden gebraucht
bei 12 cores haben 1000 Messungen 0.025863 Sekunden gebraucht
bei 12 cores haben 1000 Messungen 0.025694 Sekunden gebraucht
bei 12 cores haben 1000 Messungen 0.025276 Sekunden gebraucht
bei 12 cores haben 1000 Messungen 0.024958 Sekunden gebraucht
bei 12 cores haben 1000 Messungen 0.025894 Sekunden gebraucht
bei 12 cores haben 1000 Messungen 0.025672 Sekunden gebraucht
Laenge=20
bei 1 cores haben 1000 Messungen 0.053725 Sekunden gebraucht
bei 1 cores haben 1000 Messungen 0.087258 Sekunden gebraucht
bei 1 cores haben 1000 Messungen 0.061729 Sekunden gebraucht
bei 1 cores haben 1000 Messungen 0.053516 Sekunden gebraucht
bei 1 cores haben 1000 Messungen 0.086491 Sekunden gebraucht
bei 1 cores haben 1000 Messungen 0.062361 Sekunden gebraucht
bei 1 cores haben 1000 Messungen 0.053871 Sekunden gebraucht
bei 1 cores haben 1000 Messungen 0.053002 Sekunden gebraucht
bei 1 cores haben 1000 Messungen 0.052985 Sekunden gebraucht
bei 1 cores haben 1000 Messungen 0.052995 Sekunden gebraucht
bei 2 cores haben 1000 Messungen 0.096795 Sekunden gebraucht
bei 2 cores haben 1000 Messungen 0.087916 Sekunden gebraucht
bei 2 cores haben 1000 Messungen 0.088472 Sekunden gebraucht
bei 2 cores haben 1000 Messungen 0.086703 Sekunden gebraucht
bei 2 cores haben 1000 Messungen 0.105631 Sekunden gebraucht
bei 2 cores haben 1000 Messungen 0.086652 Sekunden gebraucht
bei 2 cores haben 1000 Messungen 0.080601 Sekunden gebraucht
bei 2 cores haben 1000 Messungen 0.084252 Sekunden gebraucht
bei 2 cores haben 1000 Messungen 0.080828 Sekunden gebraucht
bei 2 cores haben 1000 Messungen 0.080631 Sekunden gebraucht
bei 3 cores haben 1000 Messungen 0.066429 Sekunden gebraucht
bei 3 cores haben 1000 Messungen 0.066163 Sekunden gebraucht
bei 3 cores haben 1000 Messungen 0.066723 Sekunden gebraucht
bei 3 cores haben 1000 Messungen 0.066426 Sekunden gebraucht
bei 3 cores haben 1000 Messungen 0.066601 Sekunden gebraucht
bei 3 cores haben 1000 Messungen 0.066740 Sekunden gebraucht
bei 3 cores haben 1000 Messungen 0.066675 Sekunden gebraucht
bei 3 cores haben 1000 Messungen 0.066464 Sekunden gebraucht
bei 3 cores haben 1000 Messungen 0.066193 Sekunden gebraucht
bei 3 cores haben 1000 Messungen 0.067725 Sekunden gebraucht
bei 4 cores haben 1000 Messungen 0.058401 Sekunden gebraucht
bei 4 cores haben 1000 Messungen 0.057159 Sekunden gebraucht
bei 4 cores haben 1000 Messungen 0.058085 Sekunden gebraucht
bei 4 cores haben 1000 Messungen 0.055912 Sekunden gebraucht
bei 4 cores haben 1000 Messungen 0.056181 Sekunden gebraucht
bei 4 cores haben 1000 Messungen 0.056250 Sekunden gebraucht
bei 4 cores haben 1000 Messungen 0.059024 Sekunden gebraucht
bei 4 cores haben 1000 Messungen 0.060516 Sekunden gebraucht
bei 4 cores haben 1000 Messungen 0.056578 Sekunden gebraucht
bei 4 cores haben 1000 Messungen 0.058491 Sekunden gebraucht
bei 5 cores haben 1000 Messungen 0.055652 Sekunden gebraucht
bei 5 cores haben 1000 Messungen 0.053402 Sekunden gebraucht
bei 5 cores haben 1000 Messungen 0.053054 Sekunden gebraucht
bei 5 cores haben 1000 Messungen 0.054032 Sekunden gebraucht
bei 5 cores haben 1000 Messungen 0.054412 Sekunden gebraucht
bei 5 cores haben 1000 Messungen 0.057047 Sekunden gebraucht
bei 5 cores haben 1000 Messungen 0.053984 Sekunden gebraucht
bei 5 cores haben 1000 Messungen 0.052913 Sekunden gebraucht
bei 5 cores haben 1000 Messungen 0.053361 Sekunden gebraucht
bei 5 cores haben 1000 Messungen 0.055118 Sekunden gebraucht
bei 6 cores haben 1000 Messungen 0.054108 Sekunden gebraucht
bei 6 cores haben 1000 Messungen 0.051571 Sekunden gebraucht
bei 6 cores haben 1000 Messungen 0.050287 Sekunden gebraucht
bei 6 cores haben 1000 Messungen 0.051376 Sekunden gebraucht
bei 6 cores haben 1000 Messungen 0.052793 Sekunden gebraucht
bei 6 cores haben 1000 Messungen 0.052604 Sekunden gebraucht
bei 6 cores haben 1000 Messungen 0.055509 Sekunden gebraucht
bei 6 cores haben 1000 Messungen 0.054625 Sekunden gebraucht
bei 6 cores haben 1000 Messungen 0.055412 Sekunden gebraucht
bei 6 cores haben 1000 Messungen 0.056480 Sekunden gebraucht
bei 7 cores haben 1000 Messungen 0.054650 Sekunden gebraucht
bei 7 cores haben 1000 Messungen 0.053087 Sekunden gebraucht
bei 7 cores haben 1000 Messungen 0.054810 Sekunden gebraucht
bei 7 cores haben 1000 Messungen 0.054539 Sekunden gebraucht
bei 7 cores haben 1000 Messungen 0.052288 Sekunden gebraucht
bei 7 cores haben 1000 Messungen 0.052853 Sekunden gebraucht
bei 7 cores haben 1000 Messungen 0.055809 Sekunden gebraucht
bei 7 cores haben 1000 Messungen 0.052153 Sekunden gebraucht
bei 7 cores haben 1000 Messungen 0.050547 Sekunden gebraucht
bei 7 cores haben 1000 Messungen 0.051720 Sekunden gebraucht
bei 8 cores haben 1000 Messungen 0.054840 Sekunden gebraucht
bei 8 cores haben 1000 Messungen 0.053874 Sekunden gebraucht
bei 8 cores haben 1000 Messungen 0.052842 Sekunden gebraucht
bei 8 cores haben 1000 Messungen 0.051168 Sekunden gebraucht
bei 8 cores haben 1000 Messungen 0.052537 Sekunden gebraucht
bei 8 cores haben 1000 Messungen 0.053890 Sekunden gebraucht
bei 8 cores haben 1000 Messungen 0.053182 Sekunden gebraucht
bei 8 cores haben 1000 Messungen 0.055013 Sekunden gebraucht
bei 8 cores haben 1000 Messungen 0.052044 Sekunden gebraucht
bei 8 cores haben 1000 Messungen 0.054424 Sekunden gebraucht
bei 9 cores haben 1000 Messungen 0.054138 Sekunden gebraucht
bei 9 cores haben 1000 Messungen 0.054412 Sekunden gebraucht
bei 9 cores haben 1000 Messungen 0.052887 Sekunden gebraucht
bei 9 cores haben 1000 Messungen 0.054264 Sekunden gebraucht
bei 9 cores haben 1000 Messungen 0.052886 Sekunden gebraucht
bei 9 cores haben 1000 Messungen 0.052359 Sekunden gebraucht
bei 9 cores haben 1000 Messungen 0.054303 Sekunden gebraucht
bei 9 cores haben 1000 Messungen 0.052540 Sekunden gebraucht
bei 9 cores haben 1000 Messungen 0.055349 Sekunden gebraucht
bei 9 cores haben 1000 Messungen 0.054589 Sekunden gebraucht
bei 10 cores haben 1000 Messungen 0.053836 Sekunden gebraucht
bei 10 cores haben 1000 Messungen 0.052439 Sekunden gebraucht
bei 10 cores haben 1000 Messungen 0.052571 Sekunden gebraucht
bei 10 cores haben 1000 Messungen 0.050848 Sekunden gebraucht
bei 10 cores haben 1000 Messungen 0.051162 Sekunden gebraucht
bei 10 cores haben 1000 Messungen 0.051714 Sekunden gebraucht
bei 10 cores haben 1000 Messungen 0.052911 Sekunden gebraucht
bei 10 cores haben 1000 Messungen 0.051688 Sekunden gebraucht
bei 10 cores haben 1000 Messungen 0.052535 Sekunden gebraucht
bei 10 cores haben 1000 Messungen 0.051252 Sekunden gebraucht
bei 11 cores haben 1000 Messungen 0.053398 Sekunden gebraucht
bei 11 cores haben 1000 Messungen 0.054273 Sekunden gebraucht
bei 11 cores haben 1000 Messungen 0.056241 Sekunden gebraucht
bei 11 cores haben 1000 Messungen 0.053325 Sekunden gebraucht
bei 11 cores haben 1000 Messungen 0.054241 Sekunden gebraucht
bei 11 cores haben 1000 Messungen 0.055569 Sekunden gebraucht
bei 11 cores haben 1000 Messungen 0.055171 Sekunden gebraucht
bei 11 cores haben 1000 Messungen 0.055192 Sekunden gebraucht
bei 11 cores haben 1000 Messungen 0.053796 Sekunden gebraucht
bei 11 cores haben 1000 Messungen 0.054691 Sekunden gebraucht
bei 12 cores haben 1000 Messungen 0.056108 Sekunden gebraucht
bei 12 cores haben 1000 Messungen 0.054773 Sekunden gebraucht
bei 12 cores haben 1000 Messungen 0.053586 Sekunden gebraucht
bei 12 cores haben 1000 Messungen 0.053053 Sekunden gebraucht
bei 12 cores haben 1000 Messungen 0.054628 Sekunden gebraucht
bei 12 cores haben 1000 Messungen 0.054990 Sekunden gebraucht
bei 12 cores haben 1000 Messungen 0.052733 Sekunden gebraucht
bei 12 cores haben 1000 Messungen 0.053903 Sekunden gebraucht
bei 12 cores haben 1000 Messungen 0.052641 Sekunden gebraucht
bei 12 cores haben 1000 Messungen 0.055137 Sekunden gebraucht
Laenge=36
bei 1 cores haben 1000 Messungen 0.164163 Sekunden gebraucht
bei 1 cores haben 1000 Messungen 0.205908 Sekunden gebraucht
bei 1 cores haben 1000 Messungen 0.163413 Sekunden gebraucht
bei 1 cores haben 1000 Messungen 0.162707 Sekunden gebraucht
bei 1 cores haben 1000 Messungen 0.162644 Sekunden gebraucht
bei 1 cores haben 1000 Messungen 0.206122 Sekunden gebraucht
bei 1 cores haben 1000 Messungen 0.162865 Sekunden gebraucht
bei 1 cores haben 1000 Messungen 0.163062 Sekunden gebraucht
bei 1 cores haben 1000 Messungen 0.205916 Sekunden gebraucht
bei 1 cores haben 1000 Messungen 0.225005 Sekunden gebraucht
bei 2 cores haben 1000 Messungen 0.221243 Sekunden gebraucht
bei 2 cores haben 1000 Messungen 0.279755 Sekunden gebraucht
bei 2 cores haben 1000 Messungen 0.282013 Sekunden gebraucht
bei 2 cores haben 1000 Messungen 0.279567 Sekunden gebraucht
bei 2 cores haben 1000 Messungen 0.269614 Sekunden gebraucht
bei 2 cores haben 1000 Messungen 0.235757 Sekunden gebraucht
bei 2 cores haben 1000 Messungen 0.233252 Sekunden gebraucht
bei 2 cores haben 1000 Messungen 0.233217 Sekunden gebraucht
bei 2 cores haben 1000 Messungen 0.234343 Sekunden gebraucht
bei 2 cores haben 1000 Messungen 0.233115 Sekunden gebraucht
bei 3 cores haben 1000 Messungen 0.186372 Sekunden gebraucht
bei 3 cores haben 1000 Messungen 0.190958 Sekunden gebraucht
bei 3 cores haben 1000 Messungen 0.188901 Sekunden gebraucht
bei 3 cores haben 1000 Messungen 0.185486 Sekunden gebraucht
bei 3 cores haben 1000 Messungen 0.189179 Sekunden gebraucht
bei 3 cores haben 1000 Messungen 0.188536 Sekunden gebraucht
bei 3 cores haben 1000 Messungen 0.187982 Sekunden gebraucht
bei 3 cores haben 1000 Messungen 0.188742 Sekunden gebraucht
bei 3 cores haben 1000 Messungen 0.187180 Sekunden gebraucht
bei 3 cores haben 1000 Messungen 0.189159 Sekunden gebraucht
bei 4 cores haben 1000 Messungen 0.158956 Sekunden gebraucht
bei 4 cores haben 1000 Messungen 0.167388 Sekunden gebraucht
bei 4 cores haben 1000 Messungen 0.161682 Sekunden gebraucht
bei 4 cores haben 1000 Messungen 0.157475 Sekunden gebraucht
bei 4 cores haben 1000 Messungen 0.098757 Sekunden gebraucht
bei 4 cores haben 1000 Messungen 0.162460 Sekunden gebraucht
bei 4 cores haben 1000 Messungen 0.161093 Sekunden gebraucht
bei 4 cores haben 1000 Messungen 0.164318 Sekunden gebraucht
bei 4 cores haben 1000 Messungen 0.158640 Sekunden gebraucht
bei 4 cores haben 1000 Messungen 0.160958 Sekunden gebraucht
bei 5 cores haben 1000 Messungen 0.149992 Sekunden gebraucht
bei 5 cores haben 1000 Messungen 0.149841 Sekunden gebraucht
bei 5 cores haben 1000 Messungen 0.150655 Sekunden gebraucht
bei 5 cores haben 1000 Messungen 0.150881 Sekunden gebraucht
bei 5 cores haben 1000 Messungen 0.151352 Sekunden gebraucht
bei 5 cores haben 1000 Messungen 0.150242 Sekunden gebraucht
bei 5 cores haben 1000 Messungen 0.150572 Sekunden gebraucht
bei 5 cores haben 1000 Messungen 0.150850 Sekunden gebraucht
bei 5 cores haben 1000 Messungen 0.150711 Sekunden gebraucht
bei 5 cores haben 1000 Messungen 0.152354 Sekunden gebraucht
bei 6 cores haben 1000 Messungen 0.142690 Sekunden gebraucht
bei 6 cores haben 1000 Messungen 0.143436 Sekunden gebraucht
bei 6 cores haben 1000 Messungen 0.144339 Sekunden gebraucht
bei 6 cores haben 1000 Messungen 0.145393 Sekunden gebraucht
bei 6 cores haben 1000 Messungen 0.139569 Sekunden gebraucht
bei 6 cores haben 1000 Messungen 0.141212 Sekunden gebraucht
bei 6 cores haben 1000 Messungen 0.142939 Sekunden gebraucht
bei 6 cores haben 1000 Messungen 0.140201 Sekunden gebraucht
bei 6 cores haben 1000 Messungen 0.141855 Sekunden gebraucht
bei 6 cores haben 1000 Messungen 0.146872 Sekunden gebraucht
bei 7 cores haben 1000 Messungen 0.140657 Sekunden gebraucht
bei 7 cores haben 1000 Messungen 0.139548 Sekunden gebraucht
bei 7 cores haben 1000 Messungen 0.139984 Sekunden gebraucht
bei 7 cores haben 1000 Messungen 0.140225 Sekunden gebraucht
bei 7 cores haben 1000 Messungen 0.139861 Sekunden gebraucht
bei 7 cores haben 1000 Messungen 0.141729 Sekunden gebraucht
bei 7 cores haben 1000 Messungen 0.141748 Sekunden gebraucht
bei 7 cores haben 1000 Messungen 0.140094 Sekunden gebraucht
bei 7 cores haben 1000 Messungen 0.140262 Sekunden gebraucht
bei 7 cores haben 1000 Messungen 0.140367 Sekunden gebraucht
bei 8 cores haben 1000 Messungen 0.140013 Sekunden gebraucht
bei 8 cores haben 1000 Messungen 0.138437 Sekunden gebraucht
bei 8 cores haben 1000 Messungen 0.138768 Sekunden gebraucht
bei 8 cores haben 1000 Messungen 0.138031 Sekunden gebraucht
bei 8 cores haben 1000 Messungen 0.137819 Sekunden gebraucht
bei 8 cores haben 1000 Messungen 0.138987 Sekunden gebraucht
bei 8 cores haben 1000 Messungen 0.139221 Sekunden gebraucht
bei 8 cores haben 1000 Messungen 0.138324 Sekunden gebraucht
bei 8 cores haben 1000 Messungen 0.140128 Sekunden gebraucht
bei 8 cores haben 1000 Messungen 0.138310 Sekunden gebraucht
bei 9 cores haben 1000 Messungen 0.139484 Sekunden gebraucht
bei 9 cores haben 1000 Messungen 0.138586 Sekunden gebraucht
bei 9 cores haben 1000 Messungen 0.137503 Sekunden gebraucht
bei 9 cores haben 1000 Messungen 0.138730 Sekunden gebraucht
bei 9 cores haben 1000 Messungen 0.140963 Sekunden gebraucht
bei 9 cores haben 1000 Messungen 0.138890 Sekunden gebraucht
bei 9 cores haben 1000 Messungen 0.139584 Sekunden gebraucht
bei 9 cores haben 1000 Messungen 0.266853 Sekunden gebraucht
bei 9 cores haben 1000 Messungen 0.135519 Sekunden gebraucht
bei 9 cores haben 1000 Messungen 0.137687 Sekunden gebraucht
bei 10 cores haben 1000 Messungen 0.134920 Sekunden gebraucht
bei 10 cores haben 1000 Messungen 0.138190 Sekunden gebraucht
bei 10 cores haben 1000 Messungen 0.138139 Sekunden gebraucht
bei 10 cores haben 1000 Messungen 0.137824 Sekunden gebraucht
bei 10 cores haben 1000 Messungen 0.136164 Sekunden gebraucht
bei 10 cores haben 1000 Messungen 0.139439 Sekunden gebraucht
bei 10 cores haben 1000 Messungen 0.141000 Sekunden gebraucht
bei 10 cores haben 1000 Messungen 0.140191 Sekunden gebraucht
bei 10 cores haben 1000 Messungen 0.141121 Sekunden gebraucht
bei 10 cores haben 1000 Messungen 0.139682 Sekunden gebraucht
bei 11 cores haben 1000 Messungen 0.138134 Sekunden gebraucht
bei 11 cores haben 1000 Messungen 0.139605 Sekunden gebraucht
bei 11 cores haben 1000 Messungen 0.138781 Sekunden gebraucht
bei 11 cores haben 1000 Messungen 0.138757 Sekunden gebraucht
bei 11 cores haben 1000 Messungen 0.138156 Sekunden gebraucht
bei 11 cores haben 1000 Messungen 0.137395 Sekunden gebraucht
bei 11 cores haben 1000 Messungen 0.140746 Sekunden gebraucht
bei 11 cores haben 1000 Messungen 0.139415 Sekunden gebraucht
bei 11 cores haben 1000 Messungen 0.136853 Sekunden gebraucht
bei 11 cores haben 1000 Messungen 0.138221 Sekunden gebraucht
bei 12 cores haben 1000 Messungen 0.138619 Sekunden gebraucht
bei 12 cores haben 1000 Messungen 0.138719 Sekunden gebraucht
bei 12 cores haben 1000 Messungen 0.139815 Sekunden gebraucht
bei 12 cores haben 1000 Messungen 0.138422 Sekunden gebraucht
bei 12 cores haben 1000 Messungen 0.137305 Sekunden gebraucht
bei 12 cores haben 1000 Messungen 0.138000 Sekunden gebraucht
bei 12 cores haben 1000 Messungen 0.138064 Sekunden gebraucht
bei 12 cores haben 1000 Messungen 0.138042 Sekunden gebraucht
bei 12 cores haben 1000 Messungen 0.138122 Sekunden gebraucht
bei 12 cores haben 1000 Messungen 0.137973 Sekunden gebraucht
Laenge=50
bei 1 cores haben 1000 Messungen 0.312256 Sekunden gebraucht
bei 1 cores haben 1000 Messungen 0.311618 Sekunden gebraucht
bei 1 cores haben 1000 Messungen 0.311403 Sekunden gebraucht
bei 1 cores haben 1000 Messungen 0.311672 Sekunden gebraucht
bei 1 cores haben 1000 Messungen 0.311344 Sekunden gebraucht
bei 1 cores haben 1000 Messungen 0.311430 Sekunden gebraucht
bei 1 cores haben 1000 Messungen 0.312243 Sekunden gebraucht
bei 1 cores haben 1000 Messungen 0.311399 Sekunden gebraucht
bei 1 cores haben 1000 Messungen 0.354051 Sekunden gebraucht
bei 1 cores haben 1000 Messungen 0.311450 Sekunden gebraucht
bei 2 cores haben 1000 Messungen 0.390656 Sekunden gebraucht
bei 2 cores haben 1000 Messungen 0.410002 Sekunden gebraucht
bei 2 cores haben 1000 Messungen 0.407256 Sekunden gebraucht
bei 2 cores haben 1000 Messungen 0.476138 Sekunden gebraucht
bei 2 cores haben 1000 Messungen 0.426293 Sekunden gebraucht
bei 2 cores haben 1000 Messungen 0.405657 Sekunden gebraucht
bei 2 cores haben 1000 Messungen 0.257700 Sekunden gebraucht
bei 2 cores haben 1000 Messungen 0.404545 Sekunden gebraucht
bei 2 cores haben 1000 Messungen 0.396747 Sekunden gebraucht
bei 2 cores haben 1000 Messungen 0.264897 Sekunden gebraucht
bei 3 cores haben 1000 Messungen 0.383399 Sekunden gebraucht
bei 3 cores haben 1000 Messungen 0.340998 Sekunden gebraucht
bei 3 cores haben 1000 Messungen 0.341978 Sekunden gebraucht
bei 3 cores haben 1000 Messungen 0.268304 Sekunden gebraucht
bei 3 cores haben 1000 Messungen 0.326399 Sekunden gebraucht
bei 3 cores haben 1000 Messungen 0.253513 Sekunden gebraucht
bei 3 cores haben 1000 Messungen 0.329862 Sekunden gebraucht
bei 3 cores haben 1000 Messungen 0.242443 Sekunden gebraucht
bei 3 cores haben 1000 Messungen 0.328598 Sekunden gebraucht
bei 3 cores haben 1000 Messungen 0.328174 Sekunden gebraucht
bei 4 cores haben 1000 Messungen 0.281794 Sekunden gebraucht
bei 4 cores haben 1000 Messungen 0.274842 Sekunden gebraucht
bei 4 cores haben 1000 Messungen 0.277026 Sekunden gebraucht
bei 4 cores haben 1000 Messungen 0.281778 Sekunden gebraucht
bei 4 cores haben 1000 Messungen 0.279499 Sekunden gebraucht
bei 4 cores haben 1000 Messungen 0.211015 Sekunden gebraucht
bei 4 cores haben 1000 Messungen 0.287602 Sekunden gebraucht
bei 4 cores haben 1000 Messungen 0.280633 Sekunden gebraucht
bei 4 cores haben 1000 Messungen 0.273240 Sekunden gebraucht
bei 4 cores haben 1000 Messungen 0.273957 Sekunden gebraucht
bei 5 cores haben 1000 Messungen 0.272833 Sekunden gebraucht
bei 5 cores haben 1000 Messungen 0.192446 Sekunden gebraucht
bei 5 cores haben 1000 Messungen 0.272622 Sekunden gebraucht
bei 5 cores haben 1000 Messungen 0.174432 Sekunden gebraucht
bei 5 cores haben 1000 Messungen 0.271410 Sekunden gebraucht
bei 5 cores haben 1000 Messungen 0.265084 Sekunden gebraucht
bei 5 cores haben 1000 Messungen 0.205052 Sekunden gebraucht
bei 5 cores haben 1000 Messungen 0.274789 Sekunden gebraucht
bei 5 cores haben 1000 Messungen 0.274299 Sekunden gebraucht
bei 5 cores haben 1000 Messungen 0.256340 Sekunden gebraucht
bei 6 cores haben 1000 Messungen 0.256286 Sekunden gebraucht
bei 6 cores haben 1000 Messungen 0.258486 Sekunden gebraucht
bei 6 cores haben 1000 Messungen 0.259159 Sekunden gebraucht
bei 6 cores haben 1000 Messungen 0.257606 Sekunden gebraucht
bei 6 cores haben 1000 Messungen 0.259903 Sekunden gebraucht
bei 6 cores haben 1000 Messungen 0.263708 Sekunden gebraucht
bei 6 cores haben 1000 Messungen 0.229939 Sekunden gebraucht
bei 6 cores haben 1000 Messungen 0.254756 Sekunden gebraucht
bei 6 cores haben 1000 Messungen 0.263702 Sekunden gebraucht
bei 6 cores haben 1000 Messungen 0.264898 Sekunden gebraucht
bei 7 cores haben 1000 Messungen 0.258146 Sekunden gebraucht
bei 7 cores haben 1000 Messungen 0.255643 Sekunden gebraucht
bei 7 cores haben 1000 Messungen 0.249352 Sekunden gebraucht
bei 7 cores haben 1000 Messungen 0.255747 Sekunden gebraucht
bei 7 cores haben 1000 Messungen 0.253020 Sekunden gebraucht
bei 7 cores haben 1000 Messungen 0.253547 Sekunden gebraucht
bei 7 cores haben 1000 Messungen 0.252193 Sekunden gebraucht
bei 7 cores haben 1000 Messungen 0.253811 Sekunden gebraucht
bei 7 cores haben 1000 Messungen 0.252217 Sekunden gebraucht
bei 7 cores haben 1000 Messungen 0.421674 Sekunden gebraucht
bei 8 cores haben 1000 Messungen 0.250910 Sekunden gebraucht
bei 8 cores haben 1000 Messungen 0.356537 Sekunden gebraucht
bei 8 cores haben 1000 Messungen 0.249305 Sekunden gebraucht
bei 8 cores haben 1000 Messungen 0.252144 Sekunden gebraucht
bei 8 cores haben 1000 Messungen 0.252476 Sekunden gebraucht
bei 8 cores haben 1000 Messungen 0.242570 Sekunden gebraucht
bei 8 cores haben 1000 Messungen 0.248992 Sekunden gebraucht
bei 8 cores haben 1000 Messungen 0.248776 Sekunden gebraucht
bei 8 cores haben 1000 Messungen 0.250554 Sekunden gebraucht
bei 8 cores haben 1000 Messungen 0.346842 Sekunden gebraucht
bei 9 cores haben 1000 Messungen 0.307303 Sekunden gebraucht
bei 9 cores haben 1000 Messungen 0.249036 Sekunden gebraucht
bei 9 cores haben 1000 Messungen 0.253118 Sekunden gebraucht
bei 9 cores haben 1000 Messungen 0.251935 Sekunden gebraucht
bei 9 cores haben 1000 Messungen 0.251417 Sekunden gebraucht
bei 9 cores haben 1000 Messungen 0.253088 Sekunden gebraucht
bei 9 cores haben 1000 Messungen 0.301679 Sekunden gebraucht
bei 9 cores haben 1000 Messungen 0.249349 Sekunden gebraucht
bei 9 cores haben 1000 Messungen 0.249560 Sekunden gebraucht
bei 9 cores haben 1000 Messungen 0.287757 Sekunden gebraucht
bei 10 cores haben 1000 Messungen 0.243345 Sekunden gebraucht
bei 10 cores haben 1000 Messungen 0.249401 Sekunden gebraucht
bei 10 cores haben 1000 Messungen 0.247777 Sekunden gebraucht
bei 10 cores haben 1000 Messungen 0.249824 Sekunden gebraucht
bei 10 cores haben 1000 Messungen 0.254249 Sekunden gebraucht
bei 10 cores haben 1000 Messungen 0.252777 Sekunden gebraucht
bei 10 cores haben 1000 Messungen 0.253316 Sekunden gebraucht
bei 10 cores haben 1000 Messungen 0.254260 Sekunden gebraucht
bei 10 cores haben 1000 Messungen 0.246730 Sekunden gebraucht
bei 10 cores haben 1000 Messungen 0.249842 Sekunden gebraucht
bei 11 cores haben 1000 Messungen 0.252378 Sekunden gebraucht
bei 11 cores haben 1000 Messungen 0.251217 Sekunden gebraucht
bei 11 cores haben 1000 Messungen 0.249585 Sekunden gebraucht
bei 11 cores haben 1000 Messungen 0.245627 Sekunden gebraucht
bei 11 cores haben 1000 Messungen 0.245820 Sekunden gebraucht
bei 11 cores haben 1000 Messungen 0.244816 Sekunden gebraucht
bei 11 cores haben 1000 Messungen 0.245236 Sekunden gebraucht
bei 11 cores haben 1000 Messungen 0.250023 Sekunden gebraucht
bei 11 cores haben 1000 Messungen 0.250413 Sekunden gebraucht
bei 11 cores haben 1000 Messungen 0.244438 Sekunden gebraucht
bei 12 cores haben 1000 Messungen 0.248433 Sekunden gebraucht
bei 12 cores haben 1000 Messungen 0.261183 Sekunden gebraucht
bei 12 cores haben 1000 Messungen 0.249097 Sekunden gebraucht
bei 12 cores haben 1000 Messungen 0.251661 Sekunden gebraucht
bei 12 cores haben 1000 Messungen 0.248743 Sekunden gebraucht
bei 12 cores haben 1000 Messungen 0.249674 Sekunden gebraucht
bei 12 cores haben 1000 Messungen 0.249014 Sekunden gebraucht
bei 12 cores haben 1000 Messungen 0.252048 Sekunden gebraucht
bei 12 cores haben 1000 Messungen 0.250086 Sekunden gebraucht
bei 12 cores haben 1000 Messungen 0.253291 Sekunden gebraucht
Laenge=100
bei 1 cores haben 1000 Messungen 1.244767 Sekunden gebraucht
bei 1 cores haben 1000 Messungen 1.243194 Sekunden gebraucht
bei 1 cores haben 1000 Messungen 1.246478 Sekunden gebraucht
bei 1 cores haben 1000 Messungen 1.240011 Sekunden gebraucht
bei 1 cores haben 1000 Messungen 1.248172 Sekunden gebraucht
bei 1 cores haben 1000 Messungen 1.247118 Sekunden gebraucht
bei 1 cores haben 1000 Messungen 1.250705 Sekunden gebraucht
bei 1 cores haben 1000 Messungen 1.248939 Sekunden gebraucht
bei 1 cores haben 1000 Messungen 1.243288 Sekunden gebraucht
bei 1 cores haben 1000 Messungen 1.240225 Sekunden gebraucht
bei 2 cores haben 1000 Messungen 1.428993 Sekunden gebraucht
bei 2 cores haben 1000 Messungen 1.353651 Sekunden gebraucht
bei 2 cores haben 1000 Messungen 1.428945 Sekunden gebraucht
bei 2 cores haben 1000 Messungen 1.595684 Sekunden gebraucht
bei 2 cores haben 1000 Messungen 1.359975 Sekunden gebraucht
bei 2 cores haben 1000 Messungen 1.383660 Sekunden gebraucht
bei 2 cores haben 1000 Messungen 1.359908 Sekunden gebraucht
bei 2 cores haben 1000 Messungen 1.358799 Sekunden gebraucht
bei 2 cores haben 1000 Messungen 1.363404 Sekunden gebraucht
bei 2 cores haben 1000 Messungen 1.360079 Sekunden gebraucht
bei 3 cores haben 1000 Messungen 1.112299 Sekunden gebraucht
bei 3 cores haben 1000 Messungen 1.152967 Sekunden gebraucht
bei 3 cores haben 1000 Messungen 1.145796 Sekunden gebraucht
bei 3 cores haben 1000 Messungen 1.109916 Sekunden gebraucht
bei 3 cores haben 1000 Messungen 1.109378 Sekunden gebraucht
bei 3 cores haben 1000 Messungen 1.109324 Sekunden gebraucht
bei 3 cores haben 1000 Messungen 1.117267 Sekunden gebraucht
bei 3 cores haben 1000 Messungen 1.108159 Sekunden gebraucht
bei 3 cores haben 1000 Messungen 1.053283 Sekunden gebraucht
bei 3 cores haben 1000 Messungen 1.121395 Sekunden gebraucht
bei 4 cores haben 1000 Messungen 0.972398 Sekunden gebraucht
bei 4 cores haben 1000 Messungen 0.907699 Sekunden gebraucht
bei 4 cores haben 1000 Messungen 0.967801 Sekunden gebraucht
bei 4 cores haben 1000 Messungen 0.972357 Sekunden gebraucht
bei 4 cores haben 1000 Messungen 0.966845 Sekunden gebraucht
bei 4 cores haben 1000 Messungen 0.983958 Sekunden gebraucht
bei 4 cores haben 1000 Messungen 0.906951 Sekunden gebraucht
bei 4 cores haben 1000 Messungen 0.967822 Sekunden gebraucht
bei 4 cores haben 1000 Messungen 0.963489 Sekunden gebraucht
bei 4 cores haben 1000 Messungen 0.977580 Sekunden gebraucht
bei 5 cores haben 1000 Messungen 0.970971 Sekunden gebraucht
bei 5 cores haben 1000 Messungen 0.968452 Sekunden gebraucht
bei 5 cores haben 1000 Messungen 0.875056 Sekunden gebraucht
bei 5 cores haben 1000 Messungen 0.980269 Sekunden gebraucht
bei 5 cores haben 1000 Messungen 0.963899 Sekunden gebraucht
bei 5 cores haben 1000 Messungen 0.976792 Sekunden gebraucht
bei 5 cores haben 1000 Messungen 0.967156 Sekunden gebraucht
bei 5 cores haben 1000 Messungen 0.972364 Sekunden gebraucht
bei 5 cores haben 1000 Messungen 0.978713 Sekunden gebraucht
bei 5 cores haben 1000 Messungen 0.976503 Sekunden gebraucht
bei 6 cores haben 1000 Messungen 0.911696 Sekunden gebraucht
bei 6 cores haben 1000 Messungen 0.926831 Sekunden gebraucht
bei 6 cores haben 1000 Messungen 0.816574 Sekunden gebraucht
bei 6 cores haben 1000 Messungen 0.848810 Sekunden gebraucht
bei 6 cores haben 1000 Messungen 0.827357 Sekunden gebraucht
bei 6 cores haben 1000 Messungen 0.906838 Sekunden gebraucht
bei 6 cores haben 1000 Messungen 0.907820 Sekunden gebraucht
bei 6 cores haben 1000 Messungen 0.916377 Sekunden gebraucht
bei 6 cores haben 1000 Messungen 0.927013 Sekunden gebraucht
bei 6 cores haben 1000 Messungen 0.919277 Sekunden gebraucht
bei 7 cores haben 1000 Messungen 0.902336 Sekunden gebraucht
bei 7 cores haben 1000 Messungen 0.924723 Sekunden gebraucht
bei 7 cores haben 1000 Messungen 1.074092 Sekunden gebraucht
bei 7 cores haben 1000 Messungen 0.917554 Sekunden gebraucht
bei 7 cores haben 1000 Messungen 0.931708 Sekunden gebraucht
bei 7 cores haben 1000 Messungen 0.925382 Sekunden gebraucht
bei 7 cores haben 1000 Messungen 0.933628 Sekunden gebraucht
bei 7 cores haben 1000 Messungen 0.929958 Sekunden gebraucht
bei 7 cores haben 1000 Messungen 0.928283 Sekunden gebraucht
bei 7 cores haben 1000 Messungen 0.947233 Sekunden gebraucht
bei 8 cores haben 1000 Messungen 0.936386 Sekunden gebraucht
bei 8 cores haben 1000 Messungen 0.914936 Sekunden gebraucht
bei 8 cores haben 1000 Messungen 0.920330 Sekunden gebraucht
bei 8 cores haben 1000 Messungen 0.923970 Sekunden gebraucht
bei 8 cores haben 1000 Messungen 0.921478 Sekunden gebraucht
bei 8 cores haben 1000 Messungen 0.925230 Sekunden gebraucht
bei 8 cores haben 1000 Messungen 0.910849 Sekunden gebraucht
bei 8 cores haben 1000 Messungen 0.913689 Sekunden gebraucht
bei 8 cores haben 1000 Messungen 0.904490 Sekunden gebraucht
bei 8 cores haben 1000 Messungen 0.903525 Sekunden gebraucht
bei 9 cores haben 1000 Messungen 0.907833 Sekunden gebraucht
bei 9 cores haben 1000 Messungen 0.903135 Sekunden gebraucht
bei 9 cores haben 1000 Messungen 0.914052 Sekunden gebraucht
bei 9 cores haben 1000 Messungen 0.914468 Sekunden gebraucht
bei 9 cores haben 1000 Messungen 0.911492 Sekunden gebraucht
bei 9 cores haben 1000 Messungen 0.904877 Sekunden gebraucht
bei 9 cores haben 1000 Messungen 0.913168 Sekunden gebraucht
bei 9 cores haben 1000 Messungen 0.906303 Sekunden gebraucht
bei 9 cores haben 1000 Messungen 0.914045 Sekunden gebraucht
bei 9 cores haben 1000 Messungen 0.910860 Sekunden gebraucht
bei 10 cores haben 1000 Messungen 0.908095 Sekunden gebraucht
bei 10 cores haben 1000 Messungen 0.913851 Sekunden gebraucht
bei 10 cores haben 1000 Messungen 0.920951 Sekunden gebraucht
bei 10 cores haben 1000 Messungen 0.909999 Sekunden gebraucht
bei 10 cores haben 1000 Messungen 0.906389 Sekunden gebraucht
bei 10 cores haben 1000 Messungen 0.913278 Sekunden gebraucht
bei 10 cores haben 1000 Messungen 0.906830 Sekunden gebraucht
bei 10 cores haben 1000 Messungen 0.912773 Sekunden gebraucht
bei 10 cores haben 1000 Messungen 0.908298 Sekunden gebraucht
bei 10 cores haben 1000 Messungen 0.904046 Sekunden gebraucht
bei 11 cores haben 1000 Messungen 0.905925 Sekunden gebraucht
bei 11 cores haben 1000 Messungen 0.905630 Sekunden gebraucht
bei 11 cores haben 1000 Messungen 0.906240 Sekunden gebraucht
bei 11 cores haben 1000 Messungen 0.906477 Sekunden gebraucht
bei 11 cores haben 1000 Messungen 0.908614 Sekunden gebraucht
bei 11 cores haben 1000 Messungen 0.906718 Sekunden gebraucht
bei 11 cores haben 1000 Messungen 0.904141 Sekunden gebraucht
bei 11 cores haben 1000 Messungen 0.906521 Sekunden gebraucht
bei 11 cores haben 1000 Messungen 0.909261 Sekunden gebraucht
bei 11 cores haben 1000 Messungen 0.906211 Sekunden gebraucht
bei 12 cores haben 1000 Messungen 0.912486 Sekunden gebraucht
bei 12 cores haben 1000 Messungen 0.900334 Sekunden gebraucht
bei 12 cores haben 1000 Messungen 0.899641 Sekunden gebraucht
bei 12 cores haben 1000 Messungen 0.901621 Sekunden gebraucht
bei 12 cores haben 1000 Messungen 0.912288 Sekunden gebraucht
bei 12 cores haben 1000 Messungen 0.900680 Sekunden gebraucht
bei 12 cores haben 1000 Messungen 0.900352 Sekunden gebraucht
bei 12 cores haben 1000 Messungen 0.911423 Sekunden gebraucht
bei 12 cores haben 1000 Messungen 0.900268 Sekunden gebraucht
bei 12 cores haben 1000 Messungen 0.899295 Sekunden gebraucht
Laenge=200
bei 1 cores haben 1000 Messungen 4.955890 Sekunden gebraucht
bei 1 cores haben 1000 Messungen 4.925934 Sekunden gebraucht
bei 1 cores haben 1000 Messungen 4.957656 Sekunden gebraucht
bei 1 cores haben 1000 Messungen 4.948387 Sekunden gebraucht
bei 1 cores haben 1000 Messungen 4.973718 Sekunden gebraucht
bei 1 cores haben 1000 Messungen 4.939833 Sekunden gebraucht
bei 1 cores haben 1000 Messungen 4.944373 Sekunden gebraucht
bei 1 cores haben 1000 Messungen 4.951475 Sekunden gebraucht
bei 1 cores haben 1000 Messungen 5.190840 Sekunden gebraucht
bei 1 cores haben 1000 Messungen 4.921611 Sekunden gebraucht
bei 2 cores haben 1000 Messungen 5.159160 Sekunden gebraucht
bei 2 cores haben 1000 Messungen 5.077809 Sekunden gebraucht
bei 2 cores haben 1000 Messungen 5.087801 Sekunden gebraucht
bei 2 cores haben 1000 Messungen 5.158412 Sekunden gebraucht
bei 2 cores haben 1000 Messungen 5.201791 Sekunden gebraucht
bei 2 cores haben 1000 Messungen 5.400833 Sekunden gebraucht
bei 2 cores haben 1000 Messungen 5.218852 Sekunden gebraucht
bei 2 cores haben 1000 Messungen 5.114051 Sekunden gebraucht
bei 2 cores haben 1000 Messungen 5.069846 Sekunden gebraucht
bei 2 cores haben 1000 Messungen 5.043793 Sekunden gebraucht
bei 3 cores haben 1000 Messungen 3.991685 Sekunden gebraucht
bei 3 cores haben 1000 Messungen 3.986518 Sekunden gebraucht
bei 3 cores haben 1000 Messungen 4.037165 Sekunden gebraucht
bei 3 cores haben 1000 Messungen 4.026088 Sekunden gebraucht
bei 3 cores haben 1000 Messungen 4.036000 Sekunden gebraucht
bei 3 cores haben 1000 Messungen 4.085708 Sekunden gebraucht
bei 3 cores haben 1000 Messungen 4.044262 Sekunden gebraucht
bei 3 cores haben 1000 Messungen 4.053221 Sekunden gebraucht
bei 3 cores haben 1000 Messungen 4.019647 Sekunden gebraucht
bei 3 cores haben 1000 Messungen 3.984081 Sekunden gebraucht
bei 4 cores haben 1000 Messungen 3.580230 Sekunden gebraucht
bei 4 cores haben 1000 Messungen 3.583625 Sekunden gebraucht
bei 4 cores haben 1000 Messungen 3.447345 Sekunden gebraucht
bei 4 cores haben 1000 Messungen 3.492035 Sekunden gebraucht
bei 4 cores haben 1000 Messungen 3.512430 Sekunden gebraucht
bei 4 cores haben 1000 Messungen 3.486872 Sekunden gebraucht
bei 4 cores haben 1000 Messungen 3.508061 Sekunden gebraucht
bei 4 cores haben 1000 Messungen 3.505303 Sekunden gebraucht
bei 4 cores haben 1000 Messungen 3.535934 Sekunden gebraucht
bei 4 cores haben 1000 Messungen 3.510228 Sekunden gebraucht
bei 5 cores haben 1000 Messungen 3.617071 Sekunden gebraucht
bei 5 cores haben 1000 Messungen 3.656358 Sekunden gebraucht
bei 5 cores haben 1000 Messungen 3.654666 Sekunden gebraucht
bei 5 cores haben 1000 Messungen 3.647824 Sekunden gebraucht
bei 5 cores haben 1000 Messungen 3.459061 Sekunden gebraucht
bei 5 cores haben 1000 Messungen 3.638055 Sekunden gebraucht
bei 5 cores haben 1000 Messungen 3.536298 Sekunden gebraucht
bei 5 cores haben 1000 Messungen 3.549035 Sekunden gebraucht
bei 5 cores haben 1000 Messungen 3.660637 Sekunden gebraucht
bei 5 cores haben 1000 Messungen 3.583802 Sekunden gebraucht
bei 6 cores haben 1000 Messungen 3.525918 Sekunden gebraucht
bei 6 cores haben 1000 Messungen 3.583178 Sekunden gebraucht
bei 6 cores haben 1000 Messungen 3.518724 Sekunden gebraucht
bei 6 cores haben 1000 Messungen 3.521219 Sekunden gebraucht
bei 6 cores haben 1000 Messungen 3.370151 Sekunden gebraucht
bei 6 cores haben 1000 Messungen 3.484510 Sekunden gebraucht
bei 6 cores haben 1000 Messungen 3.567671 Sekunden gebraucht
bei 6 cores haben 1000 Messungen 3.546916 Sekunden gebraucht
bei 6 cores haben 1000 Messungen 3.509290 Sekunden gebraucht
bei 6 cores haben 1000 Messungen 3.323324 Sekunden gebraucht
bei 7 cores haben 1000 Messungen 3.547724 Sekunden gebraucht
bei 7 cores haben 1000 Messungen 3.569648 Sekunden gebraucht
bei 7 cores haben 1000 Messungen 3.564876 Sekunden gebraucht
bei 7 cores haben 1000 Messungen 3.512948 Sekunden gebraucht
bei 7 cores haben 1000 Messungen 3.562434 Sekunden gebraucht
bei 7 cores haben 1000 Messungen 3.559752 Sekunden gebraucht
bei 7 cores haben 1000 Messungen 3.486974 Sekunden gebraucht
bei 7 cores haben 1000 Messungen 3.487327 Sekunden gebraucht
bei 7 cores haben 1000 Messungen 3.492990 Sekunden gebraucht
bei 7 cores haben 1000 Messungen 3.532008 Sekunden gebraucht
bei 8 cores haben 1000 Messungen 3.544187 Sekunden gebraucht
bei 8 cores haben 1000 Messungen 3.493794 Sekunden gebraucht
bei 8 cores haben 1000 Messungen 3.546020 Sekunden gebraucht
bei 8 cores haben 1000 Messungen 3.515057 Sekunden gebraucht
bei 8 cores haben 1000 Messungen 3.521589 Sekunden gebraucht
bei 8 cores haben 1000 Messungen 3.518692 Sekunden gebraucht
bei 8 cores haben 1000 Messungen 3.488223 Sekunden gebraucht
bei 8 cores haben 1000 Messungen 3.495430 Sekunden gebraucht
bei 8 cores haben 1000 Messungen 3.453171 Sekunden gebraucht
bei 8 cores haben 1000 Messungen 3.504819 Sekunden gebraucht
bei 9 cores haben 1000 Messungen 3.512934 Sekunden gebraucht
bei 9 cores haben 1000 Messungen 3.50816