Tue Jun 23 18:12:53 CEST 2020 Waiting for 30 seconds before starting the job to allow the node to settle down
Tue Jun 23 18:13:23 CEST 2020 Waiting done, starting task!
Tue Jun 23 18:13:24 CEST 2020 Waiting for 30 seconds before starting the job to allow the node to settle down
Tue Jun 23 18:13:54 CEST 2020 Waiting done, starting task!
Laenge=384
bei 1 cores haben 1000 Messungen 12.571621 Sekunden gebraucht
bei 1 cores haben 1000 Messungen 12.581435 Sekunden gebraucht
bei 1 cores haben 1000 Messungen 12.153390 Sekunden gebraucht
bei 1 cores haben 1000 Messungen 12.154382 Sekunden gebraucht
bei 1 cores haben 1000 Messungen 12.141703 Sekunden gebraucht
bei 2 cores haben 1000 Messungen 11.651594 Sekunden gebraucht
bei 2 cores haben 1000 Messungen 11.502798 Sekunden gebraucht
bei 2 cores haben 1000 Messungen 11.703872 Sekunden gebraucht
bei 2 cores haben 1000 Messungen 11.498195 Sekunden gebraucht
bei 2 cores haben 1000 Messungen 11.613892 Sekunden gebraucht
bei 3 cores haben 1000 Messungen 9.518818 Sekunden gebraucht
bei 3 cores haben 1000 Messungen 9.590923 Sekunden gebraucht
bei 3 cores haben 1000 Messungen 9.423123 Sekunden gebraucht
bei 3 cores haben 1000 Messungen 9.588008 Sekunden gebraucht
bei 3 cores haben 1000 Messungen 9.515920 Sekunden gebraucht
bei 4 cores haben 1000 Messungen 8.696045 Sekunden gebraucht
bei 4 cores haben 1000 Messungen 8.745734 Sekunden gebraucht
bei 4 cores haben 1000 Messungen 8.769313 Sekunden gebraucht
bei 4 cores haben 1000 Messungen 8.751311 Sekunden gebraucht
bei 4 cores haben 1000 Messungen 9.579692 Sekunden gebraucht
bei 5 cores haben 1000 Messungen 9.184152 Sekunden gebraucht
bei 5 cores haben 1000 Messungen 9.102695 Sekunden gebraucht
bei 5 cores haben 1000 Messungen 9.081372 Sekunden gebraucht
bei 5 cores haben 1000 Messungen 9.157638 Sekunden gebraucht
bei 5 cores haben 1000 Messungen 9.163800 Sekunden gebraucht
bei 6 cores haben 1000 Messungen 8.674015 Sekunden gebraucht
bei 6 cores haben 1000 Messungen 8.704869 Sekunden gebraucht
bei 6 cores haben 1000 Messungen 8.764031 Sekunden gebraucht
bei 6 cores haben 1000 Messungen 9.291222 Sekunden gebraucht
bei 6 cores haben 1000 Messungen 9.097171 Sekunden gebraucht
bei 7 cores haben 1000 Messungen 9.112735 Sekunden gebraucht
bei 7 cores haben 1000 Messungen 9.028229 Sekunden gebraucht
bei 7 cores haben 1000 Messungen 9.101607 Sekunden gebraucht
bei 7 cores haben 1000 Messungen 9.157839 Sekunden gebraucht
bei 7 cores haben 1000 Messungen 9.130300 Sekunden gebraucht
bei 8 cores haben 1000 Messungen 9.115996 Sekunden gebraucht
bei 8 cores haben 1000 Messungen 9.175311 Sekunden gebraucht
bei 8 cores haben 1000 Messungen 9.038612 Sekunden gebraucht
bei 8 cores haben 1000 Messungen 8.937287 Sekunden gebraucht
bei 8 cores haben 1000 Messungen 8.911727 Sekunden gebraucht
bei 9 cores haben 1000 Messungen 9.277466 Sekunden gebraucht
bei 9 cores haben 1000 Messungen 9.249597 Sekunden gebraucht
bei 9 cores haben 1000 Messungen 9.279454 Sekunden gebraucht
bei 9 cores haben 1000 Messungen 9.285584 Sekunden gebraucht
bei 9 cores haben 1000 Messungen 9.248558 Sekunden gebraucht
bei 10 cores haben 1000 Messungen 9.121164 Sekunden gebraucht
bei 10 cores haben 1000 Messungen 9.427745 Sekunden gebraucht
bei 10 cores haben 1000 Messungen 9.387648 Sekunden gebraucht
bei 10 cores haben 1000 Messungen 9.408296 Sekunden gebraucht
bei 10 cores haben 1000 Messungen 9.388570 Sekunden gebraucht
bei 11 cores haben 1000 Messungen 9.334585 Sekunden gebraucht
bei 11 cores haben 1000 Messungen 9.381079 Sekunden gebraucht
bei 11 cores haben 1000 Messungen 9.344386 Sekunden gebraucht
bei 11 cores haben 1000 Messungen 9.392602 Sekunden gebraucht
bei 11 cores haben 1000 Messungen 9.392244 Sekunden gebraucht
bei 12 cores haben 1000 Messungen 9.407404 Sekunden gebraucht
bei 12 cores haben 1000 Messungen 9.404197 Sekunden gebraucht
bei 12 cores haben 1000 Messungen 9.404239 Sekunden gebraucht
bei 12 cores haben 1000 Messungen 9.408877 Sekunden gebraucht
bei 12 cores haben 1000 Messungen 9.423526 Sekunden gebraucht
/hiskp4/gross/bachelorarbeit
