Thu Jun 25 19:56:34 CEST 2020 Waiting for 30 seconds before starting the job to allow the node to settle down
Thu Jun 25 19:57:04 CEST 2020 Waiting done, starting task!
Thu Jun 25 19:57:05 CEST 2020 Waiting for 30 seconds before starting the job to allow the node to settle down
Thu Jun 25 19:57:35 CEST 2020 Waiting done, starting task!
Laenge=96	Temperatur=0.500000
Richtige Funktion!
bei 1 cores haben 1000 Messungen 0.571614 Sekunden gebraucht
Richtige Funktion!
bei 1 cores haben 1000 Messungen 0.694798 Sekunden gebraucht
Richtige Funktion!
bei 1 cores haben 1000 Messungen 0.564371 Sekunden gebraucht
Richtige Funktion!
bei 1 cores haben 1000 Messungen 0.564783 Sekunden gebraucht
Richtige Funktion!
bei 1 cores haben 1000 Messungen 0.564392 Sekunden gebraucht
Richtige Funktion!
bei 2 cores haben 1000 Messungen 0.395503 Sekunden gebraucht
Richtige Funktion!
bei 2 cores haben 1000 Messungen 0.332214 Sekunden gebraucht
Richtige Funktion!
bei 2 cores haben 1000 Messungen 0.312380 Sekunden gebraucht
Richtige Funktion!
bei 2 cores haben 1000 Messungen 0.313745 Sekunden gebraucht
Richtige Funktion!
bei 2 cores haben 1000 Messungen 0.312563 Sekunden gebraucht
Richtige Funktion!
bei 3 cores haben 1000 Messungen 0.259461 Sekunden gebraucht
Richtige Funktion!
bei 3 cores haben 1000 Messungen 0.222545 Sekunden gebraucht
Richtige Funktion!
bei 3 cores haben 1000 Messungen 0.229078 Sekunden gebraucht
Richtige Funktion!
bei 3 cores haben 1000 Messungen 0.223464 Sekunden gebraucht
Richtige Funktion!
bei 3 cores haben 1000 Messungen 0.225517 Sekunden gebraucht
Richtige Funktion!
bei 4 cores haben 1000 Messungen 0.180340 Sekunden gebraucht
Richtige Funktion!
bei 4 cores haben 1000 Messungen 0.178814 Sekunden gebraucht
Richtige Funktion!
bei 4 cores haben 1000 Messungen 0.183930 Sekunden gebraucht
Richtige Funktion!
bei 4 cores haben 1000 Messungen 0.182458 Sekunden gebraucht
Richtige Funktion!
bei 4 cores haben 1000 Messungen 0.177946 Sekunden gebraucht
Richtige Funktion!
bei 5 cores haben 1000 Messungen 0.158575 Sekunden gebraucht
Richtige Funktion!
bei 5 cores haben 1000 Messungen 0.282809 Sekunden gebraucht
Richtige Funktion!
bei 5 cores haben 1000 Messungen 0.265043 Sekunden gebraucht
Richtige Funktion!
bei 5 cores haben 1000 Messungen 0.253711 Sekunden gebraucht
Richtige Funktion!
bei 5 cores haben 1000 Messungen 0.166026 Sekunden gebraucht
Richtige Funktion!
bei 6 cores haben 1000 Messungen 0.166658 Sekunden gebraucht
Richtige Funktion!
bei 6 cores haben 1000 Messungen 0.238004 Sekunden gebraucht
Richtige Funktion!
bei 6 cores haben 1000 Messungen 0.236328 Sekunden gebraucht
Richtige Funktion!
bei 6 cores haben 1000 Messungen 0.237662 Sekunden gebraucht
Richtige Funktion!
bei 6 cores haben 1000 Messungen 0.213886 Sekunden gebraucht
Richtige Funktion!
bei 7 cores haben 1000 Messungen 0.156819 Sekunden gebraucht
Richtige Funktion!
bei 7 cores haben 1000 Messungen 0.155105 Sekunden gebraucht
Richtige Funktion!
bei 7 cores haben 1000 Messungen 0.153641 Sekunden gebraucht
Richtige Funktion!
bei 7 cores haben 1000 Messungen 0.157020 Sekunden gebraucht
Richtige Funktion!
bei 7 cores haben 1000 Messungen 0.225883 Sekunden gebraucht
Richtige Funktion!
bei 8 cores haben 1000 Messungen 0.200535 Sekunden gebraucht
Richtige Funktion!
bei 8 cores haben 1000 Messungen 0.199504 Sekunden gebraucht
Richtige Funktion!
bei 8 cores haben 1000 Messungen 0.179510 Sekunden gebraucht
Richtige Funktion!
bei 8 cores haben 1000 Messungen 0.195216 Sekunden gebraucht
Richtige Funktion!
bei 8 cores haben 1000 Messungen 0.154422 Sekunden gebraucht
Richtige Funktion!
bei 9 cores haben 1000 Messungen 0.189928 Sekunden gebraucht
Richtige Funktion!
bei 9 cores haben 1000 Messungen 0.188086 Sekunden gebraucht
Richtige Funktion!
bei 9 cores haben 1000 Messungen 0.159780 Sekunden gebraucht
Richtige Funktion!
bei 9 cores haben 1000 Messungen 0.152473 Sekunden gebraucht
Richtige Funktion!
bei 9 cores haben 1000 Messungen 0.186841 Sekunden gebraucht
Richtige Funktion!
bei 10 cores haben 1000 Messungen 0.135522 Sekunden gebraucht
Richtige Funktion!
bei 10 cores haben 1000 Messungen 0.131318 Sekunden gebraucht
Richtige Funktion!
bei 10 cores haben 1000 Messungen 0.129342 Sekunden gebraucht
Richtige Funktion!
bei 10 cores haben 1000 Messungen 0.132584 Sekunden gebraucht
Richtige Funktion!
bei 10 cores haben 1000 Messungen 0.130437 Sekunden gebraucht
Richtige Funktion!
bei 11 cores haben 1000 Messungen 0.107460 Sekunden gebraucht
Richtige Funktion!
bei 11 cores haben 1000 Messungen 0.107394 Sekunden gebraucht
Richtige Funktion!
bei 11 cores haben 1000 Messungen 0.107475 Sekunden gebraucht
Richtige Funktion!
bei 11 cores haben 1000 Messungen 0.108382 Sekunden gebraucht
Richtige Funktion!
bei 11 cores haben 1000 Messungen 0.108149 Sekunden gebraucht
Richtige Funktion!
bei 12 cores haben 1000 Messungen 0.105964 Sekunden gebraucht
Richtige Funktion!
bei 12 cores haben 1000 Messungen 0.105884 Sekunden gebraucht
Richtige Funktion!
bei 12 cores haben 1000 Messungen 0.105913 Sekunden gebraucht
Richtige Funktion!
bei 12 cores haben 1000 Messungen 0.105798 Sekunden gebraucht
Richtige Funktion!
bei 12 cores haben 1000 Messungen 0.105945 Sekunden gebraucht
/hiskp4/gross/bachelorarbeit
