Thu Jun 25 19:48:34 CEST 2020 Waiting for 30 seconds before starting the job to allow the node to settle down
Thu Jun 25 19:49:04 CEST 2020 Waiting done, starting task!
Thu Jun 25 19:49:04 CEST 2020 Waiting for 30 seconds before starting the job to allow the node to settle down
Thu Jun 25 19:49:34 CEST 2020 Waiting done, starting task!
Laenge=384	Temperatur=0.500000
Richtige Funktion!
bei 1 cores haben 1000 Messungen 9.094684 Sekunden gebraucht
Richtige Funktion!
bei 1 cores haben 1000 Messungen 8.952976 Sekunden gebraucht
Richtige Funktion!
bei 1 cores haben 1000 Messungen 8.947071 Sekunden gebraucht
Richtige Funktion!
bei 1 cores haben 1000 Messungen 8.948697 Sekunden gebraucht
Richtige Funktion!
bei 1 cores haben 1000 Messungen 8.950925 Sekunden gebraucht
Richtige Funktion!
bei 2 cores haben 1000 Messungen 5.012907 Sekunden gebraucht
Richtige Funktion!
bei 2 cores haben 1000 Messungen 5.051215 Sekunden gebraucht
Richtige Funktion!
bei 2 cores haben 1000 Messungen 4.924525 Sekunden gebraucht
Richtige Funktion!
bei 2 cores haben 1000 Messungen 4.948858 Sekunden gebraucht
Richtige Funktion!
bei 2 cores haben 1000 Messungen 5.010253 Sekunden gebraucht
Richtige Funktion!
bei 3 cores haben 1000 Messungen 3.587332 Sekunden gebraucht
Richtige Funktion!
bei 3 cores haben 1000 Messungen 3.488403 Sekunden gebraucht
Richtige Funktion!
bei 3 cores haben 1000 Messungen 3.547048 Sekunden gebraucht
Richtige Funktion!
bei 3 cores haben 1000 Messungen 3.541042 Sekunden gebraucht
Richtige Funktion!
bei 3 cores haben 1000 Messungen 3.573248 Sekunden gebraucht
Richtige Funktion!
bei 4 cores haben 1000 Messungen 2.853650 Sekunden gebraucht
Richtige Funktion!
bei 4 cores haben 1000 Messungen 2.942065 Sekunden gebraucht
Richtige Funktion!
bei 4 cores haben 1000 Messungen 2.922543 Sekunden gebraucht
Richtige Funktion!
bei 4 cores haben 1000 Messungen 2.877105 Sekunden gebraucht
Richtige Funktion!
bei 4 cores haben 1000 Messungen 3.038485 Sekunden gebraucht
Richtige Funktion!
bei 5 cores haben 1000 Messungen 2.389373 Sekunden gebraucht
Richtige Funktion!
bei 5 cores haben 1000 Messungen 3.470632 Sekunden gebraucht
Richtige Funktion!
bei 5 cores haben 1000 Messungen 3.564818 Sekunden gebraucht
Richtige Funktion!
bei 5 cores haben 1000 Messungen 3.852697 Sekunden gebraucht
Richtige Funktion!
bei 5 cores haben 1000 Messungen 2.518596 Sekunden gebraucht
Richtige Funktion!
bei 6 cores haben 1000 Messungen 2.972056 Sekunden gebraucht
Richtige Funktion!
bei 6 cores haben 1000 Messungen 3.649494 Sekunden gebraucht
Richtige Funktion!
bei 6 cores haben 1000 Messungen 3.003270 Sekunden gebraucht
Richtige Funktion!
bei 6 cores haben 1000 Messungen 3.697370 Sekunden gebraucht
Richtige Funktion!
bei 6 cores haben 1000 Messungen 3.553254 Sekunden gebraucht
Richtige Funktion!
bei 7 cores haben 1000 Messungen 3.191962 Sekunden gebraucht
Richtige Funktion!
bei 7 cores haben 1000 Messungen 2.896849 Sekunden gebraucht
Richtige Funktion!
bei 7 cores haben 1000 Messungen 3.092098 Sekunden gebraucht
Richtige Funktion!
bei 7 cores haben 1000 Messungen 2.965650 Sekunden gebraucht
Richtige Funktion!
bei 7 cores haben 1000 Messungen 3.126993 Sekunden gebraucht
Richtige Funktion!
bei 8 cores haben 1000 Messungen 2.129164 Sekunden gebraucht
Richtige Funktion!
bei 8 cores haben 1000 Messungen 3.069182 Sekunden gebraucht
Richtige Funktion!
bei 8 cores haben 1000 Messungen 2.421154 Sekunden gebraucht
Richtige Funktion!
bei 8 cores haben 1000 Messungen 2.974156 Sekunden gebraucht
Richtige Funktion!
bei 8 cores haben 1000 Messungen 2.725497 Sekunden gebraucht
Richtige Funktion!
bei 9 cores haben 1000 Messungen 2.423789 Sekunden gebraucht
Richtige Funktion!
bei 9 cores haben 1000 Messungen 2.708665 Sekunden gebraucht
Richtige Funktion!
bei 9 cores haben 1000 Messungen 2.825131 Sekunden gebraucht
Richtige Funktion!
bei 9 cores haben 1000 Messungen 2.775338 Sekunden gebraucht
Richtige Funktion!
bei 9 cores haben 1000 Messungen 2.844119 Sekunden gebraucht
Richtige Funktion!
bei 10 cores haben 1000 Messungen 1.889439 Sekunden gebraucht
Richtige Funktion!
bei 10 cores haben 1000 Messungen 1.919562 Sekunden gebraucht
Richtige Funktion!
bei 10 cores haben 1000 Messungen 1.908642 Sekunden gebraucht
Richtige Funktion!
bei 10 cores haben 1000 Messungen 1.930278 Sekunden gebraucht
Richtige Funktion!
bei 10 cores haben 1000 Messungen 1.888724 Sekunden gebraucht
Richtige Funktion!
bei 11 cores haben 1000 Messungen 1.489729 Sekunden gebraucht
Richtige Funktion!
bei 11 cores haben 1000 Messungen 1.489508 Sekunden gebraucht
Richtige Funktion!
bei 11 cores haben 1000 Messungen 1.512960 Sekunden gebraucht
Richtige Funktion!
bei 11 cores haben 1000 Messungen 1.478142 Sekunden gebraucht
Richtige Funktion!
bei 11 cores haben 1000 Messungen 1.480716 Sekunden gebraucht
Richtige Funktion!
bei 12 cores haben 1000 Messungen 1.420996 Sekunden gebraucht
Richtige Funktion!
bei 12 cores haben 1000 Messungen 1.418127 Sekunden gebraucht
Richtige Funktion!
bei 12 cores haben 1000 Messungen 1.425830 Sekunden gebraucht
Richtige Funktion!
bei 12 cores haben 1000 Messungen 1.409465 Sekunden gebraucht
Richtige Funktion!
bei 12 cores haben 1000 Messungen 1.428975 Sekunden gebraucht
/hiskp4/gross/bachelorarbeit
