Thu Jun 25 18:50:32 CEST 2020 Waiting for 30 seconds before starting the job to allow the node to settle down
Thu Jun 25 18:51:02 CEST 2020 Waiting done, starting task!
Thu Jun 25 18:51:02 CEST 2020 Waiting for 30 seconds before starting the job to allow the node to settle down
Thu Jun 25 18:51:32 CEST 2020 Waiting done, starting task!
Laenge=384	Temperatur=0.500000
Richtige Funktion!
bei 1 cores haben 1000 Messungen 9.180409 Sekunden gebraucht
Richtige Funktion!
bei 1 cores haben 1000 Messungen 8.961332 Sekunden gebraucht
Richtige Funktion!
bei 1 cores haben 1000 Messungen 8.958131 Sekunden gebraucht
Richtige Funktion!
bei 1 cores haben 1000 Messungen 8.962287 Sekunden gebraucht
Richtige Funktion!
bei 1 cores haben 1000 Messungen 9.005346 Sekunden gebraucht
Richtige Funktion!
bei 2 cores haben 1000 Messungen 5.059739 Sekunden gebraucht
Richtige Funktion!
bei 2 cores haben 1000 Messungen 5.038590 Sekunden gebraucht
Richtige Funktion!
bei 2 cores haben 1000 Messungen 4.967694 Sekunden gebraucht
Richtige Funktion!
bei 2 cores haben 1000 Messungen 5.010389 Sekunden gebraucht
Richtige Funktion!
bei 2 cores haben 1000 Messungen 5.227398 Sekunden gebraucht
Richtige Funktion!
bei 3 cores haben 1000 Messungen 3.646437 Sekunden gebraucht
Richtige Funktion!
bei 3 cores haben 1000 Messungen 3.590107 Sekunden gebraucht
Richtige Funktion!
bei 3 cores haben 1000 Messungen 3.599553 Sekunden gebraucht
Richtige Funktion!
bei 3 cores haben 1000 Messungen 3.560431 Sekunden gebraucht
Richtige Funktion!
bei 3 cores haben 1000 Messungen 3.665516 Sekunden gebraucht
Richtige Funktion!
bei 4 cores haben 1000 Messungen 2.832838 Sekunden gebraucht
Richtige Funktion!
bei 4 cores haben 1000 Messungen 2.918451 Sekunden gebraucht
Richtige Funktion!
bei 4 cores haben 1000 Messungen 2.912535 Sekunden gebraucht
Richtige Funktion!
bei 4 cores haben 1000 Messungen 2.896099 Sekunden gebraucht
Richtige Funktion!
bei 4 cores haben 1000 Messungen 2.838102 Sekunden gebraucht
Richtige Funktion!
bei 5 cores haben 1000 Messungen 2.465659 Sekunden gebraucht
Richtige Funktion!
bei 5 cores haben 1000 Messungen 3.851127 Sekunden gebraucht
Richtige Funktion!
bei 5 cores haben 1000 Messungen 4.242919 Sekunden gebraucht
Richtige Funktion!
bei 5 cores haben 1000 Messungen 3.735688 Sekunden gebraucht
Richtige Funktion!
bei 5 cores haben 1000 Messungen 2.676174 Sekunden gebraucht
Richtige Funktion!
bei 6 cores haben 1000 Messungen 2.845813 Sekunden gebraucht
Richtige Funktion!
bei 6 cores haben 1000 Messungen 3.594674 Sekunden gebraucht
Richtige Funktion!
bei 6 cores haben 1000 Messungen 2.913183 Sekunden gebraucht
Richtige Funktion!
bei 6 cores haben 1000 Messungen 3.689512 Sekunden gebraucht
Richtige Funktion!
bei 6 cores haben 1000 Messungen 2.757563 Sekunden gebraucht
Richtige Funktion!
bei 7 cores haben 1000 Messungen 2.491588 Sekunden gebraucht
Richtige Funktion!
bei 7 cores haben 1000 Messungen 2.714403 Sekunden gebraucht
Richtige Funktion!
bei 7 cores haben 1000 Messungen 3.320866 Sekunden gebraucht
Richtige Funktion!
bei 7 cores haben 1000 Messungen 2.998761 Sekunden gebraucht
Richtige Funktion!
bei 7 cores haben 1000 Messungen 2.658957 Sekunden gebraucht
Richtige Funktion!
bei 8 cores haben 1000 Messungen 2.425276 Sekunden gebraucht
Richtige Funktion!
bei 8 cores haben 1000 Messungen 3.097890 Sekunden gebraucht
Richtige Funktion!
bei 8 cores haben 1000 Messungen 2.594581 Sekunden gebraucht
Richtige Funktion!
bei 8 cores haben 1000 Messungen 3.095014 Sekunden gebraucht
Richtige Funktion!
bei 8 cores haben 1000 Messungen 2.529743 Sekunden gebraucht
Richtige Funktion!
bei 9 cores haben 1000 Messungen 2.849191 Sekunden gebraucht
Richtige Funktion!
bei 9 cores haben 1000 Messungen 2.843357 Sekunden gebraucht
Richtige Funktion!
bei 9 cores haben 1000 Messungen 2.187401 Sekunden gebraucht
Richtige Funktion!
bei 9 cores haben 1000 Messungen 2.755369 Sekunden gebraucht
Richtige Funktion!
bei 9 cores haben 1000 Messungen 2.796426 Sekunden gebraucht
Richtige Funktion!
bei 10 cores haben 1000 Messungen 2.155926 Sekunden gebraucht
Richtige Funktion!
bei 10 cores haben 1000 Messungen 2.575455 Sekunden gebraucht
Richtige Funktion!
bei 10 cores haben 1000 Messungen 2.043568 Sekunden gebraucht
Richtige Funktion!
bei 10 cores haben 1000 Messungen 2.454344 Sekunden gebraucht
Richtige Funktion!
bei 10 cores haben 1000 Messungen 2.440829 Sekunden gebraucht
Richtige Funktion!
bei 11 cores haben 1000 Messungen 1.488997 Sekunden gebraucht
Richtige Funktion!
bei 11 cores haben 1000 Messungen 1.484803 Sekunden gebraucht
Richtige Funktion!
bei 11 cores haben 1000 Messungen 1.501228 Sekunden gebraucht
Richtige Funktion!
bei 11 cores haben 1000 Messungen 1.472069 Sekunden gebraucht
Richtige Funktion!
bei 11 cores haben 1000 Messungen 1.539752 Sekunden gebraucht
Richtige Funktion!
bei 12 cores haben 1000 Messungen 1.441825 Sekunden gebraucht
Richtige Funktion!
bei 12 cores haben 1000 Messungen 1.429950 Sekunden gebraucht
Richtige Funktion!
bei 12 cores haben 1000 Messungen 1.415189 Sekunden gebraucht
Richtige Funktion!
bei 12 cores haben 1000 Messungen 1.418305 Sekunden gebraucht
Richtige Funktion!
bei 12 cores haben 1000 Messungen 1.408886 Sekunden gebraucht
/hiskp4/gross/bachelorarbeit
