Wed Jun 10 19:53:08 CEST 2020 Waiting for 30 seconds before starting the job to allow the node to settle down
Wed Jun 10 19:53:38 CEST 2020 Waiting done, starting task!
Wed Jun 10 19:53:38 CEST 2020 Waiting for 30 seconds before starting the job to allow the node to settle down
Wed Jun 10 19:54:08 CEST 2020 Waiting done, starting task!
Laenge=10
bei 1 cores haben 1000 Messungen 0.016380 Sekunden gebraucht
bei 1 cores haben 1000 Messungen 0.014651 Sekunden gebraucht
bei 1 cores haben 1000 Messungen 0.013419 Sekunden gebraucht
bei 1 cores haben 1000 Messungen 0.012440 Sekunden gebraucht
bei 1 cores haben 1000 Messungen 0.011789 Sekunden gebraucht
bei 2 cores haben 1000 Messungen 0.022914 Sekunden gebraucht
bei 2 cores haben 1000 Messungen 0.020623 Sekunden gebraucht
bei 2 cores haben 1000 Messungen 0.019075 Sekunden gebraucht
bei 2 cores haben 1000 Messungen 0.023538 Sekunden gebraucht
bei 2 cores haben 1000 Messungen 0.020907 Sekunden gebraucht
bei 3 cores haben 1000 Messungen 0.018328 Sekunden gebraucht
bei 3 cores haben 1000 Messungen 0.017420 Sekunden gebraucht
bei 3 cores haben 1000 Messungen 0.016679 Sekunden gebraucht
bei 3 cores haben 1000 Messungen 0.016321 Sekunden gebraucht
bei 3 cores haben 1000 Messungen 0.016280 Sekunden gebraucht
bei 4 cores haben 1000 Messungen 0.015491 Sekunden gebraucht
bei 4 cores haben 1000 Messungen 0.015396 Sekunden gebraucht
bei 4 cores haben 1000 Messungen 0.015354 Sekunden gebraucht
bei 4 cores haben 1000 Messungen 0.015363 Sekunden gebraucht
bei 4 cores haben 1000 Messungen 0.015509 Sekunden gebraucht
bei 5 cores haben 1000 Messungen 0.018394 Sekunden gebraucht
bei 5 cores haben 1000 Messungen 0.018260 Sekunden gebraucht
bei 5 cores haben 1000 Messungen 0.018498 Sekunden gebraucht
bei 5 cores haben 1000 Messungen 0.018393 Sekunden gebraucht
bei 5 cores haben 1000 Messungen 0.018322 Sekunden gebraucht
bei 6 cores haben 1000 Messungen 0.017247 Sekunden gebraucht
bei 6 cores haben 1000 Messungen 0.017229 Sekunden gebraucht
bei 6 cores haben 1000 Messungen 0.017185 Sekunden gebraucht
bei 6 cores haben 1000 Messungen 0.017231 Sekunden gebraucht
bei 6 cores haben 1000 Messungen 0.017231 Sekunden gebraucht
bei 7 cores haben 1000 Messungen 0.020195 Sekunden gebraucht
bei 7 cores haben 1000 Messungen 0.019473 Sekunden gebraucht
bei 7 cores haben 1000 Messungen 0.018532 Sekunden gebraucht
bei 7 cores haben 1000 Messungen 0.017968 Sekunden gebraucht
bei 7 cores haben 1000 Messungen 0.017592 Sekunden gebraucht
bei 8 cores haben 1000 Messungen 0.017462 Sekunden gebraucht
bei 8 cores haben 1000 Messungen 0.016890 Sekunden gebraucht
bei 8 cores haben 1000 Messungen 0.017122 Sekunden gebraucht
bei 8 cores haben 1000 Messungen 0.017472 Sekunden gebraucht
bei 8 cores haben 1000 Messungen 0.017512 Sekunden gebraucht
bei 9 cores haben 1000 Messungen 0.021032 Sekunden gebraucht
bei 9 cores haben 1000 Messungen 0.020808 Sekunden gebraucht
bei 9 cores haben 1000 Messungen 0.021024 Sekunden gebraucht
bei 9 cores haben 1000 Messungen 0.020828 Sekunden gebraucht
bei 9 cores haben 1000 Messungen 0.020108 Sekunden gebraucht
bei 10 cores haben 1000 Messungen 0.018447 Sekunden gebraucht
bei 10 cores haben 1000 Messungen 0.017928 Sekunden gebraucht
bei 10 cores haben 1000 Messungen 0.017841 Sekunden gebraucht
bei 10 cores haben 1000 Messungen 0.018062 Sekunden gebraucht
bei 10 cores haben 1000 Messungen 0.017889 Sekunden gebraucht
bei 11 cores haben 1000 Messungen 0.023455 Sekunden gebraucht
bei 11 cores haben 1000 Messungen 0.023906 Sekunden gebraucht
bei 11 cores haben 1000 Messungen 0.023602 Sekunden gebraucht
bei 11 cores haben 1000 Messungen 0.023727 Sekunden gebraucht
bei 11 cores haben 1000 Messungen 0.023691 Sekunden gebraucht
bei 12 cores haben 1000 Messungen 0.023506 Sekunden gebraucht
bei 12 cores haben 1000 Messungen 0.023422 Sekunden gebraucht
bei 12 cores haben 1000 Messungen 0.023248 Sekunden gebraucht
bei 12 cores haben 1000 Messungen 0.023427 Sekunden gebraucht
bei 12 cores haben 1000 Messungen 0.023346 Sekunden gebraucht
Laenge=100
bei 1 cores haben 1000 Messungen 0.639179 Sekunden gebraucht
bei 1 cores haben 1000 Messungen 0.638980 Sekunden gebraucht
bei 1 cores haben 1000 Messungen 0.638275 Sekunden gebraucht
bei 1 cores haben 1000 Messungen 0.638023 Sekunden gebraucht
bei 1 cores haben 1000 Messungen 0.638146 Sekunden gebraucht
bei 2 cores haben 1000 Messungen 0.956980 Sekunden gebraucht
bei 2 cores haben 1000 Messungen 0.997218 Sekunden gebraucht
bei 2 cores haben 1000 Messungen 0.977430 Sekunden gebraucht
bei 2 cores haben 1000 Messungen 0.969790 Sekunden gebraucht
bei 2 cores haben 1000 Messungen 0.957713 Sekunden gebraucht
bei 3 cores haben 1000 Messungen 0.823516 Sekunden gebraucht
bei 3 cores haben 1000 Messungen 0.808305 Sekunden gebraucht
bei 3 cores haben 1000 Messungen 0.730247 Sekunden gebraucht
bei 3 cores haben 1000 Messungen 0.767893 Sekunden gebraucht
bei 3 cores haben 1000 Messungen 0.731427 Sekunden gebraucht
bei 4 cores haben 1000 Messungen 0.733155 Sekunden gebraucht
bei 4 cores haben 1000 Messungen 0.738211 Sekunden gebraucht
bei 4 cores haben 1000 Messungen 0.737945 Sekunden gebraucht
bei 4 cores haben 1000 Messungen 0.737141 Sekunden gebraucht
bei 4 cores haben 1000 Messungen 0.707794 Sekunden gebraucht
bei 5 cores haben 1000 Messungen 0.785815 Sekunden gebraucht
bei 5 cores haben 1000 Messungen 0.800050 Sekunden gebraucht
bei 5 cores haben 1000 Messungen 0.800858 Sekunden gebraucht
bei 5 cores haben 1000 Messungen 0.803540 Sekunden gebraucht
bei 5 cores haben 1000 Messungen 0.764133 Sekunden gebraucht
bei 6 cores haben 1000 Messungen 0.792069 Sekunden gebraucht
bei 6 cores haben 1000 Messungen 0.795772 Sekunden gebraucht
bei 6 cores haben 1000 Messungen 0.787092 Sekunden gebraucht
bei 6 cores haben 1000 Messungen 0.759777 Sekunden gebraucht
bei 6 cores haben 1000 Messungen 0.771988 Sekunden gebraucht
bei 7 cores haben 1000 Messungen 0.813524 Sekunden gebraucht
bei 7 cores haben 1000 Messungen 0.808625 Sekunden gebraucht
bei 7 cores haben 1000 Messungen 0.808971 Sekunden gebraucht
bei 7 cores haben 1000 Messungen 0.965865 Sekunden gebraucht
bei 7 cores haben 1000 Messungen 0.850725 Sekunden gebraucht
bei 8 cores haben 1000 Messungen 0.854227 Sekunden gebraucht
bei 8 cores haben 1000 Messungen 0.845863 Sekunden gebraucht
bei 8 cores haben 1000 Messungen 0.821541 Sekunden gebraucht
bei 8 cores haben 1000 Messungen 0.838924 Sekunden gebraucht
bei 8 cores haben 1000 Messungen 0.825768 Sekunden gebraucht
bei 9 cores haben 1000 Messungen 0.879199 Sekunden gebraucht
bei 9 cores haben 1000 Messungen 0.870329 Sekunden gebraucht
bei 9 cores haben 1000 Messungen 0.841260 Sekunden gebraucht
bei 9 cores haben 1000 Messungen 0.850033 Sekunden gebraucht
bei 9 cores haben 1000 Messungen 0.868957 Sekunden gebraucht
bei 10 cores haben 1000 Messungen 0.854333 Sekunden gebraucht
bei 10 cores haben 1000 Messungen 0.847174 Sekunden gebraucht
bei 10 cores haben 1000 Messungen 0.839012 Sekunden gebraucht
bei 10 cores haben 1000 Messungen 0.859819 Sekunden gebraucht
bei 10 cores haben 1000 Messungen 0.854877 Sekunden gebraucht
bei 11 cores haben 1000 Messungen 0.877035 Sekunden gebraucht
bei 11 cores haben 1000 Messungen 0.878937 Sekunden gebraucht
bei 11 cores haben 1000 Messungen 0.885072 Sekunden gebraucht
bei 11 cores haben 1000 Messungen 0.863934 Sekunden gebraucht
bei 11 cores haben 1000 Messungen 0.876185 Sekunden gebraucht
bei 12 cores haben 1000 Messungen 0.869920 Sekunden gebraucht
bei 12 cores haben 1000 Messungen 0.893968 Sekunden gebraucht
bei 12 cores haben 1000 Messungen 0.877340 Sekunden gebraucht
bei 12 cores haben 1000 Messungen 0.876709 Sekunden gebraucht
bei 12 cores haben 1000 Messungen 0.893505 Sekunden gebraucht
Laenge=500
bei 1 cores haben 1000 Messungen 15.942708 Sekunden gebraucht
bei 1 cores haben 1000 Messungen 16.056128 Sekunden gebraucht
bei 1 cores haben 1000 Messungen 15.900793 Sekunden gebraucht
bei 1 cores haben 1000 Messungen 15.984166 Sekunden gebraucht
bei 1 cores haben 1000 Messungen 15.983297 Sekunden gebraucht
bei 2 cores haben 1000 Messungen 23.992203 Sekunden gebraucht
bei 2 cores haben 1000 Messungen 23.983492 Sekunden gebraucht
bei 2 cores haben 1000 Messungen 23.995809 Sekunden gebraucht
bei 2 cores haben 1000 Messungen 24.046711 Sekunden gebraucht
bei 2 cores haben 1000 Messungen 24.013962 Sekunden gebraucht
bei 3 cores haben 1000 Messungen 20.596638 Sekunden gebraucht
bei 3 cores haben 1000 Messungen 20.515037 Sekunden gebraucht
bei 3 cores haben 1000 Messungen 20.683306 Sekunden gebraucht
bei 3 cores haben 1000 Messungen 20.682942 Sekunden gebraucht
bei 3 cores haben 1000 Messungen 20.690387 Sekunden gebraucht
bei 4 cores haben 1000 Messungen 18.535599 Sekunden gebraucht
bei 4 cores haben 1000 Messungen 18.406526 Sekunden gebraucht
bei 4 cores haben 1000 Messungen 18.532163 Sekunden gebraucht
bei 4 cores haben 1000 Messungen 18.476768 Sekunden gebraucht
bei 4 cores haben 1000 Messungen 18.503064 Sekunden gebraucht
bei 5 cores haben 1000 Messungen 20.370390 Sekunden gebraucht
bei 5 cores haben 1000 Messungen 20.502039 Sekunden gebraucht
bei 5 cores haben 1000 Messungen 20.628187 Sekunden gebraucht
bei 5 cores haben 1000 Messungen 20.632990 Sekunden gebraucht
bei 5 cores haben 1000 Messungen 20.650949 Sekunden gebraucht
bei 6 cores haben 1000 Messungen 19.637780 Sekunden gebraucht
bei 6 cores haben 1000 Messungen 19.632700 Sekunden gebraucht
bei 6 cores haben 1000 Messungen 19.536257 Sekunden gebraucht
bei 6 cores haben 1000 Messungen 19.484998 Sekunden gebraucht
bei 6 cores haben 1000 Messungen 19.571918 Sekunden gebraucht
bei 7 cores haben 1000 Messungen 21.667347 Sekunden gebraucht
bei 7 cores haben 1000 Messungen 21.590484 Sekunden gebraucht
bei 7 cores haben 1000 Messungen 22.046842 Sekunden gebraucht
bei 7 cores haben 1000 Messungen 21.658592 Sekunden gebraucht
bei 7 cores haben 1000 Messungen 21.639739 Sekunden gebraucht
bei 8 cores haben 1000 Messungen 20.701450 Sekunden gebraucht
bei 8 cores haben 1000 Messungen 20.579009 Sekunden gebraucht
bei 8 cores haben 1000 Messungen 20.676669 Sekunden gebraucht
bei 8 cores haben 1000 Messungen 20.641551 Sekunden gebraucht
bei 8 cores haben 1000 Messungen 21.015331 Sekunden gebraucht
bei 9 cores haben 1000 Messungen 21.497819 Sekunden gebraucht
bei 9 cores haben 1000 Messungen 21.412336 Sekunden gebraucht
bei 9 cores haben 1000 Messungen 21.636592 Sekunden gebraucht
bei 9 cores haben 1000 Messungen 21.541831 Sekunden gebraucht
bei 9 cores haben 1000 Messungen 21.708334 Sekunden gebraucht
bei 10 cores haben 1000 Messungen 21.659281 Sekunden gebraucht
bei 10 cores haben 1000 Messungen 21.384622 Sekunden gebraucht
bei 10 cores haben 1000 Messungen 21.774395 Sekunden gebraucht
bei 10 cores haben 1000 Messungen 21.578998 Sekunden gebraucht
bei 10 cores haben 1000 Messungen 21.691461 Sekunden gebraucht
bei 11 cores haben 1000 Messungen 21.896679 Sekunden gebraucht
bei 11 cores haben 1000 Messungen 21.912506 Sekunden gebraucht
bei 11 cores haben 1000 Messungen 21.976443 Sekunden gebraucht
bei 11 cores haben 1000 Messungen 21.976310 Sekunden gebraucht
bei 11 cores haben 1000 Messungen 21.932708 Sekunden gebraucht
bei 12 cores haben 1000 Messungen 21.539795 Sekunden gebraucht
bei 12 cores haben 1000 Messungen 21.506802 Sekunden gebraucht
bei 12 cores haben 1000 Messungen 21.564802 Sekunden gebraucht
bei 12 cores haben 1000 Messungen 21.513968 Sekunden gebraucht
bei 12 cores haben 1000 Messungen 21.498998 Sekunden gebraucht
/hiskp4/gross/bachelorarbeit
