Tue Jul 21 17:51:08 CEST 2020 Waiting for 30 seconds before starting the job to allow the node to settle down
Tue Jul 21 17:51:38 CEST 2020 Waiting done, starting task!
Tue Jul 21 17:51:39 CEST 2020 Waiting for 30 seconds before starting the job to allow the node to settle down
Tue Jul 21 17:52:09 CEST 2020 Waiting done, starting task!
Laenge=1260	Temperatur=0.500000
bei 1 cores haben 1000 Messungen 82.183098 Sekunden gebraucht
bei 1 cores haben 1000 Messungen 82.170553 Sekunden gebraucht
bei 1 cores haben 1000 Messungen 82.178437 Sekunden gebraucht
bei 1 cores haben 1000 Messungen 82.178165 Sekunden gebraucht
bei 1 cores haben 1000 Messungen 82.219373 Sekunden gebraucht
Fehler beim Einlesen!
Fehler beim Einlesen!
bei 1 cores haben 1000 Messungen 81.733594 Sekunden gebraucht
Fehler beim Einlesen!
Fehler beim Einlesen!
bei 1 cores haben 1000 Messungen 81.738021 Sekunden gebraucht
Fehler beim Einlesen!
Fehler beim Einlesen!
bei 1 cores haben 1000 Messungen 81.736651 Sekunden gebraucht
Fehler beim Einlesen!
Fehler beim Einlesen!
bei 1 cores haben 1000 Messungen 81.765217 Sekunden gebraucht
Fehler beim Einlesen!
Fehler beim Einlesen!
bei 1 cores haben 1000 Messungen 81.772770 Sekunden gebraucht
Fehler beim Einlesen!
Fehler beim Einlesen!
bei 2 cores haben 1000 Messungen 44.442917 Sekunden gebraucht
Fehler beim Einlesen!
Fehler beim Einlesen!
bei 2 cores haben 1000 Messungen 44.568002 Sekunden gebraucht
Fehler beim Einlesen!
Fehler beim Einlesen!
bei 2 cores haben 1000 Messungen 44.597076 Sekunden gebraucht
Fehler beim Einlesen!
Fehler beim Einlesen!
bei 2 cores haben 1000 Messungen 44.571539 Sekunden gebraucht
Fehler beim Einlesen!
Fehler beim Einlesen!
bei 2 cores haben 1000 Messungen 44.376904 Sekunden gebraucht
Fehler beim Einlesen!
Fehler beim Einlesen!
bei 2 cores haben 1000 Messungen 44.670782 Sekunden gebraucht
Fehler beim Einlesen!
Fehler beim Einlesen!
bei 2 cores haben 1000 Messungen 44.803369 Sekunden gebraucht
Fehler beim Einlesen!
Fehler beim Einlesen!
bei 2 cores haben 1000 Messungen 44.537452 Sekunden gebraucht
Fehler beim Einlesen!
Fehler beim Einlesen!
bei 2 cores haben 1000 Messungen 44.639073 Sekunden gebraucht
Fehler beim Einlesen!
Fehler beim Einlesen!
bei 2 cores haben 1000 Messungen 44.600853 Sekunden gebraucht
Fehler beim Einlesen!
Fehler beim Einlesen!
bei 3 cores haben 1000 Messungen 31.746114 Sekunden gebraucht
Fehler beim Einlesen!
Fehler beim Einlesen!
bei 3 cores haben 1000 Messungen 31.687792 Sekunden gebraucht
Fehler beim Einlesen!
Fehler beim Einlesen!
bei 3 cores haben 1000 Messungen 31.672298 Sekunden gebraucht
Fehler beim Einlesen!
Fehler beim Einlesen!
bei 3 cores haben 1000 Messungen 31.842516 Sekunden gebraucht
Fehler beim Einlesen!
Fehler beim Einlesen!
bei 3 cores haben 1000 Messungen 31.746604 Sekunden gebraucht
Fehler beim Einlesen!
Fehler beim Einlesen!
bei 3 cores haben 1000 Messungen 31.658585 Sekunden gebraucht
Fehler beim Einlesen!
Fehler beim Einlesen!
bei 3 cores haben 1000 Messungen 31.667268 Sekunden gebraucht
Fehler beim Einlesen!
Fehler beim Einlesen!
bei 3 cores haben 1000 Messungen 31.731225 Sekunden gebraucht
Fehler beim Einlesen!
Fehler beim Einlesen!
bei 3 cores haben 1000 Messungen 31.665995 Sekunden gebraucht
Fehler beim Einlesen!
Fehler beim Einlesen!
bei 3 cores haben 1000 Messungen 31.676026 Sekunden gebraucht
Fehler beim Einlesen!
Fehler beim Einlesen!
bei 4 cores haben 1000 Messungen 26.105627 Sekunden gebraucht
Fehler beim Einlesen!
Fehler beim Einlesen!
bei 4 cores haben 1000 Messungen 26.160739 Sekunden gebraucht
Fehler beim Einlesen!
Fehler beim Einlesen!
bei 4 cores haben 1000 Messungen 26.202286 Sekunden gebraucht
Fehler beim Einlesen!
Fehler beim Einlesen!
bei 4 cores haben 1000 Messungen 26.241995 Sekunden gebraucht
Fehler beim Einlesen!
Fehler beim Einlesen!
bei 4 cores haben 1000 Messungen 26.314028 Sekunden gebraucht
Fehler beim Einlesen!
Fehler beim Einlesen!
bei 4 cores haben 1000 Messungen 26.381743 Sekunden gebraucht
Fehler beim Einlesen!
Fehler beim Einlesen!
bei 4 cores haben 1000 Messungen 26.119922 Sekunden gebraucht
Fehler beim Einlesen!
Fehler beim Einlesen!
bei 4 cores haben 1000 Messungen 26.308961 Sekunden gebraucht
Fehler beim Einlesen!
Fehler beim Einlesen!
bei 4 cores haben 1000 Messungen 26.074677 Sekunden gebraucht
Fehler beim Einlesen!
Fehler beim Einlesen!
bei 4 cores haben 1000 Messungen 26.208927 Sekunden gebraucht
Fehler beim Einlesen!
Fehler beim Einlesen!
bei 5 cores haben 1000 Messungen 21.959352 Sekunden gebraucht
Fehler beim Einlesen!
Fehler beim Einlesen!
bei 5 cores haben 1000 Messungen 22.240288 Sekunden gebraucht
Fehler beim Einlesen!
Fehler beim Einlesen!
bei 5 cores haben 1000 Messungen 22.280758 Sekunden gebraucht
Fehler beim Einlesen!
Fehler beim Einlesen!
bei 5 cores haben 1000 Messungen 22.249770 Sekunden gebraucht
Fehler beim Einlesen!
Fehler beim Einlesen!
bei 5 cores haben 1000 Messungen 22.218838 Sekunden gebraucht
Fehler beim Einlesen!
Fehler beim Einlesen!
bei 5 cores haben 1000 Messungen 22.067545 Sekunden gebraucht
Fehler beim Einlesen!
Fehler beim Einlesen!
bei 5 cores haben 1000 Messungen 22.295091 Sekunden gebraucht
Fehler beim Einlesen!
Fehler beim Einlesen!
bei 5 cores haben 1000 Messungen 22.213124 Sekunden gebraucht
Fehler beim Einlesen!
Fehler beim Einlesen!
bei 5 cores haben 1000 Messungen 22.234472 Sekunden gebraucht
Fehler beim Einlesen!
Fehler beim Einlesen!
bei 5 cores haben 1000 Messungen 22.298370 Sekunden gebraucht
Fehler beim Einlesen!
Fehler beim Einlesen!
bei 6 cores haben 1000 Messungen 19.638847 Sekunden gebraucht
Fehler beim Einlesen!
Fehler beim Einlesen!
bei 6 cores haben 1000 Messungen 19.538106 Sekunden gebraucht
Fehler beim Einlesen!
Fehler beim Einlesen!
bei 6 cores haben 1000 Messungen 19.675136 Sekunden gebraucht
Fehler beim Einlesen!
Fehler beim Einlesen!
bei 6 cores haben 1000 Messungen 19.437570 Sekunden gebraucht
Fehler beim Einlesen!
Fehler beim Einlesen!
bei 6 cores haben 1000 Messungen 19.726593 Sekunden gebraucht
Fehler beim Einlesen!
Fehler beim Einlesen!
bei 6 cores haben 1000 Messungen 19.375153 Sekunden gebraucht
Fehler beim Einlesen!
Fehler beim Einlesen!
bei 6 cores haben 1000 Messungen 19.680968 Sekunden gebraucht
Fehler beim Einlesen!
Fehler beim Einlesen!
bei 6 cores haben 1000 Messungen 19.663904 Sekunden gebraucht
Fehler beim Einlesen!
Fehler beim Einlesen!
bei 6 cores haben 1000 Messungen 19.368091 Sekunden gebraucht
Fehler beim Einlesen!
Fehler beim Einlesen!
bei 6 cores haben 1000 Messungen 19.514122 Sekunden gebraucht
Fehler beim Einlesen!
Fehler beim Einlesen!
bei 7 cores haben 1000 Messungen 18.193984 Sekunden gebraucht
Fehler beim Einlesen!
Fehler beim Einlesen!
bei 7 cores haben 1000 Messungen 18.019473 Sekunden gebraucht
Fehler beim Einlesen!
Fehler beim Einlesen!
bei 7 cores haben 1000 Messungen 18.245105 Sekunden gebraucht
Fehler beim Einlesen!
Fehler beim Einlesen!
bei 7 cores haben 1000 Messungen 18.201655 Sekunden gebraucht
Fehler beim Einlesen!
Fehler beim Einlesen!
bei 7 cores haben 1000 Messungen 18.136464 Sekunden gebraucht
Fehler beim Einlesen!
Fehler beim Einlesen!
bei 7 cores haben 1000 Messungen 18.159861 Sekunden gebraucht
Fehler beim Einlesen!
Fehler beim Einlesen!
bei 7 cores haben 1000 Messungen 18.136021 Sekunden gebraucht
Fehler beim Einlesen!
Fehler beim Einlesen!
bei 7 cores haben 1000 Messungen 18.296086 Sekunden gebraucht
Fehler beim Einlesen!
Fehler beim Einlesen!
bei 7 cores haben 1000 Messungen 18.240707 Sekunden gebraucht
Fehler beim Einlesen!
Fehler beim Einlesen!
bei 7 cores haben 1000 Messungen 18.229936 Sekunden gebraucht
Fehler beim Einlesen!
Fehler beim Einlesen!
bei 8 cores haben 1000 Messungen 16.684093 Sekunden gebraucht
Fehler beim Einlesen!
Fehler beim Einlesen!
bei 8 cores haben 1000 Messungen 16.707544 Sekunden gebraucht
Fehler beim Einlesen!
Fehler beim Einlesen!
bei 8 cores haben 1000 Messungen 16.768350 Sekunden gebraucht
Fehler beim Einlesen!
Fehler beim Einlesen!
bei 8 cores haben 1000 Messungen 16.847825 Sekunden gebraucht
Fehler beim Einlesen!
Fehler beim Einlesen!
bei 8 cores haben 1000 Messungen 16.849472 Sekunden gebraucht
Fehler beim Einlesen!
Fehler beim Einlesen!
bei 8 cores haben 1000 Messungen 16.713444 Sekunden gebraucht
Fehler beim Einlesen!
Fehler beim Einlesen!
bei 8 cores haben 1000 Messungen 16.819948 Sekunden gebraucht
Fehler beim Einlesen!
Fehler beim Einlesen!
bei 8 cores haben 1000 Messungen 16.804530 Sekunden gebraucht
Fehler beim Einlesen!
Fehler beim Einlesen!
bei 8 cores haben 1000 Messungen 16.817416 Sekunden gebraucht
Fehler beim Einlesen!
Fehler beim Einlesen!
bei 8 cores haben 1000 Messungen 16.712389 Sekunden gebraucht
Fehler beim Einlesen!
Fehler beim Einlesen!
bei 9 cores haben 1000 Messungen 15.660806 Sekunden gebraucht
Fehler beim Einlesen!
Fehler beim Einlesen!
bei 9 cores haben 1000 Messungen 15.632033 Sekunden gebraucht
Fehler beim Einlesen!
Fehler beim Einlesen!
bei 9 cores haben 1000 Messungen 15.515438 Sekunden gebraucht
Fehler beim Einlesen!
Fehler beim Einlesen!
bei 9 cores haben 1000 Messungen 15.682865 Sekunden gebraucht
Fehler beim Einlesen!
Fehler beim Einlesen!
bei 9 cores haben 1000 Messungen 15.714688 Sekunden gebraucht
Fehler beim Einlesen!
Fehler beim Einlesen!
bei 9 cores haben 1000 Messungen 15.578080 Sekunden gebraucht
Fehler beim Einlesen!
Fehler beim Einlesen!
bei 9 cores haben 1000 Messungen 15.729473 Sekunden gebraucht
Fehler beim Einlesen!
Fehler beim Einlesen!
bei 9 cores haben 1000 Messungen 15.739973 Sekunden gebraucht
Fehler beim Einlesen!
Fehler beim Einlesen!
bei 9 cores haben 1000 Messungen 15.588566 Sekunden gebraucht
Fehler beim Einlesen!
Fehler beim Einlesen!
bei 9 cores haben 1000 Messungen 15.704297 Sekunden gebraucht
Fehler beim Einlesen!
Fehler beim Einlesen!
bei 10 cores haben 1000 Messungen 14.727984 Sekunden gebraucht
Fehler beim Einlesen!
Fehler beim Einlesen!
bei 10 cores haben 1000 Messungen 14.666333 Sekunden gebraucht
Fehler beim Einlesen!
Fehler beim Einlesen!
bei 10 cores haben 1000 Messungen 14.802593 Sekunden gebraucht
Fehler beim Einlesen!
Fehler beim Einlesen!
bei 10 cores haben 1000 Messungen 14.793560 Sekunden gebraucht
Fehler beim Einlesen!
Fehler beim Einlesen!
bei 10 cores haben 1000 Messungen 14.651718 Sekunden gebraucht
Fehler beim Einlesen!
Fehler beim Einlesen!
bei 10 cores haben 1000 Messungen 14.783318 Sekunden gebraucht
Fehler beim Einlesen!
Fehler beim Einlesen!
bei 10 cores haben 1000 Messungen 14.803035 Sekunden gebraucht
Fehler beim Einlesen!
Fehler beim Einlesen!
bei 10 cores haben 1000 Messungen 14.791811 Sekunden gebraucht
Fehler beim Einlesen!
Fehler beim Einlesen!
bei 10 cores haben 1000 Messungen 14.791505 Sekunden gebraucht
Fehler beim Einlesen!
Fehler beim Einlesen!
bei 10 cores haben 1000 Messungen 14.663490 Sekunden gebraucht
Fehler beim Einlesen!
Fehler beim Einlesen!
bei 11 cores haben 1000 Messungen 14.243691 Sekunden gebraucht
Fehler beim Einlesen!
Fehler beim Einlesen!
bei 11 cores haben 1000 Messungen 14.266430 Sekunden gebraucht
Fehler beim Einlesen!
Fehler beim Einlesen!
bei 11 cores haben 1000 Messungen 14.103902 Sekunden gebraucht
Fehler beim Einlesen!
Fehler beim Einlesen!
bei 11 cores haben 1000 Messungen 14.232791 Sekunden gebraucht
Fehler beim Einlesen!
Fehler beim Einlesen!
bei 11 cores haben 1000 Messungen 14.223679 Sekunden gebraucht
Fehler beim Einlesen!
Fehler beim Einlesen!
bei 11 cores haben 1000 Messungen 14.258057 Sekunden gebraucht
Fehler beim Einlesen!
Fehler beim Einlesen!
bei 11 cores haben 1000 Messungen 14.253916 Sekunden gebraucht
Fehler beim Einlesen!
Fehler beim Einlesen!
bei 11 cores haben 1000 Messungen 14.569293 Sekunden gebraucht
Fehler beim Einlesen!
Fehler beim Einlesen!
bei 11 cores haben 1000 Messungen 14.513436 Sekunden gebraucht
Fehler beim Einlesen!
Fehler beim Einlesen!
bei 11 cores haben 1000 Messungen 14.552218 Sekunden gebraucht
Fehler beim Einlesen!
Fehler beim Einlesen!
bei 12 cores haben 1000 Messungen 13.992977 Sekunden gebraucht
Fehler beim Einlesen!
Fehler beim Einlesen!
bei 12 cores haben 1000 Messungen 13.993053 Sekunden gebraucht
Fehler beim Einlesen!
Fehler beim Einlesen!
bei 12 cores haben 1000 Messungen 13.732038 Sekunden gebraucht
Fehler beim Einlesen!
Fehler beim Einlesen!
bei 12 cores haben 1000 Messungen 13.696055 Sekunden gebraucht
Fehler beim Einlesen!
Fehler beim Einlesen!
bei 12 cores haben 1000 Messungen 13.697897 Sekunden gebraucht
Fehler beim Einlesen!
Fehler beim Einlesen!
bei 12 cores haben 1000 Messungen 13.758251 Sekunden gebraucht
Fehler beim Einlesen!
Fehler beim Einlesen!
bei 12 cores haben 1000 Messungen 13.663157 Sekunden gebraucht
Fehler beim Einlesen!
Fehler beim Einlesen!
bei 12 cores haben 1000 Messungen 13.691728 Sekunden gebraucht
Fehler beim Einlesen!
Fehler beim Einlesen!
bei 12 cores haben 1000 Messungen 13.667830 Sekunden gebraucht
Fehler beim Einlesen!
Fehler beim Einlesen!
bei 12 cores haben 1000 Messungen 13.683103 Sekunden gebraucht
Fehler beim Einlesen!
Fehler beim Einlesen!
/hiskp4/gross/bachelorarbeit
