Mon Jun 15 15:23:42 CEST 2020 Waiting for 30 seconds before starting the job to allow the node to settle down
Mon Jun 15 15:24:12 CEST 2020 Waiting done, starting task!
Mon Jun 15 15:24:12 CEST 2020 Waiting for 30 seconds before starting the job to allow the node to settle down
Mon Jun 15 15:24:42 CEST 2020 Waiting done, starting task!
Laenge=10
bei 1 cores haben 1000 Messungen 0.011325 Sekunden gebraucht
bei 1 cores haben 1000 Messungen 0.011110 Sekunden gebraucht
bei 1 cores haben 1000 Messungen 0.010667 Sekunden gebraucht
bei 1 cores haben 1000 Messungen 0.016644 Sekunden gebraucht
bei 1 cores haben 1000 Messungen 0.014827 Sekunden gebraucht
bei 1 cores haben 1000 Messungen 0.013517 Sekunden gebraucht
bei 1 cores haben 1000 Messungen 0.012492 Sekunden gebraucht
bei 1 cores haben 1000 Messungen 0.016459 Sekunden gebraucht
bei 1 cores haben 1000 Messungen 0.014870 Sekunden gebraucht
bei 1 cores haben 1000 Messungen 0.013564 Sekunden gebraucht
bei 2 cores haben 1000 Messungen 0.009391 Sekunden gebraucht
bei 2 cores haben 1000 Messungen 0.008729 Sekunden gebraucht
bei 2 cores haben 1000 Messungen 0.007829 Sekunden gebraucht
bei 2 cores haben 1000 Messungen 0.007474 Sekunden gebraucht
bei 2 cores haben 1000 Messungen 0.007399 Sekunden gebraucht
bei 2 cores haben 1000 Messungen 0.007418 Sekunden gebraucht
bei 2 cores haben 1000 Messungen 0.007397 Sekunden gebraucht
bei 2 cores haben 1000 Messungen 0.007369 Sekunden gebraucht
bei 2 cores haben 1000 Messungen 0.007310 Sekunden gebraucht
bei 2 cores haben 1000 Messungen 0.011596 Sekunden gebraucht
bei 3 cores haben 1000 Messungen 0.013357 Sekunden gebraucht
bei 3 cores haben 1000 Messungen 0.012649 Sekunden gebraucht
bei 3 cores haben 1000 Messungen 0.012400 Sekunden gebraucht
bei 3 cores haben 1000 Messungen 0.011789 Sekunden gebraucht
bei 3 cores haben 1000 Messungen 0.011778 Sekunden gebraucht
bei 3 cores haben 1000 Messungen 0.011629 Sekunden gebraucht
bei 3 cores haben 1000 Messungen 0.011176 Sekunden gebraucht
bei 3 cores haben 1000 Messungen 0.011188 Sekunden gebraucht
bei 3 cores haben 1000 Messungen 0.011193 Sekunden gebraucht
bei 3 cores haben 1000 Messungen 0.011309 Sekunden gebraucht
bei 4 cores haben 1000 Messungen 0.012163 Sekunden gebraucht
bei 4 cores haben 1000 Messungen 0.012012 Sekunden gebraucht
bei 4 cores haben 1000 Messungen 0.012039 Sekunden gebraucht
bei 4 cores haben 1000 Messungen 0.012053 Sekunden gebraucht
bei 4 cores haben 1000 Messungen 0.012150 Sekunden gebraucht
bei 4 cores haben 1000 Messungen 0.012006 Sekunden gebraucht
bei 4 cores haben 1000 Messungen 0.012014 Sekunden gebraucht
bei 4 cores haben 1000 Messungen 0.012078 Sekunden gebraucht
bei 4 cores haben 1000 Messungen 0.011926 Sekunden gebraucht
bei 4 cores haben 1000 Messungen 0.011885 Sekunden gebraucht
bei 5 cores haben 1000 Messungen 0.012106 Sekunden gebraucht
bei 5 cores haben 1000 Messungen 0.012013 Sekunden gebraucht
bei 5 cores haben 1000 Messungen 0.011982 Sekunden gebraucht
bei 5 cores haben 1000 Messungen 0.012054 Sekunden gebraucht
bei 5 cores haben 1000 Messungen 0.012116 Sekunden gebraucht
bei 5 cores haben 1000 Messungen 0.012231 Sekunden gebraucht
bei 5 cores haben 1000 Messungen 0.012259 Sekunden gebraucht
bei 5 cores haben 1000 Messungen 0.012199 Sekunden gebraucht
bei 5 cores haben 1000 Messungen 0.011767 Sekunden gebraucht
bei 5 cores haben 1000 Messungen 0.011565 Sekunden gebraucht
bei 6 cores haben 1000 Messungen 0.012266 Sekunden gebraucht
bei 6 cores haben 1000 Messungen 0.012178 Sekunden gebraucht
bei 6 cores haben 1000 Messungen 0.012091 Sekunden gebraucht
bei 6 cores haben 1000 Messungen 0.011997 Sekunden gebraucht
bei 6 cores haben 1000 Messungen 0.012094 Sekunden gebraucht
bei 6 cores haben 1000 Messungen 0.012347 Sekunden gebraucht
bei 6 cores haben 1000 Messungen 0.012061 Sekunden gebraucht
bei 6 cores haben 1000 Messungen 0.011946 Sekunden gebraucht
bei 6 cores haben 1000 Messungen 0.011739 Sekunden gebraucht
bei 6 cores haben 1000 Messungen 0.011821 Sekunden gebraucht
bei 7 cores haben 1000 Messungen 0.011971 Sekunden gebraucht
bei 7 cores haben 1000 Messungen 0.012128 Sekunden gebraucht
bei 7 cores haben 1000 Messungen 0.012010 Sekunden gebraucht
bei 7 cores haben 1000 Messungen 0.011990 Sekunden gebraucht
bei 7 cores haben 1000 Messungen 0.012127 Sekunden gebraucht
bei 7 cores haben 1000 Messungen 0.012160 Sekunden gebraucht
bei 7 cores haben 1000 Messungen 0.012214 Sekunden gebraucht
bei 7 cores haben 1000 Messungen 0.012269 Sekunden gebraucht
bei 7 cores haben 1000 Messungen 0.012060 Sekunden gebraucht
bei 7 cores haben 1000 Messungen 0.012230 Sekunden gebraucht
bei 8 cores haben 1000 Messungen 0.014506 Sekunden gebraucht
bei 8 cores haben 1000 Messungen 0.014320 Sekunden gebraucht
bei 8 cores haben 1000 Messungen 0.014525 Sekunden gebraucht
bei 8 cores haben 1000 Messungen 0.014337 Sekunden gebraucht
bei 8 cores haben 1000 Messungen 0.014527 Sekunden gebraucht
bei 8 cores haben 1000 Messungen 0.014307 Sekunden gebraucht
bei 8 cores haben 1000 Messungen 0.014293 Sekunden gebraucht
bei 8 cores haben 1000 Messungen 0.014359 Sekunden gebraucht
bei 8 cores haben 1000 Messungen 0.014277 Sekunden gebraucht
bei 8 cores haben 1000 Messungen 0.014258 Sekunden gebraucht
bei 9 cores haben 1000 Messungen 0.014750 Sekunden gebraucht
bei 9 cores haben 1000 Messungen 0.014489 Sekunden gebraucht
bei 9 cores haben 1000 Messungen 0.015046 Sekunden gebraucht
bei 9 cores haben 1000 Messungen 0.015141 Sekunden gebraucht
bei 9 cores haben 1000 Messungen 0.015006 Sekunden gebraucht
bei 9 cores haben 1000 Messungen 0.015047 Sekunden gebraucht
bei 9 cores haben 1000 Messungen 0.014882 Sekunden gebraucht
bei 9 cores haben 1000 Messungen 0.014840 Sekunden gebraucht
bei 9 cores haben 1000 Messungen 0.014926 Sekunden gebraucht
bei 9 cores haben 1000 Messungen 0.014907 Sekunden gebraucht
bei 10 cores haben 1000 Messungen 0.017018 Sekunden gebraucht
bei 10 cores haben 1000 Messungen 0.017025 Sekunden gebraucht
bei 10 cores haben 1000 Messungen 0.017054 Sekunden gebraucht
bei 10 cores haben 1000 Messungen 0.017050 Sekunden gebraucht
bei 10 cores haben 1000 Messungen 0.017047 Sekunden gebraucht
bei 10 cores haben 1000 Messungen 0.017344 Sekunden gebraucht
bei 10 cores haben 1000 Messungen 0.017305 Sekunden gebraucht
bei 10 cores haben 1000 Messungen 0.017308 Sekunden gebraucht
bei 10 cores haben 1000 Messungen 0.017316 Sekunden gebraucht
bei 10 cores haben 1000 Messungen 0.017227 Sekunden gebraucht
bei 11 cores haben 1000 Messungen 0.016595 Sekunden gebraucht
bei 11 cores haben 1000 Messungen 0.016617 Sekunden gebraucht
bei 11 cores haben 1000 Messungen 0.016565 Sekunden gebraucht
bei 11 cores haben 1000 Messungen 0.016613 Sekunden gebraucht
bei 11 cores haben 1000 Messungen 0.016544 Sekunden gebraucht
bei 11 cores haben 1000 Messungen 0.016546 Sekunden gebraucht
bei 11 cores haben 1000 Messungen 0.016626 Sekunden gebraucht
bei 11 cores haben 1000 Messungen 0.016588 Sekunden gebraucht
bei 11 cores haben 1000 Messungen 0.016649 Sekunden gebraucht
bei 11 cores haben 1000 Messungen 0.016633 Sekunden gebraucht
bei 12 cores haben 1000 Messungen 0.020389 Sekunden gebraucht
bei 12 cores haben 1000 Messungen 0.020015 Sekunden gebraucht
bei 12 cores haben 1000 Messungen 0.020093 Sekunden gebraucht
bei 12 cores haben 1000 Messungen 0.020000 Sekunden gebraucht
bei 12 cores haben 1000 Messungen 0.019958 Sekunden gebraucht
bei 12 cores haben 1000 Messungen 0.020001 Sekunden gebraucht
bei 12 cores haben 1000 Messungen 0.019896 Sekunden gebraucht
bei 12 cores haben 1000 Messungen 0.019978 Sekunden gebraucht
bei 12 cores haben 1000 Messungen 0.020114 Sekunden gebraucht
bei 12 cores haben 1000 Messungen 0.019932 Sekunden gebraucht
Laenge=100
bei 1 cores haben 1000 Messungen 0.595181 Sekunden gebraucht
bei 1 cores haben 1000 Messungen 0.599782 Sekunden gebraucht
bei 1 cores haben 1000 Messungen 0.601767 Sekunden gebraucht
bei 1 cores haben 1000 Messungen 0.599350 Sekunden gebraucht
bei 1 cores haben 1000 Messungen 0.600190 Sekunden gebraucht
bei 1 cores haben 1000 Messungen 0.602677 Sekunden gebraucht
bei 1 cores haben 1000 Messungen 0.603226 Sekunden gebraucht
bei 1 cores haben 1000 Messungen 0.643824 Sekunden gebraucht
bei 1 cores haben 1000 Messungen 0.602057 Sekunden gebraucht
bei 1 cores haben 1000 Messungen 0.599954 Sekunden gebraucht
bei 2 cores haben 1000 Messungen 0.410006 Sekunden gebraucht
bei 2 cores haben 1000 Messungen 0.453991 Sekunden gebraucht
bei 2 cores haben 1000 Messungen 0.454587 Sekunden gebraucht
bei 2 cores haben 1000 Messungen 0.450982 Sekunden gebraucht
bei 2 cores haben 1000 Messungen 0.434160 Sekunden gebraucht
bei 2 cores haben 1000 Messungen 0.409673 Sekunden gebraucht
bei 2 cores haben 1000 Messungen 0.355292 Sekunden gebraucht
bei 2 cores haben 1000 Messungen 0.331540 Sekunden gebraucht
bei 2 cores haben 1000 Messungen 0.331526 Sekunden gebraucht
bei 2 cores haben 1000 Messungen 0.331442 Sekunden gebraucht
bei 3 cores haben 1000 Messungen 0.240514 Sekunden gebraucht
bei 3 cores haben 1000 Messungen 0.240311 Sekunden gebraucht
bei 3 cores haben 1000 Messungen 0.241217 Sekunden gebraucht
bei 3 cores haben 1000 Messungen 0.241296 Sekunden gebraucht
bei 3 cores haben 1000 Messungen 0.241782 Sekunden gebraucht
bei 3 cores haben 1000 Messungen 0.270275 Sekunden gebraucht
bei 3 cores haben 1000 Messungen 0.236799 Sekunden gebraucht
bei 3 cores haben 1000 Messungen 0.235701 Sekunden gebraucht
bei 3 cores haben 1000 Messungen 0.238465 Sekunden gebraucht
bei 3 cores haben 1000 Messungen 0.261232 Sekunden gebraucht
bei 4 cores haben 1000 Messungen 0.225094 Sekunden gebraucht
bei 4 cores haben 1000 Messungen 0.192909 Sekunden gebraucht
bei 4 cores haben 1000 Messungen 0.192178 Sekunden gebraucht
bei 4 cores haben 1000 Messungen 0.189887 Sekunden gebraucht
bei 4 cores haben 1000 Messungen 0.192231 Sekunden gebraucht
bei 4 cores haben 1000 Messungen 0.191283 Sekunden gebraucht
bei 4 cores haben 1000 Messungen 0.200387 Sekunden gebraucht
bei 4 cores haben 1000 Messungen 0.221743 Sekunden gebraucht
bei 4 cores haben 1000 Messungen 0.193333 Sekunden gebraucht
bei 4 cores haben 1000 Messungen 0.193264 Sekunden gebraucht
bei 5 cores haben 1000 Messungen 0.167454 Sekunden gebraucht
bei 5 cores haben 1000 Messungen 0.166933 Sekunden gebraucht
bei 5 cores haben 1000 Messungen 0.166776 Sekunden gebraucht
bei 5 cores haben 1000 Messungen 0.166627 Sekunden gebraucht
bei 5 cores haben 1000 Messungen 0.195518 Sekunden gebraucht
bei 5 cores haben 1000 Messungen 0.166459 Sekunden gebraucht
bei 5 cores haben 1000 Messungen 0.166910 Sekunden gebraucht
bei 5 cores haben 1000 Messungen 0.166354 Sekunden gebraucht
bei 5 cores haben 1000 Messungen 0.166385 Sekunden gebraucht
bei 5 cores haben 1000 Messungen 0.166982 Sekunden gebraucht
bei 6 cores haben 1000 Messungen 0.149039 Sekunden gebraucht
bei 6 cores haben 1000 Messungen 0.150488 Sekunden gebraucht
bei 6 cores haben 1000 Messungen 0.151547 Sekunden gebraucht
bei 6 cores haben 1000 Messungen 0.151395 Sekunden gebraucht
bei 6 cores haben 1000 Messungen 0.150012 Sekunden gebraucht
bei 6 cores haben 1000 Messungen 0.150566 Sekunden gebraucht
bei 6 cores haben 1000 Messungen 0.149323 Sekunden gebraucht
bei 6 cores haben 1000 Messungen 0.148431 Sekunden gebraucht
bei 6 cores haben 1000 Messungen 0.148127 Sekunden gebraucht
bei 6 cores haben 1000 Messungen 0.149750 Sekunden gebraucht
bei 7 cores haben 1000 Messungen 0.139138 Sekunden gebraucht
bei 7 cores haben 1000 Messungen 0.475953 Sekunden gebraucht
bei 7 cores haben 1000 Messungen 0.148737 Sekunden gebraucht
bei 7 cores haben 1000 Messungen 0.143289 Sekunden gebraucht
bei 7 cores haben 1000 Messungen 0.138197 Sekunden gebraucht
bei 7 cores haben 1000 Messungen 0.137884 Sekunden gebraucht
bei 7 cores haben 1000 Messungen 0.137932 Sekunden gebraucht
bei 7 cores haben 1000 Messungen 0.137062 Sekunden gebraucht
bei 7 cores haben 1000 Messungen 0.137347 Sekunden gebraucht
bei 7 cores haben 1000 Messungen 0.137556 Sekunden gebraucht
bei 8 cores haben 1000 Messungen 0.126878 Sekunden gebraucht
bei 8 cores haben 1000 Messungen 0.126237 Sekunden gebraucht
bei 8 cores haben 1000 Messungen 0.126246 Sekunden gebraucht
bei 8 cores haben 1000 Messungen 0.129098 Sekunden gebraucht
bei 8 cores haben 1000 Messungen 0.127935 Sekunden gebraucht
bei 8 cores haben 1000 Messungen 0.125493 Sekunden gebraucht
bei 8 cores haben 1000 Messungen 0.127524 Sekunden gebraucht
bei 8 cores haben 1000 Messungen 0.129634 Sekunden gebraucht
bei 8 cores haben 1000 Messungen 0.130542 Sekunden gebraucht
bei 8 cores haben 1000 Messungen 0.129129 Sekunden gebraucht
bei 9 cores haben 1000 Messungen 0.120899 Sekunden gebraucht
bei 9 cores haben 1000 Messungen 0.120730 Sekunden gebraucht
bei 9 cores haben 1000 Messungen 0.120614 Sekunden gebraucht
bei 9 cores haben 1000 Messungen 0.122477 Sekunden gebraucht
bei 9 cores haben 1000 Messungen 0.122854 Sekunden gebraucht
bei 9 cores haben 1000 Messungen 0.123149 Sekunden gebraucht
bei 9 cores haben 1000 Messungen 0.121944 Sekunden gebraucht
bei 9 cores haben 1000 Messungen 0.122299 Sekunden gebraucht
bei 9 cores haben 1000 Messungen 0.122049 Sekunden gebraucht
bei 9 cores haben 1000 Messungen 0.122268 Sekunden gebraucht
bei 10 cores haben 1000 Messungen 0.119838 Sekunden gebraucht
bei 10 cores haben 1000 Messungen 0.115258 Sekunden gebraucht
bei 10 cores haben 1000 Messungen 0.116123 Sekunden gebraucht
bei 10 cores haben 1000 Messungen 0.116514 Sekunden gebraucht
bei 10 cores haben 1000 Messungen 0.118885 Sekunden gebraucht
bei 10 cores haben 1000 Messungen 0.115957 Sekunden gebraucht
bei 10 cores haben 1000 Messungen 0.115321 Sekunden gebraucht
bei 10 cores haben 1000 Messungen 0.115704 Sekunden gebraucht
bei 10 cores haben 1000 Messungen 0.115374 Sekunden gebraucht
bei 10 cores haben 1000 Messungen 0.115248 Sekunden gebraucht
bei 11 cores haben 1000 Messungen 0.124198 Sekunden gebraucht
bei 11 cores haben 1000 Messungen 0.113980 Sekunden gebraucht
bei 11 cores haben 1000 Messungen 0.112981 Sekunden gebraucht
bei 11 cores haben 1000 Messungen 0.112938 Sekunden gebraucht
bei 11 cores haben 1000 Messungen 0.113024 Sekunden gebraucht
bei 11 cores haben 1000 Messungen 0.113394 Sekunden gebraucht
bei 11 cores haben 1000 Messungen 0.113123 Sekunden gebraucht
bei 11 cores haben 1000 Messungen 0.112708 Sekunden gebraucht
bei 11 cores haben 1000 Messungen 0.112556 Sekunden gebraucht
bei 11 cores haben 1000 Messungen 0.112740 Sekunden gebraucht
bei 12 cores haben 1000 Messungen 0.109939 Sekunden gebraucht
bei 12 cores haben 1000 Messungen 0.108990 Sekunden gebraucht
bei 12 cores haben 1000 Messungen 0.108093 Sekunden gebraucht
bei 12 cores haben 1000 Messungen 0.110597 Sekunden gebraucht
bei 12 cores haben 1000 Messungen 0.108652 Sekunden gebraucht
bei 12 cores haben 1000 Messungen 0.108516 Sekunden gebraucht
bei 12 cores haben 1000 Messungen 0.108170 Sekunden gebraucht
bei 12 cores haben 1000 Messungen 0.108267 Sekunden gebraucht
bei 12 cores haben 1000 Messungen 0.108676 Sekunden gebraucht
bei 12 cores haben 1000 Messungen 0.108604 Sekunden gebraucht
Laenge=500
bei 1 cores haben 1000 Messungen 15.136907 Sekunden gebraucht
bei 1 cores haben 1000 Messungen 15.304091 Sekunden gebraucht
bei 1 cores haben 1000 Messungen 15.176813 Sekunden gebraucht
bei 1 cores haben 1000 Messungen 15.054834 Sekunden gebraucht
bei 1 cores haben 1000 Messungen 15.051511 Sekunden gebraucht
bei 1 cores haben 1000 Messungen 15.045751 Sekunden gebraucht
bei 1 cores haben 1000 Messungen 15.047713 Sekunden gebraucht
bei 1 cores haben 1000 Messungen 15.286185 Sekunden gebraucht
bei 1 cores haben 1000 Messungen 15.021602 Sekunden gebraucht
bei 1 cores haben 1000 Messungen 15.022163 Sekunden gebraucht
bei 2 cores haben 1000 Messungen 8.245852 Sekunden gebraucht
bei 2 cores haben 1000 Messungen 8.211225 Sekunden gebraucht
bei 2 cores haben 1000 Messungen 8.215794 Sekunden gebraucht
bei 2 cores haben 1000 Messungen 8.230997 Sekunden gebraucht
bei 2 cores haben 1000 Messungen 8.214838 Sekunden gebraucht
bei 2 cores haben 1000 Messungen 8.214330 Sekunden gebraucht
bei 2 cores haben 1000 Messungen 8.236260 Sekunden gebraucht
bei 2 cores haben 1000 Messungen 8.591289 Sekunden gebraucht
bei 2 cores haben 1000 Messungen 8.429320 Sekunden gebraucht
bei 2 cores haben 1000 Messungen 8.226029 Sekunden gebraucht
bei 3 cores haben 1000 Messungen 5.886599 Sekunden gebraucht
bei 3 cores haben 1000 Messungen 5.781896 Sekunden gebraucht
bei 3 cores haben 1000 Messungen 5.808644 Sekunden gebraucht
bei 3 cores haben 1000 Messungen 5.901874 Sekunden gebraucht
bei 3 cores haben 1000 Messungen 6.131908 Sekunden gebraucht
bei 3 cores haben 1000 Messungen 5.812061 Sekunden gebraucht
bei 3 cores haben 1000 Messungen 5.795395 Sekunden gebraucht
bei 3 cores haben 1000 Messungen 5.850809 Sekunden gebraucht
bei 3 cores haben 1000 Messungen 5.783730 Sekunden gebraucht
bei 3 cores haben 1000 Messungen 5.854366 Sekunden gebraucht
bei 4 cores haben 1000 Messungen 4.689609 Sekunden gebraucht
bei 4 cores haben 1000 Messungen 4.828456 Sekunden gebraucht
bei 4 cores haben 1000 Messungen 4.815626 Sekunden gebraucht
bei 4 cores haben 1000 Messungen 4.781986 Sekunden gebraucht
bei 4 cores haben 1000 Messungen 4.708498 Sekunden gebraucht
bei 4 cores haben 1000 Messungen 4.699421 Sekunden gebraucht
bei 4 cores haben 1000 Messungen 4.641085 Sekunden gebraucht
bei 4 cores haben 1000 Messungen 4.708614 Sekunden gebraucht
bei 4 cores haben 1000 Messungen 4.710897 Sekunden gebraucht
bei 4 cores haben 1000 Messungen 4.639579 Sekunden gebraucht
bei 5 cores haben 1000 Messungen 4.108324 Sekunden gebraucht
bei 5 cores haben 1000 Messungen 4.027243 Sekunden gebraucht
bei 5 cores haben 1000 Messungen 3.957914 Sekunden gebraucht
bei 5 cores haben 1000 Messungen 4.103185 Sekunden gebraucht
bei 5 cores haben 1000 Messungen 4.019394 Sekunden gebraucht
bei 5 cores haben 1000 Messungen 4.127833 Sekunden gebraucht
bei 5 cores haben 1000 Messungen 4.122915 Sekunden gebraucht
bei 5 cores haben 1000 Messungen 3.995558 Sekunden gebraucht
bei 5 cores haben 1000 Messungen 4.030791 Sekunden gebraucht
bei 5 cores haben 1000 Messungen 4.077743 Sekunden gebraucht
bei 6 cores haben 1000 Messungen 3.507251 Sekunden gebraucht
bei 6 cores haben 1000 Messungen 3.540871 Sekunden gebraucht
bei 6 cores haben 1000 Messungen 3.581150 Sekunden gebraucht
bei 6 cores haben 1000 Messungen 3.533362 Sekunden gebraucht
bei 6 cores haben 1000 Messungen 3.583586 Sekunden gebraucht
bei 6 cores haben 1000 Messungen 3.615505 Sekunden gebraucht
bei 6 cores haben 1000 Messungen 3.680215 Sekunden gebraucht
bei 6 cores haben 1000 Messungen 3.695176 Sekunden gebraucht
bei 6 cores haben 1000 Messungen 3.577449 Sekunden gebraucht
bei 6 cores haben 1000 Messungen 3.542687 Sekunden gebraucht
bei 7 cores haben 1000 Messungen 3.237594 Sekunden gebraucht
bei 7 cores haben 1000 Messungen 3.261766 Sekunden gebraucht
bei 7 cores haben 1000 Messungen 3.253324 Sekunden gebraucht
bei 7 cores haben 1000 Messungen 3.198247 Sekunden gebraucht
bei 7 cores haben 1000 Messungen 3.231361 Sekunden gebraucht
bei 7 cores haben 1000 Messungen 3.282322 Sekunden gebraucht
bei 7 cores haben 1000 Messungen 3.190257 Sekunden gebraucht
bei 7 cores haben 1000 Messungen 3.245962 Sekunden gebraucht
bei 7 cores haben 1000 Messungen 3.189644 Sekunden gebraucht
bei 7 cores haben 1000 Messungen 3.227683 Sekunden gebraucht
bei 8 cores haben 1000 Messungen 3.030914 Sekunden gebraucht
bei 8 cores haben 1000 Messungen 2.976775 Sekunden gebraucht
bei 8 cores haben 1000 Messungen 3.013347 Sekunden gebraucht
bei 8 cores haben 1000 Messungen 2.974228 Sekunden gebraucht
bei 8 cores haben 1000 Messungen 2.965545 Sekunden gebraucht
bei 8 cores haben 1000 Messungen 2.988934 Sekunden gebraucht
bei 8 cores haben 1000 Messungen 3.018157 Sekunden gebraucht
bei 8 cores haben 1000 Messungen 3.012995 Sekunden gebraucht
bei 8 cores haben 1000 Messungen 2.995099 Sekunden gebraucht
bei 8 cores haben 1000 Messungen 2.993159 Sekunden gebraucht
bei 9 cores haben 1000 Messungen 2.801838 Sekunden gebraucht
bei 9 cores haben 1000 Messungen 2.813997 Sekunden gebraucht
bei 9 cores haben 1000 Messungen 2.845378 Sekunden gebraucht
bei 9 cores haben 1000 Messungen 2.788681 Sekunden gebraucht
bei 9 cores haben 1000 Messungen 2.817257 Sekunden gebraucht
bei 9 cores haben 1000 Messungen 2.804581 Sekunden gebraucht
bei 9 cores haben 1000 Messungen 2.808167 Sekunden gebraucht
bei 9 cores haben 1000 Messungen 2.785230 Sekunden gebraucht
bei 9 cores haben 1000 Messungen 2.766660 Sekunden gebraucht
bei 9 cores haben 1000 Messungen 2.840678 Sekunden gebraucht
bei 10 cores haben 1000 Messungen 2.652227 Sekunden gebraucht
bei 10 cores haben 1000 Messungen 2.737721 Sekunden gebraucht
bei 10 cores haben 1000 Messungen 2.667750 Sekunden gebraucht
bei 10 cores haben 1000 Messungen 2.655840 Sekunden gebraucht
bei 10 cores haben 1000 Messungen 2.665414 Sekunden gebraucht
bei 10 cores haben 1000 Messungen 2.718819 Sekunden gebraucht
bei 10 cores haben 1000 Messungen 2.667832 Sekunden gebraucht
bei 10 cores haben 1000 Messungen 2.678177 Sekunden gebraucht
bei 10 cores haben 1000 Messungen 2.663001 Sekunden gebraucht
bei 10 cores haben 1000 Messungen 2.623771 Sekunden gebraucht
bei 11 cores haben 1000 Messungen 2.526160 Sekunden gebraucht
bei 11 cores haben 1000 Messungen 2.507548 Sekunden gebraucht
bei 11 cores haben 1000 Messungen 2.513548 Sekunden gebraucht
bei 11 cores haben 1000 Messungen 2.507165 Sekunden gebraucht
bei 11 cores haben 1000 Messungen 2.522020 Sekunden gebraucht
bei 11 cores haben 1000 Messungen 2.522512 Sekunden gebraucht
bei 11 cores haben 1000 Messungen 2.538485 Sekunden gebraucht
bei 11 cores haben 1000 Messungen 2.520689 Sekunden gebraucht
bei 11 cores haben 1000 Messungen 2.567560 Sekunden gebraucht
bei 11 cores haben 1000 Messungen 2.506209 Sekunden gebraucht
bei 12 cores haben 1000 Messungen 2.436786 Sekunden gebraucht
bei 12 cores haben 1000 Messungen 2.391861 Sekunden gebraucht
bei 12 cores haben 1000 Messungen 2.411224 Sekunden gebraucht
bei 12 cores haben 1000 Messungen 2.411295 Sekunden gebraucht
bei 12 cores haben 1000 Messungen 2.440597 Sekunden gebraucht
bei 12 cores haben 1000 Messungen 2.487638 Sekunden gebraucht
bei 12 cores haben 1000 Messungen 2.479947 Sekunden gebraucht
bei 12 cores haben 1000 Messungen 2.422077 Sekunden gebraucht
bei 12 cores haben 1000 Messungen 2.433897 Sekunden gebraucht
bei 12 cores haben 1000 Messungen 2.405556 Sekunden gebraucht
/hiskp4/gross/bachelorarbeit
