Fri Jul 24 15:22:29 CEST 2020 Waiting for 30 seconds before starting the job to allow the node to settle down
Fri Jul 24 15:22:59 CEST 2020 Waiting done, starting task!
Fri Jul 24 15:22:59 CEST 2020 Waiting for 30 seconds before starting the job to allow the node to settle down
Fri Jul 24 15:23:29 CEST 2020 Waiting done, starting task!
Laenge=500	Temperatur=0.500000
bei 1 cores haben 1000 Messungen 13.089355 Sekunden gebraucht
bei 1 cores haben 1000 Messungen 13.051748 Sekunden gebraucht
bei 1 cores haben 1000 Messungen 13.052579 Sekunden gebraucht
bei 1 cores haben 1000 Messungen 13.260333 Sekunden gebraucht
bei 1 cores haben 1000 Messungen 13.051409 Sekunden gebraucht
bei 1 cores haben 1000 Messungen 13.049762 Sekunden gebraucht
bei 1 cores haben 1000 Messungen 13.050049 Sekunden gebraucht
bei 1 cores haben 1000 Messungen 13.050863 Sekunden gebraucht
bei 1 cores haben 1000 Messungen 13.050368 Sekunden gebraucht
bei 1 cores haben 1000 Messungen 13.050388 Sekunden gebraucht
bei 2 cores haben 1000 Messungen 7.208731 Sekunden gebraucht
bei 2 cores haben 1000 Messungen 7.300906 Sekunden gebraucht
bei 2 cores haben 1000 Messungen 7.242170 Sekunden gebraucht
bei 2 cores haben 1000 Messungen 7.200521 Sekunden gebraucht
bei 2 cores haben 1000 Messungen 7.198126 Sekunden gebraucht
bei 2 cores haben 1000 Messungen 7.202737 Sekunden gebraucht
bei 2 cores haben 1000 Messungen 7.203481 Sekunden gebraucht
bei 2 cores haben 1000 Messungen 7.282782 Sekunden gebraucht
bei 2 cores haben 1000 Messungen 7.207681 Sekunden gebraucht
bei 2 cores haben 1000 Messungen 7.199532 Sekunden gebraucht
bei 3 cores haben 1000 Messungen 5.189132 Sekunden gebraucht
bei 3 cores haben 1000 Messungen 5.210999 Sekunden gebraucht
bei 3 cores haben 1000 Messungen 5.105467 Sekunden gebraucht
bei 3 cores haben 1000 Messungen 5.164818 Sekunden gebraucht
bei 3 cores haben 1000 Messungen 5.167949 Sekunden gebraucht
bei 3 cores haben 1000 Messungen 5.167552 Sekunden gebraucht
bei 3 cores haben 1000 Messungen 5.166874 Sekunden gebraucht
bei 3 cores haben 1000 Messungen 5.098820 Sekunden gebraucht
bei 3 cores haben 1000 Messungen 5.163913 Sekunden gebraucht
bei 3 cores haben 1000 Messungen 5.093955 Sekunden gebraucht
bei 4 cores haben 1000 Messungen 4.318180 Sekunden gebraucht
bei 4 cores haben 1000 Messungen 4.305816 Sekunden gebraucht
bei 4 cores haben 1000 Messungen 4.270492 Sekunden gebraucht
bei 4 cores haben 1000 Messungen 4.256861 Sekunden gebraucht
bei 4 cores haben 1000 Messungen 4.192486 Sekunden gebraucht
bei 4 cores haben 1000 Messungen 4.218558 Sekunden gebraucht
bei 4 cores haben 1000 Messungen 4.262850 Sekunden gebraucht
bei 4 cores haben 1000 Messungen 4.170620 Sekunden gebraucht
bei 4 cores haben 1000 Messungen 4.307797 Sekunden gebraucht
bei 4 cores haben 1000 Messungen 4.262247 Sekunden gebraucht
bei 5 cores haben 1000 Messungen 3.669482 Sekunden gebraucht
bei 5 cores haben 1000 Messungen 3.584172 Sekunden gebraucht
bei 5 cores haben 1000 Messungen 3.650270 Sekunden gebraucht
bei 5 cores haben 1000 Messungen 3.682380 Sekunden gebraucht
bei 5 cores haben 1000 Messungen 3.606879 Sekunden gebraucht
bei 5 cores haben 1000 Messungen 3.632494 Sekunden gebraucht
bei 5 cores haben 1000 Messungen 3.636602 Sekunden gebraucht
bei 5 cores haben 1000 Messungen 3.636511 Sekunden gebraucht
bei 5 cores haben 1000 Messungen 3.620159 Sekunden gebraucht
bei 5 cores haben 1000 Messungen 3.683563 Sekunden gebraucht
bei 6 cores haben 1000 Messungen 3.164111 Sekunden gebraucht
bei 6 cores haben 1000 Messungen 3.230802 Sekunden gebraucht
bei 6 cores haben 1000 Messungen 3.230297 Sekunden gebraucht
bei 6 cores haben 1000 Messungen 3.199863 Sekunden gebraucht
bei 6 cores haben 1000 Messungen 3.171406 Sekunden gebraucht
bei 6 cores haben 1000 Messungen 3.231131 Sekunden gebraucht
bei 6 cores haben 1000 Messungen 3.213781 Sekunden gebraucht
bei 6 cores haben 1000 Messungen 3.233252 Sekunden gebraucht
bei 6 cores haben 1000 Messungen 3.249490 Sekunden gebraucht
bei 6 cores haben 1000 Messungen 3.276683 Sekunden gebraucht
bei 7 cores haben 1000 Messungen 2.988372 Sekunden gebraucht
bei 7 cores haben 1000 Messungen 2.921243 Sekunden gebraucht
bei 7 cores haben 1000 Messungen 2.929778 Sekunden gebraucht
bei 7 cores haben 1000 Messungen 2.926654 Sekunden gebraucht
bei 7 cores haben 1000 Messungen 2.926448 Sekunden gebraucht
bei 7 cores haben 1000 Messungen 2.951618 Sekunden gebraucht
bei 7 cores haben 1000 Messungen 2.920763 Sekunden gebraucht
bei 7 cores haben 1000 Messungen 2.967769 Sekunden gebraucht
bei 7 cores haben 1000 Messungen 2.927423 Sekunden gebraucht
bei 7 cores haben 1000 Messungen 2.962842 Sekunden gebraucht
bei 8 cores haben 1000 Messungen 2.731685 Sekunden gebraucht
bei 8 cores haben 1000 Messungen 2.748591 Sekunden gebraucht
bei 8 cores haben 1000 Messungen 2.746139 Sekunden gebraucht
bei 8 cores haben 1000 Messungen 2.785240 Sekunden gebraucht
bei 8 cores haben 1000 Messungen 2.795715 Sekunden gebraucht
bei 8 cores haben 1000 Messungen 2.714798 Sekunden gebraucht
bei 8 cores haben 1000 Messungen 2.766448 Sekunden gebraucht
bei 8 cores haben 1000 Messungen 2.736788 Sekunden gebraucht
bei 8 cores haben 1000 Messungen 2.782636 Sekunden gebraucht
bei 8 cores haben 1000 Messungen 2.787428 Sekunden gebraucht
bei 9 cores haben 1000 Messungen 2.652686 Sekunden gebraucht
bei 9 cores haben 1000 Messungen 2.614470 Sekunden gebraucht
bei 9 cores haben 1000 Messungen 2.635295 Sekunden gebraucht
bei 9 cores haben 1000 Messungen 2.629205 Sekunden gebraucht
bei 9 cores haben 1000 Messungen 2.614331 Sekunden gebraucht
bei 9 cores haben 1000 Messungen 2.627518 Sekunden gebraucht
bei 9 cores haben 1000 Messungen 2.601305 Sekunden gebraucht
bei 9 cores haben 1000 Messungen 2.625261 Sekunden gebraucht
bei 9 cores haben 1000 Messungen 2.629989 Sekunden gebraucht
bei 9 cores haben 1000 Messungen 2.632059 Sekunden gebraucht
bei 10 cores haben 1000 Messungen 2.457801 Sekunden gebraucht
bei 10 cores haben 1000 Messungen 2.494298 Sekunden gebraucht
bei 10 cores haben 1000 Messungen 2.438580 Sekunden gebraucht
bei 10 cores haben 1000 Messungen 2.503214 Sekunden gebraucht
bei 10 cores haben 1000 Messungen 2.503439 Sekunden gebraucht
bei 10 cores haben 1000 Messungen 2.502739 Sekunden gebraucht
bei 10 cores haben 1000 Messungen 2.498188 Sekunden gebraucht
bei 10 cores haben 1000 Messungen 2.509310 Sekunden gebraucht
bei 10 cores haben 1000 Messungen 2.480049 Sekunden gebraucht
bei 10 cores haben 1000 Messungen 2.506894 Sekunden gebraucht
bei 11 cores haben 1000 Messungen 2.404815 Sekunden gebraucht
bei 11 cores haben 1000 Messungen 2.388027 Sekunden gebraucht
bei 11 cores haben 1000 Messungen 2.379835 Sekunden gebraucht
bei 11 cores haben 1000 Messungen 2.378743 Sekunden gebraucht
bei 11 cores haben 1000 Messungen 2.387148 Sekunden gebraucht
bei 11 cores haben 1000 Messungen 2.380418 Sekunden gebraucht
bei 11 cores haben 1000 Messungen 2.367751 Sekunden gebraucht
bei 11 cores haben 1000 Messungen 2.381174 Sekunden gebraucht
bei 11 cores haben 1000 Messungen 2.380561 Sekunden gebraucht
bei 11 cores haben 1000 Messungen 2.457241 Sekunden gebraucht
bei 12 cores haben 1000 Messungen 2.313724 Sekunden gebraucht
bei 12 cores haben 1000 Messungen 2.298298 Sekunden gebraucht
bei 12 cores haben 1000 Messungen 2.264263 Sekunden gebraucht
bei 12 cores haben 1000 Messungen 2.300169 Sekunden gebraucht
bei 12 cores haben 1000 Messungen 2.295565 Sekunden gebraucht
bei 12 cores haben 1000 Messungen 2.297602 Sekunden gebraucht
bei 12 cores haben 1000 Messungen 2.257861 Sekunden gebraucht
bei 12 cores haben 1000 Messungen 2.286736 Sekunden gebraucht
bei 12 cores haben 1000 Messungen 2.297210 Sekunden gebraucht
bei 12 cores haben 1000 Messungen 2.400890 Sekunden gebraucht
/hiskp4/gross/bachelorarbeit
