Tue Jul 21 13:23:00 CEST 2020 Waiting for 30 seconds before starting the job to allow the node to settle down
Tue Jul 21 13:23:30 CEST 2020 Waiting done, starting task!
12 1
Tue Jul 21 13:23:30 CEST 2020 Waiting for 30 seconds before starting the job to allow the node to settle down
Tue Jul 21 13:24:00 CEST 2020 Waiting done, starting task!
12
12 2
Tue Jul 21 13:24:01 CEST 2020 Waiting for 30 seconds before starting the job to allow the node to settle down
Tue Jul 21 13:24:01 CEST 2020 Waiting for 30 seconds before starting the job to allow the node to settle down
Tue Jul 21 13:24:31 CEST 2020 Waiting done, starting task!
Tue Jul 21 13:24:31 CEST 2020 Waiting done, starting task!
12
12 3
Tue Jul 21 13:24:32 CEST 2020 Waiting for 30 seconds before starting the job to allow the node to settle down
Tue Jul 21 13:24:32 CEST 2020 Waiting for 30 seconds before starting the job to allow the node to settle down
Tue Jul 21 13:24:32 CEST 2020 Waiting for 30 seconds before starting the job to allow the node to settle down
Tue Jul 21 13:25:02 CEST 2020 Waiting done, starting task!
Tue Jul 21 13:25:02 CEST 2020 Waiting done, starting task!
Tue Jul 21 13:25:02 CEST 2020 Waiting done, starting task!
12
12 4
Tue Jul 21 13:25:04 CEST 2020 Waiting for 30 seconds before starting the job to allow the node to settle down
Tue Jul 21 13:25:04 CEST 2020 Waiting for 30 seconds before starting the job to allow the node to settle down
Tue Jul 21 13:25:04 CEST 2020 Waiting for 30 seconds before starting the job to allow the node to settle down
Tue Jul 21 13:25:04 CEST 2020 Waiting for 30 seconds before starting the job to allow the node to settle down
Tue Jul 21 13:25:34 CEST 2020 Waiting done, starting task!
Tue Jul 21 13:25:34 CEST 2020 Waiting done, starting task!
Tue Jul 21 13:25:34 CEST 2020 Waiting done, starting task!
Tue Jul 21 13:25:34 CEST 2020 Waiting done, starting task!
12
12 6
Tue Jul 21 13:25:35 CEST 2020 Waiting for 30 seconds before starting the job to allow the node to settle down
Tue Jul 21 13:25:35 CEST 2020 Waiting for 30 seconds before starting the job to allow the node to settle down
Tue Jul 21 13:25:35 CEST 2020 Waiting for 30 seconds before starting the job to allow the node to settle down
Tue Jul 21 13:25:35 CEST 2020 Waiting for 30 seconds before starting the job to allow the node to settle down
Tue Jul 21 13:25:35 CEST 2020 Waiting for 30 seconds before starting the job to allow the node to settle down
Tue Jul 21 13:25:35 CEST 2020 Waiting for 30 seconds before starting the job to allow the node to settle down
Tue Jul 21 13:26:05 CEST 2020 Waiting done, starting task!
Tue Jul 21 13:26:05 CEST 2020 Waiting done, starting task!
Tue Jul 21 13:26:05 CEST 2020 Waiting done, starting task!
Tue Jul 21 13:26:05 CEST 2020 Waiting done, starting task!
Tue Jul 21 13:26:05 CEST 2020 Waiting done, starting task!
Tue Jul 21 13:26:05 CEST 2020 Waiting done, starting task!
12
/hiskp4/gross/bachelorarbeit
