Thu Jun 25 17:52:31 CEST 2020 Waiting for 30 seconds before starting the job to allow the node to settle down
Thu Jun 25 17:53:01 CEST 2020 Waiting done, starting task!
Thu Jun 25 17:53:01 CEST 2020 Waiting for 30 seconds before starting the job to allow the node to settle down
Thu Jun 25 17:53:31 CEST 2020 Waiting done, starting task!
Laenge=500	Temperatur=0.500000
Richtige Funktion!
bei 1 cores haben 1000 Messungen 15.271108 Sekunden gebraucht
Richtige Funktion!
bei 1 cores haben 1000 Messungen 14.872521 Sekunden gebraucht
Richtige Funktion!
bei 1 cores haben 1000 Messungen 14.863847 Sekunden gebraucht
Richtige Funktion!
bei 1 cores haben 1000 Messungen 14.868662 Sekunden gebraucht
Richtige Funktion!
bei 1 cores haben 1000 Messungen 14.870211 Sekunden gebraucht
Richtige Funktion!
bei 2 cores haben 1000 Messungen 8.292978 Sekunden gebraucht
Richtige Funktion!
bei 2 cores haben 1000 Messungen 8.341732 Sekunden gebraucht
Richtige Funktion!
bei 2 cores haben 1000 Messungen 8.328948 Sekunden gebraucht
Richtige Funktion!
bei 2 cores haben 1000 Messungen 8.318333 Sekunden gebraucht
Richtige Funktion!
bei 2 cores haben 1000 Messungen 8.323043 Sekunden gebraucht
Richtige Funktion!
bei 3 cores haben 1000 Messungen 6.018958 Sekunden gebraucht
Richtige Funktion!
bei 3 cores haben 1000 Messungen 5.905389 Sekunden gebraucht
Richtige Funktion!
bei 3 cores haben 1000 Messungen 6.037373 Sekunden gebraucht
Richtige Funktion!
bei 3 cores haben 1000 Messungen 5.919841 Sekunden gebraucht
Richtige Funktion!
bei 3 cores haben 1000 Messungen 6.043359 Sekunden gebraucht
Richtige Funktion!
bei 4 cores haben 1000 Messungen 4.769744 Sekunden gebraucht
Richtige Funktion!
bei 4 cores haben 1000 Messungen 4.735160 Sekunden gebraucht
Richtige Funktion!
bei 4 cores haben 1000 Messungen 4.718523 Sekunden gebraucht
Richtige Funktion!
bei 4 cores haben 1000 Messungen 4.703575 Sekunden gebraucht
Richtige Funktion!
bei 4 cores haben 1000 Messungen 4.723963 Sekunden gebraucht
Richtige Funktion!
bei 5 cores haben 1000 Messungen 3.936361 Sekunden gebraucht
Richtige Funktion!
bei 5 cores haben 1000 Messungen 7.058137 Sekunden gebraucht
Richtige Funktion!
bei 5 cores haben 1000 Messungen 5.889058 Sekunden gebraucht
Richtige Funktion!
bei 5 cores haben 1000 Messungen 6.617911 Sekunden gebraucht
Richtige Funktion!
bei 5 cores haben 1000 Messungen 4.137224 Sekunden gebraucht
Richtige Funktion!
bei 6 cores haben 1000 Messungen 5.969933 Sekunden gebraucht
Richtige Funktion!
bei 6 cores haben 1000 Messungen 6.325352 Sekunden gebraucht
Richtige Funktion!
bei 6 cores haben 1000 Messungen 6.099557 Sekunden gebraucht
Richtige Funktion!
bei 6 cores haben 1000 Messungen 5.541613 Sekunden gebraucht
Richtige Funktion!
bei 6 cores haben 1000 Messungen 4.229086 Sekunden gebraucht
Richtige Funktion!
bei 7 cores haben 1000 Messungen 4.906685 Sekunden gebraucht
Richtige Funktion!
bei 7 cores haben 1000 Messungen 4.295219 Sekunden gebraucht
Richtige Funktion!
bei 7 cores haben 1000 Messungen 5.483566 Sekunden gebraucht
Richtige Funktion!
bei 7 cores haben 1000 Messungen 4.882156 Sekunden gebraucht
Richtige Funktion!
bei 7 cores haben 1000 Messungen 5.480148 Sekunden gebraucht
Richtige Funktion!
bei 8 cores haben 1000 Messungen 4.951747 Sekunden gebraucht
Richtige Funktion!
bei 8 cores haben 1000 Messungen 4.997333 Sekunden gebraucht
Richtige Funktion!
bei 8 cores haben 1000 Messungen 4.007145 Sekunden gebraucht
Richtige Funktion!
bei 8 cores haben 1000 Messungen 4.735304 Sekunden gebraucht
Richtige Funktion!
bei 8 cores haben 1000 Messungen 3.833469 Sekunden gebraucht
Richtige Funktion!
bei 9 cores haben 1000 Messungen 3.845522 Sekunden gebraucht
Richtige Funktion!
bei 9 cores haben 1000 Messungen 3.514731 Sekunden gebraucht
Richtige Funktion!
bei 9 cores haben 1000 Messungen 4.640982 Sekunden gebraucht
Richtige Funktion!
bei 9 cores haben 1000 Messungen 4.277313 Sekunden gebraucht
Richtige Funktion!
bei 9 cores haben 1000 Messungen 4.449140 Sekunden gebraucht
Richtige Funktion!
bei 10 cores haben 1000 Messungen 3.112245 Sekunden gebraucht
Richtige Funktion!
bei 10 cores haben 1000 Messungen 3.134886 Sekunden gebraucht
Richtige Funktion!
bei 10 cores haben 1000 Messungen 3.226325 Sekunden gebraucht
Richtige Funktion!
bei 10 cores haben 1000 Messungen 4.123456 Sekunden gebraucht
Richtige Funktion!
bei 10 cores haben 1000 Messungen 4.405809 Sekunden gebraucht
Richtige Funktion!
bei 11 cores haben 1000 Messungen 2.505064 Sekunden gebraucht
Richtige Funktion!
bei 11 cores haben 1000 Messungen 2.496628 Sekunden gebraucht
Richtige Funktion!
bei 11 cores haben 1000 Messungen 2.504802 Sekunden gebraucht
Richtige Funktion!
bei 11 cores haben 1000 Messungen 2.468833 Sekunden gebraucht
Richtige Funktion!
bei 11 cores haben 1000 Messungen 2.492678 Sekunden gebraucht
Richtige Funktion!
bei 12 cores haben 1000 Messungen 2.344473 Sekunden gebraucht
Richtige Funktion!
bei 12 cores haben 1000 Messungen 2.381347 Sekunden gebraucht
Richtige Funktion!
bei 12 cores haben 1000 Messungen 2.373523 Sekunden gebraucht
Richtige Funktion!
bei 12 cores haben 1000 Messungen 2.364128 Sekunden gebraucht
Richtige Funktion!
bei 12 cores haben 1000 Messungen 2.380006 Sekunden gebraucht
/hiskp4/gross/bachelorarbeit
