Sun Jul 26 17:45:24 CEST 2020 Waiting for 30 seconds before starting the job to allow the node to settle down
Sun Jul 26 17:45:54 CEST 2020 Waiting done, starting task!
Sun Jul 26 17:45:55 CEST 2020 Waiting for 30 seconds before starting the job to allow the node to settle down
Sun Jul 26 17:45:55 CEST 2020 Waiting for 30 seconds before starting the job to allow the node to settle down
Sun Jul 26 17:45:55 CEST 2020 Waiting for 30 seconds before starting the job to allow the node to settle down
Sun Jul 26 17:45:55 CEST 2020 Waiting for 30 seconds before starting the job to allow the node to settle down
Sun Jul 26 17:45:55 CEST 2020 Waiting for 30 seconds before starting the job to allow the node to settle down
Sun Jul 26 17:45:55 CEST 2020 Waiting for 30 seconds before starting the job to allow the node to settle down
Sun Jul 26 17:46:25 CEST 2020 Waiting done, starting task!
Sun Jul 26 17:46:25 CEST 2020 Waiting done, starting task!
Sun Jul 26 17:46:25 CEST 2020 Waiting done, starting task!
Sun Jul 26 17:46:25 CEST 2020 Waiting done, starting task!
Sun Jul 26 17:46:25 CEST 2020 Waiting done, starting task!
Sun Jul 26 17:46:25 CEST 2020 Waiting done, starting task!
0	5000	1.000000	0.000000
1	5000	1.000000	0.000000
2	5000	1.000000	0.000000
3	5000	1.000000	0.000000
4	5000	1.000000	0.000000
5	5000	0.999998	0.000051
6	5000	0.999991	0.000124
7	5000	0.999948	0.000290
8	5000	0.999831	0.000520
9	5000	0.999522	0.000890
10	5000	0.998921	0.001355
11	5000	0.997886	0.001959
12	5000	0.995991	0.002740
13	5000	0.993236	0.003692
14	5000	0.989157	0.004917
15	5000	0.983303	0.006347
16	5000	0.975223	0.008249
17	5000	0.963974	0.010954
18	5000	0.948338	0.014317
19	5000	0.926352	0.019398
20	5000	0.911745	0.024840
21	10000	0.909037	0.025111
22	10000	0.905965	0.025573
23	10000	0.903908	0.026738
24	10000	0.899081	0.028575
25	10000	0.897995	0.027078
26	10000	0.893364	0.030393
27	10000	0.889121	0.036307
28	10000	0.886618	0.031068
29	10000	0.882195	0.034475
30	10000	0.879072	0.037620
31	10000	0.874243	0.035708
32	10000	0.872342	0.036255
33	10000	0.867576	0.038499
34	10000	0.862837	0.039883
35	10000	0.856650	0.042968
36	10000	0.852805	0.042708
37	10000	0.847743	0.048585
38	10000	0.843329	0.047359
39	10000	0.832854	0.054054
40	10000	0.823510	0.066468
41	10000	0.825413	0.053911
42	10000	0.810996	0.069936
43	10000	0.805985	0.069929
44	10000	0.793009	0.074303
45	10000	0.784681	0.092806
46	10000	0.783073	0.076518
47	10000	0.759566	0.120859
48	10000	0.753849	0.103010
49	10000	0.709954	0.172821
50	10000	0.739235	0.102373
51	10000	0.727144	0.135274
52	10000	0.734910	0.117029
53	10000	0.743470	0.105285
54	10000	0.732810	0.108676
55	10000	0.692746	0.172001
56	10000	0.735114	0.111516
57	10000	0.698741	0.153527
58	10000	0.711130	0.136301
59	10000	0.691714	0.163894
60	10000	0.709240	0.126117
61	10000	0.699039	0.129852
62	20000	0.698467	0.147269
63	20000	0.675315	0.172664
64	20000	0.672528	0.158012
65	20000	0.671635	0.152309
66	20000	0.659346	0.163486
67	20000	0.698244	0.117965
68	20000	0.668045	0.160291
69	20000	0.673520	0.144568
70	20000	0.617256	0.204422
71	20000	0.673278	0.148031
72	20000	0.630787	0.174800
73	20000	0.625331	0.175838
74	20000	0.637014	0.167941
75	20000	0.667611	0.151516
76	20000	0.634113	0.170021
77	20000	0.584065	0.208407
78	20000	0.615993	0.170246
79	20000	0.606116	0.173728
80	20000	0.594596	0.187071
81	20000	0.559958	0.209800
82	20000	0.534651	0.222186
83	20000	0.578322	0.186801
84	20000	0.514813	0.218183
85	20000	0.523297	0.226536
86	20000	0.568265	0.197435
87	20000	0.552110	0.196028
88	20000	0.540202	0.210917
89	20000	0.524419	0.207649
90	20000	0.488424	0.213498
91	20000	0.523412	0.201535
92	20000	0.533516	0.199388
93	20000	0.491532	0.224968
94	20000	0.524863	0.196170
95	20000	0.500087	0.207959
96	20000	0.475442	0.215650
97	20000	0.469197	0.216518
98	20000	0.463036	0.217811
99	20000	0.470189	0.215477
100	20000	0.442202	0.221673
101	20000	0.446271	0.214364
102	20000	0.443294	0.216692
103	20000	0.465356	0.211528
104	20000	0.431387	0.212763
105	20000	0.375455	0.211262
106	20000	0.392506	0.210875
107	20000	0.418884	0.212769
108	20000	0.448415	0.211926
109	20000	0.437360	0.204861
110	20000	0.377846	0.203213
111	20000	0.418718	0.199644
112	20000	0.342039	0.219655
113	20000	0.374877	0.207548
114	20000	0.353285	0.208118
115	20000	0.379865	0.208459
116	20000	0.379165	0.209868
117	20000	0.342572	0.202589
118	20000	0.350238	0.199585
119	20000	0.358136	0.200196
120	20000	0.325740	0.200793
121	20000	0.357500	0.205380
122	20000	0.343750	0.203617
123	20000	0.328019	0.198110
124	20000	0.324654	0.184151
125	20000	0.312733	0.196613
126	20000	0.316610	0.192647
127	20000	0.348687	0.193177
128	20000	0.340946	0.192983
129	20000	0.315080	0.196382
130	20000	0.310224	0.192311
131	20000	0.277198	0.182211
132	20000	0.302844	0.181714
133	20000	0.283561	0.189877
134	20000	0.290155	0.185190
135	20000	0.285314	0.187053
136	10000	0.253820	0.177797
137	10000	0.275306	0.177856
138	10000	0.246397	0.169594
139	10000	0.250223	0.172781
140	10000	0.244885	0.164205
141	10000	0.239745	0.161360
142	10000	0.212863	0.144590
143	10000	0.218737	0.144817
144	10000	0.199887	0.143393
145	10000	0.192155	0.136497
146	10000	0.191199	0.140896
147	10000	0.173172	0.125332
148	10000	0.190645	0.132279
149	10000	0.177535	0.130482
0	5000	1	5000	2	5000	3	5000	4	5000	5	5000	6	5000	7	5000	8	5000	9	5000	10	5000	11	5000	12	5000	13	5000	14	5000	15	5000	16	5000	17	5000	18	5000	19	5000	20	5000	21	10000	22	10000	23	10000	24	10000	25	10000	26	10000	27	10000	28	10000	29	10000	30	10000	31	10000	32	10000	33	10000	34	10000	35	10000	36	10000	37	10000	38	10000	39	10000	40	10000	41	10000	42	10000	43	10000	44	10000	45	10000	46	10000	47	10000	48	10000	49	10000	50	10000	51	10000	52	10000	53	10000	54	10000	55	10000	56	10000	57	10000	58	10000	59	10000	60	10000	61	10000	62	20000	63	20000	64	20000	65	20000	66	20000	67	20000	68	20000	69	20000	70	20000	71	20000	72	20000	73	20000	74	20000	75	20000	76	20000	77	20000	78	20000	79	20000	80	20000	81	20000	82	20000	83	20000	84	20000	85	20000	86	20000	87	20000	88	20000	89	20000	90	20000	91	20000	92	20000	93	20000	94	20000	95	20000	96	20000	97	20000	98	20000	99	20000	100	20000	101	20000	102	20000	103	20000	104	20000	105	20000	106	20000	107	20000	108	20000	109	20000	110	20000	111	20000	112	20000	113	20000	114	20000	115	20000	116	20000	117	20000	118	20000	119	20000	120	20000	121	20000	122	20000	123	20000	124	20000	125	20000	126	20000	127	20000	128	20000	129	20000	130	20000	131	20000	132	20000	133	20000	134	20000	135	20000	136	10000	137	10000	138	10000	139	10000	140	10000	141	10000	142	10000	143	10000	144	10000	145	10000	146	10000	147	10000	148	10000	149	10000	150	10000	151	10000	152	10000	153	10000	154	10000	155	10000	156	10000	157	10000	158	10000	159	10000	160	10000	161	10000	162	10000	163	10000	164	10000	165	10000	166	10000	167	10000	168	10000	169	10000	170	10000	171	10000	172	10000	173	10000	174	10000	175	10000	176	10000	177	10000	178	10000	179	10000	180	10000	181	10000	182	10000	183	10000	184	10000	185	10000	186	10000	187	10000	188	10000	189	5000	190	5000	191	5000	192	5000	193	5000	194	5000	195	5000	196	5000	197	5000	198	5000	199	5000	200	5000	201	5000	202	5000	203	5000	204	5000	205	5000	206	5000	207	5000	208	5000	209	5000	
0	5000	1	5000	2	5000	3	5000	4	5000	5	5000	6	5000	7	5000	8	5000	9	5000	10	5000	11	5000	12	5000	13	5000	14	5000	15	5000	16	5000	17	5000	18	5000	19	5000	20	5000	21	10000	22	10000	23	10000	24	10000	25	10000	26	10000	27	10000	28	10000	29	10000	30	10000	31	10000	32	10000	33	10000	34	10000	35	10000	36	10000	37	10000	38	10000	39	10000	40	10000	41	10000	42	10000	43	10000	44	10000	45	10000	46	10000	47	10000	48	10000	49	10000	50	10000	51	10000	52	10000	53	10000	54	10000	55	10000	56	10000	57	10000	58	10000	59	10000	60	10000	61	10000	62	20000	63	20000	64	20000	65	20000	66	20000	67	20000	68	20000	69	20000	70	20000	71	20000	72	20000	73	20000	74	20000	75	20000	76	20000	77	20000	78	20000	79	20000	80	20000	81	20000	82	20000	83	20000	84	20000	85	20000	86	20000	87	20000	88	20000	89	20000	90	20000	91	20000	92	20000	93	20000	94	20000	95	20000	96	20000	97	20000	98	20000	99	20000	100	20000	101	20000	102	20000	103	20000	104	20000	105	20000	106	20000	107	20000	108	20000	109	20000	110	20000	111	20000	112	20000	113	20000	114	20000	115	20000	116	20000	117	20000	118	20000	119	20000	120	20000	121	20000	122	20000	123	20000	124	20000	125	20000	126	20000	127	20000	128	20000	129	20000	130	20000	131	20000	132	20000	133	20000	134	20000	135	20000	136	10000	137	10000	138	10000	139	10000	140	10000	141	10000	142	10000	143	10000	144	10000	145	10000	146	10000	147	10000	148	10000	149	10000	150	10000	151	10000	152	10000	153	10000	154	10000	155	10000	156	10000	157	10000	158	10000	159	10000	160	10000	161	10000	162	10000	163	10000	164	10000	165	10000	166	10000	167	10000	168	10000	169	10000	170	10000	171	10000	172	10000	173	10000	174	10000	175	10000	176	10000	177	10000	178	10000	179	10000	180	10000	181	10000	182	10000	183	10000	184	10000	185	10000	186	10000	187	10000	188	10000	189	5000	190	5000	191	5000	192	5000	193	5000	194	5000	195	5000	196	5000	197	5000	198	5000	199	5000	200	5000	201	5000	202	5000	203	5000	204	5000	205	5000	206	5000	207	5000	208	5000	209	5000	
0	5000	1	5000	2	5000	3	5000	4	5000	5	5000	6	5000	7	5000	8	5000	9	5000	10	5000	11	5000	12	5000	13	5000	14	5000	15	5000	16	5000	17	5000	18	5000	19	5000	20	5000	21	10000	22	10000	23	10000	24	10000	25	10000	26	10000	27	10000	28	10000	29	10000	30	10000	31	10000	32	10000	33	10000	34	10000	35	10000	36	10000	37	10000	38	10000	39	10000	40	10000	41	10000	42	10000	43	10000	44	10000	45	10000	46	10000	47	10000	48	10000	49	10000	50	10000	51	10000	52	10000	53	10000	54	10000	55	10000	56	10000	57	10000	58	10000	59	10000	60	10000	61	10000	62	20000	63	20000	64	20000	65	20000	66	20000	67	20000	68	20000	69	20000	70	20000	71	20000	72	20000	73	20000	74	20000	75	20000	76	20000	77	20000	78	20000	79	20000	80	20000	81	20000	82	20000	83	20000	84	20000	85	20000	86	20000	87	20000	88	20000	89	20000	90	20000	91	20000	92	20000	93	20000	94	20000	95	20000	96	20000	97	20000	98	20000	99	20000	100	20000	101	20000	102	20000	103	20000	104	20000	105	20000	106	20000	107	20000	108	20000	109	20000	110	20000	111	20000	112	20000	113	20000	114	20000	115	20000	116	20000	117	20000	118	20000	119	20000	120	20000	121	20000	122	20000	123	20000	124	20000	125	20000	126	20000	127	20000	128	20000	129	20000	130	20000	131	20000	132	20000	133	20000	134	20000	135	20000	136	10000	137	10000	138	10000	139	10000	140	10000	141	10000	142	10000	143	10000	144	10000	145	10000	146	10000	147	10000	148	10000	149	10000	150	10000	151	10000	152	10000	153	10000	154	10000	155	10000	156	10000	157	10000	158	10000	159	10000	160	10000	161	10000	162	10000	163	10000	164	10000	165	10000	166	10000	167	10000	168	10000	169	10000	170	10000	171	10000	172	10000	173	10000	174	10000	175	10000	176	10000	177	10000	178	10000	179	10000	180	10000	181	10000	182	10000	183	10000	184	10000	185	10000	186	10000	187	10000	188	10000	189	5000	190	5000	191	5000	192	5000	193	5000	194	5000	195	5000	196	5000	197	5000	198	5000	199	5000	200	5000	201	5000	202	5000	203	5000	204	5000	205	5000	206	5000	207	5000	208	5000	209	5000	
0	5000	1	5000	2	5000	3	5000	4	5000	5	5000	6	5000	7	5000	8	5000	9	5000	10	5000	11	5000	12	5000	13	5000	14	5000	15	5000	16	5000	17	5000	18	5000	19	5000	20	5000	21	10000	22	10000	23	10000	24	10000	25	10000	26	10000	27	10000	28	10000	29	10000	30	10000	31	10000	32	10000	33	10000	34	10000	35	10000	36	10000	37	10000	38	10000	39	10000	40	10000	41	10000	42	10000	43	10000	44	10000	45	10000	46	10000	47	10000	48	10000	49	10000	50	10000	51	10000	52	10000	53	10000	54	10000	55	10000	56	10000	57	10000	58	10000	59	10000	60	10000	61	10000	62	20000	63	20000	64	20000	65	20000	66	20000	67	20000	68	20000	69	20000	70	20000	71	20000	72	20000	73	20000	74	20000	75	20000	76	20000	77	20000	78	20000	79	20000	80	20000	81	20000	82	20000	83	20000	84	20000	85	20000	86	20000	87	20000	88	20000	89	20000	90	20000	91	20000	92	20000	93	20000	94	20000	95	20000	96	20000	97	20000	98	20000	99	20000	100	20000	101	20000	102	20000	103	20000	104	20000	105	20000	106	20000	107	20000	108	20000	109	20000	110	20000	111	20000	112	20000	113	20000	114	20000	115	20000	116	20000	117	20000	118	20000	119	20000	120	20000	121	20000	122	20000	123	20000	124	20000	125	20000	126	20000	127	20000	128	20000	129	20000	130	20000	131	20000	132	20000	133	20000	134	20000	135	20000	136	10000	137	10000	138	10000	139	10000	140	10000	141	10000	142	10000	143	10000	144	10000	145	10000	146	10000	147	10000	148	10000	149	10000	150	10000	151	10000	152	10000	153	10000	154	10000	155	10000	156	10000	157	10000	158	10000	159	10000	160	10000	161	10000	162	10000	163	10000	164	10000	165	10000	166	10000	167	10000	168	10000	169	10000	170	10000	171	10000	172	10000	173	10000	174	10000	175	10000	176	10000	177	10000	178	10000	179	10000	180	10000	181	10000	182	10000	183	10000	184	10000	185	10000	186	10000	187	10000	188	10000	189	5000	190	5000	191	5000	192	5000	193	5000	194	5000	195	5000	196	5000	197	5000	198	5000	199	5000	200	5000	201	5000	202	5000	203	5000	204	5000	205	5000	206	5000	207	5000	208	5000	209	5000	
0	5000	1	5000	2	5000	3	5000	4	5000	5	5000	6	5000	7	5000	8	5000	9	5000	10	5000	11	5000	12	5000	13	5000	14	5000	15	5000	16	5000	17	5000	18	5000	19	5000	20	5000	21	10000	22	10000	23	10000	24	10000	25	10000	26	10000	27	10000	28	10000	29	10000	30	10000	31	10000	32	10000	33	10000	34	10000	35	10000	36	10000	37	10000	38	10000	39	10000	40	10000	41	10000	42	10000	43	10000	44	10000	45	10000	46	10000	47	10000	48	10000	49	10000	50	10000	51	10000	52	10000	53	10000	54	10000	55	10000	56	10000	57	10000	58	10000	59	10000	60	10000	61	10000	62	20000	63	20000	64	20000	65	20000	66	20000	67	20000	68	20000	69	20000	70	20000	71	20000	72	20000	73	20000	74	20000	75	20000	76	20000	77	20000	78	20000	79	20000	80	20000	81	20000	82	20000	83	20000	84	20000	85	20000	86	20000	87	20000	88	20000	89	20000	90	20000	91	20000	92	20000	93	20000	94	20000	95	20000	96	20000	97	20000	98	20000	99	20000	100	20000	101	20000	102	20000	103	20000	104	20000	105	20000	106	20000	107	20000	108	20000	109	20000	110	20000	111	20000	112	20000	113	20000	114	20000	115	20000	116	20000	117	20000	118	20000	119	20000	120	20000	121	20000	122	20000	123	20000	124	20000	125	20000	126	20000	127	20000	128	20000	129	20000	130	20000	131	20000	132	20000	133	20000	134	20000	135	20000	136	10000	137	10000	138	10000	139	10000	140	10000	141	10000	142	10000	143	10000	144	10000	145	10000	146	10000	147	10000	148	10000	149	10000	150	10000	151	10000	152	10000	153	10000	154	10000	155	10000	156	10000	157	10000	158	10000	159	10000	160	10000	161	10000	162	10000	163	10000	164	10000	165	10000	166	10000	167	10000	168	10000	169	10000	170	10000	171	10000	172	10000	173	10000	174	10000	175	10000	176	10000	177	10000	178	10000	179	10000	180	10000	181	10000	182	10000	183	10000	184	10000	185	10000	186	10000	187	10000	188	10000	189	5000	190	5000	191	5000	192	5000	193	5000	194	5000	195	5000	196	5000	197	5000	198	5000	199	5000	200	5000	201	5000	202	5000	203	5000	204	5000	205	5000	206	5000	207	5000	208	5000	209	5000	
150	10000	0.170862	0.116206
151	10000	0.171178	0.121260
152	10000	0.165302	0.125918
153	10000	0.159223	0.112395
154	10000	0.154472	0.110210
155	10000	0.154367	0.112827
156	10000	0.150739	0.107225
157	10000	0.147742	0.106387
158	10000	0.139693	0.098704
159	10000	0.139075	0.101230
160	10000	0.139695	0.101857
161	10000	0.133858	0.100308
162	10000	0.129833	0.095643
163	10000	0.134269	0.098193
164	10000	0.128781	0.095978
165	10000	0.122904	0.091352
166	10000	0.124998	0.093455
167	10000	0.119121	0.086869
168	10000	0.120176	0.090101
169	10000	0.119277	0.087595
170	10000	0.115974	0.085523
171	10000	0.113010	0.084001
172	10000	0.113407	0.084459
173	10000	0.111435	0.082266
174	10000	0.107965	0.080452
175	10000	0.103308	0.077057
176	10000	0.106674	0.078986
177	10000	0.103260	0.076934
178	10000	0.102804	0.076832
179	10000	0.104025	0.076937
180	10000	0.101460	0.075604
181	10000	0.099729	0.075241
182	10000	0.095534	0.072498
183	10000	0.093328	0.071009
184	10000	0.089170	0.066736
185	10000	0.085018	0.063721
186	10000	0.081572	0.061701
187	10000	0.077890	0.058678
188	10000	0.077317	0.057339
189	5000	0.075095	0.056248
190	5000	0.072751	0.054053
191	5000	0.072085	0.054077
192	5000	0.067284	0.050891
193	5000	0.068047	0.050615
194	5000	0.065980	0.049372
195	5000	0.064066	0.047946
196	5000	0.063443	0.047381
197	5000	0.061657	0.046190
198	5000	0.060902	0.046009
199	5000	0.060526	0.044985
200	5000	0.058763	0.044305
201	5000	0.057701	0.043375
202	5000	0.056427	0.042493
203	5000	0.055090	0.041691
204	5000	0.054888	0.041536
205	5000	0.054298	0.040988
206	5000	0.052669	0.040130
207	5000	0.053499	0.040171
208	5000	0.052350	0.038765
209	5000	0.051835	0.038857

/hiskp4/gross/bachelorarbeit
