Thu Jun 25 19:32:34 CEST 2020 Waiting for 30 seconds before starting the job to allow the node to settle down
Thu Jun 25 19:33:04 CEST 2020 Waiting done, starting task!
Thu Jun 25 19:33:04 CEST 2020 Waiting for 30 seconds before starting the job to allow the node to settle down
Thu Jun 25 19:33:34 CEST 2020 Waiting done, starting task!
Laenge=768	Temperatur=0.500000
Richtige Funktion!
bei 1 cores haben 1000 Messungen 36.157732 Sekunden gebraucht
Richtige Funktion!
bei 1 cores haben 1000 Messungen 36.027787 Sekunden gebraucht
Richtige Funktion!
bei 1 cores haben 1000 Messungen 35.911609 Sekunden gebraucht
Richtige Funktion!
bei 1 cores haben 1000 Messungen 35.777655 Sekunden gebraucht
Richtige Funktion!
bei 1 cores haben 1000 Messungen 36.155571 Sekunden gebraucht
Richtige Funktion!
bei 2 cores haben 1000 Messungen 19.720792 Sekunden gebraucht
Richtige Funktion!
bei 2 cores haben 1000 Messungen 19.955403 Sekunden gebraucht
Richtige Funktion!
bei 2 cores haben 1000 Messungen 19.645027 Sekunden gebraucht
Richtige Funktion!
bei 2 cores haben 1000 Messungen 19.935759 Sekunden gebraucht
Richtige Funktion!
bei 2 cores haben 1000 Messungen 19.729897 Sekunden gebraucht
Richtige Funktion!
bei 3 cores haben 1000 Messungen 14.164350 Sekunden gebraucht
Richtige Funktion!
bei 3 cores haben 1000 Messungen 13.940178 Sekunden gebraucht
Richtige Funktion!
bei 3 cores haben 1000 Messungen 14.095444 Sekunden gebraucht
Richtige Funktion!
bei 3 cores haben 1000 Messungen 14.067035 Sekunden gebraucht
Richtige Funktion!
bei 3 cores haben 1000 Messungen 14.151269 Sekunden gebraucht
Richtige Funktion!
bei 4 cores haben 1000 Messungen 11.427840 Sekunden gebraucht
Richtige Funktion!
bei 4 cores haben 1000 Messungen 11.359186 Sekunden gebraucht
Richtige Funktion!
bei 4 cores haben 1000 Messungen 11.342541 Sekunden gebraucht
Richtige Funktion!
bei 4 cores haben 1000 Messungen 11.557853 Sekunden gebraucht
Richtige Funktion!
bei 4 cores haben 1000 Messungen 11.313601 Sekunden gebraucht
Richtige Funktion!
bei 5 cores haben 1000 Messungen 9.557961 Sekunden gebraucht
Richtige Funktion!
bei 5 cores haben 1000 Messungen 16.406971 Sekunden gebraucht
Richtige Funktion!
bei 5 cores haben 1000 Messungen 17.579990 Sekunden gebraucht
Richtige Funktion!
bei 5 cores haben 1000 Messungen 17.353290 Sekunden gebraucht
Richtige Funktion!
bei 5 cores haben 1000 Messungen 9.651572 Sekunden gebraucht
Richtige Funktion!
bei 6 cores haben 1000 Messungen 15.122360 Sekunden gebraucht
Richtige Funktion!
bei 6 cores haben 1000 Messungen 15.425989 Sekunden gebraucht
Richtige Funktion!
bei 6 cores haben 1000 Messungen 14.480199 Sekunden gebraucht
Richtige Funktion!
bei 6 cores haben 1000 Messungen 14.968279 Sekunden gebraucht
Richtige Funktion!
bei 6 cores haben 1000 Messungen 15.262372 Sekunden gebraucht
Richtige Funktion!
bei 7 cores haben 1000 Messungen 13.578015 Sekunden gebraucht
Richtige Funktion!
bei 7 cores haben 1000 Messungen 12.685761 Sekunden gebraucht
Richtige Funktion!
bei 7 cores haben 1000 Messungen 13.594722 Sekunden gebraucht
Richtige Funktion!
bei 7 cores haben 1000 Messungen 9.549097 Sekunden gebraucht
Richtige Funktion!
bei 7 cores haben 1000 Messungen 13.299254 Sekunden gebraucht
Richtige Funktion!
bei 8 cores haben 1000 Messungen 12.028982 Sekunden gebraucht
Richtige Funktion!
bei 8 cores haben 1000 Messungen 12.576351 Sekunden gebraucht
Richtige Funktion!
bei 8 cores haben 1000 Messungen 11.891203 Sekunden gebraucht
Richtige Funktion!
bei 8 cores haben 1000 Messungen 12.405922 Sekunden gebraucht
Richtige Funktion!
bei 8 cores haben 1000 Messungen 12.250171 Sekunden gebraucht
Richtige Funktion!
bei 9 cores haben 1000 Messungen 11.356356 Sekunden gebraucht
Richtige Funktion!
bei 9 cores haben 1000 Messungen 10.487023 Sekunden gebraucht
Richtige Funktion!
bei 9 cores haben 1000 Messungen 11.415948 Sekunden gebraucht
Richtige Funktion!
bei 9 cores haben 1000 Messungen 11.181048 Sekunden gebraucht
Richtige Funktion!
bei 9 cores haben 1000 Messungen 11.170873 Sekunden gebraucht
Richtige Funktion!
bei 10 cores haben 1000 Messungen 10.130886 Sekunden gebraucht
Richtige Funktion!
bei 10 cores haben 1000 Messungen 10.278682 Sekunden gebraucht
Richtige Funktion!
bei 10 cores haben 1000 Messungen 10.536278 Sekunden gebraucht
Richtige Funktion!
bei 10 cores haben 1000 Messungen 9.135996 Sekunden gebraucht
Richtige Funktion!
bei 10 cores haben 1000 Messungen 10.131677 Sekunden gebraucht
Richtige Funktion!
bei 11 cores haben 1000 Messungen 6.012068 Sekunden gebraucht
Richtige Funktion!
bei 11 cores haben 1000 Messungen 5.971785 Sekunden gebraucht
Richtige Funktion!
bei 11 cores haben 1000 Messungen 6.006143 Sekunden gebraucht
Richtige Funktion!
bei 11 cores haben 1000 Messungen 5.951705 Sekunden gebraucht
Richtige Funktion!
bei 11 cores haben 1000 Messungen 5.999879 Sekunden gebraucht
Richtige Funktion!
bei 12 cores haben 1000 Messungen 5.650559 Sekunden gebraucht
Richtige Funktion!
bei 12 cores haben 1000 Messungen 5.670966 Sekunden gebraucht
Richtige Funktion!
bei 12 cores haben 1000 Messungen 5.756617 Sekunden gebraucht
Richtige Funktion!
bei 12 cores haben 1000 Messungen 5.673488 Sekunden gebraucht
Richtige Funktion!
bei 12 cores haben 1000 Messungen 5.681807 Sekunden gebraucht
/hiskp4/gross/bachelorarbeit
