Tue Jun 23 10:40:39 CEST 2020 Waiting for 30 seconds before starting the job to allow the node to settle down
Tue Jun 23 10:41:09 CEST 2020 Waiting done, starting task!
Tue Jun 23 10:41:09 CEST 2020 Waiting for 30 seconds before starting the job to allow the node to settle down
Tue Jun 23 10:41:39 CEST 2020 Waiting done, starting task!
Laenge=384	Temperatur=4.500000
bei 1 cores haben 1000 Messungen 13.158054 Sekunden gebraucht
bei 1 cores haben 1000 Messungen 12.986950 Sekunden gebraucht
bei 1 cores haben 1000 Messungen 13.781539 Sekunden gebraucht
bei 1 cores haben 1000 Messungen 12.984623 Sekunden gebraucht
bei 1 cores haben 1000 Messungen 12.984500 Sekunden gebraucht
bei 2 cores haben 1000 Messungen 12.040732 Sekunden gebraucht
bei 2 cores haben 1000 Messungen 11.997948 Sekunden gebraucht
bei 2 cores haben 1000 Messungen 12.006147 Sekunden gebraucht
bei 2 cores haben 1000 Messungen 12.008513 Sekunden gebraucht
bei 2 cores haben 1000 Messungen 12.003945 Sekunden gebraucht
bei 3 cores haben 1000 Messungen 7.031921 Sekunden gebraucht
bei 3 cores haben 1000 Messungen 7.749981 Sekunden gebraucht
bei 3 cores haben 1000 Messungen 7.786999 Sekunden gebraucht
bei 3 cores haben 1000 Messungen 7.839805 Sekunden gebraucht
bei 3 cores haben 1000 Messungen 6.287974 Sekunden gebraucht
bei 4 cores haben 1000 Messungen 6.282709 Sekunden gebraucht
bei 4 cores haben 1000 Messungen 6.355778 Sekunden gebraucht
bei 4 cores haben 1000 Messungen 6.271919 Sekunden gebraucht
bei 4 cores haben 1000 Messungen 6.333446 Sekunden gebraucht
bei 4 cores haben 1000 Messungen 6.358803 Sekunden gebraucht
bei 5 cores haben 1000 Messungen 5.059376 Sekunden gebraucht
bei 5 cores haben 1000 Messungen 4.868545 Sekunden gebraucht
bei 5 cores haben 1000 Messungen 5.664297 Sekunden gebraucht
bei 5 cores haben 1000 Messungen 5.369353 Sekunden gebraucht
bei 5 cores haben 1000 Messungen 5.755916 Sekunden gebraucht
bei 6 cores haben 1000 Messungen 4.829316 Sekunden gebraucht
bei 6 cores haben 1000 Messungen 4.889727 Sekunden gebraucht
bei 6 cores haben 1000 Messungen 5.006807 Sekunden gebraucht
bei 6 cores haben 1000 Messungen 4.550992 Sekunden gebraucht
bei 6 cores haben 1000 Messungen 4.390908 Sekunden gebraucht
bei 7 cores haben 1000 Messungen 4.434668 Sekunden gebraucht
bei 7 cores haben 1000 Messungen 4.388306 Sekunden gebraucht
bei 7 cores haben 1000 Messungen 4.515418 Sekunden gebraucht
bei 7 cores haben 1000 Messungen 4.418889 Sekunden gebraucht
bei 7 cores haben 1000 Messungen 4.270345 Sekunden gebraucht
bei 8 cores haben 1000 Messungen 3.910471 Sekunden gebraucht
bei 8 cores haben 1000 Messungen 3.796767 Sekunden gebraucht
bei 8 cores haben 1000 Messungen 4.003363 Sekunden gebraucht
bei 8 cores haben 1000 Messungen 4.079837 Sekunden gebraucht
bei 8 cores haben 1000 Messungen 4.108012 Sekunden gebraucht
bei 9 cores haben 1000 Messungen 3.560543 Sekunden gebraucht
bei 9 cores haben 1000 Messungen 3.522656 Sekunden gebraucht
bei 9 cores haben 1000 Messungen 3.925720 Sekunden gebraucht
bei 9 cores haben 1000 Messungen 3.751004 Sekunden gebraucht
bei 9 cores haben 1000 Messungen 3.383247 Sekunden gebraucht
bei 10 cores haben 1000 Messungen 3.013243 Sekunden gebraucht
bei 10 cores haben 1000 Messungen 3.384298 Sekunden gebraucht
bei 10 cores haben 1000 Messungen 3.490502 Sekunden gebraucht
bei 10 cores haben 1000 Messungen 3.684058 Sekunden gebraucht
bei 10 cores haben 1000 Messungen 3.437261 Sekunden gebraucht
bei 11 cores haben 1000 Messungen 3.475682 Sekunden gebraucht
bei 11 cores haben 1000 Messungen 3.211382 Sekunden gebraucht
bei 11 cores haben 1000 Messungen 3.144812 Sekunden gebraucht
bei 11 cores haben 1000 Messungen 3.117789 Sekunden gebraucht
bei 11 cores haben 1000 Messungen 3.074496 Sekunden gebraucht
bei 12 cores haben 1000 Messungen 2.895807 Sekunden gebraucht
bei 12 cores haben 1000 Messungen 2.901238 Sekunden gebraucht
bei 12 cores haben 1000 Messungen 3.106145 Sekunden gebraucht
bei 12 cores haben 1000 Messungen 3.196161 Sekunden gebraucht
bei 12 cores haben 1000 Messungen 2.871973 Sekunden gebraucht
/hiskp4/gross/bachelorarbeit
