Thu Jun 25 19:54:34 CEST 2020 Waiting for 30 seconds before starting the job to allow the node to settle down
Thu Jun 25 19:55:04 CEST 2020 Waiting done, starting task!
Thu Jun 25 19:55:05 CEST 2020 Waiting for 30 seconds before starting the job to allow the node to settle down
Thu Jun 25 19:55:35 CEST 2020 Waiting done, starting task!
Laenge=192	Temperatur=0.500000
Richtige Funktion!
bei 1 cores haben 1000 Messungen 2.268549 Sekunden gebraucht
Richtige Funktion!
bei 1 cores haben 1000 Messungen 2.242367 Sekunden gebraucht
Richtige Funktion!
bei 1 cores haben 1000 Messungen 2.241847 Sekunden gebraucht
Richtige Funktion!
bei 1 cores haben 1000 Messungen 2.241731 Sekunden gebraucht
Richtige Funktion!
bei 1 cores haben 1000 Messungen 2.242558 Sekunden gebraucht
Richtige Funktion!
bei 2 cores haben 1000 Messungen 1.328480 Sekunden gebraucht
Richtige Funktion!
bei 2 cores haben 1000 Messungen 1.236944 Sekunden gebraucht
Richtige Funktion!
bei 2 cores haben 1000 Messungen 1.221753 Sekunden gebraucht
Richtige Funktion!
bei 2 cores haben 1000 Messungen 1.227928 Sekunden gebraucht
Richtige Funktion!
bei 2 cores haben 1000 Messungen 1.229238 Sekunden gebraucht
Richtige Funktion!
bei 3 cores haben 1000 Messungen 0.976721 Sekunden gebraucht
Richtige Funktion!
bei 3 cores haben 1000 Messungen 0.874923 Sekunden gebraucht
Richtige Funktion!
bei 3 cores haben 1000 Messungen 0.888642 Sekunden gebraucht
Richtige Funktion!
bei 3 cores haben 1000 Messungen 0.876532 Sekunden gebraucht
Richtige Funktion!
bei 3 cores haben 1000 Messungen 0.883604 Sekunden gebraucht
Richtige Funktion!
bei 4 cores haben 1000 Messungen 0.739150 Sekunden gebraucht
Richtige Funktion!
bei 4 cores haben 1000 Messungen 0.690916 Sekunden gebraucht
Richtige Funktion!
bei 4 cores haben 1000 Messungen 0.691865 Sekunden gebraucht
Richtige Funktion!
bei 4 cores haben 1000 Messungen 0.716908 Sekunden gebraucht
Richtige Funktion!
bei 4 cores haben 1000 Messungen 0.699444 Sekunden gebraucht
Richtige Funktion!
bei 5 cores haben 1000 Messungen 0.598250 Sekunden gebraucht
Richtige Funktion!
bei 5 cores haben 1000 Messungen 0.898141 Sekunden gebraucht
Richtige Funktion!
bei 5 cores haben 1000 Messungen 0.895257 Sekunden gebraucht
Richtige Funktion!
bei 5 cores haben 1000 Messungen 1.026239 Sekunden gebraucht
Richtige Funktion!
bei 5 cores haben 1000 Messungen 0.630184 Sekunden gebraucht
Richtige Funktion!
bei 6 cores haben 1000 Messungen 0.760694 Sekunden gebraucht
Richtige Funktion!
bei 6 cores haben 1000 Messungen 0.800212 Sekunden gebraucht
Richtige Funktion!
bei 6 cores haben 1000 Messungen 0.754111 Sekunden gebraucht
Richtige Funktion!
bei 6 cores haben 1000 Messungen 0.892227 Sekunden gebraucht
Richtige Funktion!
bei 6 cores haben 1000 Messungen 0.880843 Sekunden gebraucht
Richtige Funktion!
bei 7 cores haben 1000 Messungen 0.856211 Sekunden gebraucht
Richtige Funktion!
bei 7 cores haben 1000 Messungen 0.845261 Sekunden gebraucht
Richtige Funktion!
bei 7 cores haben 1000 Messungen 0.753122 Sekunden gebraucht
Richtige Funktion!
bei 7 cores haben 1000 Messungen 0.575506 Sekunden gebraucht
Richtige Funktion!
bei 7 cores haben 1000 Messungen 0.597388 Sekunden gebraucht
Richtige Funktion!
bei 8 cores haben 1000 Messungen 0.541636 Sekunden gebraucht
Richtige Funktion!
bei 8 cores haben 1000 Messungen 0.823903 Sekunden gebraucht
Richtige Funktion!
bei 8 cores haben 1000 Messungen 0.645385 Sekunden gebraucht
Richtige Funktion!
bei 8 cores haben 1000 Messungen 0.780605 Sekunden gebraucht
Richtige Funktion!
bei 8 cores haben 1000 Messungen 0.736579 Sekunden gebraucht
Richtige Funktion!
bei 9 cores haben 1000 Messungen 0.712219 Sekunden gebraucht
Richtige Funktion!
bei 9 cores haben 1000 Messungen 0.548478 Sekunden gebraucht
Richtige Funktion!
bei 9 cores haben 1000 Messungen 0.672465 Sekunden gebraucht
Richtige Funktion!
bei 9 cores haben 1000 Messungen 0.693345 Sekunden gebraucht
Richtige Funktion!
bei 9 cores haben 1000 Messungen 0.736215 Sekunden gebraucht
Richtige Funktion!
bei 10 cores haben 1000 Messungen 0.597082 Sekunden gebraucht
Richtige Funktion!
bei 10 cores haben 1000 Messungen 0.638477 Sekunden gebraucht
Richtige Funktion!
bei 10 cores haben 1000 Messungen 0.544482 Sekunden gebraucht
Richtige Funktion!
bei 10 cores haben 1000 Messungen 0.653599 Sekunden gebraucht
Richtige Funktion!
bei 10 cores haben 1000 Messungen 0.650826 Sekunden gebraucht
Richtige Funktion!
bei 11 cores haben 1000 Messungen 0.382074 Sekunden gebraucht
Richtige Funktion!
bei 11 cores haben 1000 Messungen 0.381834 Sekunden gebraucht
Richtige Funktion!
bei 11 cores haben 1000 Messungen 0.379675 Sekunden gebraucht
Richtige Funktion!
bei 11 cores haben 1000 Messungen 0.382313 Sekunden gebraucht
Richtige Funktion!
bei 11 cores haben 1000 Messungen 0.381001 Sekunden gebraucht
Richtige Funktion!
bei 12 cores haben 1000 Messungen 0.373576 Sekunden gebraucht
Richtige Funktion!
bei 12 cores haben 1000 Messungen 0.361639 Sekunden gebraucht
Richtige Funktion!
bei 12 cores haben 1000 Messungen 0.361134 Sekunden gebraucht
Richtige Funktion!
bei 12 cores haben 1000 Messungen 0.360572 Sekunden gebraucht
Richtige Funktion!
bei 12 cores haben 1000 Messungen 0.362859 Sekunden gebraucht
/hiskp4/gross/bachelorarbeit
