Tue Jul 21 14:18:23 CEST 2020 Waiting for 30 seconds before starting the job to allow the node to settle down
Tue Jul 21 14:18:53 CEST 2020 Waiting done, starting task!
180 1
Tue Jul 21 14:18:53 CEST 2020 Waiting for 30 seconds before starting the job to allow the node to settle down
Tue Jul 21 14:19:23 CEST 2020 Waiting done, starting task!
180
180 2
Tue Jul 21 14:19:40 CEST 2020 Waiting for 30 seconds before starting the job to allow the node to settle down
Tue Jul 21 14:19:41 CEST 2020 Waiting for 30 seconds before starting the job to allow the node to settle down
Tue Jul 21 14:20:10 CEST 2020 Waiting done, starting task!
Tue Jul 21 14:20:11 CEST 2020 Waiting done, starting task!
180
180 3
Tue Jul 21 14:20:20 CEST 2020 Waiting for 30 seconds before starting the job to allow the node to settle down
Tue Jul 21 14:20:20 CEST 2020 Waiting for 30 seconds before starting the job to allow the node to settle down
Tue Jul 21 14:20:20 CEST 2020 Waiting for 30 seconds before starting the job to allow the node to settle down
Tue Jul 21 14:20:50 CEST 2020 Waiting done, starting task!
Tue Jul 21 14:20:50 CEST 2020 Waiting done, starting task!
Tue Jul 21 14:20:50 CEST 2020 Waiting done, starting task!
180
180 4
Tue Jul 21 14:20:57 CEST 2020 Waiting for 30 seconds before starting the job to allow the node to settle down
Tue Jul 21 14:20:57 CEST 2020 Waiting for 30 seconds before starting the job to allow the node to settle down
Tue Jul 21 14:20:57 CEST 2020 Waiting for 30 seconds before starting the job to allow the node to settle down
Tue Jul 21 14:20:57 CEST 2020 Waiting for 30 seconds before starting the job to allow the node to settle down
Tue Jul 21 14:21:27 CEST 2020 Waiting done, starting task!
Tue Jul 21 14:21:27 CEST 2020 Waiting done, starting task!
Tue Jul 21 14:21:27 CEST 2020 Waiting done, starting task!
Tue Jul 21 14:21:27 CEST 2020 Waiting done, starting task!
180
180 5
Tue Jul 21 14:21:33 CEST 2020 Waiting for 30 seconds before starting the job to allow the node to settle down
Tue Jul 21 14:21:33 CEST 2020 Waiting for 30 seconds before starting the job to allow the node to settle down
Tue Jul 21 14:21:33 CEST 2020 Waiting for 30 seconds before starting the job to allow the node to settle down
Tue Jul 21 14:21:33 CEST 2020 Waiting for 30 seconds before starting the job to allow the node to settle down
Tue Jul 21 14:21:33 CEST 2020 Waiting for 30 seconds before starting the job to allow the node to settle down
Tue Jul 21 14:22:03 CEST 2020 Waiting done, starting task!
Tue Jul 21 14:22:03 CEST 2020 Waiting done, starting task!
Tue Jul 21 14:22:03 CEST 2020 Waiting done, starting task!
Tue Jul 21 14:22:03 CEST 2020 Waiting done, starting task!
Tue Jul 21 14:22:03 CEST 2020 Waiting done, starting task!
180
180 6
Tue Jul 21 14:22:08 CEST 2020 Waiting for 30 seconds before starting the job to allow the node to settle down
Tue Jul 21 14:22:08 CEST 2020 Waiting for 30 seconds before starting the job to allow the node to settle down
Tue Jul 21 14:22:08 CEST 2020 Waiting for 30 seconds before starting the job to allow the node to settle down
Tue Jul 21 14:22:08 CEST 2020 Waiting for 30 seconds before starting the job to allow the node to settle down
Tue Jul 21 14:22:08 CEST 2020 Waiting for 30 seconds before starting the job to allow the node to settle down
Tue Jul 21 14:22:08 CEST 2020 Waiting for 30 seconds before starting the job to allow the node to settle down
Tue Jul 21 14:22:38 CEST 2020 Waiting done, starting task!
Tue Jul 21 14:22:38 CEST 2020 Waiting done, starting task!
Tue Jul 21 14:22:38 CEST 2020 Waiting done, starting task!
Tue Jul 21 14:22:38 CEST 2020 Waiting done, starting task!
Tue Jul 21 14:22:38 CEST 2020 Waiting done, starting task!
Tue Jul 21 14:22:38 CEST 2020 Waiting done, starting task!
180
180 9
Tue Jul 21 14:22:43 CEST 2020 Waiting for 30 seconds before starting the job to allow the node to settle down
Tue Jul 21 14:22:43 CEST 2020 Waiting for 30 seconds before starting the job to allow the node to settle down
Tue Jul 21 14:22:43 CEST 2020 Waiting for 30 seconds before starting the job to allow the node to settle down
Tue Jul 21 14:22:43 CEST 2020 Waiting for 30 seconds before starting the job to allow the node to settle down
Tue Jul 21 14:22:43 CEST 2020 Waiting for 30 seconds before starting the job to allow the node to settle down
Tue Jul 21 14:22:43 CEST 2020 Waiting for 30 seconds before starting the job to allow the node to settle down
Tue Jul 21 14:22:43 CEST 2020 Waiting for 30 seconds before starting the job to allow the node to settle down
Tue Jul 21 14:22:43 CEST 2020 Waiting for 30 seconds before starting the job to allow the node to settle down
Tue Jul 21 14:22:43 CEST 2020 Waiting for 30 seconds before starting the job to allow the node to settle down
Tue Jul 21 14:23:13 CEST 2020 Waiting done, starting task!
Tue Jul 21 14:23:13 CEST 2020 Waiting done, starting task!
Tue Jul 21 14:23:13 CEST 2020 Waiting done, starting task!
Tue Jul 21 14:23:13 CEST 2020 Waiting done, starting task!
Tue Jul 21 14:23:13 CEST 2020 Waiting done, starting task!
Tue Jul 21 14:23:13 CEST 2020 Waiting done, starting task!
Tue Jul 21 14:23:13 CEST 2020 Waiting done, starting task!
Tue Jul 21 14:23:13 CEST 2020 Waiting done, starting task!
Tue Jul 21 14:23:13 CEST 2020 Waiting done, starting task!
180
180 10
Tue Jul 21 14:23:17 CEST 2020 Waiting for 30 seconds before starting the job to allow the node to settle down
Tue Jul 21 14:23:17 CEST 2020 Waiting for 30 seconds before starting the job to allow the node to settle down
Tue Jul 21 14:23:17 CEST 2020 Waiting for 30 seconds before starting the job to allow the node to settle down
Tue Jul 21 14:23:17 CEST 2020 Waiting for 30 seconds before starting the job to allow the node to settle down
Tue Jul 21 14:23:17 CEST 2020 Waiting for 30 seconds before starting the job to allow the node to settle down
Tue Jul 21 14:23:17 CEST 2020 Waiting for 30 seconds before starting the job to allow the node to settle down
Tue Jul 21 14:23:17 CEST 2020 Waiting for 30 seconds before starting the job to allow the node to settle down
Tue Jul 21 14:23:17 CEST 2020 Waiting for 30 seconds before starting the job to allow the node to settle down
Tue Jul 21 14:23:17 CEST 2020 Waiting for 30 seconds before starting the job to allow the node to settle down
Tue Jul 21 14:23:17 CEST 2020 Waiting for 30 seconds before starting the job to allow the node to settle down
Tue Jul 21 14:23:47 CEST 2020 Waiting done, starting task!
Tue Jul 21 14:23:47 CEST 2020 Waiting done, starting task!
Tue Jul 21 14:23:47 CEST 2020 Waiting done, starting task!
Tue Jul 21 14:23:47 CEST 2020 Waiting done, starting task!
Tue Jul 21 14:23:47 CEST 2020 Waiting done, starting task!
Tue Jul 21 14:23:47 CEST 2020 Waiting done, starting task!
Tue Jul 21 14:23:47 CEST 2020 Waiting done, starting task!
Tue Jul 21 14:23:47 CEST 2020 Waiting done, starting task!
Tue Jul 21 14:23:47 CEST 2020 Waiting done, starting task!
Tue Jul 21 14:23:47 CEST 2020 Waiting done, starting task!
180
180 12
Tue Jul 21 14:23:50 CEST 2020 Waiting for 30 seconds before starting the job to allow the node to settle down
Tue Jul 21 14:23:50 CEST 2020 Waiting for 30 seconds before starting the job to allow the node to settle down
Tue Jul 21 14:23:50 CEST 2020 Waiting for 30 seconds before starting the job to allow the node to settle down
Tue Jul 21 14:23:50 CEST 2020 Waiting for 30 seconds before starting the job to allow the node to settle down
Tue Jul 21 14:23:50 CEST 2020 Waiting for 30 seconds before starting the job to allow the node to settle down
Tue Jul 21 14:23:50 CEST 2020 Waiting for 30 seconds before starting the job to allow the node to settle down
Tue Jul 21 14:23:50 CEST 2020 Waiting for 30 seconds before starting the job to allow the node to settle down
Tue Jul 21 14:23:50 CEST 2020 Waiting for 30 seconds before starting the job to allow the node to settle down
Tue Jul 21 14:23:50 CEST 2020 Waiting for 30 seconds before starting the job to allow the node to settle down
Tue Jul 21 14:23:50 CEST 2020 Waiting for 30 seconds before starting the job to allow the node to settle down
Tue Jul 21 14:23:50 CEST 2020 Waiting for 30 seconds before starting the job to allow the node to settle down
Tue Jul 21 14:23:50 CEST 2020 Waiting for 30 seconds before starting the job to allow the node to settle down
Tue Jul 21 14:24:20 CEST 2020 Waiting done, starting task!
Tue Jul 21 14:24:20 CEST 2020 Waiting done, starting task!
Tue Jul 21 14:24:20 CEST 2020 Waiting done, starting task!
Tue Jul 21 14:24:20 CEST 2020 Waiting done, starting task!
Tue Jul 21 14:24:20 CEST 2020 Waiting done, starting task!
Tue Jul 21 14:24:20 CEST 2020 Waiting done, starting task!
Tue Jul 21 14:24:20 CEST 2020 Waiting done, starting task!
Tue Jul 21 14:24:20 CEST 2020 Waiting done, starting task!
Tue Jul 21 14:24:20 CEST 2020 Waiting done, starting task!
Tue Jul 21 14:24:20 CEST 2020 Waiting done, starting task!
Tue Jul 21 14:24:20 CEST 2020 Waiting done, starting task!
Tue Jul 21 14:24:20 CEST 2020 Waiting done, starting task!
180
180 15
Tue Jul 21 14:24:24 CEST 2020 Waiting for 30 seconds before starting the job to allow the node to settle down
Tue Jul 21 14:24:24 CEST 2020 Waiting for 30 seconds before starting the job to allow the node to settle down
Tue Jul 21 14:24:24 CEST 2020 Waiting for 30 seconds before starting the job to allow the node to settle down
Tue Jul 21 14:24:24 CEST 2020 Waiting for 30 seconds before starting the job to allow the node to settle down
Tue Jul 21 14:24:24 CEST 2020 Waiting for 30 seconds before starting the job to allow the node to settle down
Tue Jul 21 14:24:24 CEST 2020 Waiting for 30 seconds before starting the job to allow the node to settle down
Tue Jul 21 14:24:24 CEST 2020 Waiting for 30 seconds before starting the job to allow the node to settle down
Tue Jul 21 14:24:24 CEST 2020 Waiting for 30 seconds before starting the job to allow the node to settle down
Tue Jul 21 14:24:24 CEST 2020 Waiting for 30 seconds before starting the job to allow the node to settle down
Tue Jul 21 14:24:24 CEST 2020 Waiting for 30 seconds before starting the job to allow the node to settle down
Tue Jul 21 14:24:24 CEST 2020 Waiting for 30 seconds before starting the job to allow the node to settle down
Tue Jul 21 14:24:24 CEST 2020 Waiting for 30 seconds before starting the job to allow the node to settle down
Tue Jul 21 14:24:24 CEST 2020 Waiting for 30 seconds before starting the job to allow the node to settle down
Tue Jul 21 14:24:24 CEST 2020 Waiting for 30 seconds before starting the job to allow the node to settle down
Tue Jul 21 14:24:24 CEST 2020 Waiting for 30 seconds before starting the job to allow the node to settle down
Tue Jul 21 14:24:54 CEST 2020 Waiting done, starting task!
Tue Jul 21 14:24:54 CEST 2020 Waiting done, starting task!
Tue Jul 21 14:24:54 CEST 2020 Waiting done, starting task!
Tue Jul 21 14:24:54 CEST 2020 Waiting done, starting task!
Tue Jul 21 14:24:54 CEST 2020 Waiting done, starting task!
Tue Jul 21 14:24:54 CEST 2020 Waiting done, starting task!
Tue Jul 21 14:24:54 CEST 2020 Waiting done, starting task!
Tue Jul 21 14:24:54 CEST 2020 Waiting done, starting task!
Tue Jul 21 14:24:54 CEST 2020 Waiting done, starting task!
Tue Jul 21 14:24:54 CEST 2020 Waiting done, starting task!
Tue Jul 21 14:24:54 CEST 2020 Waiting done, starting task!
Tue Jul 21 14:24:54 CEST 2020 Waiting done, starting task!
Tue Jul 21 14:24:54 CEST 2020 Waiting done, starting task!
Tue Jul 21 14:24:54 CEST 2020 Waiting done, starting task!
Tue Jul 21 14:24:54 CEST 2020 Waiting done, starting task!
180
180 18
Tue Jul 21 14:24:58 CEST 2020 Waiting for 30 seconds before starting the job to allow the node to settle down
Tue Jul 21 14:24:58 CEST 2020 Waiting for 30 seconds before starting the job to allow the node to settle down
Tue Jul 21 14:24:58 CEST 2020 Waiting for 30 seconds before starting the job to allow the node to settle down
Tue Jul 21 14:24:58 CEST 2020 Waiting for 30 seconds before starting the job to allow the node to settle down
Tue Jul 21 14:24:58 CEST 2020 Waiting for 30 seconds before starting the job to allow the node to settle down
Tue Jul 21 14:24:58 CEST 2020 Waiting for 30 seconds before starting the job to allow the node to settle down
Tue Jul 21 14:24:58 CEST 2020 Waiting for 30 seconds before starting the job to allow the node to settle down
Tue Jul 21 14:24:58 CEST 2020 Waiting for 30 seconds before starting the job to allow the node to settle down
Tue Jul 21 14:24:58 CEST 2020 Waiting for 30 seconds before starting the job to allow the node to settle down
Tue Jul 21 14:24:58 CEST 2020 Waiting for 30 seconds before starting the job to allow the node to settle down
Tue Jul 21 14:24:58 CEST 2020 Waiting for 30 seconds before starting the job to allow the node to settle down
Tue Jul 21 14:24:58 CEST 2020 Waiting for 30 seconds before starting the job to allow the node to settle down
Tue Jul 21 14:24:58 CEST 2020 Waiting for 30 seconds before starting the job to allow the node to settle down
Tue Jul 21 14:24:58 CEST 2020 Waiting for 30 seconds before starting the job to allow the node to settle down
Tue Jul 21 14:24:58 CEST 2020 Waiting for 30 seconds before starting the job to allow the node to settle down
Tue Jul 21 14:24:58 CEST 2020 Waiting for 30 seconds before starting the job to allow the node to settle down
Tue Jul 21 14:24:58 CEST 2020 Waiting for 30 seconds before starting the job to allow the node to settle down
Tue Jul 21 14:24:58 CEST 2020 Waiting for 30 seconds before starting the job to allow the node to settle down
Tue Jul 21 14:25:28 CEST 2020 Waiting done, starting task!
Tue Jul 21 14:25:28 CEST 2020 Waiting done, starting task!
Tue Jul 21 14:25:28 CEST 2020 Waiting done, starting task!
Tue Jul 21 14:25:28 CEST 2020 Waiting done, starting task!
Tue Jul 21 14:25:28 CEST 2020 Waiting done, starting task!
Tue Jul 21 14:25:28 CEST 2020 Waiting done, starting task!
Tue Jul 21 14:25:28 CEST 2020 Waiting done, starting task!
Tue Jul 21 14:25:28 CEST 2020 Waiting done, starting task!
Tue Jul 21 14:25:28 CEST 2020 Waiting done, starting task!
Tue Jul 21 14:25:28 CEST 2020 Waiting done, starting task!
Tue Jul 21 14:25:28 CEST 2020 Waiting done, starting task!
Tue Jul 21 14:25:28 CEST 2020 Waiting done, starting task!
Tue Jul 21 14:25:28 CEST 2020 Waiting done, starting task!
Tue Jul 21 14:25:28 CEST 2020 Waiting done, starting task!
Tue Jul 21 14:25:28 CEST 2020 Waiting done, starting task!
Tue Jul 21 14:25:28 CEST 2020 Waiting done, starting task!
Tue Jul 21 14:25:28 CEST 2020 Waiting done, starting task!
Tue Jul 21 14:25:28 CEST 2020 Waiting done, starting task!
180
180 20
Tue Jul 21 14:25:32 CEST 2020 Waiting for 30 seconds before starting the job to allow the node to settle down
Tue Jul 21 14:25:32 CEST 2020 Waiting for 30 seconds before starting the job to allow the node to settle down
Tue Jul 21 14:25:32 CEST 2020 Waiting for 30 seconds before starting the job to allow the node to settle down
Tue Jul 21 14:25:32 CEST 2020 Waiting for 30 seconds before starting the job to allow the node to settle down
Tue Jul 21 14:25:32 CEST 2020 Waiting for 30 seconds before starting the job to allow the node to settle down
Tue Jul 21 14:25:32 CEST 2020 Waiting for 30 seconds before starting the job to allow the node to settle down
Tue Jul 21 14:25:32 CEST 2020 Waiting for 30 seconds before starting the job to allow the node to settle down
Tue Jul 21 14:25:32 CEST 2020 Waiting for 30 seconds before starting the job to allow the node to settle down
Tue Jul 21 14:25:32 CEST 2020 Waiting for 30 seconds before starting the job to allow the node to settle down
Tue Jul 21 14:25:32 CEST 2020 Waiting for 30 seconds before starting the job to allow the node to settle down
Tue Jul 21 14:25:32 CEST 2020 Waiting for 30 seconds before starting the job to allow the node to settle down
Tue Jul 21 14:25:32 CEST 2020 Waiting for 30 seconds before starting the job to allow the node to settle down
Tue Jul 21 14:25:32 CEST 2020 Waiting for 30 seconds before starting the job to allow the node to settle down
Tue Jul 21 14:25:32 CEST 2020 Waiting for 30 seconds before starting the job to allow the node to settle down
Tue Jul 21 14:25:32 CEST 2020 Waiting for 30 seconds before starting the job to allow the node to settle down
Tue Jul 21 14:25:32 CEST 2020 Waiting for 30 seconds before starting the job to allow the node to settle down
Tue Jul 21 14:25:32 CEST 2020 Waiting for 30 seconds before starting the job to allow the node to settle down
Tue Jul 21 14:25:32 CEST 2020 Waiting for 30 seconds before starting the job to allow the node to settle down
Tue Jul 21 14:25:32 CEST 2020 Waiting for 30 seconds before starting the job to allow the node to settle down
Tue Jul 21 14:25:32 CEST 2020 Waiting for 30 seconds before starting the job to allow the node to settle down
Tue Jul 21 14:26:02 CEST 2020 Waiting done, starting task!
Tue Jul 21 14:26:02 CEST 2020 Waiting done, starting task!
Tue Jul 21 14:26:02 CEST 2020 Waiting done, starting task!
Tue Jul 21 14:26:02 CEST 2020 Waiting done, starting task!
Tue Jul 21 14:26:02 CEST 2020 Waiting done, starting task!
Tue Jul 21 14:26:02 CEST 2020 Waiting done, starting task!
Tue Jul 21 14:26:02 CEST 2020 Waiting done, starting task!
Tue Jul 21 14:26:02 CEST 2020 Waiting done, starting task!
Tue Jul 21 14:26:02 CEST 2020 Waiting done, starting task!
Tue Jul 21 14:26:02 CEST 2020 Waiting done, starting task!
Tue Jul 21 14:26:02 CEST 2020 Waiting done, starting task!
Tue Jul 21 14:26:02 CEST 2020 Waiting done, starting task!
Tue Jul 21 14:26:02 CEST 2020 Waiting done, starting task!
Tue Jul 21 14:26:02 CEST 2020 Waiting done, starting task!
Tue Jul 21 14:26:02 CEST 2020 Waiting done, starting task!
Tue Jul 21 14:26:02 CEST 2020 Waiting done, starting task!
Tue Jul 21 14:26:02 CEST 2020 Waiting done, starting task!
Tue Jul 21 14:26:02 CEST 2020 Waiting done, starting task!
Tue Jul 21 14:26:02 CEST 2020 Waiting done, starting task!
Tue Jul 21 14:26:02 CEST 2020 Waiting done, starting task!
180
/hiskp4/gross/bachelorarbeit
