Sat Jun 13 12:07:29 CEST 2020 Waiting for 30 seconds before starting the job to allow the node to settle down
Sat Jun 13 12:07:59 CEST 2020 Waiting done, starting task!
Sat Jun 13 12:07:59 CEST 2020 Waiting for 30 seconds before starting the job to allow the node to settle down
Sat Jun 13 12:08:29 CEST 2020 Waiting done, starting task!
Laenge=10
bei 1 cores haben 1000 Messungen 0.016474 Sekunden gebraucht
bei 1 cores haben 1000 Messungen 0.015076 Sekunden gebraucht
bei 1 cores haben 1000 Messungen 0.013887 Sekunden gebraucht
bei 1 cores haben 1000 Messungen 0.013239 Sekunden gebraucht
bei 1 cores haben 1000 Messungen 0.013225 Sekunden gebraucht
bei 2 cores haben 1000 Messungen 0.011178 Sekunden gebraucht
bei 2 cores haben 1000 Messungen 0.010685 Sekunden gebraucht
bei 2 cores haben 1000 Messungen 0.010509 Sekunden gebraucht
bei 2 cores haben 1000 Messungen 0.010560 Sekunden gebraucht
bei 2 cores haben 1000 Messungen 0.017415 Sekunden gebraucht
bei 3 cores haben 1000 Messungen 0.020531 Sekunden gebraucht
bei 3 cores haben 1000 Messungen 0.019626 Sekunden gebraucht
bei 3 cores haben 1000 Messungen 0.019213 Sekunden gebraucht
bei 3 cores haben 1000 Messungen 0.019167 Sekunden gebraucht
bei 3 cores haben 1000 Messungen 0.019222 Sekunden gebraucht
bei 4 cores haben 1000 Messungen 0.020362 Sekunden gebraucht
bei 4 cores haben 1000 Messungen 0.020208 Sekunden gebraucht
bei 4 cores haben 1000 Messungen 0.019851 Sekunden gebraucht
bei 4 cores haben 1000 Messungen 0.019575 Sekunden gebraucht
bei 4 cores haben 1000 Messungen 0.019225 Sekunden gebraucht
bei 5 cores haben 1000 Messungen 0.019129 Sekunden gebraucht
bei 5 cores haben 1000 Messungen 0.019388 Sekunden gebraucht
bei 5 cores haben 1000 Messungen 0.019204 Sekunden gebraucht
bei 5 cores haben 1000 Messungen 0.019095 Sekunden gebraucht
bei 5 cores haben 1000 Messungen 0.019174 Sekunden gebraucht
bei 6 cores haben 1000 Messungen 0.020972 Sekunden gebraucht
bei 6 cores haben 1000 Messungen 0.020764 Sekunden gebraucht
bei 6 cores haben 1000 Messungen 0.020767 Sekunden gebraucht
bei 6 cores haben 1000 Messungen 0.020416 Sekunden gebraucht
bei 6 cores haben 1000 Messungen 0.020185 Sekunden gebraucht
bei 7 cores haben 1000 Messungen 0.017661 Sekunden gebraucht
bei 7 cores haben 1000 Messungen 0.017732 Sekunden gebraucht
bei 7 cores haben 1000 Messungen 0.018025 Sekunden gebraucht
bei 7 cores haben 1000 Messungen 0.017767 Sekunden gebraucht
bei 7 cores haben 1000 Messungen 0.017660 Sekunden gebraucht
bei 8 cores haben 1000 Messungen 0.018677 Sekunden gebraucht
bei 8 cores haben 1000 Messungen 0.018731 Sekunden gebraucht
bei 8 cores haben 1000 Messungen 0.018337 Sekunden gebraucht
bei 8 cores haben 1000 Messungen 0.018848 Sekunden gebraucht
bei 8 cores haben 1000 Messungen 0.020147 Sekunden gebraucht
bei 9 cores haben 1000 Messungen 0.020217 Sekunden gebraucht
bei 9 cores haben 1000 Messungen 0.020033 Sekunden gebraucht
bei 9 cores haben 1000 Messungen 0.020188 Sekunden gebraucht
bei 9 cores haben 1000 Messungen 0.020079 Sekunden gebraucht
bei 9 cores haben 1000 Messungen 0.020019 Sekunden gebraucht
bei 10 cores haben 1000 Messungen 0.022457 Sekunden gebraucht
bei 10 cores haben 1000 Messungen 0.022321 Sekunden gebraucht
bei 10 cores haben 1000 Messungen 0.023612 Sekunden gebraucht
bei 10 cores haben 1000 Messungen 0.022728 Sekunden gebraucht
bei 10 cores haben 1000 Messungen 0.023129 Sekunden gebraucht
bei 11 cores haben 1000 Messungen 0.021694 Sekunden gebraucht
bei 11 cores haben 1000 Messungen 0.021742 Sekunden gebraucht
bei 11 cores haben 1000 Messungen 0.022146 Sekunden gebraucht
bei 11 cores haben 1000 Messungen 0.023241 Sekunden gebraucht
bei 11 cores haben 1000 Messungen 0.023328 Sekunden gebraucht
bei 12 cores haben 1000 Messungen 0.025471 Sekunden gebraucht
bei 12 cores haben 1000 Messungen 0.025473 Sekunden gebraucht
bei 12 cores haben 1000 Messungen 0.025719 Sekunden gebraucht
bei 12 cores haben 1000 Messungen 0.025544 Sekunden gebraucht
bei 12 cores haben 1000 Messungen 0.025603 Sekunden gebraucht
Laenge=100
bei 1 cores haben 1000 Messungen 0.792390 Sekunden gebraucht
bei 1 cores haben 1000 Messungen 0.790406 Sekunden gebraucht
bei 1 cores haben 1000 Messungen 0.835471 Sekunden gebraucht
bei 1 cores haben 1000 Messungen 0.790350 Sekunden gebraucht
bei 1 cores haben 1000 Messungen 0.800603 Sekunden gebraucht
bei 2 cores haben 1000 Messungen 0.947902 Sekunden gebraucht
bei 2 cores haben 1000 Messungen 1.009848 Sekunden gebraucht
bei 2 cores haben 1000 Messungen 0.925475 Sekunden gebraucht
bei 2 cores haben 1000 Messungen 0.935060 Sekunden gebraucht
bei 2 cores haben 1000 Messungen 0.931465 Sekunden gebraucht
bei 3 cores haben 1000 Messungen 0.812619 Sekunden gebraucht
bei 3 cores haben 1000 Messungen 0.799538 Sekunden gebraucht
bei 3 cores haben 1000 Messungen 0.785173 Sekunden gebraucht
bei 3 cores haben 1000 Messungen 0.798040 Sekunden gebraucht
bei 3 cores haben 1000 Messungen 0.810543 Sekunden gebraucht
bei 4 cores haben 1000 Messungen 0.756916 Sekunden gebraucht
bei 4 cores haben 1000 Messungen 0.743448 Sekunden gebraucht
bei 4 cores haben 1000 Messungen 0.747449 Sekunden gebraucht
bei 4 cores haben 1000 Messungen 0.752266 Sekunden gebraucht
bei 4 cores haben 1000 Messungen 0.750881 Sekunden gebraucht
bei 5 cores haben 1000 Messungen 0.779520 Sekunden gebraucht
bei 5 cores haben 1000 Messungen 0.730388 Sekunden gebraucht
bei 5 cores haben 1000 Messungen 0.796579 Sekunden gebraucht
bei 5 cores haben 1000 Messungen 0.791925 Sekunden gebraucht
bei 5 cores haben 1000 Messungen 0.789272 Sekunden gebraucht
bei 6 cores haben 1000 Messungen 0.773690 Sekunden gebraucht
bei 6 cores haben 1000 Messungen 0.768066 Sekunden gebraucht
bei 6 cores haben 1000 Messungen 0.699523 Sekunden gebraucht
bei 6 cores haben 1000 Messungen 0.748902 Sekunden gebraucht
bei 6 cores haben 1000 Messungen 0.760805 Sekunden gebraucht
bei 7 cores haben 1000 Messungen 0.787976 Sekunden gebraucht
bei 7 cores haben 1000 Messungen 0.799967 Sekunden gebraucht
bei 7 cores haben 1000 Messungen 0.795052 Sekunden gebraucht
bei 7 cores haben 1000 Messungen 0.795555 Sekunden gebraucht
bei 7 cores haben 1000 Messungen 0.806014 Sekunden gebraucht
bei 8 cores haben 1000 Messungen 0.785895 Sekunden gebraucht
bei 8 cores haben 1000 Messungen 0.800495 Sekunden gebraucht
bei 8 cores haben 1000 Messungen 0.792825 Sekunden gebraucht
bei 8 cores haben 1000 Messungen 0.791826 Sekunden gebraucht
bei 8 cores haben 1000 Messungen 0.781416 Sekunden gebraucht
bei 9 cores haben 1000 Messungen 0.815875 Sekunden gebraucht
bei 9 cores haben 1000 Messungen 0.806543 Sekunden gebraucht
bei 9 cores haben 1000 Messungen 0.796410 Sekunden gebraucht
bei 9 cores haben 1000 Messungen 0.799949 Sekunden gebraucht
bei 9 cores haben 1000 Messungen 0.800388 Sekunden gebraucht
bei 10 cores haben 1000 Messungen 0.822114 Sekunden gebraucht
bei 10 cores haben 1000 Messungen 0.796308 Sekunden gebraucht
bei 10 cores haben 1000 Messungen 0.819800 Sekunden gebraucht
bei 10 cores haben 1000 Messungen 0.800432 Sekunden gebraucht
bei 10 cores haben 1000 Messungen 0.821311 Sekunden gebraucht
bei 11 cores haben 1000 Messungen 0.817177 Sekunden gebraucht
bei 11 cores haben 1000 Messungen 0.809204 Sekunden gebraucht
bei 11 cores haben 1000 Messungen 0.817892 Sekunden gebraucht
bei 11 cores haben 1000 Messungen 0.814613 Sekunden gebraucht
bei 11 cores haben 1000 Messungen 0.809615 Sekunden gebraucht
bei 12 cores haben 1000 Messungen 0.812784 Sekunden gebraucht
bei 12 cores haben 1000 Messungen 0.821329 Sekunden gebraucht
bei 12 cores haben 1000 Messungen 0.810974 Sekunden gebraucht
bei 12 cores haben 1000 Messungen 0.811861 Sekunden gebraucht
bei 12 cores haben 1000 Messungen 0.813393 Sekunden gebraucht
Laenge=500
bei 1 cores haben 1000 Messungen 19.929675 Sekunden gebraucht
bei 1 cores haben 1000 Messungen 20.104510 Sekunden gebraucht
bei 1 cores haben 1000 Messungen 19.907969 Sekunden gebraucht
bei 1 cores haben 1000 Messungen 19.892095 Sekunden gebraucht
bei 1 cores haben 1000 Messungen 20.017302 Sekunden gebraucht
bei 2 cores haben 1000 Messungen 23.952356 Sekunden gebraucht
bei 2 cores haben 1000 Messungen 23.586100 Sekunden gebraucht
bei 2 cores haben 1000 Messungen 23.613588 Sekunden gebraucht
bei 2 cores haben 1000 Messungen 23.502083 Sekunden gebraucht
bei 2 cores haben 1000 Messungen 23.681854 Sekunden gebraucht
bei 3 cores haben 1000 Messungen 21.551344 Sekunden gebraucht
bei 3 cores haben 1000 Messungen 21.620908 Sekunden gebraucht
bei 3 cores haben 1000 Messungen 20.402266 Sekunden gebraucht
bei 3 cores haben 1000 Messungen 21.464238 Sekunden gebraucht
bei 3 cores haben 1000 Messungen 21.433969 Sekunden gebraucht
bei 4 cores haben 1000 Messungen 19.097098 Sekunden gebraucht
bei 4 cores haben 1000 Messungen 18.994873 Sekunden gebraucht
bei 4 cores haben 1000 Messungen 18.888889 Sekunden gebraucht
bei 4 cores haben 1000 Messungen 18.933471 Sekunden gebraucht
bei 4 cores haben 1000 Messungen 19.140975 Sekunden gebraucht
bei 5 cores haben 1000 Messungen 20.050116 Sekunden gebraucht
bei 5 cores haben 1000 Messungen 20.573539 Sekunden gebraucht
bei 5 cores haben 1000 Messungen 20.261220 Sekunden gebraucht
bei 5 cores haben 1000 Messungen 19.958534 Sekunden gebraucht
bei 5 cores haben 1000 Messungen 20.107712 Sekunden gebraucht
bei 6 cores haben 1000 Messungen 19.298898 Sekunden gebraucht
bei 6 cores haben 1000 Messungen 19.484879 Sekunden gebraucht
bei 6 cores haben 1000 Messungen 19.296122 Sekunden gebraucht
bei 6 cores haben 1000 Messungen 19.478552 Sekunden gebraucht
bei 6 cores haben 1000 Messungen 19.310296 Sekunden gebraucht
bei 7 cores haben 1000 Messungen 20.517519 Sekunden gebraucht
bei 7 cores haben 1000 Messungen 20.133660 Sekunden gebraucht
bei 7 cores haben 1000 Messungen 19.269915 Sekunden gebraucht
bei 7 cores haben 1000 Messungen 20.080040 Sekunden gebraucht
bei 7 cores haben 1000 Messungen 20.027655 Sekunden gebraucht
bei 8 cores haben 1000 Messungen 19.806804 Sekunden gebraucht
bei 8 cores haben 1000 Messungen 19.918921 Sekunden gebraucht
bei 8 cores haben 1000 Messungen 19.827580 Sekunden gebraucht
bei 8 cores haben 1000 Messungen 19.780714 Sekunden gebraucht
bei 8 cores haben 1000 Messungen 19.855160 Sekunden gebraucht
bei 9 cores haben 1000 Messungen 20.415159 Sekunden gebraucht
bei 9 cores haben 1000 Messungen 20.444452 Sekunden gebraucht
bei 9 cores haben 1000 Messungen 20.266482 Sekunden gebraucht
bei 9 cores haben 1000 Messungen 20.477580 Sekunden gebraucht
bei 9 cores haben 1000 Messungen 20.387465 Sekunden gebraucht
bei 10 cores haben 1000 Messungen 20.345743 Sekunden gebraucht
bei 10 cores haben 1000 Messungen 20.347810 Sekunden gebraucht
bei 10 cores haben 1000 Messungen 20.352059 Sekunden gebraucht
bei 10 cores haben 1000 Messungen 20.162618 Sekunden gebraucht
bei 10 cores haben 1000 Messungen 20.315552 Sekunden gebraucht
bei 11 cores haben 1000 Messungen 20.158162 Sekunden gebraucht
bei 11 cores haben 1000 Messungen 20.199697 Sekunden gebraucht
bei 11 cores haben 1000 Messungen 20.226058 Sekunden gebraucht
bei 11 cores haben 1000 Messungen 20.318700 Sekunden gebraucht
bei 11 cores haben 1000 Messungen 20.210361 Sekunden gebraucht
bei 12 cores haben 1000 Messungen 20.154509 Sekunden gebraucht
bei 12 cores haben 1000 Messungen 20.094053 Sekunden gebraucht
bei 12 cores haben 1000 Messungen 20.168756 Sekunden gebraucht
bei 12 cores haben 1000 Messungen 20.118863 Sekunden gebraucht
bei 12 cores haben 1000 Messungen 20.063038 Sekunden gebraucht
/hiskp4/gross/bachelorarbeit
