Wed Jun 24 18:19:45 CEST 2020 Waiting for 30 seconds before starting the job to allow the node to settle down
Wed Jun 24 18:20:15 CEST 2020 Waiting done, starting task!
Wed Jun 24 18:20:15 CEST 2020 Waiting for 30 seconds before starting the job to allow the node to settle down
Wed Jun 24 18:20:45 CEST 2020 Waiting done, starting task!
Laenge=384	Temperatur=0.500000
bei 1 cores haben 1000 Messungen 9.013422 Sekunden gebraucht
bei 1 cores haben 1000 Messungen 8.880747 Sekunden gebraucht
bei 1 cores haben 1000 Messungen 8.860038 Sekunden gebraucht
bei 1 cores haben 1000 Messungen 8.865054 Sekunden gebraucht
bei 1 cores haben 1000 Messungen 8.883030 Sekunden gebraucht
bei 2 cores haben 1000 Messungen 9.608548 Sekunden gebraucht
bei 2 cores haben 1000 Messungen 9.605547 Sekunden gebraucht
bei 2 cores haben 1000 Messungen 9.916689 Sekunden gebraucht
bei 2 cores haben 1000 Messungen 9.791200 Sekunden gebraucht
bei 2 cores haben 1000 Messungen 9.814958 Sekunden gebraucht
bei 3 cores haben 1000 Messungen 6.323967 Sekunden gebraucht
bei 3 cores haben 1000 Messungen 5.639105 Sekunden gebraucht
bei 3 cores haben 1000 Messungen 6.675500 Sekunden gebraucht
bei 3 cores haben 1000 Messungen 6.572293 Sekunden gebraucht
bei 3 cores haben 1000 Messungen 6.562135 Sekunden gebraucht
bei 4 cores haben 1000 Messungen 5.408969 Sekunden gebraucht
bei 4 cores haben 1000 Messungen 5.143876 Sekunden gebraucht
bei 4 cores haben 1000 Messungen 5.328897 Sekunden gebraucht
bei 4 cores haben 1000 Messungen 5.115145 Sekunden gebraucht
bei 4 cores haben 1000 Messungen 5.319337 Sekunden gebraucht
bei 5 cores haben 1000 Messungen 3.855506 Sekunden gebraucht
bei 5 cores haben 1000 Messungen 3.769589 Sekunden gebraucht
bei 5 cores haben 1000 Messungen 4.459995 Sekunden gebraucht
bei 5 cores haben 1000 Messungen 4.625682 Sekunden gebraucht
bei 5 cores haben 1000 Messungen 4.772348 Sekunden gebraucht
bei 6 cores haben 1000 Messungen 4.340239 Sekunden gebraucht
bei 6 cores haben 1000 Messungen 4.390732 Sekunden gebraucht
bei 6 cores haben 1000 Messungen 4.325203 Sekunden gebraucht
bei 6 cores haben 1000 Messungen 4.340155 Sekunden gebraucht
bei 6 cores haben 1000 Messungen 3.996049 Sekunden gebraucht
bei 7 cores haben 1000 Messungen 3.474375 Sekunden gebraucht
bei 7 cores haben 1000 Messungen 3.619593 Sekunden gebraucht
bei 7 cores haben 1000 Messungen 3.579934 Sekunden gebraucht
bei 7 cores haben 1000 Messungen 3.680188 Sekunden gebraucht
bei 7 cores haben 1000 Messungen 3.888687 Sekunden gebraucht
bei 8 cores haben 1000 Messungen 3.065897 Sekunden gebraucht
bei 8 cores haben 1000 Messungen 2.995851 Sekunden gebraucht
bei 8 cores haben 1000 Messungen 3.186180 Sekunden gebraucht
bei 8 cores haben 1000 Messungen 3.168740 Sekunden gebraucht
bei 8 cores haben 1000 Messungen 3.264726 Sekunden gebraucht
bei 9 cores haben 1000 Messungen 3.142584 Sekunden gebraucht
bei 9 cores haben 1000 Messungen 3.259357 Sekunden gebraucht
bei 9 cores haben 1000 Messungen 3.319292 Sekunden gebraucht
bei 9 cores haben 1000 Messungen 3.322363 Sekunden gebraucht
bei 9 cores haben 1000 Messungen 2.958365 Sekunden gebraucht
bei 10 cores haben 1000 Messungen 3.086826 Sekunden gebraucht
bei 10 cores haben 1000 Messungen 3.139241 Sekunden gebraucht
bei 10 cores haben 1000 Messungen 2.947476 Sekunden gebraucht
bei 10 cores haben 1000 Messungen 2.894414 Sekunden gebraucht
bei 10 cores haben 1000 Messungen 2.650984 Sekunden gebraucht
bei 11 cores haben 1000 Messungen 2.862130 Sekunden gebraucht
bei 11 cores haben 1000 Messungen 2.933454 Sekunden gebraucht
bei 11 cores haben 1000 Messungen 2.713561 Sekunden gebraucht
bei 11 cores haben 1000 Messungen 2.982949 Sekunden gebraucht
bei 11 cores haben 1000 Messungen 2.943753 Sekunden gebraucht
bei 12 cores haben 1000 Messungen 2.644269 Sekunden gebraucht
bei 12 cores haben 1000 Messungen 2.626826 Sekunden gebraucht
bei 12 cores haben 1000 Messungen 2.616188 Sekunden gebraucht
bei 12 cores haben 1000 Messungen 2.709234 Sekunden gebraucht
bei 12 cores haben 1000 Messungen 2.796638 Sekunden gebraucht
/hiskp4/gross/bachelorarbeit
