Fri Jun 12 15:50:39 CEST 2020 Waiting for 30 seconds before starting the job to allow the node to settle down
Fri Jun 12 15:51:09 CEST 2020 Waiting done, starting task!
Fri Jun 12 15:51:09 CEST 2020 Waiting for 30 seconds before starting the job to allow the node to settle down
Fri Jun 12 15:51:39 CEST 2020 Waiting done, starting task!
Laenge=10
bei 1 cores haben 1000 Messungen 0.013817 Sekunden gebraucht
bei 1 cores haben 1000 Messungen 0.013591 Sekunden gebraucht
bei 1 cores haben 1000 Messungen 0.012481 Sekunden gebraucht
bei 1 cores haben 1000 Messungen 0.011885 Sekunden gebraucht
bei 1 cores haben 1000 Messungen 0.011605 Sekunden gebraucht
bei 2 cores haben 1000 Messungen 0.012779 Sekunden gebraucht
bei 2 cores haben 1000 Messungen 0.009922 Sekunden gebraucht
bei 2 cores haben 1000 Messungen 0.009921 Sekunden gebraucht
bei 2 cores haben 1000 Messungen 0.010141 Sekunden gebraucht
bei 2 cores haben 1000 Messungen 0.010023 Sekunden gebraucht
bei 3 cores haben 1000 Messungen 0.023320 Sekunden gebraucht
bei 3 cores haben 1000 Messungen 0.021984 Sekunden gebraucht
bei 3 cores haben 1000 Messungen 0.018462 Sekunden gebraucht
bei 3 cores haben 1000 Messungen 0.018561 Sekunden gebraucht
bei 3 cores haben 1000 Messungen 0.018332 Sekunden gebraucht
bei 4 cores haben 1000 Messungen 0.019813 Sekunden gebraucht
bei 4 cores haben 1000 Messungen 0.019739 Sekunden gebraucht
bei 4 cores haben 1000 Messungen 0.019993 Sekunden gebraucht
bei 4 cores haben 1000 Messungen 0.022651 Sekunden gebraucht
bei 4 cores haben 1000 Messungen 0.020827 Sekunden gebraucht
bei 5 cores haben 1000 Messungen 0.019645 Sekunden gebraucht
bei 5 cores haben 1000 Messungen 0.020830 Sekunden gebraucht
bei 5 cores haben 1000 Messungen 0.019209 Sekunden gebraucht
bei 5 cores haben 1000 Messungen 0.018351 Sekunden gebraucht
bei 5 cores haben 1000 Messungen 0.022017 Sekunden gebraucht
bei 6 cores haben 1000 Messungen 0.021420 Sekunden gebraucht
bei 6 cores haben 1000 Messungen 0.024838 Sekunden gebraucht
bei 6 cores haben 1000 Messungen 0.022552 Sekunden gebraucht
bei 6 cores haben 1000 Messungen 0.021112 Sekunden gebraucht
bei 6 cores haben 1000 Messungen 0.020086 Sekunden gebraucht
bei 7 cores haben 1000 Messungen 0.021053 Sekunden gebraucht
bei 7 cores haben 1000 Messungen 0.020963 Sekunden gebraucht
bei 7 cores haben 1000 Messungen 0.019162 Sekunden gebraucht
bei 7 cores haben 1000 Messungen 0.018045 Sekunden gebraucht
bei 7 cores haben 1000 Messungen 0.019666 Sekunden gebraucht
bei 8 cores haben 1000 Messungen 0.023688 Sekunden gebraucht
bei 8 cores haben 1000 Messungen 0.022438 Sekunden gebraucht
bei 8 cores haben 1000 Messungen 0.023873 Sekunden gebraucht
bei 8 cores haben 1000 Messungen 0.023376 Sekunden gebraucht
bei 8 cores haben 1000 Messungen 0.021320 Sekunden gebraucht
bei 9 cores haben 1000 Messungen 0.019443 Sekunden gebraucht
bei 9 cores haben 1000 Messungen 0.020655 Sekunden gebraucht
bei 9 cores haben 1000 Messungen 0.020992 Sekunden gebraucht
bei 9 cores haben 1000 Messungen 0.023339 Sekunden gebraucht
bei 9 cores haben 1000 Messungen 0.021000 Sekunden gebraucht
bei 10 cores haben 1000 Messungen 0.029618 Sekunden gebraucht
bei 10 cores haben 1000 Messungen 0.027662 Sekunden gebraucht
bei 10 cores haben 1000 Messungen 0.028468 Sekunden gebraucht
bei 10 cores haben 1000 Messungen 0.027279 Sekunden gebraucht
bei 10 cores haben 1000 Messungen 0.031158 Sekunden gebraucht
bei 11 cores haben 1000 Messungen 0.030529 Sekunden gebraucht
bei 11 cores haben 1000 Messungen 0.028929 Sekunden gebraucht
bei 11 cores haben 1000 Messungen 0.029444 Sekunden gebraucht
bei 11 cores haben 1000 Messungen 0.029103 Sekunden gebraucht
bei 11 cores haben 1000 Messungen 0.025225 Sekunden gebraucht
bei 12 cores haben 1000 Messungen 0.031722 Sekunden gebraucht
bei 12 cores haben 1000 Messungen 0.030582 Sekunden gebraucht
bei 12 cores haben 1000 Messungen 0.030057 Sekunden gebraucht
bei 12 cores haben 1000 Messungen 0.028643 Sekunden gebraucht
bei 12 cores haben 1000 Messungen 0.031022 Sekunden gebraucht
Laenge=100
bei 1 cores haben 1000 Messungen 0.669416 Sekunden gebraucht
bei 1 cores haben 1000 Messungen 0.668240 Sekunden gebraucht
bei 1 cores haben 1000 Messungen 0.667948 Sekunden gebraucht
bei 1 cores haben 1000 Messungen 0.667941 Sekunden gebraucht
bei 1 cores haben 1000 Messungen 0.676327 Sekunden gebraucht
bei 2 cores haben 1000 Messungen 0.764498 Sekunden gebraucht
bei 2 cores haben 1000 Messungen 0.773407 Sekunden gebraucht
bei 2 cores haben 1000 Messungen 0.748166 Sekunden gebraucht
bei 2 cores haben 1000 Messungen 0.749840 Sekunden gebraucht
bei 2 cores haben 1000 Messungen 0.744873 Sekunden gebraucht
bei 3 cores haben 1000 Messungen 0.657025 Sekunden gebraucht
bei 3 cores haben 1000 Messungen 0.619724 Sekunden gebraucht
bei 3 cores haben 1000 Messungen 0.620521 Sekunden gebraucht
bei 3 cores haben 1000 Messungen 0.625512 Sekunden gebraucht
bei 3 cores haben 1000 Messungen 0.634149 Sekunden gebraucht
bei 4 cores haben 1000 Messungen 0.665606 Sekunden gebraucht
bei 4 cores haben 1000 Messungen 0.640740 Sekunden gebraucht
bei 4 cores haben 1000 Messungen 0.643087 Sekunden gebraucht
bei 4 cores haben 1000 Messungen 0.605078 Sekunden gebraucht
bei 4 cores haben 1000 Messungen 0.687958 Sekunden gebraucht
bei 5 cores haben 1000 Messungen 0.650187 Sekunden gebraucht
bei 5 cores haben 1000 Messungen 0.633109 Sekunden gebraucht
bei 5 cores haben 1000 Messungen 0.674847 Sekunden gebraucht
bei 5 cores haben 1000 Messungen 0.679880 Sekunden gebraucht
bei 5 cores haben 1000 Messungen 0.659287 Sekunden gebraucht
bei 6 cores haben 1000 Messungen 0.697038 Sekunden gebraucht
bei 6 cores haben 1000 Messungen 0.688816 Sekunden gebraucht
bei 6 cores haben 1000 Messungen 0.716349 Sekunden gebraucht
bei 6 cores haben 1000 Messungen 0.679507 Sekunden gebraucht
bei 6 cores haben 1000 Messungen 0.672408 Sekunden gebraucht
bei 7 cores haben 1000 Messungen 0.691333 Sekunden gebraucht
bei 7 cores haben 1000 Messungen 0.749261 Sekunden gebraucht
bei 7 cores haben 1000 Messungen 0.710902 Sekunden gebraucht
bei 7 cores haben 1000 Messungen 0.722939 Sekunden gebraucht
bei 7 cores haben 1000 Messungen 0.711251 Sekunden gebraucht
bei 8 cores haben 1000 Messungen 0.671479 Sekunden gebraucht
bei 8 cores haben 1000 Messungen 0.763689 Sekunden gebraucht
bei 8 cores haben 1000 Messungen 0.749429 Sekunden gebraucht
bei 8 cores haben 1000 Messungen 0.696384 Sekunden gebraucht
bei 8 cores haben 1000 Messungen 0.692533 Sekunden gebraucht
bei 9 cores haben 1000 Messungen 0.752086 Sekunden gebraucht
bei 9 cores haben 1000 Messungen 0.720093 Sekunden gebraucht
bei 9 cores haben 1000 Messungen 0.734217 Sekunden gebraucht
bei 9 cores haben 1000 Messungen 0.757914 Sekunden gebraucht
bei 9 cores haben 1000 Messungen 0.787918 Sekunden gebraucht
bei 10 cores haben 1000 Messungen 0.771057 Sekunden gebraucht
bei 10 cores haben 1000 Messungen 0.727239 Sekunden gebraucht
bei 10 cores haben 1000 Messungen 0.792347 Sekunden gebraucht
bei 10 cores haben 1000 Messungen 0.692641 Sekunden gebraucht
bei 10 cores haben 1000 Messungen 0.772659 Sekunden gebraucht
bei 11 cores haben 1000 Messungen 0.763367 Sekunden gebraucht
bei 11 cores haben 1000 Messungen 0.777169 Sekunden gebraucht
bei 11 cores haben 1000 Messungen 0.785197 Sekunden gebraucht
bei 11 cores haben 1000 Messungen 0.702475 Sekunden gebraucht
bei 11 cores haben 1000 Messungen 0.738885 Sekunden gebraucht
bei 12 cores haben 1000 Messungen 0.810833 Sekunden gebraucht
bei 12 cores haben 1000 Messungen 0.783861 Sekunden gebraucht
bei 12 cores haben 1000 Messungen 0.795557 Sekunden gebraucht
bei 12 cores haben 1000 Messungen 0.803622 Sekunden gebraucht
bei 12 cores haben 1000 Messungen 0.777731 Sekunden gebraucht
Laenge=500
bei 1 cores haben 1000 Messungen 16.668598 Sekunden gebraucht
bei 1 cores haben 1000 Messungen 16.620028 Sekunden gebraucht
bei 1 cores haben 1000 Messungen 16.803941 Sekunden gebraucht
bei 1 cores haben 1000 Messungen 16.620631 Sekunden gebraucht
bei 1 cores haben 1000 Messungen 16.657594 Sekunden gebraucht
bei 2 cores haben 1000 Messungen 18.717248 Sekunden gebraucht
bei 2 cores haben 1000 Messungen 18.825629 Sekunden gebraucht
bei 2 cores haben 1000 Messungen 18.693389 Sekunden gebraucht
bei 2 cores haben 1000 Messungen 18.689855 Sekunden gebraucht
bei 2 cores haben 1000 Messungen 18.764253 Sekunden gebraucht
bei 3 cores haben 1000 Messungen 16.165983 Sekunden gebraucht
bei 3 cores haben 1000 Messungen 16.151595 Sekunden gebraucht
bei 3 cores haben 1000 Messungen 16.123668 Sekunden gebraucht
bei 3 cores haben 1000 Messungen 16.323310 Sekunden gebraucht
bei 3 cores haben 1000 Messungen 15.835076 Sekunden gebraucht
bei 4 cores haben 1000 Messungen 15.036384 Sekunden gebraucht
bei 4 cores haben 1000 Messungen 15.114517 Sekunden gebraucht
bei 4 cores haben 1000 Messungen 14.980040 Sekunden gebraucht
bei 4 cores haben 1000 Messungen 15.258066 Sekunden gebraucht
bei 4 cores haben 1000 Messungen 14.908593 Sekunden gebraucht
bei 5 cores haben 1000 Messungen 15.650590 Sekunden gebraucht
bei 5 cores haben 1000 Messungen 15.730395 Sekunden gebraucht
bei 5 cores haben 1000 Messungen 15.313200 Sekunden gebraucht
bei 5 cores haben 1000 Messungen 15.333511 Sekunden gebraucht
bei 5 cores haben 1000 Messungen 15.641358 Sekunden gebraucht
bei 6 cores haben 1000 Messungen 15.024331 Sekunden gebraucht
bei 6 cores haben 1000 Messungen 15.162594 Sekunden gebraucht
bei 6 cores haben 1000 Messungen 14.640549 Sekunden gebraucht
bei 6 cores haben 1000 Messungen 15.345424 Sekunden gebraucht
bei 6 cores haben 1000 Messungen 14.936153 Sekunden gebraucht
bei 7 cores haben 1000 Messungen 15.329062 Sekunden gebraucht
bei 7 cores haben 1000 Messungen 15.423529 Sekunden gebraucht
bei 7 cores haben 1000 Messungen 15.500388 Sekunden gebraucht
bei 7 cores haben 1000 Messungen 15.647509 Sekunden gebraucht
bei 7 cores haben 1000 Messungen 15.876596 Sekunden gebraucht
bei 8 cores haben 1000 Messungen 15.438602 Sekunden gebraucht
bei 8 cores haben 1000 Messungen 15.606055 Sekunden gebraucht
bei 8 cores haben 1000 Messungen 15.467711 Sekunden gebraucht
bei 8 cores haben 1000 Messungen 15.562909 Sekunden gebraucht
bei 8 cores haben 1000 Messungen 15.394024 Sekunden gebraucht
bei 9 cores haben 1000 Messungen 15.908893 Sekunden gebraucht
bei 9 cores haben 1000 Messungen 15.947773 Sekunden gebraucht
bei 9 cores haben 1000 Messungen 16.038797 Sekunden gebraucht
bei 9 cores haben 1000 Messungen 15.740215 Sekunden gebraucht
bei 9 cores haben 1000 Messungen 16.065279 Sekunden gebraucht
bei 10 cores haben 1000 Messungen 15.874441 Sekunden gebraucht
bei 10 cores haben 1000 Messungen 15.768092 Sekunden gebraucht
bei 10 cores haben 1000 Messungen 16.064603 Sekunden gebraucht
bei 10 cores haben 1000 Messungen 15.916866 Sekunden gebraucht
bei 10 cores haben 1000 Messungen 15.810714 Sekunden gebraucht
bei 11 cores haben 1000 Messungen 15.929096 Sekunden gebraucht
bei 11 cores haben 1000 Messungen 15.894034 Sekunden gebraucht
bei 11 cores haben 1000 Messungen 15.909851 Sekunden gebraucht
bei 11 cores haben 1000 Messungen 15.893607 Sekunden gebraucht
bei 11 cores haben 1000 Messungen 15.909165 Sekunden gebraucht
bei 12 cores haben 1000 Messungen 15.871103 Sekunden gebraucht
bei 12 cores haben 1000 Messungen 15.930243 Sekunden gebraucht
bei 12 cores haben 1000 Messungen 15.884698 Sekunden gebraucht
bei 12 cores haben 1000 Messungen 15.904895 Sekunden gebraucht
bei 12 cores haben 1000 Messungen 15.921834 Sekunden gebraucht
/hiskp4/gross/bachelorarbeit
