Mon Jun 22 18:16:04 CEST 2020 Waiting for 30 seconds before starting the job to allow the node to settle down
Mon Jun 22 18:16:34 CEST 2020 Waiting done, starting task!
Mon Jun 22 18:16:34 CEST 2020 Waiting for 30 seconds before starting the job to allow the node to settle down
Mon Jun 22 18:17:04 CEST 2020 Waiting done, starting task!
Laenge=192
bei 1 cores haben 1000 Messungen 1.704643 Sekunden gebraucht
bei 1 cores haben 1000 Messungen 1.888190 Sekunden gebraucht
bei 1 cores haben 1000 Messungen 2.029206 Sekunden gebraucht
bei 1 cores haben 1000 Messungen 1.899649 Sekunden gebraucht
bei 1 cores haben 1000 Messungen 1.983933 Sekunden gebraucht
bei 2 cores haben 1000 Messungen 2.204098 Sekunden gebraucht
bei 2 cores haben 1000 Messungen 2.120772 Sekunden gebraucht
bei 2 cores haben 1000 Messungen 2.206619 Sekunden gebraucht
bei 2 cores haben 1000 Messungen 2.302508 Sekunden gebraucht
bei 2 cores haben 1000 Messungen 2.026738 Sekunden gebraucht
bei 3 cores haben 1000 Messungen 1.391367 Sekunden gebraucht
bei 3 cores haben 1000 Messungen 1.552469 Sekunden gebraucht
bei 3 cores haben 1000 Messungen 1.563258 Sekunden gebraucht
bei 3 cores haben 1000 Messungen 1.393752 Sekunden gebraucht
bei 3 cores haben 1000 Messungen 1.507004 Sekunden gebraucht
bei 4 cores haben 1000 Messungen 1.221235 Sekunden gebraucht
bei 4 cores haben 1000 Messungen 1.199614 Sekunden gebraucht
bei 4 cores haben 1000 Messungen 1.125474 Sekunden gebraucht
bei 4 cores haben 1000 Messungen 1.164603 Sekunden gebraucht
bei 4 cores haben 1000 Messungen 1.147726 Sekunden gebraucht
bei 5 cores haben 1000 Messungen 1.102674 Sekunden gebraucht
bei 5 cores haben 1000 Messungen 1.034518 Sekunden gebraucht
bei 5 cores haben 1000 Messungen 1.044329 Sekunden gebraucht
bei 5 cores haben 1000 Messungen 1.057676 Sekunden gebraucht
bei 5 cores haben 1000 Messungen 0.943409 Sekunden gebraucht
bei 6 cores haben 1000 Messungen 0.822441 Sekunden gebraucht
bei 6 cores haben 1000 Messungen 0.810823 Sekunden gebraucht
bei 6 cores haben 1000 Messungen 0.783887 Sekunden gebraucht
bei 6 cores haben 1000 Messungen 0.788385 Sekunden gebraucht
bei 6 cores haben 1000 Messungen 0.888512 Sekunden gebraucht
bei 7 cores haben 1000 Messungen 0.794485 Sekunden gebraucht
bei 7 cores haben 1000 Messungen 0.781501 Sekunden gebraucht
bei 7 cores haben 1000 Messungen 0.787037 Sekunden gebraucht
bei 7 cores haben 1000 Messungen 0.769153 Sekunden gebraucht
bei 7 cores haben 1000 Messungen 0.744343 Sekunden gebraucht
bei 8 cores haben 1000 Messungen 0.741361 Sekunden gebraucht
bei 8 cores haben 1000 Messungen 0.771566 Sekunden gebraucht
bei 8 cores haben 1000 Messungen 0.742743 Sekunden gebraucht
bei 8 cores haben 1000 Messungen 0.741164 Sekunden gebraucht
bei 8 cores haben 1000 Messungen 0.751668 Sekunden gebraucht
bei 9 cores haben 1000 Messungen 0.634217 Sekunden gebraucht
bei 9 cores haben 1000 Messungen 0.647190 Sekunden gebraucht
bei 9 cores haben 1000 Messungen 0.622400 Sekunden gebraucht
bei 9 cores haben 1000 Messungen 0.761466 Sekunden gebraucht
bei 9 cores haben 1000 Messungen 0.682139 Sekunden gebraucht
bei 10 cores haben 1000 Messungen 0.642635 Sekunden gebraucht
bei 10 cores haben 1000 Messungen 0.644129 Sekunden gebraucht
bei 10 cores haben 1000 Messungen 0.613615 Sekunden gebraucht
bei 10 cores haben 1000 Messungen 0.648448 Sekunden gebraucht
bei 10 cores haben 1000 Messungen 0.641591 Sekunden gebraucht
bei 11 cores haben 1000 Messungen 0.549123 Sekunden gebraucht
bei 11 cores haben 1000 Messungen 0.636351 Sekunden gebraucht
bei 11 cores haben 1000 Messungen 0.659561 Sekunden gebraucht
bei 11 cores haben 1000 Messungen 0.627576 Sekunden gebraucht
bei 11 cores haben 1000 Messungen 0.685734 Sekunden gebraucht
bei 12 cores haben 1000 Messungen 0.544969 Sekunden gebraucht
bei 12 cores haben 1000 Messungen 0.525973 Sekunden gebraucht
bei 12 cores haben 1000 Messungen 0.664195 Sekunden gebraucht
bei 12 cores haben 1000 Messungen 0.549407 Sekunden gebraucht
bei 12 cores haben 1000 Messungen 0.615998 Sekunden gebraucht
bei 13 cores haben 1000 Messungen 0.538495 Sekunden gebraucht
bei 13 cores haben 1000 Messungen 0.546315 Sekunden gebraucht
bei 13 cores haben 1000 Messungen 0.569908 Sekunden gebraucht
bei 13 cores haben 1000 Messungen 0.538188 Sekunden gebraucht
bei 13 cores haben 1000 Messungen 0.540743 Sekunden gebraucht
bei 14 cores haben 1000 Messungen 0.511124 Sekunden gebraucht
bei 14 cores haben 1000 Messungen 0.539094 Sekunden gebraucht
bei 14 cores haben 1000 Messungen 0.528504 Sekunden gebraucht
bei 14 cores haben 1000 Messungen 0.570234 Sekunden gebraucht
bei 14 cores haben 1000 Messungen 0.612322 Sekunden gebraucht
bei 15 cores haben 1000 Messungen 0.509759 Sekunden gebraucht
bei 15 cores haben 1000 Messungen 0.525255 Sekunden gebraucht
bei 15 cores haben 1000 Messungen 0.511496 Sekunden gebraucht
bei 15 cores haben 1000 Messungen 0.514137 Sekunden gebraucht
bei 15 cores haben 1000 Messungen 0.490326 Sekunden gebraucht
bei 16 cores haben 1000 Messungen 0.522506 Sekunden gebraucht
bei 16 cores haben 1000 Messungen 0.506583 Sekunden gebraucht
bei 16 cores haben 1000 Messungen 0.490732 Sekunden gebraucht
bei 16 cores haben 1000 Messungen 0.440711 Sekunden gebraucht
bei 16 cores haben 1000 Messungen 0.479745 Sekunden gebraucht
/hiskp4/gross/bachelorarbeit
