Fri Jul 24 14:40:28 CEST 2020 Waiting for 30 seconds before starting the job to allow the node to settle down
Fri Jul 24 14:40:58 CEST 2020 Waiting done, starting task!
Fri Jul 24 14:40:58 CEST 2020 Waiting for 30 seconds before starting the job to allow the node to settle down
Fri Jul 24 14:41:28 CEST 2020 Waiting done, starting task!
Laenge=500	Temperatur=100.000000
bei 1 cores haben 1000 Messungen 14.494138 Sekunden gebraucht
bei 1 cores haben 1000 Messungen 14.538247 Sekunden gebraucht
bei 1 cores haben 1000 Messungen 14.495755 Sekunden gebraucht
bei 1 cores haben 1000 Messungen 14.494012 Sekunden gebraucht
bei 1 cores haben 1000 Messungen 14.495144 Sekunden gebraucht
bei 1 cores haben 1000 Messungen 14.494005 Sekunden gebraucht
bei 1 cores haben 1000 Messungen 14.494789 Sekunden gebraucht
bei 1 cores haben 1000 Messungen 14.495057 Sekunden gebraucht
bei 1 cores haben 1000 Messungen 14.537013 Sekunden gebraucht
Fehler beim Einlesen!
Fehler beim Einlesen!
bei 1 cores haben 1000 Messungen 14.475347 Sekunden gebraucht
Fehler beim Einlesen!
Fehler beim Einlesen!
bei 2 cores haben 1000 Messungen 7.901628 Sekunden gebraucht
Fehler beim Einlesen!
Fehler beim Einlesen!
bei 2 cores haben 1000 Messungen 7.795152 Sekunden gebraucht
Fehler beim Einlesen!
Fehler beim Einlesen!
bei 2 cores haben 1000 Messungen 7.795163 Sekunden gebraucht
Fehler beim Einlesen!
Fehler beim Einlesen!
bei 2 cores haben 1000 Messungen 7.796678 Sekunden gebraucht
Fehler beim Einlesen!
Fehler beim Einlesen!
bei 2 cores haben 1000 Messungen 7.795961 Sekunden gebraucht
Fehler beim Einlesen!
Fehler beim Einlesen!
bei 2 cores haben 1000 Messungen 7.796171 Sekunden gebraucht
Fehler beim Einlesen!
Fehler beim Einlesen!
bei 2 cores haben 1000 Messungen 7.836165 Sekunden gebraucht
Fehler beim Einlesen!
Fehler beim Einlesen!
bei 2 cores haben 1000 Messungen 7.794734 Sekunden gebraucht
Fehler beim Einlesen!
Fehler beim Einlesen!
bei 2 cores haben 1000 Messungen 7.795265 Sekunden gebraucht
Fehler beim Einlesen!
Fehler beim Einlesen!
bei 2 cores haben 1000 Messungen 7.837711 Sekunden gebraucht
Fehler beim Einlesen!
Fehler beim Einlesen!
bei 3 cores haben 1000 Messungen 5.514220 Sekunden gebraucht
Fehler beim Einlesen!
Fehler beim Einlesen!
bei 3 cores haben 1000 Messungen 5.549318 Sekunden gebraucht
Fehler beim Einlesen!
Fehler beim Einlesen!
bei 3 cores haben 1000 Messungen 5.511104 Sekunden gebraucht
Fehler beim Einlesen!
Fehler beim Einlesen!
bei 3 cores haben 1000 Messungen 5.550298 Sekunden gebraucht
Fehler beim Einlesen!
Fehler beim Einlesen!
bei 3 cores haben 1000 Messungen 5.506339 Sekunden gebraucht
Fehler beim Einlesen!
Fehler beim Einlesen!
bei 3 cores haben 1000 Messungen 5.533896 Sekunden gebraucht
Fehler beim Einlesen!
Fehler beim Einlesen!
bei 3 cores haben 1000 Messungen 5.514686 Sekunden gebraucht
Fehler beim Einlesen!
Fehler beim Einlesen!
bei 3 cores haben 1000 Messungen 5.554144 Sekunden gebraucht
Fehler beim Einlesen!
Fehler beim Einlesen!
bei 3 cores haben 1000 Messungen 5.512733 Sekunden gebraucht
Fehler beim Einlesen!
Fehler beim Einlesen!
bei 3 cores haben 1000 Messungen 5.506941 Sekunden gebraucht
Fehler beim Einlesen!
Fehler beim Einlesen!
bei 4 cores haben 1000 Messungen 4.495278 Sekunden gebraucht
Fehler beim Einlesen!
Fehler beim Einlesen!
bei 4 cores haben 1000 Messungen 4.498307 Sekunden gebraucht
Fehler beim Einlesen!
Fehler beim Einlesen!
bei 4 cores haben 1000 Messungen 4.502848 Sekunden gebraucht
Fehler beim Einlesen!
Fehler beim Einlesen!
bei 4 cores haben 1000 Messungen 4.528838 Sekunden gebraucht
Fehler beim Einlesen!
Fehler beim Einlesen!
bei 4 cores haben 1000 Messungen 4.504766 Sekunden gebraucht
Fehler beim Einlesen!
Fehler beim Einlesen!
bei 4 cores haben 1000 Messungen 4.491024 Sekunden gebraucht
Fehler beim Einlesen!
Fehler beim Einlesen!
bei 4 cores haben 1000 Messungen 4.491760 Sekunden gebraucht
Fehler beim Einlesen!
Fehler beim Einlesen!
bei 4 cores haben 1000 Messungen 4.508379 Sekunden gebraucht
Fehler beim Einlesen!
Fehler beim Einlesen!
bei 4 cores haben 1000 Messungen 4.503032 Sekunden gebraucht
Fehler beim Einlesen!
Fehler beim Einlesen!
bei 4 cores haben 1000 Messungen 4.528819 Sekunden gebraucht
Fehler beim Einlesen!
Fehler beim Einlesen!
bei 5 cores haben 1000 Messungen 3.818980 Sekunden gebraucht
Fehler beim Einlesen!
Fehler beim Einlesen!
bei 5 cores haben 1000 Messungen 3.824669 Sekunden gebraucht
Fehler beim Einlesen!
Fehler beim Einlesen!
bei 5 cores haben 1000 Messungen 3.833634 Sekunden gebraucht
Fehler beim Einlesen!
Fehler beim Einlesen!
bei 5 cores haben 1000 Messungen 3.829124 Sekunden gebraucht
Fehler beim Einlesen!
Fehler beim Einlesen!
bei 5 cores haben 1000 Messungen 3.829455 Sekunden gebraucht
Fehler beim Einlesen!
Fehler beim Einlesen!
bei 5 cores haben 1000 Messungen 3.820040 Sekunden gebraucht
Fehler beim Einlesen!
Fehler beim Einlesen!
bei 5 cores haben 1000 Messungen 3.825827 Sekunden gebraucht
Fehler beim Einlesen!
Fehler beim Einlesen!
bei 5 cores haben 1000 Messungen 3.823070 Sekunden gebraucht
Fehler beim Einlesen!
Fehler beim Einlesen!
bei 5 cores haben 1000 Messungen 3.817826 Sekunden gebraucht
Fehler beim Einlesen!
Fehler beim Einlesen!
bei 5 cores haben 1000 Messungen 3.847953 Sekunden gebraucht
Fehler beim Einlesen!
Fehler beim Einlesen!
bei 6 cores haben 1000 Messungen 3.396685 Sekunden gebraucht
Fehler beim Einlesen!
Fehler beim Einlesen!
bei 6 cores haben 1000 Messungen 3.376656 Sekunden gebraucht
Fehler beim Einlesen!
Fehler beim Einlesen!
bei 6 cores haben 1000 Messungen 3.368993 Sekunden gebraucht
Fehler beim Einlesen!
Fehler beim Einlesen!
bei 6 cores haben 1000 Messungen 3.365698 Sekunden gebraucht
Fehler beim Einlesen!
Fehler beim Einlesen!
bei 6 cores haben 1000 Messungen 3.361331 Sekunden gebraucht
Fehler beim Einlesen!
Fehler beim Einlesen!
bei 6 cores haben 1000 Messungen 3.361879 Sekunden gebraucht
Fehler beim Einlesen!
Fehler beim Einlesen!
bei 6 cores haben 1000 Messungen 3.364777 Sekunden gebraucht
Fehler beim Einlesen!
Fehler beim Einlesen!
bei 6 cores haben 1000 Messungen 3.364984 Sekunden gebraucht
Fehler beim Einlesen!
Fehler beim Einlesen!
bei 6 cores haben 1000 Messungen 3.369950 Sekunden gebraucht
Fehler beim Einlesen!
Fehler beim Einlesen!
bei 6 cores haben 1000 Messungen 3.364289 Sekunden gebraucht
Fehler beim Einlesen!
Fehler beim Einlesen!
bei 7 cores haben 1000 Messungen 3.042958 Sekunden gebraucht
Fehler beim Einlesen!
Fehler beim Einlesen!
bei 7 cores haben 1000 Messungen 3.031533 Sekunden gebraucht
Fehler beim Einlesen!
Fehler beim Einlesen!
bei 7 cores haben 1000 Messungen 3.043364 Sekunden gebraucht
Fehler beim Einlesen!
Fehler beim Einlesen!
bei 7 cores haben 1000 Messungen 3.036005 Sekunden gebraucht
Fehler beim Einlesen!
Fehler beim Einlesen!
bei 7 cores haben 1000 Messungen 3.186963 Sekunden gebraucht
Fehler beim Einlesen!
Fehler beim Einlesen!
bei 7 cores haben 1000 Messungen 3.042864 Sekunden gebraucht
Fehler beim Einlesen!
Fehler beim Einlesen!
bei 7 cores haben 1000 Messungen 3.037553 Sekunden gebraucht
Fehler beim Einlesen!
Fehler beim Einlesen!
bei 7 cores haben 1000 Messungen 3.031491 Sekunden gebraucht
Fehler beim Einlesen!
Fehler beim Einlesen!
bei 7 cores haben 1000 Messungen 3.043303 Sekunden gebraucht
Fehler beim Einlesen!
Fehler beim Einlesen!
bei 7 cores haben 1000 Messungen 3.039660 Sekunden gebraucht
Fehler beim Einlesen!
Fehler beim Einlesen!
bei 8 cores haben 1000 Messungen 2.842815 Sekunden gebraucht
Fehler beim Einlesen!
Fehler beim Einlesen!
bei 8 cores haben 1000 Messungen 2.835727 Sekunden gebraucht
Fehler beim Einlesen!
Fehler beim Einlesen!
bei 8 cores haben 1000 Messungen 2.838168 Sekunden gebraucht
Fehler beim Einlesen!
Fehler beim Einlesen!
bei 8 cores haben 1000 Messungen 2.839150 Sekunden gebraucht
Fehler beim Einlesen!
Fehler beim Einlesen!
bei 8 cores haben 1000 Messungen 2.785583 Sekunden gebraucht
Fehler beim Einlesen!
Fehler beim Einlesen!
bei 8 cores haben 1000 Messungen 2.855535 Sekunden gebraucht
Fehler beim Einlesen!
Fehler beim Einlesen!
bei 8 cores haben 1000 Messungen 2.838247 Sekunden gebraucht
Fehler beim Einlesen!
Fehler beim Einlesen!
bei 8 cores haben 1000 Messungen 2.837839 Sekunden gebraucht
Fehler beim Einlesen!
Fehler beim Einlesen!
bei 8 cores haben 1000 Messungen 2.839079 Sekunden gebraucht
Fehler beim Einlesen!
Fehler beim Einlesen!
bei 8 cores haben 1000 Messungen 2.840696 Sekunden gebraucht
Fehler beim Einlesen!
Fehler beim Einlesen!
bei 9 cores haben 1000 Messungen 2.664322 Sekunden gebraucht
Fehler beim Einlesen!
Fehler beim Einlesen!
bei 9 cores haben 1000 Messungen 2.668094 Sekunden gebraucht
Fehler beim Einlesen!
Fehler beim Einlesen!
bei 9 cores haben 1000 Messungen 2.669711 Sekunden gebraucht
Fehler beim Einlesen!
Fehler beim Einlesen!
bei 9 cores haben 1000 Messungen 2.668442 Sekunden gebraucht
Fehler beim Einlesen!
Fehler beim Einlesen!
bei 9 cores haben 1000 Messungen 2.665468 Sekunden gebraucht
Fehler beim Einlesen!
Fehler beim Einlesen!
bei 9 cores haben 1000 Messungen 2.663686 Sekunden gebraucht
Fehler beim Einlesen!
Fehler beim Einlesen!
bei 9 cores haben 1000 Messungen 2.669852 Sekunden gebraucht
Fehler beim Einlesen!
Fehler beim Einlesen!
bei 9 cores haben 1000 Messungen 2.667441 Sekunden gebraucht
Fehler beim Einlesen!
Fehler beim Einlesen!
bei 9 cores haben 1000 Messungen 2.667777 Sekunden gebraucht
Fehler beim Einlesen!
Fehler beim Einlesen!
bei 9 cores haben 1000 Messungen 2.669367 Sekunden gebraucht
Fehler beim Einlesen!
Fehler beim Einlesen!
bei 10 cores haben 1000 Messungen 2.552461 Sekunden gebraucht
Fehler beim Einlesen!
Fehler beim Einlesen!
bei 10 cores haben 1000 Messungen 2.549166 Sekunden gebraucht
Fehler beim Einlesen!
Fehler beim Einlesen!
bei 10 cores haben 1000 Messungen 2.538222 Sekunden gebraucht
Fehler beim Einlesen!
Fehler beim Einlesen!
bei 10 cores haben 1000 Messungen 2.531993 Sekunden gebraucht
Fehler beim Einlesen!
Fehler beim Einlesen!
bei 10 cores haben 1000 Messungen 2.521405 Sekunden gebraucht
Fehler beim Einlesen!
Fehler beim Einlesen!
bei 10 cores haben 1000 Messungen 2.538439 Sekunden gebraucht
Fehler beim Einlesen!
Fehler beim Einlesen!
bei 10 cores haben 1000 Messungen 2.539986 Sekunden gebraucht
Fehler beim Einlesen!
Fehler beim Einlesen!
bei 10 cores haben 1000 Messungen 2.532751 Sekunden gebraucht
Fehler beim Einlesen!
Fehler beim Einlesen!
bei 10 cores haben 1000 Messungen 2.531655 Sekunden gebraucht
Fehler beim Einlesen!
Fehler beim Einlesen!
bei 10 cores haben 1000 Messungen 2.531235 Sekunden gebraucht
Fehler beim Einlesen!
Fehler beim Einlesen!
bei 11 cores haben 1000 Messungen 2.395197 Sekunden gebraucht
Fehler beim Einlesen!
Fehler beim Einlesen!
bei 11 cores haben 1000 Messungen 2.393911 Sekunden gebraucht
Fehler beim Einlesen!
Fehler beim Einlesen!
bei 11 cores haben 1000 Messungen 2.398521 Sekunden gebraucht
Fehler beim Einlesen!
Fehler beim Einlesen!
bei 11 cores haben 1000 Messungen 2.392732 Sekunden gebraucht
Fehler beim Einlesen!
Fehler beim Einlesen!
bei 11 cores haben 1000 Messungen 2.394925 Sekunden gebraucht
Fehler beim Einlesen!
Fehler beim Einlesen!
bei 11 cores haben 1000 Messungen 2.395935 Sekunden gebraucht
Fehler beim Einlesen!
Fehler beim Einlesen!
bei 11 cores haben 1000 Messungen 2.398223 Sekunden gebraucht
Fehler beim Einlesen!
Fehler beim Einlesen!
bei 11 cores haben 1000 Messungen 2.395658 Sekunden gebraucht
Fehler beim Einlesen!
Fehler beim Einlesen!
bei 11 cores haben 1000 Messungen 2.395226 Sekunden gebraucht
Fehler beim Einlesen!
Fehler beim Einlesen!
bei 11 cores haben 1000 Messungen 2.397262 Sekunden gebraucht
Fehler beim Einlesen!
Fehler beim Einlesen!
bei 12 cores haben 1000 Messungen 2.287156 Sekunden gebraucht
Fehler beim Einlesen!
Fehler beim Einlesen!
bei 12 cores haben 1000 Messungen 2.284024 Sekunden gebraucht
Fehler beim Einlesen!
Fehler beim Einlesen!
bei 12 cores haben 1000 Messungen 2.286504 Sekunden gebraucht
Fehler beim Einlesen!
Fehler beim Einlesen!
bei 12 cores haben 1000 Messungen 2.284268 Sekunden gebraucht
Fehler beim Einlesen!
Fehler beim Einlesen!
bei 12 cores haben 1000 Messungen 2.282623 Sekunden gebraucht
Fehler beim Einlesen!
Fehler beim Einlesen!
bei 12 cores haben 1000 Messungen 2.287577 Sekunden gebraucht
Fehler beim Einlesen!
Fehler beim Einlesen!
bei 12 cores haben 1000 Messungen 2.284709 Sekunden gebraucht
Fehler beim Einlesen!
Fehler beim Einlesen!
bei 12 cores haben 1000 Messungen 2.282646 Sekunden gebraucht
Fehler beim Einlesen!
Fehler beim Einlesen!
bei 12 cores haben 1000 Messungen 2.286438 Sekunden gebraucht
Fehler beim Einlesen!
Fehler beim Einlesen!
bei 12 cores haben 1000 Messungen 2.283321 Sekunden gebraucht
Fehler beim Einlesen!
Fehler beim Einlesen!
/hiskp4/gross/bachelorarbeit
