Wed Jul 22 14:47:46 CEST 2020 Waiting for 30 seconds before starting the job to allow the node to settle down
Wed Jul 22 14:48:16 CEST 2020 Waiting done, starting task!
60 1
Wed Jul 22 14:48:16 CEST 2020 Waiting for 30 seconds before starting the job to allow the node to settle down
Wed Jul 22 14:48:46 CEST 2020 Waiting done, starting task!
3 0
60
60 2
Wed Jul 22 14:48:49 CEST 2020 Waiting for 30 seconds before starting the job to allow the node to settle down
Wed Jul 22 14:48:49 CEST 2020 Waiting for 30 seconds before starting the job to allow the node to settle down
Wed Jul 22 14:49:19 CEST 2020 Waiting done, starting task!
Wed Jul 22 14:49:19 CEST 2020 Waiting done, starting task!
3 1
3 0
60
60 3
Wed Jul 22 14:49:21 CEST 2020 Waiting for 30 seconds before starting the job to allow the node to settle down
Wed Jul 22 14:49:21 CEST 2020 Waiting for 30 seconds before starting the job to allow the node to settle down
Wed Jul 22 14:49:21 CEST 2020 Waiting for 30 seconds before starting the job to allow the node to settle down
Wed Jul 22 14:49:51 CEST 2020 Waiting done, starting task!
Wed Jul 22 14:49:51 CEST 2020 Waiting done, starting task!
Wed Jul 22 14:49:51 CEST 2020 Waiting done, starting task!
3 1
3 2
3 0
60
60 4
Wed Jul 22 14:49:53 CEST 2020 Waiting for 30 seconds before starting the job to allow the node to settle down
Wed Jul 22 14:49:53 CEST 2020 Waiting for 30 seconds before starting the job to allow the node to settle down
Wed Jul 22 14:49:53 CEST 2020 Waiting for 30 seconds before starting the job to allow the node to settle down
Wed Jul 22 14:49:53 CEST 2020 Waiting for 30 seconds before starting the job to allow the node to settle down
Wed Jul 22 14:50:23 CEST 2020 Waiting done, starting task!
Wed Jul 22 14:50:23 CEST 2020 Waiting done, starting task!
Wed Jul 22 14:50:23 CEST 2020 Waiting done, starting task!
Wed Jul 22 14:50:23 CEST 2020 Waiting done, starting task!
3 1
3 0
3 2
3 3
60
60 5
Wed Jul 22 14:50:26 CEST 2020 Waiting for 30 seconds before starting the job to allow the node to settle down
Wed Jul 22 14:50:26 CEST 2020 Waiting for 30 seconds before starting the job to allow the node to settle down
Wed Jul 22 14:50:26 CEST 2020 Waiting for 30 seconds before starting the job to allow the node to settle down
Wed Jul 22 14:50:26 CEST 2020 Waiting for 30 seconds before starting the job to allow the node to settle down
Wed Jul 22 14:50:26 CEST 2020 Waiting for 30 seconds before starting the job to allow the node to settle down
Wed Jul 22 14:50:56 CEST 2020 Waiting done, starting task!
Wed Jul 22 14:50:56 CEST 2020 Waiting done, starting task!
Wed Jul 22 14:50:56 CEST 2020 Waiting done, starting task!
Wed Jul 22 14:50:56 CEST 2020 Waiting done, starting task!
Wed Jul 22 14:50:56 CEST 2020 Waiting done, starting task!
3 0
3 1
3 4
3 3
3 2
60
60 6
Wed Jul 22 14:50:58 CEST 2020 Waiting for 30 seconds before starting the job to allow the node to settle down
Wed Jul 22 14:50:58 CEST 2020 Waiting for 30 seconds before starting the job to allow the node to settle down
Wed Jul 22 14:50:58 CEST 2020 Waiting for 30 seconds before starting the job to allow the node to settle down
Wed Jul 22 14:50:58 CEST 2020 Waiting for 30 seconds before starting the job to allow the node to settle down
Wed Jul 22 14:50:58 CEST 2020 Waiting for 30 seconds before starting the job to allow the node to settle down
Wed Jul 22 14:50:58 CEST 2020 Waiting for 30 seconds before starting the job to allow the node to settle down
Wed Jul 22 14:51:28 CEST 2020 Waiting done, starting task!
Wed Jul 22 14:51:28 CEST 2020 Waiting done, starting task!
Wed Jul 22 14:51:28 CEST 2020 Waiting done, starting task!
Wed Jul 22 14:51:28 CEST 2020 Waiting done, starting task!
Wed Jul 22 14:51:28 CEST 2020 Waiting done, starting task!
Wed Jul 22 14:51:28 CEST 2020 Waiting done, starting task!
3 3
3 0
3 1
3 5
3 2
3 4
60
60 10
Wed Jul 22 14:51:30 CEST 2020 Waiting for 30 seconds before starting the job to allow the node to settle down
Wed Jul 22 14:51:30 CEST 2020 Waiting for 30 seconds before starting the job to allow the node to settle down
Wed Jul 22 14:51:30 CEST 2020 Waiting for 30 seconds before starting the job to allow the node to settle down
Wed Jul 22 14:51:30 CEST 2020 Waiting for 30 seconds before starting the job to allow the node to settle down
Wed Jul 22 14:51:30 CEST 2020 Waiting for 30 seconds before starting the job to allow the node to settle down
Wed Jul 22 14:51:30 CEST 2020 Waiting for 30 seconds before starting the job to allow the node to settle down
Wed Jul 22 14:51:30 CEST 2020 Waiting for 30 seconds before starting the job to allow the node to settle down
Wed Jul 22 14:51:30 CEST 2020 Waiting for 30 seconds before starting the job to allow the node to settle down
Wed Jul 22 14:51:30 CEST 2020 Waiting for 30 seconds before starting the job to allow the node to settle down
Wed Jul 22 14:51:30 CEST 2020 Waiting for 30 seconds before starting the job to allow the node to settle down
Wed Jul 22 14:52:00 CEST 2020 Waiting done, starting task!
Wed Jul 22 14:52:00 CEST 2020 Waiting done, starting task!
Wed Jul 22 14:52:00 CEST 2020 Waiting done, starting task!
Wed Jul 22 14:52:00 CEST 2020 Waiting done, starting task!
Wed Jul 22 14:52:00 CEST 2020 Waiting done, starting task!
Wed Jul 22 14:52:00 CEST 2020 Waiting done, starting task!
Wed Jul 22 14:52:00 CEST 2020 Waiting done, starting task!
Wed Jul 22 14:52:00 CEST 2020 Waiting done, starting task!
Wed Jul 22 14:52:00 CEST 2020 Waiting done, starting task!
Wed Jul 22 14:52:00 CEST 2020 Waiting done, starting task!
3 2
3 3
3 4
3 5
3 0
3 1
3 8
3 9
3 7
3 6
60
60 12
Wed Jul 22 14:52:02 CEST 2020 Waiting for 30 seconds before starting the job to allow the node to settle down
Wed Jul 22 14:52:02 CEST 2020 Waiting for 30 seconds before starting the job to allow the node to settle down
Wed Jul 22 14:52:02 CEST 2020 Waiting for 30 seconds before starting the job to allow the node to settle down
Wed Jul 22 14:52:02 CEST 2020 Waiting for 30 seconds before starting the job to allow the node to settle down
Wed Jul 22 14:52:02 CEST 2020 Waiting for 30 seconds before starting the job to allow the node to settle down
Wed Jul 22 14:52:02 CEST 2020 Waiting for 30 seconds before starting the job to allow the node to settle down
Wed Jul 22 14:52:02 CEST 2020 Waiting for 30 seconds before starting the job to allow the node to settle down
Wed Jul 22 14:52:02 CEST 2020 Waiting for 30 seconds before starting the job to allow the node to settle down
Wed Jul 22 14:52:02 CEST 2020 Waiting for 30 seconds before starting the job to allow the node to settle down
Wed Jul 22 14:52:02 CEST 2020 Waiting for 30 seconds before starting the job to allow the node to settle down
Wed Jul 22 14:52:02 CEST 2020 Waiting for 30 seconds before starting the job to allow the node to settle down
Wed Jul 22 14:52:02 CEST 2020 Waiting for 30 seconds before starting the job to allow the node to settle down
Wed Jul 22 14:52:32 CEST 2020 Waiting done, starting task!
Wed Jul 22 14:52:32 CEST 2020 Waiting done, starting task!
Wed Jul 22 14:52:32 CEST 2020 Waiting done, starting task!
Wed Jul 22 14:52:32 CEST 2020 Waiting done, starting task!
Wed Jul 22 14:52:32 CEST 2020 Waiting done, starting task!
Wed Jul 22 14:52:32 CEST 2020 Waiting done, starting task!
Wed Jul 22 14:52:32 CEST 2020 Waiting done, starting task!
Wed Jul 22 14:52:32 CEST 2020 Waiting done, starting task!
Wed Jul 22 14:52:32 CEST 2020 Waiting done, starting task!
Wed Jul 22 14:52:32 CEST 2020 Waiting done, starting task!
Wed Jul 22 14:52:32 CEST 2020 Waiting done, starting task!
Wed Jul 22 14:52:32 CEST 2020 Waiting done, starting task!
3 7
3 6
3 11
3 9
3 10
3 8
3 0
3 2
3 4
3 5
3 1
3 3
60
60 15
Wed Jul 22 14:52:34 CEST 2020 Waiting for 30 seconds before starting the job to allow the node to settle down
Wed Jul 22 14:52:34 CEST 2020 Waiting for 30 seconds before starting the job to allow the node to settle down
Wed Jul 22 14:52:34 CEST 2020 Waiting for 30 seconds before starting the job to allow the node to settle down
Wed Jul 22 14:52:34 CEST 2020 Waiting for 30 seconds before starting the job to allow the node to settle down
Wed Jul 22 14:52:34 CEST 2020 Waiting for 30 seconds before starting the job to allow the node to settle down
Wed Jul 22 14:52:34 CEST 2020 Waiting for 30 seconds before starting the job to allow the node to settle down
Wed Jul 22 14:52:34 CEST 2020 Waiting for 30 seconds before starting the job to allow the node to settle down
Wed Jul 22 14:52:34 CEST 2020 Waiting for 30 seconds before starting the job to allow the node to settle down
Wed Jul 22 14:52:34 CEST 2020 Waiting for 30 seconds before starting the job to allow the node to settle down
Wed Jul 22 14:52:34 CEST 2020 Waiting for 30 seconds before starting the job to allow the node to settle down
Wed Jul 22 14:52:34 CEST 2020 Waiting for 30 seconds before starting the job to allow the node to settle down
Wed Jul 22 14:52:34 CEST 2020 Waiting for 30 seconds before starting the job to allow the node to settle down
Wed Jul 22 14:52:34 CEST 2020 Waiting for 30 seconds before starting the job to allow the node to settle down
Wed Jul 22 14:52:34 CEST 2020 Waiting for 30 seconds before starting the job to allow the node to settle down
Wed Jul 22 14:52:34 CEST 2020 Waiting for 30 seconds before starting the job to allow the node to settle down
Wed Jul 22 14:53:04 CEST 2020 Waiting done, starting task!
Wed Jul 22 14:53:04 CEST 2020 Waiting done, starting task!
Wed Jul 22 14:53:04 CEST 2020 Waiting done, starting task!
Wed Jul 22 14:53:04 CEST 2020 Waiting done, starting task!
Wed Jul 22 14:53:04 CEST 2020 Waiting done, starting task!
Wed Jul 22 14:53:04 CEST 2020 Waiting done, starting task!
Wed Jul 22 14:53:04 CEST 2020 Waiting done, starting task!
Wed Jul 22 14:53:04 CEST 2020 Waiting done, starting task!
Wed Jul 22 14:53:04 CEST 2020 Waiting done, starting task!
Wed Jul 22 14:53:04 CEST 2020 Waiting done, starting task!
Wed Jul 22 14:53:04 CEST 2020 Waiting done, starting task!
Wed Jul 22 14:53:04 CEST 2020 Waiting done, starting task!
Wed Jul 22 14:53:04 CEST 2020 Waiting done, starting task!
Wed Jul 22 14:53:04 CEST 2020 Waiting done, starting task!
Wed Jul 22 14:53:04 CEST 2020 Waiting done, starting task!
3 0
3 2
3 1
3 6
3 8
3 7
3 4
3 9
3 10
3 3
3 11
3 5
3 12
3 14
3 13
60
60 20
Wed Jul 22 14:53:07 CEST 2020 Waiting for 30 seconds before starting the job to allow the node to settle down
Wed Jul 22 14:53:07 CEST 2020 Waiting for 30 seconds before starting the job to allow the node to settle down
Wed Jul 22 14:53:07 CEST 2020 Waiting for 30 seconds before starting the job to allow the node to settle down
Wed Jul 22 14:53:07 CEST 2020 Waiting for 30 seconds before starting the job to allow the node to settle down
Wed Jul 22 14:53:07 CEST 2020 Waiting for 30 seconds before starting the job to allow the node to settle down
Wed Jul 22 14:53:07 CEST 2020 Waiting for 30 seconds before starting the job to allow the node to settle down
Wed Jul 22 14:53:07 CEST 2020 Waiting for 30 seconds before starting the job to allow the node to settle down
Wed Jul 22 14:53:07 CEST 2020 Waiting for 30 seconds before starting the job to allow the node to settle down
Wed Jul 22 14:53:07 CEST 2020 Waiting for 30 seconds before starting the job to allow the node to settle down
Wed Jul 22 14:53:07 CEST 2020 Waiting for 30 seconds before starting the job to allow the node to settle down
Wed Jul 22 14:53:07 CEST 2020 Waiting for 30 seconds before starting the job to allow the node to settle down
Wed Jul 22 14:53:07 CEST 2020 Waiting for 30 seconds before starting the job to allow the node to settle down
Wed Jul 22 14:53:07 CEST 2020 Waiting for 30 seconds before starting the job to allow the node to settle down
Wed Jul 22 14:53:07 CEST 2020 Waiting for 30 seconds before starting the job to allow the node to settle down
Wed Jul 22 14:53:07 CEST 2020 Waiting for 30 seconds before starting the job to allow the node to settle down
Wed Jul 22 14:53:07 CEST 2020 Waiting for 30 seconds before starting the job to allow the node to settle down
Wed Jul 22 14:53:07 CEST 2020 Waiting for 30 seconds before starting the job to allow the node to settle down
Wed Jul 22 14:53:07 CEST 2020 Waiting for 30 seconds before starting the job to allow the node to settle down
Wed Jul 22 14:53:07 CEST 2020 Waiting for 30 seconds before starting the job to allow the node to settle down
Wed Jul 22 14:53:07 CEST 2020 Waiting for 30 seconds before starting the job to allow the node to settle down
Wed Jul 22 14:53:37 CEST 2020 Waiting done, starting task!
Wed Jul 22 14:53:37 CEST 2020 Waiting done, starting task!
Wed Jul 22 14:53:37 CEST 2020 Waiting done, starting task!
Wed Jul 22 14:53:37 CEST 2020 Waiting done, starting task!
Wed Jul 22 14:53:37 CEST 2020 Waiting done, starting task!
Wed Jul 22 14:53:37 CEST 2020 Waiting done, starting task!
Wed Jul 22 14:53:37 CEST 2020 Waiting done, starting task!
Wed Jul 22 14:53:37 CEST 2020 Waiting done, starting task!
Wed Jul 22 14:53:37 CEST 2020 Waiting done, starting task!
Wed Jul 22 14:53:37 CEST 2020 Waiting done, starting task!
Wed Jul 22 14:53:37 CEST 2020 Waiting done, starting task!
Wed Jul 22 14:53:37 CEST 2020 Waiting done, starting task!
Wed Jul 22 14:53:37 CEST 2020 Waiting done, starting task!
Wed Jul 22 14:53:37 CEST 2020 Waiting done, starting task!
Wed Jul 22 14:53:37 CEST 2020 Waiting done, starting task!
Wed Jul 22 14:53:37 CEST 2020 Waiting done, starting task!
Wed Jul 22 14:53:37 CEST 2020 Waiting done, starting task!
Wed Jul 22 14:53:37 CEST 2020 Waiting done, starting task!
Wed Jul 22 14:53:37 CEST 2020 Waiting done, starting task!
Wed Jul 22 14:53:37 CEST 2020 Waiting done, starting task!
3 6
3 17
3 18
3 10
3 4
3 16
3 8
3 19
3 9
3 13
3 14
3 15
3 5
3 7
3 12
3 11
3 1
3 2
3 0
3 3
60
/hiskp4/gross/bachelorarbeit
