Thu Jun  4 17:30:57 CEST 2020 Waiting for 30 seconds before starting the job to allow the node to settle down
Thu Jun  4 17:31:27 CEST 2020 Waiting done, starting task!
Thu Jun  4 17:31:27 CEST 2020 Waiting for 30 seconds before starting the job to allow the node to settle down
Thu Jun  4 17:31:57 CEST 2020 Waiting done, starting task!
Laenge=6
bei 1 cores haben 1000 Messungen 0.010387 Sekunden gebraucht
bei 1 cores haben 1000 Messungen 0.009624 Sekunden gebraucht
bei 1 cores haben 1000 Messungen 0.010399 Sekunden gebraucht
bei 1 cores haben 1000 Messungen 0.009888 Sekunden gebraucht
bei 1 cores haben 1000 Messungen 0.009437 Sekunden gebraucht
bei 1 cores haben 1000 Messungen 0.009033 Sekunden gebraucht
bei 1 cores haben 1000 Messungen 0.008647 Sekunden gebraucht
bei 1 cores haben 1000 Messungen 0.008708 Sekunden gebraucht
bei 1 cores haben 1000 Messungen 0.013769 Sekunden gebraucht
bei 1 cores haben 1000 Messungen 0.012669 Sekunden gebraucht
bei 2 cores haben 1000 Messungen 0.010676 Sekunden gebraucht
bei 2 cores haben 1000 Messungen 0.009394 Sekunden gebraucht
bei 2 cores haben 1000 Messungen 0.009134 Sekunden gebraucht
bei 2 cores haben 1000 Messungen 0.008674 Sekunden gebraucht
bei 2 cores haben 1000 Messungen 0.010878 Sekunden gebraucht
bei 2 cores haben 1000 Messungen 0.008708 Sekunden gebraucht
bei 2 cores haben 1000 Messungen 0.008642 Sekunden gebraucht
bei 2 cores haben 1000 Messungen 0.008626 Sekunden gebraucht
bei 2 cores haben 1000 Messungen 0.008584 Sekunden gebraucht
bei 2 cores haben 1000 Messungen 0.008519 Sekunden gebraucht
bei 3 cores haben 1000 Messungen 0.017743 Sekunden gebraucht
bei 3 cores haben 1000 Messungen 0.016948 Sekunden gebraucht
bei 3 cores haben 1000 Messungen 0.016462 Sekunden gebraucht
bei 3 cores haben 1000 Messungen 0.016004 Sekunden gebraucht
bei 3 cores haben 1000 Messungen 0.015468 Sekunden gebraucht
bei 3 cores haben 1000 Messungen 0.015289 Sekunden gebraucht
bei 3 cores haben 1000 Messungen 0.015802 Sekunden gebraucht
bei 3 cores haben 1000 Messungen 0.016366 Sekunden gebraucht
bei 3 cores haben 1000 Messungen 0.015577 Sekunden gebraucht
bei 3 cores haben 1000 Messungen 0.015143 Sekunden gebraucht
bei 4 cores haben 1000 Messungen 0.015828 Sekunden gebraucht
bei 4 cores haben 1000 Messungen 0.015780 Sekunden gebraucht
bei 4 cores haben 1000 Messungen 0.015814 Sekunden gebraucht
bei 4 cores haben 1000 Messungen 0.015778 Sekunden gebraucht
bei 4 cores haben 1000 Messungen 0.016024 Sekunden gebraucht
bei 4 cores haben 1000 Messungen 0.015701 Sekunden gebraucht
bei 4 cores haben 1000 Messungen 0.016269 Sekunden gebraucht
bei 4 cores haben 1000 Messungen 0.016123 Sekunden gebraucht
bei 4 cores haben 1000 Messungen 0.015963 Sekunden gebraucht
bei 4 cores haben 1000 Messungen 0.016325 Sekunden gebraucht
bei 5 cores haben 1000 Messungen 0.016715 Sekunden gebraucht
bei 5 cores haben 1000 Messungen 0.016823 Sekunden gebraucht
bei 5 cores haben 1000 Messungen 0.017698 Sekunden gebraucht
bei 5 cores haben 1000 Messungen 0.017789 Sekunden gebraucht
bei 5 cores haben 1000 Messungen 0.017351 Sekunden gebraucht
bei 5 cores haben 1000 Messungen 0.016135 Sekunden gebraucht
bei 5 cores haben 1000 Messungen 0.016033 Sekunden gebraucht
bei 5 cores haben 1000 Messungen 0.015044 Sekunden gebraucht
bei 5 cores haben 1000 Messungen 0.014749 Sekunden gebraucht
bei 5 cores haben 1000 Messungen 0.014910 Sekunden gebraucht
bei 6 cores haben 1000 Messungen 0.015378 Sekunden gebraucht
bei 6 cores haben 1000 Messungen 0.015407 Sekunden gebraucht
bei 6 cores haben 1000 Messungen 0.015523 Sekunden gebraucht
bei 6 cores haben 1000 Messungen 0.015421 Sekunden gebraucht
bei 6 cores haben 1000 Messungen 0.015479 Sekunden gebraucht
bei 6 cores haben 1000 Messungen 0.015310 Sekunden gebraucht
bei 6 cores haben 1000 Messungen 0.015183 Sekunden gebraucht
bei 6 cores haben 1000 Messungen 0.015007 Sekunden gebraucht
bei 6 cores haben 1000 Messungen 0.015698 Sekunden gebraucht
bei 6 cores haben 1000 Messungen 0.015870 Sekunden gebraucht
bei 7 cores haben 1000 Messungen 0.016577 Sekunden gebraucht
bei 7 cores haben 1000 Messungen 0.018146 Sekunden gebraucht
bei 7 cores haben 1000 Messungen 0.017622 Sekunden gebraucht
bei 7 cores haben 1000 Messungen 0.016551 Sekunden gebraucht
bei 7 cores haben 1000 Messungen 0.016699 Sekunden gebraucht
bei 7 cores haben 1000 Messungen 0.016201 Sekunden gebraucht
bei 7 cores haben 1000 Messungen 0.018860 Sekunden gebraucht
bei 7 cores haben 1000 Messungen 0.017999 Sekunden gebraucht
bei 7 cores haben 1000 Messungen 0.018461 Sekunden gebraucht
bei 7 cores haben 1000 Messungen 0.018085 Sekunden gebraucht
bei 8 cores haben 1000 Messungen 0.016991 Sekunden gebraucht
bei 8 cores haben 1000 Messungen 0.016618 Sekunden gebraucht
bei 8 cores haben 1000 Messungen 0.017610 Sekunden gebraucht
bei 8 cores haben 1000 Messungen 0.017912 Sekunden gebraucht
bei 8 cores haben 1000 Messungen 0.016997 Sekunden gebraucht
bei 8 cores haben 1000 Messungen 0.017271 Sekunden gebraucht
bei 8 cores haben 1000 Messungen 0.016737 Sekunden gebraucht
bei 8 cores haben 1000 Messungen 0.017492 Sekunden gebraucht
bei 8 cores haben 1000 Messungen 0.017585 Sekunden gebraucht
bei 8 cores haben 1000 Messungen 0.017288 Sekunden gebraucht
bei 9 cores haben 1000 Messungen 0.019522 Sekunden gebraucht
bei 9 cores haben 1000 Messungen 0.020794 Sekunden gebraucht
bei 9 cores haben 1000 Messungen 0.020498 Sekunden gebraucht
bei 9 cores haben 1000 Messungen 0.020863 Sekunden gebraucht
bei 9 cores haben 1000 Messungen 0.021807 Sekunden gebraucht
bei 9 cores haben 1000 Messungen 0.021065 Sekunden gebraucht
bei 9 cores haben 1000 Messungen 0.019795 Sekunden gebraucht
bei 9 cores haben 1000 Messungen 0.019024 Sekunden gebraucht
bei 9 cores haben 1000 Messungen 0.018981 Sekunden gebraucht
bei 9 cores haben 1000 Messungen 0.019858 Sekunden gebraucht
bei 10 cores haben 1000 Messungen 0.019929 Sekunden gebraucht
bei 10 cores haben 1000 Messungen 0.020134 Sekunden gebraucht
bei 10 cores haben 1000 Messungen 0.020251 Sekunden gebraucht
bei 10 cores haben 1000 Messungen 0.019466 Sekunden gebraucht
bei 10 cores haben 1000 Messungen 0.018529 Sekunden gebraucht
bei 10 cores haben 1000 Messungen 0.020825 Sekunden gebraucht
bei 10 cores haben 1000 Messungen 0.021371 Sekunden gebraucht
bei 10 cores haben 1000 Messungen 0.020325 Sekunden gebraucht
bei 10 cores haben 1000 Messungen 0.020679 Sekunden gebraucht
bei 10 cores haben 1000 Messungen 0.019868 Sekunden gebraucht
bei 11 cores haben 1000 Messungen 0.025494 Sekunden gebraucht
bei 11 cores haben 1000 Messungen 0.025760 Sekunden gebraucht
bei 11 cores haben 1000 Messungen 0.025837 Sekunden gebraucht
bei 11 cores haben 1000 Messungen 0.025683 Sekunden gebraucht
bei 11 cores haben 1000 Messungen 0.025608 Sekunden gebraucht
bei 11 cores haben 1000 Messungen 0.026230 Sekunden gebraucht
bei 11 cores haben 1000 Messungen 0.025721 Sekunden gebraucht
bei 11 cores haben 1000 Messungen 0.025806 Sekunden gebraucht
bei 11 cores haben 1000 Messungen 0.025328 Sekunden gebraucht
bei 11 cores haben 1000 Messungen 0.025883 Sekunden gebraucht
bei 12 cores haben 1000 Messungen 0.029827 Sekunden gebraucht
bei 12 cores haben 1000 Messungen 0.029769 Sekunden gebraucht
bei 12 cores haben 1000 Messungen 0.029980 Sekunden gebraucht
bei 12 cores haben 1000 Messungen 0.029981 Sekunden gebraucht
bei 12 cores haben 1000 Messungen 0.030115 Sekunden gebraucht
bei 12 cores haben 1000 Messungen 0.030075 Sekunden gebraucht
bei 12 cores haben 1000 Messungen 0.030166 Sekunden gebraucht
bei 12 cores haben 1000 Messungen 0.030067 Sekunden gebraucht
bei 12 cores haben 1000 Messungen 0.030129 Sekunden gebraucht
bei 12 cores haben 1000 Messungen 0.030126 Sekunden gebraucht
Laenge=10
bei 1 cores haben 1000 Messungen 0.015502 Sekunden gebraucht
bei 1 cores haben 1000 Messungen 0.014815 Sekunden gebraucht
bei 1 cores haben 1000 Messungen 0.014775 Sekunden gebraucht
bei 1 cores haben 1000 Messungen 0.014935 Sekunden gebraucht
bei 1 cores haben 1000 Messungen 0.014796 Sekunden gebraucht
bei 1 cores haben 1000 Messungen 0.028671 Sekunden gebraucht
bei 1 cores haben 1000 Messungen 0.029280 Sekunden gebraucht
bei 1 cores haben 1000 Messungen 0.024675 Sekunden gebraucht
bei 1 cores haben 1000 Messungen 0.021721 Sekunden gebraucht
bei 1 cores haben 1000 Messungen 0.019853 Sekunden gebraucht
bei 2 cores haben 1000 Messungen 0.015222 Sekunden gebraucht
bei 2 cores haben 1000 Messungen 0.012772 Sekunden gebraucht
bei 2 cores haben 1000 Messungen 0.012592 Sekunden gebraucht
bei 2 cores haben 1000 Messungen 0.023419 Sekunden gebraucht
bei 2 cores haben 1000 Messungen 0.030226 Sekunden gebraucht
bei 2 cores haben 1000 Messungen 0.029505 Sekunden gebraucht
bei 2 cores haben 1000 Messungen 0.027252 Sekunden gebraucht
bei 2 cores haben 1000 Messungen 0.026167 Sekunden gebraucht
bei 2 cores haben 1000 Messungen 0.025326 Sekunden gebraucht
bei 2 cores haben 1000 Messungen 0.024869 Sekunden gebraucht
bei 3 cores haben 1000 Messungen 0.022402 Sekunden gebraucht
bei 3 cores haben 1000 Messungen 0.022703 Sekunden gebraucht
bei 3 cores haben 1000 Messungen 0.022494 Sekunden gebraucht
bei 3 cores haben 1000 Messungen 0.022680 Sekunden gebraucht
bei 3 cores haben 1000 Messungen 0.022386 Sekunden gebraucht
bei 3 cores haben 1000 Messungen 0.023207 Sekunden gebraucht
bei 3 cores haben 1000 Messungen 0.022724 Sekunden gebraucht
bei 3 cores haben 1000 Messungen 0.022892 Sekunden gebraucht
bei 3 cores haben 1000 Messungen 0.022862 Sekunden gebraucht
bei 3 cores haben 1000 Messungen 0.022970 Sekunden gebraucht
bei 4 cores haben 1000 Messungen 0.020428 Sekunden gebraucht
bei 4 cores haben 1000 Messungen 0.020569 Sekunden gebraucht
bei 4 cores haben 1000 Messungen 0.020815 Sekunden gebraucht
bei 4 cores haben 1000 Messungen 0.021212 Sekunden gebraucht
bei 4 cores haben 1000 Messungen 0.022367 Sekunden gebraucht
bei 4 cores haben 1000 Messungen 0.020887 Sekunden gebraucht
bei 4 cores haben 1000 Messungen 0.021521 Sekunden gebraucht
bei 4 cores haben 1000 Messungen 0.020896 Sekunden gebraucht
bei 4 cores haben 1000 Messungen 0.021144 Sekunden gebraucht
bei 4 cores haben 1000 Messungen 0.021378 Sekunden gebraucht
bei 5 cores haben 1000 Messungen 0.019558 Sekunden gebraucht
bei 5 cores haben 1000 Messungen 0.019231 Sekunden gebraucht
bei 5 cores haben 1000 Messungen 0.018919 Sekunden gebraucht
bei 5 cores haben 1000 Messungen 0.018997 Sekunden gebraucht
bei 5 cores haben 1000 Messungen 0.019429 Sekunden gebraucht
bei 5 cores haben 1000 Messungen 0.020455 Sekunden gebraucht
bei 5 cores haben 1000 Messungen 0.020346 Sekunden gebraucht
bei 5 cores haben 1000 Messungen 0.020378 Sekunden gebraucht
bei 5 cores haben 1000 Messungen 0.021139 Sekunden gebraucht
bei 5 cores haben 1000 Messungen 0.021254 Sekunden gebraucht
bei 6 cores haben 1000 Messungen 0.020352 Sekunden gebraucht
bei 6 cores haben 1000 Messungen 0.022035 Sekunden gebraucht
bei 6 cores haben 1000 Messungen 0.022705 Sekunden gebraucht
bei 6 cores haben 1000 Messungen 0.021706 Sekunden gebraucht
bei 6 cores haben 1000 Messungen 0.023428 Sekunden gebraucht
bei 6 cores haben 1000 Messungen 0.023020 Sekunden gebraucht
bei 6 cores haben 1000 Messungen 0.022542 Sekunden gebraucht
bei 6 cores haben 1000 Messungen 0.022217 Sekunden gebraucht
bei 6 cores haben 1000 Messungen 0.022452 Sekunden gebraucht
bei 6 cores haben 1000 Messungen 0.023089 Sekunden gebraucht
bei 7 cores haben 1000 Messungen 0.021529 Sekunden gebraucht
bei 7 cores haben 1000 Messungen 0.021399 Sekunden gebraucht
bei 7 cores haben 1000 Messungen 0.021514 Sekunden gebraucht
bei 7 cores haben 1000 Messungen 0.021559 Sekunden gebraucht
bei 7 cores haben 1000 Messungen 0.021259 Sekunden gebraucht
bei 7 cores haben 1000 Messungen 0.021258 Sekunden gebraucht
bei 7 cores haben 1000 Messungen 0.022202 Sekunden gebraucht
bei 7 cores haben 1000 Messungen 0.021983 Sekunden gebraucht
bei 7 cores haben 1000 Messungen 0.022103 Sekunden gebraucht
bei 7 cores haben 1000 Messungen 0.023337 Sekunden gebraucht
bei 8 cores haben 1000 Messungen 0.023798 Sekunden gebraucht
bei 8 cores haben 1000 Messungen 0.023244 Sekunden gebraucht
bei 8 cores haben 1000 Messungen 0.023441 Sekunden gebraucht
bei 8 cores haben 1000 Messungen 0.023852 Sekunden gebraucht
bei 8 cores haben 1000 Messungen 0.022932 Sekunden gebraucht
bei 8 cores haben 1000 Messungen 0.023445 Sekunden gebraucht
bei 8 cores haben 1000 Messungen 0.024342 Sekunden gebraucht
bei 8 cores haben 1000 Messungen 0.024611 Sekunden gebraucht
bei 8 cores haben 1000 Messungen 0.023424 Sekunden gebraucht
bei 8 cores haben 1000 Messungen 0.023562 Sekunden gebraucht
bei 9 cores haben 1000 Messungen 0.023371 Sekunden gebraucht
bei 9 cores haben 1000 Messungen 0.024116 Sekunden gebraucht
bei 9 cores haben 1000 Messungen 0.023987 Sekunden gebraucht
bei 9 cores haben 1000 Messungen 0.023283 Sekunden gebraucht
bei 9 cores haben 1000 Messungen 0.023368 Sekunden gebraucht
bei 9 cores haben 1000 Messungen 0.023643 Sekunden gebraucht
bei 9 cores haben 1000 Messungen 0.023618 Sekunden gebraucht
bei 9 cores haben 1000 Messungen 0.023761 Sekunden gebraucht
bei 9 cores haben 1000 Messungen 0.023879 Sekunden gebraucht
bei 9 cores haben 1000 Messungen 0.024062 Sekunden gebraucht
bei 10 cores haben 1000 Messungen 0.023611 Sekunden gebraucht
bei 10 cores haben 1000 Messungen 0.023730 Sekunden gebraucht
bei 10 cores haben 1000 Messungen 0.023793 Sekunden gebraucht
bei 10 cores haben 1000 Messungen 0.023941 Sekunden gebraucht
bei 10 cores haben 1000 Messungen 0.023925 Sekunden gebraucht
bei 10 cores haben 1000 Messungen 0.024134 Sekunden gebraucht
bei 10 cores haben 1000 Messungen 0.024136 Sekunden gebraucht
bei 10 cores haben 1000 Messungen 0.023613 Sekunden gebraucht
bei 10 cores haben 1000 Messungen 0.023799 Sekunden gebraucht
bei 10 cores haben 1000 Messungen 0.023838 Sekunden gebraucht
bei 11 cores haben 1000 Messungen 0.028107 Sekunden gebraucht
bei 11 cores haben 1000 Messungen 0.027910 Sekunden gebraucht
bei 11 cores haben 1000 Messungen 0.027955 Sekunden gebraucht
bei 11 cores haben 1000 Messungen 0.027879 Sekunden gebraucht
bei 11 cores haben 1000 Messungen 0.027974 Sekunden gebraucht
bei 11 cores haben 1000 Messungen 0.028012 Sekunden gebraucht
bei 11 cores haben 1000 Messungen 0.027961 Sekunden gebraucht
bei 11 cores haben 1000 Messungen 0.027828 Sekunden gebraucht
bei 11 cores haben 1000 Messungen 0.027851 Sekunden gebraucht
bei 11 cores haben 1000 Messungen 0.027956 Sekunden gebraucht
bei 12 cores haben 1000 Messungen 0.026187 Sekunden gebraucht
bei 12 cores haben 1000 Messungen 0.026380 Sekunden gebraucht
bei 12 cores haben 1000 Messungen 0.025380 Sekunden gebraucht
bei 12 cores haben 1000 Messungen 0.026372 Sekunden gebraucht
bei 12 cores haben 1000 Messungen 0.026237 Sekunden gebraucht
bei 12 cores haben 1000 Messungen 0.026419 Sekunden gebraucht
bei 12 cores haben 1000 Messungen 0.026440 Sekunden gebraucht
bei 12 cores haben 1000 Messungen 0.026163 Sekunden gebraucht
bei 12 cores haben 1000 Messungen 0.026744 Sekunden gebraucht
bei 12 cores haben 1000 Messungen 0.025856 Sekunden gebraucht
Laenge=20
bei 1 cores haben 1000 Messungen 0.052264 Sekunden gebraucht
bei 1 cores haben 1000 Messungen 0.084364 Sekunden gebraucht
bei 1 cores haben 1000 Messungen 0.062513 Sekunden gebraucht
bei 1 cores haben 1000 Messungen 0.053187 Sekunden gebraucht
bei 1 cores haben 1000 Messungen 0.051471 Sekunden gebraucht
bei 1 cores haben 1000 Messungen 0.051332 Sekunden gebraucht
bei 1 cores haben 1000 Messungen 0.051431 Sekunden gebraucht
bei 1 cores haben 1000 Messungen 0.051607 Sekunden gebraucht
bei 1 cores haben 1000 Messungen 0.051590 Sekunden gebraucht
bei 1 cores haben 1000 Messungen 0.051483 Sekunden gebraucht
bei 2 cores haben 1000 Messungen 0.038077 Sekunden gebraucht
bei 2 cores haben 1000 Messungen 0.060892 Sekunden gebraucht
bei 2 cores haben 1000 Messungen 0.092641 Sekunden gebraucht
bei 2 cores haben 1000 Messungen 0.088078 Sekunden gebraucht
bei 2 cores haben 1000 Messungen 0.039290 Sekunden gebraucht
bei 2 cores haben 1000 Messungen 0.039295 Sekunden gebraucht
bei 2 cores haben 1000 Messungen 0.039262 Sekunden gebraucht
bei 2 cores haben 1000 Messungen 0.064867 Sekunden gebraucht
bei 2 cores haben 1000 Messungen 0.037848 Sekunden gebraucht
bei 2 cores haben 1000 Messungen 0.087247 Sekunden gebraucht
bei 3 cores haben 1000 Messungen 0.076920 Sekunden gebraucht
bei 3 cores haben 1000 Messungen 0.072747 Sekunden gebraucht
bei 3 cores haben 1000 Messungen 0.072569 Sekunden gebraucht
bei 3 cores haben 1000 Messungen 0.075626 Sekunden gebraucht
bei 3 cores haben 1000 Messungen 0.070533 Sekunden gebraucht
bei 3 cores haben 1000 Messungen 0.070764 Sekunden gebraucht
bei 3 cores haben 1000 Messungen 0.070268 Sekunden gebraucht
bei 3 cores haben 1000 Messungen 0.071442 Sekunden gebraucht
bei 3 cores haben 1000 Messungen 0.068769 Sekunden gebraucht
bei 3 cores haben 1000 Messungen 0.065375 Sekunden gebraucht
bei 4 cores haben 1000 Messungen 0.059199 Sekunden gebraucht
bei 4 cores haben 1000 Messungen 0.057224 Sekunden gebraucht
bei 4 cores haben 1000 Messungen 0.058544 Sekunden gebraucht
bei 4 cores haben 1000 Messungen 0.055498 Sekunden gebraucht
bei 4 cores haben 1000 Messungen 0.059886 Sekunden gebraucht
bei 4 cores haben 1000 Messungen 0.056507 Sekunden gebraucht
bei 4 cores haben 1000 Messungen 0.056338 Sekunden gebraucht
bei 4 cores haben 1000 Messungen 0.059987 Sekunden gebraucht
bei 4 cores haben 1000 Messungen 0.057829 Sekunden gebraucht
bei 4 cores haben 1000 Messungen 0.055611 Sekunden gebraucht
bei 5 cores haben 1000 Messungen 0.054387 Sekunden gebraucht
bei 5 cores haben 1000 Messungen 0.053093 Sekunden gebraucht
bei 5 cores haben 1000 Messungen 0.057570 Sekunden gebraucht
bei 5 cores haben 1000 Messungen 0.051878 Sekunden gebraucht
bei 5 cores haben 1000 Messungen 0.052765 Sekunden gebraucht
bei 5 cores haben 1000 Messungen 0.052257 Sekunden gebraucht
bei 5 cores haben 1000 Messungen 0.052746 Sekunden gebraucht
bei 5 cores haben 1000 Messungen 0.051464 Sekunden gebraucht
bei 5 cores haben 1000 Messungen 0.051885 Sekunden gebraucht
bei 5 cores haben 1000 Messungen 0.051896 Sekunden gebraucht
bei 6 cores haben 1000 Messungen 0.051727 Sekunden gebraucht
bei 6 cores haben 1000 Messungen 0.049725 Sekunden gebraucht
bei 6 cores haben 1000 Messungen 0.052435 Sekunden gebraucht
bei 6 cores haben 1000 Messungen 0.052731 Sekunden gebraucht
bei 6 cores haben 1000 Messungen 0.052894 Sekunden gebraucht
bei 6 cores haben 1000 Messungen 0.051463 Sekunden gebraucht
bei 6 cores haben 1000 Messungen 0.055862 Sekunden gebraucht
bei 6 cores haben 1000 Messungen 0.050416 Sekunden gebraucht
bei 6 cores haben 1000 Messungen 0.051332 Sekunden gebraucht
bei 6 cores haben 1000 Messungen 0.052587 Sekunden gebraucht
bei 7 cores haben 1000 Messungen 0.046500 Sekunden gebraucht
bei 7 cores haben 1000 Messungen 0.048539 Sekunden gebraucht
bei 7 cores haben 1000 Messungen 0.050112 Sekunden gebraucht
bei 7 cores haben 1000 Messungen 0.050293 Sekunden gebraucht
bei 7 cores haben 1000 Messungen 0.050866 Sekunden gebraucht
bei 7 cores haben 1000 Messungen 0.049995 Sekunden gebraucht
bei 7 cores haben 1000 Messungen 0.052582 Sekunden gebraucht
bei 7 cores haben 1000 Messungen 0.050263 Sekunden gebraucht
bei 7 cores haben 1000 Messungen 0.049597 Sekunden gebraucht
bei 7 cores haben 1000 Messungen 0.049059 Sekunden gebraucht
bei 8 cores haben 1000 Messungen 0.050528 Sekunden gebraucht
bei 8 cores haben 1000 Messungen 0.049870 Sekunden gebraucht
bei 8 cores haben 1000 Messungen 0.050119 Sekunden gebraucht
bei 8 cores haben 1000 Messungen 0.051470 Sekunden gebraucht
bei 8 cores haben 1000 Messungen 0.052896 Sekunden gebraucht
bei 8 cores haben 1000 Messungen 0.050806 Sekunden gebraucht
bei 8 cores haben 1000 Messungen 0.051883 Sekunden gebraucht
bei 8 cores haben 1000 Messungen 0.053622 Sekunden gebraucht
bei 8 cores haben 1000 Messungen 0.049399 Sekunden gebraucht
bei 8 cores haben 1000 Messungen 0.049718 Sekunden gebraucht
bei 9 cores haben 1000 Messungen 0.050057 Sekunden gebraucht
bei 9 cores haben 1000 Messungen 0.050103 Sekunden gebraucht
bei 9 cores haben 1000 Messungen 0.050474 Sekunden gebraucht
bei 9 cores haben 1000 Messungen 0.053852 Sekunden gebraucht
bei 9 cores haben 1000 Messungen 0.050930 Sekunden gebraucht
bei 9 cores haben 1000 Messungen 0.053254 Sekunden gebraucht
bei 9 cores haben 1000 Messungen 0.051792 Sekunden gebraucht
bei 9 cores haben 1000 Messungen 0.050836 Sekunden gebraucht
bei 9 cores haben 1000 Messungen 0.050978 Sekunden gebraucht
bei 9 cores haben 1000 Messungen 0.050409 Sekunden gebraucht
bei 10 cores haben 1000 Messungen 0.052244 Sekunden gebraucht
bei 10 cores haben 1000 Messungen 0.052489 Sekunden gebraucht
bei 10 cores haben 1000 Messungen 0.052701 Sekunden gebraucht
bei 10 cores haben 1000 Messungen 0.054254 Sekunden gebraucht
bei 10 cores haben 1000 Messungen 0.052864 Sekunden gebraucht
bei 10 cores haben 1000 Messungen 0.051253 Sekunden gebraucht
bei 10 cores haben 1000 Messungen 0.052618 Sekunden gebraucht
bei 10 cores haben 1000 Messungen 0.053434 Sekunden gebraucht
bei 10 cores haben 1000 Messungen 0.051602 Sekunden gebraucht
bei 10 cores haben 1000 Messungen 0.050910 Sekunden gebraucht
bei 11 cores haben 1000 Messungen 0.052573 Sekunden gebraucht
bei 11 cores haben 1000 Messungen 0.055264 Sekunden gebraucht
bei 11 cores haben 1000 Messungen 0.054304 Sekunden gebraucht
bei 11 cores haben 1000 Messungen 0.053225 Sekunden gebraucht
bei 11 cores haben 1000 Messungen 0.053074 Sekunden gebraucht
bei 11 cores haben 1000 Messungen 0.052923 Sekunden gebraucht
bei 11 cores haben 1000 Messungen 0.053460 Sekunden gebraucht
bei 11 cores haben 1000 Messungen 0.052575 Sekunden gebraucht
bei 11 cores haben 1000 Messungen 0.054209 Sekunden gebraucht
bei 11 cores haben 1000 Messungen 0.054442 Sekunden gebraucht
bei 12 cores haben 1000 Messungen 0.052076 Sekunden gebraucht
bei 12 cores haben 1000 Messungen 0.052517 Sekunden gebraucht
bei 12 cores haben 1000 Messungen 0.054832 Sekunden gebraucht
bei 12 cores haben 1000 Messungen 0.053021 Sekunden gebraucht
bei 12 cores haben 1000 Messungen 0.052724 Sekunden gebraucht
bei 12 cores haben 1000 Messungen 0.055818 Sekunden gebraucht
bei 12 cores haben 1000 Messungen 0.054281 Sekunden gebraucht
bei 12 cores haben 1000 Messungen 0.052668 Sekunden gebraucht
bei 12 cores haben 1000 Messungen 0.051770 Sekunden gebraucht
bei 12 cores haben 1000 Messungen 0.053531 Sekunden gebraucht
Laenge=36
bei 1 cores haben 1000 Messungen 0.161026 Sekunden gebraucht
bei 1 cores haben 1000 Messungen 0.200994 Sekunden gebraucht
bei 1 cores haben 1000 Messungen 0.160117 Sekunden gebraucht
bei 1 cores haben 1000 Messungen 0.160458 Sekunden gebraucht
bei 1 cores haben 1000 Messungen 0.160005 Sekunden gebraucht
bei 1 cores haben 1000 Messungen 0.204134 Sekunden gebraucht
bei 1 cores haben 1000 Messungen 0.160294 Sekunden gebraucht
bei 1 cores haben 1000 Messungen 0.160002 Sekunden gebraucht
bei 1 cores haben 1000 Messungen 0.159977 Sekunden gebraucht
bei 1 cores haben 1000 Messungen 0.160189 Sekunden gebraucht
bei 2 cores haben 1000 Messungen 0.200632 Sekunden gebraucht
bei 2 cores haben 1000 Messungen 0.253231 Sekunden gebraucht
bei 2 cores haben 1000 Messungen 0.240728 Sekunden gebraucht
bei 2 cores haben 1000 Messungen 0.234487 Sekunden gebraucht
bei 2 cores haben 1000 Messungen 0.232836 Sekunden gebraucht
bei 2 cores haben 1000 Messungen 0.232670 Sekunden gebraucht
bei 2 cores haben 1000 Messungen 0.232644 Sekunden gebraucht
bei 2 cores haben 1000 Messungen 0.234026 Sekunden gebraucht
bei 2 cores haben 1000 Messungen 0.232485 Sekunden gebraucht
bei 2 cores haben 1000 Messungen 0.233331 Sekunden gebraucht
bei 3 cores haben 1000 Messungen 0.187650 Sekunden gebraucht
bei 3 cores haben 1000 Messungen 0.186439 Sekunden gebraucht
bei 3 cores haben 1000 Messungen 0.186657 Sekunden gebraucht
bei 3 cores haben 1000 Messungen 0.186049 Sekunden gebraucht
bei 3 cores haben 1000 Messungen 0.185184 Sekunden gebraucht
bei 3 cores haben 1000 Messungen 0.185524 Sekunden gebraucht
bei 3 cores haben 1000 Messungen 0.185710 Sekunden gebraucht
bei 3 cores haben 1000 Messungen 0.187664 Sekunden gebraucht
bei 3 cores haben 1000 Messungen 0.187420 Sekunden gebraucht
bei 3 cores haben 1000 Messungen 0.186841 Sekunden gebraucht
bei 4 cores haben 1000 Messungen 0.157225 Sekunden gebraucht
bei 4 cores haben 1000 Messungen 0.158274 Sekunden gebraucht
bei 4 cores haben 1000 Messungen 0.159349 Sekunden gebraucht
bei 4 cores haben 1000 Messungen 0.158010 Sekunden gebraucht
bei 4 cores haben 1000 Messungen 0.160401 Sekunden gebraucht
bei 4 cores haben 1000 Messungen 0.152720 Sekunden gebraucht
bei 4 cores haben 1000 Messungen 0.161911 Sekunden gebraucht
bei 4 cores haben 1000 Messungen 0.098883 Sekunden gebraucht
bei 4 cores haben 1000 Messungen 0.159924 Sekunden gebraucht
bei 4 cores haben 1000 Messungen 0.164503 Sekunden gebraucht
bei 5 cores haben 1000 Messungen 0.148530 Sekunden gebraucht
bei 5 cores haben 1000 Messungen 0.148476 Sekunden gebraucht
bei 5 cores haben 1000 Messungen 0.149629 Sekunden gebraucht
bei 5 cores haben 1000 Messungen 0.149131 Sekunden gebraucht
bei 5 cores haben 1000 Messungen 0.148956 Sekunden gebraucht
bei 5 cores haben 1000 Messungen 0.147397 Sekunden gebraucht
bei 5 cores haben 1000 Messungen 0.148521 Sekunden gebraucht
bei 5 cores haben 1000 Messungen 0.148674 Sekunden gebraucht
bei 5 cores haben 1000 Messungen 0.149337 Sekunden gebraucht
bei 5 cores haben 1000 Messungen 0.150077 Sekunden gebraucht
bei 6 cores haben 1000 Messungen 0.142474 Sekunden gebraucht
bei 6 cores haben 1000 Messungen 0.141852 Sekunden gebraucht
bei 6 cores haben 1000 Messungen 0.138545 Sekunden gebraucht
bei 6 cores haben 1000 Messungen 0.141133 Sekunden gebraucht
bei 6 cores haben 1000 Messungen 0.126086 Sekunden gebraucht
bei 6 cores haben 1000 Messungen 0.141638 Sekunden gebraucht
bei 6 cores haben 1000 Messungen 0.137652 Sekunden gebraucht
bei 6 cores haben 1000 Messungen 0.143983 Sekunden gebraucht
bei 6 cores haben 1000 Messungen 0.139558 Sekunden gebraucht
bei 6 cores haben 1000 Messungen 0.139775 Sekunden gebraucht
bei 7 cores haben 1000 Messungen 0.125133 Sekunden gebraucht
bei 7 cores haben 1000 Messungen 0.138187 Sekunden gebraucht
bei 7 cores haben 1000 Messungen 0.138146 Sekunden gebraucht
bei 7 cores haben 1000 Messungen 0.138646 Sekunden gebraucht
bei 7 cores haben 1000 Messungen 0.138503 Sekunden gebraucht
bei 7 cores haben 1000 Messungen 0.138985 Sekunden gebraucht
bei 7 cores haben 1000 Messungen 0.138537 Sekunden gebraucht
bei 7 cores haben 1000 Messungen 0.138889 Sekunden gebraucht
bei 7 cores haben 1000 Messungen 0.138143 Sekunden gebraucht
bei 7 cores haben 1000 Messungen 0.139021 Sekunden gebraucht
bei 8 cores haben 1000 Messungen 0.137729 Sekunden gebraucht
bei 8 cores haben 1000 Messungen 0.138435 Sekunden gebraucht
bei 8 cores haben 1000 Messungen 0.136792 Sekunden gebraucht
bei 8 cores haben 1000 Messungen 0.137352 Sekunden gebraucht
bei 8 cores haben 1000 Messungen 0.136230 Sekunden gebraucht
bei 8 cores haben 1000 Messungen 0.137746 Sekunden gebraucht
bei 8 cores haben 1000 Messungen 0.137239 Sekunden gebraucht
bei 8 cores haben 1000 Messungen 0.137556 Sekunden gebraucht
bei 8 cores haben 1000 Messungen 0.137711 Sekunden gebraucht
bei 8 cores haben 1000 Messungen 0.137107 Sekunden gebraucht
bei 9 cores haben 1000 Messungen 0.136676 Sekunden gebraucht
bei 9 cores haben 1000 Messungen 0.137429 Sekunden gebraucht
bei 9 cores haben 1000 Messungen 0.136772 Sekunden gebraucht
bei 9 cores haben 1000 Messungen 0.136201 Sekunden gebraucht
bei 9 cores haben 1000 Messungen 0.136564 Sekunden gebraucht
bei 9 cores haben 1000 Messungen 0.137558 Sekunden gebraucht
bei 9 cores haben 1000 Messungen 0.138328 Sekunden gebraucht
bei 9 cores haben 1000 Messungen 0.137489 Sekunden gebraucht
bei 9 cores haben 1000 Messungen 0.137153 Sekunden gebraucht
bei 9 cores haben 1000 Messungen 0.137856 Sekunden gebraucht
bei 10 cores haben 1000 Messungen 0.134442 Sekunden gebraucht
bei 10 cores haben 1000 Messungen 0.134517 Sekunden gebraucht
bei 10 cores haben 1000 Messungen 0.136050 Sekunden gebraucht
bei 10 cores haben 1000 Messungen 0.136471 Sekunden gebraucht
bei 10 cores haben 1000 Messungen 0.136863 Sekunden gebraucht
bei 10 cores haben 1000 Messungen 0.133102 Sekunden gebraucht
bei 10 cores haben 1000 Messungen 0.135246 Sekunden gebraucht
bei 10 cores haben 1000 Messungen 0.138077 Sekunden gebraucht
bei 10 cores haben 1000 Messungen 0.136988 Sekunden gebraucht
bei 10 cores haben 1000 Messungen 0.134035 Sekunden gebraucht
bei 11 cores haben 1000 Messungen 0.138855 Sekunden gebraucht
bei 11 cores haben 1000 Messungen 0.137763 Sekunden gebraucht
bei 11 cores haben 1000 Messungen 0.142806 Sekunden gebraucht
bei 11 cores haben 1000 Messungen 0.137490 Sekunden gebraucht
bei 11 cores haben 1000 Messungen 0.137765 Sekunden gebraucht
bei 11 cores haben 1000 Messungen 0.136690 Sekunden gebraucht
bei 11 cores haben 1000 Messungen 0.137833 Sekunden gebraucht
bei 11 cores haben 1000 Messungen 0.138343 Sekunden gebraucht
bei 11 cores haben 1000 Messungen 0.138626 Sekunden gebraucht
bei 11 cores haben 1000 Messungen 0.138123 Sekunden gebraucht
bei 12 cores haben 1000 Messungen 0.154882 Sekunden gebraucht
bei 12 cores haben 1000 Messungen 0.137095 Sekunden gebraucht
bei 12 cores haben 1000 Messungen 0.135136 Sekunden gebraucht
bei 12 cores haben 1000 Messungen 0.136654 Sekunden gebraucht
bei 12 cores haben 1000 Messungen 0.135268 Sekunden gebraucht
bei 12 cores haben 1000 Messungen 0.139648 Sekunden gebraucht
bei 12 cores haben 1000 Messungen 0.137357 Sekunden gebraucht
bei 12 cores haben 1000 Messungen 0.136230 Sekunden gebraucht
bei 12 cores haben 1000 Messungen 0.136797 Sekunden gebraucht
bei 12 cores haben 1000 Messungen 0.135652 Sekunden gebraucht
Laenge=50
bei 1 cores haben 1000 Messungen 0.318874 Sekunden gebraucht
bei 1 cores haben 1000 Messungen 0.307052 Sekunden gebraucht
bei 1 cores haben 1000 Messungen 0.350051 Sekunden gebraucht
bei 1 cores haben 1000 Messungen 0.305954 Sekunden gebraucht
bei 1 cores haben 1000 Messungen 0.306300 Sekunden gebraucht
bei 1 cores haben 1000 Messungen 0.306420 Sekunden gebraucht
bei 1 cores haben 1000 Messungen 0.306308 Sekunden gebraucht
bei 1 cores haben 1000 Messungen 0.306335 Sekunden gebraucht
bei 1 cores haben 1000 Messungen 0.306173 Sekunden gebraucht
bei 1 cores haben 1000 Messungen 0.305418 Sekunden gebraucht
bei 2 cores haben 1000 Messungen 0.447721 Sekunden gebraucht
bei 2 cores haben 1000 Messungen 0.436577 Sekunden gebraucht
bei 2 cores haben 1000 Messungen 0.435031 Sekunden gebraucht
bei 2 cores haben 1000 Messungen 0.430480 Sekunden gebraucht
bei 2 cores haben 1000 Messungen 0.404746 Sekunden gebraucht
bei 2 cores haben 1000 Messungen 0.404812 Sekunden gebraucht
bei 2 cores haben 1000 Messungen 0.407233 Sekunden gebraucht
bei 2 cores haben 1000 Messungen 0.402009 Sekunden gebraucht
bei 2 cores haben 1000 Messungen 0.405463 Sekunden gebraucht
bei 2 cores haben 1000 Messungen 0.431222 Sekunden gebraucht
bei 3 cores haben 1000 Messungen 0.338472 Sekunden gebraucht
bei 3 cores haben 1000 Messungen 0.333146 Sekunden gebraucht
bei 3 cores haben 1000 Messungen 0.236424 Sekunden gebraucht
bei 3 cores haben 1000 Messungen 0.323855 Sekunden gebraucht
bei 3 cores haben 1000 Messungen 0.321306 Sekunden gebraucht
bei 3 cores haben 1000 Messungen 0.322847 Sekunden gebraucht
bei 3 cores haben 1000 Messungen 0.318208 Sekunden gebraucht
bei 3 cores haben 1000 Messungen 0.261166 Sekunden gebraucht
bei 3 cores haben 1000 Messungen 0.266840 Sekunden gebraucht
bei 3 cores haben 1000 Messungen 0.338014 Sekunden gebraucht
bei 4 cores haben 1000 Messungen 0.277823 Sekunden gebraucht
bei 4 cores haben 1000 Messungen 0.215695 Sekunden gebraucht
bei 4 cores haben 1000 Messungen 0.285752 Sekunden gebraucht
bei 4 cores haben 1000 Messungen 0.286038 Sekunden gebraucht
bei 4 cores haben 1000 Messungen 0.203319 Sekunden gebraucht
bei 4 cores haben 1000 Messungen 0.270927 Sekunden gebraucht
bei 4 cores haben 1000 Messungen 0.269973 Sekunden gebraucht
bei 4 cores haben 1000 Messungen 0.267280 Sekunden gebraucht
bei 4 cores haben 1000 Messungen 0.283784 Sekunden gebraucht
bei 4 cores haben 1000 Messungen 0.265695 Sekunden gebraucht
bei 5 cores haben 1000 Messungen 0.250803 Sekunden gebraucht
bei 5 cores haben 1000 Messungen 0.172197 Sekunden gebraucht
bei 5 cores haben 1000 Messungen 0.260425 Sekunden gebraucht
bei 5 cores haben 1000 Messungen 0.193326 Sekunden gebraucht
bei 5 cores haben 1000 Messungen 0.261624 Sekunden gebraucht
bei 5 cores haben 1000 Messungen 0.260581 Sekunden gebraucht
bei 5 cores haben 1000 Messungen 0.255619 Sekunden gebraucht
bei 5 cores haben 1000 Messungen 0.256210 Sekunden gebraucht
bei 5 cores haben 1000 Messungen 0.256352 Sekunden gebraucht
bei 5 cores haben 1000 Messungen 0.190942 Sekunden gebraucht
bei 6 cores haben 1000 Messungen 0.246311 Sekunden gebraucht
bei 6 cores haben 1000 Messungen 0.230590 Sekunden gebraucht
bei 6 cores haben 1000 Messungen 0.241030 Sekunden gebraucht
bei 6 cores haben 1000 Messungen 0.241690 Sekunden gebraucht
bei 6 cores haben 1000 Messungen 0.151178 Sekunden gebraucht
bei 6 cores haben 1000 Messungen 0.243176 Sekunden gebraucht
bei 6 cores haben 1000 Messungen 0.245829 Sekunden gebraucht
bei 6 cores haben 1000 Messungen 0.244552 Sekunden gebraucht
bei 6 cores haben 1000 Messungen 0.242192 Sekunden gebraucht
bei 6 cores haben 1000 Messungen 0.240413 Sekunden gebraucht
bei 7 cores haben 1000 Messungen 0.237958 Sekunden gebraucht
bei 7 cores haben 1000 Messungen 0.242488 Sekunden gebraucht
bei 7 cores haben 1000 Messungen 0.239619 Sekunden gebraucht
bei 7 cores haben 1000 Messungen 0.241514 Sekunden gebraucht
bei 7 cores haben 1000 Messungen 0.241540 Sekunden gebraucht
bei 7 cores haben 1000 Messungen 0.243884 Sekunden gebraucht
bei 7 cores haben 1000 Messungen 0.343877 Sekunden gebraucht
bei 7 cores haben 1000 Messungen 0.240200 Sekunden gebraucht
bei 7 cores haben 1000 Messungen 0.239244 Sekunden gebraucht
bei 7 cores haben 1000 Messungen 0.241003 Sekunden gebraucht
bei 8 cores haben 1000 Messungen 0.240962 Sekunden gebraucht
bei 8 cores haben 1000 Messungen 0.242329 Sekunden gebraucht
bei 8 cores haben 1000 Messungen 0.243109 Sekunden gebraucht
bei 8 cores haben 1000 Messungen 0.235252 Sekunden gebraucht
bei 8 cores haben 1000 Messungen 0.238846 Sekunden gebraucht
bei 8 cores haben 1000 Messungen 0.240123 Sekunden gebraucht
bei 8 cores haben 1000 Messungen 0.239601 Sekunden gebraucht
bei 8 cores haben 1000 Messungen 0.240488 Sekunden gebraucht
bei 8 cores haben 1000 Messungen 0.238055 Sekunden gebraucht
bei 8 cores haben 1000 Messungen 0.268635 Sekunden gebraucht
bei 9 cores haben 1000 Messungen 0.234720 Sekunden gebraucht
bei 9 cores haben 1000 Messungen 0.234301 Sekunden gebraucht
bei 9 cores haben 1000 Messungen 0.236854 Sekunden gebraucht
bei 9 cores haben 1000 Messungen 0.235797 Sekunden gebraucht
bei 9 cores haben 1000 Messungen 0.243428 Sekunden gebraucht
bei 9 cores haben 1000 Messungen 0.235285 Sekunden gebraucht
bei 9 cores haben 1000 Messungen 0.235598 Sekunden gebraucht
bei 9 cores haben 1000 Messungen 0.239649 Sekunden gebraucht
bei 9 cores haben 1000 Messungen 0.237143 Sekunden gebraucht
bei 9 cores haben 1000 Messungen 0.234394 Sekunden gebraucht
bei 10 cores haben 1000 Messungen 0.235013 Sekunden gebraucht
bei 10 cores haben 1000 Messungen 0.236448 Sekunden gebraucht
bei 10 cores haben 1000 Messungen 0.235051 Sekunden gebraucht
bei 10 cores haben 1000 Messungen 0.233640 Sekunden gebraucht
bei 10 cores haben 1000 Messungen 0.237295 Sekunden gebraucht
bei 10 cores haben 1000 Messungen 0.234484 Sekunden gebraucht
bei 10 cores haben 1000 Messungen 0.235675 Sekunden gebraucht
bei 10 cores haben 1000 Messungen 0.234475 Sekunden gebraucht
bei 10 cores haben 1000 Messungen 0.235101 Sekunden gebraucht
bei 10 cores haben 1000 Messungen 0.241736 Sekunden gebraucht
bei 11 cores haben 1000 Messungen 0.241347 Sekunden gebraucht
bei 11 cores haben 1000 Messungen 0.239619 Sekunden gebraucht
bei 11 cores haben 1000 Messungen 0.241700 Sekunden gebraucht
bei 11 cores haben 1000 Messungen 0.242012 Sekunden gebraucht
bei 11 cores haben 1000 Messungen 0.240257 Sekunden gebraucht
bei 11 cores haben 1000 Messungen 0.241277 Sekunden gebraucht
bei 11 cores haben 1000 Messungen 0.238085 Sekunden gebraucht
bei 11 cores haben 1000 Messungen 0.240168 Sekunden gebraucht
bei 11 cores haben 1000 Messungen 0.242005 Sekunden gebraucht
bei 11 cores haben 1000 Messungen 0.238945 Sekunden gebraucht
bei 12 cores haben 1000 Messungen 0.241515 Sekunden gebraucht
bei 12 cores haben 1000 Messungen 0.241321 Sekunden gebraucht
bei 12 cores haben 1000 Messungen 0.240907 Sekunden gebraucht
bei 12 cores haben 1000 Messungen 0.253325 Sekunden gebraucht
bei 12 cores haben 1000 Messungen 0.240156 Sekunden gebraucht
bei 12 cores haben 1000 Messungen 0.241341 Sekunden gebraucht
bei 12 cores haben 1000 Messungen 0.241667 Sekunden gebraucht
bei 12 cores haben 1000 Messungen 0.240124 Sekunden gebraucht
bei 12 cores haben 1000 Messungen 0.242257 Sekunden gebraucht
bei 12 cores haben 1000 Messungen 0.239826 Sekunden gebraucht
Laenge=100
bei 1 cores haben 1000 Messungen 1.215329 Sekunden gebraucht
bei 1 cores haben 1000 Messungen 1.258254 Sekunden gebraucht
bei 1 cores haben 1000 Messungen 1.213805 Sekunden gebraucht
bei 1 cores haben 1000 Messungen 1.212454 Sekunden gebraucht
bei 1 cores haben 1000 Messungen 1.214147 Sekunden gebraucht
bei 1 cores haben 1000 Messungen 1.213224 Sekunden gebraucht
bei 1 cores haben 1000 Messungen 1.215029 Sekunden gebraucht
bei 1 cores haben 1000 Messungen 1.213539 Sekunden gebraucht
bei 1 cores haben 1000 Messungen 1.218821 Sekunden gebraucht
bei 1 cores haben 1000 Messungen 1.214794 Sekunden gebraucht
bei 2 cores haben 1000 Messungen 1.408094 Sekunden gebraucht
bei 2 cores haben 1000 Messungen 1.343509 Sekunden gebraucht
bei 2 cores haben 1000 Messungen 1.345509 Sekunden gebraucht
bei 2 cores haben 1000 Messungen 1.343473 Sekunden gebraucht
bei 2 cores haben 1000 Messungen 1.342336 Sekunden gebraucht
bei 2 cores haben 1000 Messungen 1.339905 Sekunden gebraucht
bei 2 cores haben 1000 Messungen 1.339616 Sekunden gebraucht
bei 2 cores haben 1000 Messungen 1.343565 Sekunden gebraucht
bei 2 cores haben 1000 Messungen 1.340301 Sekunden gebraucht
bei 2 cores haben 1000 Messungen 1.346002 Sekunden gebraucht
bei 3 cores haben 1000 Messungen 1.077864 Sekunden gebraucht
bei 3 cores haben 1000 Messungen 1.078700 Sekunden gebraucht
bei 3 cores haben 1000 Messungen 1.079647 Sekunden gebraucht
bei 3 cores haben 1000 Messungen 1.094635 Sekunden gebraucht
bei 3 cores haben 1000 Messungen 1.080289 Sekunden gebraucht
bei 3 cores haben 1000 Messungen 1.082453 Sekunden gebraucht
bei 3 cores haben 1000 Messungen 1.071055 Sekunden gebraucht
bei 3 cores haben 1000 Messungen 1.075920 Sekunden gebraucht
bei 3 cores haben 1000 Messungen 1.085807 Sekunden gebraucht
bei 3 cores haben 1000 Messungen 1.076316 Sekunden gebraucht
bei 4 cores haben 1000 Messungen 0.922451 Sekunden gebraucht
bei 4 cores haben 1000 Messungen 0.920415 Sekunden gebraucht
bei 4 cores haben 1000 Messungen 0.948877 Sekunden gebraucht
bei 4 cores haben 1000 Messungen 0.924437 Sekunden gebraucht
bei 4 cores haben 1000 Messungen 0.939661 Sekunden gebraucht
bei 4 cores haben 1000 Messungen 0.916845 Sekunden gebraucht
bei 4 cores haben 1000 Messungen 0.865004 Sekunden gebraucht
bei 4 cores haben 1000 Messungen 0.954775 Sekunden gebraucht
bei 4 cores haben 1000 Messungen 0.932598 Sekunden gebraucht
bei 4 cores haben 1000 Messungen 0.932229 Sekunden gebraucht
bei 5 cores haben 1000 Messungen 0.939730 Sekunden gebraucht
bei 5 cores haben 1000 Messungen 0.951445 Sekunden gebraucht
bei 5 cores haben 1000 Messungen 0.952185 Sekunden gebraucht
bei 5 cores haben 1000 Messungen 0.951513 Sekunden gebraucht
bei 5 cores haben 1000 Messungen 0.947018 Sekunden gebraucht
bei 5 cores haben 1000 Messungen 0.946202 Sekunden gebraucht
bei 5 cores haben 1000 Messungen 0.939087 Sekunden gebraucht
bei 5 cores haben 1000 Messungen 0.946785 Sekunden gebraucht
bei 5 cores haben 1000 Messungen 0.954251 Sekunden gebraucht
bei 5 cores haben 1000 Messungen 0.946462 Sekunden gebraucht
bei 6 cores haben 1000 Messungen 0.891997 Sekunden gebraucht
bei 6 cores haben 1000 Messungen 0.899743 Sekunden gebraucht
bei 6 cores haben 1000 Messungen 0.816095 Sekunden gebraucht
bei 6 cores haben 1000 Messungen 0.894568 Sekunden gebraucht
bei 6 cores haben 1000 Messungen 0.896819 Sekunden gebraucht
bei 6 cores haben 1000 Messungen 0.893283 Sekunden gebraucht
bei 6 cores haben 1000 Messungen 0.902597 Sekunden gebraucht
bei 6 cores haben 1000 Messungen 0.906116 Sekunden gebraucht
bei 6 cores haben 1000 Messungen 0.905682 Sekunden gebraucht
bei 6 cores haben 1000 Messungen 0.904395 Sekunden gebraucht
bei 7 cores haben 1000 Messungen 0.904484 Sekunden gebraucht
bei 7 cores haben 1000 Messungen 0.900738 Sekunden gebraucht
bei 7 cores haben 1000 Messungen 0.909035 Sekunden gebraucht
bei 7 cores haben 1000 Messungen 0.902346 Sekunden gebraucht
bei 7 cores haben 1000 Messungen 1.290589 Sekunden gebraucht
bei 7 cores haben 1000 Messungen 0.900941 Sekunden gebraucht
bei 7 cores haben 1000 Messungen 0.902524 Sekunden gebraucht
bei 7 cores haben 1000 Messungen 0.978615 Sekunden gebraucht
bei 7 cores haben 1000 Messungen 0.902413 Sekunden gebraucht
bei 7 cores haben 1000 Messungen 0.904574 Sekunden gebraucht
bei 8 cores haben 1000 Messungen 0.895140 Sekunden gebraucht
bei 8 cores haben 1000 Messungen 1.056461 Sekunden gebraucht
bei 8 cores haben 1000 Messungen 1.046462 Sekunden gebraucht
bei 8 cores haben 1000 Messungen 0.892574 Sekunden gebraucht
bei 8 cores haben 1000 Messungen 0.893635 Sekunden gebraucht
bei 8 cores haben 1000 Messungen 0.893664 Sekunden gebraucht
bei 8 cores haben 1000 Messungen 0.891885 Sekunden gebraucht
bei 8 cores haben 1000 Messungen 0.905430 Sekunden gebraucht
bei 8 cores haben 1000 Messungen 0.892258 Sekunden gebraucht
bei 8 cores haben 1000 Messungen 0.896633 Sekunden gebraucht
bei 9 cores haben 1000 Messungen 0.895424 Sekunden gebraucht
bei 9 cores haben 1000 Messungen 0.896675 Sekunden gebraucht
bei 9 cores haben 1000 Messungen 1.190654 Sekunden gebraucht
bei 9 cores haben 1000 Messungen 0.893828 Sekunden gebraucht
bei 9 cores haben 1000 Messungen 0.891412 Sekunden gebraucht
bei 9 cores haben 1000 Messungen 0.890491 Sekunden gebraucht
bei 9 cores haben 1000 Messungen 0.896910 Sekunden gebraucht
bei 9 cores haben 1000 Messungen 0.891373 Sekunden gebraucht
bei 9 cores haben 1000 Messungen 0.925366 Sekunden gebraucht
bei 9 cores haben 1000 Messungen 0.887614 Sekunden gebraucht
bei 10 cores haben 1000 Messungen 0.898915 Sekunden gebraucht
bei 10 cores haben 1000 Messungen 0.884492 Sekunden gebraucht
bei 10 cores haben 1000 Messungen 0.886117 Sekunden gebraucht
bei 10 cores haben 1000 Messungen 0.887104 Sekunden gebraucht
bei 10 cores haben 1000 Messungen 0.895838 Sekunden gebraucht
bei 10 cores haben 1000 Messungen 0.899694 Sekunden gebraucht
bei 10 cores haben 1000 Messungen 0.898575 Sekunden gebraucht
bei 10 cores haben 1000 Messungen 0.887148 Sekunden gebraucht
bei 10 cores haben 1000 Messungen 0.887865 Sekunden gebraucht
bei 10 cores haben 1000 Messungen 0.888836 Sekunden gebraucht
bei 11 cores haben 1000 Messungen 0.892237 Sekunden gebraucht
bei 11 cores haben 1000 Messungen 0.894624 Sekunden gebraucht
bei 11 cores haben 1000 Messungen 0.891668 Sekunden gebraucht
bei 11 cores haben 1000 Messungen 0.892520 Sekunden gebraucht
bei 11 cores haben 1000 Messungen 0.892918 Sekunden gebraucht
bei 11 cores haben 1000 Messungen 0.890868 Sekunden gebraucht
bei 11 cores haben 1000 Messungen 0.901249 Sekunden gebraucht
bei 11 cores haben 1000 Messungen 0.889568 Sekunden gebraucht
bei 11 cores haben 1000 Messungen 0.889255 Sekunden gebraucht
bei 11 cores haben 1000 Messungen 0.891461 Sekunden gebraucht
bei 12 cores haben 1000 Messungen 0.891911 Sekunden gebraucht
bei 12 cores haben 1000 Messungen 0.883735 Sekunden gebraucht
bei 12 cores haben 1000 Messungen 0.885535 Sekunden gebraucht
bei 12 cores haben 1000 Messungen 0.896031 Sekunden gebraucht
bei 12 cores haben 1000 Messungen 0.885408 Sekunden gebraucht
bei 12 cores haben 1000 Messungen 0.884171 Sekunden gebraucht
bei 12 cores haben 1000 Messungen 0.896114 Sekunden gebraucht
bei 12 cores haben 1000 Messungen 0.884085 Sekunden gebraucht
bei 12 cores haben 1000 Messungen 0.883557 Sekunden gebraucht
bei 12 cores haben 1000 Messungen 0.884840 Sekunden gebraucht
Laenge=200
bei 1 cores haben 1000 Messungen 4.827653 Sekunden gebraucht
bei 1 cores haben 1000 Messungen 4.831679 Sekunden gebraucht
bei 1 cores haben 1000 Messungen 4.833775 Sekunden gebraucht
bei 1 cores haben 1000 Messungen 4.830052 Sekunden gebraucht
bei 1 cores haben 1000 Messungen 5.510817 Sekunden gebraucht
bei 1 cores haben 1000 Messungen 5.082743 Sekunden gebraucht
bei 1 cores haben 1000 Messungen 4.834298 Sekunden gebraucht
bei 1 cores haben 1000 Messungen 4.827997 Sekunden gebraucht
bei 1 cores haben 1000 Messungen 4.825044 Sekunden gebraucht
bei 1 cores haben 1000 Messungen 4.830593 Sekunden gebraucht
bei 2 cores haben 1000 Messungen 5.127129 Sekunden gebraucht
bei 2 cores haben 1000 Messungen 5.016465 Sekunden gebraucht
bei 2 cores haben 1000 Messungen 5.061217 Sekunden gebraucht
bei 2 cores haben 1000 Messungen 5.015436 Sekunden gebraucht
bei 2 cores haben 1000 Messungen 5.022133 Sekunden gebraucht
bei 2 cores haben 1000 Messungen 5.076365 Sekunden gebraucht
bei 2 cores haben 1000 Messungen 5.105931 Sekunden gebraucht
bei 2 cores haben 1000 Messungen 5.209093 Sekunden gebraucht
bei 2 cores haben 1000 Messungen 5.060835 Sekunden gebraucht
bei 2 cores haben 1000 Messungen 5.040633 Sekunden gebraucht
bei 3 cores haben 1000 Messungen 3.955437 Sekunden gebraucht
bei 3 cores haben 1000 Messungen 3.926710 Sekunden gebraucht
bei 3 cores haben 1000 Messungen 3.952548 Sekunden gebraucht
bei 3 cores haben 1000 Messungen 3.959901 Sekunden gebraucht
bei 3 cores haben 1000 Messungen 3.953571 Sekunden gebraucht
bei 3 cores haben 1000 Messungen 3.968985 Sekunden gebraucht
bei 3 cores haben 1000 Messungen 3.988369 Sekunden gebraucht
bei 3 cores haben 1000 Messungen 3.941624 Sekunden gebraucht
bei 3 cores haben 1000 Messungen 3.896929 Sekunden gebraucht
bei 3 cores haben 1000 Messungen 3.956253 Sekunden gebraucht
bei 4 cores haben 1000 Messungen 3.432257 Sekunden gebraucht
bei 4 cores haben 1000 Messungen 3.439514 Sekunden gebraucht
bei 4 cores haben 1000 Messungen 3.460135 Sekunden gebraucht
bei 4 cores haben 1000 Messungen 3.420193 Sekunden gebraucht
bei 4 cores haben 1000 Messungen 3.443896 Sekunden gebraucht
bei 4 cores haben 1000 Messungen 3.441257 Sekunden gebraucht
bei 4 cores haben 1000 Messungen 3.439668 Sekunden gebraucht
bei 4 cores haben 1000 Messungen 3.459296 Sekunden gebraucht
bei 4 cores haben 1000 Messungen 3.441272 Sekunden gebraucht
bei 4 cores haben 1000 Messungen 3.437277 Sekunden gebraucht
bei 5 cores haben 1000 Messungen 3.535180 Sekunden gebraucht
bei 5 cores haben 1000 Messungen 3.532429 Sekunden gebraucht
bei 5 cores haben 1000 Messungen 3.458766 Sekunden gebraucht
bei 5 cores haben 1000 Messungen 3.438856 Sekunden gebraucht
bei 5 cores haben 1000 Messungen 3.437733 Sekunden gebraucht
bei 5 cores haben 1000 Messungen 3.542974 Sekunden gebraucht
bei 5 cores haben 1000 Messungen 3.533517 Sekunden gebraucht
bei 5 cores haben 1000 Messungen 3.447006 Sekunden gebraucht
bei 5 cores haben 1000 Messungen 3.557780 Sekunden gebraucht
bei 5 cores haben 1000 Messungen 3.419335 Sekunden gebraucht
bei 6 cores haben 1000 Messungen 3.394319 Sekunden gebraucht
bei 6 cores haben 1000 Messungen 3.432431 Sekunden gebraucht
bei 6 cores haben 1000 Messungen 3.445114 Sekunden gebraucht
bei 6 cores haben 1000 Messungen 3.436527 Sekunden gebraucht
bei 6 cores haben 1000 Messungen 3.457641 Sekunden gebraucht
bei 6 cores haben 1000 Messungen 3.387156 Sekunden gebraucht
bei 6 cores haben 1000 Messungen 3.437970 Sekunden gebraucht
bei 6 cores haben 1000 Messungen 3.454100 Sekunden gebraucht
bei 6 cores haben 1000 Messungen 3.506188 Sekunden gebraucht
bei 6 cores haben 1000 Messungen 3.434152 Sekunden gebraucht
bei 7 cores haben 1000 Messungen 3.458033 Sekunden gebraucht
bei 7 cores haben 1000 Messungen 3.463587 Sekunden gebraucht
bei 7 cores haben 1000 Messungen 3.451233 Sekunden gebraucht
bei 7 cores haben 1000 Messungen 3.452421 Sekunden gebraucht
bei 7 cores haben 1000 Messungen 3.458917 Sekunden gebraucht
bei 7 cores haben 1000 Messungen 3.464272 Sekunden gebraucht
bei 7 cores haben 1000 Messungen 3.449135 Sekunden gebraucht
bei 7 cores haben 1000 Messungen 3.467907 Sekunden gebraucht
bei 7 cores haben 1000 Messungen 3.491834 Sekunden gebraucht
bei 7 cores haben 1000 Messungen 3.478813 Sekunden gebraucht
bei 8 cores haben 1000 Messungen 3.475609 Sekunden gebraucht
bei 8 cores haben 1000 Messungen 3.443308 Sekunden gebraucht
bei 8 cores haben 1000 Messungen 3.445443 Sekunden gebraucht
bei 8 cores haben 1000 Messungen 3.434953 Sekunden gebraucht
bei 8 cores haben 1000 Messungen 3.423905 Sekunden gebraucht
bei 8 cores haben 1000 Messungen 3.442920 Sekunden gebraucht
bei 8 cores haben 1000 Messungen 3.421666 Sekunden gebraucht
bei 8 cores haben 1000 Messungen 3.421790 Sekunden gebraucht
bei 8 cores haben 1000 Messungen 3.445485 Sekunden gebraucht
bei 8 cores haben 1000 Messungen 3.462498 Sekunden gebraucht
bei 9 cores haben 1000 Messungen 3.446330 Sekunden gebraucht
bei 9 cores haben 1000 Messungen 3.443880 Sekunden gebraucht
bei 9 cores haben 1000 Messungen 3.454970 Sekunden gebraucht
bei 9 cores haben 1000 Messungen 3.444831 Sekunden gebraucht
bei 9 cores haben 1000 Messungen 3.717277 Sekunden gebraucht
bei 9 cores haben 1000 Messungen 3.442744 Sekunden gebraucht
bei 9 cores haben 1000 Messungen 3.435299 Sekunden gebraucht
bei 9 cores haben 1000 Messungen 3.434783 Sekunden gebraucht
bei 9 cores haben 1000 Messungen 3.446613 Sekunden gebraucht
bei 9 cores haben 1000 Messungen 3.461471 Sekunden gebraucht
bei 10 cores haben 1000 Messungen 3.458031 Sekunden gebraucht
bei 10 cores haben 1000 Messungen 3.469465 Sekunden gebraucht
bei 10 cores haben 1000 Messungen 3.429083 Sekunden gebraucht
bei 10 cores haben 1000 Messungen 3.476950 Sekunden gebraucht
bei 10 cores haben 1000 Messungen 3.434866 Sekunden gebraucht
bei 10 cores haben 1000 Messungen 3.435518 Sekunden gebraucht
bei 10 cores haben 1000 Messungen 3.461671 Sekunden gebraucht
bei 10 cores haben 1000 Messungen 3.456337 Sekunden gebraucht
bei 10 cores haben 1000 Messungen 3.463485 Sekunden gebraucht
bei 10 cores haben 1000 Messungen 3.469247 Sekunden gebraucht
bei 11 cores haben 1000 Messungen 3.446766 Sekunden gebraucht
bei 11 cores haben 1000 Messungen 3.435074 Sekunden gebraucht
bei 11 cores haben 1000 Messungen 3.438405 Sekunden gebraucht
bei 11 cores haben 1000 Messungen 3.448839 Sekunden gebraucht
bei 11 cores haben 1000 Messungen 3.439741 Sekunden gebraucht
bei 11 cores haben 1000 Messungen 3.449683 Sekunden gebraucht
bei 11 cores haben 1000 Messungen 3.440211 Sekunden gebraucht
bei 11 cores haben 1000 Messungen 3.448642 Sekunden gebraucht
bei 11 cores haben 1000 Messungen 3.452126 Sekunden gebraucht
bei 11 cores haben 1000 Messungen 3.448802 Sekunden gebraucht
bei 12 cores haben 1000 Messungen 3.443653 Sekunden gebraucht
bei 12 cores haben 1000 Messungen 3.444042 Sekunden gebraucht
bei 12 cores haben 1000 Messungen 3.435624 Sekunden gebraucht
bei 12 cores haben 1000 Messungen 3.433254 Sekunden gebraucht
bei 12 cores haben 1000 Messungen 3.432359 Sekunden gebraucht
bei 12 cores haben 1000 Messungen 3.437617 Sekunden gebraucht
bei 12 cores haben 1000 Messungen 3.438716 Sekunden gebraucht
bei 12 cores haben 1000 Messungen 3.434458 Sekunden gebraucht
bei 12 cores haben 1000 Messungen 3.452975 Sekunden gebraucht
bei 12 cores haben 1000 Messungen 3.432085 Sekunden gebraucht
Laenge=500
bei 1 cores haben 1000 Messungen 30.313379 Sekunden gebraucht
bei 1 cores haben 1000 Messungen 30.430892 Sekunden gebraucht
bei 1 cores haben 1000 Messungen 30.323506 Sekunden gebraucht
bei 1 cores haben 1000 Messungen 30.508253 Sekunden gebraucht
bei 1 cores haben 1000 Messungen 30.167774 Sekunden gebraucht
bei 1 cores haben 1000 Messungen 30.655686 Sekunden gebraucht
bei 1 cores haben 1000 Messungen 30.788734 Sekunden gebraucht
bei 1 cores haben 1000 Messungen 30.774287 Sekunden gebraucht
bei 1 cores haben 1000 Messungen 30.316728 Sekunden gebraucht
bei 1 cores haben 1000 Messungen 30.621724 Sekunden gebraucht
bei 2 cores haben 1000 Messungen 30.533710 Sekunden gebraucht
bei 2 cores haben 1000 Messungen 30.314822 Sekunden gebraucht
bei 2 cores haben 1000 Messungen 30.324854 Sekunden gebraucht
bei 2 cores haben 1000 Messungen 30.323832 Sekunden gebraucht
bei 2 cores haben 1000 Messungen 30.355603 Sekunden gebraucht
bei 2 cores haben 1000 Messungen 30.322390 Sekunden gebraucht
bei 2 cores haben 1000 Messungen 30.593355 Sekunden gebraucht
bei 2 cores haben 1000 Messungen 30.352554 Sekunden gebraucht
bei 2 cores haben 1000 Messungen 30.355618 Sekunden gebraucht
bei 2 cores haben 1000 Messungen 30.487120 Sekunden gebraucht
bei 3 cores haben 1000 Messungen 22.683059 Sekunden gebraucht
bei 3 cores haben 1000 Messungen 22.725048 Sekunden gebraucht
bei 3 cores haben 1000 Messungen 22.739289 Sekunden gebraucht
bei 3 cores haben 1000 Messungen 22.756580 Sekunden gebraucht
bei 3 cores haben 1000 Messungen 22.742017 Sekunden gebraucht
bei 3 cores haben 1000 Messungen 22.742873 Sekunden gebraucht
bei 3 cores haben 1000 Messungen 22.661202 Sekunden gebraucht
bei 3 cores haben 1000 Messungen 22.631195 Sekunden gebraucht
bei 3 cores haben 1000 Messungen 22.737455 Sekunden gebraucht
bei 3 cores haben 1000 Messungen 22.787725 Sekunden gebraucht
bei 4 cores haben 1000 Messungen 20.411753 Sekunden gebraucht
bei 4 cores haben 1000 Messungen 20.388954 Sekunden gebraucht
bei 4 cores haben 1000 Messungen 20.387517 Sekunden gebraucht
bei 4 cores haben 1000 Messungen 20.374056 Sekunden gebraucht
bei 4 cores haben 1000 Messungen 20.320647 Sekunden gebraucht
bei 4 cores haben 1000 Messungen 20.435783 Sekunden gebraucht
bei 4 cores haben 1000 Messungen 20.310045 Sekunden gebraucht
bei 4 cores haben 1000 Messungen 20.385079 Sekunden gebraucht
bei 4 cores haben 1000 Messungen 20.503992 Sekunden gebraucht
bei 4 cores haben 1000 Messungen 20.469213 Sekunden gebraucht
bei 5 cores haben 1000 Messungen 21.200356 Sekunden gebraucht
bei 5 cores haben 1000 Messungen 21.246743 Sekunden gebraucht
bei 5 cores haben 1000 Messungen 21.257792 Sekunden gebraucht
bei 5 cores haben 1000 Messungen 21.247003 Sekunden gebraucht
bei 5 cores haben 1000 Messungen 21.279891 Sekunden gebraucht
bei 5 cores haben 1000 Messungen 21.208642 Sekunden gebraucht
bei 5 cores haben 1000 Messungen 21.265973 Sekunden gebraucht
bei 5 cores haben 1000 Messungen 21.258678 Sekunden gebraucht
bei 5 cores haben 1000 Messungen 21.144968 Sekunden gebraucht
bei 5 cores haben 1000 Messungen 21.262347 Sekunden gebraucht
bei 6 cores haben 1000 Messungen 20.985386 Sekunden gebraucht
bei 6 cores haben 1000 Messungen 21.152543 Sekunden gebraucht
bei 6 cores haben 1000 Messungen 21.095005 Sekunden gebraucht
bei 6 cores haben 1000 Messungen 20.881715 Sekunden gebraucht
bei 6 cores haben 1000 Messungen 20.811145 Sekunden gebraucht
bei 6 cores haben 1000 Messungen 20.763255 Sekunden gebraucht
bei 6 cores haben 1000 Messungen 20.999603 Sekunden gebraucht
bei 6 cores haben 1000 Messungen 21.026344 Sekunden gebraucht
bei 6 cores haben 1000 Messungen 20.762695 Sekunden gebraucht
bei 6 cores haben 1000 Messungen 20.825526 Sekunden gebraucht
bei 7 cores haben 1000 Messungen 20.913258 Sekunden gebraucht
bei 7 cores haben 1000 Messungen 20.935661 Sekunden gebraucht
bei 7 cores haben 1000 Messungen 20.877951 Sekunden gebraucht
bei 7 cores haben 1000 Messungen 20.987766 Sekunden gebraucht
bei 7 cores haben 1000 Messungen 21.094654 Sekunden gebraucht
bei 7 cores haben 1000 Messungen 21.032890 Sekunden gebraucht
bei 7 cores haben 1000 Messungen 21.055663 Sekunden gebraucht
bei 7 cores haben 1000 Messungen 20.965150 Sekunden gebraucht
bei 7 cores haben 1000 Messungen 20.959790 Sekunden gebraucht
bei 7 cores haben 1000 Messungen 20.976176 Sekunden gebraucht
bei 8 cores haben 1000 Messungen 20.910475 Sekunden gebraucht
bei 8 cores haben 1000 Messungen 20.977509 Sekunden gebraucht
bei 8 cores haben 1000 Messungen 20.842277 Sekunden gebraucht
bei 8 cores haben 1000 Messungen 20.934369 Sekunden gebraucht
bei 8 cores haben 1000 Messungen 20.809715 Sekunden gebraucht
bei 8 cores haben 1000 Messungen 20.883861 Sekunden gebraucht
bei 8 cores haben 1000 Messungen 20.869694 Sekunden gebraucht
bei 8 cores haben 1000 Messungen 20.697686 Sekunden gebraucht
bei 8 cores haben 1000 Messungen 20.799936 Sekunden gebraucht
bei 8 cores haben 1000 Messungen 21.028038 Sekunden gebraucht
bei 9 cores haben 1000 Messungen 20.990504 Sekunden gebraucht
bei 9 cores haben 1000 Messungen 21.014297 Sekunden gebraucht
bei 9 cores haben 1000 Messungen 20.961402 Sekunden gebraucht
bei 9 cores haben 1000 Messungen 21.000888 Sekunden gebraucht
bei 9 cores haben 1000 Messungen 21.000511 Sekunden gebraucht
bei 9 cores haben 1000 Messungen 20.960194 Sekunden gebraucht
bei 9 cores haben 1000 Messungen 20.983541 Sekunden gebraucht
bei 9 cores haben 1000 Messungen 20.969509 Sekunden gebraucht
bei 9 cores haben 1000 Messungen 20.976156 Sekunden gebraucht
bei 9 cores haben 1000 Messungen 20.990512 Sekunden gebraucht
bei 10 cores haben 1000 Messungen 21.154405 Sekunden gebraucht
bei 10 cores haben 1000 Messungen 21.051559 Sekunden gebraucht
bei 10 cores haben 1000 Messungen 21.045029 Sekunden gebraucht
bei 10 cores haben 1000 Messungen 21.041957