Tue Jun 23 12:58:43 CEST 2020 Waiting for 30 seconds before starting the job to allow the node to settle down
Tue Jun 23 12:59:13 CEST 2020 Waiting done, starting task!
Tue Jun 23 12:59:13 CEST 2020 Waiting for 30 seconds before starting the job to allow the node to settle down
Tue Jun 23 12:59:43 CEST 2020 Waiting done, starting task!
Laenge=384	Temperatur=4.500000
bei 1 cores haben 1000 Messungen 9.545399 Sekunden gebraucht
bei 1 cores haben 1000 Messungen 9.701009 Sekunden gebraucht
bei 1 cores haben 1000 Messungen 9.533414 Sekunden gebraucht
bei 1 cores haben 1000 Messungen 9.248523 Sekunden gebraucht
bei 1 cores haben 1000 Messungen 9.248902 Sekunden gebraucht
bei 2 cores haben 1000 Messungen 10.242187 Sekunden gebraucht
bei 2 cores haben 1000 Messungen 10.376573 Sekunden gebraucht
bei 2 cores haben 1000 Messungen 10.388645 Sekunden gebraucht
bei 2 cores haben 1000 Messungen 10.158094 Sekunden gebraucht
bei 2 cores haben 1000 Messungen 10.309194 Sekunden gebraucht
bei 3 cores haben 1000 Messungen 6.266138 Sekunden gebraucht
bei 3 cores haben 1000 Messungen 5.943556 Sekunden gebraucht
bei 3 cores haben 1000 Messungen 6.436035 Sekunden gebraucht
bei 3 cores haben 1000 Messungen 5.623857 Sekunden gebraucht
bei 3 cores haben 1000 Messungen 5.912884 Sekunden gebraucht
bei 4 cores haben 1000 Messungen 4.995543 Sekunden gebraucht
bei 4 cores haben 1000 Messungen 5.084725 Sekunden gebraucht
bei 4 cores haben 1000 Messungen 5.089454 Sekunden gebraucht
bei 4 cores haben 1000 Messungen 4.989863 Sekunden gebraucht
bei 4 cores haben 1000 Messungen 5.051194 Sekunden gebraucht
bei 5 cores haben 1000 Messungen 5.023671 Sekunden gebraucht
bei 5 cores haben 1000 Messungen 4.382033 Sekunden gebraucht
bei 5 cores haben 1000 Messungen 4.817422 Sekunden gebraucht
bei 5 cores haben 1000 Messungen 4.976194 Sekunden gebraucht
bei 5 cores haben 1000 Messungen 4.672997 Sekunden gebraucht
bei 6 cores haben 1000 Messungen 4.360941 Sekunden gebraucht
bei 6 cores haben 1000 Messungen 4.417768 Sekunden gebraucht
bei 6 cores haben 1000 Messungen 4.558843 Sekunden gebraucht
bei 6 cores haben 1000 Messungen 4.490207 Sekunden gebraucht
bei 6 cores haben 1000 Messungen 4.277407 Sekunden gebraucht
bei 7 cores haben 1000 Messungen 4.076173 Sekunden gebraucht
bei 7 cores haben 1000 Messungen 3.933876 Sekunden gebraucht
bei 7 cores haben 1000 Messungen 3.668777 Sekunden gebraucht
bei 7 cores haben 1000 Messungen 3.621516 Sekunden gebraucht
bei 7 cores haben 1000 Messungen 3.740865 Sekunden gebraucht
bei 8 cores haben 1000 Messungen 3.435284 Sekunden gebraucht
bei 8 cores haben 1000 Messungen 3.346710 Sekunden gebraucht
bei 8 cores haben 1000 Messungen 3.210052 Sekunden gebraucht
bei 8 cores haben 1000 Messungen 3.164293 Sekunden gebraucht
bei 8 cores haben 1000 Messungen 2.535386 Sekunden gebraucht
bei 9 cores haben 1000 Messungen 2.954277 Sekunden gebraucht
bei 9 cores haben 1000 Messungen 3.147391 Sekunden gebraucht
bei 9 cores haben 1000 Messungen 3.253420 Sekunden gebraucht
bei 9 cores haben 1000 Messungen 3.169871 Sekunden gebraucht
bei 9 cores haben 1000 Messungen 3.104810 Sekunden gebraucht
bei 10 cores haben 1000 Messungen 2.928329 Sekunden gebraucht
bei 10 cores haben 1000 Messungen 2.850613 Sekunden gebraucht
bei 10 cores haben 1000 Messungen 2.835437 Sekunden gebraucht
bei 10 cores haben 1000 Messungen 2.899165 Sekunden gebraucht
bei 10 cores haben 1000 Messungen 2.930550 Sekunden gebraucht
bei 11 cores haben 1000 Messungen 2.853169 Sekunden gebraucht
bei 11 cores haben 1000 Messungen 2.866577 Sekunden gebraucht
bei 11 cores haben 1000 Messungen 2.679645 Sekunden gebraucht
bei 11 cores haben 1000 Messungen 2.689943 Sekunden gebraucht
bei 11 cores haben 1000 Messungen 2.656802 Sekunden gebraucht
bei 12 cores haben 1000 Messungen 2.527965 Sekunden gebraucht
bei 12 cores haben 1000 Messungen 2.540135 Sekunden gebraucht
bei 12 cores haben 1000 Messungen 2.578615 Sekunden gebraucht
bei 12 cores haben 1000 Messungen 2.584819 Sekunden gebraucht
bei 12 cores haben 1000 Messungen 2.596885 Sekunden gebraucht
/hiskp4/gross/bachelorarbeit
