Tue Jul 21 18:01:57 CEST 2020 Waiting for 30 seconds before starting the job to allow the node to settle down
Tue Jul 21 18:02:27 CEST 2020 Waiting done, starting task!
48 1
Tue Jul 21 18:02:27 CEST 2020 Waiting for 30 seconds before starting the job to allow the node to settle down
Tue Jul 21 18:02:57 CEST 2020 Waiting done, starting task!
3 0
48
48 2
Tue Jul 21 18:03:00 CEST 2020 Waiting for 30 seconds before starting the job to allow the node to settle down
Tue Jul 21 18:03:00 CEST 2020 Waiting for 30 seconds before starting the job to allow the node to settle down
Tue Jul 21 18:03:30 CEST 2020 Waiting done, starting task!
Tue Jul 21 18:03:30 CEST 2020 Waiting done, starting task!
3 0
3 1
48
48 3
Tue Jul 21 18:03:32 CEST 2020 Waiting for 30 seconds before starting the job to allow the node to settle down
Tue Jul 21 18:03:32 CEST 2020 Waiting for 30 seconds before starting the job to allow the node to settle down
Tue Jul 21 18:03:32 CEST 2020 Waiting for 30 seconds before starting the job to allow the node to settle down
Tue Jul 21 18:04:02 CEST 2020 Waiting done, starting task!
Tue Jul 21 18:04:02 CEST 2020 Waiting done, starting task!
Tue Jul 21 18:04:02 CEST 2020 Waiting done, starting task!
3 0
3 1
3 2
48
48 4
Tue Jul 21 18:04:03 CEST 2020 Waiting for 30 seconds before starting the job to allow the node to settle down
Tue Jul 21 18:04:03 CEST 2020 Waiting for 30 seconds before starting the job to allow the node to settle down
Tue Jul 21 18:04:03 CEST 2020 Waiting for 30 seconds before starting the job to allow the node to settle down
Tue Jul 21 18:04:03 CEST 2020 Waiting for 30 seconds before starting the job to allow the node to settle down
Tue Jul 21 18:04:33 CEST 2020 Waiting done, starting task!
Tue Jul 21 18:04:33 CEST 2020 Waiting done, starting task!
Tue Jul 21 18:04:33 CEST 2020 Waiting done, starting task!
Tue Jul 21 18:04:33 CEST 2020 Waiting done, starting task!
3 0
3 1
3 2
3 3
48
48 6
Tue Jul 21 18:04:35 CEST 2020 Waiting for 30 seconds before starting the job to allow the node to settle down
Tue Jul 21 18:04:35 CEST 2020 Waiting for 30 seconds before starting the job to allow the node to settle down
Tue Jul 21 18:04:35 CEST 2020 Waiting for 30 seconds before starting the job to allow the node to settle down
Tue Jul 21 18:04:35 CEST 2020 Waiting for 30 seconds before starting the job to allow the node to settle down
Tue Jul 21 18:04:35 CEST 2020 Waiting for 30 seconds before starting the job to allow the node to settle down
Tue Jul 21 18:04:35 CEST 2020 Waiting for 30 seconds before starting the job to allow the node to settle down
Tue Jul 21 18:05:05 CEST 2020 Waiting done, starting task!
Tue Jul 21 18:05:05 CEST 2020 Waiting done, starting task!
Tue Jul 21 18:05:05 CEST 2020 Waiting done, starting task!
Tue Jul 21 18:05:05 CEST 2020 Waiting done, starting task!
Tue Jul 21 18:05:05 CEST 2020 Waiting done, starting task!
Tue Jul 21 18:05:05 CEST 2020 Waiting done, starting task!
3 3
3 2
3 0
3 1
3 5
3 4
48
48 8
Tue Jul 21 18:05:07 CEST 2020 Waiting for 30 seconds before starting the job to allow the node to settle down
Tue Jul 21 18:05:07 CEST 2020 Waiting for 30 seconds before starting the job to allow the node to settle down
Tue Jul 21 18:05:07 CEST 2020 Waiting for 30 seconds before starting the job to allow the node to settle down
Tue Jul 21 18:05:07 CEST 2020 Waiting for 30 seconds before starting the job to allow the node to settle down
Tue Jul 21 18:05:07 CEST 2020 Waiting for 30 seconds before starting the job to allow the node to settle down
Tue Jul 21 18:05:07 CEST 2020 Waiting for 30 seconds before starting the job to allow the node to settle down
Tue Jul 21 18:05:07 CEST 2020 Waiting for 30 seconds before starting the job to allow the node to settle down
Tue Jul 21 18:05:07 CEST 2020 Waiting for 30 seconds before starting the job to allow the node to settle down
Tue Jul 21 18:05:37 CEST 2020 Waiting done, starting task!
Tue Jul 21 18:05:37 CEST 2020 Waiting done, starting task!
Tue Jul 21 18:05:37 CEST 2020 Waiting done, starting task!
Tue Jul 21 18:05:37 CEST 2020 Waiting done, starting task!
Tue Jul 21 18:05:37 CEST 2020 Waiting done, starting task!
Tue Jul 21 18:05:37 CEST 2020 Waiting done, starting task!
Tue Jul 21 18:05:37 CEST 2020 Waiting done, starting task!
Tue Jul 21 18:05:37 CEST 2020 Waiting done, starting task!
3 1
3 6
3 0
3 7
3 3
3 2
3 4
3 5
48
48 12
Tue Jul 21 18:05:39 CEST 2020 Waiting for 30 seconds before starting the job to allow the node to settle down
Tue Jul 21 18:05:39 CEST 2020 Waiting for 30 seconds before starting the job to allow the node to settle down
Tue Jul 21 18:05:39 CEST 2020 Waiting for 30 seconds before starting the job to allow the node to settle down
Tue Jul 21 18:05:39 CEST 2020 Waiting for 30 seconds before starting the job to allow the node to settle down
Tue Jul 21 18:05:39 CEST 2020 Waiting for 30 seconds before starting the job to allow the node to settle down
Tue Jul 21 18:05:39 CEST 2020 Waiting for 30 seconds before starting the job to allow the node to settle down
Tue Jul 21 18:05:39 CEST 2020 Waiting for 30 seconds before starting the job to allow the node to settle down
Tue Jul 21 18:05:39 CEST 2020 Waiting for 30 seconds before starting the job to allow the node to settle down
Tue Jul 21 18:05:39 CEST 2020 Waiting for 30 seconds before starting the job to allow the node to settle down
Tue Jul 21 18:05:39 CEST 2020 Waiting for 30 seconds before starting the job to allow the node to settle down
Tue Jul 21 18:05:39 CEST 2020 Waiting for 30 seconds before starting the job to allow the node to settle down
Tue Jul 21 18:05:39 CEST 2020 Waiting for 30 seconds before starting the job to allow the node to settle down
Tue Jul 21 18:06:09 CEST 2020 Waiting done, starting task!
Tue Jul 21 18:06:09 CEST 2020 Waiting done, starting task!
Tue Jul 21 18:06:09 CEST 2020 Waiting done, starting task!
Tue Jul 21 18:06:09 CEST 2020 Waiting done, starting task!
Tue Jul 21 18:06:09 CEST 2020 Waiting done, starting task!
Tue Jul 21 18:06:09 CEST 2020 Waiting done, starting task!
Tue Jul 21 18:06:09 CEST 2020 Waiting done, starting task!
Tue Jul 21 18:06:09 CEST 2020 Waiting done, starting task!
Tue Jul 21 18:06:09 CEST 2020 Waiting done, starting task!
Tue Jul 21 18:06:09 CEST 2020 Waiting done, starting task!
Tue Jul 21 18:06:09 CEST 2020 Waiting done, starting task!
Tue Jul 21 18:06:09 CEST 2020 Waiting done, starting task!
3 7
3 0
3 2
3 11
3 6
3 10
3 8
3 9
3 4
3 3
3 5
3 1
48
48 16
Tue Jul 21 18:06:12 CEST 2020 Waiting for 30 seconds before starting the job to allow the node to settle down
Tue Jul 21 18:06:12 CEST 2020 Waiting for 30 seconds before starting the job to allow the node to settle down
Tue Jul 21 18:06:12 CEST 2020 Waiting for 30 seconds before starting the job to allow the node to settle down
Tue Jul 21 18:06:12 CEST 2020 Waiting for 30 seconds before starting the job to allow the node to settle down
Tue Jul 21 18:06:12 CEST 2020 Waiting for 30 seconds before starting the job to allow the node to settle down
Tue Jul 21 18:06:12 CEST 2020 Waiting for 30 seconds before starting the job to allow the node to settle down
Tue Jul 21 18:06:12 CEST 2020 Waiting for 30 seconds before starting the job to allow the node to settle down
Tue Jul 21 18:06:12 CEST 2020 Waiting for 30 seconds before starting the job to allow the node to settle down
Tue Jul 21 18:06:12 CEST 2020 Waiting for 30 seconds before starting the job to allow the node to settle down
Tue Jul 21 18:06:12 CEST 2020 Waiting for 30 seconds before starting the job to allow the node to settle down
Tue Jul 21 18:06:12 CEST 2020 Waiting for 30 seconds before starting the job to allow the node to settle down
Tue Jul 21 18:06:12 CEST 2020 Waiting for 30 seconds before starting the job to allow the node to settle down
Tue Jul 21 18:06:12 CEST 2020 Waiting for 30 seconds before starting the job to allow the node to settle down
Tue Jul 21 18:06:12 CEST 2020 Waiting for 30 seconds before starting the job to allow the node to settle down
Tue Jul 21 18:06:12 CEST 2020 Waiting for 30 seconds before starting the job to allow the node to settle down
Tue Jul 21 18:06:12 CEST 2020 Waiting for 30 seconds before starting the job to allow the node to settle down
Tue Jul 21 18:06:42 CEST 2020 Waiting done, starting task!
Tue Jul 21 18:06:42 CEST 2020 Waiting done, starting task!
Tue Jul 21 18:06:42 CEST 2020 Waiting done, starting task!
Tue Jul 21 18:06:42 CEST 2020 Waiting done, starting task!
Tue Jul 21 18:06:42 CEST 2020 Waiting done, starting task!
Tue Jul 21 18:06:42 CEST 2020 Waiting done, starting task!
Tue Jul 21 18:06:42 CEST 2020 Waiting done, starting task!
Tue Jul 21 18:06:42 CEST 2020 Waiting done, starting task!
Tue Jul 21 18:06:42 CEST 2020 Waiting done, starting task!
Tue Jul 21 18:06:42 CEST 2020 Waiting done, starting task!
Tue Jul 21 18:06:42 CEST 2020 Waiting done, starting task!
Tue Jul 21 18:06:42 CEST 2020 Waiting done, starting task!
Tue Jul 21 18:06:42 CEST 2020 Waiting done, starting task!
Tue Jul 21 18:06:42 CEST 2020 Waiting done, starting task!
Tue Jul 21 18:06:42 CEST 2020 Waiting done, starting task!
Tue Jul 21 18:06:42 CEST 2020 Waiting done, starting task!
3 1
3 2
3 10
3 11
3 12
3 0
3 13
3 14
3 15
3 3
3 7
3 9
3 5
3 6
3 8
3 4
48
/hiskp4/gross/bachelorarbeit
