Wed Jun 10 21:31:21 CEST 2020 Waiting for 30 seconds before starting the job to allow the node to settle down
Wed Jun 10 21:31:51 CEST 2020 Waiting done, starting task!
Wed Jun 10 21:31:52 CEST 2020 Waiting for 30 seconds before starting the job to allow the node to settle down
Wed Jun 10 21:32:22 CEST 2020 Waiting done, starting task!
Laenge=10
bei 1 cores haben 1000 Messungen 0.011338 Sekunden gebraucht
bei 1 cores haben 1000 Messungen 0.011652 Sekunden gebraucht
bei 1 cores haben 1000 Messungen 0.010971 Sekunden gebraucht
bei 1 cores haben 1000 Messungen 0.013624 Sekunden gebraucht
bei 1 cores haben 1000 Messungen 0.012787 Sekunden gebraucht
bei 2 cores haben 1000 Messungen 0.024683 Sekunden gebraucht
bei 2 cores haben 1000 Messungen 0.021432 Sekunden gebraucht
bei 2 cores haben 1000 Messungen 0.020482 Sekunden gebraucht
bei 2 cores haben 1000 Messungen 0.019400 Sekunden gebraucht
bei 2 cores haben 1000 Messungen 0.017775 Sekunden gebraucht
bei 3 cores haben 1000 Messungen 0.017407 Sekunden gebraucht
bei 3 cores haben 1000 Messungen 0.017284 Sekunden gebraucht
bei 3 cores haben 1000 Messungen 0.017258 Sekunden gebraucht
bei 3 cores haben 1000 Messungen 0.017223 Sekunden gebraucht
bei 3 cores haben 1000 Messungen 0.017271 Sekunden gebraucht
bei 4 cores haben 1000 Messungen 0.016413 Sekunden gebraucht
bei 4 cores haben 1000 Messungen 0.016307 Sekunden gebraucht
bei 4 cores haben 1000 Messungen 0.016254 Sekunden gebraucht
bei 4 cores haben 1000 Messungen 0.016220 Sekunden gebraucht
bei 4 cores haben 1000 Messungen 0.016663 Sekunden gebraucht
bei 5 cores haben 1000 Messungen 0.020020 Sekunden gebraucht
bei 5 cores haben 1000 Messungen 0.016619 Sekunden gebraucht
bei 5 cores haben 1000 Messungen 0.016324 Sekunden gebraucht
bei 5 cores haben 1000 Messungen 0.016253 Sekunden gebraucht
bei 5 cores haben 1000 Messungen 0.016365 Sekunden gebraucht
bei 6 cores haben 1000 Messungen 0.015806 Sekunden gebraucht
bei 6 cores haben 1000 Messungen 0.017936 Sekunden gebraucht
bei 6 cores haben 1000 Messungen 0.018112 Sekunden gebraucht
bei 6 cores haben 1000 Messungen 0.017260 Sekunden gebraucht
bei 6 cores haben 1000 Messungen 0.016764 Sekunden gebraucht
bei 7 cores haben 1000 Messungen 0.018270 Sekunden gebraucht
bei 7 cores haben 1000 Messungen 0.017687 Sekunden gebraucht
bei 7 cores haben 1000 Messungen 0.017328 Sekunden gebraucht
bei 7 cores haben 1000 Messungen 0.017104 Sekunden gebraucht
bei 7 cores haben 1000 Messungen 0.017279 Sekunden gebraucht
bei 8 cores haben 1000 Messungen 0.015072 Sekunden gebraucht
bei 8 cores haben 1000 Messungen 0.014823 Sekunden gebraucht
bei 8 cores haben 1000 Messungen 0.014857 Sekunden gebraucht
bei 8 cores haben 1000 Messungen 0.014826 Sekunden gebraucht
bei 8 cores haben 1000 Messungen 0.014948 Sekunden gebraucht
bei 9 cores haben 1000 Messungen 0.020113 Sekunden gebraucht
bei 9 cores haben 1000 Messungen 0.019694 Sekunden gebraucht
bei 9 cores haben 1000 Messungen 0.019945 Sekunden gebraucht
bei 9 cores haben 1000 Messungen 0.020720 Sekunden gebraucht
bei 9 cores haben 1000 Messungen 0.019843 Sekunden gebraucht
bei 10 cores haben 1000 Messungen 0.018215 Sekunden gebraucht
bei 10 cores haben 1000 Messungen 0.018142 Sekunden gebraucht
bei 10 cores haben 1000 Messungen 0.017868 Sekunden gebraucht
bei 10 cores haben 1000 Messungen 0.018791 Sekunden gebraucht
bei 10 cores haben 1000 Messungen 0.018860 Sekunden gebraucht
bei 11 cores haben 1000 Messungen 0.022775 Sekunden gebraucht
bei 11 cores haben 1000 Messungen 0.022382 Sekunden gebraucht
bei 11 cores haben 1000 Messungen 0.022285 Sekunden gebraucht
bei 11 cores haben 1000 Messungen 0.022427 Sekunden gebraucht
bei 11 cores haben 1000 Messungen 0.022555 Sekunden gebraucht
bei 12 cores haben 1000 Messungen 0.019983 Sekunden gebraucht
bei 12 cores haben 1000 Messungen 0.019885 Sekunden gebraucht
bei 12 cores haben 1000 Messungen 0.019930 Sekunden gebraucht
bei 12 cores haben 1000 Messungen 0.019922 Sekunden gebraucht
bei 12 cores haben 1000 Messungen 0.020013 Sekunden gebraucht
Laenge=100
bei 1 cores haben 1000 Messungen 0.655313 Sekunden gebraucht
bei 1 cores haben 1000 Messungen 0.653780 Sekunden gebraucht
bei 1 cores haben 1000 Messungen 0.653579 Sekunden gebraucht
bei 1 cores haben 1000 Messungen 0.654095 Sekunden gebraucht
bei 1 cores haben 1000 Messungen 0.653606 Sekunden gebraucht
bei 2 cores haben 1000 Messungen 0.926626 Sekunden gebraucht
bei 2 cores haben 1000 Messungen 0.997023 Sekunden gebraucht
bei 2 cores haben 1000 Messungen 0.999357 Sekunden gebraucht
bei 2 cores haben 1000 Messungen 1.048154 Sekunden gebraucht
bei 2 cores haben 1000 Messungen 1.044102 Sekunden gebraucht
bei 3 cores haben 1000 Messungen 0.856977 Sekunden gebraucht
bei 3 cores haben 1000 Messungen 0.850452 Sekunden gebraucht
bei 3 cores haben 1000 Messungen 0.840507 Sekunden gebraucht
bei 3 cores haben 1000 Messungen 0.845605 Sekunden gebraucht
bei 3 cores haben 1000 Messungen 0.858837 Sekunden gebraucht
bei 4 cores haben 1000 Messungen 0.855333 Sekunden gebraucht
bei 4 cores haben 1000 Messungen 0.787195 Sekunden gebraucht
bei 4 cores haben 1000 Messungen 0.776572 Sekunden gebraucht
bei 4 cores haben 1000 Messungen 0.783012 Sekunden gebraucht
bei 4 cores haben 1000 Messungen 0.760686 Sekunden gebraucht
bei 5 cores haben 1000 Messungen 0.829271 Sekunden gebraucht
bei 5 cores haben 1000 Messungen 0.833470 Sekunden gebraucht
bei 5 cores haben 1000 Messungen 0.856132 Sekunden gebraucht
bei 5 cores haben 1000 Messungen 0.818793 Sekunden gebraucht
bei 5 cores haben 1000 Messungen 0.832309 Sekunden gebraucht
bei 6 cores haben 1000 Messungen 0.799160 Sekunden gebraucht
bei 6 cores haben 1000 Messungen 0.753983 Sekunden gebraucht
bei 6 cores haben 1000 Messungen 0.817058 Sekunden gebraucht
bei 6 cores haben 1000 Messungen 0.827800 Sekunden gebraucht
bei 6 cores haben 1000 Messungen 0.787711 Sekunden gebraucht
bei 7 cores haben 1000 Messungen 0.895360 Sekunden gebraucht
bei 7 cores haben 1000 Messungen 0.800313 Sekunden gebraucht
bei 7 cores haben 1000 Messungen 0.839524 Sekunden gebraucht
bei 7 cores haben 1000 Messungen 0.851067 Sekunden gebraucht
bei 7 cores haben 1000 Messungen 0.863122 Sekunden gebraucht
bei 8 cores haben 1000 Messungen 0.837275 Sekunden gebraucht
bei 8 cores haben 1000 Messungen 0.870537 Sekunden gebraucht
bei 8 cores haben 1000 Messungen 0.867760 Sekunden gebraucht
bei 8 cores haben 1000 Messungen 0.864151 Sekunden gebraucht
bei 8 cores haben 1000 Messungen 0.851072 Sekunden gebraucht
bei 9 cores haben 1000 Messungen 0.871309 Sekunden gebraucht
bei 9 cores haben 1000 Messungen 0.865839 Sekunden gebraucht
bei 9 cores haben 1000 Messungen 0.866329 Sekunden gebraucht
bei 9 cores haben 1000 Messungen 0.871176 Sekunden gebraucht
bei 9 cores haben 1000 Messungen 0.889599 Sekunden gebraucht
bei 10 cores haben 1000 Messungen 0.881870 Sekunden gebraucht
bei 10 cores haben 1000 Messungen 0.897611 Sekunden gebraucht
bei 10 cores haben 1000 Messungen 0.896508 Sekunden gebraucht
bei 10 cores haben 1000 Messungen 0.898125 Sekunden gebraucht
bei 10 cores haben 1000 Messungen 0.896227 Sekunden gebraucht
bei 11 cores haben 1000 Messungen 0.891041 Sekunden gebraucht
bei 11 cores haben 1000 Messungen 0.909702 Sekunden gebraucht
bei 11 cores haben 1000 Messungen 0.884787 Sekunden gebraucht
bei 11 cores haben 1000 Messungen 0.881155 Sekunden gebraucht
bei 11 cores haben 1000 Messungen 0.900766 Sekunden gebraucht
bei 12 cores haben 1000 Messungen 0.891768 Sekunden gebraucht
bei 12 cores haben 1000 Messungen 0.889636 Sekunden gebraucht
bei 12 cores haben 1000 Messungen 0.898223 Sekunden gebraucht
bei 12 cores haben 1000 Messungen 0.887735 Sekunden gebraucht
bei 12 cores haben 1000 Messungen 0.889826 Sekunden gebraucht
Laenge=500
bei 1 cores haben 1000 Messungen 16.334625 Sekunden gebraucht
bei 1 cores haben 1000 Messungen 16.242939 Sekunden gebraucht
bei 1 cores haben 1000 Messungen 16.243716 Sekunden gebraucht
bei 1 cores haben 1000 Messungen 16.415976 Sekunden gebraucht
bei 1 cores haben 1000 Messungen 16.247922 Sekunden gebraucht
bei 2 cores haben 1000 Messungen 24.696444 Sekunden gebraucht
bei 2 cores haben 1000 Messungen 24.850142 Sekunden gebraucht
bei 2 cores haben 1000 Messungen 24.847658 Sekunden gebraucht
bei 2 cores haben 1000 Messungen 24.933922 Sekunden gebraucht
bei 2 cores haben 1000 Messungen 24.824773 Sekunden gebraucht
bei 3 cores haben 1000 Messungen 21.401296 Sekunden gebraucht
bei 3 cores haben 1000 Messungen 21.474777 Sekunden gebraucht
bei 3 cores haben 1000 Messungen 21.698676 Sekunden gebraucht
bei 3 cores haben 1000 Messungen 21.422063 Sekunden gebraucht
bei 3 cores haben 1000 Messungen 21.415127 Sekunden gebraucht
bei 4 cores haben 1000 Messungen 19.284687 Sekunden gebraucht
bei 4 cores haben 1000 Messungen 19.304805 Sekunden gebraucht
bei 4 cores haben 1000 Messungen 19.066067 Sekunden gebraucht
bei 4 cores haben 1000 Messungen 19.180193 Sekunden gebraucht
bei 4 cores haben 1000 Messungen 19.012587 Sekunden gebraucht
bei 5 cores haben 1000 Messungen 20.959048 Sekunden gebraucht
bei 5 cores haben 1000 Messungen 21.056008 Sekunden gebraucht
bei 5 cores haben 1000 Messungen 21.000011 Sekunden gebraucht
bei 5 cores haben 1000 Messungen 21.128408 Sekunden gebraucht
bei 5 cores haben 1000 Messungen 21.141733 Sekunden gebraucht
bei 6 cores haben 1000 Messungen 20.200421 Sekunden gebraucht
bei 6 cores haben 1000 Messungen 20.167781 Sekunden gebraucht
bei 6 cores haben 1000 Messungen 20.217574 Sekunden gebraucht
bei 6 cores haben 1000 Messungen 20.226887 Sekunden gebraucht
bei 6 cores haben 1000 Messungen 20.131832 Sekunden gebraucht
bei 7 cores haben 1000 Messungen 21.239137 Sekunden gebraucht
bei 7 cores haben 1000 Messungen 21.654908 Sekunden gebraucht
bei 7 cores haben 1000 Messungen 22.206561 Sekunden gebraucht
bei 7 cores haben 1000 Messungen 21.972125 Sekunden gebraucht
bei 7 cores haben 1000 Messungen 22.127423 Sekunden gebraucht
bei 8 cores haben 1000 Messungen 21.193295 Sekunden gebraucht
bei 8 cores haben 1000 Messungen 21.191653 Sekunden gebraucht
bei 8 cores haben 1000 Messungen 21.164387 Sekunden gebraucht
bei 8 cores haben 1000 Messungen 21.808847 Sekunden gebraucht
bei 8 cores haben 1000 Messungen 21.150405 Sekunden gebraucht
bei 9 cores haben 1000 Messungen 21.969216 Sekunden gebraucht
bei 9 cores haben 1000 Messungen 21.934030 Sekunden gebraucht
bei 9 cores haben 1000 Messungen 22.100407 Sekunden gebraucht
bei 9 cores haben 1000 Messungen 22.293624 Sekunden gebraucht
bei 9 cores haben 1000 Messungen 22.338226 Sekunden gebraucht
bei 10 cores haben 1000 Messungen 22.643244 Sekunden gebraucht
bei 10 cores haben 1000 Messungen 22.491424 Sekunden gebraucht
bei 10 cores haben 1000 Messungen 22.132436 Sekunden gebraucht
bei 10 cores haben 1000 Messungen 22.280575 Sekunden gebraucht
bei 10 cores haben 1000 Messungen 22.143577 Sekunden gebraucht
bei 11 cores haben 1000 Messungen 22.223702 Sekunden gebraucht
bei 11 cores haben 1000 Messungen 22.192709 Sekunden gebraucht
bei 11 cores haben 1000 Messungen 22.207790 Sekunden gebraucht
bei 11 cores haben 1000 Messungen 22.335363 Sekunden gebraucht
bei 11 cores haben 1000 Messungen 22.238864 Sekunden gebraucht
bei 12 cores haben 1000 Messungen 22.076060 Sekunden gebraucht
bei 12 cores haben 1000 Messungen 22.068292 Sekunden gebraucht
bei 12 cores haben 1000 Messungen 22.074422 Sekunden gebraucht
bei 12 cores haben 1000 Messungen 22.123111 Sekunden gebraucht
bei 12 cores haben 1000 Messungen 22.115629 Sekunden gebraucht
/hiskp4/gross/bachelorarbeit
