Fri Jul 24 14:44:38 CEST 2020 Waiting for 30 seconds before starting the job to allow the node to settle down
Fri Jul 24 14:45:08 CEST 2020 Waiting done, starting task!
480 1
Fri Jul 24 14:45:08 CEST 2020 Waiting for 30 seconds before starting the job to allow the node to settle down
Fri Jul 24 14:45:38 CEST 2020 Waiting done, starting task!
480
480 2
Fri Jul 24 14:57:51 CEST 2020 Waiting for 30 seconds before starting the job to allow the node to settle down
Fri Jul 24 14:57:51 CEST 2020 Waiting for 30 seconds before starting the job to allow the node to settle down
Fri Jul 24 14:58:21 CEST 2020 Waiting done, starting task!
Fri Jul 24 14:58:21 CEST 2020 Waiting done, starting task!
480
480 3
Fri Jul 24 15:04:31 CEST 2020 Waiting for 30 seconds before starting the job to allow the node to settle down
Fri Jul 24 15:04:31 CEST 2020 Waiting for 30 seconds before starting the job to allow the node to settle down
Fri Jul 24 15:04:31 CEST 2020 Waiting for 30 seconds before starting the job to allow the node to settle down
Fri Jul 24 15:05:01 CEST 2020 Waiting done, starting task!
Fri Jul 24 15:05:01 CEST 2020 Waiting done, starting task!
Fri Jul 24 15:05:01 CEST 2020 Waiting done, starting task!
480
480 4
Fri Jul 24 15:09:11 CEST 2020 Waiting for 30 seconds before starting the job to allow the node to settle down
Fri Jul 24 15:09:11 CEST 2020 Waiting for 30 seconds before starting the job to allow the node to settle down
Fri Jul 24 15:09:11 CEST 2020 Waiting for 30 seconds before starting the job to allow the node to settle down
Fri Jul 24 15:09:11 CEST 2020 Waiting for 30 seconds before starting the job to allow the node to settle down
Fri Jul 24 15:09:41 CEST 2020 Waiting done, starting task!
Fri Jul 24 15:09:41 CEST 2020 Waiting done, starting task!
Fri Jul 24 15:09:41 CEST 2020 Waiting done, starting task!
Fri Jul 24 15:09:41 CEST 2020 Waiting done, starting task!
480
480 5
Fri Jul 24 15:12:49 CEST 2020 Waiting for 30 seconds before starting the job to allow the node to settle down
Fri Jul 24 15:12:49 CEST 2020 Waiting for 30 seconds before starting the job to allow the node to settle down
Fri Jul 24 15:12:49 CEST 2020 Waiting for 30 seconds before starting the job to allow the node to settle down
Fri Jul 24 15:12:49 CEST 2020 Waiting for 30 seconds before starting the job to allow the node to settle down
Fri Jul 24 15:12:49 CEST 2020 Waiting for 30 seconds before starting the job to allow the node to settle down
Fri Jul 24 15:13:19 CEST 2020 Waiting done, starting task!
Fri Jul 24 15:13:19 CEST 2020 Waiting done, starting task!
Fri Jul 24 15:13:19 CEST 2020 Waiting done, starting task!
Fri Jul 24 15:13:19 CEST 2020 Waiting done, starting task!
Fri Jul 24 15:13:19 CEST 2020 Waiting done, starting task!
480
480 6
Fri Jul 24 15:15:52 CEST 2020 Waiting for 30 seconds before starting the job to allow the node to settle down
Fri Jul 24 15:15:52 CEST 2020 Waiting for 30 seconds before starting the job to allow the node to settle down
Fri Jul 24 15:15:52 CEST 2020 Waiting for 30 seconds before starting the job to allow the node to settle down
Fri Jul 24 15:15:52 CEST 2020 Waiting for 30 seconds before starting the job to allow the node to settle down
Fri Jul 24 15:15:52 CEST 2020 Waiting for 30 seconds before starting the job to allow the node to settle down
Fri Jul 24 15:15:52 CEST 2020 Waiting for 30 seconds before starting the job to allow the node to settle down
Fri Jul 24 15:16:22 CEST 2020 Waiting done, starting task!
Fri Jul 24 15:16:22 CEST 2020 Waiting done, starting task!
Fri Jul 24 15:16:22 CEST 2020 Waiting done, starting task!
Fri Jul 24 15:16:22 CEST 2020 Waiting done, starting task!
Fri Jul 24 15:16:22 CEST 2020 Waiting done, starting task!
Fri Jul 24 15:16:22 CEST 2020 Waiting done, starting task!
480
480 8
Fri Jul 24 15:18:30 CEST 2020 Waiting for 30 seconds before starting the job to allow the node to settle down
Fri Jul 24 15:18:30 CEST 2020 Waiting for 30 seconds before starting the job to allow the node to settle down
Fri Jul 24 15:18:30 CEST 2020 Waiting for 30 seconds before starting the job to allow the node to settle down
Fri Jul 24 15:18:30 CEST 2020 Waiting for 30 seconds before starting the job to allow the node to settle down
Fri Jul 24 15:18:30 CEST 2020 Waiting for 30 seconds before starting the job to allow the node to settle down
Fri Jul 24 15:18:30 CEST 2020 Waiting for 30 seconds before starting the job to allow the node to settle down
Fri Jul 24 15:18:30 CEST 2020 Waiting for 30 seconds before starting the job to allow the node to settle down
Fri Jul 24 15:18:30 CEST 2020 Waiting for 30 seconds before starting the job to allow the node to settle down
Fri Jul 24 15:19:00 CEST 2020 Waiting done, starting task!
Fri Jul 24 15:19:00 CEST 2020 Waiting done, starting task!
Fri Jul 24 15:19:00 CEST 2020 Waiting done, starting task!
Fri Jul 24 15:19:00 CEST 2020 Waiting done, starting task!
Fri Jul 24 15:19:00 CEST 2020 Waiting done, starting task!
Fri Jul 24 15:19:00 CEST 2020 Waiting done, starting task!
Fri Jul 24 15:19:00 CEST 2020 Waiting done, starting task!
Fri Jul 24 15:19:00 CEST 2020 Waiting done, starting task!
480
480 10
Fri Jul 24 15:20:38 CEST 2020 Waiting for 30 seconds before starting the job to allow the node to settle down
Fri Jul 24 15:20:38 CEST 2020 Waiting for 30 seconds before starting the job to allow the node to settle down
Fri Jul 24 15:20:38 CEST 2020 Waiting for 30 seconds before starting the job to allow the node to settle down
Fri Jul 24 15:20:38 CEST 2020 Waiting for 30 seconds before starting the job to allow the node to settle down
Fri Jul 24 15:20:38 CEST 2020 Waiting for 30 seconds before starting the job to allow the node to settle down
Fri Jul 24 15:20:38 CEST 2020 Waiting for 30 seconds before starting the job to allow the node to settle down
Fri Jul 24 15:20:38 CEST 2020 Waiting for 30 seconds before starting the job to allow the node to settle down
Fri Jul 24 15:20:38 CEST 2020 Waiting for 30 seconds before starting the job to allow the node to settle down
Fri Jul 24 15:20:38 CEST 2020 Waiting for 30 seconds before starting the job to allow the node to settle down
Fri Jul 24 15:20:38 CEST 2020 Waiting for 30 seconds before starting the job to allow the node to settle down
Fri Jul 24 15:21:08 CEST 2020 Waiting done, starting task!
Fri Jul 24 15:21:08 CEST 2020 Waiting done, starting task!
Fri Jul 24 15:21:08 CEST 2020 Waiting done, starting task!
Fri Jul 24 15:21:08 CEST 2020 Waiting done, starting task!
Fri Jul 24 15:21:08 CEST 2020 Waiting done, starting task!
Fri Jul 24 15:21:08 CEST 2020 Waiting done, starting task!
Fri Jul 24 15:21:08 CEST 2020 Waiting done, starting task!
Fri Jul 24 15:21:08 CEST 2020 Waiting done, starting task!
Fri Jul 24 15:21:08 CEST 2020 Waiting done, starting task!
Fri Jul 24 15:21:08 CEST 2020 Waiting done, starting task!
480
480 12
Fri Jul 24 15:22:28 CEST 2020 Waiting for 30 seconds before starting the job to allow the node to settle down
Fri Jul 24 15:22:28 CEST 2020 Waiting for 30 seconds before starting the job to allow the node to settle down
Fri Jul 24 15:22:28 CEST 2020 Waiting for 30 seconds before starting the job to allow the node to settle down
Fri Jul 24 15:22:28 CEST 2020 Waiting for 30 seconds before starting the job to allow the node to settle down
Fri Jul 24 15:22:28 CEST 2020 Waiting for 30 seconds before starting the job to allow the node to settle down
Fri Jul 24 15:22:28 CEST 2020 Waiting for 30 seconds before starting the job to allow the node to settle down
Fri Jul 24 15:22:28 CEST 2020 Waiting for 30 seconds before starting the job to allow the node to settle down
Fri Jul 24 15:22:28 CEST 2020 Waiting for 30 seconds before starting the job to allow the node to settle down
Fri Jul 24 15:22:28 CEST 2020 Waiting for 30 seconds before starting the job to allow the node to settle down
Fri Jul 24 15:22:28 CEST 2020 Waiting for 30 seconds before starting the job to allow the node to settle down
Fri Jul 24 15:22:28 CEST 2020 Waiting for 30 seconds before starting the job to allow the node to settle down
Fri Jul 24 15:22:28 CEST 2020 Waiting for 30 seconds before starting the job to allow the node to settle down
Fri Jul 24 15:22:58 CEST 2020 Waiting done, starting task!
Fri Jul 24 15:22:58 CEST 2020 Waiting done, starting task!
Fri Jul 24 15:22:58 CEST 2020 Waiting done, starting task!
Fri Jul 24 15:22:58 CEST 2020 Waiting done, starting task!
Fri Jul 24 15:22:58 CEST 2020 Waiting done, starting task!
Fri Jul 24 15:22:58 CEST 2020 Waiting done, starting task!
Fri Jul 24 15:22:58 CEST 2020 Waiting done, starting task!
Fri Jul 24 15:22:58 CEST 2020 Waiting done, starting task!
Fri Jul 24 15:22:58 CEST 2020 Waiting done, starting task!
Fri Jul 24 15:22:58 CEST 2020 Waiting done, starting task!
Fri Jul 24 15:22:58 CEST 2020 Waiting done, starting task!
Fri Jul 24 15:22:58 CEST 2020 Waiting done, starting task!
480
480 15
Fri Jul 24 15:24:07 CEST 2020 Waiting for 30 seconds before starting the job to allow the node to settle down
Fri Jul 24 15:24:07 CEST 2020 Waiting for 30 seconds before starting the job to allow the node to settle down
Fri Jul 24 15:24:07 CEST 2020 Waiting for 30 seconds before starting the job to allow the node to settle down
Fri Jul 24 15:24:07 CEST 2020 Waiting for 30 seconds before starting the job to allow the node to settle down
Fri Jul 24 15:24:07 CEST 2020 Waiting for 30 seconds before starting the job to allow the node to settle down
Fri Jul 24 15:24:07 CEST 2020 Waiting for 30 seconds before starting the job to allow the node to settle down
Fri Jul 24 15:24:07 CEST 2020 Waiting for 30 seconds before starting the job to allow the node to settle down
Fri Jul 24 15:24:07 CEST 2020 Waiting for 30 seconds before starting the job to allow the node to settle down
Fri Jul 24 15:24:07 CEST 2020 Waiting for 30 seconds before starting the job to allow the node to settle down
Fri Jul 24 15:24:07 CEST 2020 Waiting for 30 seconds before starting the job to allow the node to settle down
Fri Jul 24 15:24:07 CEST 2020 Waiting for 30 seconds before starting the job to allow the node to settle down
Fri Jul 24 15:24:07 CEST 2020 Waiting for 30 seconds before starting the job to allow the node to settle down
Fri Jul 24 15:24:07 CEST 2020 Waiting for 30 seconds before starting the job to allow the node to settle down
Fri Jul 24 15:24:07 CEST 2020 Waiting for 30 seconds before starting the job to allow the node to settle down
Fri Jul 24 15:24:07 CEST 2020 Waiting for 30 seconds before starting the job to allow the node to settle down
Fri Jul 24 15:24:37 CEST 2020 Waiting done, starting task!
Fri Jul 24 15:24:37 CEST 2020 Waiting done, starting task!
Fri Jul 24 15:24:37 CEST 2020 Waiting done, starting task!
Fri Jul 24 15:24:37 CEST 2020 Waiting done, starting task!
Fri Jul 24 15:24:37 CEST 2020 Waiting done, starting task!
Fri Jul 24 15:24:37 CEST 2020 Waiting done, starting task!
Fri Jul 24 15:24:37 CEST 2020 Waiting done, starting task!
Fri Jul 24 15:24:37 CEST 2020 Waiting done, starting task!
Fri Jul 24 15:24:37 CEST 2020 Waiting done, starting task!
Fri Jul 24 15:24:37 CEST 2020 Waiting done, starting task!
Fri Jul 24 15:24:37 CEST 2020 Waiting done, starting task!
Fri Jul 24 15:24:37 CEST 2020 Waiting done, starting task!
Fri Jul 24 15:24:37 CEST 2020 Waiting done, starting task!
Fri Jul 24 15:24:37 CEST 2020 Waiting done, starting task!
Fri Jul 24 15:24:37 CEST 2020 Waiting done, starting task!
480
480 16
Fri Jul 24 15:25:36 CEST 2020 Waiting for 30 seconds before starting the job to allow the node to settle down
Fri Jul 24 15:25:36 CEST 2020 Waiting for 30 seconds before starting the job to allow the node to settle down
Fri Jul 24 15:25:36 CEST 2020 Waiting for 30 seconds before starting the job to allow the node to settle down
Fri Jul 24 15:25:36 CEST 2020 Waiting for 30 seconds before starting the job to allow the node to settle down
Fri Jul 24 15:25:36 CEST 2020 Waiting for 30 seconds before starting the job to allow the node to settle down
Fri Jul 24 15:25:36 CEST 2020 Waiting for 30 seconds before starting the job to allow the node to settle down
Fri Jul 24 15:25:36 CEST 2020 Waiting for 30 seconds before starting the job to allow the node to settle down
Fri Jul 24 15:25:36 CEST 2020 Waiting for 30 seconds before starting the job to allow the node to settle down
Fri Jul 24 15:25:36 CEST 2020 Waiting for 30 seconds before starting the job to allow the node to settle down
Fri Jul 24 15:25:36 CEST 2020 Waiting for 30 seconds before starting the job to allow the node to settle down
Fri Jul 24 15:25:36 CEST 2020 Waiting for 30 seconds before starting the job to allow the node to settle down
Fri Jul 24 15:25:36 CEST 2020 Waiting for 30 seconds before starting the job to allow the node to settle down
Fri Jul 24 15:25:36 CEST 2020 Waiting for 30 seconds before starting the job to allow the node to settle down
Fri Jul 24 15:25:36 CEST 2020 Waiting for 30 seconds before starting the job to allow the node to settle down
Fri Jul 24 15:25:36 CEST 2020 Waiting for 30 seconds before starting the job to allow the node to settle down
Fri Jul 24 15:25:36 CEST 2020 Waiting for 30 seconds before starting the job to allow the node to settle down
Fri Jul 24 15:26:06 CEST 2020 Waiting done, starting task!
Fri Jul 24 15:26:06 CEST 2020 Waiting done, starting task!
Fri Jul 24 15:26:06 CEST 2020 Waiting done, starting task!
Fri Jul 24 15:26:06 CEST 2020 Waiting done, starting task!
Fri Jul 24 15:26:06 CEST 2020 Waiting done, starting task!
Fri Jul 24 15:26:06 CEST 2020 Waiting done, starting task!
Fri Jul 24 15:26:06 CEST 2020 Waiting done, starting task!
Fri Jul 24 15:26:06 CEST 2020 Waiting done, starting task!
Fri Jul 24 15:26:06 CEST 2020 Waiting done, starting task!
Fri Jul 24 15:26:06 CEST 2020 Waiting done, starting task!
Fri Jul 24 15:26:06 CEST 2020 Waiting done, starting task!
Fri Jul 24 15:26:06 CEST 2020 Waiting done, starting task!
Fri Jul 24 15:26:06 CEST 2020 Waiting done, starting task!
Fri Jul 24 15:26:06 CEST 2020 Waiting done, starting task!
Fri Jul 24 15:26:06 CEST 2020 Waiting done, starting task!
Fri Jul 24 15:26:06 CEST 2020 Waiting done, starting task!
480
480 20
Fri Jul 24 15:27:02 CEST 2020 Waiting for 30 seconds before starting the job to allow the node to settle down
Fri Jul 24 15:27:02 CEST 2020 Waiting for 30 seconds before starting the job to allow the node to settle down
Fri Jul 24 15:27:02 CEST 2020 Waiting for 30 seconds before starting the job to allow the node to settle down
Fri Jul 24 15:27:02 CEST 2020 Waiting for 30 seconds before starting the job to allow the node to settle down
Fri Jul 24 15:27:02 CEST 2020 Waiting for 30 seconds before starting the job to allow the node to settle down
Fri Jul 24 15:27:02 CEST 2020 Waiting for 30 seconds before starting the job to allow the node to settle down
Fri Jul 24 15:27:02 CEST 2020 Waiting for 30 seconds before starting the job to allow the node to settle down
Fri Jul 24 15:27:02 CEST 2020 Waiting for 30 seconds before starting the job to allow the node to settle down
Fri Jul 24 15:27:02 CEST 2020 Waiting for 30 seconds before starting the job to allow the node to settle down
Fri Jul 24 15:27:02 CEST 2020 Waiting for 30 seconds before starting the job to allow the node to settle down
Fri Jul 24 15:27:02 CEST 2020 Waiting for 30 seconds before starting the job to allow the node to settle down
Fri Jul 24 15:27:02 CEST 2020 Waiting for 30 seconds before starting the job to allow the node to settle down
Fri Jul 24 15:27:02 CEST 2020 Waiting for 30 seconds before starting the job to allow the node to settle down
Fri Jul 24 15:27:02 CEST 2020 Waiting for 30 seconds before starting the job to allow the node to settle down
Fri Jul 24 15:27:02 CEST 2020 Waiting for 30 seconds before starting the job to allow the node to settle down
Fri Jul 24 15:27:02 CEST 2020 Waiting for 30 seconds before starting the job to allow the node to settle down
Fri Jul 24 15:27:02 CEST 2020 Waiting for 30 seconds before starting the job to allow the node to settle down
Fri Jul 24 15:27:02 CEST 2020 Waiting for 30 seconds before starting the job to allow the node to settle down
Fri Jul 24 15:27:02 CEST 2020 Waiting for 30 seconds before starting the job to allow the node to settle down
Fri Jul 24 15:27:02 CEST 2020 Waiting for 30 seconds before starting the job to allow the node to settle down
Fri Jul 24 15:27:32 CEST 2020 Waiting done, starting task!
Fri Jul 24 15:27:32 CEST 2020 Waiting done, starting task!
Fri Jul 24 15:27:32 CEST 2020 Waiting done, starting task!
Fri Jul 24 15:27:32 CEST 2020 Waiting done, starting task!
Fri Jul 24 15:27:32 CEST 2020 Waiting done, starting task!
Fri Jul 24 15:27:32 CEST 2020 Waiting done, starting task!
Fri Jul 24 15:27:32 CEST 2020 Waiting done, starting task!
Fri Jul 24 15:27:32 CEST 2020 Waiting done, starting task!
Fri Jul 24 15:27:32 CEST 2020 Waiting done, starting task!
Fri Jul 24 15:27:32 CEST 2020 Waiting done, starting task!
Fri Jul 24 15:27:32 CEST 2020 Waiting done, starting task!
Fri Jul 24 15:27:32 CEST 2020 Waiting done, starting task!
Fri Jul 24 15:27:32 CEST 2020 Waiting done, starting task!
Fri Jul 24 15:27:32 CEST 2020 Waiting done, starting task!
Fri Jul 24 15:27:32 CEST 2020 Waiting done, starting task!
Fri Jul 24 15:27:32 CEST 2020 Waiting done, starting task!
Fri Jul 24 15:27:32 CEST 2020 Waiting done, starting task!
Fri Jul 24 15:27:32 CEST 2020 Waiting done, starting task!
Fri Jul 24 15:27:32 CEST 2020 Waiting done, starting task!
Fri Jul 24 15:27:32 CEST 2020 Waiting done, starting task!
480
/hiskp4/gross/bachelorarbeit
