Tue Jul 21 13:49:06 CEST 2020 Waiting for 30 seconds before starting the job to allow the node to settle down
Tue Jul 21 13:49:36 CEST 2020 Waiting done, starting task!
60 1
Tue Jul 21 13:49:37 CEST 2020 Waiting for 30 seconds before starting the job to allow the node to settle down
Tue Jul 21 13:50:07 CEST 2020 Waiting done, starting task!
60
60 2
Tue Jul 21 13:50:10 CEST 2020 Waiting for 30 seconds before starting the job to allow the node to settle down
Tue Jul 21 13:50:10 CEST 2020 Waiting for 30 seconds before starting the job to allow the node to settle down
Tue Jul 21 13:50:40 CEST 2020 Waiting done, starting task!
Tue Jul 21 13:50:40 CEST 2020 Waiting done, starting task!
60
60 3
Tue Jul 21 13:50:42 CEST 2020 Waiting for 30 seconds before starting the job to allow the node to settle down
Tue Jul 21 13:50:42 CEST 2020 Waiting for 30 seconds before starting the job to allow the node to settle down
Tue Jul 21 13:50:42 CEST 2020 Waiting for 30 seconds before starting the job to allow the node to settle down
Tue Jul 21 13:51:12 CEST 2020 Waiting done, starting task!
Tue Jul 21 13:51:12 CEST 2020 Waiting done, starting task!
Tue Jul 21 13:51:12 CEST 2020 Waiting done, starting task!
60
60 4
Tue Jul 21 13:51:14 CEST 2020 Waiting for 30 seconds before starting the job to allow the node to settle down
Tue Jul 21 13:51:14 CEST 2020 Waiting for 30 seconds before starting the job to allow the node to settle down
Tue Jul 21 13:51:14 CEST 2020 Waiting for 30 seconds before starting the job to allow the node to settle down
Tue Jul 21 13:51:14 CEST 2020 Waiting for 30 seconds before starting the job to allow the node to settle down
Tue Jul 21 13:51:44 CEST 2020 Waiting done, starting task!
Tue Jul 21 13:51:44 CEST 2020 Waiting done, starting task!
Tue Jul 21 13:51:44 CEST 2020 Waiting done, starting task!
Tue Jul 21 13:51:44 CEST 2020 Waiting done, starting task!
60
60 5
Tue Jul 21 13:51:46 CEST 2020 Waiting for 30 seconds before starting the job to allow the node to settle down
Tue Jul 21 13:51:46 CEST 2020 Waiting for 30 seconds before starting the job to allow the node to settle down
Tue Jul 21 13:51:46 CEST 2020 Waiting for 30 seconds before starting the job to allow the node to settle down
Tue Jul 21 13:51:46 CEST 2020 Waiting for 30 seconds before starting the job to allow the node to settle down
Tue Jul 21 13:51:46 CEST 2020 Waiting for 30 seconds before starting the job to allow the node to settle down
Tue Jul 21 13:52:16 CEST 2020 Waiting done, starting task!
Tue Jul 21 13:52:16 CEST 2020 Waiting done, starting task!
Tue Jul 21 13:52:16 CEST 2020 Waiting done, starting task!
Tue Jul 21 13:52:16 CEST 2020 Waiting done, starting task!
Tue Jul 21 13:52:16 CEST 2020 Waiting done, starting task!
60
60 6
Tue Jul 21 13:52:18 CEST 2020 Waiting for 30 seconds before starting the job to allow the node to settle down
Tue Jul 21 13:52:18 CEST 2020 Waiting for 30 seconds before starting the job to allow the node to settle down
Tue Jul 21 13:52:18 CEST 2020 Waiting for 30 seconds before starting the job to allow the node to settle down
Tue Jul 21 13:52:18 CEST 2020 Waiting for 30 seconds before starting the job to allow the node to settle down
Tue Jul 21 13:52:18 CEST 2020 Waiting for 30 seconds before starting the job to allow the node to settle down
Tue Jul 21 13:52:18 CEST 2020 Waiting for 30 seconds before starting the job to allow the node to settle down
Tue Jul 21 13:52:48 CEST 2020 Waiting done, starting task!
Tue Jul 21 13:52:48 CEST 2020 Waiting done, starting task!
Tue Jul 21 13:52:48 CEST 2020 Waiting done, starting task!
Tue Jul 21 13:52:48 CEST 2020 Waiting done, starting task!
Tue Jul 21 13:52:48 CEST 2020 Waiting done, starting task!
Tue Jul 21 13:52:48 CEST 2020 Waiting done, starting task!
60
60 10
Tue Jul 21 13:52:50 CEST 2020 Waiting for 30 seconds before starting the job to allow the node to settle down
Tue Jul 21 13:52:50 CEST 2020 Waiting for 30 seconds before starting the job to allow the node to settle down
Tue Jul 21 13:52:50 CEST 2020 Waiting for 30 seconds before starting the job to allow the node to settle down
Tue Jul 21 13:52:50 CEST 2020 Waiting for 30 seconds before starting the job to allow the node to settle down
Tue Jul 21 13:52:50 CEST 2020 Waiting for 30 seconds before starting the job to allow the node to settle down
Tue Jul 21 13:52:50 CEST 2020 Waiting for 30 seconds before starting the job to allow the node to settle down
Tue Jul 21 13:52:50 CEST 2020 Waiting for 30 seconds before starting the job to allow the node to settle down
Tue Jul 21 13:52:50 CEST 2020 Waiting for 30 seconds before starting the job to allow the node to settle down
Tue Jul 21 13:52:50 CEST 2020 Waiting for 30 seconds before starting the job to allow the node to settle down
Tue Jul 21 13:52:50 CEST 2020 Waiting for 30 seconds before starting the job to allow the node to settle down
Tue Jul 21 13:53:20 CEST 2020 Waiting done, starting task!
Tue Jul 21 13:53:20 CEST 2020 Waiting done, starting task!
Tue Jul 21 13:53:20 CEST 2020 Waiting done, starting task!
Tue Jul 21 13:53:20 CEST 2020 Waiting done, starting task!
Tue Jul 21 13:53:20 CEST 2020 Waiting done, starting task!
Tue Jul 21 13:53:20 CEST 2020 Waiting done, starting task!
Tue Jul 21 13:53:20 CEST 2020 Waiting done, starting task!
Tue Jul 21 13:53:20 CEST 2020 Waiting done, starting task!
Tue Jul 21 13:53:20 CEST 2020 Waiting done, starting task!
Tue Jul 21 13:53:20 CEST 2020 Waiting done, starting task!
60
60 12
Tue Jul 21 13:53:22 CEST 2020 Waiting for 30 seconds before starting the job to allow the node to settle down
Tue Jul 21 13:53:22 CEST 2020 Waiting for 30 seconds before starting the job to allow the node to settle down
Tue Jul 21 13:53:22 CEST 2020 Waiting for 30 seconds before starting the job to allow the node to settle down
Tue Jul 21 13:53:22 CEST 2020 Waiting for 30 seconds before starting the job to allow the node to settle down
Tue Jul 21 13:53:22 CEST 2020 Waiting for 30 seconds before starting the job to allow the node to settle down
Tue Jul 21 13:53:22 CEST 2020 Waiting for 30 seconds before starting the job to allow the node to settle down
Tue Jul 21 13:53:22 CEST 2020 Waiting for 30 seconds before starting the job to allow the node to settle down
Tue Jul 21 13:53:22 CEST 2020 Waiting for 30 seconds before starting the job to allow the node to settle down
Tue Jul 21 13:53:22 CEST 2020 Waiting for 30 seconds before starting the job to allow the node to settle down
Tue Jul 21 13:53:22 CEST 2020 Waiting for 30 seconds before starting the job to allow the node to settle down
Tue Jul 21 13:53:22 CEST 2020 Waiting for 30 seconds before starting the job to allow the node to settle down
Tue Jul 21 13:53:22 CEST 2020 Waiting for 30 seconds before starting the job to allow the node to settle down
Tue Jul 21 13:53:52 CEST 2020 Waiting done, starting task!
Tue Jul 21 13:53:52 CEST 2020 Waiting done, starting task!
Tue Jul 21 13:53:52 CEST 2020 Waiting done, starting task!
Tue Jul 21 13:53:52 CEST 2020 Waiting done, starting task!
Tue Jul 21 13:53:52 CEST 2020 Waiting done, starting task!
Tue Jul 21 13:53:52 CEST 2020 Waiting done, starting task!
Tue Jul 21 13:53:52 CEST 2020 Waiting done, starting task!
Tue Jul 21 13:53:52 CEST 2020 Waiting done, starting task!
Tue Jul 21 13:53:52 CEST 2020 Waiting done, starting task!
Tue Jul 21 13:53:52 CEST 2020 Waiting done, starting task!
Tue Jul 21 13:53:52 CEST 2020 Waiting done, starting task!
Tue Jul 21 13:53:52 CEST 2020 Waiting done, starting task!
60
60 15
Tue Jul 21 13:53:55 CEST 2020 Waiting for 30 seconds before starting the job to allow the node to settle down
Tue Jul 21 13:53:55 CEST 2020 Waiting for 30 seconds before starting the job to allow the node to settle down
Tue Jul 21 13:53:55 CEST 2020 Waiting for 30 seconds before starting the job to allow the node to settle down
Tue Jul 21 13:53:55 CEST 2020 Waiting for 30 seconds before starting the job to allow the node to settle down
Tue Jul 21 13:53:55 CEST 2020 Waiting for 30 seconds before starting the job to allow the node to settle down
Tue Jul 21 13:53:55 CEST 2020 Waiting for 30 seconds before starting the job to allow the node to settle down
Tue Jul 21 13:53:55 CEST 2020 Waiting for 30 seconds before starting the job to allow the node to settle down
Tue Jul 21 13:53:55 CEST 2020 Waiting for 30 seconds before starting the job to allow the node to settle down
Tue Jul 21 13:53:55 CEST 2020 Waiting for 30 seconds before starting the job to allow the node to settle down
Tue Jul 21 13:53:55 CEST 2020 Waiting for 30 seconds before starting the job to allow the node to settle down
Tue Jul 21 13:53:55 CEST 2020 Waiting for 30 seconds before starting the job to allow the node to settle down
Tue Jul 21 13:53:55 CEST 2020 Waiting for 30 seconds before starting the job to allow the node to settle down
Tue Jul 21 13:53:55 CEST 2020 Waiting for 30 seconds before starting the job to allow the node to settle down
Tue Jul 21 13:53:55 CEST 2020 Waiting for 30 seconds before starting the job to allow the node to settle down
Tue Jul 21 13:53:55 CEST 2020 Waiting for 30 seconds before starting the job to allow the node to settle down
Tue Jul 21 13:54:25 CEST 2020 Waiting done, starting task!
Tue Jul 21 13:54:25 CEST 2020 Waiting done, starting task!
Tue Jul 21 13:54:25 CEST 2020 Waiting done, starting task!
Tue Jul 21 13:54:25 CEST 2020 Waiting done, starting task!
Tue Jul 21 13:54:25 CEST 2020 Waiting done, starting task!
Tue Jul 21 13:54:25 CEST 2020 Waiting done, starting task!
Tue Jul 21 13:54:25 CEST 2020 Waiting done, starting task!
Tue Jul 21 13:54:25 CEST 2020 Waiting done, starting task!
Tue Jul 21 13:54:25 CEST 2020 Waiting done, starting task!
Tue Jul 21 13:54:25 CEST 2020 Waiting done, starting task!
Tue Jul 21 13:54:25 CEST 2020 Waiting done, starting task!
Tue Jul 21 13:54:25 CEST 2020 Waiting done, starting task!
Tue Jul 21 13:54:25 CEST 2020 Waiting done, starting task!
Tue Jul 21 13:54:25 CEST 2020 Waiting done, starting task!
Tue Jul 21 13:54:25 CEST 2020 Waiting done, starting task!
60
60 20
Tue Jul 21 13:54:27 CEST 2020 Waiting for 30 seconds before starting the job to allow the node to settle down
Tue Jul 21 13:54:27 CEST 2020 Waiting for 30 seconds before starting the job to allow the node to settle down
Tue Jul 21 13:54:27 CEST 2020 Waiting for 30 seconds before starting the job to allow the node to settle down
Tue Jul 21 13:54:27 CEST 2020 Waiting for 30 seconds before starting the job to allow the node to settle down
Tue Jul 21 13:54:27 CEST 2020 Waiting for 30 seconds before starting the job to allow the node to settle down
Tue Jul 21 13:54:27 CEST 2020 Waiting for 30 seconds before starting the job to allow the node to settle down
Tue Jul 21 13:54:27 CEST 2020 Waiting for 30 seconds before starting the job to allow the node to settle down
Tue Jul 21 13:54:27 CEST 2020 Waiting for 30 seconds before starting the job to allow the node to settle down
Tue Jul 21 13:54:27 CEST 2020 Waiting for 30 seconds before starting the job to allow the node to settle down
Tue Jul 21 13:54:27 CEST 2020 Waiting for 30 seconds before starting the job to allow the node to settle down
Tue Jul 21 13:54:27 CEST 2020 Waiting for 30 seconds before starting the job to allow the node to settle down
Tue Jul 21 13:54:27 CEST 2020 Waiting for 30 seconds before starting the job to allow the node to settle down
Tue Jul 21 13:54:28 CEST 2020 Waiting for 30 seconds before starting the job to allow the node to settle down
Tue Jul 21 13:54:28 CEST 2020 Waiting for 30 seconds before starting the job to allow the node to settle down
Tue Jul 21 13:54:28 CEST 2020 Waiting for 30 seconds before starting the job to allow the node to settle down
Tue Jul 21 13:54:28 CEST 2020 Waiting for 30 seconds before starting the job to allow the node to settle down
Tue Jul 21 13:54:28 CEST 2020 Waiting for 30 seconds before starting the job to allow the node to settle down
Tue Jul 21 13:54:28 CEST 2020 Waiting for 30 seconds before starting the job to allow the node to settle down
Tue Jul 21 13:54:28 CEST 2020 Waiting for 30 seconds before starting the job to allow the node to settle down
Tue Jul 21 13:54:28 CEST 2020 Waiting for 30 seconds before starting the job to allow the node to settle down
Tue Jul 21 13:54:57 CEST 2020 Waiting done, starting task!
Tue Jul 21 13:54:57 CEST 2020 Waiting done, starting task!
Tue Jul 21 13:54:57 CEST 2020 Waiting done, starting task!
Tue Jul 21 13:54:57 CEST 2020 Waiting done, starting task!
Tue Jul 21 13:54:57 CEST 2020 Waiting done, starting task!
Tue Jul 21 13:54:57 CEST 2020 Waiting done, starting task!
Tue Jul 21 13:54:57 CEST 2020 Waiting done, starting task!
Tue Jul 21 13:54:57 CEST 2020 Waiting done, starting task!
Tue Jul 21 13:54:57 CEST 2020 Waiting done, starting task!
Tue Jul 21 13:54:57 CEST 2020 Waiting done, starting task!
Tue Jul 21 13:54:57 CEST 2020 Waiting done, starting task!
Tue Jul 21 13:54:57 CEST 2020 Waiting done, starting task!
Tue Jul 21 13:54:58 CEST 2020 Waiting done, starting task!
Tue Jul 21 13:54:58 CEST 2020 Waiting done, starting task!
Tue Jul 21 13:54:58 CEST 2020 Waiting done, starting task!
Tue Jul 21 13:54:58 CEST 2020 Waiting done, starting task!
Tue Jul 21 13:54:58 CEST 2020 Waiting done, starting task!
Tue Jul 21 13:54:58 CEST 2020 Waiting done, starting task!
Tue Jul 21 13:54:58 CEST 2020 Waiting done, starting task!
Tue Jul 21 13:54:58 CEST 2020 Waiting done, starting task!
60
/hiskp4/gross/bachelorarbeit
