Thu Jun 25 11:56:19 CEST 2020 Waiting for 30 seconds before starting the job to allow the node to settle down
Thu Jun 25 11:56:49 CEST 2020 Waiting done, starting task!
Thu Jun 25 11:56:49 CEST 2020 Waiting for 30 seconds before starting the job to allow the node to settle down
Thu Jun 25 11:57:19 CEST 2020 Waiting done, starting task!
Laenge=100	Temperatur=0.500000
bei 1 cores haben 1000 Messungen 0.528780 Sekunden gebraucht
bei 1 cores haben 1000 Messungen 0.522865 Sekunden gebraucht
bei 1 cores haben 1000 Messungen 0.521682 Sekunden gebraucht
bei 1 cores haben 1000 Messungen 0.521816 Sekunden gebraucht
bei 1 cores haben 1000 Messungen 0.522231 Sekunden gebraucht
bei 2 cores haben 1000 Messungen 0.636965 Sekunden gebraucht
bei 2 cores haben 1000 Messungen 0.581371 Sekunden gebraucht
bei 2 cores haben 1000 Messungen 0.581567 Sekunden gebraucht
bei 2 cores haben 1000 Messungen 0.581579 Sekunden gebraucht
bei 2 cores haben 1000 Messungen 0.578756 Sekunden gebraucht
bei 3 cores haben 1000 Messungen 0.405930 Sekunden gebraucht
bei 3 cores haben 1000 Messungen 0.407976 Sekunden gebraucht
bei 3 cores haben 1000 Messungen 0.407965 Sekunden gebraucht
bei 3 cores haben 1000 Messungen 0.409307 Sekunden gebraucht
bei 3 cores haben 1000 Messungen 0.268982 Sekunden gebraucht
bei 4 cores haben 1000 Messungen 0.290531 Sekunden gebraucht
bei 4 cores haben 1000 Messungen 0.345697 Sekunden gebraucht
bei 4 cores haben 1000 Messungen 0.345587 Sekunden gebraucht
bei 4 cores haben 1000 Messungen 0.346965 Sekunden gebraucht
bei 4 cores haben 1000 Messungen 0.346813 Sekunden gebraucht
bei 5 cores haben 1000 Messungen 0.272017 Sekunden gebraucht
bei 5 cores haben 1000 Messungen 0.305439 Sekunden gebraucht
bei 5 cores haben 1000 Messungen 0.302724 Sekunden gebraucht
bei 5 cores haben 1000 Messungen 0.308089 Sekunden gebraucht
bei 5 cores haben 1000 Messungen 0.293126 Sekunden gebraucht
bei 6 cores haben 1000 Messungen 0.258736 Sekunden gebraucht
bei 6 cores haben 1000 Messungen 0.265453 Sekunden gebraucht
bei 6 cores haben 1000 Messungen 0.260097 Sekunden gebraucht
bei 6 cores haben 1000 Messungen 0.260004 Sekunden gebraucht
bei 6 cores haben 1000 Messungen 0.258355 Sekunden gebraucht
bei 7 cores haben 1000 Messungen 0.216813 Sekunden gebraucht
bei 7 cores haben 1000 Messungen 0.218930 Sekunden gebraucht
bei 7 cores haben 1000 Messungen 0.188040 Sekunden gebraucht
bei 7 cores haben 1000 Messungen 0.166303 Sekunden gebraucht
bei 7 cores haben 1000 Messungen 0.173147 Sekunden gebraucht
bei 8 cores haben 1000 Messungen 0.204724 Sekunden gebraucht
bei 8 cores haben 1000 Messungen 0.208101 Sekunden gebraucht
bei 8 cores haben 1000 Messungen 0.219905 Sekunden gebraucht
bei 8 cores haben 1000 Messungen 0.219849 Sekunden gebraucht
bei 8 cores haben 1000 Messungen 0.219762 Sekunden gebraucht
bei 9 cores haben 1000 Messungen 0.199673 Sekunden gebraucht
bei 9 cores haben 1000 Messungen 0.191792 Sekunden gebraucht
bei 9 cores haben 1000 Messungen 0.191235 Sekunden gebraucht
bei 9 cores haben 1000 Messungen 0.192037 Sekunden gebraucht
bei 9 cores haben 1000 Messungen 0.193187 Sekunden gebraucht
bei 10 cores haben 1000 Messungen 0.197902 Sekunden gebraucht
bei 10 cores haben 1000 Messungen 0.177675 Sekunden gebraucht
bei 10 cores haben 1000 Messungen 0.175017 Sekunden gebraucht
bei 10 cores haben 1000 Messungen 0.182696 Sekunden gebraucht
bei 10 cores haben 1000 Messungen 0.180854 Sekunden gebraucht
bei 11 cores haben 1000 Messungen 0.166154 Sekunden gebraucht
bei 11 cores haben 1000 Messungen 0.169839 Sekunden gebraucht
bei 11 cores haben 1000 Messungen 0.180303 Sekunden gebraucht
bei 11 cores haben 1000 Messungen 0.180022 Sekunden gebraucht
bei 11 cores haben 1000 Messungen 0.176709 Sekunden gebraucht
bei 12 cores haben 1000 Messungen 0.177669 Sekunden gebraucht
bei 12 cores haben 1000 Messungen 0.177309 Sekunden gebraucht
bei 12 cores haben 1000 Messungen 0.169826 Sekunden gebraucht
bei 12 cores haben 1000 Messungen 0.169780 Sekunden gebraucht
bei 12 cores haben 1000 Messungen 0.170435 Sekunden gebraucht
/hiskp4/gross/bachelorarbeit
