Tue Jul 21 19:40:36 CEST 2020 Waiting for 30 seconds before starting the job to allow the node to settle down
Tue Jul 21 19:41:06 CEST 2020 Waiting done, starting task!
1260 1
Tue Jul 21 19:41:06 CEST 2020 Waiting for 30 seconds before starting the job to allow the node to settle down
Tue Jul 21 19:41:36 CEST 2020 Waiting done, starting task!
3 0
1260
1260 2
Tue Jul 21 19:54:40 CEST 2020 Waiting for 30 seconds before starting the job to allow the node to settle down
Tue Jul 21 19:54:40 CEST 2020 Waiting for 30 seconds before starting the job to allow the node to settle down
Tue Jul 21 19:55:10 CEST 2020 Waiting done, starting task!
Tue Jul 21 19:55:10 CEST 2020 Waiting done, starting task!
3 0
3 1
1260
1260 3
Tue Jul 21 20:01:46 CEST 2020 Waiting for 30 seconds before starting the job to allow the node to settle down
Tue Jul 21 20:01:46 CEST 2020 Waiting for 30 seconds before starting the job to allow the node to settle down
Tue Jul 21 20:01:46 CEST 2020 Waiting for 30 seconds before starting the job to allow the node to settle down
Tue Jul 21 20:02:16 CEST 2020 Waiting done, starting task!
Tue Jul 21 20:02:16 CEST 2020 Waiting done, starting task!
Tue Jul 21 20:02:16 CEST 2020 Waiting done, starting task!
3 0
3 1
3 2
1260
1260 4
Tue Jul 21 20:06:43 CEST 2020 Waiting for 30 seconds before starting the job to allow the node to settle down
Tue Jul 21 20:06:43 CEST 2020 Waiting for 30 seconds before starting the job to allow the node to settle down
Tue Jul 21 20:06:43 CEST 2020 Waiting for 30 seconds before starting the job to allow the node to settle down
Tue Jul 21 20:06:43 CEST 2020 Waiting for 30 seconds before starting the job to allow the node to settle down
Tue Jul 21 20:07:13 CEST 2020 Waiting done, starting task!
Tue Jul 21 20:07:13 CEST 2020 Waiting done, starting task!
Tue Jul 21 20:07:13 CEST 2020 Waiting done, starting task!
Tue Jul 21 20:07:13 CEST 2020 Waiting done, starting task!
3 0
3 1
3 2
3 3
1260
1260 5
Tue Jul 21 20:10:34 CEST 2020 Waiting for 30 seconds before starting the job to allow the node to settle down
Tue Jul 21 20:10:34 CEST 2020 Waiting for 30 seconds before starting the job to allow the node to settle down
Tue Jul 21 20:10:34 CEST 2020 Waiting for 30 seconds before starting the job to allow the node to settle down
Tue Jul 21 20:10:34 CEST 2020 Waiting for 30 seconds before starting the job to allow the node to settle down
Tue Jul 21 20:10:34 CEST 2020 Waiting for 30 seconds before starting the job to allow the node to settle down
Tue Jul 21 20:11:04 CEST 2020 Waiting done, starting task!
Tue Jul 21 20:11:04 CEST 2020 Waiting done, starting task!
Tue Jul 21 20:11:04 CEST 2020 Waiting done, starting task!
Tue Jul 21 20:11:04 CEST 2020 Waiting done, starting task!
Tue Jul 21 20:11:04 CEST 2020 Waiting done, starting task!
3 0
3 2
3 1
3 3
3 4
1260
1260 6
Tue Jul 21 20:13:47 CEST 2020 Waiting for 30 seconds before starting the job to allow the node to settle down
Tue Jul 21 20:13:47 CEST 2020 Waiting for 30 seconds before starting the job to allow the node to settle down
Tue Jul 21 20:13:47 CEST 2020 Waiting for 30 seconds before starting the job to allow the node to settle down
Tue Jul 21 20:13:47 CEST 2020 Waiting for 30 seconds before starting the job to allow the node to settle down
Tue Jul 21 20:13:47 CEST 2020 Waiting for 30 seconds before starting the job to allow the node to settle down
Tue Jul 21 20:13:47 CEST 2020 Waiting for 30 seconds before starting the job to allow the node to settle down
Tue Jul 21 20:14:17 CEST 2020 Waiting done, starting task!
Tue Jul 21 20:14:17 CEST 2020 Waiting done, starting task!
Tue Jul 21 20:14:17 CEST 2020 Waiting done, starting task!
Tue Jul 21 20:14:17 CEST 2020 Waiting done, starting task!
Tue Jul 21 20:14:17 CEST 2020 Waiting done, starting task!
Tue Jul 21 20:14:17 CEST 2020 Waiting done, starting task!
3 0
3 1
3 4
3 3
3 2
3 5
1260
1260 7
Tue Jul 21 20:16:33 CEST 2020 Waiting for 30 seconds before starting the job to allow the node to settle down
Tue Jul 21 20:16:33 CEST 2020 Waiting for 30 seconds before starting the job to allow the node to settle down
Tue Jul 21 20:16:33 CEST 2020 Waiting for 30 seconds before starting the job to allow the node to settle down
Tue Jul 21 20:16:33 CEST 2020 Waiting for 30 seconds before starting the job to allow the node to settle down
Tue Jul 21 20:16:33 CEST 2020 Waiting for 30 seconds before starting the job to allow the node to settle down
Tue Jul 21 20:16:33 CEST 2020 Waiting for 30 seconds before starting the job to allow the node to settle down
Tue Jul 21 20:16:33 CEST 2020 Waiting for 30 seconds before starting the job to allow the node to settle down
Tue Jul 21 20:17:03 CEST 2020 Waiting done, starting task!
Tue Jul 21 20:17:03 CEST 2020 Waiting done, starting task!
Tue Jul 21 20:17:03 CEST 2020 Waiting done, starting task!
Tue Jul 21 20:17:03 CEST 2020 Waiting done, starting task!
Tue Jul 21 20:17:03 CEST 2020 Waiting done, starting task!
Tue Jul 21 20:17:03 CEST 2020 Waiting done, starting task!
Tue Jul 21 20:17:03 CEST 2020 Waiting done, starting task!
3 0
3 1
3 4
3 5
3 3
3 2
3 6
1260
1260 9
Tue Jul 21 20:19:00 CEST 2020 Waiting for 30 seconds before starting the job to allow the node to settle down
Tue Jul 21 20:19:00 CEST 2020 Waiting for 30 seconds before starting the job to allow the node to settle down
Tue Jul 21 20:19:00 CEST 2020 Waiting for 30 seconds before starting the job to allow the node to settle down
Tue Jul 21 20:19:00 CEST 2020 Waiting for 30 seconds before starting the job to allow the node to settle down
Tue Jul 21 20:19:00 CEST 2020 Waiting for 30 seconds before starting the job to allow the node to settle down
Tue Jul 21 20:19:00 CEST 2020 Waiting for 30 seconds before starting the job to allow the node to settle down
Tue Jul 21 20:19:00 CEST 2020 Waiting for 30 seconds before starting the job to allow the node to settle down
Tue Jul 21 20:19:00 CEST 2020 Waiting for 30 seconds before starting the job to allow the node to settle down
Tue Jul 21 20:19:00 CEST 2020 Waiting for 30 seconds before starting the job to allow the node to settle down
Tue Jul 21 20:19:30 CEST 2020 Waiting done, starting task!
Tue Jul 21 20:19:30 CEST 2020 Waiting done, starting task!
Tue Jul 21 20:19:30 CEST 2020 Waiting done, starting task!
Tue Jul 21 20:19:30 CEST 2020 Waiting done, starting task!
Tue Jul 21 20:19:30 CEST 2020 Waiting done, starting task!
Tue Jul 21 20:19:30 CEST 2020 Waiting done, starting task!
Tue Jul 21 20:19:30 CEST 2020 Waiting done, starting task!
Tue Jul 21 20:19:30 CEST 2020 Waiting done, starting task!
Tue Jul 21 20:19:30 CEST 2020 Waiting done, starting task!
3 0
3 8
3 3
3 2
3 4
3 5
3 7
3 6
3 1
1260
1260 10
Tue Jul 21 20:21:03 CEST 2020 Waiting for 30 seconds before starting the job to allow the node to settle down
Tue Jul 21 20:21:03 CEST 2020 Waiting for 30 seconds before starting the job to allow the node to settle down
Tue Jul 21 20:21:03 CEST 2020 Waiting for 30 seconds before starting the job to allow the node to settle down
Tue Jul 21 20:21:03 CEST 2020 Waiting for 30 seconds before starting the job to allow the node to settle down
Tue Jul 21 20:21:03 CEST 2020 Waiting for 30 seconds before starting the job to allow the node to settle down
Tue Jul 21 20:21:03 CEST 2020 Waiting for 30 seconds before starting the job to allow the node to settle down
Tue Jul 21 20:21:03 CEST 2020 Waiting for 30 seconds before starting the job to allow the node to settle down
Tue Jul 21 20:21:03 CEST 2020 Waiting for 30 seconds before starting the job to allow the node to settle down
Tue Jul 21 20:21:03 CEST 2020 Waiting for 30 seconds before starting the job to allow the node to settle down
Tue Jul 21 20:21:03 CEST 2020 Waiting for 30 seconds before starting the job to allow the node to settle down
Tue Jul 21 20:21:33 CEST 2020 Waiting done, starting task!
Tue Jul 21 20:21:33 CEST 2020 Waiting done, starting task!
Tue Jul 21 20:21:33 CEST 2020 Waiting done, starting task!
Tue Jul 21 20:21:33 CEST 2020 Waiting done, starting task!
Tue Jul 21 20:21:33 CEST 2020 Waiting done, starting task!
Tue Jul 21 20:21:33 CEST 2020 Waiting done, starting task!
Tue Jul 21 20:21:33 CEST 2020 Waiting done, starting task!
Tue Jul 21 20:21:33 CEST 2020 Waiting done, starting task!
Tue Jul 21 20:21:33 CEST 2020 Waiting done, starting task!
Tue Jul 21 20:21:33 CEST 2020 Waiting done, starting task!
3 1
3 0
3 9
3 8
3 2
3 3
3 4
3 5
3 6
3 7
1260
1260 12
Tue Jul 21 20:22:57 CEST 2020 Waiting for 30 seconds before starting the job to allow the node to settle down
Tue Jul 21 20:22:57 CEST 2020 Waiting for 30 seconds before starting the job to allow the node to settle down
Tue Jul 21 20:22:57 CEST 2020 Waiting for 30 seconds before starting the job to allow the node to settle down
Tue Jul 21 20:22:57 CEST 2020 Waiting for 30 seconds before starting the job to allow the node to settle down
Tue Jul 21 20:22:57 CEST 2020 Waiting for 30 seconds before starting the job to allow the node to settle down
Tue Jul 21 20:22:57 CEST 2020 Waiting for 30 seconds before starting the job to allow the node to settle down
Tue Jul 21 20:22:57 CEST 2020 Waiting for 30 seconds before starting the job to allow the node to settle down
Tue Jul 21 20:22:57 CEST 2020 Waiting for 30 seconds before starting the job to allow the node to settle down
Tue Jul 21 20:22:57 CEST 2020 Waiting for 30 seconds before starting the job to allow the node to settle down
Tue Jul 21 20:22:57 CEST 2020 Waiting for 30 seconds before starting the job to allow the node to settle down
Tue Jul 21 20:22:57 CEST 2020 Waiting for 30 seconds before starting the job to allow the node to settle down
Tue Jul 21 20:22:57 CEST 2020 Waiting for 30 seconds before starting the job to allow the node to settle down
Tue Jul 21 20:23:27 CEST 2020 Waiting done, starting task!
Tue Jul 21 20:23:27 CEST 2020 Waiting done, starting task!
Tue Jul 21 20:23:27 CEST 2020 Waiting done, starting task!
Tue Jul 21 20:23:27 CEST 2020 Waiting done, starting task!
Tue Jul 21 20:23:27 CEST 2020 Waiting done, starting task!
Tue Jul 21 20:23:27 CEST 2020 Waiting done, starting task!
Tue Jul 21 20:23:27 CEST 2020 Waiting done, starting task!
Tue Jul 21 20:23:27 CEST 2020 Waiting done, starting task!
Tue Jul 21 20:23:27 CEST 2020 Waiting done, starting task!
Tue Jul 21 20:23:27 CEST 2020 Waiting done, starting task!
Tue Jul 21 20:23:27 CEST 2020 Waiting done, starting task!
Tue Jul 21 20:23:27 CEST 2020 Waiting done, starting task!
3 0
3 2
3 11
3 10
3 9
3 6
3 7
3 8
3 1
3 3
3 5
3 4
1260
1260 14
Tue Jul 21 20:24:39 CEST 2020 Waiting for 30 seconds before starting the job to allow the node to settle down
Tue Jul 21 20:24:39 CEST 2020 Waiting for 30 seconds before starting the job to allow the node to settle down
Tue Jul 21 20:24:39 CEST 2020 Waiting for 30 seconds before starting the job to allow the node to settle down
Tue Jul 21 20:24:39 CEST 2020 Waiting for 30 seconds before starting the job to allow the node to settle down
Tue Jul 21 20:24:39 CEST 2020 Waiting for 30 seconds before starting the job to allow the node to settle down
Tue Jul 21 20:24:39 CEST 2020 Waiting for 30 seconds before starting the job to allow the node to settle down
Tue Jul 21 20:24:39 CEST 2020 Waiting for 30 seconds before starting the job to allow the node to settle down
Tue Jul 21 20:24:39 CEST 2020 Waiting for 30 seconds before starting the job to allow the node to settle down
Tue Jul 21 20:24:39 CEST 2020 Waiting for 30 seconds before starting the job to allow the node to settle down
Tue Jul 21 20:24:39 CEST 2020 Waiting for 30 seconds before starting the job to allow the node to settle down
Tue Jul 21 20:24:39 CEST 2020 Waiting for 30 seconds before starting the job to allow the node to settle down
Tue Jul 21 20:24:39 CEST 2020 Waiting for 30 seconds before starting the job to allow the node to settle down
Tue Jul 21 20:24:39 CEST 2020 Waiting for 30 seconds before starting the job to allow the node to settle down
Tue Jul 21 20:24:39 CEST 2020 Waiting for 30 seconds before starting the job to allow the node to settle down
Tue Jul 21 20:25:09 CEST 2020 Waiting done, starting task!
Tue Jul 21 20:25:09 CEST 2020 Waiting done, starting task!
Tue Jul 21 20:25:09 CEST 2020 Waiting done, starting task!
Tue Jul 21 20:25:09 CEST 2020 Waiting done, starting task!
Tue Jul 21 20:25:09 CEST 2020 Waiting done, starting task!
Tue Jul 21 20:25:09 CEST 2020 Waiting done, starting task!
Tue Jul 21 20:25:09 CEST 2020 Waiting done, starting task!
Tue Jul 21 20:25:09 CEST 2020 Waiting done, starting task!
Tue Jul 21 20:25:09 CEST 2020 Waiting done, starting task!
Tue Jul 21 20:25:09 CEST 2020 Waiting done, starting task!
Tue Jul 21 20:25:09 CEST 2020 Waiting done, starting task!
Tue Jul 21 20:25:09 CEST 2020 Waiting done, starting task!
Tue Jul 21 20:25:09 CEST 2020 Waiting done, starting task!
Tue Jul 21 20:25:09 CEST 2020 Waiting done, starting task!
3 0
3 2
3 7
3 6
3 13
3 11
3 1
3 10
3 8
3 12
3 9
3 4
3 3
3 5
1260
1260 15
Tue Jul 21 20:26:12 CEST 2020 Waiting for 30 seconds before starting the job to allow the node to settle down
Tue Jul 21 20:26:12 CEST 2020 Waiting for 30 seconds before starting the job to allow the node to settle down
Tue Jul 21 20:26:12 CEST 2020 Waiting for 30 seconds before starting the job to allow the node to settle down
Tue Jul 21 20:26:12 CEST 2020 Waiting for 30 seconds before starting the job to allow the node to settle down
Tue Jul 21 20:26:12 CEST 2020 Waiting for 30 seconds before starting the job to allow the node to settle down
Tue Jul 21 20:26:12 CEST 2020 Waiting for 30 seconds before starting the job to allow the node to settle down
Tue Jul 21 20:26:12 CEST 2020 Waiting for 30 seconds before starting the job to allow the node to settle down
Tue Jul 21 20:26:12 CEST 2020 Waiting for 30 seconds before starting the job to allow the node to settle down
Tue Jul 21 20:26:12 CEST 2020 Waiting for 30 seconds before starting the job to allow the node to settle down
Tue Jul 21 20:26:12 CEST 2020 Waiting for 30 seconds before starting the job to allow the node to settle down
Tue Jul 21 20:26:12 CEST 2020 Waiting for 30 seconds before starting the job to allow the node to settle down
Tue Jul 21 20:26:12 CEST 2020 Waiting for 30 seconds before starting the job to allow the node to settle down
Tue Jul 21 20:26:12 CEST 2020 Waiting for 30 seconds before starting the job to allow the node to settle down
Tue Jul 21 20:26:12 CEST 2020 Waiting for 30 seconds before starting the job to allow the node to settle down
Tue Jul 21 20:26:12 CEST 2020 Waiting for 30 seconds before starting the job to allow the node to settle down
Tue Jul 21 20:26:42 CEST 2020 Waiting done, starting task!
Tue Jul 21 20:26:42 CEST 2020 Waiting done, starting task!
Tue Jul 21 20:26:42 CEST 2020 Waiting done, starting task!
Tue Jul 21 20:26:42 CEST 2020 Waiting done, starting task!
Tue Jul 21 20:26:42 CEST 2020 Waiting done, starting task!
Tue Jul 21 20:26:42 CEST 2020 Waiting done, starting task!
Tue Jul 21 20:26:42 CEST 2020 Waiting done, starting task!
Tue Jul 21 20:26:42 CEST 2020 Waiting done, starting task!
Tue Jul 21 20:26:42 CEST 2020 Waiting done, starting task!
Tue Jul 21 20:26:42 CEST 2020 Waiting done, starting task!
Tue Jul 21 20:26:42 CEST 2020 Waiting done, starting task!
Tue Jul 21 20:26:42 CEST 2020 Waiting done, starting task!
Tue Jul 21 20:26:42 CEST 2020 Waiting done, starting task!
Tue Jul 21 20:26:42 CEST 2020 Waiting done, starting task!
Tue Jul 21 20:26:42 CEST 2020 Waiting done, starting task!
3 2
3 0
3 5
3 3
3 10
3 4
3 7
3 6
3 9
3 8
3 11
3 1
3 12
3 13
3 14
1260
1260 18
Tue Jul 21 20:27:41 CEST 2020 Waiting for 30 seconds before starting the job to allow the node to settle down
Tue Jul 21 20:27:41 CEST 2020 Waiting for 30 seconds before starting the job to allow the node to settle down
Tue Jul 21 20:27:41 CEST 2020 Waiting for 30 seconds before starting the job to allow the node to settle down
Tue Jul 21 20:27:41 CEST 2020 Waiting for 30 seconds before starting the job to allow the node to settle down
Tue Jul 21 20:27:41 CEST 2020 Waiting for 30 seconds before starting the job to allow the node to settle down
Tue Jul 21 20:27:41 CEST 2020 Waiting for 30 seconds before starting the job to allow the node to settle down
Tue Jul 21 20:27:41 CEST 2020 Waiting for 30 seconds before starting the job to allow the node to settle down
Tue Jul 21 20:27:41 CEST 2020 Waiting for 30 seconds before starting the job to allow the node to settle down
Tue Jul 21 20:27:41 CEST 2020 Waiting for 30 seconds before starting the job to allow the node to settle down
Tue Jul 21 20:27:41 CEST 2020 Waiting for 30 seconds before starting the job to allow the node to settle down
Tue Jul 21 20:27:41 CEST 2020 Waiting for 30 seconds before starting the job to allow the node to settle down
Tue Jul 21 20:27:41 CEST 2020 Waiting for 30 seconds before starting the job to allow the node to settle down
Tue Jul 21 20:27:41 CEST 2020 Waiting for 30 seconds before starting the job to allow the node to settle down
Tue Jul 21 20:27:41 CEST 2020 Waiting for 30 seconds before starting the job to allow the node to settle down
Tue Jul 21 20:27:41 CEST 2020 Waiting for 30 seconds before starting the job to allow the node to settle down
Tue Jul 21 20:27:41 CEST 2020 Waiting for 30 seconds before starting the job to allow the node to settle down
Tue Jul 21 20:27:41 CEST 2020 Waiting for 30 seconds before starting the job to allow the node to settle down
Tue Jul 21 20:27:41 CEST 2020 Waiting for 30 seconds before starting the job to allow the node to settle down
Tue Jul 21 20:28:11 CEST 2020 Waiting done, starting task!
Tue Jul 21 20:28:11 CEST 2020 Waiting done, starting task!
Tue Jul 21 20:28:11 CEST 2020 Waiting done, starting task!
Tue Jul 21 20:28:11 CEST 2020 Waiting done, starting task!
Tue Jul 21 20:28:11 CEST 2020 Waiting done, starting task!
Tue Jul 21 20:28:11 CEST 2020 Waiting done, starting task!
Tue Jul 21 20:28:11 CEST 2020 Waiting done, starting task!
Tue Jul 21 20:28:11 CEST 2020 Waiting done, starting task!
Tue Jul 21 20:28:11 CEST 2020 Waiting done, starting task!
Tue Jul 21 20:28:11 CEST 2020 Waiting done, starting task!
Tue Jul 21 20:28:11 CEST 2020 Waiting done, starting task!
Tue Jul 21 20:28:11 CEST 2020 Waiting done, starting task!
Tue Jul 21 20:28:11 CEST 2020 Waiting done, starting task!
Tue Jul 21 20:28:11 CEST 2020 Waiting done, starting task!
Tue Jul 21 20:28:11 CEST 2020 Waiting done, starting task!
Tue Jul 21 20:28:11 CEST 2020 Waiting done, starting task!
Tue Jul 21 20:28:11 CEST 2020 Waiting done, starting task!
Tue Jul 21 20:28:11 CEST 2020 Waiting done, starting task!
3 2
3 0
3 17
3 12
3 16
3 14
3 13
3 15
3 5
3 1
3 3
3 8
3 10
3 9
3 11
3 6
3 7
3 4
1260
1260 20
Tue Jul 21 20:29:01 CEST 2020 Waiting for 30 seconds before starting the job to allow the node to settle down
Tue Jul 21 20:29:01 CEST 2020 Waiting for 30 seconds before starting the job to allow the node to settle down
Tue Jul 21 20:29:01 CEST 2020 Waiting for 30 seconds before starting the job to allow the node to settle down
Tue Jul 21 20:29:01 CEST 2020 Waiting for 30 seconds before starting the job to allow the node to settle down
Tue Jul 21 20:29:01 CEST 2020 Waiting for 30 seconds before starting the job to allow the node to settle down
Tue Jul 21 20:29:01 CEST 2020 Waiting for 30 seconds before starting the job to allow the node to settle down
Tue Jul 21 20:29:01 CEST 2020 Waiting for 30 seconds before starting the job to allow the node to settle down
Tue Jul 21 20:29:01 CEST 2020 Waiting for 30 seconds before starting the job to allow the node to settle down
Tue Jul 21 20:29:01 CEST 2020 Waiting for 30 seconds before starting the job to allow the node to settle down
Tue Jul 21 20:29:01 CEST 2020 Waiting for 30 seconds before starting the job to allow the node to settle down
Tue Jul 21 20:29:01 CEST 2020 Waiting for 30 seconds before starting the job to allow the node to settle down
Tue Jul 21 20:29:01 CEST 2020 Waiting for 30 seconds before starting the job to allow the node to settle down
Tue Jul 21 20:29:01 CEST 2020 Waiting for 30 seconds before starting the job to allow the node to settle down
Tue Jul 21 20:29:01 CEST 2020 Waiting for 30 seconds before starting the job to allow the node to settle down
Tue Jul 21 20:29:01 CEST 2020 Waiting for 30 seconds before starting the job to allow the node to settle down
Tue Jul 21 20:29:01 CEST 2020 Waiting for 30 seconds before starting the job to allow the node to settle down
Tue Jul 21 20:29:01 CEST 2020 Waiting for 30 seconds before starting the job to allow the node to settle down
Tue Jul 21 20:29:01 CEST 2020 Waiting for 30 seconds before starting the job to allow the node to settle down
Tue Jul 21 20:29:01 CEST 2020 Waiting for 30 seconds before starting the job to allow the node to settle down
Tue Jul 21 20:29:01 CEST 2020 Waiting for 30 seconds before starting the job to allow the node to settle down
Tue Jul 21 20:29:31 CEST 2020 Waiting done, starting task!
Tue Jul 21 20:29:31 CEST 2020 Waiting done, starting task!
Tue Jul 21 20:29:31 CEST 2020 Waiting done, starting task!
Tue Jul 21 20:29:31 CEST 2020 Waiting done, starting task!
Tue Jul 21 20:29:31 CEST 2020 Waiting done, starting task!
Tue Jul 21 20:29:31 CEST 2020 Waiting done, starting task!
Tue Jul 21 20:29:31 CEST 2020 Waiting done, starting task!
Tue Jul 21 20:29:31 CEST 2020 Waiting done, starting task!
Tue Jul 21 20:29:31 CEST 2020 Waiting done, starting task!
Tue Jul 21 20:29:31 CEST 2020 Waiting done, starting task!
Tue Jul 21 20:29:31 CEST 2020 Waiting done, starting task!
Tue Jul 21 20:29:31 CEST 2020 Waiting done, starting task!
Tue Jul 21 20:29:31 CEST 2020 Waiting done, starting task!
Tue Jul 21 20:29:31 CEST 2020 Waiting done, starting task!
Tue Jul 21 20:29:31 CEST 2020 Waiting done, starting task!
Tue Jul 21 20:29:31 CEST 2020 Waiting done, starting task!
Tue Jul 21 20:29:31 CEST 2020 Waiting done, starting task!
Tue Jul 21 20:29:31 CEST 2020 Waiting done, starting task!
Tue Jul 21 20:29:31 CEST 2020 Waiting done, starting task!
Tue Jul 21 20:29:31 CEST 2020 Waiting done, starting task!
3 2
3 0
3 17
3 18
3 13
3 9
3 14
3 6
3 19
3 5
3 10
3 15
3 4
3 1
3 8
3 16
3 7
3 11
3 12
3 3
1260
/hiskp4/gross/bachelorarbeit
