Tue Jul 21 14:00:25 CEST 2020 Waiting for 30 seconds before starting the job to allow the node to settle down
Tue Jul 21 14:00:55 CEST 2020 Waiting done, starting task!
96 1
Tue Jul 21 14:00:55 CEST 2020 Waiting for 30 seconds before starting the job to allow the node to settle down
Tue Jul 21 14:01:25 CEST 2020 Waiting done, starting task!
96
96 2
Tue Jul 21 14:01:31 CEST 2020 Waiting for 30 seconds before starting the job to allow the node to settle down
Tue Jul 21 14:01:31 CEST 2020 Waiting for 30 seconds before starting the job to allow the node to settle down
Tue Jul 21 14:02:01 CEST 2020 Waiting done, starting task!
Tue Jul 21 14:02:01 CEST 2020 Waiting done, starting task!
96
96 3
Tue Jul 21 14:02:04 CEST 2020 Waiting for 30 seconds before starting the job to allow the node to settle down
Tue Jul 21 14:02:04 CEST 2020 Waiting for 30 seconds before starting the job to allow the node to settle down
Tue Jul 21 14:02:04 CEST 2020 Waiting for 30 seconds before starting the job to allow the node to settle down
Tue Jul 21 14:02:34 CEST 2020 Waiting done, starting task!
Tue Jul 21 14:02:34 CEST 2020 Waiting done, starting task!
Tue Jul 21 14:02:34 CEST 2020 Waiting done, starting task!
96
96 4
Tue Jul 21 14:02:38 CEST 2020 Waiting for 30 seconds before starting the job to allow the node to settle down
Tue Jul 21 14:02:38 CEST 2020 Waiting for 30 seconds before starting the job to allow the node to settle down
Tue Jul 21 14:02:38 CEST 2020 Waiting for 30 seconds before starting the job to allow the node to settle down
Tue Jul 21 14:02:38 CEST 2020 Waiting for 30 seconds before starting the job to allow the node to settle down
Tue Jul 21 14:03:08 CEST 2020 Waiting done, starting task!
Tue Jul 21 14:03:08 CEST 2020 Waiting done, starting task!
Tue Jul 21 14:03:08 CEST 2020 Waiting done, starting task!
Tue Jul 21 14:03:08 CEST 2020 Waiting done, starting task!
96
96 6
Tue Jul 21 14:03:10 CEST 2020 Waiting for 30 seconds before starting the job to allow the node to settle down
Tue Jul 21 14:03:10 CEST 2020 Waiting for 30 seconds before starting the job to allow the node to settle down
Tue Jul 21 14:03:10 CEST 2020 Waiting for 30 seconds before starting the job to allow the node to settle down
Tue Jul 21 14:03:10 CEST 2020 Waiting for 30 seconds before starting the job to allow the node to settle down
Tue Jul 21 14:03:10 CEST 2020 Waiting for 30 seconds before starting the job to allow the node to settle down
Tue Jul 21 14:03:10 CEST 2020 Waiting for 30 seconds before starting the job to allow the node to settle down
Tue Jul 21 14:03:40 CEST 2020 Waiting done, starting task!
Tue Jul 21 14:03:40 CEST 2020 Waiting done, starting task!
Tue Jul 21 14:03:40 CEST 2020 Waiting done, starting task!
Tue Jul 21 14:03:40 CEST 2020 Waiting done, starting task!
Tue Jul 21 14:03:40 CEST 2020 Waiting done, starting task!
Tue Jul 21 14:03:40 CEST 2020 Waiting done, starting task!
96
96 8
Tue Jul 21 14:03:43 CEST 2020 Waiting for 30 seconds before starting the job to allow the node to settle down
Tue Jul 21 14:03:43 CEST 2020 Waiting for 30 seconds before starting the job to allow the node to settle down
Tue Jul 21 14:03:43 CEST 2020 Waiting for 30 seconds before starting the job to allow the node to settle down
Tue Jul 21 14:03:43 CEST 2020 Waiting for 30 seconds before starting the job to allow the node to settle down
Tue Jul 21 14:03:43 CEST 2020 Waiting for 30 seconds before starting the job to allow the node to settle down
Tue Jul 21 14:03:43 CEST 2020 Waiting for 30 seconds before starting the job to allow the node to settle down
Tue Jul 21 14:03:43 CEST 2020 Waiting for 30 seconds before starting the job to allow the node to settle down
Tue Jul 21 14:03:43 CEST 2020 Waiting for 30 seconds before starting the job to allow the node to settle down
Tue Jul 21 14:04:13 CEST 2020 Waiting done, starting task!
Tue Jul 21 14:04:13 CEST 2020 Waiting done, starting task!
Tue Jul 21 14:04:13 CEST 2020 Waiting done, starting task!
Tue Jul 21 14:04:13 CEST 2020 Waiting done, starting task!
Tue Jul 21 14:04:13 CEST 2020 Waiting done, starting task!
Tue Jul 21 14:04:13 CEST 2020 Waiting done, starting task!
Tue Jul 21 14:04:13 CEST 2020 Waiting done, starting task!
Tue Jul 21 14:04:13 CEST 2020 Waiting done, starting task!
96
96 12
Tue Jul 21 14:04:15 CEST 2020 Waiting for 30 seconds before starting the job to allow the node to settle down
Tue Jul 21 14:04:15 CEST 2020 Waiting for 30 seconds before starting the job to allow the node to settle down
Tue Jul 21 14:04:15 CEST 2020 Waiting for 30 seconds before starting the job to allow the node to settle down
Tue Jul 21 14:04:15 CEST 2020 Waiting for 30 seconds before starting the job to allow the node to settle down
Tue Jul 21 14:04:15 CEST 2020 Waiting for 30 seconds before starting the job to allow the node to settle down
Tue Jul 21 14:04:15 CEST 2020 Waiting for 30 seconds before starting the job to allow the node to settle down
Tue Jul 21 14:04:15 CEST 2020 Waiting for 30 seconds before starting the job to allow the node to settle down
Tue Jul 21 14:04:15 CEST 2020 Waiting for 30 seconds before starting the job to allow the node to settle down
Tue Jul 21 14:04:15 CEST 2020 Waiting for 30 seconds before starting the job to allow the node to settle down
Tue Jul 21 14:04:15 CEST 2020 Waiting for 30 seconds before starting the job to allow the node to settle down
Tue Jul 21 14:04:15 CEST 2020 Waiting for 30 seconds before starting the job to allow the node to settle down
Tue Jul 21 14:04:15 CEST 2020 Waiting for 30 seconds before starting the job to allow the node to settle down
Tue Jul 21 14:04:45 CEST 2020 Waiting done, starting task!
Tue Jul 21 14:04:45 CEST 2020 Waiting done, starting task!
Tue Jul 21 14:04:45 CEST 2020 Waiting done, starting task!
Tue Jul 21 14:04:45 CEST 2020 Waiting done, starting task!
Tue Jul 21 14:04:45 CEST 2020 Waiting done, starting task!
Tue Jul 21 14:04:45 CEST 2020 Waiting done, starting task!
Tue Jul 21 14:04:45 CEST 2020 Waiting done, starting task!
Tue Jul 21 14:04:45 CEST 2020 Waiting done, starting task!
Tue Jul 21 14:04:45 CEST 2020 Waiting done, starting task!
Tue Jul 21 14:04:45 CEST 2020 Waiting done, starting task!
Tue Jul 21 14:04:45 CEST 2020 Waiting done, starting task!
Tue Jul 21 14:04:45 CEST 2020 Waiting done, starting task!
96
96 16
Tue Jul 21 14:04:48 CEST 2020 Waiting for 30 seconds before starting the job to allow the node to settle down
Tue Jul 21 14:04:48 CEST 2020 Waiting for 30 seconds before starting the job to allow the node to settle down
Tue Jul 21 14:04:48 CEST 2020 Waiting for 30 seconds before starting the job to allow the node to settle down
Tue Jul 21 14:04:48 CEST 2020 Waiting for 30 seconds before starting the job to allow the node to settle down
Tue Jul 21 14:04:48 CEST 2020 Waiting for 30 seconds before starting the job to allow the node to settle down
Tue Jul 21 14:04:48 CEST 2020 Waiting for 30 seconds before starting the job to allow the node to settle down
Tue Jul 21 14:04:48 CEST 2020 Waiting for 30 seconds before starting the job to allow the node to settle down
Tue Jul 21 14:04:48 CEST 2020 Waiting for 30 seconds before starting the job to allow the node to settle down
Tue Jul 21 14:04:48 CEST 2020 Waiting for 30 seconds before starting the job to allow the node to settle down
Tue Jul 21 14:04:48 CEST 2020 Waiting for 30 seconds before starting the job to allow the node to settle down
Tue Jul 21 14:04:48 CEST 2020 Waiting for 30 seconds before starting the job to allow the node to settle down
Tue Jul 21 14:04:48 CEST 2020 Waiting for 30 seconds before starting the job to allow the node to settle down
Tue Jul 21 14:04:48 CEST 2020 Waiting for 30 seconds before starting the job to allow the node to settle down
Tue Jul 21 14:04:48 CEST 2020 Waiting for 30 seconds before starting the job to allow the node to settle down
Tue Jul 21 14:04:48 CEST 2020 Waiting for 30 seconds before starting the job to allow the node to settle down
Tue Jul 21 14:04:48 CEST 2020 Waiting for 30 seconds before starting the job to allow the node to settle down
Tue Jul 21 14:05:18 CEST 2020 Waiting done, starting task!
Tue Jul 21 14:05:18 CEST 2020 Waiting done, starting task!
Tue Jul 21 14:05:18 CEST 2020 Waiting done, starting task!
Tue Jul 21 14:05:18 CEST 2020 Waiting done, starting task!
Tue Jul 21 14:05:18 CEST 2020 Waiting done, starting task!
Tue Jul 21 14:05:18 CEST 2020 Waiting done, starting task!
Tue Jul 21 14:05:18 CEST 2020 Waiting done, starting task!
Tue Jul 21 14:05:18 CEST 2020 Waiting done, starting task!
Tue Jul 21 14:05:18 CEST 2020 Waiting done, starting task!
Tue Jul 21 14:05:18 CEST 2020 Waiting done, starting task!
Tue Jul 21 14:05:18 CEST 2020 Waiting done, starting task!
Tue Jul 21 14:05:18 CEST 2020 Waiting done, starting task!
Tue Jul 21 14:05:18 CEST 2020 Waiting done, starting task!
Tue Jul 21 14:05:18 CEST 2020 Waiting done, starting task!
Tue Jul 21 14:05:18 CEST 2020 Waiting done, starting task!
Tue Jul 21 14:05:18 CEST 2020 Waiting done, starting task!
96
/hiskp4/gross/bachelorarbeit
