Wed Jun 24 10:55:27 CEST 2020 Waiting for 30 seconds before starting the job to allow the node to settle down
Wed Jun 24 10:55:57 CEST 2020 Waiting done, starting task!
Wed Jun 24 10:55:57 CEST 2020 Waiting for 30 seconds before starting the job to allow the node to settle down
Wed Jun 24 10:56:27 CEST 2020 Waiting done, starting task!
Laenge=384	Temperatur=0.500000
bei 1 cores haben 1000 Messungen 12.111751 Sekunden gebraucht
bei 1 cores haben 1000 Messungen 12.244550 Sekunden gebraucht
bei 1 cores haben 1000 Messungen 12.634719 Sekunden gebraucht
bei 1 cores haben 1000 Messungen 11.992881 Sekunden gebraucht
bei 1 cores haben 1000 Messungen 12.001010 Sekunden gebraucht
bei 2 cores haben 1000 Messungen 11.667602 Sekunden gebraucht
bei 2 cores haben 1000 Messungen 11.749188 Sekunden gebraucht
bei 2 cores haben 1000 Messungen 11.636782 Sekunden gebraucht
bei 2 cores haben 1000 Messungen 11.703196 Sekunden gebraucht
bei 2 cores haben 1000 Messungen 11.632770 Sekunden gebraucht
bei 3 cores haben 1000 Messungen 7.675519 Sekunden gebraucht
bei 3 cores haben 1000 Messungen 7.251549 Sekunden gebraucht
bei 3 cores haben 1000 Messungen 7.176148 Sekunden gebraucht
bei 3 cores haben 1000 Messungen 7.620185 Sekunden gebraucht
bei 3 cores haben 1000 Messungen 7.416516 Sekunden gebraucht
bei 4 cores haben 1000 Messungen 5.987200 Sekunden gebraucht
bei 4 cores haben 1000 Messungen 5.903481 Sekunden gebraucht
bei 4 cores haben 1000 Messungen 4.580086 Sekunden gebraucht
bei 4 cores haben 1000 Messungen 5.799528 Sekunden gebraucht
bei 4 cores haben 1000 Messungen 5.848725 Sekunden gebraucht
bei 5 cores haben 1000 Messungen 4.762000 Sekunden gebraucht
bei 5 cores haben 1000 Messungen 4.869113 Sekunden gebraucht
bei 5 cores haben 1000 Messungen 5.429091 Sekunden gebraucht
bei 5 cores haben 1000 Messungen 5.545037 Sekunden gebraucht
bei 5 cores haben 1000 Messungen 5.269709 Sekunden gebraucht
bei 6 cores haben 1000 Messungen 4.574465 Sekunden gebraucht
bei 6 cores haben 1000 Messungen 4.909211 Sekunden gebraucht
bei 6 cores haben 1000 Messungen 4.449312 Sekunden gebraucht
bei 6 cores haben 1000 Messungen 4.528516 Sekunden gebraucht
bei 6 cores haben 1000 Messungen 4.592082 Sekunden gebraucht
bei 7 cores haben 1000 Messungen 3.914672 Sekunden gebraucht
bei 7 cores haben 1000 Messungen 3.601383 Sekunden gebraucht
bei 7 cores haben 1000 Messungen 3.669890 Sekunden gebraucht
bei 7 cores haben 1000 Messungen 2.970503 Sekunden gebraucht
bei 7 cores haben 1000 Messungen 4.105993 Sekunden gebraucht
bei 8 cores haben 1000 Messungen 3.787364 Sekunden gebraucht
bei 8 cores haben 1000 Messungen 3.571778 Sekunden gebraucht
bei 8 cores haben 1000 Messungen 3.505395 Sekunden gebraucht
bei 8 cores haben 1000 Messungen 3.623113 Sekunden gebraucht
bei 8 cores haben 1000 Messungen 3.592873 Sekunden gebraucht
bei 9 cores haben 1000 Messungen 3.201963 Sekunden gebraucht
bei 9 cores haben 1000 Messungen 3.845807 Sekunden gebraucht
bei 9 cores haben 1000 Messungen 3.548927 Sekunden gebraucht
bei 9 cores haben 1000 Messungen 3.514312 Sekunden gebraucht
bei 9 cores haben 1000 Messungen 3.249866 Sekunden gebraucht
bei 10 cores haben 1000 Messungen 3.376667 Sekunden gebraucht
bei 10 cores haben 1000 Messungen 3.436727 Sekunden gebraucht
bei 10 cores haben 1000 Messungen 3.362087 Sekunden gebraucht
bei 10 cores haben 1000 Messungen 3.000258 Sekunden gebraucht
bei 10 cores haben 1000 Messungen 3.088344 Sekunden gebraucht
bei 11 cores haben 1000 Messungen 3.276512 Sekunden gebraucht
bei 11 cores haben 1000 Messungen 3.034059 Sekunden gebraucht
bei 11 cores haben 1000 Messungen 2.880365 Sekunden gebraucht
bei 11 cores haben 1000 Messungen 3.229755 Sekunden gebraucht
bei 11 cores haben 1000 Messungen 2.843414 Sekunden gebraucht
bei 12 cores haben 1000 Messungen 2.677987 Sekunden gebraucht
bei 12 cores haben 1000 Messungen 2.881606 Sekunden gebraucht
bei 12 cores haben 1000 Messungen 3.012587 Sekunden gebraucht
bei 12 cores haben 1000 Messungen 2.808987 Sekunden gebraucht
bei 12 cores haben 1000 Messungen 2.673979 Sekunden gebraucht
/hiskp4/gross/bachelorarbeit
