Thu Jun 25 18:22:31 CEST 2020 Waiting for 30 seconds before starting the job to allow the node to settle down
Thu Jun 25 18:23:01 CEST 2020 Waiting done, starting task!
Thu Jun 25 18:23:02 CEST 2020 Waiting for 30 seconds before starting the job to allow the node to settle down
Thu Jun 25 18:23:32 CEST 2020 Waiting done, starting task!
Laenge=500	Temperatur=0.500000
Richtige Funktion!
bei 1 cores haben 1000 Messungen 15.515397 Sekunden gebraucht
Richtige Funktion!
bei 1 cores haben 1000 Messungen 15.438431 Sekunden gebraucht
Richtige Funktion!
bei 1 cores haben 1000 Messungen 16.282220 Sekunden gebraucht
Richtige Funktion!
bei 1 cores haben 1000 Messungen 15.303814 Sekunden gebraucht
Richtige Funktion!
bei 1 cores haben 1000 Messungen 15.314778 Sekunden gebraucht
Richtige Funktion!
bei 2 cores haben 1000 Messungen 9.040590 Sekunden gebraucht
Richtige Funktion!
bei 2 cores haben 1000 Messungen 9.088947 Sekunden gebraucht
Richtige Funktion!
bei 2 cores haben 1000 Messungen 8.899254 Sekunden gebraucht
Richtige Funktion!
bei 2 cores haben 1000 Messungen 9.026597 Sekunden gebraucht
Richtige Funktion!
bei 2 cores haben 1000 Messungen 9.007093 Sekunden gebraucht
Richtige Funktion!
bei 3 cores haben 1000 Messungen 6.503552 Sekunden gebraucht
Richtige Funktion!
bei 3 cores haben 1000 Messungen 6.332076 Sekunden gebraucht
Richtige Funktion!
bei 3 cores haben 1000 Messungen 6.493013 Sekunden gebraucht
Richtige Funktion!
bei 3 cores haben 1000 Messungen 6.546472 Sekunden gebraucht
Richtige Funktion!
bei 3 cores haben 1000 Messungen 6.553898 Sekunden gebraucht
Richtige Funktion!
bei 4 cores haben 1000 Messungen 5.107052 Sekunden gebraucht
Richtige Funktion!
bei 4 cores haben 1000 Messungen 5.100531 Sekunden gebraucht
Richtige Funktion!
bei 4 cores haben 1000 Messungen 5.083351 Sekunden gebraucht
Richtige Funktion!
bei 4 cores haben 1000 Messungen 5.204207 Sekunden gebraucht
Richtige Funktion!
bei 4 cores haben 1000 Messungen 5.032972 Sekunden gebraucht
Richtige Funktion!
bei 5 cores haben 1000 Messungen 4.107162 Sekunden gebraucht
Richtige Funktion!
bei 5 cores haben 1000 Messungen 7.064297 Sekunden gebraucht
Richtige Funktion!
bei 5 cores haben 1000 Messungen 7.402440 Sekunden gebraucht
Richtige Funktion!
bei 5 cores haben 1000 Messungen 7.207655 Sekunden gebraucht
Richtige Funktion!
bei 5 cores haben 1000 Messungen 4.251191 Sekunden gebraucht
Richtige Funktion!
bei 6 cores haben 1000 Messungen 5.016944 Sekunden gebraucht
Richtige Funktion!
bei 6 cores haben 1000 Messungen 6.265498 Sekunden gebraucht
Richtige Funktion!
bei 6 cores haben 1000 Messungen 6.108478 Sekunden gebraucht
Richtige Funktion!
bei 6 cores haben 1000 Messungen 6.454748 Sekunden gebraucht
Richtige Funktion!
bei 6 cores haben 1000 Messungen 5.045740 Sekunden gebraucht
Richtige Funktion!
bei 7 cores haben 1000 Messungen 5.586373 Sekunden gebraucht
Richtige Funktion!
bei 7 cores haben 1000 Messungen 5.171708 Sekunden gebraucht
Richtige Funktion!
bei 7 cores haben 1000 Messungen 5.771552 Sekunden gebraucht
Richtige Funktion!
bei 7 cores haben 1000 Messungen 4.748810 Sekunden gebraucht
Richtige Funktion!
bei 7 cores haben 1000 Messungen 5.714181 Sekunden gebraucht
Richtige Funktion!
bei 8 cores haben 1000 Messungen 3.669491 Sekunden gebraucht
Richtige Funktion!
bei 8 cores haben 1000 Messungen 5.222551 Sekunden gebraucht
Richtige Funktion!
bei 8 cores haben 1000 Messungen 4.729493 Sekunden gebraucht
Richtige Funktion!
bei 8 cores haben 1000 Messungen 4.525125 Sekunden gebraucht
Richtige Funktion!
bei 8 cores haben 1000 Messungen 5.077001 Sekunden gebraucht
Richtige Funktion!
bei 9 cores haben 1000 Messungen 4.355472 Sekunden gebraucht
Richtige Funktion!
bei 9 cores haben 1000 Messungen 4.372817 Sekunden gebraucht
Richtige Funktion!
bei 9 cores haben 1000 Messungen 3.802970 Sekunden gebraucht
Richtige Funktion!
bei 9 cores haben 1000 Messungen 3.919081 Sekunden gebraucht
Richtige Funktion!
bei 9 cores haben 1000 Messungen 3.854927 Sekunden gebraucht
Richtige Funktion!
bei 10 cores haben 1000 Messungen 3.748134 Sekunden gebraucht
Richtige Funktion!
bei 10 cores haben 1000 Messungen 3.298200 Sekunden gebraucht
Richtige Funktion!
bei 10 cores haben 1000 Messungen 3.851957 Sekunden gebraucht
Richtige Funktion!
bei 10 cores haben 1000 Messungen 3.705057 Sekunden gebraucht
Richtige Funktion!
bei 10 cores haben 1000 Messungen 4.005484 Sekunden gebraucht
Richtige Funktion!
bei 11 cores haben 1000 Messungen 2.638977 Sekunden gebraucht
Richtige Funktion!
bei 11 cores haben 1000 Messungen 2.569547 Sekunden gebraucht
Richtige Funktion!
bei 11 cores haben 1000 Messungen 2.620385 Sekunden gebraucht
Richtige Funktion!
bei 11 cores haben 1000 Messungen 2.516829 Sekunden gebraucht
Richtige Funktion!
bei 11 cores haben 1000 Messungen 2.724431 Sekunden gebraucht
Richtige Funktion!
bei 12 cores haben 1000 Messungen 2.437066 Sekunden gebraucht
Richtige Funktion!
bei 12 cores haben 1000 Messungen 2.424907 Sekunden gebraucht
Richtige Funktion!
bei 12 cores haben 1000 Messungen 2.403690 Sekunden gebraucht
Richtige Funktion!
bei 12 cores haben 1000 Messungen 2.398067 Sekunden gebraucht
Richtige Funktion!
bei 12 cores haben 1000 Messungen 2.394798 Sekunden gebraucht
/hiskp4/gross/bachelorarbeit
