Tue Jun 23 10:12:38 CEST 2020 Waiting for 30 seconds before starting the job to allow the node to settle down
Tue Jun 23 10:13:08 CEST 2020 Waiting done, starting task!
Tue Jun 23 10:13:08 CEST 2020 Waiting for 30 seconds before starting the job to allow the node to settle down
Tue Jun 23 10:13:38 CEST 2020 Waiting done, starting task!
Laenge=384	Temperatur=0.500000
bei 1 cores haben 1000 Messungen 8.884242 Sekunden gebraucht
bei 1 cores haben 1000 Messungen 8.752010 Sekunden gebraucht
bei 1 cores haben 1000 Messungen 8.794833 Sekunden gebraucht
bei 1 cores haben 1000 Messungen 8.750766 Sekunden gebraucht
bei 1 cores haben 1000 Messungen 8.750349 Sekunden gebraucht
bei 2 cores haben 1000 Messungen 10.211367 Sekunden gebraucht
bei 2 cores haben 1000 Messungen 10.185162 Sekunden gebraucht
bei 2 cores haben 1000 Messungen 10.219607 Sekunden gebraucht
bei 2 cores haben 1000 Messungen 10.103568 Sekunden gebraucht
bei 2 cores haben 1000 Messungen 10.038512 Sekunden gebraucht
bei 3 cores haben 1000 Messungen 5.520735 Sekunden gebraucht
bei 3 cores haben 1000 Messungen 5.876729 Sekunden gebraucht
bei 3 cores haben 1000 Messungen 5.612618 Sekunden gebraucht
bei 3 cores haben 1000 Messungen 6.300190 Sekunden gebraucht
bei 3 cores haben 1000 Messungen 6.646957 Sekunden gebraucht
bei 4 cores haben 1000 Messungen 5.274603 Sekunden gebraucht
bei 4 cores haben 1000 Messungen 5.171272 Sekunden gebraucht
bei 4 cores haben 1000 Messungen 5.498066 Sekunden gebraucht
bei 4 cores haben 1000 Messungen 5.309516 Sekunden gebraucht
bei 4 cores haben 1000 Messungen 4.905896 Sekunden gebraucht
bei 5 cores haben 1000 Messungen 4.575241 Sekunden gebraucht
bei 5 cores haben 1000 Messungen 4.363713 Sekunden gebraucht
bei 5 cores haben 1000 Messungen 3.845578 Sekunden gebraucht
bei 5 cores haben 1000 Messungen 4.116081 Sekunden gebraucht
bei 5 cores haben 1000 Messungen 3.476179 Sekunden gebraucht
bei 6 cores haben 1000 Messungen 3.599019 Sekunden gebraucht
bei 6 cores haben 1000 Messungen 3.972790 Sekunden gebraucht
bei 6 cores haben 1000 Messungen 3.513188 Sekunden gebraucht
bei 6 cores haben 1000 Messungen 4.471611 Sekunden gebraucht
bei 6 cores haben 1000 Messungen 4.533753 Sekunden gebraucht
bei 7 cores haben 1000 Messungen 3.987477 Sekunden gebraucht
bei 7 cores haben 1000 Messungen 3.726868 Sekunden gebraucht
bei 7 cores haben 1000 Messungen 3.482526 Sekunden gebraucht
bei 7 cores haben 1000 Messungen 3.607733 Sekunden gebraucht
bei 7 cores haben 1000 Messungen 3.580698 Sekunden gebraucht
bei 8 cores haben 1000 Messungen 3.550001 Sekunden gebraucht
bei 8 cores haben 1000 Messungen 3.286965 Sekunden gebraucht
bei 8 cores haben 1000 Messungen 3.161560 Sekunden gebraucht
bei 8 cores haben 1000 Messungen 3.611722 Sekunden gebraucht
bei 8 cores haben 1000 Messungen 3.514373 Sekunden gebraucht
bei 9 cores haben 1000 Messungen 3.196449 Sekunden gebraucht
bei 9 cores haben 1000 Messungen 3.024997 Sekunden gebraucht
bei 9 cores haben 1000 Messungen 2.914608 Sekunden gebraucht
bei 9 cores haben 1000 Messungen 2.844475 Sekunden gebraucht
bei 9 cores haben 1000 Messungen 2.939972 Sekunden gebraucht
bei 10 cores haben 1000 Messungen 2.859334 Sekunden gebraucht
bei 10 cores haben 1000 Messungen 2.984411 Sekunden gebraucht
bei 10 cores haben 1000 Messungen 2.840782 Sekunden gebraucht
bei 10 cores haben 1000 Messungen 2.834402 Sekunden gebraucht
bei 10 cores haben 1000 Messungen 2.953170 Sekunden gebraucht
bei 11 cores haben 1000 Messungen 2.696495 Sekunden gebraucht
bei 11 cores haben 1000 Messungen 2.707699 Sekunden gebraucht
bei 11 cores haben 1000 Messungen 2.579797 Sekunden gebraucht
bei 11 cores haben 1000 Messungen 2.645287 Sekunden gebraucht
bei 11 cores haben 1000 Messungen 2.750270 Sekunden gebraucht
bei 12 cores haben 1000 Messungen 2.593366 Sekunden gebraucht
bei 12 cores haben 1000 Messungen 2.639969 Sekunden gebraucht
bei 12 cores haben 1000 Messungen 2.598957 Sekunden gebraucht
bei 12 cores haben 1000 Messungen 2.661886 Sekunden gebraucht
bei 12 cores haben 1000 Messungen 2.753277 Sekunden gebraucht
/hiskp4/gross/bachelorarbeit
