Sat Jul 25 16:20:54 CEST 2020 Waiting for 30 seconds before starting the job to allow the node to settle down
Sat Jul 25 16:21:24 CEST 2020 Waiting done, starting task!
500 1
Sat Jul 25 16:21:24 CEST 2020 Waiting for 30 seconds before starting the job to allow the node to settle down
Sat Jul 25 16:21:54 CEST 2020 Waiting done, starting task!
500
500 2
Sat Jul 25 16:23:59 CEST 2020 Waiting for 30 seconds before starting the job to allow the node to settle down
Sat Jul 25 16:23:59 CEST 2020 Waiting for 30 seconds before starting the job to allow the node to settle down
Sat Jul 25 16:24:29 CEST 2020 Waiting done, starting task!
Sat Jul 25 16:24:29 CEST 2020 Waiting done, starting task!
500
500 4
Sat Jul 25 16:25:32 CEST 2020 Waiting for 30 seconds before starting the job to allow the node to settle down
Sat Jul 25 16:25:32 CEST 2020 Waiting for 30 seconds before starting the job to allow the node to settle down
Sat Jul 25 16:25:32 CEST 2020 Waiting for 30 seconds before starting the job to allow the node to settle down
Sat Jul 25 16:25:32 CEST 2020 Waiting for 30 seconds before starting the job to allow the node to settle down
Sat Jul 25 16:26:02 CEST 2020 Waiting done, starting task!
Sat Jul 25 16:26:02 CEST 2020 Waiting done, starting task!
Sat Jul 25 16:26:02 CEST 2020 Waiting done, starting task!
Sat Jul 25 16:26:03 CEST 2020 Waiting done, starting task!
500
500 5
Sat Jul 25 16:26:37 CEST 2020 Waiting for 30 seconds before starting the job to allow the node to settle down
Sat Jul 25 16:26:37 CEST 2020 Waiting for 30 seconds before starting the job to allow the node to settle down
Sat Jul 25 16:26:37 CEST 2020 Waiting for 30 seconds before starting the job to allow the node to settle down
Sat Jul 25 16:26:37 CEST 2020 Waiting for 30 seconds before starting the job to allow the node to settle down
Sat Jul 25 16:26:37 CEST 2020 Waiting for 30 seconds before starting the job to allow the node to settle down
Sat Jul 25 16:27:07 CEST 2020 Waiting done, starting task!
Sat Jul 25 16:27:07 CEST 2020 Waiting done, starting task!
Sat Jul 25 16:27:07 CEST 2020 Waiting done, starting task!
Sat Jul 25 16:27:07 CEST 2020 Waiting done, starting task!
Sat Jul 25 16:27:07 CEST 2020 Waiting done, starting task!
500
500 10
Sat Jul 25 16:27:34 CEST 2020 Waiting for 30 seconds before starting the job to allow the node to settle down
Sat Jul 25 16:27:34 CEST 2020 Waiting for 30 seconds before starting the job to allow the node to settle down
Sat Jul 25 16:27:34 CEST 2020 Waiting for 30 seconds before starting the job to allow the node to settle down
Sat Jul 25 16:27:34 CEST 2020 Waiting for 30 seconds before starting the job to allow the node to settle down
Sat Jul 25 16:27:34 CEST 2020 Waiting for 30 seconds before starting the job to allow the node to settle down
Sat Jul 25 16:27:34 CEST 2020 Waiting for 30 seconds before starting the job to allow the node to settle down
Sat Jul 25 16:27:34 CEST 2020 Waiting for 30 seconds before starting the job to allow the node to settle down
Sat Jul 25 16:27:34 CEST 2020 Waiting for 30 seconds before starting the job to allow the node to settle down
Sat Jul 25 16:27:34 CEST 2020 Waiting for 30 seconds before starting the job to allow the node to settle down
Sat Jul 25 16:27:34 CEST 2020 Waiting for 30 seconds before starting the job to allow the node to settle down
Sat Jul 25 16:28:04 CEST 2020 Waiting done, starting task!
Sat Jul 25 16:28:04 CEST 2020 Waiting done, starting task!
Sat Jul 25 16:28:04 CEST 2020 Waiting done, starting task!
Sat Jul 25 16:28:04 CEST 2020 Waiting done, starting task!
Sat Jul 25 16:28:04 CEST 2020 Waiting done, starting task!
Sat Jul 25 16:28:04 CEST 2020 Waiting done, starting task!
Sat Jul 25 16:28:04 CEST 2020 Waiting done, starting task!
Sat Jul 25 16:28:04 CEST 2020 Waiting done, starting task!
Sat Jul 25 16:28:04 CEST 2020 Waiting done, starting task!
Sat Jul 25 16:28:04 CEST 2020 Waiting done, starting task!
500
500 20
Sat Jul 25 16:28:19 CEST 2020 Waiting for 30 seconds before starting the job to allow the node to settle down
Sat Jul 25 16:28:19 CEST 2020 Waiting for 30 seconds before starting the job to allow the node to settle down
Sat Jul 25 16:28:19 CEST 2020 Waiting for 30 seconds before starting the job to allow the node to settle down
Sat Jul 25 16:28:19 CEST 2020 Waiting for 30 seconds before starting the job to allow the node to settle down
Sat Jul 25 16:28:19 CEST 2020 Waiting for 30 seconds before starting the job to allow the node to settle down
Sat Jul 25 16:28:19 CEST 2020 Waiting for 30 seconds before starting the job to allow the node to settle down
Sat Jul 25 16:28:19 CEST 2020 Waiting for 30 seconds before starting the job to allow the node to settle down
Sat Jul 25 16:28:19 CEST 2020 Waiting for 30 seconds before starting the job to allow the node to settle down
Sat Jul 25 16:28:19 CEST 2020 Waiting for 30 seconds before starting the job to allow the node to settle down
Sat Jul 25 16:28:19 CEST 2020 Waiting for 30 seconds before starting the job to allow the node to settle down
Sat Jul 25 16:28:19 CEST 2020 Waiting for 30 seconds before starting the job to allow the node to settle down
Sat Jul 25 16:28:19 CEST 2020 Waiting for 30 seconds before starting the job to allow the node to settle down
Sat Jul 25 16:28:19 CEST 2020 Waiting for 30 seconds before starting the job to allow the node to settle down
Sat Jul 25 16:28:19 CEST 2020 Waiting for 30 seconds before starting the job to allow the node to settle down
Sat Jul 25 16:28:19 CEST 2020 Waiting for 30 seconds before starting the job to allow the node to settle down
Sat Jul 25 16:28:19 CEST 2020 Waiting for 30 seconds before starting the job to allow the node to settle down
Sat Jul 25 16:28:19 CEST 2020 Waiting for 30 seconds before starting the job to allow the node to settle down
Sat Jul 25 16:28:19 CEST 2020 Waiting for 30 seconds before starting the job to allow the node to settle down
Sat Jul 25 16:28:19 CEST 2020 Waiting for 30 seconds before starting the job to allow the node to settle down
Sat Jul 25 16:28:19 CEST 2020 Waiting for 30 seconds before starting the job to allow the node to settle down
Sat Jul 25 16:28:49 CEST 2020 Waiting done, starting task!
Sat Jul 25 16:28:49 CEST 2020 Waiting done, starting task!
Sat Jul 25 16:28:49 CEST 2020 Waiting done, starting task!
Sat Jul 25 16:28:49 CEST 2020 Waiting done, starting task!
Sat Jul 25 16:28:49 CEST 2020 Waiting done, starting task!
Sat Jul 25 16:28:49 CEST 2020 Waiting done, starting task!
Sat Jul 25 16:28:49 CEST 2020 Waiting done, starting task!
Sat Jul 25 16:28:49 CEST 2020 Waiting done, starting task!
Sat Jul 25 16:28:49 CEST 2020 Waiting done, starting task!
Sat Jul 25 16:28:49 CEST 2020 Waiting done, starting task!
Sat Jul 25 16:28:49 CEST 2020 Waiting done, starting task!
Sat Jul 25 16:28:49 CEST 2020 Waiting done, starting task!
Sat Jul 25 16:28:49 CEST 2020 Waiting done, starting task!
Sat Jul 25 16:28:49 CEST 2020 Waiting done, starting task!
Sat Jul 25 16:28:49 CEST 2020 Waiting done, starting task!
Sat Jul 25 16:28:49 CEST 2020 Waiting done, starting task!
Sat Jul 25 16:28:49 CEST 2020 Waiting done, starting task!
Sat Jul 25 16:28:49 CEST 2020 Waiting done, starting task!
Sat Jul 25 16:28:49 CEST 2020 Waiting done, starting task!
Sat Jul 25 16:28:49 CEST 2020 Waiting done, starting task!
500
/hiskp4/gross/bachelorarbeit
