Thu Jun 25 11:18:18 CEST 2020 Waiting for 30 seconds before starting the job to allow the node to settle down
Thu Jun 25 11:18:48 CEST 2020 Waiting done, starting task!
Thu Jun 25 11:18:48 CEST 2020 Waiting for 30 seconds before starting the job to allow the node to settle down
Thu Jun 25 11:19:18 CEST 2020 Waiting done, starting task!
Laenge=500	Temperatur=0.500000
bei 1 cores haben 1000 Messungen 15.249708 Sekunden gebraucht
bei 1 cores haben 1000 Messungen 15.531434 Sekunden gebraucht
bei 1 cores haben 1000 Messungen 15.254728 Sekunden gebraucht
bei 1 cores haben 1000 Messungen 15.277626 Sekunden gebraucht
bei 1 cores haben 1000 Messungen 15.076649 Sekunden gebraucht
bei 2 cores haben 1000 Messungen 16.829117 Sekunden gebraucht
bei 2 cores haben 1000 Messungen 16.743667 Sekunden gebraucht
bei 2 cores haben 1000 Messungen 16.613680 Sekunden gebraucht
bei 2 cores haben 1000 Messungen 16.639114 Sekunden gebraucht
bei 2 cores haben 1000 Messungen 16.615659 Sekunden gebraucht
bei 3 cores haben 1000 Messungen 11.533423 Sekunden gebraucht
bei 3 cores haben 1000 Messungen 11.472341 Sekunden gebraucht
bei 3 cores haben 1000 Messungen 11.471482 Sekunden gebraucht
bei 3 cores haben 1000 Messungen 11.595617 Sekunden gebraucht
bei 3 cores haben 1000 Messungen 11.469360 Sekunden gebraucht
bei 4 cores haben 1000 Messungen 8.990451 Sekunden gebraucht
bei 4 cores haben 1000 Messungen 9.100648 Sekunden gebraucht
bei 4 cores haben 1000 Messungen 8.983479 Sekunden gebraucht
bei 4 cores haben 1000 Messungen 8.959048 Sekunden gebraucht
bei 4 cores haben 1000 Messungen 9.354731 Sekunden gebraucht
bei 5 cores haben 1000 Messungen 8.205473 Sekunden gebraucht
bei 5 cores haben 1000 Messungen 8.273538 Sekunden gebraucht
bei 5 cores haben 1000 Messungen 8.282299 Sekunden gebraucht
bei 5 cores haben 1000 Messungen 8.270763 Sekunden gebraucht
bei 5 cores haben 1000 Messungen 8.021993 Sekunden gebraucht
bei 6 cores haben 1000 Messungen 6.906200 Sekunden gebraucht
bei 6 cores haben 1000 Messungen 6.984825 Sekunden gebraucht
bei 6 cores haben 1000 Messungen 6.933485 Sekunden gebraucht
bei 6 cores haben 1000 Messungen 6.924999 Sekunden gebraucht
bei 6 cores haben 1000 Messungen 7.002884 Sekunden gebraucht
bei 7 cores haben 1000 Messungen 5.913960 Sekunden gebraucht
bei 7 cores haben 1000 Messungen 6.198314 Sekunden gebraucht
bei 7 cores haben 1000 Messungen 6.230563 Sekunden gebraucht
bei 7 cores haben 1000 Messungen 6.482013 Sekunden gebraucht
bei 7 cores haben 1000 Messungen 6.722928 Sekunden gebraucht
bei 8 cores haben 1000 Messungen 5.523839 Sekunden gebraucht
bei 8 cores haben 1000 Messungen 5.617154 Sekunden gebraucht
bei 8 cores haben 1000 Messungen 5.402755 Sekunden gebraucht
bei 8 cores haben 1000 Messungen 5.508564 Sekunden gebraucht
bei 8 cores haben 1000 Messungen 5.868042 Sekunden gebraucht
bei 9 cores haben 1000 Messungen 5.469557 Sekunden gebraucht
bei 9 cores haben 1000 Messungen 5.448466 Sekunden gebraucht
bei 9 cores haben 1000 Messungen 5.240013 Sekunden gebraucht
bei 9 cores haben 1000 Messungen 5.214900 Sekunden gebraucht
bei 9 cores haben 1000 Messungen 5.432881 Sekunden gebraucht
bei 10 cores haben 1000 Messungen 5.429809 Sekunden gebraucht
bei 10 cores haben 1000 Messungen 4.776735 Sekunden gebraucht
bei 10 cores haben 1000 Messungen 4.748158 Sekunden gebraucht
bei 10 cores haben 1000 Messungen 4.765266 Sekunden gebraucht
bei 10 cores haben 1000 Messungen 4.719715 Sekunden gebraucht
bei 11 cores haben 1000 Messungen 4.451508 Sekunden gebraucht
bei 11 cores haben 1000 Messungen 4.301805 Sekunden gebraucht
bei 11 cores haben 1000 Messungen 4.576448 Sekunden gebraucht
bei 11 cores haben 1000 Messungen 4.664747 Sekunden gebraucht
bei 11 cores haben 1000 Messungen 4.470585 Sekunden gebraucht
bei 12 cores haben 1000 Messungen 4.113197 Sekunden gebraucht
bei 12 cores haben 1000 Messungen 4.251100 Sekunden gebraucht
bei 12 cores haben 1000 Messungen 4.121017 Sekunden gebraucht
bei 12 cores haben 1000 Messungen 4.484107 Sekunden gebraucht
bei 12 cores haben 1000 Messungen 4.102980 Sekunden gebraucht
/hiskp4/gross/bachelorarbeit
