Tue Jul 21 13:35:20 CEST 2020 Waiting for 30 seconds before starting the job to allow the node to settle down
Tue Jul 21 13:35:50 CEST 2020 Waiting done, starting task!
24 1
Tue Jul 21 13:35:50 CEST 2020 Waiting for 30 seconds before starting the job to allow the node to settle down
Tue Jul 21 13:36:20 CEST 2020 Waiting done, starting task!
24
24 2
Tue Jul 21 13:36:21 CEST 2020 Waiting for 30 seconds before starting the job to allow the node to settle down
Tue Jul 21 13:36:21 CEST 2020 Waiting for 30 seconds before starting the job to allow the node to settle down
Tue Jul 21 13:36:51 CEST 2020 Waiting done, starting task!
Tue Jul 21 13:36:51 CEST 2020 Waiting done, starting task!
24
24 3
Tue Jul 21 13:36:53 CEST 2020 Waiting for 30 seconds before starting the job to allow the node to settle down
Tue Jul 21 13:36:53 CEST 2020 Waiting for 30 seconds before starting the job to allow the node to settle down
Tue Jul 21 13:36:53 CEST 2020 Waiting for 30 seconds before starting the job to allow the node to settle down
Tue Jul 21 13:37:23 CEST 2020 Waiting done, starting task!
Tue Jul 21 13:37:23 CEST 2020 Waiting done, starting task!
Tue Jul 21 13:37:23 CEST 2020 Waiting done, starting task!
24
24 4
Tue Jul 21 13:37:24 CEST 2020 Waiting for 30 seconds before starting the job to allow the node to settle down
Tue Jul 21 13:37:24 CEST 2020 Waiting for 30 seconds before starting the job to allow the node to settle down
Tue Jul 21 13:37:24 CEST 2020 Waiting for 30 seconds before starting the job to allow the node to settle down
Tue Jul 21 13:37:24 CEST 2020 Waiting for 30 seconds before starting the job to allow the node to settle down
Tue Jul 21 13:37:54 CEST 2020 Waiting done, starting task!
Tue Jul 21 13:37:54 CEST 2020 Waiting done, starting task!
Tue Jul 21 13:37:54 CEST 2020 Waiting done, starting task!
Tue Jul 21 13:37:54 CEST 2020 Waiting done, starting task!
24
24 6
Tue Jul 21 13:37:56 CEST 2020 Waiting for 30 seconds before starting the job to allow the node to settle down
Tue Jul 21 13:37:56 CEST 2020 Waiting for 30 seconds before starting the job to allow the node to settle down
Tue Jul 21 13:37:56 CEST 2020 Waiting for 30 seconds before starting the job to allow the node to settle down
Tue Jul 21 13:37:56 CEST 2020 Waiting for 30 seconds before starting the job to allow the node to settle down
Tue Jul 21 13:37:56 CEST 2020 Waiting for 30 seconds before starting the job to allow the node to settle down
Tue Jul 21 13:37:56 CEST 2020 Waiting for 30 seconds before starting the job to allow the node to settle down
Tue Jul 21 13:38:26 CEST 2020 Waiting done, starting task!
Tue Jul 21 13:38:26 CEST 2020 Waiting done, starting task!
Tue Jul 21 13:38:26 CEST 2020 Waiting done, starting task!
Tue Jul 21 13:38:26 CEST 2020 Waiting done, starting task!
Tue Jul 21 13:38:26 CEST 2020 Waiting done, starting task!
Tue Jul 21 13:38:26 CEST 2020 Waiting done, starting task!
24
24 8
Tue Jul 21 13:38:28 CEST 2020 Waiting for 30 seconds before starting the job to allow the node to settle down
Tue Jul 21 13:38:28 CEST 2020 Waiting for 30 seconds before starting the job to allow the node to settle down
Tue Jul 21 13:38:28 CEST 2020 Waiting for 30 seconds before starting the job to allow the node to settle down
Tue Jul 21 13:38:28 CEST 2020 Waiting for 30 seconds before starting the job to allow the node to settle down
Tue Jul 21 13:38:28 CEST 2020 Waiting for 30 seconds before starting the job to allow the node to settle down
Tue Jul 21 13:38:28 CEST 2020 Waiting for 30 seconds before starting the job to allow the node to settle down
Tue Jul 21 13:38:28 CEST 2020 Waiting for 30 seconds before starting the job to allow the node to settle down
Tue Jul 21 13:38:28 CEST 2020 Waiting for 30 seconds before starting the job to allow the node to settle down
Tue Jul 21 13:38:58 CEST 2020 Waiting done, starting task!
Tue Jul 21 13:38:58 CEST 2020 Waiting done, starting task!
Tue Jul 21 13:38:58 CEST 2020 Waiting done, starting task!
Tue Jul 21 13:38:58 CEST 2020 Waiting done, starting task!
Tue Jul 21 13:38:58 CEST 2020 Waiting done, starting task!
Tue Jul 21 13:38:58 CEST 2020 Waiting done, starting task!
Tue Jul 21 13:38:58 CEST 2020 Waiting done, starting task!
Tue Jul 21 13:38:58 CEST 2020 Waiting done, starting task!
24
24 12
Tue Jul 21 13:38:59 CEST 2020 Waiting for 30 seconds before starting the job to allow the node to settle down
Tue Jul 21 13:38:59 CEST 2020 Waiting for 30 seconds before starting the job to allow the node to settle down
Tue Jul 21 13:38:59 CEST 2020 Waiting for 30 seconds before starting the job to allow the node to settle down
Tue Jul 21 13:38:59 CEST 2020 Waiting for 30 seconds before starting the job to allow the node to settle down
Tue Jul 21 13:38:59 CEST 2020 Waiting for 30 seconds before starting the job to allow the node to settle down
Tue Jul 21 13:38:59 CEST 2020 Waiting for 30 seconds before starting the job to allow the node to settle down
Tue Jul 21 13:38:59 CEST 2020 Waiting for 30 seconds before starting the job to allow the node to settle down
Tue Jul 21 13:38:59 CEST 2020 Waiting for 30 seconds before starting the job to allow the node to settle down
Tue Jul 21 13:38:59 CEST 2020 Waiting for 30 seconds before starting the job to allow the node to settle down
Tue Jul 21 13:38:59 CEST 2020 Waiting for 30 seconds before starting the job to allow the node to settle down
Tue Jul 21 13:39:00 CEST 2020 Waiting for 30 seconds before starting the job to allow the node to settle down
Tue Jul 21 13:39:00 CEST 2020 Waiting for 30 seconds before starting the job to allow the node to settle down
Tue Jul 21 13:39:29 CEST 2020 Waiting done, starting task!
Tue Jul 21 13:39:29 CEST 2020 Waiting done, starting task!
Tue Jul 21 13:39:29 CEST 2020 Waiting done, starting task!
Tue Jul 21 13:39:29 CEST 2020 Waiting done, starting task!
Tue Jul 21 13:39:29 CEST 2020 Waiting done, starting task!
Tue Jul 21 13:39:29 CEST 2020 Waiting done, starting task!
Tue Jul 21 13:39:29 CEST 2020 Waiting done, starting task!
Tue Jul 21 13:39:29 CEST 2020 Waiting done, starting task!
Tue Jul 21 13:39:29 CEST 2020 Waiting done, starting task!
Tue Jul 21 13:39:29 CEST 2020 Waiting done, starting task!
Tue Jul 21 13:39:30 CEST 2020 Waiting done, starting task!
Tue Jul 21 13:39:30 CEST 2020 Waiting done, starting task!
24
/hiskp4/gross/bachelorarbeit
