Thu Jun 25 18:42:32 CEST 2020 Waiting for 30 seconds before starting the job to allow the node to settle down
Thu Jun 25 18:43:02 CEST 2020 Waiting done, starting task!
Thu Jun 25 18:43:02 CEST 2020 Waiting for 30 seconds before starting the job to allow the node to settle down
Thu Jun 25 18:43:32 CEST 2020 Waiting done, starting task!
Laenge=12	Temperatur=0.500000
Richtige Funktion!
bei 1 cores haben 1000 Messungen 0.014928 Sekunden gebraucht
Richtige Funktion!
bei 1 cores haben 1000 Messungen 0.014811 Sekunden gebraucht
Richtige Funktion!
bei 1 cores haben 1000 Messungen 0.014686 Sekunden gebraucht
Richtige Funktion!
bei 1 cores haben 1000 Messungen 0.014777 Sekunden gebraucht
Richtige Funktion!
bei 1 cores haben 1000 Messungen 0.014717 Sekunden gebraucht
Richtige Funktion!
bei 2 cores haben 1000 Messungen 0.011244 Sekunden gebraucht
Richtige Funktion!
bei 2 cores haben 1000 Messungen 0.011163 Sekunden gebraucht
Richtige Funktion!
bei 2 cores haben 1000 Messungen 0.011076 Sekunden gebraucht
Richtige Funktion!
bei 2 cores haben 1000 Messungen 0.011093 Sekunden gebraucht
Richtige Funktion!
bei 2 cores haben 1000 Messungen 0.023370 Sekunden gebraucht
Richtige Funktion!
bei 3 cores haben 1000 Messungen 0.019672 Sekunden gebraucht
Richtige Funktion!
bei 3 cores haben 1000 Messungen 0.019288 Sekunden gebraucht
Richtige Funktion!
bei 3 cores haben 1000 Messungen 0.018824 Sekunden gebraucht
Richtige Funktion!
bei 3 cores haben 1000 Messungen 0.016741 Sekunden gebraucht
Richtige Funktion!
bei 3 cores haben 1000 Messungen 0.016972 Sekunden gebraucht
Richtige Funktion!
bei 4 cores haben 1000 Messungen 0.017618 Sekunden gebraucht
Richtige Funktion!
bei 4 cores haben 1000 Messungen 0.017699 Sekunden gebraucht
Richtige Funktion!
bei 4 cores haben 1000 Messungen 0.016986 Sekunden gebraucht
Richtige Funktion!
bei 4 cores haben 1000 Messungen 0.017388 Sekunden gebraucht
Richtige Funktion!
bei 4 cores haben 1000 Messungen 0.017682 Sekunden gebraucht
Richtige Funktion!
bei 5 cores haben 1000 Messungen 0.019968 Sekunden gebraucht
Richtige Funktion!
bei 5 cores haben 1000 Messungen 0.019684 Sekunden gebraucht
Richtige Funktion!
bei 5 cores haben 1000 Messungen 0.020247 Sekunden gebraucht
Richtige Funktion!
bei 5 cores haben 1000 Messungen 0.019293 Sekunden gebraucht
Richtige Funktion!
bei 5 cores haben 1000 Messungen 0.019741 Sekunden gebraucht
Richtige Funktion!
bei 6 cores haben 1000 Messungen 0.010395 Sekunden gebraucht
Richtige Funktion!
bei 6 cores haben 1000 Messungen 0.010386 Sekunden gebraucht
Richtige Funktion!
bei 6 cores haben 1000 Messungen 0.010373 Sekunden gebraucht
Richtige Funktion!
bei 6 cores haben 1000 Messungen 0.010577 Sekunden gebraucht
Richtige Funktion!
bei 6 cores haben 1000 Messungen 0.010720 Sekunden gebraucht
Richtige Funktion!
bei 7 cores haben 1000 Messungen 0.020760 Sekunden gebraucht
Richtige Funktion!
bei 7 cores haben 1000 Messungen 0.020724 Sekunden gebraucht
Richtige Funktion!
bei 7 cores haben 1000 Messungen 0.020840 Sekunden gebraucht
Richtige Funktion!
bei 7 cores haben 1000 Messungen 0.020960 Sekunden gebraucht
Richtige Funktion!
bei 7 cores haben 1000 Messungen 0.020150 Sekunden gebraucht
Richtige Funktion!
bei 8 cores haben 1000 Messungen 0.017363 Sekunden gebraucht
Richtige Funktion!
bei 8 cores haben 1000 Messungen 0.018247 Sekunden gebraucht
Richtige Funktion!
bei 8 cores haben 1000 Messungen 0.017041 Sekunden gebraucht
Richtige Funktion!
bei 8 cores haben 1000 Messungen 0.018096 Sekunden gebraucht
Richtige Funktion!
bei 8 cores haben 1000 Messungen 0.017963 Sekunden gebraucht
Richtige Funktion!
bei 9 cores haben 1000 Messungen 0.020201 Sekunden gebraucht
Richtige Funktion!
bei 9 cores haben 1000 Messungen 0.020517 Sekunden gebraucht
Richtige Funktion!
bei 9 cores haben 1000 Messungen 0.018783 Sekunden gebraucht
Richtige Funktion!
bei 9 cores haben 1000 Messungen 0.018517 Sekunden gebraucht
Richtige Funktion!
bei 9 cores haben 1000 Messungen 0.019584 Sekunden gebraucht
Richtige Funktion!
bei 10 cores haben 1000 Messungen 0.020202 Sekunden gebraucht
Richtige Funktion!
bei 10 cores haben 1000 Messungen 0.019655 Sekunden gebraucht
Richtige Funktion!
bei 10 cores haben 1000 Messungen 0.019799 Sekunden gebraucht
Richtige Funktion!
bei 10 cores haben 1000 Messungen 0.020328 Sekunden gebraucht
Richtige Funktion!
bei 10 cores haben 1000 Messungen 0.020132 Sekunden gebraucht
Richtige Funktion!
bei 11 cores haben 1000 Messungen 0.022360 Sekunden gebraucht
Richtige Funktion!
bei 11 cores haben 1000 Messungen 0.022467 Sekunden gebraucht
Richtige Funktion!
bei 11 cores haben 1000 Messungen 0.020948 Sekunden gebraucht
Richtige Funktion!
bei 11 cores haben 1000 Messungen 0.021645 Sekunden gebraucht
Richtige Funktion!
bei 11 cores haben 1000 Messungen 0.021387 Sekunden gebraucht
Richtige Funktion!
bei 12 cores haben 1000 Messungen 0.023669 Sekunden gebraucht
Richtige Funktion!
bei 12 cores haben 1000 Messungen 0.023415 Sekunden gebraucht
Richtige Funktion!
bei 12 cores haben 1000 Messungen 0.023958 Sekunden gebraucht
Richtige Funktion!
bei 12 cores haben 1000 Messungen 0.023468 Sekunden gebraucht
Richtige Funktion!
bei 12 cores haben 1000 Messungen 0.022865 Sekunden gebraucht
/hiskp4/gross/bachelorarbeit
