Tue Jul 21 18:05:36 CEST 2020 Waiting for 30 seconds before starting the job to allow the node to settle down
Tue Jul 21 18:06:06 CEST 2020 Waiting done, starting task!
60 1
Tue Jul 21 18:06:06 CEST 2020 Waiting for 30 seconds before starting the job to allow the node to settle down
Tue Jul 21 18:06:36 CEST 2020 Waiting done, starting task!
3 0
60
60 2
Tue Jul 21 18:06:39 CEST 2020 Waiting for 30 seconds before starting the job to allow the node to settle down
Tue Jul 21 18:06:39 CEST 2020 Waiting for 30 seconds before starting the job to allow the node to settle down
Tue Jul 21 18:07:09 CEST 2020 Waiting done, starting task!
Tue Jul 21 18:07:09 CEST 2020 Waiting done, starting task!
3 0
3 1
60
60 3
Tue Jul 21 18:07:11 CEST 2020 Waiting for 30 seconds before starting the job to allow the node to settle down
Tue Jul 21 18:07:11 CEST 2020 Waiting for 30 seconds before starting the job to allow the node to settle down
Tue Jul 21 18:07:11 CEST 2020 Waiting for 30 seconds before starting the job to allow the node to settle down
Tue Jul 21 18:07:41 CEST 2020 Waiting done, starting task!
Tue Jul 21 18:07:41 CEST 2020 Waiting done, starting task!
Tue Jul 21 18:07:41 CEST 2020 Waiting done, starting task!
3 0
3 2
3 1
60
60 4
Tue Jul 21 18:07:43 CEST 2020 Waiting for 30 seconds before starting the job to allow the node to settle down
Tue Jul 21 18:07:43 CEST 2020 Waiting for 30 seconds before starting the job to allow the node to settle down
Tue Jul 21 18:07:43 CEST 2020 Waiting for 30 seconds before starting the job to allow the node to settle down
Tue Jul 21 18:07:44 CEST 2020 Waiting for 30 seconds before starting the job to allow the node to settle down
Tue Jul 21 18:08:13 CEST 2020 Waiting done, starting task!
Tue Jul 21 18:08:13 CEST 2020 Waiting done, starting task!
Tue Jul 21 18:08:14 CEST 2020 Waiting done, starting task!
Tue Jul 21 18:08:14 CEST 2020 Waiting done, starting task!
3 3
3 0
3 1
3 2
60
60 5
Tue Jul 21 18:08:15 CEST 2020 Waiting for 30 seconds before starting the job to allow the node to settle down
Tue Jul 21 18:08:15 CEST 2020 Waiting for 30 seconds before starting the job to allow the node to settle down
Tue Jul 21 18:08:15 CEST 2020 Waiting for 30 seconds before starting the job to allow the node to settle down
Tue Jul 21 18:08:15 CEST 2020 Waiting for 30 seconds before starting the job to allow the node to settle down
Tue Jul 21 18:08:16 CEST 2020 Waiting for 30 seconds before starting the job to allow the node to settle down
Tue Jul 21 18:08:45 CEST 2020 Waiting done, starting task!
Tue Jul 21 18:08:45 CEST 2020 Waiting done, starting task!
Tue Jul 21 18:08:45 CEST 2020 Waiting done, starting task!
Tue Jul 21 18:08:45 CEST 2020 Waiting done, starting task!
Tue Jul 21 18:08:46 CEST 2020 Waiting done, starting task!
3 0
3 3
3 2
3 4
3 1
60
60 6
Tue Jul 21 18:08:47 CEST 2020 Waiting for 30 seconds before starting the job to allow the node to settle down
Tue Jul 21 18:08:47 CEST 2020 Waiting for 30 seconds before starting the job to allow the node to settle down
Tue Jul 21 18:08:47 CEST 2020 Waiting for 30 seconds before starting the job to allow the node to settle down
Tue Jul 21 18:08:47 CEST 2020 Waiting for 30 seconds before starting the job to allow the node to settle down
Tue Jul 21 18:08:47 CEST 2020 Waiting for 30 seconds before starting the job to allow the node to settle down
Tue Jul 21 18:08:47 CEST 2020 Waiting for 30 seconds before starting the job to allow the node to settle down
Tue Jul 21 18:09:17 CEST 2020 Waiting done, starting task!
Tue Jul 21 18:09:17 CEST 2020 Waiting done, starting task!
Tue Jul 21 18:09:17 CEST 2020 Waiting done, starting task!
Tue Jul 21 18:09:17 CEST 2020 Waiting done, starting task!
Tue Jul 21 18:09:17 CEST 2020 Waiting done, starting task!
Tue Jul 21 18:09:17 CEST 2020 Waiting done, starting task!
3 1
3 3
3 2
3 5
3 4
3 0
60
60 10
Tue Jul 21 18:09:19 CEST 2020 Waiting for 30 seconds before starting the job to allow the node to settle down
Tue Jul 21 18:09:19 CEST 2020 Waiting for 30 seconds before starting the job to allow the node to settle down
Tue Jul 21 18:09:19 CEST 2020 Waiting for 30 seconds before starting the job to allow the node to settle down
Tue Jul 21 18:09:19 CEST 2020 Waiting for 30 seconds before starting the job to allow the node to settle down
Tue Jul 21 18:09:19 CEST 2020 Waiting for 30 seconds before starting the job to allow the node to settle down
Tue Jul 21 18:09:19 CEST 2020 Waiting for 30 seconds before starting the job to allow the node to settle down
Tue Jul 21 18:09:19 CEST 2020 Waiting for 30 seconds before starting the job to allow the node to settle down
Tue Jul 21 18:09:19 CEST 2020 Waiting for 30 seconds before starting the job to allow the node to settle down
Tue Jul 21 18:09:19 CEST 2020 Waiting for 30 seconds before starting the job to allow the node to settle down
Tue Jul 21 18:09:19 CEST 2020 Waiting for 30 seconds before starting the job to allow the node to settle down
Tue Jul 21 18:09:49 CEST 2020 Waiting done, starting task!
Tue Jul 21 18:09:49 CEST 2020 Waiting done, starting task!
Tue Jul 21 18:09:49 CEST 2020 Waiting done, starting task!
Tue Jul 21 18:09:49 CEST 2020 Waiting done, starting task!
Tue Jul 21 18:09:49 CEST 2020 Waiting done, starting task!
Tue Jul 21 18:09:49 CEST 2020 Waiting done, starting task!
Tue Jul 21 18:09:49 CEST 2020 Waiting done, starting task!
Tue Jul 21 18:09:49 CEST 2020 Waiting done, starting task!
Tue Jul 21 18:09:49 CEST 2020 Waiting done, starting task!
Tue Jul 21 18:09:49 CEST 2020 Waiting done, starting task!
3 1
3 0
3 8
3 9
3 2
3 6
3 7
3 3
3 4
3 5
60
60 12
Tue Jul 21 18:09:51 CEST 2020 Waiting for 30 seconds before starting the job to allow the node to settle down
Tue Jul 21 18:09:51 CEST 2020 Waiting for 30 seconds before starting the job to allow the node to settle down
Tue Jul 21 18:09:51 CEST 2020 Waiting for 30 seconds before starting the job to allow the node to settle down
Tue Jul 21 18:09:51 CEST 2020 Waiting for 30 seconds before starting the job to allow the node to settle down
Tue Jul 21 18:09:51 CEST 2020 Waiting for 30 seconds before starting the job to allow the node to settle down
Tue Jul 21 18:09:51 CEST 2020 Waiting for 30 seconds before starting the job to allow the node to settle down
Tue Jul 21 18:09:51 CEST 2020 Waiting for 30 seconds before starting the job to allow the node to settle down
Tue Jul 21 18:09:51 CEST 2020 Waiting for 30 seconds before starting the job to allow the node to settle down
Tue Jul 21 18:09:51 CEST 2020 Waiting for 30 seconds before starting the job to allow the node to settle down
Tue Jul 21 18:09:51 CEST 2020 Waiting for 30 seconds before starting the job to allow the node to settle down
Tue Jul 21 18:09:51 CEST 2020 Waiting for 30 seconds before starting the job to allow the node to settle down
Tue Jul 21 18:09:51 CEST 2020 Waiting for 30 seconds before starting the job to allow the node to settle down
Tue Jul 21 18:10:21 CEST 2020 Waiting done, starting task!
Tue Jul 21 18:10:21 CEST 2020 Waiting done, starting task!
Tue Jul 21 18:10:21 CEST 2020 Waiting done, starting task!
Tue Jul 21 18:10:21 CEST 2020 Waiting done, starting task!
Tue Jul 21 18:10:21 CEST 2020 Waiting done, starting task!
Tue Jul 21 18:10:21 CEST 2020 Waiting done, starting task!
Tue Jul 21 18:10:21 CEST 2020 Waiting done, starting task!
Tue Jul 21 18:10:21 CEST 2020 Waiting done, starting task!
Tue Jul 21 18:10:21 CEST 2020 Waiting done, starting task!
Tue Jul 21 18:10:21 CEST 2020 Waiting done, starting task!
Tue Jul 21 18:10:21 CEST 2020 Waiting done, starting task!
Tue Jul 21 18:10:21 CEST 2020 Waiting done, starting task!
3 8
3 9
3 6
3 0
3 11
3 7
3 10
3 2
3 1
3 3
3 5
3 4
60
60 15
Tue Jul 21 18:10:24 CEST 2020 Waiting for 30 seconds before starting the job to allow the node to settle down
Tue Jul 21 18:10:24 CEST 2020 Waiting for 30 seconds before starting the job to allow the node to settle down
Tue Jul 21 18:10:24 CEST 2020 Waiting for 30 seconds before starting the job to allow the node to settle down
Tue Jul 21 18:10:24 CEST 2020 Waiting for 30 seconds before starting the job to allow the node to settle down
Tue Jul 21 18:10:24 CEST 2020 Waiting for 30 seconds before starting the job to allow the node to settle down
Tue Jul 21 18:10:24 CEST 2020 Waiting for 30 seconds before starting the job to allow the node to settle down
Tue Jul 21 18:10:24 CEST 2020 Waiting for 30 seconds before starting the job to allow the node to settle down
Tue Jul 21 18:10:24 CEST 2020 Waiting for 30 seconds before starting the job to allow the node to settle down
Tue Jul 21 18:10:24 CEST 2020 Waiting for 30 seconds before starting the job to allow the node to settle down
Tue Jul 21 18:10:24 CEST 2020 Waiting for 30 seconds before starting the job to allow the node to settle down
Tue Jul 21 18:10:24 CEST 2020 Waiting for 30 seconds before starting the job to allow the node to settle down
Tue Jul 21 18:10:24 CEST 2020 Waiting for 30 seconds before starting the job to allow the node to settle down
Tue Jul 21 18:10:24 CEST 2020 Waiting for 30 seconds before starting the job to allow the node to settle down
Tue Jul 21 18:10:24 CEST 2020 Waiting for 30 seconds before starting the job to allow the node to settle down
Tue Jul 21 18:10:24 CEST 2020 Waiting for 30 seconds before starting the job to allow the node to settle down
Tue Jul 21 18:10:54 CEST 2020 Waiting done, starting task!
Tue Jul 21 18:10:54 CEST 2020 Waiting done, starting task!
Tue Jul 21 18:10:54 CEST 2020 Waiting done, starting task!
Tue Jul 21 18:10:54 CEST 2020 Waiting done, starting task!
Tue Jul 21 18:10:54 CEST 2020 Waiting done, starting task!
Tue Jul 21 18:10:54 CEST 2020 Waiting done, starting task!
Tue Jul 21 18:10:54 CEST 2020 Waiting done, starting task!
Tue Jul 21 18:10:54 CEST 2020 Waiting done, starting task!
Tue Jul 21 18:10:54 CEST 2020 Waiting done, starting task!
Tue Jul 21 18:10:54 CEST 2020 Waiting done, starting task!
Tue Jul 21 18:10:54 CEST 2020 Waiting done, starting task!
Tue Jul 21 18:10:54 CEST 2020 Waiting done, starting task!
Tue Jul 21 18:10:54 CEST 2020 Waiting done, starting task!
Tue Jul 21 18:10:54 CEST 2020 Waiting done, starting task!
Tue Jul 21 18:10:54 CEST 2020 Waiting done, starting task!
3 2
3 1
3 0
3 6
3 7
3 12
3 9
3 11
3 10
3 8
3 3
3 14
3 13
3 4
3 5
60
60 20
Tue Jul 21 18:10:56 CEST 2020 Waiting for 30 seconds before starting the job to allow the node to settle down
Tue Jul 21 18:10:56 CEST 2020 Waiting for 30 seconds before starting the job to allow the node to settle down
Tue Jul 21 18:10:56 CEST 2020 Waiting for 30 seconds before starting the job to allow the node to settle down
Tue Jul 21 18:10:56 CEST 2020 Waiting for 30 seconds before starting the job to allow the node to settle down
Tue Jul 21 18:10:56 CEST 2020 Waiting for 30 seconds before starting the job to allow the node to settle down
Tue Jul 21 18:10:56 CEST 2020 Waiting for 30 seconds before starting the job to allow the node to settle down
Tue Jul 21 18:10:56 CEST 2020 Waiting for 30 seconds before starting the job to allow the node to settle down
Tue Jul 21 18:10:56 CEST 2020 Waiting for 30 seconds before starting the job to allow the node to settle down
Tue Jul 21 18:10:56 CEST 2020 Waiting for 30 seconds before starting the job to allow the node to settle down
Tue Jul 21 18:10:56 CEST 2020 Waiting for 30 seconds before starting the job to allow the node to settle down
Tue Jul 21 18:10:56 CEST 2020 Waiting for 30 seconds before starting the job to allow the node to settle down
Tue Jul 21 18:10:56 CEST 2020 Waiting for 30 seconds before starting the job to allow the node to settle down
Tue Jul 21 18:10:56 CEST 2020 Waiting for 30 seconds before starting the job to allow the node to settle down
Tue Jul 21 18:10:56 CEST 2020 Waiting for 30 seconds before starting the job to allow the node to settle down
Tue Jul 21 18:10:56 CEST 2020 Waiting for 30 seconds before starting the job to allow the node to settle down
Tue Jul 21 18:10:56 CEST 2020 Waiting for 30 seconds before starting the job to allow the node to settle down
Tue Jul 21 18:10:56 CEST 2020 Waiting for 30 seconds before starting the job to allow the node to settle down
Tue Jul 21 18:10:56 CEST 2020 Waiting for 30 seconds before starting the job to allow the node to settle down
Tue Jul 21 18:10:56 CEST 2020 Waiting for 30 seconds before starting the job to allow the node to settle down
Tue Jul 21 18:10:56 CEST 2020 Waiting for 30 seconds before starting the job to allow the node to settle down
Tue Jul 21 18:11:26 CEST 2020 Waiting done, starting task!
Tue Jul 21 18:11:26 CEST 2020 Waiting done, starting task!
Tue Jul 21 18:11:26 CEST 2020 Waiting done, starting task!
Tue Jul 21 18:11:26 CEST 2020 Waiting done, starting task!
Tue Jul 21 18:11:26 CEST 2020 Waiting done, starting task!
Tue Jul 21 18:11:26 CEST 2020 Waiting done, starting task!
Tue Jul 21 18:11:26 CEST 2020 Waiting done, starting task!
Tue Jul 21 18:11:26 CEST 2020 Waiting done, starting task!
Tue Jul 21 18:11:26 CEST 2020 Waiting done, starting task!
Tue Jul 21 18:11:26 CEST 2020 Waiting done, starting task!
Tue Jul 21 18:11:26 CEST 2020 Waiting done, starting task!
Tue Jul 21 18:11:26 CEST 2020 Waiting done, starting task!
Tue Jul 21 18:11:26 CEST 2020 Waiting done, starting task!
Tue Jul 21 18:11:26 CEST 2020 Waiting done, starting task!
Tue Jul 21 18:11:26 CEST 2020 Waiting done, starting task!
Tue Jul 21 18:11:26 CEST 2020 Waiting done, starting task!
Tue Jul 21 18:11:26 CEST 2020 Waiting done, starting task!
Tue Jul 21 18:11:26 CEST 2020 Waiting done, starting task!
Tue Jul 21 18:11:26 CEST 2020 Waiting done, starting task!
Tue Jul 21 18:11:26 CEST 2020 Waiting done, starting task!
3 2
3 13
3 18
3 0
3 6
3 15
3 16
3 19
3 4
3 1
3 14
3 9
3 3
3 5
3 7
3 8
3 10
3 17
3 11
3 12
60
/hiskp4/gross/bachelorarbeit
