Sun Jul 26 12:27:38 CEST 2020 Waiting for 30 seconds before starting the job to allow the node to settle down
Sun Jul 26 12:28:08 CEST 2020 Waiting done, starting task!
480 1
Sun Jul 26 12:28:08 CEST 2020 Waiting for 30 seconds before starting the job to allow the node to settle down
Sun Jul 26 12:28:38 CEST 2020 Waiting done, starting task!
480
480 2
Sun Jul 26 12:30:32 CEST 2020 Waiting for 30 seconds before starting the job to allow the node to settle down
Sun Jul 26 12:30:32 CEST 2020 Waiting for 30 seconds before starting the job to allow the node to settle down
Sun Jul 26 12:31:03 CEST 2020 Waiting done, starting task!
Sun Jul 26 12:31:03 CEST 2020 Waiting done, starting task!
480
480 3
Sun Jul 26 12:32:01 CEST 2020 Waiting for 30 seconds before starting the job to allow the node to settle down
Sun Jul 26 12:32:01 CEST 2020 Waiting for 30 seconds before starting the job to allow the node to settle down
Sun Jul 26 12:32:01 CEST 2020 Waiting for 30 seconds before starting the job to allow the node to settle down
Sun Jul 26 12:32:31 CEST 2020 Waiting done, starting task!
Sun Jul 26 12:32:31 CEST 2020 Waiting done, starting task!
Sun Jul 26 12:32:31 CEST 2020 Waiting done, starting task!
480
480 4
Sun Jul 26 12:33:11 CEST 2020 Waiting for 30 seconds before starting the job to allow the node to settle down
Sun Jul 26 12:33:11 CEST 2020 Waiting for 30 seconds before starting the job to allow the node to settle down
Sun Jul 26 12:33:11 CEST 2020 Waiting for 30 seconds before starting the job to allow the node to settle down
Sun Jul 26 12:33:11 CEST 2020 Waiting for 30 seconds before starting the job to allow the node to settle down
Sun Jul 26 12:33:41 CEST 2020 Waiting done, starting task!
Sun Jul 26 12:33:41 CEST 2020 Waiting done, starting task!
Sun Jul 26 12:33:41 CEST 2020 Waiting done, starting task!
Sun Jul 26 12:33:41 CEST 2020 Waiting done, starting task!
480
480 5
Sun Jul 26 12:34:11 CEST 2020 Waiting for 30 seconds before starting the job to allow the node to settle down
Sun Jul 26 12:34:11 CEST 2020 Waiting for 30 seconds before starting the job to allow the node to settle down
Sun Jul 26 12:34:11 CEST 2020 Waiting for 30 seconds before starting the job to allow the node to settle down
Sun Jul 26 12:34:11 CEST 2020 Waiting for 30 seconds before starting the job to allow the node to settle down
Sun Jul 26 12:34:11 CEST 2020 Waiting for 30 seconds before starting the job to allow the node to settle down
Sun Jul 26 12:34:41 CEST 2020 Waiting done, starting task!
Sun Jul 26 12:34:41 CEST 2020 Waiting done, starting task!
Sun Jul 26 12:34:41 CEST 2020 Waiting done, starting task!
Sun Jul 26 12:34:41 CEST 2020 Waiting done, starting task!
Sun Jul 26 12:34:41 CEST 2020 Waiting done, starting task!
480
480 6
Sun Jul 26 12:35:06 CEST 2020 Waiting for 30 seconds before starting the job to allow the node to settle down
Sun Jul 26 12:35:06 CEST 2020 Waiting for 30 seconds before starting the job to allow the node to settle down
Sun Jul 26 12:35:06 CEST 2020 Waiting for 30 seconds before starting the job to allow the node to settle down
Sun Jul 26 12:35:06 CEST 2020 Waiting for 30 seconds before starting the job to allow the node to settle down
Sun Jul 26 12:35:06 CEST 2020 Waiting for 30 seconds before starting the job to allow the node to settle down
Sun Jul 26 12:35:06 CEST 2020 Waiting for 30 seconds before starting the job to allow the node to settle down
Sun Jul 26 12:35:36 CEST 2020 Waiting done, starting task!
Sun Jul 26 12:35:36 CEST 2020 Waiting done, starting task!
Sun Jul 26 12:35:36 CEST 2020 Waiting done, starting task!
Sun Jul 26 12:35:36 CEST 2020 Waiting done, starting task!
Sun Jul 26 12:35:36 CEST 2020 Waiting done, starting task!
Sun Jul 26 12:35:36 CEST 2020 Waiting done, starting task!
480
480 8
Sun Jul 26 12:35:57 CEST 2020 Waiting for 30 seconds before starting the job to allow the node to settle down
Sun Jul 26 12:35:57 CEST 2020 Waiting for 30 seconds before starting the job to allow the node to settle down
Sun Jul 26 12:35:57 CEST 2020 Waiting for 30 seconds before starting the job to allow the node to settle down
Sun Jul 26 12:35:57 CEST 2020 Waiting for 30 seconds before starting the job to allow the node to settle down
Sun Jul 26 12:35:57 CEST 2020 Waiting for 30 seconds before starting the job to allow the node to settle down
Sun Jul 26 12:35:57 CEST 2020 Waiting for 30 seconds before starting the job to allow the node to settle down
Sun Jul 26 12:35:57 CEST 2020 Waiting for 30 seconds before starting the job to allow the node to settle down
Sun Jul 26 12:35:57 CEST 2020 Waiting for 30 seconds before starting the job to allow the node to settle down
Sun Jul 26 12:36:27 CEST 2020 Waiting done, starting task!
Sun Jul 26 12:36:27 CEST 2020 Waiting done, starting task!
Sun Jul 26 12:36:27 CEST 2020 Waiting done, starting task!
Sun Jul 26 12:36:27 CEST 2020 Waiting done, starting task!
Sun Jul 26 12:36:27 CEST 2020 Waiting done, starting task!
Sun Jul 26 12:36:27 CEST 2020 Waiting done, starting task!
Sun Jul 26 12:36:27 CEST 2020 Waiting done, starting task!
Sun Jul 26 12:36:27 CEST 2020 Waiting done, starting task!
480
480 10
Sun Jul 26 12:36:44 CEST 2020 Waiting for 30 seconds before starting the job to allow the node to settle down
Sun Jul 26 12:36:44 CEST 2020 Waiting for 30 seconds before starting the job to allow the node to settle down
Sun Jul 26 12:36:44 CEST 2020 Waiting for 30 seconds before starting the job to allow the node to settle down
Sun Jul 26 12:36:44 CEST 2020 Waiting for 30 seconds before starting the job to allow the node to settle down
Sun Jul 26 12:36:44 CEST 2020 Waiting for 30 seconds before starting the job to allow the node to settle down
Sun Jul 26 12:36:44 CEST 2020 Waiting for 30 seconds before starting the job to allow the node to settle down
Sun Jul 26 12:36:44 CEST 2020 Waiting for 30 seconds before starting the job to allow the node to settle down
Sun Jul 26 12:36:44 CEST 2020 Waiting for 30 seconds before starting the job to allow the node to settle down
Sun Jul 26 12:36:44 CEST 2020 Waiting for 30 seconds before starting the job to allow the node to settle down
Sun Jul 26 12:36:44 CEST 2020 Waiting for 30 seconds before starting the job to allow the node to settle down
Sun Jul 26 12:37:14 CEST 2020 Waiting done, starting task!
Sun Jul 26 12:37:14 CEST 2020 Waiting done, starting task!
Sun Jul 26 12:37:14 CEST 2020 Waiting done, starting task!
Sun Jul 26 12:37:14 CEST 2020 Waiting done, starting task!
Sun Jul 26 12:37:14 CEST 2020 Waiting done, starting task!
Sun Jul 26 12:37:14 CEST 2020 Waiting done, starting task!
Sun Jul 26 12:37:14 CEST 2020 Waiting done, starting task!
Sun Jul 26 12:37:14 CEST 2020 Waiting done, starting task!
Sun Jul 26 12:37:14 CEST 2020 Waiting done, starting task!
Sun Jul 26 12:37:14 CEST 2020 Waiting done, starting task!
480
480 12
Sun Jul 26 12:37:28 CEST 2020 Waiting for 30 seconds before starting the job to allow the node to settle down
Sun Jul 26 12:37:28 CEST 2020 Waiting for 30 seconds before starting the job to allow the node to settle down
Sun Jul 26 12:37:28 CEST 2020 Waiting for 30 seconds before starting the job to allow the node to settle down
Sun Jul 26 12:37:28 CEST 2020 Waiting for 30 seconds before starting the job to allow the node to settle down
Sun Jul 26 12:37:28 CEST 2020 Waiting for 30 seconds before starting the job to allow the node to settle down
Sun Jul 26 12:37:28 CEST 2020 Waiting for 30 seconds before starting the job to allow the node to settle down
Sun Jul 26 12:37:28 CEST 2020 Waiting for 30 seconds before starting the job to allow the node to settle down
Sun Jul 26 12:37:28 CEST 2020 Waiting for 30 seconds before starting the job to allow the node to settle down
Sun Jul 26 12:37:28 CEST 2020 Waiting for 30 seconds before starting the job to allow the node to settle down
Sun Jul 26 12:37:28 CEST 2020 Waiting for 30 seconds before starting the job to allow the node to settle down
Sun Jul 26 12:37:28 CEST 2020 Waiting for 30 seconds before starting the job to allow the node to settle down
Sun Jul 26 12:37:28 CEST 2020 Waiting for 30 seconds before starting the job to allow the node to settle down
Sun Jul 26 12:37:58 CEST 2020 Waiting done, starting task!
Sun Jul 26 12:37:58 CEST 2020 Waiting done, starting task!
Sun Jul 26 12:37:58 CEST 2020 Waiting done, starting task!
Sun Jul 26 12:37:58 CEST 2020 Waiting done, starting task!
Sun Jul 26 12:37:58 CEST 2020 Waiting done, starting task!
Sun Jul 26 12:37:58 CEST 2020 Waiting done, starting task!
Sun Jul 26 12:37:58 CEST 2020 Waiting done, starting task!
Sun Jul 26 12:37:58 CEST 2020 Waiting done, starting task!
Sun Jul 26 12:37:58 CEST 2020 Waiting done, starting task!
Sun Jul 26 12:37:58 CEST 2020 Waiting done, starting task!
Sun Jul 26 12:37:58 CEST 2020 Waiting done, starting task!
Sun Jul 26 12:37:58 CEST 2020 Waiting done, starting task!
480
480 15
Sun Jul 26 12:38:11 CEST 2020 Waiting for 30 seconds before starting the job to allow the node to settle down
Sun Jul 26 12:38:11 CEST 2020 Waiting for 30 seconds before starting the job to allow the node to settle down
Sun Jul 26 12:38:11 CEST 2020 Waiting for 30 seconds before starting the job to allow the node to settle down
Sun Jul 26 12:38:11 CEST 2020 Waiting for 30 seconds before starting the job to allow the node to settle down
Sun Jul 26 12:38:11 CEST 2020 Waiting for 30 seconds before starting the job to allow the node to settle down
Sun Jul 26 12:38:11 CEST 2020 Waiting for 30 seconds before starting the job to allow the node to settle down
Sun Jul 26 12:38:11 CEST 2020 Waiting for 30 seconds before starting the job to allow the node to settle down
Sun Jul 26 12:38:11 CEST 2020 Waiting for 30 seconds before starting the job to allow the node to settle down
Sun Jul 26 12:38:11 CEST 2020 Waiting for 30 seconds before starting the job to allow the node to settle down
Sun Jul 26 12:38:11 CEST 2020 Waiting for 30 seconds before starting the job to allow the node to settle down
Sun Jul 26 12:38:11 CEST 2020 Waiting for 30 seconds before starting the job to allow the node to settle down
Sun Jul 26 12:38:11 CEST 2020 Waiting for 30 seconds before starting the job to allow the node to settle down
Sun Jul 26 12:38:11 CEST 2020 Waiting for 30 seconds before starting the job to allow the node to settle down
Sun Jul 26 12:38:11 CEST 2020 Waiting for 30 seconds before starting the job to allow the node to settle down
Sun Jul 26 12:38:11 CEST 2020 Waiting for 30 seconds before starting the job to allow the node to settle down
Sun Jul 26 12:38:41 CEST 2020 Waiting done, starting task!
Sun Jul 26 12:38:41 CEST 2020 Waiting done, starting task!
Sun Jul 26 12:38:41 CEST 2020 Waiting done, starting task!
Sun Jul 26 12:38:41 CEST 2020 Waiting done, starting task!
Sun Jul 26 12:38:41 CEST 2020 Waiting done, starting task!
Sun Jul 26 12:38:41 CEST 2020 Waiting done, starting task!
Sun Jul 26 12:38:41 CEST 2020 Waiting done, starting task!
Sun Jul 26 12:38:41 CEST 2020 Waiting done, starting task!
Sun Jul 26 12:38:41 CEST 2020 Waiting done, starting task!
Sun Jul 26 12:38:41 CEST 2020 Waiting done, starting task!
Sun Jul 26 12:38:41 CEST 2020 Waiting done, starting task!
Sun Jul 26 12:38:41 CEST 2020 Waiting done, starting task!
Sun Jul 26 12:38:41 CEST 2020 Waiting done, starting task!
Sun Jul 26 12:38:41 CEST 2020 Waiting done, starting task!
Sun Jul 26 12:38:41 CEST 2020 Waiting done, starting task!
480
480 16
Sun Jul 26 12:38:52 CEST 2020 Waiting for 30 seconds before starting the job to allow the node to settle down
Sun Jul 26 12:38:52 CEST 2020 Waiting for 30 seconds before starting the job to allow the node to settle down
Sun Jul 26 12:38:52 CEST 2020 Waiting for 30 seconds before starting the job to allow the node to settle down
Sun Jul 26 12:38:52 CEST 2020 Waiting for 30 seconds before starting the job to allow the node to settle down
Sun Jul 26 12:38:52 CEST 2020 Waiting for 30 seconds before starting the job to allow the node to settle down
Sun Jul 26 12:38:52 CEST 2020 Waiting for 30 seconds before starting the job to allow the node to settle down
Sun Jul 26 12:38:52 CEST 2020 Waiting for 30 seconds before starting the job to allow the node to settle down
Sun Jul 26 12:38:52 CEST 2020 Waiting for 30 seconds before starting the job to allow the node to settle down
Sun Jul 26 12:38:52 CEST 2020 Waiting for 30 seconds before starting the job to allow the node to settle down
Sun Jul 26 12:38:52 CEST 2020 Waiting for 30 seconds before starting the job to allow the node to settle down
Sun Jul 26 12:38:52 CEST 2020 Waiting for 30 seconds before starting the job to allow the node to settle down
Sun Jul 26 12:38:52 CEST 2020 Waiting for 30 seconds before starting the job to allow the node to settle down
Sun Jul 26 12:38:52 CEST 2020 Waiting for 30 seconds before starting the job to allow the node to settle down
Sun Jul 26 12:38:52 CEST 2020 Waiting for 30 seconds before starting the job to allow the node to settle down
Sun Jul 26 12:38:52 CEST 2020 Waiting for 30 seconds before starting the job to allow the node to settle down
Sun Jul 26 12:38:52 CEST 2020 Waiting for 30 seconds before starting the job to allow the node to settle down
Sun Jul 26 12:39:22 CEST 2020 Waiting done, starting task!
Sun Jul 26 12:39:22 CEST 2020 Waiting done, starting task!
Sun Jul 26 12:39:22 CEST 2020 Waiting done, starting task!
Sun Jul 26 12:39:22 CEST 2020 Waiting done, starting task!
Sun Jul 26 12:39:22 CEST 2020 Waiting done, starting task!
Sun Jul 26 12:39:22 CEST 2020 Waiting done, starting task!
Sun Jul 26 12:39:22 CEST 2020 Waiting done, starting task!
Sun Jul 26 12:39:22 CEST 2020 Waiting done, starting task!
Sun Jul 26 12:39:22 CEST 2020 Waiting done, starting task!
Sun Jul 26 12:39:22 CEST 2020 Waiting done, starting task!
Sun Jul 26 12:39:22 CEST 2020 Waiting done, starting task!
Sun Jul 26 12:39:22 CEST 2020 Waiting done, starting task!
Sun Jul 26 12:39:22 CEST 2020 Waiting done, starting task!
Sun Jul 26 12:39:22 CEST 2020 Waiting done, starting task!
Sun Jul 26 12:39:22 CEST 2020 Waiting done, starting task!
Sun Jul 26 12:39:22 CEST 2020 Waiting done, starting task!
480
480 20
Sun Jul 26 12:39:32 CEST 2020 Waiting for 30 seconds before starting the job to allow the node to settle down
Sun Jul 26 12:39:32 CEST 2020 Waiting for 30 seconds before starting the job to allow the node to settle down
Sun Jul 26 12:39:32 CEST 2020 Waiting for 30 seconds before starting the job to allow the node to settle down
Sun Jul 26 12:39:32 CEST 2020 Waiting for 30 seconds before starting the job to allow the node to settle down
Sun Jul 26 12:39:32 CEST 2020 Waiting for 30 seconds before starting the job to allow the node to settle down
Sun Jul 26 12:39:32 CEST 2020 Waiting for 30 seconds before starting the job to allow the node to settle down
Sun Jul 26 12:39:32 CEST 2020 Waiting for 30 seconds before starting the job to allow the node to settle down
Sun Jul 26 12:39:32 CEST 2020 Waiting for 30 seconds before starting the job to allow the node to settle down
Sun Jul 26 12:39:32 CEST 2020 Waiting for 30 seconds before starting the job to allow the node to settle down
Sun Jul 26 12:39:32 CEST 2020 Waiting for 30 seconds before starting the job to allow the node to settle down
Sun Jul 26 12:39:32 CEST 2020 Waiting for 30 seconds before starting the job to allow the node to settle down
Sun Jul 26 12:39:32 CEST 2020 Waiting for 30 seconds before starting the job to allow the node to settle down
Sun Jul 26 12:39:32 CEST 2020 Waiting for 30 seconds before starting the job to allow the node to settle down
Sun Jul 26 12:39:32 CEST 2020 Waiting for 30 seconds before starting the job to allow the node to settle down
Sun Jul 26 12:39:32 CEST 2020 Waiting for 30 seconds before starting the job to allow the node to settle down
Sun Jul 26 12:39:32 CEST 2020 Waiting for 30 seconds before starting the job to allow the node to settle down
Sun Jul 26 12:39:32 CEST 2020 Waiting for 30 seconds before starting the job to allow the node to settle down
Sun Jul 26 12:39:32 CEST 2020 Waiting for 30 seconds before starting the job to allow the node to settle down
Sun Jul 26 12:39:32 CEST 2020 Waiting for 30 seconds before starting the job to allow the node to settle down
Sun Jul 26 12:39:32 CEST 2020 Waiting for 30 seconds before starting the job to allow the node to settle down
Sun Jul 26 12:40:02 CEST 2020 Waiting done, starting task!
Sun Jul 26 12:40:02 CEST 2020 Waiting done, starting task!
Sun Jul 26 12:40:02 CEST 2020 Waiting done, starting task!
Sun Jul 26 12:40:02 CEST 2020 Waiting done, starting task!
Sun Jul 26 12:40:02 CEST 2020 Waiting done, starting task!
Sun Jul 26 12:40:02 CEST 2020 Waiting done, starting task!
Sun Jul 26 12:40:02 CEST 2020 Waiting done, starting task!
Sun Jul 26 12:40:02 CEST 2020 Waiting done, starting task!
Sun Jul 26 12:40:02 CEST 2020 Waiting done, starting task!
Sun Jul 26 12:40:02 CEST 2020 Waiting done, starting task!
Sun Jul 26 12:40:02 CEST 2020 Waiting done, starting task!
Sun Jul 26 12:40:02 CEST 2020 Waiting done, starting task!
Sun Jul 26 12:40:02 CEST 2020 Waiting done, starting task!
Sun Jul 26 12:40:02 CEST 2020 Waiting done, starting task!
Sun Jul 26 12:40:02 CEST 2020 Waiting done, starting task!
Sun Jul 26 12:40:02 CEST 2020 Waiting done, starting task!
Sun Jul 26 12:40:02 CEST 2020 Waiting done, starting task!
Sun Jul 26 12:40:02 CEST 2020 Waiting done, starting task!
Sun Jul 26 12:40:02 CEST 2020 Waiting done, starting task!
Sun Jul 26 12:40:02 CEST 2020 Waiting done, starting task!
480
/hiskp4/gross/bachelorarbeit
