Wed Jun 24 10:33:25 CEST 2020 Waiting for 30 seconds before starting the job to allow the node to settle down
Wed Jun 24 10:33:55 CEST 2020 Waiting done, starting task!
Wed Jun 24 10:33:55 CEST 2020 Waiting for 30 seconds before starting the job to allow the node to settle down
Wed Jun 24 10:34:25 CEST 2020 Waiting done, starting task!
Laenge=384	Temperatur=0.500000
bei 1 cores haben 1000 Messungen 11.747828 Sekunden gebraucht
bei 1 cores haben 1000 Messungen 11.482588 Sekunden gebraucht
bei 1 cores haben 1000 Messungen 11.380180 Sekunden gebraucht
bei 1 cores haben 1000 Messungen 11.926791 Sekunden gebraucht
bei 1 cores haben 1000 Messungen 11.239878 Sekunden gebraucht
bei 2 cores haben 1000 Messungen 10.517869 Sekunden gebraucht
bei 2 cores haben 1000 Messungen 10.591321 Sekunden gebraucht
bei 2 cores haben 1000 Messungen 10.467435 Sekunden gebraucht
bei 2 cores haben 1000 Messungen 10.459152 Sekunden gebraucht
bei 2 cores haben 1000 Messungen 10.612026 Sekunden gebraucht
bei 3 cores haben 1000 Messungen 6.780418 Sekunden gebraucht
bei 3 cores haben 1000 Messungen 6.622116 Sekunden gebraucht
bei 3 cores haben 1000 Messungen 6.937035 Sekunden gebraucht
bei 3 cores haben 1000 Messungen 6.215931 Sekunden gebraucht
bei 3 cores haben 1000 Messungen 5.971328 Sekunden gebraucht
bei 4 cores haben 1000 Messungen 5.715857 Sekunden gebraucht
bei 4 cores haben 1000 Messungen 5.354320 Sekunden gebraucht
bei 4 cores haben 1000 Messungen 5.667553 Sekunden gebraucht
bei 4 cores haben 1000 Messungen 5.296783 Sekunden gebraucht
bei 4 cores haben 1000 Messungen 5.504452 Sekunden gebraucht
bei 5 cores haben 1000 Messungen 4.967135 Sekunden gebraucht
bei 5 cores haben 1000 Messungen 4.775774 Sekunden gebraucht
bei 5 cores haben 1000 Messungen 5.018698 Sekunden gebraucht
bei 5 cores haben 1000 Messungen 5.032528 Sekunden gebraucht
bei 5 cores haben 1000 Messungen 3.934444 Sekunden gebraucht
bei 6 cores haben 1000 Messungen 3.563812 Sekunden gebraucht
bei 6 cores haben 1000 Messungen 3.556519 Sekunden gebraucht
bei 6 cores haben 1000 Messungen 3.675800 Sekunden gebraucht
bei 6 cores haben 1000 Messungen 4.543804 Sekunden gebraucht
bei 6 cores haben 1000 Messungen 4.578011 Sekunden gebraucht
bei 7 cores haben 1000 Messungen 3.795327 Sekunden gebraucht
bei 7 cores haben 1000 Messungen 4.134073 Sekunden gebraucht
bei 7 cores haben 1000 Messungen 4.260608 Sekunden gebraucht
bei 7 cores haben 1000 Messungen 4.076674 Sekunden gebraucht
bei 7 cores haben 1000 Messungen 3.667524 Sekunden gebraucht
bei 8 cores haben 1000 Messungen 3.915190 Sekunden gebraucht
bei 8 cores haben 1000 Messungen 3.584490 Sekunden gebraucht
bei 8 cores haben 1000 Messungen 3.455626 Sekunden gebraucht
bei 8 cores haben 1000 Messungen 3.360566 Sekunden gebraucht
bei 8 cores haben 1000 Messungen 3.411142 Sekunden gebraucht
bei 9 cores haben 1000 Messungen 3.428210 Sekunden gebraucht
bei 9 cores haben 1000 Messungen 3.430597 Sekunden gebraucht
bei 9 cores haben 1000 Messungen 3.353151 Sekunden gebraucht
bei 9 cores haben 1000 Messungen 3.215356 Sekunden gebraucht
bei 9 cores haben 1000 Messungen 3.410693 Sekunden gebraucht
bei 10 cores haben 1000 Messungen 3.130924 Sekunden gebraucht
bei 10 cores haben 1000 Messungen 3.034418 Sekunden gebraucht
bei 10 cores haben 1000 Messungen 3.046162 Sekunden gebraucht
bei 10 cores haben 1000 Messungen 3.095541 Sekunden gebraucht
bei 10 cores haben 1000 Messungen 3.096651 Sekunden gebraucht
bei 11 cores haben 1000 Messungen 3.082955 Sekunden gebraucht
bei 11 cores haben 1000 Messungen 3.064286 Sekunden gebraucht
bei 11 cores haben 1000 Messungen 2.952882 Sekunden gebraucht
bei 11 cores haben 1000 Messungen 2.906834 Sekunden gebraucht
bei 11 cores haben 1000 Messungen 2.723780 Sekunden gebraucht
bei 12 cores haben 1000 Messungen 2.557636 Sekunden gebraucht
bei 12 cores haben 1000 Messungen 2.576672 Sekunden gebraucht
bei 12 cores haben 1000 Messungen 2.598845 Sekunden gebraucht
bei 12 cores haben 1000 Messungen 2.608009 Sekunden gebraucht
bei 12 cores haben 1000 Messungen 2.883533 Sekunden gebraucht
/hiskp4/gross/bachelorarbeit
