Tue Jul 21 15:08:53 CEST 2020 Waiting for 30 seconds before starting the job to allow the node to settle down
Tue Jul 21 15:09:23 CEST 2020 Waiting done, starting task!
840 1
Tue Jul 21 15:09:23 CEST 2020 Waiting for 30 seconds before starting the job to allow the node to settle down
Tue Jul 21 15:09:53 CEST 2020 Waiting done, starting task!
840
840 2
Tue Jul 21 15:15:49 CEST 2020 Waiting for 30 seconds before starting the job to allow the node to settle down
Tue Jul 21 15:15:49 CEST 2020 Waiting for 30 seconds before starting the job to allow the node to settle down
Tue Jul 21 15:16:19 CEST 2020 Waiting done, starting task!
Tue Jul 21 15:16:19 CEST 2020 Waiting done, starting task!
840
840 3
Tue Jul 21 15:19:20 CEST 2020 Waiting for 30 seconds before starting the job to allow the node to settle down
Tue Jul 21 15:19:20 CEST 2020 Waiting for 30 seconds before starting the job to allow the node to settle down
Tue Jul 21 15:19:20 CEST 2020 Waiting for 30 seconds before starting the job to allow the node to settle down
Tue Jul 21 15:19:50 CEST 2020 Waiting done, starting task!
Tue Jul 21 15:19:50 CEST 2020 Waiting done, starting task!
Tue Jul 21 15:19:50 CEST 2020 Waiting done, starting task!
840
840 4
Tue Jul 21 15:21:55 CEST 2020 Waiting for 30 seconds before starting the job to allow the node to settle down
Tue Jul 21 15:21:55 CEST 2020 Waiting for 30 seconds before starting the job to allow the node to settle down
Tue Jul 21 15:21:55 CEST 2020 Waiting for 30 seconds before starting the job to allow the node to settle down
Tue Jul 21 15:21:55 CEST 2020 Waiting for 30 seconds before starting the job to allow the node to settle down
Tue Jul 21 15:22:25 CEST 2020 Waiting done, starting task!
Tue Jul 21 15:22:25 CEST 2020 Waiting done, starting task!
Tue Jul 21 15:22:25 CEST 2020 Waiting done, starting task!
Tue Jul 21 15:22:25 CEST 2020 Waiting done, starting task!
840
840 5
Tue Jul 21 15:23:56 CEST 2020 Waiting for 30 seconds before starting the job to allow the node to settle down
Tue Jul 21 15:23:56 CEST 2020 Waiting for 30 seconds before starting the job to allow the node to settle down
Tue Jul 21 15:23:56 CEST 2020 Waiting for 30 seconds before starting the job to allow the node to settle down
Tue Jul 21 15:23:56 CEST 2020 Waiting for 30 seconds before starting the job to allow the node to settle down
Tue Jul 21 15:23:56 CEST 2020 Waiting for 30 seconds before starting the job to allow the node to settle down
Tue Jul 21 15:24:26 CEST 2020 Waiting done, starting task!
Tue Jul 21 15:24:26 CEST 2020 Waiting done, starting task!
Tue Jul 21 15:24:26 CEST 2020 Waiting done, starting task!
Tue Jul 21 15:24:26 CEST 2020 Waiting done, starting task!
Tue Jul 21 15:24:26 CEST 2020 Waiting done, starting task!
840
840 6
Tue Jul 21 15:25:41 CEST 2020 Waiting for 30 seconds before starting the job to allow the node to settle down
Tue Jul 21 15:25:41 CEST 2020 Waiting for 30 seconds before starting the job to allow the node to settle down
Tue Jul 21 15:25:41 CEST 2020 Waiting for 30 seconds before starting the job to allow the node to settle down
Tue Jul 21 15:25:41 CEST 2020 Waiting for 30 seconds before starting the job to allow the node to settle down
Tue Jul 21 15:25:41 CEST 2020 Waiting for 30 seconds before starting the job to allow the node to settle down
Tue Jul 21 15:25:41 CEST 2020 Waiting for 30 seconds before starting the job to allow the node to settle down
Tue Jul 21 15:26:11 CEST 2020 Waiting done, starting task!
Tue Jul 21 15:26:11 CEST 2020 Waiting done, starting task!
Tue Jul 21 15:26:11 CEST 2020 Waiting done, starting task!
Tue Jul 21 15:26:11 CEST 2020 Waiting done, starting task!
Tue Jul 21 15:26:11 CEST 2020 Waiting done, starting task!
Tue Jul 21 15:26:11 CEST 2020 Waiting done, starting task!
840
840 7
Tue Jul 21 15:27:14 CEST 2020 Waiting for 30 seconds before starting the job to allow the node to settle down
Tue Jul 21 15:27:14 CEST 2020 Waiting for 30 seconds before starting the job to allow the node to settle down
Tue Jul 21 15:27:14 CEST 2020 Waiting for 30 seconds before starting the job to allow the node to settle down
Tue Jul 21 15:27:14 CEST 2020 Waiting for 30 seconds before starting the job to allow the node to settle down
Tue Jul 21 15:27:14 CEST 2020 Waiting for 30 seconds before starting the job to allow the node to settle down
Tue Jul 21 15:27:14 CEST 2020 Waiting for 30 seconds before starting the job to allow the node to settle down
Tue Jul 21 15:27:14 CEST 2020 Waiting for 30 seconds before starting the job to allow the node to settle down
Tue Jul 21 15:27:44 CEST 2020 Waiting done, starting task!
Tue Jul 21 15:27:44 CEST 2020 Waiting done, starting task!
Tue Jul 21 15:27:44 CEST 2020 Waiting done, starting task!
Tue Jul 21 15:27:44 CEST 2020 Waiting done, starting task!
Tue Jul 21 15:27:44 CEST 2020 Waiting done, starting task!
Tue Jul 21 15:27:44 CEST 2020 Waiting done, starting task!
Tue Jul 21 15:27:44 CEST 2020 Waiting done, starting task!
840
840 8
Tue Jul 21 15:28:40 CEST 2020 Waiting for 30 seconds before starting the job to allow the node to settle down
Tue Jul 21 15:28:40 CEST 2020 Waiting for 30 seconds before starting the job to allow the node to settle down
Tue Jul 21 15:28:40 CEST 2020 Waiting for 30 seconds before starting the job to allow the node to settle down
Tue Jul 21 15:28:40 CEST 2020 Waiting for 30 seconds before starting the job to allow the node to settle down
Tue Jul 21 15:28:40 CEST 2020 Waiting for 30 seconds before starting the job to allow the node to settle down
Tue Jul 21 15:28:40 CEST 2020 Waiting for 30 seconds before starting the job to allow the node to settle down
Tue Jul 21 15:28:40 CEST 2020 Waiting for 30 seconds before starting the job to allow the node to settle down
Tue Jul 21 15:28:40 CEST 2020 Waiting for 30 seconds before starting the job to allow the node to settle down
Tue Jul 21 15:29:10 CEST 2020 Waiting done, starting task!
Tue Jul 21 15:29:10 CEST 2020 Waiting done, starting task!
Tue Jul 21 15:29:10 CEST 2020 Waiting done, starting task!
Tue Jul 21 15:29:10 CEST 2020 Waiting done, starting task!
Tue Jul 21 15:29:10 CEST 2020 Waiting done, starting task!
Tue Jul 21 15:29:10 CEST 2020 Waiting done, starting task!
Tue Jul 21 15:29:10 CEST 2020 Waiting done, starting task!
Tue Jul 21 15:29:10 CEST 2020 Waiting done, starting task!
840
840 10
Tue Jul 21 15:29:58 CEST 2020 Waiting for 30 seconds before starting the job to allow the node to settle down
Tue Jul 21 15:29:58 CEST 2020 Waiting for 30 seconds before starting the job to allow the node to settle down
Tue Jul 21 15:29:58 CEST 2020 Waiting for 30 seconds before starting the job to allow the node to settle down
Tue Jul 21 15:29:58 CEST 2020 Waiting for 30 seconds before starting the job to allow the node to settle down
Tue Jul 21 15:29:58 CEST 2020 Waiting for 30 seconds before starting the job to allow the node to settle down
Tue Jul 21 15:29:58 CEST 2020 Waiting for 30 seconds before starting the job to allow the node to settle down
Tue Jul 21 15:29:58 CEST 2020 Waiting for 30 seconds before starting the job to allow the node to settle down
Tue Jul 21 15:29:58 CEST 2020 Waiting for 30 seconds before starting the job to allow the node to settle down
Tue Jul 21 15:29:58 CEST 2020 Waiting for 30 seconds before starting the job to allow the node to settle down
Tue Jul 21 15:29:58 CEST 2020 Waiting for 30 seconds before starting the job to allow the node to settle down
Tue Jul 21 15:30:28 CEST 2020 Waiting done, starting task!
Tue Jul 21 15:30:28 CEST 2020 Waiting done, starting task!
Tue Jul 21 15:30:28 CEST 2020 Waiting done, starting task!
Tue Jul 21 15:30:28 CEST 2020 Waiting done, starting task!
Tue Jul 21 15:30:28 CEST 2020 Waiting done, starting task!
Tue Jul 21 15:30:28 CEST 2020 Waiting done, starting task!
Tue Jul 21 15:30:28 CEST 2020 Waiting done, starting task!
Tue Jul 21 15:30:28 CEST 2020 Waiting done, starting task!
Tue Jul 21 15:30:28 CEST 2020 Waiting done, starting task!
Tue Jul 21 15:30:28 CEST 2020 Waiting done, starting task!
840
840 12
Tue Jul 21 15:31:08 CEST 2020 Waiting for 30 seconds before starting the job to allow the node to settle down
Tue Jul 21 15:31:08 CEST 2020 Waiting for 30 seconds before starting the job to allow the node to settle down
Tue Jul 21 15:31:08 CEST 2020 Waiting for 30 seconds before starting the job to allow the node to settle down
Tue Jul 21 15:31:08 CEST 2020 Waiting for 30 seconds before starting the job to allow the node to settle down
Tue Jul 21 15:31:08 CEST 2020 Waiting for 30 seconds before starting the job to allow the node to settle down
Tue Jul 21 15:31:08 CEST 2020 Waiting for 30 seconds before starting the job to allow the node to settle down
Tue Jul 21 15:31:08 CEST 2020 Waiting for 30 seconds before starting the job to allow the node to settle down
Tue Jul 21 15:31:08 CEST 2020 Waiting for 30 seconds before starting the job to allow the node to settle down
Tue Jul 21 15:31:08 CEST 2020 Waiting for 30 seconds before starting the job to allow the node to settle down
Tue Jul 21 15:31:08 CEST 2020 Waiting for 30 seconds before starting the job to allow the node to settle down
Tue Jul 21 15:31:08 CEST 2020 Waiting for 30 seconds before starting the job to allow the node to settle down
Tue Jul 21 15:31:08 CEST 2020 Waiting for 30 seconds before starting the job to allow the node to settle down
Tue Jul 21 15:31:38 CEST 2020 Waiting done, starting task!
Tue Jul 21 15:31:38 CEST 2020 Waiting done, starting task!
Tue Jul 21 15:31:38 CEST 2020 Waiting done, starting task!
Tue Jul 21 15:31:38 CEST 2020 Waiting done, starting task!
Tue Jul 21 15:31:38 CEST 2020 Waiting done, starting task!
Tue Jul 21 15:31:38 CEST 2020 Waiting done, starting task!
Tue Jul 21 15:31:38 CEST 2020 Waiting done, starting task!
Tue Jul 21 15:31:38 CEST 2020 Waiting done, starting task!
Tue Jul 21 15:31:38 CEST 2020 Waiting done, starting task!
Tue Jul 21 15:31:38 CEST 2020 Waiting done, starting task!
Tue Jul 21 15:31:38 CEST 2020 Waiting done, starting task!
Tue Jul 21 15:31:38 CEST 2020 Waiting done, starting task!
840
840 14
Tue Jul 21 15:32:12 CEST 2020 Waiting for 30 seconds before starting the job to allow the node to settle down
Tue Jul 21 15:32:12 CEST 2020 Waiting for 30 seconds before starting the job to allow the node to settle down
Tue Jul 21 15:32:12 CEST 2020 Waiting for 30 seconds before starting the job to allow the node to settle down
Tue Jul 21 15:32:12 CEST 2020 Waiting for 30 seconds before starting the job to allow the node to settle down
Tue Jul 21 15:32:12 CEST 2020 Waiting for 30 seconds before starting the job to allow the node to settle down
Tue Jul 21 15:32:12 CEST 2020 Waiting for 30 seconds before starting the job to allow the node to settle down
Tue Jul 21 15:32:12 CEST 2020 Waiting for 30 seconds before starting the job to allow the node to settle down
Tue Jul 21 15:32:12 CEST 2020 Waiting for 30 seconds before starting the job to allow the node to settle down
Tue Jul 21 15:32:12 CEST 2020 Waiting for 30 seconds before starting the job to allow the node to settle down
Tue Jul 21 15:32:12 CEST 2020 Waiting for 30 seconds before starting the job to allow the node to settle down
Tue Jul 21 15:32:12 CEST 2020 Waiting for 30 seconds before starting the job to allow the node to settle down
Tue Jul 21 15:32:12 CEST 2020 Waiting for 30 seconds before starting the job to allow the node to settle down
Tue Jul 21 15:32:12 CEST 2020 Waiting for 30 seconds before starting the job to allow the node to settle down
Tue Jul 21 15:32:12 CEST 2020 Waiting for 30 seconds before starting the job to allow the node to settle down
Tue Jul 21 15:32:42 CEST 2020 Waiting done, starting task!
Tue Jul 21 15:32:42 CEST 2020 Waiting done, starting task!
Tue Jul 21 15:32:42 CEST 2020 Waiting done, starting task!
Tue Jul 21 15:32:42 CEST 2020 Waiting done, starting task!
Tue Jul 21 15:32:42 CEST 2020 Waiting done, starting task!
Tue Jul 21 15:32:42 CEST 2020 Waiting done, starting task!
Tue Jul 21 15:32:42 CEST 2020 Waiting done, starting task!
Tue Jul 21 15:32:42 CEST 2020 Waiting done, starting task!
Tue Jul 21 15:32:42 CEST 2020 Waiting done, starting task!
Tue Jul 21 15:32:42 CEST 2020 Waiting done, starting task!
Tue Jul 21 15:32:42 CEST 2020 Waiting done, starting task!
Tue Jul 21 15:32:42 CEST 2020 Waiting done, starting task!
Tue Jul 21 15:32:42 CEST 2020 Waiting done, starting task!
Tue Jul 21 15:32:42 CEST 2020 Waiting done, starting task!
840
840 15
Tue Jul 21 15:33:12 CEST 2020 Waiting for 30 seconds before starting the job to allow the node to settle down
Tue Jul 21 15:33:12 CEST 2020 Waiting for 30 seconds before starting the job to allow the node to settle down
Tue Jul 21 15:33:12 CEST 2020 Waiting for 30 seconds before starting the job to allow the node to settle down
Tue Jul 21 15:33:12 CEST 2020 Waiting for 30 seconds before starting the job to allow the node to settle down
Tue Jul 21 15:33:12 CEST 2020 Waiting for 30 seconds before starting the job to allow the node to settle down
Tue Jul 21 15:33:12 CEST 2020 Waiting for 30 seconds before starting the job to allow the node to settle down
Tue Jul 21 15:33:12 CEST 2020 Waiting for 30 seconds before starting the job to allow the node to settle down
Tue Jul 21 15:33:12 CEST 2020 Waiting for 30 seconds before starting the job to allow the node to settle down
Tue Jul 21 15:33:12 CEST 2020 Waiting for 30 seconds before starting the job to allow the node to settle down
Tue Jul 21 15:33:12 CEST 2020 Waiting for 30 seconds before starting the job to allow the node to settle down
Tue Jul 21 15:33:12 CEST 2020 Waiting for 30 seconds before starting the job to allow the node to settle down
Tue Jul 21 15:33:12 CEST 2020 Waiting for 30 seconds before starting the job to allow the node to settle down
Tue Jul 21 15:33:12 CEST 2020 Waiting for 30 seconds before starting the job to allow the node to settle down
Tue Jul 21 15:33:12 CEST 2020 Waiting for 30 seconds before starting the job to allow the node to settle down
Tue Jul 21 15:33:12 CEST 2020 Waiting for 30 seconds before starting the job to allow the node to settle down
Tue Jul 21 15:33:42 CEST 2020 Waiting done, starting task!
Tue Jul 21 15:33:42 CEST 2020 Waiting done, starting task!
Tue Jul 21 15:33:42 CEST 2020 Waiting done, starting task!
Tue Jul 21 15:33:42 CEST 2020 Waiting done, starting task!
Tue Jul 21 15:33:42 CEST 2020 Waiting done, starting task!
Tue Jul 21 15:33:42 CEST 2020 Waiting done, starting task!
Tue Jul 21 15:33:42 CEST 2020 Waiting done, starting task!
Tue Jul 21 15:33:42 CEST 2020 Waiting done, starting task!
Tue Jul 21 15:33:42 CEST 2020 Waiting done, starting task!
Tue Jul 21 15:33:42 CEST 2020 Waiting done, starting task!
Tue Jul 21 15:33:42 CEST 2020 Waiting done, starting task!
Tue Jul 21 15:33:42 CEST 2020 Waiting done, starting task!
Tue Jul 21 15:33:42 CEST 2020 Waiting done, starting task!
Tue Jul 21 15:33:42 CEST 2020 Waiting done, starting task!
Tue Jul 21 15:33:42 CEST 2020 Waiting done, starting task!
840
840 20
Tue Jul 21 15:34:10 CEST 2020 Waiting for 30 seconds before starting the job to allow the node to settle down
Tue Jul 21 15:34:10 CEST 2020 Waiting for 30 seconds before starting the job to allow the node to settle down
Tue Jul 21 15:34:10 CEST 2020 Waiting for 30 seconds before starting the job to allow the node to settle down
Tue Jul 21 15:34:10 CEST 2020 Waiting for 30 seconds before starting the job to allow the node to settle down
Tue Jul 21 15:34:10 CEST 2020 Waiting for 30 seconds before starting the job to allow the node to settle down
Tue Jul 21 15:34:10 CEST 2020 Waiting for 30 seconds before starting the job to allow the node to settle down
Tue Jul 21 15:34:10 CEST 2020 Waiting for 30 seconds before starting the job to allow the node to settle down
Tue Jul 21 15:34:10 CEST 2020 Waiting for 30 seconds before starting the job to allow the node to settle down
Tue Jul 21 15:34:10 CEST 2020 Waiting for 30 seconds before starting the job to allow the node to settle down
Tue Jul 21 15:34:10 CEST 2020 Waiting for 30 seconds before starting the job to allow the node to settle down
Tue Jul 21 15:34:10 CEST 2020 Waiting for 30 seconds before starting the job to allow the node to settle down
Tue Jul 21 15:34:10 CEST 2020 Waiting for 30 seconds before starting the job to allow the node to settle down
Tue Jul 21 15:34:11 CEST 2020 Waiting for 30 seconds before starting the job to allow the node to settle down
Tue Jul 21 15:34:11 CEST 2020 Waiting for 30 seconds before starting the job to allow the node to settle down
Tue Jul 21 15:34:11 CEST 2020 Waiting for 30 seconds before starting the job to allow the node to settle down
Tue Jul 21 15:34:11 CEST 2020 Waiting for 30 seconds before starting the job to allow the node to settle down
Tue Jul 21 15:34:11 CEST 2020 Waiting for 30 seconds before starting the job to allow the node to settle down
Tue Jul 21 15:34:11 CEST 2020 Waiting for 30 seconds before starting the job to allow the node to settle down
Tue Jul 21 15:34:11 CEST 2020 Waiting for 30 seconds before starting the job to allow the node to settle down
Tue Jul 21 15:34:11 CEST 2020 Waiting for 30 seconds before starting the job to allow the node to settle down
Tue Jul 21 15:34:40 CEST 2020 Waiting done, starting task!
Tue Jul 21 15:34:40 CEST 2020 Waiting done, starting task!
Tue Jul 21 15:34:40 CEST 2020 Waiting done, starting task!
Tue Jul 21 15:34:40 CEST 2020 Waiting done, starting task!
Tue Jul 21 15:34:40 CEST 2020 Waiting done, starting task!
Tue Jul 21 15:34:40 CEST 2020 Waiting done, starting task!
Tue Jul 21 15:34:40 CEST 2020 Waiting done, starting task!
Tue Jul 21 15:34:40 CEST 2020 Waiting done, starting task!
Tue Jul 21 15:34:40 CEST 2020 Waiting done, starting task!
Tue Jul 21 15:34:41 CEST 2020 Waiting done, starting task!
Tue Jul 21 15:34:41 CEST 2020 Waiting done, starting task!
Tue Jul 21 15:34:41 CEST 2020 Waiting done, starting task!
Tue Jul 21 15:34:40 CEST 2020 Waiting done, starting task!
Tue Jul 21 15:34:40 CEST 2020 Waiting done, starting task!
Tue Jul 21 15:34:40 CEST 2020 Waiting done, starting task!
Tue Jul 21 15:34:41 CEST 2020 Waiting done, starting task!
Tue Jul 21 15:34:41 CEST 2020 Waiting done, starting task!
Tue Jul 21 15:34:41 CEST 2020 Waiting done, starting task!
Tue Jul 21 15:34:41 CEST 2020 Waiting done, starting task!
Tue Jul 21 15:34:41 CEST 2020 Waiting done, starting task!
840
/hiskp4/gross/bachelorarbeit
