Wed Jul 15 13:42:55 CEST 2020 Waiting for 30 seconds before starting the job to allow the node to settle down
Wed Jul 15 13:43:25 CEST 2020 Waiting done, starting task!
Wed Jul 15 13:43:25 CEST 2020 Waiting for 30 seconds before starting the job to allow the node to settle down
Wed Jul 15 13:43:25 CEST 2020 Waiting for 30 seconds before starting the job to allow the node to settle down
Wed Jul 15 13:43:55 CEST 2020 Waiting done, starting task!
Wed Jul 15 13:43:55 CEST 2020 Waiting done, starting task!
Nicht genug Argumente!
2 0
0.000000	2.000000	1000.000000	12.000000	0.025172
0.000000	2.000000	1000.000000	12.000000	0.022800
0.000000	2.000000	1000.000000	12.000000	0.021260
0.000000	2.000000	1000.000000	12.000000	0.019833
0.000000	2.000000	1000.000000	12.000000	0.019175
0.000000	2.000000	1000.000000	12.000000	0.018870
0.000000	2.000000	1000.000000	12.000000	0.019087
0.000000	2.000000	1000.000000	12.000000	0.019072
0.000000	2.000000	1000.000000	12.000000	0.018944
0.000000	2.000000	1000.000000	12.000000	0.019020
Nicht genug Argumente!
2 1
1.000000	2.000000	1000.000000	12.000000	0.024942
1.000000	2.000000	1000.000000	12.000000	0.022558
1.000000	2.000000	1000.000000	12.000000	0.021017
1.000000	2.000000	1000.000000	12.000000	0.019580
1.000000	2.000000	1000.000000	12.000000	0.018969
1.000000	2.000000	1000.000000	12.000000	0.018655
1.000000	2.000000	1000.000000	12.000000	0.018794
1.000000	2.000000	1000.000000	12.000000	0.018847
1.000000	2.000000	1000.000000	12.000000	0.018741
1.000000	2.000000	1000.000000	12.000000	0.018838
/hiskp4/gross/bachelorarbeit
