Tue Jul 21 18:37:20 CEST 2020 Waiting for 30 seconds before starting the job to allow the node to settle down
Tue Jul 21 18:37:50 CEST 2020 Waiting done, starting task!
840 1
Tue Jul 21 18:37:50 CEST 2020 Waiting for 30 seconds before starting the job to allow the node to settle down
Tue Jul 21 18:38:20 CEST 2020 Waiting done, starting task!
3 0
840
840 2
Tue Jul 21 18:44:07 CEST 2020 Waiting for 30 seconds before starting the job to allow the node to settle down
Tue Jul 21 18:44:07 CEST 2020 Waiting for 30 seconds before starting the job to allow the node to settle down
Tue Jul 21 18:44:37 CEST 2020 Waiting done, starting task!
Tue Jul 21 18:44:37 CEST 2020 Waiting done, starting task!
3 0
3 1
840
840 3
Tue Jul 21 18:47:34 CEST 2020 Waiting for 30 seconds before starting the job to allow the node to settle down
Tue Jul 21 18:47:34 CEST 2020 Waiting for 30 seconds before starting the job to allow the node to settle down
Tue Jul 21 18:47:34 CEST 2020 Waiting for 30 seconds before starting the job to allow the node to settle down
Tue Jul 21 18:48:04 CEST 2020 Waiting done, starting task!
Tue Jul 21 18:48:04 CEST 2020 Waiting done, starting task!
Tue Jul 21 18:48:04 CEST 2020 Waiting done, starting task!
3 0
3 2
3 1
840
840 4
Tue Jul 21 18:50:03 CEST 2020 Waiting for 30 seconds before starting the job to allow the node to settle down
Tue Jul 21 18:50:03 CEST 2020 Waiting for 30 seconds before starting the job to allow the node to settle down
Tue Jul 21 18:50:03 CEST 2020 Waiting for 30 seconds before starting the job to allow the node to settle down
Tue Jul 21 18:50:03 CEST 2020 Waiting for 30 seconds before starting the job to allow the node to settle down
Tue Jul 21 18:50:33 CEST 2020 Waiting done, starting task!
Tue Jul 21 18:50:33 CEST 2020 Waiting done, starting task!
Tue Jul 21 18:50:33 CEST 2020 Waiting done, starting task!
Tue Jul 21 18:50:33 CEST 2020 Waiting done, starting task!
3 0
3 1
3 2
3 3
840
840 5
Tue Jul 21 18:52:03 CEST 2020 Waiting for 30 seconds before starting the job to allow the node to settle down
Tue Jul 21 18:52:03 CEST 2020 Waiting for 30 seconds before starting the job to allow the node to settle down
Tue Jul 21 18:52:03 CEST 2020 Waiting for 30 seconds before starting the job to allow the node to settle down
Tue Jul 21 18:52:03 CEST 2020 Waiting for 30 seconds before starting the job to allow the node to settle down
Tue Jul 21 18:52:03 CEST 2020 Waiting for 30 seconds before starting the job to allow the node to settle down
Tue Jul 21 18:52:33 CEST 2020 Waiting done, starting task!
Tue Jul 21 18:52:33 CEST 2020 Waiting done, starting task!
Tue Jul 21 18:52:33 CEST 2020 Waiting done, starting task!
Tue Jul 21 18:52:33 CEST 2020 Waiting done, starting task!
Tue Jul 21 18:52:33 CEST 2020 Waiting done, starting task!
3 0
3 1
3 2
3 3
3 4
840
840 6
Tue Jul 21 18:53:45 CEST 2020 Waiting for 30 seconds before starting the job to allow the node to settle down
Tue Jul 21 18:53:45 CEST 2020 Waiting for 30 seconds before starting the job to allow the node to settle down
Tue Jul 21 18:53:45 CEST 2020 Waiting for 30 seconds before starting the job to allow the node to settle down
Tue Jul 21 18:53:45 CEST 2020 Waiting for 30 seconds before starting the job to allow the node to settle down
Tue Jul 21 18:53:45 CEST 2020 Waiting for 30 seconds before starting the job to allow the node to settle down
Tue Jul 21 18:53:45 CEST 2020 Waiting for 30 seconds before starting the job to allow the node to settle down
Tue Jul 21 18:54:15 CEST 2020 Waiting done, starting task!
Tue Jul 21 18:54:15 CEST 2020 Waiting done, starting task!
Tue Jul 21 18:54:15 CEST 2020 Waiting done, starting task!
Tue Jul 21 18:54:15 CEST 2020 Waiting done, starting task!
Tue Jul 21 18:54:15 CEST 2020 Waiting done, starting task!
Tue Jul 21 18:54:15 CEST 2020 Waiting done, starting task!
3 2
3 3
3 5
3 4
3 0
3 1
840
840 7
Tue Jul 21 18:55:17 CEST 2020 Waiting for 30 seconds before starting the job to allow the node to settle down
Tue Jul 21 18:55:17 CEST 2020 Waiting for 30 seconds before starting the job to allow the node to settle down
Tue Jul 21 18:55:17 CEST 2020 Waiting for 30 seconds before starting the job to allow the node to settle down
Tue Jul 21 18:55:17 CEST 2020 Waiting for 30 seconds before starting the job to allow the node to settle down
Tue Jul 21 18:55:17 CEST 2020 Waiting for 30 seconds before starting the job to allow the node to settle down
Tue Jul 21 18:55:17 CEST 2020 Waiting for 30 seconds before starting the job to allow the node to settle down
Tue Jul 21 18:55:17 CEST 2020 Waiting for 30 seconds before starting the job to allow the node to settle down
Tue Jul 21 18:55:47 CEST 2020 Waiting done, starting task!
Tue Jul 21 18:55:47 CEST 2020 Waiting done, starting task!
Tue Jul 21 18:55:47 CEST 2020 Waiting done, starting task!
Tue Jul 21 18:55:47 CEST 2020 Waiting done, starting task!
Tue Jul 21 18:55:47 CEST 2020 Waiting done, starting task!
Tue Jul 21 18:55:47 CEST 2020 Waiting done, starting task!
Tue Jul 21 18:55:47 CEST 2020 Waiting done, starting task!
3 0
3 1
3 4
3 3
3 6
3 5
3 2
840
840 8
Tue Jul 21 18:56:40 CEST 2020 Waiting for 30 seconds before starting the job to allow the node to settle down
Tue Jul 21 18:56:40 CEST 2020 Waiting for 30 seconds before starting the job to allow the node to settle down
Tue Jul 21 18:56:40 CEST 2020 Waiting for 30 seconds before starting the job to allow the node to settle down
Tue Jul 21 18:56:40 CEST 2020 Waiting for 30 seconds before starting the job to allow the node to settle down
Tue Jul 21 18:56:40 CEST 2020 Waiting for 30 seconds before starting the job to allow the node to settle down
Tue Jul 21 18:56:40 CEST 2020 Waiting for 30 seconds before starting the job to allow the node to settle down
Tue Jul 21 18:56:40 CEST 2020 Waiting for 30 seconds before starting the job to allow the node to settle down
Tue Jul 21 18:56:40 CEST 2020 Waiting for 30 seconds before starting the job to allow the node to settle down
Tue Jul 21 18:57:10 CEST 2020 Waiting done, starting task!
Tue Jul 21 18:57:10 CEST 2020 Waiting done, starting task!
Tue Jul 21 18:57:10 CEST 2020 Waiting done, starting task!
Tue Jul 21 18:57:10 CEST 2020 Waiting done, starting task!
Tue Jul 21 18:57:10 CEST 2020 Waiting done, starting task!
Tue Jul 21 18:57:10 CEST 2020 Waiting done, starting task!
Tue Jul 21 18:57:10 CEST 2020 Waiting done, starting task!
Tue Jul 21 18:57:10 CEST 2020 Waiting done, starting task!
3 1
3 0
3 7
3 3
3 6
3 4
3 2
3 5
840
840 10
Tue Jul 21 18:57:57 CEST 2020 Waiting for 30 seconds before starting the job to allow the node to settle down
Tue Jul 21 18:57:57 CEST 2020 Waiting for 30 seconds before starting the job to allow the node to settle down
Tue Jul 21 18:57:57 CEST 2020 Waiting for 30 seconds before starting the job to allow the node to settle down
Tue Jul 21 18:57:57 CEST 2020 Waiting for 30 seconds before starting the job to allow the node to settle down
Tue Jul 21 18:57:57 CEST 2020 Waiting for 30 seconds before starting the job to allow the node to settle down
Tue Jul 21 18:57:57 CEST 2020 Waiting for 30 seconds before starting the job to allow the node to settle down
Tue Jul 21 18:57:57 CEST 2020 Waiting for 30 seconds before starting the job to allow the node to settle down
Tue Jul 21 18:57:57 CEST 2020 Waiting for 30 seconds before starting the job to allow the node to settle down
Tue Jul 21 18:57:57 CEST 2020 Waiting for 30 seconds before starting the job to allow the node to settle down
Tue Jul 21 18:57:57 CEST 2020 Waiting for 30 seconds before starting the job to allow the node to settle down
Tue Jul 21 18:58:27 CEST 2020 Waiting done, starting task!
Tue Jul 21 18:58:27 CEST 2020 Waiting done, starting task!
Tue Jul 21 18:58:27 CEST 2020 Waiting done, starting task!
Tue Jul 21 18:58:27 CEST 2020 Waiting done, starting task!
Tue Jul 21 18:58:27 CEST 2020 Waiting done, starting task!
Tue Jul 21 18:58:27 CEST 2020 Waiting done, starting task!
Tue Jul 21 18:58:27 CEST 2020 Waiting done, starting task!
Tue Jul 21 18:58:27 CEST 2020 Waiting done, starting task!
Tue Jul 21 18:58:27 CEST 2020 Waiting done, starting task!
Tue Jul 21 18:58:27 CEST 2020 Waiting done, starting task!
3 2
3 0
3 1
3 3
3 4
3 8
3 5
3 9
3 7
3 6
840
840 12
Tue Jul 21 18:59:06 CEST 2020 Waiting for 30 seconds before starting the job to allow the node to settle down
Tue Jul 21 18:59:06 CEST 2020 Waiting for 30 seconds before starting the job to allow the node to settle down
Tue Jul 21 18:59:06 CEST 2020 Waiting for 30 seconds before starting the job to allow the node to settle down
Tue Jul 21 18:59:06 CEST 2020 Waiting for 30 seconds before starting the job to allow the node to settle down
Tue Jul 21 18:59:06 CEST 2020 Waiting for 30 seconds before starting the job to allow the node to settle down
Tue Jul 21 18:59:06 CEST 2020 Waiting for 30 seconds before starting the job to allow the node to settle down
Tue Jul 21 18:59:06 CEST 2020 Waiting for 30 seconds before starting the job to allow the node to settle down
Tue Jul 21 18:59:06 CEST 2020 Waiting for 30 seconds before starting the job to allow the node to settle down
Tue Jul 21 18:59:06 CEST 2020 Waiting for 30 seconds before starting the job to allow the node to settle down
Tue Jul 21 18:59:06 CEST 2020 Waiting for 30 seconds before starting the job to allow the node to settle down
Tue Jul 21 18:59:06 CEST 2020 Waiting for 30 seconds before starting the job to allow the node to settle down
Tue Jul 21 18:59:06 CEST 2020 Waiting for 30 seconds before starting the job to allow the node to settle down
Tue Jul 21 18:59:36 CEST 2020 Waiting done, starting task!
Tue Jul 21 18:59:36 CEST 2020 Waiting done, starting task!
Tue Jul 21 18:59:36 CEST 2020 Waiting done, starting task!
Tue Jul 21 18:59:36 CEST 2020 Waiting done, starting task!
Tue Jul 21 18:59:36 CEST 2020 Waiting done, starting task!
Tue Jul 21 18:59:36 CEST 2020 Waiting done, starting task!
Tue Jul 21 18:59:36 CEST 2020 Waiting done, starting task!
Tue Jul 21 18:59:36 CEST 2020 Waiting done, starting task!
Tue Jul 21 18:59:36 CEST 2020 Waiting done, starting task!
Tue Jul 21 18:59:36 CEST 2020 Waiting done, starting task!
Tue Jul 21 18:59:36 CEST 2020 Waiting done, starting task!
Tue Jul 21 18:59:36 CEST 2020 Waiting done, starting task!
3 0
3 2
3 11
3 10
3 6
3 7
3 9
3 8
3 1
3 3
3 5
3 4
840
840 14
Tue Jul 21 19:00:09 CEST 2020 Waiting for 30 seconds before starting the job to allow the node to settle down
Tue Jul 21 19:00:09 CEST 2020 Waiting for 30 seconds before starting the job to allow the node to settle down
Tue Jul 21 19:00:09 CEST 2020 Waiting for 30 seconds before starting the job to allow the node to settle down
Tue Jul 21 19:00:09 CEST 2020 Waiting for 30 seconds before starting the job to allow the node to settle down
Tue Jul 21 19:00:09 CEST 2020 Waiting for 30 seconds before starting the job to allow the node to settle down
Tue Jul 21 19:00:09 CEST 2020 Waiting for 30 seconds before starting the job to allow the node to settle down
Tue Jul 21 19:00:09 CEST 2020 Waiting for 30 seconds before starting the job to allow the node to settle down
Tue Jul 21 19:00:09 CEST 2020 Waiting for 30 seconds before starting the job to allow the node to settle down
Tue Jul 21 19:00:09 CEST 2020 Waiting for 30 seconds before starting the job to allow the node to settle down
Tue Jul 21 19:00:09 CEST 2020 Waiting for 30 seconds before starting the job to allow the node to settle down
Tue Jul 21 19:00:09 CEST 2020 Waiting for 30 seconds before starting the job to allow the node to settle down
Tue Jul 21 19:00:09 CEST 2020 Waiting for 30 seconds before starting the job to allow the node to settle down
Tue Jul 21 19:00:09 CEST 2020 Waiting for 30 seconds before starting the job to allow the node to settle down
Tue Jul 21 19:00:09 CEST 2020 Waiting for 30 seconds before starting the job to allow the node to settle down
Tue Jul 21 19:00:39 CEST 2020 Waiting done, starting task!
Tue Jul 21 19:00:39 CEST 2020 Waiting done, starting task!
Tue Jul 21 19:00:39 CEST 2020 Waiting done, starting task!
Tue Jul 21 19:00:39 CEST 2020 Waiting done, starting task!
Tue Jul 21 19:00:39 CEST 2020 Waiting done, starting task!
Tue Jul 21 19:00:39 CEST 2020 Waiting done, starting task!
Tue Jul 21 19:00:39 CEST 2020 Waiting done, starting task!
Tue Jul 21 19:00:39 CEST 2020 Waiting done, starting task!
Tue Jul 21 19:00:39 CEST 2020 Waiting done, starting task!
Tue Jul 21 19:00:39 CEST 2020 Waiting done, starting task!
Tue Jul 21 19:00:39 CEST 2020 Waiting done, starting task!
Tue Jul 21 19:00:39 CEST 2020 Waiting done, starting task!
Tue Jul 21 19:00:39 CEST 2020 Waiting done, starting task!
Tue Jul 21 19:00:39 CEST 2020 Waiting done, starting task!
3 0
3 2
3 4
3 1
3 7
3 8
3 6
3 10
3 3
3 11
3 5
3 9
3 13
3 12
840
840 15
Tue Jul 21 19:01:09 CEST 2020 Waiting for 30 seconds before starting the job to allow the node to settle down
Tue Jul 21 19:01:09 CEST 2020 Waiting for 30 seconds before starting the job to allow the node to settle down
Tue Jul 21 19:01:09 CEST 2020 Waiting for 30 seconds before starting the job to allow the node to settle down
Tue Jul 21 19:01:09 CEST 2020 Waiting for 30 seconds before starting the job to allow the node to settle down
Tue Jul 21 19:01:09 CEST 2020 Waiting for 30 seconds before starting the job to allow the node to settle down
Tue Jul 21 19:01:09 CEST 2020 Waiting for 30 seconds before starting the job to allow the node to settle down
Tue Jul 21 19:01:09 CEST 2020 Waiting for 30 seconds before starting the job to allow the node to settle down
Tue Jul 21 19:01:09 CEST 2020 Waiting for 30 seconds before starting the job to allow the node to settle down
Tue Jul 21 19:01:09 CEST 2020 Waiting for 30 seconds before starting the job to allow the node to settle down
Tue Jul 21 19:01:09 CEST 2020 Waiting for 30 seconds before starting the job to allow the node to settle down
Tue Jul 21 19:01:09 CEST 2020 Waiting for 30 seconds before starting the job to allow the node to settle down
Tue Jul 21 19:01:09 CEST 2020 Waiting for 30 seconds before starting the job to allow the node to settle down
Tue Jul 21 19:01:09 CEST 2020 Waiting for 30 seconds before starting the job to allow the node to settle down
Tue Jul 21 19:01:09 CEST 2020 Waiting for 30 seconds before starting the job to allow the node to settle down
Tue Jul 21 19:01:09 CEST 2020 Waiting for 30 seconds before starting the job to allow the node to settle down
Tue Jul 21 19:01:39 CEST 2020 Waiting done, starting task!
Tue Jul 21 19:01:39 CEST 2020 Waiting done, starting task!
Tue Jul 21 19:01:39 CEST 2020 Waiting done, starting task!
Tue Jul 21 19:01:39 CEST 2020 Waiting done, starting task!
Tue Jul 21 19:01:39 CEST 2020 Waiting done, starting task!
Tue Jul 21 19:01:39 CEST 2020 Waiting done, starting task!
Tue Jul 21 19:01:39 CEST 2020 Waiting done, starting task!
Tue Jul 21 19:01:39 CEST 2020 Waiting done, starting task!
Tue Jul 21 19:01:39 CEST 2020 Waiting done, starting task!
Tue Jul 21 19:01:39 CEST 2020 Waiting done, starting task!
Tue Jul 21 19:01:39 CEST 2020 Waiting done, starting task!
Tue Jul 21 19:01:39 CEST 2020 Waiting done, starting task!
Tue Jul 21 19:01:39 CEST 2020 Waiting done, starting task!
Tue Jul 21 19:01:39 CEST 2020 Waiting done, starting task!
Tue Jul 21 19:01:39 CEST 2020 Waiting done, starting task!
3 1
3 8
3 7
3 6
3 3
3 5
3 4
3 12
3 14
3 13
3 9
3 10
3 11
3 2
3 0
840
840 20
Tue Jul 21 19:02:07 CEST 2020 Waiting for 30 seconds before starting the job to allow the node to settle down
Tue Jul 21 19:02:07 CEST 2020 Waiting for 30 seconds before starting the job to allow the node to settle down
Tue Jul 21 19:02:07 CEST 2020 Waiting for 30 seconds before starting the job to allow the node to settle down
Tue Jul 21 19:02:07 CEST 2020 Waiting for 30 seconds before starting the job to allow the node to settle down
Tue Jul 21 19:02:07 CEST 2020 Waiting for 30 seconds before starting the job to allow the node to settle down
Tue Jul 21 19:02:07 CEST 2020 Waiting for 30 seconds before starting the job to allow the node to settle down
Tue Jul 21 19:02:07 CEST 2020 Waiting for 30 seconds before starting the job to allow the node to settle down
Tue Jul 21 19:02:07 CEST 2020 Waiting for 30 seconds before starting the job to allow the node to settle down
Tue Jul 21 19:02:07 CEST 2020 Waiting for 30 seconds before starting the job to allow the node to settle down
Tue Jul 21 19:02:07 CEST 2020 Waiting for 30 seconds before starting the job to allow the node to settle down
Tue Jul 21 19:02:07 CEST 2020 Waiting for 30 seconds before starting the job to allow the node to settle down
Tue Jul 21 19:02:07 CEST 2020 Waiting for 30 seconds before starting the job to allow the node to settle down
Tue Jul 21 19:02:07 CEST 2020 Waiting for 30 seconds before starting the job to allow the node to settle down
Tue Jul 21 19:02:07 CEST 2020 Waiting for 30 seconds before starting the job to allow the node to settle down
Tue Jul 21 19:02:07 CEST 2020 Waiting for 30 seconds before starting the job to allow the node to settle down
Tue Jul 21 19:02:07 CEST 2020 Waiting for 30 seconds before starting the job to allow the node to settle down
Tue Jul 21 19:02:07 CEST 2020 Waiting for 30 seconds before starting the job to allow the node to settle down
Tue Jul 21 19:02:07 CEST 2020 Waiting for 30 seconds before starting the job to allow the node to settle down
Tue Jul 21 19:02:07 CEST 2020 Waiting for 30 seconds before starting the job to allow the node to settle down
Tue Jul 21 19:02:07 CEST 2020 Waiting for 30 seconds before starting the job to allow the node to settle down
Tue Jul 21 19:02:37 CEST 2020 Waiting done, starting task!
Tue Jul 21 19:02:37 CEST 2020 Waiting done, starting task!
Tue Jul 21 19:02:37 CEST 2020 Waiting done, starting task!
Tue Jul 21 19:02:37 CEST 2020 Waiting done, starting task!
Tue Jul 21 19:02:37 CEST 2020 Waiting done, starting task!
Tue Jul 21 19:02:37 CEST 2020 Waiting done, starting task!
Tue Jul 21 19:02:37 CEST 2020 Waiting done, starting task!
Tue Jul 21 19:02:37 CEST 2020 Waiting done, starting task!
Tue Jul 21 19:02:37 CEST 2020 Waiting done, starting task!
Tue Jul 21 19:02:37 CEST 2020 Waiting done, starting task!
Tue Jul 21 19:02:37 CEST 2020 Waiting done, starting task!
Tue Jul 21 19:02:37 CEST 2020 Waiting done, starting task!
Tue Jul 21 19:02:37 CEST 2020 Waiting done, starting task!
Tue Jul 21 19:02:37 CEST 2020 Waiting done, starting task!
Tue Jul 21 19:02:37 CEST 2020 Waiting done, starting task!
Tue Jul 21 19:02:37 CEST 2020 Waiting done, starting task!
Tue Jul 21 19:02:37 CEST 2020 Waiting done, starting task!
Tue Jul 21 19:02:37 CEST 2020 Waiting done, starting task!
Tue Jul 21 19:02:37 CEST 2020 Waiting done, starting task!
Tue Jul 21 19:02:37 CEST 2020 Waiting done, starting task!
3 1
3 17
3 18
3 6
3 13
3 10
3 9
3 14
3 5
3 11
3 19
3 16
3 4
3 15
3 7
3 8
3 12
3 2
3 0
3 3
840
/hiskp4/gross/bachelorarbeit
