Wed Jul 15 12:02:50 CEST 2020 Waiting for 30 seconds before starting the job to allow the node to settle down
Wed Jul 15 12:03:20 CEST 2020 Waiting done, starting task!
Wed Jul 15 12:03:20 CEST 2020 Waiting for 30 seconds before starting the job to allow the node to settle down
Wed Jul 15 12:03:20 CEST 2020 Waiting for 30 seconds before starting the job to allow the node to settle down
Wed Jul 15 12:03:20 CEST 2020 Waiting for 30 seconds before starting the job to allow the node to settle down
Wed Jul 15 12:03:20 CEST 2020 Waiting for 30 seconds before starting the job to allow the node to settle down
Wed Jul 15 12:03:50 CEST 2020 Waiting done, starting task!
Wed Jul 15 12:03:50 CEST 2020 Waiting done, starting task!
Wed Jul 15 12:03:50 CEST 2020 Waiting done, starting task!
Wed Jul 15 12:03:50 CEST 2020 Waiting done, starting task!
--------------------------------------------------------------------------
The library attempted to open the following supporting CUDA libraries,
but each of them failed.  CUDA-aware support is disabled.
libcuda.so.1: cannot open shared object file: No such file or directory
libcuda.dylib: cannot open shared object file: No such file or directory
/usr/lib64/libcuda.so.1: cannot open shared object file: No such file or directory
/usr/lib64/libcuda.dylib: cannot open shared object file: No such file or directory
If you are not interested in CUDA-aware support, then run with
--mca mpi_cuda_support 0 to suppress this message.  If you are interested
in CUDA-aware support, then try setting LD_LIBRARY_PATH to the location
of libcuda.so.1 to get passed this issue.
--------------------------------------------------------------------------
1.000000	4.000000	1000.000000	192.000000	0.565718
1.000000	4.000000	1000.000000	192.000000	0.580080
1.000000	4.000000	1000.000000	192.000000	0.562974
1.000000	4.000000	1000.000000	192.000000	0.532748
1.000000	4.000000	1000.000000	192.000000	0.575506
1.000000	4.000000	1000.000000	192.000000	0.572228
1.000000	4.000000	1000.000000	192.000000	0.529248
1.000000	4.000000	1000.000000	192.000000	0.528267
1.000000	4.000000	1000.000000	192.000000	0.545523
1.000000	4.000000	1000.000000	192.000000	0.527570
3.000000	4.000000	1000.000000	192.000000	0.565713
3.000000	4.000000	1000.000000	192.000000	0.580059
3.000000	4.000000	1000.000000	192.000000	0.562937
3.000000	4.000000	1000.000000	192.000000	0.532721
3.000000	4.000000	1000.000000	192.000000	0.575502
3.000000	4.000000	1000.000000	192.000000	0.572183
3.000000	4.000000	1000.000000	192.000000	0.529232
3.000000	4.000000	1000.000000	192.000000	0.528243
3.000000	4.000000	1000.000000	192.000000	0.545525
3.000000	4.000000	1000.000000	192.000000	0.527554
2.000000	4.000000	1000.000000	192.000000	0.565713
2.000000	4.000000	1000.000000	192.000000	0.580069
2.000000	4.000000	1000.000000	192.000000	0.562945
2.000000	4.000000	1000.000000	192.000000	0.532730
2.000000	4.000000	1000.000000	192.000000	0.575497
2.000000	4.000000	1000.000000	192.000000	0.572491
2.000000	4.000000	1000.000000	192.000000	0.529241
2.000000	4.000000	1000.000000	192.000000	0.528233
2.000000	4.000000	1000.000000	192.000000	0.545499
2.000000	4.000000	1000.000000	192.000000	0.527562
0.000000	4.000000	1000.000000	192.000000	0.565731
0.000000	4.000000	1000.000000	192.000000	0.580081
0.000000	4.000000	1000.000000	192.000000	0.562965
0.000000	4.000000	1000.000000	192.000000	0.532743
0.000000	4.000000	1000.000000	192.000000	0.575514
0.000000	4.000000	1000.000000	192.000000	0.571762
0.000000	4.000000	1000.000000	192.000000	0.529255
0.000000	4.000000	1000.000000	192.000000	0.528269
0.000000	4.000000	1000.000000	192.000000	0.545534
0.000000	4.000000	1000.000000	192.000000	0.527565
/hiskp4/gross/bachelorarbeit
