Thu Jun  4 19:10:58 CEST 2020 Waiting for 30 seconds before starting the job to allow the node to settle down
Thu Jun  4 19:11:28 CEST 2020 Waiting done, starting task!
Thu Jun  4 19:11:28 CEST 2020 Waiting for 30 seconds before starting the job to allow the node to settle down
Thu Jun  4 19:11:58 CEST 2020 Waiting done, starting task!
Laenge=6
bei 1 cores haben 1000 Messungen 0.011247 Sekunden gebraucht
bei 1 cores haben 1000 Messungen 0.010481 Sekunden gebraucht
bei 1 cores haben 1000 Messungen 0.011508 Sekunden gebraucht
bei 1 cores haben 1000 Messungen 0.013903 Sekunden gebraucht
bei 1 cores haben 1000 Messungen 0.012562 Sekunden gebraucht
bei 1 cores haben 1000 Messungen 0.011487 Sekunden gebraucht
bei 1 cores haben 1000 Messungen 0.010800 Sekunden gebraucht
bei 1 cores haben 1000 Messungen 0.010226 Sekunden gebraucht
bei 1 cores haben 1000 Messungen 0.009649 Sekunden gebraucht
bei 1 cores haben 1000 Messungen 0.009718 Sekunden gebraucht
bei 2 cores haben 1000 Messungen 0.010088 Sekunden gebraucht
bei 2 cores haben 1000 Messungen 0.009308 Sekunden gebraucht
bei 2 cores haben 1000 Messungen 0.008868 Sekunden gebraucht
bei 2 cores haben 1000 Messungen 0.008908 Sekunden gebraucht
bei 2 cores haben 1000 Messungen 0.008889 Sekunden gebraucht
bei 2 cores haben 1000 Messungen 0.009018 Sekunden gebraucht
bei 2 cores haben 1000 Messungen 0.008869 Sekunden gebraucht
bei 2 cores haben 1000 Messungen 0.008876 Sekunden gebraucht
bei 2 cores haben 1000 Messungen 0.008812 Sekunden gebraucht
bei 2 cores haben 1000 Messungen 0.008872 Sekunden gebraucht
bei 3 cores haben 1000 Messungen 0.017431 Sekunden gebraucht
bei 3 cores haben 1000 Messungen 0.017666 Sekunden gebraucht
bei 3 cores haben 1000 Messungen 0.017305 Sekunden gebraucht
bei 3 cores haben 1000 Messungen 0.016353 Sekunden gebraucht
bei 3 cores haben 1000 Messungen 0.015449 Sekunden gebraucht
bei 3 cores haben 1000 Messungen 0.015193 Sekunden gebraucht
bei 3 cores haben 1000 Messungen 0.014971 Sekunden gebraucht
bei 3 cores haben 1000 Messungen 0.014946 Sekunden gebraucht
bei 3 cores haben 1000 Messungen 0.015111 Sekunden gebraucht
bei 3 cores haben 1000 Messungen 0.015486 Sekunden gebraucht
bei 4 cores haben 1000 Messungen 0.015697 Sekunden gebraucht
bei 4 cores haben 1000 Messungen 0.015341 Sekunden gebraucht
bei 4 cores haben 1000 Messungen 0.015482 Sekunden gebraucht
bei 4 cores haben 1000 Messungen 0.011565 Sekunden gebraucht
bei 4 cores haben 1000 Messungen 0.008697 Sekunden gebraucht
bei 4 cores haben 1000 Messungen 0.008485 Sekunden gebraucht
bei 4 cores haben 1000 Messungen 0.008511 Sekunden gebraucht
bei 4 cores haben 1000 Messungen 0.008540 Sekunden gebraucht
bei 4 cores haben 1000 Messungen 0.008500 Sekunden gebraucht
bei 4 cores haben 1000 Messungen 0.008539 Sekunden gebraucht
bei 5 cores haben 1000 Messungen 0.018586 Sekunden gebraucht
bei 5 cores haben 1000 Messungen 0.017569 Sekunden gebraucht
bei 5 cores haben 1000 Messungen 0.016370 Sekunden gebraucht
bei 5 cores haben 1000 Messungen 0.015515 Sekunden gebraucht
bei 5 cores haben 1000 Messungen 0.014826 Sekunden gebraucht
bei 5 cores haben 1000 Messungen 0.014700 Sekunden gebraucht
bei 5 cores haben 1000 Messungen 0.014879 Sekunden gebraucht
bei 5 cores haben 1000 Messungen 0.014774 Sekunden gebraucht
bei 5 cores haben 1000 Messungen 0.014822 Sekunden gebraucht
bei 5 cores haben 1000 Messungen 0.014958 Sekunden gebraucht
bei 6 cores haben 1000 Messungen 0.017390 Sekunden gebraucht
bei 6 cores haben 1000 Messungen 0.017262 Sekunden gebraucht
bei 6 cores haben 1000 Messungen 0.016514 Sekunden gebraucht
bei 6 cores haben 1000 Messungen 0.016660 Sekunden gebraucht
bei 6 cores haben 1000 Messungen 0.016782 Sekunden gebraucht
bei 6 cores haben 1000 Messungen 0.016682 Sekunden gebraucht
bei 6 cores haben 1000 Messungen 0.017322 Sekunden gebraucht
bei 6 cores haben 1000 Messungen 0.017124 Sekunden gebraucht
bei 6 cores haben 1000 Messungen 0.016711 Sekunden gebraucht
bei 6 cores haben 1000 Messungen 0.017081 Sekunden gebraucht
bei 7 cores haben 1000 Messungen 0.017829 Sekunden gebraucht
bei 7 cores haben 1000 Messungen 0.017983 Sekunden gebraucht
bei 7 cores haben 1000 Messungen 0.018176 Sekunden gebraucht
bei 7 cores haben 1000 Messungen 0.018151 Sekunden gebraucht
bei 7 cores haben 1000 Messungen 0.017931 Sekunden gebraucht
bei 7 cores haben 1000 Messungen 0.018050 Sekunden gebraucht
bei 7 cores haben 1000 Messungen 0.017909 Sekunden gebraucht
bei 7 cores haben 1000 Messungen 0.017601 Sekunden gebraucht
bei 7 cores haben 1000 Messungen 0.017297 Sekunden gebraucht
bei 7 cores haben 1000 Messungen 0.017064 Sekunden gebraucht
bei 8 cores haben 1000 Messungen 0.017320 Sekunden gebraucht
bei 8 cores haben 1000 Messungen 0.017488 Sekunden gebraucht
bei 8 cores haben 1000 Messungen 0.016778 Sekunden gebraucht
bei 8 cores haben 1000 Messungen 0.017326 Sekunden gebraucht
bei 8 cores haben 1000 Messungen 0.017345 Sekunden gebraucht
bei 8 cores haben 1000 Messungen 0.018572 Sekunden gebraucht
bei 8 cores haben 1000 Messungen 0.018837 Sekunden gebraucht
bei 8 cores haben 1000 Messungen 0.017940 Sekunden gebraucht
bei 8 cores haben 1000 Messungen 0.017713 Sekunden gebraucht
bei 8 cores haben 1000 Messungen 0.017913 Sekunden gebraucht
bei 9 cores haben 1000 Messungen 0.019847 Sekunden gebraucht
bei 9 cores haben 1000 Messungen 0.019738 Sekunden gebraucht
bei 9 cores haben 1000 Messungen 0.019478 Sekunden gebraucht
bei 9 cores haben 1000 Messungen 0.023478 Sekunden gebraucht
bei 9 cores haben 1000 Messungen 0.023141 Sekunden gebraucht
bei 9 cores haben 1000 Messungen 0.019136 Sekunden gebraucht
bei 9 cores haben 1000 Messungen 0.019067 Sekunden gebraucht
bei 9 cores haben 1000 Messungen 0.019318 Sekunden gebraucht
bei 9 cores haben 1000 Messungen 0.019431 Sekunden gebraucht
bei 9 cores haben 1000 Messungen 0.019588 Sekunden gebraucht
bei 10 cores haben 1000 Messungen 0.020019 Sekunden gebraucht
bei 10 cores haben 1000 Messungen 0.027204 Sekunden gebraucht
bei 10 cores haben 1000 Messungen 0.019703 Sekunden gebraucht
bei 10 cores haben 1000 Messungen 0.019812 Sekunden gebraucht
bei 10 cores haben 1000 Messungen 0.019625 Sekunden gebraucht
bei 10 cores haben 1000 Messungen 0.020692 Sekunden gebraucht
bei 10 cores haben 1000 Messungen 0.021838 Sekunden gebraucht
bei 10 cores haben 1000 Messungen 0.023364 Sekunden gebraucht
bei 10 cores haben 1000 Messungen 0.023207 Sekunden gebraucht
bei 10 cores haben 1000 Messungen 0.022754 Sekunden gebraucht
bei 11 cores haben 1000 Messungen 0.022956 Sekunden gebraucht
bei 11 cores haben 1000 Messungen 0.022849 Sekunden gebraucht
bei 11 cores haben 1000 Messungen 0.022935 Sekunden gebraucht
bei 11 cores haben 1000 Messungen 0.023124 Sekunden gebraucht
bei 11 cores haben 1000 Messungen 0.022878 Sekunden gebraucht
bei 11 cores haben 1000 Messungen 0.022921 Sekunden gebraucht
bei 11 cores haben 1000 Messungen 0.022821 Sekunden gebraucht
bei 11 cores haben 1000 Messungen 0.022812 Sekunden gebraucht
bei 11 cores haben 1000 Messungen 0.023023 Sekunden gebraucht
bei 11 cores haben 1000 Messungen 0.023026 Sekunden gebraucht
bei 12 cores haben 1000 Messungen 0.022299 Sekunden gebraucht
bei 12 cores haben 1000 Messungen 0.023624 Sekunden gebraucht
bei 12 cores haben 1000 Messungen 0.022358 Sekunden gebraucht
bei 12 cores haben 1000 Messungen 0.024261 Sekunden gebraucht
bei 12 cores haben 1000 Messungen 0.023573 Sekunden gebraucht
bei 12 cores haben 1000 Messungen 0.023527 Sekunden gebraucht
bei 12 cores haben 1000 Messungen 0.023729 Sekunden gebraucht
bei 12 cores haben 1000 Messungen 0.023569 Sekunden gebraucht
bei 12 cores haben 1000 Messungen 0.023360 Sekunden gebraucht
bei 12 cores haben 1000 Messungen 0.022431 Sekunden gebraucht
bei 13 cores haben 1000 Messungen 0.026582 Sekunden gebraucht
bei 13 cores haben 1000 Messungen 0.026645 Sekunden gebraucht
bei 13 cores haben 1000 Messungen 0.026533 Sekunden gebraucht
bei 13 cores haben 1000 Messungen 0.026572 Sekunden gebraucht
bei 13 cores haben 1000 Messungen 0.026371 Sekunden gebraucht
bei 13 cores haben 1000 Messungen 0.026601 Sekunden gebraucht
bei 13 cores haben 1000 Messungen 0.026536 Sekunden gebraucht
bei 13 cores haben 1000 Messungen 0.026565 Sekunden gebraucht
bei 13 cores haben 1000 Messungen 0.026456 Sekunden gebraucht
bei 13 cores haben 1000 Messungen 0.033637 Sekunden gebraucht
bei 14 cores haben 1000 Messungen 0.024032 Sekunden gebraucht
bei 14 cores haben 1000 Messungen 0.023886 Sekunden gebraucht
bei 14 cores haben 1000 Messungen 0.030742 Sekunden gebraucht
bei 14 cores haben 1000 Messungen 0.024084 Sekunden gebraucht
bei 14 cores haben 1000 Messungen 0.023975 Sekunden gebraucht
bei 14 cores haben 1000 Messungen 0.023972 Sekunden gebraucht
bei 14 cores haben 1000 Messungen 0.023920 Sekunden gebraucht
bei 14 cores haben 1000 Messungen 0.023497 Sekunden gebraucht
bei 14 cores haben 1000 Messungen 0.023997 Sekunden gebraucht
bei 14 cores haben 1000 Messungen 0.024003 Sekunden gebraucht
bei 15 cores haben 1000 Messungen 0.034776 Sekunden gebraucht
bei 15 cores haben 1000 Messungen 0.029617 Sekunden gebraucht
bei 15 cores haben 1000 Messungen 0.029425 Sekunden gebraucht
bei 15 cores haben 1000 Messungen 0.029519 Sekunden gebraucht
bei 15 cores haben 1000 Messungen 0.029878 Sekunden gebraucht
bei 15 cores haben 1000 Messungen 0.029581 Sekunden gebraucht
bei 15 cores haben 1000 Messungen 0.029495 Sekunden gebraucht
bei 15 cores haben 1000 Messungen 0.029765 Sekunden gebraucht
bei 15 cores haben 1000 Messungen 0.029706 Sekunden gebraucht
bei 15 cores haben 1000 Messungen 0.029452 Sekunden gebraucht
bei 16 cores haben 1000 Messungen 0.031867 Sekunden gebraucht
bei 16 cores haben 1000 Messungen 0.031779 Sekunden gebraucht
bei 16 cores haben 1000 Messungen 0.031620 Sekunden gebraucht
bei 16 cores haben 1000 Messungen 0.031570 Sekunden gebraucht
bei 16 cores haben 1000 Messungen 0.031536 Sekunden gebraucht
bei 16 cores haben 1000 Messungen 0.031787 Sekunden gebraucht
bei 16 cores haben 1000 Messungen 0.031461 Sekunden gebraucht
bei 16 cores haben 1000 Messungen 0.031692 Sekunden gebraucht
bei 16 cores haben 1000 Messungen 0.031697 Sekunden gebraucht
bei 16 cores haben 1000 Messungen 0.035640 Sekunden gebraucht
Laenge=10
bei 1 cores haben 1000 Messungen 0.014853 Sekunden gebraucht
bei 1 cores haben 1000 Messungen 0.014820 Sekunden gebraucht
bei 1 cores haben 1000 Messungen 0.014447 Sekunden gebraucht
bei 1 cores haben 1000 Messungen 0.014356 Sekunden gebraucht
bei 1 cores haben 1000 Messungen 0.014302 Sekunden gebraucht
bei 1 cores haben 1000 Messungen 0.013848 Sekunden gebraucht
bei 1 cores haben 1000 Messungen 0.013831 Sekunden gebraucht
bei 1 cores haben 1000 Messungen 0.013837 Sekunden gebraucht
bei 1 cores haben 1000 Messungen 0.013775 Sekunden gebraucht
bei 1 cores haben 1000 Messungen 0.013866 Sekunden gebraucht
bei 2 cores haben 1000 Messungen 0.011759 Sekunden gebraucht
bei 2 cores haben 1000 Messungen 0.011664 Sekunden gebraucht
bei 2 cores haben 1000 Messungen 0.011672 Sekunden gebraucht
bei 2 cores haben 1000 Messungen 0.011770 Sekunden gebraucht
bei 2 cores haben 1000 Messungen 0.011960 Sekunden gebraucht
bei 2 cores haben 1000 Messungen 0.030169 Sekunden gebraucht
bei 2 cores haben 1000 Messungen 0.029644 Sekunden gebraucht
bei 2 cores haben 1000 Messungen 0.026957 Sekunden gebraucht
bei 2 cores haben 1000 Messungen 0.026492 Sekunden gebraucht
bei 2 cores haben 1000 Messungen 0.025648 Sekunden gebraucht
bei 3 cores haben 1000 Messungen 0.022436 Sekunden gebraucht
bei 3 cores haben 1000 Messungen 0.021080 Sekunden gebraucht
bei 3 cores haben 1000 Messungen 0.020987 Sekunden gebraucht
bei 3 cores haben 1000 Messungen 0.020582 Sekunden gebraucht
bei 3 cores haben 1000 Messungen 0.021022 Sekunden gebraucht
bei 3 cores haben 1000 Messungen 0.021293 Sekunden gebraucht
bei 3 cores haben 1000 Messungen 0.019796 Sekunden gebraucht
bei 3 cores haben 1000 Messungen 0.020894 Sekunden gebraucht
bei 3 cores haben 1000 Messungen 0.020985 Sekunden gebraucht
bei 3 cores haben 1000 Messungen 0.021149 Sekunden gebraucht
bei 4 cores haben 1000 Messungen 0.020181 Sekunden gebraucht
bei 4 cores haben 1000 Messungen 0.021605 Sekunden gebraucht
bei 4 cores haben 1000 Messungen 0.020894 Sekunden gebraucht
bei 4 cores haben 1000 Messungen 0.019870 Sekunden gebraucht
bei 4 cores haben 1000 Messungen 0.020218 Sekunden gebraucht
bei 4 cores haben 1000 Messungen 0.020571 Sekunden gebraucht
bei 4 cores haben 1000 Messungen 0.021955 Sekunden gebraucht
bei 4 cores haben 1000 Messungen 0.021581 Sekunden gebraucht
bei 4 cores haben 1000 Messungen 0.021234 Sekunden gebraucht
bei 4 cores haben 1000 Messungen 0.022808 Sekunden gebraucht
bei 5 cores haben 1000 Messungen 0.022263 Sekunden gebraucht
bei 5 cores haben 1000 Messungen 0.021868 Sekunden gebraucht
bei 5 cores haben 1000 Messungen 0.023433 Sekunden gebraucht
bei 5 cores haben 1000 Messungen 0.022390 Sekunden gebraucht
bei 5 cores haben 1000 Messungen 0.022212 Sekunden gebraucht
bei 5 cores haben 1000 Messungen 0.023692 Sekunden gebraucht
bei 5 cores haben 1000 Messungen 0.026598 Sekunden gebraucht
bei 5 cores haben 1000 Messungen 0.022238 Sekunden gebraucht
bei 5 cores haben 1000 Messungen 0.023623 Sekunden gebraucht
bei 5 cores haben 1000 Messungen 0.023461 Sekunden gebraucht
bei 6 cores haben 1000 Messungen 0.026855 Sekunden gebraucht
bei 6 cores haben 1000 Messungen 0.024933 Sekunden gebraucht
bei 6 cores haben 1000 Messungen 0.021260 Sekunden gebraucht
bei 6 cores haben 1000 Messungen 0.022211 Sekunden gebraucht
bei 6 cores haben 1000 Messungen 0.024441 Sekunden gebraucht
bei 6 cores haben 1000 Messungen 0.022692 Sekunden gebraucht
bei 6 cores haben 1000 Messungen 0.024172 Sekunden gebraucht
bei 6 cores haben 1000 Messungen 0.022796 Sekunden gebraucht
bei 6 cores haben 1000 Messungen 0.023944 Sekunden gebraucht
bei 6 cores haben 1000 Messungen 0.022177 Sekunden gebraucht
bei 7 cores haben 1000 Messungen 0.023494 Sekunden gebraucht
bei 7 cores haben 1000 Messungen 0.022672 Sekunden gebraucht
bei 7 cores haben 1000 Messungen 0.025068 Sekunden gebraucht
bei 7 cores haben 1000 Messungen 0.023544 Sekunden gebraucht
bei 7 cores haben 1000 Messungen 0.024512 Sekunden gebraucht
bei 7 cores haben 1000 Messungen 0.023132 Sekunden gebraucht
bei 7 cores haben 1000 Messungen 0.022782 Sekunden gebraucht
bei 7 cores haben 1000 Messungen 0.023506 Sekunden gebraucht
bei 7 cores haben 1000 Messungen 0.025052 Sekunden gebraucht
bei 7 cores haben 1000 Messungen 0.024246 Sekunden gebraucht
bei 8 cores haben 1000 Messungen 0.025216 Sekunden gebraucht
bei 8 cores haben 1000 Messungen 0.025132 Sekunden gebraucht
bei 8 cores haben 1000 Messungen 0.026012 Sekunden gebraucht
bei 8 cores haben 1000 Messungen 0.025362 Sekunden gebraucht
bei 8 cores haben 1000 Messungen 0.025113 Sekunden gebraucht
bei 8 cores haben 1000 Messungen 0.026230 Sekunden gebraucht
bei 8 cores haben 1000 Messungen 0.025467 Sekunden gebraucht
bei 8 cores haben 1000 Messungen 0.025688 Sekunden gebraucht
bei 8 cores haben 1000 Messungen 0.027440 Sekunden gebraucht
bei 8 cores haben 1000 Messungen 0.026835 Sekunden gebraucht
bei 9 cores haben 1000 Messungen 0.029159 Sekunden gebraucht
bei 9 cores haben 1000 Messungen 0.027700 Sekunden gebraucht
bei 9 cores haben 1000 Messungen 0.025983 Sekunden gebraucht
bei 9 cores haben 1000 Messungen 0.025184 Sekunden gebraucht
bei 9 cores haben 1000 Messungen 0.025741 Sekunden gebraucht
bei 9 cores haben 1000 Messungen 0.027525 Sekunden gebraucht
bei 9 cores haben 1000 Messungen 0.030280 Sekunden gebraucht
bei 9 cores haben 1000 Messungen 0.028409 Sekunden gebraucht
bei 9 cores haben 1000 Messungen 0.027199 Sekunden gebraucht
bei 9 cores haben 1000 Messungen 0.030851 Sekunden gebraucht
bei 10 cores haben 1000 Messungen 0.026734 Sekunden gebraucht
bei 10 cores haben 1000 Messungen 0.028617 Sekunden gebraucht
bei 10 cores haben 1000 Messungen 0.028780 Sekunden gebraucht
bei 10 cores haben 1000 Messungen 0.028390 Sekunden gebraucht
bei 10 cores haben 1000 Messungen 0.029386 Sekunden gebraucht
bei 10 cores haben 1000 Messungen 0.028109 Sekunden gebraucht
bei 10 cores haben 1000 Messungen 0.028752 Sekunden gebraucht
bei 10 cores haben 1000 Messungen 0.027834 Sekunden gebraucht
bei 10 cores haben 1000 Messungen 0.028320 Sekunden gebraucht
bei 10 cores haben 1000 Messungen 0.027373 Sekunden gebraucht
bei 11 cores haben 1000 Messungen 0.030251 Sekunden gebraucht
bei 11 cores haben 1000 Messungen 0.028110 Sekunden gebraucht
bei 11 cores haben 1000 Messungen 0.027660 Sekunden gebraucht
bei 11 cores haben 1000 Messungen 0.027339 Sekunden gebraucht
bei 11 cores haben 1000 Messungen 0.030151 Sekunden gebraucht
bei 11 cores haben 1000 Messungen 0.027099 Sekunden gebraucht
bei 11 cores haben 1000 Messungen 0.029064 Sekunden gebraucht
bei 11 cores haben 1000 Messungen 0.029984 Sekunden gebraucht
bei 11 cores haben 1000 Messungen 0.030806 Sekunden gebraucht
bei 11 cores haben 1000 Messungen 0.030683 Sekunden gebraucht
bei 12 cores haben 1000 Messungen 0.030899 Sekunden gebraucht
bei 12 cores haben 1000 Messungen 0.030955 Sekunden gebraucht
bei 12 cores haben 1000 Messungen 0.030862 Sekunden gebraucht
bei 12 cores haben 1000 Messungen 0.031326 Sekunden gebraucht
bei 12 cores haben 1000 Messungen 0.030649 Sekunden gebraucht
bei 12 cores haben 1000 Messungen 0.028873 Sekunden gebraucht
bei 12 cores haben 1000 Messungen 0.029371 Sekunden gebraucht
bei 12 cores haben 1000 Messungen 0.029417 Sekunden gebraucht
bei 12 cores haben 1000 Messungen 0.030202 Sekunden gebraucht
bei 12 cores haben 1000 Messungen 0.031555 Sekunden gebraucht
bei 13 cores haben 1000 Messungen 0.033510 Sekunden gebraucht
bei 13 cores haben 1000 Messungen 0.036072 Sekunden gebraucht
bei 13 cores haben 1000 Messungen 0.041773 Sekunden gebraucht
bei 13 cores haben 1000 Messungen 0.032400 Sekunden gebraucht
bei 13 cores haben 1000 Messungen 0.031457 Sekunden gebraucht
bei 13 cores haben 1000 Messungen 0.030832 Sekunden gebraucht
bei 13 cores haben 1000 Messungen 0.031400 Sekunden gebraucht
bei 13 cores haben 1000 Messungen 0.031022 Sekunden gebraucht
bei 13 cores haben 1000 Messungen 0.031947 Sekunden gebraucht
bei 13 cores haben 1000 Messungen 0.030628 Sekunden gebraucht
bei 14 cores haben 1000 Messungen 0.029695 Sekunden gebraucht
bei 14 cores haben 1000 Messungen 0.031298 Sekunden gebraucht
bei 14 cores haben 1000 Messungen 0.030162 Sekunden gebraucht
bei 14 cores haben 1000 Messungen 0.030429 Sekunden gebraucht
bei 14 cores haben 1000 Messungen 0.029930 Sekunden gebraucht
bei 14 cores haben 1000 Messungen 0.029522 Sekunden gebraucht
bei 14 cores haben 1000 Messungen 0.030465 Sekunden gebraucht
bei 14 cores haben 1000 Messungen 0.030467 Sekunden gebraucht
bei 14 cores haben 1000 Messungen 0.030554 Sekunden gebraucht
bei 14 cores haben 1000 Messungen 0.030031 Sekunden gebraucht
bei 15 cores haben 1000 Messungen 0.033864 Sekunden gebraucht
bei 15 cores haben 1000 Messungen 0.032877 Sekunden gebraucht
bei 15 cores haben 1000 Messungen 0.032628 Sekunden gebraucht
bei 15 cores haben 1000 Messungen 0.032742 Sekunden gebraucht
bei 15 cores haben 1000 Messungen 0.033240 Sekunden gebraucht
bei 15 cores haben 1000 Messungen 0.033221 Sekunden gebraucht
bei 15 cores haben 1000 Messungen 0.034176 Sekunden gebraucht
bei 15 cores haben 1000 Messungen 0.034553 Sekunden gebraucht
bei 15 cores haben 1000 Messungen 0.033768 Sekunden gebraucht
bei 15 cores haben 1000 Messungen 0.037940 Sekunden gebraucht
bei 16 cores haben 1000 Messungen 0.048444 Sekunden gebraucht
bei 16 cores haben 1000 Messungen 0.034172 Sekunden gebraucht
bei 16 cores haben 1000 Messungen 0.038129 Sekunden gebraucht
bei 16 cores haben 1000 Messungen 0.034107 Sekunden gebraucht
bei 16 cores haben 1000 Messungen 0.033948 Sekunden gebraucht
bei 16 cores haben 1000 Messungen 0.033788 Sekunden gebraucht
bei 16 cores haben 1000 Messungen 0.033702 Sekunden gebraucht
bei 16 cores haben 1000 Messungen 0.033483 Sekunden gebraucht
bei 16 cores haben 1000 Messungen 0.033759 Sekunden gebraucht
bei 16 cores haben 1000 Messungen 0.033935 Sekunden gebraucht
Laenge=20
bei 1 cores haben 1000 Messungen 0.049103 Sekunden gebraucht
bei 1 cores haben 1000 Messungen 0.084335 Sekunden gebraucht
bei 1 cores haben 1000 Messungen 0.064187 Sekunden gebraucht
bei 1 cores haben 1000 Messungen 0.083822 Sekunden gebraucht
bei 1 cores haben 1000 Messungen 0.061788 Sekunden gebraucht
bei 1 cores haben 1000 Messungen 0.051615 Sekunden gebraucht
bei 1 cores haben 1000 Messungen 0.046670 Sekunden gebraucht
bei 1 cores haben 1000 Messungen 0.045966 Sekunden gebraucht
bei 1 cores haben 1000 Messungen 0.045986 Sekunden gebraucht
bei 1 cores haben 1000 Messungen 0.046009 Sekunden gebraucht
bei 2 cores haben 1000 Messungen 0.034175 Sekunden gebraucht
bei 2 cores haben 1000 Messungen 0.034061 Sekunden gebraucht
bei 2 cores haben 1000 Messungen 0.063252 Sekunden gebraucht
bei 2 cores haben 1000 Messungen 0.036164 Sekunden gebraucht
bei 2 cores haben 1000 Messungen 0.035419 Sekunden gebraucht
bei 2 cores haben 1000 Messungen 0.034484 Sekunden gebraucht
bei 2 cores haben 1000 Messungen 0.034260 Sekunden gebraucht
bei 2 cores haben 1000 Messungen 0.058291 Sekunden gebraucht
bei 2 cores haben 1000 Messungen 0.034307 Sekunden gebraucht
bei 2 cores haben 1000 Messungen 0.033956 Sekunden gebraucht
bei 3 cores haben 1000 Messungen 0.079229 Sekunden gebraucht
bei 3 cores haben 1000 Messungen 0.069380 Sekunden gebraucht
bei 3 cores haben 1000 Messungen 0.064288 Sekunden gebraucht
bei 3 cores haben 1000 Messungen 0.068864 Sekunden gebraucht
bei 3 cores haben 1000 Messungen 0.068598 Sekunden gebraucht
bei 3 cores haben 1000 Messungen 0.065415 Sekunden gebraucht
bei 3 cores haben 1000 Messungen 0.064103 Sekunden gebraucht
bei 3 cores haben 1000 Messungen 0.064490 Sekunden gebraucht
bei 3 cores haben 1000 Messungen 0.064258 Sekunden gebraucht
bei 3 cores haben 1000 Messungen 0.061213 Sekunden gebraucht
bei 4 cores haben 1000 Messungen 0.053096 Sekunden gebraucht
bei 4 cores haben 1000 Messungen 0.038672 Sekunden gebraucht
bei 4 cores haben 1000 Messungen 0.027018 Sekunden gebraucht
bei 4 cores haben 1000 Messungen 0.028809 Sekunden gebraucht
bei 4 cores haben 1000 Messungen 0.055955 Sekunden gebraucht
bei 4 cores haben 1000 Messungen 0.058244 Sekunden gebraucht
bei 4 cores haben 1000 Messungen 0.054556 Sekunden gebraucht
bei 4 cores haben 1000 Messungen 0.060205 Sekunden gebraucht
bei 4 cores haben 1000 Messungen 0.055455 Sekunden gebraucht
bei 4 cores haben 1000 Messungen 0.058132 Sekunden gebraucht
bei 5 cores haben 1000 Messungen 0.061015 Sekunden gebraucht
bei 5 cores haben 1000 Messungen 0.061482 Sekunden gebraucht
bei 5 cores haben 1000 Messungen 0.059517 Sekunden gebraucht
bei 5 cores haben 1000 Messungen 0.058317 Sekunden gebraucht
bei 5 cores haben 1000 Messungen 0.050317 Sekunden gebraucht
bei 5 cores haben 1000 Messungen 0.052680 Sekunden gebraucht
bei 5 cores haben 1000 Messungen 0.047892 Sekunden gebraucht
bei 5 cores haben 1000 Messungen 0.047804 Sekunden gebraucht
bei 5 cores haben 1000 Messungen 0.053778 Sekunden gebraucht
bei 5 cores haben 1000 Messungen 0.055383 Sekunden gebraucht
bei 6 cores haben 1000 Messungen 0.048841 Sekunden gebraucht
bei 6 cores haben 1000 Messungen 0.049442 Sekunden gebraucht
bei 6 cores haben 1000 Messungen 0.053962 Sekunden gebraucht
bei 6 cores haben 1000 Messungen 0.054608 Sekunden gebraucht
bei 6 cores haben 1000 Messungen 0.055441 Sekunden gebraucht
bei 6 cores haben 1000 Messungen 0.053121 Sekunden gebraucht
bei 6 cores haben 1000 Messungen 0.053515 Sekunden gebraucht
bei 6 cores haben 1000 Messungen 0.051553 Sekunden gebraucht
bei 6 cores haben 1000 Messungen 0.052908 Sekunden gebraucht
bei 6 cores haben 1000 Messungen 0.046599 Sekunden gebraucht
bei 7 cores haben 1000 Messungen 0.048719 Sekunden gebraucht
bei 7 cores haben 1000 Messungen 0.047343 Sekunden gebraucht
bei 7 cores haben 1000 Messungen 0.047224 Sekunden gebraucht
bei 7 cores haben 1000 Messungen 0.049105 Sekunden gebraucht
bei 7 cores haben 1000 Messungen 0.047176 Sekunden gebraucht
bei 7 cores haben 1000 Messungen 0.046629 Sekunden gebraucht
bei 7 cores haben 1000 Messungen 0.047939 Sekunden gebraucht
bei 7 cores haben 1000 Messungen 0.053772 Sekunden gebraucht
bei 7 cores haben 1000 Messungen 0.052594 Sekunden gebraucht
bei 7 cores haben 1000 Messungen 0.053550 Sekunden gebraucht
bei 8 cores haben 1000 Messungen 0.054154 Sekunden gebraucht
bei 8 cores haben 1000 Messungen 0.052656 Sekunden gebraucht
bei 8 cores haben 1000 Messungen 0.047809 Sekunden gebraucht
bei 8 cores haben 1000 Messungen 0.047961 Sekunden gebraucht
bei 8 cores haben 1000 Messungen 0.051177 Sekunden gebraucht
bei 8 cores haben 1000 Messungen 0.047640 Sekunden gebraucht
bei 8 cores haben 1000 Messungen 0.048725 Sekunden gebraucht
bei 8 cores haben 1000 Messungen 0.047376 Sekunden gebraucht
bei 8 cores haben 1000 Messungen 0.047465 Sekunden gebraucht
bei 8 cores haben 1000 Messungen 0.047326 Sekunden gebraucht
bei 9 cores haben 1000 Messungen 0.049645 Sekunden gebraucht
bei 9 cores haben 1000 Messungen 0.049455 Sekunden gebraucht
bei 9 cores haben 1000 Messungen 0.051154 Sekunden gebraucht
bei 9 cores haben 1000 Messungen 0.051195 Sekunden gebraucht
bei 9 cores haben 1000 Messungen 0.049292 Sekunden gebraucht
bei 9 cores haben 1000 Messungen 0.051595 Sekunden gebraucht
bei 9 cores haben 1000 Messungen 0.052307 Sekunden gebraucht
bei 9 cores haben 1000 Messungen 0.059623 Sekunden gebraucht
bei 9 cores haben 1000 Messungen 0.051650 Sekunden gebraucht
bei 9 cores haben 1000 Messungen 0.056230 Sekunden gebraucht
bei 10 cores haben 1000 Messungen 0.048350 Sekunden gebraucht
bei 10 cores haben 1000 Messungen 0.050325 Sekunden gebraucht
bei 10 cores haben 1000 Messungen 0.049760 Sekunden gebraucht
bei 10 cores haben 1000 Messungen 0.049710 Sekunden gebraucht
bei 10 cores haben 1000 Messungen 0.049702 Sekunden gebraucht
bei 10 cores haben 1000 Messungen 0.051127 Sekunden gebraucht
bei 10 cores haben 1000 Messungen 0.051770 Sekunden gebraucht
bei 10 cores haben 1000 Messungen 0.052001 Sekunden gebraucht
bei 10 cores haben 1000 Messungen 0.050815 Sekunden gebraucht
bei 10 cores haben 1000 Messungen 0.048411 Sekunden gebraucht
bei 11 cores haben 1000 Messungen 0.050631 Sekunden gebraucht
bei 11 cores haben 1000 Messungen 0.052299 Sekunden gebraucht
bei 11 cores haben 1000 Messungen 0.051459 Sekunden gebraucht
bei 11 cores haben 1000 Messungen 0.053121 Sekunden gebraucht
bei 11 cores haben 1000 Messungen 0.050726 Sekunden gebraucht
bei 11 cores haben 1000 Messungen 0.060746 Sekunden gebraucht
bei 11 cores haben 1000 Messungen 0.054096 Sekunden gebraucht
bei 11 cores haben 1000 Messungen 0.049145 Sekunden gebraucht
bei 11 cores haben 1000 Messungen 0.049925 Sekunden gebraucht
bei 11 cores haben 1000 Messungen 0.054741 Sekunden gebraucht
bei 12 cores haben 1000 Messungen 0.052497 Sekunden gebraucht
bei 12 cores haben 1000 Messungen 0.050775 Sekunden gebraucht
bei 12 cores haben 1000 Messungen 0.051535 Sekunden gebraucht
bei 12 cores haben 1000 Messungen 0.052321 Sekunden gebraucht
bei 12 cores haben 1000 Messungen 0.053520 Sekunden gebraucht
bei 12 cores haben 1000 Messungen 0.051549 Sekunden gebraucht
bei 12 cores haben 1000 Messungen 0.049975 Sekunden gebraucht
bei 12 cores haben 1000 Messungen 0.051448 Sekunden gebraucht
bei 12 cores haben 1000 Messungen 0.051868 Sekunden gebraucht
bei 12 cores haben 1000 Messungen 0.050563 Sekunden gebraucht
bei 13 cores haben 1000 Messungen 0.051528 Sekunden gebraucht
bei 13 cores haben 1000 Messungen 0.054184 Sekunden gebraucht
bei 13 cores haben 1000 Messungen 0.052904 Sekunden gebraucht
bei 13 cores haben 1000 Messungen 0.056999 Sekunden gebraucht
bei 13 cores haben 1000 Messungen 0.059956 Sekunden gebraucht
bei 13 cores haben 1000 Messungen 0.060988 Sekunden gebraucht
bei 13 cores haben 1000 Messungen 0.056620 Sekunden gebraucht
bei 13 cores haben 1000 Messungen 0.052482 Sekunden gebraucht
bei 13 cores haben 1000 Messungen 0.051778 Sekunden gebraucht
bei 13 cores haben 1000 Messungen 0.052648 Sekunden gebraucht
bei 14 cores haben 1000 Messungen 0.054465 Sekunden gebraucht
bei 14 cores haben 1000 Messungen 0.054958 Sekunden gebraucht
bei 14 cores haben 1000 Messungen 0.054485 Sekunden gebraucht
bei 14 cores haben 1000 Messungen 0.056801 Sekunden gebraucht
bei 14 cores haben 1000 Messungen 0.054849 Sekunden gebraucht
bei 14 cores haben 1000 Messungen 0.055856 Sekunden gebraucht
bei 14 cores haben 1000 Messungen 0.056901 Sekunden gebraucht
bei 14 cores haben 1000 Messungen 0.054420 Sekunden gebraucht
bei 14 cores haben 1000 Messungen 0.053503 Sekunden gebraucht
bei 14 cores haben 1000 Messungen 0.055315 Sekunden gebraucht
bei 15 cores haben 1000 Messungen 0.053573 Sekunden gebraucht
bei 15 cores haben 1000 Messungen 0.058591 Sekunden gebraucht
bei 15 cores haben 1000 Messungen 0.054727 Sekunden gebraucht
bei 15 cores haben 1000 Messungen 0.053633 Sekunden gebraucht
bei 15 cores haben 1000 Messungen 0.054499 Sekunden gebraucht
bei 15 cores haben 1000 Messungen 0.050972 Sekunden gebraucht
bei 15 cores haben 1000 Messungen 0.051326 Sekunden gebraucht
bei 15 cores haben 1000 Messungen 0.051297 Sekunden gebraucht
bei 15 cores haben 1000 Messungen 0.050925 Sekunden gebraucht
bei 15 cores haben 1000 Messungen 0.053612 Sekunden gebraucht
bei 16 cores haben 1000 Messungen 0.060786 Sekunden gebraucht
bei 16 cores haben 1000 Messungen 0.060461 Sekunden gebraucht
bei 16 cores haben 1000 Messungen 0.060435 Sekunden gebraucht
bei 16 cores haben 1000 Messungen 0.060276 Sekunden gebraucht
bei 16 cores haben 1000 Messungen 0.061176 Sekunden gebraucht
bei 16 cores haben 1000 Messungen 0.060226 Sekunden gebraucht
bei 16 cores haben 1000 Messungen 0.060216 Sekunden gebraucht
bei 16 cores haben 1000 Messungen 0.058559 Sekunden gebraucht
bei 16 cores haben 1000 Messungen 0.061883 Sekunden gebraucht
bei 16 cores haben 1000 Messungen 0.066338 Sekunden gebraucht
Laenge=36
bei 1 cores haben 1000 Messungen 0.150234 Sekunden gebraucht
bei 1 cores haben 1000 Messungen 0.205229 Sekunden gebraucht
bei 1 cores haben 1000 Messungen 0.143189 Sekunden gebraucht
bei 1 cores haben 1000 Messungen 0.142892 Sekunden gebraucht
bei 1 cores haben 1000 Messungen 0.142961 Sekunden gebraucht
bei 1 cores haben 1000 Messungen 0.199511 Sekunden gebraucht
bei 1 cores haben 1000 Messungen 0.142807 Sekunden gebraucht
bei 1 cores haben 1000 Messungen 0.143074 Sekunden gebraucht
bei 1 cores haben 1000 Messungen 0.201108 Sekunden gebraucht
bei 1 cores haben 1000 Messungen 0.143036 Sekunden gebraucht
bei 2 cores haben 1000 Messungen 0.247774 Sekunden gebraucht
bei 2 cores haben 1000 Messungen 0.240702 Sekunden gebraucht
bei 2 cores haben 1000 Messungen 0.214651 Sekunden gebraucht
bei 2 cores haben 1000 Messungen 0.212681 Sekunden gebraucht
bei 2 cores haben 1000 Messungen 0.211429 Sekunden gebraucht
bei 2 cores haben 1000 Messungen 0.212204 Sekunden gebraucht
bei 2 cores haben 1000 Messungen 0.212217 Sekunden gebraucht
bei 2 cores haben 1000 Messungen 0.211594 Sekunden gebraucht
bei 2 cores haben 1000 Messungen 0.209950 Sekunden gebraucht
bei 2 cores haben 1000 Messungen 0.209171 Sekunden gebraucht
bei 3 cores haben 1000 Messungen 0.165380 Sekunden gebraucht
bei 3 cores haben 1000 Messungen 0.171978 Sekunden gebraucht
bei 3 cores haben 1000 Messungen 0.166961 Sekunden gebraucht
bei 3 cores haben 1000 Messungen 0.168872 Sekunden gebraucht
bei 3 cores haben 1000 Messungen 0.167806 Sekunden gebraucht
bei 3 cores haben 1000 Messungen 0.167892 Sekunden gebraucht
bei 3 cores haben 1000 Messungen 0.167137 Sekunden gebraucht
bei 3 cores haben 1000 Messungen 0.171706 Sekunden gebraucht
bei 3 cores haben 1000 Messungen 0.166824 Sekunden gebraucht
bei 3 cores haben 1000 Messungen 0.165536 Sekunden gebraucht
bei 4 cores haben 1000 Messungen 0.150864 Sekunden gebraucht
bei 4 cores haben 1000 Messungen 0.149230 Sekunden gebraucht
bei 4 cores haben 1000 Messungen 0.142035 Sekunden gebraucht
bei 4 cores haben 1000 Messungen 0.143566 Sekunden gebraucht
bei 4 cores haben 1000 Messungen 0.086487 Sekunden gebraucht
bei 4 cores haben 1000 Messungen 0.149619 Sekunden gebraucht
bei 4 cores haben 1000 Messungen 0.148623 Sekunden gebraucht
bei 4 cores haben 1000 Messungen 0.147962 Sekunden gebraucht
bei 4 cores haben 1000 Messungen 0.146167 Sekunden gebraucht
bei 4 cores haben 1000 Messungen 0.147905 Sekunden gebraucht
bei 5 cores haben 1000 Messungen 0.135470 Sekunden gebraucht
bei 5 cores haben 1000 Messungen 0.137395 Sekunden gebraucht
bei 5 cores haben 1000 Messungen 0.134965 Sekunden gebraucht
bei 5 cores haben 1000 Messungen 0.137604 Sekunden gebraucht
bei 5 cores haben 1000 Messungen 0.137102 Sekunden gebraucht
bei 5 cores haben 1000 Messungen 0.134015 Sekunden gebraucht
bei 5 cores haben 1000 Messungen 0.134776 Sekunden gebraucht
bei 5 cores haben 1000 Messungen 0.065273 Sekunden gebraucht
bei 5 cores haben 1000 Messungen 0.088071 Sekunden gebraucht
bei 5 cores haben 1000 Messungen 0.145677 Sekunden gebraucht
bei 6 cores haben 1000 Messungen 0.140319 Sekunden gebraucht
bei 6 cores haben 1000 Messungen 0.141579 Sekunden gebraucht
bei 6 cores haben 1000 Messungen 0.144132 Sekunden gebraucht
bei 6 cores haben 1000 Messungen 0.132982 Sekunden gebraucht
bei 6 cores haben 1000 Messungen 0.125392 Sekunden gebraucht
bei 6 cores haben 1000 Messungen 0.142127 Sekunden gebraucht
bei 6 cores haben 1000 Messungen 0.066067 Sekunden gebraucht
bei 6 cores haben 1000 Messungen 0.079393 Sekunden gebraucht
bei 6 cores haben 1000 Messungen 0.114893 Sekunden gebraucht
bei 6 cores haben 1000 Messungen 0.130301 Sekunden gebraucht
bei 7 cores haben 1000 Messungen 0.131160 Sekunden gebraucht
bei 7 cores haben 1000 Messungen 0.129755 Sekunden gebraucht
bei 7 cores haben 1000 Messungen 0.129615 Sekunden gebraucht
bei 7 cores haben 1000 Messungen 0.126748 Sekunden gebraucht
bei 7 cores haben 1000 Messungen 0.131546 Sekunden gebraucht
bei 7 cores haben 1000 Messungen 0.133624 Sekunden gebraucht
bei 7 cores haben 1000 Messungen 0.128512 Sekunden gebraucht
bei 7 cores haben 1000 Messungen 0.129326 Sekunden gebraucht
bei 7 cores haben 1000 Messungen 0.129968 Sekunden gebraucht
bei 7 cores haben 1000 Messungen 0.128584 Sekunden gebraucht
bei 8 cores haben 1000 Messungen 0.128382 Sekunden gebraucht
bei 8 cores haben 1000 Messungen 0.129041 Sekunden gebraucht
bei 8 cores haben 1000 Messungen 0.133073 Sekunden gebraucht
bei 8 cores haben 1000 Messungen 0.125630 Sekunden gebraucht
bei 8 cores haben 1000 Messungen 0.126365 Sekunden gebraucht
bei 8 cores haben 1000 Messungen 0.128198 Sekunden gebraucht
bei 8 cores haben 1000 Messungen 0.124478 Sekunden gebraucht
bei 8 cores haben 1000 Messungen 0.123841 Sekunden gebraucht
bei 8 cores haben 1000 Messungen 0.124975 Sekunden gebraucht
bei 8 cores haben 1000 Messungen 0.129314 Sekunden gebraucht
bei 9 cores haben 1000 Messungen 0.122890 Sekunden gebraucht
bei 9 cores haben 1000 Messungen 0.113626 Sekunden gebraucht
bei 9 cores haben 1000 Messungen 0.124051 Sekunden gebraucht
bei 9 cores haben 1000 Messungen 0.124068 Sekunden gebraucht
bei 9 cores haben 1000 Messungen 0.124293 Sekunden gebraucht
bei 9 cores haben 1000 Messungen 0.123853 Sekunden gebraucht
bei 9 cores haben 1000 Messungen 0.124062 Sekunden gebraucht
bei 9 cores haben 1000 Messungen 0.126266 Sekunden gebraucht
bei 9 cores haben 1000 Messungen 0.131879 Sekunden gebraucht
bei 9 cores haben 1000 Messungen 0.125090 Sekunden gebraucht
bei 10 cores haben 1000 Messungen 0.129734 Sekunden gebraucht
bei 10 cores haben 1000 Messungen 0.124431 Sekunden gebraucht
bei 10 cores haben 1000 Messungen 0.125020 Sekunden gebraucht
bei 10 cores haben 1000 Messungen 0.127249 Sekunden gebraucht
bei 10 cores haben 1000 Messungen 0.126260 Sekunden gebraucht
bei 10 cores haben 1000 Messungen 0.131233 Sekunden gebraucht
bei 10 cores haben 1000 Messungen 0.132974 Sekunden gebraucht
bei 10 cores haben 1000 Messungen 0.128112 Sekunden gebraucht
bei 10 cores haben 1000 Messungen 0.125587 Sekunden gebraucht
bei 10 cores haben 1000 Messungen 0.125291 Sekunden gebraucht
bei 11 cores haben 1000 Messungen 0.121923 Sekunden gebraucht
bei 11 cores haben 1000 Messungen 0.123475 Sekunden gebraucht
bei 11 cores haben 1000 Messungen 0.125711 Sekunden gebraucht
bei 11 cores haben 1000 Messungen 0.127368 Sekunden gebraucht
bei 11 cores haben 1000 Messungen 0.130735 Sekunden gebraucht
bei 11 cores haben 1000 Messungen 0.124270 Sekunden gebraucht
bei 11 cores haben 1000 Messungen 0.125583 Sekunden gebraucht
bei 11 cores haben 1000 Messungen 0.123681 Sekunden gebraucht
bei 11 cores haben 1000 Messungen 0.123779 Sekunden gebraucht
bei 11 cores haben 1000 Messungen 0.124517 Sekunden gebraucht
bei 12 cores haben 1000 Messungen 0.131390 Sekunden gebraucht
bei 12 cores haben 1000 Messungen 0.136214 Sekunden gebraucht
bei 12 cores haben 1000 Messungen 0.130359 Sekunden gebraucht
bei 12 cores haben 1000 Messungen 0.124799 Sekunden gebraucht
bei 12 cores haben 1000 Messungen 0.127338 Sekunden gebraucht
bei 12 cores haben 1000 Messungen 0.127128 Sekunden gebraucht
bei 12 cores haben 1000 Messungen 0.126997 Sekunden gebraucht
bei 12 cores haben 1000 Messungen 0.128176 Sekunden gebraucht
bei 12 cores haben 1000 Messungen 0.132236 Sekunden gebraucht
bei 12 cores haben 1000 Messungen 0.304153 Sekunden gebraucht
bei 13 cores haben 1000 Messungen 0.126763 Sekunden gebraucht
bei 13 cores haben 1000 Messungen 0.126688 Sekunden gebraucht
bei 13 cores haben 1000 Messungen 0.126027 Sekunden gebraucht
bei 13 cores haben 1000 Messungen 0.126346 Sekunden gebraucht
bei 13 cores haben 1000 Messungen 0.130600 Sekunden gebraucht
bei 13 cores haben 1000 Messungen 0.138737 Sekunden gebraucht
bei 13 cores haben 1000 Messungen 0.130902 Sekunden gebraucht
bei 13 cores haben 1000 Messungen 0.128731 Sekunden gebraucht
bei 13 cores haben 1000 Messungen 0.129037 Sekunden gebraucht
bei 13 cores haben 1000 Messungen 0.126780 Sekunden gebraucht
bei 14 cores haben 1000 Messungen 0.129193 Sekunden gebraucht
bei 14 cores haben 1000 Messungen 0.128089 Sekunden gebraucht
bei 14 cores haben 1000 Messungen 0.132211 Sekunden gebraucht
bei 14 cores haben 1000 Messungen 0.132796 Sekunden gebraucht
bei 14 cores haben 1000 Messungen 0.128169 Sekunden gebraucht
bei 14 cores haben 1000 Messungen 0.129587 Sekunden gebraucht
bei 14 cores haben 1000 Messungen 0.129230 Sekunden gebraucht
bei 14 cores haben 1000 Messungen 0.129490 Sekunden gebraucht
bei 14 cores haben 1000 Messungen 0.129053 Sekunden gebraucht
bei 14 cores haben 1000 Messungen 0.126986 Sekunden gebraucht
bei 15 cores haben 1000 Messungen 0.145760 Sekunden gebraucht
bei 15 cores haben 1000 Messungen 0.134512 Sekunden gebraucht
bei 15 cores haben 1000 Messungen 0.125134 Sekunden gebraucht
bei 15 cores haben 1000 Messungen 0.125640 Sekunden gebraucht
bei 15 cores haben 1000 Messungen 0.125327 Sekunden gebraucht
bei 15 cores haben 1000 Messungen 0.124826 Sekunden gebraucht
bei 15 cores haben 1000 Messungen 0.125224 Sekunden gebraucht
bei 15 cores haben 1000 Messungen 0.131891 Sekunden gebraucht
bei 15 cores haben 1000 Messungen 0.138514 Sekunden gebraucht
bei 15 cores haben 1000 Messungen 0.125097 Sekunden gebraucht
bei 16 cores haben 1000 Messungen 0.132093 Sekunden gebraucht
bei 16 cores haben 1000 Messungen 0.131695 Sekunden gebraucht
bei 16 cores haben 1000 Messungen 0.132544 Sekunden gebraucht
bei 16 cores haben 1000 Messungen 0.130639 Sekunden gebraucht
bei 16 cores haben 1000 Messungen 0.131501 Sekunden gebraucht
bei 16 cores haben 1000 Messungen 0.149535 Sekunden gebraucht
bei 16 cores haben 1000 Messungen 0.138852 Sekunden gebraucht
bei 16 cores haben 1000 Messungen 0.131197 Sekunden gebraucht
bei 16 cores haben 1000 Messungen 0.178241 Sekunden gebraucht
bei 16 cores haben 1000 Messungen 0.131390 Sekunden gebraucht
Laenge=50
bei 1 cores haben 1000 Messungen 0.310325 Sekunden gebraucht
bei 1 cores haben 1000 Messungen 0.283450 Sekunden gebraucht
bei 1 cores haben 1000 Messungen 0.273561 Sekunden gebraucht
bei 1 cores haben 1000 Messungen 0.333219 Sekunden gebraucht
bei 1 cores haben 1000 Messungen 0.309607 Sekunden gebraucht
bei 1 cores haben 1000 Messungen 0.404653 Sekunden gebraucht
bei 1 cores haben 1000 Messungen 0.400849 Sekunden gebraucht
bei 1 cores haben 1000 Messungen 0.315271 Sekunden gebraucht
bei 1 cores haben 1000 Messungen 0.273612 Sekunden gebraucht
bei 1 cores haben 1000 Messungen 0.273453 Sekunden gebraucht
bei 2 cores haben 1000 Messungen 0.428108 Sekunden gebraucht
bei 2 cores haben 1000 Messungen 0.410222 Sekunden gebraucht
bei 2 cores haben 1000 Messungen 0.436734 Sekunden gebraucht
bei 2 cores haben 1000 Messungen 0.449324 Sekunden gebraucht
bei 2 cores haben 1000 Messungen 0.406964 Sekunden gebraucht
bei 2 cores haben 1000 Messungen 0.361149 Sekunden gebraucht
bei 2 cores haben 1000 Messungen 0.361703 Sekunden gebraucht
bei 2 cores haben 1000 Messungen 0.365713 Sekunden gebraucht
bei 2 cores haben 1000 Messungen 0.361020 Sekunden gebraucht
bei 2 cores haben 1000 Messungen 0.361616 Sekunden gebraucht
bei 3 cores haben 1000 Messungen 0.286629 Sekunden gebraucht
bei 3 cores haben 1000 Messungen 0.295670 Sekunden gebraucht
bei 3 cores haben 1000 Messungen 0.288471 Sekunden gebraucht
bei 3 cores haben 1000 Messungen 0.188405 Sekunden gebraucht
bei 3 cores haben 1000 Messungen 0.309702 Sekunden gebraucht
bei 3 cores haben 1000 Messungen 0.306593 Sekunden gebraucht
bei 3 cores haben 1000 Messungen 0.190625 Sekunden gebraucht
bei 3 cores haben 1000 Messungen 0.290691 Sekunden gebraucht
bei 3 cores haben 1000 Messungen 0.203364 Sekunden gebraucht
bei 3 cores haben 1000 Messungen 0.290441 Sekunden gebraucht
bei 4 cores haben 1000 Messungen 0.250064 Sekunden gebraucht
bei 4 cores haben 1000 Messungen 0.189416 Sekunden gebraucht
bei 4 cores haben 1000 Messungen 0.205759 Sekunden gebraucht
bei 4 cores haben 1000 Messungen 0.291670 Sekunden gebraucht
bei 4 cores haben 1000 Messungen 0.161010 Sekunden gebraucht
bei 4 cores haben 1000 Messungen 0.250856 Sekunden gebraucht
bei 4 cores haben 1000 Messungen 0.243055 Sekunden gebraucht
bei 4 cores haben 1000 Messungen 0.250680 Sekunden gebraucht
bei 4 cores haben 1000 Messungen 0.163656 Sekunden gebraucht
bei 4 cores haben 1000 Messungen 0.252948 Sekunden gebraucht
bei 5 cores haben 1000 Messungen 0.230233 Sekunden gebraucht
bei 5 cores haben 1000 Messungen 0.238799 Sekunden gebraucht
bei 5 cores haben 1000 Messungen 0.241810 Sekunden gebraucht
bei 5 cores haben 1000 Messungen 0.237854 Sekunden gebraucht
bei 5 cores haben 1000 Messungen 0.236714 Sekunden gebraucht
bei 5 cores haben 1000 Messungen 0.242279 Sekunden gebraucht
bei 5 cores haben 1000 Messungen 0.141946 Sekunden gebraucht
bei 5 cores haben 1000 Messungen 0.228338 Sekunden gebraucht
bei 5 cores haben 1000 Messungen 0.158279 Sekunden gebraucht
bei 5 cores haben 1000 Messungen 0.237525 Sekunden gebraucht
bei 6 cores haben 1000 Messungen 0.234580 Sekunden gebraucht
bei 6 cores haben 1000 Messungen 0.224765 Sekunden gebraucht
bei 6 cores haben 1000 Messungen 0.227294 Sekunden gebraucht
bei 6 cores haben 1000 Messungen 0.225602 Sekunden gebraucht
bei 6 cores haben 1000 Messungen 0.241544 Sekunden gebraucht
bei 6 cores haben 1000 Messungen 0.232085 Sekunden gebraucht
bei 6 cores haben 1000 Messungen 0.226250 Sekunden gebraucht
bei 6 cores haben 1000 Messungen 0.202955 Sekunden gebraucht
bei 6 cores haben 1000 Messungen 0.229579 Sekunden gebraucht
bei 6 cores haben 1000 Messungen 0.227616 Sekunden gebraucht
bei 7 cores haben 1000 Messungen 0.224529 Sekunden gebraucht
bei 7 cores haben 1000 Messungen 0.222700 Sekunden gebraucht
bei 7 cores haben 1000 Messungen 0.228331 Sekunden gebraucht
bei 7 cores haben 1000 Messungen 0.229981 Sekunden gebraucht
bei 7 cores haben 1000 Messungen 0.225470 Sekunden gebraucht
bei 7 cores haben 1000 Messungen 0.221668 Sekunden gebraucht
bei 7 cores haben 1000 Messungen 0.225024 Sekunden gebraucht
bei 7 cores haben 1000 Messungen 0.230487 Sekunden gebraucht
bei 7 cores haben 1000 Messungen 0.223337 Sekunden gebraucht
bei 7 cores haben 1000 Messungen 0.227681 Sekunden gebraucht
bei 8 cores haben 1000 Messungen 0.231347 Sekunden gebraucht
bei 8 cores haben 1000 Messungen 0.129282 Sekunden gebraucht
bei 8 cores haben 1000 Messungen 0.205453 Sekunden gebraucht
bei 8 cores haben 1000 Messungen 0.225330 Sekunden gebraucht
bei 8 cores haben 1000 Messungen 0.128646 Sekunden gebraucht
bei 8 cores haben 1000 Messungen 0.201381 Sekunden gebraucht
bei 8 cores haben 1000 Messungen 0.222790 Sekunden gebraucht
bei 8 cores haben 1000 Messungen 0.226734 Sekunden gebraucht
bei 8 cores haben 1000 Messungen 0.130405 Sekunden gebraucht
bei 8 cores haben 1000 Messungen 0.204967 Sekunden gebraucht
bei 9 cores haben 1000 Messungen 0.175890 Sekunden gebraucht
bei 9 cores haben 1000 Messungen 0.201739 Sekunden gebraucht
bei 9 cores haben 1000 Messungen 0.734622 Sekunden gebraucht
bei 9 cores haben 1000 Messungen 0.233945 Sekunden gebraucht
bei 9 cores haben 1000 Messungen 0.182467 Sekunden gebraucht
bei 9 cores haben 1000 Messungen 0.204255 Sekunden gebraucht
bei 9 cores haben 1000 Messungen 0.218932 Sekunden gebraucht
bei 9 cores haben 1000 Messungen 0.227927 Sekunden gebraucht
bei 9 cores haben 1000 Messungen 0.202680 Sekunden gebraucht
bei 9 cores haben 1000 Messungen 0.223089 Sekunden gebraucht
bei 10 cores haben 1000 Messungen 0.737020 Sekunden gebraucht
bei 10 cores haben 1000 Messungen 0.220099 Sekunden gebraucht
bei 10 cores haben 1000 Messungen 0.237906 Sekunden gebraucht
bei 10 cores haben 1000 Messungen 0.375989 Sekunden gebraucht
bei 10 cores haben 1000 Messungen 0.220676 Sekunden gebraucht
bei 10 cores haben 1000 Messungen 0.222936 Sekunden gebraucht
bei 10 cores haben 1000 Messungen 0.230514 Sekunden gebraucht
bei 10 cores haben 1000 Messungen 0.222053 Sekunden gebraucht
bei 10 cores haben 1000 Messungen 0.337492 Sekunden gebraucht
bei 10 cores haben 1000 Messungen 0.231351 Sekunden gebraucht
bei 11 cores haben 1000 Messungen 0.221586 Sekunden gebraucht
bei 11 cores haben 1000 Messungen 0.221403 Sekunden gebraucht
bei 11 cores haben 1000 Messungen 0.224763 Sekunden gebraucht
bei 11 cores haben 1000 Messungen 0.222062 Sekunden gebraucht
bei 11 cores haben 1000 Messungen 0.229806 Sekunden gebraucht
bei 11 cores haben 1000 Messungen 0.219988 Sekunden gebraucht
bei 11 cores haben 1000 Messungen 0.214956 Sekunden gebraucht
bei 11 cores haben 1000 Messungen 0.243935 Sekunden gebraucht
bei 11 cores haben 1000 Messungen 0.233732 Sekunden gebraucht
bei 11 cores haben 1000 Messungen 0.214888 Sekunden gebraucht
bei 12 cores haben 1000 Messungen 0.235231 Sekunden gebraucht
bei 12 cores haben 1000 Messungen 0.227556 Sekunden gebraucht
bei 12 cores haben 1000 Messungen 0.224266 Sekunden gebraucht
bei 12 cores haben 1000 Messungen 0.231565 Sekunden gebraucht
bei 12 cores haben 1000 Messungen 0.412011 Sekunden gebraucht
bei 12 cores haben 1000 Messungen 0.224679 Sekunden gebraucht
bei 12 cores haben 1000 Messungen 0.479700 Sekunden gebraucht
bei 12 cores haben 1000 Messungen 0.222296 Sekunden gebraucht
bei 12 cores haben 1000 Messungen 0.222110 Sekunden gebraucht
bei 12 cores haben 1000 Messungen 0.398356 Sekunden gebraucht
bei 13 cores haben 1000 Messungen 0.498452 Sekunden gebraucht
bei 13 cores haben 1000 Messungen 0.219824 Sekunden gebraucht
bei 13 cores haben 1000 Messungen 0.237460 Sekunden gebraucht
bei 13 cores haben 1000 Messungen 0.224154 Sekunden gebraucht
bei 13 cores haben 1000 Messungen 0.219728 Sekunden gebraucht
bei 13 cores haben 1000 Messungen 0.221067 Sekunden gebraucht
bei 13 cores haben 1000 Messungen 0.234640 Sekunden gebraucht
bei 13 cores haben 1000 Messungen 0.227155 Sekunden gebraucht
bei 13 cores haben 1000 Messungen 0.220814 Sekunden gebraucht
bei 13 cores haben 1000 Messungen 0.222071 Sekunden gebraucht
bei 14 cores haben 1000 Messungen 0.227412 Sekunden gebraucht
bei 14 cores haben 1000 Messungen 0.239746 Sekunden gebraucht
bei 14 cores haben 1000 Messungen 0.230056 Sekunden gebraucht
bei 14 cores haben 1000 Messungen 0.226510 Sekunden gebraucht
bei 14 cores haben 1000 Messungen 0.227388 Sekunden gebraucht
bei 14 cores haben 1000 Messungen 0.255995 Sekunden gebraucht
bei 14 cores haben 1000 Messungen 0.222145 Sekunden gebraucht
bei 14 cores haben 1000 Messungen 0.222177 Sekunden gebraucht
bei 14 cores haben 1000 Messungen 0.222382 Sekunden gebraucht
bei 14 cores haben 1000 Messungen 0.228191 Sekunden gebraucht
bei 15 cores haben 1000 Messungen 0.242873 Sekunden gebraucht
bei 15 cores haben 1000 Messungen 0.493993 Sekunden gebraucht
bei 15 cores haben 1000 Messungen 0.239796 Sekunden gebraucht
bei 15 cores haben 1000 Messungen 0.231526 Sekunden gebraucht
bei 15 cores haben 1000 Messungen 0.225784 Sekunden gebraucht
bei 15 cores haben 1000 Messungen 0.220365 Sekunden gebraucht
bei 15 cores haben 1000 Messungen 0.223565 Sekunden gebraucht
bei 15 cores haben 1000 Messungen 0.247913 Sekunden gebraucht
bei 15 cores haben 1000 Messungen 0.222246 Sekunden gebraucht
bei 15 cores haben 1000 Messungen 0.238455 Sekunden gebraucht
bei 16 cores haben 1000 Messungen 0.226755 Sekunden gebraucht
bei 16 cores haben 1000 Messungen 0.253372 Sekunden gebraucht
bei 16 cores haben 1000 Messungen 0.225939 Sekunden gebraucht
bei 16 cores haben 1000 Messungen 0.225940 Sekunden gebraucht
bei 16 cores haben 1000 Messungen 0.225886 Sekunden gebraucht
bei 16 cores haben 1000 Messungen 0.233551 Sekunden gebraucht
bei 16 cores haben 1000 Messungen 0.234630 Sekunden gebraucht
bei 16 cores haben 1000 Messungen 0.227348 Sekunden gebraucht
bei 16 cores haben 1000 Messungen 0.228229 Sekunden gebraucht
bei 16 cores haben 1000 Messungen 0.232969 Sekunden gebraucht
Laenge=100
bei 1 cores haben 1000 Messungen 1.086146 Sekunden gebraucht
bei 1 cores haben 1000 Messungen 1.085425 Sekunden gebraucht
bei 1 cores haben 1000 Messungen 1.086188 Sekunden gebraucht
bei 1 cores haben 1000 Messungen 1.082513 Sekunden gebraucht
bei 1 cores haben 1000 Messungen 1.143892 Sekunden gebraucht
bei 1 cores haben 1000 Messungen 1.082510 Sekunden gebraucht
bei 1 cores haben 1000 Messungen 1.085947 Sekunden gebraucht
bei 1 cores haben 1000 Messungen 1.083078 Sekunden gebraucht
bei 1 cores haben 1000 Messungen 1.086312 Sekunden gebraucht
bei 1 cores haben 1000 Messungen 1.348723 Sekunden gebraucht
bei 2 cores haben 1000 Messungen 1.369411 Sekunden gebraucht
bei 2 cores haben 1000 Messungen 1.372486 Sekunden gebraucht
bei 2 cores haben 1000 Messungen 1.497500 Sekunden gebraucht
bei 2 cores haben 1000 Messungen 1.349812 Sekunden gebraucht
bei 2 cores haben 1000 Messungen 1.282100 Sekunden gebraucht
bei 2 cores haben 1000 Messungen 1.274397 Sekunden gebraucht
bei 2 cores haben 1000 Messungen 1.384913 Sekunden gebraucht
bei 2 cores haben 1000 Messungen 1.272319 Sekunden gebraucht
bei 2 cores haben 1000 Messungen 1.235359 Sekunden gebraucht
bei 2 cores haben 1000 Messungen 1.231105 Sekunden gebraucht
bei 3 cores haben 1000 Messungen 1.053487 Sekunden gebraucht
bei 3 cores haben 1000 Messungen 1.001774 Sekunden gebraucht
bei 3 cores haben 1000 Messungen 0.990205 Sekunden gebraucht
bei 3 cores haben 1000 Messungen 0.994323 Sekunden gebraucht
bei 3 cores haben 1000 Messungen 0.992379 Sekunden gebraucht
bei 3 cores haben 1000 Messungen 0.996268 Sekunden gebraucht
bei 3 cores haben 1000 Messungen 0.985617 Sekunden gebraucht
bei 3 cores haben 1000 Messungen 0.978740 Sekunden gebraucht
bei 3 cores haben 1000 Messungen 0.989089 Sekunden gebraucht
bei 3 cores haben 1000 Messungen 0.998590 Sekunden gebraucht
bei 4 cores haben 1000 Messungen 0.861589 Sekunden gebraucht
bei 4 cores haben 1000 Messungen 0.879806 Sekunden gebraucht
bei 4 cores haben 1000 Messungen 0.914034 Sekunden gebraucht
bei 4 cores haben 1000 Messungen 0.868688 Sekunden gebraucht
bei 4 cores haben 1000 Messungen 0.838957 Sekunden gebraucht
bei 4 cores haben 1000 Messungen 0.870191 Sekunden gebraucht
bei 4 cores haben 1000 Messungen 0.831832 Sekunden gebraucht
bei 4 cores haben 1000 Messungen 0.863404 Sekunden gebraucht
bei 4 cores haben 1000 Messungen 0.870570 Sekunden gebraucht
bei 4 cores haben 1000 Messungen 0.899338 Sekunden gebraucht
bei 5 cores haben 1000 Messungen 0.868164 Sekunden gebraucht
bei 5 cores haben 1000 Messungen 0.866350 Sekunden gebraucht
bei 5 cores haben 1000 Messungen 0.839785 Sekunden gebraucht
bei 5 cores haben 1000 Messungen 0.877338 Sekunden gebraucht
bei 5 cores haben 1000 Messungen 0.876753 Sekunden gebraucht
bei 5 cores haben 1000 Messungen 0.854922 Sekunden gebraucht
bei 5 cores haben 1000 Messungen 0.854891 Sekunden gebraucht
bei 5 cores haben 1000 Messungen 0.839500 Sekunden gebraucht
bei 5 cores haben 1000 Messungen 0.844350 Sekunden gebraucht
bei 5 cores haben 1000 Messungen 0.856050 Sekunden gebraucht
bei 6 cores haben 1000 Messungen 0.853400 Sekunden gebraucht
bei 6 cores haben 1000 Messungen 0.837640 Sekunden gebraucht
bei 6 cores haben 1000 Messungen 0.840917 Sekunden gebraucht
bei 6 cores haben 1000 Messungen 0.850306 Sekunden gebraucht
bei 6 cores haben 1000 Messungen 0.836775 Sekunden gebraucht
bei 6 cores haben 1000 Messungen 0.727223 Sekunden gebraucht
bei 6 cores haben 1000 Messungen 0.854783 Sekunden gebraucht
bei 6 cores haben 1000 Messungen 0.854127 Sekunden gebraucht
bei 6 cores haben 1000 Messungen 0.840384 Sekunden gebraucht
bei 6 cores haben 1000 Messungen 0.846194 Sekunden gebraucht
bei 7 cores haben 1000 Messungen 0.828460 Sekunden gebraucht
bei 7 cores haben 1000 Messungen 0.725830 Sekunden gebraucht
bei 7 cores haben 1000 Messungen 0.859683 Sekunden gebraucht
bei 7 cores haben 1000 Messungen 0.856647 Sekunden gebraucht
bei 7 cores haben 1000 Messungen 0.852618 Sekunden gebraucht
bei 7 cores haben 1000 Messungen 0.861577 Sekunden gebraucht
bei 7 cores haben 1000 Messungen 0.833749 Sekunden gebraucht
bei 7 cores haben 1000 Messungen 0.852364 Sekunden gebraucht
bei 7 cores haben 1000 Messungen 0.830461 Sekunden gebraucht
bei 7 cores haben 1000 Messungen 0.822106 Sekunden gebraucht
bei 8 cores haben 1000 Messungen 0.814488 Sekunden gebraucht
bei 8 cores haben 1000 Messungen 0.818630 Sekunden gebraucht
bei 8 cores haben 1000 Messungen 0.805388 Sekunden gebraucht
bei 8 cores haben 1000 Messungen 0.811175 Sekunden gebraucht
bei 8 cores haben 1000 Messungen 0.847910 Sekunden gebraucht
bei 8 cores haben 1000 Messungen 0.828523 Sekunden gebraucht
bei 8 cores haben 1000 Messungen 0.834860 Sekunden gebraucht
bei 8 cores haben 1000 Messungen 0.841714 Sekunden gebraucht
bei 8 cores haben 1000 Messungen 0.838303 Sekunden gebraucht
bei 8 cores haben 1000 Messungen 0.853314 Sekunden gebraucht
bei 9 cores haben 1000 Messungen 0.794561 Sekunden gebraucht
bei 9 cores haben 1000 Messungen 0.833859 Sekunden gebraucht
bei 9 cores haben 1000 Messungen 0.824489 Sekunden gebraucht
bei 9 cores haben 1000 Messungen 0.817049 Sekunden gebraucht
bei 9 cores haben 1000 Messungen 0.827218 Sekunden gebraucht
bei 9 cores haben 1000 Messungen 0.789627 Sekunden gebraucht
bei 9 cores haben 1000 Messungen 0.851300 Sekunden gebraucht
bei 9 cores haben 1000 Messungen 0.843400 Sekunden gebraucht
bei 9 cores haben 1000 Messungen 0.832750 Sekunden gebraucht
bei 9 cores haben 1000 Messungen 0.831297 Sekunden gebraucht
bei 10 cores haben 1000 Messungen 0.822451 Sekunden gebraucht
bei 10 cores haben 1000 Messungen 0.831243 Sekunden gebraucht
bei 10 cores haben 1000 Messungen 0.824877 Sekunden gebraucht
bei 10 cores haben 1000 Messungen 0.826791 Sekunden gebraucht
bei 10 cores haben 1000 Messungen 0.820919 Sekunden gebraucht
bei 10 cores haben 1000 Messungen 0.808300 Sekunden gebraucht
bei 10 cores haben 1000 Messungen 0.823096 Sekunden gebraucht
bei 10 cores haben 1000 Messungen 0.819228 Sekunden gebraucht
bei 10 cores haben 1000 Messungen 0.820638 Sekunden gebraucht
bei 10 cores haben 1000 Messungen 0.818555 Sekunden gebraucht
bei 11 cores haben 1000 Messungen 0.947125 Sekunden gebraucht
bei 11 cores haben 1000 Messungen 0.816919 Sekunden gebraucht
bei 11 cores haben 1000 Messungen 0.818966 Sekunden gebraucht
bei 11 cores haben 1000 Messungen 0.828549 Sekunden gebraucht
bei 11 cores haben 1000 Messungen 0.827014 Sekunden gebraucht
bei 11 cores haben 1000 Messungen 0.832383 Sekunden gebraucht
bei 11 cores haben 1000 Messungen 0.829552 Sekunden gebraucht
bei 11 cores haben 1000 Messungen 0.818627 Sekunden gebraucht
bei 11 cores haben 1000 Messungen 0.828775 Sekunden gebraucht
bei 11 cores haben 1000 Messungen 0.822024 Sekunden gebraucht
bei 12 cores haben 1000 Messungen 0.823639 Sekunden gebraucht
bei 12 cores haben 1000 Messungen 0.829649 Sekunden gebraucht
bei 12 cores haben 1000 Messungen 0.984902 Sekunden gebraucht
bei 12 cores haben 1000 Messungen 0.838504 Sekunden gebraucht
bei 12 cores haben 1000 Messungen 0.820774 Sekunden gebraucht
bei 12 cores haben 1000 Messungen 0.842249 Sekunden gebraucht
bei 12 cores haben 1000 Messungen 0.835923 Sekunden gebraucht
bei 12 cores haben 1000 Messungen 0.837187 Sekunden gebraucht
bei 12 cores haben 1000 Messungen 0.825929 Sekunden gebraucht
bei 12 cores haben 1000 Messungen 0.842101 Sekunden gebraucht
bei 13 cores haben 1000 Messungen 0.813873 Sekunden gebraucht
bei 13 cores haben 1000 Messungen 0.831678 Sekunden gebraucht
bei 13 cores haben 1000 Messungen 0.836990 Sekunden gebraucht
bei 13 cores haben 1000 Messungen 0.827686 Sekunden gebraucht
bei 13 cores haben 1000 Messungen 0.832406 Sekunden gebraucht
bei 13 cores haben 1000 Messungen 0.826779 Sekunden gebraucht
bei 13 cores haben 1000 Messungen 0.817852 Sekunden gebraucht
bei 13 cores haben 1000 Messungen 0.829060 Sekunden gebraucht
bei 13 cores haben 1000 Messungen 0.836435 Sekunden gebraucht
bei 13 cores haben 1000 Messungen 0.826900 Sekunden gebraucht
bei 14 cores haben 1000 Messungen 0.839529 Sekunden gebraucht
bei 14 cores haben 1000 Messungen 0.844702 Sekunden gebraucht
bei 14 cores haben 1000 Messungen 0.829746 Sekunden gebraucht
bei 14 cores haben 1000 Messungen 0.839365 Sekunden gebraucht
bei 14 cores haben 1000 Messungen 0.844124 Sekunden gebraucht
bei 14 cores haben 1000 Messungen 0.849242 Sekunden gebraucht
bei 14 cores haben 1000 Messungen 0.846353 Sekunden gebraucht
bei 14 cores haben 1000 Messungen 0.851329 Sekunden gebraucht
bei 14 cores haben 1000 Messungen 0.833983 Sekunden gebraucht
bei 14 cores haben 1000 Messungen 1.055991 Sekunden gebraucht
bei 15 cores haben 1000 Messungen 0.823807 Sekunden gebraucht
bei 15 cores haben 1000 Messungen 0.841389 Sekunden gebraucht
bei 15 cores haben 1000 Messungen 0.841991 Sekunden gebraucht
bei 15 cores haben 1000 Messungen 0.840580 Sekunden gebraucht
bei 15 cores haben 1000 Messungen 0.837487 Sekunden gebraucht
bei 15 cores haben 1000 Messungen 0.845002 Sekunden gebraucht
bei 15 cores haben 1000 Messungen 0.820840 Sekunden gebraucht
bei 15 cores haben 1000 Messungen 0.844816 Sekunden gebraucht
bei 15 cores haben 1000 Messungen 0.835756 Sekunden gebraucht
bei 15 cores haben 1000 Messungen 0.840870 Sekunden gebraucht
bei 16 cores haben 1000 Messungen 0.850217 Sekunden gebraucht
bei 16 cores haben 1000 Messungen 0.869472 Sekunden gebraucht
bei 16 cores haben 1000 Messungen 0.830346 Sekunden gebraucht
bei 16 cores haben 1000 Messungen 0.837529 Sekunden gebraucht
bei 16 cores haben 1000 Messungen 0.857474 Sekunden gebraucht
bei 16 cores haben 1000 Messungen 0.843965 Sekunden gebraucht
bei 16 cores haben 1000 Messungen 0.846642 Sekunden gebraucht
bei 16 cores haben 1000 Messungen 0.842255 Sekunden gebraucht
bei 16 cores haben 1000 Messungen 0.857615 Sekunden gebraucht
bei 16 cores haben 1000 Messungen 0.829345 Sekunden gebraucht
Laenge=200
bei 1 cores haben 1000 Messungen 4.395118 Sekunden gebraucht
bei 1 cores haben 1000 Messungen 4.480855 Sekunden gebraucht
bei 1 cores haben 1000 Messungen 4.372022 Sekunden gebraucht
bei 1 cores haben 1000 Messungen 4.378143 Sekunden gebraucht
bei 1 cores haben 1000 Messungen 4.318865 Sekunden gebraucht
bei 1 cores haben 1000 Messungen 4.551278 Sekunden gebraucht
bei 1 cores haben 1000 Messungen 4.374671 Sekunden gebraucht
bei 1 cores haben 1000 Messungen 4.323022 Sekunden gebraucht
bei 1 cores haben 1000 Messungen 4.318823 Sekunden gebraucht
bei 1 cores haben 1000 Messungen 4.321443 Sekunden gebraucht
bei 2 cores haben 1000 Messungen 5.168284 Sekunden gebraucht
bei 2 cores haben 1000 Messungen 4.775647 Sekunden gebraucht
bei 2 cores haben 1000 Messungen 4.831104 Sekunden gebraucht
bei 2 cores haben 1000 Messungen 4.817076 Sekunden gebraucht
bei 2 cores haben 1000 Messungen 4.780711 Sekunden gebraucht
bei 2 cores haben 1000 Messungen 4.788120 Sekunden gebraucht
bei 2 cores haben 1000 Messungen 4.753521 Sekunden gebraucht
bei 2 cores haben 1000 Messungen 4.670984 Sekunden gebraucht
bei 2 cores haben 1000 Messungen 4.928631 Sekunden gebraucht
bei 2 cores haben 1000 Messungen 4.739173 Sekunden gebraucht
bei 3 cores haben 1000 Messungen 3.695104 Sekunden gebraucht
bei 3 cores haben 1000 Messungen 3.592025 Sekunden gebraucht
bei 3 cores haben 1000 Messungen 3.601621 Sekunden gebraucht
bei 3 cores haben 1000 Messungen 3.515359 Sekunden gebraucht
bei 3 cores haben 1000 Messungen 3.572181 Sekunden gebraucht
bei 3 cores haben 1000 Messungen 3.502855 Sekunden gebraucht
bei 3 cores haben 1000 Messungen 3.636842 Sekunden gebraucht
bei 3 cores haben 1000 Messungen 3.564216 Sekunden gebraucht
bei 3 cores haben 1000 Messungen 3.553201 Sekunden gebraucht
bei 3 cores haben 1000 Messungen 3.734704 Sekunden gebraucht
bei 4 cores haben 1000 Messungen 3.396697 Sekunden gebraucht
bei 4 cores haben 1000 Messungen 3.103089 Sekunden gebraucht
bei 4 cores haben 1000 Messungen 3.170155 Sekunden gebraucht
bei 4 cores haben 1000 Messungen 3.171664 Sekunden gebraucht
bei 4 cores haben 1000 Messungen 3.206116 Sekunden gebraucht
bei 4 cores haben 1000 Messungen 3.210117 Sekunden gebraucht
bei 4 cores haben 1000 Messungen 3.172828 Sekunden gebraucht
bei 4 cores haben 1000 Messungen 3.035829 Sekunden gebraucht
bei 4 cores haben 1000 Messungen 3.152038 Sekunden gebraucht
bei 4 cores haben 1000 Messungen 3.353576 Sekunden gebraucht
bei 5 cores haben 1000 Messungen 3.330357 Sekunden gebraucht
bei 5 cores haben 1000 Messungen 3.136283 Sekunden gebraucht
bei 5 cores haben 1000 Messungen 3.085758 Sekunden gebraucht
bei 5 cores haben 1000 Messungen 3.165585 Sekunden gebraucht
bei 5 cores haben 1000 Messungen 3.168578 Sekunden gebraucht
bei 5 cores haben 1000 Messungen 3.144312 Sekunden gebraucht
bei 5 cores haben 1000 Messungen 3.000097 Sekunden gebraucht
bei 5 cores haben 1000 Messungen 3.249924 Sekunden gebraucht
bei 5 cores haben 1000 Messungen 3.092889 Sekunden gebraucht
bei 5 cores haben 1000 Messungen 3.156440 Sekunden gebraucht
bei 6 cores haben 1000 Messungen 3.128222 Sekunden gebraucht
bei 6 cores haben 1000 Messungen 3.168228 Sekunden gebraucht
bei 6 cores haben 1000 Messungen 3.082132 Sekunden gebraucht
bei 6 cores haben 1000 Messungen 3.095852 Sekunden gebraucht
bei 6 cores haben 1000 Messungen 3.072846 Sekunden gebraucht
bei 6 cores haben 1000 Messungen 3.037110 Sekunden gebraucht
bei 6 cores haben 1000 Messungen 3.091703 Sekunden gebraucht
bei 6 cores haben 1000 Messungen 3.122742 Sekunden gebraucht
bei 6 cores haben 1000 Messungen 3.032970 Sekunden gebraucht
bei 6 cores haben 1000 Messungen 2.912641 Sekunden gebraucht
bei 7 cores haben 1000 Messungen 3.204459 Sekunden gebraucht
bei 7 cores haben 1000 Messungen 3.150003 Sekunden gebraucht
bei 7 cores haben 1000 Messungen 3.081631 Sekunden gebraucht
bei 7 cores haben 1000 Messungen 3.081280 Sekunden gebraucht
bei 7 cores haben 1000 Messungen 3.138351 Sekunden gebraucht
bei 7 cores haben 1000 Messungen 3.164556 Sekunden gebraucht
bei 7 cores haben 1000 Messungen 3.110501 Sekunden gebraucht
bei 7 cores haben 1000 Messungen 3.052916 Sekunden gebraucht
bei 7 cores haben 1000 Messungen 2.922931 Sekunden gebraucht
bei 7 cores haben 1000 Messungen 3.148311 Sekunden gebraucht
bei 8 cores haben 1000 Messungen 3.150951 Sekunden gebraucht
bei 8 cores haben 1000 Messungen 3.220813 Sekunden gebraucht
bei 8 cores haben 1000 Messungen 3.031931 Sekunden gebraucht
bei 8 cores haben 1000 Messungen 3.113143 Sekunden gebraucht
bei 8 cores haben 1000 Messungen 3.203667 Sekunden gebraucht
bei 8 cores haben 1000 Messungen 3.196794 Sekunden gebraucht
bei 8 cores haben 1000 Messungen 3.214997 Sekunden gebraucht
bei 8 cores haben 1000 Messungen 3.195386 Sekunden gebraucht
bei 8 cores haben 1000 Messungen 3.189687 Sekunden gebraucht
bei 8 cores haben 1000 Messungen 3.205209 Sekunden gebraucht
bei 9 cores haben 1000 Messungen 3.172094 Sekunden gebraucht
bei 9 cores haben 1000 Messungen 3.259042 Sekunden gebraucht
bei 9 cores haben 1000 Messungen 3.154443 Sekunden gebraucht
bei 9 cores haben 1000 Messungen 3.171173 Sekunden gebraucht
bei 9 cores haben 1000 Messungen 3.181145 Sekunden gebraucht
bei 9 cores haben 1000 Messungen 3.183110 Sekunden gebraucht
bei 9 cores haben 1000 Messungen 3.168231 Sekunden gebraucht
bei 9 cores haben 1000 Messungen 3.195541 Sekunden gebraucht
bei 9 cores haben 1000 Messungen 3.175496 Sekunden gebraucht
bei 9 cores haben 1000 Messungen 3.194873 Sekunden gebraucht
bei 10 cores haben 1000 Messungen 3.105645 Sekunden gebraucht
bei 10 cores haben 1000 Messungen 3.202646 Sekunden gebraucht
bei 10 cores haben 1000 Messungen 3.279040 Sekunden gebraucht
bei 10 cores haben 1000 Messungen 3.136234 Sekunden gebraucht
bei 10 cores haben 1000 Messungen 3.137786 Sekunden gebraucht
bei 10 cores haben 1000 Messungen 3.119789 Sekunden gebraucht
bei 10 cores haben 1000 Messungen 3.148835 Sekunden gebraucht
bei 10 cores haben 1000 Messungen 3.185796 Sekunden gebraucht
bei 10 cores haben 1000 Messungen 3.184506 Sekunden gebraucht
bei 10 cores haben 1000 Messungen 3.135602 Sekunden gebraucht
bei 11 cores haben 1000 Messungen 3.260246 Sekunden gebraucht
bei 11 cores haben 1000 Messungen 3.284373 Sekunden gebraucht
bei 11 cores haben 1000 Messungen 3.152245 Sekunden gebraucht
bei 11 cores haben 1000 Messungen 3.139956 Sekunden gebraucht
bei 11 cores haben 1000 Messungen 3.175456 Sekunden gebraucht
bei 11 cores haben 1000 Messungen 3.153893 Sekunden gebraucht
bei 11 cores haben 1000 Messungen 3.153048 Sekunden gebraucht
bei 11 cores haben 1000 Messungen 3.157248 Sekunden gebraucht
bei 11 cores haben 1000 Messungen 3.148476 Sekunden gebraucht
bei 11 cores haben 1000 Messungen 3.112854 Sekunden gebraucht
bei 12 cores haben 1000 Messungen 3.136713 Sekunden gebraucht
bei 12 cores haben 1000 Messungen 3.127212 Sekunden gebraucht
bei 12 cores haben 1000 Messungen 3.177727 Sekunden gebraucht
bei 12 cores haben 1000 Messungen 3.380035 Sekunden gebraucht
bei 12 cores haben 1000 Messungen 3.155032 Sekunden gebraucht
bei 12 cores haben 1000 Messungen 3.141522 Sekunden gebraucht
bei 12 cores haben 1000 Messungen 3.166450 Sekunden gebraucht
bei 12 cores haben 1000 Messungen 3.142631 Sekunden gebraucht
bei 12 cores haben 1000 Messungen 3.156411 Sekunden gebraucht
bei 12 cores haben 1000 Messungen 3.191879 Sekunden gebraucht
bei 13 cores haben 1000 Messungen 3.232417 Sekunden gebraucht
bei 13 cores haben 1000 Messungen 3.197742 Sekunden gebraucht
bei 13 cores haben 1000 Messungen 3.135780 Sekunden gebraucht
bei 13 cores haben 1000 Messungen 3.153096 Sekunden gebraucht
bei 13 cores haben 1000 Messungen 3.205308 Sekunden gebraucht
bei 13 cores haben 1000 Messungen 3.204596 Sekunden gebraucht
bei 13 cores haben 1000 Messungen 3.160882 Sekunden gebraucht
bei 13 cores haben 1000 Messungen 3.162096 Sekunden gebraucht
bei 13 cores haben 1000 Messungen 3.203688 Sekunden gebraucht
bei 13 cores haben 1000 Messungen 3.176011 Sekunden gebraucht
bei 14 cores haben 1000 Messungen 3.182439 Sekunden gebraucht
bei 14 cores haben 1000 Messungen 3.205334 Sekunden gebraucht
bei 14 cores haben 1000 Messungen 3.201269 Sekunden gebraucht
bei 14 cores haben 1000 Messungen 3.385206 Sekunden gebraucht
bei 14 cores haben 1000 Messungen 3.589582 Sekunden gebraucht
bei 14 cores haben 1000 Messungen 3.211206 Sekunden gebraucht
bei 14 cores haben 1000 Messungen 3.210808 Sekunden gebraucht
bei 14 cores haben 1000 Messungen 3.236042 Sekunden gebraucht
bei 14 cores haben 1000 Messungen 3.182256 Sekunden gebraucht
bei 14 cores haben 1000 Messungen 3.196857 Sekunden gebraucht
bei 15 cores haben 1000 Messungen 3.248908 Sekunden gebraucht
bei 15 cores haben 1000 Messungen 3.207990 Sekunden gebraucht
bei 15 cores haben 1000 Messungen 3.221524 Sekunden gebraucht
bei 15 cores haben 1000 Messungen 3.194096 Sekunden gebraucht
bei 15 cores haben 1000 Messungen 3.217268 Sekunden gebraucht
bei 15 cores haben 1000 Messungen 3.214476 Sekunden gebraucht
bei 15 cores haben 1000 Messungen 3.214368 Sekunden gebraucht
bei 15 cores haben 1000 Messungen 3.207920 Sekunden gebraucht
bei 15 cores haben 1000 Messungen 3.187927 Sekunden gebraucht
bei 15 cores haben 1000 Messungen 3.205656 Sekunden gebraucht
bei 16 cores haben 1000 Messungen 3.227491 Sekunden gebraucht
bei 16 cores haben 1000 Messungen 3.232268 Sekunden gebraucht
bei 16 cores haben 1000 Messungen 3.220061 Sekunden gebraucht
bei 16 cores haben 1000 Messungen 3.203515 Sekunden gebraucht
bei 16 cores haben 1000 Messungen 3.225860 Sekunden gebraucht
bei 16 cores haben 1000 Messungen 3.242394 Sekunden gebraucht
bei 16 cores haben 1000 Messungen 3.226675 Sekunden gebraucht
bei 16 cores haben 1000 Messungen 3.235183 Sekunden gebraucht
bei 16 cores haben 1000 Messungen 3.204352 Sekunden gebraucht
bei 16 cores haben 1000 Messungen 3.225338 Sekunden gebraucht
Laenge=50
bei 1 cores haben 1000 Messungen 0.277261 Sekunden gebraucht
bei 1 cores haben 1000 Messungen 0.331952 Sekunden gebraucht
bei 1 cores haben 1000 Messungen 0.273118 Sekunden gebraucht
bei 1 cores haben 1000 Messungen 0.333765 Sekunden gebraucht
bei 1 cores haben 1000 Messungen 0.317699 Sekunden gebraucht
bei 1 cores haben 1000 Messungen 0.273540 Sekunden gebraucht
bei 1 cores haben 1000 Messungen 0.273401 Sekunden gebraucht
bei 1 cores haben 1000 Messungen 0.273352 Sekunden gebraucht
bei 1 cores haben 1000 Messungen 0.332946 Sekunden gebraucht
bei 1 cores haben 1000 Messungen 0.454542 Sekunden gebraucht
bei 2 cores haben 1000 Messungen 0.441496 Sekunden gebraucht
bei 2 cores haben 1000 Messungen 0.421572 Sekunden gebraucht
bei 2 cores haben 1000 Messungen 0.370246 Sekunden gebraucht
bei 2 cores haben 1000 Messungen 0.362886 Sekunden gebraucht
bei 2 cores haben 1000 Messungen 0.363472 Sekunden gebraucht
bei 2 cores haben 1000 Messungen 0.362080 Sekunden gebraucht
bei 2 cores haben 1000 Messungen 0.362295 Sekunden gebraucht
bei 2 cores haben 1000 Messungen 0.360226 Sekunden gebraucht
bei 2 cores haben 1000 Messungen 0.363635 Sekunden gebraucht
bei 2 cores haben 1000 Messungen 0.360282 Sekunden gebraucht
bei 3 cores haben 1000 Messungen 0.289790 Sekunden gebraucht
bei 3 cores haben 1000 Messungen 0.286368 Sekunden gebraucht
bei 3 cores haben 1000 Messungen 0.291340 Sekunden gebraucht
bei 3 cores haben 1000 Messungen 0.292397 Sekunden gebraucht
bei 3 cores haben 1000 Messungen 0.208702 Sekunden gebraucht
bei 3 cores haben 1000 Messungen 0.194230 Sekunden gebraucht
bei 3 cores haben 1000 Messungen 0.339343 Sekunden gebraucht
bei 3 cores haben 1000 Messungen 0.304959 Sekunden gebraucht
bei 3 cores haben 1000 Messungen 0.240270 Sekunden gebraucht
bei 3 cores haben 1000 Messungen 0.298260 Sekunden gebraucht
bei 4 cores haben 1000 Messungen 0.248054 Sekunden gebraucht
bei 4 cores haben 1000 Messungen 0.151033 Sekunden gebraucht
bei 4 cores haben 1000 Messungen 0.251893 Sekunden gebraucht
bei 4 cores haben 1000 Messungen 0.161602 Sekunden gebraucht
bei 4 cores haben 1000 Messungen 0.247836 Sekunden gebraucht
bei 4 cores haben 1000 Messungen 0.260315 Sekunden gebraucht
bei 4 cores haben 1000 Messungen 0.258744 Sekunden gebraucht
bei 4 cores haben 1000 Messungen 0.259800 Sekunden gebraucht
bei 4 cores haben 1000 Messungen 0.249354 Sekunden gebraucht
bei 4 cores haben 1000 Messungen 0.263760 Sekunden gebraucht
bei 5 cores haben 1000 Messungen 0.223124 Sekunden gebraucht
bei 5 cores haben 1000 Messungen 0.239741 Sekunden gebraucht
bei 5 cores haben 1000 Messungen 0.243695 Sekunden gebraucht
bei 5 cores haben 1000 Messungen 0.235452 Sekunden gebraucht
bei 5 cores haben 1000 Messungen 0.136942 Sekunden gebraucht
bei 5 cores haben 1000 Messungen 0.243264 Sekunden gebraucht
bei 5 cores haben 1000 Messungen 0.234813 Sekunden gebraucht
bei 5 cores haben 1000 Messungen 0.230498 Sekunden gebraucht
bei 5 cores haben 1000 Messungen 0.242590 Sekunden gebraucht
bei 5 cores haben 1000 Messungen 0.235611 Sekunden gebraucht
bei 6 cores haben 1000 Messungen 0.211692 Sekunden gebraucht
bei 6 cores haben 1000 Messungen 0.228028 Sekunden gebraucht
bei 6 cores haben 1000 Messungen 0.220575 Sekunden gebraucht
bei 6 cores haben 1000 Messungen 0.136028 Sekunden gebraucht
bei 6 cores haben 1000 Messungen 0.224672 Sekunden gebraucht
bei 6 cores haben 1000 Messungen 0.150100 Sekunden gebraucht
bei 6 cores haben 1000 Messungen 0.219956 Sekunden gebraucht
bei 6 cores haben 1000 Messungen 0.229001 Sekunden gebraucht
bei 6 cores haben 1000 Messungen 0.119527 Sekunden gebraucht
bei 6 cores haben 1000 Messungen 0.206263 Sekunden gebraucht
bei 7 cores haben 1000 Messungen 0.225609 Sekunden gebraucht
bei 7 cores haben 1000 Messungen 0.114399 Sekunden gebraucht
bei 7 cores haben 1000 Messungen 0.201172 Sekunden gebraucht
bei 7 cores haben 1000 Messungen 0.234057 Sekunden gebraucht
bei 7 cores haben 1000 Messungen 0.132572 Sekunden gebraucht
bei 7 cores haben 1000 Messungen 0.202261 Sekunden gebraucht
bei 7 cores haben 1000 Messungen 0.226702 Sekunden gebraucht
bei 7 cores haben 1000 Messungen 0.129260 Sekunden gebraucht
bei 7 cores haben 1000 Messungen 0.222084 Sekunden gebraucht
bei 7 cores haben 1000 Messungen 0.231563 Sekunden gebraucht
bei 8 cores haben 1000 Messungen 0.225076 Sekunden gebraucht
bei 8 cores haben 1000 Messungen 0.237620 Sekunden gebraucht
bei 8 cores haben 1000 Messungen 0.127990 Sekunden gebraucht
bei 8 cores haben 1000 Messungen 0.209227 Sekunden gebraucht
bei 8 cores haben 1000 Messungen 0.231429 Sekunden gebraucht
bei 8 cores haben 1000 Messungen 0.234971 Sekunden gebraucht
bei 8 cores haben 1000 Messungen 0.228409 Sekunden gebraucht
bei 8 cores haben 1000 Messungen 0.229324 Sekunden gebraucht
bei 8 cores haben 1000 Messungen 0.238326 Sekunden gebraucht
bei 8 cores haben 1000 Messungen 0.119541 Sekunden gebraucht
bei 9 cores haben 1000 Messungen 0.202123 Sekunden gebraucht
bei 9 cores haben 1000 Messungen 0.223256 Sekunden gebraucht
bei 9 cores haben 1000 Messungen 0.305101 Sekunden gebraucht
bei 9 cores haben 1000 Messungen 0.209612 Sekunden gebraucht
bei 9 cores haben 1000 Messungen 0.225786 Sekunden gebraucht
bei 9 cores haben 1000 Messungen 0.227499 Sekunden gebraucht
bei 9 cores haben 1000 Messungen 0.826338 Sekunden gebraucht
bei 9 cores haben 1000 Messungen 0.244933 Sekunden gebraucht
bei 9 cores haben 1000 Messungen 0.235884 Sekunden gebraucht
bei 9 cores haben 1000 Messungen 0.225611 Sekunden gebraucht
bei 10 cores haben 1000 Messungen 0.219217 Sekunden gebraucht
bei 10 cores haben 1000 Messungen 0.222970 Sekunden gebraucht
bei 10 cores haben 1000 Messungen 0.222352 Sekunden gebraucht
bei 10 cores haben 1000 Messungen 0.225139 Sekunden gebraucht
bei 10 cores haben 1000 Messungen 0.221778 Sekunden gebraucht
bei 10 cores haben 1000 Messungen 0.316779 Sekunden gebraucht
bei 10 cores haben 1000 Messungen 0.228215 Sekunden gebraucht
bei 10 cores haben 1000 Messungen 0.577092 Sekunden gebraucht
bei 10 cores haben 1000 Messungen 0.224597 Sekunden gebraucht
bei 10 cores haben 1000 Messungen 0.227137 Sekunden gebraucht
bei 11 cores haben 1000 Messungen 0.237006 Sekunden gebraucht
bei 11 cores haben 1000 Messungen 0.222895 Sekunden gebraucht
bei 11 cores haben 1000 Messungen 0.676357 Sekunden gebraucht
bei 11 cores haben 1000 Messungen 0.219887 Sekunden gebraucht
bei 11 cores haben 1000 Messungen 0.220085 Sekunden gebraucht
bei 11 cores haben 1000 Messungen 0.616969 Sekunden gebraucht
bei 11 cores haben 1000 Messungen 0.231003 Sekunden gebraucht
bei 11 cores haben 1000 Messungen 0.217142 Sekunden gebraucht
bei 11 cores haben 1000 Messungen 0.220544 Sekunden gebraucht
bei 11 cores haben 1000 Messungen 0.235068 Sekunden gebraucht
bei 12 cores haben 1000 Messungen 0.270381 Sekunden gebraucht
bei 12 cores haben 1000 Messungen 0.429255 Sekunden gebraucht
bei 12 cores haben 1000 Messungen 0.231569 Sekunden gebraucht
bei 12 cores haben 1000 Messungen 0.444715 Sekunden gebraucht
bei 12 cores haben 1000 Messungen 0.226007 Sekunden gebraucht
bei 12 cores haben 1000 Messungen 0.243038 Sekunden gebraucht
bei 12 cores haben 1000 Messungen 0.235513 Sekunden gebraucht
bei 12 cores haben 1000 Messungen 0.224992 Sekunden gebraucht
bei 12 cores haben 1000 Messungen 0.228345 Sekunden gebraucht
bei 12 cores haben 1000 Messungen 0.226991 Sekunden gebraucht
bei 13 cores haben 1000 Messungen 0.246365 Sekunden gebraucht
bei 13 cores haben 1000 Messungen 0.225459 Sekunden gebraucht
bei 13 cores haben 1000 Messungen 0.218415 Sekunden gebraucht
bei 13 cores haben 1000 Messungen 0.221895 Sekunden gebraucht
bei 13 cores haben 1000 Messungen 0.227184 Sekunden gebraucht
bei 13 cores haben 1000 Messungen 0.253760 Sekunden gebraucht
bei 13 cores haben 1000 Messungen 0.228541 Sekunden gebraucht
bei 13 cores haben 1000 Messungen 0.225220 Sekunden gebraucht
bei 13 cores haben 1000 Messungen 0.221658 Sekunden gebraucht
bei 13 cores haben 1000 Messungen 0.245634 Sekunden gebraucht
bei 14 cores haben 1000 Messungen 0.226503 Sekunden gebraucht
bei 14 cores haben 1000 Messungen 0.224445 Sekunden gebraucht
bei 14 cores haben 1000 Messungen 0.219214 Sekunden gebraucht
bei 14 cores haben 1000 Messungen 0.233409 Sekunden gebraucht
bei 14 cores haben 1000 Messungen 0.221706 Sekunden gebraucht
bei 14 cores haben 1000 Messungen 0.225270 Sekunden gebraucht
bei 14 cores haben 1000 Messungen 0.225089 Sekunden gebraucht
bei 14 cores haben 1000 Messungen 0.309182 Sekunden gebraucht
bei 14 cores haben 1000 Messungen 0.230032 Sekunden gebraucht
bei 14 cores haben 1000 Messungen 0.223617 Sekunden gebraucht
bei 15 cores haben 1000 Messungen 0.226992 Sekunden gebraucht
bei 15 cores haben 1000 Messungen 0.228056 Sekunden gebraucht
bei 15 cores haben 1000 Messungen 0.236523 Sekunden gebraucht
bei 15 cores haben 1000 Messungen 0.227451 Sekunden gebraucht
bei 15 cores haben 1000 Messungen 0.224389 Sekunden gebraucht
bei 15 cores haben 1000 Messungen 0.226536 Sekunden gebraucht
bei 15 cores haben 1000 Messungen 0.340200 Sekunden gebraucht
bei 15 cores haben 1000 Messungen 0.224993 Sekunden gebraucht
bei 15 cores haben 1000 Messungen 0.222089 Sekunden gebraucht
bei 15 cores haben 1000 Messungen 0.225918 Sekunden gebraucht
bei 16 cores haben 1000 Messungen 0.237046 Sekunden gebraucht
bei 16 cores haben 1000 Messungen 0.222965 Sekunden gebraucht
bei 16 cores haben 1000 Messungen 0.221842 Sekunden gebraucht
bei 16 cores haben 1000 Messungen 0.239425 Sekunden gebraucht
bei 16 cores haben 1000 Messungen 0.253903 Sekunden gebraucht
bei 16 cores haben 1000 Messungen 0.221065 Sekunden gebraucht
bei 16 cores haben 1000 Messungen 0.221411 Sekunden gebraucht
bei 16 cores haben 1000 Messungen 0.221259 Sekunden gebraucht
bei 16 cores haben 1000 Messungen 0.238903 Sekunden gebraucht
bei 16 cores haben 1000 Messungen 0.228780 Sekunden gebraucht
/hiskp4/gross/bachelorarbeit
