Wed Jul 15 17:59:08 CEST 2020 Waiting for 30 seconds before starting the job to allow the node to settle down
Wed Jul 15 17:59:38 CEST 2020 Waiting done, starting task!
Wed Jul 15 17:59:38 CEST 2020 Waiting for 30 seconds before starting the job to allow the node to settle down
Wed Jul 15 17:59:38 CEST 2020 Waiting for 30 seconds before starting the job to allow the node to settle down
Wed Jul 15 17:59:38 CEST 2020 Waiting for 30 seconds before starting the job to allow the node to settle down
Wed Jul 15 17:59:38 CEST 2020 Waiting for 30 seconds before starting the job to allow the node to settle down
Wed Jul 15 17:59:38 CEST 2020 Waiting for 30 seconds before starting the job to allow the node to settle down
Wed Jul 15 17:59:38 CEST 2020 Waiting for 30 seconds before starting the job to allow the node to settle down
Wed Jul 15 18:00:08 CEST 2020 Waiting done, starting task!
Wed Jul 15 18:00:08 CEST 2020 Waiting done, starting task!
Wed Jul 15 18:00:08 CEST 2020 Waiting done, starting task!
Wed Jul 15 18:00:08 CEST 2020 Waiting done, starting task!
Wed Jul 15 18:00:08 CEST 2020 Waiting done, starting task!
Wed Jul 15 18:00:08 CEST 2020 Waiting done, starting task!
1.000000	6.000000	1000.000000	72.000000	0.149561
1.000000	6.000000	1000.000000	72.000000	0.148519
1.000000	6.000000	1000.000000	72.000000	0.148030
1.000000	6.000000	1000.000000	72.000000	0.147618
1.000000	6.000000	1000.000000	72.000000	0.148167
1.000000	6.000000	1000.000000	72.000000	0.148206
1.000000	6.000000	1000.000000	72.000000	0.174915
1.000000	6.000000	1000.000000	72.000000	0.158237
1.000000	6.000000	1000.000000	72.000000	0.148063
1.000000	6.000000	1000.000000	72.000000	0.148242
2.000000	6.000000	1000.000000	72.000000	0.149651
2.000000	6.000000	1000.000000	72.000000	0.148871
2.000000	6.000000	1000.000000	72.000000	0.148525
2.000000	6.000000	1000.000000	72.000000	0.148140
2.000000	6.000000	1000.000000	72.000000	0.148494
2.000000	6.000000	1000.000000	72.000000	0.148665
2.000000	6.000000	1000.000000	72.000000	0.174974
2.000000	6.000000	1000.000000	72.000000	0.158616
2.000000	6.000000	1000.000000	72.000000	0.148376
2.000000	6.000000	1000.000000	72.000000	0.148432
3.000000	6.000000	1000.000000	72.000000	0.149808
3.000000	6.000000	1000.000000	72.000000	0.148396
3.000000	6.000000	1000.000000	72.000000	0.148107
3.000000	6.000000	1000.000000	72.000000	0.147741
3.000000	6.000000	1000.000000	72.000000	0.148072
3.000000	6.000000	1000.000000	72.000000	0.148405
3.000000	6.000000	1000.000000	72.000000	0.174828
3.000000	6.000000	1000.000000	72.000000	0.158393
3.000000	6.000000	1000.000000	72.000000	0.148142
3.000000	6.000000	1000.000000	72.000000	0.148162
4.000000	6.000000	1000.000000	72.000000	0.149347
4.000000	6.000000	1000.000000	72.000000	0.148705
4.000000	6.000000	1000.000000	72.000000	0.148315
4.000000	6.000000	1000.000000	72.000000	0.147969
4.000000	6.000000	1000.000000	72.000000	0.148344
4.000000	6.000000	1000.000000	72.000000	0.148513
4.000000	6.000000	1000.000000	72.000000	0.175098
4.000000	6.000000	1000.000000	72.000000	0.158486
4.000000	6.000000	1000.000000	72.000000	0.148500
4.000000	6.000000	1000.000000	72.000000	0.148532
0.000000	6.000000	1000.000000	72.000000	0.150057
0.000000	6.000000	1000.000000	72.000000	0.149039
0.000000	6.000000	1000.000000	72.000000	0.148714
0.000000	6.000000	1000.000000	72.000000	0.148303
0.000000	6.000000	1000.000000	72.000000	0.148648
0.000000	6.000000	1000.000000	72.000000	0.148841
0.000000	6.000000	1000.000000	72.000000	0.175262
0.000000	6.000000	1000.000000	72.000000	0.158800
0.000000	6.000000	1000.000000	72.000000	0.148710
0.000000	6.000000	1000.000000	72.000000	0.148715
5.000000	6.000000	1000.000000	72.000000	0.149455
5.000000	6.000000	1000.000000	72.000000	0.148613
5.000000	6.000000	1000.000000	72.000000	0.148210
5.000000	6.000000	1000.000000	72.000000	0.147872
5.000000	6.000000	1000.000000	72.000000	0.148274
5.000000	6.000000	1000.000000	72.000000	0.148321
5.000000	6.000000	1000.000000	72.000000	0.174750
5.000000	6.000000	1000.000000	72.000000	0.158310
5.000000	6.000000	1000.000000	72.000000	0.148251
5.000000	6.000000	1000.000000	72.000000	0.148349
/hiskp4/gross/bachelorarbeit
