Tue Jul 21 18:06:45 CEST 2020 Waiting for 30 seconds before starting the job to allow the node to settle down
Tue Jul 21 18:07:15 CEST 2020 Waiting done, starting task!
72 1
Tue Jul 21 18:07:15 CEST 2020 Waiting for 30 seconds before starting the job to allow the node to settle down
Tue Jul 21 18:07:45 CEST 2020 Waiting done, starting task!
3 0
72
72 2
Tue Jul 21 18:07:49 CEST 2020 Waiting for 30 seconds before starting the job to allow the node to settle down
Tue Jul 21 18:07:49 CEST 2020 Waiting for 30 seconds before starting the job to allow the node to settle down
Tue Jul 21 18:08:19 CEST 2020 Waiting done, starting task!
Tue Jul 21 18:08:19 CEST 2020 Waiting done, starting task!
3 0
3 1
72
72 3
Tue Jul 21 18:08:21 CEST 2020 Waiting for 30 seconds before starting the job to allow the node to settle down
Tue Jul 21 18:08:21 CEST 2020 Waiting for 30 seconds before starting the job to allow the node to settle down
Tue Jul 21 18:08:22 CEST 2020 Waiting for 30 seconds before starting the job to allow the node to settle down
Tue Jul 21 18:08:51 CEST 2020 Waiting done, starting task!
Tue Jul 21 18:08:52 CEST 2020 Waiting done, starting task!
Tue Jul 21 18:08:52 CEST 2020 Waiting done, starting task!
3 1
3 0
3 2
72
72 4
Tue Jul 21 18:08:54 CEST 2020 Waiting for 30 seconds before starting the job to allow the node to settle down
Tue Jul 21 18:08:54 CEST 2020 Waiting for 30 seconds before starting the job to allow the node to settle down
Tue Jul 21 18:08:54 CEST 2020 Waiting for 30 seconds before starting the job to allow the node to settle down
Tue Jul 21 18:08:54 CEST 2020 Waiting for 30 seconds before starting the job to allow the node to settle down
Tue Jul 21 18:09:24 CEST 2020 Waiting done, starting task!
Tue Jul 21 18:09:24 CEST 2020 Waiting done, starting task!
Tue Jul 21 18:09:24 CEST 2020 Waiting done, starting task!
Tue Jul 21 18:09:24 CEST 2020 Waiting done, starting task!
3 0
3 2
3 1
3 3
72
72 6
Tue Jul 21 18:09:26 CEST 2020 Waiting for 30 seconds before starting the job to allow the node to settle down
Tue Jul 21 18:09:26 CEST 2020 Waiting for 30 seconds before starting the job to allow the node to settle down
Tue Jul 21 18:09:26 CEST 2020 Waiting for 30 seconds before starting the job to allow the node to settle down
Tue Jul 21 18:09:26 CEST 2020 Waiting for 30 seconds before starting the job to allow the node to settle down
Tue Jul 21 18:09:26 CEST 2020 Waiting for 30 seconds before starting the job to allow the node to settle down
Tue Jul 21 18:09:26 CEST 2020 Waiting for 30 seconds before starting the job to allow the node to settle down
Tue Jul 21 18:09:56 CEST 2020 Waiting done, starting task!
Tue Jul 21 18:09:56 CEST 2020 Waiting done, starting task!
Tue Jul 21 18:09:56 CEST 2020 Waiting done, starting task!
Tue Jul 21 18:09:56 CEST 2020 Waiting done, starting task!
Tue Jul 21 18:09:56 CEST 2020 Waiting done, starting task!
Tue Jul 21 18:09:56 CEST 2020 Waiting done, starting task!
3 2
3 3
3 0
3 1
3 4
3 5
72
72 8
Tue Jul 21 18:09:58 CEST 2020 Waiting for 30 seconds before starting the job to allow the node to settle down
Tue Jul 21 18:09:58 CEST 2020 Waiting for 30 seconds before starting the job to allow the node to settle down
Tue Jul 21 18:09:58 CEST 2020 Waiting for 30 seconds before starting the job to allow the node to settle down
Tue Jul 21 18:09:58 CEST 2020 Waiting for 30 seconds before starting the job to allow the node to settle down
Tue Jul 21 18:09:58 CEST 2020 Waiting for 30 seconds before starting the job to allow the node to settle down
Tue Jul 21 18:09:58 CEST 2020 Waiting for 30 seconds before starting the job to allow the node to settle down
Tue Jul 21 18:09:58 CEST 2020 Waiting for 30 seconds before starting the job to allow the node to settle down
Tue Jul 21 18:09:58 CEST 2020 Waiting for 30 seconds before starting the job to allow the node to settle down
Tue Jul 21 18:10:28 CEST 2020 Waiting done, starting task!
Tue Jul 21 18:10:28 CEST 2020 Waiting done, starting task!
Tue Jul 21 18:10:28 CEST 2020 Waiting done, starting task!
Tue Jul 21 18:10:28 CEST 2020 Waiting done, starting task!
Tue Jul 21 18:10:28 CEST 2020 Waiting done, starting task!
Tue Jul 21 18:10:28 CEST 2020 Waiting done, starting task!
Tue Jul 21 18:10:28 CEST 2020 Waiting done, starting task!
Tue Jul 21 18:10:28 CEST 2020 Waiting done, starting task!
3 1
3 6
3 0
3 3
3 2
3 4
3 5
3 7
72
72 9
Tue Jul 21 18:10:30 CEST 2020 Waiting for 30 seconds before starting the job to allow the node to settle down
Tue Jul 21 18:10:30 CEST 2020 Waiting for 30 seconds before starting the job to allow the node to settle down
Tue Jul 21 18:10:30 CEST 2020 Waiting for 30 seconds before starting the job to allow the node to settle down
Tue Jul 21 18:10:31 CEST 2020 Waiting for 30 seconds before starting the job to allow the node to settle down
Tue Jul 21 18:10:31 CEST 2020 Waiting for 30 seconds before starting the job to allow the node to settle down
Tue Jul 21 18:10:31 CEST 2020 Waiting for 30 seconds before starting the job to allow the node to settle down
Tue Jul 21 18:10:31 CEST 2020 Waiting for 30 seconds before starting the job to allow the node to settle down
Tue Jul 21 18:10:31 CEST 2020 Waiting for 30 seconds before starting the job to allow the node to settle down
Tue Jul 21 18:10:31 CEST 2020 Waiting for 30 seconds before starting the job to allow the node to settle down
Tue Jul 21 18:11:00 CEST 2020 Waiting done, starting task!
Tue Jul 21 18:11:00 CEST 2020 Waiting done, starting task!
Tue Jul 21 18:11:00 CEST 2020 Waiting done, starting task!
Tue Jul 21 18:11:01 CEST 2020 Waiting done, starting task!
Tue Jul 21 18:11:01 CEST 2020 Waiting done, starting task!
Tue Jul 21 18:11:01 CEST 2020 Waiting done, starting task!
Tue Jul 21 18:11:01 CEST 2020 Waiting done, starting task!
Tue Jul 21 18:11:01 CEST 2020 Waiting done, starting task!
Tue Jul 21 18:11:01 CEST 2020 Waiting done, starting task!
3 1
3 8
3 0
3 2
3 3
3 4
3 5
3 7
3 6
72
72 12
Tue Jul 21 18:11:03 CEST 2020 Waiting for 30 seconds before starting the job to allow the node to settle down
Tue Jul 21 18:11:03 CEST 2020 Waiting for 30 seconds before starting the job to allow the node to settle down
Tue Jul 21 18:11:03 CEST 2020 Waiting for 30 seconds before starting the job to allow the node to settle down
Tue Jul 21 18:11:03 CEST 2020 Waiting for 30 seconds before starting the job to allow the node to settle down
Tue Jul 21 18:11:03 CEST 2020 Waiting for 30 seconds before starting the job to allow the node to settle down
Tue Jul 21 18:11:03 CEST 2020 Waiting for 30 seconds before starting the job to allow the node to settle down
Tue Jul 21 18:11:03 CEST 2020 Waiting for 30 seconds before starting the job to allow the node to settle down
Tue Jul 21 18:11:03 CEST 2020 Waiting for 30 seconds before starting the job to allow the node to settle down
Tue Jul 21 18:11:03 CEST 2020 Waiting for 30 seconds before starting the job to allow the node to settle down
Tue Jul 21 18:11:03 CEST 2020 Waiting for 30 seconds before starting the job to allow the node to settle down
Tue Jul 21 18:11:03 CEST 2020 Waiting for 30 seconds before starting the job to allow the node to settle down
Tue Jul 21 18:11:03 CEST 2020 Waiting for 30 seconds before starting the job to allow the node to settle down
Tue Jul 21 18:11:33 CEST 2020 Waiting done, starting task!
Tue Jul 21 18:11:33 CEST 2020 Waiting done, starting task!
Tue Jul 21 18:11:33 CEST 2020 Waiting done, starting task!
Tue Jul 21 18:11:33 CEST 2020 Waiting done, starting task!
Tue Jul 21 18:11:33 CEST 2020 Waiting done, starting task!
Tue Jul 21 18:11:33 CEST 2020 Waiting done, starting task!
Tue Jul 21 18:11:33 CEST 2020 Waiting done, starting task!
Tue Jul 21 18:11:33 CEST 2020 Waiting done, starting task!
Tue Jul 21 18:11:33 CEST 2020 Waiting done, starting task!
Tue Jul 21 18:11:33 CEST 2020 Waiting done, starting task!
Tue Jul 21 18:11:33 CEST 2020 Waiting done, starting task!
Tue Jul 21 18:11:33 CEST 2020 Waiting done, starting task!
3 6
3 7
3 10
3 11
3 9
3 8
3 0
3 2
3 1
3 3
3 4
3 5
72
72 18
Tue Jul 21 18:11:35 CEST 2020 Waiting for 30 seconds before starting the job to allow the node to settle down
Tue Jul 21 18:11:35 CEST 2020 Waiting for 30 seconds before starting the job to allow the node to settle down
Tue Jul 21 18:11:35 CEST 2020 Waiting for 30 seconds before starting the job to allow the node to settle down
Tue Jul 21 18:11:35 CEST 2020 Waiting for 30 seconds before starting the job to allow the node to settle down
Tue Jul 21 18:11:35 CEST 2020 Waiting for 30 seconds before starting the job to allow the node to settle down
Tue Jul 21 18:11:35 CEST 2020 Waiting for 30 seconds before starting the job to allow the node to settle down
Tue Jul 21 18:11:35 CEST 2020 Waiting for 30 seconds before starting the job to allow the node to settle down
Tue Jul 21 18:11:35 CEST 2020 Waiting for 30 seconds before starting the job to allow the node to settle down
Tue Jul 21 18:11:35 CEST 2020 Waiting for 30 seconds before starting the job to allow the node to settle down
Tue Jul 21 18:11:35 CEST 2020 Waiting for 30 seconds before starting the job to allow the node to settle down
Tue Jul 21 18:11:35 CEST 2020 Waiting for 30 seconds before starting the job to allow the node to settle down
Tue Jul 21 18:11:35 CEST 2020 Waiting for 30 seconds before starting the job to allow the node to settle down
Tue Jul 21 18:11:35 CEST 2020 Waiting for 30 seconds before starting the job to allow the node to settle down
Tue Jul 21 18:11:35 CEST 2020 Waiting for 30 seconds before starting the job to allow the node to settle down
Tue Jul 21 18:11:35 CEST 2020 Waiting for 30 seconds before starting the job to allow the node to settle down
Tue Jul 21 18:11:35 CEST 2020 Waiting for 30 seconds before starting the job to allow the node to settle down
Tue Jul 21 18:11:35 CEST 2020 Waiting for 30 seconds before starting the job to allow the node to settle down
Tue Jul 21 18:11:35 CEST 2020 Waiting for 30 seconds before starting the job to allow the node to settle down
Tue Jul 21 18:12:05 CEST 2020 Waiting done, starting task!
Tue Jul 21 18:12:05 CEST 2020 Waiting done, starting task!
Tue Jul 21 18:12:05 CEST 2020 Waiting done, starting task!
Tue Jul 21 18:12:05 CEST 2020 Waiting done, starting task!
Tue Jul 21 18:12:05 CEST 2020 Waiting done, starting task!
Tue Jul 21 18:12:05 CEST 2020 Waiting done, starting task!
Tue Jul 21 18:12:05 CEST 2020 Waiting done, starting task!
Tue Jul 21 18:12:05 CEST 2020 Waiting done, starting task!
Tue Jul 21 18:12:05 CEST 2020 Waiting done, starting task!
Tue Jul 21 18:12:05 CEST 2020 Waiting done, starting task!
Tue Jul 21 18:12:05 CEST 2020 Waiting done, starting task!
Tue Jul 21 18:12:05 CEST 2020 Waiting done, starting task!
Tue Jul 21 18:12:05 CEST 2020 Waiting done, starting task!
Tue Jul 21 18:12:05 CEST 2020 Waiting done, starting task!
Tue Jul 21 18:12:05 CEST 2020 Waiting done, starting task!
Tue Jul 21 18:12:05 CEST 2020 Waiting done, starting task!
Tue Jul 21 18:12:05 CEST 2020 Waiting done, starting task!
Tue Jul 21 18:12:05 CEST 2020 Waiting done, starting task!
3 12
3 5
3 14
3 13
3 6
3 9
3 4
3 15
3 17
3 2
3 16
3 10
3 0
3 11
3 3
3 7
3 8
3 1
72
/hiskp4/gross/bachelorarbeit
