Wed Jun 24 10:03:24 CEST 2020 Waiting for 30 seconds before starting the job to allow the node to settle down
Wed Jun 24 10:03:54 CEST 2020 Waiting done, starting task!
Wed Jun 24 10:03:54 CEST 2020 Waiting for 30 seconds before starting the job to allow the node to settle down
Wed Jun 24 10:04:24 CEST 2020 Waiting done, starting task!
Laenge=384	Temperatur=0.500000
bei 1 cores haben 1000 Messungen 10.713709 Sekunden gebraucht
bei 1 cores haben 1000 Messungen 10.674028 Sekunden gebraucht
bei 1 cores haben 1000 Messungen 10.903795 Sekunden gebraucht
bei 1 cores haben 1000 Messungen 10.798697 Sekunden gebraucht
bei 1 cores haben 1000 Messungen 10.635079 Sekunden gebraucht
bei 2 cores haben 1000 Messungen 10.582770 Sekunden gebraucht
bei 2 cores haben 1000 Messungen 10.508643 Sekunden gebraucht
bei 2 cores haben 1000 Messungen 10.508325 Sekunden gebraucht
bei 2 cores haben 1000 Messungen 10.504004 Sekunden gebraucht
bei 2 cores haben 1000 Messungen 10.506937 Sekunden gebraucht
bei 3 cores haben 1000 Messungen 6.006848 Sekunden gebraucht
bei 3 cores haben 1000 Messungen 6.203015 Sekunden gebraucht
bei 3 cores haben 1000 Messungen 6.536586 Sekunden gebraucht
bei 3 cores haben 1000 Messungen 6.469052 Sekunden gebraucht
bei 3 cores haben 1000 Messungen 6.583669 Sekunden gebraucht
bei 4 cores haben 1000 Messungen 5.331604 Sekunden gebraucht
bei 4 cores haben 1000 Messungen 5.088973 Sekunden gebraucht
bei 4 cores haben 1000 Messungen 5.087417 Sekunden gebraucht
bei 4 cores haben 1000 Messungen 5.401444 Sekunden gebraucht
bei 4 cores haben 1000 Messungen 5.405989 Sekunden gebraucht
bei 5 cores haben 1000 Messungen 4.785740 Sekunden gebraucht
bei 5 cores haben 1000 Messungen 4.937383 Sekunden gebraucht
bei 5 cores haben 1000 Messungen 4.671977 Sekunden gebraucht
bei 5 cores haben 1000 Messungen 4.848530 Sekunden gebraucht
bei 5 cores haben 1000 Messungen 4.680725 Sekunden gebraucht
bei 6 cores haben 1000 Messungen 4.098299 Sekunden gebraucht
bei 6 cores haben 1000 Messungen 3.453254 Sekunden gebraucht
bei 6 cores haben 1000 Messungen 3.549297 Sekunden gebraucht
bei 6 cores haben 1000 Messungen 3.631063 Sekunden gebraucht
bei 6 cores haben 1000 Messungen 3.496887 Sekunden gebraucht
bei 7 cores haben 1000 Messungen 3.682553 Sekunden gebraucht
bei 7 cores haben 1000 Messungen 3.959110 Sekunden gebraucht
bei 7 cores haben 1000 Messungen 3.543712 Sekunden gebraucht
bei 7 cores haben 1000 Messungen 3.721450 Sekunden gebraucht
bei 7 cores haben 1000 Messungen 4.174249 Sekunden gebraucht
bei 8 cores haben 1000 Messungen 3.521424 Sekunden gebraucht
bei 8 cores haben 1000 Messungen 3.622721 Sekunden gebraucht
bei 8 cores haben 1000 Messungen 3.496805 Sekunden gebraucht
bei 8 cores haben 1000 Messungen 3.243928 Sekunden gebraucht
bei 8 cores haben 1000 Messungen 3.297018 Sekunden gebraucht
bei 9 cores haben 1000 Messungen 3.118052 Sekunden gebraucht
bei 9 cores haben 1000 Messungen 3.206190 Sekunden gebraucht
bei 9 cores haben 1000 Messungen 3.492281 Sekunden gebraucht
bei 9 cores haben 1000 Messungen 3.463751 Sekunden gebraucht
bei 9 cores haben 1000 Messungen 3.419116 Sekunden gebraucht
bei 10 cores haben 1000 Messungen 3.091983 Sekunden gebraucht
bei 10 cores haben 1000 Messungen 3.253063 Sekunden gebraucht
bei 10 cores haben 1000 Messungen 3.158564 Sekunden gebraucht
bei 10 cores haben 1000 Messungen 3.101854 Sekunden gebraucht
bei 10 cores haben 1000 Messungen 2.834854 Sekunden gebraucht
bei 11 cores haben 1000 Messungen 2.720202 Sekunden gebraucht
bei 11 cores haben 1000 Messungen 2.665672 Sekunden gebraucht
bei 11 cores haben 1000 Messungen 2.630517 Sekunden gebraucht
bei 11 cores haben 1000 Messungen 2.576929 Sekunden gebraucht
bei 11 cores haben 1000 Messungen 2.627502 Sekunden gebraucht
bei 12 cores haben 1000 Messungen 2.557589 Sekunden gebraucht
bei 12 cores haben 1000 Messungen 2.655069 Sekunden gebraucht
bei 12 cores haben 1000 Messungen 2.705968 Sekunden gebraucht
bei 12 cores haben 1000 Messungen 2.790975 Sekunden gebraucht
bei 12 cores haben 1000 Messungen 2.819594 Sekunden gebraucht
/hiskp4/gross/bachelorarbeit
