Thu Jun  4 18:42:58 CEST 2020 Waiting for 30 seconds before starting the job to allow the node to settle down
Thu Jun  4 18:43:28 CEST 2020 Waiting done, starting task!
Thu Jun  4 18:43:28 CEST 2020 Waiting for 30 seconds before starting the job to allow the node to settle down
Thu Jun  4 18:43:58 CEST 2020 Waiting done, starting task!
Laenge=6
bei 1 cores haben 1000 Messungen 0.012710 Sekunden gebraucht
bei 1 cores haben 1000 Messungen 0.010459 Sekunden gebraucht
bei 1 cores haben 1000 Messungen 0.009930 Sekunden gebraucht
bei 1 cores haben 1000 Messungen 0.009430 Sekunden gebraucht
bei 1 cores haben 1000 Messungen 0.009065 Sekunden gebraucht
bei 1 cores haben 1000 Messungen 0.008653 Sekunden gebraucht
bei 1 cores haben 1000 Messungen 0.008676 Sekunden gebraucht
bei 1 cores haben 1000 Messungen 0.008728 Sekunden gebraucht
bei 1 cores haben 1000 Messungen 0.008662 Sekunden gebraucht
bei 1 cores haben 1000 Messungen 0.008629 Sekunden gebraucht
bei 2 cores haben 1000 Messungen 0.019936 Sekunden gebraucht
bei 2 cores haben 1000 Messungen 0.019102 Sekunden gebraucht
bei 2 cores haben 1000 Messungen 0.018275 Sekunden gebraucht
bei 2 cores haben 1000 Messungen 0.017734 Sekunden gebraucht
bei 2 cores haben 1000 Messungen 0.017207 Sekunden gebraucht
bei 2 cores haben 1000 Messungen 0.016987 Sekunden gebraucht
bei 2 cores haben 1000 Messungen 0.016928 Sekunden gebraucht
bei 2 cores haben 1000 Messungen 0.016894 Sekunden gebraucht
bei 2 cores haben 1000 Messungen 0.016896 Sekunden gebraucht
bei 2 cores haben 1000 Messungen 0.017011 Sekunden gebraucht
bei 3 cores haben 1000 Messungen 0.015072 Sekunden gebraucht
bei 3 cores haben 1000 Messungen 0.014917 Sekunden gebraucht
bei 3 cores haben 1000 Messungen 0.014940 Sekunden gebraucht
bei 3 cores haben 1000 Messungen 0.015354 Sekunden gebraucht
bei 3 cores haben 1000 Messungen 0.014880 Sekunden gebraucht
bei 3 cores haben 1000 Messungen 0.014984 Sekunden gebraucht
bei 3 cores haben 1000 Messungen 0.014891 Sekunden gebraucht
bei 3 cores haben 1000 Messungen 0.014904 Sekunden gebraucht
bei 3 cores haben 1000 Messungen 0.014971 Sekunden gebraucht
bei 3 cores haben 1000 Messungen 0.014840 Sekunden gebraucht
bei 4 cores haben 1000 Messungen 0.015561 Sekunden gebraucht
bei 4 cores haben 1000 Messungen 0.015479 Sekunden gebraucht
bei 4 cores haben 1000 Messungen 0.015236 Sekunden gebraucht
bei 4 cores haben 1000 Messungen 0.015246 Sekunden gebraucht
bei 4 cores haben 1000 Messungen 0.014975 Sekunden gebraucht
bei 4 cores haben 1000 Messungen 0.015647 Sekunden gebraucht
bei 4 cores haben 1000 Messungen 0.014428 Sekunden gebraucht
bei 4 cores haben 1000 Messungen 0.014034 Sekunden gebraucht
bei 4 cores haben 1000 Messungen 0.013588 Sekunden gebraucht
bei 4 cores haben 1000 Messungen 0.013380 Sekunden gebraucht
bei 5 cores haben 1000 Messungen 0.015577 Sekunden gebraucht
bei 5 cores haben 1000 Messungen 0.015377 Sekunden gebraucht
bei 5 cores haben 1000 Messungen 0.014997 Sekunden gebraucht
bei 5 cores haben 1000 Messungen 0.014669 Sekunden gebraucht
bei 5 cores haben 1000 Messungen 0.014873 Sekunden gebraucht
bei 5 cores haben 1000 Messungen 0.014750 Sekunden gebraucht
bei 5 cores haben 1000 Messungen 0.014230 Sekunden gebraucht
bei 5 cores haben 1000 Messungen 0.014153 Sekunden gebraucht
bei 5 cores haben 1000 Messungen 0.014271 Sekunden gebraucht
bei 5 cores haben 1000 Messungen 0.014115 Sekunden gebraucht
bei 6 cores haben 1000 Messungen 0.014268 Sekunden gebraucht
bei 6 cores haben 1000 Messungen 0.014327 Sekunden gebraucht
bei 6 cores haben 1000 Messungen 0.014849 Sekunden gebraucht
bei 6 cores haben 1000 Messungen 0.015556 Sekunden gebraucht
bei 6 cores haben 1000 Messungen 0.015351 Sekunden gebraucht
bei 6 cores haben 1000 Messungen 0.015200 Sekunden gebraucht
bei 6 cores haben 1000 Messungen 0.015534 Sekunden gebraucht
bei 6 cores haben 1000 Messungen 0.015329 Sekunden gebraucht
bei 6 cores haben 1000 Messungen 0.015512 Sekunden gebraucht
bei 6 cores haben 1000 Messungen 0.015927 Sekunden gebraucht
bei 7 cores haben 1000 Messungen 0.017131 Sekunden gebraucht
bei 7 cores haben 1000 Messungen 0.016940 Sekunden gebraucht
bei 7 cores haben 1000 Messungen 0.016960 Sekunden gebraucht
bei 7 cores haben 1000 Messungen 0.016869 Sekunden gebraucht
bei 7 cores haben 1000 Messungen 0.016734 Sekunden gebraucht
bei 7 cores haben 1000 Messungen 0.016886 Sekunden gebraucht
bei 7 cores haben 1000 Messungen 0.016704 Sekunden gebraucht
bei 7 cores haben 1000 Messungen 0.016839 Sekunden gebraucht
bei 7 cores haben 1000 Messungen 0.016788 Sekunden gebraucht
bei 7 cores haben 1000 Messungen 0.016840 Sekunden gebraucht
bei 8 cores haben 1000 Messungen 0.017600 Sekunden gebraucht
bei 8 cores haben 1000 Messungen 0.018004 Sekunden gebraucht
bei 8 cores haben 1000 Messungen 0.018091 Sekunden gebraucht
bei 8 cores haben 1000 Messungen 0.018388 Sekunden gebraucht
bei 8 cores haben 1000 Messungen 0.018321 Sekunden gebraucht
bei 8 cores haben 1000 Messungen 0.017569 Sekunden gebraucht
bei 8 cores haben 1000 Messungen 0.018024 Sekunden gebraucht
bei 8 cores haben 1000 Messungen 0.018333 Sekunden gebraucht
bei 8 cores haben 1000 Messungen 0.018615 Sekunden gebraucht
bei 8 cores haben 1000 Messungen 0.017034 Sekunden gebraucht
bei 9 cores haben 1000 Messungen 0.019328 Sekunden gebraucht
bei 9 cores haben 1000 Messungen 0.018815 Sekunden gebraucht
bei 9 cores haben 1000 Messungen 0.019330 Sekunden gebraucht
bei 9 cores haben 1000 Messungen 0.018899 Sekunden gebraucht
bei 9 cores haben 1000 Messungen 0.019726 Sekunden gebraucht
bei 9 cores haben 1000 Messungen 0.019647 Sekunden gebraucht
bei 9 cores haben 1000 Messungen 0.019844 Sekunden gebraucht
bei 9 cores haben 1000 Messungen 0.019862 Sekunden gebraucht
bei 9 cores haben 1000 Messungen 0.019870 Sekunden gebraucht
bei 9 cores haben 1000 Messungen 0.019997 Sekunden gebraucht
bei 10 cores haben 1000 Messungen 0.021058 Sekunden gebraucht
bei 10 cores haben 1000 Messungen 0.021039 Sekunden gebraucht
bei 10 cores haben 1000 Messungen 0.020608 Sekunden gebraucht
bei 10 cores haben 1000 Messungen 0.020106 Sekunden gebraucht
bei 10 cores haben 1000 Messungen 0.019724 Sekunden gebraucht
bei 10 cores haben 1000 Messungen 0.024071 Sekunden gebraucht
bei 10 cores haben 1000 Messungen 0.019001 Sekunden gebraucht
bei 10 cores haben 1000 Messungen 0.024817 Sekunden gebraucht
bei 10 cores haben 1000 Messungen 0.019333 Sekunden gebraucht
bei 10 cores haben 1000 Messungen 0.024463 Sekunden gebraucht
bei 11 cores haben 1000 Messungen 0.023314 Sekunden gebraucht
bei 11 cores haben 1000 Messungen 0.025939 Sekunden gebraucht
bei 11 cores haben 1000 Messungen 0.023103 Sekunden gebraucht
bei 11 cores haben 1000 Messungen 0.023148 Sekunden gebraucht
bei 11 cores haben 1000 Messungen 0.023117 Sekunden gebraucht
bei 11 cores haben 1000 Messungen 0.023099 Sekunden gebraucht
bei 11 cores haben 1000 Messungen 0.023171 Sekunden gebraucht
bei 11 cores haben 1000 Messungen 0.023080 Sekunden gebraucht
bei 11 cores haben 1000 Messungen 0.023152 Sekunden gebraucht
bei 11 cores haben 1000 Messungen 0.023230 Sekunden gebraucht
bei 12 cores haben 1000 Messungen 0.024199 Sekunden gebraucht
bei 12 cores haben 1000 Messungen 0.023755 Sekunden gebraucht
bei 12 cores haben 1000 Messungen 0.023689 Sekunden gebraucht
bei 12 cores haben 1000 Messungen 0.025374 Sekunden gebraucht
bei 12 cores haben 1000 Messungen 0.023583 Sekunden gebraucht
bei 12 cores haben 1000 Messungen 0.024131 Sekunden gebraucht
bei 12 cores haben 1000 Messungen 0.024058 Sekunden gebraucht
bei 12 cores haben 1000 Messungen 0.023428 Sekunden gebraucht
bei 12 cores haben 1000 Messungen 0.023261 Sekunden gebraucht
bei 12 cores haben 1000 Messungen 0.024377 Sekunden gebraucht
bei 13 cores haben 1000 Messungen 0.026651 Sekunden gebraucht
bei 13 cores haben 1000 Messungen 0.026605 Sekunden gebraucht
bei 13 cores haben 1000 Messungen 0.026738 Sekunden gebraucht
bei 13 cores haben 1000 Messungen 0.026732 Sekunden gebraucht
bei 13 cores haben 1000 Messungen 0.026587 Sekunden gebraucht
bei 13 cores haben 1000 Messungen 0.026668 Sekunden gebraucht
bei 13 cores haben 1000 Messungen 0.026854 Sekunden gebraucht
bei 13 cores haben 1000 Messungen 0.026682 Sekunden gebraucht
bei 13 cores haben 1000 Messungen 0.026608 Sekunden gebraucht
bei 13 cores haben 1000 Messungen 0.026402 Sekunden gebraucht
bei 14 cores haben 1000 Messungen 0.024150 Sekunden gebraucht
bei 14 cores haben 1000 Messungen 0.023982 Sekunden gebraucht
bei 14 cores haben 1000 Messungen 0.024119 Sekunden gebraucht
bei 14 cores haben 1000 Messungen 0.024228 Sekunden gebraucht
bei 14 cores haben 1000 Messungen 0.023948 Sekunden gebraucht
bei 14 cores haben 1000 Messungen 0.027829 Sekunden gebraucht
bei 14 cores haben 1000 Messungen 0.024141 Sekunden gebraucht
bei 14 cores haben 1000 Messungen 0.031145 Sekunden gebraucht
bei 14 cores haben 1000 Messungen 0.027710 Sekunden gebraucht
bei 14 cores haben 1000 Messungen 0.024417 Sekunden gebraucht
bei 15 cores haben 1000 Messungen 0.030244 Sekunden gebraucht
bei 15 cores haben 1000 Messungen 0.030225 Sekunden gebraucht
bei 15 cores haben 1000 Messungen 0.030291 Sekunden gebraucht
bei 15 cores haben 1000 Messungen 0.030038 Sekunden gebraucht
bei 15 cores haben 1000 Messungen 0.029861 Sekunden gebraucht
bei 15 cores haben 1000 Messungen 0.030311 Sekunden gebraucht
bei 15 cores haben 1000 Messungen 0.030054 Sekunden gebraucht
bei 15 cores haben 1000 Messungen 0.030018 Sekunden gebraucht
bei 15 cores haben 1000 Messungen 0.029948 Sekunden gebraucht
bei 15 cores haben 1000 Messungen 0.030074 Sekunden gebraucht
bei 16 cores haben 1000 Messungen 0.032091 Sekunden gebraucht
bei 16 cores haben 1000 Messungen 0.031933 Sekunden gebraucht
bei 16 cores haben 1000 Messungen 0.031812 Sekunden gebraucht
bei 16 cores haben 1000 Messungen 0.031640 Sekunden gebraucht
bei 16 cores haben 1000 Messungen 0.031746 Sekunden gebraucht
bei 16 cores haben 1000 Messungen 0.032038 Sekunden gebraucht
bei 16 cores haben 1000 Messungen 0.031529 Sekunden gebraucht
bei 16 cores haben 1000 Messungen 0.031644 Sekunden gebraucht
bei 16 cores haben 1000 Messungen 0.031774 Sekunden gebraucht
bei 16 cores haben 1000 Messungen 0.031772 Sekunden gebraucht
Laenge=10
bei 1 cores haben 1000 Messungen 0.014863 Sekunden gebraucht
bei 1 cores haben 1000 Messungen 0.014865 Sekunden gebraucht
bei 1 cores haben 1000 Messungen 0.014982 Sekunden gebraucht
bei 1 cores haben 1000 Messungen 0.014979 Sekunden gebraucht
bei 1 cores haben 1000 Messungen 0.028624 Sekunden gebraucht
bei 1 cores haben 1000 Messungen 0.024520 Sekunden gebraucht
bei 1 cores haben 1000 Messungen 0.021618 Sekunden gebraucht
bei 1 cores haben 1000 Messungen 0.020401 Sekunden gebraucht
bei 1 cores haben 1000 Messungen 0.019450 Sekunden gebraucht
bei 1 cores haben 1000 Messungen 0.018537 Sekunden gebraucht
bei 2 cores haben 1000 Messungen 0.033663 Sekunden gebraucht
bei 2 cores haben 1000 Messungen 0.030148 Sekunden gebraucht
bei 2 cores haben 1000 Messungen 0.028340 Sekunden gebraucht
bei 2 cores haben 1000 Messungen 0.025847 Sekunden gebraucht
bei 2 cores haben 1000 Messungen 0.024505 Sekunden gebraucht
bei 2 cores haben 1000 Messungen 0.023380 Sekunden gebraucht
bei 2 cores haben 1000 Messungen 0.022814 Sekunden gebraucht
bei 2 cores haben 1000 Messungen 0.022495 Sekunden gebraucht
bei 2 cores haben 1000 Messungen 0.022517 Sekunden gebraucht
bei 2 cores haben 1000 Messungen 0.022536 Sekunden gebraucht
bei 3 cores haben 1000 Messungen 0.016699 Sekunden gebraucht
bei 3 cores haben 1000 Messungen 0.010508 Sekunden gebraucht
bei 3 cores haben 1000 Messungen 0.010701 Sekunden gebraucht
bei 3 cores haben 1000 Messungen 0.010500 Sekunden gebraucht
bei 3 cores haben 1000 Messungen 0.010511 Sekunden gebraucht
bei 3 cores haben 1000 Messungen 0.010531 Sekunden gebraucht
bei 3 cores haben 1000 Messungen 0.019524 Sekunden gebraucht
bei 3 cores haben 1000 Messungen 0.027515 Sekunden gebraucht
bei 3 cores haben 1000 Messungen 0.026123 Sekunden gebraucht
bei 3 cores haben 1000 Messungen 0.024523 Sekunden gebraucht
bei 4 cores haben 1000 Messungen 0.022340 Sekunden gebraucht
bei 4 cores haben 1000 Messungen 0.022762 Sekunden gebraucht
bei 4 cores haben 1000 Messungen 0.022776 Sekunden gebraucht
bei 4 cores haben 1000 Messungen 0.023717 Sekunden gebraucht
bei 4 cores haben 1000 Messungen 0.022692 Sekunden gebraucht
bei 4 cores haben 1000 Messungen 0.023038 Sekunden gebraucht
bei 4 cores haben 1000 Messungen 0.022825 Sekunden gebraucht
bei 4 cores haben 1000 Messungen 0.023288 Sekunden gebraucht
bei 4 cores haben 1000 Messungen 0.022822 Sekunden gebraucht
bei 4 cores haben 1000 Messungen 0.023167 Sekunden gebraucht
bei 5 cores haben 1000 Messungen 0.023789 Sekunden gebraucht
bei 5 cores haben 1000 Messungen 0.023501 Sekunden gebraucht
bei 5 cores haben 1000 Messungen 0.023606 Sekunden gebraucht
bei 5 cores haben 1000 Messungen 0.023245 Sekunden gebraucht
bei 5 cores haben 1000 Messungen 0.022280 Sekunden gebraucht
bei 5 cores haben 1000 Messungen 0.021780 Sekunden gebraucht
bei 5 cores haben 1000 Messungen 0.021128 Sekunden gebraucht
bei 5 cores haben 1000 Messungen 0.020950 Sekunden gebraucht
bei 5 cores haben 1000 Messungen 0.020972 Sekunden gebraucht
bei 5 cores haben 1000 Messungen 0.021500 Sekunden gebraucht
bei 6 cores haben 1000 Messungen 0.020708 Sekunden gebraucht
bei 6 cores haben 1000 Messungen 0.020850 Sekunden gebraucht
bei 6 cores haben 1000 Messungen 0.020794 Sekunden gebraucht
bei 6 cores haben 1000 Messungen 0.020551 Sekunden gebraucht
bei 6 cores haben 1000 Messungen 0.018540 Sekunden gebraucht
bei 6 cores haben 1000 Messungen 0.023828 Sekunden gebraucht
bei 6 cores haben 1000 Messungen 0.020092 Sekunden gebraucht
bei 6 cores haben 1000 Messungen 0.026567 Sekunden gebraucht
bei 6 cores haben 1000 Messungen 0.025981 Sekunden gebraucht
bei 6 cores haben 1000 Messungen 0.022203 Sekunden gebraucht
bei 7 cores haben 1000 Messungen 0.023892 Sekunden gebraucht
bei 7 cores haben 1000 Messungen 0.022525 Sekunden gebraucht
bei 7 cores haben 1000 Messungen 0.022632 Sekunden gebraucht
bei 7 cores haben 1000 Messungen 0.022228 Sekunden gebraucht
bei 7 cores haben 1000 Messungen 0.022234 Sekunden gebraucht
bei 7 cores haben 1000 Messungen 0.021801 Sekunden gebraucht
bei 7 cores haben 1000 Messungen 0.022073 Sekunden gebraucht
bei 7 cores haben 1000 Messungen 0.022818 Sekunden gebraucht
bei 7 cores haben 1000 Messungen 0.023143 Sekunden gebraucht
bei 7 cores haben 1000 Messungen 0.020784 Sekunden gebraucht
bei 8 cores haben 1000 Messungen 0.022942 Sekunden gebraucht
bei 8 cores haben 1000 Messungen 0.023192 Sekunden gebraucht
bei 8 cores haben 1000 Messungen 0.022591 Sekunden gebraucht
bei 8 cores haben 1000 Messungen 0.022702 Sekunden gebraucht
bei 8 cores haben 1000 Messungen 0.022643 Sekunden gebraucht
bei 8 cores haben 1000 Messungen 0.022720 Sekunden gebraucht
bei 8 cores haben 1000 Messungen 0.023659 Sekunden gebraucht
bei 8 cores haben 1000 Messungen 0.023465 Sekunden gebraucht
bei 8 cores haben 1000 Messungen 0.022995 Sekunden gebraucht
bei 8 cores haben 1000 Messungen 0.023200 Sekunden gebraucht
bei 9 cores haben 1000 Messungen 0.022455 Sekunden gebraucht
bei 9 cores haben 1000 Messungen 0.022509 Sekunden gebraucht
bei 9 cores haben 1000 Messungen 0.022683 Sekunden gebraucht
bei 9 cores haben 1000 Messungen 0.024265 Sekunden gebraucht
bei 9 cores haben 1000 Messungen 0.023011 Sekunden gebraucht
bei 9 cores haben 1000 Messungen 0.024785 Sekunden gebraucht
bei 9 cores haben 1000 Messungen 0.024368 Sekunden gebraucht
bei 9 cores haben 1000 Messungen 0.025075 Sekunden gebraucht
bei 9 cores haben 1000 Messungen 0.024476 Sekunden gebraucht
bei 9 cores haben 1000 Messungen 0.024766 Sekunden gebraucht
bei 10 cores haben 1000 Messungen 0.025144 Sekunden gebraucht
bei 10 cores haben 1000 Messungen 0.025493 Sekunden gebraucht
bei 10 cores haben 1000 Messungen 0.024880 Sekunden gebraucht
bei 10 cores haben 1000 Messungen 0.025437 Sekunden gebraucht
bei 10 cores haben 1000 Messungen 0.029588 Sekunden gebraucht
bei 10 cores haben 1000 Messungen 0.025613 Sekunden gebraucht
bei 10 cores haben 1000 Messungen 0.025689 Sekunden gebraucht
bei 10 cores haben 1000 Messungen 0.030358 Sekunden gebraucht
bei 10 cores haben 1000 Messungen 0.025736 Sekunden gebraucht
bei 10 cores haben 1000 Messungen 0.025525 Sekunden gebraucht
bei 11 cores haben 1000 Messungen 0.030265 Sekunden gebraucht
bei 11 cores haben 1000 Messungen 0.026335 Sekunden gebraucht
bei 11 cores haben 1000 Messungen 0.028201 Sekunden gebraucht
bei 11 cores haben 1000 Messungen 0.027831 Sekunden gebraucht
bei 11 cores haben 1000 Messungen 0.027658 Sekunden gebraucht
bei 11 cores haben 1000 Messungen 0.027679 Sekunden gebraucht
bei 11 cores haben 1000 Messungen 0.026993 Sekunden gebraucht
bei 11 cores haben 1000 Messungen 0.026954 Sekunden gebraucht
bei 11 cores haben 1000 Messungen 0.026925 Sekunden gebraucht
bei 11 cores haben 1000 Messungen 0.025590 Sekunden gebraucht
bei 12 cores haben 1000 Messungen 0.027880 Sekunden gebraucht
bei 12 cores haben 1000 Messungen 0.027125 Sekunden gebraucht
bei 12 cores haben 1000 Messungen 0.026875 Sekunden gebraucht
bei 12 cores haben 1000 Messungen 0.027619 Sekunden gebraucht
bei 12 cores haben 1000 Messungen 0.027001 Sekunden gebraucht
bei 12 cores haben 1000 Messungen 0.027096 Sekunden gebraucht
bei 12 cores haben 1000 Messungen 0.027338 Sekunden gebraucht
bei 12 cores haben 1000 Messungen 0.026996 Sekunden gebraucht
bei 12 cores haben 1000 Messungen 0.027325 Sekunden gebraucht
bei 12 cores haben 1000 Messungen 0.027241 Sekunden gebraucht
bei 13 cores haben 1000 Messungen 0.028427 Sekunden gebraucht
bei 13 cores haben 1000 Messungen 0.028523 Sekunden gebraucht
bei 13 cores haben 1000 Messungen 0.028225 Sekunden gebraucht
bei 13 cores haben 1000 Messungen 0.027974 Sekunden gebraucht
bei 13 cores haben 1000 Messungen 0.027949 Sekunden gebraucht
bei 13 cores haben 1000 Messungen 0.027677 Sekunden gebraucht
bei 13 cores haben 1000 Messungen 0.027535 Sekunden gebraucht
bei 13 cores haben 1000 Messungen 0.027449 Sekunden gebraucht
bei 13 cores haben 1000 Messungen 0.027633 Sekunden gebraucht
bei 13 cores haben 1000 Messungen 0.031804 Sekunden gebraucht
bei 14 cores haben 1000 Messungen 0.037076 Sekunden gebraucht
bei 14 cores haben 1000 Messungen 0.029148 Sekunden gebraucht
bei 14 cores haben 1000 Messungen 0.029782 Sekunden gebraucht
bei 14 cores haben 1000 Messungen 0.030119 Sekunden gebraucht
bei 14 cores haben 1000 Messungen 0.026269 Sekunden gebraucht
bei 14 cores haben 1000 Messungen 0.026319 Sekunden gebraucht
bei 14 cores haben 1000 Messungen 0.029602 Sekunden gebraucht
bei 14 cores haben 1000 Messungen 0.026332 Sekunden gebraucht
bei 14 cores haben 1000 Messungen 0.026216 Sekunden gebraucht
bei 14 cores haben 1000 Messungen 0.026951 Sekunden gebraucht
bei 15 cores haben 1000 Messungen 0.030879 Sekunden gebraucht
bei 15 cores haben 1000 Messungen 0.030530 Sekunden gebraucht
bei 15 cores haben 1000 Messungen 0.030681 Sekunden gebraucht
bei 15 cores haben 1000 Messungen 0.030652 Sekunden gebraucht
bei 15 cores haben 1000 Messungen 0.030528 Sekunden gebraucht
bei 15 cores haben 1000 Messungen 0.030862 Sekunden gebraucht
bei 15 cores haben 1000 Messungen 0.030920 Sekunden gebraucht
bei 15 cores haben 1000 Messungen 0.030595 Sekunden gebraucht
bei 15 cores haben 1000 Messungen 0.030849 Sekunden gebraucht
bei 15 cores haben 1000 Messungen 0.030625 Sekunden gebraucht
bei 16 cores haben 1000 Messungen 0.032046 Sekunden gebraucht
bei 16 cores haben 1000 Messungen 0.031976 Sekunden gebraucht
bei 16 cores haben 1000 Messungen 0.031946 Sekunden gebraucht
bei 16 cores haben 1000 Messungen 0.031931 Sekunden gebraucht
bei 16 cores haben 1000 Messungen 0.031903 Sekunden gebraucht
bei 16 cores haben 1000 Messungen 0.031854 Sekunden gebraucht
bei 16 cores haben 1000 Messungen 0.031721 Sekunden gebraucht
bei 16 cores haben 1000 Messungen 0.031802 Sekunden gebraucht
bei 16 cores haben 1000 Messungen 0.031804 Sekunden gebraucht
bei 16 cores haben 1000 Messungen 0.031773 Sekunden gebraucht
Laenge=20
bei 1 cores haben 1000 Messungen 0.048623 Sekunden gebraucht
bei 1 cores haben 1000 Messungen 0.084559 Sekunden gebraucht
bei 1 cores haben 1000 Messungen 0.083536 Sekunden gebraucht
bei 1 cores haben 1000 Messungen 0.062037 Sekunden gebraucht
bei 1 cores haben 1000 Messungen 0.051736 Sekunden gebraucht
bei 1 cores haben 1000 Messungen 0.046664 Sekunden gebraucht
bei 1 cores haben 1000 Messungen 0.045921 Sekunden gebraucht
bei 1 cores haben 1000 Messungen 0.045911 Sekunden gebraucht
bei 1 cores haben 1000 Messungen 0.045981 Sekunden gebraucht
bei 1 cores haben 1000 Messungen 0.051615 Sekunden gebraucht
bei 2 cores haben 1000 Messungen 0.064114 Sekunden gebraucht
bei 2 cores haben 1000 Messungen 0.049941 Sekunden gebraucht
bei 2 cores haben 1000 Messungen 0.034935 Sekunden gebraucht
bei 2 cores haben 1000 Messungen 0.035766 Sekunden gebraucht
bei 2 cores haben 1000 Messungen 0.085001 Sekunden gebraucht
bei 2 cores haben 1000 Messungen 0.033980 Sekunden gebraucht
bei 2 cores haben 1000 Messungen 0.034029 Sekunden gebraucht
bei 2 cores haben 1000 Messungen 0.034318 Sekunden gebraucht
bei 2 cores haben 1000 Messungen 0.034204 Sekunden gebraucht
bei 2 cores haben 1000 Messungen 0.053591 Sekunden gebraucht
bei 3 cores haben 1000 Messungen 0.078814 Sekunden gebraucht
bei 3 cores haben 1000 Messungen 0.079113 Sekunden gebraucht
bei 3 cores haben 1000 Messungen 0.075528 Sekunden gebraucht
bei 3 cores haben 1000 Messungen 0.075932 Sekunden gebraucht
bei 3 cores haben 1000 Messungen 0.072607 Sekunden gebraucht
bei 3 cores haben 1000 Messungen 0.071928 Sekunden gebraucht
bei 3 cores haben 1000 Messungen 0.072044 Sekunden gebraucht
bei 3 cores haben 1000 Messungen 0.071465 Sekunden gebraucht
bei 3 cores haben 1000 Messungen 0.066752 Sekunden gebraucht
bei 3 cores haben 1000 Messungen 0.065757 Sekunden gebraucht
bei 4 cores haben 1000 Messungen 0.055259 Sekunden gebraucht
bei 4 cores haben 1000 Messungen 0.057311 Sekunden gebraucht
bei 4 cores haben 1000 Messungen 0.060114 Sekunden gebraucht
bei 4 cores haben 1000 Messungen 0.060386 Sekunden gebraucht
bei 4 cores haben 1000 Messungen 0.062439 Sekunden gebraucht
bei 4 cores haben 1000 Messungen 0.060519 Sekunden gebraucht
bei 4 cores haben 1000 Messungen 0.058712 Sekunden gebraucht
bei 4 cores haben 1000 Messungen 0.055697 Sekunden gebraucht
bei 4 cores haben 1000 Messungen 0.059079 Sekunden gebraucht
bei 4 cores haben 1000 Messungen 0.061389 Sekunden gebraucht
bei 5 cores haben 1000 Messungen 0.051906 Sekunden gebraucht
bei 5 cores haben 1000 Messungen 0.051345 Sekunden gebraucht
bei 5 cores haben 1000 Messungen 0.054713 Sekunden gebraucht
bei 5 cores haben 1000 Messungen 0.055072 Sekunden gebraucht
bei 5 cores haben 1000 Messungen 0.055867 Sekunden gebraucht
bei 5 cores haben 1000 Messungen 0.055386 Sekunden gebraucht
bei 5 cores haben 1000 Messungen 0.055821 Sekunden gebraucht
bei 5 cores haben 1000 Messungen 0.053836 Sekunden gebraucht
bei 5 cores haben 1000 Messungen 0.056534 Sekunden gebraucht
bei 5 cores haben 1000 Messungen 0.054529 Sekunden gebraucht
bei 6 cores haben 1000 Messungen 0.051559 Sekunden gebraucht
bei 6 cores haben 1000 Messungen 0.053552 Sekunden gebraucht
bei 6 cores haben 1000 Messungen 0.052847 Sekunden gebraucht
bei 6 cores haben 1000 Messungen 0.060323 Sekunden gebraucht
bei 6 cores haben 1000 Messungen 0.055053 Sekunden gebraucht
bei 6 cores haben 1000 Messungen 0.053249 Sekunden gebraucht
bei 6 cores haben 1000 Messungen 0.054828 Sekunden gebraucht
bei 6 cores haben 1000 Messungen 0.055820 Sekunden gebraucht
bei 6 cores haben 1000 Messungen 0.053718 Sekunden gebraucht
bei 6 cores haben 1000 Messungen 0.052661 Sekunden gebraucht
bei 7 cores haben 1000 Messungen 0.053423 Sekunden gebraucht
bei 7 cores haben 1000 Messungen 0.053166 Sekunden gebraucht
bei 7 cores haben 1000 Messungen 0.054373 Sekunden gebraucht
bei 7 cores haben 1000 Messungen 0.053559 Sekunden gebraucht
bei 7 cores haben 1000 Messungen 0.054158 Sekunden gebraucht
bei 7 cores haben 1000 Messungen 0.053172 Sekunden gebraucht
bei 7 cores haben 1000 Messungen 0.054423 Sekunden gebraucht
bei 7 cores haben 1000 Messungen 0.054743 Sekunden gebraucht
bei 7 cores haben 1000 Messungen 0.053750 Sekunden gebraucht
bei 7 cores haben 1000 Messungen 0.053815 Sekunden gebraucht
bei 8 cores haben 1000 Messungen 0.062989 Sekunden gebraucht
bei 8 cores haben 1000 Messungen 0.054477 Sekunden gebraucht
bei 8 cores haben 1000 Messungen 0.052712 Sekunden gebraucht
bei 8 cores haben 1000 Messungen 0.052014 Sekunden gebraucht
bei 8 cores haben 1000 Messungen 0.053139 Sekunden gebraucht
bei 8 cores haben 1000 Messungen 0.052363 Sekunden gebraucht
bei 8 cores haben 1000 Messungen 0.024599 Sekunden gebraucht
bei 8 cores haben 1000 Messungen 0.025108 Sekunden gebraucht
bei 8 cores haben 1000 Messungen 0.035609 Sekunden gebraucht
bei 8 cores haben 1000 Messungen 0.043838 Sekunden gebraucht
bei 9 cores haben 1000 Messungen 0.050721 Sekunden gebraucht
bei 9 cores haben 1000 Messungen 0.050894 Sekunden gebraucht
bei 9 cores haben 1000 Messungen 0.052293 Sekunden gebraucht
bei 9 cores haben 1000 Messungen 0.054344 Sekunden gebraucht
bei 9 cores haben 1000 Messungen 0.053853 Sekunden gebraucht
bei 9 cores haben 1000 Messungen 0.054134 Sekunden gebraucht
bei 9 cores haben 1000 Messungen 0.054218 Sekunden gebraucht
bei 9 cores haben 1000 Messungen 0.054178 Sekunden gebraucht
bei 9 cores haben 1000 Messungen 0.054130 Sekunden gebraucht
bei 9 cores haben 1000 Messungen 0.057869 Sekunden gebraucht
bei 10 cores haben 1000 Messungen 0.056682 Sekunden gebraucht
bei 10 cores haben 1000 Messungen 0.513275 Sekunden gebraucht
bei 10 cores haben 1000 Messungen 0.046642 Sekunden gebraucht
bei 10 cores haben 1000 Messungen 0.048014 Sekunden gebraucht
bei 10 cores haben 1000 Messungen 0.049560 Sekunden gebraucht
bei 10 cores haben 1000 Messungen 0.050615 Sekunden gebraucht
bei 10 cores haben 1000 Messungen 0.052435 Sekunden gebraucht
bei 10 cores haben 1000 Messungen 0.055899 Sekunden gebraucht
bei 10 cores haben 1000 Messungen 0.055084 Sekunden gebraucht
bei 10 cores haben 1000 Messungen 0.052379 Sekunden gebraucht
bei 11 cores haben 1000 Messungen 0.062684 Sekunden gebraucht
bei 11 cores haben 1000 Messungen 0.060889 Sekunden gebraucht
bei 11 cores haben 1000 Messungen 0.057860 Sekunden gebraucht
bei 11 cores haben 1000 Messungen 0.053876 Sekunden gebraucht
bei 11 cores haben 1000 Messungen 0.054788 Sekunden gebraucht
bei 11 cores haben 1000 Messungen 0.054235 Sekunden gebraucht
bei 11 cores haben 1000 Messungen 0.053829 Sekunden gebraucht
bei 11 cores haben 1000 Messungen 0.053771 Sekunden gebraucht
bei 11 cores haben 1000 Messungen 0.053541 Sekunden gebraucht
bei 11 cores haben 1000 Messungen 0.054144 Sekunden gebraucht
bei 12 cores haben 1000 Messungen 0.053245 Sekunden gebraucht
bei 12 cores haben 1000 Messungen 0.057445 Sekunden gebraucht
bei 12 cores haben 1000 Messungen 0.057583 Sekunden gebraucht
bei 12 cores haben 1000 Messungen 0.056085 Sekunden gebraucht
bei 12 cores haben 1000 Messungen 0.056680 Sekunden gebraucht
bei 12 cores haben 1000 Messungen 0.054188 Sekunden gebraucht
bei 12 cores haben 1000 Messungen 0.055307 Sekunden gebraucht
bei 12 cores haben 1000 Messungen 0.056327 Sekunden gebraucht
bei 12 cores haben 1000 Messungen 0.063610 Sekunden gebraucht
bei 12 cores haben 1000 Messungen 0.062155 Sekunden gebraucht
bei 13 cores haben 1000 Messungen 0.059097 Sekunden gebraucht
bei 13 cores haben 1000 Messungen 0.057018 Sekunden gebraucht
bei 13 cores haben 1000 Messungen 0.056192 Sekunden gebraucht
bei 13 cores haben 1000 Messungen 0.055985 Sekunden gebraucht
bei 13 cores haben 1000 Messungen 0.056706 Sekunden gebraucht
bei 13 cores haben 1000 Messungen 0.055282 Sekunden gebraucht
bei 13 cores haben 1000 Messungen 0.054974 Sekunden gebraucht
bei 13 cores haben 1000 Messungen 0.053841 Sekunden gebraucht
bei 13 cores haben 1000 Messungen 0.055651 Sekunden gebraucht
bei 13 cores haben 1000 Messungen 0.055711 Sekunden gebraucht
bei 14 cores haben 1000 Messungen 0.056134 Sekunden gebraucht
bei 14 cores haben 1000 Messungen 0.052591 Sekunden gebraucht
bei 14 cores haben 1000 Messungen 0.053621 Sekunden gebraucht
bei 14 cores haben 1000 Messungen 0.052383 Sekunden gebraucht
bei 14 cores haben 1000 Messungen 0.052279 Sekunden gebraucht
bei 14 cores haben 1000 Messungen 0.059984 Sekunden gebraucht
bei 14 cores haben 1000 Messungen 0.060864 Sekunden gebraucht
bei 14 cores haben 1000 Messungen 0.053343 Sekunden gebraucht
bei 14 cores haben 1000 Messungen 0.053920 Sekunden gebraucht
bei 14 cores haben 1000 Messungen 0.054534 Sekunden gebraucht
bei 15 cores haben 1000 Messungen 0.056514 Sekunden gebraucht
bei 15 cores haben 1000 Messungen 0.056739 Sekunden gebraucht
bei 15 cores haben 1000 Messungen 0.056776 Sekunden gebraucht
bei 15 cores haben 1000 Messungen 0.057342 Sekunden gebraucht
bei 15 cores haben 1000 Messungen 0.057404 Sekunden gebraucht
bei 15 cores haben 1000 Messungen 0.056449 Sekunden gebraucht
bei 15 cores haben 1000 Messungen 0.058976 Sekunden gebraucht
bei 15 cores haben 1000 Messungen 0.057678 Sekunden gebraucht
bei 15 cores haben 1000 Messungen 0.057014 Sekunden gebraucht
bei 15 cores haben 1000 Messungen 0.057113 Sekunden gebraucht
bei 16 cores haben 1000 Messungen 0.059573 Sekunden gebraucht
bei 16 cores haben 1000 Messungen 0.058884 Sekunden gebraucht
bei 16 cores haben 1000 Messungen 0.061480 Sekunden gebraucht
bei 16 cores haben 1000 Messungen 0.063972 Sekunden gebraucht
bei 16 cores haben 1000 Messungen 0.071565 Sekunden gebraucht
bei 16 cores haben 1000 Messungen 0.062343 Sekunden gebraucht
bei 16 cores haben 1000 Messungen 0.058736 Sekunden gebraucht
bei 16 cores haben 1000 Messungen 0.058308 Sekunden gebraucht
bei 16 cores haben 1000 Messungen 0.058690 Sekunden gebraucht
bei 16 cores haben 1000 Messungen 0.058404 Sekunden gebraucht
Laenge=36
bei 1 cores haben 1000 Messungen 0.146581 Sekunden gebraucht
bei 1 cores haben 1000 Messungen 0.201478 Sekunden gebraucht
bei 1 cores haben 1000 Messungen 0.143291 Sekunden gebraucht
bei 1 cores haben 1000 Messungen 0.142891 Sekunden gebraucht
bei 1 cores haben 1000 Messungen 0.142960 Sekunden gebraucht
bei 1 cores haben 1000 Messungen 0.142853 Sekunden gebraucht
bei 1 cores haben 1000 Messungen 0.142949 Sekunden gebraucht
bei 1 cores haben 1000 Messungen 0.142798 Sekunden gebraucht
bei 1 cores haben 1000 Messungen 0.142791 Sekunden gebraucht
bei 1 cores haben 1000 Messungen 0.142770 Sekunden gebraucht
bei 2 cores haben 1000 Messungen 0.249713 Sekunden gebraucht
bei 2 cores haben 1000 Messungen 0.236259 Sekunden gebraucht
bei 2 cores haben 1000 Messungen 0.212063 Sekunden gebraucht
bei 2 cores haben 1000 Messungen 0.208017 Sekunden gebraucht
bei 2 cores haben 1000 Messungen 0.210086 Sekunden gebraucht
bei 2 cores haben 1000 Messungen 0.231219 Sekunden gebraucht
bei 2 cores haben 1000 Messungen 0.274965 Sekunden gebraucht
bei 2 cores haben 1000 Messungen 0.233023 Sekunden gebraucht
bei 2 cores haben 1000 Messungen 0.208974 Sekunden gebraucht
bei 2 cores haben 1000 Messungen 0.271752 Sekunden gebraucht
bei 3 cores haben 1000 Messungen 0.214094 Sekunden gebraucht
bei 3 cores haben 1000 Messungen 0.170229 Sekunden gebraucht
bei 3 cores haben 1000 Messungen 0.161668 Sekunden gebraucht
bei 3 cores haben 1000 Messungen 0.162388 Sekunden gebraucht
bei 3 cores haben 1000 Messungen 0.166262 Sekunden gebraucht
bei 3 cores haben 1000 Messungen 0.164397 Sekunden gebraucht
bei 3 cores haben 1000 Messungen 0.162056 Sekunden gebraucht
bei 3 cores haben 1000 Messungen 0.085924 Sekunden gebraucht
bei 3 cores haben 1000 Messungen 0.187906 Sekunden gebraucht
bei 3 cores haben 1000 Messungen 0.177668 Sekunden gebraucht
bei 4 cores haben 1000 Messungen 0.163674 Sekunden gebraucht
bei 4 cores haben 1000 Messungen 0.139214 Sekunden gebraucht
bei 4 cores haben 1000 Messungen 0.072243 Sekunden gebraucht
bei 4 cores haben 1000 Messungen 0.133015 Sekunden gebraucht
bei 4 cores haben 1000 Messungen 0.139264 Sekunden gebraucht
bei 4 cores haben 1000 Messungen 0.137344 Sekunden gebraucht
bei 4 cores haben 1000 Messungen 0.141729 Sekunden gebraucht
bei 4 cores haben 1000 Messungen 0.149467 Sekunden gebraucht
bei 4 cores haben 1000 Messungen 0.077918 Sekunden gebraucht
bei 4 cores haben 1000 Messungen 0.115847 Sekunden gebraucht
bei 5 cores haben 1000 Messungen 0.131499 Sekunden gebraucht
bei 5 cores haben 1000 Messungen 0.131166 Sekunden gebraucht
bei 5 cores haben 1000 Messungen 0.132343 Sekunden gebraucht
bei 5 cores haben 1000 Messungen 0.130133 Sekunden gebraucht
bei 5 cores haben 1000 Messungen 0.129205 Sekunden gebraucht
bei 5 cores haben 1000 Messungen 0.128789 Sekunden gebraucht
bei 5 cores haben 1000 Messungen 0.097978 Sekunden gebraucht
bei 5 cores haben 1000 Messungen 0.139608 Sekunden gebraucht
bei 5 cores haben 1000 Messungen 0.138087 Sekunden gebraucht
bei 5 cores haben 1000 Messungen 0.133039 Sekunden gebraucht
bei 6 cores haben 1000 Messungen 0.127459 Sekunden gebraucht
bei 6 cores haben 1000 Messungen 0.125983 Sekunden gebraucht
bei 6 cores haben 1000 Messungen 0.128523 Sekunden gebraucht
bei 6 cores haben 1000 Messungen 0.129881 Sekunden gebraucht
bei 6 cores haben 1000 Messungen 0.130033 Sekunden gebraucht
bei 6 cores haben 1000 Messungen 0.064173 Sekunden gebraucht
bei 6 cores haben 1000 Messungen 0.103028 Sekunden gebraucht
bei 6 cores haben 1000 Messungen 0.126460 Sekunden gebraucht
bei 6 cores haben 1000 Messungen 0.125645 Sekunden gebraucht
bei 6 cores haben 1000 Messungen 0.124254 Sekunden gebraucht
bei 7 cores haben 1000 Messungen 0.125400 Sekunden gebraucht
bei 7 cores haben 1000 Messungen 0.127357 Sekunden gebraucht
bei 7 cores haben 1000 Messungen 0.132837 Sekunden gebraucht
bei 7 cores haben 1000 Messungen 0.126978 Sekunden gebraucht
bei 7 cores haben 1000 Messungen 0.126903 Sekunden gebraucht
bei 7 cores haben 1000 Messungen 0.124848 Sekunden gebraucht
bei 7 cores haben 1000 Messungen 0.124873 Sekunden gebraucht
bei 7 cores haben 1000 Messungen 0.124851 Sekunden gebraucht
bei 7 cores haben 1000 Messungen 0.061120 Sekunden gebraucht
bei 7 cores haben 1000 Messungen 0.092617 Sekunden gebraucht
bei 8 cores haben 1000 Messungen 0.127079 Sekunden gebraucht
bei 8 cores haben 1000 Messungen 0.133333 Sekunden gebraucht
bei 8 cores haben 1000 Messungen 0.125938 Sekunden gebraucht
bei 8 cores haben 1000 Messungen 0.122877 Sekunden gebraucht
bei 8 cores haben 1000 Messungen 0.124863 Sekunden gebraucht
bei 8 cores haben 1000 Messungen 0.123992 Sekunden gebraucht
bei 8 cores haben 1000 Messungen 0.123226 Sekunden gebraucht
bei 8 cores haben 1000 Messungen 0.123600 Sekunden gebraucht
bei 8 cores haben 1000 Messungen 0.131401 Sekunden gebraucht
bei 8 cores haben 1000 Messungen 0.105643 Sekunden gebraucht
bei 9 cores haben 1000 Messungen 0.269343 Sekunden gebraucht
bei 9 cores haben 1000 Messungen 0.119642 Sekunden gebraucht
bei 9 cores haben 1000 Messungen 0.121679 Sekunden gebraucht
bei 9 cores haben 1000 Messungen 0.123700 Sekunden gebraucht
bei 9 cores haben 1000 Messungen 0.123680 Sekunden gebraucht
bei 9 cores haben 1000 Messungen 0.126481 Sekunden gebraucht
bei 9 cores haben 1000 Messungen 0.125377 Sekunden gebraucht
bei 9 cores haben 1000 Messungen 0.122496 Sekunden gebraucht
bei 9 cores haben 1000 Messungen 0.111808 Sekunden gebraucht
bei 9 cores haben 1000 Messungen 0.110890 Sekunden gebraucht
bei 10 cores haben 1000 Messungen 0.123025 Sekunden gebraucht
bei 10 cores haben 1000 Messungen 0.123458 Sekunden gebraucht
bei 10 cores haben 1000 Messungen 0.122235 Sekunden gebraucht
bei 10 cores haben 1000 Messungen 0.130183 Sekunden gebraucht
bei 10 cores haben 1000 Messungen 0.127841 Sekunden gebraucht
bei 10 cores haben 1000 Messungen 0.123261 Sekunden gebraucht
bei 10 cores haben 1000 Messungen 0.122382 Sekunden gebraucht
bei 10 cores haben 1000 Messungen 0.123107 Sekunden gebraucht
bei 10 cores haben 1000 Messungen 0.121955 Sekunden gebraucht
bei 10 cores haben 1000 Messungen 0.123759 Sekunden gebraucht
bei 11 cores haben 1000 Messungen 0.122940 Sekunden gebraucht
bei 11 cores haben 1000 Messungen 0.133807 Sekunden gebraucht
bei 11 cores haben 1000 Messungen 0.126863 Sekunden gebraucht
bei 11 cores haben 1000 Messungen 0.121332 Sekunden gebraucht
bei 11 cores haben 1000 Messungen 0.121177 Sekunden gebraucht
bei 11 cores haben 1000 Messungen 0.121954 Sekunden gebraucht
bei 11 cores haben 1000 Messungen 0.120328 Sekunden gebraucht
bei 11 cores haben 1000 Messungen 0.120698 Sekunden gebraucht
bei 11 cores haben 1000 Messungen 0.121349 Sekunden gebraucht
bei 11 cores haben 1000 Messungen 0.120934 Sekunden gebraucht
bei 12 cores haben 1000 Messungen 0.140439 Sekunden gebraucht
bei 12 cores haben 1000 Messungen 0.499853 Sekunden gebraucht
bei 12 cores haben 1000 Messungen 0.121249 Sekunden gebraucht
bei 12 cores haben 1000 Messungen 0.123208 Sekunden gebraucht
bei 12 cores haben 1000 Messungen 0.134126 Sekunden gebraucht
bei 12 cores haben 1000 Messungen 0.129116 Sekunden gebraucht
bei 12 cores haben 1000 Messungen 0.122335 Sekunden gebraucht
bei 12 cores haben 1000 Messungen 0.122157 Sekunden gebraucht
bei 12 cores haben 1000 Messungen 0.122595 Sekunden gebraucht
bei 12 cores haben 1000 Messungen 0.122551 Sekunden gebraucht
bei 13 cores haben 1000 Messungen 0.127057 Sekunden gebraucht
bei 13 cores haben 1000 Messungen 0.123917 Sekunden gebraucht
bei 13 cores haben 1000 Messungen 0.129049 Sekunden gebraucht
bei 13 cores haben 1000 Messungen 0.135808 Sekunden gebraucht
bei 13 cores haben 1000 Messungen 0.123015 Sekunden gebraucht
bei 13 cores haben 1000 Messungen 0.123543 Sekunden gebraucht
bei 13 cores haben 1000 Messungen 0.123570 Sekunden gebraucht
bei 13 cores haben 1000 Messungen 0.123363 Sekunden gebraucht
bei 13 cores haben 1000 Messungen 0.123970 Sekunden gebraucht
bei 13 cores haben 1000 Messungen 0.124014 Sekunden gebraucht
bei 14 cores haben 1000 Messungen 0.135807 Sekunden gebraucht
bei 14 cores haben 1000 Messungen 0.126877 Sekunden gebraucht
bei 14 cores haben 1000 Messungen 0.124299 Sekunden gebraucht
bei 14 cores haben 1000 Messungen 0.123485 Sekunden gebraucht
bei 14 cores haben 1000 Messungen 0.122482 Sekunden gebraucht
bei 14 cores haben 1000 Messungen 0.121696 Sekunden gebraucht
bei 14 cores haben 1000 Messungen 0.121903 Sekunden gebraucht
bei 14 cores haben 1000 Messungen 0.124539 Sekunden gebraucht
bei 14 cores haben 1000 Messungen 0.141710 Sekunden gebraucht
bei 14 cores haben 1000 Messungen 0.135177 Sekunden gebraucht
bei 15 cores haben 1000 Messungen 0.129830 Sekunden gebraucht
bei 15 cores haben 1000 Messungen 0.125952 Sekunden gebraucht
bei 15 cores haben 1000 Messungen 0.126511 Sekunden gebraucht
bei 15 cores haben 1000 Messungen 0.125698 Sekunden gebraucht
bei 15 cores haben 1000 Messungen 0.125422 Sekunden gebraucht
bei 15 cores haben 1000 Messungen 0.129627 Sekunden gebraucht
bei 15 cores haben 1000 Messungen 0.141978 Sekunden gebraucht
bei 15 cores haben 1000 Messungen 0.126134 Sekunden gebraucht
bei 15 cores haben 1000 Messungen 0.125249 Sekunden gebraucht
bei 15 cores haben 1000 Messungen 0.125583 Sekunden gebraucht
bei 16 cores haben 1000 Messungen 0.125801 Sekunden gebraucht
bei 16 cores haben 1000 Messungen 0.125809 Sekunden gebraucht
bei 16 cores haben 1000 Messungen 0.125350 Sekunden gebraucht
bei 16 cores haben 1000 Messungen 0.176454 Sekunden gebraucht
bei 16 cores haben 1000 Messungen 0.136174 Sekunden gebraucht
bei 16 cores haben 1000 Messungen 0.125954 Sekunden gebraucht
bei 16 cores haben 1000 Messungen 0.126383 Sekunden gebraucht
bei 16 cores haben 1000 Messungen 0.125628 Sekunden gebraucht
bei 16 cores haben 1000 Messungen 0.126595 Sekunden gebraucht
bei 16 cores haben 1000 Messungen 0.125543 Sekunden gebraucht
Laenge=50
bei 1 cores haben 1000 Messungen 0.276385 Sekunden gebraucht
bei 1 cores haben 1000 Messungen 0.330564 Sekunden gebraucht
bei 1 cores haben 1000 Messungen 0.273067 Sekunden gebraucht
bei 1 cores haben 1000 Messungen 0.273215 Sekunden gebraucht
bei 1 cores haben 1000 Messungen 0.275978 Sekunden gebraucht
bei 1 cores haben 1000 Messungen 0.273069 Sekunden gebraucht
bei 1 cores haben 1000 Messungen 0.273340 Sekunden gebraucht
bei 1 cores haben 1000 Messungen 0.273408 Sekunden gebraucht
bei 1 cores haben 1000 Messungen 0.273325 Sekunden gebraucht
bei 1 cores haben 1000 Messungen 0.273364 Sekunden gebraucht
bei 2 cores haben 1000 Messungen 0.433812 Sekunden gebraucht
bei 2 cores haben 1000 Messungen 0.380117 Sekunden gebraucht
bei 2 cores haben 1000 Messungen 0.369050 Sekunden gebraucht
bei 2 cores haben 1000 Messungen 0.371792 Sekunden gebraucht
bei 2 cores haben 1000 Messungen 0.367206 Sekunden gebraucht
bei 2 cores haben 1000 Messungen 0.369931 Sekunden gebraucht
bei 2 cores haben 1000 Messungen 0.370280 Sekunden gebraucht
bei 2 cores haben 1000 Messungen 0.369254 Sekunden gebraucht
bei 2 cores haben 1000 Messungen 0.439644 Sekunden gebraucht
bei 2 cores haben 1000 Messungen 0.457652 Sekunden gebraucht
bei 3 cores haben 1000 Messungen 0.404462 Sekunden gebraucht
bei 3 cores haben 1000 Messungen 0.322711 Sekunden gebraucht
bei 3 cores haben 1000 Messungen 0.293332 Sekunden gebraucht
bei 3 cores haben 1000 Messungen 0.301093 Sekunden gebraucht
bei 3 cores haben 1000 Messungen 0.299553 Sekunden gebraucht
bei 3 cores haben 1000 Messungen 0.297709 Sekunden gebraucht
bei 3 cores haben 1000 Messungen 0.182033 Sekunden gebraucht
bei 3 cores haben 1000 Messungen 0.344667 Sekunden gebraucht
bei 3 cores haben 1000 Messungen 0.303971 Sekunden gebraucht
bei 3 cores haben 1000 Messungen 0.296866 Sekunden gebraucht
bei 4 cores haben 1000 Messungen 0.268534 Sekunden gebraucht
bei 4 cores haben 1000 Messungen 0.247235 Sekunden gebraucht
bei 4 cores haben 1000 Messungen 0.260962 Sekunden gebraucht
bei 4 cores haben 1000 Messungen 0.255873 Sekunden gebraucht
bei 4 cores haben 1000 Messungen 0.151562 Sekunden gebraucht
bei 4 cores haben 1000 Messungen 0.271911 Sekunden gebraucht
bei 4 cores haben 1000 Messungen 0.269008 Sekunden gebraucht
bei 4 cores haben 1000 Messungen 0.257108 Sekunden gebraucht
bei 4 cores haben 1000 Messungen 0.253235 Sekunden gebraucht
bei 4 cores haben 1000 Messungen 0.254262 Sekunden gebraucht
bei 5 cores haben 1000 Messungen 0.256831 Sekunden gebraucht
bei 5 cores haben 1000 Messungen 0.241481 Sekunden gebraucht
bei 5 cores haben 1000 Messungen 0.140561 Sekunden gebraucht
bei 5 cores haben 1000 Messungen 0.242820 Sekunden gebraucht
bei 5 cores haben 1000 Messungen 0.243791 Sekunden gebraucht
bei 5 cores haben 1000 Messungen 0.242715 Sekunden gebraucht
bei 5 cores haben 1000 Messungen 0.240669 Sekunden gebraucht
bei 5 cores haben 1000 Messungen 0.243345 Sekunden gebraucht
bei 5 cores haben 1000 Messungen 0.152842 Sekunden gebraucht
bei 5 cores haben 1000 Messungen 0.243053 Sekunden gebraucht
bei 6 cores haben 1000 Messungen 0.233883 Sekunden gebraucht
bei 6 cores haben 1000 Messungen 0.141568 Sekunden gebraucht
bei 6 cores haben 1000 Messungen 0.227285 Sekunden gebraucht
bei 6 cores haben 1000 Messungen 0.238545 Sekunden gebraucht
bei 6 cores haben 1000 Messungen 0.242432 Sekunden gebraucht
bei 6 cores haben 1000 Messungen 0.234098 Sekunden gebraucht
bei 6 cores haben 1000 Messungen 0.235554 Sekunden gebraucht
bei 6 cores haben 1000 Messungen 0.244513 Sekunden gebraucht
bei 6 cores haben 1000 Messungen 0.238027 Sekunden gebraucht
bei 6 cores haben 1000 Messungen 0.235301 Sekunden gebraucht
bei 7 cores haben 1000 Messungen 0.233545 Sekunden gebraucht
bei 7 cores haben 1000 Messungen 0.241678 Sekunden gebraucht
bei 7 cores haben 1000 Messungen 0.233755 Sekunden gebraucht
bei 7 cores haben 1000 Messungen 0.123757 Sekunden gebraucht
bei 7 cores haben 1000 Messungen 0.192402 Sekunden gebraucht
bei 7 cores haben 1000 Messungen 0.238073 Sekunden gebraucht
bei 7 cores haben 1000 Messungen 0.198920 Sekunden gebraucht
bei 7 cores haben 1000 Messungen 0.127057 Sekunden gebraucht
bei 7 cores haben 1000 Messungen 0.202648 Sekunden gebraucht
bei 7 cores haben 1000 Messungen 0.232501 Sekunden gebraucht
bei 8 cores haben 1000 Messungen 0.231831 Sekunden gebraucht
bei 8 cores haben 1000 Messungen 0.140956 Sekunden gebraucht
bei 8 cores haben 1000 Messungen 0.208334 Sekunden gebraucht
bei 8 cores haben 1000 Messungen 0.227941 Sekunden gebraucht
bei 8 cores haben 1000 Messungen 0.228807 Sekunden gebraucht
bei 8 cores haben 1000 Messungen 0.131315 Sekunden gebraucht
bei 8 cores haben 1000 Messungen 0.226547 Sekunden gebraucht
bei 8 cores haben 1000 Messungen 0.233668 Sekunden gebraucht
bei 8 cores haben 1000 Messungen 0.231027 Sekunden gebraucht
bei 8 cores haben 1000 Messungen 0.229221 Sekunden gebraucht
bei 9 cores haben 1000 Messungen 0.234051 Sekunden gebraucht
bei 9 cores haben 1000 Messungen 0.237000 Sekunden gebraucht
bei 9 cores haben 1000 Messungen 0.231031 Sekunden gebraucht
bei 9 cores haben 1000 Messungen 0.207341 Sekunden gebraucht
bei 9 cores haben 1000 Messungen 0.229209 Sekunden gebraucht
bei 9 cores haben 1000 Messungen 0.250598 Sekunden gebraucht
bei 9 cores haben 1000 Messungen 0.209026 Sekunden gebraucht
bei 9 cores haben 1000 Messungen 0.224378 Sekunden gebraucht
bei 9 cores haben 1000 Messungen 0.230510 Sekunden gebraucht
bei 9 cores haben 1000 Messungen 0.238006 Sekunden gebraucht
bei 10 cores haben 1000 Messungen 0.232550 Sekunden gebraucht
bei 10 cores haben 1000 Messungen 0.224280 Sekunden gebraucht
bei 10 cores haben 1000 Messungen 0.373366 Sekunden gebraucht
bei 10 cores haben 1000 Messungen 0.258931 Sekunden gebraucht
bei 10 cores haben 1000 Messungen 0.237198 Sekunden gebraucht
bei 10 cores haben 1000 Messungen 0.227217 Sekunden gebraucht
bei 10 cores haben 1000 Messungen 0.228551 Sekunden gebraucht
bei 10 cores haben 1000 Messungen 0.303079 Sekunden gebraucht
bei 10 cores haben 1000 Messungen 0.228680 Sekunden gebraucht
bei 10 cores haben 1000 Messungen 0.227178 Sekunden gebraucht
bei 11 cores haben 1000 Messungen 0.226876 Sekunden gebraucht
bei 11 cores haben 1000 Messungen 0.247360 Sekunden gebraucht
bei 11 cores haben 1000 Messungen 0.228068 Sekunden gebraucht
bei 11 cores haben 1000 Messungen 0.227327 Sekunden gebraucht
bei 11 cores haben 1000 Messungen 0.695615 Sekunden gebraucht
bei 11 cores haben 1000 Messungen 0.227944 Sekunden gebraucht
bei 11 cores haben 1000 Messungen 0.226506 Sekunden gebraucht
bei 11 cores haben 1000 Messungen 0.230883 Sekunden gebraucht
bei 11 cores haben 1000 Messungen 0.244681 Sekunden gebraucht
bei 11 cores haben 1000 Messungen 0.227013 Sekunden gebraucht
bei 12 cores haben 1000 Messungen 0.228968 Sekunden gebraucht
bei 12 cores haben 1000 Messungen 0.229127 Sekunden gebraucht
bei 12 cores haben 1000 Messungen 0.237581 Sekunden gebraucht
bei 12 cores haben 1000 Messungen 0.228233 Sekunden gebraucht
bei 12 cores haben 1000 Messungen 0.227828 Sekunden gebraucht
bei 12 cores haben 1000 Messungen 0.228130 Sekunden gebraucht
bei 12 cores haben 1000 Messungen 0.251673 Sekunden gebraucht
bei 12 cores haben 1000 Messungen 0.227906 Sekunden gebraucht
bei 12 cores haben 1000 Messungen 0.228516 Sekunden gebraucht
bei 12 cores haben 1000 Messungen 0.230857 Sekunden gebraucht
bei 13 cores haben 1000 Messungen 0.231270 Sekunden gebraucht
bei 13 cores haben 1000 Messungen 0.256636 Sekunden gebraucht
bei 13 cores haben 1000 Messungen 0.226642 Sekunden gebraucht
bei 13 cores haben 1000 Messungen 0.225983 Sekunden gebraucht
bei 13 cores haben 1000 Messungen 0.230010 Sekunden gebraucht
bei 13 cores haben 1000 Messungen 0.248959 Sekunden gebraucht
bei 13 cores haben 1000 Messungen 0.227096 Sekunden gebraucht
bei 13 cores haben 1000 Messungen 0.227725 Sekunden gebraucht
bei 13 cores haben 1000 Messungen 0.226843 Sekunden gebraucht
bei 13 cores haben 1000 Messungen 0.239863 Sekunden gebraucht
bei 14 cores haben 1000 Messungen 0.226497 Sekunden gebraucht
bei 14 cores haben 1000 Messungen 0.227287 Sekunden gebraucht
bei 14 cores haben 1000 Messungen 0.228252 Sekunden gebraucht
bei 14 cores haben 1000 Messungen 0.239996 Sekunden gebraucht
bei 14 cores haben 1000 Messungen 0.239698 Sekunden gebraucht
bei 14 cores haben 1000 Messungen 0.227208 Sekunden gebraucht
bei 14 cores haben 1000 Messungen 0.227236 Sekunden gebraucht
bei 14 cores haben 1000 Messungen 0.230947 Sekunden gebraucht
bei 14 cores haben 1000 Messungen 0.236204 Sekunden gebraucht
bei 14 cores haben 1000 Messungen 0.228051 Sekunden gebraucht
bei 15 cores haben 1000 Messungen 0.226230 Sekunden gebraucht
bei 15 cores haben 1000 Messungen 0.225853 Sekunden gebraucht
bei 15 cores haben 1000 Messungen 0.253820 Sekunden gebraucht
bei 15 cores haben 1000 Messungen 0.226120 Sekunden gebraucht
bei 15 cores haben 1000 Messungen 0.226090 Sekunden gebraucht
bei 15 cores haben 1000 Messungen 0.224847 Sekunden gebraucht
bei 15 cores haben 1000 Messungen 0.238407 Sekunden gebraucht
bei 15 cores haben 1000 Messungen 0.231750 Sekunden gebraucht
bei 15 cores haben 1000 Messungen 0.225988 Sekunden gebraucht
bei 15 cores haben 1000 Messungen 0.225998 Sekunden gebraucht
bei 16 cores haben 1000 Messungen 0.246628 Sekunden gebraucht
bei 16 cores haben 1000 Messungen 0.254693 Sekunden gebraucht
bei 16 cores haben 1000 Messungen 0.231478 Sekunden gebraucht
bei 16 cores haben 1000 Messungen 0.231830 Sekunden gebraucht
bei 16 cores haben 1000 Messungen 0.243333 Sekunden gebraucht
bei 16 cores haben 1000 Messungen 0.242364 Sekunden gebraucht
bei 16 cores haben 1000 Messungen 0.231082 Sekunden gebraucht
bei 16 cores haben 1000 Messungen 0.231711 Sekunden gebraucht
bei 16 cores haben 1000 Messungen 0.231122 Sekunden gebraucht
bei 16 cores haben 1000 Messungen 0.258466 Sekunden gebraucht
Laenge=100
bei 1 cores haben 1000 Messungen 1.176030 Sekunden gebraucht
bei 1 cores haben 1000 Messungen 1.241880 Sekunden gebraucht
bei 1 cores haben 1000 Messungen 1.146370 Sekunden gebraucht
bei 1 cores haben 1000 Messungen 1.205655 Sekunden gebraucht
bei 1 cores haben 1000 Messungen 1.139053 Sekunden gebraucht
bei 1 cores haben 1000 Messungen 1.077698 Sekunden gebraucht
bei 1 cores haben 1000 Messungen 1.081688 Sekunden gebraucht
bei 1 cores haben 1000 Messungen 1.080224 Sekunden gebraucht
bei 1 cores haben 1000 Messungen 1.077747 Sekunden gebraucht
bei 1 cores haben 1000 Messungen 1.081213 Sekunden gebraucht
bei 2 cores haben 1000 Messungen 1.331049 Sekunden gebraucht
bei 2 cores haben 1000 Messungen 1.224306 Sekunden gebraucht
bei 2 cores haben 1000 Messungen 1.222978 Sekunden gebraucht
bei 2 cores haben 1000 Messungen 1.225239 Sekunden gebraucht
bei 2 cores haben 1000 Messungen 1.255344 Sekunden gebraucht
bei 2 cores haben 1000 Messungen 1.222100 Sekunden gebraucht
bei 2 cores haben 1000 Messungen 1.224638 Sekunden gebraucht
bei 2 cores haben 1000 Messungen 1.224644 Sekunden gebraucht
bei 2 cores haben 1000 Messungen 1.220816 Sekunden gebraucht
bei 2 cores haben 1000 Messungen 1.224708 Sekunden gebraucht
bei 3 cores haben 1000 Messungen 0.999329 Sekunden gebraucht
bei 3 cores haben 1000 Messungen 0.990472 Sekunden gebraucht
bei 3 cores haben 1000 Messungen 0.978338 Sekunden gebraucht
bei 3 cores haben 1000 Messungen 0.979414 Sekunden gebraucht
bei 3 cores haben 1000 Messungen 0.993111 Sekunden gebraucht
bei 3 cores haben 1000 Messungen 0.988617 Sekunden gebraucht
bei 3 cores haben 1000 Messungen 0.976509 Sekunden gebraucht
bei 3 cores haben 1000 Messungen 0.985998 Sekunden gebraucht
bei 3 cores haben 1000 Messungen 0.969698 Sekunden gebraucht
bei 3 cores haben 1000 Messungen 0.919644 Sekunden gebraucht
bei 4 cores haben 1000 Messungen 0.871256 Sekunden gebraucht
bei 4 cores haben 1000 Messungen 0.863940 Sekunden gebraucht
bei 4 cores haben 1000 Messungen 0.860631 Sekunden gebraucht
bei 4 cores haben 1000 Messungen 0.861657 Sekunden gebraucht
bei 4 cores haben 1000 Messungen 0.869911 Sekunden gebraucht
bei 4 cores haben 1000 Messungen 0.855732 Sekunden gebraucht
bei 4 cores haben 1000 Messungen 0.865869 Sekunden gebraucht
bei 4 cores haben 1000 Messungen 0.861344 Sekunden gebraucht
bei 4 cores haben 1000 Messungen 0.934647 Sekunden gebraucht
bei 4 cores haben 1000 Messungen 0.925534 Sekunden gebraucht
bei 5 cores haben 1000 Messungen 0.792429 Sekunden gebraucht
bei 5 cores haben 1000 Messungen 0.868647 Sekunden gebraucht
bei 5 cores haben 1000 Messungen 0.747223 Sekunden gebraucht
bei 5 cores haben 1000 Messungen 0.871605 Sekunden gebraucht
bei 5 cores haben 1000 Messungen 0.873944 Sekunden gebraucht
bei 5 cores haben 1000 Messungen 0.882493 Sekunden gebraucht
bei 5 cores haben 1000 Messungen 0.868724 Sekunden gebraucht
bei 5 cores haben 1000 Messungen 0.856924 Sekunden gebraucht
bei 5 cores haben 1000 Messungen 0.781182 Sekunden gebraucht
bei 5 cores haben 1000 Messungen 0.868644 Sekunden gebraucht
bei 6 cores haben 1000 Messungen 0.843868 Sekunden gebraucht
bei 6 cores haben 1000 Messungen 0.706580 Sekunden gebraucht
bei 6 cores haben 1000 Messungen 0.842269 Sekunden gebraucht
bei 6 cores haben 1000 Messungen 0.847538 Sekunden gebraucht
bei 6 cores haben 1000 Messungen 0.833338 Sekunden gebraucht
bei 6 cores haben 1000 Messungen 0.837644 Sekunden gebraucht
bei 6 cores haben 1000 Messungen 0.846977 Sekunden gebraucht
bei 6 cores haben 1000 Messungen 0.853477 Sekunden gebraucht
bei 6 cores haben 1000 Messungen 0.850926 Sekunden gebraucht
bei 6 cores haben 1000 Messungen 0.836854 Sekunden gebraucht
bei 7 cores haben 1000 Messungen 0.857666 Sekunden gebraucht
bei 7 cores haben 1000 Messungen 0.845689 Sekunden gebraucht
bei 7 cores haben 1000 Messungen 0.845728 Sekunden gebraucht
bei 7 cores haben 1000 Messungen 0.856722 Sekunden gebraucht
bei 7 cores haben 1000 Messungen 0.850051 Sekunden gebraucht
bei 7 cores haben 1000 Messungen 0.717677 Sekunden gebraucht
bei 7 cores haben 1000 Messungen 0.837649 Sekunden gebraucht
bei 7 cores haben 1000 Messungen 0.837940 Sekunden gebraucht
bei 7 cores haben 1000 Messungen 0.848664 Sekunden gebraucht
bei 7 cores haben 1000 Messungen 0.727736 Sekunden gebraucht
bei 8 cores haben 1000 Messungen 0.856717 Sekunden gebraucht
bei 8 cores haben 1000 Messungen 0.851853 Sekunden gebraucht
bei 8 cores haben 1000 Messungen 0.844077 Sekunden gebraucht
bei 8 cores haben 1000 Messungen 0.852546 Sekunden gebraucht
bei 8 cores haben 1000 Messungen 0.857579 Sekunden gebraucht
bei 8 cores haben 1000 Messungen 0.858141 Sekunden gebraucht
bei 8 cores haben 1000 Messungen 0.872143 Sekunden gebraucht
bei 8 cores haben 1000 Messungen 0.850748 Sekunden gebraucht
bei 8 cores haben 1000 Messungen 0.858624 Sekunden gebraucht
bei 8 cores haben 1000 Messungen 0.837428 Sekunden gebraucht
bei 9 cores haben 1000 Messungen 0.851869 Sekunden gebraucht
bei 9 cores haben 1000 Messungen 0.864570 Sekunden gebraucht
bei 9 cores haben 1000 Messungen 0.855017 Sekunden gebraucht
bei 9 cores haben 1000 Messungen 0.855830 Sekunden gebraucht
bei 9 cores haben 1000 Messungen 0.853373 Sekunden gebraucht
bei 9 cores haben 1000 Messungen 0.859692 Sekunden gebraucht
bei 9 cores haben 1000 Messungen 0.860942 Sekunden gebraucht
bei 9 cores haben 1000 Messungen 0.852785 Sekunden gebraucht
bei 9 cores haben 1000 Messungen 0.862055 Sekunden gebraucht
bei 9 cores haben 1000 Messungen 1.035970 Sekunden gebraucht
bei 10 cores haben 1000 Messungen 0.850306 Sekunden gebraucht
bei 10 cores haben 1000 Messungen 0.853532 Sekunden gebraucht
bei 10 cores haben 1000 Messungen 0.860496 Sekunden gebraucht
bei 10 cores haben 1000 Messungen 0.885148 Sekunden gebraucht
bei 10 cores haben 1000 Messungen 0.849777 Sekunden gebraucht
bei 10 cores haben 1000 Messungen 0.845455 Sekunden gebraucht
bei 10 cores haben 1000 Messungen 1.064170 Sekunden gebraucht
bei 10 cores haben 1000 Messungen 0.846305 Sekunden gebraucht
bei 10 cores haben 1000 Messungen 0.861332 Sekunden gebraucht
bei 10 cores haben 1000 Messungen 0.852038 Sekunden gebraucht
bei 11 cores haben 1000 Messungen 0.850268 Sekunden gebraucht
bei 11 cores haben 1000 Messungen 0.845313 Sekunden gebraucht
bei 11 cores haben 1000 Messungen 0.848534 Sekunden gebraucht
bei 11 cores haben 1000 Messungen 0.833899 Sekunden gebraucht
bei 11 cores haben 1000 Messungen 0.856816 Sekunden gebraucht
bei 11 cores haben 1000 Messungen 0.842038 Sekunden gebraucht
bei 11 cores haben 1000 Messungen 0.845833 Sekunden gebraucht
bei 11 cores haben 1000 Messungen 0.847301 Sekunden gebraucht
bei 11 cores haben 1000 Messungen 0.846944 Sekunden gebraucht
bei 11 cores haben 1000 Messungen 0.849622 Sekunden gebraucht
bei 12 cores haben 1000 Messungen 0.838862 Sekunden gebraucht
bei 12 cores haben 1000 Messungen 0.842595 Sekunden gebraucht
bei 12 cores haben 1000 Messungen 0.846736 Sekunden gebraucht
bei 12 cores haben 1000 Messungen 0.843045 Sekunden gebraucht
bei 12 cores haben 1000 Messungen 0.847852 Sekunden gebraucht
bei 12 cores haben 1000 Messungen 1.010550 Sekunden gebraucht
bei 12 cores haben 1000 Messungen 0.960104 Sekunden gebraucht
bei 12 cores haben 1000 Messungen 0.829456 Sekunden gebraucht
bei 12 cores haben 1000 Messungen 0.830821 Sekunden gebraucht
bei 12 cores haben 1000 Messungen 0.853017 Sekunden gebraucht
bei 13 cores haben 1000 Messungen 0.853083 Sekunden gebraucht
bei 13 cores haben 1000 Messungen 0.850535 Sekunden gebraucht
bei 13 cores haben 1000 Messungen 0.851229 Sekunden gebraucht
bei 13 cores haben 1000 Messungen 0.860119 Sekunden gebraucht
bei 13 cores haben 1000 Messungen 0.843230 Sekunden gebraucht
bei 13 cores haben 1000 Messungen 0.845956 Sekunden gebraucht
bei 13 cores haben 1000 Messungen 0.854475 Sekunden gebraucht
bei 13 cores haben 1000 Messungen 0.860176 Sekunden gebraucht
bei 13 cores haben 1000 Messungen 0.855053 Sekunden gebraucht
bei 13 cores haben 1000 Messungen 0.857300 Sekunden gebraucht
bei 14 cores haben 1000 Messungen 0.907499 Sekunden gebraucht
bei 14 cores haben 1000 Messungen 0.846213 Sekunden gebraucht
bei 14 cores haben 1000 Messungen 0.853259 Sekunden gebraucht
bei 14 cores haben 1000 Messungen 1.506083 Sekunden gebraucht
bei 14 cores haben 1000 Messungen 0.855124 Sekunden gebraucht
bei 14 cores haben 1000 Messungen 0.866705 Sekunden gebraucht
bei 14 cores haben 1000 Messungen 0.854113 Sekunden gebraucht
bei 14 cores haben 1000 Messungen 1.059182 Sekunden gebraucht
bei 14 cores haben 1000 Messungen 1.244447 Sekunden gebraucht
bei 14 cores haben 1000 Messungen 0.859030 Sekunden gebraucht
bei 15 cores haben 1000 Messungen 0.850843 Sekunden gebraucht
bei 15 cores haben 1000 Messungen 0.848026 Sekunden gebraucht
bei 15 cores haben 1000 Messungen 0.859710 Sekunden gebraucht
bei 15 cores haben 1000 Messungen 0.856504 Sekunden gebraucht
bei 15 cores haben 1000 Messungen 0.866109 Sekunden gebraucht
bei 15 cores haben 1000 Messungen 0.860285 Sekunden gebraucht
bei 15 cores haben 1000 Messungen 0.863595 Sekunden gebraucht
bei 15 cores haben 1000 Messungen 0.850593 Sekunden gebraucht
bei 15 cores haben 1000 Messungen 0.856451 Sekunden gebraucht
bei 15 cores haben 1000 Messungen 0.855710 Sekunden gebraucht
bei 16 cores haben 1000 Messungen 0.859616 Sekunden gebraucht
bei 16 cores haben 1000 Messungen 0.864851 Sekunden gebraucht
bei 16 cores haben 1000 Messungen 0.876982 Sekunden gebraucht
bei 16 cores haben 1000 Messungen 0.863888 Sekunden gebraucht
bei 16 cores haben 1000 Messungen 0.860172 Sekunden gebraucht
bei 16 cores haben 1000 Messungen 0.912356 Sekunden gebraucht
bei 16 cores haben 1000 Messungen 0.854324 Sekunden gebraucht
bei 16 cores haben 1000 Messungen 0.857697 Sekunden gebraucht
bei 16 cores haben 1000 Messungen 0.858727 Sekunden gebraucht
bei 16 cores haben 1000 Messungen 0.876173 Sekunden gebraucht
Laenge=200
bei 1 cores haben 1000 Messungen 4.373051 Sekunden gebraucht
bei 1 cores haben 1000 Messungen 4.369888 Sekunden gebraucht
bei 1 cores haben 1000 Messungen 4.387816 Sekunden gebraucht
bei 1 cores haben 1000 Messungen 4.372526 Sekunden gebraucht
bei 1 cores haben 1000 Messungen 4.503175 Sekunden gebraucht
bei 1 cores haben 1000 Messungen 4.535256 Sekunden gebraucht
bei 1 cores haben 1000 Messungen 4.375825 Sekunden gebraucht
bei 1 cores haben 1000 Messungen 4.309817 Sekunden gebraucht
bei 1 cores haben 1000 Messungen 4.371702 Sekunden gebraucht
bei 1 cores haben 1000 Messungen 4.370489 Sekunden gebraucht
bei 2 cores haben 1000 Messungen 4.692932 Sekunden gebraucht
bei 2 cores haben 1000 Messungen 4.614788 Sekunden gebraucht
bei 2 cores haben 1000 Messungen 4.704523 Sekunden gebraucht
bei 2 cores haben 1000 Messungen 4.588031 Sekunden gebraucht
bei 2 cores haben 1000 Messungen 4.788122 Sekunden gebraucht
bei 2 cores haben 1000 Messungen 4.647581 Sekunden gebraucht
bei 2 cores haben 1000 Messungen 4.657303 Sekunden gebraucht
bei 2 cores haben 1000 Messungen 4.705899 Sekunden gebraucht
bei 2 cores haben 1000 Messungen 4.648348 Sekunden gebraucht
bei 2 cores haben 1000 Messungen 4.635063 Sekunden gebraucht
bei 3 cores haben 1000 Messungen 3.708274 Sekunden gebraucht
bei 3 cores haben 1000 Messungen 3.603489 Sekunden gebraucht
bei 3 cores haben 1000 Messungen 3.672790 Sekunden gebraucht
bei 3 cores haben 1000 Messungen 3.564999 Sekunden gebraucht
bei 3 cores haben 1000 Messungen 3.636318 Sekunden gebraucht
bei 3 cores haben 1000 Messungen 3.593733 Sekunden gebraucht
bei 3 cores haben 1000 Messungen 3.563120 Sekunden gebraucht
bei 3 cores haben 1000 Messungen 3.610437 Sekunden gebraucht
bei 3 cores haben 1000 Messungen 3.640290 Sekunden gebraucht
bei 3 cores haben 1000 Messungen 3.663422 Sekunden gebraucht
bei 4 cores haben 1000 Messungen 3.110935 Sekunden gebraucht
bei 4 cores haben 1000 Messungen 3.131295 Sekunden gebraucht
bei 4 cores haben 1000 Messungen 3.160079 Sekunden gebraucht
bei 4 cores haben 1000 Messungen 3.176523 Sekunden gebraucht
bei 4 cores haben 1000 Messungen 3.208092 Sekunden gebraucht
bei 4 cores haben 1000 Messungen 3.166190 Sekunden gebraucht
bei 4 cores haben 1000 Messungen 3.142953 Sekunden gebraucht
bei 4 cores haben 1000 Messungen 3.107006 Sekunden gebraucht
bei 4 cores haben 1000 Messungen 3.169760 Sekunden gebraucht
bei 4 cores haben 1000 Messungen 3.184927 Sekunden gebraucht
bei 5 cores haben 1000 Messungen 3.250169 Sekunden gebraucht
bei 5 cores haben 1000 Messungen 3.261044 Sekunden gebraucht
bei 5 cores haben 1000 Messungen 3.162558 Sekunden gebraucht
bei 5 cores haben 1000 Messungen 3.135718 Sekunden gebraucht
bei 5 cores haben 1000 Messungen 3.155654 Sekunden gebraucht
bei 5 cores haben 1000 Messungen 3.256481 Sekunden gebraucht
bei 5 cores haben 1000 Messungen 3.236990 Sekunden gebraucht
bei 5 cores haben 1000 Messungen 3.139099 Sekunden gebraucht
bei 5 cores haben 1000 Messungen 3.149095 Sekunden gebraucht
bei 5 cores haben 1000 Messungen 3.133772 Sekunden gebraucht
bei 6 cores haben 1000 Messungen 3.236387 Sekunden gebraucht
bei 6 cores haben 1000 Messungen 3.259342 Sekunden gebraucht
bei 6 cores haben 1000 Messungen 3.248458 Sekunden gebraucht
bei 6 cores haben 1000 Messungen 3.243108 Sekunden gebraucht
bei 6 cores haben 1000 Messungen 3.308265 Sekunden gebraucht
bei 6 cores haben 1000 Messungen 3.217981 Sekunden gebraucht
bei 6 cores haben 1000 Messungen 3.232561 Sekunden gebraucht
bei 6 cores haben 1000 Messungen 3.310277 Sekunden gebraucht
bei 6 cores haben 1000 Messungen 3.258512 Sekunden gebraucht
bei 6 cores haben 1000 Messungen 3.245009 Sekunden gebraucht
bei 7 cores haben 1000 Messungen 3.290385 Sekunden gebraucht
bei 7 cores haben 1000 Messungen 3.089830 Sekunden gebraucht
bei 7 cores haben 1000 Messungen 3.137831 Sekunden gebraucht
bei 7 cores haben 1000 Messungen 3.301466 Sekunden gebraucht
bei 7 cores haben 1000 Messungen 3.169600 Sekunden gebraucht
bei 7 cores haben 1000 Messungen 3.277807 Sekunden gebraucht
bei 7 cores haben 1000 Messungen 3.304870 Sekunden gebraucht
bei 7 cores haben 1000 Messungen 3.313472 Sekunden gebraucht
bei 7 cores haben 1000 Messungen 3.277215 Sekunden gebraucht
bei 7 cores haben 1000 Messungen 3.264387 Sekunden gebraucht
bei 8 cores haben 1000 Messungen 3.311428 Sekunden gebraucht
bei 8 cores haben 1000 Messungen 3.298418 Sekunden gebraucht
bei 8 cores haben 1000 Messungen 3.303599 Sekunden gebraucht
bei 8 cores haben 1000 Messungen 3.290578 Sekunden gebraucht
bei 8 cores haben 1000 Messungen 3.274603 Sekunden gebraucht
bei 8 cores haben 1000 Messungen 3.308260 Sekunden gebraucht
bei 8 cores haben 1000 Messungen 3.298740 Sekunden gebraucht
bei 8 cores haben 1000 Messungen 3.307057 Sekunden gebraucht
bei 8 cores haben 1000 Messungen 3.291183 Sekunden gebraucht
bei 8 cores haben 1000 Messungen 3.286331 Sekunden gebraucht
bei 9 cores haben 1000 Messungen 3.253942 Sekunden gebraucht
bei 9 cores haben 1000 Messungen 3.236649 Sekunden gebraucht
bei 9 cores haben 1000 Messungen 3.310973 Sekunden gebraucht
bei 9 cores haben 1000 Messungen 3.313063 Sekunden gebraucht
bei 9 cores haben 1000 Messungen 3.304315 Sekunden gebraucht
bei 9 cores haben 1000 Messungen 3.349685 Sekunden gebraucht
bei 9 cores haben 1000 Messungen 3.317785 Sekunden gebraucht
bei 9 cores haben 1000 Messungen 3.295163 Sekunden gebraucht
bei 9 cores haben 1000 Messungen 3.293500 Sekunden gebraucht
bei 9 cores haben 1000 Messungen 3.322620 Sekunden gebraucht
bei 10 cores haben 1000 Messungen 3.327935 Sekunden gebraucht
bei 10 cores haben 1000 Messungen 3.334512 Sekunden gebraucht
bei 10 cores haben 1000 Messungen 3.277626 Sekunden gebraucht
bei 10 cores haben 1000 Messungen 3.490986 Sekunden gebraucht
bei 10 cores haben 1000 Messungen 3.272864 Sekunden gebraucht
bei 10 cores haben 1000 Messungen 3.259721 Sekunden gebraucht
bei 10 cores haben 1000 Messungen 3.347467 Sekunden gebraucht
bei 10 cores haben 1000 Messungen 3.260722 Sekunden gebraucht
bei 10 cores haben 1000 Messungen 3.319246 Sekunden gebraucht
bei 10 cores haben 1000 Messungen 3.306508 Sekunden gebraucht
bei 11 cores haben 1000 Messungen 3.259935 Sekunden gebraucht
bei 11 cores haben 1000 Messungen 3.335505 Sekunden gebraucht
bei 11 cores haben 1000 Messungen 3.292862 Sekunden gebraucht
bei 11 cores haben 1000 Messungen 3.285943 Sekunden gebraucht
bei 11 cores haben 1000 Messungen 3.375187 Sekunden gebraucht
bei 11 cores haben 1000 Messungen 3.322074 Sekunden gebraucht
bei 11 cores haben 1000 Messungen 3.276346 Sekunden gebraucht
bei 11 cores haben 1000 Messungen 3.258144 Sekunden gebraucht
bei 11 cores haben 1000 Messungen 3.273154 Sekunden gebraucht
bei 11 cores haben 1000 Messungen 3.279752 Sekunden gebraucht
bei 12 cores haben 1000 Messungen 3.360542 Sekunden gebraucht
bei 12 cores haben 1000 Messungen 3.285829 Sekunden gebraucht
bei 12 cores haben 1000 Messungen 3.256549 Sekunden gebraucht
bei 12 cores haben 1000 Messungen 3.260092 Sekunden gebraucht
bei 12 cores haben 1000 Messungen 3.262736 Sekunden gebraucht
bei 12 cores haben 1000 Messungen 3.313660 Sekunden gebraucht
bei 12 cores haben 1000 Messungen 3.269311 Sekunden gebraucht
bei 12 cores haben 1000 Messungen 3.247434 Sekunden gebraucht
bei 12 cores haben 1000 Messungen 3.252361 Sekunden gebraucht
bei 12 cores haben 1000 Messungen 3.255899 Sekunden gebraucht
bei 13 cores haben 1000 Messungen 3.300353 Sekunden gebraucht
bei 13 cores haben 1000 Messungen 3.293046 Sekunden gebraucht
bei 13 cores haben 1000 Messungen 3.280547 Sekunden gebraucht
bei 13 cores haben 1000 Messungen 3.388486 Sekunden gebraucht
bei 13 cores haben 1000 Messungen 3.291149 Sekunden gebraucht
bei 13 cores haben 1000 Messungen 3.347678 Sekunden gebraucht
bei 13 cores haben 1000 Messungen 3.302445 Sekunden gebraucht
bei 13 cores haben 1000 Messungen 3.278621 Sekunden gebraucht
bei 13 cores haben 1000 Messungen 3.414761 Sekunden gebraucht
bei 13 cores haben 1000 Messungen 3.412446 Sekunden gebraucht
bei 14 cores haben 1000 Messungen 3.329806 Sekunden gebraucht
bei 14 cores haben 1000 Messungen 3.310741 Sekunden gebraucht
bei 14 cores haben 1000 Messungen 3.322737 Sekunden gebraucht
bei 14 cores haben 1000 Messungen 3.461148 Sekunden gebraucht
bei 14 cores haben 1000 Messungen 3.310548 Sekunden gebraucht
bei 14 cores haben 1000 Messungen 3.332048 Sekunden gebraucht
bei 14 cores haben 1000 Messungen 3.322767 Sekunden gebraucht
bei 14 cores haben 1000 Messungen 3.328055 Sekunden gebraucht
bei 14 cores haben 1000 Messungen 3.337191 Sekunden gebraucht
bei 14 cores haben 1000 Messungen 3.335210 Sekunden gebraucht
bei 15 cores haben 1000 Messungen 3.317946 Sekunden gebraucht
bei 15 cores haben 1000 Messungen 3.329294 Sekunden gebraucht
bei 15 cores haben 1000 Messungen 3.317447 Sekunden gebraucht
bei 15 cores haben 1000 Messungen 3.325862 Sekunden gebraucht
bei 15 cores haben 1000 Messungen 3.331687 Sekunden gebraucht
bei 15 cores haben 1000 Messungen 3.320856 Sekunden gebraucht
bei 15 cores haben 1000 Messungen 3.321442 Sekunden gebraucht
bei 15 cores haben 1000 Messungen 3.505578 Sekunden gebraucht
bei 15 cores haben 1000 Messungen 3.318069 Sekunden gebraucht
bei 15 cores haben 1000 Messungen 3.323939 Sekunden gebraucht
bei 16 cores haben 1000 Messungen 3.374139 Sekunden gebraucht
bei 16 cores haben 1000 Messungen 3.337161 Sekunden gebraucht
bei 16 cores haben 1000 Messungen 3.371953 Sekunden gebraucht
bei 16 cores haben 1000 Messungen 3.340254 Sekunden gebraucht
bei 16 cores haben 1000 Messungen 3.336161 Sekunden gebraucht
bei 16 cores haben 1000 Messungen 3.345459 Sekunden gebraucht
bei 16 cores haben 1000 Messungen 3.339473 Sekunden gebraucht
bei 16 cores haben 1000 Messungen 3.328668 Sekunden gebraucht
bei 16 cores haben 1000 Messungen 3.338528 Sekunden gebraucht
bei 16 cores haben 1000 Messungen 3.330574 Sekunden gebraucht
Laenge=50
bei 1 cores haben 1000 Messungen 0.276940 Sekunden gebraucht
bei 1 cores haben 1000 Messungen 0.332013 Sekunden gebraucht
bei 1 cores haben 1000 Messungen 0.273711 Sekunden gebraucht
bei 1 cores haben 1000 Messungen 0.273544 Sekunden gebraucht
bei 1 cores haben 1000 Messungen 0.273817 Sekunden gebraucht
bei 1 cores haben 1000 Messungen 0.273274 Sekunden gebraucht
bei 1 cores haben 1000 Messungen 0.331905 Sekunden gebraucht
bei 1 cores haben 1000 Messungen 0.406332 Sekunden gebraucht
bei 1 cores haben 1000 Messungen 0.403695 Sekunden gebraucht
bei 1 cores haben 1000 Messungen 0.306316 Sekunden gebraucht
bei 2 cores haben 1000 Messungen 0.434645 Sekunden gebraucht
bei 2 cores haben 1000 Messungen 0.242890 Sekunden gebraucht
bei 2 cores haben 1000 Messungen 0.426600 Sekunden gebraucht
bei 2 cores haben 1000 Messungen 0.376013 Sekunden gebraucht
bei 2 cores haben 1000 Messungen 0.368124 Sekunden gebraucht
bei 2 cores haben 1000 Messungen 0.368725 Sekunden gebraucht
bei 2 cores haben 1000 Messungen 0.374123 Sekunden gebraucht
bei 2 cores haben 1000 Messungen 0.367885 Sekunden gebraucht
bei 2 cores haben 1000 Messungen 0.367941 Sekunden gebraucht
bei 2 cores haben 1000 Messungen 0.368273 Sekunden gebraucht
bei 3 cores haben 1000 Messungen 0.295851 Sekunden gebraucht
bei 3 cores haben 1000 Messungen 0.295674 Sekunden gebraucht
bei 3 cores haben 1000 Messungen 0.192084 Sekunden gebraucht
bei 3 cores haben 1000 Messungen 0.197900 Sekunden gebraucht
bei 3 cores haben 1000 Messungen 0.300812 Sekunden gebraucht
bei 3 cores haben 1000 Messungen 0.208738 Sekunden gebraucht
bei 3 cores haben 1000 Messungen 0.295373 Sekunden gebraucht
bei 3 cores haben 1000 Messungen 0.180199 Sekunden gebraucht
bei 3 cores haben 1000 Messungen 0.308050 Sekunden gebraucht
bei 3 cores haben 1000 Messungen 0.208962 Sekunden gebraucht
bei 4 cores haben 1000 Messungen 0.255062 Sekunden gebraucht
bei 4 cores haben 1000 Messungen 0.251393 Sekunden gebraucht
bei 4 cores haben 1000 Messungen 0.174514 Sekunden gebraucht
bei 4 cores haben 1000 Messungen 0.256446 Sekunden gebraucht
bei 4 cores haben 1000 Messungen 0.168146 Sekunden gebraucht
bei 4 cores haben 1000 Messungen 0.260965 Sekunden gebraucht
bei 4 cores haben 1000 Messungen 0.254325 Sekunden gebraucht
bei 4 cores haben 1000 Messungen 0.248395 Sekunden gebraucht
bei 4 cores haben 1000 Messungen 0.253108 Sekunden gebraucht
bei 4 cores haben 1000 Messungen 0.137549 Sekunden gebraucht
bei 5 cores haben 1000 Messungen 0.296927 Sekunden gebraucht
bei 5 cores haben 1000 Messungen 0.268715 Sekunden gebraucht
bei 5 cores haben 1000 Messungen 0.247988 Sekunden gebraucht
bei 5 cores haben 1000 Messungen 0.253165 Sekunden gebraucht
bei 5 cores haben 1000 Messungen 0.243730 Sekunden gebraucht
bei 5 cores haben 1000 Messungen 0.242748 Sekunden gebraucht
bei 5 cores haben 1000 Messungen 0.245147 Sekunden gebraucht
bei 5 cores haben 1000 Messungen 0.251873 Sekunden gebraucht
bei 5 cores haben 1000 Messungen 0.242747 Sekunden gebraucht
bei 5 cores haben 1000 Messungen 0.241800 Sekunden gebraucht
bei 6 cores haben 1000 Messungen 0.212147 Sekunden gebraucht
bei 6 cores haben 1000 Messungen 0.235511 Sekunden gebraucht
bei 6 cores haben 1000 Messungen 0.242393 Sekunden gebraucht
bei 6 cores haben 1000 Messungen 0.231237 Sekunden gebraucht
bei 6 cores haben 1000 Messungen 0.233133 Sekunden gebraucht
bei 6 cores haben 1000 Messungen 0.245078 Sekunden gebraucht
bei 6 cores haben 1000 Messungen 0.239171 Sekunden gebraucht
bei 6 cores haben 1000 Messungen 0.232562 Sekunden gebraucht
bei 6 cores haben 1000 Messungen 0.203118 Sekunden gebraucht
bei 6 cores haben 1000 Messungen 0.234521 Sekunden gebraucht
bei 7 cores haben 1000 Messungen 0.249036 Sekunden gebraucht
bei 7 cores haben 1000 Messungen 0.233267 Sekunden gebraucht
bei 7 cores haben 1000 Messungen 0.235202 Sekunden gebraucht
bei 7 cores haben 1000 Messungen 0.111230 Sekunden gebraucht
bei 7 cores haben 1000 Messungen 0.190646 Sekunden gebraucht
bei 7 cores haben 1000 Messungen 0.245676 Sekunden gebraucht
bei 7 cores haben 1000 Messungen 0.125696 Sekunden gebraucht
bei 7 cores haben 1000 Messungen 0.200226 Sekunden gebraucht
bei 7 cores haben 1000 Messungen 0.232660 Sekunden gebraucht
bei 7 cores haben 1000 Messungen 0.137130 Sekunden gebraucht
bei 8 cores haben 1000 Messungen 0.224940 Sekunden gebraucht
bei 8 cores haben 1000 Messungen 0.233707 Sekunden gebraucht
bei 8 cores haben 1000 Messungen 0.235825 Sekunden gebraucht
bei 8 cores haben 1000 Messungen 0.234171 Sekunden gebraucht
bei 8 cores haben 1000 Messungen 0.246112 Sekunden gebraucht
bei 8 cores haben 1000 Messungen 0.228793 Sekunden gebraucht
bei 8 cores haben 1000 Messungen 0.230691 Sekunden gebraucht
bei 8 cores haben 1000 Messungen 0.230998 Sekunden gebraucht
bei 8 cores haben 1000 Messungen 0.232408 Sekunden gebraucht
bei 8 cores haben 1000 Messungen 0.240640 Sekunden gebraucht
bei 9 cores haben 1000 Messungen 0.230712 Sekunden gebraucht
bei 9 cores haben 1000 Messungen 0.283423 Sekunden gebraucht
bei 9 cores haben 1000 Messungen 0.216569 Sekunden gebraucht
bei 9 cores haben 1000 Messungen 0.289219 Sekunden gebraucht
bei 9 cores haben 1000 Messungen 0.229677 Sekunden gebraucht
bei 9 cores haben 1000 Messungen 0.232235 Sekunden gebraucht
bei 9 cores haben 1000 Messungen 0.229701 Sekunden gebraucht
bei 9 cores haben 1000 Messungen 0.790899 Sekunden gebraucht
bei 9 cores haben 1000 Messungen 0.248036 Sekunden gebraucht
bei 9 cores haben 1000 Messungen 0.236776 Sekunden gebraucht
bei 10 cores haben 1000 Messungen 0.225642 Sekunden gebraucht
bei 10 cores haben 1000 Messungen 0.226937 Sekunden gebraucht
bei 10 cores haben 1000 Messungen 0.226576 Sekunden gebraucht
bei 10 cores haben 1000 Messungen 0.371689 Sekunden gebraucht
bei 10 cores haben 1000 Messungen 0.226610 Sekunden gebraucht
bei 10 cores haben 1000 Messungen 0.225826 Sekunden gebraucht
bei 10 cores haben 1000 Messungen 0.243704 Sekunden gebraucht
bei 10 cores haben 1000 Messungen 0.383198 Sekunden gebraucht
bei 10 cores haben 1000 Messungen 0.225753 Sekunden gebraucht
bei 10 cores haben 1000 Messungen 0.224350 Sekunden gebraucht
bei 11 cores haben 1000 Messungen 0.240372 Sekunden gebraucht
bei 11 cores haben 1000 Messungen 0.538058 Sekunden gebraucht
bei 11 cores haben 1000 Messungen 0.531481 Sekunden gebraucht
bei 11 cores haben 1000 Messungen 0.245880 Sekunden gebraucht
bei 11 cores haben 1000 Messungen 0.229651 Sekunden gebraucht
bei 11 cores haben 1000 Messungen 0.224452 Sekunden gebraucht
bei 11 cores haben 1000 Messungen 0.232291 Sekunden gebraucht
bei 11 cores haben 1000 Messungen 0.509306 Sekunden gebraucht
bei 11 cores haben 1000 Messungen 0.229591 Sekunden gebraucht
bei 11 cores haben 1000 Messungen 0.240942 Sekunden gebraucht
bei 12 cores haben 1000 Messungen 0.228215 Sekunden gebraucht
bei 12 cores haben 1000 Messungen 0.231329 Sekunden gebraucht
bei 12 cores haben 1000 Messungen 0.296325 Sekunden gebraucht
bei 12 cores haben 1000 Messungen 0.239622 Sekunden gebraucht
bei 12 cores haben 1000 Messungen 0.373044 Sekunden gebraucht
bei 12 cores haben 1000 Messungen 0.231595 Sekunden gebraucht
bei 12 cores haben 1000 Messungen 0.231869 Sekunden gebraucht
bei 12 cores haben 1000 Messungen 0.235740 Sekunden gebraucht
bei 12 cores haben 1000 Messungen 0.236092 Sekunden gebraucht
bei 12 cores haben 1000 Messungen 0.322759 Sekunden gebraucht
bei 13 cores haben 1000 Messungen 0.235424 Sekunden gebraucht
bei 13 cores haben 1000 Messungen 0.241373 Sekunden gebraucht
bei 13 cores haben 1000 Messungen 0.226134 Sekunden gebraucht
bei 13 cores haben 1000 Messungen 0.226036 Sekunden gebraucht
bei 13 cores haben 1000 Messungen 0.226716 Sekunden gebraucht
bei 13 cores haben 1000 Messungen 0.246764 Sekunden gebraucht
bei 13 cores haben 1000 Messungen 0.227634 Sekunden gebraucht
bei 13 cores haben 1000 Messungen 0.227557 Sekunden gebraucht
bei 13 cores haben 1000 Messungen 0.226652 Sekunden gebraucht
bei 13 cores haben 1000 Messungen 0.236194 Sekunden gebraucht
bei 14 cores haben 1000 Messungen 0.239546 Sekunden gebraucht
bei 14 cores haben 1000 Messungen 0.229165 Sekunden gebraucht
bei 14 cores haben 1000 Messungen 0.228866 Sekunden gebraucht
bei 14 cores haben 1000 Messungen 0.238999 Sekunden gebraucht
bei 14 cores haben 1000 Messungen 0.233201 Sekunden gebraucht
bei 14 cores haben 1000 Messungen 0.230121 Sekunden gebraucht
bei 14 cores haben 1000 Messungen 0.227579 Sekunden gebraucht
bei 14 cores haben 1000 Messungen 0.230457 Sekunden gebraucht
bei 14 cores haben 1000 Messungen 0.239127 Sekunden gebraucht
bei 14 cores haben 1000 Messungen 0.227587 Sekunden gebraucht
bei 15 cores haben 1000 Messungen 0.226195 Sekunden gebraucht
bei 15 cores haben 1000 Messungen 0.226548 Sekunden gebraucht
bei 15 cores haben 1000 Messungen 0.253091 Sekunden gebraucht
bei 15 cores haben 1000 Messungen 0.225813 Sekunden gebraucht
bei 15 cores haben 1000 Messungen 0.224680 Sekunden gebraucht
bei 15 cores haben 1000 Messungen 0.225772 Sekunden gebraucht
bei 15 cores haben 1000 Messungen 0.234004 Sekunden gebraucht
bei 15 cores haben 1000 Messungen 0.239460 Sekunden gebraucht
bei 15 cores haben 1000 Messungen 0.226886 Sekunden gebraucht
bei 15 cores haben 1000 Messungen 0.227214 Sekunden gebraucht
bei 16 cores haben 1000 Messungen 0.247491 Sekunden gebraucht
bei 16 cores haben 1000 Messungen 0.254914 Sekunden gebraucht
bei 16 cores haben 1000 Messungen 0.231140 Sekunden gebraucht
bei 16 cores haben 1000 Messungen 0.230953 Sekunden gebraucht
bei 16 cores haben 1000 Messungen 0.232277 Sekunden gebraucht
bei 16 cores haben 1000 Messungen 0.246778 Sekunden gebraucht
bei 16 cores haben 1000 Messungen 0.230722 Sekunden gebraucht
bei 16 cores haben 1000 Messungen 0.232492 Sekunden gebraucht
bei 16 cores haben 1000 Messungen 0.231659 Sekunden gebraucht
bei 16 cores haben 1000 Messungen 0.254530 Sekunden gebraucht
/hiskp4/gross/bachelorarbeit
