Tue Jun 23 11:14:40 CEST 2020 Waiting for 30 seconds before starting the job to allow the node to settle down
Tue Jun 23 11:15:10 CEST 2020 Waiting done, starting task!
Tue Jun 23 11:15:10 CEST 2020 Waiting for 30 seconds before starting the job to allow the node to settle down
Tue Jun 23 11:15:40 CEST 2020 Waiting done, starting task!
Laenge=384	Temperatur=4.500000
bei 1 cores haben 1000 Messungen 9.378591 Sekunden gebraucht
bei 1 cores haben 1000 Messungen 9.182904 Sekunden gebraucht
bei 1 cores haben 1000 Messungen 9.164589 Sekunden gebraucht
bei 1 cores haben 1000 Messungen 9.359381 Sekunden gebraucht
bei 1 cores haben 1000 Messungen 9.201509 Sekunden gebraucht
bei 2 cores haben 1000 Messungen 10.002661 Sekunden gebraucht
bei 2 cores haben 1000 Messungen 10.121698 Sekunden gebraucht
bei 2 cores haben 1000 Messungen 9.893157 Sekunden gebraucht
bei 2 cores haben 1000 Messungen 9.792528 Sekunden gebraucht
bei 2 cores haben 1000 Messungen 9.842256 Sekunden gebraucht
bei 3 cores haben 1000 Messungen 6.120444 Sekunden gebraucht
bei 3 cores haben 1000 Messungen 6.139257 Sekunden gebraucht
bei 3 cores haben 1000 Messungen 6.537773 Sekunden gebraucht
bei 3 cores haben 1000 Messungen 7.015327 Sekunden gebraucht
bei 3 cores haben 1000 Messungen 6.559356 Sekunden gebraucht
bei 4 cores haben 1000 Messungen 5.205582 Sekunden gebraucht
bei 4 cores haben 1000 Messungen 5.381834 Sekunden gebraucht
bei 4 cores haben 1000 Messungen 5.247056 Sekunden gebraucht
bei 4 cores haben 1000 Messungen 5.242347 Sekunden gebraucht
bei 4 cores haben 1000 Messungen 5.416115 Sekunden gebraucht
bei 5 cores haben 1000 Messungen 4.858946 Sekunden gebraucht
bei 5 cores haben 1000 Messungen 4.592471 Sekunden gebraucht
bei 5 cores haben 1000 Messungen 4.638145 Sekunden gebraucht
bei 5 cores haben 1000 Messungen 4.651722 Sekunden gebraucht
bei 5 cores haben 1000 Messungen 4.755592 Sekunden gebraucht
bei 6 cores haben 1000 Messungen 4.256319 Sekunden gebraucht
bei 6 cores haben 1000 Messungen 4.604432 Sekunden gebraucht
bei 6 cores haben 1000 Messungen 4.178764 Sekunden gebraucht
bei 6 cores haben 1000 Messungen 4.192814 Sekunden gebraucht
bei 6 cores haben 1000 Messungen 4.630758 Sekunden gebraucht
bei 7 cores haben 1000 Messungen 3.618324 Sekunden gebraucht
bei 7 cores haben 1000 Messungen 3.803287 Sekunden gebraucht
bei 7 cores haben 1000 Messungen 3.602492 Sekunden gebraucht
bei 7 cores haben 1000 Messungen 4.110526 Sekunden gebraucht
bei 7 cores haben 1000 Messungen 3.950327 Sekunden gebraucht
bei 8 cores haben 1000 Messungen 3.238787 Sekunden gebraucht
bei 8 cores haben 1000 Messungen 3.144098 Sekunden gebraucht
bei 8 cores haben 1000 Messungen 3.258784 Sekunden gebraucht
bei 8 cores haben 1000 Messungen 3.211134 Sekunden gebraucht
bei 8 cores haben 1000 Messungen 3.412269 Sekunden gebraucht
bei 9 cores haben 1000 Messungen 3.003553 Sekunden gebraucht
bei 9 cores haben 1000 Messungen 3.089969 Sekunden gebraucht
bei 9 cores haben 1000 Messungen 3.116463 Sekunden gebraucht
bei 9 cores haben 1000 Messungen 3.141734 Sekunden gebraucht
bei 9 cores haben 1000 Messungen 2.921665 Sekunden gebraucht
bei 10 cores haben 1000 Messungen 2.769048 Sekunden gebraucht
bei 10 cores haben 1000 Messungen 2.893960 Sekunden gebraucht
bei 10 cores haben 1000 Messungen 3.097103 Sekunden gebraucht
bei 10 cores haben 1000 Messungen 2.924535 Sekunden gebraucht
bei 10 cores haben 1000 Messungen 2.918250 Sekunden gebraucht
bei 11 cores haben 1000 Messungen 2.857979 Sekunden gebraucht
bei 11 cores haben 1000 Messungen 2.912848 Sekunden gebraucht
bei 11 cores haben 1000 Messungen 2.900456 Sekunden gebraucht
bei 11 cores haben 1000 Messungen 2.732743 Sekunden gebraucht
bei 11 cores haben 1000 Messungen 2.709358 Sekunden gebraucht
bei 12 cores haben 1000 Messungen 2.556337 Sekunden gebraucht
bei 12 cores haben 1000 Messungen 2.564619 Sekunden gebraucht
bei 12 cores haben 1000 Messungen 2.579886 Sekunden gebraucht
bei 12 cores haben 1000 Messungen 2.653942 Sekunden gebraucht
bei 12 cores haben 1000 Messungen 2.826914 Sekunden gebraucht
/hiskp4/gross/bachelorarbeit
