Tue Jun 23 11:00:39 CEST 2020 Waiting for 30 seconds before starting the job to allow the node to settle down
Tue Jun 23 11:01:09 CEST 2020 Waiting done, starting task!
Tue Jun 23 11:01:10 CEST 2020 Waiting for 30 seconds before starting the job to allow the node to settle down
Tue Jun 23 11:01:40 CEST 2020 Waiting done, starting task!
Laenge=384	Temperatur=4.500000
bei 1 cores haben 1000 Messungen 9.824574 Sekunden gebraucht
bei 1 cores haben 1000 Messungen 9.671586 Sekunden gebraucht
bei 1 cores haben 1000 Messungen 9.667375 Sekunden gebraucht
bei 1 cores haben 1000 Messungen 9.675619 Sekunden gebraucht
bei 1 cores haben 1000 Messungen 9.673799 Sekunden gebraucht
bei 2 cores haben 1000 Messungen 9.747942 Sekunden gebraucht
bei 2 cores haben 1000 Messungen 9.827434 Sekunden gebraucht
bei 2 cores haben 1000 Messungen 9.835425 Sekunden gebraucht
bei 2 cores haben 1000 Messungen 9.713153 Sekunden gebraucht
bei 2 cores haben 1000 Messungen 9.713391 Sekunden gebraucht
bei 3 cores haben 1000 Messungen 5.848764 Sekunden gebraucht
bei 3 cores haben 1000 Messungen 5.584905 Sekunden gebraucht
bei 3 cores haben 1000 Messungen 5.922403 Sekunden gebraucht
bei 3 cores haben 1000 Messungen 7.544204 Sekunden gebraucht
bei 3 cores haben 1000 Messungen 5.969510 Sekunden gebraucht
bei 4 cores haben 1000 Messungen 5.674953 Sekunden gebraucht
bei 4 cores haben 1000 Messungen 5.474579 Sekunden gebraucht
bei 4 cores haben 1000 Messungen 5.449160 Sekunden gebraucht
bei 4 cores haben 1000 Messungen 5.442110 Sekunden gebraucht
bei 4 cores haben 1000 Messungen 5.693663 Sekunden gebraucht
bei 5 cores haben 1000 Messungen 5.170670 Sekunden gebraucht
bei 5 cores haben 1000 Messungen 5.114087 Sekunden gebraucht
bei 5 cores haben 1000 Messungen 5.231797 Sekunden gebraucht
bei 5 cores haben 1000 Messungen 4.116318 Sekunden gebraucht
bei 5 cores haben 1000 Messungen 4.077633 Sekunden gebraucht
bei 6 cores haben 1000 Messungen 3.849636 Sekunden gebraucht
bei 6 cores haben 1000 Messungen 4.614957 Sekunden gebraucht
bei 6 cores haben 1000 Messungen 4.662849 Sekunden gebraucht
bei 6 cores haben 1000 Messungen 4.764436 Sekunden gebraucht
bei 6 cores haben 1000 Messungen 4.045351 Sekunden gebraucht
bei 7 cores haben 1000 Messungen 4.044643 Sekunden gebraucht
bei 7 cores haben 1000 Messungen 4.172118 Sekunden gebraucht
bei 7 cores haben 1000 Messungen 4.105118 Sekunden gebraucht
bei 7 cores haben 1000 Messungen 3.634399 Sekunden gebraucht
bei 7 cores haben 1000 Messungen 4.142248 Sekunden gebraucht
bei 8 cores haben 1000 Messungen 3.793822 Sekunden gebraucht
bei 8 cores haben 1000 Messungen 3.645607 Sekunden gebraucht
bei 8 cores haben 1000 Messungen 3.623074 Sekunden gebraucht
bei 8 cores haben 1000 Messungen 3.198621 Sekunden gebraucht
bei 8 cores haben 1000 Messungen 3.378982 Sekunden gebraucht
bei 9 cores haben 1000 Messungen 3.367618 Sekunden gebraucht
bei 9 cores haben 1000 Messungen 3.408978 Sekunden gebraucht
bei 9 cores haben 1000 Messungen 3.334737 Sekunden gebraucht
bei 9 cores haben 1000 Messungen 3.261907 Sekunden gebraucht
bei 9 cores haben 1000 Messungen 3.225318 Sekunden gebraucht
bei 10 cores haben 1000 Messungen 2.972054 Sekunden gebraucht
bei 10 cores haben 1000 Messungen 2.975875 Sekunden gebraucht
bei 10 cores haben 1000 Messungen 2.956667 Sekunden gebraucht
bei 10 cores haben 1000 Messungen 3.123606 Sekunden gebraucht
bei 10 cores haben 1000 Messungen 3.174453 Sekunden gebraucht
bei 11 cores haben 1000 Messungen 2.815136 Sekunden gebraucht
bei 11 cores haben 1000 Messungen 3.099341 Sekunden gebraucht
bei 11 cores haben 1000 Messungen 2.916034 Sekunden gebraucht
bei 11 cores haben 1000 Messungen 3.046325 Sekunden gebraucht
bei 11 cores haben 1000 Messungen 2.856509 Sekunden gebraucht
bei 12 cores haben 1000 Messungen 2.857296 Sekunden gebraucht
bei 12 cores haben 1000 Messungen 2.542757 Sekunden gebraucht
bei 12 cores haben 1000 Messungen 2.491812 Sekunden gebraucht
bei 12 cores haben 1000 Messungen 2.530829 Sekunden gebraucht
bei 12 cores haben 1000 Messungen 2.528319 Sekunden gebraucht
/hiskp4/gross/bachelorarbeit
