Tue Jul 21 17:57:43 CEST 2020 Waiting for 30 seconds before starting the job to allow the node to settle down
Tue Jul 21 17:58:13 CEST 2020 Waiting done, starting task!
24 1
Tue Jul 21 17:58:13 CEST 2020 Waiting for 30 seconds before starting the job to allow the node to settle down
Tue Jul 21 17:58:43 CEST 2020 Waiting done, starting task!
3 0
24
24 2
Tue Jul 21 17:58:45 CEST 2020 Waiting for 30 seconds before starting the job to allow the node to settle down
Tue Jul 21 17:58:45 CEST 2020 Waiting for 30 seconds before starting the job to allow the node to settle down
Tue Jul 21 17:59:15 CEST 2020 Waiting done, starting task!
Tue Jul 21 17:59:15 CEST 2020 Waiting done, starting task!
3 0
3 1
24
24 3
Tue Jul 21 17:59:16 CEST 2020 Waiting for 30 seconds before starting the job to allow the node to settle down
Tue Jul 21 17:59:16 CEST 2020 Waiting for 30 seconds before starting the job to allow the node to settle down
Tue Jul 21 17:59:16 CEST 2020 Waiting for 30 seconds before starting the job to allow the node to settle down
Tue Jul 21 17:59:46 CEST 2020 Waiting done, starting task!
Tue Jul 21 17:59:46 CEST 2020 Waiting done, starting task!
Tue Jul 21 17:59:46 CEST 2020 Waiting done, starting task!
3 1
3 0
3 2
24
24 4
Tue Jul 21 17:59:48 CEST 2020 Waiting for 30 seconds before starting the job to allow the node to settle down
Tue Jul 21 17:59:48 CEST 2020 Waiting for 30 seconds before starting the job to allow the node to settle down
Tue Jul 21 17:59:48 CEST 2020 Waiting for 30 seconds before starting the job to allow the node to settle down
Tue Jul 21 17:59:48 CEST 2020 Waiting for 30 seconds before starting the job to allow the node to settle down
Tue Jul 21 18:00:18 CEST 2020 Waiting done, starting task!
Tue Jul 21 18:00:18 CEST 2020 Waiting done, starting task!
Tue Jul 21 18:00:18 CEST 2020 Waiting done, starting task!
Tue Jul 21 18:00:18 CEST 2020 Waiting done, starting task!
3 0
3 2
3 3
3 1
24
24 6
Tue Jul 21 18:00:20 CEST 2020 Waiting for 30 seconds before starting the job to allow the node to settle down
Tue Jul 21 18:00:20 CEST 2020 Waiting for 30 seconds before starting the job to allow the node to settle down
Tue Jul 21 18:00:20 CEST 2020 Waiting for 30 seconds before starting the job to allow the node to settle down
Tue Jul 21 18:00:20 CEST 2020 Waiting for 30 seconds before starting the job to allow the node to settle down
Tue Jul 21 18:00:20 CEST 2020 Waiting for 30 seconds before starting the job to allow the node to settle down
Tue Jul 21 18:00:20 CEST 2020 Waiting for 30 seconds before starting the job to allow the node to settle down
Tue Jul 21 18:00:50 CEST 2020 Waiting done, starting task!
Tue Jul 21 18:00:50 CEST 2020 Waiting done, starting task!
Tue Jul 21 18:00:50 CEST 2020 Waiting done, starting task!
Tue Jul 21 18:00:50 CEST 2020 Waiting done, starting task!
Tue Jul 21 18:00:50 CEST 2020 Waiting done, starting task!
Tue Jul 21 18:00:50 CEST 2020 Waiting done, starting task!
3 3
3 2
3 4
3 0
3 1
3 5
24
24 8
Tue Jul 21 18:00:52 CEST 2020 Waiting for 30 seconds before starting the job to allow the node to settle down
Tue Jul 21 18:00:52 CEST 2020 Waiting for 30 seconds before starting the job to allow the node to settle down
Tue Jul 21 18:00:52 CEST 2020 Waiting for 30 seconds before starting the job to allow the node to settle down
Tue Jul 21 18:00:52 CEST 2020 Waiting for 30 seconds before starting the job to allow the node to settle down
Tue Jul 21 18:00:52 CEST 2020 Waiting for 30 seconds before starting the job to allow the node to settle down
Tue Jul 21 18:00:52 CEST 2020 Waiting for 30 seconds before starting the job to allow the node to settle down
Tue Jul 21 18:00:52 CEST 2020 Waiting for 30 seconds before starting the job to allow the node to settle down
Tue Jul 21 18:00:52 CEST 2020 Waiting for 30 seconds before starting the job to allow the node to settle down
Tue Jul 21 18:01:22 CEST 2020 Waiting done, starting task!
Tue Jul 21 18:01:22 CEST 2020 Waiting done, starting task!
Tue Jul 21 18:01:22 CEST 2020 Waiting done, starting task!
Tue Jul 21 18:01:22 CEST 2020 Waiting done, starting task!
Tue Jul 21 18:01:22 CEST 2020 Waiting done, starting task!
Tue Jul 21 18:01:22 CEST 2020 Waiting done, starting task!
Tue Jul 21 18:01:22 CEST 2020 Waiting done, starting task!
Tue Jul 21 18:01:22 CEST 2020 Waiting done, starting task!
3 1
3 4
3 5
3 2
3 0
3 6
3 7
3 3
24
24 12
Tue Jul 21 18:01:24 CEST 2020 Waiting for 30 seconds before starting the job to allow the node to settle down
Tue Jul 21 18:01:24 CEST 2020 Waiting for 30 seconds before starting the job to allow the node to settle down
Tue Jul 21 18:01:24 CEST 2020 Waiting for 30 seconds before starting the job to allow the node to settle down
Tue Jul 21 18:01:24 CEST 2020 Waiting for 30 seconds before starting the job to allow the node to settle down
Tue Jul 21 18:01:24 CEST 2020 Waiting for 30 seconds before starting the job to allow the node to settle down
Tue Jul 21 18:01:24 CEST 2020 Waiting for 30 seconds before starting the job to allow the node to settle down
Tue Jul 21 18:01:24 CEST 2020 Waiting for 30 seconds before starting the job to allow the node to settle down
Tue Jul 21 18:01:24 CEST 2020 Waiting for 30 seconds before starting the job to allow the node to settle down
Tue Jul 21 18:01:24 CEST 2020 Waiting for 30 seconds before starting the job to allow the node to settle down
Tue Jul 21 18:01:24 CEST 2020 Waiting for 30 seconds before starting the job to allow the node to settle down
Tue Jul 21 18:01:24 CEST 2020 Waiting for 30 seconds before starting the job to allow the node to settle down
Tue Jul 21 18:01:24 CEST 2020 Waiting for 30 seconds before starting the job to allow the node to settle down
Tue Jul 21 18:01:54 CEST 2020 Waiting done, starting task!
Tue Jul 21 18:01:54 CEST 2020 Waiting done, starting task!
Tue Jul 21 18:01:54 CEST 2020 Waiting done, starting task!
Tue Jul 21 18:01:54 CEST 2020 Waiting done, starting task!
Tue Jul 21 18:01:54 CEST 2020 Waiting done, starting task!
Tue Jul 21 18:01:54 CEST 2020 Waiting done, starting task!
Tue Jul 21 18:01:54 CEST 2020 Waiting done, starting task!
Tue Jul 21 18:01:54 CEST 2020 Waiting done, starting task!
Tue Jul 21 18:01:54 CEST 2020 Waiting done, starting task!
Tue Jul 21 18:01:54 CEST 2020 Waiting done, starting task!
Tue Jul 21 18:01:54 CEST 2020 Waiting done, starting task!
Tue Jul 21 18:01:54 CEST 2020 Waiting done, starting task!
3 11
3 10
3 6
3 7
3 9
3 0
3 2
3 8
3 1
3 4
3 5
3 3
24
/hiskp4/gross/bachelorarbeit
