Fri Jul 24 15:08:29 CEST 2020 Waiting for 30 seconds before starting the job to allow the node to settle down
Fri Jul 24 15:08:59 CEST 2020 Waiting done, starting task!
Fri Jul 24 15:08:59 CEST 2020 Waiting for 30 seconds before starting the job to allow the node to settle down
Fri Jul 24 15:09:29 CEST 2020 Waiting done, starting task!
Laenge=500	Temperatur=2.200000
bei 1 cores haben 1000 Messungen 14.076493 Sekunden gebraucht
bei 1 cores haben 1000 Messungen 14.075964 Sekunden gebraucht
bei 1 cores haben 1000 Messungen 14.075609 Sekunden gebraucht
bei 1 cores haben 1000 Messungen 14.070612 Sekunden gebraucht
bei 1 cores haben 1000 Messungen 14.074727 Sekunden gebraucht
bei 1 cores haben 1000 Messungen 14.072008 Sekunden gebraucht
bei 1 cores haben 1000 Messungen 14.077944 Sekunden gebraucht
bei 1 cores haben 1000 Messungen 14.075553 Sekunden gebraucht
bei 1 cores haben 1000 Messungen 14.305237 Sekunden gebraucht
bei 1 cores haben 1000 Messungen 14.116024 Sekunden gebraucht
bei 2 cores haben 1000 Messungen 7.749083 Sekunden gebraucht
bei 2 cores haben 1000 Messungen 7.796803 Sekunden gebraucht
bei 2 cores haben 1000 Messungen 7.745121 Sekunden gebraucht
bei 2 cores haben 1000 Messungen 7.785896 Sekunden gebraucht
bei 2 cores haben 1000 Messungen 7.750023 Sekunden gebraucht
bei 2 cores haben 1000 Messungen 7.746877 Sekunden gebraucht
bei 2 cores haben 1000 Messungen 7.784905 Sekunden gebraucht
bei 2 cores haben 1000 Messungen 7.744688 Sekunden gebraucht
bei 2 cores haben 1000 Messungen 7.742295 Sekunden gebraucht
bei 2 cores haben 1000 Messungen 7.743754 Sekunden gebraucht
bei 3 cores haben 1000 Messungen 5.528513 Sekunden gebraucht
bei 3 cores haben 1000 Messungen 5.582095 Sekunden gebraucht
bei 3 cores haben 1000 Messungen 5.534272 Sekunden gebraucht
bei 3 cores haben 1000 Messungen 5.531450 Sekunden gebraucht
bei 3 cores haben 1000 Messungen 5.541373 Sekunden gebraucht
bei 3 cores haben 1000 Messungen 5.530118 Sekunden gebraucht
bei 3 cores haben 1000 Messungen 5.566723 Sekunden gebraucht
bei 3 cores haben 1000 Messungen 5.520012 Sekunden gebraucht
bei 3 cores haben 1000 Messungen 5.456185 Sekunden gebraucht
bei 3 cores haben 1000 Messungen 5.527111 Sekunden gebraucht
bei 4 cores haben 1000 Messungen 4.463844 Sekunden gebraucht
bei 4 cores haben 1000 Messungen 4.548197 Sekunden gebraucht
bei 4 cores haben 1000 Messungen 4.475974 Sekunden gebraucht
bei 4 cores haben 1000 Messungen 4.539760 Sekunden gebraucht
bei 4 cores haben 1000 Messungen 4.571325 Sekunden gebraucht
bei 4 cores haben 1000 Messungen 4.600742 Sekunden gebraucht
bei 4 cores haben 1000 Messungen 4.576447 Sekunden gebraucht
bei 4 cores haben 1000 Messungen 4.451113 Sekunden gebraucht
bei 4 cores haben 1000 Messungen 4.512963 Sekunden gebraucht
bei 4 cores haben 1000 Messungen 4.549304 Sekunden gebraucht
bei 5 cores haben 1000 Messungen 3.897293 Sekunden gebraucht
bei 5 cores haben 1000 Messungen 3.861851 Sekunden gebraucht
bei 5 cores haben 1000 Messungen 3.828186 Sekunden gebraucht
bei 5 cores haben 1000 Messungen 3.826996 Sekunden gebraucht
bei 5 cores haben 1000 Messungen 3.824154 Sekunden gebraucht
bei 5 cores haben 1000 Messungen 3.819311 Sekunden gebraucht
bei 5 cores haben 1000 Messungen 3.861515 Sekunden gebraucht
bei 5 cores haben 1000 Messungen 3.872354 Sekunden gebraucht
bei 5 cores haben 1000 Messungen 3.875245 Sekunden gebraucht
bei 5 cores haben 1000 Messungen 3.890035 Sekunden gebraucht
bei 6 cores haben 1000 Messungen 3.420342 Sekunden gebraucht
bei 6 cores haben 1000 Messungen 3.472452 Sekunden gebraucht
bei 6 cores haben 1000 Messungen 3.433103 Sekunden gebraucht
bei 6 cores haben 1000 Messungen 3.408254 Sekunden gebraucht
bei 6 cores haben 1000 Messungen 3.410819 Sekunden gebraucht
bei 6 cores haben 1000 Messungen 3.471870 Sekunden gebraucht
bei 6 cores haben 1000 Messungen 3.365756 Sekunden gebraucht
bei 6 cores haben 1000 Messungen 3.434168 Sekunden gebraucht
bei 6 cores haben 1000 Messungen 3.435060 Sekunden gebraucht
bei 6 cores haben 1000 Messungen 3.466396 Sekunden gebraucht
bei 7 cores haben 1000 Messungen 3.169067 Sekunden gebraucht
bei 7 cores haben 1000 Messungen 3.174912 Sekunden gebraucht
bei 7 cores haben 1000 Messungen 3.144408 Sekunden gebraucht
bei 7 cores haben 1000 Messungen 3.142050 Sekunden gebraucht
bei 7 cores haben 1000 Messungen 3.128342 Sekunden gebraucht
bei 7 cores haben 1000 Messungen 3.097482 Sekunden gebraucht
bei 7 cores haben 1000 Messungen 3.055360 Sekunden gebraucht
bei 7 cores haben 1000 Messungen 3.058040 Sekunden gebraucht
bei 7 cores haben 1000 Messungen 3.107879 Sekunden gebraucht
bei 7 cores haben 1000 Messungen 3.100896 Sekunden gebraucht
bei 8 cores haben 1000 Messungen 2.952905 Sekunden gebraucht
bei 8 cores haben 1000 Messungen 2.852505 Sekunden gebraucht
bei 8 cores haben 1000 Messungen 2.912682 Sekunden gebraucht
bei 8 cores haben 1000 Messungen 2.908358 Sekunden gebraucht
bei 8 cores haben 1000 Messungen 2.939564 Sekunden gebraucht
bei 8 cores haben 1000 Messungen 2.888440 Sekunden gebraucht
bei 8 cores haben 1000 Messungen 2.935444 Sekunden gebraucht
bei 8 cores haben 1000 Messungen 2.929908 Sekunden gebraucht
bei 8 cores haben 1000 Messungen 2.941432 Sekunden gebraucht
bei 8 cores haben 1000 Messungen 2.951446 Sekunden gebraucht
bei 9 cores haben 1000 Messungen 2.751099 Sekunden gebraucht
bei 9 cores haben 1000 Messungen 2.764967 Sekunden gebraucht
bei 9 cores haben 1000 Messungen 2.762757 Sekunden gebraucht
bei 9 cores haben 1000 Messungen 2.763824 Sekunden gebraucht
bei 9 cores haben 1000 Messungen 2.752312 Sekunden gebraucht
bei 9 cores haben 1000 Messungen 2.777252 Sekunden gebraucht
bei 9 cores haben 1000 Messungen 2.763415 Sekunden gebraucht
bei 9 cores haben 1000 Messungen 2.770382 Sekunden gebraucht
bei 9 cores haben 1000 Messungen 2.767727 Sekunden gebraucht
bei 9 cores haben 1000 Messungen 2.728791 Sekunden gebraucht
bei 10 cores haben 1000 Messungen 2.619394 Sekunden gebraucht
bei 10 cores haben 1000 Messungen 2.622820 Sekunden gebraucht
bei 10 cores haben 1000 Messungen 2.620608 Sekunden gebraucht
bei 10 cores haben 1000 Messungen 2.637593 Sekunden gebraucht
bei 10 cores haben 1000 Messungen 2.625716 Sekunden gebraucht
bei 10 cores haben 1000 Messungen 2.639527 Sekunden gebraucht
bei 10 cores haben 1000 Messungen 2.628503 Sekunden gebraucht
bei 10 cores haben 1000 Messungen 2.629381 Sekunden gebraucht
bei 10 cores haben 1000 Messungen 2.642594 Sekunden gebraucht
bei 10 cores haben 1000 Messungen 2.622446 Sekunden gebraucht
bei 11 cores haben 1000 Messungen 2.427055 Sekunden gebraucht
bei 11 cores haben 1000 Messungen 2.468038 Sekunden gebraucht
bei 11 cores haben 1000 Messungen 2.549288 Sekunden gebraucht
bei 11 cores haben 1000 Messungen 2.471603 Sekunden gebraucht
bei 11 cores haben 1000 Messungen 2.504829 Sekunden gebraucht
bei 11 cores haben 1000 Messungen 2.463043 Sekunden gebraucht
bei 11 cores haben 1000 Messungen 2.470631 Sekunden gebraucht
bei 11 cores haben 1000 Messungen 2.583695 Sekunden gebraucht
bei 11 cores haben 1000 Messungen 2.547021 Sekunden gebraucht
bei 11 cores haben 1000 Messungen 2.598789 Sekunden gebraucht
bei 12 cores haben 1000 Messungen 2.488586 Sekunden gebraucht
bei 12 cores haben 1000 Messungen 2.404196 Sekunden gebraucht
bei 12 cores haben 1000 Messungen 2.448309 Sekunden gebraucht
bei 12 cores haben 1000 Messungen 2.367948 Sekunden gebraucht
bei 12 cores haben 1000 Messungen 2.411611 Sekunden gebraucht
bei 12 cores haben 1000 Messungen 2.445262 Sekunden gebraucht
bei 12 cores haben 1000 Messungen 2.370080 Sekunden gebraucht
bei 12 cores haben 1000 Messungen 2.495627 Sekunden gebraucht
bei 12 cores haben 1000 Messungen 2.450332 Sekunden gebraucht
bei 12 cores haben 1000 Messungen 2.404675 Sekunden gebraucht
/hiskp4/gross/bachelorarbeit
