Fri Jun 12 11:56:25 CEST 2020 Waiting for 30 seconds before starting the job to allow the node to settle down
Fri Jun 12 11:56:55 CEST 2020 Waiting done, starting task!
Fri Jun 12 11:56:55 CEST 2020 Waiting for 30 seconds before starting the job to allow the node to settle down
Fri Jun 12 11:57:25 CEST 2020 Waiting done, starting task!
Laenge=10
bei 1 cores haben 1000 Messungen 0.013057 Sekunden gebraucht
bei 1 cores haben 1000 Messungen 0.013146 Sekunden gebraucht
bei 1 cores haben 1000 Messungen 0.019269 Sekunden gebraucht
bei 1 cores haben 1000 Messungen 0.018840 Sekunden gebraucht
bei 1 cores haben 1000 Messungen 0.016730 Sekunden gebraucht
bei 2 cores haben 1000 Messungen 0.013225 Sekunden gebraucht
bei 2 cores haben 1000 Messungen 0.010540 Sekunden gebraucht
bei 2 cores haben 1000 Messungen 0.010319 Sekunden gebraucht
bei 2 cores haben 1000 Messungen 0.010290 Sekunden gebraucht
bei 2 cores haben 1000 Messungen 0.010368 Sekunden gebraucht
bei 3 cores haben 1000 Messungen 0.019641 Sekunden gebraucht
bei 3 cores haben 1000 Messungen 0.018953 Sekunden gebraucht
bei 3 cores haben 1000 Messungen 0.019357 Sekunden gebraucht
bei 3 cores haben 1000 Messungen 0.018431 Sekunden gebraucht
bei 3 cores haben 1000 Messungen 0.016824 Sekunden gebraucht
bei 4 cores haben 1000 Messungen 0.018076 Sekunden gebraucht
bei 4 cores haben 1000 Messungen 0.018005 Sekunden gebraucht
bei 4 cores haben 1000 Messungen 0.018624 Sekunden gebraucht
bei 4 cores haben 1000 Messungen 0.018137 Sekunden gebraucht
bei 4 cores haben 1000 Messungen 0.017939 Sekunden gebraucht
bei 5 cores haben 1000 Messungen 0.018030 Sekunden gebraucht
bei 5 cores haben 1000 Messungen 0.017976 Sekunden gebraucht
bei 5 cores haben 1000 Messungen 0.018116 Sekunden gebraucht
bei 5 cores haben 1000 Messungen 0.018317 Sekunden gebraucht
bei 5 cores haben 1000 Messungen 0.018325 Sekunden gebraucht
bei 6 cores haben 1000 Messungen 0.019580 Sekunden gebraucht
bei 6 cores haben 1000 Messungen 0.019575 Sekunden gebraucht
bei 6 cores haben 1000 Messungen 0.019510 Sekunden gebraucht
bei 6 cores haben 1000 Messungen 0.019600 Sekunden gebraucht
bei 6 cores haben 1000 Messungen 0.019655 Sekunden gebraucht
bei 7 cores haben 1000 Messungen 0.019217 Sekunden gebraucht
bei 7 cores haben 1000 Messungen 0.019351 Sekunden gebraucht
bei 7 cores haben 1000 Messungen 0.019177 Sekunden gebraucht
bei 7 cores haben 1000 Messungen 0.019101 Sekunden gebraucht
bei 7 cores haben 1000 Messungen 0.018576 Sekunden gebraucht
bei 8 cores haben 1000 Messungen 0.018486 Sekunden gebraucht
bei 8 cores haben 1000 Messungen 0.017657 Sekunden gebraucht
bei 8 cores haben 1000 Messungen 0.017666 Sekunden gebraucht
bei 8 cores haben 1000 Messungen 0.017843 Sekunden gebraucht
bei 8 cores haben 1000 Messungen 0.019048 Sekunden gebraucht
bei 9 cores haben 1000 Messungen 0.018415 Sekunden gebraucht
bei 9 cores haben 1000 Messungen 0.018224 Sekunden gebraucht
bei 9 cores haben 1000 Messungen 0.018358 Sekunden gebraucht
bei 9 cores haben 1000 Messungen 0.018281 Sekunden gebraucht
bei 9 cores haben 1000 Messungen 0.018392 Sekunden gebraucht
bei 10 cores haben 1000 Messungen 0.023069 Sekunden gebraucht
bei 10 cores haben 1000 Messungen 0.022874 Sekunden gebraucht
bei 10 cores haben 1000 Messungen 0.023071 Sekunden gebraucht
bei 10 cores haben 1000 Messungen 0.022754 Sekunden gebraucht
bei 10 cores haben 1000 Messungen 0.023059 Sekunden gebraucht
bei 11 cores haben 1000 Messungen 0.021956 Sekunden gebraucht
bei 11 cores haben 1000 Messungen 0.022101 Sekunden gebraucht
bei 11 cores haben 1000 Messungen 0.021671 Sekunden gebraucht
bei 11 cores haben 1000 Messungen 0.021686 Sekunden gebraucht
bei 11 cores haben 1000 Messungen 0.021776 Sekunden gebraucht
bei 12 cores haben 1000 Messungen 0.024454 Sekunden gebraucht
bei 12 cores haben 1000 Messungen 0.024955 Sekunden gebraucht
bei 12 cores haben 1000 Messungen 0.024704 Sekunden gebraucht
bei 12 cores haben 1000 Messungen 0.024790 Sekunden gebraucht
bei 12 cores haben 1000 Messungen 0.024467 Sekunden gebraucht
Laenge=100
bei 1 cores haben 1000 Messungen 0.779628 Sekunden gebraucht
bei 1 cores haben 1000 Messungen 0.778794 Sekunden gebraucht
bei 1 cores haben 1000 Messungen 0.778522 Sekunden gebraucht
bei 1 cores haben 1000 Messungen 0.778825 Sekunden gebraucht
bei 1 cores haben 1000 Messungen 0.778938 Sekunden gebraucht
bei 2 cores haben 1000 Messungen 0.802244 Sekunden gebraucht
bei 2 cores haben 1000 Messungen 0.821560 Sekunden gebraucht
bei 2 cores haben 1000 Messungen 0.810175 Sekunden gebraucht
bei 2 cores haben 1000 Messungen 0.789229 Sekunden gebraucht
bei 2 cores haben 1000 Messungen 0.794840 Sekunden gebraucht
bei 3 cores haben 1000 Messungen 0.660917 Sekunden gebraucht
bei 3 cores haben 1000 Messungen 0.650493 Sekunden gebraucht
bei 3 cores haben 1000 Messungen 0.627197 Sekunden gebraucht
bei 3 cores haben 1000 Messungen 0.664252 Sekunden gebraucht
bei 3 cores haben 1000 Messungen 0.634945 Sekunden gebraucht
bei 4 cores haben 1000 Messungen 0.620484 Sekunden gebraucht
bei 4 cores haben 1000 Messungen 0.600519 Sekunden gebraucht
bei 4 cores haben 1000 Messungen 0.598235 Sekunden gebraucht
bei 4 cores haben 1000 Messungen 0.601436 Sekunden gebraucht
bei 4 cores haben 1000 Messungen 0.604949 Sekunden gebraucht
bei 5 cores haben 1000 Messungen 0.585227 Sekunden gebraucht
bei 5 cores haben 1000 Messungen 0.619082 Sekunden gebraucht
bei 5 cores haben 1000 Messungen 0.559572 Sekunden gebraucht
bei 5 cores haben 1000 Messungen 0.559642 Sekunden gebraucht
bei 5 cores haben 1000 Messungen 0.542658 Sekunden gebraucht
bei 6 cores haben 1000 Messungen 0.632040 Sekunden gebraucht
bei 6 cores haben 1000 Messungen 0.634466 Sekunden gebraucht
bei 6 cores haben 1000 Messungen 0.636757 Sekunden gebraucht
bei 6 cores haben 1000 Messungen 0.634714 Sekunden gebraucht
bei 6 cores haben 1000 Messungen 0.635340 Sekunden gebraucht
bei 7 cores haben 1000 Messungen 0.594615 Sekunden gebraucht
bei 7 cores haben 1000 Messungen 0.602687 Sekunden gebraucht
bei 7 cores haben 1000 Messungen 0.619194 Sekunden gebraucht
bei 7 cores haben 1000 Messungen 0.623532 Sekunden gebraucht
bei 7 cores haben 1000 Messungen 0.625103 Sekunden gebraucht
bei 8 cores haben 1000 Messungen 0.627628 Sekunden gebraucht
bei 8 cores haben 1000 Messungen 0.627202 Sekunden gebraucht
bei 8 cores haben 1000 Messungen 0.613613 Sekunden gebraucht
bei 8 cores haben 1000 Messungen 0.618524 Sekunden gebraucht
bei 8 cores haben 1000 Messungen 0.618369 Sekunden gebraucht
bei 9 cores haben 1000 Messungen 0.635220 Sekunden gebraucht
bei 9 cores haben 1000 Messungen 0.622300 Sekunden gebraucht
bei 9 cores haben 1000 Messungen 0.616488 Sekunden gebraucht
bei 9 cores haben 1000 Messungen 0.617742 Sekunden gebraucht
bei 9 cores haben 1000 Messungen 0.619192 Sekunden gebraucht
bei 10 cores haben 1000 Messungen 0.617855 Sekunden gebraucht
bei 10 cores haben 1000 Messungen 0.611002 Sekunden gebraucht
bei 10 cores haben 1000 Messungen 0.642089 Sekunden gebraucht
bei 10 cores haben 1000 Messungen 0.624394 Sekunden gebraucht
bei 10 cores haben 1000 Messungen 0.641905 Sekunden gebraucht
bei 11 cores haben 1000 Messungen 0.634792 Sekunden gebraucht
bei 11 cores haben 1000 Messungen 0.643395 Sekunden gebraucht
bei 11 cores haben 1000 Messungen 0.638044 Sekunden gebraucht
bei 11 cores haben 1000 Messungen 0.640229 Sekunden gebraucht
bei 11 cores haben 1000 Messungen 0.638926 Sekunden gebraucht
bei 12 cores haben 1000 Messungen 0.635751 Sekunden gebraucht
bei 12 cores haben 1000 Messungen 0.634892 Sekunden gebraucht
bei 12 cores haben 1000 Messungen 0.646811 Sekunden gebraucht
bei 12 cores haben 1000 Messungen 0.634015 Sekunden gebraucht
bei 12 cores haben 1000 Messungen 0.636867 Sekunden gebraucht
Laenge=500
bei 1 cores haben 1000 Messungen 19.664598 Sekunden gebraucht
bei 1 cores haben 1000 Messungen 19.478003 Sekunden gebraucht
bei 1 cores haben 1000 Messungen 19.496963 Sekunden gebraucht
bei 1 cores haben 1000 Messungen 19.450965 Sekunden gebraucht
bei 1 cores haben 1000 Messungen 19.462636 Sekunden gebraucht
bei 2 cores haben 1000 Messungen 19.725685 Sekunden gebraucht
bei 2 cores haben 1000 Messungen 19.621524 Sekunden gebraucht
bei 2 cores haben 1000 Messungen 19.610325 Sekunden gebraucht
bei 2 cores haben 1000 Messungen 19.737320 Sekunden gebraucht
bei 2 cores haben 1000 Messungen 19.564977 Sekunden gebraucht
bei 3 cores haben 1000 Messungen 15.850837 Sekunden gebraucht
bei 3 cores haben 1000 Messungen 16.308416 Sekunden gebraucht
bei 3 cores haben 1000 Messungen 15.955409 Sekunden gebraucht
bei 3 cores haben 1000 Messungen 16.055477 Sekunden gebraucht
bei 3 cores haben 1000 Messungen 16.124744 Sekunden gebraucht
bei 4 cores haben 1000 Messungen 14.877154 Sekunden gebraucht
bei 4 cores haben 1000 Messungen 14.909938 Sekunden gebraucht
bei 4 cores haben 1000 Messungen 14.850458 Sekunden gebraucht
bei 4 cores haben 1000 Messungen 14.831877 Sekunden gebraucht
bei 4 cores haben 1000 Messungen 15.980329 Sekunden gebraucht
bei 5 cores haben 1000 Messungen 15.538120 Sekunden gebraucht
bei 5 cores haben 1000 Messungen 15.497902 Sekunden gebraucht
bei 5 cores haben 1000 Messungen 15.442122 Sekunden gebraucht
bei 5 cores haben 1000 Messungen 15.339960 Sekunden gebraucht
bei 5 cores haben 1000 Messungen 15.439626 Sekunden gebraucht
bei 6 cores haben 1000 Messungen 15.032654 Sekunden gebraucht
bei 6 cores haben 1000 Messungen 15.113606 Sekunden gebraucht
bei 6 cores haben 1000 Messungen 15.381545 Sekunden gebraucht
bei 6 cores haben 1000 Messungen 15.211287 Sekunden gebraucht
bei 6 cores haben 1000 Messungen 14.696095 Sekunden gebraucht
bei 7 cores haben 1000 Messungen 15.618073 Sekunden gebraucht
bei 7 cores haben 1000 Messungen 15.847922 Sekunden gebraucht
bei 7 cores haben 1000 Messungen 15.390388 Sekunden gebraucht
bei 7 cores haben 1000 Messungen 15.339769 Sekunden gebraucht
bei 7 cores haben 1000 Messungen 15.742612 Sekunden gebraucht
bei 8 cores haben 1000 Messungen 15.234381 Sekunden gebraucht
bei 8 cores haben 1000 Messungen 15.283224 Sekunden gebraucht
bei 8 cores haben 1000 Messungen 15.297279 Sekunden gebraucht
bei 8 cores haben 1000 Messungen 15.011602 Sekunden gebraucht
bei 8 cores haben 1000 Messungen 15.052509 Sekunden gebraucht
bei 9 cores haben 1000 Messungen 15.635261 Sekunden gebraucht
bei 9 cores haben 1000 Messungen 15.506503 Sekunden gebraucht
bei 9 cores haben 1000 Messungen 15.607660 Sekunden gebraucht
bei 9 cores haben 1000 Messungen 15.589535 Sekunden gebraucht
bei 9 cores haben 1000 Messungen 15.557493 Sekunden gebraucht
bei 10 cores haben 1000 Messungen 15.669065 Sekunden gebraucht
bei 10 cores haben 1000 Messungen 15.658097 Sekunden gebraucht
bei 10 cores haben 1000 Messungen 15.671234 Sekunden gebraucht
bei 10 cores haben 1000 Messungen 15.632920 Sekunden gebraucht
bei 10 cores haben 1000 Messungen 15.655603 Sekunden gebraucht
bei 11 cores haben 1000 Messungen 15.582104 Sekunden gebraucht
bei 11 cores haben 1000 Messungen 15.522723 Sekunden gebraucht
bei 11 cores haben 1000 Messungen 15.517003 Sekunden gebraucht
bei 11 cores haben 1000 Messungen 15.471558 Sekunden gebraucht
bei 11 cores haben 1000 Messungen 15.573155 Sekunden gebraucht
bei 12 cores haben 1000 Messungen 15.563835 Sekunden gebraucht
bei 12 cores haben 1000 Messungen 15.551816 Sekunden gebraucht
bei 12 cores haben 1000 Messungen 15.605765 Sekunden gebraucht
bei 12 cores haben 1000 Messungen 15.605524 Sekunden gebraucht
bei 12 cores haben 1000 Messungen 15.588210 Sekunden gebraucht
/hiskp4/gross/bachelorarbeit
