Mon Jun 15 15:13:41 CEST 2020 Waiting for 30 seconds before starting the job to allow the node to settle down
Mon Jun 15 15:14:11 CEST 2020 Waiting done, starting task!
Mon Jun 15 15:14:12 CEST 2020 Waiting for 30 seconds before starting the job to allow the node to settle down
Mon Jun 15 15:14:42 CEST 2020 Waiting done, starting task!
Laenge=10
bei 1 cores haben 1000 Messungen 0.010090 Sekunden gebraucht
bei 1 cores haben 1000 Messungen 0.010102 Sekunden gebraucht
bei 1 cores haben 1000 Messungen 0.010152 Sekunden gebraucht
bei 1 cores haben 1000 Messungen 0.010170 Sekunden gebraucht
bei 1 cores haben 1000 Messungen 0.016500 Sekunden gebraucht
bei 2 cores haben 1000 Messungen 0.022140 Sekunden gebraucht
bei 2 cores haben 1000 Messungen 0.019045 Sekunden gebraucht
bei 2 cores haben 1000 Messungen 0.016840 Sekunden gebraucht
bei 2 cores haben 1000 Messungen 0.015828 Sekunden gebraucht
bei 2 cores haben 1000 Messungen 0.014749 Sekunden gebraucht
bei 3 cores haben 1000 Messungen 0.012754 Sekunden gebraucht
bei 3 cores haben 1000 Messungen 0.012678 Sekunden gebraucht
bei 3 cores haben 1000 Messungen 0.012590 Sekunden gebraucht
bei 3 cores haben 1000 Messungen 0.012713 Sekunden gebraucht
bei 3 cores haben 1000 Messungen 0.012657 Sekunden gebraucht
bei 4 cores haben 1000 Messungen 0.012148 Sekunden gebraucht
bei 4 cores haben 1000 Messungen 0.012171 Sekunden gebraucht
bei 4 cores haben 1000 Messungen 0.012096 Sekunden gebraucht
bei 4 cores haben 1000 Messungen 0.012188 Sekunden gebraucht
bei 4 cores haben 1000 Messungen 0.012043 Sekunden gebraucht
bei 5 cores haben 1000 Messungen 0.012936 Sekunden gebraucht
bei 5 cores haben 1000 Messungen 0.013353 Sekunden gebraucht
bei 5 cores haben 1000 Messungen 0.012997 Sekunden gebraucht
bei 5 cores haben 1000 Messungen 0.013303 Sekunden gebraucht
bei 5 cores haben 1000 Messungen 0.012714 Sekunden gebraucht
bei 6 cores haben 1000 Messungen 0.013584 Sekunden gebraucht
bei 6 cores haben 1000 Messungen 0.013428 Sekunden gebraucht
bei 6 cores haben 1000 Messungen 0.013989 Sekunden gebraucht
bei 6 cores haben 1000 Messungen 0.013458 Sekunden gebraucht
bei 6 cores haben 1000 Messungen 0.013479 Sekunden gebraucht
bei 7 cores haben 1000 Messungen 0.015070 Sekunden gebraucht
bei 7 cores haben 1000 Messungen 0.015089 Sekunden gebraucht
bei 7 cores haben 1000 Messungen 0.014221 Sekunden gebraucht
bei 7 cores haben 1000 Messungen 0.013837 Sekunden gebraucht
bei 7 cores haben 1000 Messungen 0.013829 Sekunden gebraucht
bei 8 cores haben 1000 Messungen 0.015120 Sekunden gebraucht
bei 8 cores haben 1000 Messungen 0.014938 Sekunden gebraucht
bei 8 cores haben 1000 Messungen 0.014942 Sekunden gebraucht
bei 8 cores haben 1000 Messungen 0.014767 Sekunden gebraucht
bei 8 cores haben 1000 Messungen 0.014630 Sekunden gebraucht
bei 9 cores haben 1000 Messungen 0.015993 Sekunden gebraucht
bei 9 cores haben 1000 Messungen 0.015751 Sekunden gebraucht
bei 9 cores haben 1000 Messungen 0.015786 Sekunden gebraucht
bei 9 cores haben 1000 Messungen 0.015796 Sekunden gebraucht
bei 9 cores haben 1000 Messungen 0.015863 Sekunden gebraucht
bei 10 cores haben 1000 Messungen 0.017163 Sekunden gebraucht
bei 10 cores haben 1000 Messungen 0.017098 Sekunden gebraucht
bei 10 cores haben 1000 Messungen 0.017069 Sekunden gebraucht
bei 10 cores haben 1000 Messungen 0.017011 Sekunden gebraucht
bei 10 cores haben 1000 Messungen 0.017443 Sekunden gebraucht
bei 11 cores haben 1000 Messungen 0.015769 Sekunden gebraucht
bei 11 cores haben 1000 Messungen 0.015838 Sekunden gebraucht
bei 11 cores haben 1000 Messungen 0.015873 Sekunden gebraucht
bei 11 cores haben 1000 Messungen 0.015655 Sekunden gebraucht
bei 11 cores haben 1000 Messungen 0.015638 Sekunden gebraucht
bei 12 cores haben 1000 Messungen 0.018300 Sekunden gebraucht
bei 12 cores haben 1000 Messungen 0.017315 Sekunden gebraucht
bei 12 cores haben 1000 Messungen 0.017243 Sekunden gebraucht
bei 12 cores haben 1000 Messungen 0.017120 Sekunden gebraucht
bei 12 cores haben 1000 Messungen 0.017266 Sekunden gebraucht
Laenge=100
bei 1 cores haben 1000 Messungen 0.596849 Sekunden gebraucht
bei 1 cores haben 1000 Messungen 0.638885 Sekunden gebraucht
bei 1 cores haben 1000 Messungen 0.598173 Sekunden gebraucht
bei 1 cores haben 1000 Messungen 0.639155 Sekunden gebraucht
bei 1 cores haben 1000 Messungen 0.595000 Sekunden gebraucht
bei 2 cores haben 1000 Messungen 0.417447 Sekunden gebraucht
bei 2 cores haben 1000 Messungen 0.341391 Sekunden gebraucht
bei 2 cores haben 1000 Messungen 0.369345 Sekunden gebraucht
bei 2 cores haben 1000 Messungen 0.329683 Sekunden gebraucht
bei 2 cores haben 1000 Messungen 0.328725 Sekunden gebraucht
bei 3 cores haben 1000 Messungen 0.320591 Sekunden gebraucht
bei 3 cores haben 1000 Messungen 0.284308 Sekunden gebraucht
bei 3 cores haben 1000 Messungen 0.235542 Sekunden gebraucht
bei 3 cores haben 1000 Messungen 0.234235 Sekunden gebraucht
bei 3 cores haben 1000 Messungen 0.232690 Sekunden gebraucht
bei 4 cores haben 1000 Messungen 0.190142 Sekunden gebraucht
bei 4 cores haben 1000 Messungen 0.191187 Sekunden gebraucht
bei 4 cores haben 1000 Messungen 0.190924 Sekunden gebraucht
bei 4 cores haben 1000 Messungen 0.192320 Sekunden gebraucht
bei 4 cores haben 1000 Messungen 0.190865 Sekunden gebraucht
bei 5 cores haben 1000 Messungen 0.163650 Sekunden gebraucht
bei 5 cores haben 1000 Messungen 0.162794 Sekunden gebraucht
bei 5 cores haben 1000 Messungen 0.162450 Sekunden gebraucht
bei 5 cores haben 1000 Messungen 0.164048 Sekunden gebraucht
bei 5 cores haben 1000 Messungen 0.164918 Sekunden gebraucht
bei 6 cores haben 1000 Messungen 0.148140 Sekunden gebraucht
bei 6 cores haben 1000 Messungen 0.148752 Sekunden gebraucht
bei 6 cores haben 1000 Messungen 0.149085 Sekunden gebraucht
bei 6 cores haben 1000 Messungen 0.149582 Sekunden gebraucht
bei 6 cores haben 1000 Messungen 0.148468 Sekunden gebraucht
bei 7 cores haben 1000 Messungen 0.134730 Sekunden gebraucht
bei 7 cores haben 1000 Messungen 0.216348 Sekunden gebraucht
bei 7 cores haben 1000 Messungen 0.139419 Sekunden gebraucht
bei 7 cores haben 1000 Messungen 0.136243 Sekunden gebraucht
bei 7 cores haben 1000 Messungen 0.136562 Sekunden gebraucht
bei 8 cores haben 1000 Messungen 0.128058 Sekunden gebraucht
bei 8 cores haben 1000 Messungen 0.129902 Sekunden gebraucht
bei 8 cores haben 1000 Messungen 0.129606 Sekunden gebraucht
bei 8 cores haben 1000 Messungen 0.129600 Sekunden gebraucht
bei 8 cores haben 1000 Messungen 0.129169 Sekunden gebraucht
bei 9 cores haben 1000 Messungen 0.119052 Sekunden gebraucht
bei 9 cores haben 1000 Messungen 0.123091 Sekunden gebraucht
bei 9 cores haben 1000 Messungen 0.122907 Sekunden gebraucht
bei 9 cores haben 1000 Messungen 0.122719 Sekunden gebraucht
bei 9 cores haben 1000 Messungen 0.122779 Sekunden gebraucht
bei 10 cores haben 1000 Messungen 0.118697 Sekunden gebraucht
bei 10 cores haben 1000 Messungen 0.117346 Sekunden gebraucht
bei 10 cores haben 1000 Messungen 0.116868 Sekunden gebraucht
bei 10 cores haben 1000 Messungen 0.117148 Sekunden gebraucht
bei 10 cores haben 1000 Messungen 0.117047 Sekunden gebraucht
bei 11 cores haben 1000 Messungen 0.112599 Sekunden gebraucht
bei 11 cores haben 1000 Messungen 0.112190 Sekunden gebraucht
bei 11 cores haben 1000 Messungen 0.110677 Sekunden gebraucht
bei 11 cores haben 1000 Messungen 0.111256 Sekunden gebraucht
bei 11 cores haben 1000 Messungen 0.110679 Sekunden gebraucht
bei 12 cores haben 1000 Messungen 0.108329 Sekunden gebraucht
bei 12 cores haben 1000 Messungen 0.108561 Sekunden gebraucht
bei 12 cores haben 1000 Messungen 0.109340 Sekunden gebraucht
bei 12 cores haben 1000 Messungen 0.108475 Sekunden gebraucht
bei 12 cores haben 1000 Messungen 0.108478 Sekunden gebraucht
Laenge=500
bei 1 cores haben 1000 Messungen 14.934711 Sekunden gebraucht
bei 1 cores haben 1000 Messungen 14.876318 Sekunden gebraucht
bei 1 cores haben 1000 Messungen 14.886551 Sekunden gebraucht
bei 1 cores haben 1000 Messungen 15.751622 Sekunden gebraucht
bei 1 cores haben 1000 Messungen 14.919897 Sekunden gebraucht
bei 2 cores haben 1000 Messungen 8.191127 Sekunden gebraucht
bei 2 cores haben 1000 Messungen 8.195818 Sekunden gebraucht
bei 2 cores haben 1000 Messungen 8.349461 Sekunden gebraucht
bei 2 cores haben 1000 Messungen 8.139899 Sekunden gebraucht
bei 2 cores haben 1000 Messungen 8.209154 Sekunden gebraucht
bei 3 cores haben 1000 Messungen 5.921865 Sekunden gebraucht
bei 3 cores haben 1000 Messungen 5.866229 Sekunden gebraucht
bei 3 cores haben 1000 Messungen 5.857807 Sekunden gebraucht
bei 3 cores haben 1000 Messungen 5.852480 Sekunden gebraucht
bei 3 cores haben 1000 Messungen 5.803203 Sekunden gebraucht
bei 4 cores haben 1000 Messungen 4.679296 Sekunden gebraucht
bei 4 cores haben 1000 Messungen 4.692220 Sekunden gebraucht
bei 4 cores haben 1000 Messungen 4.712230 Sekunden gebraucht
bei 4 cores haben 1000 Messungen 4.700056 Sekunden gebraucht
bei 4 cores haben 1000 Messungen 4.887606 Sekunden gebraucht
bei 5 cores haben 1000 Messungen 3.974853 Sekunden gebraucht
bei 5 cores haben 1000 Messungen 4.054474 Sekunden gebraucht
bei 5 cores haben 1000 Messungen 3.996710 Sekunden gebraucht
bei 5 cores haben 1000 Messungen 3.986545 Sekunden gebraucht
bei 5 cores haben 1000 Messungen 4.046698 Sekunden gebraucht
bei 6 cores haben 1000 Messungen 3.567088 Sekunden gebraucht
bei 6 cores haben 1000 Messungen 3.465695 Sekunden gebraucht
bei 6 cores haben 1000 Messungen 3.536541 Sekunden gebraucht
bei 6 cores haben 1000 Messungen 3.493014 Sekunden gebraucht
bei 6 cores haben 1000 Messungen 3.514695 Sekunden gebraucht
bei 7 cores haben 1000 Messungen 3.253064 Sekunden gebraucht
bei 7 cores haben 1000 Messungen 3.179975 Sekunden gebraucht
bei 7 cores haben 1000 Messungen 3.169698 Sekunden gebraucht
bei 7 cores haben 1000 Messungen 3.217024 Sekunden gebraucht
bei 7 cores haben 1000 Messungen 3.174617 Sekunden gebraucht
bei 8 cores haben 1000 Messungen 2.924565 Sekunden gebraucht
bei 8 cores haben 1000 Messungen 3.015950 Sekunden gebraucht
bei 8 cores haben 1000 Messungen 2.998301 Sekunden gebraucht
bei 8 cores haben 1000 Messungen 2.990461 Sekunden gebraucht
bei 8 cores haben 1000 Messungen 2.991972 Sekunden gebraucht
bei 9 cores haben 1000 Messungen 2.824846 Sekunden gebraucht
bei 9 cores haben 1000 Messungen 2.789615 Sekunden gebraucht
bei 9 cores haben 1000 Messungen 2.791691 Sekunden gebraucht
bei 9 cores haben 1000 Messungen 2.810853 Sekunden gebraucht
bei 9 cores haben 1000 Messungen 2.792373 Sekunden gebraucht
bei 10 cores haben 1000 Messungen 2.689101 Sekunden gebraucht
bei 10 cores haben 1000 Messungen 2.661116 Sekunden gebraucht
bei 10 cores haben 1000 Messungen 2.674257 Sekunden gebraucht
bei 10 cores haben 1000 Messungen 2.658363 Sekunden gebraucht
bei 10 cores haben 1000 Messungen 2.664438 Sekunden gebraucht
bei 11 cores haben 1000 Messungen 2.509493 Sekunden gebraucht
bei 11 cores haben 1000 Messungen 2.696641 Sekunden gebraucht
bei 11 cores haben 1000 Messungen 2.518342 Sekunden gebraucht
bei 11 cores haben 1000 Messungen 2.541890 Sekunden gebraucht
bei 11 cores haben 1000 Messungen 2.509783 Sekunden gebraucht
bei 12 cores haben 1000 Messungen 2.420901 Sekunden gebraucht
bei 12 cores haben 1000 Messungen 2.400764 Sekunden gebraucht
bei 12 cores haben 1000 Messungen 2.464629 Sekunden gebraucht
bei 12 cores haben 1000 Messungen 2.417546 Sekunden gebraucht
bei 12 cores haben 1000 Messungen 2.430794 Sekunden gebraucht
/hiskp4/gross/bachelorarbeit
