Tue Jun 16 12:12:47 CEST 2020 Waiting for 30 seconds before starting the job to allow the node to settle down
Tue Jun 16 12:13:17 CEST 2020 Waiting done, starting task!
Tue Jun 16 12:13:17 CEST 2020 Waiting for 30 seconds before starting the job to allow the node to settle down
Tue Jun 16 12:13:47 CEST 2020 Waiting done, starting task!
Laenge=10
bei 1 cores haben 1000 Messungen 0.009229 Sekunden gebraucht
bei 1 cores haben 1000 Messungen 0.008837 Sekunden gebraucht
bei 1 cores haben 1000 Messungen 0.008543 Sekunden gebraucht
bei 1 cores haben 1000 Messungen 0.008555 Sekunden gebraucht
bei 1 cores haben 1000 Messungen 0.008480 Sekunden gebraucht
bei 2 cores haben 1000 Messungen 0.008403 Sekunden gebraucht
bei 2 cores haben 1000 Messungen 0.008223 Sekunden gebraucht
bei 2 cores haben 1000 Messungen 0.008276 Sekunden gebraucht
bei 2 cores haben 1000 Messungen 0.008267 Sekunden gebraucht
bei 2 cores haben 1000 Messungen 0.008248 Sekunden gebraucht
bei 3 cores haben 1000 Messungen 0.018476 Sekunden gebraucht
bei 3 cores haben 1000 Messungen 0.015970 Sekunden gebraucht
bei 3 cores haben 1000 Messungen 0.015506 Sekunden gebraucht
bei 3 cores haben 1000 Messungen 0.014537 Sekunden gebraucht
bei 3 cores haben 1000 Messungen 0.014955 Sekunden gebraucht
bei 4 cores haben 1000 Messungen 0.014167 Sekunden gebraucht
bei 4 cores haben 1000 Messungen 0.013355 Sekunden gebraucht
bei 4 cores haben 1000 Messungen 0.013634 Sekunden gebraucht
bei 4 cores haben 1000 Messungen 0.013608 Sekunden gebraucht
bei 4 cores haben 1000 Messungen 0.013549 Sekunden gebraucht
bei 5 cores haben 1000 Messungen 0.014615 Sekunden gebraucht
bei 5 cores haben 1000 Messungen 0.014572 Sekunden gebraucht
bei 5 cores haben 1000 Messungen 0.014562 Sekunden gebraucht
bei 5 cores haben 1000 Messungen 0.014775 Sekunden gebraucht
bei 5 cores haben 1000 Messungen 0.014716 Sekunden gebraucht
bei 6 cores haben 1000 Messungen 0.015804 Sekunden gebraucht
bei 6 cores haben 1000 Messungen 0.015877 Sekunden gebraucht
bei 6 cores haben 1000 Messungen 0.015742 Sekunden gebraucht
bei 6 cores haben 1000 Messungen 0.015618 Sekunden gebraucht
bei 6 cores haben 1000 Messungen 0.015756 Sekunden gebraucht
bei 7 cores haben 1000 Messungen 0.016604 Sekunden gebraucht
bei 7 cores haben 1000 Messungen 0.016648 Sekunden gebraucht
bei 7 cores haben 1000 Messungen 0.016531 Sekunden gebraucht
bei 7 cores haben 1000 Messungen 0.016561 Sekunden gebraucht
bei 7 cores haben 1000 Messungen 0.016660 Sekunden gebraucht
bei 8 cores haben 1000 Messungen 0.016205 Sekunden gebraucht
bei 8 cores haben 1000 Messungen 0.016155 Sekunden gebraucht
bei 8 cores haben 1000 Messungen 0.015944 Sekunden gebraucht
bei 8 cores haben 1000 Messungen 0.015990 Sekunden gebraucht
bei 8 cores haben 1000 Messungen 0.015937 Sekunden gebraucht
bei 9 cores haben 1000 Messungen 0.019089 Sekunden gebraucht
bei 9 cores haben 1000 Messungen 0.018889 Sekunden gebraucht
bei 9 cores haben 1000 Messungen 0.018844 Sekunden gebraucht
bei 9 cores haben 1000 Messungen 0.019104 Sekunden gebraucht
bei 9 cores haben 1000 Messungen 0.019167 Sekunden gebraucht
bei 10 cores haben 1000 Messungen 0.020172 Sekunden gebraucht
bei 10 cores haben 1000 Messungen 0.020056 Sekunden gebraucht
bei 10 cores haben 1000 Messungen 0.020230 Sekunden gebraucht
bei 10 cores haben 1000 Messungen 0.020102 Sekunden gebraucht
bei 10 cores haben 1000 Messungen 0.020036 Sekunden gebraucht
bei 11 cores haben 1000 Messungen 0.021012 Sekunden gebraucht
bei 11 cores haben 1000 Messungen 0.021259 Sekunden gebraucht
bei 11 cores haben 1000 Messungen 0.021073 Sekunden gebraucht
bei 11 cores haben 1000 Messungen 0.020792 Sekunden gebraucht
bei 11 cores haben 1000 Messungen 0.020881 Sekunden gebraucht
bei 12 cores haben 1000 Messungen 0.021193 Sekunden gebraucht
bei 12 cores haben 1000 Messungen 0.021077 Sekunden gebraucht
bei 12 cores haben 1000 Messungen 0.021102 Sekunden gebraucht
bei 12 cores haben 1000 Messungen 0.021039 Sekunden gebraucht
bei 12 cores haben 1000 Messungen 0.021112 Sekunden gebraucht
Laenge=100
bei 1 cores haben 1000 Messungen 0.651518 Sekunden gebraucht
bei 1 cores haben 1000 Messungen 0.775779 Sekunden gebraucht
bei 1 cores haben 1000 Messungen 0.654505 Sekunden gebraucht
bei 1 cores haben 1000 Messungen 0.626293 Sekunden gebraucht
bei 1 cores haben 1000 Messungen 0.626261 Sekunden gebraucht
bei 2 cores haben 1000 Messungen 0.437607 Sekunden gebraucht
bei 2 cores haben 1000 Messungen 0.437043 Sekunden gebraucht
bei 2 cores haben 1000 Messungen 0.435847 Sekunden gebraucht
bei 2 cores haben 1000 Messungen 0.430143 Sekunden gebraucht
bei 2 cores haben 1000 Messungen 0.430167 Sekunden gebraucht
bei 3 cores haben 1000 Messungen 0.321326 Sekunden gebraucht
bei 3 cores haben 1000 Messungen 0.290304 Sekunden gebraucht
bei 3 cores haben 1000 Messungen 0.282452 Sekunden gebraucht
bei 3 cores haben 1000 Messungen 0.245544 Sekunden gebraucht
bei 3 cores haben 1000 Messungen 0.248822 Sekunden gebraucht
bei 4 cores haben 1000 Messungen 0.239038 Sekunden gebraucht
bei 4 cores haben 1000 Messungen 0.204131 Sekunden gebraucht
bei 4 cores haben 1000 Messungen 0.270502 Sekunden gebraucht
bei 4 cores haben 1000 Messungen 0.244570 Sekunden gebraucht
bei 4 cores haben 1000 Messungen 0.233663 Sekunden gebraucht
bei 5 cores haben 1000 Messungen 0.174295 Sekunden gebraucht
bei 5 cores haben 1000 Messungen 0.173778 Sekunden gebraucht
bei 5 cores haben 1000 Messungen 0.174713 Sekunden gebraucht
bei 5 cores haben 1000 Messungen 0.175497 Sekunden gebraucht
bei 5 cores haben 1000 Messungen 0.174692 Sekunden gebraucht
bei 6 cores haben 1000 Messungen 0.186731 Sekunden gebraucht
bei 6 cores haben 1000 Messungen 0.160339 Sekunden gebraucht
bei 6 cores haben 1000 Messungen 0.159238 Sekunden gebraucht
bei 6 cores haben 1000 Messungen 0.158614 Sekunden gebraucht
bei 6 cores haben 1000 Messungen 0.159171 Sekunden gebraucht
bei 7 cores haben 1000 Messungen 0.145391 Sekunden gebraucht
bei 7 cores haben 1000 Messungen 0.144503 Sekunden gebraucht
bei 7 cores haben 1000 Messungen 0.143784 Sekunden gebraucht
bei 7 cores haben 1000 Messungen 0.144581 Sekunden gebraucht
bei 7 cores haben 1000 Messungen 0.144414 Sekunden gebraucht
bei 8 cores haben 1000 Messungen 0.138893 Sekunden gebraucht
bei 8 cores haben 1000 Messungen 0.139153 Sekunden gebraucht
bei 8 cores haben 1000 Messungen 0.139813 Sekunden gebraucht
bei 8 cores haben 1000 Messungen 0.139210 Sekunden gebraucht
bei 8 cores haben 1000 Messungen 0.139895 Sekunden gebraucht
bei 9 cores haben 1000 Messungen 0.131812 Sekunden gebraucht
bei 9 cores haben 1000 Messungen 0.131248 Sekunden gebraucht
bei 9 cores haben 1000 Messungen 0.131653 Sekunden gebraucht
bei 9 cores haben 1000 Messungen 0.131699 Sekunden gebraucht
bei 9 cores haben 1000 Messungen 0.131464 Sekunden gebraucht
bei 10 cores haben 1000 Messungen 0.124664 Sekunden gebraucht
bei 10 cores haben 1000 Messungen 0.123853 Sekunden gebraucht
bei 10 cores haben 1000 Messungen 0.124780 Sekunden gebraucht
bei 10 cores haben 1000 Messungen 0.124265 Sekunden gebraucht
bei 10 cores haben 1000 Messungen 0.123745 Sekunden gebraucht
bei 11 cores haben 1000 Messungen 0.122154 Sekunden gebraucht
bei 11 cores haben 1000 Messungen 0.121902 Sekunden gebraucht
bei 11 cores haben 1000 Messungen 0.123129 Sekunden gebraucht
bei 11 cores haben 1000 Messungen 0.122687 Sekunden gebraucht
bei 11 cores haben 1000 Messungen 0.122170 Sekunden gebraucht
bei 12 cores haben 1000 Messungen 0.119386 Sekunden gebraucht
bei 12 cores haben 1000 Messungen 0.117411 Sekunden gebraucht
bei 12 cores haben 1000 Messungen 0.117751 Sekunden gebraucht
bei 12 cores haben 1000 Messungen 0.118321 Sekunden gebraucht
bei 12 cores haben 1000 Messungen 0.117960 Sekunden gebraucht
Laenge=500
bei 1 cores haben 1000 Messungen 15.753268 Sekunden gebraucht
bei 1 cores haben 1000 Messungen 15.564921 Sekunden gebraucht
bei 1 cores haben 1000 Messungen 15.560138 Sekunden gebraucht
bei 1 cores haben 1000 Messungen 15.561557 Sekunden gebraucht
bei 1 cores haben 1000 Messungen 15.562879 Sekunden gebraucht
bei 2 cores haben 1000 Messungen 8.627693 Sekunden gebraucht
bei 2 cores haben 1000 Messungen 8.579258 Sekunden gebraucht
bei 2 cores haben 1000 Messungen 8.514709 Sekunden gebraucht
bei 2 cores haben 1000 Messungen 8.607950 Sekunden gebraucht
bei 2 cores haben 1000 Messungen 8.589284 Sekunden gebraucht
bei 3 cores haben 1000 Messungen 5.977424 Sekunden gebraucht
bei 3 cores haben 1000 Messungen 6.064232 Sekunden gebraucht
bei 3 cores haben 1000 Messungen 6.007926 Sekunden gebraucht
bei 3 cores haben 1000 Messungen 6.052924 Sekunden gebraucht
bei 3 cores haben 1000 Messungen 6.068805 Sekunden gebraucht
bei 4 cores haben 1000 Messungen 4.881166 Sekunden gebraucht
bei 4 cores haben 1000 Messungen 4.898787 Sekunden gebraucht
bei 4 cores haben 1000 Messungen 4.979768 Sekunden gebraucht
bei 4 cores haben 1000 Messungen 4.928953 Sekunden gebraucht
bei 4 cores haben 1000 Messungen 4.973467 Sekunden gebraucht
bei 5 cores haben 1000 Messungen 4.157707 Sekunden gebraucht
bei 5 cores haben 1000 Messungen 4.225882 Sekunden gebraucht
bei 5 cores haben 1000 Messungen 4.268459 Sekunden gebraucht
bei 5 cores haben 1000 Messungen 4.248638 Sekunden gebraucht
bei 5 cores haben 1000 Messungen 4.228170 Sekunden gebraucht
bei 6 cores haben 1000 Messungen 3.666450 Sekunden gebraucht
bei 6 cores haben 1000 Messungen 3.720026 Sekunden gebraucht
bei 6 cores haben 1000 Messungen 3.744547 Sekunden gebraucht
bei 6 cores haben 1000 Messungen 3.720719 Sekunden gebraucht
bei 6 cores haben 1000 Messungen 3.766111 Sekunden gebraucht
bei 7 cores haben 1000 Messungen 3.404491 Sekunden gebraucht
bei 7 cores haben 1000 Messungen 3.410176 Sekunden gebraucht
bei 7 cores haben 1000 Messungen 3.341268 Sekunden gebraucht
bei 7 cores haben 1000 Messungen 3.385658 Sekunden gebraucht
bei 7 cores haben 1000 Messungen 3.313529 Sekunden gebraucht
bei 8 cores haben 1000 Messungen 3.155673 Sekunden gebraucht
bei 8 cores haben 1000 Messungen 3.129476 Sekunden gebraucht
bei 8 cores haben 1000 Messungen 3.090935 Sekunden gebraucht
bei 8 cores haben 1000 Messungen 3.084292 Sekunden gebraucht
bei 8 cores haben 1000 Messungen 3.020835 Sekunden gebraucht
bei 9 cores haben 1000 Messungen 2.897952 Sekunden gebraucht
bei 9 cores haben 1000 Messungen 2.943724 Sekunden gebraucht
bei 9 cores haben 1000 Messungen 2.918008 Sekunden gebraucht
bei 9 cores haben 1000 Messungen 2.932114 Sekunden gebraucht
bei 9 cores haben 1000 Messungen 2.923483 Sekunden gebraucht
bei 10 cores haben 1000 Messungen 2.834671 Sekunden gebraucht
bei 10 cores haben 1000 Messungen 2.745189 Sekunden gebraucht
bei 10 cores haben 1000 Messungen 2.709574 Sekunden gebraucht
bei 10 cores haben 1000 Messungen 2.746733 Sekunden gebraucht
bei 10 cores haben 1000 Messungen 2.718293 Sekunden gebraucht
bei 11 cores haben 1000 Messungen 2.574818 Sekunden gebraucht
bei 11 cores haben 1000 Messungen 2.611118 Sekunden gebraucht
bei 11 cores haben 1000 Messungen 2.651622 Sekunden gebraucht
bei 11 cores haben 1000 Messungen 2.595011 Sekunden gebraucht
bei 11 cores haben 1000 Messungen 2.688285 Sekunden gebraucht
bei 12 cores haben 1000 Messungen 2.500715 Sekunden gebraucht
bei 12 cores haben 1000 Messungen 2.494757 Sekunden gebraucht
bei 12 cores haben 1000 Messungen 2.530089 Sekunden gebraucht
bei 12 cores haben 1000 Messungen 2.569566 Sekunden gebraucht
bei 12 cores haben 1000 Messungen 2.499493 Sekunden gebraucht
/hiskp4/gross/bachelorarbeit
