Mon Jun 22 20:52:10 CEST 2020 Waiting for 30 seconds before starting the job to allow the node to settle down
Mon Jun 22 20:52:40 CEST 2020 Waiting done, starting task!
Mon Jun 22 20:52:40 CEST 2020 Waiting for 30 seconds before starting the job to allow the node to settle down
Mon Jun 22 20:53:10 CEST 2020 Waiting done, starting task!
Laenge=384
bei 1 cores haben 1000 Messungen 7.761331 Sekunden gebraucht
bei 1 cores haben 1000 Messungen 7.587406 Sekunden gebraucht
bei 1 cores haben 1000 Messungen 7.545495 Sekunden gebraucht
bei 1 cores haben 1000 Messungen 7.547038 Sekunden gebraucht
bei 1 cores haben 1000 Messungen 7.696706 Sekunden gebraucht
bei 2 cores haben 1000 Messungen 8.078719 Sekunden gebraucht
bei 2 cores haben 1000 Messungen 8.058345 Sekunden gebraucht
bei 2 cores haben 1000 Messungen 7.922276 Sekunden gebraucht
bei 2 cores haben 1000 Messungen 8.008827 Sekunden gebraucht
bei 2 cores haben 1000 Messungen 8.066353 Sekunden gebraucht
bei 3 cores haben 1000 Messungen 5.192645 Sekunden gebraucht
bei 3 cores haben 1000 Messungen 4.803335 Sekunden gebraucht
bei 3 cores haben 1000 Messungen 5.434696 Sekunden gebraucht
bei 3 cores haben 1000 Messungen 5.451510 Sekunden gebraucht
bei 3 cores haben 1000 Messungen 5.881167 Sekunden gebraucht
bei 4 cores haben 1000 Messungen 4.397874 Sekunden gebraucht
bei 4 cores haben 1000 Messungen 4.313411 Sekunden gebraucht
bei 4 cores haben 1000 Messungen 4.276453 Sekunden gebraucht
bei 4 cores haben 1000 Messungen 4.387418 Sekunden gebraucht
bei 4 cores haben 1000 Messungen 4.258051 Sekunden gebraucht
bei 5 cores haben 1000 Messungen 4.117976 Sekunden gebraucht
bei 5 cores haben 1000 Messungen 4.291834 Sekunden gebraucht
bei 5 cores haben 1000 Messungen 4.361380 Sekunden gebraucht
bei 5 cores haben 1000 Messungen 4.212345 Sekunden gebraucht
bei 5 cores haben 1000 Messungen 4.053885 Sekunden gebraucht
bei 6 cores haben 1000 Messungen 3.841086 Sekunden gebraucht
bei 6 cores haben 1000 Messungen 3.709314 Sekunden gebraucht
bei 6 cores haben 1000 Messungen 3.716453 Sekunden gebraucht
bei 6 cores haben 1000 Messungen 4.047084 Sekunden gebraucht
bei 6 cores haben 1000 Messungen 4.130343 Sekunden gebraucht
bei 7 cores haben 1000 Messungen 3.469633 Sekunden gebraucht
bei 7 cores haben 1000 Messungen 3.344240 Sekunden gebraucht
bei 7 cores haben 1000 Messungen 3.522676 Sekunden gebraucht
bei 7 cores haben 1000 Messungen 3.102429 Sekunden gebraucht
bei 7 cores haben 1000 Messungen 3.087134 Sekunden gebraucht
bei 8 cores haben 1000 Messungen 3.314664 Sekunden gebraucht
bei 8 cores haben 1000 Messungen 2.980698 Sekunden gebraucht
bei 8 cores haben 1000 Messungen 2.866346 Sekunden gebraucht
bei 8 cores haben 1000 Messungen 2.964643 Sekunden gebraucht
bei 8 cores haben 1000 Messungen 2.993141 Sekunden gebraucht
bei 9 cores haben 1000 Messungen 2.835435 Sekunden gebraucht
bei 9 cores haben 1000 Messungen 2.725075 Sekunden gebraucht
bei 9 cores haben 1000 Messungen 2.701498 Sekunden gebraucht
bei 9 cores haben 1000 Messungen 2.730898 Sekunden gebraucht
bei 9 cores haben 1000 Messungen 2.733240 Sekunden gebraucht
bei 10 cores haben 1000 Messungen 2.543327 Sekunden gebraucht
bei 10 cores haben 1000 Messungen 2.502739 Sekunden gebraucht
bei 10 cores haben 1000 Messungen 2.509567 Sekunden gebraucht
bei 10 cores haben 1000 Messungen 2.497767 Sekunden gebraucht
bei 10 cores haben 1000 Messungen 2.568211 Sekunden gebraucht
bei 11 cores haben 1000 Messungen 2.683449 Sekunden gebraucht
bei 11 cores haben 1000 Messungen 2.702360 Sekunden gebraucht
bei 11 cores haben 1000 Messungen 2.288173 Sekunden gebraucht
bei 11 cores haben 1000 Messungen 2.622212 Sekunden gebraucht
bei 11 cores haben 1000 Messungen 2.442828 Sekunden gebraucht
bei 12 cores haben 1000 Messungen 2.359032 Sekunden gebraucht
bei 12 cores haben 1000 Messungen 2.340996 Sekunden gebraucht
bei 12 cores haben 1000 Messungen 2.312159 Sekunden gebraucht
bei 12 cores haben 1000 Messungen 2.225537 Sekunden gebraucht
bei 12 cores haben 1000 Messungen 2.238024 Sekunden gebraucht
/hiskp4/gross/bachelorarbeit
