Wed Jul 22 14:53:41 CEST 2020 Waiting for 30 seconds before starting the job to allow the node to settle down
Wed Jul 22 14:54:11 CEST 2020 Waiting done, starting task!
840 1
Wed Jul 22 14:54:11 CEST 2020 Waiting for 30 seconds before starting the job to allow the node to settle down
Wed Jul 22 14:54:41 CEST 2020 Waiting done, starting task!
3 0
840
840 2
Wed Jul 22 15:00:27 CEST 2020 Waiting for 30 seconds before starting the job to allow the node to settle down
Wed Jul 22 15:00:27 CEST 2020 Waiting for 30 seconds before starting the job to allow the node to settle down
Wed Jul 22 15:00:57 CEST 2020 Waiting done, starting task!
Wed Jul 22 15:00:57 CEST 2020 Waiting done, starting task!
3 1
3 0
840
840 3
Wed Jul 22 15:03:52 CEST 2020 Waiting for 30 seconds before starting the job to allow the node to settle down
Wed Jul 22 15:03:52 CEST 2020 Waiting for 30 seconds before starting the job to allow the node to settle down
Wed Jul 22 15:03:52 CEST 2020 Waiting for 30 seconds before starting the job to allow the node to settle down
Wed Jul 22 15:04:22 CEST 2020 Waiting done, starting task!
Wed Jul 22 15:04:22 CEST 2020 Waiting done, starting task!
Wed Jul 22 15:04:22 CEST 2020 Waiting done, starting task!
3 0
3 1
3 2
840
840 4
Wed Jul 22 15:06:21 CEST 2020 Waiting for 30 seconds before starting the job to allow the node to settle down
Wed Jul 22 15:06:21 CEST 2020 Waiting for 30 seconds before starting the job to allow the node to settle down
Wed Jul 22 15:06:21 CEST 2020 Waiting for 30 seconds before starting the job to allow the node to settle down
Wed Jul 22 15:06:21 CEST 2020 Waiting for 30 seconds before starting the job to allow the node to settle down
Wed Jul 22 15:06:51 CEST 2020 Waiting done, starting task!
Wed Jul 22 15:06:51 CEST 2020 Waiting done, starting task!
Wed Jul 22 15:06:51 CEST 2020 Waiting done, starting task!
Wed Jul 22 15:06:51 CEST 2020 Waiting done, starting task!
3 0
3 3
3 2
3 1
840
840 5
Wed Jul 22 15:08:20 CEST 2020 Waiting for 30 seconds before starting the job to allow the node to settle down
Wed Jul 22 15:08:20 CEST 2020 Waiting for 30 seconds before starting the job to allow the node to settle down
Wed Jul 22 15:08:20 CEST 2020 Waiting for 30 seconds before starting the job to allow the node to settle down
Wed Jul 22 15:08:20 CEST 2020 Waiting for 30 seconds before starting the job to allow the node to settle down
Wed Jul 22 15:08:20 CEST 2020 Waiting for 30 seconds before starting the job to allow the node to settle down
Wed Jul 22 15:08:50 CEST 2020 Waiting done, starting task!
Wed Jul 22 15:08:50 CEST 2020 Waiting done, starting task!
Wed Jul 22 15:08:50 CEST 2020 Waiting done, starting task!
Wed Jul 22 15:08:50 CEST 2020 Waiting done, starting task!
Wed Jul 22 15:08:50 CEST 2020 Waiting done, starting task!
3 0
3 4
3 1
3 3
3 2
840
840 6
Wed Jul 22 15:10:02 CEST 2020 Waiting for 30 seconds before starting the job to allow the node to settle down
Wed Jul 22 15:10:02 CEST 2020 Waiting for 30 seconds before starting the job to allow the node to settle down
Wed Jul 22 15:10:02 CEST 2020 Waiting for 30 seconds before starting the job to allow the node to settle down
Wed Jul 22 15:10:02 CEST 2020 Waiting for 30 seconds before starting the job to allow the node to settle down
Wed Jul 22 15:10:02 CEST 2020 Waiting for 30 seconds before starting the job to allow the node to settle down
Wed Jul 22 15:10:02 CEST 2020 Waiting for 30 seconds before starting the job to allow the node to settle down
Wed Jul 22 15:10:32 CEST 2020 Waiting done, starting task!
Wed Jul 22 15:10:32 CEST 2020 Waiting done, starting task!
Wed Jul 22 15:10:32 CEST 2020 Waiting done, starting task!
Wed Jul 22 15:10:32 CEST 2020 Waiting done, starting task!
Wed Jul 22 15:10:32 CEST 2020 Waiting done, starting task!
Wed Jul 22 15:10:32 CEST 2020 Waiting done, starting task!
3 5
3 0
3 1
3 2
3 3
3 4
840
840 7
Wed Jul 22 15:11:33 CEST 2020 Waiting for 30 seconds before starting the job to allow the node to settle down
Wed Jul 22 15:11:33 CEST 2020 Waiting for 30 seconds before starting the job to allow the node to settle down
Wed Jul 22 15:11:33 CEST 2020 Waiting for 30 seconds before starting the job to allow the node to settle down
Wed Jul 22 15:11:33 CEST 2020 Waiting for 30 seconds before starting the job to allow the node to settle down
Wed Jul 22 15:11:33 CEST 2020 Waiting for 30 seconds before starting the job to allow the node to settle down
Wed Jul 22 15:11:33 CEST 2020 Waiting for 30 seconds before starting the job to allow the node to settle down
Wed Jul 22 15:11:33 CEST 2020 Waiting for 30 seconds before starting the job to allow the node to settle down
Wed Jul 22 15:12:03 CEST 2020 Waiting done, starting task!
Wed Jul 22 15:12:03 CEST 2020 Waiting done, starting task!
Wed Jul 22 15:12:03 CEST 2020 Waiting done, starting task!
Wed Jul 22 15:12:03 CEST 2020 Waiting done, starting task!
Wed Jul 22 15:12:03 CEST 2020 Waiting done, starting task!
Wed Jul 22 15:12:03 CEST 2020 Waiting done, starting task!
Wed Jul 22 15:12:03 CEST 2020 Waiting done, starting task!
3 0
3 1
3 5
3 6
3 4
3 2
3 3
840
840 8
Wed Jul 22 15:12:55 CEST 2020 Waiting for 30 seconds before starting the job to allow the node to settle down
Wed Jul 22 15:12:55 CEST 2020 Waiting for 30 seconds before starting the job to allow the node to settle down
Wed Jul 22 15:12:55 CEST 2020 Waiting for 30 seconds before starting the job to allow the node to settle down
Wed Jul 22 15:12:55 CEST 2020 Waiting for 30 seconds before starting the job to allow the node to settle down
Wed Jul 22 15:12:56 CEST 2020 Waiting for 30 seconds before starting the job to allow the node to settle down
Wed Jul 22 15:12:56 CEST 2020 Waiting for 30 seconds before starting the job to allow the node to settle down
Wed Jul 22 15:12:56 CEST 2020 Waiting for 30 seconds before starting the job to allow the node to settle down
Wed Jul 22 15:12:56 CEST 2020 Waiting for 30 seconds before starting the job to allow the node to settle down
Wed Jul 22 15:13:25 CEST 2020 Waiting done, starting task!
Wed Jul 22 15:13:25 CEST 2020 Waiting done, starting task!
Wed Jul 22 15:13:25 CEST 2020 Waiting done, starting task!
Wed Jul 22 15:13:26 CEST 2020 Waiting done, starting task!
Wed Jul 22 15:13:26 CEST 2020 Waiting done, starting task!
Wed Jul 22 15:13:26 CEST 2020 Waiting done, starting task!
Wed Jul 22 15:13:26 CEST 2020 Waiting done, starting task!
Wed Jul 22 15:13:25 CEST 2020 Waiting done, starting task!
3 1
3 0
3 7
3 6
3 4
3 5
3 2
3 3
840
840 10
Wed Jul 22 15:14:12 CEST 2020 Waiting for 30 seconds before starting the job to allow the node to settle down
Wed Jul 22 15:14:12 CEST 2020 Waiting for 30 seconds before starting the job to allow the node to settle down
Wed Jul 22 15:14:12 CEST 2020 Waiting for 30 seconds before starting the job to allow the node to settle down
Wed Jul 22 15:14:12 CEST 2020 Waiting for 30 seconds before starting the job to allow the node to settle down
Wed Jul 22 15:14:12 CEST 2020 Waiting for 30 seconds before starting the job to allow the node to settle down
Wed Jul 22 15:14:12 CEST 2020 Waiting for 30 seconds before starting the job to allow the node to settle down
Wed Jul 22 15:14:12 CEST 2020 Waiting for 30 seconds before starting the job to allow the node to settle down
Wed Jul 22 15:14:12 CEST 2020 Waiting for 30 seconds before starting the job to allow the node to settle down
Wed Jul 22 15:14:12 CEST 2020 Waiting for 30 seconds before starting the job to allow the node to settle down
Wed Jul 22 15:14:12 CEST 2020 Waiting for 30 seconds before starting the job to allow the node to settle down
Wed Jul 22 15:14:42 CEST 2020 Waiting done, starting task!
Wed Jul 22 15:14:42 CEST 2020 Waiting done, starting task!
Wed Jul 22 15:14:42 CEST 2020 Waiting done, starting task!
Wed Jul 22 15:14:42 CEST 2020 Waiting done, starting task!
Wed Jul 22 15:14:42 CEST 2020 Waiting done, starting task!
Wed Jul 22 15:14:42 CEST 2020 Waiting done, starting task!
Wed Jul 22 15:14:42 CEST 2020 Waiting done, starting task!
Wed Jul 22 15:14:42 CEST 2020 Waiting done, starting task!
Wed Jul 22 15:14:42 CEST 2020 Waiting done, starting task!
Wed Jul 22 15:14:42 CEST 2020 Waiting done, starting task!
3 0
3 1
3 9
3 8
3 2
3 3
3 4
3 5
3 6
3 7
840
840 12
Wed Jul 22 15:15:20 CEST 2020 Waiting for 30 seconds before starting the job to allow the node to settle down
Wed Jul 22 15:15:20 CEST 2020 Waiting for 30 seconds before starting the job to allow the node to settle down
Wed Jul 22 15:15:20 CEST 2020 Waiting for 30 seconds before starting the job to allow the node to settle down
Wed Jul 22 15:15:20 CEST 2020 Waiting for 30 seconds before starting the job to allow the node to settle down
Wed Jul 22 15:15:20 CEST 2020 Waiting for 30 seconds before starting the job to allow the node to settle down
Wed Jul 22 15:15:20 CEST 2020 Waiting for 30 seconds before starting the job to allow the node to settle down
Wed Jul 22 15:15:20 CEST 2020 Waiting for 30 seconds before starting the job to allow the node to settle down
Wed Jul 22 15:15:20 CEST 2020 Waiting for 30 seconds before starting the job to allow the node to settle down
Wed Jul 22 15:15:20 CEST 2020 Waiting for 30 seconds before starting the job to allow the node to settle down
Wed Jul 22 15:15:20 CEST 2020 Waiting for 30 seconds before starting the job to allow the node to settle down
Wed Jul 22 15:15:20 CEST 2020 Waiting for 30 seconds before starting the job to allow the node to settle down
Wed Jul 22 15:15:20 CEST 2020 Waiting for 30 seconds before starting the job to allow the node to settle down
Wed Jul 22 15:15:50 CEST 2020 Waiting done, starting task!
Wed Jul 22 15:15:50 CEST 2020 Waiting done, starting task!
Wed Jul 22 15:15:50 CEST 2020 Waiting done, starting task!
Wed Jul 22 15:15:50 CEST 2020 Waiting done, starting task!
Wed Jul 22 15:15:50 CEST 2020 Waiting done, starting task!
Wed Jul 22 15:15:50 CEST 2020 Waiting done, starting task!
Wed Jul 22 15:15:50 CEST 2020 Waiting done, starting task!
Wed Jul 22 15:15:50 CEST 2020 Waiting done, starting task!
Wed Jul 22 15:15:50 CEST 2020 Waiting done, starting task!
Wed Jul 22 15:15:50 CEST 2020 Waiting done, starting task!
Wed Jul 22 15:15:50 CEST 2020 Waiting done, starting task!
Wed Jul 22 15:15:50 CEST 2020 Waiting done, starting task!
3 0
3 2
3 6
3 7
3 11
3 9
3 10
3 8
3 4
3 5
3 3
3 1
840
840 14
Wed Jul 22 15:16:23 CEST 2020 Waiting for 30 seconds before starting the job to allow the node to settle down
Wed Jul 22 15:16:23 CEST 2020 Waiting for 30 seconds before starting the job to allow the node to settle down
Wed Jul 22 15:16:23 CEST 2020 Waiting for 30 seconds before starting the job to allow the node to settle down
Wed Jul 22 15:16:23 CEST 2020 Waiting for 30 seconds before starting the job to allow the node to settle down
Wed Jul 22 15:16:23 CEST 2020 Waiting for 30 seconds before starting the job to allow the node to settle down
Wed Jul 22 15:16:23 CEST 2020 Waiting for 30 seconds before starting the job to allow the node to settle down
Wed Jul 22 15:16:23 CEST 2020 Waiting for 30 seconds before starting the job to allow the node to settle down
Wed Jul 22 15:16:23 CEST 2020 Waiting for 30 seconds before starting the job to allow the node to settle down
Wed Jul 22 15:16:23 CEST 2020 Waiting for 30 seconds before starting the job to allow the node to settle down
Wed Jul 22 15:16:23 CEST 2020 Waiting for 30 seconds before starting the job to allow the node to settle down
Wed Jul 22 15:16:23 CEST 2020 Waiting for 30 seconds before starting the job to allow the node to settle down
Wed Jul 22 15:16:23 CEST 2020 Waiting for 30 seconds before starting the job to allow the node to settle down
Wed Jul 22 15:16:23 CEST 2020 Waiting for 30 seconds before starting the job to allow the node to settle down
Wed Jul 22 15:16:23 CEST 2020 Waiting for 30 seconds before starting the job to allow the node to settle down
Wed Jul 22 15:16:53 CEST 2020 Waiting done, starting task!
Wed Jul 22 15:16:53 CEST 2020 Waiting done, starting task!
Wed Jul 22 15:16:53 CEST 2020 Waiting done, starting task!
Wed Jul 22 15:16:53 CEST 2020 Waiting done, starting task!
Wed Jul 22 15:16:53 CEST 2020 Waiting done, starting task!
Wed Jul 22 15:16:53 CEST 2020 Waiting done, starting task!
Wed Jul 22 15:16:53 CEST 2020 Waiting done, starting task!
Wed Jul 22 15:16:53 CEST 2020 Waiting done, starting task!
Wed Jul 22 15:16:53 CEST 2020 Waiting done, starting task!
Wed Jul 22 15:16:53 CEST 2020 Waiting done, starting task!
Wed Jul 22 15:16:53 CEST 2020 Waiting done, starting task!
Wed Jul 22 15:16:53 CEST 2020 Waiting done, starting task!
Wed Jul 22 15:16:53 CEST 2020 Waiting done, starting task!
Wed Jul 22 15:16:53 CEST 2020 Waiting done, starting task!
3 0
3 2
3 13
3 12
3 8
3 1
3 6
3 7
3 11
3 10
3 9
3 3
3 4
3 5
840
840 15
Wed Jul 22 15:17:23 CEST 2020 Waiting for 30 seconds before starting the job to allow the node to settle down
Wed Jul 22 15:17:23 CEST 2020 Waiting for 30 seconds before starting the job to allow the node to settle down
Wed Jul 22 15:17:23 CEST 2020 Waiting for 30 seconds before starting the job to allow the node to settle down
Wed Jul 22 15:17:23 CEST 2020 Waiting for 30 seconds before starting the job to allow the node to settle down
Wed Jul 22 15:17:23 CEST 2020 Waiting for 30 seconds before starting the job to allow the node to settle down
Wed Jul 22 15:17:23 CEST 2020 Waiting for 30 seconds before starting the job to allow the node to settle down
Wed Jul 22 15:17:23 CEST 2020 Waiting for 30 seconds before starting the job to allow the node to settle down
Wed Jul 22 15:17:23 CEST 2020 Waiting for 30 seconds before starting the job to allow the node to settle down
Wed Jul 22 15:17:23 CEST 2020 Waiting for 30 seconds before starting the job to allow the node to settle down
Wed Jul 22 15:17:23 CEST 2020 Waiting for 30 seconds before starting the job to allow the node to settle down
Wed Jul 22 15:17:23 CEST 2020 Waiting for 30 seconds before starting the job to allow the node to settle down
Wed Jul 22 15:17:23 CEST 2020 Waiting for 30 seconds before starting the job to allow the node to settle down
Wed Jul 22 15:17:23 CEST 2020 Waiting for 30 seconds before starting the job to allow the node to settle down
Wed Jul 22 15:17:23 CEST 2020 Waiting for 30 seconds before starting the job to allow the node to settle down
Wed Jul 22 15:17:23 CEST 2020 Waiting for 30 seconds before starting the job to allow the node to settle down
Wed Jul 22 15:17:53 CEST 2020 Waiting done, starting task!
Wed Jul 22 15:17:53 CEST 2020 Waiting done, starting task!
Wed Jul 22 15:17:53 CEST 2020 Waiting done, starting task!
Wed Jul 22 15:17:53 CEST 2020 Waiting done, starting task!
Wed Jul 22 15:17:53 CEST 2020 Waiting done, starting task!
Wed Jul 22 15:17:53 CEST 2020 Waiting done, starting task!
Wed Jul 22 15:17:53 CEST 2020 Waiting done, starting task!
Wed Jul 22 15:17:53 CEST 2020 Waiting done, starting task!
Wed Jul 22 15:17:53 CEST 2020 Waiting done, starting task!
Wed Jul 22 15:17:53 CEST 2020 Waiting done, starting task!
Wed Jul 22 15:17:53 CEST 2020 Waiting done, starting task!
Wed Jul 22 15:17:53 CEST 2020 Waiting done, starting task!
Wed Jul 22 15:17:53 CEST 2020 Waiting done, starting task!
Wed Jul 22 15:17:53 CEST 2020 Waiting done, starting task!
Wed Jul 22 15:17:53 CEST 2020 Waiting done, starting task!
3 0
3 2
3 8
3 1
3 3
3 5
3 6
3 7
3 9
3 11
3 10
3 4
3 12
3 14
3 13
840
840 20
Wed Jul 22 15:18:21 CEST 2020 Waiting for 30 seconds before starting the job to allow the node to settle down
Wed Jul 22 15:18:21 CEST 2020 Waiting for 30 seconds before starting the job to allow the node to settle down
Wed Jul 22 15:18:21 CEST 2020 Waiting for 30 seconds before starting the job to allow the node to settle down
Wed Jul 22 15:18:21 CEST 2020 Waiting for 30 seconds before starting the job to allow the node to settle down
Wed Jul 22 15:18:21 CEST 2020 Waiting for 30 seconds before starting the job to allow the node to settle down
Wed Jul 22 15:18:21 CEST 2020 Waiting for 30 seconds before starting the job to allow the node to settle down
Wed Jul 22 15:18:21 CEST 2020 Waiting for 30 seconds before starting the job to allow the node to settle down
Wed Jul 22 15:18:21 CEST 2020 Waiting for 30 seconds before starting the job to allow the node to settle down
Wed Jul 22 15:18:21 CEST 2020 Waiting for 30 seconds before starting the job to allow the node to settle down
Wed Jul 22 15:18:21 CEST 2020 Waiting for 30 seconds before starting the job to allow the node to settle down
Wed Jul 22 15:18:21 CEST 2020 Waiting for 30 seconds before starting the job to allow the node to settle down
Wed Jul 22 15:18:21 CEST 2020 Waiting for 30 seconds before starting the job to allow the node to settle down
Wed Jul 22 15:18:21 CEST 2020 Waiting for 30 seconds before starting the job to allow the node to settle down
Wed Jul 22 15:18:21 CEST 2020 Waiting for 30 seconds before starting the job to allow the node to settle down
Wed Jul 22 15:18:21 CEST 2020 Waiting for 30 seconds before starting the job to allow the node to settle down
Wed Jul 22 15:18:21 CEST 2020 Waiting for 30 seconds before starting the job to allow the node to settle down
Wed Jul 22 15:18:21 CEST 2020 Waiting for 30 seconds before starting the job to allow the node to settle down
Wed Jul 22 15:18:21 CEST 2020 Waiting for 30 seconds before starting the job to allow the node to settle down
Wed Jul 22 15:18:21 CEST 2020 Waiting for 30 seconds before starting the job to allow the node to settle down
Wed Jul 22 15:18:21 CEST 2020 Waiting for 30 seconds before starting the job to allow the node to settle down
Wed Jul 22 15:18:51 CEST 2020 Waiting done, starting task!
Wed Jul 22 15:18:51 CEST 2020 Waiting done, starting task!
Wed Jul 22 15:18:51 CEST 2020 Waiting done, starting task!
Wed Jul 22 15:18:51 CEST 2020 Waiting done, starting task!
Wed Jul 22 15:18:51 CEST 2020 Waiting done, starting task!
Wed Jul 22 15:18:51 CEST 2020 Waiting done, starting task!
Wed Jul 22 15:18:51 CEST 2020 Waiting done, starting task!
Wed Jul 22 15:18:51 CEST 2020 Waiting done, starting task!
Wed Jul 22 15:18:51 CEST 2020 Waiting done, starting task!
Wed Jul 22 15:18:51 CEST 2020 Waiting done, starting task!
Wed Jul 22 15:18:51 CEST 2020 Waiting done, starting task!
Wed Jul 22 15:18:51 CEST 2020 Waiting done, starting task!
Wed Jul 22 15:18:51 CEST 2020 Waiting done, starting task!
Wed Jul 22 15:18:51 CEST 2020 Waiting done, starting task!
Wed Jul 22 15:18:51 CEST 2020 Waiting done, starting task!
Wed Jul 22 15:18:51 CEST 2020 Waiting done, starting task!
Wed Jul 22 15:18:51 CEST 2020 Waiting done, starting task!
Wed Jul 22 15:18:51 CEST 2020 Waiting done, starting task!
Wed Jul 22 15:18:51 CEST 2020 Waiting done, starting task!
Wed Jul 22 15:18:51 CEST 2020 Waiting done, starting task!
3 2
3 0
3 6
3 17
3 18
3 9
3 13
3 10
3 16
3 1
3 11
3 19
3 14
3 5
3 4
3 15
3 7
3 3
3 8
3 12
840
/hiskp4/gross/bachelorarbeit
