Mon Jun 15 10:23:17 CEST 2020 Waiting for 30 seconds before starting the job to allow the node to settle down
Mon Jun 15 10:23:47 CEST 2020 Waiting done, starting task!
Mon Jun 15 10:23:47 CEST 2020 Waiting for 30 seconds before starting the job to allow the node to settle down
Mon Jun 15 10:24:17 CEST 2020 Waiting done, starting task!
Laenge=10
bei 1 cores haben 1000 Messungen 0.022872 Sekunden gebraucht
bei 1 cores haben 1000 Messungen 0.020627 Sekunden gebraucht
bei 1 cores haben 1000 Messungen 0.018992 Sekunden gebraucht
bei 1 cores haben 1000 Messungen 0.017316 Sekunden gebraucht
bei 1 cores haben 1000 Messungen 0.026363 Sekunden gebraucht
bei 2 cores haben 1000 Messungen 0.019326 Sekunden gebraucht
bei 2 cores haben 1000 Messungen 0.015569 Sekunden gebraucht
bei 2 cores haben 1000 Messungen 0.013784 Sekunden gebraucht
bei 2 cores haben 1000 Messungen 0.013785 Sekunden gebraucht
bei 2 cores haben 1000 Messungen 0.016096 Sekunden gebraucht
bei 3 cores haben 1000 Messungen 0.026630 Sekunden gebraucht
bei 3 cores haben 1000 Messungen 0.025297 Sekunden gebraucht
bei 3 cores haben 1000 Messungen 0.025243 Sekunden gebraucht
bei 3 cores haben 1000 Messungen 0.022549 Sekunden gebraucht
bei 3 cores haben 1000 Messungen 0.022603 Sekunden gebraucht
bei 4 cores haben 1000 Messungen 0.023961 Sekunden gebraucht
bei 4 cores haben 1000 Messungen 0.021460 Sekunden gebraucht
bei 4 cores haben 1000 Messungen 0.019793 Sekunden gebraucht
bei 4 cores haben 1000 Messungen 0.019794 Sekunden gebraucht
bei 4 cores haben 1000 Messungen 0.019869 Sekunden gebraucht
bei 5 cores haben 1000 Messungen 0.021653 Sekunden gebraucht
bei 5 cores haben 1000 Messungen 0.021628 Sekunden gebraucht
bei 5 cores haben 1000 Messungen 0.021639 Sekunden gebraucht
bei 5 cores haben 1000 Messungen 0.020027 Sekunden gebraucht
bei 5 cores haben 1000 Messungen 0.021691 Sekunden gebraucht
bei 6 cores haben 1000 Messungen 0.020532 Sekunden gebraucht
bei 6 cores haben 1000 Messungen 0.020551 Sekunden gebraucht
bei 6 cores haben 1000 Messungen 0.020555 Sekunden gebraucht
bei 6 cores haben 1000 Messungen 0.021597 Sekunden gebraucht
bei 6 cores haben 1000 Messungen 0.020675 Sekunden gebraucht
bei 7 cores haben 1000 Messungen 0.023460 Sekunden gebraucht
bei 7 cores haben 1000 Messungen 0.023047 Sekunden gebraucht
bei 7 cores haben 1000 Messungen 0.022468 Sekunden gebraucht
bei 7 cores haben 1000 Messungen 0.020349 Sekunden gebraucht
bei 7 cores haben 1000 Messungen 0.020155 Sekunden gebraucht
bei 8 cores haben 1000 Messungen 0.019002 Sekunden gebraucht
bei 8 cores haben 1000 Messungen 0.018893 Sekunden gebraucht
bei 8 cores haben 1000 Messungen 0.018873 Sekunden gebraucht
bei 8 cores haben 1000 Messungen 0.019334 Sekunden gebraucht
bei 8 cores haben 1000 Messungen 0.018806 Sekunden gebraucht
bei 9 cores haben 1000 Messungen 0.022786 Sekunden gebraucht
bei 9 cores haben 1000 Messungen 0.023100 Sekunden gebraucht
bei 9 cores haben 1000 Messungen 0.023096 Sekunden gebraucht
bei 9 cores haben 1000 Messungen 0.022938 Sekunden gebraucht
bei 9 cores haben 1000 Messungen 0.022800 Sekunden gebraucht
bei 10 cores haben 1000 Messungen 0.021891 Sekunden gebraucht
bei 10 cores haben 1000 Messungen 0.021721 Sekunden gebraucht
bei 10 cores haben 1000 Messungen 0.022066 Sekunden gebraucht
bei 10 cores haben 1000 Messungen 0.022659 Sekunden gebraucht
bei 10 cores haben 1000 Messungen 0.022631 Sekunden gebraucht
bei 11 cores haben 1000 Messungen 0.028191 Sekunden gebraucht
bei 11 cores haben 1000 Messungen 0.025707 Sekunden gebraucht
bei 11 cores haben 1000 Messungen 0.025656 Sekunden gebraucht
bei 11 cores haben 1000 Messungen 0.026100 Sekunden gebraucht
bei 11 cores haben 1000 Messungen 0.025728 Sekunden gebraucht
bei 12 cores haben 1000 Messungen 0.023433 Sekunden gebraucht
bei 12 cores haben 1000 Messungen 0.023290 Sekunden gebraucht
bei 12 cores haben 1000 Messungen 0.023114 Sekunden gebraucht
bei 12 cores haben 1000 Messungen 0.023285 Sekunden gebraucht
bei 12 cores haben 1000 Messungen 0.023397 Sekunden gebraucht
Laenge=100
bei 1 cores haben 1000 Messungen 1.087921 Sekunden gebraucht
bei 1 cores haben 1000 Messungen 1.087208 Sekunden gebraucht
bei 1 cores haben 1000 Messungen 1.130512 Sekunden gebraucht
bei 1 cores haben 1000 Messungen 1.087285 Sekunden gebraucht
bei 1 cores haben 1000 Messungen 1.087821 Sekunden gebraucht
bei 2 cores haben 1000 Messungen 1.443591 Sekunden gebraucht
bei 2 cores haben 1000 Messungen 1.152974 Sekunden gebraucht
bei 2 cores haben 1000 Messungen 1.196045 Sekunden gebraucht
bei 2 cores haben 1000 Messungen 1.272185 Sekunden gebraucht
bei 2 cores haben 1000 Messungen 1.188694 Sekunden gebraucht
bei 3 cores haben 1000 Messungen 1.042655 Sekunden gebraucht
bei 3 cores haben 1000 Messungen 1.050635 Sekunden gebraucht
bei 3 cores haben 1000 Messungen 1.046083 Sekunden gebraucht
bei 3 cores haben 1000 Messungen 1.012950 Sekunden gebraucht
bei 3 cores haben 1000 Messungen 0.955602 Sekunden gebraucht
bei 4 cores haben 1000 Messungen 0.947131 Sekunden gebraucht
bei 4 cores haben 1000 Messungen 0.943323 Sekunden gebraucht
bei 4 cores haben 1000 Messungen 0.936400 Sekunden gebraucht
bei 4 cores haben 1000 Messungen 0.859109 Sekunden gebraucht
bei 4 cores haben 1000 Messungen 0.930791 Sekunden gebraucht
bei 5 cores haben 1000 Messungen 1.026962 Sekunden gebraucht
bei 5 cores haben 1000 Messungen 0.945702 Sekunden gebraucht
bei 5 cores haben 1000 Messungen 1.058221 Sekunden gebraucht
bei 5 cores haben 1000 Messungen 0.934438 Sekunden gebraucht
bei 5 cores haben 1000 Messungen 0.950905 Sekunden gebraucht
bei 6 cores haben 1000 Messungen 1.053405 Sekunden gebraucht
bei 6 cores haben 1000 Messungen 1.011984 Sekunden gebraucht
bei 6 cores haben 1000 Messungen 1.004151 Sekunden gebraucht
bei 6 cores haben 1000 Messungen 1.013316 Sekunden gebraucht
bei 6 cores haben 1000 Messungen 0.993878 Sekunden gebraucht
bei 7 cores haben 1000 Messungen 1.006279 Sekunden gebraucht
bei 7 cores haben 1000 Messungen 1.027874 Sekunden gebraucht
bei 7 cores haben 1000 Messungen 1.047189 Sekunden gebraucht
bei 7 cores haben 1000 Messungen 1.025392 Sekunden gebraucht
bei 7 cores haben 1000 Messungen 1.063434 Sekunden gebraucht
bei 8 cores haben 1000 Messungen 1.049944 Sekunden gebraucht
bei 8 cores haben 1000 Messungen 1.042327 Sekunden gebraucht
bei 8 cores haben 1000 Messungen 1.035453 Sekunden gebraucht
bei 8 cores haben 1000 Messungen 1.040279 Sekunden gebraucht
bei 8 cores haben 1000 Messungen 1.036650 Sekunden gebraucht
bei 9 cores haben 1000 Messungen 1.060889 Sekunden gebraucht
bei 9 cores haben 1000 Messungen 1.072381 Sekunden gebraucht
bei 9 cores haben 1000 Messungen 1.069483 Sekunden gebraucht
bei 9 cores haben 1000 Messungen 1.095495 Sekunden gebraucht
bei 9 cores haben 1000 Messungen 1.075411 Sekunden gebraucht
bei 10 cores haben 1000 Messungen 1.042952 Sekunden gebraucht
bei 10 cores haben 1000 Messungen 1.098427 Sekunden gebraucht
bei 10 cores haben 1000 Messungen 1.048134 Sekunden gebraucht
bei 10 cores haben 1000 Messungen 1.057790 Sekunden gebraucht
bei 10 cores haben 1000 Messungen 1.102929 Sekunden gebraucht
bei 11 cores haben 1000 Messungen 1.089191 Sekunden gebraucht
bei 11 cores haben 1000 Messungen 1.085719 Sekunden gebraucht
bei 11 cores haben 1000 Messungen 1.094865 Sekunden gebraucht
bei 11 cores haben 1000 Messungen 1.090102 Sekunden gebraucht
bei 11 cores haben 1000 Messungen 1.089207 Sekunden gebraucht
bei 12 cores haben 1000 Messungen 1.103428 Sekunden gebraucht
bei 12 cores haben 1000 Messungen 1.102020 Sekunden gebraucht
bei 12 cores haben 1000 Messungen 1.122380 Sekunden gebraucht
bei 12 cores haben 1000 Messungen 1.115552 Sekunden gebraucht
bei 12 cores haben 1000 Messungen 1.114999 Sekunden gebraucht
Laenge=500
bei 1 cores haben 1000 Messungen 27.147051 Sekunden gebraucht
bei 1 cores haben 1000 Messungen 27.143944 Sekunden gebraucht
bei 1 cores haben 1000 Messungen 27.102604 Sekunden gebraucht
bei 1 cores haben 1000 Messungen 27.102100 Sekunden gebraucht
bei 1 cores haben 1000 Messungen 27.106211 Sekunden gebraucht
bei 2 cores haben 1000 Messungen 30.466841 Sekunden gebraucht
bei 2 cores haben 1000 Messungen 29.150821 Sekunden gebraucht
bei 2 cores haben 1000 Messungen 29.135915 Sekunden gebraucht
bei 2 cores haben 1000 Messungen 29.991703 Sekunden gebraucht
bei 2 cores haben 1000 Messungen 29.832395 Sekunden gebraucht
bei 3 cores haben 1000 Messungen 25.625470 Sekunden gebraucht
bei 3 cores haben 1000 Messungen 25.317438 Sekunden gebraucht
bei 3 cores haben 1000 Messungen 27.229243 Sekunden gebraucht
bei 3 cores haben 1000 Messungen 26.157730 Sekunden gebraucht
bei 3 cores haben 1000 Messungen 25.454343 Sekunden gebraucht
bei 4 cores haben 1000 Messungen 23.532023 Sekunden gebraucht
bei 4 cores haben 1000 Messungen 24.893697 Sekunden gebraucht
bei 4 cores haben 1000 Messungen 23.460709 Sekunden gebraucht
bei 4 cores haben 1000 Messungen 23.496361 Sekunden gebraucht
bei 4 cores haben 1000 Messungen 23.612147 Sekunden gebraucht
bei 5 cores haben 1000 Messungen 26.093043 Sekunden gebraucht
bei 5 cores haben 1000 Messungen 27.004256 Sekunden gebraucht
bei 5 cores haben 1000 Messungen 27.035218 Sekunden gebraucht
bei 5 cores haben 1000 Messungen 26.585068 Sekunden gebraucht
bei 5 cores haben 1000 Messungen 26.556015 Sekunden gebraucht
bei 6 cores haben 1000 Messungen 25.013816 Sekunden gebraucht
bei 6 cores haben 1000 Messungen 25.006993 Sekunden gebraucht
bei 6 cores haben 1000 Messungen 24.808651 Sekunden gebraucht
bei 6 cores haben 1000 Messungen 26.122636 Sekunden gebraucht
bei 6 cores haben 1000 Messungen 25.064331 Sekunden gebraucht
bei 7 cores haben 1000 Messungen 26.454440 Sekunden gebraucht
bei 7 cores haben 1000 Messungen 26.738364 Sekunden gebraucht
bei 7 cores haben 1000 Messungen 26.576471 Sekunden gebraucht
bei 7 cores haben 1000 Messungen 26.638232 Sekunden gebraucht
bei 7 cores haben 1000 Messungen 26.367731 Sekunden gebraucht
bei 8 cores haben 1000 Messungen 26.157324 Sekunden gebraucht
bei 8 cores haben 1000 Messungen 26.356353 Sekunden gebraucht
bei 8 cores haben 1000 Messungen 26.278166 Sekunden gebraucht
bei 8 cores haben 1000 Messungen 25.939528 Sekunden gebraucht
bei 8 cores haben 1000 Messungen 26.266030 Sekunden gebraucht
bei 9 cores haben 1000 Messungen 27.193768 Sekunden gebraucht
bei 9 cores haben 1000 Messungen 27.105659 Sekunden gebraucht
bei 9 cores haben 1000 Messungen 27.083395 Sekunden gebraucht
bei 9 cores haben 1000 Messungen 27.118054 Sekunden gebraucht
bei 9 cores haben 1000 Messungen 27.100566 Sekunden gebraucht
bei 10 cores haben 1000 Messungen 27.104799 Sekunden gebraucht
bei 10 cores haben 1000 Messungen 27.133434 Sekunden gebraucht
bei 10 cores haben 1000 Messungen 27.167266 Sekunden gebraucht
bei 10 cores haben 1000 Messungen 27.143699 Sekunden gebraucht
bei 10 cores haben 1000 Messungen 27.140197 Sekunden gebraucht
bei 11 cores haben 1000 Messungen 26.967658 Sekunden gebraucht
bei 11 cores haben 1000 Messungen 26.907582 Sekunden gebraucht
bei 11 cores haben 1000 Messungen 27.060396 Sekunden gebraucht
bei 11 cores haben 1000 Messungen 26.984546 Sekunden gebraucht
bei 11 cores haben 1000 Messungen 27.087172 Sekunden gebraucht
bei 12 cores haben 1000 Messungen 27.222142 Sekunden gebraucht
bei 12 cores haben 1000 Messungen 27.275354 Sekunden gebraucht
bei 12 cores haben 1000 Messungen 27.218410 Sekunden gebraucht
bei 12 cores haben 1000 Messungen 27.212291 Sekunden gebraucht
bei 12 cores haben 1000 Messungen 27.211479 Sekunden gebraucht
/hiskp4/gross/bachelorarbeit
