Fri Jul 24 15:25:49 CEST 2020 Waiting for 30 seconds before starting the job to allow the node to settle down
Fri Jul 24 15:26:19 CEST 2020 Waiting done, starting task!
480 1
Fri Jul 24 15:26:19 CEST 2020 Waiting for 30 seconds before starting the job to allow the node to settle down
Fri Jul 24 15:26:49 CEST 2020 Waiting done, starting task!
480
480 2
Fri Jul 24 15:39:35 CEST 2020 Waiting for 30 seconds before starting the job to allow the node to settle down
Fri Jul 24 15:39:35 CEST 2020 Waiting for 30 seconds before starting the job to allow the node to settle down
Fri Jul 24 15:40:05 CEST 2020 Waiting done, starting task!
Fri Jul 24 15:40:05 CEST 2020 Waiting done, starting task!
480
480 3
Fri Jul 24 15:46:33 CEST 2020 Waiting for 30 seconds before starting the job to allow the node to settle down
Fri Jul 24 15:46:33 CEST 2020 Waiting for 30 seconds before starting the job to allow the node to settle down
Fri Jul 24 15:46:33 CEST 2020 Waiting for 30 seconds before starting the job to allow the node to settle down
Fri Jul 24 15:47:03 CEST 2020 Waiting done, starting task!
Fri Jul 24 15:47:03 CEST 2020 Waiting done, starting task!
Fri Jul 24 15:47:03 CEST 2020 Waiting done, starting task!
480
480 4
Fri Jul 24 15:51:26 CEST 2020 Waiting for 30 seconds before starting the job to allow the node to settle down
Fri Jul 24 15:51:26 CEST 2020 Waiting for 30 seconds before starting the job to allow the node to settle down
Fri Jul 24 15:51:26 CEST 2020 Waiting for 30 seconds before starting the job to allow the node to settle down
Fri Jul 24 15:51:26 CEST 2020 Waiting for 30 seconds before starting the job to allow the node to settle down
Fri Jul 24 15:51:56 CEST 2020 Waiting done, starting task!
Fri Jul 24 15:51:56 CEST 2020 Waiting done, starting task!
Fri Jul 24 15:51:56 CEST 2020 Waiting done, starting task!
Fri Jul 24 15:51:56 CEST 2020 Waiting done, starting task!
480
480 5
Fri Jul 24 15:55:14 CEST 2020 Waiting for 30 seconds before starting the job to allow the node to settle down
Fri Jul 24 15:55:14 CEST 2020 Waiting for 30 seconds before starting the job to allow the node to settle down
Fri Jul 24 15:55:14 CEST 2020 Waiting for 30 seconds before starting the job to allow the node to settle down
Fri Jul 24 15:55:14 CEST 2020 Waiting for 30 seconds before starting the job to allow the node to settle down
Fri Jul 24 15:55:14 CEST 2020 Waiting for 30 seconds before starting the job to allow the node to settle down
Fri Jul 24 15:55:44 CEST 2020 Waiting done, starting task!
Fri Jul 24 15:55:44 CEST 2020 Waiting done, starting task!
Fri Jul 24 15:55:44 CEST 2020 Waiting done, starting task!
Fri Jul 24 15:55:44 CEST 2020 Waiting done, starting task!
Fri Jul 24 15:55:44 CEST 2020 Waiting done, starting task!
480
480 6
Fri Jul 24 15:58:23 CEST 2020 Waiting for 30 seconds before starting the job to allow the node to settle down
Fri Jul 24 15:58:23 CEST 2020 Waiting for 30 seconds before starting the job to allow the node to settle down
Fri Jul 24 15:58:23 CEST 2020 Waiting for 30 seconds before starting the job to allow the node to settle down
Fri Jul 24 15:58:23 CEST 2020 Waiting for 30 seconds before starting the job to allow the node to settle down
Fri Jul 24 15:58:23 CEST 2020 Waiting for 30 seconds before starting the job to allow the node to settle down
Fri Jul 24 15:58:23 CEST 2020 Waiting for 30 seconds before starting the job to allow the node to settle down
Fri Jul 24 15:58:53 CEST 2020 Waiting done, starting task!
Fri Jul 24 15:58:53 CEST 2020 Waiting done, starting task!
Fri Jul 24 15:58:53 CEST 2020 Waiting done, starting task!
Fri Jul 24 15:58:53 CEST 2020 Waiting done, starting task!
Fri Jul 24 15:58:53 CEST 2020 Waiting done, starting task!
Fri Jul 24 15:58:53 CEST 2020 Waiting done, starting task!
480
480 8
Fri Jul 24 16:01:08 CEST 2020 Waiting for 30 seconds before starting the job to allow the node to settle down
Fri Jul 24 16:01:08 CEST 2020 Waiting for 30 seconds before starting the job to allow the node to settle down
Fri Jul 24 16:01:08 CEST 2020 Waiting for 30 seconds before starting the job to allow the node to settle down
Fri Jul 24 16:01:08 CEST 2020 Waiting for 30 seconds before starting the job to allow the node to settle down
Fri Jul 24 16:01:08 CEST 2020 Waiting for 30 seconds before starting the job to allow the node to settle down
Fri Jul 24 16:01:08 CEST 2020 Waiting for 30 seconds before starting the job to allow the node to settle down
Fri Jul 24 16:01:08 CEST 2020 Waiting for 30 seconds before starting the job to allow the node to settle down
Fri Jul 24 16:01:08 CEST 2020 Waiting for 30 seconds before starting the job to allow the node to settle down
Fri Jul 24 16:01:38 CEST 2020 Waiting done, starting task!
Fri Jul 24 16:01:38 CEST 2020 Waiting done, starting task!
Fri Jul 24 16:01:38 CEST 2020 Waiting done, starting task!
Fri Jul 24 16:01:38 CEST 2020 Waiting done, starting task!
Fri Jul 24 16:01:38 CEST 2020 Waiting done, starting task!
Fri Jul 24 16:01:38 CEST 2020 Waiting done, starting task!
Fri Jul 24 16:01:38 CEST 2020 Waiting done, starting task!
Fri Jul 24 16:01:38 CEST 2020 Waiting done, starting task!
480
480 10
Fri Jul 24 16:03:20 CEST 2020 Waiting for 30 seconds before starting the job to allow the node to settle down
Fri Jul 24 16:03:20 CEST 2020 Waiting for 30 seconds before starting the job to allow the node to settle down
Fri Jul 24 16:03:20 CEST 2020 Waiting for 30 seconds before starting the job to allow the node to settle down
Fri Jul 24 16:03:20 CEST 2020 Waiting for 30 seconds before starting the job to allow the node to settle down
Fri Jul 24 16:03:20 CEST 2020 Waiting for 30 seconds before starting the job to allow the node to settle down
Fri Jul 24 16:03:20 CEST 2020 Waiting for 30 seconds before starting the job to allow the node to settle down
Fri Jul 24 16:03:20 CEST 2020 Waiting for 30 seconds before starting the job to allow the node to settle down
Fri Jul 24 16:03:20 CEST 2020 Waiting for 30 seconds before starting the job to allow the node to settle down
Fri Jul 24 16:03:20 CEST 2020 Waiting for 30 seconds before starting the job to allow the node to settle down
Fri Jul 24 16:03:20 CEST 2020 Waiting for 30 seconds before starting the job to allow the node to settle down
Fri Jul 24 16:03:50 CEST 2020 Waiting done, starting task!
Fri Jul 24 16:03:50 CEST 2020 Waiting done, starting task!
Fri Jul 24 16:03:50 CEST 2020 Waiting done, starting task!
Fri Jul 24 16:03:50 CEST 2020 Waiting done, starting task!
Fri Jul 24 16:03:50 CEST 2020 Waiting done, starting task!
Fri Jul 24 16:03:50 CEST 2020 Waiting done, starting task!
Fri Jul 24 16:03:50 CEST 2020 Waiting done, starting task!
Fri Jul 24 16:03:50 CEST 2020 Waiting done, starting task!
Fri Jul 24 16:03:50 CEST 2020 Waiting done, starting task!
Fri Jul 24 16:03:50 CEST 2020 Waiting done, starting task!
480
480 12
Fri Jul 24 16:05:15 CEST 2020 Waiting for 30 seconds before starting the job to allow the node to settle down
Fri Jul 24 16:05:15 CEST 2020 Waiting for 30 seconds before starting the job to allow the node to settle down
Fri Jul 24 16:05:15 CEST 2020 Waiting for 30 seconds before starting the job to allow the node to settle down
Fri Jul 24 16:05:15 CEST 2020 Waiting for 30 seconds before starting the job to allow the node to settle down
Fri Jul 24 16:05:15 CEST 2020 Waiting for 30 seconds before starting the job to allow the node to settle down
Fri Jul 24 16:05:15 CEST 2020 Waiting for 30 seconds before starting the job to allow the node to settle down
Fri Jul 24 16:05:15 CEST 2020 Waiting for 30 seconds before starting the job to allow the node to settle down
Fri Jul 24 16:05:15 CEST 2020 Waiting for 30 seconds before starting the job to allow the node to settle down
Fri Jul 24 16:05:15 CEST 2020 Waiting for 30 seconds before starting the job to allow the node to settle down
Fri Jul 24 16:05:15 CEST 2020 Waiting for 30 seconds before starting the job to allow the node to settle down
Fri Jul 24 16:05:15 CEST 2020 Waiting for 30 seconds before starting the job to allow the node to settle down
Fri Jul 24 16:05:15 CEST 2020 Waiting for 30 seconds before starting the job to allow the node to settle down
Fri Jul 24 16:05:45 CEST 2020 Waiting done, starting task!
Fri Jul 24 16:05:45 CEST 2020 Waiting done, starting task!
Fri Jul 24 16:05:45 CEST 2020 Waiting done, starting task!
Fri Jul 24 16:05:45 CEST 2020 Waiting done, starting task!
Fri Jul 24 16:05:45 CEST 2020 Waiting done, starting task!
Fri Jul 24 16:05:45 CEST 2020 Waiting done, starting task!
Fri Jul 24 16:05:45 CEST 2020 Waiting done, starting task!
Fri Jul 24 16:05:45 CEST 2020 Waiting done, starting task!
Fri Jul 24 16:05:45 CEST 2020 Waiting done, starting task!
Fri Jul 24 16:05:45 CEST 2020 Waiting done, starting task!
Fri Jul 24 16:05:45 CEST 2020 Waiting done, starting task!
Fri Jul 24 16:05:45 CEST 2020 Waiting done, starting task!
480
480 15
Fri Jul 24 16:06:57 CEST 2020 Waiting for 30 seconds before starting the job to allow the node to settle down
Fri Jul 24 16:06:57 CEST 2020 Waiting for 30 seconds before starting the job to allow the node to settle down
Fri Jul 24 16:06:57 CEST 2020 Waiting for 30 seconds before starting the job to allow the node to settle down
Fri Jul 24 16:06:57 CEST 2020 Waiting for 30 seconds before starting the job to allow the node to settle down
Fri Jul 24 16:06:57 CEST 2020 Waiting for 30 seconds before starting the job to allow the node to settle down
Fri Jul 24 16:06:57 CEST 2020 Waiting for 30 seconds before starting the job to allow the node to settle down
Fri Jul 24 16:06:57 CEST 2020 Waiting for 30 seconds before starting the job to allow the node to settle down
Fri Jul 24 16:06:57 CEST 2020 Waiting for 30 seconds before starting the job to allow the node to settle down
Fri Jul 24 16:06:57 CEST 2020 Waiting for 30 seconds before starting the job to allow the node to settle down
Fri Jul 24 16:06:57 CEST 2020 Waiting for 30 seconds before starting the job to allow the node to settle down
Fri Jul 24 16:06:57 CEST 2020 Waiting for 30 seconds before starting the job to allow the node to settle down
Fri Jul 24 16:06:57 CEST 2020 Waiting for 30 seconds before starting the job to allow the node to settle down
Fri Jul 24 16:06:57 CEST 2020 Waiting for 30 seconds before starting the job to allow the node to settle down
Fri Jul 24 16:06:57 CEST 2020 Waiting for 30 seconds before starting the job to allow the node to settle down
Fri Jul 24 16:06:57 CEST 2020 Waiting for 30 seconds before starting the job to allow the node to settle down
Fri Jul 24 16:07:27 CEST 2020 Waiting done, starting task!
Fri Jul 24 16:07:27 CEST 2020 Waiting done, starting task!
Fri Jul 24 16:07:27 CEST 2020 Waiting done, starting task!
Fri Jul 24 16:07:27 CEST 2020 Waiting done, starting task!
Fri Jul 24 16:07:27 CEST 2020 Waiting done, starting task!
Fri Jul 24 16:07:27 CEST 2020 Waiting done, starting task!
Fri Jul 24 16:07:27 CEST 2020 Waiting done, starting task!
Fri Jul 24 16:07:27 CEST 2020 Waiting done, starting task!
Fri Jul 24 16:07:27 CEST 2020 Waiting done, starting task!
Fri Jul 24 16:07:27 CEST 2020 Waiting done, starting task!
Fri Jul 24 16:07:27 CEST 2020 Waiting done, starting task!
Fri Jul 24 16:07:27 CEST 2020 Waiting done, starting task!
Fri Jul 24 16:07:27 CEST 2020 Waiting done, starting task!
Fri Jul 24 16:07:27 CEST 2020 Waiting done, starting task!
Fri Jul 24 16:07:27 CEST 2020 Waiting done, starting task!
480
480 16
Fri Jul 24 16:08:28 CEST 2020 Waiting for 30 seconds before starting the job to allow the node to settle down
Fri Jul 24 16:08:28 CEST 2020 Waiting for 30 seconds before starting the job to allow the node to settle down
Fri Jul 24 16:08:28 CEST 2020 Waiting for 30 seconds before starting the job to allow the node to settle down
Fri Jul 24 16:08:28 CEST 2020 Waiting for 30 seconds before starting the job to allow the node to settle down
Fri Jul 24 16:08:28 CEST 2020 Waiting for 30 seconds before starting the job to allow the node to settle down
Fri Jul 24 16:08:28 CEST 2020 Waiting for 30 seconds before starting the job to allow the node to settle down
Fri Jul 24 16:08:28 CEST 2020 Waiting for 30 seconds before starting the job to allow the node to settle down
Fri Jul 24 16:08:28 CEST 2020 Waiting for 30 seconds before starting the job to allow the node to settle down
Fri Jul 24 16:08:28 CEST 2020 Waiting for 30 seconds before starting the job to allow the node to settle down
Fri Jul 24 16:08:28 CEST 2020 Waiting for 30 seconds before starting the job to allow the node to settle down
Fri Jul 24 16:08:28 CEST 2020 Waiting for 30 seconds before starting the job to allow the node to settle down
Fri Jul 24 16:08:28 CEST 2020 Waiting for 30 seconds before starting the job to allow the node to settle down
Fri Jul 24 16:08:28 CEST 2020 Waiting for 30 seconds before starting the job to allow the node to settle down
Fri Jul 24 16:08:28 CEST 2020 Waiting for 30 seconds before starting the job to allow the node to settle down
Fri Jul 24 16:08:28 CEST 2020 Waiting for 30 seconds before starting the job to allow the node to settle down
Fri Jul 24 16:08:28 CEST 2020 Waiting for 30 seconds before starting the job to allow the node to settle down
Fri Jul 24 16:08:58 CEST 2020 Waiting done, starting task!
Fri Jul 24 16:08:58 CEST 2020 Waiting done, starting task!
Fri Jul 24 16:08:58 CEST 2020 Waiting done, starting task!
Fri Jul 24 16:08:58 CEST 2020 Waiting done, starting task!
Fri Jul 24 16:08:58 CEST 2020 Waiting done, starting task!
Fri Jul 24 16:08:58 CEST 2020 Waiting done, starting task!
Fri Jul 24 16:08:58 CEST 2020 Waiting done, starting task!
Fri Jul 24 16:08:58 CEST 2020 Waiting done, starting task!
Fri Jul 24 16:08:58 CEST 2020 Waiting done, starting task!
Fri Jul 24 16:08:58 CEST 2020 Waiting done, starting task!
Fri Jul 24 16:08:58 CEST 2020 Waiting done, starting task!
Fri Jul 24 16:08:58 CEST 2020 Waiting done, starting task!
Fri Jul 24 16:08:58 CEST 2020 Waiting done, starting task!
Fri Jul 24 16:08:58 CEST 2020 Waiting done, starting task!
Fri Jul 24 16:08:58 CEST 2020 Waiting done, starting task!
Fri Jul 24 16:08:58 CEST 2020 Waiting done, starting task!
480
480 20
Fri Jul 24 16:09:56 CEST 2020 Waiting for 30 seconds before starting the job to allow the node to settle down
Fri Jul 24 16:09:56 CEST 2020 Waiting for 30 seconds before starting the job to allow the node to settle down
Fri Jul 24 16:09:56 CEST 2020 Waiting for 30 seconds before starting the job to allow the node to settle down
Fri Jul 24 16:09:56 CEST 2020 Waiting for 30 seconds before starting the job to allow the node to settle down
Fri Jul 24 16:09:56 CEST 2020 Waiting for 30 seconds before starting the job to allow the node to settle down
Fri Jul 24 16:09:56 CEST 2020 Waiting for 30 seconds before starting the job to allow the node to settle down
Fri Jul 24 16:09:56 CEST 2020 Waiting for 30 seconds before starting the job to allow the node to settle down
Fri Jul 24 16:09:56 CEST 2020 Waiting for 30 seconds before starting the job to allow the node to settle down
Fri Jul 24 16:09:56 CEST 2020 Waiting for 30 seconds before starting the job to allow the node to settle down
Fri Jul 24 16:09:56 CEST 2020 Waiting for 30 seconds before starting the job to allow the node to settle down
Fri Jul 24 16:09:56 CEST 2020 Waiting for 30 seconds before starting the job to allow the node to settle down
Fri Jul 24 16:09:56 CEST 2020 Waiting for 30 seconds before starting the job to allow the node to settle down
Fri Jul 24 16:09:56 CEST 2020 Waiting for 30 seconds before starting the job to allow the node to settle down
Fri Jul 24 16:09:56 CEST 2020 Waiting for 30 seconds before starting the job to allow the node to settle down
Fri Jul 24 16:09:56 CEST 2020 Waiting for 30 seconds before starting the job to allow the node to settle down
Fri Jul 24 16:09:56 CEST 2020 Waiting for 30 seconds before starting the job to allow the node to settle down
Fri Jul 24 16:09:56 CEST 2020 Waiting for 30 seconds before starting the job to allow the node to settle down
Fri Jul 24 16:09:56 CEST 2020 Waiting for 30 seconds before starting the job to allow the node to settle down
Fri Jul 24 16:09:56 CEST 2020 Waiting for 30 seconds before starting the job to allow the node to settle down
Fri Jul 24 16:09:56 CEST 2020 Waiting for 30 seconds before starting the job to allow the node to settle down
Fri Jul 24 16:10:26 CEST 2020 Waiting done, starting task!
Fri Jul 24 16:10:26 CEST 2020 Waiting done, starting task!
Fri Jul 24 16:10:26 CEST 2020 Waiting done, starting task!
Fri Jul 24 16:10:26 CEST 2020 Waiting done, starting task!
Fri Jul 24 16:10:26 CEST 2020 Waiting done, starting task!
Fri Jul 24 16:10:26 CEST 2020 Waiting done, starting task!
Fri Jul 24 16:10:26 CEST 2020 Waiting done, starting task!
Fri Jul 24 16:10:26 CEST 2020 Waiting done, starting task!
Fri Jul 24 16:10:26 CEST 2020 Waiting done, starting task!
Fri Jul 24 16:10:26 CEST 2020 Waiting done, starting task!
Fri Jul 24 16:10:26 CEST 2020 Waiting done, starting task!
Fri Jul 24 16:10:26 CEST 2020 Waiting done, starting task!
Fri Jul 24 16:10:26 CEST 2020 Waiting done, starting task!
Fri Jul 24 16:10:26 CEST 2020 Waiting done, starting task!
Fri Jul 24 16:10:26 CEST 2020 Waiting done, starting task!
Fri Jul 24 16:10:26 CEST 2020 Waiting done, starting task!
Fri Jul 24 16:10:26 CEST 2020 Waiting done, starting task!
Fri Jul 24 16:10:26 CEST 2020 Waiting done, starting task!
Fri Jul 24 16:10:26 CEST 2020 Waiting done, starting task!
Fri Jul 24 16:10:26 CEST 2020 Waiting done, starting task!
480
/hiskp4/gross/bachelorarbeit
