Mon Jun 22 14:25:57 CEST 2020 Waiting for 30 seconds before starting the job to allow the node to settle down
Mon Jun 22 14:26:27 CEST 2020 Waiting done, starting task!
Mon Jun 22 14:26:27 CEST 2020 Waiting for 30 seconds before starting the job to allow the node to settle down
Mon Jun 22 14:26:57 CEST 2020 Waiting done, starting task!
Laenge=12
bei 1 cores haben 1000 Messungen 0.013587 Sekunden gebraucht
bei 1 cores haben 1000 Messungen 0.013444 Sekunden gebraucht
bei 1 cores haben 1000 Messungen 0.013331 Sekunden gebraucht
bei 1 cores haben 1000 Messungen 0.013298 Sekunden gebraucht
bei 1 cores haben 1000 Messungen 0.013400 Sekunden gebraucht
bei 2 cores haben 1000 Messungen 0.011909 Sekunden gebraucht
bei 2 cores haben 1000 Messungen 0.011725 Sekunden gebraucht
bei 2 cores haben 1000 Messungen 0.011263 Sekunden gebraucht
bei 2 cores haben 1000 Messungen 0.011315 Sekunden gebraucht
bei 2 cores haben 1000 Messungen 0.011185 Sekunden gebraucht
bei 3 cores haben 1000 Messungen 0.015821 Sekunden gebraucht
bei 3 cores haben 1000 Messungen 0.018660 Sekunden gebraucht
bei 3 cores haben 1000 Messungen 0.014481 Sekunden gebraucht
bei 3 cores haben 1000 Messungen 0.015148 Sekunden gebraucht
bei 3 cores haben 1000 Messungen 0.014594 Sekunden gebraucht
bei 4 cores haben 1000 Messungen 0.014843 Sekunden gebraucht
bei 4 cores haben 1000 Messungen 0.014309 Sekunden gebraucht
bei 4 cores haben 1000 Messungen 0.014539 Sekunden gebraucht
bei 4 cores haben 1000 Messungen 0.014086 Sekunden gebraucht
bei 4 cores haben 1000 Messungen 0.013792 Sekunden gebraucht
bei 5 cores haben 1000 Messungen 0.014722 Sekunden gebraucht
bei 5 cores haben 1000 Messungen 0.014362 Sekunden gebraucht
bei 5 cores haben 1000 Messungen 0.014320 Sekunden gebraucht
bei 5 cores haben 1000 Messungen 0.015277 Sekunden gebraucht
bei 5 cores haben 1000 Messungen 0.015200 Sekunden gebraucht
bei 6 cores haben 1000 Messungen 0.015574 Sekunden gebraucht
bei 6 cores haben 1000 Messungen 0.016274 Sekunden gebraucht
bei 6 cores haben 1000 Messungen 0.015165 Sekunden gebraucht
bei 6 cores haben 1000 Messungen 0.015362 Sekunden gebraucht
bei 6 cores haben 1000 Messungen 0.015708 Sekunden gebraucht
bei 7 cores haben 1000 Messungen 0.016353 Sekunden gebraucht
bei 7 cores haben 1000 Messungen 0.016778 Sekunden gebraucht
bei 7 cores haben 1000 Messungen 0.016797 Sekunden gebraucht
bei 7 cores haben 1000 Messungen 0.016318 Sekunden gebraucht
bei 7 cores haben 1000 Messungen 0.016202 Sekunden gebraucht
bei 8 cores haben 1000 Messungen 0.016071 Sekunden gebraucht
bei 8 cores haben 1000 Messungen 0.016177 Sekunden gebraucht
bei 8 cores haben 1000 Messungen 0.016101 Sekunden gebraucht
bei 8 cores haben 1000 Messungen 0.015867 Sekunden gebraucht
bei 8 cores haben 1000 Messungen 0.015221 Sekunden gebraucht
bei 9 cores haben 1000 Messungen 0.017402 Sekunden gebraucht
bei 9 cores haben 1000 Messungen 0.017279 Sekunden gebraucht
bei 9 cores haben 1000 Messungen 0.017348 Sekunden gebraucht
bei 9 cores haben 1000 Messungen 0.017663 Sekunden gebraucht
bei 9 cores haben 1000 Messungen 0.017733 Sekunden gebraucht
bei 10 cores haben 1000 Messungen 0.018716 Sekunden gebraucht
bei 10 cores haben 1000 Messungen 0.018573 Sekunden gebraucht
bei 10 cores haben 1000 Messungen 0.018722 Sekunden gebraucht
bei 10 cores haben 1000 Messungen 0.018544 Sekunden gebraucht
bei 10 cores haben 1000 Messungen 0.018584 Sekunden gebraucht
bei 11 cores haben 1000 Messungen 0.020061 Sekunden gebraucht
bei 11 cores haben 1000 Messungen 0.019988 Sekunden gebraucht
bei 11 cores haben 1000 Messungen 0.020021 Sekunden gebraucht
bei 11 cores haben 1000 Messungen 0.020478 Sekunden gebraucht
bei 11 cores haben 1000 Messungen 0.020165 Sekunden gebraucht
bei 12 cores haben 1000 Messungen 0.022169 Sekunden gebraucht
bei 12 cores haben 1000 Messungen 0.022083 Sekunden gebraucht
bei 12 cores haben 1000 Messungen 0.021680 Sekunden gebraucht
bei 12 cores haben 1000 Messungen 0.021781 Sekunden gebraucht
bei 12 cores haben 1000 Messungen 0.021720 Sekunden gebraucht
/hiskp4/gross/bachelorarbeit
