Sun Jul 26 12:10:27 CEST 2020 Waiting for 30 seconds before starting the job to allow the node to settle down
Sun Jul 26 12:10:57 CEST 2020 Waiting done, starting task!
480 1
Sun Jul 26 12:10:57 CEST 2020 Waiting for 30 seconds before starting the job to allow the node to settle down
Sun Jul 26 12:11:27 CEST 2020 Waiting done, starting task!
480
480 2
Sun Jul 26 12:13:22 CEST 2020 Waiting for 30 seconds before starting the job to allow the node to settle down
Sun Jul 26 12:13:22 CEST 2020 Waiting for 30 seconds before starting the job to allow the node to settle down
Sun Jul 26 12:13:52 CEST 2020 Waiting done, starting task!
Sun Jul 26 12:13:52 CEST 2020 Waiting done, starting task!
480
480 3
Sun Jul 26 12:14:50 CEST 2020 Waiting for 30 seconds before starting the job to allow the node to settle down
Sun Jul 26 12:14:50 CEST 2020 Waiting for 30 seconds before starting the job to allow the node to settle down
Sun Jul 26 12:14:50 CEST 2020 Waiting for 30 seconds before starting the job to allow the node to settle down
Sun Jul 26 12:15:20 CEST 2020 Waiting done, starting task!
Sun Jul 26 12:15:20 CEST 2020 Waiting done, starting task!
Sun Jul 26 12:15:20 CEST 2020 Waiting done, starting task!
480
480 4
Sun Jul 26 12:16:00 CEST 2020 Waiting for 30 seconds before starting the job to allow the node to settle down
Sun Jul 26 12:16:00 CEST 2020 Waiting for 30 seconds before starting the job to allow the node to settle down
Sun Jul 26 12:16:00 CEST 2020 Waiting for 30 seconds before starting the job to allow the node to settle down
Sun Jul 26 12:16:00 CEST 2020 Waiting for 30 seconds before starting the job to allow the node to settle down
Sun Jul 26 12:16:30 CEST 2020 Waiting done, starting task!
Sun Jul 26 12:16:30 CEST 2020 Waiting done, starting task!
Sun Jul 26 12:16:30 CEST 2020 Waiting done, starting task!
Sun Jul 26 12:16:30 CEST 2020 Waiting done, starting task!
480
480 5
Sun Jul 26 12:17:01 CEST 2020 Waiting for 30 seconds before starting the job to allow the node to settle down
Sun Jul 26 12:17:01 CEST 2020 Waiting for 30 seconds before starting the job to allow the node to settle down
Sun Jul 26 12:17:01 CEST 2020 Waiting for 30 seconds before starting the job to allow the node to settle down
Sun Jul 26 12:17:01 CEST 2020 Waiting for 30 seconds before starting the job to allow the node to settle down
Sun Jul 26 12:17:01 CEST 2020 Waiting for 30 seconds before starting the job to allow the node to settle down
Sun Jul 26 12:17:31 CEST 2020 Waiting done, starting task!
Sun Jul 26 12:17:31 CEST 2020 Waiting done, starting task!
Sun Jul 26 12:17:31 CEST 2020 Waiting done, starting task!
Sun Jul 26 12:17:31 CEST 2020 Waiting done, starting task!
Sun Jul 26 12:17:31 CEST 2020 Waiting done, starting task!
480
480 6
Sun Jul 26 12:17:56 CEST 2020 Waiting for 30 seconds before starting the job to allow the node to settle down
Sun Jul 26 12:17:56 CEST 2020 Waiting for 30 seconds before starting the job to allow the node to settle down
Sun Jul 26 12:17:56 CEST 2020 Waiting for 30 seconds before starting the job to allow the node to settle down
Sun Jul 26 12:17:56 CEST 2020 Waiting for 30 seconds before starting the job to allow the node to settle down
Sun Jul 26 12:17:56 CEST 2020 Waiting for 30 seconds before starting the job to allow the node to settle down
Sun Jul 26 12:17:56 CEST 2020 Waiting for 30 seconds before starting the job to allow the node to settle down
Sun Jul 26 12:18:26 CEST 2020 Waiting done, starting task!
Sun Jul 26 12:18:26 CEST 2020 Waiting done, starting task!
Sun Jul 26 12:18:26 CEST 2020 Waiting done, starting task!
Sun Jul 26 12:18:26 CEST 2020 Waiting done, starting task!
Sun Jul 26 12:18:26 CEST 2020 Waiting done, starting task!
Sun Jul 26 12:18:26 CEST 2020 Waiting done, starting task!
480
480 8
Sun Jul 26 12:18:47 CEST 2020 Waiting for 30 seconds before starting the job to allow the node to settle down
Sun Jul 26 12:18:47 CEST 2020 Waiting for 30 seconds before starting the job to allow the node to settle down
Sun Jul 26 12:18:47 CEST 2020 Waiting for 30 seconds before starting the job to allow the node to settle down
Sun Jul 26 12:18:47 CEST 2020 Waiting for 30 seconds before starting the job to allow the node to settle down
Sun Jul 26 12:18:47 CEST 2020 Waiting for 30 seconds before starting the job to allow the node to settle down
Sun Jul 26 12:18:47 CEST 2020 Waiting for 30 seconds before starting the job to allow the node to settle down
Sun Jul 26 12:18:47 CEST 2020 Waiting for 30 seconds before starting the job to allow the node to settle down
Sun Jul 26 12:18:47 CEST 2020 Waiting for 30 seconds before starting the job to allow the node to settle down
Sun Jul 26 12:19:17 CEST 2020 Waiting done, starting task!
Sun Jul 26 12:19:17 CEST 2020 Waiting done, starting task!
Sun Jul 26 12:19:17 CEST 2020 Waiting done, starting task!
Sun Jul 26 12:19:17 CEST 2020 Waiting done, starting task!
Sun Jul 26 12:19:17 CEST 2020 Waiting done, starting task!
Sun Jul 26 12:19:17 CEST 2020 Waiting done, starting task!
Sun Jul 26 12:19:17 CEST 2020 Waiting done, starting task!
Sun Jul 26 12:19:17 CEST 2020 Waiting done, starting task!
480
480 10
Sun Jul 26 12:19:34 CEST 2020 Waiting for 30 seconds before starting the job to allow the node to settle down
Sun Jul 26 12:19:34 CEST 2020 Waiting for 30 seconds before starting the job to allow the node to settle down
Sun Jul 26 12:19:34 CEST 2020 Waiting for 30 seconds before starting the job to allow the node to settle down
Sun Jul 26 12:19:34 CEST 2020 Waiting for 30 seconds before starting the job to allow the node to settle down
Sun Jul 26 12:19:34 CEST 2020 Waiting for 30 seconds before starting the job to allow the node to settle down
Sun Jul 26 12:19:34 CEST 2020 Waiting for 30 seconds before starting the job to allow the node to settle down
Sun Jul 26 12:19:34 CEST 2020 Waiting for 30 seconds before starting the job to allow the node to settle down
Sun Jul 26 12:19:34 CEST 2020 Waiting for 30 seconds before starting the job to allow the node to settle down
Sun Jul 26 12:19:34 CEST 2020 Waiting for 30 seconds before starting the job to allow the node to settle down
Sun Jul 26 12:19:34 CEST 2020 Waiting for 30 seconds before starting the job to allow the node to settle down
Sun Jul 26 12:20:04 CEST 2020 Waiting done, starting task!
Sun Jul 26 12:20:04 CEST 2020 Waiting done, starting task!
Sun Jul 26 12:20:04 CEST 2020 Waiting done, starting task!
Sun Jul 26 12:20:04 CEST 2020 Waiting done, starting task!
Sun Jul 26 12:20:04 CEST 2020 Waiting done, starting task!
Sun Jul 26 12:20:04 CEST 2020 Waiting done, starting task!
Sun Jul 26 12:20:04 CEST 2020 Waiting done, starting task!
Sun Jul 26 12:20:04 CEST 2020 Waiting done, starting task!
Sun Jul 26 12:20:04 CEST 2020 Waiting done, starting task!
Sun Jul 26 12:20:04 CEST 2020 Waiting done, starting task!
480
480 12
Sun Jul 26 12:20:18 CEST 2020 Waiting for 30 seconds before starting the job to allow the node to settle down
Sun Jul 26 12:20:18 CEST 2020 Waiting for 30 seconds before starting the job to allow the node to settle down
Sun Jul 26 12:20:18 CEST 2020 Waiting for 30 seconds before starting the job to allow the node to settle down
Sun Jul 26 12:20:18 CEST 2020 Waiting for 30 seconds before starting the job to allow the node to settle down
Sun Jul 26 12:20:18 CEST 2020 Waiting for 30 seconds before starting the job to allow the node to settle down
Sun Jul 26 12:20:18 CEST 2020 Waiting for 30 seconds before starting the job to allow the node to settle down
Sun Jul 26 12:20:18 CEST 2020 Waiting for 30 seconds before starting the job to allow the node to settle down
Sun Jul 26 12:20:18 CEST 2020 Waiting for 30 seconds before starting the job to allow the node to settle down
Sun Jul 26 12:20:18 CEST 2020 Waiting for 30 seconds before starting the job to allow the node to settle down
Sun Jul 26 12:20:18 CEST 2020 Waiting for 30 seconds before starting the job to allow the node to settle down
Sun Jul 26 12:20:18 CEST 2020 Waiting for 30 seconds before starting the job to allow the node to settle down
Sun Jul 26 12:20:18 CEST 2020 Waiting for 30 seconds before starting the job to allow the node to settle down
Sun Jul 26 12:20:48 CEST 2020 Waiting done, starting task!
Sun Jul 26 12:20:48 CEST 2020 Waiting done, starting task!
Sun Jul 26 12:20:48 CEST 2020 Waiting done, starting task!
Sun Jul 26 12:20:48 CEST 2020 Waiting done, starting task!
Sun Jul 26 12:20:48 CEST 2020 Waiting done, starting task!
Sun Jul 26 12:20:48 CEST 2020 Waiting done, starting task!
Sun Jul 26 12:20:48 CEST 2020 Waiting done, starting task!
Sun Jul 26 12:20:48 CEST 2020 Waiting done, starting task!
Sun Jul 26 12:20:48 CEST 2020 Waiting done, starting task!
Sun Jul 26 12:20:48 CEST 2020 Waiting done, starting task!
Sun Jul 26 12:20:48 CEST 2020 Waiting done, starting task!
Sun Jul 26 12:20:48 CEST 2020 Waiting done, starting task!
480
480 15
Sun Jul 26 12:21:00 CEST 2020 Waiting for 30 seconds before starting the job to allow the node to settle down
Sun Jul 26 12:21:00 CEST 2020 Waiting for 30 seconds before starting the job to allow the node to settle down
Sun Jul 26 12:21:00 CEST 2020 Waiting for 30 seconds before starting the job to allow the node to settle down
Sun Jul 26 12:21:00 CEST 2020 Waiting for 30 seconds before starting the job to allow the node to settle down
Sun Jul 26 12:21:00 CEST 2020 Waiting for 30 seconds before starting the job to allow the node to settle down
Sun Jul 26 12:21:00 CEST 2020 Waiting for 30 seconds before starting the job to allow the node to settle down
Sun Jul 26 12:21:00 CEST 2020 Waiting for 30 seconds before starting the job to allow the node to settle down
Sun Jul 26 12:21:00 CEST 2020 Waiting for 30 seconds before starting the job to allow the node to settle down
Sun Jul 26 12:21:00 CEST 2020 Waiting for 30 seconds before starting the job to allow the node to settle down
Sun Jul 26 12:21:00 CEST 2020 Waiting for 30 seconds before starting the job to allow the node to settle down
Sun Jul 26 12:21:00 CEST 2020 Waiting for 30 seconds before starting the job to allow the node to settle down
Sun Jul 26 12:21:00 CEST 2020 Waiting for 30 seconds before starting the job to allow the node to settle down
Sun Jul 26 12:21:00 CEST 2020 Waiting for 30 seconds before starting the job to allow the node to settle down
Sun Jul 26 12:21:00 CEST 2020 Waiting for 30 seconds before starting the job to allow the node to settle down
Sun Jul 26 12:21:00 CEST 2020 Waiting for 30 seconds before starting the job to allow the node to settle down
Sun Jul 26 12:21:30 CEST 2020 Waiting done, starting task!
Sun Jul 26 12:21:30 CEST 2020 Waiting done, starting task!
Sun Jul 26 12:21:30 CEST 2020 Waiting done, starting task!
Sun Jul 26 12:21:30 CEST 2020 Waiting done, starting task!
Sun Jul 26 12:21:30 CEST 2020 Waiting done, starting task!
Sun Jul 26 12:21:30 CEST 2020 Waiting done, starting task!
Sun Jul 26 12:21:30 CEST 2020 Waiting done, starting task!
Sun Jul 26 12:21:30 CEST 2020 Waiting done, starting task!
Sun Jul 26 12:21:30 CEST 2020 Waiting done, starting task!
Sun Jul 26 12:21:30 CEST 2020 Waiting done, starting task!
Sun Jul 26 12:21:30 CEST 2020 Waiting done, starting task!
Sun Jul 26 12:21:30 CEST 2020 Waiting done, starting task!
Sun Jul 26 12:21:30 CEST 2020 Waiting done, starting task!
Sun Jul 26 12:21:30 CEST 2020 Waiting done, starting task!
Sun Jul 26 12:21:30 CEST 2020 Waiting done, starting task!
480
480 16
Sun Jul 26 12:21:41 CEST 2020 Waiting for 30 seconds before starting the job to allow the node to settle down
Sun Jul 26 12:21:41 CEST 2020 Waiting for 30 seconds before starting the job to allow the node to settle down
Sun Jul 26 12:21:41 CEST 2020 Waiting for 30 seconds before starting the job to allow the node to settle down
Sun Jul 26 12:21:41 CEST 2020 Waiting for 30 seconds before starting the job to allow the node to settle down
Sun Jul 26 12:21:41 CEST 2020 Waiting for 30 seconds before starting the job to allow the node to settle down
Sun Jul 26 12:21:41 CEST 2020 Waiting for 30 seconds before starting the job to allow the node to settle down
Sun Jul 26 12:21:41 CEST 2020 Waiting for 30 seconds before starting the job to allow the node to settle down
Sun Jul 26 12:21:41 CEST 2020 Waiting for 30 seconds before starting the job to allow the node to settle down
Sun Jul 26 12:21:41 CEST 2020 Waiting for 30 seconds before starting the job to allow the node to settle down
Sun Jul 26 12:21:41 CEST 2020 Waiting for 30 seconds before starting the job to allow the node to settle down
Sun Jul 26 12:21:41 CEST 2020 Waiting for 30 seconds before starting the job to allow the node to settle down
Sun Jul 26 12:21:41 CEST 2020 Waiting for 30 seconds before starting the job to allow the node to settle down
Sun Jul 26 12:21:41 CEST 2020 Waiting for 30 seconds before starting the job to allow the node to settle down
Sun Jul 26 12:21:41 CEST 2020 Waiting for 30 seconds before starting the job to allow the node to settle down
Sun Jul 26 12:21:41 CEST 2020 Waiting for 30 seconds before starting the job to allow the node to settle down
Sun Jul 26 12:21:41 CEST 2020 Waiting for 30 seconds before starting the job to allow the node to settle down
Sun Jul 26 12:22:11 CEST 2020 Waiting done, starting task!
Sun Jul 26 12:22:11 CEST 2020 Waiting done, starting task!
Sun Jul 26 12:22:11 CEST 2020 Waiting done, starting task!
Sun Jul 26 12:22:11 CEST 2020 Waiting done, starting task!
Sun Jul 26 12:22:11 CEST 2020 Waiting done, starting task!
Sun Jul 26 12:22:11 CEST 2020 Waiting done, starting task!
Sun Jul 26 12:22:11 CEST 2020 Waiting done, starting task!
Sun Jul 26 12:22:11 CEST 2020 Waiting done, starting task!
Sun Jul 26 12:22:11 CEST 2020 Waiting done, starting task!
Sun Jul 26 12:22:11 CEST 2020 Waiting done, starting task!
Sun Jul 26 12:22:11 CEST 2020 Waiting done, starting task!
Sun Jul 26 12:22:11 CEST 2020 Waiting done, starting task!
Sun Jul 26 12:22:11 CEST 2020 Waiting done, starting task!
Sun Jul 26 12:22:11 CEST 2020 Waiting done, starting task!
Sun Jul 26 12:22:11 CEST 2020 Waiting done, starting task!
Sun Jul 26 12:22:11 CEST 2020 Waiting done, starting task!
480
480 20
Sun Jul 26 12:22:21 CEST 2020 Waiting for 30 seconds before starting the job to allow the node to settle down
Sun Jul 26 12:22:21 CEST 2020 Waiting for 30 seconds before starting the job to allow the node to settle down
Sun Jul 26 12:22:21 CEST 2020 Waiting for 30 seconds before starting the job to allow the node to settle down
Sun Jul 26 12:22:21 CEST 2020 Waiting for 30 seconds before starting the job to allow the node to settle down
Sun Jul 26 12:22:21 CEST 2020 Waiting for 30 seconds before starting the job to allow the node to settle down
Sun Jul 26 12:22:21 CEST 2020 Waiting for 30 seconds before starting the job to allow the node to settle down
Sun Jul 26 12:22:21 CEST 2020 Waiting for 30 seconds before starting the job to allow the node to settle down
Sun Jul 26 12:22:21 CEST 2020 Waiting for 30 seconds before starting the job to allow the node to settle down
Sun Jul 26 12:22:21 CEST 2020 Waiting for 30 seconds before starting the job to allow the node to settle down
Sun Jul 26 12:22:21 CEST 2020 Waiting for 30 seconds before starting the job to allow the node to settle down
Sun Jul 26 12:22:21 CEST 2020 Waiting for 30 seconds before starting the job to allow the node to settle down
Sun Jul 26 12:22:21 CEST 2020 Waiting for 30 seconds before starting the job to allow the node to settle down
Sun Jul 26 12:22:21 CEST 2020 Waiting for 30 seconds before starting the job to allow the node to settle down
Sun Jul 26 12:22:21 CEST 2020 Waiting for 30 seconds before starting the job to allow the node to settle down
Sun Jul 26 12:22:21 CEST 2020 Waiting for 30 seconds before starting the job to allow the node to settle down
Sun Jul 26 12:22:21 CEST 2020 Waiting for 30 seconds before starting the job to allow the node to settle down
Sun Jul 26 12:22:21 CEST 2020 Waiting for 30 seconds before starting the job to allow the node to settle down
Sun Jul 26 12:22:21 CEST 2020 Waiting for 30 seconds before starting the job to allow the node to settle down
Sun Jul 26 12:22:21 CEST 2020 Waiting for 30 seconds before starting the job to allow the node to settle down
Sun Jul 26 12:22:21 CEST 2020 Waiting for 30 seconds before starting the job to allow the node to settle down
Sun Jul 26 12:22:51 CEST 2020 Waiting done, starting task!
Sun Jul 26 12:22:51 CEST 2020 Waiting done, starting task!
Sun Jul 26 12:22:51 CEST 2020 Waiting done, starting task!
Sun Jul 26 12:22:51 CEST 2020 Waiting done, starting task!
Sun Jul 26 12:22:51 CEST 2020 Waiting done, starting task!
Sun Jul 26 12:22:51 CEST 2020 Waiting done, starting task!
Sun Jul 26 12:22:51 CEST 2020 Waiting done, starting task!
Sun Jul 26 12:22:51 CEST 2020 Waiting done, starting task!
Sun Jul 26 12:22:51 CEST 2020 Waiting done, starting task!
Sun Jul 26 12:22:51 CEST 2020 Waiting done, starting task!
Sun Jul 26 12:22:51 CEST 2020 Waiting done, starting task!
Sun Jul 26 12:22:51 CEST 2020 Waiting done, starting task!
Sun Jul 26 12:22:51 CEST 2020 Waiting done, starting task!
Sun Jul 26 12:22:51 CEST 2020 Waiting done, starting task!
Sun Jul 26 12:22:51 CEST 2020 Waiting done, starting task!
Sun Jul 26 12:22:51 CEST 2020 Waiting done, starting task!
Sun Jul 26 12:22:51 CEST 2020 Waiting done, starting task!
Sun Jul 26 12:22:51 CEST 2020 Waiting done, starting task!
Sun Jul 26 12:22:51 CEST 2020 Waiting done, starting task!
Sun Jul 26 12:22:51 CEST 2020 Waiting done, starting task!
480
/hiskp4/gross/bachelorarbeit
