Thu Jun 25 18:10:31 CEST 2020 Waiting for 30 seconds before starting the job to allow the node to settle down
Thu Jun 25 18:11:01 CEST 2020 Waiting done, starting task!
Thu Jun 25 18:11:01 CEST 2020 Waiting for 30 seconds before starting the job to allow the node to settle down
Thu Jun 25 18:11:31 CEST 2020 Waiting done, starting task!
Laenge=500	Temperatur=0.500000
Richtige Funktion!
bei 1 cores haben 1000 Messungen 15.138807 Sekunden gebraucht
Richtige Funktion!
bei 1 cores haben 1000 Messungen 14.988004 Sekunden gebraucht
Richtige Funktion!
bei 1 cores haben 1000 Messungen 14.872901 Sekunden gebraucht
Richtige Funktion!
bei 1 cores haben 1000 Messungen 14.873385 Sekunden gebraucht
Richtige Funktion!
bei 1 cores haben 1000 Messungen 14.872711 Sekunden gebraucht
Richtige Funktion!
bei 2 cores haben 1000 Messungen 8.252137 Sekunden gebraucht
Richtige Funktion!
bei 2 cores haben 1000 Messungen 8.427663 Sekunden gebraucht
Richtige Funktion!
bei 2 cores haben 1000 Messungen 8.315695 Sekunden gebraucht
Richtige Funktion!
bei 2 cores haben 1000 Messungen 8.394313 Sekunden gebraucht
Richtige Funktion!
bei 2 cores haben 1000 Messungen 8.235010 Sekunden gebraucht
Richtige Funktion!
bei 3 cores haben 1000 Messungen 6.012755 Sekunden gebraucht
Richtige Funktion!
bei 3 cores haben 1000 Messungen 5.887158 Sekunden gebraucht
Richtige Funktion!
bei 3 cores haben 1000 Messungen 6.078011 Sekunden gebraucht
Richtige Funktion!
bei 3 cores haben 1000 Messungen 6.120506 Sekunden gebraucht
Richtige Funktion!
bei 3 cores haben 1000 Messungen 6.093372 Sekunden gebraucht
Richtige Funktion!
bei 4 cores haben 1000 Messungen 4.844568 Sekunden gebraucht
Richtige Funktion!
bei 4 cores haben 1000 Messungen 4.760905 Sekunden gebraucht
Richtige Funktion!
bei 4 cores haben 1000 Messungen 4.642984 Sekunden gebraucht
Richtige Funktion!
bei 4 cores haben 1000 Messungen 4.705329 Sekunden gebraucht
Richtige Funktion!
bei 4 cores haben 1000 Messungen 4.719657 Sekunden gebraucht
Richtige Funktion!
bei 5 cores haben 1000 Messungen 3.986226 Sekunden gebraucht
Richtige Funktion!
bei 5 cores haben 1000 Messungen 6.281530 Sekunden gebraucht
Richtige Funktion!
bei 5 cores haben 1000 Messungen 5.727720 Sekunden gebraucht
Richtige Funktion!
bei 5 cores haben 1000 Messungen 7.181928 Sekunden gebraucht
Richtige Funktion!
bei 5 cores haben 1000 Messungen 4.361701 Sekunden gebraucht
Richtige Funktion!
bei 6 cores haben 1000 Messungen 5.952763 Sekunden gebraucht
Richtige Funktion!
bei 6 cores haben 1000 Messungen 6.028771 Sekunden gebraucht
Richtige Funktion!
bei 6 cores haben 1000 Messungen 5.472590 Sekunden gebraucht
Richtige Funktion!
bei 6 cores haben 1000 Messungen 5.768621 Sekunden gebraucht
Richtige Funktion!
bei 6 cores haben 1000 Messungen 5.217990 Sekunden gebraucht
Richtige Funktion!
bei 7 cores haben 1000 Messungen 4.786078 Sekunden gebraucht
Richtige Funktion!
bei 7 cores haben 1000 Messungen 4.695598 Sekunden gebraucht
Richtige Funktion!
bei 7 cores haben 1000 Messungen 4.845791 Sekunden gebraucht
Richtige Funktion!
bei 7 cores haben 1000 Messungen 4.144456 Sekunden gebraucht
Richtige Funktion!
bei 7 cores haben 1000 Messungen 4.588616 Sekunden gebraucht
Richtige Funktion!
bei 8 cores haben 1000 Messungen 4.961471 Sekunden gebraucht
Richtige Funktion!
bei 8 cores haben 1000 Messungen 5.164242 Sekunden gebraucht
Richtige Funktion!
bei 8 cores haben 1000 Messungen 4.983886 Sekunden gebraucht
Richtige Funktion!
bei 8 cores haben 1000 Messungen 4.706541 Sekunden gebraucht
Richtige Funktion!
bei 8 cores haben 1000 Messungen 4.411089 Sekunden gebraucht
Richtige Funktion!
bei 9 cores haben 1000 Messungen 3.931115 Sekunden gebraucht
Richtige Funktion!
bei 9 cores haben 1000 Messungen 3.434240 Sekunden gebraucht
Richtige Funktion!
bei 9 cores haben 1000 Messungen 4.588325 Sekunden gebraucht
Richtige Funktion!
bei 9 cores haben 1000 Messungen 4.129631 Sekunden gebraucht
Richtige Funktion!
bei 9 cores haben 1000 Messungen 4.165724 Sekunden gebraucht
Richtige Funktion!
bei 10 cores haben 1000 Messungen 3.816228 Sekunden gebraucht
Richtige Funktion!
bei 10 cores haben 1000 Messungen 4.471209 Sekunden gebraucht
Richtige Funktion!
bei 10 cores haben 1000 Messungen 4.410215 Sekunden gebraucht
Richtige Funktion!
bei 10 cores haben 1000 Messungen 4.265416 Sekunden gebraucht
Richtige Funktion!
bei 10 cores haben 1000 Messungen 4.038826 Sekunden gebraucht
Richtige Funktion!
bei 11 cores haben 1000 Messungen 2.557289 Sekunden gebraucht
Richtige Funktion!
bei 11 cores haben 1000 Messungen 2.490020 Sekunden gebraucht
Richtige Funktion!
bei 11 cores haben 1000 Messungen 2.473051 Sekunden gebraucht
Richtige Funktion!
bei 11 cores haben 1000 Messungen 2.444940 Sekunden gebraucht
Richtige Funktion!
bei 11 cores haben 1000 Messungen 2.496306 Sekunden gebraucht
Richtige Funktion!
bei 12 cores haben 1000 Messungen 2.397261 Sekunden gebraucht
Richtige Funktion!
bei 12 cores haben 1000 Messungen 2.344847 Sekunden gebraucht
Richtige Funktion!
bei 12 cores haben 1000 Messungen 2.385451 Sekunden gebraucht
Richtige Funktion!
bei 12 cores haben 1000 Messungen 2.352521 Sekunden gebraucht
Richtige Funktion!
bei 12 cores haben 1000 Messungen 2.348461 Sekunden gebraucht
/hiskp4/gross/bachelorarbeit
