Thu Jun 25 18:44:32 CEST 2020 Waiting for 30 seconds before starting the job to allow the node to settle down
Thu Jun 25 18:45:02 CEST 2020 Waiting done, starting task!
Thu Jun 25 18:45:02 CEST 2020 Waiting for 30 seconds before starting the job to allow the node to settle down
Thu Jun 25 18:45:32 CEST 2020 Waiting done, starting task!
Laenge=48	Temperatur=0.500000
Richtige Funktion!
bei 1 cores haben 1000 Messungen 0.187960 Sekunden gebraucht
Richtige Funktion!
bei 1 cores haben 1000 Messungen 0.201576 Sekunden gebraucht
Richtige Funktion!
bei 1 cores haben 1000 Messungen 0.180003 Sekunden gebraucht
Richtige Funktion!
bei 1 cores haben 1000 Messungen 0.202558 Sekunden gebraucht
Richtige Funktion!
bei 1 cores haben 1000 Messungen 0.180308 Sekunden gebraucht
Richtige Funktion!
bei 2 cores haben 1000 Messungen 0.125731 Sekunden gebraucht
Richtige Funktion!
bei 2 cores haben 1000 Messungen 0.141312 Sekunden gebraucht
Richtige Funktion!
bei 2 cores haben 1000 Messungen 0.106693 Sekunden gebraucht
Richtige Funktion!
bei 2 cores haben 1000 Messungen 0.104842 Sekunden gebraucht
Richtige Funktion!
bei 2 cores haben 1000 Messungen 0.123059 Sekunden gebraucht
Richtige Funktion!
bei 3 cores haben 1000 Messungen 0.092777 Sekunden gebraucht
Richtige Funktion!
bei 3 cores haben 1000 Messungen 0.078214 Sekunden gebraucht
Richtige Funktion!
bei 3 cores haben 1000 Messungen 0.077271 Sekunden gebraucht
Richtige Funktion!
bei 3 cores haben 1000 Messungen 0.073420 Sekunden gebraucht
Richtige Funktion!
bei 3 cores haben 1000 Messungen 0.073601 Sekunden gebraucht
Richtige Funktion!
bei 4 cores haben 1000 Messungen 0.061057 Sekunden gebraucht
Richtige Funktion!
bei 4 cores haben 1000 Messungen 0.060259 Sekunden gebraucht
Richtige Funktion!
bei 4 cores haben 1000 Messungen 0.057219 Sekunden gebraucht
Richtige Funktion!
bei 4 cores haben 1000 Messungen 0.053236 Sekunden gebraucht
Richtige Funktion!
bei 4 cores haben 1000 Messungen 0.052473 Sekunden gebraucht
Richtige Funktion!
bei 5 cores haben 1000 Messungen 0.047181 Sekunden gebraucht
Richtige Funktion!
bei 5 cores haben 1000 Messungen 0.051398 Sekunden gebraucht
Richtige Funktion!
bei 5 cores haben 1000 Messungen 0.067336 Sekunden gebraucht
Richtige Funktion!
bei 5 cores haben 1000 Messungen 0.075169 Sekunden gebraucht
Richtige Funktion!
bei 5 cores haben 1000 Messungen 0.048805 Sekunden gebraucht
Richtige Funktion!
bei 6 cores haben 1000 Messungen 0.049687 Sekunden gebraucht
Richtige Funktion!
bei 6 cores haben 1000 Messungen 0.066044 Sekunden gebraucht
Richtige Funktion!
bei 6 cores haben 1000 Messungen 0.047494 Sekunden gebraucht
Richtige Funktion!
bei 6 cores haben 1000 Messungen 0.060376 Sekunden gebraucht
Richtige Funktion!
bei 6 cores haben 1000 Messungen 0.051622 Sekunden gebraucht
Richtige Funktion!
bei 7 cores haben 1000 Messungen 0.055628 Sekunden gebraucht
Richtige Funktion!
bei 7 cores haben 1000 Messungen 0.047518 Sekunden gebraucht
Richtige Funktion!
bei 7 cores haben 1000 Messungen 0.047671 Sekunden gebraucht
Richtige Funktion!
bei 7 cores haben 1000 Messungen 0.046838 Sekunden gebraucht
Richtige Funktion!
bei 7 cores haben 1000 Messungen 0.047267 Sekunden gebraucht
Richtige Funktion!
bei 8 cores haben 1000 Messungen 0.044523 Sekunden gebraucht
Richtige Funktion!
bei 8 cores haben 1000 Messungen 0.058512 Sekunden gebraucht
Richtige Funktion!
bei 8 cores haben 1000 Messungen 0.045241 Sekunden gebraucht
Richtige Funktion!
bei 8 cores haben 1000 Messungen 0.053646 Sekunden gebraucht
Richtige Funktion!
bei 8 cores haben 1000 Messungen 0.044359 Sekunden gebraucht
Richtige Funktion!
bei 9 cores haben 1000 Messungen 0.053988 Sekunden gebraucht
Richtige Funktion!
bei 9 cores haben 1000 Messungen 0.048255 Sekunden gebraucht
Richtige Funktion!
bei 9 cores haben 1000 Messungen 0.055090 Sekunden gebraucht
Richtige Funktion!
bei 9 cores haben 1000 Messungen 0.046785 Sekunden gebraucht
Richtige Funktion!
bei 9 cores haben 1000 Messungen 0.055649 Sekunden gebraucht
Richtige Funktion!
bei 10 cores haben 1000 Messungen 0.045911 Sekunden gebraucht
Richtige Funktion!
bei 10 cores haben 1000 Messungen 0.054963 Sekunden gebraucht
Richtige Funktion!
bei 10 cores haben 1000 Messungen 0.052531 Sekunden gebraucht
Richtige Funktion!
bei 10 cores haben 1000 Messungen 0.053689 Sekunden gebraucht
Richtige Funktion!
bei 10 cores haben 1000 Messungen 0.052848 Sekunden gebraucht
Richtige Funktion!
bei 11 cores haben 1000 Messungen 0.044862 Sekunden gebraucht
Richtige Funktion!
bei 11 cores haben 1000 Messungen 0.045900 Sekunden gebraucht
Richtige Funktion!
bei 11 cores haben 1000 Messungen 0.045103 Sekunden gebraucht
Richtige Funktion!
bei 11 cores haben 1000 Messungen 0.043903 Sekunden gebraucht
Richtige Funktion!
bei 11 cores haben 1000 Messungen 0.049978 Sekunden gebraucht
Richtige Funktion!
bei 12 cores haben 1000 Messungen 0.054832 Sekunden gebraucht
Richtige Funktion!
bei 12 cores haben 1000 Messungen 0.056845 Sekunden gebraucht
Richtige Funktion!
bei 12 cores haben 1000 Messungen 0.048922 Sekunden gebraucht
Richtige Funktion!
bei 12 cores haben 1000 Messungen 0.057032 Sekunden gebraucht
Richtige Funktion!
bei 12 cores haben 1000 Messungen 0.054261 Sekunden gebraucht
/hiskp4/gross/bachelorarbeit
