Mon Jun  8 17:16:34 CEST 2020 Waiting for 30 seconds before starting the job to allow the node to settle down
Mon Jun  8 17:17:04 CEST 2020 Waiting done, starting task!
Mon Jun  8 17:17:04 CEST 2020 Waiting for 30 seconds before starting the job to allow the node to settle down
Mon Jun  8 17:17:34 CEST 2020 Waiting done, starting task!
Laenge=6
bei 1 cores haben 900 Messungen 0.006326 Sekunden gebraucht
bei 1 cores haben 900 Messungen 0.006203 Sekunden gebraucht
bei 1 cores haben 900 Messungen 0.006179 Sekunden gebraucht
bei 1 cores haben 900 Messungen 0.006196 Sekunden gebraucht
bei 1 cores haben 900 Messungen 0.006216 Sekunden gebraucht
bei 1 cores haben 900 Messungen 0.006210 Sekunden gebraucht
bei 1 cores haben 900 Messungen 0.006207 Sekunden gebraucht
bei 1 cores haben 900 Messungen 0.006183 Sekunden gebraucht
bei 1 cores haben 900 Messungen 0.006177 Sekunden gebraucht
bei 1 cores haben 900 Messungen 0.009221 Sekunden gebraucht
bei 2 cores haben 900 Messungen 0.015303 Sekunden gebraucht
bei 2 cores haben 900 Messungen 0.013761 Sekunden gebraucht
bei 2 cores haben 900 Messungen 0.013061 Sekunden gebraucht
bei 2 cores haben 900 Messungen 0.012515 Sekunden gebraucht
bei 2 cores haben 900 Messungen 0.011932 Sekunden gebraucht
bei 2 cores haben 900 Messungen 0.011602 Sekunden gebraucht
bei 2 cores haben 900 Messungen 0.011411 Sekunden gebraucht
bei 2 cores haben 900 Messungen 0.011354 Sekunden gebraucht
bei 2 cores haben 900 Messungen 0.011396 Sekunden gebraucht
bei 2 cores haben 900 Messungen 0.011267 Sekunden gebraucht
bei 3 cores haben 900 Messungen 0.011304 Sekunden gebraucht
bei 3 cores haben 900 Messungen 0.011405 Sekunden gebraucht
bei 3 cores haben 900 Messungen 0.011165 Sekunden gebraucht
bei 3 cores haben 900 Messungen 0.011132 Sekunden gebraucht
bei 3 cores haben 900 Messungen 0.010885 Sekunden gebraucht
bei 3 cores haben 900 Messungen 0.010983 Sekunden gebraucht
bei 3 cores haben 900 Messungen 0.010990 Sekunden gebraucht
bei 3 cores haben 900 Messungen 0.011158 Sekunden gebraucht
bei 3 cores haben 900 Messungen 0.011091 Sekunden gebraucht
bei 3 cores haben 900 Messungen 0.010821 Sekunden gebraucht
bei 4 cores haben 900 Messungen 0.010223 Sekunden gebraucht
bei 4 cores haben 900 Messungen 0.010404 Sekunden gebraucht
bei 4 cores haben 900 Messungen 0.010302 Sekunden gebraucht
bei 4 cores haben 900 Messungen 0.010247 Sekunden gebraucht
bei 4 cores haben 900 Messungen 0.010294 Sekunden gebraucht
bei 4 cores haben 900 Messungen 0.010275 Sekunden gebraucht
bei 4 cores haben 900 Messungen 0.010231 Sekunden gebraucht
bei 4 cores haben 900 Messungen 0.010409 Sekunden gebraucht
bei 4 cores haben 900 Messungen 0.010277 Sekunden gebraucht
bei 4 cores haben 900 Messungen 0.010178 Sekunden gebraucht
bei 5 cores haben 900 Messungen 0.012580 Sekunden gebraucht
bei 5 cores haben 900 Messungen 0.012297 Sekunden gebraucht
bei 5 cores haben 900 Messungen 0.016386 Sekunden gebraucht
bei 5 cores haben 900 Messungen 0.010836 Sekunden gebraucht
bei 5 cores haben 900 Messungen 0.010564 Sekunden gebraucht
bei 5 cores haben 900 Messungen 0.010630 Sekunden gebraucht
bei 5 cores haben 900 Messungen 0.010609 Sekunden gebraucht
bei 5 cores haben 900 Messungen 0.010526 Sekunden gebraucht
bei 5 cores haben 900 Messungen 0.010551 Sekunden gebraucht
bei 5 cores haben 900 Messungen 0.010445 Sekunden gebraucht
bei 6 cores haben 900 Messungen 0.012122 Sekunden gebraucht
bei 6 cores haben 900 Messungen 0.012309 Sekunden gebraucht
bei 6 cores haben 900 Messungen 0.012246 Sekunden gebraucht
bei 6 cores haben 900 Messungen 0.012023 Sekunden gebraucht
bei 6 cores haben 900 Messungen 0.012217 Sekunden gebraucht
bei 6 cores haben 900 Messungen 0.012142 Sekunden gebraucht
bei 6 cores haben 900 Messungen 0.012018 Sekunden gebraucht
bei 6 cores haben 900 Messungen 0.015271 Sekunden gebraucht
bei 6 cores haben 900 Messungen 0.011733 Sekunden gebraucht
bei 6 cores haben 900 Messungen 0.011502 Sekunden gebraucht
bei 7 cores haben 900 Messungen 0.011687 Sekunden gebraucht
bei 7 cores haben 900 Messungen 0.011057 Sekunden gebraucht
bei 7 cores haben 900 Messungen 0.011155 Sekunden gebraucht
bei 7 cores haben 900 Messungen 0.010983 Sekunden gebraucht
bei 7 cores haben 900 Messungen 0.010995 Sekunden gebraucht
bei 7 cores haben 900 Messungen 0.011102 Sekunden gebraucht
bei 7 cores haben 900 Messungen 0.010996 Sekunden gebraucht
bei 7 cores haben 900 Messungen 0.010962 Sekunden gebraucht
bei 7 cores haben 900 Messungen 0.010981 Sekunden gebraucht
bei 7 cores haben 900 Messungen 0.011004 Sekunden gebraucht
bei 8 cores haben 900 Messungen 0.012286 Sekunden gebraucht
bei 8 cores haben 900 Messungen 0.012158 Sekunden gebraucht
bei 8 cores haben 900 Messungen 0.011878 Sekunden gebraucht
bei 8 cores haben 900 Messungen 0.012738 Sekunden gebraucht
bei 8 cores haben 900 Messungen 0.012545 Sekunden gebraucht
bei 8 cores haben 900 Messungen 0.012538 Sekunden gebraucht
bei 8 cores haben 900 Messungen 0.012524 Sekunden gebraucht
bei 8 cores haben 900 Messungen 0.012272 Sekunden gebraucht
bei 8 cores haben 900 Messungen 0.012427 Sekunden gebraucht
bei 8 cores haben 900 Messungen 0.012728 Sekunden gebraucht
bei 9 cores haben 900 Messungen 0.013373 Sekunden gebraucht
bei 9 cores haben 900 Messungen 0.013250 Sekunden gebraucht
bei 9 cores haben 900 Messungen 0.013110 Sekunden gebraucht
bei 9 cores haben 900 Messungen 0.013135 Sekunden gebraucht
bei 9 cores haben 900 Messungen 0.013242 Sekunden gebraucht
bei 9 cores haben 900 Messungen 0.013095 Sekunden gebraucht
bei 9 cores haben 900 Messungen 0.013137 Sekunden gebraucht
bei 9 cores haben 900 Messungen 0.013049 Sekunden gebraucht
bei 9 cores haben 900 Messungen 0.013159 Sekunden gebraucht
bei 9 cores haben 900 Messungen 0.013180 Sekunden gebraucht
bei 10 cores haben 900 Messungen 0.015260 Sekunden gebraucht
bei 10 cores haben 900 Messungen 0.015119 Sekunden gebraucht
bei 10 cores haben 900 Messungen 0.015101 Sekunden gebraucht
bei 10 cores haben 900 Messungen 0.015376 Sekunden gebraucht
bei 10 cores haben 900 Messungen 0.014918 Sekunden gebraucht
bei 10 cores haben 900 Messungen 0.014910 Sekunden gebraucht
bei 10 cores haben 900 Messungen 0.014785 Sekunden gebraucht
bei 10 cores haben 900 Messungen 0.015261 Sekunden gebraucht
bei 10 cores haben 900 Messungen 0.014401 Sekunden gebraucht
bei 10 cores haben 900 Messungen 0.014352 Sekunden gebraucht
bei 11 cores haben 900 Messungen 0.016074 Sekunden gebraucht
bei 11 cores haben 900 Messungen 0.015853 Sekunden gebraucht
bei 11 cores haben 900 Messungen 0.015737 Sekunden gebraucht
bei 11 cores haben 900 Messungen 0.015964 Sekunden gebraucht
bei 11 cores haben 900 Messungen 0.015866 Sekunden gebraucht
bei 11 cores haben 900 Messungen 0.015875 Sekunden gebraucht
bei 11 cores haben 900 Messungen 0.015885 Sekunden gebraucht
bei 11 cores haben 900 Messungen 0.015894 Sekunden gebraucht
bei 11 cores haben 900 Messungen 0.015811 Sekunden gebraucht
bei 11 cores haben 900 Messungen 0.015930 Sekunden gebraucht
bei 12 cores haben 900 Messungen 0.022040 Sekunden gebraucht
bei 12 cores haben 900 Messungen 0.017957 Sekunden gebraucht
bei 12 cores haben 900 Messungen 0.017621 Sekunden gebraucht
bei 12 cores haben 900 Messungen 0.017370 Sekunden gebraucht
bei 12 cores haben 900 Messungen 0.017547 Sekunden gebraucht
bei 12 cores haben 900 Messungen 0.021237 Sekunden gebraucht
bei 12 cores haben 900 Messungen 0.018075 Sekunden gebraucht
bei 12 cores haben 900 Messungen 0.017888 Sekunden gebraucht
bei 12 cores haben 900 Messungen 0.017703 Sekunden gebraucht
bei 12 cores haben 900 Messungen 0.017225 Sekunden gebraucht
bei 13 cores haben 900 Messungen 0.018399 Sekunden gebraucht
bei 13 cores haben 900 Messungen 0.018333 Sekunden gebraucht
bei 13 cores haben 900 Messungen 0.018316 Sekunden gebraucht
bei 13 cores haben 900 Messungen 0.024398 Sekunden gebraucht
bei 13 cores haben 900 Messungen 0.018816 Sekunden gebraucht
bei 13 cores haben 900 Messungen 0.018833 Sekunden gebraucht
bei 13 cores haben 900 Messungen 0.018785 Sekunden gebraucht
bei 13 cores haben 900 Messungen 0.018733 Sekunden gebraucht
bei 13 cores haben 900 Messungen 0.019025 Sekunden gebraucht
bei 13 cores haben 900 Messungen 0.018899 Sekunden gebraucht
bei 14 cores haben 900 Messungen 0.019797 Sekunden gebraucht
bei 14 cores haben 900 Messungen 0.019573 Sekunden gebraucht
bei 14 cores haben 900 Messungen 0.020125 Sekunden gebraucht
bei 14 cores haben 900 Messungen 0.020536 Sekunden gebraucht
bei 14 cores haben 900 Messungen 0.020208 Sekunden gebraucht
bei 14 cores haben 900 Messungen 0.020275 Sekunden gebraucht
bei 14 cores haben 900 Messungen 0.020319 Sekunden gebraucht
bei 14 cores haben 900 Messungen 0.020852 Sekunden gebraucht
bei 14 cores haben 900 Messungen 0.020650 Sekunden gebraucht
bei 14 cores haben 900 Messungen 0.020345 Sekunden gebraucht
bei 15 cores haben 900 Messungen 0.021538 Sekunden gebraucht
bei 15 cores haben 900 Messungen 0.021527 Sekunden gebraucht
bei 15 cores haben 900 Messungen 0.021543 Sekunden gebraucht
bei 15 cores haben 900 Messungen 0.021558 Sekunden gebraucht
bei 15 cores haben 900 Messungen 0.021545 Sekunden gebraucht
bei 15 cores haben 900 Messungen 0.021551 Sekunden gebraucht
bei 15 cores haben 900 Messungen 0.021505 Sekunden gebraucht
bei 15 cores haben 900 Messungen 0.021608 Sekunden gebraucht
bei 15 cores haben 900 Messungen 0.021643 Sekunden gebraucht
bei 15 cores haben 900 Messungen 0.021577 Sekunden gebraucht
bei 16 cores haben 900 Messungen 0.025970 Sekunden gebraucht
bei 16 cores haben 900 Messungen 0.022587 Sekunden gebraucht
bei 16 cores haben 900 Messungen 0.022640 Sekunden gebraucht
bei 16 cores haben 900 Messungen 0.022586 Sekunden gebraucht
bei 16 cores haben 900 Messungen 0.022706 Sekunden gebraucht
bei 16 cores haben 900 Messungen 0.022510 Sekunden gebraucht
bei 16 cores haben 900 Messungen 0.022578 Sekunden gebraucht
bei 16 cores haben 900 Messungen 0.022630 Sekunden gebraucht
bei 16 cores haben 900 Messungen 0.026259 Sekunden gebraucht
bei 16 cores haben 900 Messungen 0.026927 Sekunden gebraucht
Laenge=10
bei 1 cores haben 900 Messungen 0.010331 Sekunden gebraucht
bei 1 cores haben 900 Messungen 0.010812 Sekunden gebraucht
bei 1 cores haben 900 Messungen 0.010308 Sekunden gebraucht
bei 1 cores haben 900 Messungen 0.010385 Sekunden gebraucht
bei 1 cores haben 900 Messungen 0.010336 Sekunden gebraucht
bei 1 cores haben 900 Messungen 0.009329 Sekunden gebraucht
bei 1 cores haben 900 Messungen 0.009303 Sekunden gebraucht
bei 1 cores haben 900 Messungen 0.009337 Sekunden gebraucht
bei 1 cores haben 900 Messungen 0.009270 Sekunden gebraucht
bei 1 cores haben 900 Messungen 0.009403 Sekunden gebraucht
bei 2 cores haben 900 Messungen 0.021946 Sekunden gebraucht
bei 2 cores haben 900 Messungen 0.020169 Sekunden gebraucht
bei 2 cores haben 900 Messungen 0.019359 Sekunden gebraucht
bei 2 cores haben 900 Messungen 0.018765 Sekunden gebraucht
bei 2 cores haben 900 Messungen 0.026414 Sekunden gebraucht
bei 2 cores haben 900 Messungen 0.023344 Sekunden gebraucht
bei 2 cores haben 900 Messungen 0.021414 Sekunden gebraucht
bei 2 cores haben 900 Messungen 0.019920 Sekunden gebraucht
bei 2 cores haben 900 Messungen 0.018767 Sekunden gebraucht
bei 2 cores haben 900 Messungen 0.018045 Sekunden gebraucht
bei 3 cores haben 900 Messungen 0.014851 Sekunden gebraucht
bei 3 cores haben 900 Messungen 0.014197 Sekunden gebraucht
bei 3 cores haben 900 Messungen 0.013035 Sekunden gebraucht
bei 3 cores haben 900 Messungen 0.012985 Sekunden gebraucht
bei 3 cores haben 900 Messungen 0.012946 Sekunden gebraucht
bei 3 cores haben 900 Messungen 0.012951 Sekunden gebraucht
bei 3 cores haben 900 Messungen 0.012880 Sekunden gebraucht
bei 3 cores haben 900 Messungen 0.012885 Sekunden gebraucht
bei 3 cores haben 900 Messungen 0.012885 Sekunden gebraucht
bei 3 cores haben 900 Messungen 0.012911 Sekunden gebraucht
bei 4 cores haben 900 Messungen 0.013837 Sekunden gebraucht
bei 4 cores haben 900 Messungen 0.013858 Sekunden gebraucht
bei 4 cores haben 900 Messungen 0.014005 Sekunden gebraucht
bei 4 cores haben 900 Messungen 0.013772 Sekunden gebraucht
bei 4 cores haben 900 Messungen 0.013716 Sekunden gebraucht
bei 4 cores haben 900 Messungen 0.013888 Sekunden gebraucht
bei 4 cores haben 900 Messungen 0.013728 Sekunden gebraucht
bei 4 cores haben 900 Messungen 0.013622 Sekunden gebraucht
bei 4 cores haben 900 Messungen 0.013667 Sekunden gebraucht
bei 4 cores haben 900 Messungen 0.013913 Sekunden gebraucht
bei 5 cores haben 900 Messungen 0.014168 Sekunden gebraucht
bei 5 cores haben 900 Messungen 0.014431 Sekunden gebraucht
bei 5 cores haben 900 Messungen 0.014130 Sekunden gebraucht
bei 5 cores haben 900 Messungen 0.014283 Sekunden gebraucht
bei 5 cores haben 900 Messungen 0.014146 Sekunden gebraucht
bei 5 cores haben 900 Messungen 0.014186 Sekunden gebraucht
bei 5 cores haben 900 Messungen 0.014064 Sekunden gebraucht
bei 5 cores haben 900 Messungen 0.013960 Sekunden gebraucht
bei 5 cores haben 900 Messungen 0.014202 Sekunden gebraucht
bei 5 cores haben 900 Messungen 0.014367 Sekunden gebraucht
bei 6 cores haben 900 Messungen 0.014860 Sekunden gebraucht
bei 6 cores haben 900 Messungen 0.014682 Sekunden gebraucht
bei 6 cores haben 900 Messungen 0.014723 Sekunden gebraucht
bei 6 cores haben 900 Messungen 0.015052 Sekunden gebraucht
bei 6 cores haben 900 Messungen 0.014968 Sekunden gebraucht
bei 6 cores haben 900 Messungen 0.015190 Sekunden gebraucht
bei 6 cores haben 900 Messungen 0.018465 Sekunden gebraucht
bei 6 cores haben 900 Messungen 0.014914 Sekunden gebraucht
bei 6 cores haben 900 Messungen 0.019852 Sekunden gebraucht
bei 6 cores haben 900 Messungen 0.014766 Sekunden gebraucht
bei 7 cores haben 900 Messungen 0.015521 Sekunden gebraucht
bei 7 cores haben 900 Messungen 0.015395 Sekunden gebraucht
bei 7 cores haben 900 Messungen 0.015417 Sekunden gebraucht
bei 7 cores haben 900 Messungen 0.015481 Sekunden gebraucht
bei 7 cores haben 900 Messungen 0.016044 Sekunden gebraucht
bei 7 cores haben 900 Messungen 0.015791 Sekunden gebraucht
bei 7 cores haben 900 Messungen 0.015572 Sekunden gebraucht
bei 7 cores haben 900 Messungen 0.015453 Sekunden gebraucht
bei 7 cores haben 900 Messungen 0.015594 Sekunden gebraucht
bei 7 cores haben 900 Messungen 0.015391 Sekunden gebraucht
bei 8 cores haben 900 Messungen 0.017617 Sekunden gebraucht
bei 8 cores haben 900 Messungen 0.017160 Sekunden gebraucht
bei 8 cores haben 900 Messungen 0.017220 Sekunden gebraucht
bei 8 cores haben 900 Messungen 0.017092 Sekunden gebraucht
bei 8 cores haben 900 Messungen 0.017407 Sekunden gebraucht
bei 8 cores haben 900 Messungen 0.017375 Sekunden gebraucht
bei 8 cores haben 900 Messungen 0.016438 Sekunden gebraucht
bei 8 cores haben 900 Messungen 0.016407 Sekunden gebraucht
bei 8 cores haben 900 Messungen 0.016560 Sekunden gebraucht
bei 8 cores haben 900 Messungen 0.016583 Sekunden gebraucht
bei 9 cores haben 900 Messungen 0.017281 Sekunden gebraucht
bei 9 cores haben 900 Messungen 0.017281 Sekunden gebraucht
bei 9 cores haben 900 Messungen 0.017651 Sekunden gebraucht
bei 9 cores haben 900 Messungen 0.017321 Sekunden gebraucht
bei 9 cores haben 900 Messungen 0.017180 Sekunden gebraucht
bei 9 cores haben 900 Messungen 0.017105 Sekunden gebraucht
bei 9 cores haben 900 Messungen 0.017322 Sekunden gebraucht
bei 9 cores haben 900 Messungen 0.017335 Sekunden gebraucht
bei 9 cores haben 900 Messungen 0.017232 Sekunden gebraucht
bei 9 cores haben 900 Messungen 0.017387 Sekunden gebraucht
bei 10 cores haben 900 Messungen 0.019218 Sekunden gebraucht
bei 10 cores haben 900 Messungen 0.019581 Sekunden gebraucht
bei 10 cores haben 900 Messungen 0.018731 Sekunden gebraucht
bei 10 cores haben 900 Messungen 0.021121 Sekunden gebraucht
bei 10 cores haben 900 Messungen 0.018805 Sekunden gebraucht
bei 10 cores haben 900 Messungen 0.018896 Sekunden gebraucht
bei 10 cores haben 900 Messungen 0.018619 Sekunden gebraucht
bei 10 cores haben 900 Messungen 0.019333 Sekunden gebraucht
bei 10 cores haben 900 Messungen 0.019502 Sekunden gebraucht
bei 10 cores haben 900 Messungen 0.018861 Sekunden gebraucht
bei 11 cores haben 900 Messungen 0.019136 Sekunden gebraucht
bei 11 cores haben 900 Messungen 0.018951 Sekunden gebraucht
bei 11 cores haben 900 Messungen 0.019051 Sekunden gebraucht
bei 11 cores haben 900 Messungen 0.019809 Sekunden gebraucht
bei 11 cores haben 900 Messungen 0.019029 Sekunden gebraucht
bei 11 cores haben 900 Messungen 0.019057 Sekunden gebraucht
bei 11 cores haben 900 Messungen 0.019037 Sekunden gebraucht
bei 11 cores haben 900 Messungen 0.018915 Sekunden gebraucht
bei 11 cores haben 900 Messungen 0.019251 Sekunden gebraucht
bei 11 cores haben 900 Messungen 0.019126 Sekunden gebraucht
bei 12 cores haben 900 Messungen 0.020107 Sekunden gebraucht
bei 12 cores haben 900 Messungen 0.020365 Sekunden gebraucht
bei 12 cores haben 900 Messungen 0.020074 Sekunden gebraucht
bei 12 cores haben 900 Messungen 0.023962 Sekunden gebraucht
bei 12 cores haben 900 Messungen 0.023848 Sekunden gebraucht
bei 12 cores haben 900 Messungen 0.021618 Sekunden gebraucht
bei 12 cores haben 900 Messungen 0.019979 Sekunden gebraucht
bei 12 cores haben 900 Messungen 0.019981 Sekunden gebraucht
bei 12 cores haben 900 Messungen 0.019741 Sekunden gebraucht
bei 12 cores haben 900 Messungen 0.019982 Sekunden gebraucht
bei 13 cores haben 900 Messungen 0.020886 Sekunden gebraucht
bei 13 cores haben 900 Messungen 0.020415 Sekunden gebraucht
bei 13 cores haben 900 Messungen 0.020484 Sekunden gebraucht
bei 13 cores haben 900 Messungen 0.020505 Sekunden gebraucht
bei 13 cores haben 900 Messungen 0.020541 Sekunden gebraucht
bei 13 cores haben 900 Messungen 0.020682 Sekunden gebraucht
bei 13 cores haben 900 Messungen 0.020807 Sekunden gebraucht
bei 13 cores haben 900 Messungen 0.020680 Sekunden gebraucht
bei 13 cores haben 900 Messungen 0.020687 Sekunden gebraucht
bei 13 cores haben 900 Messungen 0.020645 Sekunden gebraucht
bei 14 cores haben 900 Messungen 0.018690 Sekunden gebraucht
bei 14 cores haben 900 Messungen 0.018537 Sekunden gebraucht
bei 14 cores haben 900 Messungen 0.018456 Sekunden gebraucht
bei 14 cores haben 900 Messungen 0.018415 Sekunden gebraucht
bei 14 cores haben 900 Messungen 0.018731 Sekunden gebraucht
bei 14 cores haben 900 Messungen 0.018937 Sekunden gebraucht
bei 14 cores haben 900 Messungen 0.018916 Sekunden gebraucht
bei 14 cores haben 900 Messungen 0.019099 Sekunden gebraucht
bei 14 cores haben 900 Messungen 0.018826 Sekunden gebraucht
bei 14 cores haben 900 Messungen 0.019027 Sekunden gebraucht
bei 15 cores haben 900 Messungen 0.022921 Sekunden gebraucht
bei 15 cores haben 900 Messungen 0.022629 Sekunden gebraucht
bei 15 cores haben 900 Messungen 0.022555 Sekunden gebraucht
bei 15 cores haben 900 Messungen 0.022450 Sekunden gebraucht
bei 15 cores haben 900 Messungen 0.022476 Sekunden gebraucht
bei 15 cores haben 900 Messungen 0.022707 Sekunden gebraucht
bei 15 cores haben 900 Messungen 0.022597 Sekunden gebraucht
bei 15 cores haben 900 Messungen 0.022624 Sekunden gebraucht
bei 15 cores haben 900 Messungen 0.022760 Sekunden gebraucht
bei 15 cores haben 900 Messungen 0.022552 Sekunden gebraucht
bei 16 cores haben 900 Messungen 0.029958 Sekunden gebraucht
bei 16 cores haben 900 Messungen 0.024527 Sekunden gebraucht
bei 16 cores haben 900 Messungen 0.024362 Sekunden gebraucht
bei 16 cores haben 900 Messungen 0.024624 Sekunden gebraucht
bei 16 cores haben 900 Messungen 0.027137 Sekunden gebraucht
bei 16 cores haben 900 Messungen 0.024601 Sekunden gebraucht
bei 16 cores haben 900 Messungen 0.030836 Sekunden gebraucht
bei 16 cores haben 900 Messungen 0.027272 Sekunden gebraucht
bei 16 cores haben 900 Messungen 0.028164 Sekunden gebraucht
bei 16 cores haben 900 Messungen 0.028794 Sekunden gebraucht
Laenge=50
bei 1 cores haben 900 Messungen 0.185543 Sekunden gebraucht
bei 1 cores haben 900 Messungen 0.240639 Sekunden gebraucht
bei 1 cores haben 900 Messungen 0.228897 Sekunden gebraucht
bei 1 cores haben 900 Messungen 0.182376 Sekunden gebraucht
bei 1 cores haben 900 Messungen 0.185563 Sekunden gebraucht
bei 1 cores haben 900 Messungen 0.182465 Sekunden gebraucht
bei 1 cores haben 900 Messungen 0.182360 Sekunden gebraucht
bei 1 cores haben 900 Messungen 0.182615 Sekunden gebraucht
bei 1 cores haben 900 Messungen 0.182427 Sekunden gebraucht
bei 1 cores haben 900 Messungen 0.183098 Sekunden gebraucht
bei 2 cores haben 900 Messungen 0.221363 Sekunden gebraucht
bei 2 cores haben 900 Messungen 0.208770 Sekunden gebraucht
bei 2 cores haben 900 Messungen 0.193769 Sekunden gebraucht
bei 2 cores haben 900 Messungen 0.183475 Sekunden gebraucht
bei 2 cores haben 900 Messungen 0.189133 Sekunden gebraucht
bei 2 cores haben 900 Messungen 0.185377 Sekunden gebraucht
bei 2 cores haben 900 Messungen 0.197151 Sekunden gebraucht
bei 2 cores haben 900 Messungen 0.246303 Sekunden gebraucht
bei 2 cores haben 900 Messungen 0.230529 Sekunden gebraucht
bei 2 cores haben 900 Messungen 0.225382 Sekunden gebraucht
bei 3 cores haben 900 Messungen 0.194390 Sekunden gebraucht
bei 3 cores haben 900 Messungen 0.180318 Sekunden gebraucht
bei 3 cores haben 900 Messungen 0.171619 Sekunden gebraucht
bei 3 cores haben 900 Messungen 0.106725 Sekunden gebraucht
bei 3 cores haben 900 Messungen 0.179192 Sekunden gebraucht
bei 3 cores haben 900 Messungen 0.182280 Sekunden gebraucht
bei 3 cores haben 900 Messungen 0.153701 Sekunden gebraucht
bei 3 cores haben 900 Messungen 0.144700 Sekunden gebraucht
bei 3 cores haben 900 Messungen 0.144449 Sekunden gebraucht
bei 3 cores haben 900 Messungen 0.144194 Sekunden gebraucht
bei 4 cores haben 900 Messungen 0.180745 Sekunden gebraucht
bei 4 cores haben 900 Messungen 0.157934 Sekunden gebraucht
bei 4 cores haben 900 Messungen 0.147183 Sekunden gebraucht
bei 4 cores haben 900 Messungen 0.085804 Sekunden gebraucht
bei 4 cores haben 900 Messungen 0.139351 Sekunden gebraucht
bei 4 cores haben 900 Messungen 0.150533 Sekunden gebraucht
bei 4 cores haben 900 Messungen 0.085458 Sekunden gebraucht
bei 4 cores haben 900 Messungen 0.149226 Sekunden gebraucht
bei 4 cores haben 900 Messungen 0.085390 Sekunden gebraucht
bei 4 cores haben 900 Messungen 0.099472 Sekunden gebraucht
bei 5 cores haben 900 Messungen 0.154088 Sekunden gebraucht
bei 5 cores haben 900 Messungen 0.159911 Sekunden gebraucht
bei 5 cores haben 900 Messungen 0.149522 Sekunden gebraucht
bei 5 cores haben 900 Messungen 0.140864 Sekunden gebraucht
bei 5 cores haben 900 Messungen 0.139768 Sekunden gebraucht
bei 5 cores haben 900 Messungen 0.150078 Sekunden gebraucht
bei 5 cores haben 900 Messungen 0.080998 Sekunden gebraucht
bei 5 cores haben 900 Messungen 0.092995 Sekunden gebraucht
bei 5 cores haben 900 Messungen 0.139509 Sekunden gebraucht
bei 5 cores haben 900 Messungen 0.082368 Sekunden gebraucht
bei 6 cores haben 900 Messungen 0.130775 Sekunden gebraucht
bei 6 cores haben 900 Messungen 0.158467 Sekunden gebraucht
bei 6 cores haben 900 Messungen 0.153319 Sekunden gebraucht
bei 6 cores haben 900 Messungen 0.151828 Sekunden gebraucht
bei 6 cores haben 900 Messungen 0.151587 Sekunden gebraucht
bei 6 cores haben 900 Messungen 0.145536 Sekunden gebraucht
bei 6 cores haben 900 Messungen 0.142192 Sekunden gebraucht
bei 6 cores haben 900 Messungen 0.144498 Sekunden gebraucht
bei 6 cores haben 900 Messungen 0.142290 Sekunden gebraucht
bei 6 cores haben 900 Messungen 0.146258 Sekunden gebraucht
bei 7 cores haben 900 Messungen 0.152867 Sekunden gebraucht
bei 7 cores haben 900 Messungen 0.147721 Sekunden gebraucht
bei 7 cores haben 900 Messungen 0.129340 Sekunden gebraucht
bei 7 cores haben 900 Messungen 0.150145 Sekunden gebraucht
bei 7 cores haben 900 Messungen 0.151428 Sekunden gebraucht
bei 7 cores haben 900 Messungen 0.083500 Sekunden gebraucht
bei 7 cores haben 900 Messungen 0.121680 Sekunden gebraucht
bei 7 cores haben 900 Messungen 0.138496 Sekunden gebraucht
bei 7 cores haben 900 Messungen 0.165442 Sekunden gebraucht
bei 7 cores haben 900 Messungen 0.145771 Sekunden gebraucht
bei 8 cores haben 900 Messungen 0.157422 Sekunden gebraucht
bei 8 cores haben 900 Messungen 0.156583 Sekunden gebraucht
bei 8 cores haben 900 Messungen 0.083611 Sekunden gebraucht
bei 8 cores haben 900 Messungen 0.117944 Sekunden gebraucht
bei 8 cores haben 900 Messungen 0.129136 Sekunden gebraucht
bei 8 cores haben 900 Messungen 0.161743 Sekunden gebraucht
bei 8 cores haben 900 Messungen 0.167257 Sekunden gebraucht
bei 8 cores haben 900 Messungen 0.148743 Sekunden gebraucht
bei 8 cores haben 900 Messungen 0.148870 Sekunden gebraucht
bei 8 cores haben 900 Messungen 0.084918 Sekunden gebraucht
bei 9 cores haben 900 Messungen 0.132919 Sekunden gebraucht
bei 9 cores haben 900 Messungen 0.142220 Sekunden gebraucht
bei 9 cores haben 900 Messungen 0.163101 Sekunden gebraucht
bei 9 cores haben 900 Messungen 0.151212 Sekunden gebraucht
bei 9 cores haben 900 Messungen 0.154319 Sekunden gebraucht
bei 9 cores haben 900 Messungen 0.159851 Sekunden gebraucht
bei 9 cores haben 900 Messungen 0.157081 Sekunden gebraucht
bei 9 cores haben 900 Messungen 0.150549 Sekunden gebraucht
bei 9 cores haben 900 Messungen 0.193561 Sekunden gebraucht
bei 9 cores haben 900 Messungen 0.133465 Sekunden gebraucht
bei 10 cores haben 900 Messungen 0.146594 Sekunden gebraucht
bei 10 cores haben 900 Messungen 0.156545 Sekunden gebraucht
bei 10 cores haben 900 Messungen 0.196513 Sekunden gebraucht
bei 10 cores haben 900 Messungen 0.150211 Sekunden gebraucht
bei 10 cores haben 900 Messungen 0.164342 Sekunden gebraucht
bei 10 cores haben 900 Messungen 0.359154 Sekunden gebraucht
bei 10 cores haben 900 Messungen 0.138366 Sekunden gebraucht
bei 10 cores haben 900 Messungen 0.154996 Sekunden gebraucht
bei 10 cores haben 900 Messungen 0.188651 Sekunden gebraucht
bei 10 cores haben 900 Messungen 0.152726 Sekunden gebraucht
bei 11 cores haben 900 Messungen 0.236408 Sekunden gebraucht
bei 11 cores haben 900 Messungen 0.158296 Sekunden gebraucht
bei 11 cores haben 900 Messungen 0.147396 Sekunden gebraucht
bei 11 cores haben 900 Messungen 0.146806 Sekunden gebraucht
bei 11 cores haben 900 Messungen 0.147931 Sekunden gebraucht
bei 11 cores haben 900 Messungen 0.159608 Sekunden gebraucht
bei 11 cores haben 900 Messungen 0.160474 Sekunden gebraucht
bei 11 cores haben 900 Messungen 0.274237 Sekunden gebraucht
bei 11 cores haben 900 Messungen 0.134220 Sekunden gebraucht
bei 11 cores haben 900 Messungen 0.150887 Sekunden gebraucht
bei 12 cores haben 900 Messungen 0.155861 Sekunden gebraucht
bei 12 cores haben 900 Messungen 0.165671 Sekunden gebraucht
bei 12 cores haben 900 Messungen 0.158667 Sekunden gebraucht
bei 12 cores haben 900 Messungen 0.156507 Sekunden gebraucht
bei 12 cores haben 900 Messungen 0.420873 Sekunden gebraucht
bei 12 cores haben 900 Messungen 0.165371 Sekunden gebraucht
bei 12 cores haben 900 Messungen 0.174122 Sekunden gebraucht
bei 12 cores haben 900 Messungen 0.242748 Sekunden gebraucht
bei 12 cores haben 900 Messungen 0.159430 Sekunden gebraucht
bei 12 cores haben 900 Messungen 0.159932 Sekunden gebraucht
bei 13 cores haben 900 Messungen 0.163521 Sekunden gebraucht
bei 13 cores haben 900 Messungen 0.169182 Sekunden gebraucht
bei 13 cores haben 900 Messungen 0.161256 Sekunden gebraucht
bei 13 cores haben 900 Messungen 0.158803 Sekunden gebraucht
bei 13 cores haben 900 Messungen 0.164010 Sekunden gebraucht
bei 13 cores haben 900 Messungen 0.157356 Sekunden gebraucht
bei 13 cores haben 900 Messungen 0.158583 Sekunden gebraucht
bei 13 cores haben 900 Messungen 0.164854 Sekunden gebraucht
bei 13 cores haben 900 Messungen 0.163191 Sekunden gebraucht
bei 13 cores haben 900 Messungen 0.157910 Sekunden gebraucht
bei 14 cores haben 900 Messungen 0.165989 Sekunden gebraucht
bei 14 cores haben 900 Messungen 0.165776 Sekunden gebraucht
bei 14 cores haben 900 Messungen 0.166034 Sekunden gebraucht
bei 14 cores haben 900 Messungen 0.177608 Sekunden gebraucht
bei 14 cores haben 900 Messungen 0.171907 Sekunden gebraucht
bei 14 cores haben 900 Messungen 0.165479 Sekunden gebraucht
bei 14 cores haben 900 Messungen 0.165576 Sekunden gebraucht
bei 14 cores haben 900 Messungen 0.159279 Sekunden gebraucht
bei 14 cores haben 900 Messungen 0.157920 Sekunden gebraucht
bei 14 cores haben 900 Messungen 0.175827 Sekunden gebraucht
bei 15 cores haben 900 Messungen 0.174169 Sekunden gebraucht
bei 15 cores haben 900 Messungen 0.164616 Sekunden gebraucht
bei 15 cores haben 900 Messungen 0.160780 Sekunden gebraucht
bei 15 cores haben 900 Messungen 0.162820 Sekunden gebraucht
bei 15 cores haben 900 Messungen 0.165260 Sekunden gebraucht
bei 15 cores haben 900 Messungen 0.173116 Sekunden gebraucht
bei 15 cores haben 900 Messungen 0.167078 Sekunden gebraucht
bei 15 cores haben 900 Messungen 0.165823 Sekunden gebraucht
bei 15 cores haben 900 Messungen 0.160903 Sekunden gebraucht
bei 15 cores haben 900 Messungen 0.164475 Sekunden gebraucht
bei 16 cores haben 900 Messungen 0.166648 Sekunden gebraucht
bei 16 cores haben 900 Messungen 0.184477 Sekunden gebraucht
bei 16 cores haben 900 Messungen 0.171423 Sekunden gebraucht
bei 16 cores haben 900 Messungen 0.167172 Sekunden gebraucht
bei 16 cores haben 900 Messungen 0.167175 Sekunden gebraucht
bei 16 cores haben 900 Messungen 0.167584 Sekunden gebraucht
bei 16 cores haben 900 Messungen 0.168767 Sekunden gebraucht
bei 16 cores haben 900 Messungen 0.188789 Sekunden gebraucht
bei 16 cores haben 900 Messungen 0.181190 Sekunden gebraucht
bei 16 cores haben 900 Messungen 0.168042 Sekunden gebraucht
Laenge=200
bei 1 cores haben 900 Messungen 2.887791 Sekunden gebraucht
bei 1 cores haben 900 Messungen 3.191454 Sekunden gebraucht
bei 1 cores haben 900 Messungen 2.939726 Sekunden gebraucht
bei 1 cores haben 900 Messungen 3.175789 Sekunden gebraucht
bei 1 cores haben 900 Messungen 3.147482 Sekunden gebraucht
bei 1 cores haben 900 Messungen 2.880879 Sekunden gebraucht
bei 1 cores haben 900 Messungen 2.880174 Sekunden gebraucht
bei 1 cores haben 900 Messungen 3.008159 Sekunden gebraucht
bei 1 cores haben 900 Messungen 3.124254 Sekunden gebraucht
bei 1 cores haben 900 Messungen 3.243235 Sekunden gebraucht
bei 2 cores haben 900 Messungen 3.044848 Sekunden gebraucht
bei 2 cores haben 900 Messungen 2.952874 Sekunden gebraucht
bei 2 cores haben 900 Messungen 3.104547 Sekunden gebraucht
bei 2 cores haben 900 Messungen 3.004213 Sekunden gebraucht
bei 2 cores haben 900 Messungen 2.983291 Sekunden gebraucht
bei 2 cores haben 900 Messungen 2.883603 Sekunden gebraucht
bei 2 cores haben 900 Messungen 2.835933 Sekunden gebraucht
bei 2 cores haben 900 Messungen 2.905130 Sekunden gebraucht
bei 2 cores haben 900 Messungen 2.881872 Sekunden gebraucht
bei 2 cores haben 900 Messungen 2.831634 Sekunden gebraucht
bei 3 cores haben 900 Messungen 2.519414 Sekunden gebraucht
bei 3 cores haben 900 Messungen 2.361915 Sekunden gebraucht
bei 3 cores haben 900 Messungen 2.324683 Sekunden gebraucht
bei 3 cores haben 900 Messungen 2.375778 Sekunden gebraucht
bei 3 cores haben 900 Messungen 2.443799 Sekunden gebraucht
bei 3 cores haben 900 Messungen 2.341645 Sekunden gebraucht
bei 3 cores haben 900 Messungen 2.372664 Sekunden gebraucht
bei 3 cores haben 900 Messungen 2.358435 Sekunden gebraucht
bei 3 cores haben 900 Messungen 2.532406 Sekunden gebraucht
bei 3 cores haben 900 Messungen 2.356783 Sekunden gebraucht
bei 4 cores haben 900 Messungen 2.267749 Sekunden gebraucht
bei 4 cores haben 900 Messungen 2.137745 Sekunden gebraucht
bei 4 cores haben 900 Messungen 2.456877 Sekunden gebraucht
bei 4 cores haben 900 Messungen 2.196432 Sekunden gebraucht
bei 4 cores haben 900 Messungen 2.169748 Sekunden gebraucht
bei 4 cores haben 900 Messungen 2.151429 Sekunden gebraucht
bei 4 cores haben 900 Messungen 2.180043 Sekunden gebraucht
bei 4 cores haben 900 Messungen 2.131331 Sekunden gebraucht
bei 4 cores haben 900 Messungen 2.195828 Sekunden gebraucht
bei 4 cores haben 900 Messungen 2.186814 Sekunden gebraucht
bei 5 cores haben 900 Messungen 2.247209 Sekunden gebraucht
bei 5 cores haben 900 Messungen 2.220309 Sekunden gebraucht
bei 5 cores haben 900 Messungen 2.233752 Sekunden gebraucht
bei 5 cores haben 900 Messungen 2.238130 Sekunden gebraucht
bei 5 cores haben 900 Messungen 2.064014 Sekunden gebraucht
bei 5 cores haben 900 Messungen 2.172538 Sekunden gebraucht
bei 5 cores haben 900 Messungen 2.212413 Sekunden gebraucht
bei 5 cores haben 900 Messungen 2.270930 Sekunden gebraucht
bei 5 cores haben 900 Messungen 2.252836 Sekunden gebraucht
bei 5 cores haben 900 Messungen 2.248744 Sekunden gebraucht
bei 6 cores haben 900 Messungen 2.159537 Sekunden gebraucht
bei 6 cores haben 900 Messungen 2.175509 Sekunden gebraucht
bei 6 cores haben 900 Messungen 2.267551 Sekunden gebraucht
bei 6 cores haben 900 Messungen 2.288757 Sekunden gebraucht
bei 6 cores haben 900 Messungen 2.308476 Sekunden gebraucht
bei 6 cores haben 900 Messungen 2.264464 Sekunden gebraucht
bei 6 cores haben 900 Messungen 2.201943 Sekunden gebraucht
bei 6 cores haben 900 Messungen 2.171375 Sekunden gebraucht
bei 6 cores haben 900 Messungen 2.118285 Sekunden gebraucht
bei 6 cores haben 900 Messungen 2.165111 Sekunden gebraucht
bei 7 cores haben 900 Messungen 2.219558 Sekunden gebraucht
bei 7 cores haben 900 Messungen 2.160791 Sekunden gebraucht
bei 7 cores haben 900 Messungen 2.311340 Sekunden gebraucht
bei 7 cores haben 900 Messungen 2.090585 Sekunden gebraucht
bei 7 cores haben 900 Messungen 2.312028 Sekunden gebraucht
bei 7 cores haben 900 Messungen 2.165439 Sekunden gebraucht
bei 7 cores haben 900 Messungen 2.183342 Sekunden gebraucht
bei 7 cores haben 900 Messungen 2.298812 Sekunden gebraucht
bei 7 cores haben 900 Messungen 2.184777 Sekunden gebraucht
bei 7 cores haben 900 Messungen 2.326257 Sekunden gebraucht
bei 8 cores haben 900 Messungen 2.145950 Sekunden gebraucht
bei 8 cores haben 900 Messungen 2.231676 Sekunden gebraucht
bei 8 cores haben 900 Messungen 2.351194 Sekunden gebraucht
bei 8 cores haben 900 Messungen 2.182498 Sekunden gebraucht
bei 8 cores haben 900 Messungen 2.288655 Sekunden gebraucht
bei 8 cores haben 900 Messungen 2.235464 Sekunden gebraucht
bei 8 cores haben 900 Messungen 2.241630 Sekunden gebraucht
bei 8 cores haben 900 Messungen 2.290585 Sekunden gebraucht
bei 8 cores haben 900 Messungen 2.227066 Sekunden gebraucht
bei 8 cores haben 900 Messungen 2.411615 Sekunden gebraucht
bei 9 cores haben 900 Messungen 2.402395 Sekunden gebraucht
bei 9 cores haben 900 Messungen 2.385301 Sekunden gebraucht
bei 9 cores haben 900 Messungen 2.377396 Sekunden gebraucht
bei 9 cores haben 900 Messungen 2.391342 Sekunden gebraucht
bei 9 cores haben 900 Messungen 2.364027 Sekunden gebraucht
bei 9 cores haben 900 Messungen 2.382875 Sekunden gebraucht
bei 9 cores haben 900 Messungen 2.359317 Sekunden gebraucht
bei 9 cores haben 900 Messungen 2.399939 Sekunden gebraucht
bei 9 cores haben 900 Messungen 2.348094 Sekunden gebraucht
bei 9 cores haben 900 Messungen 2.360361 Sekunden gebraucht
bei 10 cores haben 900 Messungen 2.396362 Sekunden gebraucht
bei 10 cores haben 900 Messungen 2.332394 Sekunden gebraucht
bei 10 cores haben 900 Messungen 2.355761 Sekunden gebraucht
bei 10 cores haben 900 Messungen 2.368962 Sekunden gebraucht
bei 10 cores haben 900 Messungen 2.342227 Sekunden gebraucht
bei 10 cores haben 900 Messungen 2.324222 Sekunden gebraucht
bei 10 cores haben 900 Messungen 2.355089 Sekunden gebraucht
bei 10 cores haben 900 Messungen 2.399478 Sekunden gebraucht
bei 10 cores haben 900 Messungen 2.442028 Sekunden gebraucht
bei 10 cores haben 900 Messungen 2.394016 Sekunden gebraucht
bei 11 cores haben 900 Messungen 2.412716 Sekunden gebraucht
bei 11 cores haben 900 Messungen 2.397530 Sekunden gebraucht
bei 11 cores haben 900 Messungen 2.383375 Sekunden gebraucht
bei 11 cores haben 900 Messungen 2.370079 Sekunden gebraucht
bei 11 cores haben 900 Messungen 2.375959 Sekunden gebraucht
bei 11 cores haben 900 Messungen 2.350847 Sekunden gebraucht
bei 11 cores haben 900 Messungen 2.370532 Sekunden gebraucht
bei 11 cores haben 900 Messungen 2.359329 Sekunden gebraucht
bei 11 cores haben 900 Messungen 2.373675 Sekunden gebraucht
bei 11 cores haben 900 Messungen 2.422721 Sekunden gebraucht
bei 12 cores haben 900 Messungen 2.387090 Sekunden gebraucht
bei 12 cores haben 900 Messungen 2.383794 Sekunden gebraucht
bei 12 cores haben 900 Messungen 2.374521 Sekunden gebraucht
bei 12 cores haben 900 Messungen 2.407006 Sekunden gebraucht
bei 12 cores haben 900 Messungen 2.399413 Sekunden gebraucht
bei 12 cores haben 900 Messungen 2.377775 Sekunden gebraucht
bei 12 cores haben 900 Messungen 2.392463 Sekunden gebraucht
bei 12 cores haben 900 Messungen 2.382792 Sekunden gebraucht
bei 12 cores haben 900 Messungen 2.366026 Sekunden gebraucht
bei 12 cores haben 900 Messungen 2.383587 Sekunden gebraucht
bei 13 cores haben 900 Messungen 2.387983 Sekunden gebraucht
bei 13 cores haben 900 Messungen 2.424943 Sekunden gebraucht
bei 13 cores haben 900 Messungen 2.400021 Sekunden gebraucht
bei 13 cores haben 900 Messungen 2.370826 Sekunden gebraucht
bei 13 cores haben 900 Messungen 2.413811 Sekunden gebraucht
bei 13 cores haben 900 Messungen 2.388459 Sekunden gebraucht
bei 13 cores haben 900 Messungen 2.384120 Sekunden gebraucht
bei 13 cores haben 900 Messungen 2.404656 Sekunden gebraucht
bei 13 cores haben 900 Messungen 2.388198 Sekunden gebraucht
bei 13 cores haben 900 Messungen 2.405907 Sekunden gebraucht
bei 14 cores haben 900 Messungen 2.414115 Sekunden gebraucht
bei 14 cores haben 900 Messungen 2.516408 Sekunden gebraucht
bei 14 cores haben 900 Messungen 2.426185 Sekunden gebraucht
bei 14 cores haben 900 Messungen 2.389807 Sekunden gebraucht
bei 14 cores haben 900 Messungen 2.429704 Sekunden gebraucht
bei 14 cores haben 900 Messungen 2.570004 Sekunden gebraucht
bei 14 cores haben 900 Messungen 2.406160 Sekunden gebraucht
bei 14 cores haben 900 Messungen 2.396087 Sekunden gebraucht
bei 14 cores haben 900 Messungen 2.445317 Sekunden gebraucht
bei 14 cores haben 900 Messungen 2.425720 Sekunden gebraucht
bei 15 cores haben 900 Messungen 2.446461 Sekunden gebraucht
bei 15 cores haben 900 Messungen 2.434059 Sekunden gebraucht
bei 15 cores haben 900 Messungen 2.661566 Sekunden gebraucht
bei 15 cores haben 900 Messungen 2.391047 Sekunden gebraucht
bei 15 cores haben 900 Messungen 2.414896 Sekunden gebraucht
bei 15 cores haben 900 Messungen 2.404009 Sekunden gebraucht
bei 15 cores haben 900 Messungen 2.383383 Sekunden gebraucht
bei 15 cores haben 900 Messungen 2.435894 Sekunden gebraucht
bei 15 cores haben 900 Messungen 2.799278 Sekunden gebraucht
bei 15 cores haben 900 Messungen 2.415365 Sekunden gebraucht
bei 16 cores haben 900 Messungen 2.451939 Sekunden gebraucht
bei 16 cores haben 900 Messungen 2.446502 Sekunden gebraucht
bei 16 cores haben 900 Messungen 2.438061 Sekunden gebraucht
bei 16 cores haben 900 Messungen 2.461578 Sekunden gebraucht
bei 16 cores haben 900 Messungen 2.433874 Sekunden gebraucht
bei 16 cores haben 900 Messungen 2.452225 Sekunden gebraucht
bei 16 cores haben 900 Messungen 2.426662 Sekunden gebraucht
bei 16 cores haben 900 Messungen 2.481639 Sekunden gebraucht
bei 16 cores haben 900 Messungen 2.444884 Sekunden gebraucht
bei 16 cores haben 900 Messungen 2.438440 Sekunden gebraucht
Laenge=300
bei 1 cores haben 900 Messungen 6.592550 Sekunden gebraucht
bei 1 cores haben 900 Messungen 6.556020 Sekunden gebraucht
bei 1 cores haben 900 Messungen 6.901847 Sekunden gebraucht
bei 1 cores haben 900 Messungen 6.643447 Sekunden gebraucht
bei 1 cores haben 900 Messungen 6.462333 Sekunden gebraucht
bei 1 cores haben 900 Messungen 6.527212 Sekunden gebraucht
bei 1 cores haben 900 Messungen 6.519327 Sekunden gebraucht
bei 1 cores haben 900 Messungen 6.524968 Sekunden gebraucht
bei 1 cores haben 900 Messungen 6.730475 Sekunden gebraucht
bei 1 cores haben 900 Messungen 6.611551 Sekunden gebraucht
bei 2 cores haben 900 Messungen 7.007861 Sekunden gebraucht
bei 2 cores haben 900 Messungen 6.930529 Sekunden gebraucht
bei 2 cores haben 900 Messungen 6.625584 Sekunden gebraucht
bei 2 cores haben 900 Messungen 6.620882 Sekunden gebraucht
bei 2 cores haben 900 Messungen 6.544028 Sekunden gebraucht
bei 2 cores haben 900 Messungen 6.628056 Sekunden gebraucht
bei 2 cores haben 900 Messungen 6.609325 Sekunden gebraucht
bei 2 cores haben 900 Messungen 6.331558 Sekunden gebraucht
bei 2 cores haben 900 Messungen 6.501009 Sekunden gebraucht
bei 2 cores haben 900 Messungen 6.652770 Sekunden gebraucht
bei 3 cores haben 900 Messungen 5.336243 Sekunden gebraucht
bei 3 cores haben 900 Messungen 5.231259 Sekunden gebraucht
bei 3 cores haben 900 Messungen 5.208198 Sekunden gebraucht
bei 3 cores haben 900 Messungen 5.489649 Sekunden gebraucht
bei 3 cores haben 900 Messungen 5.248891 Sekunden gebraucht
bei 3 cores haben 900 Messungen 5.295683 Sekunden gebraucht
bei 3 cores haben 900 Messungen 5.141108 Sekunden gebraucht
bei 3 cores haben 900 Messungen 5.364787 Sekunden gebraucht
bei 3 cores haben 900 Messungen 5.522755 Sekunden gebraucht
bei 3 cores haben 900 Messungen 5.500828 Sekunden gebraucht
bei 4 cores haben 900 Messungen 4.944005 Sekunden gebraucht
bei 4 cores haben 900 Messungen 4.817251 Sekunden gebraucht
bei 4 cores haben 900 Messungen 4.897030 Sekunden gebraucht
bei 4 cores haben 900 Messungen 4.887083 Sekunden gebraucht
bei 4 cores haben 900 Messungen 4.813999 Sekunden gebraucht
bei 4 cores haben 900 Messungen 4.889555 Sekunden gebraucht
bei 4 cores haben 900 Messungen 4.865019 Sekunden gebraucht
bei 4 cores haben 900 Messungen 4.863288 Sekunden gebraucht
bei 4 cores haben 900 Messungen 4.903411 Sekunden gebraucht
bei 4 cores haben 900 Messungen 4.929188 Sekunden gebraucht
bei 5 cores haben 900 Messungen 5.000112 Sekunden gebraucht
bei 5 cores haben 900 Messungen 5.014539 Sekunden gebraucht
bei 5 cores haben 900 Messungen 5.106579 Sekunden gebraucht
bei 5 cores haben 900 Messungen 5.052099 Sekunden gebraucht
bei 5 cores haben 900 Messungen 5.065274 Sekunden gebraucht
bei 5 cores haben 900 Messungen 5.038125 Sekunden gebraucht
bei 5 cores haben 900 Messungen 5.031877 Sekunden gebraucht
bei 5 cores haben 900 Messungen 5.084166 Sekunden gebraucht
bei 5 cores haben 900 Messungen 5.053810 Sekunden gebraucht
bei 5 cores haben 900 Messungen 4.859463 Sekunden gebraucht
bei 6 cores haben 900 Messungen 4.806800 Sekunden gebraucht
bei 6 cores haben 900 Messungen 5.192532 Sekunden gebraucht
bei 6 cores haben 900 Messungen 4.852405 Sekunden gebraucht
bei 6 cores haben 900 Messungen 4.924301 Sekunden gebraucht
bei 6 cores haben 900 Messungen 4.975844 Sekunden gebraucht
bei 6 cores haben 900 Messungen 5.013628 Sekunden gebraucht
bei 6 cores haben 900 Messungen 4.953875 Sekunden gebraucht
bei 6 cores haben 900 Messungen 4.813323 Sekunden gebraucht
bei 6 cores haben 900 Messungen 5.175285 Sekunden gebraucht
bei 6 cores haben 900 Messungen 4.784062 Sekunden gebraucht
bei 7 cores haben 900 Messungen 5.123580 Sekunden gebraucht
bei 7 cores haben 900 Messungen 5.092963 Sekunden gebraucht
bei 7 cores haben 900 Messungen 4.983584 Sekunden gebraucht
bei 7 cores haben 900 Messungen 5.081522 Sekunden gebraucht
bei 7 cores haben 900 Messungen 4.885785 Sekunden gebraucht
bei 7 cores haben 900 Messungen 5.111767 Sekunden gebraucht
bei 7 cores haben 900 Messungen 5.171480 Sekunden gebraucht
bei 7 cores haben 900 Messungen 5.171428 Sekunden gebraucht
bei 7 cores haben 900 Messungen 5.182111 Sekunden gebraucht
bei 7 cores haben 900 Messungen 5.058214 Sekunden gebraucht
bei 8 cores haben 900 Messungen 5.438796 Sekunden gebraucht
bei 8 cores haben 900 Messungen 5.057318 Sekunden gebraucht
bei 8 cores haben 900 Messungen 5.117470 Sekunden gebraucht
bei 8 cores haben 900 Messungen 4.990068 Sekunden gebraucht
bei 8 cores haben 900 Messungen 5.146231 Sekunden gebraucht
bei 8 cores haben 900 Messungen 5.072671 Sekunden gebraucht
bei 8 cores haben 900 Messungen 5.057168 Sekunden gebraucht
bei 8 cores haben 900 Messungen 5.111542 Sekunden gebraucht
bei 8 cores haben 900 Messungen 5.283128 Sekunden gebraucht
bei 8 cores haben 900 Messungen 5.285982 Sekunden gebraucht
bei 9 cores haben 900 Messungen 5.174223 Sekunden gebraucht
bei 9 cores haben 900 Messungen 5.341421 Sekunden gebraucht
bei 9 cores haben 900 Messungen 5.291599 Sekunden gebraucht
bei 9 cores haben 900 Messungen 5.353245 Sekunden gebraucht
bei 9 cores haben 900 Messungen 5.395284 Sekunden gebraucht
bei 9 cores haben 900 Messungen 5.384651 Sekunden gebraucht
bei 9 cores haben 900 Messungen 5.396632 Sekunden gebraucht
bei 9 cores haben 900 Messungen 5.422825 Sekunden gebraucht
bei 9 cores haben 900 Messungen 5.339451 Sekunden gebraucht
bei 9 cores haben 900 Messungen 5.337748 Sekunden gebraucht
bei 10 cores haben 900 Messungen 5.346809 Sekunden gebraucht
bei 10 cores haben 900 Messungen 5.184103 Sekunden gebraucht
bei 10 cores haben 900 Messungen 5.302779 Sekunden gebraucht
bei 10 cores haben 900 Messungen 5.291012 Sekunden gebraucht
bei 10 cores haben 900 Messungen 5.394236 Sekunden gebraucht
bei 10 cores haben 900 Messungen 5.298668 Sekunden gebraucht
bei 10 cores haben 900 Messungen 5.236147 Sekunden gebraucht
bei 10 cores haben 900 Messungen 5.301216 Sekunden gebraucht
bei 10 cores haben 900 Messungen 5.328734 Sekunden gebraucht
bei 10 cores haben 900 Messungen 5.299287 Sekunden gebraucht
bei 11 cores haben 900 Messungen 5.460864 Sekunden gebraucht
bei 11 cores haben 900 Messungen 5.346622 Sekunden gebraucht
bei 11 cores haben 900 Messungen 5.332631 Sekunden gebraucht
bei 11 cores haben 900 Messungen 5.374136 Sekunden gebraucht
bei 11 cores haben 900 Messungen 5.364691 Sekunden gebraucht
bei 11 cores haben 900 Messungen 5.408185 Sekunden gebraucht
bei 11 cores haben 900 Messungen 5.324748 Sekunden gebraucht
bei 11 cores haben 900 Messungen 5.379322 Sekunden gebraucht
bei 11 cores haben 900 Messungen 5.401581 Sekunden gebraucht
bei 11 cores haben 900 Messungen 5.366800 Sekunden gebraucht
bei 12 cores haben 900 Messungen 5.339809 Sekunden gebraucht
bei 12 cores haben 900 Messungen 5.384330 Sekunden gebraucht
bei 12 cores haben 900 Messungen 5.259935 Sekunden gebraucht
bei 12 cores haben 900 Messungen 5.312254 Sekunden gebraucht
bei 12 cores haben 900 Messungen 5.292080 Sekunden gebraucht
bei 12 cores haben 900 Messungen 5.446338 Sekunden gebraucht
bei 12 cores haben 900 Messungen 5.408607 Sekunden gebraucht
bei 12 cores haben 900 Messungen 5.320630 Sekunden gebraucht
bei 12 cores haben 900 Messungen 5.313135 Sekunden gebraucht
bei 12 cores haben 900 Messungen 5.374938 Sekunden gebraucht
bei 13 cores haben 900 Messungen 5.534043 Sekunden gebraucht
bei 13 cores haben 900 Messungen 5.517577 Sekunden gebraucht
bei 13 cores haben 900 Messungen 5.329458 Sekunden gebraucht
bei 13 cores haben 900 Messungen 5.517981 Sekunden gebraucht
bei 13 cores haben 900 Messungen 5.360562 Sekunden gebraucht
bei 13 cores haben 900 Messungen 5.371969 Sekunden gebraucht
bei 13 cores haben 900 Messungen 5.300670 Sekunden gebraucht
bei 13 cores haben 900 Messungen 5.324640 Sekunden gebraucht
bei 13 cores haben 900 Messungen 5.351339 Sekunden gebraucht
bei 13 cores haben 900 Messungen 5.354031 Sekunden gebraucht
bei 14 cores haben 900 Messungen 5.419093 Sekunden gebraucht
bei 14 cores haben 900 Messungen 5.511108 Sekunden gebraucht
bei 14 cores haben 900 Messungen 5.545818 Sekunden gebraucht
bei 14 cores haben 900 Messungen 5.401305 Sekunden gebraucht
bei 14 cores haben 900 Messungen 5.413481 Sekunden gebraucht
bei 14 cores haben 900 Messungen 5.389924 Sekunden gebraucht
bei 14 cores haben 900 Messungen 5.515773 Sekunden gebraucht
bei 14 cores haben 900 Messungen 5.415668 Sekunden gebraucht
bei 14 cores haben 900 Messungen 5.452710 Sekunden gebraucht
bei 14 cores haben 900 Messungen 5.549209 Sekunden gebraucht
bei 15 cores haben 900 Messungen 5.419651 Sekunden gebraucht
bei 15 cores haben 900 Messungen 5.381446 Sekunden gebraucht
bei 15 cores haben 900 Messungen 5.370393 Sekunden gebraucht
bei 15 cores haben 900 Messungen 5.408699 Sekunden gebraucht
bei 15 cores haben 900 Messungen 5.424783 Sekunden gebraucht
bei 15 cores haben 900 Messungen 5.420833 Sekunden gebraucht
bei 15 cores haben 900 Messungen 5.438799 Sekunden gebraucht
bei 15 cores haben 900 Messungen 5.411266 Sekunden gebraucht
bei 15 cores haben 900 Messungen 5.418889 Sekunden gebraucht
bei 15 cores haben 900 Messungen 5.363550 Sekunden gebraucht
bei 16 cores haben 900 Messungen 5.463637 Sekunden gebraucht
bei 16 cores haben 900 Messungen 5.466719 Sekunden gebraucht
bei 16 cores haben 900 Messungen 5.450105 Sekunden gebraucht
bei 16 cores haben 900 Messungen 5.472802 Sekunden gebraucht
bei 16 cores haben 900 Messungen 5.453211 Sekunden gebraucht
bei 16 cores haben 900 Messungen 5.479962 Sekunden gebraucht
bei 16 cores haben 900 Messungen 5.447814 Sekunden gebraucht
bei 16 cores haben 900 Messungen 5.500298 Sekunden gebraucht
bei 16 cores haben 900 Messungen 5.476123 Sekunden gebraucht
bei 16 cores haben 900 Messungen 5.464576 Sekunden gebraucht
/hiskp4/gross/bachelorarbeit
