Thu Jun 25 18:48:32 CEST 2020 Waiting for 30 seconds before starting the job to allow the node to settle down
Thu Jun 25 18:49:02 CEST 2020 Waiting done, starting task!
Thu Jun 25 18:49:02 CEST 2020 Waiting for 30 seconds before starting the job to allow the node to settle down
Thu Jun 25 18:49:32 CEST 2020 Waiting done, starting task!
Laenge=192	Temperatur=0.500000
Richtige Funktion!
bei 1 cores haben 1000 Messungen 2.261975 Sekunden gebraucht
Richtige Funktion!
bei 1 cores haben 1000 Messungen 2.239846 Sekunden gebraucht
Richtige Funktion!
bei 1 cores haben 1000 Messungen 2.239529 Sekunden gebraucht
Richtige Funktion!
bei 1 cores haben 1000 Messungen 2.240156 Sekunden gebraucht
Richtige Funktion!
bei 1 cores haben 1000 Messungen 2.239947 Sekunden gebraucht
Richtige Funktion!
bei 2 cores haben 1000 Messungen 1.369890 Sekunden gebraucht
Richtige Funktion!
bei 2 cores haben 1000 Messungen 1.233758 Sekunden gebraucht
Richtige Funktion!
bei 2 cores haben 1000 Messungen 1.222369 Sekunden gebraucht
Richtige Funktion!
bei 2 cores haben 1000 Messungen 1.268328 Sekunden gebraucht
Richtige Funktion!
bei 2 cores haben 1000 Messungen 1.226097 Sekunden gebraucht
Richtige Funktion!
bei 3 cores haben 1000 Messungen 0.918672 Sekunden gebraucht
Richtige Funktion!
bei 3 cores haben 1000 Messungen 0.866482 Sekunden gebraucht
Richtige Funktion!
bei 3 cores haben 1000 Messungen 0.875683 Sekunden gebraucht
Richtige Funktion!
bei 3 cores haben 1000 Messungen 0.879343 Sekunden gebraucht
Richtige Funktion!
bei 3 cores haben 1000 Messungen 0.877891 Sekunden gebraucht
Richtige Funktion!
bei 4 cores haben 1000 Messungen 0.741333 Sekunden gebraucht
Richtige Funktion!
bei 4 cores haben 1000 Messungen 0.737019 Sekunden gebraucht
Richtige Funktion!
bei 4 cores haben 1000 Messungen 0.733810 Sekunden gebraucht
Richtige Funktion!
bei 4 cores haben 1000 Messungen 0.719748 Sekunden gebraucht
Richtige Funktion!
bei 4 cores haben 1000 Messungen 0.713764 Sekunden gebraucht
Richtige Funktion!
bei 5 cores haben 1000 Messungen 0.626073 Sekunden gebraucht
Richtige Funktion!
bei 5 cores haben 1000 Messungen 0.860692 Sekunden gebraucht
Richtige Funktion!
bei 5 cores haben 1000 Messungen 1.082220 Sekunden gebraucht
Richtige Funktion!
bei 5 cores haben 1000 Messungen 1.000430 Sekunden gebraucht
Richtige Funktion!
bei 5 cores haben 1000 Messungen 0.616286 Sekunden gebraucht
Richtige Funktion!
bei 6 cores haben 1000 Messungen 0.773106 Sekunden gebraucht
Richtige Funktion!
bei 6 cores haben 1000 Messungen 0.950944 Sekunden gebraucht
Richtige Funktion!
bei 6 cores haben 1000 Messungen 0.703530 Sekunden gebraucht
Richtige Funktion!
bei 6 cores haben 1000 Messungen 0.870273 Sekunden gebraucht
Richtige Funktion!
bei 6 cores haben 1000 Messungen 0.845954 Sekunden gebraucht
Richtige Funktion!
bei 7 cores haben 1000 Messungen 0.861108 Sekunden gebraucht
Richtige Funktion!
bei 7 cores haben 1000 Messungen 0.867271 Sekunden gebraucht
Richtige Funktion!
bei 7 cores haben 1000 Messungen 0.671766 Sekunden gebraucht
Richtige Funktion!
bei 7 cores haben 1000 Messungen 0.584474 Sekunden gebraucht
Richtige Funktion!
bei 7 cores haben 1000 Messungen 0.607775 Sekunden gebraucht
Richtige Funktion!
bei 8 cores haben 1000 Messungen 0.529389 Sekunden gebraucht
Richtige Funktion!
bei 8 cores haben 1000 Messungen 0.754653 Sekunden gebraucht
Richtige Funktion!
bei 8 cores haben 1000 Messungen 0.599165 Sekunden gebraucht
Richtige Funktion!
bei 8 cores haben 1000 Messungen 0.785525 Sekunden gebraucht
Richtige Funktion!
bei 8 cores haben 1000 Messungen 0.560196 Sekunden gebraucht
Richtige Funktion!
bei 9 cores haben 1000 Messungen 0.509061 Sekunden gebraucht
Richtige Funktion!
bei 9 cores haben 1000 Messungen 0.549111 Sekunden gebraucht
Richtige Funktion!
bei 9 cores haben 1000 Messungen 0.502917 Sekunden gebraucht
Richtige Funktion!
bei 9 cores haben 1000 Messungen 0.535049 Sekunden gebraucht
Richtige Funktion!
bei 9 cores haben 1000 Messungen 0.569652 Sekunden gebraucht
Richtige Funktion!
bei 10 cores haben 1000 Messungen 0.586499 Sekunden gebraucht
Richtige Funktion!
bei 10 cores haben 1000 Messungen 0.593553 Sekunden gebraucht
Richtige Funktion!
bei 10 cores haben 1000 Messungen 0.543119 Sekunden gebraucht
Richtige Funktion!
bei 10 cores haben 1000 Messungen 0.496418 Sekunden gebraucht
Richtige Funktion!
bei 10 cores haben 1000 Messungen 0.471643 Sekunden gebraucht
Richtige Funktion!
bei 11 cores haben 1000 Messungen 0.387766 Sekunden gebraucht
Richtige Funktion!
bei 11 cores haben 1000 Messungen 0.380085 Sekunden gebraucht
Richtige Funktion!
bei 11 cores haben 1000 Messungen 0.403982 Sekunden gebraucht
Richtige Funktion!
bei 11 cores haben 1000 Messungen 0.377883 Sekunden gebraucht
Richtige Funktion!
bei 11 cores haben 1000 Messungen 0.384420 Sekunden gebraucht
Richtige Funktion!
bei 12 cores haben 1000 Messungen 0.362419 Sekunden gebraucht
Richtige Funktion!
bei 12 cores haben 1000 Messungen 0.360812 Sekunden gebraucht
Richtige Funktion!
bei 12 cores haben 1000 Messungen 0.359767 Sekunden gebraucht
Richtige Funktion!
bei 12 cores haben 1000 Messungen 0.361229 Sekunden gebraucht
Richtige Funktion!
bei 12 cores haben 1000 Messungen 0.361908 Sekunden gebraucht
/hiskp4/gross/bachelorarbeit
