Mon Jun 15 11:49:21 CEST 2020 Waiting for 30 seconds before starting the job to allow the node to settle down
Mon Jun 15 11:49:51 CEST 2020 Waiting done, starting task!
Mon Jun 15 11:49:51 CEST 2020 Waiting for 30 seconds before starting the job to allow the node to settle down
Mon Jun 15 11:50:21 CEST 2020 Waiting done, starting task!
Laenge=10
bei 1 cores haben 1000 Messungen 0.015510 Sekunden gebraucht
bei 1 cores haben 1000 Messungen 0.014343 Sekunden gebraucht
bei 1 cores haben 1000 Messungen 0.013313 Sekunden gebraucht
bei 1 cores haben 1000 Messungen 0.013305 Sekunden gebraucht
bei 1 cores haben 1000 Messungen 0.013332 Sekunden gebraucht
bei 2 cores haben 1000 Messungen 0.024158 Sekunden gebraucht
bei 2 cores haben 1000 Messungen 0.022448 Sekunden gebraucht
bei 2 cores haben 1000 Messungen 0.021589 Sekunden gebraucht
bei 2 cores haben 1000 Messungen 0.021280 Sekunden gebraucht
bei 2 cores haben 1000 Messungen 0.020658 Sekunden gebraucht
bei 3 cores haben 1000 Messungen 0.020201 Sekunden gebraucht
bei 3 cores haben 1000 Messungen 0.020044 Sekunden gebraucht
bei 3 cores haben 1000 Messungen 0.019992 Sekunden gebraucht
bei 3 cores haben 1000 Messungen 0.020033 Sekunden gebraucht
bei 3 cores haben 1000 Messungen 0.020584 Sekunden gebraucht
bei 4 cores haben 1000 Messungen 0.020218 Sekunden gebraucht
bei 4 cores haben 1000 Messungen 0.019794 Sekunden gebraucht
bei 4 cores haben 1000 Messungen 0.019613 Sekunden gebraucht
bei 4 cores haben 1000 Messungen 0.019778 Sekunden gebraucht
bei 4 cores haben 1000 Messungen 0.018389 Sekunden gebraucht
bei 5 cores haben 1000 Messungen 0.018266 Sekunden gebraucht
bei 5 cores haben 1000 Messungen 0.018178 Sekunden gebraucht
bei 5 cores haben 1000 Messungen 0.018196 Sekunden gebraucht
bei 5 cores haben 1000 Messungen 0.018067 Sekunden gebraucht
bei 5 cores haben 1000 Messungen 0.021829 Sekunden gebraucht
bei 6 cores haben 1000 Messungen 0.020525 Sekunden gebraucht
bei 6 cores haben 1000 Messungen 0.020382 Sekunden gebraucht
bei 6 cores haben 1000 Messungen 0.019494 Sekunden gebraucht
bei 6 cores haben 1000 Messungen 0.018876 Sekunden gebraucht
bei 6 cores haben 1000 Messungen 0.017848 Sekunden gebraucht
bei 7 cores haben 1000 Messungen 0.020397 Sekunden gebraucht
bei 7 cores haben 1000 Messungen 0.019917 Sekunden gebraucht
bei 7 cores haben 1000 Messungen 0.020159 Sekunden gebraucht
bei 7 cores haben 1000 Messungen 0.020089 Sekunden gebraucht
bei 7 cores haben 1000 Messungen 0.020075 Sekunden gebraucht
bei 8 cores haben 1000 Messungen 0.018827 Sekunden gebraucht
bei 8 cores haben 1000 Messungen 0.018606 Sekunden gebraucht
bei 8 cores haben 1000 Messungen 0.018823 Sekunden gebraucht
bei 8 cores haben 1000 Messungen 0.018768 Sekunden gebraucht
bei 8 cores haben 1000 Messungen 0.018815 Sekunden gebraucht
bei 9 cores haben 1000 Messungen 0.023012 Sekunden gebraucht
bei 9 cores haben 1000 Messungen 0.022954 Sekunden gebraucht
bei 9 cores haben 1000 Messungen 0.023223 Sekunden gebraucht
bei 9 cores haben 1000 Messungen 0.023218 Sekunden gebraucht
bei 9 cores haben 1000 Messungen 0.023569 Sekunden gebraucht
bei 10 cores haben 1000 Messungen 0.020984 Sekunden gebraucht
bei 10 cores haben 1000 Messungen 0.021139 Sekunden gebraucht
bei 10 cores haben 1000 Messungen 0.021811 Sekunden gebraucht
bei 10 cores haben 1000 Messungen 0.021073 Sekunden gebraucht
bei 10 cores haben 1000 Messungen 0.020996 Sekunden gebraucht
bei 11 cores haben 1000 Messungen 0.038698 Sekunden gebraucht
bei 11 cores haben 1000 Messungen 0.025262 Sekunden gebraucht
bei 11 cores haben 1000 Messungen 0.025545 Sekunden gebraucht
bei 11 cores haben 1000 Messungen 0.025553 Sekunden gebraucht
bei 11 cores haben 1000 Messungen 0.025400 Sekunden gebraucht
bei 12 cores haben 1000 Messungen 0.022137 Sekunden gebraucht
bei 12 cores haben 1000 Messungen 0.022018 Sekunden gebraucht
bei 12 cores haben 1000 Messungen 0.021944 Sekunden gebraucht
bei 12 cores haben 1000 Messungen 0.021874 Sekunden gebraucht
bei 12 cores haben 1000 Messungen 0.021735 Sekunden gebraucht
Laenge=100
bei 1 cores haben 1000 Messungen 0.837938 Sekunden gebraucht
bei 1 cores haben 1000 Messungen 0.836354 Sekunden gebraucht
bei 1 cores haben 1000 Messungen 0.836456 Sekunden gebraucht
bei 1 cores haben 1000 Messungen 0.837046 Sekunden gebraucht
bei 1 cores haben 1000 Messungen 0.836443 Sekunden gebraucht
bei 2 cores haben 1000 Messungen 1.302828 Sekunden gebraucht
bei 2 cores haben 1000 Messungen 1.217119 Sekunden gebraucht
bei 2 cores haben 1000 Messungen 1.170292 Sekunden gebraucht
bei 2 cores haben 1000 Messungen 1.418671 Sekunden gebraucht
bei 2 cores haben 1000 Messungen 1.362826 Sekunden gebraucht
bei 3 cores haben 1000 Messungen 1.093454 Sekunden gebraucht
bei 3 cores haben 1000 Messungen 1.122146 Sekunden gebraucht
bei 3 cores haben 1000 Messungen 1.021618 Sekunden gebraucht
bei 3 cores haben 1000 Messungen 1.123228 Sekunden gebraucht
bei 3 cores haben 1000 Messungen 1.029281 Sekunden gebraucht
bei 4 cores haben 1000 Messungen 0.967941 Sekunden gebraucht
bei 4 cores haben 1000 Messungen 1.004323 Sekunden gebraucht
bei 4 cores haben 1000 Messungen 0.955343 Sekunden gebraucht
bei 4 cores haben 1000 Messungen 0.946985 Sekunden gebraucht
bei 4 cores haben 1000 Messungen 1.001169 Sekunden gebraucht
bei 5 cores haben 1000 Messungen 1.100507 Sekunden gebraucht
bei 5 cores haben 1000 Messungen 1.159094 Sekunden gebraucht
bei 5 cores haben 1000 Messungen 1.141879 Sekunden gebraucht
bei 5 cores haben 1000 Messungen 1.139442 Sekunden gebraucht
bei 5 cores haben 1000 Messungen 1.012871 Sekunden gebraucht
bei 6 cores haben 1000 Messungen 1.096604 Sekunden gebraucht
bei 6 cores haben 1000 Messungen 1.018638 Sekunden gebraucht
bei 6 cores haben 1000 Messungen 1.103543 Sekunden gebraucht
bei 6 cores haben 1000 Messungen 1.037277 Sekunden gebraucht
bei 6 cores haben 1000 Messungen 1.092911 Sekunden gebraucht
bei 7 cores haben 1000 Messungen 1.129511 Sekunden gebraucht
bei 7 cores haben 1000 Messungen 1.150436 Sekunden gebraucht
bei 7 cores haben 1000 Messungen 1.125044 Sekunden gebraucht
bei 7 cores haben 1000 Messungen 1.143087 Sekunden gebraucht
bei 7 cores haben 1000 Messungen 1.170485 Sekunden gebraucht
bei 8 cores haben 1000 Messungen 1.236812 Sekunden gebraucht
bei 8 cores haben 1000 Messungen 1.127865 Sekunden gebraucht
bei 8 cores haben 1000 Messungen 1.124944 Sekunden gebraucht
bei 8 cores haben 1000 Messungen 1.130336 Sekunden gebraucht
bei 8 cores haben 1000 Messungen 1.136719 Sekunden gebraucht
bei 9 cores haben 1000 Messungen 1.179175 Sekunden gebraucht
bei 9 cores haben 1000 Messungen 1.165280 Sekunden gebraucht
bei 9 cores haben 1000 Messungen 1.187013 Sekunden gebraucht
bei 9 cores haben 1000 Messungen 1.181485 Sekunden gebraucht
bei 9 cores haben 1000 Messungen 1.183865 Sekunden gebraucht
bei 10 cores haben 1000 Messungen 1.218543 Sekunden gebraucht
bei 10 cores haben 1000 Messungen 1.204486 Sekunden gebraucht
bei 10 cores haben 1000 Messungen 1.218565 Sekunden gebraucht
bei 10 cores haben 1000 Messungen 1.177666 Sekunden gebraucht
bei 10 cores haben 1000 Messungen 1.169707 Sekunden gebraucht
bei 11 cores haben 1000 Messungen 1.193199 Sekunden gebraucht
bei 11 cores haben 1000 Messungen 1.192249 Sekunden gebraucht
bei 11 cores haben 1000 Messungen 1.193142 Sekunden gebraucht
bei 11 cores haben 1000 Messungen 1.192010 Sekunden gebraucht
bei 11 cores haben 1000 Messungen 1.191690 Sekunden gebraucht
bei 12 cores haben 1000 Messungen 1.234309 Sekunden gebraucht
bei 12 cores haben 1000 Messungen 1.246396 Sekunden gebraucht
bei 12 cores haben 1000 Messungen 1.231242 Sekunden gebraucht
bei 12 cores haben 1000 Messungen 1.243076 Sekunden gebraucht
bei 12 cores haben 1000 Messungen 1.232836 Sekunden gebraucht
Laenge=500
bei 1 cores haben 1000 Messungen 20.927865 Sekunden gebraucht
bei 1 cores haben 1000 Messungen 21.463374 Sekunden gebraucht
bei 1 cores haben 1000 Messungen 20.840299 Sekunden gebraucht
bei 1 cores haben 1000 Messungen 20.853896 Sekunden gebraucht
bei 1 cores haben 1000 Messungen 20.998064 Sekunden gebraucht
bei 2 cores haben 1000 Messungen 29.332040 Sekunden gebraucht
bei 2 cores haben 1000 Messungen 29.490496 Sekunden gebraucht
bei 2 cores haben 1000 Messungen 29.357124 Sekunden gebraucht
bei 2 cores haben 1000 Messungen 29.349226 Sekunden gebraucht
bei 2 cores haben 1000 Messungen 29.344244 Sekunden gebraucht
bei 3 cores haben 1000 Messungen 24.897043 Sekunden gebraucht
bei 3 cores haben 1000 Messungen 25.138020 Sekunden gebraucht
bei 3 cores haben 1000 Messungen 24.524945 Sekunden gebraucht
bei 3 cores haben 1000 Messungen 24.394292 Sekunden gebraucht
bei 3 cores haben 1000 Messungen 24.662805 Sekunden gebraucht
bei 4 cores haben 1000 Messungen 23.134964 Sekunden gebraucht
bei 4 cores haben 1000 Messungen 22.936914 Sekunden gebraucht
bei 4 cores haben 1000 Messungen 25.621431 Sekunden gebraucht
bei 4 cores haben 1000 Messungen 22.937472 Sekunden gebraucht
bei 4 cores haben 1000 Messungen 23.020660 Sekunden gebraucht
bei 5 cores haben 1000 Messungen 25.280611 Sekunden gebraucht
bei 5 cores haben 1000 Messungen 25.431851 Sekunden gebraucht
bei 5 cores haben 1000 Messungen 25.404413 Sekunden gebraucht
bei 5 cores haben 1000 Messungen 25.441296 Sekunden gebraucht
bei 5 cores haben 1000 Messungen 25.630061 Sekunden gebraucht
bei 6 cores haben 1000 Messungen 23.148416 Sekunden gebraucht
bei 6 cores haben 1000 Messungen 24.615437 Sekunden gebraucht
bei 6 cores haben 1000 Messungen 24.409626 Sekunden gebraucht
bei 6 cores haben 1000 Messungen 24.487789 Sekunden gebraucht
bei 6 cores haben 1000 Messungen 26.952812 Sekunden gebraucht
bei 7 cores haben 1000 Messungen 25.119039 Sekunden gebraucht
bei 7 cores haben 1000 Messungen 25.681113 Sekunden gebraucht
bei 7 cores haben 1000 Messungen 25.846762 Sekunden gebraucht
bei 7 cores haben 1000 Messungen 26.255990 Sekunden gebraucht
bei 7 cores haben 1000 Messungen 26.869618 Sekunden gebraucht
bei 8 cores haben 1000 Messungen 26.104805 Sekunden gebraucht
bei 8 cores haben 1000 Messungen 26.146577 Sekunden gebraucht
bei 8 cores haben 1000 Messungen 26.318620 Sekunden gebraucht
bei 8 cores haben 1000 Messungen 26.397417 Sekunden gebraucht
bei 8 cores haben 1000 Messungen 27.124174 Sekunden gebraucht
bei 9 cores haben 1000 Messungen 26.665674 Sekunden gebraucht
bei 9 cores haben 1000 Messungen 26.845101 Sekunden gebraucht
bei 9 cores haben 1000 Messungen 26.724551 Sekunden gebraucht
bei 9 cores haben 1000 Messungen 26.806263 Sekunden gebraucht
bei 9 cores haben 1000 Messungen 26.703156 Sekunden gebraucht
bei 10 cores haben 1000 Messungen 27.251642 Sekunden gebraucht
bei 10 cores haben 1000 Messungen 27.426148 Sekunden gebraucht
bei 10 cores haben 1000 Messungen 27.412929 Sekunden gebraucht
bei 10 cores haben 1000 Messungen 27.393807 Sekunden gebraucht
bei 10 cores haben 1000 Messungen 27.520254 Sekunden gebraucht
bei 11 cores haben 1000 Messungen 27.346307 Sekunden gebraucht
bei 11 cores haben 1000 Messungen 27.412074 Sekunden gebraucht
bei 11 cores haben 1000 Messungen 27.306415 Sekunden gebraucht
bei 11 cores haben 1000 Messungen 27.280271 Sekunden gebraucht
bei 11 cores haben 1000 Messungen 27.207556 Sekunden gebraucht
bei 12 cores haben 1000 Messungen 27.525400 Sekunden gebraucht
bei 12 cores haben 1000 Messungen 27.552616 Sekunden gebraucht
bei 12 cores haben 1000 Messungen 27.468425 Sekunden gebraucht
bei 12 cores haben 1000 Messungen 27.481954 Sekunden gebraucht
bei 12 cores haben 1000 Messungen 27.455305 Sekunden gebraucht
/hiskp4/gross/bachelorarbeit
