Fri Jun 12 10:06:17 CEST 2020 Waiting for 30 seconds before starting the job to allow the node to settle down
Fri Jun 12 10:06:47 CEST 2020 Waiting done, starting task!
Fri Jun 12 10:06:47 CEST 2020 Waiting for 30 seconds before starting the job to allow the node to settle down
Fri Jun 12 10:07:17 CEST 2020 Waiting done, starting task!
Laenge=10
bei 1 cores haben 1000 Messungen 0.018389 Sekunden gebraucht
bei 1 cores haben 1000 Messungen 0.016034 Sekunden gebraucht
bei 1 cores haben 1000 Messungen 0.014909 Sekunden gebraucht
bei 1 cores haben 1000 Messungen 0.014549 Sekunden gebraucht
bei 1 cores haben 1000 Messungen 0.013828 Sekunden gebraucht
bei 2 cores haben 1000 Messungen 0.026314 Sekunden gebraucht
bei 2 cores haben 1000 Messungen 0.024950 Sekunden gebraucht
bei 2 cores haben 1000 Messungen 0.023598 Sekunden gebraucht
bei 2 cores haben 1000 Messungen 0.022506 Sekunden gebraucht
bei 2 cores haben 1000 Messungen 0.022383 Sekunden gebraucht
bei 3 cores haben 1000 Messungen 0.018847 Sekunden gebraucht
bei 3 cores haben 1000 Messungen 0.018684 Sekunden gebraucht
bei 3 cores haben 1000 Messungen 0.018640 Sekunden gebraucht
bei 3 cores haben 1000 Messungen 0.018673 Sekunden gebraucht
bei 3 cores haben 1000 Messungen 0.018724 Sekunden gebraucht
bei 4 cores haben 1000 Messungen 0.021084 Sekunden gebraucht
bei 4 cores haben 1000 Messungen 0.020923 Sekunden gebraucht
bei 4 cores haben 1000 Messungen 0.020937 Sekunden gebraucht
bei 4 cores haben 1000 Messungen 0.020862 Sekunden gebraucht
bei 4 cores haben 1000 Messungen 0.020775 Sekunden gebraucht
bei 5 cores haben 1000 Messungen 0.019235 Sekunden gebraucht
bei 5 cores haben 1000 Messungen 0.019374 Sekunden gebraucht
bei 5 cores haben 1000 Messungen 0.019437 Sekunden gebraucht
bei 5 cores haben 1000 Messungen 0.017398 Sekunden gebraucht
bei 5 cores haben 1000 Messungen 0.016397 Sekunden gebraucht
bei 6 cores haben 1000 Messungen 0.018201 Sekunden gebraucht
bei 6 cores haben 1000 Messungen 0.017992 Sekunden gebraucht
bei 6 cores haben 1000 Messungen 0.017898 Sekunden gebraucht
bei 6 cores haben 1000 Messungen 0.017713 Sekunden gebraucht
bei 6 cores haben 1000 Messungen 0.017578 Sekunden gebraucht
bei 7 cores haben 1000 Messungen 0.017893 Sekunden gebraucht
bei 7 cores haben 1000 Messungen 0.017811 Sekunden gebraucht
bei 7 cores haben 1000 Messungen 0.018021 Sekunden gebraucht
bei 7 cores haben 1000 Messungen 0.018124 Sekunden gebraucht
bei 7 cores haben 1000 Messungen 0.018111 Sekunden gebraucht
bei 8 cores haben 1000 Messungen 0.021230 Sekunden gebraucht
bei 8 cores haben 1000 Messungen 0.020778 Sekunden gebraucht
bei 8 cores haben 1000 Messungen 0.020694 Sekunden gebraucht
bei 8 cores haben 1000 Messungen 0.021034 Sekunden gebraucht
bei 8 cores haben 1000 Messungen 0.020744 Sekunden gebraucht
bei 9 cores haben 1000 Messungen 0.019985 Sekunden gebraucht
bei 9 cores haben 1000 Messungen 0.019712 Sekunden gebraucht
bei 9 cores haben 1000 Messungen 0.020003 Sekunden gebraucht
bei 9 cores haben 1000 Messungen 0.019644 Sekunden gebraucht
bei 9 cores haben 1000 Messungen 0.019576 Sekunden gebraucht
bei 10 cores haben 1000 Messungen 0.023223 Sekunden gebraucht
bei 10 cores haben 1000 Messungen 0.023084 Sekunden gebraucht
bei 10 cores haben 1000 Messungen 0.022886 Sekunden gebraucht
bei 10 cores haben 1000 Messungen 0.022842 Sekunden gebraucht
bei 10 cores haben 1000 Messungen 0.023946 Sekunden gebraucht
bei 11 cores haben 1000 Messungen 0.019943 Sekunden gebraucht
bei 11 cores haben 1000 Messungen 0.020076 Sekunden gebraucht
bei 11 cores haben 1000 Messungen 0.020114 Sekunden gebraucht
bei 11 cores haben 1000 Messungen 0.020116 Sekunden gebraucht
bei 11 cores haben 1000 Messungen 0.020042 Sekunden gebraucht
bei 12 cores haben 1000 Messungen 0.023688 Sekunden gebraucht
bei 12 cores haben 1000 Messungen 0.023421 Sekunden gebraucht
bei 12 cores haben 1000 Messungen 0.023283 Sekunden gebraucht
bei 12 cores haben 1000 Messungen 0.023247 Sekunden gebraucht
bei 12 cores haben 1000 Messungen 0.023402 Sekunden gebraucht
Laenge=100
bei 1 cores haben 1000 Messungen 0.873565 Sekunden gebraucht
bei 1 cores haben 1000 Messungen 0.871744 Sekunden gebraucht
bei 1 cores haben 1000 Messungen 0.872154 Sekunden gebraucht
bei 1 cores haben 1000 Messungen 0.871896 Sekunden gebraucht
bei 1 cores haben 1000 Messungen 0.872096 Sekunden gebraucht
bei 2 cores haben 1000 Messungen 0.902089 Sekunden gebraucht
bei 2 cores haben 1000 Messungen 0.842544 Sekunden gebraucht
bei 2 cores haben 1000 Messungen 0.855546 Sekunden gebraucht
bei 2 cores haben 1000 Messungen 0.895206 Sekunden gebraucht
bei 2 cores haben 1000 Messungen 0.841052 Sekunden gebraucht
bei 3 cores haben 1000 Messungen 0.716659 Sekunden gebraucht
bei 3 cores haben 1000 Messungen 0.675854 Sekunden gebraucht
bei 3 cores haben 1000 Messungen 0.685730 Sekunden gebraucht
bei 3 cores haben 1000 Messungen 0.678219 Sekunden gebraucht
bei 3 cores haben 1000 Messungen 0.687243 Sekunden gebraucht
bei 4 cores haben 1000 Messungen 0.627233 Sekunden gebraucht
bei 4 cores haben 1000 Messungen 0.648089 Sekunden gebraucht
bei 4 cores haben 1000 Messungen 0.647054 Sekunden gebraucht
bei 4 cores haben 1000 Messungen 0.640706 Sekunden gebraucht
bei 4 cores haben 1000 Messungen 0.642665 Sekunden gebraucht
bei 5 cores haben 1000 Messungen 0.655578 Sekunden gebraucht
bei 5 cores haben 1000 Messungen 0.644650 Sekunden gebraucht
bei 5 cores haben 1000 Messungen 0.651558 Sekunden gebraucht
bei 5 cores haben 1000 Messungen 0.647567 Sekunden gebraucht
bei 5 cores haben 1000 Messungen 0.652542 Sekunden gebraucht
bei 6 cores haben 1000 Messungen 0.608750 Sekunden gebraucht
bei 6 cores haben 1000 Messungen 0.631033 Sekunden gebraucht
bei 6 cores haben 1000 Messungen 0.628313 Sekunden gebraucht
bei 6 cores haben 1000 Messungen 0.641037 Sekunden gebraucht
bei 6 cores haben 1000 Messungen 0.638793 Sekunden gebraucht
bei 7 cores haben 1000 Messungen 0.649517 Sekunden gebraucht
bei 7 cores haben 1000 Messungen 0.666676 Sekunden gebraucht
bei 7 cores haben 1000 Messungen 0.906505 Sekunden gebraucht
bei 7 cores haben 1000 Messungen 0.650119 Sekunden gebraucht
bei 7 cores haben 1000 Messungen 0.661737 Sekunden gebraucht
bei 8 cores haben 1000 Messungen 0.687334 Sekunden gebraucht
bei 8 cores haben 1000 Messungen 0.652840 Sekunden gebraucht
bei 8 cores haben 1000 Messungen 0.677000 Sekunden gebraucht
bei 8 cores haben 1000 Messungen 0.678066 Sekunden gebraucht
bei 8 cores haben 1000 Messungen 0.654671 Sekunden gebraucht
bei 9 cores haben 1000 Messungen 0.672215 Sekunden gebraucht
bei 9 cores haben 1000 Messungen 0.662920 Sekunden gebraucht
bei 9 cores haben 1000 Messungen 0.669769 Sekunden gebraucht
bei 9 cores haben 1000 Messungen 0.667301 Sekunden gebraucht
bei 9 cores haben 1000 Messungen 0.671021 Sekunden gebraucht
bei 10 cores haben 1000 Messungen 0.667405 Sekunden gebraucht
bei 10 cores haben 1000 Messungen 0.661780 Sekunden gebraucht
bei 10 cores haben 1000 Messungen 0.662718 Sekunden gebraucht
bei 10 cores haben 1000 Messungen 0.667675 Sekunden gebraucht
bei 10 cores haben 1000 Messungen 0.685187 Sekunden gebraucht
bei 11 cores haben 1000 Messungen 0.824514 Sekunden gebraucht
bei 11 cores haben 1000 Messungen 0.687865 Sekunden gebraucht
bei 11 cores haben 1000 Messungen 0.683395 Sekunden gebraucht
bei 11 cores haben 1000 Messungen 0.680493 Sekunden gebraucht
bei 11 cores haben 1000 Messungen 0.678655 Sekunden gebraucht
bei 12 cores haben 1000 Messungen 0.704276 Sekunden gebraucht
bei 12 cores haben 1000 Messungen 0.713613 Sekunden gebraucht
bei 12 cores haben 1000 Messungen 0.692797 Sekunden gebraucht
bei 12 cores haben 1000 Messungen 0.692886 Sekunden gebraucht
bei 12 cores haben 1000 Messungen 0.692370 Sekunden gebraucht
Laenge=500
bei 1 cores haben 1000 Messungen 21.802633 Sekunden gebraucht
bei 1 cores haben 1000 Messungen 21.917809 Sekunden gebraucht
bei 1 cores haben 1000 Messungen 22.106049 Sekunden gebraucht
bei 1 cores haben 1000 Messungen 22.158502 Sekunden gebraucht
bei 1 cores haben 1000 Messungen 22.074816 Sekunden gebraucht
bei 2 cores haben 1000 Messungen 20.590097 Sekunden gebraucht
bei 2 cores haben 1000 Messungen 20.520497 Sekunden gebraucht
bei 2 cores haben 1000 Messungen 20.453200 Sekunden gebraucht
bei 2 cores haben 1000 Messungen 20.592052 Sekunden gebraucht
bei 2 cores haben 1000 Messungen 20.535647 Sekunden gebraucht
bei 3 cores haben 1000 Messungen 17.027126 Sekunden gebraucht
bei 3 cores haben 1000 Messungen 17.096920 Sekunden gebraucht
bei 3 cores haben 1000 Messungen 17.242100 Sekunden gebraucht
bei 3 cores haben 1000 Messungen 17.031758 Sekunden gebraucht
bei 3 cores haben 1000 Messungen 17.096586 Sekunden gebraucht
bei 4 cores haben 1000 Messungen 15.765286 Sekunden gebraucht
bei 4 cores haben 1000 Messungen 15.686703 Sekunden gebraucht
bei 4 cores haben 1000 Messungen 15.734201 Sekunden gebraucht
bei 4 cores haben 1000 Messungen 15.681236 Sekunden gebraucht
bei 4 cores haben 1000 Messungen 15.641455 Sekunden gebraucht
bei 5 cores haben 1000 Messungen 16.156738 Sekunden gebraucht
bei 5 cores haben 1000 Messungen 16.213299 Sekunden gebraucht
bei 5 cores haben 1000 Messungen 16.115642 Sekunden gebraucht
bei 5 cores haben 1000 Messungen 16.142547 Sekunden gebraucht
bei 5 cores haben 1000 Messungen 16.069439 Sekunden gebraucht
bei 6 cores haben 1000 Messungen 15.590766 Sekunden gebraucht
bei 6 cores haben 1000 Messungen 16.429687 Sekunden gebraucht
bei 6 cores haben 1000 Messungen 15.551625 Sekunden gebraucht
bei 6 cores haben 1000 Messungen 15.558308 Sekunden gebraucht
bei 6 cores haben 1000 Messungen 16.065780 Sekunden gebraucht
bei 7 cores haben 1000 Messungen 16.213712 Sekunden gebraucht
bei 7 cores haben 1000 Messungen 16.189081 Sekunden gebraucht
bei 7 cores haben 1000 Messungen 16.344642 Sekunden gebraucht
bei 7 cores haben 1000 Messungen 16.212022 Sekunden gebraucht
bei 7 cores haben 1000 Messungen 16.322310 Sekunden gebraucht
bei 8 cores haben 1000 Messungen 16.481132 Sekunden gebraucht
bei 8 cores haben 1000 Messungen 16.655255 Sekunden gebraucht
bei 8 cores haben 1000 Messungen 16.077110 Sekunden gebraucht
bei 8 cores haben 1000 Messungen 15.953725 Sekunden gebraucht
bei 8 cores haben 1000 Messungen 16.114975 Sekunden gebraucht
bei 9 cores haben 1000 Messungen 16.526145 Sekunden gebraucht
bei 9 cores haben 1000 Messungen 16.558780 Sekunden gebraucht
bei 9 cores haben 1000 Messungen 16.561016 Sekunden gebraucht
bei 9 cores haben 1000 Messungen 16.565132 Sekunden gebraucht
bei 9 cores haben 1000 Messungen 16.520987 Sekunden gebraucht
bei 10 cores haben 1000 Messungen 16.911300 Sekunden gebraucht
bei 10 cores haben 1000 Messungen 16.787874 Sekunden gebraucht
bei 10 cores haben 1000 Messungen 16.810512 Sekunden gebraucht
bei 10 cores haben 1000 Messungen 16.930181 Sekunden gebraucht
bei 10 cores haben 1000 Messungen 16.691783 Sekunden gebraucht
bei 11 cores haben 1000 Messungen 16.776453 Sekunden gebraucht
bei 11 cores haben 1000 Messungen 16.713896 Sekunden gebraucht
bei 11 cores haben 1000 Messungen 16.714279 Sekunden gebraucht
bei 11 cores haben 1000 Messungen 16.712359 Sekunden gebraucht
bei 11 cores haben 1000 Messungen 16.612100 Sekunden gebraucht
bei 12 cores haben 1000 Messungen 16.821043 Sekunden gebraucht
bei 12 cores haben 1000 Messungen 16.768059 Sekunden gebraucht
bei 12 cores haben 1000 Messungen 16.805877 Sekunden gebraucht
bei 12 cores haben 1000 Messungen 16.816352 Sekunden gebraucht
bei 12 cores haben 1000 Messungen 16.838920 Sekunden gebraucht
/hiskp4/gross/bachelorarbeit
