Mon Jun 22 16:46:01 CEST 2020 Waiting for 30 seconds before starting the job to allow the node to settle down
Mon Jun 22 16:46:31 CEST 2020 Waiting done, starting task!
Mon Jun 22 16:46:31 CEST 2020 Waiting for 30 seconds before starting the job to allow the node to settle down
Mon Jun 22 16:47:01 CEST 2020 Waiting done, starting task!
Laenge=384
bei 1 cores haben 1000 Messungen 7.905162 Sekunden gebraucht
bei 1 cores haben 1000 Messungen 7.859653 Sekunden gebraucht
bei 1 cores haben 1000 Messungen 7.853801 Sekunden gebraucht
bei 1 cores haben 1000 Messungen 7.856854 Sekunden gebraucht
bei 1 cores haben 1000 Messungen 7.856516 Sekunden gebraucht
bei 2 cores haben 1000 Messungen 9.409200 Sekunden gebraucht
bei 2 cores haben 1000 Messungen 9.391859 Sekunden gebraucht
bei 2 cores haben 1000 Messungen 9.492052 Sekunden gebraucht
bei 2 cores haben 1000 Messungen 9.375576 Sekunden gebraucht
bei 2 cores haben 1000 Messungen 9.437530 Sekunden gebraucht
bei 3 cores haben 1000 Messungen 6.352325 Sekunden gebraucht
bei 3 cores haben 1000 Messungen 5.738871 Sekunden gebraucht
bei 3 cores haben 1000 Messungen 4.792945 Sekunden gebraucht
bei 3 cores haben 1000 Messungen 5.720918 Sekunden gebraucht
bei 3 cores haben 1000 Messungen 5.944128 Sekunden gebraucht
bei 4 cores haben 1000 Messungen 4.714899 Sekunden gebraucht
bei 4 cores haben 1000 Messungen 4.747571 Sekunden gebraucht
bei 4 cores haben 1000 Messungen 4.832446 Sekunden gebraucht
bei 4 cores haben 1000 Messungen 4.884608 Sekunden gebraucht
bei 4 cores haben 1000 Messungen 4.812390 Sekunden gebraucht
bei 5 cores haben 1000 Messungen 3.329299 Sekunden gebraucht
bei 5 cores haben 1000 Messungen 3.975575 Sekunden gebraucht
bei 5 cores haben 1000 Messungen 4.419359 Sekunden gebraucht
bei 5 cores haben 1000 Messungen 4.454244 Sekunden gebraucht
bei 5 cores haben 1000 Messungen 4.444732 Sekunden gebraucht
bei 6 cores haben 1000 Messungen 3.744805 Sekunden gebraucht
bei 6 cores haben 1000 Messungen 4.033123 Sekunden gebraucht
bei 6 cores haben 1000 Messungen 4.073167 Sekunden gebraucht
bei 6 cores haben 1000 Messungen 4.129919 Sekunden gebraucht
bei 6 cores haben 1000 Messungen 4.096149 Sekunden gebraucht
bei 7 cores haben 1000 Messungen 3.558501 Sekunden gebraucht
bei 7 cores haben 1000 Messungen 3.492028 Sekunden gebraucht
bei 7 cores haben 1000 Messungen 2.625159 Sekunden gebraucht
bei 7 cores haben 1000 Messungen 3.366021 Sekunden gebraucht
bei 7 cores haben 1000 Messungen 3.006924 Sekunden gebraucht
bei 8 cores haben 1000 Messungen 3.131895 Sekunden gebraucht
bei 8 cores haben 1000 Messungen 3.085257 Sekunden gebraucht
bei 8 cores haben 1000 Messungen 3.058439 Sekunden gebraucht
bei 8 cores haben 1000 Messungen 2.820647 Sekunden gebraucht
bei 8 cores haben 1000 Messungen 2.847745 Sekunden gebraucht
bei 9 cores haben 1000 Messungen 2.713993 Sekunden gebraucht
bei 9 cores haben 1000 Messungen 2.959529 Sekunden gebraucht
bei 9 cores haben 1000 Messungen 2.657874 Sekunden gebraucht
bei 9 cores haben 1000 Messungen 2.774504 Sekunden gebraucht
bei 9 cores haben 1000 Messungen 2.962625 Sekunden gebraucht
bei 10 cores haben 1000 Messungen 2.760623 Sekunden gebraucht
bei 10 cores haben 1000 Messungen 2.734570 Sekunden gebraucht
bei 10 cores haben 1000 Messungen 2.793945 Sekunden gebraucht
bei 10 cores haben 1000 Messungen 2.679487 Sekunden gebraucht
bei 10 cores haben 1000 Messungen 2.695411 Sekunden gebraucht
bei 11 cores haben 1000 Messungen 2.566504 Sekunden gebraucht
bei 11 cores haben 1000 Messungen 2.459179 Sekunden gebraucht
bei 11 cores haben 1000 Messungen 2.498205 Sekunden gebraucht
bei 11 cores haben 1000 Messungen 2.717633 Sekunden gebraucht
bei 11 cores haben 1000 Messungen 2.640223 Sekunden gebraucht
bei 12 cores haben 1000 Messungen 2.442100 Sekunden gebraucht
bei 12 cores haben 1000 Messungen 2.411697 Sekunden gebraucht
bei 12 cores haben 1000 Messungen 2.412085 Sekunden gebraucht
bei 12 cores haben 1000 Messungen 2.421328 Sekunden gebraucht
bei 12 cores haben 1000 Messungen 2.425580 Sekunden gebraucht
/hiskp4/gross/bachelorarbeit
