Thu Jun 25 12:08:19 CEST 2020 Waiting for 30 seconds before starting the job to allow the node to settle down
Thu Jun 25 12:08:49 CEST 2020 Waiting done, starting task!
Thu Jun 25 12:08:50 CEST 2020 Waiting for 30 seconds before starting the job to allow the node to settle down
Thu Jun 25 12:09:20 CEST 2020 Waiting done, starting task!
Laenge=100	Temperatur=4.500000
bei 1 cores haben 1000 Messungen 0.645500 Sekunden gebraucht
bei 1 cores haben 1000 Messungen 0.638496 Sekunden gebraucht
bei 1 cores haben 1000 Messungen 0.637048 Sekunden gebraucht
bei 1 cores haben 1000 Messungen 0.637347 Sekunden gebraucht
bei 1 cores haben 1000 Messungen 0.637634 Sekunden gebraucht
bei 2 cores haben 1000 Messungen 0.790867 Sekunden gebraucht
bei 2 cores haben 1000 Messungen 0.757466 Sekunden gebraucht
bei 2 cores haben 1000 Messungen 0.791768 Sekunden gebraucht
bei 2 cores haben 1000 Messungen 0.702920 Sekunden gebraucht
bei 2 cores haben 1000 Messungen 0.747651 Sekunden gebraucht
bei 3 cores haben 1000 Messungen 0.520608 Sekunden gebraucht
bei 3 cores haben 1000 Messungen 0.457343 Sekunden gebraucht
bei 3 cores haben 1000 Messungen 0.440245 Sekunden gebraucht
bei 3 cores haben 1000 Messungen 0.499600 Sekunden gebraucht
bei 3 cores haben 1000 Messungen 0.494560 Sekunden gebraucht
bei 4 cores haben 1000 Messungen 0.384339 Sekunden gebraucht
bei 4 cores haben 1000 Messungen 0.387113 Sekunden gebraucht
bei 4 cores haben 1000 Messungen 0.391400 Sekunden gebraucht
bei 4 cores haben 1000 Messungen 0.379429 Sekunden gebraucht
bei 4 cores haben 1000 Messungen 0.380073 Sekunden gebraucht
bei 5 cores haben 1000 Messungen 0.339108 Sekunden gebraucht
bei 5 cores haben 1000 Messungen 0.354962 Sekunden gebraucht
bei 5 cores haben 1000 Messungen 0.352856 Sekunden gebraucht
bei 5 cores haben 1000 Messungen 0.350759 Sekunden gebraucht
bei 5 cores haben 1000 Messungen 0.357084 Sekunden gebraucht
bei 6 cores haben 1000 Messungen 0.290519 Sekunden gebraucht
bei 6 cores haben 1000 Messungen 0.306962 Sekunden gebraucht
bei 6 cores haben 1000 Messungen 0.326877 Sekunden gebraucht
bei 6 cores haben 1000 Messungen 0.322300 Sekunden gebraucht
bei 6 cores haben 1000 Messungen 0.289664 Sekunden gebraucht
bei 7 cores haben 1000 Messungen 0.236640 Sekunden gebraucht
bei 7 cores haben 1000 Messungen 0.252654 Sekunden gebraucht
bei 7 cores haben 1000 Messungen 0.255362 Sekunden gebraucht
bei 7 cores haben 1000 Messungen 0.255759 Sekunden gebraucht
bei 7 cores haben 1000 Messungen 0.256086 Sekunden gebraucht
bei 8 cores haben 1000 Messungen 0.230076 Sekunden gebraucht
bei 8 cores haben 1000 Messungen 0.228213 Sekunden gebraucht
bei 8 cores haben 1000 Messungen 0.228145 Sekunden gebraucht
bei 8 cores haben 1000 Messungen 0.228666 Sekunden gebraucht
bei 8 cores haben 1000 Messungen 0.228159 Sekunden gebraucht
bei 9 cores haben 1000 Messungen 0.219228 Sekunden gebraucht
bei 9 cores haben 1000 Messungen 0.220215 Sekunden gebraucht
bei 9 cores haben 1000 Messungen 0.221576 Sekunden gebraucht
bei 9 cores haben 1000 Messungen 0.220446 Sekunden gebraucht
bei 9 cores haben 1000 Messungen 0.219812 Sekunden gebraucht
bei 10 cores haben 1000 Messungen 0.207861 Sekunden gebraucht
bei 10 cores haben 1000 Messungen 0.208526 Sekunden gebraucht
bei 10 cores haben 1000 Messungen 0.207493 Sekunden gebraucht
bei 10 cores haben 1000 Messungen 0.211840 Sekunden gebraucht
bei 10 cores haben 1000 Messungen 0.234036 Sekunden gebraucht
bei 11 cores haben 1000 Messungen 0.214781 Sekunden gebraucht
bei 11 cores haben 1000 Messungen 0.212540 Sekunden gebraucht
bei 11 cores haben 1000 Messungen 0.199793 Sekunden gebraucht
bei 11 cores haben 1000 Messungen 0.195688 Sekunden gebraucht
bei 11 cores haben 1000 Messungen 0.198140 Sekunden gebraucht
bei 12 cores haben 1000 Messungen 0.185684 Sekunden gebraucht
bei 12 cores haben 1000 Messungen 0.186872 Sekunden gebraucht
bei 12 cores haben 1000 Messungen 0.185867 Sekunden gebraucht
bei 12 cores haben 1000 Messungen 0.186027 Sekunden gebraucht
bei 12 cores haben 1000 Messungen 0.185738 Sekunden gebraucht
/hiskp4/gross/bachelorarbeit
