Tue Jul 21 18:16:25 CEST 2020 Waiting for 30 seconds before starting the job to allow the node to settle down
Tue Jul 21 18:16:55 CEST 2020 Waiting done, starting task!
144 1
Tue Jul 21 18:16:56 CEST 2020 Waiting for 30 seconds before starting the job to allow the node to settle down
Tue Jul 21 18:17:26 CEST 2020 Waiting done, starting task!
3 0
144
144 2
Tue Jul 21 18:17:37 CEST 2020 Waiting for 30 seconds before starting the job to allow the node to settle down
Tue Jul 21 18:17:37 CEST 2020 Waiting for 30 seconds before starting the job to allow the node to settle down
Tue Jul 21 18:18:07 CEST 2020 Waiting done, starting task!
Tue Jul 21 18:18:07 CEST 2020 Waiting done, starting task!
3 0
3 1
144
144 3
Tue Jul 21 18:18:14 CEST 2020 Waiting for 30 seconds before starting the job to allow the node to settle down
Tue Jul 21 18:18:14 CEST 2020 Waiting for 30 seconds before starting the job to allow the node to settle down
Tue Jul 21 18:18:14 CEST 2020 Waiting for 30 seconds before starting the job to allow the node to settle down
Tue Jul 21 18:18:44 CEST 2020 Waiting done, starting task!
Tue Jul 21 18:18:44 CEST 2020 Waiting done, starting task!
Tue Jul 21 18:18:44 CEST 2020 Waiting done, starting task!
3 0
3 2
3 1
144
144 4
Tue Jul 21 18:18:49 CEST 2020 Waiting for 30 seconds before starting the job to allow the node to settle down
Tue Jul 21 18:18:49 CEST 2020 Waiting for 30 seconds before starting the job to allow the node to settle down
Tue Jul 21 18:18:49 CEST 2020 Waiting for 30 seconds before starting the job to allow the node to settle down
Tue Jul 21 18:18:49 CEST 2020 Waiting for 30 seconds before starting the job to allow the node to settle down
Tue Jul 21 18:19:19 CEST 2020 Waiting done, starting task!
Tue Jul 21 18:19:19 CEST 2020 Waiting done, starting task!
Tue Jul 21 18:19:19 CEST 2020 Waiting done, starting task!
Tue Jul 21 18:19:19 CEST 2020 Waiting done, starting task!
3 0
3 1
3 2
3 3
144
144 6
Tue Jul 21 18:19:23 CEST 2020 Waiting for 30 seconds before starting the job to allow the node to settle down
Tue Jul 21 18:19:23 CEST 2020 Waiting for 30 seconds before starting the job to allow the node to settle down
Tue Jul 21 18:19:23 CEST 2020 Waiting for 30 seconds before starting the job to allow the node to settle down
Tue Jul 21 18:19:23 CEST 2020 Waiting for 30 seconds before starting the job to allow the node to settle down
Tue Jul 21 18:19:23 CEST 2020 Waiting for 30 seconds before starting the job to allow the node to settle down
Tue Jul 21 18:19:23 CEST 2020 Waiting for 30 seconds before starting the job to allow the node to settle down
Tue Jul 21 18:19:53 CEST 2020 Waiting done, starting task!
Tue Jul 21 18:19:53 CEST 2020 Waiting done, starting task!
Tue Jul 21 18:19:53 CEST 2020 Waiting done, starting task!
Tue Jul 21 18:19:53 CEST 2020 Waiting done, starting task!
Tue Jul 21 18:19:53 CEST 2020 Waiting done, starting task!
Tue Jul 21 18:19:53 CEST 2020 Waiting done, starting task!
3 0
3 1
3 3
3 4
3 5
3 2
144
144 8
Tue Jul 21 18:19:56 CEST 2020 Waiting for 30 seconds before starting the job to allow the node to settle down
Tue Jul 21 18:19:56 CEST 2020 Waiting for 30 seconds before starting the job to allow the node to settle down
Tue Jul 21 18:19:56 CEST 2020 Waiting for 30 seconds before starting the job to allow the node to settle down
Tue Jul 21 18:19:56 CEST 2020 Waiting for 30 seconds before starting the job to allow the node to settle down
Tue Jul 21 18:19:56 CEST 2020 Waiting for 30 seconds before starting the job to allow the node to settle down
Tue Jul 21 18:19:56 CEST 2020 Waiting for 30 seconds before starting the job to allow the node to settle down
Tue Jul 21 18:19:56 CEST 2020 Waiting for 30 seconds before starting the job to allow the node to settle down
Tue Jul 21 18:19:56 CEST 2020 Waiting for 30 seconds before starting the job to allow the node to settle down
Tue Jul 21 18:20:26 CEST 2020 Waiting done, starting task!
Tue Jul 21 18:20:26 CEST 2020 Waiting done, starting task!
Tue Jul 21 18:20:26 CEST 2020 Waiting done, starting task!
Tue Jul 21 18:20:26 CEST 2020 Waiting done, starting task!
Tue Jul 21 18:20:26 CEST 2020 Waiting done, starting task!
Tue Jul 21 18:20:26 CEST 2020 Waiting done, starting task!
Tue Jul 21 18:20:26 CEST 2020 Waiting done, starting task!
Tue Jul 21 18:20:26 CEST 2020 Waiting done, starting task!
3 6
3 1
3 0
3 7
3 4
3 5
3 2
3 3
144
144 9
Tue Jul 21 18:20:29 CEST 2020 Waiting for 30 seconds before starting the job to allow the node to settle down
Tue Jul 21 18:20:29 CEST 2020 Waiting for 30 seconds before starting the job to allow the node to settle down
Tue Jul 21 18:20:29 CEST 2020 Waiting for 30 seconds before starting the job to allow the node to settle down
Tue Jul 21 18:20:29 CEST 2020 Waiting for 30 seconds before starting the job to allow the node to settle down
Tue Jul 21 18:20:29 CEST 2020 Waiting for 30 seconds before starting the job to allow the node to settle down
Tue Jul 21 18:20:29 CEST 2020 Waiting for 30 seconds before starting the job to allow the node to settle down
Tue Jul 21 18:20:29 CEST 2020 Waiting for 30 seconds before starting the job to allow the node to settle down
Tue Jul 21 18:20:29 CEST 2020 Waiting for 30 seconds before starting the job to allow the node to settle down
Tue Jul 21 18:20:29 CEST 2020 Waiting for 30 seconds before starting the job to allow the node to settle down
Tue Jul 21 18:20:59 CEST 2020 Waiting done, starting task!
Tue Jul 21 18:20:59 CEST 2020 Waiting done, starting task!
Tue Jul 21 18:20:59 CEST 2020 Waiting done, starting task!
Tue Jul 21 18:20:59 CEST 2020 Waiting done, starting task!
Tue Jul 21 18:20:59 CEST 2020 Waiting done, starting task!
Tue Jul 21 18:20:59 CEST 2020 Waiting done, starting task!
Tue Jul 21 18:20:59 CEST 2020 Waiting done, starting task!
Tue Jul 21 18:20:59 CEST 2020 Waiting done, starting task!
Tue Jul 21 18:20:59 CEST 2020 Waiting done, starting task!
3 1
3 0
3 7
3 6
3 2
3 3
3 8
3 4
3 5
144
144 12
Tue Jul 21 18:21:02 CEST 2020 Waiting for 30 seconds before starting the job to allow the node to settle down
Tue Jul 21 18:21:02 CEST 2020 Waiting for 30 seconds before starting the job to allow the node to settle down
Tue Jul 21 18:21:02 CEST 2020 Waiting for 30 seconds before starting the job to allow the node to settle down
Tue Jul 21 18:21:02 CEST 2020 Waiting for 30 seconds before starting the job to allow the node to settle down
Tue Jul 21 18:21:02 CEST 2020 Waiting for 30 seconds before starting the job to allow the node to settle down
Tue Jul 21 18:21:02 CEST 2020 Waiting for 30 seconds before starting the job to allow the node to settle down
Tue Jul 21 18:21:02 CEST 2020 Waiting for 30 seconds before starting the job to allow the node to settle down
Tue Jul 21 18:21:02 CEST 2020 Waiting for 30 seconds before starting the job to allow the node to settle down
Tue Jul 21 18:21:02 CEST 2020 Waiting for 30 seconds before starting the job to allow the node to settle down
Tue Jul 21 18:21:02 CEST 2020 Waiting for 30 seconds before starting the job to allow the node to settle down
Tue Jul 21 18:21:02 CEST 2020 Waiting for 30 seconds before starting the job to allow the node to settle down
Tue Jul 21 18:21:02 CEST 2020 Waiting for 30 seconds before starting the job to allow the node to settle down
Tue Jul 21 18:21:32 CEST 2020 Waiting done, starting task!
Tue Jul 21 18:21:32 CEST 2020 Waiting done, starting task!
Tue Jul 21 18:21:32 CEST 2020 Waiting done, starting task!
Tue Jul 21 18:21:32 CEST 2020 Waiting done, starting task!
Tue Jul 21 18:21:32 CEST 2020 Waiting done, starting task!
Tue Jul 21 18:21:32 CEST 2020 Waiting done, starting task!
Tue Jul 21 18:21:32 CEST 2020 Waiting done, starting task!
Tue Jul 21 18:21:32 CEST 2020 Waiting done, starting task!
Tue Jul 21 18:21:32 CEST 2020 Waiting done, starting task!
Tue Jul 21 18:21:32 CEST 2020 Waiting done, starting task!
Tue Jul 21 18:21:32 CEST 2020 Waiting done, starting task!
Tue Jul 21 18:21:32 CEST 2020 Waiting done, starting task!
3 0
3 6
3 2
3 7
3 10
3 1
3 11
3 4
3 5
3 3
3 8
3 9
144
144 16
Tue Jul 21 18:21:35 CEST 2020 Waiting for 30 seconds before starting the job to allow the node to settle down
Tue Jul 21 18:21:35 CEST 2020 Waiting for 30 seconds before starting the job to allow the node to settle down
Tue Jul 21 18:21:35 CEST 2020 Waiting for 30 seconds before starting the job to allow the node to settle down
Tue Jul 21 18:21:35 CEST 2020 Waiting for 30 seconds before starting the job to allow the node to settle down
Tue Jul 21 18:21:35 CEST 2020 Waiting for 30 seconds before starting the job to allow the node to settle down
Tue Jul 21 18:21:35 CEST 2020 Waiting for 30 seconds before starting the job to allow the node to settle down
Tue Jul 21 18:21:35 CEST 2020 Waiting for 30 seconds before starting the job to allow the node to settle down
Tue Jul 21 18:21:35 CEST 2020 Waiting for 30 seconds before starting the job to allow the node to settle down
Tue Jul 21 18:21:35 CEST 2020 Waiting for 30 seconds before starting the job to allow the node to settle down
Tue Jul 21 18:21:35 CEST 2020 Waiting for 30 seconds before starting the job to allow the node to settle down
Tue Jul 21 18:21:35 CEST 2020 Waiting for 30 seconds before starting the job to allow the node to settle down
Tue Jul 21 18:21:35 CEST 2020 Waiting for 30 seconds before starting the job to allow the node to settle down
Tue Jul 21 18:21:35 CEST 2020 Waiting for 30 seconds before starting the job to allow the node to settle down
Tue Jul 21 18:21:35 CEST 2020 Waiting for 30 seconds before starting the job to allow the node to settle down
Tue Jul 21 18:21:35 CEST 2020 Waiting for 30 seconds before starting the job to allow the node to settle down
Tue Jul 21 18:21:35 CEST 2020 Waiting for 30 seconds before starting the job to allow the node to settle down
Tue Jul 21 18:22:05 CEST 2020 Waiting done, starting task!
Tue Jul 21 18:22:05 CEST 2020 Waiting done, starting task!
Tue Jul 21 18:22:05 CEST 2020 Waiting done, starting task!
Tue Jul 21 18:22:05 CEST 2020 Waiting done, starting task!
Tue Jul 21 18:22:05 CEST 2020 Waiting done, starting task!
Tue Jul 21 18:22:05 CEST 2020 Waiting done, starting task!
Tue Jul 21 18:22:05 CEST 2020 Waiting done, starting task!
Tue Jul 21 18:22:05 CEST 2020 Waiting done, starting task!
Tue Jul 21 18:22:05 CEST 2020 Waiting done, starting task!
Tue Jul 21 18:22:05 CEST 2020 Waiting done, starting task!
Tue Jul 21 18:22:05 CEST 2020 Waiting done, starting task!
Tue Jul 21 18:22:05 CEST 2020 Waiting done, starting task!
Tue Jul 21 18:22:05 CEST 2020 Waiting done, starting task!
Tue Jul 21 18:22:05 CEST 2020 Waiting done, starting task!
Tue Jul 21 18:22:05 CEST 2020 Waiting done, starting task!
Tue Jul 21 18:22:05 CEST 2020 Waiting done, starting task!
3 1
3 2
3 3
3 11
3 13
3 14
3 15
3 0
3 7
3 8
3 9
3 6
3 4
3 10
3 5
3 12
144
144 18
Tue Jul 21 18:22:09 CEST 2020 Waiting for 30 seconds before starting the job to allow the node to settle down
Tue Jul 21 18:22:09 CEST 2020 Waiting for 30 seconds before starting the job to allow the node to settle down
Tue Jul 21 18:22:09 CEST 2020 Waiting for 30 seconds before starting the job to allow the node to settle down
Tue Jul 21 18:22:09 CEST 2020 Waiting for 30 seconds before starting the job to allow the node to settle down
Tue Jul 21 18:22:09 CEST 2020 Waiting for 30 seconds before starting the job to allow the node to settle down
Tue Jul 21 18:22:09 CEST 2020 Waiting for 30 seconds before starting the job to allow the node to settle down
Tue Jul 21 18:22:09 CEST 2020 Waiting for 30 seconds before starting the job to allow the node to settle down
Tue Jul 21 18:22:09 CEST 2020 Waiting for 30 seconds before starting the job to allow the node to settle down
Tue Jul 21 18:22:09 CEST 2020 Waiting for 30 seconds before starting the job to allow the node to settle down
Tue Jul 21 18:22:09 CEST 2020 Waiting for 30 seconds before starting the job to allow the node to settle down
Tue Jul 21 18:22:09 CEST 2020 Waiting for 30 seconds before starting the job to allow the node to settle down
Tue Jul 21 18:22:09 CEST 2020 Waiting for 30 seconds before starting the job to allow the node to settle down
Tue Jul 21 18:22:09 CEST 2020 Waiting for 30 seconds before starting the job to allow the node to settle down
Tue Jul 21 18:22:09 CEST 2020 Waiting for 30 seconds before starting the job to allow the node to settle down
Tue Jul 21 18:22:09 CEST 2020 Waiting for 30 seconds before starting the job to allow the node to settle down
Tue Jul 21 18:22:09 CEST 2020 Waiting for 30 seconds before starting the job to allow the node to settle down
Tue Jul 21 18:22:09 CEST 2020 Waiting for 30 seconds before starting the job to allow the node to settle down
Tue Jul 21 18:22:09 CEST 2020 Waiting for 30 seconds before starting the job to allow the node to settle down
Tue Jul 21 18:22:39 CEST 2020 Waiting done, starting task!
Tue Jul 21 18:22:39 CEST 2020 Waiting done, starting task!
Tue Jul 21 18:22:39 CEST 2020 Waiting done, starting task!
Tue Jul 21 18:22:39 CEST 2020 Waiting done, starting task!
Tue Jul 21 18:22:39 CEST 2020 Waiting done, starting task!
Tue Jul 21 18:22:39 CEST 2020 Waiting done, starting task!
Tue Jul 21 18:22:39 CEST 2020 Waiting done, starting task!
Tue Jul 21 18:22:39 CEST 2020 Waiting done, starting task!
Tue Jul 21 18:22:39 CEST 2020 Waiting done, starting task!
Tue Jul 21 18:22:39 CEST 2020 Waiting done, starting task!
Tue Jul 21 18:22:39 CEST 2020 Waiting done, starting task!
Tue Jul 21 18:22:39 CEST 2020 Waiting done, starting task!
Tue Jul 21 18:22:39 CEST 2020 Waiting done, starting task!
Tue Jul 21 18:22:39 CEST 2020 Waiting done, starting task!
Tue Jul 21 18:22:39 CEST 2020 Waiting done, starting task!
Tue Jul 21 18:22:39 CEST 2020 Waiting done, starting task!
Tue Jul 21 18:22:39 CEST 2020 Waiting done, starting task!
Tue Jul 21 18:22:39 CEST 2020 Waiting done, starting task!
3 2
3 0
3 15
3 17
3 5
3 3
3 9
3 16
3 12
3 13
3 14
3 8
3 10
3 6
3 11
3 7
3 1
3 4
144
/hiskp4/gross/bachelorarbeit
