Wed Jun  3 11:34:32 CEST 2020 Waiting for 30 seconds before starting the job to allow the node to settle down
Wed Jun  3 11:35:02 CEST 2020 Waiting done, starting task!
Wed Jun  3 11:35:02 CEST 2020 Waiting for 30 seconds before starting the job to allow the node to settle down
Wed Jun  3 11:35:32 CEST 2020 Waiting done, starting task!
Laenge=10
bei 1 cores haben 1000 Messungen 0.022670 Sekunden gebraucht
bei 2 cores haben 1000 Messungen 0.014447 Sekunden gebraucht
bei 3 cores haben 1000 Messungen 0.012920 Sekunden gebraucht
bei 4 cores haben 1000 Messungen 0.012780 Sekunden gebraucht
bei 5 cores haben 1000 Messungen 0.012627 Sekunden gebraucht
bei 1 cores haben 1000 Messungen 0.016592 Sekunden gebraucht
bei 2 cores haben 1000 Messungen 0.013288 Sekunden gebraucht
bei 3 cores haben 1000 Messungen 0.012554 Sekunden gebraucht
bei 4 cores haben 1000 Messungen 0.012997 Sekunden gebraucht
bei 5 cores haben 1000 Messungen 0.014106 Sekunden gebraucht
bei 1 cores haben 1000 Messungen 0.017274 Sekunden gebraucht
bei 2 cores haben 1000 Messungen 0.012892 Sekunden gebraucht
bei 3 cores haben 1000 Messungen 0.013292 Sekunden gebraucht
bei 4 cores haben 1000 Messungen 0.012759 Sekunden gebraucht
bei 5 cores haben 1000 Messungen 0.013533 Sekunden gebraucht
bei 1 cores haben 1000 Messungen 0.016413 Sekunden gebraucht
bei 2 cores haben 1000 Messungen 0.013185 Sekunden gebraucht
bei 3 cores haben 1000 Messungen 0.012994 Sekunden gebraucht
bei 4 cores haben 1000 Messungen 0.014144 Sekunden gebraucht
bei 5 cores haben 1000 Messungen 0.018516 Sekunden gebraucht
bei 1 cores haben 1000 Messungen 0.016990 Sekunden gebraucht
bei 2 cores haben 1000 Messungen 0.012967 Sekunden gebraucht
bei 3 cores haben 1000 Messungen 0.012873 Sekunden gebraucht
bei 4 cores haben 1000 Messungen 0.013173 Sekunden gebraucht
bei 5 cores haben 1000 Messungen 0.013737 Sekunden gebraucht
bei 1 cores haben 1000 Messungen 0.017476 Sekunden gebraucht
bei 2 cores haben 1000 Messungen 0.013326 Sekunden gebraucht
bei 3 cores haben 1000 Messungen 0.012586 Sekunden gebraucht
bei 4 cores haben 1000 Messungen 0.013804 Sekunden gebraucht
bei 5 cores haben 1000 Messungen 0.013107 Sekunden gebraucht
bei 1 cores haben 1000 Messungen 0.017439 Sekunden gebraucht
bei 2 cores haben 1000 Messungen 0.012877 Sekunden gebraucht
bei 3 cores haben 1000 Messungen 0.012554 Sekunden gebraucht
bei 4 cores haben 1000 Messungen 0.013240 Sekunden gebraucht
bei 5 cores haben 1000 Messungen 0.012565 Sekunden gebraucht
bei 1 cores haben 1000 Messungen 0.015302 Sekunden gebraucht
bei 2 cores haben 1000 Messungen 0.011738 Sekunden gebraucht
bei 3 cores haben 1000 Messungen 0.010844 Sekunden gebraucht
bei 4 cores haben 1000 Messungen 0.011497 Sekunden gebraucht
bei 5 cores haben 1000 Messungen 0.010774 Sekunden gebraucht
bei 1 cores haben 1000 Messungen 0.013489 Sekunden gebraucht
bei 2 cores haben 1000 Messungen 0.010230 Sekunden gebraucht
bei 3 cores haben 1000 Messungen 0.009357 Sekunden gebraucht
bei 4 cores haben 1000 Messungen 0.010599 Sekunden gebraucht
bei 5 cores haben 1000 Messungen 0.010351 Sekunden gebraucht
bei 1 cores haben 1000 Messungen 0.012838 Sekunden gebraucht
bei 2 cores haben 1000 Messungen 0.010548 Sekunden gebraucht
bei 3 cores haben 1000 Messungen 0.009689 Sekunden gebraucht
bei 4 cores haben 1000 Messungen 0.011193 Sekunden gebraucht
bei 5 cores haben 1000 Messungen 0.010413 Sekunden gebraucht
Laenge=50
bei 1 cores haben 1000 Messungen 0.250497 Sekunden gebraucht
bei 2 cores haben 1000 Messungen 0.191896 Sekunden gebraucht
bei 3 cores haben 1000 Messungen 0.106423 Sekunden gebraucht
bei 4 cores haben 1000 Messungen 0.097001 Sekunden gebraucht
bei 5 cores haben 1000 Messungen 0.082428 Sekunden gebraucht
bei 1 cores haben 1000 Messungen 0.249558 Sekunden gebraucht
bei 2 cores haben 1000 Messungen 0.138472 Sekunden gebraucht
bei 3 cores haben 1000 Messungen 0.105635 Sekunden gebraucht
bei 4 cores haben 1000 Messungen 0.093093 Sekunden gebraucht
bei 5 cores haben 1000 Messungen 0.079375 Sekunden gebraucht
bei 1 cores haben 1000 Messungen 0.247852 Sekunden gebraucht
bei 2 cores haben 1000 Messungen 0.187633 Sekunden gebraucht
bei 3 cores haben 1000 Messungen 0.104884 Sekunden gebraucht
bei 4 cores haben 1000 Messungen 0.092764 Sekunden gebraucht
bei 5 cores haben 1000 Messungen 0.079173 Sekunden gebraucht
bei 1 cores haben 1000 Messungen 0.249379 Sekunden gebraucht
bei 2 cores haben 1000 Messungen 0.146839 Sekunden gebraucht
bei 3 cores haben 1000 Messungen 0.110928 Sekunden gebraucht
bei 4 cores haben 1000 Messungen 0.092553 Sekunden gebraucht
bei 5 cores haben 1000 Messungen 0.079693 Sekunden gebraucht
bei 1 cores haben 1000 Messungen 0.252197 Sekunden gebraucht
bei 2 cores haben 1000 Messungen 0.197088 Sekunden gebraucht
bei 3 cores haben 1000 Messungen 0.104977 Sekunden gebraucht
bei 4 cores haben 1000 Messungen 0.092264 Sekunden gebraucht
bei 5 cores haben 1000 Messungen 0.079648 Sekunden gebraucht
bei 1 cores haben 1000 Messungen 0.250840 Sekunden gebraucht
bei 2 cores haben 1000 Messungen 0.191823 Sekunden gebraucht
bei 3 cores haben 1000 Messungen 0.104332 Sekunden gebraucht
bei 4 cores haben 1000 Messungen 0.092953 Sekunden gebraucht
bei 5 cores haben 1000 Messungen 0.079519 Sekunden gebraucht
bei 1 cores haben 1000 Messungen 0.249472 Sekunden gebraucht
bei 2 cores haben 1000 Messungen 0.141349 Sekunden gebraucht
bei 3 cores haben 1000 Messungen 0.104492 Sekunden gebraucht
bei 4 cores haben 1000 Messungen 0.092635 Sekunden gebraucht
bei 5 cores haben 1000 Messungen 0.078939 Sekunden gebraucht
bei 1 cores haben 1000 Messungen 0.248996 Sekunden gebraucht
bei 2 cores haben 1000 Messungen 0.139121 Sekunden gebraucht
bei 3 cores haben 1000 Messungen 0.105788 Sekunden gebraucht
bei 4 cores haben 1000 Messungen 0.093088 Sekunden gebraucht
bei 5 cores haben 1000 Messungen 0.087648 Sekunden gebraucht
bei 1 cores haben 1000 Messungen 0.251424 Sekunden gebraucht
bei 2 cores haben 1000 Messungen 0.140412 Sekunden gebraucht
bei 3 cores haben 1000 Messungen 0.104511 Sekunden gebraucht
bei 4 cores haben 1000 Messungen 0.092777 Sekunden gebraucht
bei 5 cores haben 1000 Messungen 0.079727 Sekunden gebraucht
bei 1 cores haben 1000 Messungen 0.248028 Sekunden gebraucht
bei 2 cores haben 1000 Messungen 0.167543 Sekunden gebraucht
bei 3 cores haben 1000 Messungen 0.105151 Sekunden gebraucht
bei 4 cores haben 1000 Messungen 0.092820 Sekunden gebraucht
bei 5 cores haben 1000 Messungen 0.079389 Sekunden gebraucht
Laenge=100
bei 1 cores haben 1000 Messungen 0.990235 Sekunden gebraucht
bei 2 cores haben 1000 Messungen 0.549907 Sekunden gebraucht
bei 3 cores haben 1000 Messungen 0.419544 Sekunden gebraucht
bei 4 cores haben 1000 Messungen 0.349180 Sekunden gebraucht
bei 5 cores haben 1000 Messungen 0.313500 Sekunden gebraucht
bei 1 cores haben 1000 Messungen 0.993003 Sekunden gebraucht
bei 2 cores haben 1000 Messungen 0.701080 Sekunden gebraucht
bei 3 cores haben 1000 Messungen 0.414099 Sekunden gebraucht
bei 4 cores haben 1000 Messungen 0.351962 Sekunden gebraucht
bei 5 cores haben 1000 Messungen 0.309618 Sekunden gebraucht
bei 1 cores haben 1000 Messungen 0.992688 Sekunden gebraucht
bei 2 cores haben 1000 Messungen 0.727056 Sekunden gebraucht
bei 3 cores haben 1000 Messungen 0.413681 Sekunden gebraucht
bei 4 cores haben 1000 Messungen 0.355507 Sekunden gebraucht
bei 5 cores haben 1000 Messungen 0.310685 Sekunden gebraucht
bei 1 cores haben 1000 Messungen 0.987662 Sekunden gebraucht
bei 2 cores haben 1000 Messungen 0.706493 Sekunden gebraucht
bei 3 cores haben 1000 Messungen 0.407195 Sekunden gebraucht
bei 4 cores haben 1000 Messungen 0.349284 Sekunden gebraucht
bei 5 cores haben 1000 Messungen 0.317202 Sekunden gebraucht
bei 1 cores haben 1000 Messungen 0.989211 Sekunden gebraucht
bei 2 cores haben 1000 Messungen 0.551233 Sekunden gebraucht
bei 3 cores haben 1000 Messungen 0.413537 Sekunden gebraucht
bei 4 cores haben 1000 Messungen 0.353061 Sekunden gebraucht
bei 5 cores haben 1000 Messungen 0.305339 Sekunden gebraucht
bei 1 cores haben 1000 Messungen 0.988862 Sekunden gebraucht
bei 2 cores haben 1000 Messungen 0.551064 Sekunden gebraucht
bei 3 cores haben 1000 Messungen 0.414979 Sekunden gebraucht
bei 4 cores haben 1000 Messungen 0.351986 Sekunden gebraucht
bei 5 cores haben 1000 Messungen 0.306229 Sekunden gebraucht
bei 1 cores haben 1000 Messungen 0.991054 Sekunden gebraucht
bei 2 cores haben 1000 Messungen 0.570178 Sekunden gebraucht
bei 3 cores haben 1000 Messungen 0.408759 Sekunden gebraucht
bei 4 cores haben 1000 Messungen 0.349109 Sekunden gebraucht
bei 5 cores haben 1000 Messungen 0.308313 Sekunden gebraucht
bei 1 cores haben 1000 Messungen 0.991588 Sekunden gebraucht
bei 2 cores haben 1000 Messungen 0.685788 Sekunden gebraucht
bei 3 cores haben 1000 Messungen 0.414753 Sekunden gebraucht
bei 4 cores haben 1000 Messungen 0.350769 Sekunden gebraucht
bei 5 cores haben 1000 Messungen 0.308736 Sekunden gebraucht
bei 1 cores haben 1000 Messungen 0.990952 Sekunden gebraucht
bei 2 cores haben 1000 Messungen 0.558518 Sekunden gebraucht
bei 3 cores haben 1000 Messungen 0.418006 Sekunden gebraucht
bei 4 cores haben 1000 Messungen 0.349957 Sekunden gebraucht
bei 5 cores haben 1000 Messungen 0.307163 Sekunden gebraucht
bei 1 cores haben 1000 Messungen 1.049127 Sekunden gebraucht
bei 2 cores haben 1000 Messungen 0.558415 Sekunden gebraucht
bei 3 cores haben 1000 Messungen 0.413007 Sekunden gebraucht
bei 4 cores haben 1000 Messungen 0.355977 Sekunden gebraucht
bei 5 cores haben 1000 Messungen 0.305507 Sekunden gebraucht
Laenge=200
bei 1 cores haben 1000 Messungen 3.988410 Sekunden gebraucht
bei 2 cores haben 1000 Messungen 2.301135 Sekunden gebraucht
bei 3 cores haben 1000 Messungen 1.624360 Sekunden gebraucht
bei 4 cores haben 1000 Messungen 1.380881 Sekunden gebraucht
bei 5 cores haben 1000 Messungen 1.180948 Sekunden gebraucht
bei 1 cores haben 1000 Messungen 3.991538 Sekunden gebraucht
bei 2 cores haben 1000 Messungen 2.315728 Sekunden gebraucht
bei 3 cores haben 1000 Messungen 1.618099 Sekunden gebraucht
bei 4 cores haben 1000 Messungen 1.377209 Sekunden gebraucht
bei 5 cores haben 1000 Messungen 1.184799 Sekunden gebraucht
bei 1 cores haben 1000 Messungen 3.923384 Sekunden gebraucht
bei 2 cores haben 1000 Messungen 2.179778 Sekunden gebraucht
bei 3 cores haben 1000 Messungen 1.612685 Sekunden gebraucht
bei 4 cores haben 1000 Messungen 1.377940 Sekunden gebraucht
bei 5 cores haben 1000 Messungen 1.177277 Sekunden gebraucht
bei 1 cores haben 1000 Messungen 3.987349 Sekunden gebraucht
bei 2 cores haben 1000 Messungen 2.165818 Sekunden gebraucht
bei 3 cores haben 1000 Messungen 1.617673 Sekunden gebraucht
bei 4 cores haben 1000 Messungen 1.379140 Sekunden gebraucht
bei 5 cores haben 1000 Messungen 1.167823 Sekunden gebraucht
bei 1 cores haben 1000 Messungen 3.928654 Sekunden gebraucht
bei 2 cores haben 1000 Messungen 2.317387 Sekunden gebraucht
bei 3 cores haben 1000 Messungen 1.603768 Sekunden gebraucht
bei 4 cores haben 1000 Messungen 1.409591 Sekunden gebraucht
bei 5 cores haben 1000 Messungen 1.191908 Sekunden gebraucht
bei 1 cores haben 1000 Messungen 3.928222 Sekunden gebraucht
bei 2 cores haben 1000 Messungen 2.164660 Sekunden gebraucht
bei 3 cores haben 1000 Messungen 1.634911 Sekunden gebraucht
bei 4 cores haben 1000 Messungen 1.371258 Sekunden gebraucht
bei 5 cores haben 1000 Messungen 1.176439 Sekunden gebraucht
bei 1 cores haben 1000 Messungen 3.926217 Sekunden gebraucht
bei 2 cores haben 1000 Messungen 2.212482 Sekunden gebraucht
bei 3 cores haben 1000 Messungen 1.618576 Sekunden gebraucht
bei 4 cores haben 1000 Messungen 1.368719 Sekunden gebraucht
bei 5 cores haben 1000 Messungen 1.175831 Sekunden gebraucht
bei 1 cores haben 1000 Messungen 3.983914 Sekunden gebraucht
bei 2 cores haben 1000 Messungen 2.183856 Sekunden gebraucht
bei 3 cores haben 1000 Messungen 1.607536 Sekunden gebraucht
bei 4 cores haben 1000 Messungen 1.379137 Sekunden gebraucht
bei 5 cores haben 1000 Messungen 1.177315 Sekunden gebraucht
bei 1 cores haben 1000 Messungen 3.926845 Sekunden gebraucht
bei 2 cores haben 1000 Messungen 2.305084 Sekunden gebraucht
bei 3 cores haben 1000 Messungen 1.598634 Sekunden gebraucht
bei 4 cores haben 1000 Messungen 1.370441 Sekunden gebraucht
bei 5 cores haben 1000 Messungen 1.181831 Sekunden gebraucht
bei 1 cores haben 1000 Messungen 3.928828 Sekunden gebraucht
bei 2 cores haben 1000 Messungen 2.182911 Sekunden gebraucht
bei 3 cores haben 1000 Messungen 1.610596 Sekunden gebraucht
bei 4 cores haben 1000 Messungen 1.391847 Sekunden gebraucht
bei 5 cores haben 1000 Messungen 1.181378 Sekunden gebraucht
Laenge=350
bei 1 cores haben 1000 Messungen 12.190732 Sekunden gebraucht
bei 2 cores haben 1000 Messungen 6.660939 Sekunden gebraucht
bei 3 cores haben 1000 Messungen 4.930554 Sekunden gebraucht
bei 4 cores haben 1000 Messungen 4.231444 Sekunden gebraucht
bei 5 cores haben 1000 Messungen 3.614663 Sekunden gebraucht
bei 1 cores haben 1000 Messungen 12.199922 Sekunden gebraucht
bei 2 cores haben 1000 Messungen 6.705869 Sekunden gebraucht
bei 3 cores haben 1000 Messungen 4.886371 Sekunden gebraucht
bei 4 cores haben 1000 Messungen 4.192825 Sekunden gebraucht
bei 5 cores haben 1000 Messungen 3.619851 Sekunden gebraucht
bei 1 cores haben 1000 Messungen 12.144057 Sekunden gebraucht
bei 2 cores haben 1000 Messungen 6.674870 Sekunden gebraucht
bei 3 cores haben 1000 Messungen 4.916340 Sekunden gebraucht
bei 4 cores haben 1000 Messungen 4.196077 Sekunden gebraucht
bei 5 cores haben 1000 Messungen 3.636846 Sekunden gebraucht
bei 1 cores haben 1000 Messungen 12.082581 Sekunden gebraucht
bei 2 cores haben 1000 Messungen 6.720874 Sekunden gebraucht
bei 3 cores haben 1000 Messungen 5.091311 Sekunden gebraucht
bei 4 cores haben 1000 Messungen 4.268060 Sekunden gebraucht
bei 5 cores haben 1000 Messungen 3.613903 Sekunden gebraucht
bei 1 cores haben 1000 Messungen 12.080904 Sekunden gebraucht
bei 2 cores haben 1000 Messungen 6.650931 Sekunden gebraucht
bei 3 cores haben 1000 Messungen 4.976632 Sekunden gebraucht
bei 4 cores haben 1000 Messungen 4.211842 Sekunden gebraucht
bei 5 cores haben 1000 Messungen 3.635175 Sekunden gebraucht
bei 1 cores haben 1000 Messungen 12.076660 Sekunden gebraucht
bei 2 cores haben 1000 Messungen 6.644725 Sekunden gebraucht
bei 3 cores haben 1000 Messungen 4.966163 Sekunden gebraucht
bei 4 cores haben 1000 Messungen 4.247562 Sekunden gebraucht
bei 5 cores haben 1000 Messungen 3.617802 Sekunden gebraucht
bei 1 cores haben 1000 Messungen 12.199669 Sekunden gebraucht
bei 2 cores haben 1000 Messungen 6.664967 Sekunden gebraucht
bei 3 cores haben 1000 Messungen 4.963740 Sekunden gebraucht
bei 4 cores haben 1000 Messungen 4.356076 Sekunden gebraucht
bei 5 cores haben 1000 Messungen 3.625500 Sekunden gebraucht
bei 1 cores haben 1000 Messungen 12.088075 Sekunden gebraucht
bei 2 cores haben 1000 Messungen 6.653716 Sekunden gebraucht
bei 3 cores haben 1000 Messungen 4.935123 Sekunden gebraucht
bei 4 cores haben 1000 Messungen 4.237100 Sekunden gebraucht
bei 5 cores haben 1000 Messungen 3.612156 Sekunden gebraucht
bei 1 cores haben 1000 Messungen 12.131168 Sekunden gebraucht
bei 2 cores haben 1000 Messungen 6.650212 Sekunden gebraucht
bei 3 cores haben 1000 Messungen 4.898127 Sekunden gebraucht
bei 4 cores haben 1000 Messungen 4.271887 Sekunden gebraucht
bei 5 cores haben 1000 Messungen 3.642755 Sekunden gebraucht
bei 1 cores haben 1000 Messungen 12.081960 Sekunden gebraucht
bei 2 cores haben 1000 Messungen 6.826661 Sekunden gebraucht
bei 3 cores haben 1000 Messungen 4.931595 Sekunden gebraucht
bei 4 cores haben 1000 Messungen 4.237182 Sekunden gebraucht
bei 5 cores haben 1000 Messungen 3.620117 Sekunden gebraucht
Laenge=500
bei 1 cores haben 1000 Messungen 24.785376 Sekunden gebraucht
bei 2 cores haben 1000 Messungen 13.856274 Sekunden gebraucht
bei 3 cores haben 1000 Messungen 10.018944 Sekunden gebraucht
bei 4 cores haben 1000 Messungen 8.604809 Sekunden gebraucht
bei 5 cores haben 1000 Messungen 7.453298 Sekunden gebraucht
bei 1 cores haben 1000 Messungen 24.698927 Sekunden gebraucht
bei 2 cores haben 1000 Messungen 13.698088 Sekunden gebraucht
bei 3 cores haben 1000 Messungen 10.099596 Sekunden gebraucht
bei 4 cores haben 1000 Messungen 8.707081 Sekunden gebraucht
bei 5 cores haben 1000 Messungen 7.481161 Sekunden gebraucht
bei 1 cores haben 1000 Messungen 25.116900 Sekunden gebraucht
bei 2 cores haben 1000 Messungen 13.655938 Sekunden gebraucht
bei 3 cores haben 1000 Messungen 10.205693 Sekunden gebraucht
bei 4 cores haben 1000 Messungen 8.648883 Sekunden gebraucht
bei 5 cores haben 1000 Messungen 7.458424 Sekunden gebraucht
bei 1 cores haben 1000 Messungen 24.766737 Sekunden gebraucht
bei 2 cores haben 1000 Messungen 13.829693 Sekunden gebraucht
bei 3 cores haben 1000 Messungen 10.121556 Sekunden gebraucht
bei 4 cores haben 1000 Messungen 8.587388 Sekunden gebraucht
bei 5 cores haben 1000 Messungen 7.440595 Sekunden gebraucht
bei 1 cores haben 1000 Messungen 24.636997 Sekunden gebraucht
bei 2 cores haben 1000 Messungen 13.735199 Sekunden gebraucht
bei 3 cores haben 1000 Messungen 10.073209 Sekunden gebraucht
bei 4 cores haben 1000 Messungen 8.709731 Sekunden gebraucht
bei 5 cores haben 1000 Messungen 7.496732 Sekunden gebraucht
bei 1 cores haben 1000 Messungen 24.756122 Sekunden gebraucht
bei 2 cores haben 1000 Messungen 13.863734 Sekunden gebraucht
bei 3 cores haben 1000 Messungen 10.046795 Sekunden gebraucht
bei 4 cores haben 1000 Messungen 8.634871 Sekunden gebraucht
bei 5 cores haben 1000 Messungen 7.494268 Sekunden gebraucht
bei 1 cores haben 1000 Messungen 24.974408 Sekunden gebraucht
bei 2 cores haben 1000 Messungen 13.588098 Sekunden gebraucht
bei 3 cores haben 1000 Messungen 9.992852 Sekunden gebraucht
bei 4 cores haben 1000 Messungen 8.654173 Sekunden gebraucht
bei 5 cores haben 1000 Messungen 7.453114 Sekunden gebraucht
bei 1 cores haben 1000 Messungen 24.637526 Sekunden gebraucht
bei 2 cores haben 1000 Messungen 13.748813 Sekunden gebraucht
bei 3 cores haben 1000 Messungen 9.997138 Sekunden gebraucht
bei 4 cores haben 1000 Messungen 8.680125 Sekunden gebraucht
bei 5 cores haben 1000 Messungen 7.454959 Sekunden gebraucht
bei 1 cores haben 1000 Messungen 24.656866 Sekunden gebraucht
bei 2 cores haben 1000 Messungen 13.796756 Sekunden gebraucht
bei 3 cores haben 1000 Messungen 10.134696 Sekunden gebraucht
bei 4 cores haben 1000 Messungen 8.666916 Sekunden gebraucht
bei 5 cores haben 1000 Messungen 7.498677 Sekunden gebraucht
bei 1 cores haben 1000 Messungen 25.186904 Sekunden gebraucht
bei 2 cores haben 1000 Messungen 13.612356 Sekunden gebraucht
bei 3 cores haben 1000 Messungen 10.112184 Sekunden gebraucht
bei 4 cores haben 1000 Messungen 8.638390 Sekunden gebraucht
bei 5 cores haben 1000 Messungen 7.446307 Sekunden gebraucht
/hiskp4/gross/bachelorarbeit
