Sun Jul 26 12:08:40 CEST 2020 Waiting for 30 seconds before starting the job to allow the node to settle down
Sun Jul 26 12:09:10 CEST 2020 Waiting done, starting task!
Sun Jul 26 12:09:10 CEST 2020 Waiting for 30 seconds before starting the job to allow the node to settle down
Sun Jul 26 12:09:10 CEST 2020 Waiting for 30 seconds before starting the job to allow the node to settle down
Sun Jul 26 12:09:10 CEST 2020 Waiting for 30 seconds before starting the job to allow the node to settle down
Sun Jul 26 12:09:10 CEST 2020 Waiting for 30 seconds before starting the job to allow the node to settle down
Sun Jul 26 12:09:10 CEST 2020 Waiting for 30 seconds before starting the job to allow the node to settle down
Sun Jul 26 12:09:10 CEST 2020 Waiting for 30 seconds before starting the job to allow the node to settle down
Sun Jul 26 12:09:10 CEST 2020 Waiting for 30 seconds before starting the job to allow the node to settle down
Sun Jul 26 12:09:10 CEST 2020 Waiting for 30 seconds before starting the job to allow the node to settle down
Sun Jul 26 12:09:10 CEST 2020 Waiting for 30 seconds before starting the job to allow the node to settle down
Sun Jul 26 12:09:10 CEST 2020 Waiting for 30 seconds before starting the job to allow the node to settle down
Sun Jul 26 12:09:40 CEST 2020 Waiting done, starting task!
Sun Jul 26 12:09:40 CEST 2020 Waiting done, starting task!
Sun Jul 26 12:09:40 CEST 2020 Waiting done, starting task!
Sun Jul 26 12:09:40 CEST 2020 Waiting done, starting task!
Sun Jul 26 12:09:40 CEST 2020 Waiting done, starting task!
Sun Jul 26 12:09:40 CEST 2020 Waiting done, starting task!
Sun Jul 26 12:09:40 CEST 2020 Waiting done, starting task!
Sun Jul 26 12:09:40 CEST 2020 Waiting done, starting task!
Sun Jul 26 12:09:40 CEST 2020 Waiting done, starting task!
Sun Jul 26 12:09:40 CEST 2020 Waiting done, starting task!
0	5000	1.000000	0.000000
1	5000	1.000000	0.000000
2	5000	1.000000	0.000000
3	5000	1.000000	0.000000
4	5000	1.000000	0.000000
5	5000	1.000000	0.000000
6	5000	1.000000	0.000000
7	5000	1.000000	0.000000
8	5000	1.000000	0.000000
9	5000	1.000000	0.000000
10	5000	1.000000	0.000000
11	5000	1.000000	0.000000
12	5000	1.000000	0.000000
13	5000	1.000000	0.000000
14	5000	1.000000	0.000000
15	5000	1.000000	0.000000
16	5000	1.000000	0.000000
17	5000	1.000000	0.000000
18	5000	1.000000	0.000000
19	5000	1.000000	0.000000
20	5000	1.000000	0.000002
21	5000	1.000000	0.000002
22	5000	1.000000	0.000002
23	5000	1.000000	0.000005
24	5000	1.000000	0.000006
25	5000	1.000000	0.000010
26	5000	0.999999	0.000013
27	5000	0.999999	0.000017
28	5000	0.999998	0.000021
29	5000	0.999997	0.000025
30	5000	0.999994	0.000034
31	5000	0.999993	0.000038
32	5000	0.999989	0.000047
33	5000	0.999984	0.000057
34	5000	0.999977	0.000067
35	5000	0.999971	0.000077
36	5000	0.999957	0.000094
37	5000	0.999945	0.000106
38	5000	0.999931	0.000120
39	5000	0.999908	0.000137
40	5000	0.999876	0.000159
41	5000	0.999848	0.000179
42	5000	0.999810	0.000201
43	5000	0.999765	0.000223
44	5000	0.999705	0.000247
45	5000	0.999649	0.000269
46	5000	0.999575	0.000300
47	5000	0.999489	0.000335
48	5000	0.999387	0.000358
49	5000	0.999264	0.000403
50	5000	0.999268	0.000397
51	5000	0.999217	0.000414
52	5000	0.999147	0.000432
53	5000	0.999082	0.000444
54	5000	0.999007	0.000469
55	5000	0.998916	0.000489
56	5000	0.998831	0.000513
57	5000	0.998752	0.000528
58	5000	0.998655	0.000550
59	5000	0.998546	0.000568
60	5000	0.998445	0.000592
61	5000	0.998333	0.000612
62	5000	0.998215	0.000637
63	5000	0.998109	0.000663
64	5000	0.997963	0.000688
65	5000	0.997833	0.000696
66	5000	0.997671	0.000742
67	5000	0.997531	0.000761
68	5000	0.997373	0.000779
69	5000	0.997205	0.000831
70	5000	0.997023	0.000844
71	5000	0.996847	0.000865
72	5000	0.996641	0.000886
73	5000	0.996453	0.000929
74	5000	0.996238	0.000946
75	5000	0.996021	0.000988
76	5000	0.995785	0.001014
77	5000	0.995535	0.001043
78	5000	0.995292	0.001095
79	5000	0.995052	0.001116
80	5000	0.994815	0.001161
81	5000	0.994469	0.001190
82	5000	0.994190	0.001209
83	5000	0.993896	0.001258
84	5000	0.993580	0.001304
85	5000	0.993260	0.001326
86	5000	0.992907	0.001373
87	5000	0.992530	0.001404
88	5000	0.992182	0.001455
89	5000	0.991761	0.001490
90	5000	0.991388	0.001529
91	5000	0.990976	0.001585
92	5000	0.990556	0.001623
93	5000	0.990087	0.001666
94	5000	0.989660	0.001712
95	5000	0.989174	0.001746
96	5000	0.988649	0.001835
97	5000	0.988166	0.001839
98	5000	0.987621	0.001910
99	5000	0.987090	0.001958
100	5000	0.986479	0.002019
101	5000	0.985948	0.002053
102	5000	0.985298	0.002109
103	5000	0.984640	0.002177
104	5000	0.984034	0.002243
105	5000	0.983363	0.002326
106	5000	0.982662	0.002354
107	5000	0.981930	0.002420
108	5000	0.981203	0.002505
109	5000	0.980489	0.002518
110	5000	0.979676	0.002604
111	5000	0.978791	0.002731
112	5000	0.977902	0.002807
113	5000	0.977101	0.002878
114	5000	0.976115	0.002903
115	5000	0.975273	0.003001
116	5000	0.974318	0.003093
117	5000	0.973255	0.003162
118	5000	0.972196	0.003214
119	5000	0.971192	0.003385
120	5000	0.970044	0.003429
121	5000	0.968954	0.003538
122	5000	0.967835	0.003610
123	5000	0.966520	0.003756
124	5000	0.965231	0.003876
125	5000	0.964014	0.003908
126	5000	0.962630	0.004031
127	5000	0.961217	0.004216
128	5000	0.959875	0.004257
129	5000	0.958348	0.004382
130	5000	0.956802	0.004508
131	5000	0.955337	0.004609
132	5000	0.953676	0.004772
133	5000	0.951857	0.004946
134	5000	0.950363	0.005077
135	5000	0.948428	0.005318
136	5000	0.946331	0.005467
137	5000	0.944709	0.005479
138	5000	0.942445	0.005774
139	5000	0.940548	0.005972
140	5000	0.938344	0.006081
141	5000	0.935975	0.006275
142	5000	0.933774	0.006441
143	5000	0.931216	0.006708
144	5000	0.928885	0.006990
145	5000	0.926355	0.007207
146	5000	0.923558	0.007610
147	5000	0.920757	0.008035
148	5000	0.917388	0.008212
149	5000	0.914340	0.008378
150	5000	0.911291	0.008950
151	10000	0.908157	0.009389
152	10000	0.904135	0.009616
153	10000	0.901026	0.009779
154	10000	0.896583	0.010291
155	10000	0.892530	0.011156
156	10000	0.887461	0.012027
157	10000	0.883872	0.012187
158	10000	0.878917	0.013019
159	10000	0.874237	0.013036
160	10000	0.868579	0.013715
161	10000	0.863600	0.014566
162	10000	0.856651	0.016385
163	10000	0.850490	0.017074
164	10000	0.842534	0.018296
165	10000	0.836898	0.018751
166	10000	0.825466	0.022122
167	10000	0.818382	0.023070
168	10000	0.810788	0.023127
169	10000	0.798792	0.027908
170	10000	0.784309	0.032920
171	10000	0.768706	0.035175
172	10000	0.721701	0.085162
173	10000	0.706107	0.081141
174	10000	0.678247	0.097217
175	10000	0.677718	0.080723
176	20000	0.632168	0.120350
177	20000	0.570475	0.140729
178	20000	0.563263	0.112653
179	20000	0.485224	0.143103
180	20000	0.249568	0.159685
181	20000	0.302961	0.165044
182	20000	0.224099	0.147012
183	20000	0.184993	0.133706
184	20000	0.178818	0.111581
185	20000	0.156375	0.113371
186	20000	0.149274	0.108713
187	20000	0.124074	0.090303
188	20000	0.112477	0.085995
189	20000	0.104168	0.075328
190	10000	0.094754	0.068389
191	10000	0.101472	0.074057
192	10000	0.087572	0.063700
193	10000	0.085035	0.064324
194	10000	0.080929	0.059280
195	10000	0.077151	0.057534
196	10000	0.071378	0.053122
197	10000	0.072285	0.054175
198	10000	0.067181	0.051247
199	10000	0.066647	0.050293
200	10000	0.065602	0.049497
201	10000	0.062359	0.045645
202	10000	0.062678	0.045891
203	10000	0.054552	0.040066
204	10000	0.056408	0.042080
205	10000	0.057083	0.042387
206	10000	0.051439	0.039070
207	10000	0.050618	0.038670
208	10000	0.051284	0.038997
209	10000	0.048795	0.036716
210	10000	0.046777	0.035062
211	10000	0.045193	0.033737
212	10000	0.046876	0.036558
213	10000	0.044985	0.034389
214	10000	0.044949	0.033781
215	10000	0.043921	0.033539
216	10000	0.042510	0.031747
217	10000	0.041127	0.030389
218	10000	0.041178	0.030741
219	10000	0.039633	0.029951
220	10000	0.038496	0.028674
221	10000	0.038221	0.028357
222	10000	0.038151	0.028666
223	10000	0.038576	0.028898
224	10000	0.037227	0.027974
225	10000	0.035594	0.027283
226	10000	0.035743	0.027304
227	10000	0.035824	0.026402
228	10000	0.034542	0.026201
229	10000	0.035281	0.026316
230	10000	0.033635	0.025833
231	10000	0.033029	0.024763
232	10000	0.033247	0.024980
233	10000	0.032880	0.024971
234	10000	0.033031	0.024642
235	10000	0.031626	0.024107
236	10000	0.031589	0.024470
237	10000	0.031441	0.023430
238	10000	0.030803	0.023354
239	10000	0.029987	0.022616
240	10000	0.030650	0.022867
241	10000	0.029654	0.022353
242	10000	0.029295	0.022094
243	10000	0.029201	0.021995
244	10000	0.027813	0.020975
245	10000	0.028224	0.021202
246	10000	0.028460	0.021937
247	10000	0.028402	0.021239
248	10000	0.027718	0.021067
249	10000	0.027073	0.020494
250	5000	0.027995	0.021018
251	5000	0.026334	0.020130
252	5000	0.026581	0.020210
253	5000	0.026057	0.019733
254	5000	0.025931	0.019544
255	5000	0.026434	0.020031
256	5000	0.025987	0.019591
257	5000	0.025303	0.018825
258	5000	0.025694	0.019337
259	5000	0.025072	0.018929
260	5000	0.025316	0.019246
261	5000	0.025102	0.018897
262	5000	0.024947	0.018702
263	5000	0.024278	0.018510
264	5000	0.023987	0.017990
265	5000	0.024154	0.018003
266	5000	0.023424	0.017935
267	5000	0.023969	0.018152
268	5000	0.023534	0.017724
269	5000	0.024305	0.018575
270	5000	0.023700	0.017742
271	5000	0.023429	0.017971
272	5000	0.023061	0.017206
273	5000	0.023063	0.016945
274	5000	0.022135	0.016783
275	5000	0.022875	0.017184
276	5000	0.022597	0.017171
277	5000	0.022375	0.016962
278	5000	0.021419	0.016030
279	5000	0.022541	0.016892
280	5000	0.021907	0.016271
281	5000	0.021692	0.016093
282	5000	0.021822	0.016652
283	5000	0.021463	0.016189
284	5000	0.021351	0.016116
285	5000	0.020820	0.015839
286	5000	0.021296	0.015912
287	5000	0.021215	0.015920
288	5000	0.021005	0.015712
289	5000	0.020878	0.015709
290	5000	0.020676	0.015696
291	5000	0.020929	0.015959
292	5000	0.020457	0.015352
293	5000	0.020182	0.015339
294	5000	0.020447	0.015451
295	5000	0.020428	0.015591
296	5000	0.019628	0.014665
297	5000	0.019836	0.014954
298	5000	0.020029	0.015300
299	5000	0.020222	0.015109
300	5000	0.019809	0.014873
301	5000	0.019466	0.014759
302	5000	0.019471	0.014657
303	5000	0.018997	0.014327
304	5000	0.018809	0.014163
305	5000	0.018683	0.014118
306	5000	0.018565	0.014144
307	5000	0.018678	0.013951
308	5000	0.018428	0.014075
309	5000	0.018486	0.013900
310	5000	0.018152	0.013728
311	5000	0.018039	0.013615
312	5000	0.018045	0.013778
313	5000	0.017685	0.013244
314	5000	0.017426	0.013364
315	5000	0.017589	0.013162
316	5000	0.017364	0.013001
317	5000	0.017209	0.012907
318	5000	0.017085	0.012805
319	5000	0.017071	0.012979
320	5000	0.016977	0.012917
321	5000	0.016975	0.012930
322	5000	0.016551	0.012440
323	5000	0.016399	0.012515
324	5000	0.016656	0.012664
325	5000	0.016307	0.012243
326	5000	0.016110	0.012247
327	5000	0.016433	0.012470
328	5000	0.016052	0.012197
329	5000	0.015918	0.012128
330	5000	0.015911	0.011998
331	5000	0.015939	0.012148
332	5000	0.015755	0.011848
333	5000	0.015843	0.012014
334	5000	0.015793	0.011856
335	5000	0.015817	0.012001
336	5000	0.015637	0.011718
337	5000	0.015415	0.011669
338	5000	0.015556	0.011736
339	5000	0.015156	0.011485
340	5000	0.015276	0.011658
341	5000	0.015416	0.011581
342	5000	0.015091	0.011329
343	5000	0.015172	0.011433
344	5000	0.015135	0.011454
345	5000	0.014877	0.011122
346	5000	0.014938	0.011381
347	5000	0.014685	0.011223
348	5000	0.014936	0.011262
349	5000	0.014647	0.011117
350	5000	0.014769	0.011061
351	5000	0.014508	0.010782
352	5000	0.014304	0.010677
353	5000	0.014259	0.010796
354	5000	0.013957	0.010451
355	5000	0.013764	0.010484
356	5000	0.013629	0.010351
357	5000	0.013514	0.010418
358	5000	0.013488	0.010225
359	5000	0.013494	0.010259
360	5000	0.013425	0.010109
361	5000	0.013186	0.009992
362	5000	0.013076	0.009872
363	5000	0.013179	0.009973
364	5000	0.012898	0.009634
365	5000	0.012888	0.009711
366	5000	0.012843	0.009602
367	5000	0.012570	0.009392
368	5000	0.012454	0.009362
369	5000	0.012509	0.009337
370	5000	0.012182	0.009190
371	5000	0.012160	0.009094
372	5000	0.012400	0.009335
373	5000	0.012166	0.009245
374	5000	0.012013	0.009016
375	5000	0.012039	0.009034
376	5000	0.012037	0.009056
377	5000	0.011908	0.008915
378	5000	0.011819	0.009053
379	5000	0.011734	0.008836
380	5000	0.012046	0.009135
381	5000	0.011863	0.008979
382	5000	0.011632	0.008706
383	5000	0.011767	0.008947
384	5000	0.011443	0.008640
385	5000	0.011662	0.008801
386	5000	0.011349	0.008634
387	5000	0.011304	0.008617
388	5000	0.011449	0.008687
389	5000	0.011408	0.008559
390	5000	0.011449	0.008653
391	5000	0.011224	0.008452
392	5000	0.011312	0.008465
393	5000	0.011200	0.008533
394	5000	0.011115	0.008332
395	5000	0.011192	0.008490
396	5000	0.011098	0.008456
397	5000	0.010959	0.008202
398	5000	0.010963	0.008246
399	5000	0.011057	0.008293
400	5000	0.010862	0.008174
401	5000	0.010819	0.008189
402	5000	0.010901	0.008250
403	5000	0.010840	0.008202
404	5000	0.010502	0.007993
405	5000	0.010765	0.008146
406	5000	0.010842	0.008022
407	5000	0.010710	0.007970
408	5000	0.010798	0.008110
409	5000	0.010625	0.008095
410	5000	0.010750	0.008025
411	5000	0.010615	0.008035
412	5000	0.010687	0.008044
413	5000	0.010544	0.007981
0	5000	1	5000	2	5000	3	5000	4	5000	5	5000	6	5000	7	5000	8	5000	9	5000	10	5000	11	5000	12	5000	13	5000	14	5000	15	5000	16	5000	17	5000	18	5000	19	5000	20	5000	21	5000	22	5000	23	5000	24	5000	25	5000	26	5000	27	5000	28	5000	29	5000	30	5000	31	5000	32	5000	33	5000	34	5000	35	5000	36	5000	37	5000	38	5000	39	5000	40	5000	41	5000	42	5000	43	5000	44	5000	45	5000	46	5000	47	5000	48	5000	49	5000	50	5000	51	5000	52	5000	53	5000	54	5000	55	5000	56	5000	57	5000	58	5000	59	5000	60	5000	61	5000	62	5000	63	5000	64	5000	65	5000	66	5000	67	5000	68	5000	69	5000	70	5000	71	5000	72	5000	73	5000	74	5000	75	5000	76	5000	77	5000	78	5000	79	5000	80	5000	81	5000	82	5000	83	5000	84	5000	85	5000	86	5000	87	5000	88	5000	89	5000	90	5000	91	5000	92	5000	93	5000	94	5000	95	5000	96	5000	97	5000	98	5000	99	5000	100	5000	101	5000	102	5000	103	5000	104	5000	105	5000	106	5000	107	5000	108	5000	109	5000	110	5000	111	5000	112	5000	113	5000	114	5000	115	5000	116	5000	117	5000	118	5000	119	5000	120	5000	121	5000	122	5000	123	5000	124	5000	125	5000	0	5000	1	5000	2	5000	3	5000	4	5000	5	5000	6	5000	7	5000	8	5000	9	5000	10	5000	11	5000	12	5000	13	5000	14	5000	15	5000	16	5000	17	5000	18	5000	19	5000	20	5000	21	5000	22	5000	23	5000	24	5000	25	5000	26	5000	27	5000	28	5000	29	5000	30	5000	31	5000	32	5000	33	5000	34	5000	35	5000	36	5000	37	5000	38	5000	39	5000	40	5000	41	5000	42	5000	43	5000	44	5000	45	5000	46	5000	47	5000	48	5000	49	5000	50	5000	51	5000	52	5000	53	5000	54	5000	55	5000	56	5000	57	5000	58	5000	59	5000	60	5000	61	5000	62	5000	63	5000	64	5000	65	5000	66	5000	67	5000	68	5000	69	5000	70	5000	71	5000	72	5000	73	5000	74	5000	75	5000	76	5000	77	5000	78	5000	79	5000	80	5000	81	5000	82	5000	83	5000	84	5000	85	5000	86	5000	87	5000	88	5000	89	5000	90	5000	91	5000	92	5000	93	5000	94	5000	95	5000	96	5000	97	5000	98	5000	99	5000	100	5000	101	5000	102	5000	103	5000	104	5000	105	5000	106	5000	107	5000	108	5000	109	5000	110	5000	111	5000	112	5000	113	5000	114	5000	115	5000	116	5000	117	5000	118	5000	119	5000	120	5000	121	5000	122	5000	123	5000	124	5000	125	5000	0	5000	1	5000	2	5000	3	5000	4	5000	5	5000	6	5000	7	5000	8	5000	9	5000	10	5000	11	5000	12	5000	13	5000	14	5000	15	5000	16	5000	17	5000	18	5000	19	5000	20	5000	21	5000	22	5000	23	5000	24	5000	25	5000	26	5000	27	5000	28	5000	29	5000	30	5000	31	5000	32	5000	33	5000	34	5000	35	5000	36	5000	37	5000	38	5000	39	5000	40	5000	41	5000	42	5000	43	5000	44	5000	45	5000	46	5000	47	5000	48	5000	49	5000	50	5000	51	5000	52	5000	53	5000	54	5000	55	5000	56	5000	57	5000	58	5000	59	5000	60	5000	61	5000	62	5000	63	5000	64	5000	65	5000	66	5000	67	5000	68	5000	69	5000	70	5000	71	5000	72	5000	73	5000	74	5000	75	5000	76	5000	77	5000	78	5000	79	5000	80	5000	81	5000	82	5000	83	5000	84	5000	85	5000	86	5000	87	5000	88	5000	89	5000	90	5000	91	5000	92	5000	93	5000	94	5000	95	5000	96	5000	97	5000	98	5000	99	5000	100	5000	101	5000	102	5000	103	5000	104	5000	105	5000	106	5000	107	5000	108	5000	109	5000	110	5000	111	5000	112	5000	113	5000	114	5000	115	5000	116	5000	117	5000	118	5000	119	5000	120	5000	121	5000	122	5000	123	5000	124	5000	125	5000	0	5000	1	5000	2	5000	3	5000	4	5000	5	5000	6	5000	7	5000	8	5000	9	5000	10	5000	11	5000	12	5000	13	5000	14	5000	15	5000	16	5000	17	5000	18	5000	19	5000	20	5000	21	5000	22	5000	23	5000	24	5000	25	5000	26	5000	27	5000	28	5000	29	5000	30	5000	31	5000	32	5000	33	5000	34	5000	35	5000	36	5000	37	5000	38	5000	39	5000	40	5000	41	5000	42	5000	43	5000	44	5000	45	5000	46	5000	47	5000	48	5000	49	5000	50	5000	51	5000	52	5000	53	5000	54	5000	55	5000	56	5000	57	5000	58	5000	59	5000	60	5000	61	5000	62	5000	63	5000	64	5000	65	5000	66	5000	67	5000	68	5000	69	5000	70	5000	71	5000	72	5000	73	5000	74	5000	75	5000	76	5000	77	5000	78	5000	79	5000	80	5000	81	5000	82	5000	83	5000	84	5000	85	5000	86	5000	87	5000	88	5000	89	5000	90	5000	91	5000	92	5000	93	5000	94	5000	95	5000	96	5000	97	5000	98	5000	99	5000	100	5000	101	5000	102	5000	103	5000	104	5000	105	5000	106	5000	107	5000	108	5000	109	5000	110	5000	111	5000	112	5000	113	5000	114	5000	115	5000	116	5000	117	5000	118	5000	119	5000	120	5000	121	5000	122	5000	123	5000	124	5000	125	5000	414	5000	0.010384	0.007890
415	5000	0.010346	0.007796
416	5000	0.010468	0.007975
417	5000	0.010425	0.007837
418	5000	0.010518	0.007959
419	5000	0.010245	0.007773
420	5000	0.010386	0.007894
421	5000	0.010380	0.007829
422	5000	0.010270	0.007778
423	5000	0.010255	0.007674
424	5000	0.010239	0.007686
425	5000	0.010266	0.007797
426	5000	0.010380	0.007853
427	5000	0.010270	0.007751
428	5000	0.010312	0.007707
429	5000	0.010295	0.007762
430	5000	0.010213	0.007815
431	5000	0.010106	0.007830
432	5000	0.010095	0.007668
433	5000	0.009976	0.007580
434	5000	0.010176	0.007738
435	5000	0.010032	0.007598
436	5000	0.010062	0.007596
437	5000	0.010062	0.007615
438	5000	0.010007	0.007592
439	5000	0.010350	0.007691
440	5000	0.009959	0.007491
441	5000	0.010129	0.007712
442	5000	0.010012	0.007535
443	5000	0.009976	0.007517
444	5000	0.010136	0.007667
445	5000	0.009926	0.007475
446	5000	0.010024	0.007607
447	5000	0.010059	0.007526
448	5000	0.009771	0.007301
449	5000	0.009729	0.007422
450	5000	0.010078	0.007575
126	5000	127	5000	128	5000	129	5000	130	5000	131	5000	132	5000	133	5000	134	5000	135	5000	136	5000	137	5000	138	5000	139	5000	140	5000	141	5000	142	5000	143	5000	144	5000	145	5000	146	5000	147	5000	148	5000	149	5000	150	5000	151	10000	152	10000	153	10000	154	10000	155	10000	156	10000	157	10000	158	10000	159	10000	160	10000	161	10000	162	10000	163	10000	164	10000	165	10000	166	10000	167	10000	168	10000	169	10000	170	10000	171	10000	172	10000	173	10000	174	10000	175	10000	176	20000	177	20000	178	20000	179	20000	180	20000	181	20000	182	20000	183	20000	184	20000	185	20000	186	20000	187	20000	188	20000	189	20000	190	10000	191	10000	192	10000	193	10000	194	10000	195	10000	196	10000	197	10000	198	10000	199	10000	200	10000	201	10000	202	10000	203	10000	204	10000	205	10000	206	10000	207	10000	208	10000	209	10000	210	10000	211	10000	212	10000	213	10000	214	10000	215	10000	216	10000	217	10000	218	10000	219	10000	220	10000	221	10000	222	10000	223	10000	224	10000	225	10000	226	10000	227	10000	228	10000	229	10000	230	10000126	5000	127	5000	128	5000	129	5000	130	5000	131	5000	132	5000	133	5000	134	5000	135	5000	136	5000	137	5000	138	5000	139	5000	140	5000	141	5000	142	5000	143	5000	144	5000	145	5000	146	5000	147	5000	148	5000	149	5000	150	5000	151	10000	152	10000	153	10000	154	10000	155	10000	156	10000	157	10000	158	10000	159	10000	160	10000	161	10000	162	10000	163	10000	164	10000	165	10000	166	10000	167	10000	168	10000	169	10000	170	10000	171	10000	172	10000	173	10000	174	10000	175	10000	176	20000	177	20000	178	20000	179	20000	180	20000	181	20000	182	20000	183	20000	184	20000	185	20000	186	20000	187	20000	188	20000	189	20000	190	10000	191	10000	192	10000	193	10000	194	10000	195	10000	196	10000	197	10000	198	10000	199	10000	200	10000	201	10000	202	10000	203	10000	204	10000	205	10000	206	10000	207	10000	208	10000	209	10000	210	10000	211	10000	212	10000	213	10000	214	10000	215	10000	216	10000	217	10000	218	10000	219	10000	220	10000	221	10000	222	10000	223	10000	224	10000	225	10000	226	10000	227	10000	228	10000	229	10000	230	10000126	5000	127	5000	128	5000	129	5000	130	5000	131	5000	132	5000	133	5000	134	5000	135	5000	136	5000	137	5000	138	5000	139	5000	140	5000	141	5000	142	5000	143	5000	144	5000	145	5000	146	5000	147	5000	148	5000	149	5000	150	5000	151	10000	152	10000	153	10000	154	10000	155	10000	156	10000	157	10000	158	10000	159	10000	160	10000	161	10000	162	10000	163	10000	164	10000	165	10000	166	10000	167	10000	168	10000	169	10000	170	10000	171	10000	172	10000	173	10000	174	10000	175	10000	176	20000	177	20000	178	20000	179	20000	180	20000	181	20000	182	20000	183	20000	184	20000	185	20000	186	20000	187	20000	188	20000	189	20000	190	10000	191	10000	192	10000	193	10000	194	10000	195	10000	196	10000	197	10000	198	10000	199	10000	200	10000	201	10000	202	10000	203	10000	204	10000	205	10000	206	10000	207	10000	208	10000	209	10000	210	10000	211	10000	212	10000	213	10000	214	10000	215	10000	216	10000	217	10000	218	10000	219	10000	220	10000	221	10000	222	10000	223	10000	224	10000	225	10000	226	10000	227	10000	228	10000	229	10000	230	10000126	5000	127	5000	128	5000	129	5000	130	5000	131	5000	132	5000	133	5000	134	5000	135	5000	136	5000	137	5000	138	5000	139	5000	140	5000	141	5000	142	5000	143	5000	144	5000	145	5000	146	5000	147	5000	148	5000	149	5000	150	5000	151	10000	152	10000	153	10000	154	10000	155	10000	156	10000	157	10000	158	10000	159	10000	160	10000	161	10000	162	10000	163	10000	164	10000	165	10000	166	10000	167	10000	168	10000	169	10000	170	10000	171	10000	172	10000	173	10000	174	10000	175	10000	176	20000	177	20000	178	20000	179	20000	180	20000	181	20000	182	20000	183	20000	184	20000	185	20000	186	20000	187	20000	188	20000	189	20000	190	10000	191	10000	192	10000	193	10000	194	10000	195	10000	196	10000	197	10000	198	10000	199	10000	200	10000	201	10000	202	10000	203	10000	204	10000	205	10000	206	10000	207	10000	208	10000	209	10000	210	10000	211	10000	212	10000	213	10000	214	10000	215	10000	216	10000	217	10000	218	10000	219	10000	220	10000	221	10000	222	10000	223	10000	224	10000	225	10000	226	10000	227	10000	228	10000	229	10000	230	10000451	5000	0.010083	0.007709
452	5000	0.009907	0.007610
453	5000	0.009826	0.007381
	231	10000	232	10000	233	10000	234	10000	235	10000	236	10000	237	10000	238	10000	239	10000	240	10000	241	10000	242	10000	243	10000	244	10000	245	10000	246	10000	247	10000	248	10000	249	10000	250	5000	251	5000	252	5000	253	5000	254	5000	255	5000	256	5000	257	5000	258	5000	259	5000	260	5000	261	5000	262	5000	263	5000	264	5000	265	5000	266	5000	267	5000	268	5000	269	5000	270	5000	271	5000	272	5000	273	5000	274	5000	275	5000	276	5000	277	5000	278	5000	279	5000	280	5000	281	5000	282	5000	283	5000	284	5000	285	5000	286	5000	287	5000	288	5000	289	5000	290	5000	291	5000	292	5000	293	5000	294	5000	295	5000	296	5000	297	5000	298	5000	299	5000	300	5000	301	5000	302	5000	303	5000	304	5000	305	5000	306	5000	307	5000	308	5000	309	5000	310	5000	311	5000	312	5000	313	5000	314	5000	315	5000	316	5000	317	5000	318	5000	319	5000	320	5000	321	5000	322	5000	323	5000	324	5000	325	5000	326	5000	327	5000	328	5000	329	5000	330	5000	331	5000	332	5000	333	5000	334	5000	335	5000	336	5000	337	5000	338	5000	339	5000	340	5000	341	5000	342	5	231	10000	232	10000	233	10000	234	10000	235	10000	236	10000	237	10000	238	10000	239	10000	240	10000	241	10000	242	10000	243	10000	244	10000	245	10000	246	10000	247	10000	248	10000	249	10000	250	5000	251	5000	252	5000	253	5000	254	5000	255	5000	256	5000	257	5000	258	5000	259	5000	260	5000	261	5000	262	5000	263	5000	264	5000	265	5000	266	5000	267	5000	268	5000	269	5000	270	5000	271	5000	272	5000	273	5000	274	5000	275	5000	276	5000	277	5000	278	5000	279	5000	280	5000	281	5000	282	5000	283	5000	284	5000	285	5000	286	5000	287	5000	288	5000	289	5000	290	5000	291	5000	292	5000	293	5000	294	5000	295	5000	296	5000	297	5000	298	5000	299	5000	300	5000	301	5000	302	5000	303	5000	304	5000	305	5000	306	5000	307	5000	308	5000	309	5000	310	5000	311	5000	312	5000	313	5000	314	5000	315	5000	316	5000	317	5000	318	5000	319	5000	320	5000	321	5000	322	5000	323	5000	324	5000	325	5000	326	5000	327	5000	328	5000	329	5000	330	5000	331	5000	332	5000	333	5000	334	5000	335	5000	336	5000	337	5000	338	5000	339	5000	340	5000	341	5000	342	5	231	10000	232	10000	233	10000	234	10000	235	10000	236	10000	237	10000	238	10000	239	10000	240	10000	241	10000	242	10000	243	10000	244	10000	245	10000	246	10000	247	10000	248	10000	249	10000	250	5000	251	5000	252	5000	253	5000	254	5000	255	5000	256	5000	257	5000	258	5000	259	5000	260	5000	261	5000	262	5000	263	5000	264	5000	265	5000	266	5000	267	5000	268	5000	269	5000	270	5000	271	5000	272	5000	273	5000	274	5000	275	5000	276	5000	277	5000	278	5000	279	5000	280	5000	281	5000	282	5000	283	5000	284	5000	285	5000	286	5000	287	5000	288	5000	289	5000	290	5000	291	5000	292	5000	293	5000	294	5000	295	5000	296	5000	297	5000	298	5000	299	5000	300	5000	301	5000	302	5000	303	5000	304	5000	305	5000	306	5000	307	5000	308	5000	309	5000	310	5000	311	5000	312	5000	313	5000	314	5000	315	5000	316	5000	317	5000	318	5000	319	5000	320	5000	321	5000	322	5000	323	5000	324	5000	325	5000	326	5000	327	5000	328	5000	329	5000	330	5000	331	5000	332	5000	333	5000	334	5000	335	5000	336	5000	337	5000	338	5000	339	5000	340	5000	341	5000	342	5	231	10000	232	10000	233	10000	234	10000	235	10000	236	10000	237	10000	238	10000	239	10000	240	10000	241	10000	242	10000	243	10000	244	10000	245	10000	246	10000	247	10000	248	10000	249	10000	250	5000	251	5000	252	5000	253	5000	254	5000	255	5000	256	5000	257	5000	258	5000	259	5000	260	5000	261	5000	262	5000	263	5000	264	5000	265	5000	266	5000	267	5000	268	5000	269	5000	270	5000	271	5000	272	5000	273	5000	274	5000	275	5000	276	5000	277	5000	278	5000	279	5000	280	5000	281	5000	282	5000	283	5000	284	5000	285	5000	286	5000	287	5000	288	5000	289	5000	290	5000	291	5000	292	5000	293	5000	294	5000	295	5000	296	5000	297	5000	298	5000	299	5000	300	5000	301	5000	302	5000	303	5000	304	5000	305	5000	306	5000	307	5000	308	5000	309	5000	310	5000	311	5000	312	5000	313	5000	314	5000	315	5000	316	5000	317	5000	318	5000	319	5000	320	5000	321	5000	322	5000	323	5000	324	5000	325	5000	326	5000	327	5000	328	5000	329	5000	330	5000	331	5000	332	5000	333	5000	334	5000	335	5000	336	5000	337	5000	338	5000	339	5000	340	5000	341	5000	342	5454	5000	0.009889	0.007537
000	343	5000	344	5000	345	5000	346	5000	347	5000	348	5000	349	5000	350	5000	351	5000	352	5000	353	5000	354	5000	355	5000	356	5000	357	5000	358	5000	359	5000	360	5000	361	5000	362	5000	363	5000	364	5000	365	5000	366	5000	367	5000	368	5000	369	5000	370	5000	371	5000	372	5000	373	5000	374	5000	375	5000	376	5000	377	5000	378	5000	379	5000	380	5000	381	5000	382	5000	383	5000	384	5000	385	5000	386	5000	387	5000	388	5000	389	5000	390	5000	391	5000	392	5000	393	5000	394	5000	395	5000	396	5000	397	5000	398	5000	399	5000	400	5000	401	5000	402	5000	403	5000	404	5000	405	5000	406	5000	407	5000	408	5000	409	5000	410	5000	411	5000	412	5000	413	5000	414	5000	415	5000	416	5000	417	5000	418	5000	419	5000	420	5000	421	5000	422	5000	423	5000	424	5000	425	5000	426	5000	427	5000	428	5000	429	5000	430	5000	431	5000	432	5000	433	5000	434	5000	435	5000	436	5000	437	5000	438	5000	439	5000	440	5000	441	5000	442	5000	443	5000	444	5000	445	5000	446	5000	447	5000	448	5000	449	5000	450	5000	451	5000	452	5000	453	5000	454	5000	455	5000	456000	343	5000	344	5000	345	5000	346	5000	347	5000	348	5000	349	5000	350	5000	351	5000	352	5000	353	5000	354	5000	355	5000	356	5000	357	5000	358	5000	359	5000	360	5000	361	5000	362	5000	363	5000	364	5000	365	5000	366	5000	367	5000	368	5000	369	5000	370	5000	371	5000	372	5000	373	5000	374	5000	375	5000	376	5000	377	5000	378	5000	379	5000	380	5000	381	5000	382	5000	383	5000	384	5000	385	5000	386	5000	387	5000	388	5000	389	5000	390	5000	391	5000	392	5000	393	5000	394	5000	395	5000	396	5000	397	5000	398	5000	399	5000	400	5000	401	5000	402	5000	403	5000	404	5000	405	5000	406	5000	407	5000	408	5000	409	5000	410	5000	411	5000	412	5000	413	5000	414	5000	415	5000	416	5000	417	5000	418	5000	419	5000	420	5000	421	5000	422	5000	423	5000	424	5000	425	5000	426	5000	427	5000	428	5000	429	5000	430	5000	431	5000	432	5000	433	5000	434	5000	435	5000	436	5000	437	5000	438	5000	439	5000	440	5000	441	5000	442	5000	443	5000	444	5000	445	5000	446	5000	447	5000	448	5000	449	5000	450	5000	451	5000	452	5000	453	5000	454	5000	455	5000	456000	343	5000	344	5000	345	5000	346	5000	347	5000	348	5000	349	5000	350	5000	351	5000	352	5000	353	5000	354	5000	355	5000	356	5000	357	5000	358	5000	359	5000	360	5000	361	5000	362	5000	363	5000	364	5000	365	5000	366	5000	367	5000	368	5000	369	5000	370	5000	371	5000	372	5000	373	5000	374	5000	375	5000	376	5000	377	5000	378	5000	379	5000	380	5000	381	5000	382	5000	383	5000	384	5000	385	5000	386	5000	387	5000	388	5000	389	5000	390	5000	391	5000	392	5000	393	5000	394	5000	395	5000	396	5000	397	5000	398	5000	399	5000	400	5000	401	5000	402	5000	403	5000	404	5000	405	5000	406	5000	407	5000	408	5000	409	5000	410	5000	411	5000	412	5000	413	5000	414	5000	415	5000	416	5000	417	5000	418	5000	419	5000	420	5000	421	5000	422	5000	423	5000	424	5000	425	5000	426	5000	427	5000	428	5000	429	5000	430	5000	431	5000	432	5000	433	5000	434	5000	435	5000	436	5000	437	5000	438	5000	439	5000	440	5000	441	5000	442	5000	443	5000	444	5000	445	5000	446	5000	447	5000	448	5000	449	5000	450	5000	451	5000	452	5000	453	5000	454	5000	455	5000	456000	343	5000	344	5000	345	5000	346	5000	347	5000	348	5000	349	5000	350	5000	351	5000	352	5000	353	5000	354	5000	355	5000	356	5000	357	5000	358	5000	359	5000	360	5000	361	5000	362	5000	363	5000	364	5000	365	5000	366	5000	367	5000	368	5000	369	5000	370	5000	371	5000	372	5000	373	5000	374	5000	375	5000	376	5000	377	5000	378	5000	379	5000	380	5000	381	5000	382	5000	383	5000	384	5000	385	5000	386	5000	387	5000	388	5000	389	5000	390	5000	391	5000	392	5000	393	5000	394	5000	395	5000	396	5000	397	5000	398	5000	399	5000	400	5000	401	5000	402	5000	403	5000	404	5000	405	5000	406	5000	407	5000	408	5000	409	5000	410	5000	411	5000	412	5000	413	5000	414	5000	415	5000	416	5000	417	5000	418	5000	419	5000	420	5000	421	5000	422	5000	423	5000	424	5000	425	5000	426	5000	427	5000	428	5000	429	5000	430	5000	431	5000	432	5000	433	5000	434	5000	435	5000	436	5000	437	5000	438	5000	439	5000	440	5000	441	5000	442	5000	443	5000	444	5000	445	5000	446	5000	447	5000	448	5000	449	5000	450	5000	451	5000	452	5000	453	5000	454	5000	455	5000	4560	5000	1	5000	2	5000	3	5000	4	5000	5	5000	6	5000	7	5000	8	5000	9	5000	10	5000	11	5000	12	5000	13	5000	14	5000	15	5000	16	5000	17	5000	18	5000	19	5000	20	5000	21	5000	22	5000	23	5000	24	5000	25	5000	26	5000	27	5000	28	5000	29	5000	30	5000	31	5000	32	5000	33	5000	34	5000	35	5000	36	5000	37	5000	38	5000	39	5000	40	5000	41	5000	42	5000	43	5000	44	5000	45	5000	46	5000	47	5000	48	5000	49	5000	50	5000	51	5000	52	5000	53	5000	54	5000	55	5000	56	5000	57	5000	58	5000	59	5000	60	5000	61	5000	62	5000	63	5000	64	5000	65	5000	66	5000	67	5000	68	5000	69	5000	70	5000	71	5000	72	5000	73	5000	74	5000	75	5000	76	5000	77	5000	78	5000	79	5000	80	5000	81	5000	82	5000	83	5000	84	5000	85	5000	86	5000	87	5000	88	5000	89	5000	90	5000	91	5000	92	5000	93	5000	94	5000	95	5000	96	5000	97	5000	98	5000	99	5000	100	5000	101	5000	102	5000	103	5000	104	5000	105	5000	106	5000	107	5000	108	5000	109	5000	110	5000	111	5000	112	5000	113	5000	114	5000	115	5000	116	5000	117	5000	118	5000	119	5000	120	5000	121	5000	122	5000	123	5000	124	5000	125	5000	0	5000	1	5000	2	5000	3	5000	4	5000	5	5000	6	5000	7	5000	8	5000	9	5000	10	5000	11	5000	12	5000	13	5000	14	5000	15	5000	16	5000	17	5000	18	5000	19	5000	20	5000	21	5000	22	5000	23	5000	24	5000	25	5000	26	5000	27	5000	28	5000	29	5000	30	5000	31	5000	32	5000	33	5000	34	5000	35	5000	36	5000	37	5000	38	5000	39	5000	40	5000	41	5000	42	5000	43	5000	44	5000	45	5000	46	5000	47	5000	48	5000	49	5000	50	5000	51	5000	52	5000	53	5000	54	5000	55	5000	56	5000	57	5000	58	5000	59	5000	60	5000	61	5000	62	5000	63	5000	64	5000	65	5000	66	5000	67	5000	68	5000	69	5000	70	5000	71	5000	72	5000	73	5000	74	5000	75	5000	76	5000	77	5000	78	5000	79	5000	80	5000	81	5000	82	5000	83	5000	84	5000	85	5000	86	5000	87	5000	88	5000	89	5000	90	5000	91	5000	92	5000	93	5000	94	5000	95	5000	96	5000	97	5000	98	5000	99	5000	100	5000	101	5000	102	5000	103	5000	104	5000	105	5000	106	5000	107	5000	108	5000	109	5000	110	5000	111	5000	112	5000	113	5000	114	5000	115	5000	116	5000	117	5000	118	5000	119	5000	120	5000	121	5000	122	5000	123	5000	124	5000	125	5000	0	5000	1	5000	2	5000	3	5000	4	5000	5	5000	6	5000	7	5000	8	5000	9	5000	10	5000	11	5000	12	5000	13	5000	14	5000	15	5000	16	5000	17	5000	18	5000	19	5000	20	5000	21	5000	22	5000	23	5000	24	5000	25	5000	26	5000	27	5000	28	5000	29	5000	30	5000	31	5000	32	5000	33	5000	34	5000	35	5000	36	5000	37	5000	38	5000	39	5000	40	5000	41	5000	42	5000	43	5000	44	5000	45	5000	46	5000	47	5000	48	5000	49	5000	50	5000	51	5000	52	5000	53	5000	54	5000	55	5000	56	5000	57	5000	58	5000	59	5000	60	5000	61	5000	62	5000	63	5000	64	5000	65	5000	66	5000	67	5000	68	5000	69	5000	70	5000	71	5000	72	5000	73	5000	74	5000	75	5000	76	5000	77	5000	78	5000	79	5000	80	5000	81	5000	82	5000	83	5000	84	5000	85	5000	86	5000	87	5000	88	5000	89	5000	90	5000	91	5000	92	5000	93	5000	94	5000	95	5000	96	5000	97	5000	98	5000	99	5000	100	5000	101	5000	102	5000	103	5000	104	5000	105	5000	106	5000	107	5000	108	5000	109	5000	110	5000	111	5000	112	5000	113	5000	114	5000	115	5000	116	5000	117	5000	118	5000	119	5000	120	5000	121	5000	122	5000	123	5000	124	5000	125	5000	0	5000	1	5000	2	5000	3	5000	4	5000	5	5000	6	5000	7	5000	8	5000	9	5000	10	5000	11	5000	12	5000	13	5000	14	5000	15	5000	16	5000	17	5000	18	5000	19	5000	20	5000	21	5000	22	5000	23	5000	24	5000	25	5000	26	5000	27	5000	28	5000	29	5000	30	5000	31	5000	32	5000	33	5000	34	5000	35	5000	36	5000	37	5000	38	5000	39	5000	40	5000	41	5000	42	5000	43	5000	44	5000	45	5000	46	5000	47	5000	48	5000	49	5000	50	5000	51	5000	52	5000	53	5000	54	5000	55	5000	56	5000	57	5000	58	5000	59	5000	60	5000	61	5000	62	5000	63	5000	64	5000	65	5000	66	5000	67	5000	68	5000	69	5000	70	5000	71	5000	72	5000	73	5000	74	5000	75	5000	76	5000	77	5000	78	5000	79	5000	80	5000	81	5000	82	5000	83	5000	84	5000	85	5000	86	5000	87	5000	88	5000	89	5000	90	5000	91	5000	92	5000	93	5000	94	5000	95	5000	96	5000	97	5000	98	5000	99	5000	100	5000	101	5000	102	5000	103	5000	104	5000	105	5000	106	5000	107	5000	108	5000	109	5000	110	5000	111	5000	112	5000	113	5000	114	5000	115	5000	116	5000	117	5000	118	5000	119	5000	120	5000	121	5000	122	5000	123	5000	124	5000	125	5000	0	5000	1	5000	2	5000	3	5000	4	5000	5	5000	6	5000	7	5000	8	5000	9	5000	10	5000	11	5000	12	5000	13	5000	14	5000	15	5000	16	5000	17	5000	18	5000	19	5000	20	5000	21	5000	22	5000	23	5000	24	5000	25	5000	26	5000	27	5000	28	5000	29	5000	30	5000	31	5000	32	5000	33	5000	34	5000	35	5000	36	5000	37	5000	38	5000	39	5000	40	5000	41	5000	42	5000	43	5000	44	5000	45	5000	46	5000	47	5000	48	5000	49	5000	50	5000	51	5000	52	5000	53	5000	54	5000	55	5000	56	5000	57	5000	58	5000	59	5000	60	5000	61	5000	62	5000	63	5000	64	5000	65	5000	66	5000	67	5000	68	5000	69	5000	70	5000	71	5000	72	5000	73	5000	74	5000	75	5000	76	5000	77	5000	78	5000	79	5000	80	5000	81	5000	82	5000	83	5000	84	5000	85	5000	86	5000	87	5000	88	5000	89	5000	90	5000	91	5000	92	5000	93	5000	94	5000	95	5000	96	5000	97	5000	98	5000	99	5000	100	5000	101	5000	102	5000	103	5000	104	5000	105	5000	106	5000	107	5000	108	5000	109	5000	110	5000	111	5000	112	5000	113	5000	114	5000	115	5000	116	5000	117	5000	118	5000	119	5000	120	5000	121	5000	122	5000	123	5000	124	5000	125	5000	126	5000	127	5000	128	5000	129	5000	130	5000	131	5000	132	5000	133	5000	134	5000	135	5000	136	5000	137	5000	138	5000	139	5000	140	5000	141	5000	142	5000	143	5000	144	5000	145	5000	146	5000	147	5000	148	5000	149	5000	150	5000	151	10000	152	10000	153	10000	154	10000	155	10000	156	10000	157	10000	158	10000	159	10000	160	10000	161	10000	162	10000	163	10000	164	10000	165	10000	166	10000	167	10000	168	10000	169	10000	170	10000	171	10000	172	10000	173	10000	174	10000	175	10000	176	20000	177	20000	178	20000	179	20000	180	20000	181	20000	182	20000	183	20000	184	20000	185	20000	186	20000	187	20000	188	20000	189	20000	190	10000	191	10000	192	10000	193	10000	194	10000	195	10000	196	10000	197	10000	198	10000	199	10000	200	10000	201	10000	202	10000	203	10000	204	10000	205	10000	206	10000	207	10000	208	10000	209	10000	210	10000	211	10000	212	10000	213	10000	214	10000	215	10000	216	10000	217	10000	218	10000	219	10000	220	10000	221	10000	222	10000	223	10000	224	10000	225	10000	226	10000	227	10000	228	10000	229	10000	230	10000126	5000	127	5000	128	5000	129	5000	130	5000	131	5000	132	5000	133	5000	134	5000	135	5000	136	5000	137	5000	138	5000	139	5000	140	5000	141	5000	142	5000	143	5000	144	5000	145	5000	146	5000	147	5000	148	5000	149	5000	150	5000	151	10000	152	10000	153	10000	154	10000	155	10000	156	10000	157	10000	158	10000	159	10000	160	10000	161	10000	162	10000	163	10000	164	10000	165	10000	166	10000	167	10000	168	10000	169	10000	170	10000	171	10000	172	10000	173	10000	174	10000	175	10000	176	20000	177	20000	178	20000	179	20000	180	20000	181	20000	182	20000	183	20000	184	20000	185	20000	186	20000	187	20000	188	20000	189	20000	190	10000	191	10000	192	10000	193	10000	194	10000	195	10000	196	10000	197	10000	198	10000	199	10000	200	10000	201	10000	202	10000	203	10000	204	10000	205	10000	206	10000	207	10000	208	10000	209	10000	210	10000	211	10000	212	10000	213	10000	214	10000	215	10000	216	10000	217	10000	218	10000	219	10000	220	10000	221	10000	222	10000	223	10000	224	10000	225	10000	226	10000	227	10000	228	10000	229	10000	230	10000126	5000	127	5000	128	5000	129	5000	130	5000	131	5000	132	5000	133	5000	134	5000	135	5000	136	5000	137	5000	138	5000	139	5000	140	5000	141	5000	142	5000	143	5000	144	5000	145	5000	146	5000	147	5000	148	5000	149	5000	150	5000	151	10000	152	10000	153	10000	154	10000	155	10000	156	10000	157	10000	158	10000	159	10000	160	10000	161	10000	162	10000	163	10000	164	10000	165	10000	166	10000	167	10000	168	10000	169	10000	170	10000	171	10000	172	10000	173	10000	174	10000	175	10000	176	20000	177	20000	178	20000	179	20000	180	20000	181	20000	182	20000	183	20000	184	20000	185	20000	186	20000	187	20000	188	20000	189	20000	190	10000	191	10000	192	10000	193	10000	194	10000	195	10000	196	10000	197	10000	198	10000	199	10000	200	10000	201	10000	202	10000	203	10000	204	10000	205	10000	206	10000	207	10000	208	10000	209	10000	210	10000	211	10000	212	10000	213	10000	214	10000	215	10000	216	10000	217	10000	218	10000	219	10000	220	10000	221	10000	222	10000	223	10000	224	10000	225	10000	226	10000	227	10000	228	10000	229	10000	230	10000126	5000	127	5000	128	5000	129	5000	130	5000	131	5000	132	5000	133	5000	134	5000	135	5000	136	5000	137	5000	138	5000	139	5000	140	5000	141	5000	142	5000	143	5000	144	5000	145	5000	146	5000	147	5000	148	5000	149	5000	150	5000	151	10000	152	10000	153	10000	154	10000	155	10000	156	10000	157	10000	158	10000	159	10000	160	10000	161	10000	162	10000	163	10000	164	10000	165	10000	166	10000	167	10000	168	10000	169	10000	170	10000	171	10000	172	10000	173	10000	174	10000	175	10000	176	20000	177	20000	178	20000	179	20000	180	20000	181	20000	182	20000	183	20000	184	20000	185	20000	186	20000	187	20000	188	20000	189	20000	190	10000	191	10000	192	10000	193	10000	194	10000	195	10000	196	10000	197	10000	198	10000	199	10000	200	10000	201	10000	202	10000	203	10000	204	10000	205	10000	206	10000	207	10000	208	10000	209	10000	210	10000	211	10000	212	10000	213	10000	214	10000	215	10000	216	10000	217	10000	218	10000	219	10000	220	10000	221	10000	222	10000	223	10000	224	10000	225	10000	226	10000	227	10000	228	10000	229	10000	230	10000126	5000	127	5000	128	5000	129	5000	130	5000	131	5000	132	5000	133	5000	134	5000	135	5000	136	5000	137	5000	138	5000	139	5000	140	5000	141	5000	142	5000	143	5000	144	5000	145	5000	146	5000	147	5000	148	5000	149	5000	150	5000	151	10000	152	10000	153	10000	154	10000	155	10000	156	10000	157	10000	158	10000	159	10000	160	10000	161	10000	162	10000	163	10000	164	10000	165	10000	166	10000	167	10000	168	10000	169	10000	170	10000	171	10000	172	10000	173	10000	174	10000	175	10000	176	20000	177	20000	178	20000	179	20000	180	20000	181	20000	182	20000	183	20000	184	20000	185	20000	186	20000	187	20000	188	20000	189	20000	190	10000	191	10000	192	10000	193	10000	194	10000	195	10000	196	10000	197	10000	198	10000	199	10000	200	10000	201	10000	202	10000	203	10000	204	10000	205	10000	206	10000	207	10000	208	10000	209	10000	210	10000	211	10000	212	10000	213	10000	214	10000	215	10000	216	10000	217	10000	218	10000	219	10000	220	10000	221	10000	222	10000	223	10000	224	10000	225	10000	226	10000	227	10000	228	10000	229	10000	230	10000	231	10000	232	10000	233	10000	234	10000	235	10000	236	10000	237	10000	238	10000	239	10000	240	10000	241	10000	242	10000	243	10000	244	10000	245	10000	246	10000	247	10000	248	10000	249	10000	250	5000	251	5000	252	5000	253	5000	254	5000	255	5000	256	5000	257	5000	258	5000	259	5000	260	5000	261	5000	262	5000	263	5000	264	5000	265	5000	266	5000	267	5000	268	5000	269	5000	270	5000	271	5000	272	5000	273	5000	274	5000	275	5000	276	5000	277	5000	278	5000	279	5000	280	5000	281	5000	282	5000	283	5000	284	5000	285	5000	286	5000	287	5000	288	5000	289	5000	290	5000	291	5000	292	5000	293	5000	294	5000	295	5000	296	5000	297	5000	298	5000	299	5000	300	5000	301	5000	302	5000	303	5000	304	5000	305	5000	306	5000	307	5000	308	5000	309	5000	310	5000	311	5000	312	5000	313	5000	314	5000	315	5000	316	5000	317	5000	318	5000	319	5000	320	5000	321	5000	322	5000	323	5000	324	5000	325	5000	326	5000	327	5000	328	5000	329	5000	330	5000	331	5000	332	5000	333	5000	334	5000	335	5000	336	5000	337	5000	338	5000	339	5000	340	5000	341	5000	342	5	231	10000	232	10000	233	10000	234	10000	235	10000	236	10000	237	10000	238	10000	239	10000	240	10000	241	10000	242	10000	243	10000	244	10000	245	10000	246	10000	247	10000	248	10000	249	10000	250	5000	251	5000	252	5000	253	5000	254	5000	255	5000	256	5000	257	5000	258	5000	259	5000	260	5000	261	5000	262	5000	263	5000	264	5000	265	5000	266	5000	267	5000	268	5000	269	5000	270	5000	271	5000	272	5000	273	5000	274	5000	275	5000	276	5000	277	5000	278	5000	279	5000	280	5000	281	5000	282	5000	283	5000	284	5000	285	5000	286	5000	287	5000	288	5000	289	5000	290	5000	291	5000	292	5000	293	5000	294	5000	295	5000	296	5000	297	5000	298	5000	299	5000	300	5000	301	5000	302	5000	303	5000	304	5000	305	5000	306	5000	307	5000	308	5000	309	5000	310	5000	311	5000	312	5000	313	5000	314	5000	315	5000	316	5000	317	5000	318	5000	319	5000	320	5000	321	5000	322	5000	323	5000	324	5000	325	5000	326	5000	327	5000	328	5000	329	5000	330	5000	331	5000	332	5000	333	5000	334	5000	335	5000	336	5000	337	5000	338	5000	339	5000	340	5000	341	5000	342	5	231	10000	232	10000	233	10000	234	10000	235	10000	236	10000	237	10000	238	10000	239	10000	240	10000	241	10000	242	10000	243	10000	244	10000	245	10000	246	10000	247	10000	248	10000	249	10000	250	5000	251	5000	252	5000	253	5000	254	5000	255	5000	256	5000	257	5000	258	5000	259	5000	260	5000	261	5000	262	5000	263	5000	264	5000	265	5000	266	5000	267	5000	268	5000	269	5000	270	5000	271	5000	272	5000	273	5000	274	5000	275	5000	276	5000	277	5000	278	5000	279	5000	280	5000	281	5000	282	5000	283	5000	284	5000	285	5000	286	5000	287	5000	288	5000	289	5000	290	5000	291	5000	292	5000	293	5000	294	5000	295	5000	296	5000	297	5000	298	5000	299	5000	300	5000	301	5000	302	5000	303	5000	304	5000	305	5000	306	5000	307	5000	308	5000	309	5000	310	5000	311	5000	312	5000	313	5000	314	5000	315	5000	316	5000	317	5000	318	5000	319	5000	320	5000	321	5000	322	5000	323	5000	324	5000	325	5000	326	5000	327	5000	328	5000	329	5000	330	5000	331	5000	332	5000	333	5000	334	5000	335	5000	336	5000	337	5000	338	5000	339	5000	340	5000	341	5000	342	5	231	10000	232	10000	233	10000	234	10000	235	10000	236	10000	237	10000	238	10000	239	10000	240	10000	241	10000	242	10000	243	10000	244	10000	245	10000	246	10000	247	10000	248	10000	249	10000	250	5000	251	5000	252	5000	253	5000	254	5000	255	5000	256	5000	257	5000	258	5000	259	5000	260	5000	261	5000	262	5000	263	5000	264	5000	265	5000	266	5000	267	5000	268	5000	269	5000	270	5000	271	5000	272	5000	273	5000	274	5000	275	5000	276	5000	277	5000	278	5000	279	5000	280	5000	281	5000	282	5000	283	5000	284	5000	285	5000	286	5000	287	5000	288	5000	289	5000	290	5000	291	5000	292	5000	293	5000	294	5000	295	5000	296	5000	297	5000	298	5000	299	5000	300	5000	301	5000	302	5000	303	5000	304	5000	305	5000	306	5000	307	5000	308	5000	309	5000	310	5000	311	5000	312	5000	313	5000	314	5000	315	5000	316	5000	317	5000	318	5000	319	5000	320	5000	321	5000	322	5000	323	5000	324	5000	325	5000	326	5000	327	5000	328	5000	329	5000	330	5000	331	5000	332	5000	333	5000	334	5000	335	5000	336	5000	337	5000	338	5000	339	5000	340	5000	341	5000	342	5	231	10000	232	10000	233	10000	234	10000	235	10000	236	10000	237	10000	238	10000	239	10000	240	10000	241	10000	242	10000	243	10000	244	10000	245	10000	246	10000	247	10000	248	10000	249	10000	250	5000	251	5000	252	5000	253	5000	254	5000	255	5000	256	5000	257	5000	258	5000	259	5000	260	5000	261	5000	262	5000	263	5000	264	5000	265	5000	266	5000	267	5000	268	5000	269	5000	270	5000	271	5000	272	5000	273	5000	274	5000	275	5000	276	5000	277	5000	278	5000	279	5000	280	5000	281	5000	282	5000	283	5000	284	5000	285	5000	286	5000	287	5000	288	5000	289	5000	290	5000	291	5000	292	5000	293	5000	294	5000	295	5000	296	5000	297	5000	298	5000	299	5000	300	5000	301	5000	302	5000	303	5000	304	5000	305	5000	306	5000	307	5000	308	5000	309	5000	310	5000	311	5000	312	5000	313	5000	314	5000	315	5000	316	5000	317	5000	318	5000	319	5000	320	5000	321	5000	322	5000	323	5000	324	5000	325	5000	326	5000	327	5000	328	5000	329	5000	330	5000	331	5000	332	5000	333	5000	334	5000	335	5000	336	5000	337	5000	338	5000	339	5000	340	5000	341	5000	342	5000	343	5000	344	5000	345	5000	346	5000	347	5000	348	5000	349	5000	350	5000	351	5000	352	5000	353	5000	354	5000	355	5000	356	5000	357	5000	358	5000	359	5000	360	5000	361	5000	362	5000	363	5000	364	5000	365	5000	366	5000	367	5000	368	5000	369	5000	370	5000	371	5000	372	5000	373	5000	374	5000	375	5000	376	5000	377	5000	378	5000	379	5000	380	5000	381	5000	382	5000	383	5000	384	5000	385	5000	386	5000	387	5000	388	5000	389	5000	390	5000	391	5000	392	5000	393	5000	394	5000	395	5000	396	5000	397	5000	398	5000	399	5000	400	5000	401	5000	402	5000	403	5000	404	5000	405	5000	406	5000	407	5000	408	5000	409	5000	410	5000	411	5000	412	5000	413	5000	414	5000	415	5000	416	5000	417	5000	418	5000	419	5000	420	5000	421	5000	422	5000	423	5000	424	5000	425	5000	426	5000	427	5000	428	5000	429	5000	430	5000	431	5000	432	5000	433	5000	434	5000	435	5000	436	5000	437	5000	438	5000	439	5000	440	5000	441	5000	442	5000	443	5000	444	5000	445	5000	446	5000	447	5000	448	5000	449	5000	450	5000	451	5000	452	5000	453	5000	454	5000	455	5000	456000	343	5000	344	5000	345	5000	346	5000	347	5000	348	5000	349	5000	350	5000	351	5000	352	5000	353	5000	354	5000	355	5000	356	5000	357	5000	358	5000	359	5000	360	5000	361	5000	362	5000	363	5000	364	5000	365	5000	366	5000	367	5000	368	5000	369	5000	370	5000	371	5000	372	5000	373	5000	374	5000	375	5000	376	5000	377	5000	378	5000	379	5000	380	5000	381	5000	382	5000	383	5000	384	5000	385	5000	386	5000	387	5000	388	5000	389	5000	390	5000	391	5000	392	5000	393	5000	394	5000	395	5000	396	5000	397	5000	398	5000	399	5000	400	5000	401	5000	402	5000	403	5000	404	5000	405	5000	406	5000	407	5000	408	5000	409	5000	410	5000	411	5000	412	5000	413	5000	414	5000	415	5000	416	5000	417	5000	418	5000	419	5000	420	5000	421	5000	422	5000	423	5000	424	5000	425	5000	426	5000	427	5000	428	5000	429	5000	430	5000	431	5000	432	5000	433	5000	434	5000	435	5000	436	5000	437	5000	438	5000	439	5000	440	5000	441	5000	442	5000	443	5000	444	5000	445	5000	446	5000	447	5000	448	5000	449	5000	450	5000	451	5000	452	5000	453	5000	454	5000	455	5000	456000	343	5000	344	5000	345	5000	346	5000	347	5000	348	5000	349	5000	350	5000	351	5000	352	5000	353	5000	354	5000	355	5000	356	5000	357	5000	358	5000	359	5000	360	5000	361	5000	362	5000	363	5000	364	5000	365	5000	366	5000	367	5000	368	5000	369	5000	370	5000	371	5000	372	5000	373	5000	374	5000	375	5000	376	5000	377	5000	378	5000	379	5000	380	5000	381	5000	382	5000	383	5000	384	5000	385	5000	386	5000	387	5000	388	5000	389	5000	390	5000	391	5000	392	5000	393	5000	394	5000	395	5000	396	5000	397	5000	398	5000	399	5000	400	5000	401	5000	402	5000	403	5000	404	5000	405	5000	406	5000	407	5000	408	5000	409	5000	410	5000	411	5000	412	5000	413	5000	414	5000	415	5000	416	5000	417	5000	418	5000	419	5000	420	5000	421	5000	422	5000	423	5000	424	5000	425	5000	426	5000	427	5000	428	5000	429	5000	430	5000	431	5000	432	5000	433	5000	434	5000	435	5000	436	5000	437	5000	438	5000	439	5000	440	5000	441	5000	442	5000	443	5000	444	5000	445	5000	446	5000	447	5000	448	5000	449	5000	450	5000	451	5000	452	5000	453	5000	454	5000	455	5000	456000	343	5000	344	5000	345	5000	346	5000	347	5000	348	5000	349	5000	350	5000	351	5000	352	5000	353	5000	354	5000	355	5000	356	5000	357	5000	358	5000	359	5000	360	5000	361	5000	362	5000	363	5000	364	5000	365	5000	366	5000	367	5000	368	5000	369	5000	370	5000	371	5000	372	5000	373	5000	374	5000	375	5000	376	5000	377	5000	378	5000	379	5000	380	5000	381	5000	382	5000	383	5000	384	5000	385	5000	386	5000	387	5000	388	5000	389	5000	390	5000	391	5000	392	5000	393	5000	394	5000	395	5000	396	5000	397	5000	398	5000	399	5000	400	5000	401	5000	402	5000	403	5000	404	5000	405	5000	406	5000	407	5000	408	5000	409	5000	410	5000	411	5000	412	5000	413	5000	414	5000	415	5000	416	5000	417	5000	418	5000	419	5000	420	5000	421	5000	422	5000	423	5000	424	5000	425	5000	426	5000	427	5000	428	5000	429	5000	430	5000	431	5000	432	5000	433	5000	434	5000	435	5000	436	5000	437	5000	438	5000	439	5000	440	5000	441	5000	442	5000	443	5000	444	5000	445	5000	446	5000	447	5000	448	5000	449	5000	450	5000	451	5000	452	5000	453	5000	454	5000	455	5000	456000	343	5000	344	5000	345	5000	346	5000	347	5000	348	5000	349	5000	350	5000	351	5000	352	5000	353	5000	354	5000	355	5000	356	5000	357	5000	358	5000	359	5000	360	5000	361	5000	362	5000	363	5000	364	5000	365	5000	366	5000	367	5000	368	5000	369	5000	370	5000	371	5000	372	5000	373	5000	374	5000	375	5000	376	5000	377	5000	378	5000	379	5000	380	5000	381	5000	382	5000	383	5000	384	5000	385	5000	386	5000	387	5000	388	5000	389	5000	390	5000	391	5000	392	5000	393	5000	394	5000	395	5000	396	5000	397	5000	398	5000	399	5000	400	5000	401	5000	402	5000	403	5000	404	5000	405	5000	406	5000	407	5000	408	5000	409	5000	410	5000	411	5000	412	5000	413	5000	414	5000	415	5000	416	5000	417	5000	418	5000	419	5000	420	5000	421	5000	422	5000	423	5000	424	5000	425	5000	426	5000	427	5000	428	5000	429	5000	430	5000	431	5000	432	5000	433	5000	434	5000	435	5000	436	5000	437	5000	438	5000	439	5000	440	5000	441	5000	442	5000	443	5000	444	5000	445	5000	446	5000	447	5000	448	5000	449	5000	450	5000	451	5000	452	5000	453	5000	454	5000	455	5000	456455	5000	0.009694	0.007368
456	5000	0.009728	0.007361
457	5000	0.009867	0.007501
458	5000	0.009652	0.007405
459	5000	0.009472	0.007226
460	5000	0.009563	0.007214
461	5000	0.009653	0.007228
462	5000	0.009509	0.007111
463	5000	0.009517	0.007197
464	5000	0.009261	0.007038
465	5000	0.009370	0.007055
466	5000	0.009361	0.007091
467	5000	0.009338	0.007155
468	5000	0.009571	0.007200
469	5000	0.009565	0.007241
470	5000	0.009339	0.006967
471	5000	0.009263	0.006929
472	5000	0.009194	0.007005
473	5000	0.009279	0.007001
474	5000	0.009354	0.007088
475	5000	0.009205	0.006946
476	5000	0.009092	0.006867
477	5000	0.009276	0.007004
478	5000	0.009003	0.006829
479	5000	0.009125	0.006841
480	5000	0.009048	0.006870
481	5000	0.009155	0.006917
482	5000	0.009260	0.007083
483	5000	0.008985	0.006801
484	5000	0.009069	0.006888
485	5000	0.009140	0.007056
486	5000	0.008980	0.006773
487	5000	0.008956	0.006757
488	5000	0.009000	0.006705
489	5000	0.009075	0.006782
490	5000	0.008985	0.006821
491	5000	0.009141	0.006969
492	5000	0.009066	0.006897
493	5000	0.008621	0.006568
494	5000	0.009172	0.006920
495	5000	0.008781	0.006545
496	5000	0.008804	0.006726
497	5000	0.008880	0.006620
498	5000	0.008828	0.006610
499	5000	0.008973	0.006734
500	5000	0.008757	0.006685
501	5000	0.008806	0.006730
502	5000	0.008747	0.006574
503	5000	0.008622	0.006543
504	5000	0.008708	0.006590
505	5000	0.008732	0.006625
506	5000	0.008621	0.006470
507	5000	0.008857	0.006624
508	5000	0.008686	0.006605
509	5000	0.008733	0.006494
510	5000	0.008565	0.006556
511	5000	0.008586	0.006517
512	5000	0.008650	0.006560
513	5000	0.008506	0.006452
514	5000	0.008454	0.006306
515	5000	0.008646	0.006630
516	5000	0.008390	0.006302
517	5000	0.008458	0.006253
518	5000	0.008428	0.006424
519	5000	0.008451	0.006316
520	5000	0.008044	0.006079
521	5000	0.008590	0.006474
522	5000	0.008185	0.006169
523	5000	0.008537	0.006459
524	5000	0.008371	0.006300
525	5000	0.008436	0.006432
526	5000	0.008494	0.006500
527	5000	0.008396	0.006276
528	5000	0.008550	0.006445
529	5000	0.008375	0.006232
530	5000	0.008271	0.006291
531	5000	0.008203	0.006153
532	5000	0.008025	0.005994
533	5000	0.008109	0.006094
534	5000	0.008146	0.006209
535	5000	0.008041	0.006097
536	5000	0.007824	0.005854
537	5000	0.008424	0.006389
538	5000	0.008408	0.006200
539	5000	0.007793	0.006055
540	5000	0.007728	0.006064
541	5000	0.008028	0.006150
542	5000	0.007900	0.006030
543	5000	0.007503	0.005898
544	5000	0.007924	0.005834
545	5000	0.007878	0.006069
546	5000	0.008111	0.006263
547	5000	0.008073	0.006108
548	5000	0.007943	0.005896
549	5000	0.008324	0.006307
550	5000	0.007868	0.006010
551	5000	0.008057	0.006104
552	5000	0.008145	0.006178
553	5000	0.008507	0.006322
554	5000	0.008469	0.006296
555	5000	0.008228	0.006343
556	5000	0.007945	0.005922
557	5000	0.008136	0.006295
558	5000	0.007956	0.005834
559	5000	0.007976	0.006045
560	5000	0.007745	0.005738
561	5000	0.007682	0.005849
562	5000	0.007842	0.005673
563	5000	0.008188	0.006278
564	5000	0.008354	0.006151
565	5000	0.008960	0.007025
566	5000	0.008354	0.006342
567	5000	0.008185	0.006531
568	5000	0.008054	0.006086
569	5000	0.008151	0.006383
570	5000	0.009067	0.006542
571	5000	0.008153	0.006263
572	5000	0.008026	0.005973
573	5000	0.008108	0.006033
574	5000	0.007799	0.006032
575	5000	0.008493	0.006281
576	5000	0.007990	0.006010
577	5000	0.007745	0.005622
578	5000	0.008838	0.006526
579	5000	0.007644	0.005565
580	5000	0.007956	0.005721
581	5000	0.009503	0.007840
582	5000	0.006694	0.005107
583	5000	0.008027	0.005970
584	5000	0.008119	0.006373
585	5000	0.006880	0.005599
586	5000	0.008254	0.006227
587	5000	0.008255	0.005508
588	5000	0.007583	0.005873
589	5000	0.008067	0.005745
590	5000	0.009529	0.007043
591	5000	0.007880	0.005870
592	5000	0.008292	0.005805
593	5000	0.008183	0.005592
594	5000	0.009625	0.007029
595	5000	0.007731	0.005814
596	5000	0.008868	0.007451
597	5000	0.008410	0.006768
598	5000	0.008275	0.006478
599	5000	0.006568	0.004771
600	5000	0.009332	0.006074
601	5000	0.008803	0.006472
602	5000	0.007448	0.006150
603	5000	0.008055	0.006123
604	5000	0.009203	0.006799
605	5000	0.007411	0.005871
606	5000	0.009253	0.006560
	5000	457	5000	458	5000	459	5000	460	5000	461	5000	462	5000	463	5000	464	5000	465	5000	466	5000	467	5000	468	5000	469	5000	470	5000	471	5000	472	5000	473	5000	474	5000	475	5000	476	5000	477	5000	478	5000	479	5000	480	5000	481	5000	482	5000	483	5000	484	5000	485	5000	486	5000	487	5000	488	5000	489	5000	490	5000	491	5000	492	5000	493	5000	494	5000	495	5000	496	5000	497	5000	498	5000	499	5000	500	5000	501	5000	502	5000	503	5000	504	5000	505	5000	506	5000	507	5000	508	5000	509	5000	510	5000	511	5000	512	5000	513	5000	514	5000	515	5000	516	5000	517	5000	518	5000	519	5000	520	5000	521	5000	522	5000	523	5000	524	5000	525	5000	526	5000	527	5000	528	5000	529	5000	530	5000	531	5000	532	5000	533	5000	534	5000	535	5000	536	5000	537	5000	538	5000	539	5000	540	5000	541	5000	542	5000	543	5000	544	5000	545	5000	546	5000	547	5000	548	5000	549	5000	550	5000	551	5000	552	5000	553	5000	554	5000	555	5000	556	5000	557	5000	558	5000	559	5000	560	5000	561	5000	562	5000	563	5000	564	5000	565	5000	566	5000	567	5000	568	5000	569	5000	570	5000	571	5000	572	5000	573	5000	574	5000	575	5000	576	5000	577	5000	578	5000	579	5000	580	5000	581	5000	582	5000	583	5000	584	5000	585	5000	586	5000	587	5000	588	5000	589	5000	590	5000	591	5000	592	5000	593	5000	594	5000	595	5000	596	5000	597	5000	598	5000	599	5000	600	5000	601	5000	602	5000	603	5000	604	5000	605	5000	606	5000	607	5000	608	5000	609	5000	610	5000	611	5000	612	5000	613	5000	614	5000	615	5000	616	5000	617	5000	618	5000	619	5000	620	5000	621	5000	622	5000	623	5000	624	5000	625	5000	626	5000	627	5000	628	5000	629	5000	630	5000	631	5000	632	5000	633	5000	634	5000	635	5000	636	5000	637	5000	638	5000	639	5000	640	5000	641	5000	642	5000	643	5000	644	5000	645	5000	646	5000	647	5000	648	5000	649	5000	
	5000	457	5000	458	5000	459	5000	460	5000	461	5000	462	5000	463	5000	464	5000	465	5000	466	5000	467	5000	468	5000	469	5000	470	5000	471	5000	472	5000	473	5000	474	5000	475	5000	476	5000	477	5000	478	5000	479	5000	480	5000	481	5000	482	5000	483	5000	484	5000	485	5000	486	5000	487	5000	488	5000	489	5000	490	5000	491	5000	492	5000	493	5000	494	5000	495	5000	496	5000	497	5000	498	5000	499	5000	500	5000	501	5000	502	5000	503	5000	504	5000	505	5000	506	5000	507	5000	508	5000	509	5000	510	5000	511	5000	512	5000	513	5000	514	5000	515	5000	516	5000	517	5000	518	5000	519	5000	520	5000	521	5000	522	5000	523	5000	524	5000	525	5000	526	5000	527	5000	528	5000	529	5000	530	5000	531	5000	532	5000	533	5000	534	5000	535	5000	536	5000	537	5000	538	5000	539	5000	540	5000	541	5000	542	5000	543	5000	544	5000	545	5000	546	5000	547	5000	548	5000	549	5000	550	5000	551	5000	552	5000	553	5000	554	5000	555	5000	556	5000	557	5000	558	5000	559	5000	560	5000	561	5000	562	5000	563	5000	564	5000	565	5000	566	5000	567	5000	568	5000	569	5000	5	5000	457	5000	458	5000	459	5000	460	5000	461	5000	462	5000	463	5000	464	5000	465	5000	466	5000	467	5000	468	5000	469	5000	470	5000	471	5000	472	5000	473	5000	474	5000	475	5000	476	5000	477	5000	478	5000	479	5000	480	5000	481	5000	482	5000	483	5000	484	5000	485	5000	486	5000	487	5000	488	5000	489	5000	490	5000	491	5000	492	5000	493	5000	494	5000	495	5000	496	5000	497	5000	498	5000	499	5000	500	5000	501	5000	502	5000	503	5000	504	5000	505	5000	506	5000	507	5000	508	5000	509	5000	510	5000	511	5000	512	5000	513	5000	514	5000	515	5000	516	5000	517	5000	518	5000	519	5000	520	5000	521	5000	522	5000	523	5000	524	5000	525	5000	526	5000	527	5000	528	5000	529	5000	530	5000	531	5000	532	5000	533	5000	534	5000	535	5000	536	5000	537	5000	538	5000	539	5000	540	5000	541	5000	542	5000	543	5000	544	5000	545	5000	546	5000	547	5000	548	5000	549	5000	550	5000	551	5000	552	5000	553	5000	554	5000	555	5000	556	5000	557	5000	558	5000	559	5000	560	5000	561	5000	562	5000	563	5000	564	5000	565	5000	566	5000	567	5000	568	5000	569	5000	5	5000	457	5000	458	5000	459	5000	460	5000	461	5000	462	5000	463	5000	464	5000	465	5000	466	5000	467	5000	468	5000	469	5000	470	5000	471	5000	472	5000	473	5000	474	5000	475	5000	476	5000	477	5000	478	5000	479	5000	480	5000	481	5000	482	5000	483	5000	484	5000	485	5000	486	5000	487	5000	488	5000	489	5000	490	5000	491	5000	492	5000	493	5000	494	5000	495	5000	496	5000	497	5000	498	5000	499	5000	500	5000	501	5000	502	5000	503	5000	504	5000	505	5000	506	5000	507	5000	508	5000	509	5000	510	5000	511	5000	512	5000	513	5000	514	5000	515	5000	516	5000	517	5000	518	5000	519	5000	520	5000	521	5000	522	5000	523	5000	524	5000	525	5000	526	5000	527	5000	528	5000	529	5000	530	5000	531	5000	532	5000	533	5000	534	5000	535	5000	536	5000	537	5000	538	5000	539	5000	540	5000	541	5000	542	5000	543	5000	544	5000	545	5000	546	5000	547	5000	548	5000	549	5000	550	5000	551	5000	552	5000	553	5000	554	5000	555	5000	556	5000	557	5000	558	5000	559	5000	560	5000	561	5000	562	5000	563	5000	564	5000	565	5000	566	5000	567	5000	568	5000	569	5000	5	5000	457	5000	458	5000	459	5000	460	5000	461	5000	462	5000	463	5000	464	5000	465	5000	466	5000	467	5000	468	5000	469	5000	470	5000	471	5000	472	5000	473	5000	474	5000	475	5000	476	5000	477	5000	478	5000	479	5000	480	5000	481	5000	482	5000	483	5000	484	5000	485	5000	486	5000	487	5000	488	5000	489	5000	490	5000	491	5000	492	5000	493	5000	494	5000	495	5000	496	5000	497	5000	498	5000	499	5000	500	5000	501	5000	502	5000	503	5000	504	5000	505	5000	506	5000	507	5000	508	5000	509	5000	510	5000	511	5000	512	5000	513	5000	514	5000	515	5000	516	5000	517	5000	518	5000	519	5000	520	5000	521	5000	522	5000	523	5000	524	5000	525	5000	526	5000	527	5000	528	5000	529	5000	530	5000	531	5000	532	5000	533	5000	534	5000	535	5000	536	5000	537	5000	538	5000	539	5000	540	5000	541	5000	542	5000	543	5000	544	5000	545	5000	546	5000	547	5000	548	5000	549	5000	550	5000	551	5000	552	5000	553	5000	554	5000	555	5000	556	5000	557	5000	558	5000	559	5000	560	5000	561	5000	562	5000	563	5000	564	5000	565	5000	566	5000	567	5000	568	5000	569	5000	570	5000	571	5000	572	5000	573	5000	574	5000	575	5000	576	5000	577	5000	578	5000	579	5000	580	5000	581	5000	582	5000	583	5000	584	5000	585	5000	586	5000	587	5000	588	5000	589	5000	590	5000	591	5000	592	5000	593	5000	594	5000	595	5000	596	5000	597	5000	598	5000	599	5000	600	5000	601	5000	602	5000	603	5000	604	5000	605	5000	606	5000	607	5000	608	5000	609	5000	610	5000	611	5000	612	5000	613	5000	614	5000	615	5000	616	5000	617	5000	618	5000	619	5000	620	5000	621	5000	622	5000	623	5000	624	5000	625	5000	626	5000	627	5000	628	5000	629	5000	630	5000	631	5000	632	5000	633	5000	634	5000	635	5000	636	5000	637	5000	638	5000	639	5000	640	5000	641	5000	642	5000	643	5000	644	5000	645	5000	646	5000	647	5000	648	5000	649	5000	
70	5000	571	5000	572	5000	573	5000	574	5000	575	5000	576	5000	577	5000	578	5000	579	5000	580	5000	581	5000	582	5000	583	5000	584	5000	585	5000	586	5000	587	5000	588	5000	589	5000	590	5000	591	5000	592	5000	593	5000	594	5000	595	5000	596	5000	597	5000	598	5000	599	5000	600	5000	601	5000	602	5000	603	5000	604	5000	605	5000	606	5000	607	5000	608	5000	609	5000	610	5000	611	5000	612	5000	613	5000	614	5000	615	5000	616	5000	617	5000	618	5000	619	5000	620	5000	621	5000	622	5000	623	5000	624	5000	625	5000	626	5000	627	5000	628	5000	629	5000	630	5000	631	5000	632	5000	633	5000	634	5000	635	5000	636	5000	637	5000	638	5000	639	5000	640	5000	641	5000	642	5000	643	5000	644	5000	645	5000	646	5000	647	5000	648	5000	649	5000	
70	5000	571	5000	572	5000	573	5000	574	5000	575	5000	576	5000	577	5000	578	5000	579	5000	580	5000	581	5000	582	5000	583	5000	584	5000	585	5000	586	5000	587	5000	588	5000	589	5000	590	5000	591	5000	592	5000	593	5000	594	5000	595	5000	596	5000	597	5000	598	5000	599	5000	600	5000	601	5000	602	5000	603	5000	604	5000	605	5000	606	5000	607	5000	608	5000	609	5000	610	5000	611	5000	612	5000	613	5000	614	5000	615	5000	616	5000	617	5000	618	5000	619	5000	620	5000	621	5000	622	5000	623	5000	624	5000	625	5000	626	5000	627	5000	628	5000	629	5000	630	5000	631	5000	632	5000	633	5000	634	5000	635	5000	636	5000	637	5000	638	5000	639	5000	640	5000	641	5000	642	5000	643	5000	644	5000	645	5000	646	5000	647	5000	648	5000	649	5000	
70	5000	571	5000	572	5000	573	5000	574	5000	575	5000	576	5000	577	5000	578	5000	579	5000	580	5000	581	5000	582	5000	583	5000	584	5000	585	5000	586	5000	587	5000	588	5000	589	5000	590	5000	591	5000	592	5000	593	5000	594	5000	595	5000	596	5000	597	5000	598	5000	599	5000	600	5000	601	5000	602	5000	603	5000	604	5000	605	5000	606	5000	607	5000	608	5000	609	5000	610	5000	611	5000	612	5000	613	5000	614	5000	615	5000	616	5000	617	5000	618	5000	619	5000	620	5000	621	5000	622	5000	623	5000	624	5000	625	5000	626	5000	627	5000	628	5000	629	5000	630	5000	631	5000	632	5000	633	5000	634	5000	635	5000	636	5000	637	5000	638	5000	639	5000	640	5000	641	5000	642	5000	643	5000	644	5000	645	5000	646	5000	647	5000	648	5000	649	5000	
	5000	457	5000	458	5000	459	5000	460	5000	461	5000	462	5000	463	5000	464	5000	465	5000	466	5000	467	5000	468	5000	469	5000	470	5000	471	5000	472	5000	473	5000	474	5000	475	5000	476	5000	477	5000	478	5000	479	5000	480	5000	481	5000	482	5000	483	5000	484	5000	485	5000	486	5000	487	5000	488	5000	489	5000	490	5000	491	5000	492	5000	493	5000	494	5000	495	5000	496	5000	497	5000	498	5000	499	5000	500	5000	501	5000	502	5000	503	5000	504	5000	505	5000	506	5000	507	5000	508	5000	509	5000	510	5000	511	5000	512	5000	513	5000	514	5000	515	5000	516	5000	517	5000	518	5000	519	5000	520	5000	521	5000	522	5000	523	5000	524	5000	525	5000	526	5000	527	5000	528	5000	529	5000	530	5000	531	5000	532	5000	533	5000	534	5000	535	5000	536	5000	537	5000	538	5000	539	5000	540	5000	541	5000	542	5000	543	5000	544	5000	545	5000	546	5000	547	5000	548	5000	549	5000	550	5000	551	5000	552	5000	553	5000	554	5000	555	5000	556	5000	557	5000	558	5000	559	5000	560	5000	561	5000	562	5000	563	5000	564	5000	565	5000	566	5000	567	5000	568	5000	569	5000	5	5000	457	5000	458	5000	459	5000	460	5000	461	5000	462	5000	463	5000	464	5000	465	5000	466	5000	467	5000	468	5000	469	5000	470	5000	471	5000	472	5000	473	5000	474	5000	475	5000	476	5000	477	5000	478	5000	479	5000	480	5000	481	5000	482	5000	483	5000	484	5000	485	5000	486	5000	487	5000	488	5000	489	5000	490	5000	491	5000	492	5000	493	5000	494	5000	495	5000	496	5000	497	5000	498	5000	499	5000	500	5000	501	5000	502	5000	503	5000	504	5000	505	5000	506	5000	507	5000	508	5000	509	5000	510	5000	511	5000	512	5000	513	5000	514	5000	515	5000	516	5000	517	5000	518	5000	519	5000	520	5000	521	5000	522	5000	523	5000	524	5000	525	5000	526	5000	527	5000	528	5000	529	5000	530	5000	531	5000	532	5000	533	5000	534	5000	535	5000	536	5000	537	5000	538	5000	539	5000	540	5000	541	5000	542	5000	543	5000	544	5000	545	5000	546	5000	547	5000	548	5000	549	5000	550	5000	551	5000	552	5000	553	5000	554	5000	555	5000	556	5000	557	5000	558	5000	559	5000	560	5000	561	5000	562	5000	563	5000	564	5000	565	5000	566	5000	567	5000	568	5000	569	5000	5	5000	457	5000	458	5000	459	5000	460	5000	461	5000	462	5000	463	5000	464	5000	465	5000	466	5000	467	5000	468	5000	469	5000	470	5000	471	5000	472	5000	473	5000	474	5000	475	5000	476	5000	477	5000	478	5000	479	5000	480	5000	481	5000	482	5000	483	5000	484	5000	485	5000	486	5000	487	5000	488	5000	489	5000	490	5000	491	5000	492	5000	493	5000	494	5000	495	5000	496	5000	497	5000	498	5000	499	5000	500	5000	501	5000	502	5000	503	5000	504	5000	505	5000	506	5000	507	5000	508	5000	509	5000	510	5000	511	5000	512	5000	513	5000	514	5000	515	5000	516	5000	517	5000	518	5000	519	5000	520	5000	521	5000	522	5000	523	5000	524	5000	525	5000	526	5000	527	5000	528	5000	529	5000	530	5000	531	5000	532	5000	533	5000	534	5000	535	5000	536	5000	537	5000	538	5000	539	5000	540	5000	541	5000	542	5000	543	5000	544	5000	545	5000	546	5000	547	5000	548	5000	549	5000	550	5000	551	5000	552	5000	553	5000	554	5000	555	5000	556	5000	557	5000	558	5000	559	5000	560	5000	561	5000	562	5000	563	5000	564	5000	565	5000	566	5000	567	5000	568	5000	569	5000	5	5000	457	5000	458	5000	459	5000	460	5000	461	5000	462	5000	463	5000	464	5000	465	5000	466	5000	467	5000	468	5000	469	5000	470	5000	471	5000	472	5000	473	5000	474	5000	475	5000	476	5000	477	5000	478	5000	479	5000	480	5000	481	5000	482	5000	483	5000	484	5000	485	5000	486	5000	487	5000	488	5000	489	5000	490	5000	491	5000	492	5000	493	5000	494	5000	495	5000	496	5000	497	5000	498	5000	499	5000	500	5000	501	5000	502	5000	503	5000	504	5000	505	5000	506	5000	507	5000	508	5000	509	5000	510	5000	511	5000	512	5000	513	5000	514	5000	515	5000	516	5000	517	5000	518	5000	519	5000	520	5000	521	5000	522	5000	523	5000	524	5000	525	5000	526	5000	527	5000	528	5000	529	5000	530	5000	531	5000	532	5000	533	5000	534	5000	535	5000	536	5000	537	5000	538	5000	539	5000	540	5000	541	5000	542	5000	543	5000	544	5000	545	5000	546	5000	547	5000	548	5000	549	5000	550	5000	551	5000	552	5000	553	5000	554	5000	555	5000	556	5000	557	5000	558	5000	559	5000	560	5000	561	5000	562	5000	563	5000	564	5000	565	5000	566	5000	567	5000	568	5000	569	5000	5607	5000	0.008372	0.005938
608	5000	0.009296	0.007036
609	5000	0.005771	0.004873
610	5000	0.007511	0.006012
611	5000	0.007971	0.005683
612	5000	0.007990	0.006204
613	5000	0.008402	0.005797
614	5000	0.009590	0.008418
615	5000	0.006789	0.005307
616	5000	0.007351	0.005748
617	5000	0.009189	0.006064
618	5000	0.009456	0.006227
619	5000	0.005733	0.004790
620	5000	0.007698	0.005045
621	5000	0.008030	0.006752
622	5000	0.008125	0.005891
623	5000	0.008474	0.005918
624	5000	0.007180	0.005566
625	5000	0.006871	0.004490
626	5000	0.008931	0.006645
627	5000	0.006837	0.004751
628	5000	0.009793	0.007357
629	5000	0.007622	0.005307
630	5000	0.006660	0.004387
631	5000	0.007895	0.005117
632	5000	0.008840	0.006554
633	5000	0.006008	0.003942
634	5000	0.009238	0.007037
635	5000	0.007926	0.005033
636	5000	0.010472	0.006636
637	5000	0.010879	0.006678
638	5000	0.006450	0.003935
639	5000	0.006570	0.005172
640	5000	0.007883	0.006128
641	5000	0.008209	0.005413
642	5000	0.007798	0.004612
643	5000	0.007958	0.006851
70	5000	571	5000	572	5000	573	5000	574	5000	575	5000	576	5000	577	5000	578	5000	579	5000	580	5000	581	5000	582	5000	583	5000	584	5000	585	5000	586	5000	587	5000	588	5000	589	5000	590	5000	591	5000	592	5000	593	5000	594	5000	595	5000	596	5000	597	5000	598	5000	599	5000	600	5000	601	5000	602	5000	603	5000	604	5000	605	5000	606	5000	607	5000	608	5000	609	5000	610	5000	611	5000	612	5000	613	5000	614	5000	615	5000	616	5000	617	5000	618	5000	619	5000	620	5000	621	5000	622	5000	623	5000	624	5000	625	5000	626	5000	627	5000	628	5000	629	5000	630	5000	631	5000	632	5000	633	5000	634	5000	635	5000	636	5000	637	5000	638	5000	639	5000	640	5000	641	5000	642	5000	643	5000	644	5000	645	5000	646	5000	647	5000	648	5000	649	5000	
70	5000	571	5000	572	5000	573	5000	574	5000	575	5000	576	5000	577	5000	578	5000	579	5000	580	5000	581	5000	582	5000	583	5000	584	5000	585	5000	586	5000	587	5000	588	5000	589	5000	590	5000	591	5000	592	5000	593	5000	594	5000	595	5000	596	5000	597	5000	598	5000	599	5000	600	5000	601	5000	602	5000	603	5000	604	5000	605	5000	606	5000	607	5000	608	5000	609	5000	610	5000	611	5000	612	5000	613	5000	614	5000	615	5000	616	5000	617	5000	618	5000	619	5000	620	5000	621	5000	622	5000	623	5000	624	5000	625	5000	626	5000	627	5000	628	5000	629	5000	630	5000	631	5000	632	5000	633	5000	634	5000	635	5000	636	5000	637	5000	638	5000	639	5000	640	5000	641	5000	642	5000	643	5000	644	5000	645	5000	646	5000	647	5000	648	5000	649	5000	
70	5000	571	5000	572	5000	573	5000	574	5000	575	5000	576	5000	577	5000	578	5000	579	5000	580	5000	581	5000	582	5000	583	5000	584	5000	585	5000	586	5000	587	5000	588	5000	589	5000	590	5000	591	5000	592	5000	593	5000	594	5000	595	5000	596	5000	597	5000	598	5000	599	5000	600	5000	601	5000	602	5000	603	5000	604	5000	605	5000	606	5000	607	5000	608	5000	609	5000	610	5000	611	5000	612	5000	613	5000	614	5000	615	5000	616	5000	617	5000	618	5000	619	5000	620	5000	621	5000	622	5000	623	5000	624	5000	625	5000	626	5000	627	5000	628	5000	629	5000	630	5000	631	5000	632	5000	633	5000	634	5000	635	5000	636	5000	637	5000	638	5000	639	5000	640	5000	641	5000	642	5000	643	5000	644	5000	645	5000	646	5000	647	5000	648	5000	649	5000	
70	5000	571	5000	572	5000	573	5000	574	5000	575	5000	576	5000	577	5000	578	5000	579	5000	580	5000	581	5000	582	5000	583	5000	584	5000	585	5000	586	5000	587	5000	588	5000	589	5000	590	5000	591	5000	592	5000	593	5000	594	5000	595	5000	596	5000	597	5000	598	5000	599	5000	600	5000	601	5000	602	5000	603	5000	604	5000	605	5000	606	5000	607	5000	608	5000	609	5000	610	5000	611	5000	612	5000	613	5000	614	5000	615	5000	616	5000	617	5000	618	5000	619	5000	620	5000	621	5000	622	5000	623	5000	624	5000	625	5000	626	5000	627	5000	628	5000	629	5000	630	5000	631	5000	632	5000	633	5000	634	5000	635	5000	636	5000	637	5000	638	5000	639	5000	640	5000	641	5000	642	5000	643	5000	644	5000	645	5000	646	5000	647	5000	648	5000	649	5000	
644	5000	0.005866	0.004193
645	5000	0.006881	0.005118
646	5000	0.007786	0.005140
647	5000	0.005995	0.004016
648	5000	0.008306	0.005339
649	5000	0.013722	0.008720

/hiskp4/gross/bachelorarbeit
