Mon Jun  8 13:14:15 CEST 2020 Waiting for 30 seconds before starting the job to allow the node to settle down
Mon Jun  8 13:14:45 CEST 2020 Waiting done, starting task!
Mon Jun  8 13:14:45 CEST 2020 Waiting for 30 seconds before starting the job to allow the node to settle down
Mon Jun  8 13:15:15 CEST 2020 Waiting done, starting task!
Laenge=6
bei 1 cores haben 1000 Messungen 0.008945 Sekunden gebraucht
bei 1 cores haben 1000 Messungen 0.008898 Sekunden gebraucht
bei 1 cores haben 1000 Messungen 0.008855 Sekunden gebraucht
bei 1 cores haben 1000 Messungen 0.008467 Sekunden gebraucht
bei 1 cores haben 1000 Messungen 0.008419 Sekunden gebraucht
bei 1 cores haben 1000 Messungen 0.008437 Sekunden gebraucht
bei 1 cores haben 1000 Messungen 0.008458 Sekunden gebraucht
bei 1 cores haben 1000 Messungen 0.008463 Sekunden gebraucht
bei 1 cores haben 1000 Messungen 0.008487 Sekunden gebraucht
bei 1 cores haben 1000 Messungen 0.008665 Sekunden gebraucht
bei 2 cores haben 1000 Messungen 0.007463 Sekunden gebraucht
bei 2 cores haben 1000 Messungen 0.007263 Sekunden gebraucht
bei 2 cores haben 1000 Messungen 0.007125 Sekunden gebraucht
bei 2 cores haben 1000 Messungen 0.007075 Sekunden gebraucht
bei 2 cores haben 1000 Messungen 0.007106 Sekunden gebraucht
bei 2 cores haben 1000 Messungen 0.007095 Sekunden gebraucht
bei 2 cores haben 1000 Messungen 0.016296 Sekunden gebraucht
bei 2 cores haben 1000 Messungen 0.007089 Sekunden gebraucht
bei 2 cores haben 1000 Messungen 0.007024 Sekunden gebraucht
bei 2 cores haben 1000 Messungen 0.007078 Sekunden gebraucht
bei 3 cores haben 1000 Messungen 0.015422 Sekunden gebraucht
bei 3 cores haben 1000 Messungen 0.014858 Sekunden gebraucht
bei 3 cores haben 1000 Messungen 0.014232 Sekunden gebraucht
bei 3 cores haben 1000 Messungen 0.014038 Sekunden gebraucht
bei 3 cores haben 1000 Messungen 0.013751 Sekunden gebraucht
bei 3 cores haben 1000 Messungen 0.013315 Sekunden gebraucht
bei 3 cores haben 1000 Messungen 0.013007 Sekunden gebraucht
bei 3 cores haben 1000 Messungen 0.012735 Sekunden gebraucht
bei 3 cores haben 1000 Messungen 0.012661 Sekunden gebraucht
bei 3 cores haben 1000 Messungen 0.012727 Sekunden gebraucht
bei 4 cores haben 1000 Messungen 0.011767 Sekunden gebraucht
bei 4 cores haben 1000 Messungen 0.011868 Sekunden gebraucht
bei 4 cores haben 1000 Messungen 0.011804 Sekunden gebraucht
bei 4 cores haben 1000 Messungen 0.011809 Sekunden gebraucht
bei 4 cores haben 1000 Messungen 0.011731 Sekunden gebraucht
bei 4 cores haben 1000 Messungen 0.011891 Sekunden gebraucht
bei 4 cores haben 1000 Messungen 0.011775 Sekunden gebraucht
bei 4 cores haben 1000 Messungen 0.011889 Sekunden gebraucht
bei 4 cores haben 1000 Messungen 0.011837 Sekunden gebraucht
bei 4 cores haben 1000 Messungen 0.011828 Sekunden gebraucht
bei 5 cores haben 1000 Messungen 0.013950 Sekunden gebraucht
bei 5 cores haben 1000 Messungen 0.013180 Sekunden gebraucht
bei 5 cores haben 1000 Messungen 0.013155 Sekunden gebraucht
bei 5 cores haben 1000 Messungen 0.012890 Sekunden gebraucht
bei 5 cores haben 1000 Messungen 0.012784 Sekunden gebraucht
bei 5 cores haben 1000 Messungen 0.012526 Sekunden gebraucht
bei 5 cores haben 1000 Messungen 0.012145 Sekunden gebraucht
bei 5 cores haben 1000 Messungen 0.011994 Sekunden gebraucht
bei 5 cores haben 1000 Messungen 0.011754 Sekunden gebraucht
bei 5 cores haben 1000 Messungen 0.011887 Sekunden gebraucht
bei 6 cores haben 1000 Messungen 0.011727 Sekunden gebraucht
bei 6 cores haben 1000 Messungen 0.011487 Sekunden gebraucht
bei 6 cores haben 1000 Messungen 0.012931 Sekunden gebraucht
bei 6 cores haben 1000 Messungen 0.011721 Sekunden gebraucht
bei 6 cores haben 1000 Messungen 0.011674 Sekunden gebraucht
bei 6 cores haben 1000 Messungen 0.011607 Sekunden gebraucht
bei 6 cores haben 1000 Messungen 0.011601 Sekunden gebraucht
bei 6 cores haben 1000 Messungen 0.011666 Sekunden gebraucht
bei 6 cores haben 1000 Messungen 0.011526 Sekunden gebraucht
bei 6 cores haben 1000 Messungen 0.011705 Sekunden gebraucht
bei 7 cores haben 1000 Messungen 0.014500 Sekunden gebraucht
bei 7 cores haben 1000 Messungen 0.013948 Sekunden gebraucht
bei 7 cores haben 1000 Messungen 0.013552 Sekunden gebraucht
bei 7 cores haben 1000 Messungen 0.014871 Sekunden gebraucht
bei 7 cores haben 1000 Messungen 0.013594 Sekunden gebraucht
bei 7 cores haben 1000 Messungen 0.013657 Sekunden gebraucht
bei 7 cores haben 1000 Messungen 0.014336 Sekunden gebraucht
bei 7 cores haben 1000 Messungen 0.014138 Sekunden gebraucht
bei 7 cores haben 1000 Messungen 0.014245 Sekunden gebraucht
bei 7 cores haben 1000 Messungen 0.013537 Sekunden gebraucht
bei 8 cores haben 1000 Messungen 0.012178 Sekunden gebraucht
bei 8 cores haben 1000 Messungen 0.011969 Sekunden gebraucht
bei 8 cores haben 1000 Messungen 0.011941 Sekunden gebraucht
bei 8 cores haben 1000 Messungen 0.011978 Sekunden gebraucht
bei 8 cores haben 1000 Messungen 0.011972 Sekunden gebraucht
bei 8 cores haben 1000 Messungen 0.011970 Sekunden gebraucht
bei 8 cores haben 1000 Messungen 0.012123 Sekunden gebraucht
bei 8 cores haben 1000 Messungen 0.011875 Sekunden gebraucht
bei 8 cores haben 1000 Messungen 0.011759 Sekunden gebraucht
bei 8 cores haben 1000 Messungen 0.011982 Sekunden gebraucht
bei 9 cores haben 1000 Messungen 0.016132 Sekunden gebraucht
bei 9 cores haben 1000 Messungen 0.016534 Sekunden gebraucht
bei 9 cores haben 1000 Messungen 0.016222 Sekunden gebraucht
bei 9 cores haben 1000 Messungen 0.016587 Sekunden gebraucht
bei 9 cores haben 1000 Messungen 0.016186 Sekunden gebraucht
bei 9 cores haben 1000 Messungen 0.016074 Sekunden gebraucht
bei 9 cores haben 1000 Messungen 0.016235 Sekunden gebraucht
bei 9 cores haben 1000 Messungen 0.016348 Sekunden gebraucht
bei 9 cores haben 1000 Messungen 0.016550 Sekunden gebraucht
bei 9 cores haben 1000 Messungen 0.016536 Sekunden gebraucht
bei 10 cores haben 1000 Messungen 0.016328 Sekunden gebraucht
bei 10 cores haben 1000 Messungen 0.015010 Sekunden gebraucht
bei 10 cores haben 1000 Messungen 0.015194 Sekunden gebraucht
bei 10 cores haben 1000 Messungen 0.015082 Sekunden gebraucht
bei 10 cores haben 1000 Messungen 0.015189 Sekunden gebraucht
bei 10 cores haben 1000 Messungen 0.015091 Sekunden gebraucht
bei 10 cores haben 1000 Messungen 0.015304 Sekunden gebraucht
bei 10 cores haben 1000 Messungen 0.015026 Sekunden gebraucht
bei 10 cores haben 1000 Messungen 0.015088 Sekunden gebraucht
bei 10 cores haben 1000 Messungen 0.015131 Sekunden gebraucht
bei 11 cores haben 1000 Messungen 0.019342 Sekunden gebraucht
bei 11 cores haben 1000 Messungen 0.019935 Sekunden gebraucht
bei 11 cores haben 1000 Messungen 0.019521 Sekunden gebraucht
bei 11 cores haben 1000 Messungen 0.019751 Sekunden gebraucht
bei 11 cores haben 1000 Messungen 0.019424 Sekunden gebraucht
bei 11 cores haben 1000 Messungen 0.019163 Sekunden gebraucht
bei 11 cores haben 1000 Messungen 0.019314 Sekunden gebraucht
bei 11 cores haben 1000 Messungen 0.019534 Sekunden gebraucht
bei 11 cores haben 1000 Messungen 0.019808 Sekunden gebraucht
bei 11 cores haben 1000 Messungen 0.019354 Sekunden gebraucht
bei 12 cores haben 1000 Messungen 0.018180 Sekunden gebraucht
bei 12 cores haben 1000 Messungen 0.017894 Sekunden gebraucht
bei 12 cores haben 1000 Messungen 0.019094 Sekunden gebraucht
bei 12 cores haben 1000 Messungen 0.017925 Sekunden gebraucht
bei 12 cores haben 1000 Messungen 0.018688 Sekunden gebraucht
bei 12 cores haben 1000 Messungen 0.018558 Sekunden gebraucht
bei 12 cores haben 1000 Messungen 0.017882 Sekunden gebraucht
bei 12 cores haben 1000 Messungen 0.018134 Sekunden gebraucht
bei 12 cores haben 1000 Messungen 0.018013 Sekunden gebraucht
bei 12 cores haben 1000 Messungen 0.018069 Sekunden gebraucht
Laenge=10
bei 1 cores haben 1000 Messungen 0.015253 Sekunden gebraucht
bei 1 cores haben 1000 Messungen 0.015347 Sekunden gebraucht
bei 1 cores haben 1000 Messungen 0.027287 Sekunden gebraucht
bei 1 cores haben 1000 Messungen 0.028467 Sekunden gebraucht
bei 1 cores haben 1000 Messungen 0.024125 Sekunden gebraucht
bei 1 cores haben 1000 Messungen 0.029078 Sekunden gebraucht
bei 1 cores haben 1000 Messungen 0.024619 Sekunden gebraucht
bei 1 cores haben 1000 Messungen 0.021773 Sekunden gebraucht
bei 1 cores haben 1000 Messungen 0.020398 Sekunden gebraucht
bei 1 cores haben 1000 Messungen 0.019284 Sekunden gebraucht
bei 2 cores haben 1000 Messungen 0.012878 Sekunden gebraucht
bei 2 cores haben 1000 Messungen 0.010440 Sekunden gebraucht
bei 2 cores haben 1000 Messungen 0.010501 Sekunden gebraucht
bei 2 cores haben 1000 Messungen 0.010190 Sekunden gebraucht
bei 2 cores haben 1000 Messungen 0.010199 Sekunden gebraucht
bei 2 cores haben 1000 Messungen 0.010605 Sekunden gebraucht
bei 2 cores haben 1000 Messungen 0.010344 Sekunden gebraucht
bei 2 cores haben 1000 Messungen 0.010243 Sekunden gebraucht
bei 2 cores haben 1000 Messungen 0.010241 Sekunden gebraucht
bei 2 cores haben 1000 Messungen 0.010384 Sekunden gebraucht
bei 3 cores haben 1000 Messungen 0.021019 Sekunden gebraucht
bei 3 cores haben 1000 Messungen 0.019585 Sekunden gebraucht
bei 3 cores haben 1000 Messungen 0.018587 Sekunden gebraucht
bei 3 cores haben 1000 Messungen 0.018017 Sekunden gebraucht
bei 3 cores haben 1000 Messungen 0.017167 Sekunden gebraucht
bei 3 cores haben 1000 Messungen 0.017145 Sekunden gebraucht
bei 3 cores haben 1000 Messungen 0.016772 Sekunden gebraucht
bei 3 cores haben 1000 Messungen 0.016278 Sekunden gebraucht
bei 3 cores haben 1000 Messungen 0.015984 Sekunden gebraucht
bei 3 cores haben 1000 Messungen 0.016053 Sekunden gebraucht
bei 4 cores haben 1000 Messungen 0.015767 Sekunden gebraucht
bei 4 cores haben 1000 Messungen 0.015935 Sekunden gebraucht
bei 4 cores haben 1000 Messungen 0.015921 Sekunden gebraucht
bei 4 cores haben 1000 Messungen 0.015739 Sekunden gebraucht
bei 4 cores haben 1000 Messungen 0.015883 Sekunden gebraucht
bei 4 cores haben 1000 Messungen 0.015660 Sekunden gebraucht
bei 4 cores haben 1000 Messungen 0.015940 Sekunden gebraucht
bei 4 cores haben 1000 Messungen 0.014851 Sekunden gebraucht
bei 4 cores haben 1000 Messungen 0.014846 Sekunden gebraucht
bei 4 cores haben 1000 Messungen 0.014424 Sekunden gebraucht
bei 5 cores haben 1000 Messungen 0.017759 Sekunden gebraucht
bei 5 cores haben 1000 Messungen 0.017422 Sekunden gebraucht
bei 5 cores haben 1000 Messungen 0.018143 Sekunden gebraucht
bei 5 cores haben 1000 Messungen 0.017787 Sekunden gebraucht
bei 5 cores haben 1000 Messungen 0.017932 Sekunden gebraucht
bei 5 cores haben 1000 Messungen 0.017861 Sekunden gebraucht
bei 5 cores haben 1000 Messungen 0.017686 Sekunden gebraucht
bei 5 cores haben 1000 Messungen 0.017779 Sekunden gebraucht
bei 5 cores haben 1000 Messungen 0.017761 Sekunden gebraucht
bei 5 cores haben 1000 Messungen 0.017525 Sekunden gebraucht
bei 6 cores haben 1000 Messungen 0.016683 Sekunden gebraucht
bei 6 cores haben 1000 Messungen 0.016518 Sekunden gebraucht
bei 6 cores haben 1000 Messungen 0.016567 Sekunden gebraucht
bei 6 cores haben 1000 Messungen 0.016724 Sekunden gebraucht
bei 6 cores haben 1000 Messungen 0.016868 Sekunden gebraucht
bei 6 cores haben 1000 Messungen 0.016581 Sekunden gebraucht
bei 6 cores haben 1000 Messungen 0.016620 Sekunden gebraucht
bei 6 cores haben 1000 Messungen 0.016722 Sekunden gebraucht
bei 6 cores haben 1000 Messungen 0.016731 Sekunden gebraucht
bei 6 cores haben 1000 Messungen 0.016618 Sekunden gebraucht
bei 7 cores haben 1000 Messungen 0.018889 Sekunden gebraucht
bei 7 cores haben 1000 Messungen 0.018428 Sekunden gebraucht
bei 7 cores haben 1000 Messungen 0.018707 Sekunden gebraucht
bei 7 cores haben 1000 Messungen 0.018690 Sekunden gebraucht
bei 7 cores haben 1000 Messungen 0.018595 Sekunden gebraucht
bei 7 cores haben 1000 Messungen 0.019152 Sekunden gebraucht
bei 7 cores haben 1000 Messungen 0.019145 Sekunden gebraucht
bei 7 cores haben 1000 Messungen 0.018520 Sekunden gebraucht
bei 7 cores haben 1000 Messungen 0.018400 Sekunden gebraucht
bei 7 cores haben 1000 Messungen 0.018532 Sekunden gebraucht
bei 8 cores haben 1000 Messungen 0.017836 Sekunden gebraucht
bei 8 cores haben 1000 Messungen 0.017762 Sekunden gebraucht
bei 8 cores haben 1000 Messungen 0.017584 Sekunden gebraucht
bei 8 cores haben 1000 Messungen 0.017403 Sekunden gebraucht
bei 8 cores haben 1000 Messungen 0.017943 Sekunden gebraucht
bei 8 cores haben 1000 Messungen 0.017821 Sekunden gebraucht
bei 8 cores haben 1000 Messungen 0.017645 Sekunden gebraucht
bei 8 cores haben 1000 Messungen 0.017402 Sekunden gebraucht
bei 8 cores haben 1000 Messungen 0.017604 Sekunden gebraucht
bei 8 cores haben 1000 Messungen 0.017700 Sekunden gebraucht
bei 9 cores haben 1000 Messungen 0.021643 Sekunden gebraucht
bei 9 cores haben 1000 Messungen 0.021579 Sekunden gebraucht
bei 9 cores haben 1000 Messungen 0.021759 Sekunden gebraucht
bei 9 cores haben 1000 Messungen 0.021570 Sekunden gebraucht
bei 9 cores haben 1000 Messungen 0.021063 Sekunden gebraucht
bei 9 cores haben 1000 Messungen 0.021317 Sekunden gebraucht
bei 9 cores haben 1000 Messungen 0.021063 Sekunden gebraucht
bei 9 cores haben 1000 Messungen 0.021213 Sekunden gebraucht
bei 9 cores haben 1000 Messungen 0.021487 Sekunden gebraucht
bei 9 cores haben 1000 Messungen 0.021703 Sekunden gebraucht
bei 10 cores haben 1000 Messungen 0.019659 Sekunden gebraucht
bei 10 cores haben 1000 Messungen 0.019294 Sekunden gebraucht
bei 10 cores haben 1000 Messungen 0.019358 Sekunden gebraucht
bei 10 cores haben 1000 Messungen 0.021025 Sekunden gebraucht
bei 10 cores haben 1000 Messungen 0.019061 Sekunden gebraucht
bei 10 cores haben 1000 Messungen 0.019093 Sekunden gebraucht
bei 10 cores haben 1000 Messungen 0.019195 Sekunden gebraucht
bei 10 cores haben 1000 Messungen 0.019201 Sekunden gebraucht
bei 10 cores haben 1000 Messungen 0.020565 Sekunden gebraucht
bei 10 cores haben 1000 Messungen 0.020827 Sekunden gebraucht
bei 11 cores haben 1000 Messungen 0.023724 Sekunden gebraucht
bei 11 cores haben 1000 Messungen 0.024232 Sekunden gebraucht
bei 11 cores haben 1000 Messungen 0.024613 Sekunden gebraucht
bei 11 cores haben 1000 Messungen 0.023902 Sekunden gebraucht
bei 11 cores haben 1000 Messungen 0.023371 Sekunden gebraucht
bei 11 cores haben 1000 Messungen 0.023645 Sekunden gebraucht
bei 11 cores haben 1000 Messungen 0.023805 Sekunden gebraucht
bei 11 cores haben 1000 Messungen 0.023964 Sekunden gebraucht
bei 11 cores haben 1000 Messungen 0.024104 Sekunden gebraucht
bei 11 cores haben 1000 Messungen 0.024133 Sekunden gebraucht
bei 12 cores haben 1000 Messungen 0.023588 Sekunden gebraucht
bei 12 cores haben 1000 Messungen 0.024038 Sekunden gebraucht
bei 12 cores haben 1000 Messungen 0.023522 Sekunden gebraucht
bei 12 cores haben 1000 Messungen 0.023504 Sekunden gebraucht
bei 12 cores haben 1000 Messungen 0.023599 Sekunden gebraucht
bei 12 cores haben 1000 Messungen 0.023528 Sekunden gebraucht
bei 12 cores haben 1000 Messungen 0.023645 Sekunden gebraucht
bei 12 cores haben 1000 Messungen 0.023399 Sekunden gebraucht
bei 12 cores haben 1000 Messungen 0.023982 Sekunden gebraucht
bei 12 cores haben 1000 Messungen 0.023560 Sekunden gebraucht
Laenge=50
bei 1 cores haben 1000 Messungen 0.323753 Sekunden gebraucht
bei 1 cores haben 1000 Messungen 0.355696 Sekunden gebraucht
bei 1 cores haben 1000 Messungen 0.310283 Sekunden gebraucht
bei 1 cores haben 1000 Messungen 0.310663 Sekunden gebraucht
bei 1 cores haben 1000 Messungen 0.310727 Sekunden gebraucht
bei 1 cores haben 1000 Messungen 0.310365 Sekunden gebraucht
bei 1 cores haben 1000 Messungen 0.310365 Sekunden gebraucht
bei 1 cores haben 1000 Messungen 0.410809 Sekunden gebraucht
bei 1 cores haben 1000 Messungen 0.348536 Sekunden gebraucht
bei 1 cores haben 1000 Messungen 0.310369 Sekunden gebraucht
bei 2 cores haben 1000 Messungen 0.242442 Sekunden gebraucht
bei 2 cores haben 1000 Messungen 0.290036 Sekunden gebraucht
bei 2 cores haben 1000 Messungen 0.267031 Sekunden gebraucht
bei 2 cores haben 1000 Messungen 0.263568 Sekunden gebraucht
bei 2 cores haben 1000 Messungen 0.260791 Sekunden gebraucht
bei 2 cores haben 1000 Messungen 0.291384 Sekunden gebraucht
bei 2 cores haben 1000 Messungen 0.260201 Sekunden gebraucht
bei 2 cores haben 1000 Messungen 0.260943 Sekunden gebraucht
bei 2 cores haben 1000 Messungen 0.292462 Sekunden gebraucht
bei 2 cores haben 1000 Messungen 0.262088 Sekunden gebraucht
bei 3 cores haben 1000 Messungen 0.228475 Sekunden gebraucht
bei 3 cores haben 1000 Messungen 0.187316 Sekunden gebraucht
bei 3 cores haben 1000 Messungen 0.219648 Sekunden gebraucht
bei 3 cores haben 1000 Messungen 0.218230 Sekunden gebraucht
bei 3 cores haben 1000 Messungen 0.210083 Sekunden gebraucht
bei 3 cores haben 1000 Messungen 0.209323 Sekunden gebraucht
bei 3 cores haben 1000 Messungen 0.192109 Sekunden gebraucht
bei 3 cores haben 1000 Messungen 0.208184 Sekunden gebraucht
bei 3 cores haben 1000 Messungen 0.219919 Sekunden gebraucht
bei 3 cores haben 1000 Messungen 0.217884 Sekunden gebraucht
bei 4 cores haben 1000 Messungen 0.202369 Sekunden gebraucht
bei 4 cores haben 1000 Messungen 0.209465 Sekunden gebraucht
bei 4 cores haben 1000 Messungen 0.134795 Sekunden gebraucht
bei 4 cores haben 1000 Messungen 0.209404 Sekunden gebraucht
bei 4 cores haben 1000 Messungen 0.203895 Sekunden gebraucht
bei 4 cores haben 1000 Messungen 0.167548 Sekunden gebraucht
bei 4 cores haben 1000 Messungen 0.201071 Sekunden gebraucht
bei 4 cores haben 1000 Messungen 0.200179 Sekunden gebraucht
bei 4 cores haben 1000 Messungen 0.200434 Sekunden gebraucht
bei 4 cores haben 1000 Messungen 0.208891 Sekunden gebraucht
bei 5 cores haben 1000 Messungen 0.206163 Sekunden gebraucht
bei 5 cores haben 1000 Messungen 0.111391 Sekunden gebraucht
bei 5 cores haben 1000 Messungen 0.199258 Sekunden gebraucht
bei 5 cores haben 1000 Messungen 0.207467 Sekunden gebraucht
bei 5 cores haben 1000 Messungen 0.129043 Sekunden gebraucht
bei 5 cores haben 1000 Messungen 0.200151 Sekunden gebraucht
bei 5 cores haben 1000 Messungen 0.195834 Sekunden gebraucht
bei 5 cores haben 1000 Messungen 0.148760 Sekunden gebraucht
bei 5 cores haben 1000 Messungen 0.201139 Sekunden gebraucht
bei 5 cores haben 1000 Messungen 0.144966 Sekunden gebraucht
bei 6 cores haben 1000 Messungen 0.207412 Sekunden gebraucht
bei 6 cores haben 1000 Messungen 0.199164 Sekunden gebraucht
bei 6 cores haben 1000 Messungen 0.123408 Sekunden gebraucht
bei 6 cores haben 1000 Messungen 0.195184 Sekunden gebraucht
bei 6 cores haben 1000 Messungen 0.194974 Sekunden gebraucht
bei 6 cores haben 1000 Messungen 0.199288 Sekunden gebraucht
bei 6 cores haben 1000 Messungen 0.197677 Sekunden gebraucht
bei 6 cores haben 1000 Messungen 0.199882 Sekunden gebraucht
bei 6 cores haben 1000 Messungen 0.191829 Sekunden gebraucht
bei 6 cores haben 1000 Messungen 0.201540 Sekunden gebraucht
bei 7 cores haben 1000 Messungen 0.203375 Sekunden gebraucht
bei 7 cores haben 1000 Messungen 0.192142 Sekunden gebraucht
bei 7 cores haben 1000 Messungen 0.202705 Sekunden gebraucht
bei 7 cores haben 1000 Messungen 0.395677 Sekunden gebraucht
bei 7 cores haben 1000 Messungen 0.201824 Sekunden gebraucht
bei 7 cores haben 1000 Messungen 0.395722 Sekunden gebraucht
bei 7 cores haben 1000 Messungen 0.221655 Sekunden gebraucht
bei 7 cores haben 1000 Messungen 0.205832 Sekunden gebraucht
bei 7 cores haben 1000 Messungen 0.194796 Sekunden gebraucht
bei 7 cores haben 1000 Messungen 0.190786 Sekunden gebraucht
bei 8 cores haben 1000 Messungen 0.204186 Sekunden gebraucht
bei 8 cores haben 1000 Messungen 0.195036 Sekunden gebraucht
bei 8 cores haben 1000 Messungen 0.259989 Sekunden gebraucht
bei 8 cores haben 1000 Messungen 0.207259 Sekunden gebraucht
bei 8 cores haben 1000 Messungen 0.200962 Sekunden gebraucht
bei 8 cores haben 1000 Messungen 0.206501 Sekunden gebraucht
bei 8 cores haben 1000 Messungen 0.197747 Sekunden gebraucht
bei 8 cores haben 1000 Messungen 0.199628 Sekunden gebraucht
bei 8 cores haben 1000 Messungen 0.208180 Sekunden gebraucht
bei 8 cores haben 1000 Messungen 0.636534 Sekunden gebraucht
bei 9 cores haben 1000 Messungen 0.205654 Sekunden gebraucht
bei 9 cores haben 1000 Messungen 0.211275 Sekunden gebraucht
bei 9 cores haben 1000 Messungen 0.202637 Sekunden gebraucht
bei 9 cores haben 1000 Messungen 0.207228 Sekunden gebraucht
bei 9 cores haben 1000 Messungen 0.210407 Sekunden gebraucht
bei 9 cores haben 1000 Messungen 0.189988 Sekunden gebraucht
bei 9 cores haben 1000 Messungen 0.196802 Sekunden gebraucht
bei 9 cores haben 1000 Messungen 0.205239 Sekunden gebraucht
bei 9 cores haben 1000 Messungen 0.198921 Sekunden gebraucht
bei 9 cores haben 1000 Messungen 0.200369 Sekunden gebraucht
bei 10 cores haben 1000 Messungen 0.205579 Sekunden gebraucht
bei 10 cores haben 1000 Messungen 0.197865 Sekunden gebraucht
bei 10 cores haben 1000 Messungen 0.197242 Sekunden gebraucht
bei 10 cores haben 1000 Messungen 0.199767 Sekunden gebraucht
bei 10 cores haben 1000 Messungen 0.204619 Sekunden gebraucht
bei 10 cores haben 1000 Messungen 0.201186 Sekunden gebraucht
bei 10 cores haben 1000 Messungen 0.196635 Sekunden gebraucht
bei 10 cores haben 1000 Messungen 0.207615 Sekunden gebraucht
bei 10 cores haben 1000 Messungen 0.198230 Sekunden gebraucht
bei 10 cores haben 1000 Messungen 0.206839 Sekunden gebraucht
bei 11 cores haben 1000 Messungen 0.200829 Sekunden gebraucht
bei 11 cores haben 1000 Messungen 0.212744 Sekunden gebraucht
bei 11 cores haben 1000 Messungen 0.208331 Sekunden gebraucht
bei 11 cores haben 1000 Messungen 0.203971 Sekunden gebraucht
bei 11 cores haben 1000 Messungen 0.201030 Sekunden gebraucht
bei 11 cores haben 1000 Messungen 0.206523 Sekunden gebraucht
bei 11 cores haben 1000 Messungen 0.210957 Sekunden gebraucht
bei 11 cores haben 1000 Messungen 0.199663 Sekunden gebraucht
bei 11 cores haben 1000 Messungen 0.201057 Sekunden gebraucht
bei 11 cores haben 1000 Messungen 0.199505 Sekunden gebraucht
bei 12 cores haben 1000 Messungen 0.206839 Sekunden gebraucht
bei 12 cores haben 1000 Messungen 0.205537 Sekunden gebraucht
bei 12 cores haben 1000 Messungen 0.219417 Sekunden gebraucht
bei 12 cores haben 1000 Messungen 0.207829 Sekunden gebraucht
bei 12 cores haben 1000 Messungen 0.207934 Sekunden gebraucht
bei 12 cores haben 1000 Messungen 0.207744 Sekunden gebraucht
bei 12 cores haben 1000 Messungen 0.205664 Sekunden gebraucht
bei 12 cores haben 1000 Messungen 0.207495 Sekunden gebraucht
bei 12 cores haben 1000 Messungen 0.207366 Sekunden gebraucht
bei 12 cores haben 1000 Messungen 0.207702 Sekunden gebraucht
Laenge=500
bei 1 cores haben 1000 Messungen 30.829018 Sekunden gebraucht
bei 1 cores haben 1000 Messungen 30.780795 Sekunden gebraucht
bei 1 cores haben 1000 Messungen 30.819517 Sekunden gebraucht
bei 1 cores haben 1000 Messungen 30.780243 Sekunden gebraucht
bei 1 cores haben 1000 Messungen 30.783920 Sekunden gebraucht
bei 1 cores haben 1000 Messungen 30.784444 Sekunden gebraucht
bei 1 cores haben 1000 Messungen 30.837701 Sekunden gebraucht
bei 1 cores haben 1000 Messungen 31.061902 Sekunden gebraucht
bei 1 cores haben 1000 Messungen 31.419413 Sekunden gebraucht
bei 1 cores haben 1000 Messungen 30.793961 Sekunden gebraucht
bei 2 cores haben 1000 Messungen 26.345898 Sekunden gebraucht
bei 2 cores haben 1000 Messungen 26.044098 Sekunden gebraucht
bei 2 cores haben 1000 Messungen 26.062496 Sekunden gebraucht
bei 2 cores haben 1000 Messungen 26.099415 Sekunden gebraucht
bei 2 cores haben 1000 Messungen 25.963012 Sekunden gebraucht
bei 2 cores haben 1000 Messungen 26.028013 Sekunden gebraucht
bei 2 cores haben 1000 Messungen 25.941859 Sekunden gebraucht
bei 2 cores haben 1000 Messungen 26.011220 Sekunden gebraucht
bei 2 cores haben 1000 Messungen 26.168396 Sekunden gebraucht
bei 2 cores haben 1000 Messungen 26.038084 Sekunden gebraucht
bei 3 cores haben 1000 Messungen 20.911024 Sekunden gebraucht
bei 3 cores haben 1000 Messungen 20.579835 Sekunden gebraucht
bei 3 cores haben 1000 Messungen 20.873919 Sekunden gebraucht
bei 3 cores haben 1000 Messungen 21.063362 Sekunden gebraucht
bei 3 cores haben 1000 Messungen 21.059137 Sekunden gebraucht
bei 3 cores haben 1000 Messungen 20.958617 Sekunden gebraucht
bei 3 cores haben 1000 Messungen 20.807595 Sekunden gebraucht
bei 3 cores haben 1000 Messungen 21.004419 Sekunden gebraucht
bei 3 cores haben 1000 Messungen 21.192047 Sekunden gebraucht
bei 3 cores haben 1000 Messungen 21.089251 Sekunden gebraucht
bei 4 cores haben 1000 Messungen 19.686460 Sekunden gebraucht
bei 4 cores haben 1000 Messungen 18.712202 Sekunden gebraucht
bei 4 cores haben 1000 Messungen 19.449376 Sekunden gebraucht
bei 4 cores haben 1000 Messungen 19.357835 Sekunden gebraucht
bei 4 cores haben 1000 Messungen 19.559027 Sekunden gebraucht
bei 4 cores haben 1000 Messungen 18.781775 Sekunden gebraucht
bei 4 cores haben 1000 Messungen 18.795544 Sekunden gebraucht
bei 4 cores haben 1000 Messungen 18.666514 Sekunden gebraucht
bei 4 cores haben 1000 Messungen 18.688342 Sekunden gebraucht
bei 4 cores haben 1000 Messungen 18.641140 Sekunden gebraucht
bei 5 cores haben 1000 Messungen 19.647995 Sekunden gebraucht
bei 5 cores haben 1000 Messungen 19.855395 Sekunden gebraucht
bei 5 cores haben 1000 Messungen 19.705686 Sekunden gebraucht
bei 5 cores haben 1000 Messungen 19.647322 Sekunden gebraucht
bei 5 cores haben 1000 Messungen 19.469865 Sekunden gebraucht
bei 5 cores haben 1000 Messungen 19.795307 Sekunden gebraucht
bei 5 cores haben 1000 Messungen 19.575686 Sekunden gebraucht
bei 5 cores haben 1000 Messungen 19.198835 Sekunden gebraucht
bei 5 cores haben 1000 Messungen 19.522331 Sekunden gebraucht
bei 5 cores haben 1000 Messungen 19.205394 Sekunden gebraucht
bei 6 cores haben 1000 Messungen 19.407061 Sekunden gebraucht
bei 6 cores haben 1000 Messungen 18.748568 Sekunden gebraucht
bei 6 cores haben 1000 Messungen 18.967570 Sekunden gebraucht
bei 6 cores haben 1000 Messungen 19.467073 Sekunden gebraucht
bei 6 cores haben 1000 Messungen 19.333847 Sekunden gebraucht
bei 6 cores haben 1000 Messungen 18.766132 Sekunden gebraucht
bei 6 cores haben 1000 Messungen 18.467365 Sekunden gebraucht
bei 6 cores haben 1000 Messungen 19.020434 Sekunden gebraucht
bei 6 cores haben 1000 Messungen 19.618672 Sekunden gebraucht
bei 6 cores haben 1000 Messungen 18.615613 Sekunden gebraucht
bei 7 cores haben 1000 Messungen 19.218870 Sekunden gebraucht
bei 7 cores haben 1000 Messungen 19.654672 Sekunden gebraucht
bei 7 cores haben 1000 Messungen 19.258068 Sekunden gebraucht
bei 7 cores haben 1000 Messungen 19.247731 Sekunden gebraucht
bei 7 cores haben 1000 Messungen 19.360518 Sekunden gebraucht
bei 7 cores haben 1000 Messungen 19.077965 Sekunden gebraucht
bei 7 cores haben 1000 Messungen 19.466022 Sekunden gebraucht
bei 7 cores haben 1000 Messungen 19.582773 Sekunden gebraucht
bei 7 cores haben 1000 Messungen 19.312948 Sekunden gebraucht
bei 7 cores haben 1000 Messungen 19.266347 Sekunden gebraucht
bei 8 cores haben 1000 Messungen 18.805340 Sekunden gebraucht
bei 8 cores haben 1000 Messungen 18.778429 Sekunden gebraucht
bei 8 cores haben 1000 Messungen 18.882586 Sekunden gebraucht
bei 8 cores haben 1000 Messungen 18.958508 Sekunden gebraucht
bei 8 cores haben 1000 Messungen 19.121825 Sekunden gebraucht
bei 8 cores haben 1000 Messungen 18.994932 Sekunden gebraucht
bei 8 cores haben 1000 Messungen 18.872691 Sekunden gebraucht
bei 8 cores haben 1000 Messungen 19.065717 Sekunden gebraucht
bei 8 cores haben 1000 Messungen 19.065163 Sekunden gebraucht
bei 8 cores haben 1000 Messungen 19.320829 Sekunden gebraucht
bei 9 cores haben 1000 Messungen 19.498554 Sekunden gebraucht
bei 9 cores haben 1000 Messungen 19.498750 Sekunden gebraucht
bei 9 cores haben 1000 Messungen 19.439175 Sekunden gebraucht
bei 9 cores haben 1000 Messungen 19.261955 Sekunden gebraucht
bei 9 cores haben 1000 Messungen 19.383533 Sekunden gebraucht
bei 9 cores haben 1000 Messungen 19.362559 Sekunden gebraucht
bei 9 cores haben 1000 Messungen 19.565171 Sekunden gebraucht
bei 9 cores haben 1000 Messungen 19.364485 Sekunden gebraucht
bei 9 cores haben 1000 Messungen 19.480185 Sekunden gebraucht
bei 9 cores haben 1000 Messungen 19.443177 Sekunden gebraucht
bei 10 cores haben 1000 Messungen 19.222061 Sekunden gebraucht
bei 10 cores haben 1000 Messungen 19.320405 Sekunden gebraucht
bei 10 cores haben 1000 Messungen 19.432522 Sekunden gebraucht
bei 10 cores haben 1000 Messungen 19.397886 Sekunden gebraucht
bei 10 cores haben 1000 Messungen 19.357490 Sekunden gebraucht
bei 10 cores haben 1000 Messungen 19.309904 Sekunden gebraucht
bei 10 cores haben 1000 Messungen 19.285377 Sekunden gebraucht
bei 10 cores haben 1000 Messungen 19.367106 Sekunden gebraucht
bei 10 cores haben 1000 Messungen 19.251169 Sekunden gebraucht
bei 10 cores haben 1000 Messungen 19.288177 Sekunden gebraucht
bei 11 cores haben 1000 Messungen 19.396844 Sekunden gebraucht
bei 11 cores haben 1000 Messungen 19.396163 Sekunden gebraucht
bei 11 cores haben 1000 Messungen 19.392956 Sekunden gebraucht
bei 11 cores haben 1000 Messungen 19.464622 Sekunden gebraucht
bei 11 cores haben 1000 Messungen 19.305849 Sekunden gebraucht
bei 11 cores haben 1000 Messungen 19.206758 Sekunden gebraucht
bei 11 cores haben 1000 Messungen 19.237250 Sekunden gebraucht
bei 11 cores haben 1000 Messungen 19.368259 Sekunden gebraucht
bei 11 cores haben 1000 Messungen 19.292253 Sekunden gebraucht
bei 11 cores haben 1000 Messungen 19.214852 Sekunden gebraucht
bei 12 cores haben 1000 Messungen 19.260128 Sekunden gebraucht
bei 12 cores haben 1000 Messungen 19.200157 Sekunden gebraucht
bei 12 cores haben 1000 Messungen 19.204159 Sekunden gebraucht
bei 12 cores haben 1000 Messungen 19.183862 Sekunden gebraucht
bei 12 cores haben 1000 Messungen 19.156155 Sekunden gebraucht
bei 12 cores haben 1000 Messungen 19.183659 Sekunden gebraucht
bei 12 cores haben 1000 Messungen 19.162949 Sekunden gebraucht
bei 12 cores haben 1000 Messungen 19.202253 Sekunden gebraucht
bei 12 cores haben 1000 Messungen 19.198454 Sekunden gebraucht
bei 12 cores haben 1000 Messungen 19.207790 Sekunden gebraucht
/hiskp4/gross/bachelorarbeit
