Tue Jul 21 15:49:22 CEST 2020 Waiting for 30 seconds before starting the job to allow the node to settle down
Tue Jul 21 15:49:52 CEST 2020 Waiting done, starting task!
1260 1
Tue Jul 21 15:49:52 CEST 2020 Waiting for 30 seconds before starting the job to allow the node to settle down
Tue Jul 21 15:50:22 CEST 2020 Waiting done, starting task!
1260
1260 2
Tue Jul 21 15:50:23 CEST 2020 Waiting for 30 seconds before starting the job to allow the node to settle down
Tue Jul 21 15:50:23 CEST 2020 Waiting for 30 seconds before starting the job to allow the node to settle down
Tue Jul 21 15:50:53 CEST 2020 Waiting done, starting task!
Tue Jul 21 15:50:53 CEST 2020 Waiting done, starting task!
1260
1260 3
Tue Jul 21 15:50:59 CEST 2020 Waiting for 30 seconds before starting the job to allow the node to settle down
Tue Jul 21 15:50:59 CEST 2020 Waiting for 30 seconds before starting the job to allow the node to settle down
Tue Jul 21 15:50:59 CEST 2020 Waiting for 30 seconds before starting the job to allow the node to settle down
Tue Jul 21 15:51:29 CEST 2020 Waiting done, starting task!
Tue Jul 21 15:51:29 CEST 2020 Waiting done, starting task!
Tue Jul 21 15:51:29 CEST 2020 Waiting done, starting task!
1260
1260 4
Tue Jul 21 15:51:36 CEST 2020 Waiting for 30 seconds before starting the job to allow the node to settle down
Tue Jul 21 15:51:36 CEST 2020 Waiting for 30 seconds before starting the job to allow the node to settle down
Tue Jul 21 15:51:36 CEST 2020 Waiting for 30 seconds before starting the job to allow the node to settle down
Tue Jul 21 15:51:36 CEST 2020 Waiting for 30 seconds before starting the job to allow the node to settle down
Tue Jul 21 15:52:06 CEST 2020 Waiting done, starting task!
Tue Jul 21 15:52:06 CEST 2020 Waiting done, starting task!
Tue Jul 21 15:52:06 CEST 2020 Waiting done, starting task!
Tue Jul 21 15:52:06 CEST 2020 Waiting done, starting task!
1260
1260 5
Tue Jul 21 15:52:13 CEST 2020 Waiting for 30 seconds before starting the job to allow the node to settle down
Tue Jul 21 15:52:13 CEST 2020 Waiting for 30 seconds before starting the job to allow the node to settle down
Tue Jul 21 15:52:13 CEST 2020 Waiting for 30 seconds before starting the job to allow the node to settle down
Tue Jul 21 15:52:13 CEST 2020 Waiting for 30 seconds before starting the job to allow the node to settle down
Tue Jul 21 15:52:13 CEST 2020 Waiting for 30 seconds before starting the job to allow the node to settle down
Tue Jul 21 15:52:43 CEST 2020 Waiting done, starting task!
Tue Jul 21 15:52:43 CEST 2020 Waiting done, starting task!
Tue Jul 21 15:52:43 CEST 2020 Waiting done, starting task!
Tue Jul 21 15:52:43 CEST 2020 Waiting done, starting task!
Tue Jul 21 15:52:43 CEST 2020 Waiting done, starting task!
1260
1260 6
Tue Jul 21 15:55:26 CEST 2020 Waiting for 30 seconds before starting the job to allow the node to settle down
Tue Jul 21 15:55:26 CEST 2020 Waiting for 30 seconds before starting the job to allow the node to settle down
Tue Jul 21 15:55:26 CEST 2020 Waiting for 30 seconds before starting the job to allow the node to settle down
Tue Jul 21 15:55:26 CEST 2020 Waiting for 30 seconds before starting the job to allow the node to settle down
Tue Jul 21 15:55:26 CEST 2020 Waiting for 30 seconds before starting the job to allow the node to settle down
Tue Jul 21 15:55:26 CEST 2020 Waiting for 30 seconds before starting the job to allow the node to settle down
Tue Jul 21 15:55:56 CEST 2020 Waiting done, starting task!
Tue Jul 21 15:55:56 CEST 2020 Waiting done, starting task!
Tue Jul 21 15:55:56 CEST 2020 Waiting done, starting task!
Tue Jul 21 15:55:56 CEST 2020 Waiting done, starting task!
Tue Jul 21 15:55:56 CEST 2020 Waiting done, starting task!
Tue Jul 21 15:55:56 CEST 2020 Waiting done, starting task!
1260
1260 7
Tue Jul 21 15:58:15 CEST 2020 Waiting for 30 seconds before starting the job to allow the node to settle down
Tue Jul 21 15:58:15 CEST 2020 Waiting for 30 seconds before starting the job to allow the node to settle down
Tue Jul 21 15:58:15 CEST 2020 Waiting for 30 seconds before starting the job to allow the node to settle down
Tue Jul 21 15:58:15 CEST 2020 Waiting for 30 seconds before starting the job to allow the node to settle down
Tue Jul 21 15:58:15 CEST 2020 Waiting for 30 seconds before starting the job to allow the node to settle down
Tue Jul 21 15:58:15 CEST 2020 Waiting for 30 seconds before starting the job to allow the node to settle down
Tue Jul 21 15:58:15 CEST 2020 Waiting for 30 seconds before starting the job to allow the node to settle down
Tue Jul 21 15:58:45 CEST 2020 Waiting done, starting task!
Tue Jul 21 15:58:45 CEST 2020 Waiting done, starting task!
Tue Jul 21 15:58:45 CEST 2020 Waiting done, starting task!
Tue Jul 21 15:58:45 CEST 2020 Waiting done, starting task!
Tue Jul 21 15:58:45 CEST 2020 Waiting done, starting task!
Tue Jul 21 15:58:45 CEST 2020 Waiting done, starting task!
Tue Jul 21 15:58:45 CEST 2020 Waiting done, starting task!
1260
1260 9
Tue Jul 21 16:00:45 CEST 2020 Waiting for 30 seconds before starting the job to allow the node to settle down
Tue Jul 21 16:00:45 CEST 2020 Waiting for 30 seconds before starting the job to allow the node to settle down
Tue Jul 21 16:00:45 CEST 2020 Waiting for 30 seconds before starting the job to allow the node to settle down
Tue Jul 21 16:00:45 CEST 2020 Waiting for 30 seconds before starting the job to allow the node to settle down
Tue Jul 21 16:00:45 CEST 2020 Waiting for 30 seconds before starting the job to allow the node to settle down
Tue Jul 21 16:00:45 CEST 2020 Waiting for 30 seconds before starting the job to allow the node to settle down
Tue Jul 21 16:00:45 CEST 2020 Waiting for 30 seconds before starting the job to allow the node to settle down
Tue Jul 21 16:00:45 CEST 2020 Waiting for 30 seconds before starting the job to allow the node to settle down
Tue Jul 21 16:00:45 CEST 2020 Waiting for 30 seconds before starting the job to allow the node to settle down
Tue Jul 21 16:01:15 CEST 2020 Waiting done, starting task!
Tue Jul 21 16:01:15 CEST 2020 Waiting done, starting task!
Tue Jul 21 16:01:15 CEST 2020 Waiting done, starting task!
Tue Jul 21 16:01:15 CEST 2020 Waiting done, starting task!
Tue Jul 21 16:01:15 CEST 2020 Waiting done, starting task!
Tue Jul 21 16:01:15 CEST 2020 Waiting done, starting task!
Tue Jul 21 16:01:15 CEST 2020 Waiting done, starting task!
Tue Jul 21 16:01:15 CEST 2020 Waiting done, starting task!
Tue Jul 21 16:01:15 CEST 2020 Waiting done, starting task!
1260
1260 10
Tue Jul 21 16:02:50 CEST 2020 Waiting for 30 seconds before starting the job to allow the node to settle down
Tue Jul 21 16:02:50 CEST 2020 Waiting for 30 seconds before starting the job to allow the node to settle down
Tue Jul 21 16:02:50 CEST 2020 Waiting for 30 seconds before starting the job to allow the node to settle down
Tue Jul 21 16:02:50 CEST 2020 Waiting for 30 seconds before starting the job to allow the node to settle down
Tue Jul 21 16:02:50 CEST 2020 Waiting for 30 seconds before starting the job to allow the node to settle down
Tue Jul 21 16:02:50 CEST 2020 Waiting for 30 seconds before starting the job to allow the node to settle down
Tue Jul 21 16:02:50 CEST 2020 Waiting for 30 seconds before starting the job to allow the node to settle down
Tue Jul 21 16:02:50 CEST 2020 Waiting for 30 seconds before starting the job to allow the node to settle down
Tue Jul 21 16:02:50 CEST 2020 Waiting for 30 seconds before starting the job to allow the node to settle down
Tue Jul 21 16:02:50 CEST 2020 Waiting for 30 seconds before starting the job to allow the node to settle down
Tue Jul 21 16:03:20 CEST 2020 Waiting done, starting task!
Tue Jul 21 16:03:20 CEST 2020 Waiting done, starting task!
Tue Jul 21 16:03:20 CEST 2020 Waiting done, starting task!
Tue Jul 21 16:03:20 CEST 2020 Waiting done, starting task!
Tue Jul 21 16:03:20 CEST 2020 Waiting done, starting task!
Tue Jul 21 16:03:20 CEST 2020 Waiting done, starting task!
Tue Jul 21 16:03:20 CEST 2020 Waiting done, starting task!
Tue Jul 21 16:03:20 CEST 2020 Waiting done, starting task!
Tue Jul 21 16:03:20 CEST 2020 Waiting done, starting task!
Tue Jul 21 16:03:20 CEST 2020 Waiting done, starting task!
1260
1260 12
Tue Jul 21 16:04:48 CEST 2020 Waiting for 30 seconds before starting the job to allow the node to settle down
Tue Jul 21 16:04:48 CEST 2020 Waiting for 30 seconds before starting the job to allow the node to settle down
Tue Jul 21 16:04:48 CEST 2020 Waiting for 30 seconds before starting the job to allow the node to settle down
Tue Jul 21 16:04:48 CEST 2020 Waiting for 30 seconds before starting the job to allow the node to settle down
Tue Jul 21 16:04:48 CEST 2020 Waiting for 30 seconds before starting the job to allow the node to settle down
Tue Jul 21 16:04:48 CEST 2020 Waiting for 30 seconds before starting the job to allow the node to settle down
Tue Jul 21 16:04:48 CEST 2020 Waiting for 30 seconds before starting the job to allow the node to settle down
Tue Jul 21 16:04:48 CEST 2020 Waiting for 30 seconds before starting the job to allow the node to settle down
Tue Jul 21 16:04:48 CEST 2020 Waiting for 30 seconds before starting the job to allow the node to settle down
Tue Jul 21 16:04:48 CEST 2020 Waiting for 30 seconds before starting the job to allow the node to settle down
Tue Jul 21 16:04:48 CEST 2020 Waiting for 30 seconds before starting the job to allow the node to settle down
Tue Jul 21 16:04:48 CEST 2020 Waiting for 30 seconds before starting the job to allow the node to settle down
Tue Jul 21 16:05:18 CEST 2020 Waiting done, starting task!
Tue Jul 21 16:05:18 CEST 2020 Waiting done, starting task!
Tue Jul 21 16:05:18 CEST 2020 Waiting done, starting task!
Tue Jul 21 16:05:18 CEST 2020 Waiting done, starting task!
Tue Jul 21 16:05:18 CEST 2020 Waiting done, starting task!
Tue Jul 21 16:05:18 CEST 2020 Waiting done, starting task!
Tue Jul 21 16:05:18 CEST 2020 Waiting done, starting task!
Tue Jul 21 16:05:18 CEST 2020 Waiting done, starting task!
Tue Jul 21 16:05:18 CEST 2020 Waiting done, starting task!
Tue Jul 21 16:05:18 CEST 2020 Waiting done, starting task!
Tue Jul 21 16:05:18 CEST 2020 Waiting done, starting task!
Tue Jul 21 16:05:18 CEST 2020 Waiting done, starting task!
1260
1260 14
Tue Jul 21 16:06:32 CEST 2020 Waiting for 30 seconds before starting the job to allow the node to settle down
Tue Jul 21 16:06:32 CEST 2020 Waiting for 30 seconds before starting the job to allow the node to settle down
Tue Jul 21 16:06:32 CEST 2020 Waiting for 30 seconds before starting the job to allow the node to settle down
Tue Jul 21 16:06:32 CEST 2020 Waiting for 30 seconds before starting the job to allow the node to settle down
Tue Jul 21 16:06:32 CEST 2020 Waiting for 30 seconds before starting the job to allow the node to settle down
Tue Jul 21 16:06:32 CEST 2020 Waiting for 30 seconds before starting the job to allow the node to settle down
Tue Jul 21 16:06:32 CEST 2020 Waiting for 30 seconds before starting the job to allow the node to settle down
Tue Jul 21 16:06:32 CEST 2020 Waiting for 30 seconds before starting the job to allow the node to settle down
Tue Jul 21 16:06:32 CEST 2020 Waiting for 30 seconds before starting the job to allow the node to settle down
Tue Jul 21 16:06:32 CEST 2020 Waiting for 30 seconds before starting the job to allow the node to settle down
Tue Jul 21 16:06:32 CEST 2020 Waiting for 30 seconds before starting the job to allow the node to settle down
Tue Jul 21 16:06:32 CEST 2020 Waiting for 30 seconds before starting the job to allow the node to settle down
Tue Jul 21 16:06:32 CEST 2020 Waiting for 30 seconds before starting the job to allow the node to settle down
Tue Jul 21 16:06:32 CEST 2020 Waiting for 30 seconds before starting the job to allow the node to settle down
Tue Jul 21 16:07:02 CEST 2020 Waiting done, starting task!
Tue Jul 21 16:07:02 CEST 2020 Waiting done, starting task!
Tue Jul 21 16:07:02 CEST 2020 Waiting done, starting task!
Tue Jul 21 16:07:02 CEST 2020 Waiting done, starting task!
Tue Jul 21 16:07:02 CEST 2020 Waiting done, starting task!
Tue Jul 21 16:07:02 CEST 2020 Waiting done, starting task!
Tue Jul 21 16:07:02 CEST 2020 Waiting done, starting task!
Tue Jul 21 16:07:02 CEST 2020 Waiting done, starting task!
Tue Jul 21 16:07:02 CEST 2020 Waiting done, starting task!
Tue Jul 21 16:07:02 CEST 2020 Waiting done, starting task!
Tue Jul 21 16:07:02 CEST 2020 Waiting done, starting task!
Tue Jul 21 16:07:02 CEST 2020 Waiting done, starting task!
Tue Jul 21 16:07:02 CEST 2020 Waiting done, starting task!
Tue Jul 21 16:07:02 CEST 2020 Waiting done, starting task!
1260
1260 15
Tue Jul 21 16:08:07 CEST 2020 Waiting for 30 seconds before starting the job to allow the node to settle down
Tue Jul 21 16:08:07 CEST 2020 Waiting for 30 seconds before starting the job to allow the node to settle down
Tue Jul 21 16:08:07 CEST 2020 Waiting for 30 seconds before starting the job to allow the node to settle down
Tue Jul 21 16:08:07 CEST 2020 Waiting for 30 seconds before starting the job to allow the node to settle down
Tue Jul 21 16:08:07 CEST 2020 Waiting for 30 seconds before starting the job to allow the node to settle down
Tue Jul 21 16:08:07 CEST 2020 Waiting for 30 seconds before starting the job to allow the node to settle down
Tue Jul 21 16:08:07 CEST 2020 Waiting for 30 seconds before starting the job to allow the node to settle down
Tue Jul 21 16:08:07 CEST 2020 Waiting for 30 seconds before starting the job to allow the node to settle down
Tue Jul 21 16:08:07 CEST 2020 Waiting for 30 seconds before starting the job to allow the node to settle down
Tue Jul 21 16:08:07 CEST 2020 Waiting for 30 seconds before starting the job to allow the node to settle down
Tue Jul 21 16:08:07 CEST 2020 Waiting for 30 seconds before starting the job to allow the node to settle down
Tue Jul 21 16:08:07 CEST 2020 Waiting for 30 seconds before starting the job to allow the node to settle down
Tue Jul 21 16:08:07 CEST 2020 Waiting for 30 seconds before starting the job to allow the node to settle down
Tue Jul 21 16:08:07 CEST 2020 Waiting for 30 seconds before starting the job to allow the node to settle down
Tue Jul 21 16:08:07 CEST 2020 Waiting for 30 seconds before starting the job to allow the node to settle down
Tue Jul 21 16:08:37 CEST 2020 Waiting done, starting task!
Tue Jul 21 16:08:37 CEST 2020 Waiting done, starting task!
Tue Jul 21 16:08:37 CEST 2020 Waiting done, starting task!
Tue Jul 21 16:08:37 CEST 2020 Waiting done, starting task!
Tue Jul 21 16:08:37 CEST 2020 Waiting done, starting task!
Tue Jul 21 16:08:37 CEST 2020 Waiting done, starting task!
Tue Jul 21 16:08:37 CEST 2020 Waiting done, starting task!
Tue Jul 21 16:08:37 CEST 2020 Waiting done, starting task!
Tue Jul 21 16:08:37 CEST 2020 Waiting done, starting task!
Tue Jul 21 16:08:37 CEST 2020 Waiting done, starting task!
Tue Jul 21 16:08:37 CEST 2020 Waiting done, starting task!
Tue Jul 21 16:08:37 CEST 2020 Waiting done, starting task!
Tue Jul 21 16:08:37 CEST 2020 Waiting done, starting task!
Tue Jul 21 16:08:37 CEST 2020 Waiting done, starting task!
Tue Jul 21 16:08:37 CEST 2020 Waiting done, starting task!
1260
1260 18
Tue Jul 21 16:09:38 CEST 2020 Waiting for 30 seconds before starting the job to allow the node to settle down
Tue Jul 21 16:09:38 CEST 2020 Waiting for 30 seconds before starting the job to allow the node to settle down
Tue Jul 21 16:09:38 CEST 2020 Waiting for 30 seconds before starting the job to allow the node to settle down
Tue Jul 21 16:09:38 CEST 2020 Waiting for 30 seconds before starting the job to allow the node to settle down
Tue Jul 21 16:09:38 CEST 2020 Waiting for 30 seconds before starting the job to allow the node to settle down
Tue Jul 21 16:09:38 CEST 2020 Waiting for 30 seconds before starting the job to allow the node to settle down
Tue Jul 21 16:09:38 CEST 2020 Waiting for 30 seconds before starting the job to allow the node to settle down
Tue Jul 21 16:09:38 CEST 2020 Waiting for 30 seconds before starting the job to allow the node to settle down
Tue Jul 21 16:09:38 CEST 2020 Waiting for 30 seconds before starting the job to allow the node to settle down
Tue Jul 21 16:09:38 CEST 2020 Waiting for 30 seconds before starting the job to allow the node to settle down
Tue Jul 21 16:09:38 CEST 2020 Waiting for 30 seconds before starting the job to allow the node to settle down
Tue Jul 21 16:09:38 CEST 2020 Waiting for 30 seconds before starting the job to allow the node to settle down
Tue Jul 21 16:09:38 CEST 2020 Waiting for 30 seconds before starting the job to allow the node to settle down
Tue Jul 21 16:09:38 CEST 2020 Waiting for 30 seconds before starting the job to allow the node to settle down
Tue Jul 21 16:09:38 CEST 2020 Waiting for 30 seconds before starting the job to allow the node to settle down
Tue Jul 21 16:09:38 CEST 2020 Waiting for 30 seconds before starting the job to allow the node to settle down
Tue Jul 21 16:09:38 CEST 2020 Waiting for 30 seconds before starting the job to allow the node to settle down
Tue Jul 21 16:09:38 CEST 2020 Waiting for 30 seconds before starting the job to allow the node to settle down
Tue Jul 21 16:10:08 CEST 2020 Waiting done, starting task!
Tue Jul 21 16:10:08 CEST 2020 Waiting done, starting task!
Tue Jul 21 16:10:08 CEST 2020 Waiting done, starting task!
Tue Jul 21 16:10:08 CEST 2020 Waiting done, starting task!
Tue Jul 21 16:10:08 CEST 2020 Waiting done, starting task!
Tue Jul 21 16:10:08 CEST 2020 Waiting done, starting task!
Tue Jul 21 16:10:08 CEST 2020 Waiting done, starting task!
Tue Jul 21 16:10:08 CEST 2020 Waiting done, starting task!
Tue Jul 21 16:10:08 CEST 2020 Waiting done, starting task!
Tue Jul 21 16:10:08 CEST 2020 Waiting done, starting task!
Tue Jul 21 16:10:08 CEST 2020 Waiting done, starting task!
Tue Jul 21 16:10:08 CEST 2020 Waiting done, starting task!
Tue Jul 21 16:10:08 CEST 2020 Waiting done, starting task!
Tue Jul 21 16:10:08 CEST 2020 Waiting done, starting task!
Tue Jul 21 16:10:08 CEST 2020 Waiting done, starting task!
Tue Jul 21 16:10:08 CEST 2020 Waiting done, starting task!
Tue Jul 21 16:10:08 CEST 2020 Waiting done, starting task!
Tue Jul 21 16:10:08 CEST 2020 Waiting done, starting task!
1260
1260 20
Tue Jul 21 16:11:00 CEST 2020 Waiting for 30 seconds before starting the job to allow the node to settle down
Tue Jul 21 16:11:00 CEST 2020 Waiting for 30 seconds before starting the job to allow the node to settle down
Tue Jul 21 16:11:00 CEST 2020 Waiting for 30 seconds before starting the job to allow the node to settle down
Tue Jul 21 16:11:00 CEST 2020 Waiting for 30 seconds before starting the job to allow the node to settle down
Tue Jul 21 16:11:00 CEST 2020 Waiting for 30 seconds before starting the job to allow the node to settle down
Tue Jul 21 16:11:00 CEST 2020 Waiting for 30 seconds before starting the job to allow the node to settle down
Tue Jul 21 16:11:00 CEST 2020 Waiting for 30 seconds before starting the job to allow the node to settle down
Tue Jul 21 16:11:00 CEST 2020 Waiting for 30 seconds before starting the job to allow the node to settle down
Tue Jul 21 16:11:00 CEST 2020 Waiting for 30 seconds before starting the job to allow the node to settle down
Tue Jul 21 16:11:00 CEST 2020 Waiting for 30 seconds before starting the job to allow the node to settle down
Tue Jul 21 16:11:00 CEST 2020 Waiting for 30 seconds before starting the job to allow the node to settle down
Tue Jul 21 16:11:00 CEST 2020 Waiting for 30 seconds before starting the job to allow the node to settle down
Tue Jul 21 16:11:00 CEST 2020 Waiting for 30 seconds before starting the job to allow the node to settle down
Tue Jul 21 16:11:00 CEST 2020 Waiting for 30 seconds before starting the job to allow the node to settle down
Tue Jul 21 16:11:00 CEST 2020 Waiting for 30 seconds before starting the job to allow the node to settle down
Tue Jul 21 16:11:00 CEST 2020 Waiting for 30 seconds before starting the job to allow the node to settle down
Tue Jul 21 16:11:00 CEST 2020 Waiting for 30 seconds before starting the job to allow the node to settle down
Tue Jul 21 16:11:00 CEST 2020 Waiting for 30 seconds before starting the job to allow the node to settle down
Tue Jul 21 16:11:00 CEST 2020 Waiting for 30 seconds before starting the job to allow the node to settle down
Tue Jul 21 16:11:00 CEST 2020 Waiting for 30 seconds before starting the job to allow the node to settle down
Tue Jul 21 16:11:30 CEST 2020 Waiting done, starting task!
Tue Jul 21 16:11:30 CEST 2020 Waiting done, starting task!
Tue Jul 21 16:11:30 CEST 2020 Waiting done, starting task!
Tue Jul 21 16:11:30 CEST 2020 Waiting done, starting task!
Tue Jul 21 16:11:30 CEST 2020 Waiting done, starting task!
Tue Jul 21 16:11:30 CEST 2020 Waiting done, starting task!
Tue Jul 21 16:11:30 CEST 2020 Waiting done, starting task!
Tue Jul 21 16:11:30 CEST 2020 Waiting done, starting task!
Tue Jul 21 16:11:30 CEST 2020 Waiting done, starting task!
Tue Jul 21 16:11:30 CEST 2020 Waiting done, starting task!
Tue Jul 21 16:11:30 CEST 2020 Waiting done, starting task!
Tue Jul 21 16:11:30 CEST 2020 Waiting done, starting task!
Tue Jul 21 16:11:30 CEST 2020 Waiting done, starting task!
Tue Jul 21 16:11:30 CEST 2020 Waiting done, starting task!
Tue Jul 21 16:11:30 CEST 2020 Waiting done, starting task!
Tue Jul 21 16:11:30 CEST 2020 Waiting done, starting task!
Tue Jul 21 16:11:30 CEST 2020 Waiting done, starting task!
Tue Jul 21 16:11:30 CEST 2020 Waiting done, starting task!
Tue Jul 21 16:11:30 CEST 2020 Waiting done, starting task!
Tue Jul 21 16:11:30 CEST 2020 Waiting done, starting task!
1260
/hiskp4/gross/bachelorarbeit
