Thu Jun 25 11:44:19 CEST 2020 Waiting for 30 seconds before starting the job to allow the node to settle down
Thu Jun 25 11:44:49 CEST 2020 Waiting done, starting task!
Thu Jun 25 11:44:49 CEST 2020 Waiting for 30 seconds before starting the job to allow the node to settle down
Thu Jun 25 11:45:19 CEST 2020 Waiting done, starting task!
Laenge=100	Temperatur=0.500000
bei 1 cores haben 1000 Messungen 0.568600 Sekunden gebraucht
bei 1 cores haben 1000 Messungen 0.606552 Sekunden gebraucht
bei 1 cores haben 1000 Messungen 0.608178 Sekunden gebraucht
bei 1 cores haben 1000 Messungen 0.602547 Sekunden gebraucht
bei 1 cores haben 1000 Messungen 0.563058 Sekunden gebraucht
bei 2 cores haben 1000 Messungen 0.693922 Sekunden gebraucht
bei 2 cores haben 1000 Messungen 0.648720 Sekunden gebraucht
bei 2 cores haben 1000 Messungen 0.648425 Sekunden gebraucht
bei 2 cores haben 1000 Messungen 0.649837 Sekunden gebraucht
bei 2 cores haben 1000 Messungen 0.646810 Sekunden gebraucht
bei 3 cores haben 1000 Messungen 0.455252 Sekunden gebraucht
bei 3 cores haben 1000 Messungen 0.310912 Sekunden gebraucht
bei 3 cores haben 1000 Messungen 0.422692 Sekunden gebraucht
bei 3 cores haben 1000 Messungen 0.369977 Sekunden gebraucht
bei 3 cores haben 1000 Messungen 0.296029 Sekunden gebraucht
bei 4 cores haben 1000 Messungen 0.317669 Sekunden gebraucht
bei 4 cores haben 1000 Messungen 0.301914 Sekunden gebraucht
bei 4 cores haben 1000 Messungen 0.277048 Sekunden gebraucht
bei 4 cores haben 1000 Messungen 0.273889 Sekunden gebraucht
bei 4 cores haben 1000 Messungen 0.291059 Sekunden gebraucht
bei 5 cores haben 1000 Messungen 0.256358 Sekunden gebraucht
bei 5 cores haben 1000 Messungen 0.215988 Sekunden gebraucht
bei 5 cores haben 1000 Messungen 0.226808 Sekunden gebraucht
bei 5 cores haben 1000 Messungen 0.290315 Sekunden gebraucht
bei 5 cores haben 1000 Messungen 0.291408 Sekunden gebraucht
bei 6 cores haben 1000 Messungen 0.265869 Sekunden gebraucht
bei 6 cores haben 1000 Messungen 0.254258 Sekunden gebraucht
bei 6 cores haben 1000 Messungen 0.249465 Sekunden gebraucht
bei 6 cores haben 1000 Messungen 0.264529 Sekunden gebraucht
bei 6 cores haben 1000 Messungen 0.269565 Sekunden gebraucht
bei 7 cores haben 1000 Messungen 0.233838 Sekunden gebraucht
bei 7 cores haben 1000 Messungen 0.234228 Sekunden gebraucht
bei 7 cores haben 1000 Messungen 0.232302 Sekunden gebraucht
bei 7 cores haben 1000 Messungen 0.228064 Sekunden gebraucht
bei 7 cores haben 1000 Messungen 0.232392 Sekunden gebraucht
bei 8 cores haben 1000 Messungen 0.213567 Sekunden gebraucht
bei 8 cores haben 1000 Messungen 0.214721 Sekunden gebraucht
bei 8 cores haben 1000 Messungen 0.211700 Sekunden gebraucht
bei 8 cores haben 1000 Messungen 0.217011 Sekunden gebraucht
bei 8 cores haben 1000 Messungen 0.226246 Sekunden gebraucht
bei 9 cores haben 1000 Messungen 0.203878 Sekunden gebraucht
bei 9 cores haben 1000 Messungen 0.207076 Sekunden gebraucht
bei 9 cores haben 1000 Messungen 0.214689 Sekunden gebraucht
bei 9 cores haben 1000 Messungen 0.215201 Sekunden gebraucht
bei 9 cores haben 1000 Messungen 0.214142 Sekunden gebraucht
bei 10 cores haben 1000 Messungen 0.201003 Sekunden gebraucht
bei 10 cores haben 1000 Messungen 0.199180 Sekunden gebraucht
bei 10 cores haben 1000 Messungen 0.199366 Sekunden gebraucht
bei 10 cores haben 1000 Messungen 0.198899 Sekunden gebraucht
bei 10 cores haben 1000 Messungen 0.199360 Sekunden gebraucht
bei 11 cores haben 1000 Messungen 0.192376 Sekunden gebraucht
bei 11 cores haben 1000 Messungen 0.200614 Sekunden gebraucht
bei 11 cores haben 1000 Messungen 0.201362 Sekunden gebraucht
bei 11 cores haben 1000 Messungen 0.209862 Sekunden gebraucht
bei 11 cores haben 1000 Messungen 0.204141 Sekunden gebraucht
bei 12 cores haben 1000 Messungen 0.187808 Sekunden gebraucht
bei 12 cores haben 1000 Messungen 0.185443 Sekunden gebraucht
bei 12 cores haben 1000 Messungen 0.186266 Sekunden gebraucht
bei 12 cores haben 1000 Messungen 0.185770 Sekunden gebraucht
bei 12 cores haben 1000 Messungen 0.185955 Sekunden gebraucht
/hiskp4/gross/bachelorarbeit
