Sun Jul 26 14:40:29 CEST 2020 Waiting for 30 seconds before starting the job to allow the node to settle down
Sun Jul 26 14:40:59 CEST 2020 Waiting done, starting task!
Sun Jul 26 14:40:59 CEST 2020 Waiting for 30 seconds before starting the job to allow the node to settle down
Sun Jul 26 14:40:59 CEST 2020 Waiting for 30 seconds before starting the job to allow the node to settle down
Sun Jul 26 14:40:59 CEST 2020 Waiting for 30 seconds before starting the job to allow the node to settle down
Sun Jul 26 14:40:59 CEST 2020 Waiting for 30 seconds before starting the job to allow the node to settle down
Sun Jul 26 14:40:59 CEST 2020 Waiting for 30 seconds before starting the job to allow the node to settle down
Sun Jul 26 14:40:59 CEST 2020 Waiting for 30 seconds before starting the job to allow the node to settle down
Sun Jul 26 14:40:59 CEST 2020 Waiting for 30 seconds before starting the job to allow the node to settle down
Sun Jul 26 14:40:59 CEST 2020 Waiting for 30 seconds before starting the job to allow the node to settle down
Sun Jul 26 14:40:59 CEST 2020 Waiting for 30 seconds before starting the job to allow the node to settle down
Sun Jul 26 14:40:59 CEST 2020 Waiting for 30 seconds before starting the job to allow the node to settle down
Sun Jul 26 14:41:29 CEST 2020 Waiting done, starting task!
Sun Jul 26 14:41:29 CEST 2020 Waiting done, starting task!
Sun Jul 26 14:41:29 CEST 2020 Waiting done, starting task!
Sun Jul 26 14:41:29 CEST 2020 Waiting done, starting task!
Sun Jul 26 14:41:29 CEST 2020 Waiting done, starting task!
Sun Jul 26 14:41:29 CEST 2020 Waiting done, starting task!
Sun Jul 26 14:41:29 CEST 2020 Waiting done, starting task!
Sun Jul 26 14:41:29 CEST 2020 Waiting done, starting task!
Sun Jul 26 14:41:29 CEST 2020 Waiting done, starting task!
Sun Jul 26 14:41:29 CEST 2020 Waiting done, starting task!
0	128
0	256
0	384
0	512
0	640
0	758
0	876
0	1024
0	1280
0	1536
1	128
1	256
1	384
1	512
1	640
1	758
1	876
1	1024
1	1280
1	1536
2	128
2	256
2	384
2	512
2	640
2	758
2	876
2	1024
2	1280
2	1536
3	128
3	256
3	384
3	512
3	640
3	758
3	876
3	1024
3	1280
3	1536
4	128
4	256
4	384
4	512
4	640
4	758
4	876
4	1024
4	1280
4	1536
5	128
5	256
5	384
5	512
5	640
5	758
5	876
5	1024
5	1280
5	1536
6	128
6	256
6	384
6	512
6	640
6	758
6	876
6	1024
6	1280
6	1536
7	128
7	256
7	384
7	512
7	640
7	758
7	876
7	1024
7	1280
7	1536
8	128
8	256
8	384
8	512
8	640
8	758
8	876
8	1024
8	1280
8	1536
9	128
9	256
9	384
9	512
9	640
9	758
9	876
9	1024
9	1280
9	1536
10	128
10	256
10	384
10	512
10	640
10	758
10	876
10	1024
10	1280
10	1536
11	128
11	256
11	384
11	512
11	640
11	758
11	876
11	1024
11	1280
11	1536
12	128
12	256
12	384
12	512
12	640
12	758
12	876
12	1024
12	1280
12	1536
13	128
13	256
13	384
13	512
13	640
13	758
13	876
13	1024
13	1280
13	1536
14	128
14	256
14	384
14	512
14	640
14	758
14	876
14	1024
14	1280
14	1536
15	128
15	256
15	384
15	512
15	640
15	758
15	876
15	1024
15	1280
15	1536
16	128
16	256
16	384
16	512
16	640
16	758
16	876
16	1024
16	1280
16	1536
17	128
17	256
17	384
17	512
17	640
17	758
17	876
17	1024
17	1280
17	1536
18	128
18	256
18	384
18	512
18	640
18	758
18	876
18	1024
18	1280
18	1536
19	128
19	256
19	384
19	512
19	640
19	758
19	876
19	1024
19	1280
19	1536
20	128
20	256
20	384
20	512
20	640
20	758
20	876
20	1024
20	1280
20	1536
21	128
21	256
21	384
21	512
21	640
21	758
21	876
21	1024
21	1280
21	1536
22	128
22	256
22	384
22	512
22	640
22	758
22	876
22	1024
22	1280
22	1536
23	128
23	256
23	384
23	512
23	640
23	758
23	876
23	1024
23	1280
23	1536
24	128
24	256
24	384
24	512
24	640
24	758
24	876
24	1024
24	1280
24	1536
25	128
25	256
25	384
25	512
25	640
25	758
25	876
25	1024
25	1280
25	1536
26	128
26	256
26	384
26	512
26	640
26	758
26	876
26	1024
26	1280
26	1536
27	128
27	256
27	384
27	512
27	640
27	758
27	876
27	1024
27	1280
27	1536
28	128
28	256
28	384
28	512
28	640
28	758
28	876
28	1024
28	1280
28	1536
29	128
29	256
29	384
29	512
29	640
29	758
29	876
29	1024
29	1280
29	1536
30	128
30	256
30	384
30	512
30	640
30	758
30	876
30	1024
30	1280
30	1536
31	128
31	256
31	384
31	512
31	640
31	758
31	876
31	1024
31	1280
31	1536
32	128
32	256
32	384
32	512
32	640
32	758
32	876
32	1024
32	1280
32	1536
33	128
33	256
33	384
33	512
33	640
33	758
33	876
33	1024
33	1280
33	1536
34	128
34	256
34	384
34	512
34	640
34	758
34	876
34	1024
34	1280
34	1536
35	128
35	256
35	384
35	512
35	640
35	758
35	876
35	1024
35	1280
35	1536
36	128
36	256
36	384
36	512
36	640
36	758
36	876
36	1024
36	1280
36	1536
37	128
37	256
37	384
37	512
37	640
37	758
37	876
37	1024
37	1280
37	1536
38	128
38	256
38	384
38	512
38	640
38	758
38	876
38	1024
38	1280
38	1536
39	128
39	256
39	384
39	512
39	640
39	758
39	876
39	1024
39	1280
39	1536
40	128
40	256
40	384
40	512
40	640
40	758
40	876
40	1024
40	1280
40	1536
41	128
41	256
41	384
41	512
41	640
41	758
41	876
41	1024
41	1280
41	1536
42	128
42	256
42	384
42	512
42	640
42	758
42	876
42	1024
42	1280
42	1536
43	128
43	256
43	384
43	512
43	640
43	758
43	876
43	1024
43	1280
43	1536
44	128
44	256
44	384
44	512
44	640
44	758
44	876
44	1024
44	1280
44	1536
45	128
45	256
45	384
45	512
45	640
45	758
45	876
45	1024
45	1280
45	1536
46	128
46	256
46	384
46	512
46	640
46	758
46	876
46	1024
46	1280
46	1536
47	128
47	256
47	384
47	512
47	640
47	758
47	876
47	1024
47	1280
47	1536
48	128
48	256
48	384
48	512
48	640
48	758
48	876
48	1024
48	1280
48	1536
49	128
49	256
49	384
49	512
49	640
49	758
49	876
49	1024
49	1280
49	1536
50	128
50	256
50	384
50	512
50	640
50	758
50	876
50	1024
50	1280
50	1536
51	128
51	256
51	384
51	512
51	640
51	758
51	876
51	1024
51	1280
51	1536
52	128
52	256
52	384
52	512
52	640
52	758
52	876
52	1024
52	1280
52	1536
53	128
53	256
53	384
53	512
53	640
53	758
53	876
53	1024
53	1280
53	1536
54	128
54	256
54	384
54	512
54	640
54	758
54	876
54	1024
54	1280
54	1536
55	128
55	256
55	384
55	512
55	640
55	758
55	876
55	1024
55	1280
55	1536
56	128
56	256
56	384
56	512
56	640
56	758
56	876
56	1024
56	1280
56	1536
57	128
57	256
57	384
57	512
57	640
57	758
57	876
57	1024
57	1280
57	1536
58	128
58	256
58	384
58	512
58	640
58	758
58	876
58	1024
58	1280
58	1536
59	128
59	256
59	384
59	512
59	640
59	758
59	876
59	1024
59	1280
59	1536
60	128
60	256
60	384
60	512
60	640
60	758
60	876
60	1024
60	1280
60	1536
61	128
61	256
61	384
61	512
61	640
61	758
61	876
61	1024
61	1280
61	1536
62	128
62	256
62	384
62	512
62	640
62	758
62	876
62	1024
62	1280
62	1536
63	128
63	256
63	384
63	512
63	640
63	758
63	876
63	1024
63	1280
63	1536
64	128
64	256
64	384
64	512
64	640
64	758
64	876
64	1024
64	1280
64	1536
65	128
65	256
65	384
65	512
65	640
65	758
65	876
65	1024
65	1280
65	1536
66	128
66	256
66	384
66	512
66	640
66	758
66	876
66	1024
66	1280
66	1536
67	128
67	256
67	384
67	512
67	640
67	758
67	876
67	1024
67	1280
67	1536
68	128
68	256
68	384
68	512
68	640
68	758
68	876
68	1024
68	1280
68	1536
69	128
69	256
69	384
69	512
69	640
69	758
69	876
69	1024
69	1280
69	1536
70	128
70	256
70	384
70	512
70	640
70	758
70	876
70	1024
70	1280
70	1536
71	128
71	256
71	384
71	512
71	640
71	758
71	876
71	1024
71	1280
71	1536
72	128
72	256
72	384
72	512
72	640
72	758
72	876
72	1024
72	1280
72	1536
73	128
73	256
73	384
73	512
73	640
73	758
73	876
73	1024
73	1280
73	1536
74	128
74	256
74	384
74	512
74	640
74	758
74	876
74	1024
74	1280
74	1536
75	128
75	256
75	384
75	512
75	640
75	758
75	876
75	1024
75	1280
75	1536
76	128
76	256
76	384
76	512
76	640
76	758
76	876
76	1024
76	1280
76	1536
77	128
77	256
77	384
77	512
77	640
77	758
77	876
77	1024
77	1280
77	1536
78	128
78	256
78	384
78	512
78	640
78	758
78	876
78	1024
78	1280
78	1536
79	128
79	256
79	384
79	512
79	640
79	758
79	876
79	1024
79	1280
79	1536
80	128
80	256
80	384
80	512
80	640
80	758
80	876
80	1024
80	1280
80	1536
81	128
81	256
81	384
81	512
81	640
81	758
81	876
81	1024
81	1280
81	1536
82	128
82	256
82	384
82	512
82	640
82	758
82	876
82	1024
82	1280
82	1536
83	128
83	256
83	384
83	512
83	640
83	758
83	876
83	1024
83	1280
83	1536
84	128
84	256
84	384
84	512
84	640
84	758
84	876
84	1024
84	1280
84	1536
85	128
85	256
85	384
85	512
85	640
85	758
85	876
85	1024
85	1280
85	1536
86	128
86	256
86	384
86	512
86	640
86	758
86	876
86	1024
86	1280
86	1536
87	128
87	256
87	384
87	512
87	640
87	758
87	876
87	1024
87	1280
87	1536
88	128
88	256
88	384
88	512
88	640
88	758
88	876
88	1024
88	1280
88	1536
89	128
89	256
89	384
89	512
89	640
89	758
89	876
89	1024
89	1280
89	1536
90	128
90	256
90	384
90	512
90	640
90	758
90	876
90	1024
90	1280
90	1536
91	128
91	256
91	384
91	512
91	640
91	758
91	876
91	1024
91	1280
91	1536
92	128
92	256
92	384
92	512
92	640
92	758
92	876
92	1024
92	1280
92	1536
93	128
93	256
93	384
93	512
93	640
93	758
93	876
93	1024
93	1280
93	1536
94	128
94	256
94	384
94	512
94	640
94	758
94	876
94	1024
94	1280
94	1536
95	128
95	256
95	384
95	512
95	640
95	758
95	876
95	1024
95	1280
95	1536
96	128
96	256
96	384
96	512
96	640
96	758
96	876
96	1024
96	1280
96	1536
97	128
97	256
97	384
97	512
97	640
97	758
97	876
97	1024
97	1280
97	1536
98	128
98	256
98	384
98	512
98	640
98	758
98	876
98	1024
98	1280
98	1536
99	128
99	256
99	384
99	512
99	640
99	758
99	876
99	1024
99	1280
99	1536
100	128
100	256
100	384
100	512
100	640
100	758
100	876
100	1024
100	1280
100	1536
101	128
101	256
101	384
101	512
101	640
101	758
101	876
101	1024
101	1280
101	1536
102	128
102	256
102	384
102	512
102	640
102	758
102	876
102	1024
102	1280
102	1536
103	128
103	256
103	384
103	512
103	640
103	758
103	876
103	1024
103	1280
103	1536
104	128
104	256
104	384
104	512
104	640
104	758
104	876
104	1024
104	1280
104	1536
105	128
105	256
105	384
105	512
105	640
105	758
105	876
105	1024
105	1280
105	1536
106	128
106	256
106	384
106	512
106	640
106	758
106	876
106	1024
106	1280
106	1536
107	128
107	256
107	384
107	512
107	640
107	758
107	876
107	1024
107	1280
107	1536
108	128
108	256
108	384
108	512
108	640
108	758
108	876
108	1024
108	1280
108	1536
109	128
109	256
109	384
109	512
109	640
109	758
109	876
109	1024
109	1280
109	1536
110	128
110	256
110	384
110	512
110	640
110	758
110	876
110	1024
110	1280
110	1536
111	128
111	256
111	384
111	512
111	640
111	758
111	876
111	1024
111	1280
111	1536
112	128
112	256
112	384
112	512
112	640
112	758
112	876
112	1024
112	1280
112	1536
113	128
113	256
113	384
113	512
113	640
113	758
113	876
113	1024
113	1280
113	1536
114	128
114	256
114	384
114	512
114	640
114	758
114	876
114	1024
114	1280
114	1536
115	128
115	256
115	384
115	512
115	640
115	758
115	876
115	1024
115	1280
115	1536
116	128
116	256
116	384
116	512
116	640
116	758
116	876
116	1024
116	1280
116	1536
117	128
117	256
117	384
117	512
117	640
117	758
117	876
117	1024
117	1280
117	1536
118	128
118	256
118	384
118	512
118	640
118	758
118	876
118	1024
118	1280
118	1536
119	128
119	256
119	384
119	512
119	640
119	758
119	876
119	1024
119	1280
119	1536
120	128
120	256
120	384
120	512
120	640
120	758
120	876
120	1024
120	1280
120	1536
121	128
121	256
121	384
121	512
121	640
121	758
121	876
121	1024
121	1280
121	1536
122	128
122	256
122	384
122	512
122	640
122	758
122	876
122	1024
122	1280
122	1536
123	128
123	256
123	384
123	512
123	640
123	758
123	876
123	1024
123	1280
123	1536
124	128
124	256
124	384
124	512
124	640
124	758
124	876
124	1024
124	1280
124	1536
125	128
125	256
125	384
125	512
125	640
125	758
125	876
125	1024
125	1280
125	1536
126	128
126	256
126	384
126	512
126	640
126	758
126	876
126	1024
126	1280
126	1536
127	128
127	256
127	384
127	512
127	640
127	758
127	876
127	1024
127	1280
127	1536
128	128
128	256
128	384
128	512
128	640
128	758
128	876
128	1024
128	1280
128	1536
129	128
129	256
129	384
129	512
129	640
129	758
129	876
129	1024
129	1280
129	1536
130	128
130	256
130	384
130	512
130	640
130	758
130	876
130	1024
130	1280
130	1536
131	128
131	256
131	384
131	512
131	640
131	758
131	876
131	1024
131	1280
131	1536
132	128
132	256
132	384
132	512
132	640
132	758
132	876
132	1024
132	1280
132	1536
133	128
133	256
133	384
133	512
133	640
133	758
133	876
133	1024
133	1280
133	1536
134	128
134	256
134	384
134	512
134	640
134	758
134	876
134	1024
134	1280
134	1536
135	128
135	256
135	384
135	512
135	640
135	758
135	876
135	1024
135	1280
135	1536
136	128
136	256
136	384
136	512
136	640
136	758
136	876
136	1024
136	1280
136	1536
137	128
137	256
137	384
137	512
137	640
137	758
137	876
137	1024
137	1280
137	1536
138	128
138	256
138	384
138	512
138	640
138	758
138	876
138	1024
138	1280
138	1536
139	128
139	256
139	384
139	512
139	640
139	758
139	876
139	1024
139	1280
139	1536
140	128
140	256
140	384
140	512
140	640
140	758
140	876
140	1024
140	1280
140	1536
141	128
141	256
141	384
141	512
141	640
141	758
141	876
141	1024
141	1280
141	1536
142	128
142	256
142	384
142	512
142	640
142	758
142	876
142	1024
142	1280
142	1536
143	128
143	256
143	384
143	512
143	640
143	758
143	876
143	1024
143	1280
143	1536
144	128
144	256
144	384
144	512
144	640
144	758
144	876
144	1024
144	1280
144	1536
145	128
145	256
145	384
145	512
145	640
145	758
145	876
145	1024
145	1280
145	1536
146	128
146	256
146	384
146	512
146	640
146	758
146	876
146	1024
146	1280
146	1536
147	128
147	256
147	384
147	512
147	640
147	758
147	876
147	1024
147	1280
147	1536
148	128
148	256
148	384
148	512
148	640
148	758
148	876
148	1024
148	1280
148	1536
149	128
149	256
149	384
149	512
149	640
149	758
149	876
149	1024
149	1280
149	1536
150	128
150	256
150	384
150	512
150	640
150	758
150	876
150	1024
150	1280
150	1536
151	128
151	256
151	384
151	512
151	640
151	758
151	876
151	1024
151	1280
151	1536
152	128
152	256
152	384
152	512
152	640
152	758
152	876
152	1024
152	1280
152	1536
153	128
153	256
153	384
153	512
153	640
153	758
153	876
153	1024
153	1280
153	1536
154	128
154	256
154	384
154	512
154	640
154	758
154	876
154	1024
154	1280
154	1536
155	128
155	256
155	384
155	512
155	640
155	758
155	876
155	1024
155	1280
155	1536
156	128
156	256
156	384
156	512
156	640
156	758
156	876
156	1024
156	1280
156	1536
157	128
157	256
157	384
157	512
157	640
157	758
157	876
157	1024
157	1280
157	1536
158	128
158	256
158	384
158	512
158	640
158	758
158	876
158	1024
158	1280
158	1536
159	128
159	256
159	384
159	512
159	640
159	758
159	876
159	1024
159	1280
159	1536
160	128
160	256
160	384
160	512
160	640
160	758
160	876
160	1024
160	1280
160	1536
161	128
161	256
161	384
161	512
161	640
161	758
161	876
161	1024
161	1280
161	1536
162	128
162	256
162	384
162	512
162	640
162	758
162	876
162	1024
162	1280
162	1536
163	128
163	256
163	384
163	512
163	640
163	758
163	876
163	1024
163	1280
163	1536
164	128
164	256
164	384
164	512
164	640
164	758
164	876
164	1024
164	1280
164	1536
165	128
165	256
165	384
165	512
165	640
165	758
165	876
165	1024
165	1280
165	1536
166	128
166	256
166	384
166	512
166	640
166	758
166	876
166	1024
166	1280
166	1536
167	128
167	256
167	384
167	512
167	640
167	758
167	876
167	1024
167	1280
167	1536
168	128
168	256
168	384
168	512
168	640
168	758
168	876
168	1024
168	1280
168	1536
169	128
169	256
169	384
169	512
169	640
169	758
169	876
169	1024
169	1280
169	1536
170	128
170	256
170	384
170	512
170	640
170	758
170	876
170	1024
170	1280
170	1536
171	128
171	256
171	384
171	512
171	640
171	758
171	876
171	1024
171	1280
171	1536
172	128
172	256
172	384
172	512
172	640
172	758
172	876
172	1024
172	1280
172	1536
173	128
173	256
173	384
173	512
173	640
173	758
173	876
173	1024
173	1280
173	1536
174	128
174	256
174	384
174	512
174	640
174	758
174	876
174	1024
174	1280
174	1536
175	128
175	256
175	384
175	512
175	640
175	758
175	876
175	1024
175	1280
175	1536
176	128
176	256
176	384
176	512
176	640
176	758
176	876
176	1024
176	1280
176	1536
177	128
177	256
177	384
177	512
177	640
177	758
177	876
177	1024
177	1280
177	1536
178	128
178	256
178	384
178	512
178	640
178	758
178	876
178	1024
178	1280
178	1536
179	128
179	256
179	384
179	512
179	640
179	758
179	876
179	1024
179	1280
179	1536
180	128
180	256
180	384
180	512
180	640
180	758
180	876
180	1024
180	1280
180	1536
181	128
181	256
181	384
181	512
181	640
181	758
181	876
181	1024
181	1280
181	1536
182	128
182	256
182	384
182	512
182	640
182	758
182	876
182	1024
182	1280
182	1536
183	128
183	256
183	384
183	512
183	640
183	758
183	876
183	1024
183	1280
183	1536
184	128
184	256
184	384
184	512
184	640
184	758
184	876
184	1024
184	1280
184	1536
185	128
185	256
185	384
185	512
185	640
185	758
185	876
185	1024
185	1280
185	1536
186	128
186	256
186	384
186	512
186	640
186	758
186	876
186	1024
186	1280
186	1536
187	128
187	256
187	384
187	512
187	640
187	758
187	876
187	1024
187	1280
187	1536
188	128
188	256
188	384
188	512
188	640
188	758
188	876
188	1024
188	1280
188	1536
189	128
189	256
189	384
189	512
189	640
189	758
189	876
189	1024
189	1280
189	1536
190	128
190	256
190	384
190	512
190	640
190	758
190	876
190	1024
190	1280
190	1536
191	128
191	256
191	384
191	512
191	640
191	758
191	876
191	1024
191	1280
191	1536
192	128
192	256
192	384
192	512
192	640
192	758
192	876
192	1024
192	1280
192	1536
193	128
193	256
193	384
193	512
193	640
193	758
193	876
193	1024
193	1280
193	1536
194	128
194	256
194	384
194	512
194	640
194	758
194	876
194	1024
194	1280
194	1536
195	128
195	256
195	384
195	512
195	640
195	758
195	876
195	1024
195	1280
195	1536
196	128
196	256
196	384
196	512
196	640
196	758
196	876
196	1024
196	1280
196	1536
197	128
197	256
197	384
197	512
197	640
197	758
197	876
197	1024
197	1280
197	1536
198	128
198	256
198	384
198	512
198	640
198	758
198	876
198	1024
198	1280
198	1536
199	128
199	256
199	384
199	512
199	640
199	758
199	876
199	1024
199	1280
199	1536
200	128
200	256
200	384
200	512
200	640
200	758
200	876
200	1024
200	1280
200	1536
201	128
201	256
201	384
201	512
201	640
201	758
201	876
201	1024
201	1280
201	1536
202	128
202	256
202	384
202	512
202	640
202	758
202	876
202	1024
202	1280
202	1536
203	128
203	256
203	384
203	512
203	640
203	758
203	876
203	1024
203	1280
203	1536
204	128
204	256
204	384
204	512
204	640
204	758
204	876
204	1024
204	1280
204	1536
205	128
205	256
205	384
205	512
205	640
205	758
205	876
205	1024
205	1280
205	1536
206	128
206	256
206	384
206	512
206	640
206	758
206	876
206	1024
206	1280
206	1536
207	128
207	256
207	384
207	512
207	640
207	758
207	876
207	1024
207	1280
207	1536
208	128
208	256
208	384
208	512
208	640
208	758
208	876
208	1024
208	1280
208	1536
209	128
209	256
209	384
209	512
209	640
209	758
209	876
209	1024
209	1280
209	1536
210	128
210	256
210	384
210	512
210	640
210	758
210	876
210	1024
210	1280
210	1536
211	128
211	256
211	384
211	512
211	640
211	758
211	876
211	1024
211	1280
211	1536
212	128
212	256
212	384
212	512
212	640
212	758
212	876
212	1024
212	1280
212	1536
213	128
213	256
213	384
213	512
213	640
213	758
213	876
213	1024
213	1280
213	1536
214	128
214	256
214	384
214	512
214	640
214	758
214	876
214	1024
214	1280
214	1536
215	128
215	256
215	384
215	512
215	640
215	758
215	876
215	1024
215	1280
215	1536
216	128
216	256
216	384
216	512
216	640
216	758
216	876
216	1024
216	1280
216	1536
217	128
217	256
217	384
217	512
217	640
217	758
217	876
217	1024
217	1280
217	1536
218	128
218	256
218	384
218	512
218	640
218	758
218	876
218	1024
218	1280
218	1536
219	128
219	256
219	384
219	512
219	640
219	758
219	876
219	1024
219	1280
219	1536
220	128
220	256
220	384
220	512
220	640
220	758
220	876
220	1024
220	1280
220	1536
221	128
221	256
221	384
221	512
221	640
221	758
221	876
221	1024
221	1280
221	1536
222	128
222	256
222	384
222	512
222	640
222	758
222	876
222	1024
222	1280
222	1536
223	128
223	256
223	384
223	512
223	640
223	758
223	876
223	1024
223	1280
223	1536
224	128
224	256
224	384
224	512
224	640
224	758
224	876
224	1024
224	1280
224	1536
225	128
225	256
225	384
225	512
225	640
225	758
225	876
225	1024
225	1280
225	1536
226	128
226	256
226	384
226	512
226	640
226	758
226	876
226	1024
226	1280
226	1536
227	128
227	256
227	384
227	512
227	640
227	758
227	876
227	1024
227	1280
227	1536
228	128
228	256
228	384
228	512
228	640
228	758
228	876
228	1024
228	1280
228	1536
229	128
229	256
229	384
229	512
229	640
229	758
229	876
229	1024
229	1280
229	1536
230	128
230	256
230	384
230	512
230	640
230	758
230	876
230	1024
230	1280
230	1536
231	128
231	256
231	384
231	512
231	640
231	758
231	876
231	1024
231	1280
231	1536
232	128
232	256
232	384
232	512
232	640
232	758
232	876
232	1024
232	1280
232	1536
233	128
233	256
233	384
233	512
233	640
233	758
233	876
233	1024
233	1280
233	1536
234	128
234	256
234	384
234	512
234	640
234	758
234	876
234	1024
234	1280
234	1536
235	128
235	256
235	384
235	512
235	640
235	758
235	876
235	1024
235	1280
235	1536
236	128
236	256
236	384
236	512
236	640
236	758
236	876
236	1024
236	1280
236	1536
237	128
237	256
237	384
237	512
237	640
237	758
237	876
237	1024
237	1280
237	1536
238	128
238	256
238	384
238	512
238	640
238	758
238	876
238	1024
238	1280
238	1536
239	128
239	256
239	384
239	512
239	640
239	758
239	876
239	1024
239	1280
239	1536
240	128
240	256
240	384
240	512
240	640
240	758
240	876
240	1024
240	1280
240	1536
241	128
241	256
241	384
241	512
241	640
241	758
241	876
241	1024
241	1280
241	1536
242	128
242	256
242	384
242	512
242	640
242	758
242	876
242	1024
242	1280
242	1536
243	128
243	256
243	384
243	512
243	640
243	758
243	876
243	1024
243	1280
243	1536
244	128
244	256
244	384
244	512
244	640
244	758
244	876
244	1024
244	1280
244	1536
245	128
245	256
245	384
245	512
245	640
245	758
245	876
245	1024
245	1280
245	1536
246	128
246	256
246	384
246	512
246	640
246	758
246	876
246	1024
246	1280
246	1536
247	128
247	256
247	384
247	512
247	640
247	758
247	876
247	1024
247	1280
247	1536
248	128
248	256
248	384
248	512
248	640
248	758
248	876
248	1024
248	1280
248	1536
249	128
249	256
249	384
249	512
249	640
249	758
249	876
249	1024
249	1280
249	1536
250	128
250	256
250	384
250	512
250	640
250	758
250	876
250	1024
250	1280
250	1536
251	128
251	256
251	384
251	512
251	640
251	758
251	876
251	1024
251	1280
251	1536
252	128
252	256
252	384
252	512
252	640
252	758
252	876
252	1024
252	1280
252	1536
253	128
253	256
253	384
253	512
253	640
253	758
253	876
253	1024
253	1280
253	1536
254	128
254	256
254	384
254	512
254	640
254	758
254	876
254	1024
254	1280
254	1536
255	128
255	256
255	384
255	512
255	640
255	758
255	876
255	1024
255	1280
255	1536
256	128
256	256
256	384
256	512
256	640
256	758
256	876
256	1024
256	1280
256	1536
257	128
257	256
257	384
257	512
257	640
257	758
257	876
257	1024
257	1280
257	1536
258	128
258	256
258	384
258	512
258	640
258	758
258	876
258	1024
258	1280
258	1536
259	128
259	256
259	384
259	512
259	640
259	758
259	876
259	1024
259	1280
259	1536
260	128
260	256
260	384
260	512
260	640
260	758
260	876
260	1024
260	1280
260	1536
261	128
261	256
261	384
261	512
261	640
261	758
261	876
261	1024
261	1280
261	1536
262	128
262	256
262	384
262	512
262	640
262	758
262	876
262	1024
262	1280
262	1536
263	128
263	256
263	384
263	512
263	640
263	758
263	876
263	1024
263	1280
263	1536
264	128
264	256
264	384
264	512
264	640
264	758
264	876
264	1024
264	1280
264	1536
265	128
265	256
265	384
265	512
265	640
265	758
265	876
265	1024
265	1280
265	1536
266	128
266	256
266	384
266	512
266	640
266	758
266	876
266	1024
266	1280
266	1536
267	128
267	256
267	384
267	512
267	640
267	758
267	876
267	1024
267	1280
267	1536
268	128
268	256
268	384
268	512
268	640
268	758
268	876
268	1024
268	1280
268	1536
269	128
269	256
269	384
269	512
269	640
269	758
269	876
269	1024
269	1280
269	1536
270	128
270	256
270	384
270	512
270	640
270	758
270	876
270	1024
270	1280
270	1536
271	128
271	256
271	384
271	512
271	640
271	758
271	876
271	1024
271	1280
271	1536
272	128
272	256
272	384
272	512
272	640
272	758
272	876
272	1024
272	1280
272	1536
273	128
273	256
273	384
273	512
273	640
273	758
273	876
273	1024
273	1280
273	1536
274	128
274	256
274	384
274	512
274	640
274	758
274	876
274	1024
274	1280
274	1536
275	128
275	256
275	384
275	512
275	640
275	758
275	876
275	1024
275	1280
275	1536
276	128
276	256
276	384
276	512
276	640
276	758
276	876
276	1024
276	1280
276	1536
277	128
277	256
277	384
277	512
277	640
277	758
277	876
277	1024
277	1280
277	1536
278	128
278	256
278	384
278	512
278	640
278	758
278	876
278	1024
278	1280
278	1536
279	128
279	256
279	384
279	512
279	640
279	758
279	876
279	1024
279	1280
279	1536
280	128
280	256
280	384
280	512
280	640
280	758
280	876
280	1024
280	1280
280	1536
281	128
281	256
281	384
281	512
281	640
281	758
281	876
281	1024
281	1280
281	1536
282	128
282	256
282	384
282	512
282	640
282	758
282	876
282	1024
282	1280
282	1536
283	128
283	256
283	384
283	512
283	640
283	758
283	876
283	1024
283	1280
283	1536
284	128
284	256
284	384
284	512
284	640
284	758
284	876
284	1024
284	1280
284	1536
285	128
285	256
285	384
285	512
285	640
285	758
285	876
285	1024
285	1280
285	1536
286	128
286	256
286	384
286	512
286	640
286	758
286	876
286	1024
286	1280
286	1536
287	128
287	256
287	384
287	512
287	640
287	758
287	876
287	1024
287	1280
287	1536
288	128
288	256
288	384
288	512
288	640
288	758
288	876
288	1024
288	1280
288	1536
289	128
289	256
289	384
289	512
289	640
289	758
289	876
289	1024
289	1280
289	1536
290	128
290	256
290	384
290	512
290	640
290	758
290	876
290	1024
290	1280
290	1536
291	128
291	256
291	384
291	512
291	640
291	758
291	876
291	1024
291	1280
291	1536
292	128
292	256
292	384
292	512
292	640
292	758
292	876
292	1024
292	1280
292	1536
293	128
293	256
293	384
293	512
293	640
293	758
293	876
293	1024
293	1280
293	1536
294	128
294	256
294	384
294	512
294	640
294	758
294	876
294	1024
294	1280
294	1536
295	128
295	256
295	384
295	512
295	640
295	758
295	876
295	1024
295	1280
295	1536
296	128
296	256
296	384
296	512
296	640
296	758
296	876
296	1024
296	1280
296	1536
297	128
297	256
297	384
297	512
297	640
297	758
297	876
297	1024
297	1280
297	1536
298	128
298	256
298	384
298	512
298	640
298	758
298	876
298	1024
298	1280
298	1536
299	128
299	256
299	384
299	512
299	640
299	758
299	876
299	1024
299	1280
299	1536
300	128
300	256
300	384
300	512
300	640
300	758
300	876
300	1024
300	1280
300	1536
301	128
301	256
301	384
301	512
301	640
301	758
301	876
301	1024
301	1280
301	1536
302	128
302	256
302	384
302	512
302	640
302	758
302	876
302	1024
302	1280
302	1536
303	128
303	256
303	384
303	512
303	640
303	758
303	876
303	1024
303	1280
303	1536
304	128
304	256
304	384
304	512
304	640
304	758
304	876
304	1024
304	1280
304	1536
305	128
305	256
305	384
305	512
305	640
305	758
305	876
305	1024
305	1280
305	1536
306	128
306	256
306	384
306	512
306	640
306	758
306	876
306	1024
306	1280
306	1536
307	128
307	256
307	384
307	512
307	640
307	758
307	876
307	1024
307	1280
307	1536
308	128
308	256
308	384
308	512
308	640
308	758
308	876
308	1024
308	1280
308	1536
309	128
309	256
309	384
309	512
309	640
309	758
309	876
309	1024
309	1280
309	1536
310	128
310	256
310	384
310	512
310	640
310	758
310	876
310	1024
310	1280
310	1536
311	128
311	256
311	384
311	512
311	640
311	758
311	876
311	1024
311	1280
311	1536
312	128
312	256
312	384
312	512
312	640
312	758
312	876
312	1024
312	1280
312	1536
313	128
313	256
313	384
313	512
313	640
313	758
313	876
313	1024
313	1280
313	1536
314	128
314	256
314	384
314	512
314	640
314	758
314	876
314	1024
314	1280
314	1536
315	128
315	256
315	384
315	512
315	640
315	758
315	876
315	1024
315	1280
315	1536
316	128
316	256
316	384
316	512
316	640
316	758
316	876
316	1024
316	1280
316	1536
317	128
317	256
317	384
317	512
317	640
317	758
317	876
317	1024
317	1280
317	1536
318	128
318	256
318	384
318	512
318	640
318	758
318	876
318	1024
318	1280
318	1536
319	128
319	256
319	384
319	512
319	640
319	758
319	876
319	1024
319	1280
319	1536
320	128
320	256
320	384
320	512
320	640
320	758
320	876
320	1024
320	1280
320	1536
321	128
321	256
321	384
321	512
321	640
321	758
321	876
321	1024
321	1280
321	1536
322	128
322	256
322	384
322	512
322	640
322	758
322	876
322	1024
322	1280
322	1536
323	128
323	256
323	384
323	512
323	640
323	758
323	876
323	1024
323	1280
323	1536
324	128
324	256
324	384
324	512
324	640
324	758
324	876
324	1024
324	1280
324	1536
325	128
325	256
325	384
325	512
325	640
325	758
325	876
325	1024
325	1280
325	1536
326	128
326	256
326	384
326	512
326	640
326	758
326	876
326	1024
326	1280
326	1536
327	128
327	256
327	384
327	512
327	640
327	758
327	876
327	1024
327	1280
327	1536
328	128
328	256
328	384
328	512
328	640
328	758
328	876
328	1024
328	1280
328	1536
329	128
329	256
329	384
329	512
329	640
329	758
329	876
329	1024
329	1280
329	1536
330	128
330	256
330	384
330	512
330	640
330	758
330	876
330	1024
330	1280
330	1536
331	128
331	256
331	384
331	512
331	640
331	758
331	876
331	1024
331	1280
331	1536
332	128
332	256
332	384
332	512
332	640
332	758
332	876
332	1024
332	1280
332	1536
333	128
333	256
333	384
333	512
333	640
333	758
333	876
333	1024
333	1280
333	1536
334	128
334	256
334	384
334	512
334	640
334	758
334	876
334	1024
334	1280
334	1536
335	128
335	256
335	384
335	512
335	640
335	758
335	876
335	1024
335	1280
335	1536
336	128
336	256
336	384
336	512
336	640
336	758
336	876
336	1024
336	1280
336	1536
337	128
337	256
337	384
337	512
337	640
337	758
337	876
337	1024
337	1280
337	1536
338	128
338	256
338	384
338	512
338	640
338	758
338	876
338	1024
338	1280
338	1536
339	128
339	256
339	384
339	512
339	640
339	758
339	876
339	1024
339	1280
339	1536
340	128
340	256
340	384
340	512
340	640
340	758
340	876
340	1024
340	1280
340	1536
341	128
341	256
341	384
341	512
341	640
341	758
341	876
341	1024
341	1280
341	1536
342	128
342	256
342	384
342	512
342	640
342	758
342	876
342	1024
342	1280
342	1536
343	128
343	256
343	384
343	512
343	640
343	758
343	876
343	1024
343	1280
343	1536
344	128
344	256
344	384
344	512
344	640
344	758
344	876
344	1024
344	1280
344	1536
345	128
345	256
345	384
345	512
345	640
345	758
345	876
345	1024
345	1280
345	1536
346	128
346	256
346	384
346	512
346	640
346	758
346	876
346	1024
346	1280
346	1536
347	128
347	256
347	384
347	512
347	640
347	758
347	876
347	1024
347	1280
347	1536
348	128
348	256
348	384
348	512
348	640
348	758
348	876
348	1024
348	1280
348	1536
349	128
349	256
349	384
349	512
349	640
349	758
349	876
349	1024
349	1280
349	1536
350	128
350	256
350	384
350	512
350	640
350	758
350	876
350	1024
350	1280
350	1536
351	128
351	256
351	384
351	512
351	640
351	758
351	876
351	1024
351	1280
351	1536
352	128
352	256
352	384
352	512
352	640
352	758
352	876
352	1024
352	1280
352	1536
353	128
353	256
353	384
353	512
353	640
353	758
353	876
353	1024
353	1280
353	1536
354	128
354	256
354	384
354	512
354	640
354	758
354	876
354	1024
354	1280
354	1536
355	128
355	256
355	384
355	512
355	640
355	758
355	876
355	1024
355	1280
355	1536
356	128
356	256
356	384
356	512
356	640
356	758
356	876
356	1024
356	1280
356	1536
357	128
357	256
357	384
357	512
357	640
357	758
357	876
357	1024
357	1280
357	1536
358	128
358	256
358	384
358	512
358	640
358	758
358	876
358	1024
358	1280
358	1536
359	128
359	256
359	384
359	512
359	640
359	758
359	876
359	1024
359	1280
359	1536
360	128
360	256
360	384
360	512
360	640
360	758
360	876
360	1024
360	1280
360	1536
361	128
361	256
361	384
361	512
361	640
361	758
361	876
361	1024
361	1280
361	1536
362	128
362	256
362	384
362	512
362	640
362	758
362	876
362	1024
362	1280
362	1536
363	128
363	256
363	384
363	512
363	640
363	758
363	876
363	1024
363	1280
363	1536
364	128
364	256
364	384
364	512
364	640
364	758
364	876
364	1024
364	1280
364	1536
365	128
365	256
365	384
365	512
365	640
365	758
365	876
365	1024
365	1280
365	1536
366	128
366	256
366	384
366	512
366	640
366	758
366	876
366	1024
366	1280
366	1536
367	128
367	256
367	384
367	512
367	640
367	758
367	876
367	1024
367	1280
367	1536
368	128
368	256
368	384
368	512
368	640
368	758
368	876
368	1024
368	1280
368	1536
369	128
369	256
369	384
369	512
369	640
369	758
369	876
369	1024
369	1280
369	1536
370	128
370	256
370	384
370	512
370	640
370	758
370	876
370	1024
370	1280
370	1536
371	128
371	256
371	384
371	512
371	640
371	758
371	876
371	1024
371	1280
371	1536
372	128
372	256
372	384
372	512
372	640
372	758
372	876
372	1024
372	1280
372	1536
373	128
373	256
373	384
373	512
373	640
373	758
373	876
373	1024
373	1280
373	1536
374	128
374	256
374	384
374	512
374	640
374	758
374	876
374	1024
374	1280
374	1536
375	128
375	256
375	384
375	512
375	640
375	758
375	876
375	1024
375	1280
375	1536
376	128
376	256
376	384
376	512
376	640
376	758
376	876
376	1024
376	1280
376	1536
377	128
377	256
377	384
377	512
377	640
377	758
377	876
377	1024
377	1280
377	1536
378	128
378	256
378	384
378	512
378	640
378	758
378	876
378	1024
378	1280
378	1536
379	128
379	256
379	384
379	512
379	640
379	758
379	876
379	1024
379	1280
379	1536
380	128
380	256
380	384
380	512
380	640
380	758
380	876
380	1024
380	1280
380	1536
381	128
381	256
381	384
381	512
381	640
381	758
381	876
381	1024
381	1280
381	1536
382	128
382	256
382	384
382	512
382	640
382	758
382	876
382	1024
382	1280
382	1536
383	128
383	256
383	384
383	512
383	640
383	758
383	876
383	1024
383	1280
383	1536
384	128
384	256
384	384
384	512
384	640
384	758
384	876
384	1024
384	1280
384	1536
385	128
385	256
385	384
385	512
385	640
385	758
385	876
385	1024
385	1280
385	1536
386	128
386	256
386	384
386	512
386	640
386	758
386	876
386	1024
386	1280
386	1536
387	128
387	256
387	384
387	512
387	640
387	758
387	876
387	1024
387	1280
387	1536
388	128
388	256
388	384
388	512
388	640
388	758
388	876
388	1024
388	1280
388	1536
389	128
389	256
389	384
389	512
389	640
389	758
389	876
389	1024
389	1280
389	1536
390	128
390	256
390	384
390	512
390	640
390	758
390	876
390	1024
390	1280
390	1536
391	128
391	256
391	384
391	512
391	640
391	758
391	876
391	1024
391	1280
391	1536
392	128
392	256
392	384
392	512
392	640
392	758
392	876
392	1024
392	1280
392	1536
393	128
393	256
393	384
393	512
393	640
393	758
393	876
393	1024
393	1280
393	1536
394	128
394	256
394	384
394	512
394	640
394	758
394	876
394	1024
394	1280
394	1536
395	128
395	256
395	384
395	512
395	640
395	758
395	876
395	1024
395	1280
395	1536
396	128
396	256
396	384
396	512
396	640
396	758
396	876
396	1024
396	1280
396	1536
397	128
397	256
397	384
397	512
397	640
397	758
397	876
397	1024
397	1280
397	1536
398	128
398	256
398	384
398	512
398	640
398	758
398	876
398	1024
398	1280
398	1536
399	128
399	256
399	384
399	512
399	640
399	758
399	876
399	1024
399	1280
399	1536
400	128
400	256
400	384
400	512
400	640
400	758
400	876
400	1024
400	1280
400	1536
401	128
401	256
401	384
401	512
401	640
401	758
401	876
401	1024
401	1280
401	1536
402	128
402	256
402	384
402	512
402	640
402	758
402	876
402	1024
402	1280
402	1536
403	128
403	256
403	384
403	512
403	640
403	758
403	876
403	1024
403	1280
403	1536
404	128
404	256
404	384
404	512
404	640
404	758
404	876
404	1024
404	1280
404	1536
405	128
405	256
405	384
405	512
405	640
405	758
405	876
405	1024
405	1280
405	1536
406	128
406	256
406	384
406	512
406	640
406	758
406	876
406	1024
406	1280
406	1536
407	128
407	256
407	384
407	512
407	640
407	758
407	876
407	1024
407	1280
407	1536
408	128
408	256
408	384
408	512
408	640
408	758
408	876
408	1024
408	1280
408	1536
409	128
409	256
409	384
409	512
409	640
409	758
409	876
409	1024
409	1280
409	1536
410	128
410	256
410	384
410	512
410	640
410	758
410	876
410	1024
410	1280
410	1536
411	128
411	256
411	384
411	512
411	640
411	758
411	876
411	1024
411	1280
411	1536
412	128
412	256
412	384
412	512
412	640
412	758
412	876
412	1024
412	1280
412	1536
413	128
413	256
413	384
413	512
413	640
413	758
413	876
413	1024
413	1280
413	1536
414	128
414	256
414	384
414	512
414	640
414	758
414	876
414	1024
414	1280
414	1536
415	128
415	256
415	384
415	512
415	640
415	758
415	876
415	1024
415	1280
415	1536
416	128
416	256
416	384
416	512
416	640
416	758
416	876
416	1024
416	1280
416	1536
417	128
417	256
417	384
417	512
417	640
417	758
417	876
417	1024
417	1280
417	1536
418	128
418	256
418	384
418	512
418	640
418	758
418	876
418	1024
418	1280
418	1536
419	128
419	256
419	384
419	512
419	640
419	758
419	876
419	1024
419	1280
419	1536
420	128
420	256
420	384
420	512
420	640
420	758
420	876
420	1024
420	1280
420	1536
421	128
421	256
421	384
421	512
421	640
421	758
421	876
421	1024
421	1280
421	1536
422	128
422	256
422	384
422	512
422	640
422	758
422	876
422	1024
422	1280
422	1536
423	128
423	256
423	384
423	512
423	640
423	758
423	876
423	1024
423	1280
423	1536
424	128
424	256
424	384
424	512
424	640
424	758
424	876
424	1024
424	1280
424	1536
425	128
425	256
425	384
425	512
425	640
425	758
425	876
425	1024
425	1280
425	1536
426	128
426	256
426	384
426	512
426	640
426	758
426	876
426	1024
426	1280
426	1536
427	128
427	256
427	384
427	512
427	640
427	758
427	876
427	1024
427	1280
427	1536
428	128
428	256
428	384
428	512
428	640
428	758
428	876
428	1024
428	1280
428	1536
429	128
429	256
429	384
429	512
429	640
429	758
429	876
429	1024
429	1280
429	1536
430	128
430	256
430	384
430	512
430	640
430	758
430	876
430	1024
430	1280
430	1536
431	128
431	256
431	384
431	512
431	640
431	758
431	876
431	1024
431	1280
431	1536
432	128
432	256
432	384
432	512
432	640
432	758
432	876
432	1024
432	1280
432	1536
433	128
433	256
433	384
433	512
433	640
433	758
433	876
433	1024
433	1280
433	1536
434	128
434	256
434	384
434	512
434	640
434	758
434	876
434	1024
434	1280
434	1536
435	128
435	256
435	384
435	512
435	640
435	758
435	876
435	1024
435	1280
435	1536
436	128
436	256
436	384
436	512
436	640
436	758
436	876
436	1024
436	1280
436	1536
437	128
437	256
437	384
437	512
437	640
437	758
437	876
437	1024
437	1280
437	1536
438	128
438	256
438	384
438	512
438	640
438	758
438	876
438	1024
438	1280
438	1536
439	128
439	256
439	384
439	512
439	640
439	758
439	876
439	1024
439	1280
439	1536
440	128
440	256
440	384
440	512
440	640
440	758
440	876
440	1024
440	1280
440	1536
441	128
441	256
441	384
441	512
441	640
441	758
441	876
441	1024
441	1280
441	1536
442	128
442	256
442	384
442	512
442	640
442	758
442	876
442	1024
442	1280
442	1536
443	128
443	256
443	384
443	512
443	640
443	758
443	876
443	1024
443	1280
443	1536
444	128
444	256
444	384
444	512
444	640
444	758
444	876
444	1024
444	1280
444	1536
445	128
445	256
445	384
445	512
445	640
445	758
445	876
445	1024
445	1280
445	1536
446	128
446	256
446	384
446	512
446	640
446	758
446	876
446	1024
446	1280
446	1536
447	128
447	256
447	384
447	512
447	640
447	758
447	876
447	1024
447	1280
447	1536
448	128
448	256
448	384
448	512
448	640
448	758
448	876
448	1024
448	1280
448	1536
449	128
449	256
449	384
449	512
449	640
449	758
449	876
449	1024
449	1280
449	1536
450	128
450	256
450	384
450	512
450	640
450	758
450	876
450	1024
450	1280
450	1536
451	128
451	256
451	384
451	512
451	640
451	758
451	876
451	1024
451	1280
451	1536
452	128
452	256
452	384
452	512
452	640
452	758
452	876
452	1024
452	1280
452	1536
453	128
453	256
453	384
453	512
453	640
453	758
453	876
453	1024
453	1280
453	1536
454	128
454	256
454	384
454	512
454	640
454	758
454	876
454	1024
454	1280
454	1536
455	128
455	256
455	384
455	512
455	640
455	758
455	876
455	1024
455	1280
455	1536
456	128
456	256
456	384
456	512
456	640
456	758
456	876
456	1024
456	1280
456	1536
457	128
457	256
457	384
457	512
457	640
457	758
457	876
457	1024
457	1280
457	1536
458	128
458	256
458	384
458	512
458	640
458	758
458	876
458	1024
458	1280
458	1536
459	128
459	256
459	384
459	512
459	640
459	758
459	876
459	1024
459	1280
459	1536
460	128
460	256
460	384
460	512
460	640
460	758
460	876
460	1024
460	1280
460	1536
461	128
461	256
461	384
461	512
461	640
461	758
461	876
461	1024
461	1280
461	1536
462	128
462	256
462	384
462	512
462	640
462	758
462	876
462	1024
462	1280
462	1536
463	128
463	256
463	384
463	512
463	640
463	758
463	876
463	1024
463	1280
463	1536
464	128
464	256
464	384
464	512
464	640
464	758
464	876
464	1024
464	1280
464	1536
465	128
465	256
465	384
465	512
465	640
465	758
465	876
465	1024
465	1280
465	1536
466	128
466	256
466	384
466	512
466	640
466	758
466	876
466	1024
466	1280
466	1536
467	128
467	256
467	384
467	512
467	640
467	758
467	876
467	1024
467	1280
467	1536
468	128
468	256
468	384
468	512
468	640
468	758
468	876
468	1024
468	1280
468	1536
469	128
469	256
469	384
469	512
469	640
469	758
469	876
469	1024
469	1280
469	1536
470	128
470	256
470	384
470	512
470	640
470	758
470	876
470	1024
470	1280
470	1536
471	128
471	256
471	384
471	512
471	640
471	758
471	876
471	1024
471	1280
471	1536
472	128
472	256
472	384
472	512
472	640
472	758
472	876
472	1024
472	1280
472	1536
473	128
473	256
473	384
473	512
473	640
473	758
473	876
473	1024
473	1280
473	1536
474	128
474	256
474	384
474	512
474	640
474	758
474	876
474	1024
474	1280
474	1536
475	128
475	256
475	384
475	512
475	640
475	758
475	876
475	1024
475	1280
475	1536
476	128
476	256
476	384
476	512
476	640
476	758
476	876
476	1024
476	1280
476	1536
477	128
477	256
477	384
477	512
477	640
477	758
477	876
477	1024
477	1280
477	1536
478	128
478	256
478	384
478	512
478	640
478	758
478	876
478	1024
478	1280
478	1536
479	128
479	256
479	384
479	512
479	640
479	758
479	876
479	1024
479	1280
479	1536
480	128
480	256
480	384
480	512
480	640
480	758
480	876
480	1024
480	1280
480	1536
481	128
481	256
481	384
481	512
481	640
481	758
481	876
481	1024
481	1280
481	1536
482	128
482	256
482	384
482	512
482	640
482	758
482	876
482	1024
482	1280
482	1536
483	128
483	256
483	384
483	512
483	640
483	758
483	876
483	1024
483	1280
483	1536
484	128
484	256
484	384
484	512
484	640
484	758
484	876
484	1024
484	1280
484	1536
485	128
485	256
485	384
485	512
485	640
485	758
485	876
485	1024
485	1280
485	1536
486	128
486	256
486	384
486	512
486	640
486	758
486	876
486	1024
486	1280
486	1536
487	128
487	256
487	384
487	512
487	640
487	758
487	876
487	1024
487	1280
487	1536
488	128
488	256
488	384
488	512
488	640
488	758
488	876
488	1024
488	1280
488	1536
489	128
489	256
489	384
489	512
489	640
489	758
489	876
489	1024
489	1280
489	1536
490	128
490	256
490	384
490	512
490	640
490	758
490	876
490	1024
490	1280
490	1536
491	128
491	256
491	384
491	512
491	640
491	758
491	876
491	1024
491	1280
491	1536
492	128
492	256
492	384
492	512
492	640
492	758
492	876
492	1024
492	1280
492	1536
493	128
493	256
493	384
493	512
493	640
493	758
493	876
493	1024
493	1280
493	1536
494	128
494	256
494	384
494	512
494	640
494	758
494	876
494	1024
494	1280
494	1536
495	128
495	256
495	384
495	512
495	640
495	758
495	876
495	1024
495	1280
495	1536
496	128
496	256
496	384
496	512
496	640
496	758
496	876
496	1024
496	1280
496	1536
497	128
497	256
497	384
497	512
497	640
497	758
497	876
497	1024
497	1280
497	1536
498	128
498	256
498	384
498	512
498	640
498	758
498	876
498	1024
498	1280
498	1536
499	128
499	256
499	384
499	512
499	640
499	758
499	876
499	1024
499	1280
499	1536
500	128
500	256
500	384
500	512
500	640
500	758
500	876
500	1024
500	1280
500	1536
501	128
501	256
501	384
501	512
501	640
501	758
501	876
501	1024
501	1280
501	1536
502	128
502	256
502	384
502	512
502	640
502	758
502	876
502	1024
502	1280
502	1536
503	128
503	256
503	384
503	512
503	640
503	758
503	876
503	1024
503	1280
503	1536
504	128
504	256
504	384
504	512
504	640
504	758
504	876
504	1024
504	1280
504	1536
505	128
505	256
505	384
505	512
505	640
505	758
505	876
505	1024
505	1280
505	1536
506	128
506	256
506	384
506	512
506	640
506	758
506	876
506	1024
506	1280
506	1536
507	128
507	256
507	384
507	512
507	640
507	758
507	876
507	1024
507	1280
507	1536
508	128
508	256
508	384
508	512
508	640
508	758
508	876
508	1024
508	1280
508	1536
509	128
509	256
509	384
509	512
509	640
509	758
509	876
509	1024
509	1280
509	1536
510	128
510	256
510	384
510	512
510	640
510	758
510	876
510	1024
510	1280
510	1536
511	128
511	256
511	384
511	512
511	640
511	758
511	876
511	1024
511	1280
511	1536
512	128
512	256
512	384
512	512
512	640
512	758
512	876
512	1024
512	1280
512	1536
513	128
513	256
513	384
513	512
513	640
513	758
513	876
513	1024
513	1280
513	1536
514	128
514	256
514	384
514	512
514	640
514	758
514	876
514	1024
514	1280
514	1536
515	128
515	256
515	384
515	512
515	640
515	758
515	876
515	1024
515	1280
515	1536
516	128
516	256
516	384
516	512
516	640
516	758
516	876
516	1024
516	1280
516	1536
517	128
517	256
517	384
517	512
517	640
517	758
517	876
517	1024
517	1280
517	1536
518	128
518	256
518	384
518	512
518	640
518	758
518	876
518	1024
518	1280
518	1536
519	128
519	256
519	384
519	512
519	640
519	758
519	876
519	1024
519	1280
519	1536
520	128
520	256
520	384
520	512
520	640
520	758
520	876
520	1024
520	1280
520	1536
521	128
521	256
521	384
521	512
521	640
521	758
521	876
521	1024
521	1280
521	1536
522	128
522	256
522	384
522	512
522	640
522	758
522	876
522	1024
522	1280
522	1536
523	128
523	256
523	384
523	512
523	640
523	758
523	876
523	1024
523	1280
523	1536
524	128
524	256
524	384
524	512
524	640
524	758
524	876
524	1024
524	1280
524	1536
525	128
525	256
525	384
525	512
525	640
525	758
525	876
525	1024
525	1280
525	1536
526	128
526	256
526	384
526	512
526	640
526	758
526	876
526	1024
526	1280
526	1536
527	128
527	256
527	384
527	512
527	640
527	758
527	876
527	1024
527	1280
527	1536
528	128
528	256
528	384
528	512
528	640
528	758
528	876
528	1024
528	1280
528	1536
529	128
529	256
529	384
529	512
529	640
529	758
529	876
529	1024
529	1280
529	1536
530	128
530	256
530	384
530	512
530	640
530	758
530	876
530	1024
530	1280
530	1536
531	128
531	256
531	384
531	512
531	640
531	758
531	876
531	1024
531	1280
531	1536
532	128
532	256
532	384
532	512
532	640
532	758
532	876
532	1024
532	1280
532	1536
533	128
533	256
533	384
533	512
533	640
533	758
533	876
533	1024
533	1280
533	1536
534	128
534	256
534	384
534	512
534	640
534	758
534	876
534	1024
534	1280
534	1536
535	128
535	256
535	384
535	512
535	640
535	758
535	876
535	1024
535	1280
535	1536
536	128
536	256
536	384
536	512
536	640
536	758
536	876
536	1024
536	1280
536	1536
537	128
537	256
537	384
537	512
537	640
537	758
537	876
537	1024
537	1280
537	1536
538	128
538	256
538	384
538	512
538	640
538	758
538	876
538	1024
538	1280
538	1536
539	128
539	256
539	384
539	512
539	640
539	758
539	876
539	1024
539	1280
539	1536
540	128
540	256
540	384
540	512
540	640
540	758
540	876
540	1024
540	1280
540	1536
541	128
541	256
541	384
541	512
541	640
541	758
541	876
541	1024
541	1280
541	1536
542	128
542	256
542	384
542	512
542	640
542	758
542	876
542	1024
542	1280
542	1536
543	128
543	256
543	384
543	512
543	640
543	758
543	876
543	1024
543	1280
543	1536
544	128
544	256
544	384
544	512
544	640
544	758
544	876
544	1024
544	1280
544	1536
545	128
545	256
545	384
545	512
545	640
545	758
545	876
545	1024
545	1280
545	1536
546	128
546	256
546	384
546	512
546	640
546	758
546	876
546	1024
546	1280
546	1536
547	128
547	256
547	384
547	512
547	640
547	758
547	876
547	1024
547	1280
547	1536
548	128
548	256
548	384
548	512
548	640
548	758
548	876
548	1024
548	1280
548	1536
549	128
549	256
549	384
549	512
549	640
549	758
549	876
549	1024
549	1280
549	1536
550	128
550	256
550	384
550	512
550	640
550	758
550	876
550	1024
550	1280
550	1536
551	128
551	256
551	384
551	512
551	640
551	758
551	876
551	1024
551	1280
551	1536
552	128
552	256
552	384
552	512
552	640
552	758
552	876
552	1024
552	1280
552	1536
553	128
553	256
553	384
553	512
553	640
553	758
553	876
553	1024
553	1280
553	1536
554	128
554	256
554	384
554	512
554	640
554	758
554	876
554	1024
554	1280
554	1536
555	128
555	256
555	384
555	512
555	640
555	758
555	876
555	1024
555	1280
555	1536
556	128
556	256
556	384
556	512
556	640
556	758
556	876
556	1024
556	1280
556	1536
557	128
557	256
557	384
557	512
557	640
557	758
557	876
557	1024
557	1280
557	1536
558	128
558	256
558	384
558	512
558	640
558	758
558	876
558	1024
558	1280
558	1536
559	128
559	256
559	384
559	512
559	640
559	758
559	876
559	1024
559	1280
559	1536
560	128
560	256
560	384
560	512
560	640
560	758
560	876
560	1024
560	1280
560	1536
561	128
561	256
561	384
561	512
561	640
561	758
561	876
561	1024
561	1280
561	1536
562	128
562	256
562	384
562	512
562	640
562	758
562	876
562	1024
562	1280
562	1536
563	128
563	256
563	384
563	512
563	640
563	758
563	876
563	1024
563	1280
563	1536
564	128
564	256
564	384
564	512
564	640
564	758
564	876
564	1024
564	1280
564	1536
565	128
565	256
565	384
565	512
565	640
565	758
565	876
565	1024
565	1280
565	1536
566	128
566	256
566	384
566	512
566	640
566	758
566	876
566	1024
566	1280
566	1536
567	128
567	256
567	384
567	512
567	640
567	758
567	876
567	1024
567	1280
567	1536
568	128
568	256
568	384
568	512
568	640
568	758
568	876
568	1024
568	1280
568	1536
569	128
569	256
569	384
569	512
569	640
569	758
569	876
569	1024
569	1280
569	1536
570	128
570	256
570	384
570	512
570	640
570	758
570	876
570	1024
570	1280
570	1536
571	128
571	256
571	384
571	512
571	640
571	758
571	876
571	1024
571	1280
571	1536
572	128
572	256
572	384
572	512
572	640
572	758
572	876
572	1024
572	1280
572	1536
573	128
573	256
573	384
573	512
573	640
573	758
573	876
573	1024
573	1280
573	1536
574	128
574	256
574	384
574	512
574	640
574	758
574	876
574	1024
574	1280
574	1536
575	128
575	256
575	384
575	512
575	640
575	758
575	876
575	1024
575	1280
575	1536
576	128
576	256
576	384
576	512
576	640
576	758
576	876
576	1024
576	1280
576	1536
577	128
577	256
577	384
577	512
577	640
577	758
577	876
577	1024
577	1280
577	1536
578	128
578	256
578	384
578	512
578	640
578	758
578	876
578	1024
578	1280
578	1536
579	128
579	256
579	384
579	512
579	640
579	758
579	876
579	1024
579	1280
579	1536
580	128
580	256
580	384
580	512
580	640
580	758
580	876
580	1024
580	1280
580	1536
581	128
581	256
581	384
581	512
581	640
581	758
581	876
581	1024
581	1280
581	1536
582	128
582	256
582	384
582	512
582	640
582	758
582	876
582	1024
582	1280
582	1536
583	128
583	256
583	384
583	512
583	640
583	758
583	876
583	1024
583	1280
583	1536
584	128
584	256
584	384
584	512
584	640
584	758
584	876
584	1024
584	1280
584	1536
585	128
585	256
585	384
585	512
585	640
585	758
585	876
585	1024
585	1280
585	1536
586	128
586	256
586	384
586	512
586	640
586	758
586	876
586	1024
586	1280
586	1536
587	128
587	256
587	384
587	512
587	640
587	758
587	876
587	1024
587	1280
587	1536
588	128
588	256
588	384
588	512
588	640
588	758
588	876
588	1024
588	1280
588	1536
589	128
589	256
589	384
589	512
589	640
589	758
589	876
589	1024
589	1280
589	1536
590	128
590	256
590	384
590	512
590	640
590	758
590	876
590	1024
590	1280
590	1536
591	128
591	256
591	384
591	512
591	640
591	758
591	876
591	1024
591	1280
591	1536
592	128
592	256
592	384
592	512
592	640
592	758
592	876
592	1024
592	1280
592	1536
593	128
593	256
593	384
593	512
593	640
593	758
593	876
593	1024
593	1280
593	1536
594	128
594	256
594	384
594	512
594	640
594	758
594	876
594	1024
594	1280
594	1536
595	128
595	256
595	384
595	512
595	640
595	758
595	876
595	1024
595	1280
595	1536
596	128
596	256
596	384
596	512
596	640
596	758
596	876
596	1024
596	1280
596	1536
597	128
597	256
597	384
597	512
597	640
597	758
597	876
597	1024
597	1280
597	1536
598	128
598	256
598	384
598	512
598	640
598	758
598	876
598	1024
598	1280
598	1536
599	128
599	256
599	384
599	512
599	640
599	758
599	876
599	1024
599	1280
599	1536
600	128
600	256
600	384
600	512
600	640
600	758
600	876
600	1024
600	1280
600	1536
601	128
601	256
601	384
601	512
601	640
601	758
601	876
601	1024
601	1280
601	1536
602	128
602	256
602	384
602	512
602	640
602	758
602	876
602	1024
602	1280
602	1536
603	128
603	256
603	384
603	512
603	640
603	758
603	876
603	1024
603	1280
603	1536
604	128
604	256
604	384
604	512
604	640
604	758
604	876
604	1024
604	1280
604	1536
605	128
605	256
605	384
605	512









605	640
605	758
605	876
605	1024
605	1280
605	1536
606	128
606	256
606	384
606	512
606	640
606	758
606	876
606	1024
606	1280
606	1536
607	128
607	256
607	384
607	512
607	640
607	758
607	876
607	1024
607	1280
607	1536
608	128
608	256
608	384
608	512
608	640
608	758
608	876
608	1024
608	1280
608	1536
609	128
609	256
609	384
609	512
609	640
609	758
609	876
609	1024
609	1280
609	1536
610	128
610	256
610	384
610	512
610	640
610	758
610	876
610	1024
610	1280
610	1536
611	128
611	256
611	384
611	512
611	640
611	758
611	876
611	1024
611	1280
611	1536
612	128
612	256
612	384
612	512
612	640
612	758
612	876
612	1024
612	1280
612	1536
613	128
613	256
613	384
613	512
613	640
613	758
613	876
613	1024
613	1280
613	1536
614	128
614	256
614	384
614	512
614	640
614	758
614	876
614	1024
614	1280
614	1536
615	128
615	256
615	384
615	512
615	640
615	758
615	876
615	1024
615	1280
615	1536
616	128
616	256
616	384
616	512
616	640
616	758
616	876
616	1024
616	1280
616	1536
617	128
617	256
617	384
617	512
617	640
617	758
617	876
617	1024
617	1280
617	1536
618	128
618	256
618	384
618	512
618	640
618	758
618	876
618	1024
618	1280
618	1536
619	128
619	256
619	384
619	512
619	640
619	758
619	876
619	1024
619	1280
619	1536
620	128
620	256
620	384
620	512
620	640
620	758
620	876
620	1024
620	1280
620	1536
621	128
621	256
621	384
621	512
621	640
621	758
621	876
621	1024
621	1280
621	1536
622	128
622	256
622	384
622	512
622	640
622	758
622	876
622	1024
622	1280
622	1536
623	128
623	256
623	384
623	512
623	640
623	758
623	876
623	1024
623	1280
623	1536
624	128
624	256
624	384
624	512
624	640
624	758
624	876
624	1024
624	1280
624	1536
625	128
625	256
625	384
625	512
625	640
625	758
625	876
625	1024
625	1280
625	1536
626	128
626	256
626	384
626	512
626	640
626	758
626	876
626	1024
626	1280
626	1536
627	128
627	256
627	384
627	512
627	640
627	758
627	876
627	1024
627	1280
627	1536
628	128
628	256
628	384
628	512
628	640
628	758
628	876
628	1024
628	1280
628	1536
629	128
629	256
629	384
629	512
629	640
629	758
629	876
629	1024
629	1280
629	1536
630	128
630	256
630	384
630	512
630	640
630	758
630	876
630	1024
630	1280
630	1536
631	128
631	256
631	384
631	512
631	640
631	758
631	876
631	1024
631	1280
631	1536
632	128
632	256
632	384
632	512
632	640
632	758
632	876
632	1024
632	1280
632	1536
633	128
633	256
633	384
633	512
633	640
633	758
633	876
633	1024
633	1280
633	1536
634	128
634	256
634	384
634	512
634	640
634	758
634	876
634	1024
634	1280
634	1536
635	128
635	256
635	384
635	512
635	640
635	758
635	876
635	1024
635	1280
635	1536
636	128
636	256
636	384
636	512
636	640
636	758
636	876
636	1024
636	1280
636	1536
637	128
637	256
637	384
637	512
637	640
637	758
637	876
637	1024
637	1280
637	1536
638	128
638	256
638	384
638	512
638	640
638	758
638	876
638	1024
638	1280
638	1536
639	128
639	256
639	384
639	512
639	640
639	758
639	876
639	1024
639	1280
639	1536
640	128
640	256
640	384
640	512
640	640
640	758
640	876
640	1024
640	1280
640	1536
641	128
641	256
641	384
641	512
641	640
641	758
641	876
641	1024
641	1280
641	1536
642	128
642	256
642	384
642	512
642	640
642	758
642	876
642	1024
642	1280
642	1536
643	128
643	256
643	384
643	512
643	640
643	758
643	876
643	1024
643	1280
643	1536
644	128
644	256
644	384
644	512
644	640
644	758
644	876
644	1024
644	1280
644	1536
645	128
645	256
645	384
645	512
645	640
645	758
645	876
645	1024
645	1280
645	1536
646	128
646	256
646	384
646	512
646	640
646	758
646	876
646	1024
646	1280
646	1536
647	128
647	256
647	384
647	512
647	640
647	758
647	876
647	1024
647	1280
647	1536
648	128
648	256
648	384
648	512
648	640
648	758
648	876
648	1024
648	1280
648	1536
649	128
649	256
649	384
649	512
649	640
649	758
649	876
649	1024
649	1280
649	1536

/hiskp4/gross/bachelorarbeit
