Wed Jul 15 13:22:54 CEST 2020 Waiting for 30 seconds before starting the job to allow the node to settle down
Wed Jul 15 13:23:24 CEST 2020 Waiting done, starting task!
Wed Jul 15 13:23:24 CEST 2020 Waiting for 30 seconds before starting the job to allow the node to settle down
Wed Jul 15 13:23:24 CEST 2020 Waiting for 30 seconds before starting the job to allow the node to settle down
Wed Jul 15 13:23:54 CEST 2020 Waiting done, starting task!
Wed Jul 15 13:23:54 CEST 2020 Waiting done, starting task!
--------------------------------------------------------------------------
WARNING: There are more than one active ports on host 'lnode14', but the
default subnet GID prefix was detected on more than one of these
ports.  If these ports are connected to different physical IB
networks, this configuration will fail in Open MPI.  This version of
Open MPI requires that every physically separate IB subnet that is
used between connected MPI processes must have different subnet ID
values.

Please see this FAQ entry for more details:

  http://www.open-mpi.org/faq/?category=openfabrics#ofa-default-subnet-gid

NOTE: You can turn off this warning by setting the MCA parameter
      btl_openib_warn_default_gid_prefix to 0.
--------------------------------------------------------------------------
--------------------------------------------------------------------------
WARNING: There are more than one active ports on host 'lnode13', but the
default subnet GID prefix was detected on more than one of these
ports.  If these ports are connected to different physical IB
networks, this configuration will fail in Open MPI.  This version of
Open MPI requires that every physically separate IB subnet that is
used between connected MPI processes must have different subnet ID
values.

Please see this FAQ entry for more details:

  http://www.open-mpi.org/faq/?category=openfabrics#ofa-default-subnet-gid

NOTE: You can turn off this warning by setting the MCA parameter
      btl_openib_warn_default_gid_prefix to 0.
--------------------------------------------------------------------------
1.000000	2.000000	1000.000000	768.000000	9.335297
1.000000	2.000000	1000.000000	768.000000	9.299543
1.000000	2.000000	1000.000000	768.000000	9.313331
1.000000	2.000000	1000.000000	768.000000	9.344875
1.000000	2.000000	1000.000000	768.000000	9.295100
1.000000	2.000000	1000.000000	768.000000	9.289471
1.000000	2.000000	1000.000000	768.000000	9.347218
1.000000	2.000000	1000.000000	768.000000	9.304704
1.000000	2.000000	1000.000000	768.000000	9.405674
1.000000	2.000000	1000.000000	768.000000	9.420953
0.000000	2.000000	1000.000000	768.000000	9.335265
0.000000	2.000000	1000.000000	768.000000	9.299556
0.000000	2.000000	1000.000000	768.000000	9.312859
0.000000	2.000000	1000.000000	768.000000	9.345059
0.000000	2.000000	1000.000000	768.000000	9.295318
0.000000	2.000000	1000.000000	768.000000	9.289746
0.000000	2.000000	1000.000000	768.000000	9.347410
0.000000	2.000000	1000.000000	768.000000	9.304922
0.000000	2.000000	1000.000000	768.000000	9.405864
0.000000	2.000000	1000.000000	768.000000	9.421139
/hiskp4/gross/bachelorarbeit
