Thu Jun 25 11:16:18 CEST 2020 Waiting for 30 seconds before starting the job to allow the node to settle down
Thu Jun 25 11:16:48 CEST 2020 Waiting done, starting task!
Thu Jun 25 11:16:48 CEST 2020 Waiting for 30 seconds before starting the job to allow the node to settle down
Thu Jun 25 11:17:18 CEST 2020 Waiting done, starting task!
Laenge=100	Temperatur=0.500000
bei 1 cores haben 1000 Messungen 0.616765 Sekunden gebraucht
bei 1 cores haben 1000 Messungen 0.656013 Sekunden gebraucht
bei 1 cores haben 1000 Messungen 0.718516 Sekunden gebraucht
bei 1 cores haben 1000 Messungen 0.715568 Sekunden gebraucht
bei 1 cores haben 1000 Messungen 0.611149 Sekunden gebraucht
bei 2 cores haben 1000 Messungen 0.752417 Sekunden gebraucht
bei 2 cores haben 1000 Messungen 0.693088 Sekunden gebraucht
bei 2 cores haben 1000 Messungen 0.689424 Sekunden gebraucht
bei 2 cores haben 1000 Messungen 0.690523 Sekunden gebraucht
bei 2 cores haben 1000 Messungen 0.689828 Sekunden gebraucht
bei 3 cores haben 1000 Messungen 0.474332 Sekunden gebraucht
bei 3 cores haben 1000 Messungen 0.471156 Sekunden gebraucht
bei 3 cores haben 1000 Messungen 0.316456 Sekunden gebraucht
bei 3 cores haben 1000 Messungen 0.417257 Sekunden gebraucht
bei 3 cores haben 1000 Messungen 0.444805 Sekunden gebraucht
bei 4 cores haben 1000 Messungen 0.308390 Sekunden gebraucht
bei 4 cores haben 1000 Messungen 0.346123 Sekunden gebraucht
bei 4 cores haben 1000 Messungen 0.310350 Sekunden gebraucht
bei 4 cores haben 1000 Messungen 0.310300 Sekunden gebraucht
bei 4 cores haben 1000 Messungen 0.284623 Sekunden gebraucht
bei 5 cores haben 1000 Messungen 0.215821 Sekunden gebraucht
bei 5 cores haben 1000 Messungen 0.250743 Sekunden gebraucht
bei 5 cores haben 1000 Messungen 0.279132 Sekunden gebraucht
bei 5 cores haben 1000 Messungen 0.216761 Sekunden gebraucht
bei 5 cores haben 1000 Messungen 0.282224 Sekunden gebraucht
bei 6 cores haben 1000 Messungen 0.298717 Sekunden gebraucht
bei 6 cores haben 1000 Messungen 0.306346 Sekunden gebraucht
bei 6 cores haben 1000 Messungen 0.316395 Sekunden gebraucht
bei 6 cores haben 1000 Messungen 0.315733 Sekunden gebraucht
bei 6 cores haben 1000 Messungen 0.306951 Sekunden gebraucht
bei 7 cores haben 1000 Messungen 0.219719 Sekunden gebraucht
bei 7 cores haben 1000 Messungen 0.237574 Sekunden gebraucht
bei 7 cores haben 1000 Messungen 0.231163 Sekunden gebraucht
bei 7 cores haben 1000 Messungen 0.269921 Sekunden gebraucht
bei 7 cores haben 1000 Messungen 0.287478 Sekunden gebraucht
bei 8 cores haben 1000 Messungen 0.229375 Sekunden gebraucht
bei 8 cores haben 1000 Messungen 0.251655 Sekunden gebraucht
bei 8 cores haben 1000 Messungen 0.238992 Sekunden gebraucht
bei 8 cores haben 1000 Messungen 0.213542 Sekunden gebraucht
bei 8 cores haben 1000 Messungen 0.223209 Sekunden gebraucht
bei 9 cores haben 1000 Messungen 0.204111 Sekunden gebraucht
bei 9 cores haben 1000 Messungen 0.208956 Sekunden gebraucht
bei 9 cores haben 1000 Messungen 0.214484 Sekunden gebraucht
bei 9 cores haben 1000 Messungen 0.214607 Sekunden gebraucht
bei 9 cores haben 1000 Messungen 0.213942 Sekunden gebraucht
bei 10 cores haben 1000 Messungen 0.192744 Sekunden gebraucht
bei 10 cores haben 1000 Messungen 0.198803 Sekunden gebraucht
bei 10 cores haben 1000 Messungen 0.192918 Sekunden gebraucht
bei 10 cores haben 1000 Messungen 0.195948 Sekunden gebraucht
bei 10 cores haben 1000 Messungen 0.193635 Sekunden gebraucht
bei 11 cores haben 1000 Messungen 0.197214 Sekunden gebraucht
bei 11 cores haben 1000 Messungen 0.196624 Sekunden gebraucht
bei 11 cores haben 1000 Messungen 0.197360 Sekunden gebraucht
bei 11 cores haben 1000 Messungen 0.196745 Sekunden gebraucht
bei 11 cores haben 1000 Messungen 0.196588 Sekunden gebraucht
bei 12 cores haben 1000 Messungen 0.180385 Sekunden gebraucht
bei 12 cores haben 1000 Messungen 0.180229 Sekunden gebraucht
bei 12 cores haben 1000 Messungen 0.180231 Sekunden gebraucht
bei 12 cores haben 1000 Messungen 0.195843 Sekunden gebraucht
bei 12 cores haben 1000 Messungen 0.179606 Sekunden gebraucht
/hiskp4/gross/bachelorarbeit
