Mon Jun 15 12:29:25 CEST 2020 Waiting for 30 seconds before starting the job to allow the node to settle down
Mon Jun 15 12:29:56 CEST 2020 Waiting done, starting task!
Mon Jun 15 12:29:56 CEST 2020 Waiting for 30 seconds before starting the job to allow the node to settle down
Mon Jun 15 12:30:26 CEST 2020 Waiting done, starting task!
Laenge=10
bei 1 cores haben 1000 Messungen 0.017247 Sekunden gebraucht
bei 1 cores haben 1000 Messungen 0.017328 Sekunden gebraucht
bei 1 cores haben 1000 Messungen 0.017330 Sekunden gebraucht
bei 1 cores haben 1000 Messungen 0.017283 Sekunden gebraucht
bei 1 cores haben 1000 Messungen 0.017289 Sekunden gebraucht
bei 2 cores haben 1000 Messungen 0.030814 Sekunden gebraucht
bei 2 cores haben 1000 Messungen 0.028976 Sekunden gebraucht
bei 2 cores haben 1000 Messungen 0.027529 Sekunden gebraucht
bei 2 cores haben 1000 Messungen 0.026439 Sekunden gebraucht
bei 2 cores haben 1000 Messungen 0.026423 Sekunden gebraucht
bei 3 cores haben 1000 Messungen 0.024522 Sekunden gebraucht
bei 3 cores haben 1000 Messungen 0.024417 Sekunden gebraucht
bei 3 cores haben 1000 Messungen 0.024301 Sekunden gebraucht
bei 3 cores haben 1000 Messungen 0.024330 Sekunden gebraucht
bei 3 cores haben 1000 Messungen 0.024153 Sekunden gebraucht
bei 4 cores haben 1000 Messungen 0.025125 Sekunden gebraucht
bei 4 cores haben 1000 Messungen 0.019655 Sekunden gebraucht
bei 4 cores haben 1000 Messungen 0.016958 Sekunden gebraucht
bei 4 cores haben 1000 Messungen 0.015562 Sekunden gebraucht
bei 4 cores haben 1000 Messungen 0.015371 Sekunden gebraucht
bei 5 cores haben 1000 Messungen 0.019985 Sekunden gebraucht
bei 5 cores haben 1000 Messungen 0.019930 Sekunden gebraucht
bei 5 cores haben 1000 Messungen 0.019925 Sekunden gebraucht
bei 5 cores haben 1000 Messungen 0.020121 Sekunden gebraucht
bei 5 cores haben 1000 Messungen 0.019542 Sekunden gebraucht
bei 6 cores haben 1000 Messungen 0.017747 Sekunden gebraucht
bei 6 cores haben 1000 Messungen 0.017317 Sekunden gebraucht
bei 6 cores haben 1000 Messungen 0.017384 Sekunden gebraucht
bei 6 cores haben 1000 Messungen 0.017272 Sekunden gebraucht
bei 6 cores haben 1000 Messungen 0.017327 Sekunden gebraucht
bei 7 cores haben 1000 Messungen 0.019847 Sekunden gebraucht
bei 7 cores haben 1000 Messungen 0.020011 Sekunden gebraucht
bei 7 cores haben 1000 Messungen 0.020125 Sekunden gebraucht
bei 7 cores haben 1000 Messungen 0.020059 Sekunden gebraucht
bei 7 cores haben 1000 Messungen 0.019952 Sekunden gebraucht
bei 8 cores haben 1000 Messungen 0.017850 Sekunden gebraucht
bei 8 cores haben 1000 Messungen 0.017660 Sekunden gebraucht
bei 8 cores haben 1000 Messungen 0.017637 Sekunden gebraucht
bei 8 cores haben 1000 Messungen 0.017684 Sekunden gebraucht
bei 8 cores haben 1000 Messungen 0.017697 Sekunden gebraucht
bei 9 cores haben 1000 Messungen 0.022388 Sekunden gebraucht
bei 9 cores haben 1000 Messungen 0.022876 Sekunden gebraucht
bei 9 cores haben 1000 Messungen 0.022954 Sekunden gebraucht
bei 9 cores haben 1000 Messungen 0.022734 Sekunden gebraucht
bei 9 cores haben 1000 Messungen 0.022839 Sekunden gebraucht
bei 10 cores haben 1000 Messungen 0.020655 Sekunden gebraucht
bei 10 cores haben 1000 Messungen 0.020852 Sekunden gebraucht
bei 10 cores haben 1000 Messungen 0.020501 Sekunden gebraucht
bei 10 cores haben 1000 Messungen 0.020524 Sekunden gebraucht
bei 10 cores haben 1000 Messungen 0.020664 Sekunden gebraucht
bei 11 cores haben 1000 Messungen 0.025068 Sekunden gebraucht
bei 11 cores haben 1000 Messungen 0.024953 Sekunden gebraucht
bei 11 cores haben 1000 Messungen 0.024941 Sekunden gebraucht
bei 11 cores haben 1000 Messungen 0.024870 Sekunden gebraucht
bei 11 cores haben 1000 Messungen 0.025662 Sekunden gebraucht
bei 12 cores haben 1000 Messungen 0.022409 Sekunden gebraucht
bei 12 cores haben 1000 Messungen 0.021283 Sekunden gebraucht
bei 12 cores haben 1000 Messungen 0.021264 Sekunden gebraucht
bei 12 cores haben 1000 Messungen 0.022525 Sekunden gebraucht
bei 12 cores haben 1000 Messungen 0.021385 Sekunden gebraucht
Laenge=100
bei 1 cores haben 1000 Messungen 1.125038 Sekunden gebraucht
bei 1 cores haben 1000 Messungen 1.166417 Sekunden gebraucht
bei 1 cores haben 1000 Messungen 1.123885 Sekunden gebraucht
bei 1 cores haben 1000 Messungen 1.168737 Sekunden gebraucht
bei 1 cores haben 1000 Messungen 1.124832 Sekunden gebraucht
bei 2 cores haben 1000 Messungen 1.539161 Sekunden gebraucht
bei 2 cores haben 1000 Messungen 1.418778 Sekunden gebraucht
bei 2 cores haben 1000 Messungen 1.366891 Sekunden gebraucht
bei 2 cores haben 1000 Messungen 1.378312 Sekunden gebraucht
bei 2 cores haben 1000 Messungen 1.332471 Sekunden gebraucht
bei 3 cores haben 1000 Messungen 1.103468 Sekunden gebraucht
bei 3 cores haben 1000 Messungen 1.092379 Sekunden gebraucht
bei 3 cores haben 1000 Messungen 1.101714 Sekunden gebraucht
bei 3 cores haben 1000 Messungen 1.110746 Sekunden gebraucht
bei 3 cores haben 1000 Messungen 1.076413 Sekunden gebraucht
bei 4 cores haben 1000 Messungen 0.979432 Sekunden gebraucht
bei 4 cores haben 1000 Messungen 0.939939 Sekunden gebraucht
bei 4 cores haben 1000 Messungen 0.979895 Sekunden gebraucht
bei 4 cores haben 1000 Messungen 0.969389 Sekunden gebraucht
bei 4 cores haben 1000 Messungen 0.970671 Sekunden gebraucht
bei 5 cores haben 1000 Messungen 1.119402 Sekunden gebraucht
bei 5 cores haben 1000 Messungen 1.058489 Sekunden gebraucht
bei 5 cores haben 1000 Messungen 1.101290 Sekunden gebraucht
bei 5 cores haben 1000 Messungen 1.121671 Sekunden gebraucht
bei 5 cores haben 1000 Messungen 1.101576 Sekunden gebraucht
bei 6 cores haben 1000 Messungen 1.024323 Sekunden gebraucht
bei 6 cores haben 1000 Messungen 1.036526 Sekunden gebraucht
bei 6 cores haben 1000 Messungen 1.052714 Sekunden gebraucht
bei 6 cores haben 1000 Messungen 1.036029 Sekunden gebraucht
bei 6 cores haben 1000 Messungen 1.025672 Sekunden gebraucht
bei 7 cores haben 1000 Messungen 1.174344 Sekunden gebraucht
bei 7 cores haben 1000 Messungen 1.120046 Sekunden gebraucht
bei 7 cores haben 1000 Messungen 1.134604 Sekunden gebraucht
bei 7 cores haben 1000 Messungen 1.156597 Sekunden gebraucht
bei 7 cores haben 1000 Messungen 1.133233 Sekunden gebraucht
bei 8 cores haben 1000 Messungen 1.099080 Sekunden gebraucht
bei 8 cores haben 1000 Messungen 1.102706 Sekunden gebraucht
bei 8 cores haben 1000 Messungen 1.109599 Sekunden gebraucht
bei 8 cores haben 1000 Messungen 1.109085 Sekunden gebraucht
bei 8 cores haben 1000 Messungen 1.224925 Sekunden gebraucht
bei 9 cores haben 1000 Messungen 1.158464 Sekunden gebraucht
bei 9 cores haben 1000 Messungen 1.161218 Sekunden gebraucht
bei 9 cores haben 1000 Messungen 1.157715 Sekunden gebraucht
bei 9 cores haben 1000 Messungen 1.152711 Sekunden gebraucht
bei 9 cores haben 1000 Messungen 1.154066 Sekunden gebraucht
bei 10 cores haben 1000 Messungen 1.136415 Sekunden gebraucht
bei 10 cores haben 1000 Messungen 1.131899 Sekunden gebraucht
bei 10 cores haben 1000 Messungen 1.200718 Sekunden gebraucht
bei 10 cores haben 1000 Messungen 1.154618 Sekunden gebraucht
bei 10 cores haben 1000 Messungen 1.133606 Sekunden gebraucht
bei 11 cores haben 1000 Messungen 1.179730 Sekunden gebraucht
bei 11 cores haben 1000 Messungen 1.173322 Sekunden gebraucht
bei 11 cores haben 1000 Messungen 1.178979 Sekunden gebraucht
bei 11 cores haben 1000 Messungen 1.172984 Sekunden gebraucht
bei 11 cores haben 1000 Messungen 1.184928 Sekunden gebraucht
bei 12 cores haben 1000 Messungen 1.211649 Sekunden gebraucht
bei 12 cores haben 1000 Messungen 1.211102 Sekunden gebraucht
bei 12 cores haben 1000 Messungen 1.223436 Sekunden gebraucht
bei 12 cores haben 1000 Messungen 1.211098 Sekunden gebraucht
bei 12 cores haben 1000 Messungen 1.224782 Sekunden gebraucht
Laenge=500
bei 1 cores haben 1000 Messungen 28.103560 Sekunden gebraucht
bei 1 cores haben 1000 Messungen 28.024060 Sekunden gebraucht
bei 1 cores haben 1000 Messungen 28.020892 Sekunden gebraucht
bei 1 cores haben 1000 Messungen 28.051060 Sekunden gebraucht
bei 1 cores haben 1000 Messungen 28.038726 Sekunden gebraucht
bei 2 cores haben 1000 Messungen 34.105644 Sekunden gebraucht
bei 2 cores haben 1000 Messungen 28.893042 Sekunden gebraucht
bei 2 cores haben 1000 Messungen 28.851543 Sekunden gebraucht
bei 2 cores haben 1000 Messungen 28.974517 Sekunden gebraucht
bei 2 cores haben 1000 Messungen 28.858790 Sekunden gebraucht
bei 3 cores haben 1000 Messungen 24.834741 Sekunden gebraucht
bei 3 cores haben 1000 Messungen 24.835781 Sekunden gebraucht
bei 3 cores haben 1000 Messungen 24.408530 Sekunden gebraucht
bei 3 cores haben 1000 Messungen 24.670317 Sekunden gebraucht
bei 3 cores haben 1000 Messungen 24.458859 Sekunden gebraucht
bei 4 cores haben 1000 Messungen 22.772664 Sekunden gebraucht
bei 4 cores haben 1000 Messungen 22.975024 Sekunden gebraucht
bei 4 cores haben 1000 Messungen 23.013204 Sekunden gebraucht
bei 4 cores haben 1000 Messungen 22.924881 Sekunden gebraucht
bei 4 cores haben 1000 Messungen 23.041538 Sekunden gebraucht
bei 5 cores haben 1000 Messungen 24.899719 Sekunden gebraucht
bei 5 cores haben 1000 Messungen 24.750451 Sekunden gebraucht
bei 5 cores haben 1000 Messungen 24.776811 Sekunden gebraucht
bei 5 cores haben 1000 Messungen 24.730266 Sekunden gebraucht
bei 5 cores haben 1000 Messungen 24.661537 Sekunden gebraucht
bei 6 cores haben 1000 Messungen 24.032909 Sekunden gebraucht
bei 6 cores haben 1000 Messungen 23.984428 Sekunden gebraucht
bei 6 cores haben 1000 Messungen 23.837427 Sekunden gebraucht
bei 6 cores haben 1000 Messungen 26.357481 Sekunden gebraucht
bei 6 cores haben 1000 Messungen 24.344889 Sekunden gebraucht
bei 7 cores haben 1000 Messungen 25.590902 Sekunden gebraucht
bei 7 cores haben 1000 Messungen 25.708412 Sekunden gebraucht
bei 7 cores haben 1000 Messungen 27.151294 Sekunden gebraucht
bei 7 cores haben 1000 Messungen 26.210084 Sekunden gebraucht
bei 7 cores haben 1000 Messungen 25.322631 Sekunden gebraucht
bei 8 cores haben 1000 Messungen 26.025592 Sekunden gebraucht
bei 8 cores haben 1000 Messungen 25.769958 Sekunden gebraucht
bei 8 cores haben 1000 Messungen 25.518773 Sekunden gebraucht
bei 8 cores haben 1000 Messungen 26.303728 Sekunden gebraucht
bei 8 cores haben 1000 Messungen 25.475618 Sekunden gebraucht
bei 9 cores haben 1000 Messungen 26.234702 Sekunden gebraucht
bei 9 cores haben 1000 Messungen 26.233630 Sekunden gebraucht
bei 9 cores haben 1000 Messungen 26.406411 Sekunden gebraucht
bei 9 cores haben 1000 Messungen 26.344233 Sekunden gebraucht
bei 9 cores haben 1000 Messungen 26.341453 Sekunden gebraucht
bei 10 cores haben 1000 Messungen 27.060669 Sekunden gebraucht
bei 10 cores haben 1000 Messungen 27.094827 Sekunden gebraucht
bei 10 cores haben 1000 Messungen 27.029069 Sekunden gebraucht
bei 10 cores haben 1000 Messungen 27.042934 Sekunden gebraucht
bei 10 cores haben 1000 Messungen 27.063483 Sekunden gebraucht
bei 11 cores haben 1000 Messungen 27.088773 Sekunden gebraucht
bei 11 cores haben 1000 Messungen 27.008019 Sekunden gebraucht
bei 11 cores haben 1000 Messungen 27.013282 Sekunden gebraucht
bei 11 cores haben 1000 Messungen 26.935188 Sekunden gebraucht
bei 11 cores haben 1000 Messungen 27.183408 Sekunden gebraucht
bei 12 cores haben 1000 Messungen 27.129233 Sekunden gebraucht
bei 12 cores haben 1000 Messungen 27.125985 Sekunden gebraucht
bei 12 cores haben 1000 Messungen 27.100141 Sekunden gebraucht
bei 12 cores haben 1000 Messungen 27.115120 Sekunden gebraucht
bei 12 cores haben 1000 Messungen 27.157472 Sekunden gebraucht
/hiskp4/gross/bachelorarbeit
