Mon Jun 22 19:54:08 CEST 2020 Waiting for 30 seconds before starting the job to allow the node to settle down
Mon Jun 22 19:54:38 CEST 2020 Waiting done, starting task!
Mon Jun 22 19:54:38 CEST 2020 Waiting for 30 seconds before starting the job to allow the node to settle down
Mon Jun 22 19:55:08 CEST 2020 Waiting done, starting task!
Laenge=384
bei 1 cores haben 1000 Messungen 10.818297 Sekunden gebraucht
bei 1 cores haben 1000 Messungen 11.007680 Sekunden gebraucht
bei 1 cores haben 1000 Messungen 10.604083 Sekunden gebraucht
bei 1 cores haben 1000 Messungen 10.611164 Sekunden gebraucht
bei 1 cores haben 1000 Messungen 10.733306 Sekunden gebraucht
bei 2 cores haben 1000 Messungen 10.635723 Sekunden gebraucht
bei 2 cores haben 1000 Messungen 10.621837 Sekunden gebraucht
bei 2 cores haben 1000 Messungen 10.625400 Sekunden gebraucht
bei 2 cores haben 1000 Messungen 10.716024 Sekunden gebraucht
bei 2 cores haben 1000 Messungen 10.441442 Sekunden gebraucht
bei 3 cores haben 1000 Messungen 6.226901 Sekunden gebraucht
bei 3 cores haben 1000 Messungen 6.353179 Sekunden gebraucht
bei 3 cores haben 1000 Messungen 6.457303 Sekunden gebraucht
bei 3 cores haben 1000 Messungen 5.866636 Sekunden gebraucht
bei 3 cores haben 1000 Messungen 6.395920 Sekunden gebraucht
bei 4 cores haben 1000 Messungen 5.302275 Sekunden gebraucht
bei 4 cores haben 1000 Messungen 5.122702 Sekunden gebraucht
bei 4 cores haben 1000 Messungen 5.296442 Sekunden gebraucht
bei 4 cores haben 1000 Messungen 5.074672 Sekunden gebraucht
bei 4 cores haben 1000 Messungen 5.286291 Sekunden gebraucht
bei 5 cores haben 1000 Messungen 4.794106 Sekunden gebraucht
bei 5 cores haben 1000 Messungen 4.807398 Sekunden gebraucht
bei 5 cores haben 1000 Messungen 4.546436 Sekunden gebraucht
bei 5 cores haben 1000 Messungen 4.612087 Sekunden gebraucht
bei 5 cores haben 1000 Messungen 4.925879 Sekunden gebraucht
bei 6 cores haben 1000 Messungen 4.011768 Sekunden gebraucht
bei 6 cores haben 1000 Messungen 4.030724 Sekunden gebraucht
bei 6 cores haben 1000 Messungen 4.332382 Sekunden gebraucht
bei 6 cores haben 1000 Messungen 4.431399 Sekunden gebraucht
bei 6 cores haben 1000 Messungen 4.349438 Sekunden gebraucht
bei 7 cores haben 1000 Messungen 3.622732 Sekunden gebraucht
bei 7 cores haben 1000 Messungen 3.771281 Sekunden gebraucht
bei 7 cores haben 1000 Messungen 3.729488 Sekunden gebraucht
bei 7 cores haben 1000 Messungen 3.762429 Sekunden gebraucht
bei 7 cores haben 1000 Messungen 3.860814 Sekunden gebraucht
bei 8 cores haben 1000 Messungen 3.552845 Sekunden gebraucht
bei 8 cores haben 1000 Messungen 3.579527 Sekunden gebraucht
bei 8 cores haben 1000 Messungen 3.412771 Sekunden gebraucht
bei 8 cores haben 1000 Messungen 3.313724 Sekunden gebraucht
bei 8 cores haben 1000 Messungen 3.258172 Sekunden gebraucht
bei 9 cores haben 1000 Messungen 3.235474 Sekunden gebraucht
bei 9 cores haben 1000 Messungen 3.113748 Sekunden gebraucht
bei 9 cores haben 1000 Messungen 3.073199 Sekunden gebraucht
bei 9 cores haben 1000 Messungen 3.082518 Sekunden gebraucht
bei 9 cores haben 1000 Messungen 3.120903 Sekunden gebraucht
bei 10 cores haben 1000 Messungen 2.803606 Sekunden gebraucht
bei 10 cores haben 1000 Messungen 3.098541 Sekunden gebraucht
bei 10 cores haben 1000 Messungen 3.219933 Sekunden gebraucht
bei 10 cores haben 1000 Messungen 3.291817 Sekunden gebraucht
bei 10 cores haben 1000 Messungen 3.269433 Sekunden gebraucht
bei 11 cores haben 1000 Messungen 2.888981 Sekunden gebraucht
bei 11 cores haben 1000 Messungen 2.544938 Sekunden gebraucht
bei 11 cores haben 1000 Messungen 3.034574 Sekunden gebraucht
bei 11 cores haben 1000 Messungen 3.019380 Sekunden gebraucht
bei 11 cores haben 1000 Messungen 2.862481 Sekunden gebraucht
bei 12 cores haben 1000 Messungen 2.450027 Sekunden gebraucht
bei 12 cores haben 1000 Messungen 2.448527 Sekunden gebraucht
bei 12 cores haben 1000 Messungen 2.455836 Sekunden gebraucht
bei 12 cores haben 1000 Messungen 2.455760 Sekunden gebraucht
bei 12 cores haben 1000 Messungen 2.640159 Sekunden gebraucht
/hiskp4/gross/bachelorarbeit
