Thu Jun  4 22:55:01 CEST 2020 Waiting for 30 seconds before starting the job to allow the node to settle down
Thu Jun  4 22:55:31 CEST 2020 Waiting done, starting task!
Thu Jun  4 22:55:31 CEST 2020 Waiting for 30 seconds before starting the job to allow the node to settle down
Thu Jun  4 22:56:01 CEST 2020 Waiting done, starting task!
Laenge=6
bei 1 cores haben 1000 Messungen 0.013220 Sekunden gebraucht
bei 1 cores haben 1000 Messungen 0.012214 Sekunden gebraucht
bei 1 cores haben 1000 Messungen 0.011111 Sekunden gebraucht
bei 1 cores haben 1000 Messungen 0.010482 Sekunden gebraucht
bei 1 cores haben 1000 Messungen 0.010001 Sekunden gebraucht
bei 1 cores haben 1000 Messungen 0.009334 Sekunden gebraucht
bei 1 cores haben 1000 Messungen 0.012099 Sekunden gebraucht
bei 1 cores haben 1000 Messungen 0.011157 Sekunden gebraucht
bei 1 cores haben 1000 Messungen 0.010439 Sekunden gebraucht
bei 1 cores haben 1000 Messungen 0.009874 Sekunden gebraucht
bei 2 cores haben 1000 Messungen 0.016319 Sekunden gebraucht
bei 2 cores haben 1000 Messungen 0.014866 Sekunden gebraucht
bei 2 cores haben 1000 Messungen 0.014202 Sekunden gebraucht
bei 2 cores haben 1000 Messungen 0.013806 Sekunden gebraucht
bei 2 cores haben 1000 Messungen 0.013441 Sekunden gebraucht
bei 2 cores haben 1000 Messungen 0.013216 Sekunden gebraucht
bei 2 cores haben 1000 Messungen 0.016898 Sekunden gebraucht
bei 2 cores haben 1000 Messungen 0.016014 Sekunden gebraucht
bei 2 cores haben 1000 Messungen 0.016602 Sekunden gebraucht
bei 2 cores haben 1000 Messungen 0.015165 Sekunden gebraucht
bei 3 cores haben 1000 Messungen 0.013735 Sekunden gebraucht
bei 3 cores haben 1000 Messungen 0.013068 Sekunden gebraucht
bei 3 cores haben 1000 Messungen 0.012916 Sekunden gebraucht
bei 3 cores haben 1000 Messungen 0.012730 Sekunden gebraucht
bei 3 cores haben 1000 Messungen 0.013133 Sekunden gebraucht
bei 3 cores haben 1000 Messungen 0.012786 Sekunden gebraucht
bei 3 cores haben 1000 Messungen 0.012930 Sekunden gebraucht
bei 3 cores haben 1000 Messungen 0.013565 Sekunden gebraucht
bei 3 cores haben 1000 Messungen 0.013566 Sekunden gebraucht
bei 3 cores haben 1000 Messungen 0.013683 Sekunden gebraucht
bei 4 cores haben 1000 Messungen 0.012725 Sekunden gebraucht
bei 4 cores haben 1000 Messungen 0.012533 Sekunden gebraucht
bei 4 cores haben 1000 Messungen 0.012477 Sekunden gebraucht
bei 4 cores haben 1000 Messungen 0.012564 Sekunden gebraucht
bei 4 cores haben 1000 Messungen 0.012451 Sekunden gebraucht
bei 4 cores haben 1000 Messungen 0.012456 Sekunden gebraucht
bei 4 cores haben 1000 Messungen 0.012631 Sekunden gebraucht
bei 4 cores haben 1000 Messungen 0.012537 Sekunden gebraucht
bei 4 cores haben 1000 Messungen 0.012498 Sekunden gebraucht
bei 4 cores haben 1000 Messungen 0.012606 Sekunden gebraucht
bei 5 cores haben 1000 Messungen 0.014725 Sekunden gebraucht
bei 5 cores haben 1000 Messungen 0.014852 Sekunden gebraucht
bei 5 cores haben 1000 Messungen 0.014696 Sekunden gebraucht
bei 5 cores haben 1000 Messungen 0.014430 Sekunden gebraucht
bei 5 cores haben 1000 Messungen 0.014882 Sekunden gebraucht
bei 5 cores haben 1000 Messungen 0.015230 Sekunden gebraucht
bei 5 cores haben 1000 Messungen 0.015203 Sekunden gebraucht
bei 5 cores haben 1000 Messungen 0.014752 Sekunden gebraucht
bei 5 cores haben 1000 Messungen 0.014185 Sekunden gebraucht
bei 5 cores haben 1000 Messungen 0.013850 Sekunden gebraucht
bei 6 cores haben 1000 Messungen 0.012714 Sekunden gebraucht
bei 6 cores haben 1000 Messungen 0.012052 Sekunden gebraucht
bei 6 cores haben 1000 Messungen 0.012049 Sekunden gebraucht
bei 6 cores haben 1000 Messungen 0.012159 Sekunden gebraucht
bei 6 cores haben 1000 Messungen 0.012079 Sekunden gebraucht
bei 6 cores haben 1000 Messungen 0.012685 Sekunden gebraucht
bei 6 cores haben 1000 Messungen 0.012920 Sekunden gebraucht
bei 6 cores haben 1000 Messungen 0.012726 Sekunden gebraucht
bei 6 cores haben 1000 Messungen 0.012097 Sekunden gebraucht
bei 6 cores haben 1000 Messungen 0.012544 Sekunden gebraucht
bei 7 cores haben 1000 Messungen 0.014513 Sekunden gebraucht
bei 7 cores haben 1000 Messungen 0.014538 Sekunden gebraucht
bei 7 cores haben 1000 Messungen 0.014320 Sekunden gebraucht
bei 7 cores haben 1000 Messungen 0.014144 Sekunden gebraucht
bei 7 cores haben 1000 Messungen 0.014009 Sekunden gebraucht
bei 7 cores haben 1000 Messungen 0.013828 Sekunden gebraucht
bei 7 cores haben 1000 Messungen 0.014265 Sekunden gebraucht
bei 7 cores haben 1000 Messungen 0.013925 Sekunden gebraucht
bei 7 cores haben 1000 Messungen 0.014250 Sekunden gebraucht
bei 7 cores haben 1000 Messungen 0.014139 Sekunden gebraucht
bei 8 cores haben 1000 Messungen 0.012408 Sekunden gebraucht
bei 8 cores haben 1000 Messungen 0.012398 Sekunden gebraucht
bei 8 cores haben 1000 Messungen 0.012506 Sekunden gebraucht
bei 8 cores haben 1000 Messungen 0.012469 Sekunden gebraucht
bei 8 cores haben 1000 Messungen 0.012284 Sekunden gebraucht
bei 8 cores haben 1000 Messungen 0.013289 Sekunden gebraucht
bei 8 cores haben 1000 Messungen 0.012364 Sekunden gebraucht
bei 8 cores haben 1000 Messungen 0.012373 Sekunden gebraucht
bei 8 cores haben 1000 Messungen 0.012359 Sekunden gebraucht
bei 8 cores haben 1000 Messungen 0.012643 Sekunden gebraucht
bei 9 cores haben 1000 Messungen 0.017270 Sekunden gebraucht
bei 9 cores haben 1000 Messungen 0.016263 Sekunden gebraucht
bei 9 cores haben 1000 Messungen 0.016431 Sekunden gebraucht
bei 9 cores haben 1000 Messungen 0.016594 Sekunden gebraucht
bei 9 cores haben 1000 Messungen 0.016184 Sekunden gebraucht
bei 9 cores haben 1000 Messungen 0.016215 Sekunden gebraucht
bei 9 cores haben 1000 Messungen 0.016383 Sekunden gebraucht
bei 9 cores haben 1000 Messungen 0.016118 Sekunden gebraucht
bei 9 cores haben 1000 Messungen 0.016447 Sekunden gebraucht
bei 9 cores haben 1000 Messungen 0.016698 Sekunden gebraucht
bei 10 cores haben 1000 Messungen 0.015172 Sekunden gebraucht
bei 10 cores haben 1000 Messungen 0.015143 Sekunden gebraucht
bei 10 cores haben 1000 Messungen 0.015041 Sekunden gebraucht
bei 10 cores haben 1000 Messungen 0.015082 Sekunden gebraucht
bei 10 cores haben 1000 Messungen 0.015539 Sekunden gebraucht
bei 10 cores haben 1000 Messungen 0.015391 Sekunden gebraucht
bei 10 cores haben 1000 Messungen 0.015385 Sekunden gebraucht
bei 10 cores haben 1000 Messungen 0.015324 Sekunden gebraucht
bei 10 cores haben 1000 Messungen 0.015304 Sekunden gebraucht
bei 10 cores haben 1000 Messungen 0.015450 Sekunden gebraucht
bei 11 cores haben 1000 Messungen 0.019700 Sekunden gebraucht
bei 11 cores haben 1000 Messungen 0.019461 Sekunden gebraucht
bei 11 cores haben 1000 Messungen 0.019580 Sekunden gebraucht
bei 11 cores haben 1000 Messungen 0.019378 Sekunden gebraucht
bei 11 cores haben 1000 Messungen 0.019452 Sekunden gebraucht
bei 11 cores haben 1000 Messungen 0.019856 Sekunden gebraucht
bei 11 cores haben 1000 Messungen 0.019427 Sekunden gebraucht
bei 11 cores haben 1000 Messungen 0.019872 Sekunden gebraucht
bei 11 cores haben 1000 Messungen 0.019379 Sekunden gebraucht
bei 11 cores haben 1000 Messungen 0.019327 Sekunden gebraucht
bei 12 cores haben 1000 Messungen 0.020803 Sekunden gebraucht
bei 12 cores haben 1000 Messungen 0.020760 Sekunden gebraucht
bei 12 cores haben 1000 Messungen 0.020731 Sekunden gebraucht
bei 12 cores haben 1000 Messungen 0.020725 Sekunden gebraucht
bei 12 cores haben 1000 Messungen 0.021099 Sekunden gebraucht
bei 12 cores haben 1000 Messungen 0.021003 Sekunden gebraucht
bei 12 cores haben 1000 Messungen 0.020602 Sekunden gebraucht
bei 12 cores haben 1000 Messungen 0.021027 Sekunden gebraucht
bei 12 cores haben 1000 Messungen 0.020944 Sekunden gebraucht
bei 12 cores haben 1000 Messungen 0.020704 Sekunden gebraucht
Laenge=10
bei 1 cores haben 1000 Messungen 0.015643 Sekunden gebraucht
bei 1 cores haben 1000 Messungen 0.015251 Sekunden gebraucht
bei 1 cores haben 1000 Messungen 0.014684 Sekunden gebraucht
bei 1 cores haben 1000 Messungen 0.014718 Sekunden gebraucht
bei 1 cores haben 1000 Messungen 0.014609 Sekunden gebraucht
bei 1 cores haben 1000 Messungen 0.028626 Sekunden gebraucht
bei 1 cores haben 1000 Messungen 0.024431 Sekunden gebraucht
bei 1 cores haben 1000 Messungen 0.021872 Sekunden gebraucht
bei 1 cores haben 1000 Messungen 0.020243 Sekunden gebraucht
bei 1 cores haben 1000 Messungen 0.019035 Sekunden gebraucht
bei 2 cores haben 1000 Messungen 0.026186 Sekunden gebraucht
bei 2 cores haben 1000 Messungen 0.023596 Sekunden gebraucht
bei 2 cores haben 1000 Messungen 0.022218 Sekunden gebraucht
bei 2 cores haben 1000 Messungen 0.020566 Sekunden gebraucht
bei 2 cores haben 1000 Messungen 0.019567 Sekunden gebraucht
bei 2 cores haben 1000 Messungen 0.018766 Sekunden gebraucht
bei 2 cores haben 1000 Messungen 0.018294 Sekunden gebraucht
bei 2 cores haben 1000 Messungen 0.017976 Sekunden gebraucht
bei 2 cores haben 1000 Messungen 0.017910 Sekunden gebraucht
bei 2 cores haben 1000 Messungen 0.017948 Sekunden gebraucht
bei 3 cores haben 1000 Messungen 0.015962 Sekunden gebraucht
bei 3 cores haben 1000 Messungen 0.016014 Sekunden gebraucht
bei 3 cores haben 1000 Messungen 0.015996 Sekunden gebraucht
bei 3 cores haben 1000 Messungen 0.015676 Sekunden gebraucht
bei 3 cores haben 1000 Messungen 0.015875 Sekunden gebraucht
bei 3 cores haben 1000 Messungen 0.015589 Sekunden gebraucht
bei 3 cores haben 1000 Messungen 0.015784 Sekunden gebraucht
bei 3 cores haben 1000 Messungen 0.015616 Sekunden gebraucht
bei 3 cores haben 1000 Messungen 0.015636 Sekunden gebraucht
bei 3 cores haben 1000 Messungen 0.015565 Sekunden gebraucht
bei 4 cores haben 1000 Messungen 0.016695 Sekunden gebraucht
bei 4 cores haben 1000 Messungen 0.016689 Sekunden gebraucht
bei 4 cores haben 1000 Messungen 0.016579 Sekunden gebraucht
bei 4 cores haben 1000 Messungen 0.016559 Sekunden gebraucht
bei 4 cores haben 1000 Messungen 0.016579 Sekunden gebraucht
bei 4 cores haben 1000 Messungen 0.016729 Sekunden gebraucht
bei 4 cores haben 1000 Messungen 0.016537 Sekunden gebraucht
bei 4 cores haben 1000 Messungen 0.017175 Sekunden gebraucht
bei 4 cores haben 1000 Messungen 0.016644 Sekunden gebraucht
bei 4 cores haben 1000 Messungen 0.016895 Sekunden gebraucht
bei 5 cores haben 1000 Messungen 0.016051 Sekunden gebraucht
bei 5 cores haben 1000 Messungen 0.017030 Sekunden gebraucht
bei 5 cores haben 1000 Messungen 0.016951 Sekunden gebraucht
bei 5 cores haben 1000 Messungen 0.015993 Sekunden gebraucht
bei 5 cores haben 1000 Messungen 0.016004 Sekunden gebraucht
bei 5 cores haben 1000 Messungen 0.015990 Sekunden gebraucht
bei 5 cores haben 1000 Messungen 0.015976 Sekunden gebraucht
bei 5 cores haben 1000 Messungen 0.015916 Sekunden gebraucht
bei 5 cores haben 1000 Messungen 0.016038 Sekunden gebraucht
bei 5 cores haben 1000 Messungen 0.016987 Sekunden gebraucht
bei 6 cores haben 1000 Messungen 0.018199 Sekunden gebraucht
bei 6 cores haben 1000 Messungen 0.017849 Sekunden gebraucht
bei 6 cores haben 1000 Messungen 0.018155 Sekunden gebraucht
bei 6 cores haben 1000 Messungen 0.018072 Sekunden gebraucht
bei 6 cores haben 1000 Messungen 0.017773 Sekunden gebraucht
bei 6 cores haben 1000 Messungen 0.017990 Sekunden gebraucht
bei 6 cores haben 1000 Messungen 0.017997 Sekunden gebraucht
bei 6 cores haben 1000 Messungen 0.018426 Sekunden gebraucht
bei 6 cores haben 1000 Messungen 0.018448 Sekunden gebraucht
bei 6 cores haben 1000 Messungen 0.018359 Sekunden gebraucht
bei 7 cores haben 1000 Messungen 0.016941 Sekunden gebraucht
bei 7 cores haben 1000 Messungen 0.016361 Sekunden gebraucht
bei 7 cores haben 1000 Messungen 0.016060 Sekunden gebraucht
bei 7 cores haben 1000 Messungen 0.016068 Sekunden gebraucht
bei 7 cores haben 1000 Messungen 0.015988 Sekunden gebraucht
bei 7 cores haben 1000 Messungen 0.016710 Sekunden gebraucht
bei 7 cores haben 1000 Messungen 0.016844 Sekunden gebraucht
bei 7 cores haben 1000 Messungen 0.016850 Sekunden gebraucht
bei 7 cores haben 1000 Messungen 0.016818 Sekunden gebraucht
bei 7 cores haben 1000 Messungen 0.016703 Sekunden gebraucht
bei 8 cores haben 1000 Messungen 0.019581 Sekunden gebraucht
bei 8 cores haben 1000 Messungen 0.019411 Sekunden gebraucht
bei 8 cores haben 1000 Messungen 0.019582 Sekunden gebraucht
bei 8 cores haben 1000 Messungen 0.019948 Sekunden gebraucht
bei 8 cores haben 1000 Messungen 0.019540 Sekunden gebraucht
bei 8 cores haben 1000 Messungen 0.019833 Sekunden gebraucht
bei 8 cores haben 1000 Messungen 0.019907 Sekunden gebraucht
bei 8 cores haben 1000 Messungen 0.019765 Sekunden gebraucht
bei 8 cores haben 1000 Messungen 0.019598 Sekunden gebraucht
bei 8 cores haben 1000 Messungen 0.019723 Sekunden gebraucht
bei 9 cores haben 1000 Messungen 0.020725 Sekunden gebraucht
bei 9 cores haben 1000 Messungen 0.020427 Sekunden gebraucht
bei 9 cores haben 1000 Messungen 0.020623 Sekunden gebraucht
bei 9 cores haben 1000 Messungen 0.020708 Sekunden gebraucht
bei 9 cores haben 1000 Messungen 0.020545 Sekunden gebraucht
bei 9 cores haben 1000 Messungen 0.020626 Sekunden gebraucht
bei 9 cores haben 1000 Messungen 0.020649 Sekunden gebraucht
bei 9 cores haben 1000 Messungen 0.020460 Sekunden gebraucht
bei 9 cores haben 1000 Messungen 0.020573 Sekunden gebraucht
bei 9 cores haben 1000 Messungen 0.020883 Sekunden gebraucht
bei 10 cores haben 1000 Messungen 0.020530 Sekunden gebraucht
bei 10 cores haben 1000 Messungen 0.020850 Sekunden gebraucht
bei 10 cores haben 1000 Messungen 0.020969 Sekunden gebraucht
bei 10 cores haben 1000 Messungen 0.020599 Sekunden gebraucht
bei 10 cores haben 1000 Messungen 0.020375 Sekunden gebraucht
bei 10 cores haben 1000 Messungen 0.020043 Sekunden gebraucht
bei 10 cores haben 1000 Messungen 0.020491 Sekunden gebraucht
bei 10 cores haben 1000 Messungen 0.020137 Sekunden gebraucht
bei 10 cores haben 1000 Messungen 0.019846 Sekunden gebraucht
bei 10 cores haben 1000 Messungen 0.020225 Sekunden gebraucht
bei 11 cores haben 1000 Messungen 0.023504 Sekunden gebraucht
bei 11 cores haben 1000 Messungen 0.023509 Sekunden gebraucht
bei 11 cores haben 1000 Messungen 0.023430 Sekunden gebraucht
bei 11 cores haben 1000 Messungen 0.023525 Sekunden gebraucht
bei 11 cores haben 1000 Messungen 0.023538 Sekunden gebraucht
bei 11 cores haben 1000 Messungen 0.023622 Sekunden gebraucht
bei 11 cores haben 1000 Messungen 0.023499 Sekunden gebraucht
bei 11 cores haben 1000 Messungen 0.023742 Sekunden gebraucht
bei 11 cores haben 1000 Messungen 0.023443 Sekunden gebraucht
bei 11 cores haben 1000 Messungen 0.023615 Sekunden gebraucht
bei 12 cores haben 1000 Messungen 0.023833 Sekunden gebraucht
bei 12 cores haben 1000 Messungen 0.023484 Sekunden gebraucht
bei 12 cores haben 1000 Messungen 0.023457 Sekunden gebraucht
bei 12 cores haben 1000 Messungen 0.023650 Sekunden gebraucht
bei 12 cores haben 1000 Messungen 0.023591 Sekunden gebraucht
bei 12 cores haben 1000 Messungen 0.023565 Sekunden gebraucht
bei 12 cores haben 1000 Messungen 0.023658 Sekunden gebraucht
bei 12 cores haben 1000 Messungen 0.023670 Sekunden gebraucht
bei 12 cores haben 1000 Messungen 0.023477 Sekunden gebraucht
bei 12 cores haben 1000 Messungen 0.023623 Sekunden gebraucht
Laenge=20
bei 1 cores haben 1000 Messungen 0.053851 Sekunden gebraucht
bei 1 cores haben 1000 Messungen 0.054253 Sekunden gebraucht
bei 1 cores haben 1000 Messungen 0.051594 Sekunden gebraucht
bei 1 cores haben 1000 Messungen 0.051641 Sekunden gebraucht
bei 1 cores haben 1000 Messungen 0.051533 Sekunden gebraucht
bei 1 cores haben 1000 Messungen 0.051362 Sekunden gebraucht
bei 1 cores haben 1000 Messungen 0.084478 Sekunden gebraucht
bei 1 cores haben 1000 Messungen 0.060219 Sekunden gebraucht
bei 1 cores haben 1000 Messungen 0.051616 Sekunden gebraucht
bei 1 cores haben 1000 Messungen 0.051727 Sekunden gebraucht
bei 2 cores haben 1000 Messungen 0.064191 Sekunden gebraucht
bei 2 cores haben 1000 Messungen 0.053427 Sekunden gebraucht
bei 2 cores haben 1000 Messungen 0.051699 Sekunden gebraucht
bei 2 cores haben 1000 Messungen 0.071065 Sekunden gebraucht
bei 2 cores haben 1000 Messungen 0.056951 Sekunden gebraucht
bei 2 cores haben 1000 Messungen 0.070713 Sekunden gebraucht
bei 2 cores haben 1000 Messungen 0.069088 Sekunden gebraucht
bei 2 cores haben 1000 Messungen 0.055398 Sekunden gebraucht
bei 2 cores haben 1000 Messungen 0.053214 Sekunden gebraucht
bei 2 cores haben 1000 Messungen 0.067947 Sekunden gebraucht
bei 3 cores haben 1000 Messungen 0.045981 Sekunden gebraucht
bei 3 cores haben 1000 Messungen 0.045010 Sekunden gebraucht
bei 3 cores haben 1000 Messungen 0.045447 Sekunden gebraucht
bei 3 cores haben 1000 Messungen 0.045916 Sekunden gebraucht
bei 3 cores haben 1000 Messungen 0.045243 Sekunden gebraucht
bei 3 cores haben 1000 Messungen 0.044851 Sekunden gebraucht
bei 3 cores haben 1000 Messungen 0.044939 Sekunden gebraucht
bei 3 cores haben 1000 Messungen 0.045139 Sekunden gebraucht
bei 3 cores haben 1000 Messungen 0.045180 Sekunden gebraucht
bei 3 cores haben 1000 Messungen 0.045287 Sekunden gebraucht
bei 4 cores haben 1000 Messungen 0.046139 Sekunden gebraucht
bei 4 cores haben 1000 Messungen 0.040786 Sekunden gebraucht
bei 4 cores haben 1000 Messungen 0.040827 Sekunden gebraucht
bei 4 cores haben 1000 Messungen 0.037798 Sekunden gebraucht
bei 4 cores haben 1000 Messungen 0.035831 Sekunden gebraucht
bei 4 cores haben 1000 Messungen 0.039189 Sekunden gebraucht
bei 4 cores haben 1000 Messungen 0.041137 Sekunden gebraucht
bei 4 cores haben 1000 Messungen 0.041314 Sekunden gebraucht
bei 4 cores haben 1000 Messungen 0.040729 Sekunden gebraucht
bei 4 cores haben 1000 Messungen 0.041474 Sekunden gebraucht
bei 5 cores haben 1000 Messungen 0.039388 Sekunden gebraucht
bei 5 cores haben 1000 Messungen 0.038530 Sekunden gebraucht
bei 5 cores haben 1000 Messungen 0.039140 Sekunden gebraucht
bei 5 cores haben 1000 Messungen 0.038570 Sekunden gebraucht
bei 5 cores haben 1000 Messungen 0.038697 Sekunden gebraucht
bei 5 cores haben 1000 Messungen 0.038814 Sekunden gebraucht
bei 5 cores haben 1000 Messungen 0.039537 Sekunden gebraucht
bei 5 cores haben 1000 Messungen 0.038417 Sekunden gebraucht
bei 5 cores haben 1000 Messungen 0.039936 Sekunden gebraucht
bei 5 cores haben 1000 Messungen 0.039138 Sekunden gebraucht
bei 6 cores haben 1000 Messungen 0.043888 Sekunden gebraucht
bei 6 cores haben 1000 Messungen 0.041710 Sekunden gebraucht
bei 6 cores haben 1000 Messungen 0.042764 Sekunden gebraucht
bei 6 cores haben 1000 Messungen 0.042975 Sekunden gebraucht
bei 6 cores haben 1000 Messungen 0.042251 Sekunden gebraucht
bei 6 cores haben 1000 Messungen 0.039076 Sekunden gebraucht
bei 6 cores haben 1000 Messungen 0.037979 Sekunden gebraucht
bei 6 cores haben 1000 Messungen 0.040187 Sekunden gebraucht
bei 6 cores haben 1000 Messungen 0.042871 Sekunden gebraucht
bei 6 cores haben 1000 Messungen 0.042638 Sekunden gebraucht
bei 7 cores haben 1000 Messungen 0.040770 Sekunden gebraucht
bei 7 cores haben 1000 Messungen 0.040147 Sekunden gebraucht
bei 7 cores haben 1000 Messungen 0.040010 Sekunden gebraucht
bei 7 cores haben 1000 Messungen 0.039782 Sekunden gebraucht
bei 7 cores haben 1000 Messungen 0.040636 Sekunden gebraucht
bei 7 cores haben 1000 Messungen 0.039876 Sekunden gebraucht
bei 7 cores haben 1000 Messungen 0.040797 Sekunden gebraucht
bei 7 cores haben 1000 Messungen 0.040383 Sekunden gebraucht
bei 7 cores haben 1000 Messungen 0.040081 Sekunden gebraucht
bei 7 cores haben 1000 Messungen 0.040193 Sekunden gebraucht
bei 8 cores haben 1000 Messungen 0.041336 Sekunden gebraucht
bei 8 cores haben 1000 Messungen 0.041210 Sekunden gebraucht
bei 8 cores haben 1000 Messungen 0.042879 Sekunden gebraucht
bei 8 cores haben 1000 Messungen 0.044064 Sekunden gebraucht
bei 8 cores haben 1000 Messungen 0.043523 Sekunden gebraucht
bei 8 cores haben 1000 Messungen 0.043694 Sekunden gebraucht
bei 8 cores haben 1000 Messungen 0.043646 Sekunden gebraucht
bei 8 cores haben 1000 Messungen 0.043346 Sekunden gebraucht
bei 8 cores haben 1000 Messungen 0.044300 Sekunden gebraucht
bei 8 cores haben 1000 Messungen 0.043578 Sekunden gebraucht
bei 9 cores haben 1000 Messungen 0.043923 Sekunden gebraucht
bei 9 cores haben 1000 Messungen 0.043421 Sekunden gebraucht
bei 9 cores haben 1000 Messungen 0.043006 Sekunden gebraucht
bei 9 cores haben 1000 Messungen 0.044178 Sekunden gebraucht
bei 9 cores haben 1000 Messungen 0.044858 Sekunden gebraucht
bei 9 cores haben 1000 Messungen 0.045757 Sekunden gebraucht
bei 9 cores haben 1000 Messungen 0.042992 Sekunden gebraucht
bei 9 cores haben 1000 Messungen 0.043498 Sekunden gebraucht
bei 9 cores haben 1000 Messungen 0.043042 Sekunden gebraucht
bei 9 cores haben 1000 Messungen 0.042528 Sekunden gebraucht
bei 10 cores haben 1000 Messungen 0.044481 Sekunden gebraucht
bei 10 cores haben 1000 Messungen 0.044622 Sekunden gebraucht
bei 10 cores haben 1000 Messungen 0.043496 Sekunden gebraucht
bei 10 cores haben 1000 Messungen 0.044002 Sekunden gebraucht
bei 10 cores haben 1000 Messungen 0.043598 Sekunden gebraucht
bei 10 cores haben 1000 Messungen 0.043209 Sekunden gebraucht
bei 10 cores haben 1000 Messungen 0.043388 Sekunden gebraucht
bei 10 cores haben 1000 Messungen 0.045087 Sekunden gebraucht
bei 10 cores haben 1000 Messungen 0.043941 Sekunden gebraucht
bei 10 cores haben 1000 Messungen 0.043327 Sekunden gebraucht
bei 11 cores haben 1000 Messungen 0.045433 Sekunden gebraucht
bei 11 cores haben 1000 Messungen 0.047015 Sekunden gebraucht
bei 11 cores haben 1000 Messungen 0.046659 Sekunden gebraucht
bei 11 cores haben 1000 Messungen 0.044734 Sekunden gebraucht
bei 11 cores haben 1000 Messungen 0.044814 Sekunden gebraucht
bei 11 cores haben 1000 Messungen 0.044970 Sekunden gebraucht
bei 11 cores haben 1000 Messungen 0.045697 Sekunden gebraucht
bei 11 cores haben 1000 Messungen 0.046003 Sekunden gebraucht
bei 11 cores haben 1000 Messungen 0.046929 Sekunden gebraucht
bei 11 cores haben 1000 Messungen 0.046754 Sekunden gebraucht
bei 12 cores haben 1000 Messungen 0.047380 Sekunden gebraucht
bei 12 cores haben 1000 Messungen 0.049192 Sekunden gebraucht
bei 12 cores haben 1000 Messungen 0.046757 Sekunden gebraucht
bei 12 cores haben 1000 Messungen 0.047171 Sekunden gebraucht
bei 12 cores haben 1000 Messungen 0.047150 Sekunden gebraucht
bei 12 cores haben 1000 Messungen 0.047138 Sekunden gebraucht
bei 12 cores haben 1000 Messungen 0.048307 Sekunden gebraucht
bei 12 cores haben 1000 Messungen 0.048653 Sekunden gebraucht
bei 12 cores haben 1000 Messungen 0.046238 Sekunden gebraucht
bei 12 cores haben 1000 Messungen 0.046265 Sekunden gebraucht
Laenge=36
bei 1 cores haben 1000 Messungen 0.164599 Sekunden gebraucht
bei 1 cores haben 1000 Messungen 0.205825 Sekunden gebraucht
bei 1 cores haben 1000 Messungen 0.161954 Sekunden gebraucht
bei 1 cores haben 1000 Messungen 0.159481 Sekunden gebraucht
bei 1 cores haben 1000 Messungen 0.202976 Sekunden gebraucht
bei 1 cores haben 1000 Messungen 0.220632 Sekunden gebraucht
bei 1 cores haben 1000 Messungen 0.221639 Sekunden gebraucht
bei 1 cores haben 1000 Messungen 0.199297 Sekunden gebraucht
bei 1 cores haben 1000 Messungen 0.221823 Sekunden gebraucht
bei 1 cores haben 1000 Messungen 0.199434 Sekunden gebraucht
bei 2 cores haben 1000 Messungen 0.172948 Sekunden gebraucht
bei 2 cores haben 1000 Messungen 0.152237 Sekunden gebraucht
bei 2 cores haben 1000 Messungen 0.170966 Sekunden gebraucht
bei 2 cores haben 1000 Messungen 0.138510 Sekunden gebraucht
bei 2 cores haben 1000 Messungen 0.138402 Sekunden gebraucht
bei 2 cores haben 1000 Messungen 0.138821 Sekunden gebraucht
bei 2 cores haben 1000 Messungen 0.138408 Sekunden gebraucht
bei 2 cores haben 1000 Messungen 0.138519 Sekunden gebraucht
bei 2 cores haben 1000 Messungen 0.138421 Sekunden gebraucht
bei 2 cores haben 1000 Messungen 0.138471 Sekunden gebraucht
bei 3 cores haben 1000 Messungen 0.111938 Sekunden gebraucht
bei 3 cores haben 1000 Messungen 0.112204 Sekunden gebraucht
bei 3 cores haben 1000 Messungen 0.113068 Sekunden gebraucht
bei 3 cores haben 1000 Messungen 0.111652 Sekunden gebraucht
bei 3 cores haben 1000 Messungen 0.111247 Sekunden gebraucht
bei 3 cores haben 1000 Messungen 0.112074 Sekunden gebraucht
bei 3 cores haben 1000 Messungen 0.112626 Sekunden gebraucht
bei 3 cores haben 1000 Messungen 0.111713 Sekunden gebraucht
bei 3 cores haben 1000 Messungen 0.111901 Sekunden gebraucht
bei 3 cores haben 1000 Messungen 0.113136 Sekunden gebraucht
bei 4 cores haben 1000 Messungen 0.111171 Sekunden gebraucht
bei 4 cores haben 1000 Messungen 0.100472 Sekunden gebraucht
bei 4 cores haben 1000 Messungen 0.102219 Sekunden gebraucht
bei 4 cores haben 1000 Messungen 0.105709 Sekunden gebraucht
bei 4 cores haben 1000 Messungen 0.106057 Sekunden gebraucht
bei 4 cores haben 1000 Messungen 0.116335 Sekunden gebraucht
bei 4 cores haben 1000 Messungen 0.107740 Sekunden gebraucht
bei 4 cores haben 1000 Messungen 0.107128 Sekunden gebraucht
bei 4 cores haben 1000 Messungen 0.104169 Sekunden gebraucht
bei 4 cores haben 1000 Messungen 0.107174 Sekunden gebraucht
bei 5 cores haben 1000 Messungen 0.107412 Sekunden gebraucht
bei 5 cores haben 1000 Messungen 0.104883 Sekunden gebraucht
bei 5 cores haben 1000 Messungen 0.104781 Sekunden gebraucht
bei 5 cores haben 1000 Messungen 0.104818 Sekunden gebraucht
bei 5 cores haben 1000 Messungen 0.106425 Sekunden gebraucht
bei 5 cores haben 1000 Messungen 0.106429 Sekunden gebraucht
bei 5 cores haben 1000 Messungen 0.106330 Sekunden gebraucht
bei 5 cores haben 1000 Messungen 0.104882 Sekunden gebraucht
bei 5 cores haben 1000 Messungen 0.107766 Sekunden gebraucht
bei 5 cores haben 1000 Messungen 0.104599 Sekunden gebraucht
bei 6 cores haben 1000 Messungen 0.101777 Sekunden gebraucht
bei 6 cores haben 1000 Messungen 0.104019 Sekunden gebraucht
bei 6 cores haben 1000 Messungen 0.107708 Sekunden gebraucht
bei 6 cores haben 1000 Messungen 0.115358 Sekunden gebraucht
bei 6 cores haben 1000 Messungen 0.106583 Sekunden gebraucht
bei 6 cores haben 1000 Messungen 0.107652 Sekunden gebraucht
bei 6 cores haben 1000 Messungen 0.116028 Sekunden gebraucht
bei 6 cores haben 1000 Messungen 0.108952 Sekunden gebraucht
bei 6 cores haben 1000 Messungen 0.111996 Sekunden gebraucht
bei 6 cores haben 1000 Messungen 0.116898 Sekunden gebraucht
bei 7 cores haben 1000 Messungen 0.107663 Sekunden gebraucht
bei 7 cores haben 1000 Messungen 0.105348 Sekunden gebraucht
bei 7 cores haben 1000 Messungen 0.106862 Sekunden gebraucht
bei 7 cores haben 1000 Messungen 0.107543 Sekunden gebraucht
bei 7 cores haben 1000 Messungen 0.107812 Sekunden gebraucht
bei 7 cores haben 1000 Messungen 0.107726 Sekunden gebraucht
bei 7 cores haben 1000 Messungen 0.106040 Sekunden gebraucht
bei 7 cores haben 1000 Messungen 0.106123 Sekunden gebraucht
bei 7 cores haben 1000 Messungen 0.105671 Sekunden gebraucht
bei 7 cores haben 1000 Messungen 0.105762 Sekunden gebraucht
bei 8 cores haben 1000 Messungen 0.113860 Sekunden gebraucht
bei 8 cores haben 1000 Messungen 0.114863 Sekunden gebraucht
bei 8 cores haben 1000 Messungen 0.113066 Sekunden gebraucht
bei 8 cores haben 1000 Messungen 0.115131 Sekunden gebraucht
bei 8 cores haben 1000 Messungen 0.116482 Sekunden gebraucht
bei 8 cores haben 1000 Messungen 0.117327 Sekunden gebraucht
bei 8 cores haben 1000 Messungen 0.117621 Sekunden gebraucht
bei 8 cores haben 1000 Messungen 0.117630 Sekunden gebraucht
bei 8 cores haben 1000 Messungen 0.116999 Sekunden gebraucht
bei 8 cores haben 1000 Messungen 0.113126 Sekunden gebraucht
bei 9 cores haben 1000 Messungen 0.109847 Sekunden gebraucht
bei 9 cores haben 1000 Messungen 0.109494 Sekunden gebraucht
bei 9 cores haben 1000 Messungen 0.109024 Sekunden gebraucht
bei 9 cores haben 1000 Messungen 0.109863 Sekunden gebraucht
bei 9 cores haben 1000 Messungen 0.115407 Sekunden gebraucht
bei 9 cores haben 1000 Messungen 0.118409 Sekunden gebraucht
bei 9 cores haben 1000 Messungen 0.112094 Sekunden gebraucht
bei 9 cores haben 1000 Messungen 0.109491 Sekunden gebraucht
bei 9 cores haben 1000 Messungen 0.109349 Sekunden gebraucht
bei 9 cores haben 1000 Messungen 0.111177 Sekunden gebraucht
bei 10 cores haben 1000 Messungen 0.113983 Sekunden gebraucht
bei 10 cores haben 1000 Messungen 0.113378 Sekunden gebraucht
bei 10 cores haben 1000 Messungen 0.111796 Sekunden gebraucht
bei 10 cores haben 1000 Messungen 0.110072 Sekunden gebraucht
bei 10 cores haben 1000 Messungen 0.113309 Sekunden gebraucht
bei 10 cores haben 1000 Messungen 0.112630 Sekunden gebraucht
bei 10 cores haben 1000 Messungen 0.109524 Sekunden gebraucht
bei 10 cores haben 1000 Messungen 0.112409 Sekunden gebraucht
bei 10 cores haben 1000 Messungen 0.111712 Sekunden gebraucht
bei 10 cores haben 1000 Messungen 0.109388 Sekunden gebraucht
bei 11 cores haben 1000 Messungen 0.118152 Sekunden gebraucht
bei 11 cores haben 1000 Messungen 0.116382 Sekunden gebraucht
bei 11 cores haben 1000 Messungen 0.115837 Sekunden gebraucht
bei 11 cores haben 1000 Messungen 0.116473 Sekunden gebraucht
bei 11 cores haben 1000 Messungen 0.121114 Sekunden gebraucht
bei 11 cores haben 1000 Messungen 0.120674 Sekunden gebraucht
bei 11 cores haben 1000 Messungen 0.115199 Sekunden gebraucht
bei 11 cores haben 1000 Messungen 0.115289 Sekunden gebraucht
bei 11 cores haben 1000 Messungen 0.118332 Sekunden gebraucht
bei 11 cores haben 1000 Messungen 0.115935 Sekunden gebraucht
bei 12 cores haben 1000 Messungen 0.116155 Sekunden gebraucht
bei 12 cores haben 1000 Messungen 0.117512 Sekunden gebraucht
bei 12 cores haben 1000 Messungen 0.117154 Sekunden gebraucht
bei 12 cores haben 1000 Messungen 0.116745 Sekunden gebraucht
bei 12 cores haben 1000 Messungen 0.115705 Sekunden gebraucht
bei 12 cores haben 1000 Messungen 0.116484 Sekunden gebraucht
bei 12 cores haben 1000 Messungen 0.116904 Sekunden gebraucht
bei 12 cores haben 1000 Messungen 0.116246 Sekunden gebraucht
bei 12 cores haben 1000 Messungen 0.115942 Sekunden gebraucht
bei 12 cores haben 1000 Messungen 0.116727 Sekunden gebraucht
Laenge=50
bei 1 cores haben 1000 Messungen 0.310495 Sekunden gebraucht
bei 1 cores haben 1000 Messungen 0.315675 Sekunden gebraucht
bei 1 cores haben 1000 Messungen 0.351675 Sekunden gebraucht
bei 1 cores haben 1000 Messungen 0.310352 Sekunden gebraucht
bei 1 cores haben 1000 Messungen 0.308978 Sekunden gebraucht
bei 1 cores haben 1000 Messungen 0.309192 Sekunden gebraucht
bei 1 cores haben 1000 Messungen 0.307211 Sekunden gebraucht
bei 1 cores haben 1000 Messungen 0.313487 Sekunden gebraucht
bei 1 cores haben 1000 Messungen 0.307012 Sekunden gebraucht
bei 1 cores haben 1000 Messungen 0.312144 Sekunden gebraucht
bei 2 cores haben 1000 Messungen 0.317440 Sekunden gebraucht
bei 2 cores haben 1000 Messungen 0.278616 Sekunden gebraucht
bei 2 cores haben 1000 Messungen 0.262060 Sekunden gebraucht
bei 2 cores haben 1000 Messungen 0.260749 Sekunden gebraucht
bei 2 cores haben 1000 Messungen 0.263102 Sekunden gebraucht
bei 2 cores haben 1000 Messungen 0.260750 Sekunden gebraucht
bei 2 cores haben 1000 Messungen 0.262863 Sekunden gebraucht
bei 2 cores haben 1000 Messungen 0.262386 Sekunden gebraucht
bei 2 cores haben 1000 Messungen 0.262564 Sekunden gebraucht
bei 2 cores haben 1000 Messungen 0.262538 Sekunden gebraucht
bei 3 cores haben 1000 Messungen 0.225433 Sekunden gebraucht
bei 3 cores haben 1000 Messungen 0.250284 Sekunden gebraucht
bei 3 cores haben 1000 Messungen 0.226190 Sekunden gebraucht
bei 3 cores haben 1000 Messungen 0.230804 Sekunden gebraucht
bei 3 cores haben 1000 Messungen 0.213159 Sekunden gebraucht
bei 3 cores haben 1000 Messungen 0.216904 Sekunden gebraucht
bei 3 cores haben 1000 Messungen 0.203727 Sekunden gebraucht
bei 3 cores haben 1000 Messungen 0.223507 Sekunden gebraucht
bei 3 cores haben 1000 Messungen 0.221559 Sekunden gebraucht
bei 3 cores haben 1000 Messungen 0.220282 Sekunden gebraucht
bei 4 cores haben 1000 Messungen 0.213419 Sekunden gebraucht
bei 4 cores haben 1000 Messungen 0.148068 Sekunden gebraucht
bei 4 cores haben 1000 Messungen 0.228357 Sekunden gebraucht
bei 4 cores haben 1000 Messungen 0.166500 Sekunden gebraucht
bei 4 cores haben 1000 Messungen 0.219077 Sekunden gebraucht
bei 4 cores haben 1000 Messungen 0.199870 Sekunden gebraucht
bei 4 cores haben 1000 Messungen 0.193582 Sekunden gebraucht
bei 4 cores haben 1000 Messungen 0.204149 Sekunden gebraucht
bei 4 cores haben 1000 Messungen 0.197484 Sekunden gebraucht
bei 4 cores haben 1000 Messungen 0.205315 Sekunden gebraucht
bei 5 cores haben 1000 Messungen 0.204892 Sekunden gebraucht
bei 5 cores haben 1000 Messungen 0.210497 Sekunden gebraucht
bei 5 cores haben 1000 Messungen 0.201043 Sekunden gebraucht
bei 5 cores haben 1000 Messungen 0.196385 Sekunden gebraucht
bei 5 cores haben 1000 Messungen 0.143335 Sekunden gebraucht
bei 5 cores haben 1000 Messungen 0.211874 Sekunden gebraucht
bei 5 cores haben 1000 Messungen 0.198928 Sekunden gebraucht
bei 5 cores haben 1000 Messungen 0.152379 Sekunden gebraucht
bei 5 cores haben 1000 Messungen 0.148576 Sekunden gebraucht
bei 5 cores haben 1000 Messungen 0.208255 Sekunden gebraucht
bei 6 cores haben 1000 Messungen 0.215071 Sekunden gebraucht
bei 6 cores haben 1000 Messungen 0.195244 Sekunden gebraucht
bei 6 cores haben 1000 Messungen 0.176104 Sekunden gebraucht
bei 6 cores haben 1000 Messungen 0.196973 Sekunden gebraucht
bei 6 cores haben 1000 Messungen 0.197336 Sekunden gebraucht
bei 6 cores haben 1000 Messungen 0.199645 Sekunden gebraucht
bei 6 cores haben 1000 Messungen 0.138860 Sekunden gebraucht
bei 6 cores haben 1000 Messungen 0.197290 Sekunden gebraucht
bei 6 cores haben 1000 Messungen 0.197060 Sekunden gebraucht
bei 6 cores haben 1000 Messungen 0.197447 Sekunden gebraucht
bei 7 cores haben 1000 Messungen 0.200239 Sekunden gebraucht
bei 7 cores haben 1000 Messungen 0.195596 Sekunden gebraucht
bei 7 cores haben 1000 Messungen 0.161276 Sekunden gebraucht
bei 7 cores haben 1000 Messungen 0.201443 Sekunden gebraucht
bei 7 cores haben 1000 Messungen 0.164587 Sekunden gebraucht
bei 7 cores haben 1000 Messungen 0.207338 Sekunden gebraucht
bei 7 cores haben 1000 Messungen 0.194303 Sekunden gebraucht
bei 7 cores haben 1000 Messungen 0.192510 Sekunden gebraucht
bei 7 cores haben 1000 Messungen 0.193310 Sekunden gebraucht
bei 7 cores haben 1000 Messungen 0.263569 Sekunden gebraucht
bei 8 cores haben 1000 Messungen 0.204609 Sekunden gebraucht
bei 8 cores haben 1000 Messungen 0.201380 Sekunden gebraucht
bei 8 cores haben 1000 Messungen 0.200590 Sekunden gebraucht
bei 8 cores haben 1000 Messungen 0.206937 Sekunden gebraucht
bei 8 cores haben 1000 Messungen 0.209303 Sekunden gebraucht
bei 8 cores haben 1000 Messungen 0.207996 Sekunden gebraucht
bei 8 cores haben 1000 Messungen 0.207341 Sekunden gebraucht
bei 8 cores haben 1000 Messungen 0.207605 Sekunden gebraucht
bei 8 cores haben 1000 Messungen 0.207306 Sekunden gebraucht
bei 8 cores haben 1000 Messungen 0.207664 Sekunden gebraucht
bei 9 cores haben 1000 Messungen 0.239932 Sekunden gebraucht
bei 9 cores haben 1000 Messungen 0.199889 Sekunden gebraucht
bei 9 cores haben 1000 Messungen 0.196751 Sekunden gebraucht
bei 9 cores haben 1000 Messungen 0.198197 Sekunden gebraucht
bei 9 cores haben 1000 Messungen 0.197381 Sekunden gebraucht
bei 9 cores haben 1000 Messungen 0.205515 Sekunden gebraucht
bei 9 cores haben 1000 Messungen 0.206773 Sekunden gebraucht
bei 9 cores haben 1000 Messungen 0.202012 Sekunden gebraucht
bei 9 cores haben 1000 Messungen 0.197746 Sekunden gebraucht
bei 9 cores haben 1000 Messungen 0.205398 Sekunden gebraucht
bei 10 cores haben 1000 Messungen 0.207529 Sekunden gebraucht
bei 10 cores haben 1000 Messungen 0.195310 Sekunden gebraucht
bei 10 cores haben 1000 Messungen 0.198975 Sekunden gebraucht
bei 10 cores haben 1000 Messungen 0.200190 Sekunden gebraucht
bei 10 cores haben 1000 Messungen 0.199032 Sekunden gebraucht
bei 10 cores haben 1000 Messungen 0.200907 Sekunden gebraucht
bei 10 cores haben 1000 Messungen 0.208622 Sekunden gebraucht
bei 10 cores haben 1000 Messungen 0.208928 Sekunden gebraucht
bei 10 cores haben 1000 Messungen 0.207772 Sekunden gebraucht
bei 10 cores haben 1000 Messungen 0.208667 Sekunden gebraucht
bei 11 cores haben 1000 Messungen 0.203660 Sekunden gebraucht
bei 11 cores haben 1000 Messungen 0.209813 Sekunden gebraucht
bei 11 cores haben 1000 Messungen 0.211382 Sekunden gebraucht
bei 11 cores haben 1000 Messungen 0.204142 Sekunden gebraucht
bei 11 cores haben 1000 Messungen 0.216373 Sekunden gebraucht
bei 11 cores haben 1000 Messungen 0.207939 Sekunden gebraucht
bei 11 cores haben 1000 Messungen 0.198835 Sekunden gebraucht
bei 11 cores haben 1000 Messungen 0.200920 Sekunden gebraucht
bei 11 cores haben 1000 Messungen 0.217084 Sekunden gebraucht
bei 11 cores haben 1000 Messungen 0.208810 Sekunden gebraucht
bei 12 cores haben 1000 Messungen 0.207242 Sekunden gebraucht
bei 12 cores haben 1000 Messungen 0.206608 Sekunden gebraucht
bei 12 cores haben 1000 Messungen 0.207574 Sekunden gebraucht
bei 12 cores haben 1000 Messungen 0.206574 Sekunden gebraucht
bei 12 cores haben 1000 Messungen 0.221474 Sekunden gebraucht
bei 12 cores haben 1000 Messungen 0.206588 Sekunden gebraucht
bei 12 cores haben 1000 Messungen 0.207128 Sekunden gebraucht
bei 12 cores haben 1000 Messungen 0.205832 Sekunden gebraucht
bei 12 cores haben 1000 Messungen 0.207149 Sekunden gebraucht
bei 12 cores haben 1000 Messungen 0.207724 Sekunden gebraucht
Laenge=100
bei 1 cores haben 1000 Messungen 1.249547 Sekunden gebraucht
bei 1 cores haben 1000 Messungen 1.235419 Sekunden gebraucht
bei 1 cores haben 1000 Messungen 1.236117 Sekunden gebraucht
bei 1 cores haben 1000 Messungen 1.236918 Sekunden gebraucht
bei 1 cores haben 1000 Messungen 1.253865 Sekunden gebraucht
bei 1 cores haben 1000 Messungen 1.236504 Sekunden gebraucht
bei 1 cores haben 1000 Messungen 1.249292 Sekunden gebraucht
bei 1 cores haben 1000 Messungen 1.279504 Sekunden gebraucht
bei 1 cores haben 1000 Messungen 1.236356 Sekunden gebraucht
bei 1 cores haben 1000 Messungen 1.236475 Sekunden gebraucht
bei 2 cores haben 1000 Messungen 1.063449 Sekunden gebraucht
bei 2 cores haben 1000 Messungen 1.054538 Sekunden gebraucht
bei 2 cores haben 1000 Messungen 1.023382 Sekunden gebraucht
bei 2 cores haben 1000 Messungen 1.023036 Sekunden gebraucht
bei 2 cores haben 1000 Messungen 1.027611 Sekunden gebraucht
bei 2 cores haben 1000 Messungen 1.014018 Sekunden gebraucht
bei 2 cores haben 1000 Messungen 1.009085 Sekunden gebraucht
bei 2 cores haben 1000 Messungen 1.009634 Sekunden gebraucht
bei 2 cores haben 1000 Messungen 1.009638 Sekunden gebraucht
bei 2 cores haben 1000 Messungen 1.010464 Sekunden gebraucht
bei 3 cores haben 1000 Messungen 0.827066 Sekunden gebraucht
bei 3 cores haben 1000 Messungen 0.826509 Sekunden gebraucht
bei 3 cores haben 1000 Messungen 0.820533 Sekunden gebraucht
bei 3 cores haben 1000 Messungen 0.827037 Sekunden gebraucht
bei 3 cores haben 1000 Messungen 0.838992 Sekunden gebraucht
bei 3 cores haben 1000 Messungen 0.846009 Sekunden gebraucht
bei 3 cores haben 1000 Messungen 0.837228 Sekunden gebraucht
bei 3 cores haben 1000 Messungen 0.837654 Sekunden gebraucht
bei 3 cores haben 1000 Messungen 0.842854 Sekunden gebraucht
bei 3 cores haben 1000 Messungen 0.835826 Sekunden gebraucht
bei 4 cores haben 1000 Messungen 0.772298 Sekunden gebraucht
bei 4 cores haben 1000 Messungen 0.772234 Sekunden gebraucht
bei 4 cores haben 1000 Messungen 0.772977 Sekunden gebraucht
bei 4 cores haben 1000 Messungen 0.772611 Sekunden gebraucht
bei 4 cores haben 1000 Messungen 0.771418 Sekunden gebraucht
bei 4 cores haben 1000 Messungen 0.771757 Sekunden gebraucht
bei 4 cores haben 1000 Messungen 0.776786 Sekunden gebraucht
bei 4 cores haben 1000 Messungen 0.777214 Sekunden gebraucht
bei 4 cores haben 1000 Messungen 0.775365 Sekunden gebraucht
bei 4 cores haben 1000 Messungen 0.774722 Sekunden gebraucht
bei 5 cores haben 1000 Messungen 0.776816 Sekunden gebraucht
bei 5 cores haben 1000 Messungen 0.803196 Sekunden gebraucht
bei 5 cores haben 1000 Messungen 0.798097 Sekunden gebraucht
bei 5 cores haben 1000 Messungen 0.709651 Sekunden gebraucht
bei 5 cores haben 1000 Messungen 0.768581 Sekunden gebraucht
bei 5 cores haben 1000 Messungen 0.739394 Sekunden gebraucht
bei 5 cores haben 1000 Messungen 0.805645 Sekunden gebraucht
bei 5 cores haben 1000 Messungen 0.814263 Sekunden gebraucht
bei 5 cores haben 1000 Messungen 0.705011 Sekunden gebraucht
bei 5 cores haben 1000 Messungen 0.781815 Sekunden gebraucht
bei 6 cores haben 1000 Messungen 0.817332 Sekunden gebraucht
bei 6 cores haben 1000 Messungen 0.767107 Sekunden gebraucht
bei 6 cores haben 1000 Messungen 0.748609 Sekunden gebraucht
bei 6 cores haben 1000 Messungen 0.752128 Sekunden gebraucht
bei 6 cores haben 1000 Messungen 0.788773 Sekunden gebraucht
bei 6 cores haben 1000 Messungen 0.755046 Sekunden gebraucht
bei 6 cores haben 1000 Messungen 0.766304 Sekunden gebraucht
bei 6 cores haben 1000 Messungen 0.710634 Sekunden gebraucht
bei 6 cores haben 1000 Messungen 0.763049 Sekunden gebraucht
bei 6 cores haben 1000 Messungen 0.690315 Sekunden gebraucht
bei 7 cores haben 1000 Messungen 0.792576 Sekunden gebraucht
bei 7 cores haben 1000 Messungen 0.761234 Sekunden gebraucht
bei 7 cores haben 1000 Messungen 0.779891 Sekunden gebraucht
bei 7 cores haben 1000 Messungen 0.797999 Sekunden gebraucht
bei 7 cores haben 1000 Messungen 0.796412 Sekunden gebraucht
bei 7 cores haben 1000 Messungen 0.793584 Sekunden gebraucht
bei 7 cores haben 1000 Messungen 0.782278 Sekunden gebraucht
bei 7 cores haben 1000 Messungen 0.788674 Sekunden gebraucht
bei 7 cores haben 1000 Messungen 0.753517 Sekunden gebraucht
bei 7 cores haben 1000 Messungen 0.768336 Sekunden gebraucht
bei 8 cores haben 1000 Messungen 0.763027 Sekunden gebraucht
bei 8 cores haben 1000 Messungen 0.766766 Sekunden gebraucht
bei 8 cores haben 1000 Messungen 0.770236 Sekunden gebraucht
bei 8 cores haben 1000 Messungen 0.767852 Sekunden gebraucht
bei 8 cores haben 1000 Messungen 0.757979 Sekunden gebraucht
bei 8 cores haben 1000 Messungen 0.768276 Sekunden gebraucht
bei 8 cores haben 1000 Messungen 0.778159 Sekunden gebraucht
bei 8 cores haben 1000 Messungen 0.765780 Sekunden gebraucht
bei 8 cores haben 1000 Messungen 0.761220 Sekunden gebraucht
bei 8 cores haben 1000 Messungen 0.764602 Sekunden gebraucht
bei 9 cores haben 1000 Messungen 0.790966 Sekunden gebraucht
bei 9 cores haben 1000 Messungen 0.792438 Sekunden gebraucht
bei 9 cores haben 1000 Messungen 0.798428 Sekunden gebraucht
bei 9 cores haben 1000 Messungen 0.796963 Sekunden gebraucht
bei 9 cores haben 1000 Messungen 0.791298 Sekunden gebraucht
bei 9 cores haben 1000 Messungen 0.772889 Sekunden gebraucht
bei 9 cores haben 1000 Messungen 0.787409 Sekunden gebraucht
bei 9 cores haben 1000 Messungen 0.789216 Sekunden gebraucht
bei 9 cores haben 1000 Messungen 0.772266 Sekunden gebraucht
bei 9 cores haben 1000 Messungen 0.787584 Sekunden gebraucht
bei 10 cores haben 1000 Messungen 0.796721 Sekunden gebraucht
bei 10 cores haben 1000 Messungen 0.785942 Sekunden gebraucht
bei 10 cores haben 1000 Messungen 0.796324 Sekunden gebraucht
bei 10 cores haben 1000 Messungen 0.963766 Sekunden gebraucht
bei 10 cores haben 1000 Messungen 0.783111 Sekunden gebraucht
bei 10 cores haben 1000 Messungen 0.796082 Sekunden gebraucht
bei 10 cores haben 1000 Messungen 0.789334 Sekunden gebraucht
bei 10 cores haben 1000 Messungen 0.803862 Sekunden gebraucht
bei 10 cores haben 1000 Messungen 0.952786 Sekunden gebraucht
bei 10 cores haben 1000 Messungen 0.801333 Sekunden gebraucht
bei 11 cores haben 1000 Messungen 0.792461 Sekunden gebraucht
bei 11 cores haben 1000 Messungen 0.790162 Sekunden gebraucht
bei 11 cores haben 1000 Messungen 0.805395 Sekunden gebraucht
bei 11 cores haben 1000 Messungen 0.784462 Sekunden gebraucht
bei 11 cores haben 1000 Messungen 0.959254 Sekunden gebraucht
bei 11 cores haben 1000 Messungen 0.797654 Sekunden gebraucht
bei 11 cores haben 1000 Messungen 0.787009 Sekunden gebraucht
bei 11 cores haben 1000 Messungen 0.785771 Sekunden gebraucht
bei 11 cores haben 1000 Messungen 0.794360 Sekunden gebraucht
bei 11 cores haben 1000 Messungen 0.762296 Sekunden gebraucht
bei 12 cores haben 1000 Messungen 0.776585 Sekunden gebraucht
bei 12 cores haben 1000 Messungen 0.787810 Sekunden gebraucht
bei 12 cores haben 1000 Messungen 0.776042 Sekunden gebraucht
bei 12 cores haben 1000 Messungen 0.775539 Sekunden gebraucht
bei 12 cores haben 1000 Messungen 0.774708 Sekunden gebraucht
bei 12 cores haben 1000 Messungen 0.786565 Sekunden gebraucht
bei 12 cores haben 1000 Messungen 0.777317 Sekunden gebraucht
bei 12 cores haben 1000 Messungen 0.776882 Sekunden gebraucht
bei 12 cores haben 1000 Messungen 0.777225 Sekunden gebraucht
bei 12 cores haben 1000 Messungen 0.786903 Sekunden gebraucht
Laenge=200
bei 1 cores haben 1000 Messungen 4.926650 Sekunden gebraucht
bei 1 cores haben 1000 Messungen 4.933861 Sekunden gebraucht
bei 1 cores haben 1000 Messungen 4.915965 Sekunden gebraucht
bei 1 cores haben 1000 Messungen 4.929391 Sekunden gebraucht
bei 1 cores haben 1000 Messungen 4.949114 Sekunden gebraucht
bei 1 cores haben 1000 Messungen 4.948130 Sekunden gebraucht
bei 1 cores haben 1000 Messungen 4.934057 Sekunden gebraucht
bei 1 cores haben 1000 Messungen 4.933546 Sekunden gebraucht
bei 1 cores haben 1000 Messungen 4.978664 Sekunden gebraucht
bei 1 cores haben 1000 Messungen 4.982891 Sekunden gebraucht
bei 2 cores haben 1000 Messungen 4.094052 Sekunden gebraucht
bei 2 cores haben 1000 Messungen 4.048621 Sekunden gebraucht
bei 2 cores haben 1000 Messungen 4.060108 Sekunden gebraucht
bei 2 cores haben 1000 Messungen 4.033070 Sekunden gebraucht
bei 2 cores haben 1000 Messungen 4.045069 Sekunden gebraucht
bei 2 cores haben 1000 Messungen 4.051905 Sekunden gebraucht
bei 2 cores haben 1000 Messungen 4.169502 Sekunden gebraucht
bei 2 cores haben 1000 Messungen 4.042369 Sekunden gebraucht
bei 2 cores haben 1000 Messungen 4.057161 Sekunden gebraucht
bei 2 cores haben 1000 Messungen 4.059279 Sekunden gebraucht
bei 3 cores haben 1000 Messungen 3.386796 Sekunden gebraucht
bei 3 cores haben 1000 Messungen 3.319458 Sekunden gebraucht
bei 3 cores haben 1000 Messungen 3.408336 Sekunden gebraucht
bei 3 cores haben 1000 Messungen 3.392436 Sekunden gebraucht
bei 3 cores haben 1000 Messungen 3.305513 Sekunden gebraucht
bei 3 cores haben 1000 Messungen 3.275534 Sekunden gebraucht
bei 3 cores haben 1000 Messungen 3.278241 Sekunden gebraucht
bei 3 cores haben 1000 Messungen 3.358738 Sekunden gebraucht
bei 3 cores haben 1000 Messungen 3.382076 Sekunden gebraucht
bei 3 cores haben 1000 Messungen 3.375197 Sekunden gebraucht
bei 4 cores haben 1000 Messungen 3.047751 Sekunden gebraucht
bei 4 cores haben 1000 Messungen 3.053874 Sekunden gebraucht
bei 4 cores haben 1000 Messungen 3.061895 Sekunden gebraucht
bei 4 cores haben 1000 Messungen 3.067423 Sekunden gebraucht
bei 4 cores haben 1000 Messungen 3.038219 Sekunden gebraucht
bei 4 cores haben 1000 Messungen 3.036232 Sekunden gebraucht
bei 4 cores haben 1000 Messungen 3.048539 Sekunden gebraucht
bei 4 cores haben 1000 Messungen 3.055677 Sekunden gebraucht
bei 4 cores haben 1000 Messungen 3.040133 Sekunden gebraucht
bei 4 cores haben 1000 Messungen 3.032531 Sekunden gebraucht
bei 5 cores haben 1000 Messungen 3.130834 Sekunden gebraucht
bei 5 cores haben 1000 Messungen 3.227344 Sekunden gebraucht
bei 5 cores haben 1000 Messungen 3.152786 Sekunden gebraucht
bei 5 cores haben 1000 Messungen 3.168195 Sekunden gebraucht
bei 5 cores haben 1000 Messungen 3.192605 Sekunden gebraucht
bei 5 cores haben 1000 Messungen 3.259047 Sekunden gebraucht
bei 5 cores haben 1000 Messungen 3.333997 Sekunden gebraucht
bei 5 cores haben 1000 Messungen 3.138223 Sekunden gebraucht
bei 5 cores haben 1000 Messungen 3.207540 Sekunden gebraucht
bei 5 cores haben 1000 Messungen 3.025951 Sekunden gebraucht
bei 6 cores haben 1000 Messungen 3.029729 Sekunden gebraucht
bei 6 cores haben 1000 Messungen 3.004185 Sekunden gebraucht
bei 6 cores haben 1000 Messungen 3.009391 Sekunden gebraucht
bei 6 cores haben 1000 Messungen 3.010564 Sekunden gebraucht
bei 6 cores haben 1000 Messungen 3.104270 Sekunden gebraucht
bei 6 cores haben 1000 Messungen 2.950548 Sekunden gebraucht
bei 6 cores haben 1000 Messungen 2.972674 Sekunden gebraucht
bei 6 cores haben 1000 Messungen 2.970485 Sekunden gebraucht
bei 6 cores haben 1000 Messungen 3.169874 Sekunden gebraucht
bei 6 cores haben 1000 Messungen 3.058954 Sekunden gebraucht
bei 7 cores haben 1000 Messungen 3.056744 Sekunden gebraucht
bei 7 cores haben 1000 Messungen 3.111327 Sekunden gebraucht
bei 7 cores haben 1000 Messungen 3.214350 Sekunden gebraucht
bei 7 cores haben 1000 Messungen 3.167343 Sekunden gebraucht
bei 7 cores haben 1000 Messungen 3.143272 Sekunden gebraucht
bei 7 cores haben 1000 Messungen 3.130144 Sekunden gebraucht
bei 7 cores haben 1000 Messungen 3.159413 Sekunden gebraucht
bei 7 cores haben 1000 Messungen 3.140435 Sekunden gebraucht
bei 7 cores haben 1000 Messungen 3.083676 Sekunden gebraucht
bei 7 cores haben 1000 Messungen 3.147307 Sekunden gebraucht
bei 8 cores haben 1000 Messungen 3.100315 Sekunden gebraucht
bei 8 cores haben 1000 Messungen 3.077304 Sekunden gebraucht
bei 8 cores haben 1000 Messungen 2.978998 Sekunden gebraucht
bei 8 cores haben 1000 Messungen 3.302833 Sekunden gebraucht
bei 8 cores haben 1000 Messungen 3.100318 Sekunden gebraucht
bei 8 cores haben 1000 Messungen 3.091894 Sekunden gebraucht
bei 8 cores haben 1000 Messungen 3.094224 Sekunden gebraucht
bei 8 cores haben 1000 Messungen 3.126645 Sekunden gebraucht
bei 8 cores haben 1000 Messungen 3.073641 Sekunden gebraucht
bei 8 cores haben 1000 Messungen 3.120595 Sekunden gebraucht
bei 9 cores haben 1000 Messungen 3.201109 Sekunden gebraucht
bei 9 cores haben 1000 Messungen 3.146079 Sekunden gebraucht
bei 9 cores haben 1000 Messungen 3.082355 Sekunden gebraucht
bei 9 cores haben 1000 Messungen 3.090718 Sekunden gebraucht
bei 9 cores haben 1000 Messungen 3.123776 Sekunden gebraucht
bei 9 cores haben 1000 Messungen 3.249417 Sekunden gebraucht
bei 9 cores haben 1000 Messungen 3.180255 Sekunden gebraucht
bei 9 cores haben 1000 Messungen 3.123128 Sekunden gebraucht
bei 9 cores haben 1000 Messungen 3.081002 Sekunden gebraucht
bei 9 cores haben 1000 Messungen 3.183237 Sekunden gebraucht
bei 10 cores haben 1000 Messungen 3.163911 Sekunden gebraucht
bei 10 cores haben 1000 Messungen 3.115181 Sekunden gebraucht
bei 10 cores haben 1000 Messungen 3.175309 Sekunden gebraucht
bei 10 cores haben 1000 Messungen 3.187445 Sekunden gebraucht
bei 10 cores haben 1000 Messungen 3.102065 Sekunden gebraucht
bei 10 cores haben 1000 Messungen 3.159514 Sekunden gebraucht
bei 10 cores haben 1000 Messungen 3.060678 Sekunden gebraucht
bei 10 cores haben 1000 Messungen 3.122756 Sekunden gebraucht
bei 10 cores haben 1000 Messungen 3.149053 Sekunden gebraucht
bei 10 cores haben 1000 Messungen 3.144895 Sekunden gebraucht
bei 11 cores haben 1000 Messungen 3.145606 Sekunden gebraucht
bei 11 cores haben 1000 Messungen 3.109872 Sekunden gebraucht
bei 11 cores haben 1000 Messungen 3.142156 Sekunden gebraucht
bei 11 cores haben 1000 Messungen 3.117206 Sekunden gebraucht
bei 11 cores haben 1000 Messungen 3.135265 Sekunden gebraucht
bei 11 cores haben 1000 Messungen 3.149412 Sekunden gebraucht
bei 11 cores haben 1000 Messungen 3.136323 Sekunden gebraucht
bei 11 cores haben 1000 Messungen 3.149435 Sekunden gebraucht
bei 11 cores haben 1000 Messungen 3.166965 Sekunden gebraucht
bei 11 cores haben 1000 Messungen 3.143222 Sekunden gebraucht
bei 12 cores haben 1000 Messungen 3.124541 Sekunden gebraucht
bei 12 cores haben 1000 Messungen 3.109762 Sekunden gebraucht
bei 12 cores haben 1000 Messungen 3.114789 Sekunden gebraucht
bei 12 cores haben 1000 Messungen 3.113022 Sekunden gebraucht
bei 12 cores haben 1000 Messungen 3.111032 Sekunden gebraucht
bei 12 cores haben 1000 Messungen 3.113898 Sekunden gebraucht
bei 12 cores haben 1000 Messungen 3.127561 Sekunden gebraucht
bei 12 cores haben 1000 Messungen 3.106530 Sekunden gebraucht
bei 12 cores haben 1000 Messungen 3.108438 Sekunden gebraucht
bei 12 cores haben 1000 Messungen 3.113344 Sekunden gebraucht
Laenge=500
bei 1 cores haben 1000 Messungen 30.346544 Sekunden gebraucht
bei 1 cores haben 1000 Messungen 30.512594 Sekunden gebraucht
bei 1 cores haben 1000 Messungen 30.414027 Sekunden gebraucht
bei 1 cores haben 1000 Messungen 30.728232 Sekunden gebraucht
bei 1 cores haben 1000 Messungen 31.010475 Sekunden gebraucht
bei 1 cores haben 1000 Messungen 30.624604 Sekunden gebraucht
bei 1 cores haben 1000 Messungen 30.493861 Sekunden gebraucht
bei 1 cores haben 1000 Messungen 30.425307 Sekunden gebraucht
bei 1 cores haben 1000 Messungen 30.773159 Sekunden gebraucht
bei 1 cores haben 1000 Messungen 30.434780 Sekunden gebraucht
bei 2 cores haben 1000 Messungen 25.402774 Sekunden gebraucht
bei 2 cores haben 1000 Messungen 25.305117 Sekunden gebraucht
bei 2 cores haben 1000 Messungen 25.294869 Sekunden gebraucht
bei 2 cores haben 1000 Messungen 25.290187 Sekunden gebraucht
bei 2 cores haben 1000 Messungen 25.303336 Sekunden gebraucht
bei 2 cores haben 1000 Messungen 25.300992 Sekunden gebraucht
bei 2 cores haben 1000 Messungen 25.303637 Sekunden gebraucht
bei 2 cores haben 1000 Messungen 25.300760 Sekunden gebraucht
bei 2 cores haben 1000 Messungen 25.431947 Sekunden gebraucht
bei 2 cores haben 1000 Messungen 25.301212 Sekunden gebraucht
bei 3 cores haben 1000 Messungen 20.915529 Sekunden gebraucht
bei 3 cores haben 1000 Messungen 20.880907 Sekunden gebraucht
bei 3 cores haben 1000 Messungen 20.906473 Sekunden gebraucht
bei 3 cores haben 1000 Messungen 21.101463 Sekunden gebraucht
bei 3 cores haben 1000 Messungen 20.879025 Sekunden gebraucht
bei 3 cores haben 1000 Messungen 20.510948 Sekunden gebraucht
bei 3 cores haben 1000 Messungen 21.169387 Sekunden gebraucht
bei 3 cores haben 1000 Messungen 21.012833 Sekunden gebraucht
bei 3 cores haben 1000 Messungen 21.041269 Sekunden gebraucht
bei 3 cores haben 1000 Messungen 21.037034 Sekunden gebraucht
bei 4 cores haben 1000 Messungen 18.683174 Sekunden gebraucht
bei 4 cores haben 1000 Messungen 18.597111 Sekunden gebraucht
bei 4 cores haben 1000 Messungen 19.182779 Sekunden gebraucht
bei 4 cores haben 1000 Messungen 19.093921 Sekunden gebraucht
bei 4 cores haben 1000 Messungen 19.167779 Sekunden gebraucht
bei 4 cores haben 1000 Messungen 18.565756 Sekunden gebraucht
bei 4 cores haben 1000 Messungen 19.030164 Sekunden gebraucht
bei 4 cores haben 1000 Messungen 19.052165 Sekunden gebraucht
bei 4 cores haben 1000 Messungen 19.061550 Sekunden gebraucht
bei 4 cores haben 1000 Messungen 18.843710 Sekunden gebraucht
bei 5 cores haben 1000 Messungen 19.807079 Sekunden gebraucht
bei 5 cores haben 1000 Messungen 19.838569 Sekunden gebraucht
bei 5 cores haben 1000 Messungen 19.949072 Sekunden gebraucht
bei 5 cores haben 1000 Messungen 20.091205 Sekunden gebraucht
bei 5 cores haben 1000 Messungen 19.823742 Sekunden gebraucht
bei 5 cores haben 1000 Messungen 20.142203 Sekunden gebraucht
bei 5 cores haben 1000 Messungen 20.033270 Sekunden gebraucht
bei 5 cores haben 1000 Messungen 20.070845 Sekunden gebraucht
bei 5 cores haben 1000 Messungen 20.013221 Sekunden gebraucht
bei 5 cores haben 1000 Messungen 19.716227 Sekunden gebraucht
bei 6 cores haben 1000 Messungen 19.629076 Sekunden gebraucht
bei 6 cores haben 1000 Messungen 20.026579 Sekunden gebraucht
bei 6 cores haben 1000 Messungen 19.198170 Sekunden gebraucht
bei 6 cores haben 1000 Messungen 19.437809 Sekunden gebraucht
bei 6 cores haben 1000 Messungen 19.800263 Sekunden gebraucht
bei 6 cores haben 1000 Messungen 19.483185 Sekunden gebraucht
bei 6 cores haben 1000 Messungen 18.212823 Sekunden gebraucht
bei 6 cores haben 1000 Messungen 18.825965 Sekunden gebraucht
bei 6 cores haben 1000 Messungen 19.064296 Sekunden gebraucht
bei 6 cores haben 1000 Messungen 18.889929 Sekunden gebraucht
bei 7 cores haben 1000 Messungen 19.882110 Sekunden gebraucht
bei 7 cores haben 1000 Messungen 19.417218 Sekunden gebraucht
bei 7 cores haben 1000 Messungen 19.754087 Sekunden gebraucht
bei 7 cores haben 1000 Messungen 19.716390 Sekunden gebraucht
bei 7 cores haben 1000 Messungen 19.618001 Sekunden gebraucht
bei 7 cores haben 1000 Messungen 19.712810 Sekunden gebraucht
bei 7 cores haben 1000 Messungen 20.621478 Sekunden gebraucht
bei 7 cores haben 1000 Messungen 19.712336 Sekunden gebraucht
bei 7 cores haben 1000 Messungen 19.498294 Sekunden gebraucht
bei 7 cores haben 1000 Messungen 19.731297 Sekunden gebraucht
bei 8 cores haben 1000 Messungen 19.582839 Sekunden gebraucht
bei 8 cores haben 1000 Messungen 19.557256 Sekunden gebraucht
bei 8 cores haben 1000 Messungen 19.207869 Sekunden gebraucht
bei 8 cores haben 1000 Messungen 19.275607 Sekunden gebraucht
bei 8 cores haben 1000 Messungen 19.204543 Sekunden gebraucht
bei 8 cores haben 1000 Messungen 19.450148 Sekunden gebraucht
bei 8 cores haben 1000 Messungen 18.705122 Sekunden gebraucht
bei 8 cores haben 1000 Messungen 19.552753 Sekunden gebraucht
bei 8 cores haben 1000 Messungen 19.634763 Sekunden gebraucht
bei 8 cores haben 1000 Messungen 19.468971 Sekunden gebraucht
bei 9 cores haben 1000 Messungen 19.891884 Sekunden gebraucht
bei 9 cores haben 1000 Messungen 19.473829 Sekunden gebraucht
bei 9 cores haben 1000 Messungen 19.505155 Sekunden gebraucht
bei 9 cores haben 1000 Messungen 19.922178 Sekunden gebraucht
bei 9 cores haben 1000 Messungen 19.370553 Sekunden gebraucht
bei 9 cores haben 1000 Messungen 19.891204 Sekunden gebraucht
bei 9 cores haben 1000 Messungen 19.439139 Sekunden gebraucht
bei 9 cores haben 1000 Messungen 19.848350 Sekunden gebraucht
bei 9 cores haben 1000 Messungen 19.784002 Sekunden gebraucht
bei 9 cores haben 1000 Messungen 19.710820 Sekunden gebraucht
bei 10 cores haben 1000 Messungen 19.756787 Sekunden gebraucht
bei 10 cores haben 1000 Messungen 19.624606 Sekunden gebraucht
bei 10 cores haben 1000 Messungen 19.574987 Sekunden gebraucht
bei 10 cores haben 1000 Messungen 19.592700 Sekunden gebraucht
bei 10 cores haben 1000 Messungen 19.625916 Sekunden gebraucht
bei 10 cores haben 1000 Messungen 19.618189 Sekunden gebraucht
bei 10 cores haben 1000 Messungen 19.580537 Sekunden gebraucht
bei 10 cores haben 1000 Messungen 19.393824 Sekunden gebraucht
bei 10 cores haben 1000 Messungen 19.554636 Sekunden gebraucht
bei 10 cores haben 1000 Messungen 19.429902 Sekunden gebraucht
bei 11 cores haben 1000 Messungen 19.611328 Sekunden gebraucht
bei 11 cores haben 1000 Messungen 19.513787 Sekunden gebraucht
bei 11 cores haben 1000 Messungen 19.418711 Sekunden gebraucht
bei 11 cores haben 1000 Messungen 19.477877 Sekunden gebraucht
bei 11 cores haben 1000 Messungen 19.487385 Sekunden gebraucht
bei 11 cores haben 1000 Messungen 19.436178 Sekunden gebraucht
bei 11 cores haben 1000 Messungen 19.436523 Sekunden gebraucht
bei 11 cores haben 1000 Messungen 19.404778 Sekunden gebraucht
bei 11 cores haben 1000 Messungen 19.397538 Sekunden gebraucht
bei 11 cores haben 1000 Messungen 19.427045 Sekunden gebraucht
bei 12 cores haben 1000 Messungen 19.410142 Sekunden gebraucht
bei 12 cores haben 1000 Messungen 19.427582 Sekunden gebraucht
bei 12 cores haben 1000 Messungen 19.416275 Sekunden gebraucht
bei 12 cores haben 1000 Messungen 19.413762 Sekunden gebraucht
bei 12 cores haben 1000 Messungen 19.423304 Sekunden gebraucht
bei 12 cores haben 1000 Messungen 19.381759 Sekunden gebraucht
bei 12 cores haben 1000 Messungen 19.406162 Sekunden gebraucht
bei 12 cores haben 1000 Messungen 19.443863 Sekunden gebraucht
bei 12 cores haben 1000 Messungen 19.353116 Sekunden gebraucht
bei 12 cores haben 1000 Messungen 19.335173 Sekunden gebraucht
/hiskp4/gross/bachelorarbeit
