Mon Jun 22 17:44:03 CEST 2020 Waiting for 30 seconds before starting the job to allow the node to settle down
Mon Jun 22 17:44:33 CEST 2020 Waiting done, starting task!
Mon Jun 22 17:44:33 CEST 2020 Waiting for 30 seconds before starting the job to allow the node to settle down
Mon Jun 22 17:45:03 CEST 2020 Waiting done, starting task!
Laenge=192
bei 1 cores haben 1000 Messungen 2.252709 Sekunden gebraucht
bei 1 cores haben 1000 Messungen 2.201936 Sekunden gebraucht
bei 1 cores haben 1000 Messungen 1.969769 Sekunden gebraucht
bei 1 cores haben 1000 Messungen 1.970129 Sekunden gebraucht
bei 1 cores haben 1000 Messungen 2.243846 Sekunden gebraucht
bei 2 cores haben 1000 Messungen 2.241477 Sekunden gebraucht
bei 2 cores haben 1000 Messungen 2.225582 Sekunden gebraucht
bei 2 cores haben 1000 Messungen 2.333697 Sekunden gebraucht
bei 2 cores haben 1000 Messungen 2.229223 Sekunden gebraucht
bei 2 cores haben 1000 Messungen 2.233643 Sekunden gebraucht
bei 3 cores haben 1000 Messungen 1.355397 Sekunden gebraucht
bei 3 cores haben 1000 Messungen 1.389785 Sekunden gebraucht
bei 3 cores haben 1000 Messungen 1.509468 Sekunden gebraucht
bei 3 cores haben 1000 Messungen 1.351789 Sekunden gebraucht
bei 3 cores haben 1000 Messungen 1.480595 Sekunden gebraucht
bei 4 cores haben 1000 Messungen 1.174374 Sekunden gebraucht
bei 4 cores haben 1000 Messungen 1.212045 Sekunden gebraucht
bei 4 cores haben 1000 Messungen 1.212766 Sekunden gebraucht
bei 4 cores haben 1000 Messungen 1.215332 Sekunden gebraucht
bei 4 cores haben 1000 Messungen 1.211652 Sekunden gebraucht
bei 5 cores haben 1000 Messungen 0.818018 Sekunden gebraucht
bei 5 cores haben 1000 Messungen 1.001515 Sekunden gebraucht
bei 5 cores haben 1000 Messungen 1.017235 Sekunden gebraucht
bei 5 cores haben 1000 Messungen 0.996094 Sekunden gebraucht
bei 5 cores haben 1000 Messungen 0.819706 Sekunden gebraucht
bei 6 cores haben 1000 Messungen 0.961407 Sekunden gebraucht
bei 6 cores haben 1000 Messungen 0.927325 Sekunden gebraucht
bei 6 cores haben 1000 Messungen 0.922235 Sekunden gebraucht
bei 6 cores haben 1000 Messungen 0.919225 Sekunden gebraucht
bei 6 cores haben 1000 Messungen 0.886195 Sekunden gebraucht
bei 7 cores haben 1000 Messungen 0.838520 Sekunden gebraucht
bei 7 cores haben 1000 Messungen 0.895480 Sekunden gebraucht
bei 7 cores haben 1000 Messungen 0.859433 Sekunden gebraucht
bei 7 cores haben 1000 Messungen 0.847176 Sekunden gebraucht
bei 7 cores haben 1000 Messungen 0.847042 Sekunden gebraucht
bei 8 cores haben 1000 Messungen 0.780314 Sekunden gebraucht
bei 8 cores haben 1000 Messungen 0.792679 Sekunden gebraucht
bei 8 cores haben 1000 Messungen 0.801523 Sekunden gebraucht
bei 8 cores haben 1000 Messungen 0.775701 Sekunden gebraucht
bei 8 cores haben 1000 Messungen 0.773542 Sekunden gebraucht
bei 9 cores haben 1000 Messungen 0.694964 Sekunden gebraucht
bei 9 cores haben 1000 Messungen 0.691445 Sekunden gebraucht
bei 9 cores haben 1000 Messungen 0.710859 Sekunden gebraucht
bei 9 cores haben 1000 Messungen 0.713757 Sekunden gebraucht
bei 9 cores haben 1000 Messungen 0.720624 Sekunden gebraucht
bei 10 cores haben 1000 Messungen 0.683324 Sekunden gebraucht
bei 10 cores haben 1000 Messungen 0.663186 Sekunden gebraucht
bei 10 cores haben 1000 Messungen 0.672097 Sekunden gebraucht
bei 10 cores haben 1000 Messungen 0.704028 Sekunden gebraucht
bei 10 cores haben 1000 Messungen 0.708056 Sekunden gebraucht
bei 11 cores haben 1000 Messungen 0.695256 Sekunden gebraucht
bei 11 cores haben 1000 Messungen 0.697379 Sekunden gebraucht
bei 11 cores haben 1000 Messungen 0.696852 Sekunden gebraucht
bei 11 cores haben 1000 Messungen 0.706800 Sekunden gebraucht
bei 11 cores haben 1000 Messungen 0.702688 Sekunden gebraucht
bei 12 cores haben 1000 Messungen 0.647052 Sekunden gebraucht
bei 12 cores haben 1000 Messungen 0.640966 Sekunden gebraucht
bei 12 cores haben 1000 Messungen 0.642300 Sekunden gebraucht
bei 12 cores haben 1000 Messungen 0.609017 Sekunden gebraucht
bei 12 cores haben 1000 Messungen 0.577912 Sekunden gebraucht
/hiskp4/gross/bachelorarbeit
