Tue Jun 16 11:48:40 CEST 2020 Waiting for 30 seconds before starting the job to allow the node to settle down
Tue Jun 16 11:49:10 CEST 2020 Waiting done, starting task!
Tue Jun 16 11:49:10 CEST 2020 Waiting for 30 seconds before starting the job to allow the node to settle down
Tue Jun 16 11:49:40 CEST 2020 Waiting done, starting task!
Laenge=10
bei 1 cores haben 1000 Messungen 0.008957 Sekunden gebraucht
bei 1 cores haben 1000 Messungen 0.009037 Sekunden gebraucht
bei 1 cores haben 1000 Messungen 0.008997 Sekunden gebraucht
bei 1 cores haben 1000 Messungen 0.009038 Sekunden gebraucht
bei 1 cores haben 1000 Messungen 0.008970 Sekunden gebraucht
bei 2 cores haben 1000 Messungen 0.008266 Sekunden gebraucht
bei 2 cores haben 1000 Messungen 0.008099 Sekunden gebraucht
bei 2 cores haben 1000 Messungen 0.008054 Sekunden gebraucht
bei 2 cores haben 1000 Messungen 0.008058 Sekunden gebraucht
bei 2 cores haben 1000 Messungen 0.008048 Sekunden gebraucht
bei 3 cores haben 1000 Messungen 0.013213 Sekunden gebraucht
bei 3 cores haben 1000 Messungen 0.012361 Sekunden gebraucht
bei 3 cores haben 1000 Messungen 0.011980 Sekunden gebraucht
bei 3 cores haben 1000 Messungen 0.013056 Sekunden gebraucht
bei 3 cores haben 1000 Messungen 0.011461 Sekunden gebraucht
bei 4 cores haben 1000 Messungen 0.011558 Sekunden gebraucht
bei 4 cores haben 1000 Messungen 0.011248 Sekunden gebraucht
bei 4 cores haben 1000 Messungen 0.011103 Sekunden gebraucht
bei 4 cores haben 1000 Messungen 0.011082 Sekunden gebraucht
bei 4 cores haben 1000 Messungen 0.012901 Sekunden gebraucht
bei 5 cores haben 1000 Messungen 0.013252 Sekunden gebraucht
bei 5 cores haben 1000 Messungen 0.013111 Sekunden gebraucht
bei 5 cores haben 1000 Messungen 0.013183 Sekunden gebraucht
bei 5 cores haben 1000 Messungen 0.012903 Sekunden gebraucht
bei 5 cores haben 1000 Messungen 0.012926 Sekunden gebraucht
bei 6 cores haben 1000 Messungen 0.013512 Sekunden gebraucht
bei 6 cores haben 1000 Messungen 0.013490 Sekunden gebraucht
bei 6 cores haben 1000 Messungen 0.013539 Sekunden gebraucht
bei 6 cores haben 1000 Messungen 0.013457 Sekunden gebraucht
bei 6 cores haben 1000 Messungen 0.013490 Sekunden gebraucht
bei 7 cores haben 1000 Messungen 0.015073 Sekunden gebraucht
bei 7 cores haben 1000 Messungen 0.014890 Sekunden gebraucht
bei 7 cores haben 1000 Messungen 0.015272 Sekunden gebraucht
bei 7 cores haben 1000 Messungen 0.014560 Sekunden gebraucht
bei 7 cores haben 1000 Messungen 0.014124 Sekunden gebraucht
bei 8 cores haben 1000 Messungen 0.015210 Sekunden gebraucht
bei 8 cores haben 1000 Messungen 0.015135 Sekunden gebraucht
bei 8 cores haben 1000 Messungen 0.015080 Sekunden gebraucht
bei 8 cores haben 1000 Messungen 0.015078 Sekunden gebraucht
bei 8 cores haben 1000 Messungen 0.014766 Sekunden gebraucht
bei 9 cores haben 1000 Messungen 0.015898 Sekunden gebraucht
bei 9 cores haben 1000 Messungen 0.015916 Sekunden gebraucht
bei 9 cores haben 1000 Messungen 0.015973 Sekunden gebraucht
bei 9 cores haben 1000 Messungen 0.015822 Sekunden gebraucht
bei 9 cores haben 1000 Messungen 0.015857 Sekunden gebraucht
bei 10 cores haben 1000 Messungen 0.016961 Sekunden gebraucht
bei 10 cores haben 1000 Messungen 0.016888 Sekunden gebraucht
bei 10 cores haben 1000 Messungen 0.016903 Sekunden gebraucht
bei 10 cores haben 1000 Messungen 0.016760 Sekunden gebraucht
bei 10 cores haben 1000 Messungen 0.016968 Sekunden gebraucht
bei 11 cores haben 1000 Messungen 0.015599 Sekunden gebraucht
bei 11 cores haben 1000 Messungen 0.015321 Sekunden gebraucht
bei 11 cores haben 1000 Messungen 0.015401 Sekunden gebraucht
bei 11 cores haben 1000 Messungen 0.015108 Sekunden gebraucht
bei 11 cores haben 1000 Messungen 0.015201 Sekunden gebraucht
bei 12 cores haben 1000 Messungen 0.016222 Sekunden gebraucht
bei 12 cores haben 1000 Messungen 0.016483 Sekunden gebraucht
bei 12 cores haben 1000 Messungen 0.016820 Sekunden gebraucht
bei 12 cores haben 1000 Messungen 0.016599 Sekunden gebraucht
bei 12 cores haben 1000 Messungen 0.016165 Sekunden gebraucht
Laenge=100
bei 1 cores haben 1000 Messungen 0.529915 Sekunden gebraucht
bei 1 cores haben 1000 Messungen 0.528540 Sekunden gebraucht
bei 1 cores haben 1000 Messungen 0.528474 Sekunden gebraucht
bei 1 cores haben 1000 Messungen 0.530590 Sekunden gebraucht
bei 1 cores haben 1000 Messungen 0.530886 Sekunden gebraucht
bei 2 cores haben 1000 Messungen 0.358203 Sekunden gebraucht
bei 2 cores haben 1000 Messungen 0.322047 Sekunden gebraucht
bei 2 cores haben 1000 Messungen 0.294668 Sekunden gebraucht
bei 2 cores haben 1000 Messungen 0.294903 Sekunden gebraucht
bei 2 cores haben 1000 Messungen 0.294679 Sekunden gebraucht
bei 3 cores haben 1000 Messungen 0.214471 Sekunden gebraucht
bei 3 cores haben 1000 Messungen 0.217583 Sekunden gebraucht
bei 3 cores haben 1000 Messungen 0.214260 Sekunden gebraucht
bei 3 cores haben 1000 Messungen 0.214329 Sekunden gebraucht
bei 3 cores haben 1000 Messungen 0.214591 Sekunden gebraucht
bei 4 cores haben 1000 Messungen 0.172160 Sekunden gebraucht
bei 4 cores haben 1000 Messungen 0.198687 Sekunden gebraucht
bei 4 cores haben 1000 Messungen 0.174404 Sekunden gebraucht
bei 4 cores haben 1000 Messungen 0.170789 Sekunden gebraucht
bei 4 cores haben 1000 Messungen 0.172814 Sekunden gebraucht
bei 5 cores haben 1000 Messungen 0.147394 Sekunden gebraucht
bei 5 cores haben 1000 Messungen 0.148115 Sekunden gebraucht
bei 5 cores haben 1000 Messungen 0.147718 Sekunden gebraucht
bei 5 cores haben 1000 Messungen 0.147938 Sekunden gebraucht
bei 5 cores haben 1000 Messungen 0.147590 Sekunden gebraucht
bei 6 cores haben 1000 Messungen 0.135277 Sekunden gebraucht
bei 6 cores haben 1000 Messungen 0.135129 Sekunden gebraucht
bei 6 cores haben 1000 Messungen 0.156913 Sekunden gebraucht
bei 6 cores haben 1000 Messungen 0.137068 Sekunden gebraucht
bei 6 cores haben 1000 Messungen 0.137385 Sekunden gebraucht
bei 7 cores haben 1000 Messungen 0.123145 Sekunden gebraucht
bei 7 cores haben 1000 Messungen 0.123573 Sekunden gebraucht
bei 7 cores haben 1000 Messungen 0.124275 Sekunden gebraucht
bei 7 cores haben 1000 Messungen 0.125758 Sekunden gebraucht
bei 7 cores haben 1000 Messungen 0.125104 Sekunden gebraucht
bei 8 cores haben 1000 Messungen 0.190864 Sekunden gebraucht
bei 8 cores haben 1000 Messungen 0.191989 Sekunden gebraucht
bei 8 cores haben 1000 Messungen 0.119132 Sekunden gebraucht
bei 8 cores haben 1000 Messungen 0.118870 Sekunden gebraucht
bei 8 cores haben 1000 Messungen 0.116907 Sekunden gebraucht
bei 9 cores haben 1000 Messungen 0.107386 Sekunden gebraucht
bei 9 cores haben 1000 Messungen 0.107207 Sekunden gebraucht
bei 9 cores haben 1000 Messungen 0.110033 Sekunden gebraucht
bei 9 cores haben 1000 Messungen 0.111852 Sekunden gebraucht
bei 9 cores haben 1000 Messungen 0.110787 Sekunden gebraucht
bei 10 cores haben 1000 Messungen 0.108450 Sekunden gebraucht
bei 10 cores haben 1000 Messungen 0.123078 Sekunden gebraucht
bei 10 cores haben 1000 Messungen 0.107061 Sekunden gebraucht
bei 10 cores haben 1000 Messungen 0.108107 Sekunden gebraucht
bei 10 cores haben 1000 Messungen 0.108484 Sekunden gebraucht
bei 11 cores haben 1000 Messungen 0.104088 Sekunden gebraucht
bei 11 cores haben 1000 Messungen 0.104292 Sekunden gebraucht
bei 11 cores haben 1000 Messungen 0.102998 Sekunden gebraucht
bei 11 cores haben 1000 Messungen 0.102124 Sekunden gebraucht
bei 11 cores haben 1000 Messungen 0.102041 Sekunden gebraucht
bei 12 cores haben 1000 Messungen 0.097296 Sekunden gebraucht
bei 12 cores haben 1000 Messungen 0.097208 Sekunden gebraucht
bei 12 cores haben 1000 Messungen 0.097989 Sekunden gebraucht
bei 12 cores haben 1000 Messungen 0.097246 Sekunden gebraucht
bei 12 cores haben 1000 Messungen 0.139926 Sekunden gebraucht
Laenge=500
bei 1 cores haben 1000 Messungen 12.960891 Sekunden gebraucht
bei 1 cores haben 1000 Messungen 12.994214 Sekunden gebraucht
bei 1 cores haben 1000 Messungen 12.839940 Sekunden gebraucht
bei 1 cores haben 1000 Messungen 12.830297 Sekunden gebraucht
bei 1 cores haben 1000 Messungen 12.829904 Sekunden gebraucht
bei 2 cores haben 1000 Messungen 7.140107 Sekunden gebraucht
bei 2 cores haben 1000 Messungen 7.142167 Sekunden gebraucht
bei 2 cores haben 1000 Messungen 7.241082 Sekunden gebraucht
bei 2 cores haben 1000 Messungen 7.140380 Sekunden gebraucht
bei 2 cores haben 1000 Messungen 7.262516 Sekunden gebraucht
bei 3 cores haben 1000 Messungen 5.045379 Sekunden gebraucht
bei 3 cores haben 1000 Messungen 5.160183 Sekunden gebraucht
bei 3 cores haben 1000 Messungen 5.110696 Sekunden gebraucht
bei 3 cores haben 1000 Messungen 5.172582 Sekunden gebraucht
bei 3 cores haben 1000 Messungen 5.140160 Sekunden gebraucht
bei 4 cores haben 1000 Messungen 4.157145 Sekunden gebraucht
bei 4 cores haben 1000 Messungen 4.174721 Sekunden gebraucht
bei 4 cores haben 1000 Messungen 4.151592 Sekunden gebraucht
bei 4 cores haben 1000 Messungen 4.156189 Sekunden gebraucht
bei 4 cores haben 1000 Messungen 4.153150 Sekunden gebraucht
bei 5 cores haben 1000 Messungen 3.546489 Sekunden gebraucht
bei 5 cores haben 1000 Messungen 3.543585 Sekunden gebraucht
bei 5 cores haben 1000 Messungen 3.615851 Sekunden gebraucht
bei 5 cores haben 1000 Messungen 3.620672 Sekunden gebraucht
bei 5 cores haben 1000 Messungen 3.551884 Sekunden gebraucht
bei 6 cores haben 1000 Messungen 3.100500 Sekunden gebraucht
bei 6 cores haben 1000 Messungen 3.140254 Sekunden gebraucht
bei 6 cores haben 1000 Messungen 3.134253 Sekunden gebraucht
bei 6 cores haben 1000 Messungen 3.181045 Sekunden gebraucht
bei 6 cores haben 1000 Messungen 3.187279 Sekunden gebraucht
bei 7 cores haben 1000 Messungen 2.837135 Sekunden gebraucht
bei 7 cores haben 1000 Messungen 2.876415 Sekunden gebraucht
bei 7 cores haben 1000 Messungen 2.898181 Sekunden gebraucht
bei 7 cores haben 1000 Messungen 2.917051 Sekunden gebraucht
bei 7 cores haben 1000 Messungen 2.933532 Sekunden gebraucht
bei 8 cores haben 1000 Messungen 2.695486 Sekunden gebraucht
bei 8 cores haben 1000 Messungen 2.671836 Sekunden gebraucht
bei 8 cores haben 1000 Messungen 2.654028 Sekunden gebraucht
bei 8 cores haben 1000 Messungen 2.698707 Sekunden gebraucht
bei 8 cores haben 1000 Messungen 2.740545 Sekunden gebraucht
bei 9 cores haben 1000 Messungen 2.553489 Sekunden gebraucht
bei 9 cores haben 1000 Messungen 2.535652 Sekunden gebraucht
bei 9 cores haben 1000 Messungen 2.536313 Sekunden gebraucht
bei 9 cores haben 1000 Messungen 2.571549 Sekunden gebraucht
bei 9 cores haben 1000 Messungen 2.575055 Sekunden gebraucht
bei 10 cores haben 1000 Messungen 2.415010 Sekunden gebraucht
bei 10 cores haben 1000 Messungen 2.478197 Sekunden gebraucht
bei 10 cores haben 1000 Messungen 2.464783 Sekunden gebraucht
bei 10 cores haben 1000 Messungen 2.418209 Sekunden gebraucht
bei 10 cores haben 1000 Messungen 2.408949 Sekunden gebraucht
bei 11 cores haben 1000 Messungen 2.370110 Sekunden gebraucht
bei 11 cores haben 1000 Messungen 2.296092 Sekunden gebraucht
bei 11 cores haben 1000 Messungen 2.308919 Sekunden gebraucht
bei 11 cores haben 1000 Messungen 2.333276 Sekunden gebraucht
bei 11 cores haben 1000 Messungen 2.366870 Sekunden gebraucht
bei 12 cores haben 1000 Messungen 2.198648 Sekunden gebraucht
bei 12 cores haben 1000 Messungen 2.249594 Sekunden gebraucht
bei 12 cores haben 1000 Messungen 2.268770 Sekunden gebraucht
bei 12 cores haben 1000 Messungen 2.194779 Sekunden gebraucht
bei 12 cores haben 1000 Messungen 2.203713 Sekunden gebraucht
/hiskp4/gross/bachelorarbeit
