Sun Jul 26 19:09:26 CEST 2020 Waiting for 30 seconds before starting the job to allow the node to settle down
Sun Jul 26 19:09:56 CEST 2020 Waiting done, starting task!
Sun Jul 26 19:09:56 CEST 2020 Waiting for 30 seconds before starting the job to allow the node to settle down
Sun Jul 26 19:09:56 CEST 2020 Waiting for 30 seconds before starting the job to allow the node to settle down
Sun Jul 26 19:09:56 CEST 2020 Waiting for 30 seconds before starting the job to allow the node to settle down
Sun Jul 26 19:09:56 CEST 2020 Waiting for 30 seconds before starting the job to allow the node to settle down
Sun Jul 26 19:09:56 CEST 2020 Waiting for 30 seconds before starting the job to allow the node to settle down
Sun Jul 26 19:09:56 CEST 2020 Waiting for 30 seconds before starting the job to allow the node to settle down
Sun Jul 26 19:09:56 CEST 2020 Waiting for 30 seconds before starting the job to allow the node to settle down
Sun Jul 26 19:09:56 CEST 2020 Waiting for 30 seconds before starting the job to allow the node to settle down
Sun Jul 26 19:10:26 CEST 2020 Waiting done, starting task!
Sun Jul 26 19:10:26 CEST 2020 Waiting done, starting task!
Sun Jul 26 19:10:26 CEST 2020 Waiting done, starting task!
Sun Jul 26 19:10:26 CEST 2020 Waiting done, starting task!
Sun Jul 26 19:10:26 CEST 2020 Waiting done, starting task!
Sun Jul 26 19:10:26 CEST 2020 Waiting done, starting task!
Sun Jul 26 19:10:26 CEST 2020 Waiting done, starting task!
Sun Jul 26 19:10:26 CEST 2020 Waiting done, starting task!
0	5000	1.000000	0.000000
1	5000	1.000000	0.000000
2	5000	1.000000	0.000000
3	5000	1.000000	0.000000
4	5000	1.000000	0.000004
5	5000	0.999999	0.000020
6	5000	0.999990	0.000060
7	5000	0.999951	0.000139
8	5000	0.999827	0.000265
9	5000	0.999535	0.000434
10	5000	0.998920	0.000676
11	5000	0.997829	0.000977
12	5000	0.996034	0.001361
13	5000	0.993234	0.001844
14	5000	0.989229	0.002411
15	5000	0.983328	0.003122
16	5000	0.975136	0.004048
17	5000	0.963933	0.005307
18	5000	0.947973	0.007102
19	5000	0.925282	0.009928
20	5000	0.910639	0.011444
21	10000	0.907613	0.012045
22	10000	0.905202	0.012119
23	10000	0.901761	0.013286
24	10000	0.898728	0.013469
25	10000	0.896003	0.013313
26	10000	0.892630	0.014117
27	10000	0.888947	0.015075
28	10000	0.885600	0.014910
29	10000	0.882733	0.015528
30	10000	0.878441	0.016499
31	10000	0.873592	0.018333
32	10000	0.870135	0.017983
33	10000	0.864302	0.018954
34	10000	0.860780	0.020303
35	10000	0.855255	0.020928
36	10000	0.849841	0.022988
37	10000	0.845760	0.022514
38	10000	0.839052	0.025686
39	10000	0.831195	0.027215
40	10000	0.824722	0.027850
41	10000	0.816317	0.031201
42	10000	0.807201	0.034665
43	10000	0.796804	0.038590
44	10000	0.787094	0.040869
45	10000	0.785035	0.035883
46	10000	0.769727	0.042125
47	10000	0.749991	0.060661
48	10000	0.741355	0.052793
49	10000	0.741596	0.049554
50	10000	0.721736	0.081348
51	10000	0.730527	0.057295
52	10000	0.732718	0.057400
53	10000	0.721456	0.060537
54	10000	0.697548	0.084713
55	10000	0.701841	0.089408
56	10000	0.710069	0.068675
57	10000	0.679527	0.105166
58	10000	0.692726	0.081055
59	10000	0.692005	0.081452
60	10000	0.696389	0.074109
61	10000	0.665320	0.100044
62	20000	0.686765	0.074731
63	20000	0.655835	0.094274
64	20000	0.648414	0.109684
65	20000	0.623472	0.146282
66	20000	0.598057	0.148335
67	20000	0.576813	0.175817
68	20000	0.550711	0.173340
69	20000	0.563788	0.174395
70	20000	0.598117	0.167009
71	20000	0.540508	0.180947
72	20000	0.578032	0.116515
73	20000	0.568377	0.149451
74	20000	0.516264	0.172334
75	20000	0.529066	0.168364
76	20000	0.523674	0.172358
77	20000	0.484475	0.168059
78	20000	0.516791	0.147707
79	20000	0.414400	0.197901
80	20000	0.387017	0.209221
81	20000	0.484515	0.188103
82	20000	0.466310	0.183153
83	20000	0.397794	0.197001
84	20000	0.336238	0.216491
85	20000	0.391706	0.188007
86	20000	0.334496	0.201004
87	20000	0.349111	0.170629
88	20000	0.271899	0.171694
89	20000	0.341870	0.183667
90	20000	0.330597	0.183383
91	20000	0.275618	0.158498
92	20000	0.326259	0.183671
93	20000	0.255904	0.158774
94	20000	0.242422	0.162756
95	20000	0.295367	0.169755
96	20000	0.253558	0.177563
97	20000	0.260637	0.160176
98	20000	0.223185	0.141879
99	20000	0.228747	0.148674
100	20000	0.229550	0.139660
101	20000	0.222674	0.138969
102	20000	0.262291	0.162293
103	20000	0.212957	0.150149
104	20000	0.232978	0.152968
105	20000	0.213514	0.133405
106	20000	0.167879	0.115701
107	20000	0.214742	0.146516
108	20000	0.225321	0.135961
109	20000	0.176519	0.130857
110	20000	0.219782	0.128952
111	20000	0.192457	0.126213
112	20000	0.212232	0.142615
113	20000	0.195201	0.132417
114	20000	0.153781	0.117276
115	20000	0.187487	0.121112
116	20000	0.179235	0.123836
117	20000	0.177233	0.117940
118	20000	0.171110	0.129587
119	20000	0.162089	0.119407
120	20000	0.158011	0.113608
121	20000	0.157118	0.118319
122	20000	0.144711	0.101477
123	20000	0.158363	0.113456
124	20000	0.150553	0.107667
125	20000	0.144281	0.114225
126	20000	0.135484	0.098167
127	20000	0.149835	0.103265
128	20000	0.143666	0.098121
129	20000	0.139348	0.102878
130	20000	0.142576	0.104831
131	20000	0.132969	0.098606
132	20000	0.123344	0.089609
133	20000	0.139574	0.099082
134	20000	0.121782	0.091583
135	20000	0.128905	0.091173
136	10000	0.123350	0.088878
137	10000	0.131510	0.100289
138	10000	0.101208	0.081843
139	10000	0.118993	0.092063
140	10000	0.109302	0.079031
141	10000	0.095843	0.072185
142	10000	0.098551	0.074447
143	10000	0.091480	0.068105
144	10000	0.090393	0.069202
145	10000	0.093050	0.068691
146	10000	0.083852	0.062103
147	10000	0.089224	0.064904
148	10000	0.076825	0.058229
149	10000	0.079100	0.062403
0	5000	1	5000	2	5000	3	5000	4	5000	5	5000	6	5000	7	5000	8	5000	9	5000	10	5000	11	5000	12	5000	13	5000	14	5000	15	5000	16	5000	17	5000	18	5000	19	5000	20	5000	21	10000	22	10000	23	10000	24	10000	25	10000	26	10000	27	10000	28	10000	29	10000	30	10000	31	10000	32	10000	33	10000	34	10000	35	10000	36	10000	37	10000	38	10000	39	10000	40	10000	41	10000	42	10000	43	10000	44	10000	45	10000	46	10000	47	10000	48	10000	49	10000	50	10000	51	10000	52	10000	53	10000	54	10000	55	10000	56	10000	57	10000	58	10000	59	10000	60	10000	61	10000	62	20000	63	20000	64	20000	65	20000	66	20000	67	20000	68	20000	69	20000	70	20000	71	20000	72	20000	73	20000	74	20000	75	20000	76	20000	77	20000	78	20000	79	20000	80	20000	81	20000	82	20000	83	20000	84	20000	85	20000	86	20000	87	20000	88	20000	89	20000	90	20000	91	20000	92	20000	93	20000	94	20000	95	20000	96	20000	97	20000	98	20000	99	20000	100	20000	101	20000	102	20000	103	20000	104	20000	105	20000	106	20000	107	20000	108	20000	109	20000	110	20000	111	20000	112	20000	113	20000	114	20000	115	20000	116	20000	117	20000	118	20000	119	20000	120	20000	121	20000	122	20000	123	20000	124	20000	125	20000	126	20000	127	20000	128	20000	129	20000	130	20000	131	20000	132	20000	133	20000	134	20000	135	20000	136	10000	137	10000	138	10000	139	10000	140	10000	141	10000	142	10000	143	10000	144	10000	145	10000	146	10000	147	10000	148	10000	149	10000	150	10000	151	10000	152	10000	153	10000	154	10000	155	10000	156	10000	157	10000	158	10000	159	10000	160	10000	161	10000	162	10000	163	10000	164	10000	165	10000	166	10000	167	10000	168	10000	169	10000	170	10000	171	10000	172	10000	173	10000	174	10000	175	10000	176	10000	177	10000	178	10000	179	10000	180	10000	181	10000	182	10000	183	10000	184	10000	185	10000	186	10000	187	10000	188	10000	189	5000	190	5000	191	5000	192	5000	193	5000	194	5000	195	5000	196	5000	197	5000	198	5000	199	5000	200	5000	201	5000	202	5000	203	5000	204	5000	205	5000	206	5000	207	5000	208	5000	209	5000	
0	5000	1	5000	2	5000	3	5000	4	5000	5	5000	6	5000	7	5000	8	5000	9	5000	10	5000	11	5000	12	5000	13	5000	14	5000	15	5000	16	5000	17	5000	18	5000	19	5000	20	5000	21	10000	22	10000	23	10000	24	10000	25	10000	26	10000	27	10000	28	10000	29	10000	30	10000	31	10000	32	10000	33	10000	34	10000	35	10000	36	10000	37	10000	38	10000	39	10000	40	10000	41	10000	42	10000	43	10000	44	10000	45	10000	46	10000	47	10000	48	10000	49	10000	50	10000	51	10000	52	10000	53	10000	54	10000	55	10000	56	10000	57	10000	58	10000	59	10000	60	10000	61	10000	62	20000	63	20000	64	20000	65	20000	66	20000	67	20000	68	20000	69	20000	70	20000	71	20000	72	20000	73	20000	74	20000	75	20000	76	20000	77	20000	78	20000	79	20000	80	20000	81	20000	82	20000	83	20000	84	20000	85	20000	86	20000	87	20000	88	20000	89	20000	90	20000	91	20000	92	20000	93	20000	94	20000	95	20000	96	20000	97	20000	98	20000	99	20000	100	20000	101	20000	102	20000	103	20000	104	20000	105	20000	106	20000	107	20000	108	20000	109	20000	110	20000	111	20000	112	20000	113	20000	114	20000	115	20000	116	20000	117	20000	118	20000	119	20000	120	20000	121	20000	122	20000	123	20000	124	20000	125	20000	126	20000	127	20000	128	20000	129	20000	130	20000	131	20000	132	20000	133	20000	134	20000	135	20000	136	10000	137	10000	138	10000	139	10000	140	10000	141	10000	142	10000	143	10000	144	10000	145	10000	146	10000	147	10000	148	10000	149	10000	150	10000	151	10000	152	10000	153	10000	154	10000	155	10000	156	10000	157	10000	158	10000	159	10000	160	10000	161	10000	162	10000	163	10000	164	10000	165	10000	166	10000	167	10000	168	10000	169	10000	170	10000	171	10000	172	10000	173	10000	174	10000	175	10000	176	10000	177	10000	178	10000	179	10000	180	10000	181	10000	182	10000	183	10000	184	10000	185	10000	186	10000	187	10000	188	10000	189	5000	190	5000	191	5000	192	5000	193	5000	194	5000	195	5000	196	5000	197	5000	198	5000	199	5000	200	5000	201	5000	202	5000	203	5000	204	5000	205	5000	206	5000	207	5000	208	5000	209	5000	
0	5000	1	5000	2	5000	3	5000	4	5000	5	5000	6	5000	7	5000	8	5000	9	5000	10	5000	11	5000	12	5000	13	5000	14	5000	15	5000	16	5000	17	5000	18	5000	19	5000	20	5000	21	10000	22	10000	23	10000	24	10000	25	10000	26	10000	27	10000	28	10000	29	10000	30	10000	31	10000	32	10000	33	10000	34	10000	35	10000	36	10000	37	10000	38	10000	39	10000	40	10000	41	10000	42	10000	43	10000	44	10000	45	10000	46	10000	47	10000	48	10000	49	10000	50	10000	51	10000	52	10000	53	10000	54	10000	55	10000	56	10000	57	10000	58	10000	59	10000	60	10000	61	10000	62	20000	63	20000	64	20000	65	20000	66	20000	67	20000	68	20000	69	20000	70	20000	71	20000	72	20000	73	20000	74	20000	75	20000	76	20000	77	20000	78	20000	79	20000	80	20000	81	20000	82	20000	83	20000	84	20000	85	20000	86	20000	87	20000	88	20000	89	20000	90	20000	91	20000	92	20000	93	20000	94	20000	95	20000	96	20000	97	20000	98	20000	99	20000	100	20000	101	20000	102	20000	103	20000	104	20000	105	20000	106	20000	107	20000	108	20000	109	20000	110	20000	111	20000	112	20000	113	20000	114	20000	115	20000	116	20000	117	20000	118	20000	119	20000	120	20000	121	20000	122	20000	123	20000	124	20000	125	20000	126	20000	127	20000	128	20000	129	20000	130	20000	131	20000	132	20000	133	20000	134	20000	135	20000	136	10000	137	10000	138	10000	139	10000	140	10000	141	10000	142	10000	143	10000	144	10000	145	10000	146	10000	147	10000	148	10000	149	10000	150	10000	151	10000	152	10000	153	10000	154	10000	155	10000	156	10000	157	10000	158	10000	159	10000	160	10000	161	10000	162	10000	163	10000	164	10000	165	10000	166	10000	167	10000	168	10000	169	10000	170	10000	171	10000	172	10000	173	10000	174	10000	175	10000	176	10000	177	10000	178	10000	179	10000	180	10000	181	10000	182	10000	183	10000	184	10000	185	10000	186	10000	187	10000	188	10000	189	5000	190	5000	191	5000	192	5000	193	5000	194	5000	195	5000	196	5000	197	5000	198	5000	199	5000	200	5000	201	5000	202	5000	203	5000	204	5000	205	5000	206	5000	207	5000	208	5000	209	5000	
0	5000	1	5000	2	5000	3	5000	4	5000	5	5000	6	5000	7	5000	8	5000	9	5000	10	5000	11	5000	12	5000	13	5000	14	5000	15	5000	16	5000	17	5000	18	5000	19	5000	20	5000	21	10000	22	10000	23	10000	24	10000	25	10000	26	10000	27	10000	28	10000	29	10000	30	10000	31	10000	32	10000	33	10000	34	10000	35	10000	36	10000	37	10000	38	10000	39	10000	40	10000	41	10000	42	10000	43	10000	44	10000	45	10000	46	10000	47	10000	48	10000	49	10000	50	10000	51	10000	52	10000	53	10000	54	10000	55	10000	56	10000	57	10000	58	10000	59	10000	60	10000	61	10000	62	20000	63	20000	64	20000	65	20000	66	20000	67	20000	68	20000	69	20000	70	20000	71	20000	72	20000	73	20000	74	20000	75	20000	76	20000	77	20000	78	20000	79	20000	80	20000	81	20000	82	20000	83	20000	84	20000	85	20000	86	20000	87	20000	88	20000	89	20000	90	20000	91	20000	92	20000	93	20000	94	20000	95	20000	96	20000	97	20000	98	20000	99	20000	100	20000	101	20000	102	20000	103	20000	104	20000	105	20000	106	20000	107	20000	108	20000	109	20000	110	20000	111	20000	112	20000	113	20000	114	20000	115	20000	116	20000	117	20000	118	20000	119	20000	120	20000	121	20000	122	20000	123	20000	124	20000	125	20000	126	20000	127	20000	128	20000	129	20000	130	20000	131	20000	132	20000	133	20000	134	20000	135	20000	136	10000	137	10000	138	10000	139	10000	140	10000	141	10000	142	10000	143	10000	144	10000	145	10000	146	10000	147	10000	148	10000	149	10000	150	10000	151	10000	152	10000	153	10000	154	10000	155	10000	156	10000	157	10000	158	10000	159	10000	160	10000	161	10000	162	10000	163	10000	164	10000	165	10000	166	10000	167	10000	168	10000	169	10000	170	10000	171	10000	172	10000	173	10000	174	10000	175	10000	176	10000	177	10000	178	10000	179	10000	180	10000	181	10000	182	10000	183	10000	184	10000	185	10000	186	10000	187	10000	188	10000	189	5000	190	5000	191	5000	192	5000	193	5000	194	5000	195	5000	196	5000	197	5000	198	5000	199	5000	200	5000	201	5000	202	5000	203	5000	204	5000	205	5000	206	5000	207	5000	208	5000	209	5000	
0	5000	1	5000	2	5000	3	5000	4	5000	5	5000	6	5000	7	5000	8	5000	9	5000	10	5000	11	5000	12	5000	13	5000	14	5000	15	5000	16	5000	17	5000	18	5000	19	5000	20	5000	21	10000	22	10000	23	10000	24	10000	25	10000	26	10000	27	10000	28	10000	29	10000	30	10000	31	10000	32	10000	33	10000	34	10000	35	10000	36	10000	37	10000	38	10000	39	10000	40	10000	41	10000	42	10000	43	10000	44	10000	45	10000	46	10000	47	10000	48	10000	49	10000	50	10000	51	10000	52	10000	53	10000	54	10000	55	10000	56	10000	57	10000	58	10000	59	10000	60	10000	61	10000	62	20000	63	20000	64	20000	65	20000	66	20000	67	20000	68	20000	69	20000	70	20000	71	20000	72	20000	73	20000	74	20000	75	20000	76	20000	77	20000	78	20000	79	20000	80	20000	81	20000	82	20000	83	20000	84	20000	85	20000	86	20000	87	20000	88	20000	89	20000	90	20000	91	20000	92	20000	93	20000	94	20000	95	20000	96	20000	97	20000	98	20000	99	20000	100	20000	101	20000	102	20000	103	20000	104	20000	105	20000	106	20000	107	20000	108	20000	109	20000	110	20000	111	20000	112	20000	113	20000	114	20000	115	20000	116	20000	117	20000	118	20000	119	20000	120	20000	121	20000	122	20000	123	20000	124	20000	125	20000	126	20000	127	20000	128	20000	129	20000	130	20000	131	20000	132	20000	133	20000	134	20000	135	20000	136	10000	137	10000	138	10000	139	10000	140	10000	141	10000	142	10000	143	10000	144	10000	145	10000	146	10000	147	10000	148	10000	149	10000	150	10000	151	10000	152	10000	153	10000	154	10000	155	10000	156	10000	157	10000	158	10000	159	10000	160	10000	161	10000	162	10000	163	10000	164	10000	165	10000	166	10000	167	10000	168	10000	169	10000	170	10000	171	10000	172	10000	173	10000	174	10000	175	10000	176	10000	177	10000	178	10000	179	10000	180	10000	181	10000	182	10000	183	10000	184	10000	185	10000	186	10000	187	10000	188	10000	189	5000	190	5000	191	5000	192	5000	193	5000	194	5000	195	5000	196	5000	197	5000	198	5000	199	5000	200	5000	201	5000	202	5000	203	5000	204	5000	205	5000	206	5000	207	5000	208	5000	209	5000	
0	5000	1	5000	2	5000	3	5000	4	5000	5	5000	6	5000	7	5000	8	5000	9	5000	10	5000	11	5000	12	5000	13	5000	14	5000	15	5000	16	5000	17	5000	18	5000	19	5000	20	5000	21	10000	22	10000	23	10000	24	10000	25	10000	26	10000	27	10000	28	10000	29	10000	30	10000	31	10000	32	10000	33	10000	34	10000	35	10000	36	10000	37	10000	38	10000	39	10000	40	10000	41	10000	42	10000	43	10000	44	10000	45	10000	46	10000	47	10000	48	10000	49	10000	50	10000	51	10000	52	10000	53	10000	54	10000	55	10000	56	10000	57	10000	58	10000	59	10000	60	10000	61	10000	62	20000	63	20000	64	20000	65	20000	66	20000	67	20000	68	20000	69	20000	70	20000	71	20000	72	20000	73	20000	74	20000	75	20000	76	20000	77	20000	78	20000	79	20000	80	20000	81	20000	82	20000	83	20000	84	20000	85	20000	86	20000	87	20000	88	20000	89	20000	90	20000	91	20000	92	20000	93	20000	94	20000	95	20000	96	20000	97	20000	98	20000	99	20000	100	20000	101	20000	102	20000	103	20000	104	20000	105	20000	106	20000	107	20000	108	20000	109	20000	110	20000	111	20000	112	20000	113	20000	114	20000	115	20000	116	20000	117	20000	118	20000	119	20000	120	20000	121	20000	122	20000	123	20000	124	20000	125	20000	126	20000	127	20000	128	20000	129	20000	130	20000	131	20000	132	20000	133	20000	134	20000	135	20000	136	10000	137	10000	138	10000	139	10000	140	10000	141	10000	142	10000	143	10000	144	10000	145	10000	146	10000	147	10000	148	10000	149	10000	150	10000	151	10000	152	10000	153	10000	154	10000	155	10000	156	10000	157	10000	158	10000	159	10000	160	10000	161	10000	162	10000	163	10000	164	10000	165	10000	166	10000	167	10000	168	10000	169	10000	170	10000	171	10000	172	10000	173	10000	174	10000	175	10000	176	10000	177	10000	178	10000	179	10000	180	10000	181	10000	182	10000	183	10000	184	10000	185	10000	186	10000	187	10000	188	10000	189	5000	190	5000	191	5000	192	5000	193	5000	194	5000	195	5000	196	5000	197	5000	198	5000	199	5000	200	5000	201	5000	202	5000	203	5000	204	5000	205	5000	206	5000	207	5000	208	5000	209	5000	
0	5000	1	5000	2	5000	3	5000	4	5000	5	5000	6	5000	7	5000	8	5000	9	5000	10	5000	11	5000	12	5000	13	5000	14	5000	15	5000	16	5000	17	5000	18	5000	19	5000	20	5000	21	10000	22	10000	23	10000	24	10000	25	10000	26	10000	27	10000	28	10000	29	10000	30	10000	31	10000	32	10000	33	10000	34	10000	35	10000	36	10000	37	10000	38	10000	39	10000	40	10000	41	10000	42	10000	43	10000	44	10000	45	10000	46	10000	47	10000	48	10000	49	10000	50	10000	51	10000	52	10000	53	10000	54	10000	55	10000	56	10000	57	10000	58	10000	59	10000	60	10000	61	10000	62	20000	63	20000	64	20000	65	20000	66	20000	67	20000	68	20000	69	20000	70	20000	71	20000	72	20000	73	20000	74	20000	75	20000	76	20000	77	20000	78	20000	79	20000	80	20000	81	20000	82	20000	83	20000	84	20000	85	20000	86	20000	87	20000	88	20000	89	20000	90	20000	91	20000	92	20000	93	20000	94	20000	95	20000	96	20000	97	20000	98	20000	99	20000	100	20000	101	20000	102	20000	103	20000	104	20000	105	20000	106	20000	107	20000	108	20000	109	20000	110	20000	111	20000	112	20000	113	20000	114	20000	115	20000	116	20000	117	20000	118	20000	119	20000	120	20000	121	20000	122	20000	123	20000	124	20000	125	20000	126	20000	127	20000	128	20000	129	20000	130	20000	131	20000	132	20000	133	20000	134	20000	135	20000	136	10000	137	10000	138	10000	139	10000	140	10000	141	10000	142	10000	143	10000	144	10000	145	10000	146	10000	147	10000	148	10000	149	10000	150	10000	151	10000	152	10000	153	10000	154	10000	155	10000	156	10000	157	10000	158	10000	159	10000	160	10000	161	10000	162	10000	163	10000	164	10000	165	10000	166	10000	167	10000	168	10000	169	10000	170	10000	171	10000	172	10000	173	10000	174	10000	175	10000	176	10000	177	10000	178	10000	179	10000	180	10000	181	10000	182	10000	183	10000	184	10000	185	10000	186	10000	187	10000	188	10000	189	5000	190	5000	191	5000	192	5000	193	5000	194	5000	195	5000	196	5000	197	5000	198	5000	199	5000	200	5000	201	5000	202	5000	203	5000	204	5000	205	5000	206	5000	207	5000	208	5000	209	5000	
150	10000	0.077818	0.059916
151	10000	0.071053	0.054085
152	10000	0.070416	0.052479
153	10000	0.072334	0.056135
154	10000	0.066574	0.051770
155	10000	0.066587	0.050950
156	10000	0.064657	0.049145
157	10000	0.064344	0.048436
158	10000	0.061741	0.045059
159	10000	0.061896	0.046263
160	10000	0.062547	0.045656
161	10000	0.058920	0.043312
162	10000	0.055134	0.041004
163	10000	0.057561	0.044887
164	10000	0.056410	0.041940
165	10000	0.054109	0.040552
166	10000	0.053456	0.040681
167	10000	0.053619	0.041140
168	10000	0.050608	0.037216
169	10000	0.051590	0.039104
170	10000	0.051050	0.038305
171	10000	0.050132	0.038197
172	10000	0.047302	0.035589
173	10000	0.050104	0.036726
174	10000	0.047358	0.036115
175	10000	0.046831	0.035879
176	10000	0.047492	0.035283
177	10000	0.045326	0.034053
178	10000	0.045057	0.033801
179	10000	0.043017	0.033076
180	10000	0.043614	0.032634
181	10000	0.043352	0.032480
182	10000	0.039360	0.029991
183	10000	0.040087	0.030052
184	10000	0.038728	0.028666
185	10000	0.037017	0.027807
186	10000	0.035362	0.027139
187	10000	0.034264	0.025673
188	10000	0.032800	0.024471
189	5000	0.031707	0.024181
190	5000	0.031456	0.023836
191	5000	0.030528	0.022611
192	5000	0.029602	0.022119
193	5000	0.029372	0.021704
194	5000	0.028045	0.021487
195	5000	0.027910	0.021069
196	5000	0.026724	0.020427
197	5000	0.026887	0.020300
198	5000	0.026911	0.019718
199	5000	0.026334	0.019810
200	5000	0.025102	0.019095
201	5000	0.024987	0.018852
202	5000	0.024490	0.018628
203	5000	0.024437	0.018212
204	5000	0.023321	0.017610
205	5000	0.023306	0.017696
206	5000	0.022934	0.017269
207	5000	0.022730	0.017208
208	5000	0.022186	0.016697
209	5000	0.022123	0.016805

/hiskp4/gross/bachelorarbeit
