Thu Jun 25 12:38:20 CEST 2020 Waiting for 30 seconds before starting the job to allow the node to settle down
Thu Jun 25 12:38:50 CEST 2020 Waiting done, starting task!
Thu Jun 25 12:38:51 CEST 2020 Waiting for 30 seconds before starting the job to allow the node to settle down
Thu Jun 25 12:39:21 CEST 2020 Waiting done, starting task!
Laenge=500	Temperatur=0.500000
bei 1 cores haben 1000 Messungen 15.578572 Sekunden gebraucht
bei 1 cores haben 1000 Messungen 15.358856 Sekunden gebraucht
bei 1 cores haben 1000 Messungen 15.349658 Sekunden gebraucht
bei 1 cores haben 1000 Messungen 15.356362 Sekunden gebraucht
bei 1 cores haben 1000 Messungen 15.363051 Sekunden gebraucht
bei 2 cores haben 1000 Messungen 16.807156 Sekunden gebraucht
bei 2 cores haben 1000 Messungen 17.084286 Sekunden gebraucht
bei 2 cores haben 1000 Messungen 16.895660 Sekunden gebraucht
bei 2 cores haben 1000 Messungen 16.895885 Sekunden gebraucht
bei 2 cores haben 1000 Messungen 16.819156 Sekunden gebraucht
bei 3 cores haben 1000 Messungen 11.606964 Sekunden gebraucht
bei 3 cores haben 1000 Messungen 11.606485 Sekunden gebraucht
bei 3 cores haben 1000 Messungen 11.610518 Sekunden gebraucht
bei 3 cores haben 1000 Messungen 11.832835 Sekunden gebraucht
bei 3 cores haben 1000 Messungen 11.753006 Sekunden gebraucht
bei 4 cores haben 1000 Messungen 9.432362 Sekunden gebraucht
bei 4 cores haben 1000 Messungen 9.745344 Sekunden gebraucht
bei 4 cores haben 1000 Messungen 9.172252 Sekunden gebraucht
bei 4 cores haben 1000 Messungen 9.603930 Sekunden gebraucht
bei 4 cores haben 1000 Messungen 9.677292 Sekunden gebraucht
bei 5 cores haben 1000 Messungen 8.243169 Sekunden gebraucht
bei 5 cores haben 1000 Messungen 8.133209 Sekunden gebraucht
bei 5 cores haben 1000 Messungen 7.604571 Sekunden gebraucht
bei 5 cores haben 1000 Messungen 7.882268 Sekunden gebraucht
bei 5 cores haben 1000 Messungen 8.158085 Sekunden gebraucht
bei 6 cores haben 1000 Messungen 8.144740 Sekunden gebraucht
bei 6 cores haben 1000 Messungen 7.663090 Sekunden gebraucht
bei 6 cores haben 1000 Messungen 6.766406 Sekunden gebraucht
bei 6 cores haben 1000 Messungen 8.172962 Sekunden gebraucht
bei 6 cores haben 1000 Messungen 7.251476 Sekunden gebraucht
bei 7 cores haben 1000 Messungen 5.917375 Sekunden gebraucht
bei 7 cores haben 1000 Messungen 6.679239 Sekunden gebraucht
bei 7 cores haben 1000 Messungen 6.694129 Sekunden gebraucht
bei 7 cores haben 1000 Messungen 6.252586 Sekunden gebraucht
bei 7 cores haben 1000 Messungen 6.797082 Sekunden gebraucht
bei 8 cores haben 1000 Messungen 5.588682 Sekunden gebraucht
bei 8 cores haben 1000 Messungen 5.645600 Sekunden gebraucht
bei 8 cores haben 1000 Messungen 5.677311 Sekunden gebraucht
bei 8 cores haben 1000 Messungen 5.721476 Sekunden gebraucht
bei 8 cores haben 1000 Messungen 5.664578 Sekunden gebraucht
bei 9 cores haben 1000 Messungen 5.117469 Sekunden gebraucht
bei 9 cores haben 1000 Messungen 5.424980 Sekunden gebraucht
bei 9 cores haben 1000 Messungen 5.338014 Sekunden gebraucht
bei 9 cores haben 1000 Messungen 5.495447 Sekunden gebraucht
bei 9 cores haben 1000 Messungen 5.053621 Sekunden gebraucht
bei 10 cores haben 1000 Messungen 4.809955 Sekunden gebraucht
bei 10 cores haben 1000 Messungen 5.167164 Sekunden gebraucht
bei 10 cores haben 1000 Messungen 4.940652 Sekunden gebraucht
bei 10 cores haben 1000 Messungen 5.122031 Sekunden gebraucht
bei 10 cores haben 1000 Messungen 5.181266 Sekunden gebraucht
bei 11 cores haben 1000 Messungen 5.009311 Sekunden gebraucht
bei 11 cores haben 1000 Messungen 4.910723 Sekunden gebraucht
bei 11 cores haben 1000 Messungen 4.594847 Sekunden gebraucht
bei 11 cores haben 1000 Messungen 5.064555 Sekunden gebraucht
bei 11 cores haben 1000 Messungen 4.700650 Sekunden gebraucht
bei 12 cores haben 1000 Messungen 4.209219 Sekunden gebraucht
bei 12 cores haben 1000 Messungen 4.240348 Sekunden gebraucht
bei 12 cores haben 1000 Messungen 4.618703 Sekunden gebraucht
bei 12 cores haben 1000 Messungen 4.504394 Sekunden gebraucht
bei 12 cores haben 1000 Messungen 4.317590 Sekunden gebraucht
/hiskp4/gross/bachelorarbeit
