Wed Jul 22 15:19:14 CEST 2020 Waiting for 30 seconds before starting the job to allow the node to settle down
Wed Jul 22 15:19:44 CEST 2020 Waiting done, starting task!
840 1
Wed Jul 22 15:19:44 CEST 2020 Waiting for 30 seconds before starting the job to allow the node to settle down
Wed Jul 22 15:20:14 CEST 2020 Waiting done, starting task!
3 0
840
840 2
Wed Jul 22 15:26:28 CEST 2020 Waiting for 30 seconds before starting the job to allow the node to settle down
Wed Jul 22 15:26:28 CEST 2020 Waiting for 30 seconds before starting the job to allow the node to settle down
Wed Jul 22 15:26:58 CEST 2020 Waiting done, starting task!
Wed Jul 22 15:26:58 CEST 2020 Waiting done, starting task!
3 0
3 1
840
840 3
Wed Jul 22 15:30:07 CEST 2020 Waiting for 30 seconds before starting the job to allow the node to settle down
Wed Jul 22 15:30:07 CEST 2020 Waiting for 30 seconds before starting the job to allow the node to settle down
Wed Jul 22 15:30:07 CEST 2020 Waiting for 30 seconds before starting the job to allow the node to settle down
Wed Jul 22 15:30:37 CEST 2020 Waiting done, starting task!
Wed Jul 22 15:30:37 CEST 2020 Waiting done, starting task!
Wed Jul 22 15:30:37 CEST 2020 Waiting done, starting task!
3 0
3 1
3 2
840
840 4
Wed Jul 22 15:32:48 CEST 2020 Waiting for 30 seconds before starting the job to allow the node to settle down
Wed Jul 22 15:32:48 CEST 2020 Waiting for 30 seconds before starting the job to allow the node to settle down
Wed Jul 22 15:32:48 CEST 2020 Waiting for 30 seconds before starting the job to allow the node to settle down
Wed Jul 22 15:32:48 CEST 2020 Waiting for 30 seconds before starting the job to allow the node to settle down
Wed Jul 22 15:33:18 CEST 2020 Waiting done, starting task!
Wed Jul 22 15:33:18 CEST 2020 Waiting done, starting task!
Wed Jul 22 15:33:18 CEST 2020 Waiting done, starting task!
Wed Jul 22 15:33:18 CEST 2020 Waiting done, starting task!
3 0
3 2
3 1
3 3
840
840 5
Wed Jul 22 15:34:54 CEST 2020 Waiting for 30 seconds before starting the job to allow the node to settle down
Wed Jul 22 15:34:54 CEST 2020 Waiting for 30 seconds before starting the job to allow the node to settle down
Wed Jul 22 15:34:54 CEST 2020 Waiting for 30 seconds before starting the job to allow the node to settle down
Wed Jul 22 15:34:54 CEST 2020 Waiting for 30 seconds before starting the job to allow the node to settle down
Wed Jul 22 15:34:54 CEST 2020 Waiting for 30 seconds before starting the job to allow the node to settle down
Wed Jul 22 15:35:24 CEST 2020 Waiting done, starting task!
Wed Jul 22 15:35:24 CEST 2020 Waiting done, starting task!
Wed Jul 22 15:35:24 CEST 2020 Waiting done, starting task!
Wed Jul 22 15:35:24 CEST 2020 Waiting done, starting task!
Wed Jul 22 15:35:24 CEST 2020 Waiting done, starting task!
3 0
3 1
3 2
3 3
3 4
840
840 6
Wed Jul 22 15:36:44 CEST 2020 Waiting for 30 seconds before starting the job to allow the node to settle down
Wed Jul 22 15:36:44 CEST 2020 Waiting for 30 seconds before starting the job to allow the node to settle down
Wed Jul 22 15:36:44 CEST 2020 Waiting for 30 seconds before starting the job to allow the node to settle down
Wed Jul 22 15:36:44 CEST 2020 Waiting for 30 seconds before starting the job to allow the node to settle down
Wed Jul 22 15:36:44 CEST 2020 Waiting for 30 seconds before starting the job to allow the node to settle down
Wed Jul 22 15:36:44 CEST 2020 Waiting for 30 seconds before starting the job to allow the node to settle down
Wed Jul 22 15:37:14 CEST 2020 Waiting done, starting task!
Wed Jul 22 15:37:14 CEST 2020 Waiting done, starting task!
Wed Jul 22 15:37:14 CEST 2020 Waiting done, starting task!
Wed Jul 22 15:37:14 CEST 2020 Waiting done, starting task!
Wed Jul 22 15:37:14 CEST 2020 Waiting done, starting task!
Wed Jul 22 15:37:14 CEST 2020 Waiting done, starting task!
3 0
3 1
3 3
3 2
3 4
3 5
840
840 7
Wed Jul 22 15:38:21 CEST 2020 Waiting for 30 seconds before starting the job to allow the node to settle down
Wed Jul 22 15:38:21 CEST 2020 Waiting for 30 seconds before starting the job to allow the node to settle down
Wed Jul 22 15:38:21 CEST 2020 Waiting for 30 seconds before starting the job to allow the node to settle down
Wed Jul 22 15:38:21 CEST 2020 Waiting for 30 seconds before starting the job to allow the node to settle down
Wed Jul 22 15:38:21 CEST 2020 Waiting for 30 seconds before starting the job to allow the node to settle down
Wed Jul 22 15:38:21 CEST 2020 Waiting for 30 seconds before starting the job to allow the node to settle down
Wed Jul 22 15:38:21 CEST 2020 Waiting for 30 seconds before starting the job to allow the node to settle down
Wed Jul 22 15:38:51 CEST 2020 Waiting done, starting task!
Wed Jul 22 15:38:51 CEST 2020 Waiting done, starting task!
Wed Jul 22 15:38:51 CEST 2020 Waiting done, starting task!
Wed Jul 22 15:38:51 CEST 2020 Waiting done, starting task!
Wed Jul 22 15:38:51 CEST 2020 Waiting done, starting task!
Wed Jul 22 15:38:51 CEST 2020 Waiting done, starting task!
Wed Jul 22 15:38:51 CEST 2020 Waiting done, starting task!
3 0
3 1
3 4
3 6
3 5
3 2
3 3
840
840 8
Wed Jul 22 15:39:47 CEST 2020 Waiting for 30 seconds before starting the job to allow the node to settle down
Wed Jul 22 15:39:47 CEST 2020 Waiting for 30 seconds before starting the job to allow the node to settle down
Wed Jul 22 15:39:47 CEST 2020 Waiting for 30 seconds before starting the job to allow the node to settle down
Wed Jul 22 15:39:47 CEST 2020 Waiting for 30 seconds before starting the job to allow the node to settle down
Wed Jul 22 15:39:47 CEST 2020 Waiting for 30 seconds before starting the job to allow the node to settle down
Wed Jul 22 15:39:47 CEST 2020 Waiting for 30 seconds before starting the job to allow the node to settle down
Wed Jul 22 15:39:47 CEST 2020 Waiting for 30 seconds before starting the job to allow the node to settle down
Wed Jul 22 15:39:47 CEST 2020 Waiting for 30 seconds before starting the job to allow the node to settle down
Wed Jul 22 15:40:17 CEST 2020 Waiting done, starting task!
Wed Jul 22 15:40:17 CEST 2020 Waiting done, starting task!
Wed Jul 22 15:40:17 CEST 2020 Waiting done, starting task!
Wed Jul 22 15:40:17 CEST 2020 Waiting done, starting task!
Wed Jul 22 15:40:17 CEST 2020 Waiting done, starting task!
Wed Jul 22 15:40:17 CEST 2020 Waiting done, starting task!
Wed Jul 22 15:40:17 CEST 2020 Waiting done, starting task!
Wed Jul 22 15:40:17 CEST 2020 Waiting done, starting task!
3 1
3 0
3 7
3 4
3 5
3 6
3 3
3 2
840
840 10
Wed Jul 22 15:41:08 CEST 2020 Waiting for 30 seconds before starting the job to allow the node to settle down
Wed Jul 22 15:41:08 CEST 2020 Waiting for 30 seconds before starting the job to allow the node to settle down
Wed Jul 22 15:41:08 CEST 2020 Waiting for 30 seconds before starting the job to allow the node to settle down
Wed Jul 22 15:41:08 CEST 2020 Waiting for 30 seconds before starting the job to allow the node to settle down
Wed Jul 22 15:41:08 CEST 2020 Waiting for 30 seconds before starting the job to allow the node to settle down
Wed Jul 22 15:41:08 CEST 2020 Waiting for 30 seconds before starting the job to allow the node to settle down
Wed Jul 22 15:41:08 CEST 2020 Waiting for 30 seconds before starting the job to allow the node to settle down
Wed Jul 22 15:41:08 CEST 2020 Waiting for 30 seconds before starting the job to allow the node to settle down
Wed Jul 22 15:41:08 CEST 2020 Waiting for 30 seconds before starting the job to allow the node to settle down
Wed Jul 22 15:41:08 CEST 2020 Waiting for 30 seconds before starting the job to allow the node to settle down
Wed Jul 22 15:41:38 CEST 2020 Waiting done, starting task!
Wed Jul 22 15:41:38 CEST 2020 Waiting done, starting task!
Wed Jul 22 15:41:38 CEST 2020 Waiting done, starting task!
Wed Jul 22 15:41:38 CEST 2020 Waiting done, starting task!
Wed Jul 22 15:41:38 CEST 2020 Waiting done, starting task!
Wed Jul 22 15:41:38 CEST 2020 Waiting done, starting task!
Wed Jul 22 15:41:38 CEST 2020 Waiting done, starting task!
Wed Jul 22 15:41:38 CEST 2020 Waiting done, starting task!
Wed Jul 22 15:41:38 CEST 2020 Waiting done, starting task!
Wed Jul 22 15:41:38 CEST 2020 Waiting done, starting task!
3 0
3 1
3 8
3 2
3 9
3 3
3 4
3 5
3 6
3 7
840
840 12
Wed Jul 22 15:42:19 CEST 2020 Waiting for 30 seconds before starting the job to allow the node to settle down
Wed Jul 22 15:42:19 CEST 2020 Waiting for 30 seconds before starting the job to allow the node to settle down
Wed Jul 22 15:42:19 CEST 2020 Waiting for 30 seconds before starting the job to allow the node to settle down
Wed Jul 22 15:42:19 CEST 2020 Waiting for 30 seconds before starting the job to allow the node to settle down
Wed Jul 22 15:42:19 CEST 2020 Waiting for 30 seconds before starting the job to allow the node to settle down
Wed Jul 22 15:42:19 CEST 2020 Waiting for 30 seconds before starting the job to allow the node to settle down
Wed Jul 22 15:42:19 CEST 2020 Waiting for 30 seconds before starting the job to allow the node to settle down
Wed Jul 22 15:42:19 CEST 2020 Waiting for 30 seconds before starting the job to allow the node to settle down
Wed Jul 22 15:42:19 CEST 2020 Waiting for 30 seconds before starting the job to allow the node to settle down
Wed Jul 22 15:42:19 CEST 2020 Waiting for 30 seconds before starting the job to allow the node to settle down
Wed Jul 22 15:42:19 CEST 2020 Waiting for 30 seconds before starting the job to allow the node to settle down
Wed Jul 22 15:42:19 CEST 2020 Waiting for 30 seconds before starting the job to allow the node to settle down
Wed Jul 22 15:42:49 CEST 2020 Waiting done, starting task!
Wed Jul 22 15:42:49 CEST 2020 Waiting done, starting task!
Wed Jul 22 15:42:49 CEST 2020 Waiting done, starting task!
Wed Jul 22 15:42:49 CEST 2020 Waiting done, starting task!
Wed Jul 22 15:42:49 CEST 2020 Waiting done, starting task!
Wed Jul 22 15:42:49 CEST 2020 Waiting done, starting task!
Wed Jul 22 15:42:49 CEST 2020 Waiting done, starting task!
Wed Jul 22 15:42:49 CEST 2020 Waiting done, starting task!
Wed Jul 22 15:42:49 CEST 2020 Waiting done, starting task!
Wed Jul 22 15:42:49 CEST 2020 Waiting done, starting task!
Wed Jul 22 15:42:49 CEST 2020 Waiting done, starting task!
Wed Jul 22 15:42:49 CEST 2020 Waiting done, starting task!
3 0
3 2
3 6
3 7
3 11
3 10
3 4
3 8
3 9
3 1
3 3
3 5
840
840 14
Wed Jul 22 15:43:25 CEST 2020 Waiting for 30 seconds before starting the job to allow the node to settle down
Wed Jul 22 15:43:25 CEST 2020 Waiting for 30 seconds before starting the job to allow the node to settle down
Wed Jul 22 15:43:25 CEST 2020 Waiting for 30 seconds before starting the job to allow the node to settle down
Wed Jul 22 15:43:25 CEST 2020 Waiting for 30 seconds before starting the job to allow the node to settle down
Wed Jul 22 15:43:25 CEST 2020 Waiting for 30 seconds before starting the job to allow the node to settle down
Wed Jul 22 15:43:25 CEST 2020 Waiting for 30 seconds before starting the job to allow the node to settle down
Wed Jul 22 15:43:25 CEST 2020 Waiting for 30 seconds before starting the job to allow the node to settle down
Wed Jul 22 15:43:25 CEST 2020 Waiting for 30 seconds before starting the job to allow the node to settle down
Wed Jul 22 15:43:25 CEST 2020 Waiting for 30 seconds before starting the job to allow the node to settle down
Wed Jul 22 15:43:25 CEST 2020 Waiting for 30 seconds before starting the job to allow the node to settle down
Wed Jul 22 15:43:25 CEST 2020 Waiting for 30 seconds before starting the job to allow the node to settle down
Wed Jul 22 15:43:25 CEST 2020 Waiting for 30 seconds before starting the job to allow the node to settle down
Wed Jul 22 15:43:25 CEST 2020 Waiting for 30 seconds before starting the job to allow the node to settle down
Wed Jul 22 15:43:25 CEST 2020 Waiting for 30 seconds before starting the job to allow the node to settle down
Wed Jul 22 15:43:55 CEST 2020 Waiting done, starting task!
Wed Jul 22 15:43:55 CEST 2020 Waiting done, starting task!
Wed Jul 22 15:43:55 CEST 2020 Waiting done, starting task!
Wed Jul 22 15:43:55 CEST 2020 Waiting done, starting task!
Wed Jul 22 15:43:55 CEST 2020 Waiting done, starting task!
Wed Jul 22 15:43:55 CEST 2020 Waiting done, starting task!
Wed Jul 22 15:43:55 CEST 2020 Waiting done, starting task!
Wed Jul 22 15:43:55 CEST 2020 Waiting done, starting task!
Wed Jul 22 15:43:55 CEST 2020 Waiting done, starting task!
Wed Jul 22 15:43:55 CEST 2020 Waiting done, starting task!
Wed Jul 22 15:43:55 CEST 2020 Waiting done, starting task!
Wed Jul 22 15:43:55 CEST 2020 Waiting done, starting task!
Wed Jul 22 15:43:55 CEST 2020 Waiting done, starting task!
Wed Jul 22 15:43:55 CEST 2020 Waiting done, starting task!
3 13
3 12
3 6
3 7
3 0
3 2
3 1
3 8
3 10
3 4
3 3
3 5
3 11
3 9
840
840 15
Wed Jul 22 15:44:26 CEST 2020 Waiting for 30 seconds before starting the job to allow the node to settle down
Wed Jul 22 15:44:26 CEST 2020 Waiting for 30 seconds before starting the job to allow the node to settle down
Wed Jul 22 15:44:26 CEST 2020 Waiting for 30 seconds before starting the job to allow the node to settle down
Wed Jul 22 15:44:26 CEST 2020 Waiting for 30 seconds before starting the job to allow the node to settle down
Wed Jul 22 15:44:26 CEST 2020 Waiting for 30 seconds before starting the job to allow the node to settle down
Wed Jul 22 15:44:26 CEST 2020 Waiting for 30 seconds before starting the job to allow the node to settle down
Wed Jul 22 15:44:26 CEST 2020 Waiting for 30 seconds before starting the job to allow the node to settle down
Wed Jul 22 15:44:26 CEST 2020 Waiting for 30 seconds before starting the job to allow the node to settle down
Wed Jul 22 15:44:26 CEST 2020 Waiting for 30 seconds before starting the job to allow the node to settle down
Wed Jul 22 15:44:26 CEST 2020 Waiting for 30 seconds before starting the job to allow the node to settle down
Wed Jul 22 15:44:26 CEST 2020 Waiting for 30 seconds before starting the job to allow the node to settle down
Wed Jul 22 15:44:26 CEST 2020 Waiting for 30 seconds before starting the job to allow the node to settle down
Wed Jul 22 15:44:26 CEST 2020 Waiting for 30 seconds before starting the job to allow the node to settle down
Wed Jul 22 15:44:26 CEST 2020 Waiting for 30 seconds before starting the job to allow the node to settle down
Wed Jul 22 15:44:26 CEST 2020 Waiting for 30 seconds before starting the job to allow the node to settle down
Wed Jul 22 15:44:56 CEST 2020 Waiting done, starting task!
Wed Jul 22 15:44:56 CEST 2020 Waiting done, starting task!
Wed Jul 22 15:44:56 CEST 2020 Waiting done, starting task!
Wed Jul 22 15:44:56 CEST 2020 Waiting done, starting task!
Wed Jul 22 15:44:56 CEST 2020 Waiting done, starting task!
Wed Jul 22 15:44:56 CEST 2020 Waiting done, starting task!
Wed Jul 22 15:44:56 CEST 2020 Waiting done, starting task!
Wed Jul 22 15:44:56 CEST 2020 Waiting done, starting task!
Wed Jul 22 15:44:56 CEST 2020 Waiting done, starting task!
Wed Jul 22 15:44:56 CEST 2020 Waiting done, starting task!
Wed Jul 22 15:44:56 CEST 2020 Waiting done, starting task!
Wed Jul 22 15:44:56 CEST 2020 Waiting done, starting task!
Wed Jul 22 15:44:56 CEST 2020 Waiting done, starting task!
Wed Jul 22 15:44:56 CEST 2020 Waiting done, starting task!
Wed Jul 22 15:44:56 CEST 2020 Waiting done, starting task!
3 0
3 2
3 1
3 4
3 5
3 3
3 6
3 9
3 11
3 8
3 10
3 7
3 12
3 13
3 14
840
840 20
Wed Jul 22 15:45:26 CEST 2020 Waiting for 30 seconds before starting the job to allow the node to settle down
Wed Jul 22 15:45:26 CEST 2020 Waiting for 30 seconds before starting the job to allow the node to settle down
Wed Jul 22 15:45:26 CEST 2020 Waiting for 30 seconds before starting the job to allow the node to settle down
Wed Jul 22 15:45:26 CEST 2020 Waiting for 30 seconds before starting the job to allow the node to settle down
Wed Jul 22 15:45:26 CEST 2020 Waiting for 30 seconds before starting the job to allow the node to settle down
Wed Jul 22 15:45:26 CEST 2020 Waiting for 30 seconds before starting the job to allow the node to settle down
Wed Jul 22 15:45:26 CEST 2020 Waiting for 30 seconds before starting the job to allow the node to settle down
Wed Jul 22 15:45:26 CEST 2020 Waiting for 30 seconds before starting the job to allow the node to settle down
Wed Jul 22 15:45:26 CEST 2020 Waiting for 30 seconds before starting the job to allow the node to settle down
Wed Jul 22 15:45:26 CEST 2020 Waiting for 30 seconds before starting the job to allow the node to settle down
Wed Jul 22 15:45:26 CEST 2020 Waiting for 30 seconds before starting the job to allow the node to settle down
Wed Jul 22 15:45:26 CEST 2020 Waiting for 30 seconds before starting the job to allow the node to settle down
Wed Jul 22 15:45:26 CEST 2020 Waiting for 30 seconds before starting the job to allow the node to settle down
Wed Jul 22 15:45:26 CEST 2020 Waiting for 30 seconds before starting the job to allow the node to settle down
Wed Jul 22 15:45:26 CEST 2020 Waiting for 30 seconds before starting the job to allow the node to settle down
Wed Jul 22 15:45:26 CEST 2020 Waiting for 30 seconds before starting the job to allow the node to settle down
Wed Jul 22 15:45:26 CEST 2020 Waiting for 30 seconds before starting the job to allow the node to settle down
Wed Jul 22 15:45:26 CEST 2020 Waiting for 30 seconds before starting the job to allow the node to settle down
Wed Jul 22 15:45:26 CEST 2020 Waiting for 30 seconds before starting the job to allow the node to settle down
Wed Jul 22 15:45:26 CEST 2020 Waiting for 30 seconds before starting the job to allow the node to settle down
Wed Jul 22 15:45:56 CEST 2020 Waiting done, starting task!
Wed Jul 22 15:45:56 CEST 2020 Waiting done, starting task!
Wed Jul 22 15:45:56 CEST 2020 Waiting done, starting task!
Wed Jul 22 15:45:56 CEST 2020 Waiting done, starting task!
Wed Jul 22 15:45:56 CEST 2020 Waiting done, starting task!
Wed Jul 22 15:45:56 CEST 2020 Waiting done, starting task!
Wed Jul 22 15:45:56 CEST 2020 Waiting done, starting task!
Wed Jul 22 15:45:56 CEST 2020 Waiting done, starting task!
Wed Jul 22 15:45:56 CEST 2020 Waiting done, starting task!
Wed Jul 22 15:45:56 CEST 2020 Waiting done, starting task!
Wed Jul 22 15:45:56 CEST 2020 Waiting done, starting task!
Wed Jul 22 15:45:56 CEST 2020 Waiting done, starting task!
Wed Jul 22 15:45:56 CEST 2020 Waiting done, starting task!
Wed Jul 22 15:45:56 CEST 2020 Waiting done, starting task!
Wed Jul 22 15:45:56 CEST 2020 Waiting done, starting task!
Wed Jul 22 15:45:56 CEST 2020 Waiting done, starting task!
Wed Jul 22 15:45:56 CEST 2020 Waiting done, starting task!
Wed Jul 22 15:45:56 CEST 2020 Waiting done, starting task!
Wed Jul 22 15:45:56 CEST 2020 Waiting done, starting task!
Wed Jul 22 15:45:56 CEST 2020 Waiting done, starting task!
3 2
3 17
3 0
3 6
3 18
3 5
3 19
3 9
3 1
3 10
3 7
3 16
3 8
3 4
3 13
3 14
3 15
3 11
3 3
3 12
840
/hiskp4/gross/bachelorarbeit
