Mon Jun 22 20:38:09 CEST 2020 Waiting for 30 seconds before starting the job to allow the node to settle down
Mon Jun 22 20:38:39 CEST 2020 Waiting done, starting task!
Mon Jun 22 20:38:39 CEST 2020 Waiting for 30 seconds before starting the job to allow the node to settle down
Mon Jun 22 20:39:09 CEST 2020 Waiting done, starting task!
Laenge=384
bei 1 cores haben 1000 Messungen 10.960232 Sekunden gebraucht
bei 1 cores haben 1000 Messungen 10.598964 Sekunden gebraucht
bei 1 cores haben 1000 Messungen 10.632516 Sekunden gebraucht
bei 1 cores haben 1000 Messungen 10.926729 Sekunden gebraucht
bei 1 cores haben 1000 Messungen 10.624624 Sekunden gebraucht
bei 2 cores haben 1000 Messungen 10.013200 Sekunden gebraucht
bei 2 cores haben 1000 Messungen 10.047354 Sekunden gebraucht
bei 2 cores haben 1000 Messungen 9.980419 Sekunden gebraucht
bei 2 cores haben 1000 Messungen 9.985451 Sekunden gebraucht
bei 2 cores haben 1000 Messungen 10.068800 Sekunden gebraucht
bei 3 cores haben 1000 Messungen 6.506326 Sekunden gebraucht
bei 3 cores haben 1000 Messungen 6.535968 Sekunden gebraucht
bei 3 cores haben 1000 Messungen 6.402796 Sekunden gebraucht
bei 3 cores haben 1000 Messungen 6.336628 Sekunden gebraucht
bei 3 cores haben 1000 Messungen 5.878101 Sekunden gebraucht
bei 4 cores haben 1000 Messungen 5.264348 Sekunden gebraucht
bei 4 cores haben 1000 Messungen 5.713665 Sekunden gebraucht
bei 4 cores haben 1000 Messungen 5.181378 Sekunden gebraucht
bei 4 cores haben 1000 Messungen 5.480044 Sekunden gebraucht
bei 4 cores haben 1000 Messungen 5.156365 Sekunden gebraucht
bei 5 cores haben 1000 Messungen 4.702695 Sekunden gebraucht
bei 5 cores haben 1000 Messungen 4.323295 Sekunden gebraucht
bei 5 cores haben 1000 Messungen 4.492426 Sekunden gebraucht
bei 5 cores haben 1000 Messungen 4.497152 Sekunden gebraucht
bei 5 cores haben 1000 Messungen 4.933484 Sekunden gebraucht
bei 6 cores haben 1000 Messungen 4.231079 Sekunden gebraucht
bei 6 cores haben 1000 Messungen 4.713205 Sekunden gebraucht
bei 6 cores haben 1000 Messungen 4.967948 Sekunden gebraucht
bei 6 cores haben 1000 Messungen 4.584173 Sekunden gebraucht
bei 6 cores haben 1000 Messungen 4.512643 Sekunden gebraucht
bei 7 cores haben 1000 Messungen 3.936730 Sekunden gebraucht
bei 7 cores haben 1000 Messungen 3.952340 Sekunden gebraucht
bei 7 cores haben 1000 Messungen 4.115621 Sekunden gebraucht
bei 7 cores haben 1000 Messungen 3.957325 Sekunden gebraucht
bei 7 cores haben 1000 Messungen 4.006061 Sekunden gebraucht
bei 8 cores haben 1000 Messungen 3.604629 Sekunden gebraucht
bei 8 cores haben 1000 Messungen 3.708286 Sekunden gebraucht
bei 8 cores haben 1000 Messungen 3.535045 Sekunden gebraucht
bei 8 cores haben 1000 Messungen 3.520190 Sekunden gebraucht
bei 8 cores haben 1000 Messungen 3.260589 Sekunden gebraucht
bei 9 cores haben 1000 Messungen 3.198510 Sekunden gebraucht
bei 9 cores haben 1000 Messungen 3.192649 Sekunden gebraucht
bei 9 cores haben 1000 Messungen 3.093869 Sekunden gebraucht
bei 9 cores haben 1000 Messungen 3.266552 Sekunden gebraucht
bei 9 cores haben 1000 Messungen 3.319748 Sekunden gebraucht
bei 10 cores haben 1000 Messungen 3.197920 Sekunden gebraucht
bei 10 cores haben 1000 Messungen 3.206177 Sekunden gebraucht
bei 10 cores haben 1000 Messungen 3.209278 Sekunden gebraucht
bei 10 cores haben 1000 Messungen 2.977622 Sekunden gebraucht
bei 10 cores haben 1000 Messungen 3.178091 Sekunden gebraucht
bei 11 cores haben 1000 Messungen 3.062885 Sekunden gebraucht
bei 11 cores haben 1000 Messungen 2.870448 Sekunden gebraucht
bei 11 cores haben 1000 Messungen 2.834925 Sekunden gebraucht
bei 11 cores haben 1000 Messungen 2.819605 Sekunden gebraucht
bei 11 cores haben 1000 Messungen 2.799738 Sekunden gebraucht
bei 12 cores haben 1000 Messungen 2.876723 Sekunden gebraucht
bei 12 cores haben 1000 Messungen 2.885566 Sekunden gebraucht
bei 12 cores haben 1000 Messungen 2.889070 Sekunden gebraucht
bei 12 cores haben 1000 Messungen 2.886558 Sekunden gebraucht
bei 12 cores haben 1000 Messungen 2.821445 Sekunden gebraucht
/hiskp4/gross/bachelorarbeit
