Sun Jul 26 13:34:20 CEST 2020 Waiting for 30 seconds before starting the job to allow the node to settle down
Sun Jul 26 13:34:50 CEST 2020 Waiting done, starting task!
480 1
Sun Jul 26 13:34:50 CEST 2020 Waiting for 30 seconds before starting the job to allow the node to settle down
Sun Jul 26 13:35:20 CEST 2020 Waiting done, starting task!
480
480 2
Sun Jul 26 13:46:41 CEST 2020 Waiting for 30 seconds before starting the job to allow the node to settle down
Sun Jul 26 13:46:41 CEST 2020 Waiting for 30 seconds before starting the job to allow the node to settle down
Sun Jul 26 13:47:11 CEST 2020 Waiting done, starting task!
Sun Jul 26 13:47:11 CEST 2020 Waiting done, starting task!
480
480 3
Sun Jul 26 13:52:57 CEST 2020 Waiting for 30 seconds before starting the job to allow the node to settle down
Sun Jul 26 13:52:57 CEST 2020 Waiting for 30 seconds before starting the job to allow the node to settle down
Sun Jul 26 13:52:57 CEST 2020 Waiting for 30 seconds before starting the job to allow the node to settle down
Sun Jul 26 13:53:27 CEST 2020 Waiting done, starting task!
Sun Jul 26 13:53:27 CEST 2020 Waiting done, starting task!
Sun Jul 26 13:53:27 CEST 2020 Waiting done, starting task!
480
480 4
Sun Jul 26 13:57:21 CEST 2020 Waiting for 30 seconds before starting the job to allow the node to settle down
Sun Jul 26 13:57:21 CEST 2020 Waiting for 30 seconds before starting the job to allow the node to settle down
Sun Jul 26 13:57:21 CEST 2020 Waiting for 30 seconds before starting the job to allow the node to settle down
Sun Jul 26 13:57:21 CEST 2020 Waiting for 30 seconds before starting the job to allow the node to settle down
Sun Jul 26 13:57:51 CEST 2020 Waiting done, starting task!
Sun Jul 26 13:57:51 CEST 2020 Waiting done, starting task!
Sun Jul 26 13:57:51 CEST 2020 Waiting done, starting task!
Sun Jul 26 13:57:51 CEST 2020 Waiting done, starting task!
480
480 5
Sun Jul 26 14:00:48 CEST 2020 Waiting for 30 seconds before starting the job to allow the node to settle down
Sun Jul 26 14:00:48 CEST 2020 Waiting for 30 seconds before starting the job to allow the node to settle down
Sun Jul 26 14:00:48 CEST 2020 Waiting for 30 seconds before starting the job to allow the node to settle down
Sun Jul 26 14:00:48 CEST 2020 Waiting for 30 seconds before starting the job to allow the node to settle down
Sun Jul 26 14:00:48 CEST 2020 Waiting for 30 seconds before starting the job to allow the node to settle down
Sun Jul 26 14:01:18 CEST 2020 Waiting done, starting task!
Sun Jul 26 14:01:18 CEST 2020 Waiting done, starting task!
Sun Jul 26 14:01:18 CEST 2020 Waiting done, starting task!
Sun Jul 26 14:01:18 CEST 2020 Waiting done, starting task!
Sun Jul 26 14:01:18 CEST 2020 Waiting done, starting task!
480
480 6
Sun Jul 26 14:03:41 CEST 2020 Waiting for 30 seconds before starting the job to allow the node to settle down
Sun Jul 26 14:03:41 CEST 2020 Waiting for 30 seconds before starting the job to allow the node to settle down
Sun Jul 26 14:03:41 CEST 2020 Waiting for 30 seconds before starting the job to allow the node to settle down
Sun Jul 26 14:03:41 CEST 2020 Waiting for 30 seconds before starting the job to allow the node to settle down
Sun Jul 26 14:03:41 CEST 2020 Waiting for 30 seconds before starting the job to allow the node to settle down
Sun Jul 26 14:03:41 CEST 2020 Waiting for 30 seconds before starting the job to allow the node to settle down
Sun Jul 26 14:04:11 CEST 2020 Waiting done, starting task!
Sun Jul 26 14:04:11 CEST 2020 Waiting done, starting task!
Sun Jul 26 14:04:11 CEST 2020 Waiting done, starting task!
Sun Jul 26 14:04:11 CEST 2020 Waiting done, starting task!
Sun Jul 26 14:04:11 CEST 2020 Waiting done, starting task!
Sun Jul 26 14:04:11 CEST 2020 Waiting done, starting task!
480
480 8
Sun Jul 26 14:06:11 CEST 2020 Waiting for 30 seconds before starting the job to allow the node to settle down
Sun Jul 26 14:06:11 CEST 2020 Waiting for 30 seconds before starting the job to allow the node to settle down
Sun Jul 26 14:06:11 CEST 2020 Waiting for 30 seconds before starting the job to allow the node to settle down
Sun Jul 26 14:06:11 CEST 2020 Waiting for 30 seconds before starting the job to allow the node to settle down
Sun Jul 26 14:06:11 CEST 2020 Waiting for 30 seconds before starting the job to allow the node to settle down
Sun Jul 26 14:06:11 CEST 2020 Waiting for 30 seconds before starting the job to allow the node to settle down
Sun Jul 26 14:06:11 CEST 2020 Waiting for 30 seconds before starting the job to allow the node to settle down
Sun Jul 26 14:06:11 CEST 2020 Waiting for 30 seconds before starting the job to allow the node to settle down
Sun Jul 26 14:06:41 CEST 2020 Waiting done, starting task!
Sun Jul 26 14:06:41 CEST 2020 Waiting done, starting task!
Sun Jul 26 14:06:41 CEST 2020 Waiting done, starting task!
Sun Jul 26 14:06:41 CEST 2020 Waiting done, starting task!
Sun Jul 26 14:06:41 CEST 2020 Waiting done, starting task!
Sun Jul 26 14:06:41 CEST 2020 Waiting done, starting task!
Sun Jul 26 14:06:41 CEST 2020 Waiting done, starting task!
Sun Jul 26 14:06:41 CEST 2020 Waiting done, starting task!
480
480 10
Sun Jul 26 14:08:12 CEST 2020 Waiting for 30 seconds before starting the job to allow the node to settle down
Sun Jul 26 14:08:12 CEST 2020 Waiting for 30 seconds before starting the job to allow the node to settle down
Sun Jul 26 14:08:12 CEST 2020 Waiting for 30 seconds before starting the job to allow the node to settle down
Sun Jul 26 14:08:12 CEST 2020 Waiting for 30 seconds before starting the job to allow the node to settle down
Sun Jul 26 14:08:12 CEST 2020 Waiting for 30 seconds before starting the job to allow the node to settle down
Sun Jul 26 14:08:12 CEST 2020 Waiting for 30 seconds before starting the job to allow the node to settle down
Sun Jul 26 14:08:12 CEST 2020 Waiting for 30 seconds before starting the job to allow the node to settle down
Sun Jul 26 14:08:12 CEST 2020 Waiting for 30 seconds before starting the job to allow the node to settle down
Sun Jul 26 14:08:12 CEST 2020 Waiting for 30 seconds before starting the job to allow the node to settle down
Sun Jul 26 14:08:12 CEST 2020 Waiting for 30 seconds before starting the job to allow the node to settle down
Sun Jul 26 14:08:42 CEST 2020 Waiting done, starting task!
Sun Jul 26 14:08:42 CEST 2020 Waiting done, starting task!
Sun Jul 26 14:08:42 CEST 2020 Waiting done, starting task!
Sun Jul 26 14:08:42 CEST 2020 Waiting done, starting task!
Sun Jul 26 14:08:42 CEST 2020 Waiting done, starting task!
Sun Jul 26 14:08:42 CEST 2020 Waiting done, starting task!
Sun Jul 26 14:08:42 CEST 2020 Waiting done, starting task!
Sun Jul 26 14:08:42 CEST 2020 Waiting done, starting task!
Sun Jul 26 14:08:42 CEST 2020 Waiting done, starting task!
Sun Jul 26 14:08:42 CEST 2020 Waiting done, starting task!
480
480 12
Sun Jul 26 14:09:58 CEST 2020 Waiting for 30 seconds before starting the job to allow the node to settle down
Sun Jul 26 14:09:58 CEST 2020 Waiting for 30 seconds before starting the job to allow the node to settle down
Sun Jul 26 14:09:58 CEST 2020 Waiting for 30 seconds before starting the job to allow the node to settle down
Sun Jul 26 14:09:58 CEST 2020 Waiting for 30 seconds before starting the job to allow the node to settle down
Sun Jul 26 14:09:58 CEST 2020 Waiting for 30 seconds before starting the job to allow the node to settle down
Sun Jul 26 14:09:58 CEST 2020 Waiting for 30 seconds before starting the job to allow the node to settle down
Sun Jul 26 14:09:58 CEST 2020 Waiting for 30 seconds before starting the job to allow the node to settle down
Sun Jul 26 14:09:58 CEST 2020 Waiting for 30 seconds before starting the job to allow the node to settle down
Sun Jul 26 14:09:58 CEST 2020 Waiting for 30 seconds before starting the job to allow the node to settle down
Sun Jul 26 14:09:58 CEST 2020 Waiting for 30 seconds before starting the job to allow the node to settle down
Sun Jul 26 14:09:58 CEST 2020 Waiting for 30 seconds before starting the job to allow the node to settle down
Sun Jul 26 14:09:58 CEST 2020 Waiting for 30 seconds before starting the job to allow the node to settle down
Sun Jul 26 14:10:28 CEST 2020 Waiting done, starting task!
Sun Jul 26 14:10:28 CEST 2020 Waiting done, starting task!
Sun Jul 26 14:10:28 CEST 2020 Waiting done, starting task!
Sun Jul 26 14:10:28 CEST 2020 Waiting done, starting task!
Sun Jul 26 14:10:28 CEST 2020 Waiting done, starting task!
Sun Jul 26 14:10:28 CEST 2020 Waiting done, starting task!
Sun Jul 26 14:10:28 CEST 2020 Waiting done, starting task!
Sun Jul 26 14:10:28 CEST 2020 Waiting done, starting task!
Sun Jul 26 14:10:28 CEST 2020 Waiting done, starting task!
Sun Jul 26 14:10:28 CEST 2020 Waiting done, starting task!
Sun Jul 26 14:10:28 CEST 2020 Waiting done, starting task!
Sun Jul 26 14:10:28 CEST 2020 Waiting done, starting task!
480
480 15
Sun Jul 26 14:11:34 CEST 2020 Waiting for 30 seconds before starting the job to allow the node to settle down
Sun Jul 26 14:11:34 CEST 2020 Waiting for 30 seconds before starting the job to allow the node to settle down
Sun Jul 26 14:11:34 CEST 2020 Waiting for 30 seconds before starting the job to allow the node to settle down
Sun Jul 26 14:11:34 CEST 2020 Waiting for 30 seconds before starting the job to allow the node to settle down
Sun Jul 26 14:11:34 CEST 2020 Waiting for 30 seconds before starting the job to allow the node to settle down
Sun Jul 26 14:11:34 CEST 2020 Waiting for 30 seconds before starting the job to allow the node to settle down
Sun Jul 26 14:11:34 CEST 2020 Waiting for 30 seconds before starting the job to allow the node to settle down
Sun Jul 26 14:11:34 CEST 2020 Waiting for 30 seconds before starting the job to allow the node to settle down
Sun Jul 26 14:11:34 CEST 2020 Waiting for 30 seconds before starting the job to allow the node to settle down
Sun Jul 26 14:11:34 CEST 2020 Waiting for 30 seconds before starting the job to allow the node to settle down
Sun Jul 26 14:11:34 CEST 2020 Waiting for 30 seconds before starting the job to allow the node to settle down
Sun Jul 26 14:11:34 CEST 2020 Waiting for 30 seconds before starting the job to allow the node to settle down
Sun Jul 26 14:11:34 CEST 2020 Waiting for 30 seconds before starting the job to allow the node to settle down
Sun Jul 26 14:11:34 CEST 2020 Waiting for 30 seconds before starting the job to allow the node to settle down
Sun Jul 26 14:11:34 CEST 2020 Waiting for 30 seconds before starting the job to allow the node to settle down
Sun Jul 26 14:12:04 CEST 2020 Waiting done, starting task!
Sun Jul 26 14:12:04 CEST 2020 Waiting done, starting task!
Sun Jul 26 14:12:04 CEST 2020 Waiting done, starting task!
Sun Jul 26 14:12:04 CEST 2020 Waiting done, starting task!
Sun Jul 26 14:12:04 CEST 2020 Waiting done, starting task!
Sun Jul 26 14:12:04 CEST 2020 Waiting done, starting task!
Sun Jul 26 14:12:04 CEST 2020 Waiting done, starting task!
Sun Jul 26 14:12:04 CEST 2020 Waiting done, starting task!
Sun Jul 26 14:12:04 CEST 2020 Waiting done, starting task!
Sun Jul 26 14:12:04 CEST 2020 Waiting done, starting task!
Sun Jul 26 14:12:04 CEST 2020 Waiting done, starting task!
Sun Jul 26 14:12:04 CEST 2020 Waiting done, starting task!
Sun Jul 26 14:12:04 CEST 2020 Waiting done, starting task!
Sun Jul 26 14:12:04 CEST 2020 Waiting done, starting task!
Sun Jul 26 14:12:04 CEST 2020 Waiting done, starting task!
480
480 16
Sun Jul 26 14:13:00 CEST 2020 Waiting for 30 seconds before starting the job to allow the node to settle down
Sun Jul 26 14:13:00 CEST 2020 Waiting for 30 seconds before starting the job to allow the node to settle down
Sun Jul 26 14:13:00 CEST 2020 Waiting for 30 seconds before starting the job to allow the node to settle down
Sun Jul 26 14:13:00 CEST 2020 Waiting for 30 seconds before starting the job to allow the node to settle down
Sun Jul 26 14:13:00 CEST 2020 Waiting for 30 seconds before starting the job to allow the node to settle down
Sun Jul 26 14:13:00 CEST 2020 Waiting for 30 seconds before starting the job to allow the node to settle down
Sun Jul 26 14:13:00 CEST 2020 Waiting for 30 seconds before starting the job to allow the node to settle down
Sun Jul 26 14:13:00 CEST 2020 Waiting for 30 seconds before starting the job to allow the node to settle down
Sun Jul 26 14:13:00 CEST 2020 Waiting for 30 seconds before starting the job to allow the node to settle down
Sun Jul 26 14:13:00 CEST 2020 Waiting for 30 seconds before starting the job to allow the node to settle down
Sun Jul 26 14:13:00 CEST 2020 Waiting for 30 seconds before starting the job to allow the node to settle down
Sun Jul 26 14:13:00 CEST 2020 Waiting for 30 seconds before starting the job to allow the node to settle down
Sun Jul 26 14:13:00 CEST 2020 Waiting for 30 seconds before starting the job to allow the node to settle down
Sun Jul 26 14:13:00 CEST 2020 Waiting for 30 seconds before starting the job to allow the node to settle down
Sun Jul 26 14:13:00 CEST 2020 Waiting for 30 seconds before starting the job to allow the node to settle down
Sun Jul 26 14:13:00 CEST 2020 Waiting for 30 seconds before starting the job to allow the node to settle down
Sun Jul 26 14:13:30 CEST 2020 Waiting done, starting task!
Sun Jul 26 14:13:30 CEST 2020 Waiting done, starting task!
Sun Jul 26 14:13:30 CEST 2020 Waiting done, starting task!
Sun Jul 26 14:13:30 CEST 2020 Waiting done, starting task!
Sun Jul 26 14:13:30 CEST 2020 Waiting done, starting task!
Sun Jul 26 14:13:30 CEST 2020 Waiting done, starting task!
Sun Jul 26 14:13:30 CEST 2020 Waiting done, starting task!
Sun Jul 26 14:13:30 CEST 2020 Waiting done, starting task!
Sun Jul 26 14:13:30 CEST 2020 Waiting done, starting task!
Sun Jul 26 14:13:30 CEST 2020 Waiting done, starting task!
Sun Jul 26 14:13:30 CEST 2020 Waiting done, starting task!
Sun Jul 26 14:13:30 CEST 2020 Waiting done, starting task!
Sun Jul 26 14:13:30 CEST 2020 Waiting done, starting task!
Sun Jul 26 14:13:30 CEST 2020 Waiting done, starting task!
Sun Jul 26 14:13:30 CEST 2020 Waiting done, starting task!
Sun Jul 26 14:13:30 CEST 2020 Waiting done, starting task!
480
480 20
Sun Jul 26 14:14:22 CEST 2020 Waiting for 30 seconds before starting the job to allow the node to settle down
Sun Jul 26 14:14:22 CEST 2020 Waiting for 30 seconds before starting the job to allow the node to settle down
Sun Jul 26 14:14:22 CEST 2020 Waiting for 30 seconds before starting the job to allow the node to settle down
Sun Jul 26 14:14:22 CEST 2020 Waiting for 30 seconds before starting the job to allow the node to settle down
Sun Jul 26 14:14:22 CEST 2020 Waiting for 30 seconds before starting the job to allow the node to settle down
Sun Jul 26 14:14:22 CEST 2020 Waiting for 30 seconds before starting the job to allow the node to settle down
Sun Jul 26 14:14:22 CEST 2020 Waiting for 30 seconds before starting the job to allow the node to settle down
Sun Jul 26 14:14:22 CEST 2020 Waiting for 30 seconds before starting the job to allow the node to settle down
Sun Jul 26 14:14:22 CEST 2020 Waiting for 30 seconds before starting the job to allow the node to settle down
Sun Jul 26 14:14:22 CEST 2020 Waiting for 30 seconds before starting the job to allow the node to settle down
Sun Jul 26 14:14:22 CEST 2020 Waiting for 30 seconds before starting the job to allow the node to settle down
Sun Jul 26 14:14:22 CEST 2020 Waiting for 30 seconds before starting the job to allow the node to settle down
Sun Jul 26 14:14:22 CEST 2020 Waiting for 30 seconds before starting the job to allow the node to settle down
Sun Jul 26 14:14:22 CEST 2020 Waiting for 30 seconds before starting the job to allow the node to settle down
Sun Jul 26 14:14:22 CEST 2020 Waiting for 30 seconds before starting the job to allow the node to settle down
Sun Jul 26 14:14:22 CEST 2020 Waiting for 30 seconds before starting the job to allow the node to settle down
Sun Jul 26 14:14:23 CEST 2020 Waiting for 30 seconds before starting the job to allow the node to settle down
Sun Jul 26 14:14:23 CEST 2020 Waiting for 30 seconds before starting the job to allow the node to settle down
Sun Jul 26 14:14:23 CEST 2020 Waiting for 30 seconds before starting the job to allow the node to settle down
Sun Jul 26 14:14:23 CEST 2020 Waiting for 30 seconds before starting the job to allow the node to settle down
Sun Jul 26 14:14:52 CEST 2020 Waiting done, starting task!
Sun Jul 26 14:14:52 CEST 2020 Waiting done, starting task!
Sun Jul 26 14:14:52 CEST 2020 Waiting done, starting task!
Sun Jul 26 14:14:52 CEST 2020 Waiting done, starting task!
Sun Jul 26 14:14:52 CEST 2020 Waiting done, starting task!
Sun Jul 26 14:14:52 CEST 2020 Waiting done, starting task!
Sun Jul 26 14:14:52 CEST 2020 Waiting done, starting task!
Sun Jul 26 14:14:52 CEST 2020 Waiting done, starting task!
Sun Jul 26 14:14:52 CEST 2020 Waiting done, starting task!
Sun Jul 26 14:14:52 CEST 2020 Waiting done, starting task!
Sun Jul 26 14:14:52 CEST 2020 Waiting done, starting task!
Sun Jul 26 14:14:52 CEST 2020 Waiting done, starting task!
Sun Jul 26 14:14:52 CEST 2020 Waiting done, starting task!
Sun Jul 26 14:14:52 CEST 2020 Waiting done, starting task!
Sun Jul 26 14:14:52 CEST 2020 Waiting done, starting task!
Sun Jul 26 14:14:53 CEST 2020 Waiting done, starting task!
Sun Jul 26 14:14:53 CEST 2020 Waiting done, starting task!
Sun Jul 26 14:14:53 CEST 2020 Waiting done, starting task!
Sun Jul 26 14:14:53 CEST 2020 Waiting done, starting task!
Sun Jul 26 14:14:53 CEST 2020 Waiting done, starting task!
480
/hiskp4/gross/bachelorarbeit
