Tue Jul 21 14:26:06 CEST 2020 Waiting for 30 seconds before starting the job to allow the node to settle down
Tue Jul 21 14:26:36 CEST 2020 Waiting done, starting task!
240 1
Tue Jul 21 14:26:37 CEST 2020 Waiting for 30 seconds before starting the job to allow the node to settle down
Tue Jul 21 14:27:07 CEST 2020 Waiting done, starting task!
240
240 2
Tue Jul 21 14:27:37 CEST 2020 Waiting for 30 seconds before starting the job to allow the node to settle down
Tue Jul 21 14:27:37 CEST 2020 Waiting for 30 seconds before starting the job to allow the node to settle down
Tue Jul 21 14:28:07 CEST 2020 Waiting done, starting task!
Tue Jul 21 14:28:07 CEST 2020 Waiting done, starting task!
240
240 3
Tue Jul 21 14:28:23 CEST 2020 Waiting for 30 seconds before starting the job to allow the node to settle down
Tue Jul 21 14:28:23 CEST 2020 Waiting for 30 seconds before starting the job to allow the node to settle down
Tue Jul 21 14:28:23 CEST 2020 Waiting for 30 seconds before starting the job to allow the node to settle down
Tue Jul 21 14:28:53 CEST 2020 Waiting done, starting task!
Tue Jul 21 14:28:53 CEST 2020 Waiting done, starting task!
Tue Jul 21 14:28:53 CEST 2020 Waiting done, starting task!
240
240 4
Tue Jul 21 14:29:04 CEST 2020 Waiting for 30 seconds before starting the job to allow the node to settle down
Tue Jul 21 14:29:04 CEST 2020 Waiting for 30 seconds before starting the job to allow the node to settle down
Tue Jul 21 14:29:04 CEST 2020 Waiting for 30 seconds before starting the job to allow the node to settle down
Tue Jul 21 14:29:04 CEST 2020 Waiting for 30 seconds before starting the job to allow the node to settle down
Tue Jul 21 14:29:34 CEST 2020 Waiting done, starting task!
Tue Jul 21 14:29:34 CEST 2020 Waiting done, starting task!
Tue Jul 21 14:29:34 CEST 2020 Waiting done, starting task!
Tue Jul 21 14:29:34 CEST 2020 Waiting done, starting task!
240
240 5
Tue Jul 21 14:29:43 CEST 2020 Waiting for 30 seconds before starting the job to allow the node to settle down
Tue Jul 21 14:29:43 CEST 2020 Waiting for 30 seconds before starting the job to allow the node to settle down
Tue Jul 21 14:29:43 CEST 2020 Waiting for 30 seconds before starting the job to allow the node to settle down
Tue Jul 21 14:29:43 CEST 2020 Waiting for 30 seconds before starting the job to allow the node to settle down
Tue Jul 21 14:29:43 CEST 2020 Waiting for 30 seconds before starting the job to allow the node to settle down
Tue Jul 21 14:30:13 CEST 2020 Waiting done, starting task!
Tue Jul 21 14:30:13 CEST 2020 Waiting done, starting task!
Tue Jul 21 14:30:13 CEST 2020 Waiting done, starting task!
Tue Jul 21 14:30:13 CEST 2020 Waiting done, starting task!
Tue Jul 21 14:30:13 CEST 2020 Waiting done, starting task!
240
240 6
Tue Jul 21 14:30:21 CEST 2020 Waiting for 30 seconds before starting the job to allow the node to settle down
Tue Jul 21 14:30:21 CEST 2020 Waiting for 30 seconds before starting the job to allow the node to settle down
Tue Jul 21 14:30:21 CEST 2020 Waiting for 30 seconds before starting the job to allow the node to settle down
Tue Jul 21 14:30:21 CEST 2020 Waiting for 30 seconds before starting the job to allow the node to settle down
Tue Jul 21 14:30:21 CEST 2020 Waiting for 30 seconds before starting the job to allow the node to settle down
Tue Jul 21 14:30:21 CEST 2020 Waiting for 30 seconds before starting the job to allow the node to settle down
Tue Jul 21 14:30:51 CEST 2020 Waiting done, starting task!
Tue Jul 21 14:30:51 CEST 2020 Waiting done, starting task!
Tue Jul 21 14:30:51 CEST 2020 Waiting done, starting task!
Tue Jul 21 14:30:51 CEST 2020 Waiting done, starting task!
Tue Jul 21 14:30:51 CEST 2020 Waiting done, starting task!
Tue Jul 21 14:30:51 CEST 2020 Waiting done, starting task!
240
240 8
Tue Jul 21 14:30:58 CEST 2020 Waiting for 30 seconds before starting the job to allow the node to settle down
Tue Jul 21 14:30:58 CEST 2020 Waiting for 30 seconds before starting the job to allow the node to settle down
Tue Jul 21 14:30:58 CEST 2020 Waiting for 30 seconds before starting the job to allow the node to settle down
Tue Jul 21 14:30:58 CEST 2020 Waiting for 30 seconds before starting the job to allow the node to settle down
Tue Jul 21 14:30:58 CEST 2020 Waiting for 30 seconds before starting the job to allow the node to settle down
Tue Jul 21 14:30:58 CEST 2020 Waiting for 30 seconds before starting the job to allow the node to settle down
Tue Jul 21 14:30:58 CEST 2020 Waiting for 30 seconds before starting the job to allow the node to settle down
Tue Jul 21 14:30:58 CEST 2020 Waiting for 30 seconds before starting the job to allow the node to settle down
Tue Jul 21 14:31:28 CEST 2020 Waiting done, starting task!
Tue Jul 21 14:31:28 CEST 2020 Waiting done, starting task!
Tue Jul 21 14:31:28 CEST 2020 Waiting done, starting task!
Tue Jul 21 14:31:28 CEST 2020 Waiting done, starting task!
Tue Jul 21 14:31:28 CEST 2020 Waiting done, starting task!
Tue Jul 21 14:31:28 CEST 2020 Waiting done, starting task!
Tue Jul 21 14:31:28 CEST 2020 Waiting done, starting task!
Tue Jul 21 14:31:28 CEST 2020 Waiting done, starting task!
240
240 10
Tue Jul 21 14:31:34 CEST 2020 Waiting for 30 seconds before starting the job to allow the node to settle down
Tue Jul 21 14:31:34 CEST 2020 Waiting for 30 seconds before starting the job to allow the node to settle down
Tue Jul 21 14:31:34 CEST 2020 Waiting for 30 seconds before starting the job to allow the node to settle down
Tue Jul 21 14:31:34 CEST 2020 Waiting for 30 seconds before starting the job to allow the node to settle down
Tue Jul 21 14:31:34 CEST 2020 Waiting for 30 seconds before starting the job to allow the node to settle down
Tue Jul 21 14:31:34 CEST 2020 Waiting for 30 seconds before starting the job to allow the node to settle down
Tue Jul 21 14:31:34 CEST 2020 Waiting for 30 seconds before starting the job to allow the node to settle down
Tue Jul 21 14:31:34 CEST 2020 Waiting for 30 seconds before starting the job to allow the node to settle down
Tue Jul 21 14:31:34 CEST 2020 Waiting for 30 seconds before starting the job to allow the node to settle down
Tue Jul 21 14:31:34 CEST 2020 Waiting for 30 seconds before starting the job to allow the node to settle down
Tue Jul 21 14:32:04 CEST 2020 Waiting done, starting task!
Tue Jul 21 14:32:04 CEST 2020 Waiting done, starting task!
Tue Jul 21 14:32:04 CEST 2020 Waiting done, starting task!
Tue Jul 21 14:32:04 CEST 2020 Waiting done, starting task!
Tue Jul 21 14:32:04 CEST 2020 Waiting done, starting task!
Tue Jul 21 14:32:04 CEST 2020 Waiting done, starting task!
Tue Jul 21 14:32:04 CEST 2020 Waiting done, starting task!
Tue Jul 21 14:32:04 CEST 2020 Waiting done, starting task!
Tue Jul 21 14:32:04 CEST 2020 Waiting done, starting task!
Tue Jul 21 14:32:04 CEST 2020 Waiting done, starting task!
240
240 12
Tue Jul 21 14:32:09 CEST 2020 Waiting for 30 seconds before starting the job to allow the node to settle down
Tue Jul 21 14:32:09 CEST 2020 Waiting for 30 seconds before starting the job to allow the node to settle down
Tue Jul 21 14:32:09 CEST 2020 Waiting for 30 seconds before starting the job to allow the node to settle down
Tue Jul 21 14:32:09 CEST 2020 Waiting for 30 seconds before starting the job to allow the node to settle down
Tue Jul 21 14:32:09 CEST 2020 Waiting for 30 seconds before starting the job to allow the node to settle down
Tue Jul 21 14:32:09 CEST 2020 Waiting for 30 seconds before starting the job to allow the node to settle down
Tue Jul 21 14:32:09 CEST 2020 Waiting for 30 seconds before starting the job to allow the node to settle down
Tue Jul 21 14:32:09 CEST 2020 Waiting for 30 seconds before starting the job to allow the node to settle down
Tue Jul 21 14:32:09 CEST 2020 Waiting for 30 seconds before starting the job to allow the node to settle down
Tue Jul 21 14:32:09 CEST 2020 Waiting for 30 seconds before starting the job to allow the node to settle down
Tue Jul 21 14:32:09 CEST 2020 Waiting for 30 seconds before starting the job to allow the node to settle down
Tue Jul 21 14:32:09 CEST 2020 Waiting for 30 seconds before starting the job to allow the node to settle down
Tue Jul 21 14:32:39 CEST 2020 Waiting done, starting task!
Tue Jul 21 14:32:39 CEST 2020 Waiting done, starting task!
Tue Jul 21 14:32:39 CEST 2020 Waiting done, starting task!
Tue Jul 21 14:32:39 CEST 2020 Waiting done, starting task!
Tue Jul 21 14:32:39 CEST 2020 Waiting done, starting task!
Tue Jul 21 14:32:39 CEST 2020 Waiting done, starting task!
Tue Jul 21 14:32:39 CEST 2020 Waiting done, starting task!
Tue Jul 21 14:32:39 CEST 2020 Waiting done, starting task!
Tue Jul 21 14:32:39 CEST 2020 Waiting done, starting task!
Tue Jul 21 14:32:39 CEST 2020 Waiting done, starting task!
Tue Jul 21 14:32:39 CEST 2020 Waiting done, starting task!
Tue Jul 21 14:32:39 CEST 2020 Waiting done, starting task!
240
240 15
Tue Jul 21 14:32:44 CEST 2020 Waiting for 30 seconds before starting the job to allow the node to settle down
Tue Jul 21 14:32:44 CEST 2020 Waiting for 30 seconds before starting the job to allow the node to settle down
Tue Jul 21 14:32:44 CEST 2020 Waiting for 30 seconds before starting the job to allow the node to settle down
Tue Jul 21 14:32:44 CEST 2020 Waiting for 30 seconds before starting the job to allow the node to settle down
Tue Jul 21 14:32:44 CEST 2020 Waiting for 30 seconds before starting the job to allow the node to settle down
Tue Jul 21 14:32:44 CEST 2020 Waiting for 30 seconds before starting the job to allow the node to settle down
Tue Jul 21 14:32:44 CEST 2020 Waiting for 30 seconds before starting the job to allow the node to settle down
Tue Jul 21 14:32:44 CEST 2020 Waiting for 30 seconds before starting the job to allow the node to settle down
Tue Jul 21 14:32:44 CEST 2020 Waiting for 30 seconds before starting the job to allow the node to settle down
Tue Jul 21 14:32:44 CEST 2020 Waiting for 30 seconds before starting the job to allow the node to settle down
Tue Jul 21 14:32:44 CEST 2020 Waiting for 30 seconds before starting the job to allow the node to settle down
Tue Jul 21 14:32:44 CEST 2020 Waiting for 30 seconds before starting the job to allow the node to settle down
Tue Jul 21 14:32:44 CEST 2020 Waiting for 30 seconds before starting the job to allow the node to settle down
Tue Jul 21 14:32:44 CEST 2020 Waiting for 30 seconds before starting the job to allow the node to settle down
Tue Jul 21 14:32:44 CEST 2020 Waiting for 30 seconds before starting the job to allow the node to settle down
Tue Jul 21 14:33:14 CEST 2020 Waiting done, starting task!
Tue Jul 21 14:33:14 CEST 2020 Waiting done, starting task!
Tue Jul 21 14:33:14 CEST 2020 Waiting done, starting task!
Tue Jul 21 14:33:14 CEST 2020 Waiting done, starting task!
Tue Jul 21 14:33:14 CEST 2020 Waiting done, starting task!
Tue Jul 21 14:33:14 CEST 2020 Waiting done, starting task!
Tue Jul 21 14:33:14 CEST 2020 Waiting done, starting task!
Tue Jul 21 14:33:14 CEST 2020 Waiting done, starting task!
Tue Jul 21 14:33:14 CEST 2020 Waiting done, starting task!
Tue Jul 21 14:33:14 CEST 2020 Waiting done, starting task!
Tue Jul 21 14:33:14 CEST 2020 Waiting done, starting task!
Tue Jul 21 14:33:14 CEST 2020 Waiting done, starting task!
Tue Jul 21 14:33:14 CEST 2020 Waiting done, starting task!
Tue Jul 21 14:33:14 CEST 2020 Waiting done, starting task!
Tue Jul 21 14:33:14 CEST 2020 Waiting done, starting task!
240
240 16
Tue Jul 21 14:33:18 CEST 2020 Waiting for 30 seconds before starting the job to allow the node to settle down
Tue Jul 21 14:33:18 CEST 2020 Waiting for 30 seconds before starting the job to allow the node to settle down
Tue Jul 21 14:33:18 CEST 2020 Waiting for 30 seconds before starting the job to allow the node to settle down
Tue Jul 21 14:33:18 CEST 2020 Waiting for 30 seconds before starting the job to allow the node to settle down
Tue Jul 21 14:33:18 CEST 2020 Waiting for 30 seconds before starting the job to allow the node to settle down
Tue Jul 21 14:33:18 CEST 2020 Waiting for 30 seconds before starting the job to allow the node to settle down
Tue Jul 21 14:33:18 CEST 2020 Waiting for 30 seconds before starting the job to allow the node to settle down
Tue Jul 21 14:33:18 CEST 2020 Waiting for 30 seconds before starting the job to allow the node to settle down
Tue Jul 21 14:33:18 CEST 2020 Waiting for 30 seconds before starting the job to allow the node to settle down
Tue Jul 21 14:33:18 CEST 2020 Waiting for 30 seconds before starting the job to allow the node to settle down
Tue Jul 21 14:33:18 CEST 2020 Waiting for 30 seconds before starting the job to allow the node to settle down
Tue Jul 21 14:33:18 CEST 2020 Waiting for 30 seconds before starting the job to allow the node to settle down
Tue Jul 21 14:33:18 CEST 2020 Waiting for 30 seconds before starting the job to allow the node to settle down
Tue Jul 21 14:33:19 CEST 2020 Waiting for 30 seconds before starting the job to allow the node to settle down
Tue Jul 21 14:33:19 CEST 2020 Waiting for 30 seconds before starting the job to allow the node to settle down
Tue Jul 21 14:33:19 CEST 2020 Waiting for 30 seconds before starting the job to allow the node to settle down
Tue Jul 21 14:33:48 CEST 2020 Waiting done, starting task!
Tue Jul 21 14:33:48 CEST 2020 Waiting done, starting task!
Tue Jul 21 14:33:48 CEST 2020 Waiting done, starting task!
Tue Jul 21 14:33:48 CEST 2020 Waiting done, starting task!
Tue Jul 21 14:33:48 CEST 2020 Waiting done, starting task!
Tue Jul 21 14:33:48 CEST 2020 Waiting done, starting task!
Tue Jul 21 14:33:48 CEST 2020 Waiting done, starting task!
Tue Jul 21 14:33:48 CEST 2020 Waiting done, starting task!
Tue Jul 21 14:33:48 CEST 2020 Waiting done, starting task!
Tue Jul 21 14:33:48 CEST 2020 Waiting done, starting task!
Tue Jul 21 14:33:48 CEST 2020 Waiting done, starting task!
Tue Jul 21 14:33:49 CEST 2020 Waiting done, starting task!
Tue Jul 21 14:33:49 CEST 2020 Waiting done, starting task!
Tue Jul 21 14:33:49 CEST 2020 Waiting done, starting task!
Tue Jul 21 14:33:48 CEST 2020 Waiting done, starting task!
Tue Jul 21 14:33:48 CEST 2020 Waiting done, starting task!
240
240 20
Tue Jul 21 14:33:53 CEST 2020 Waiting for 30 seconds before starting the job to allow the node to settle down
Tue Jul 21 14:33:53 CEST 2020 Waiting for 30 seconds before starting the job to allow the node to settle down
Tue Jul 21 14:33:53 CEST 2020 Waiting for 30 seconds before starting the job to allow the node to settle down
Tue Jul 21 14:33:53 CEST 2020 Waiting for 30 seconds before starting the job to allow the node to settle down
Tue Jul 21 14:33:53 CEST 2020 Waiting for 30 seconds before starting the job to allow the node to settle down
Tue Jul 21 14:33:53 CEST 2020 Waiting for 30 seconds before starting the job to allow the node to settle down
Tue Jul 21 14:33:53 CEST 2020 Waiting for 30 seconds before starting the job to allow the node to settle down
Tue Jul 21 14:33:53 CEST 2020 Waiting for 30 seconds before starting the job to allow the node to settle down
Tue Jul 21 14:33:53 CEST 2020 Waiting for 30 seconds before starting the job to allow the node to settle down
Tue Jul 21 14:33:53 CEST 2020 Waiting for 30 seconds before starting the job to allow the node to settle down
Tue Jul 21 14:33:53 CEST 2020 Waiting for 30 seconds before starting the job to allow the node to settle down
Tue Jul 21 14:33:53 CEST 2020 Waiting for 30 seconds before starting the job to allow the node to settle down
Tue Jul 21 14:33:53 CEST 2020 Waiting for 30 seconds before starting the job to allow the node to settle down
Tue Jul 21 14:33:53 CEST 2020 Waiting for 30 seconds before starting the job to allow the node to settle down
Tue Jul 21 14:33:53 CEST 2020 Waiting for 30 seconds before starting the job to allow the node to settle down
Tue Jul 21 14:33:53 CEST 2020 Waiting for 30 seconds before starting the job to allow the node to settle down
Tue Jul 21 14:33:53 CEST 2020 Waiting for 30 seconds before starting the job to allow the node to settle down
Tue Jul 21 14:33:53 CEST 2020 Waiting for 30 seconds before starting the job to allow the node to settle down
Tue Jul 21 14:33:53 CEST 2020 Waiting for 30 seconds before starting the job to allow the node to settle down
Tue Jul 21 14:33:53 CEST 2020 Waiting for 30 seconds before starting the job to allow the node to settle down
Tue Jul 21 14:34:23 CEST 2020 Waiting done, starting task!
Tue Jul 21 14:34:23 CEST 2020 Waiting done, starting task!
Tue Jul 21 14:34:23 CEST 2020 Waiting done, starting task!
Tue Jul 21 14:34:23 CEST 2020 Waiting done, starting task!
Tue Jul 21 14:34:23 CEST 2020 Waiting done, starting task!
Tue Jul 21 14:34:23 CEST 2020 Waiting done, starting task!
Tue Jul 21 14:34:23 CEST 2020 Waiting done, starting task!
Tue Jul 21 14:34:23 CEST 2020 Waiting done, starting task!
Tue Jul 21 14:34:23 CEST 2020 Waiting done, starting task!
Tue Jul 21 14:34:23 CEST 2020 Waiting done, starting task!
Tue Jul 21 14:34:23 CEST 2020 Waiting done, starting task!
Tue Jul 21 14:34:23 CEST 2020 Waiting done, starting task!
Tue Jul 21 14:34:23 CEST 2020 Waiting done, starting task!
Tue Jul 21 14:34:23 CEST 2020 Waiting done, starting task!
Tue Jul 21 14:34:23 CEST 2020 Waiting done, starting task!
Tue Jul 21 14:34:23 CEST 2020 Waiting done, starting task!
Tue Jul 21 14:34:23 CEST 2020 Waiting done, starting task!
Tue Jul 21 14:34:23 CEST 2020 Waiting done, starting task!
Tue Jul 21 14:34:23 CEST 2020 Waiting done, starting task!
Tue Jul 21 14:34:23 CEST 2020 Waiting done, starting task!
240
/hiskp4/gross/bachelorarbeit
