Wed Jun  3 13:18:34 CEST 2020 Waiting for 30 seconds before starting the job to allow the node to settle down
Wed Jun  3 13:19:04 CEST 2020 Waiting done, starting task!
Wed Jun  3 13:19:04 CEST 2020 Waiting for 30 seconds before starting the job to allow the node to settle down
Wed Jun  3 13:19:34 CEST 2020 Waiting done, starting task!
Laenge=6
bei 1 cores haben 1000 Messungen 0.009668 Sekunden gebraucht
bei 2 cores haben 1000 Messungen 0.016481 Sekunden gebraucht
bei 3 cores haben 1000 Messungen 0.015954 Sekunden gebraucht
bei 4 cores haben 1000 Messungen 0.018581 Sekunden gebraucht
bei 5 cores haben 1000 Messungen 0.018875 Sekunden gebraucht
bei 6 cores haben 1000 Messungen 0.024359 Sekunden gebraucht
bei 7 cores haben 1000 Messungen 0.024974 Sekunden gebraucht
bei 8 cores haben 1000 Messungen 0.030168 Sekunden gebraucht
bei 9 cores haben 1000 Messungen 0.051456 Sekunden gebraucht
bei 1 cores haben 1000 Messungen 0.008132 Sekunden gebraucht
bei 2 cores haben 1000 Messungen 0.015742 Sekunden gebraucht
bei 3 cores haben 1000 Messungen 0.015942 Sekunden gebraucht
bei 4 cores haben 1000 Messungen 0.019728 Sekunden gebraucht
bei 5 cores haben 1000 Messungen 0.020260 Sekunden gebraucht
bei 6 cores haben 1000 Messungen 0.024161 Sekunden gebraucht
bei 7 cores haben 1000 Messungen 0.024296 Sekunden gebraucht
bei 8 cores haben 1000 Messungen 0.029668 Sekunden gebraucht
bei 9 cores haben 1000 Messungen 0.030384 Sekunden gebraucht
bei 1 cores haben 1000 Messungen 0.006870 Sekunden gebraucht
bei 2 cores haben 1000 Messungen 0.013715 Sekunden gebraucht
bei 3 cores haben 1000 Messungen 0.014709 Sekunden gebraucht
bei 4 cores haben 1000 Messungen 0.014061 Sekunden gebraucht
bei 5 cores haben 1000 Messungen 0.018633 Sekunden gebraucht
bei 6 cores haben 1000 Messungen 0.019074 Sekunden gebraucht
bei 7 cores haben 1000 Messungen 0.023052 Sekunden gebraucht
bei 8 cores haben 1000 Messungen 0.021582 Sekunden gebraucht
bei 9 cores haben 1000 Messungen 0.023316 Sekunden gebraucht
bei 1 cores haben 1000 Messungen 0.006476 Sekunden gebraucht
bei 2 cores haben 1000 Messungen 0.012534 Sekunden gebraucht
bei 3 cores haben 1000 Messungen 0.013742 Sekunden gebraucht
bei 4 cores haben 1000 Messungen 0.013990 Sekunden gebraucht
bei 5 cores haben 1000 Messungen 0.017585 Sekunden gebraucht
bei 6 cores haben 1000 Messungen 0.018015 Sekunden gebraucht
bei 7 cores haben 1000 Messungen 0.022459 Sekunden gebraucht
bei 8 cores haben 1000 Messungen 0.021002 Sekunden gebraucht
bei 9 cores haben 1000 Messungen 0.076036 Sekunden gebraucht
bei 1 cores haben 1000 Messungen 0.006579 Sekunden gebraucht
bei 2 cores haben 1000 Messungen 0.012530 Sekunden gebraucht
bei 3 cores haben 1000 Messungen 0.013452 Sekunden gebraucht
bei 4 cores haben 1000 Messungen 0.013305 Sekunden gebraucht
bei 5 cores haben 1000 Messungen 0.017624 Sekunden gebraucht
bei 6 cores haben 1000 Messungen 0.020955 Sekunden gebraucht
bei 7 cores haben 1000 Messungen 0.022740 Sekunden gebraucht
bei 8 cores haben 1000 Messungen 0.022483 Sekunden gebraucht
bei 9 cores haben 1000 Messungen 0.027884 Sekunden gebraucht
bei 1 cores haben 1000 Messungen 0.006427 Sekunden gebraucht
bei 2 cores haben 1000 Messungen 0.012453 Sekunden gebraucht
bei 3 cores haben 1000 Messungen 0.013466 Sekunden gebraucht
bei 4 cores haben 1000 Messungen 0.013468 Sekunden gebraucht
bei 5 cores haben 1000 Messungen 0.017517 Sekunden gebraucht
bei 6 cores haben 1000 Messungen 0.018301 Sekunden gebraucht
bei 7 cores haben 1000 Messungen 0.022913 Sekunden gebraucht
bei 8 cores haben 1000 Messungen 0.023807 Sekunden gebraucht
bei 9 cores haben 1000 Messungen 0.028148 Sekunden gebraucht
bei 1 cores haben 1000 Messungen 0.006677 Sekunden gebraucht
bei 2 cores haben 1000 Messungen 0.012407 Sekunden gebraucht
bei 3 cores haben 1000 Messungen 0.013331 Sekunden gebraucht
bei 4 cores haben 1000 Messungen 0.012973 Sekunden gebraucht
bei 5 cores haben 1000 Messungen 0.017626 Sekunden gebraucht
bei 6 cores haben 1000 Messungen 0.018203 Sekunden gebraucht
bei 7 cores haben 1000 Messungen 0.022469 Sekunden gebraucht
bei 8 cores haben 1000 Messungen 0.021165 Sekunden gebraucht
bei 9 cores haben 1000 Messungen 0.023795 Sekunden gebraucht
bei 1 cores haben 1000 Messungen 0.006386 Sekunden gebraucht
bei 2 cores haben 1000 Messungen 0.012536 Sekunden gebraucht
bei 3 cores haben 1000 Messungen 0.013558 Sekunden gebraucht
bei 4 cores haben 1000 Messungen 0.013061 Sekunden gebraucht
bei 5 cores haben 1000 Messungen 0.017659 Sekunden gebraucht
bei 6 cores haben 1000 Messungen 0.018613 Sekunden gebraucht
bei 7 cores haben 1000 Messungen 0.022898 Sekunden gebraucht
bei 8 cores haben 1000 Messungen 0.020606 Sekunden gebraucht
bei 9 cores haben 1000 Messungen 0.023199 Sekunden gebraucht
bei 1 cores haben 1000 Messungen 0.006367 Sekunden gebraucht
bei 2 cores haben 1000 Messungen 0.012680 Sekunden gebraucht
bei 3 cores haben 1000 Messungen 0.013389 Sekunden gebraucht
bei 4 cores haben 1000 Messungen 0.013065 Sekunden gebraucht
bei 5 cores haben 1000 Messungen 0.017511 Sekunden gebraucht
bei 6 cores haben 1000 Messungen 0.018512 Sekunden gebraucht
bei 7 cores haben 1000 Messungen 0.022848 Sekunden gebraucht
bei 8 cores haben 1000 Messungen 0.024204 Sekunden gebraucht
bei 9 cores haben 1000 Messungen 0.027963 Sekunden gebraucht
bei 1 cores haben 1000 Messungen 0.006323 Sekunden gebraucht
bei 2 cores haben 1000 Messungen 0.012266 Sekunden gebraucht
bei 3 cores haben 1000 Messungen 0.013632 Sekunden gebraucht
bei 4 cores haben 1000 Messungen 0.013145 Sekunden gebraucht
bei 5 cores haben 1000 Messungen 0.017582 Sekunden gebraucht
bei 6 cores haben 1000 Messungen 0.018580 Sekunden gebraucht
bei 7 cores haben 1000 Messungen 0.022746 Sekunden gebraucht
bei 8 cores haben 1000 Messungen 0.023651 Sekunden gebraucht
bei 9 cores haben 1000 Messungen 0.027885 Sekunden gebraucht
Laenge=10
bei 1 cores haben 1000 Messungen 0.012991 Sekunden gebraucht
bei 2 cores haben 1000 Messungen 0.016461 Sekunden gebraucht
bei 3 cores haben 1000 Messungen 0.021893 Sekunden gebraucht
bei 4 cores haben 1000 Messungen 0.016343 Sekunden gebraucht
bei 5 cores haben 1000 Messungen 0.019135 Sekunden gebraucht
bei 6 cores haben 1000 Messungen 0.024120 Sekunden gebraucht
bei 7 cores haben 1000 Messungen 0.029117 Sekunden gebraucht
bei 8 cores haben 1000 Messungen 0.033857 Sekunden gebraucht
bei 9 cores haben 1000 Messungen 0.030167 Sekunden gebraucht
bei 1 cores haben 1000 Messungen 0.012761 Sekunden gebraucht
bei 2 cores haben 1000 Messungen 0.024075 Sekunden gebraucht
bei 3 cores haben 1000 Messungen 0.020184 Sekunden gebraucht
bei 4 cores haben 1000 Messungen 0.021008 Sekunden gebraucht
bei 5 cores haben 1000 Messungen 0.022344 Sekunden gebraucht
bei 6 cores haben 1000 Messungen 0.022205 Sekunden gebraucht
bei 7 cores haben 1000 Messungen 0.024784 Sekunden gebraucht
bei 8 cores haben 1000 Messungen 0.025668 Sekunden gebraucht
bei 9 cores haben 1000 Messungen 0.030092 Sekunden gebraucht
bei 1 cores haben 1000 Messungen 0.013144 Sekunden gebraucht
bei 2 cores haben 1000 Messungen 0.016168 Sekunden gebraucht
bei 3 cores haben 1000 Messungen 0.016598 Sekunden gebraucht
bei 4 cores haben 1000 Messungen 0.017527 Sekunden gebraucht
bei 5 cores haben 1000 Messungen 0.020387 Sekunden gebraucht
bei 6 cores haben 1000 Messungen 0.020999 Sekunden gebraucht
bei 7 cores haben 1000 Messungen 0.024871 Sekunden gebraucht
bei 8 cores haben 1000 Messungen 0.026043 Sekunden gebraucht
bei 9 cores haben 1000 Messungen 0.030001 Sekunden gebraucht
bei 1 cores haben 1000 Messungen 0.012874 Sekunden gebraucht
bei 2 cores haben 1000 Messungen 0.015867 Sekunden gebraucht
bei 3 cores haben 1000 Messungen 0.018147 Sekunden gebraucht
bei 4 cores haben 1000 Messungen 0.016472 Sekunden gebraucht
bei 5 cores haben 1000 Messungen 0.021209 Sekunden gebraucht
bei 6 cores haben 1000 Messungen 0.021995 Sekunden gebraucht
bei 7 cores haben 1000 Messungen 0.025827 Sekunden gebraucht
bei 8 cores haben 1000 Messungen 0.026307 Sekunden gebraucht
bei 9 cores haben 1000 Messungen 0.030103 Sekunden gebraucht
bei 1 cores haben 1000 Messungen 0.012737 Sekunden gebraucht
bei 2 cores haben 1000 Messungen 0.016452 Sekunden gebraucht
bei 3 cores haben 1000 Messungen 0.016205 Sekunden gebraucht
bei 4 cores haben 1000 Messungen 0.017304 Sekunden gebraucht
bei 5 cores haben 1000 Messungen 0.020809 Sekunden gebraucht
bei 6 cores haben 1000 Messungen 0.022282 Sekunden gebraucht
bei 7 cores haben 1000 Messungen 0.025389 Sekunden gebraucht
bei 8 cores haben 1000 Messungen 0.025836 Sekunden gebraucht
bei 9 cores haben 1000 Messungen 0.030044 Sekunden gebraucht
bei 1 cores haben 1000 Messungen 0.012747 Sekunden gebraucht
bei 2 cores haben 1000 Messungen 0.016545 Sekunden gebraucht
bei 3 cores haben 1000 Messungen 0.016359 Sekunden gebraucht
bei 4 cores haben 1000 Messungen 0.017723 Sekunden gebraucht
bei 5 cores haben 1000 Messungen 0.020708 Sekunden gebraucht
bei 6 cores haben 1000 Messungen 0.025332 Sekunden gebraucht
bei 7 cores haben 1000 Messungen 0.025171 Sekunden gebraucht
bei 8 cores haben 1000 Messungen 0.025611 Sekunden gebraucht
bei 9 cores haben 1000 Messungen 0.030062 Sekunden gebraucht
bei 1 cores haben 1000 Messungen 0.012820 Sekunden gebraucht
bei 2 cores haben 1000 Messungen 0.016299 Sekunden gebraucht
bei 3 cores haben 1000 Messungen 0.016312 Sekunden gebraucht
bei 4 cores haben 1000 Messungen 0.017706 Sekunden gebraucht
bei 5 cores haben 1000 Messungen 0.020532 Sekunden gebraucht
bei 6 cores haben 1000 Messungen 0.021425 Sekunden gebraucht
bei 7 cores haben 1000 Messungen 0.025078 Sekunden gebraucht
bei 8 cores haben 1000 Messungen 0.025371 Sekunden gebraucht
bei 9 cores haben 1000 Messungen 0.030136 Sekunden gebraucht
bei 1 cores haben 1000 Messungen 0.012779 Sekunden gebraucht
bei 2 cores haben 1000 Messungen 0.016378 Sekunden gebraucht
bei 3 cores haben 1000 Messungen 0.016443 Sekunden gebraucht
bei 4 cores haben 1000 Messungen 0.016287 Sekunden gebraucht
bei 5 cores haben 1000 Messungen 0.020603 Sekunden gebraucht
bei 6 cores haben 1000 Messungen 0.021095 Sekunden gebraucht
bei 7 cores haben 1000 Messungen 0.025034 Sekunden gebraucht
bei 8 cores haben 1000 Messungen 0.026402 Sekunden gebraucht
bei 9 cores haben 1000 Messungen 0.030046 Sekunden gebraucht
bei 1 cores haben 1000 Messungen 0.012868 Sekunden gebraucht
bei 2 cores haben 1000 Messungen 0.024002 Sekunden gebraucht
bei 3 cores haben 1000 Messungen 0.020215 Sekunden gebraucht
bei 4 cores haben 1000 Messungen 0.019703 Sekunden gebraucht
bei 5 cores haben 1000 Messungen 0.021608 Sekunden gebraucht
bei 6 cores haben 1000 Messungen 0.021757 Sekunden gebraucht
bei 7 cores haben 1000 Messungen 0.024620 Sekunden gebraucht
bei 8 cores haben 1000 Messungen 0.025393 Sekunden gebraucht
bei 9 cores haben 1000 Messungen 0.029934 Sekunden gebraucht
bei 1 cores haben 1000 Messungen 0.012823 Sekunden gebraucht
bei 2 cores haben 1000 Messungen 0.016373 Sekunden gebraucht
bei 3 cores haben 1000 Messungen 0.016447 Sekunden gebraucht
bei 4 cores haben 1000 Messungen 0.016245 Sekunden gebraucht
bei 5 cores haben 1000 Messungen 0.020463 Sekunden gebraucht
bei 6 cores haben 1000 Messungen 0.021212 Sekunden gebraucht
bei 7 cores haben 1000 Messungen 0.025158 Sekunden gebraucht
bei 8 cores haben 1000 Messungen 0.025489 Sekunden gebraucht
bei 9 cores haben 1000 Messungen 0.029955 Sekunden gebraucht
Laenge=20
bei 1 cores haben 1000 Messungen 0.041969 Sekunden gebraucht
bei 2 cores haben 1000 Messungen 0.063936 Sekunden gebraucht
bei 3 cores haben 1000 Messungen 0.051346 Sekunden gebraucht
bei 4 cores haben 1000 Messungen 0.038837 Sekunden gebraucht
bei 5 cores haben 1000 Messungen 0.035368 Sekunden gebraucht
bei 6 cores haben 1000 Messungen 0.039512 Sekunden gebraucht
bei 7 cores haben 1000 Messungen 0.035692 Sekunden gebraucht
bei 8 cores haben 1000 Messungen 0.039392 Sekunden gebraucht
bei 9 cores haben 1000 Messungen 0.044622 Sekunden gebraucht
bei 1 cores haben 1000 Messungen 0.041250 Sekunden gebraucht
bei 2 cores haben 1000 Messungen 0.064035 Sekunden gebraucht
bei 3 cores haben 1000 Messungen 0.041686 Sekunden gebraucht
bei 4 cores haben 1000 Messungen 0.035581 Sekunden gebraucht
bei 5 cores haben 1000 Messungen 0.035871 Sekunden gebraucht
bei 6 cores haben 1000 Messungen 0.036188 Sekunden gebraucht
bei 7 cores haben 1000 Messungen 0.038574 Sekunden gebraucht
bei 8 cores haben 1000 Messungen 0.039067 Sekunden gebraucht
bei 9 cores haben 1000 Messungen 0.044831 Sekunden gebraucht
bei 1 cores haben 1000 Messungen 0.040904 Sekunden gebraucht
bei 2 cores haben 1000 Messungen 0.054193 Sekunden gebraucht
bei 3 cores haben 1000 Messungen 0.038148 Sekunden gebraucht
bei 4 cores haben 1000 Messungen 0.031057 Sekunden gebraucht
bei 5 cores haben 1000 Messungen 0.034527 Sekunden gebraucht
bei 6 cores haben 1000 Messungen 0.035019 Sekunden gebraucht
bei 7 cores haben 1000 Messungen 0.040964 Sekunden gebraucht
bei 8 cores haben 1000 Messungen 0.042988 Sekunden gebraucht
bei 9 cores haben 1000 Messungen 0.049862 Sekunden gebraucht
bei 1 cores haben 1000 Messungen 0.041057 Sekunden gebraucht
bei 2 cores haben 1000 Messungen 0.054356 Sekunden gebraucht
bei 3 cores haben 1000 Messungen 0.038162 Sekunden gebraucht
bei 4 cores haben 1000 Messungen 0.034535 Sekunden gebraucht
bei 5 cores haben 1000 Messungen 0.035288 Sekunden gebraucht
bei 6 cores haben 1000 Messungen 0.036047 Sekunden gebraucht
bei 7 cores haben 1000 Messungen 0.039844 Sekunden gebraucht
bei 8 cores haben 1000 Messungen 0.038218 Sekunden gebraucht
bei 9 cores haben 1000 Messungen 0.041870 Sekunden gebraucht
bei 1 cores haben 1000 Messungen 0.041287 Sekunden gebraucht
bei 2 cores haben 1000 Messungen 0.063703 Sekunden gebraucht
bei 3 cores haben 1000 Messungen 0.041519 Sekunden gebraucht
bei 4 cores haben 1000 Messungen 0.035831 Sekunden gebraucht
bei 5 cores haben 1000 Messungen 0.033885 Sekunden gebraucht
bei 6 cores haben 1000 Messungen 0.036760 Sekunden gebraucht
bei 7 cores haben 1000 Messungen 0.039057 Sekunden gebraucht
bei 8 cores haben 1000 Messungen 0.037270 Sekunden gebraucht
bei 9 cores haben 1000 Messungen 0.042167 Sekunden gebraucht
bei 1 cores haben 1000 Messungen 0.041514 Sekunden gebraucht
bei 2 cores haben 1000 Messungen 0.064008 Sekunden gebraucht
bei 3 cores haben 1000 Messungen 0.041483 Sekunden gebraucht
bei 4 cores haben 1000 Messungen 0.035733 Sekunden gebraucht
bei 5 cores haben 1000 Messungen 0.040224 Sekunden gebraucht
bei 6 cores haben 1000 Messungen 0.038492 Sekunden gebraucht
bei 7 cores haben 1000 Messungen 0.038972 Sekunden gebraucht
bei 8 cores haben 1000 Messungen 0.037992 Sekunden gebraucht
bei 9 cores haben 1000 Messungen 0.041846 Sekunden gebraucht
bei 1 cores haben 1000 Messungen 0.041508 Sekunden gebraucht
bei 2 cores haben 1000 Messungen 0.054207 Sekunden gebraucht
bei 3 cores haben 1000 Messungen 0.052373 Sekunden gebraucht
bei 4 cores haben 1000 Messungen 0.036454 Sekunden gebraucht
bei 5 cores haben 1000 Messungen 0.035472 Sekunden gebraucht
bei 6 cores haben 1000 Messungen 0.036432 Sekunden gebraucht
bei 7 cores haben 1000 Messungen 0.039674 Sekunden gebraucht
bei 8 cores haben 1000 Messungen 0.038740 Sekunden gebraucht
bei 9 cores haben 1000 Messungen 0.040902 Sekunden gebraucht
bei 1 cores haben 1000 Messungen 0.040705 Sekunden gebraucht
bei 2 cores haben 1000 Messungen 0.054209 Sekunden gebraucht
bei 3 cores haben 1000 Messungen 0.038046 Sekunden gebraucht
bei 4 cores haben 1000 Messungen 0.034739 Sekunden gebraucht
bei 5 cores haben 1000 Messungen 0.035371 Sekunden gebraucht
bei 6 cores haben 1000 Messungen 0.036519 Sekunden gebraucht
bei 7 cores haben 1000 Messungen 0.038428 Sekunden gebraucht
bei 8 cores haben 1000 Messungen 0.039284 Sekunden gebraucht
bei 9 cores haben 1000 Messungen 0.048846 Sekunden gebraucht
bei 1 cores haben 1000 Messungen 0.040497 Sekunden gebraucht
bei 2 cores haben 1000 Messungen 0.063797 Sekunden gebraucht
bei 3 cores haben 1000 Messungen 0.041449 Sekunden gebraucht
bei 4 cores haben 1000 Messungen 0.031249 Sekunden gebraucht
bei 5 cores haben 1000 Messungen 0.031695 Sekunden gebraucht
bei 6 cores haben 1000 Messungen 0.035499 Sekunden gebraucht
bei 7 cores haben 1000 Messungen 0.039844 Sekunden gebraucht
bei 8 cores haben 1000 Messungen 0.046927 Sekunden gebraucht
bei 9 cores haben 1000 Messungen 0.045606 Sekunden gebraucht
bei 1 cores haben 1000 Messungen 0.041230 Sekunden gebraucht
bei 2 cores haben 1000 Messungen 0.064781 Sekunden gebraucht
bei 3 cores haben 1000 Messungen 0.041418 Sekunden gebraucht
bei 4 cores haben 1000 Messungen 0.035798 Sekunden gebraucht
bei 5 cores haben 1000 Messungen 0.035577 Sekunden gebraucht
bei 6 cores haben 1000 Messungen 0.035943 Sekunden gebraucht
bei 7 cores haben 1000 Messungen 0.038846 Sekunden gebraucht
bei 8 cores haben 1000 Messungen 0.039449 Sekunden gebraucht
bei 9 cores haben 1000 Messungen 0.045211 Sekunden gebraucht
Laenge=36
bei 1 cores haben 1000 Messungen 0.126427 Sekunden gebraucht
bei 2 cores haben 1000 Messungen 0.128123 Sekunden gebraucht
bei 3 cores haben 1000 Messungen 0.082389 Sekunden gebraucht
bei 4 cores haben 1000 Messungen 0.083502 Sekunden gebraucht
bei 5 cores haben 1000 Messungen 0.079636 Sekunden gebraucht
bei 6 cores haben 1000 Messungen 0.226081 Sekunden gebraucht
bei 7 cores haben 1000 Messungen 0.076620 Sekunden gebraucht
bei 8 cores haben 1000 Messungen 0.080034 Sekunden gebraucht
bei 9 cores haben 1000 Messungen 0.078259 Sekunden gebraucht
bei 1 cores haben 1000 Messungen 0.135525 Sekunden gebraucht
bei 2 cores haben 1000 Messungen 0.131206 Sekunden gebraucht
bei 3 cores haben 1000 Messungen 0.079213 Sekunden gebraucht
bei 4 cores haben 1000 Messungen 0.097241 Sekunden gebraucht
bei 5 cores haben 1000 Messungen 0.071945 Sekunden gebraucht
bei 6 cores haben 1000 Messungen 0.069442 Sekunden gebraucht
bei 7 cores haben 1000 Messungen 0.079523 Sekunden gebraucht
bei 8 cores haben 1000 Messungen 0.079876 Sekunden gebraucht
bei 9 cores haben 1000 Messungen 0.078478 Sekunden gebraucht
bei 1 cores haben 1000 Messungen 0.122735 Sekunden gebraucht
bei 2 cores haben 1000 Messungen 0.142915 Sekunden gebraucht
bei 3 cores haben 1000 Messungen 0.107020 Sekunden gebraucht
bei 4 cores haben 1000 Messungen 0.065700 Sekunden gebraucht
bei 5 cores haben 1000 Messungen 0.072795 Sekunden gebraucht
bei 6 cores haben 1000 Messungen 0.085766 Sekunden gebraucht
bei 7 cores haben 1000 Messungen 0.078999 Sekunden gebraucht
bei 8 cores haben 1000 Messungen 0.077880 Sekunden gebraucht
bei 9 cores haben 1000 Messungen 0.080188 Sekunden gebraucht
bei 1 cores haben 1000 Messungen 0.122292 Sekunden gebraucht
bei 2 cores haben 1000 Messungen 0.111800 Sekunden gebraucht
bei 3 cores haben 1000 Messungen 0.116313 Sekunden gebraucht
bei 4 cores haben 1000 Messungen 0.081577 Sekunden gebraucht
bei 5 cores haben 1000 Messungen 0.072097 Sekunden gebraucht
bei 6 cores haben 1000 Messungen 0.074022 Sekunden gebraucht
bei 7 cores haben 1000 Messungen 0.082024 Sekunden gebraucht
bei 8 cores haben 1000 Messungen 0.073537 Sekunden gebraucht
bei 9 cores haben 1000 Messungen 0.181725 Sekunden gebraucht
bei 1 cores haben 1000 Messungen 0.122915 Sekunden gebraucht
bei 2 cores haben 1000 Messungen 0.120059 Sekunden gebraucht
bei 3 cores haben 1000 Messungen 0.104534 Sekunden gebraucht
bei 4 cores haben 1000 Messungen 0.080572 Sekunden gebraucht
bei 5 cores haben 1000 Messungen 0.064973 Sekunden gebraucht
bei 6 cores haben 1000 Messungen 0.069082 Sekunden gebraucht
bei 7 cores haben 1000 Messungen 0.078810 Sekunden gebraucht
bei 8 cores haben 1000 Messungen 0.093269 Sekunden gebraucht
bei 9 cores haben 1000 Messungen 0.100314 Sekunden gebraucht
bei 1 cores haben 1000 Messungen 0.122731 Sekunden gebraucht
bei 2 cores haben 1000 Messungen 0.084452 Sekunden gebraucht
bei 3 cores haben 1000 Messungen 0.101749 Sekunden gebraucht
bei 4 cores haben 1000 Messungen 0.073562 Sekunden gebraucht
bei 5 cores haben 1000 Messungen 0.075291 Sekunden gebraucht
bei 6 cores haben 1000 Messungen 0.075321 Sekunden gebraucht
bei 7 cores haben 1000 Messungen 0.067827 Sekunden gebraucht
bei 8 cores haben 1000 Messungen 0.071877 Sekunden gebraucht
bei 9 cores haben 1000 Messungen 0.075173 Sekunden gebraucht
bei 1 cores haben 1000 Messungen 0.127857 Sekunden gebraucht
bei 2 cores haben 1000 Messungen 0.117073 Sekunden gebraucht
bei 3 cores haben 1000 Messungen 0.091133 Sekunden gebraucht
bei 4 cores haben 1000 Messungen 0.073461 Sekunden gebraucht
bei 5 cores haben 1000 Messungen 0.065177 Sekunden gebraucht
bei 6 cores haben 1000 Messungen 0.070741 Sekunden gebraucht
bei 7 cores haben 1000 Messungen 0.079264 Sekunden gebraucht
bei 8 cores haben 1000 Messungen 0.077813 Sekunden gebraucht
bei 9 cores haben 1000 Messungen 0.074799 Sekunden gebraucht
bei 1 cores haben 1000 Messungen 0.122436 Sekunden gebraucht
bei 2 cores haben 1000 Messungen 0.144761 Sekunden gebraucht
bei 3 cores haben 1000 Messungen 0.082829 Sekunden gebraucht
bei 4 cores haben 1000 Messungen 0.074889 Sekunden gebraucht
bei 5 cores haben 1000 Messungen 0.050247 Sekunden gebraucht
bei 6 cores haben 1000 Messungen 0.074256 Sekunden gebraucht
bei 7 cores haben 1000 Messungen 0.083355 Sekunden gebraucht
bei 8 cores haben 1000 Messungen 0.077787 Sekunden gebraucht
bei 9 cores haben 1000 Messungen 0.075296 Sekunden gebraucht
bei 1 cores haben 1000 Messungen 0.122744 Sekunden gebraucht
bei 2 cores haben 1000 Messungen 0.142967 Sekunden gebraucht
bei 3 cores haben 1000 Messungen 0.077059 Sekunden gebraucht
bei 4 cores haben 1000 Messungen 0.066301 Sekunden gebraucht
bei 5 cores haben 1000 Messungen 0.074514 Sekunden gebraucht
bei 6 cores haben 1000 Messungen 0.076629 Sekunden gebraucht
bei 7 cores haben 1000 Messungen 0.081205 Sekunden gebraucht
bei 8 cores haben 1000 Messungen 0.081225 Sekunden gebraucht
bei 9 cores haben 1000 Messungen 0.074531 Sekunden gebraucht
bei 1 cores haben 1000 Messungen 0.123607 Sekunden gebraucht
bei 2 cores haben 1000 Messungen 0.143295 Sekunden gebraucht
bei 3 cores haben 1000 Messungen 0.077288 Sekunden gebraucht
bei 4 cores haben 1000 Messungen 0.049416 Sekunden gebraucht
bei 5 cores haben 1000 Messungen 0.084309 Sekunden gebraucht
bei 6 cores haben 1000 Messungen 0.080563 Sekunden gebraucht
bei 7 cores haben 1000 Messungen 0.090144 Sekunden gebraucht
bei 8 cores haben 1000 Messungen 0.085747 Sekunden gebraucht
bei 9 cores haben 1000 Messungen 0.080621 Sekunden gebraucht
Laenge=50
bei 1 cores haben 1000 Messungen 0.232376 Sekunden gebraucht
bei 2 cores haben 1000 Messungen 0.209294 Sekunden gebraucht
bei 3 cores haben 1000 Messungen 0.138913 Sekunden gebraucht
bei 4 cores haben 1000 Messungen 0.127914 Sekunden gebraucht
bei 5 cores haben 1000 Messungen 0.123560 Sekunden gebraucht
bei 6 cores haben 1000 Messungen 0.122005 Sekunden gebraucht
bei 7 cores haben 1000 Messungen 0.150508 Sekunden gebraucht
bei 8 cores haben 1000 Messungen 0.123637 Sekunden gebraucht
bei 9 cores haben 1000 Messungen 0.238255 Sekunden gebraucht
bei 1 cores haben 1000 Messungen 0.268607 Sekunden gebraucht
bei 2 cores haben 1000 Messungen 0.214179 Sekunden gebraucht
bei 3 cores haben 1000 Messungen 0.137348 Sekunden gebraucht
bei 4 cores haben 1000 Messungen 0.124900 Sekunden gebraucht
bei 5 cores haben 1000 Messungen 0.117315 Sekunden gebraucht
bei 6 cores haben 1000 Messungen 0.122370 Sekunden gebraucht
bei 7 cores haben 1000 Messungen 0.118533 Sekunden gebraucht
bei 8 cores haben 1000 Messungen 0.126817 Sekunden gebraucht
bei 9 cores haben 1000 Messungen 0.127564 Sekunden gebraucht
bei 1 cores haben 1000 Messungen 0.239856 Sekunden gebraucht
bei 2 cores haben 1000 Messungen 0.188732 Sekunden gebraucht
bei 3 cores haben 1000 Messungen 0.139239 Sekunden gebraucht
bei 4 cores haben 1000 Messungen 0.123069 Sekunden gebraucht
bei 5 cores haben 1000 Messungen 0.160450 Sekunden gebraucht
bei 6 cores haben 1000 Messungen 0.148132 Sekunden gebraucht
bei 7 cores haben 1000 Messungen 0.366557 Sekunden gebraucht
bei 8 cores haben 1000 Messungen 0.117596 Sekunden gebraucht
bei 9 cores haben 1000 Messungen 0.182676 Sekunden gebraucht
bei 1 cores haben 1000 Messungen 0.268705 Sekunden gebraucht
bei 2 cores haben 1000 Messungen 0.190709 Sekunden gebraucht
bei 3 cores haben 1000 Messungen 0.141372 Sekunden gebraucht
bei 4 cores haben 1000 Messungen 0.127955 Sekunden gebraucht
bei 5 cores haben 1000 Messungen 0.083488 Sekunden gebraucht
bei 6 cores haben 1000 Messungen 0.120857 Sekunden gebraucht
bei 7 cores haben 1000 Messungen 0.132505 Sekunden gebraucht
bei 8 cores haben 1000 Messungen 0.123817 Sekunden gebraucht
bei 9 cores haben 1000 Messungen 0.122373 Sekunden gebraucht
bei 1 cores haben 1000 Messungen 0.236255 Sekunden gebraucht
bei 2 cores haben 1000 Messungen 0.190931 Sekunden gebraucht
bei 3 cores haben 1000 Messungen 0.178109 Sekunden gebraucht
bei 4 cores haben 1000 Messungen 0.094792 Sekunden gebraucht
bei 5 cores haben 1000 Messungen 0.136611 Sekunden gebraucht
bei 6 cores haben 1000 Messungen 0.146359 Sekunden gebraucht
bei 7 cores haben 1000 Messungen 0.139046 Sekunden gebraucht
bei 8 cores haben 1000 Messungen 0.129608 Sekunden gebraucht
bei 9 cores haben 1000 Messungen 0.130983 Sekunden gebraucht
bei 1 cores haben 1000 Messungen 0.236254 Sekunden gebraucht
bei 2 cores haben 1000 Messungen 0.234735 Sekunden gebraucht
bei 3 cores haben 1000 Messungen 0.140788 Sekunden gebraucht
bei 4 cores haben 1000 Messungen 0.159411 Sekunden gebraucht
bei 5 cores haben 1000 Messungen 0.116895 Sekunden gebraucht
bei 6 cores haben 1000 Messungen 0.118494 Sekunden gebraucht
bei 7 cores haben 1000 Messungen 0.128735 Sekunden gebraucht
bei 8 cores haben 1000 Messungen 0.150700 Sekunden gebraucht
bei 9 cores haben 1000 Messungen 0.122915 Sekunden gebraucht
bei 1 cores haben 1000 Messungen 0.268239 Sekunden gebraucht
bei 2 cores haben 1000 Messungen 0.175804 Sekunden gebraucht
bei 3 cores haben 1000 Messungen 0.131230 Sekunden gebraucht
bei 4 cores haben 1000 Messungen 0.132655 Sekunden gebraucht
bei 5 cores haben 1000 Messungen 0.123669 Sekunden gebraucht
bei 6 cores haben 1000 Messungen 0.123111 Sekunden gebraucht
bei 7 cores haben 1000 Messungen 0.121761 Sekunden gebraucht
bei 8 cores haben 1000 Messungen 0.130627 Sekunden gebraucht
bei 9 cores haben 1000 Messungen 0.129775 Sekunden gebraucht
bei 1 cores haben 1000 Messungen 0.236535 Sekunden gebraucht
bei 2 cores haben 1000 Messungen 0.208338 Sekunden gebraucht
bei 3 cores haben 1000 Messungen 0.139713 Sekunden gebraucht
bei 4 cores haben 1000 Messungen 0.127592 Sekunden gebraucht
bei 5 cores haben 1000 Messungen 0.130408 Sekunden gebraucht
bei 6 cores haben 1000 Messungen 0.129520 Sekunden gebraucht
bei 7 cores haben 1000 Messungen 0.130254 Sekunden gebraucht
bei 8 cores haben 1000 Messungen 0.122368 Sekunden gebraucht
bei 9 cores haben 1000 Messungen 0.121716 Sekunden gebraucht
bei 1 cores haben 1000 Messungen 0.231680 Sekunden gebraucht
bei 2 cores haben 1000 Messungen 0.207961 Sekunden gebraucht
bei 3 cores haben 1000 Messungen 0.137220 Sekunden gebraucht
bei 4 cores haben 1000 Messungen 0.131918 Sekunden gebraucht
bei 5 cores haben 1000 Messungen 0.133432 Sekunden gebraucht
bei 6 cores haben 1000 Messungen 0.121312 Sekunden gebraucht
bei 7 cores haben 1000 Messungen 0.121017 Sekunden gebraucht
bei 8 cores haben 1000 Messungen 0.127140 Sekunden gebraucht
bei 9 cores haben 1000 Messungen 0.188596 Sekunden gebraucht
bei 1 cores haben 1000 Messungen 0.251835 Sekunden gebraucht
bei 2 cores haben 1000 Messungen 0.208759 Sekunden gebraucht
bei 3 cores haben 1000 Messungen 0.169482 Sekunden gebraucht
bei 4 cores haben 1000 Messungen 0.127922 Sekunden gebraucht
bei 5 cores haben 1000 Messungen 0.122218 Sekunden gebraucht
bei 6 cores haben 1000 Messungen 0.128105 Sekunden gebraucht
bei 7 cores haben 1000 Messungen 0.126727 Sekunden gebraucht
bei 8 cores haben 1000 Messungen 0.129712 Sekunden gebraucht
bei 9 cores haben 1000 Messungen 0.121311 Sekunden gebraucht
Laenge=100
bei 1 cores haben 1000 Messungen 0.936727 Sekunden gebraucht
bei 2 cores haben 1000 Messungen 0.810530 Sekunden gebraucht
bei 3 cores haben 1000 Messungen 0.540792 Sekunden gebraucht
bei 4 cores haben 1000 Messungen 0.471996 Sekunden gebraucht
bei 5 cores haben 1000 Messungen 0.453657 Sekunden gebraucht
bei 6 cores haben 1000 Messungen 0.458099 Sekunden gebraucht
bei 7 cores haben 1000 Messungen 0.464632 Sekunden gebraucht
bei 8 cores haben 1000 Messungen 0.454817 Sekunden gebraucht
bei 9 cores haben 1000 Messungen 0.439268 Sekunden gebraucht
bei 1 cores haben 1000 Messungen 0.981287 Sekunden gebraucht
bei 2 cores haben 1000 Messungen 0.823618 Sekunden gebraucht
bei 3 cores haben 1000 Messungen 0.534943 Sekunden gebraucht
bei 4 cores haben 1000 Messungen 0.467196 Sekunden gebraucht
bei 5 cores haben 1000 Messungen 0.444150 Sekunden gebraucht
bei 6 cores haben 1000 Messungen 0.454083 Sekunden gebraucht
bei 7 cores haben 1000 Messungen 0.450668 Sekunden gebraucht
bei 8 cores haben 1000 Messungen 0.450725 Sekunden gebraucht
bei 9 cores haben 1000 Messungen 0.440502 Sekunden gebraucht
bei 1 cores haben 1000 Messungen 0.935326 Sekunden gebraucht
bei 2 cores haben 1000 Messungen 0.750321 Sekunden gebraucht
bei 3 cores haben 1000 Messungen 0.534125 Sekunden gebraucht
bei 4 cores haben 1000 Messungen 0.472690 Sekunden gebraucht
bei 5 cores haben 1000 Messungen 0.449280 Sekunden gebraucht
bei 6 cores haben 1000 Messungen 0.472516 Sekunden gebraucht
bei 7 cores haben 1000 Messungen 0.462240 Sekunden gebraucht
bei 8 cores haben 1000 Messungen 0.458497 Sekunden gebraucht
bei 9 cores haben 1000 Messungen 0.508036 Sekunden gebraucht
bei 1 cores haben 1000 Messungen 1.152024 Sekunden gebraucht
bei 2 cores haben 1000 Messungen 0.948419 Sekunden gebraucht
bei 3 cores haben 1000 Messungen 0.661081 Sekunden gebraucht
bei 4 cores haben 1000 Messungen 0.499151 Sekunden gebraucht
bei 5 cores haben 1000 Messungen 0.474556 Sekunden gebraucht
bei 6 cores haben 1000 Messungen 0.452016 Sekunden gebraucht
bei 7 cores haben 1000 Messungen 0.513716 Sekunden gebraucht
bei 8 cores haben 1000 Messungen 0.446716 Sekunden gebraucht
bei 9 cores haben 1000 Messungen 0.441390 Sekunden gebraucht
bei 1 cores haben 1000 Messungen 0.926716 Sekunden gebraucht
bei 2 cores haben 1000 Messungen 0.853845 Sekunden gebraucht
bei 3 cores haben 1000 Messungen 0.633128 Sekunden gebraucht
bei 4 cores haben 1000 Messungen 0.470161 Sekunden gebraucht
bei 5 cores haben 1000 Messungen 0.452884 Sekunden gebraucht
bei 6 cores haben 1000 Messungen 0.453363 Sekunden gebraucht
bei 7 cores haben 1000 Messungen 0.486464 Sekunden gebraucht
bei 8 cores haben 1000 Messungen 0.458952 Sekunden gebraucht
bei 9 cores haben 1000 Messungen 0.446808 Sekunden gebraucht
bei 1 cores haben 1000 Messungen 0.930964 Sekunden gebraucht
bei 2 cores haben 1000 Messungen 0.766527 Sekunden gebraucht
bei 3 cores haben 1000 Messungen 0.668468 Sekunden gebraucht
bei 4 cores haben 1000 Messungen 0.491140 Sekunden gebraucht
bei 5 cores haben 1000 Messungen 0.458228 Sekunden gebraucht
bei 6 cores haben 1000 Messungen 0.453745 Sekunden gebraucht
bei 7 cores haben 1000 Messungen 0.448147 Sekunden gebraucht
bei 8 cores haben 1000 Messungen 0.455566 Sekunden gebraucht
bei 9 cores haben 1000 Messungen 0.438931 Sekunden gebraucht
bei 1 cores haben 1000 Messungen 0.936668 Sekunden gebraucht
bei 2 cores haben 1000 Messungen 0.855835 Sekunden gebraucht
bei 3 cores haben 1000 Messungen 0.552688 Sekunden gebraucht
bei 4 cores haben 1000 Messungen 0.501388 Sekunden gebraucht
bei 5 cores haben 1000 Messungen 0.446984 Sekunden gebraucht
bei 6 cores haben 1000 Messungen 0.460395 Sekunden gebraucht
bei 7 cores haben 1000 Messungen 0.458785 Sekunden gebraucht
bei 8 cores haben 1000 Messungen 0.459084 Sekunden gebraucht
bei 9 cores haben 1000 Messungen 0.434651 Sekunden gebraucht
bei 1 cores haben 1000 Messungen 0.943920 Sekunden gebraucht
bei 2 cores haben 1000 Messungen 0.757593 Sekunden gebraucht
bei 3 cores haben 1000 Messungen 0.536689 Sekunden gebraucht
bei 4 cores haben 1000 Messungen 0.469223 Sekunden gebraucht
bei 5 cores haben 1000 Messungen 0.473455 Sekunden gebraucht
bei 6 cores haben 1000 Messungen 0.476525 Sekunden gebraucht
bei 7 cores haben 1000 Messungen 0.460187 Sekunden gebraucht
bei 8 cores haben 1000 Messungen 0.451884 Sekunden gebraucht
bei 9 cores haben 1000 Messungen 0.445876 Sekunden gebraucht
bei 1 cores haben 1000 Messungen 0.944992 Sekunden gebraucht
bei 2 cores haben 1000 Messungen 0.770105 Sekunden gebraucht
bei 3 cores haben 1000 Messungen 0.633093 Sekunden gebraucht
bei 4 cores haben 1000 Messungen 0.474450 Sekunden gebraucht
bei 5 cores haben 1000 Messungen 0.449171 Sekunden gebraucht
bei 6 cores haben 1000 Messungen 0.488752 Sekunden gebraucht
bei 7 cores haben 1000 Messungen 0.446307 Sekunden gebraucht
bei 8 cores haben 1000 Messungen 0.520415 Sekunden gebraucht
bei 9 cores haben 1000 Messungen 0.567319 Sekunden gebraucht
bei 1 cores haben 1000 Messungen 0.972862 Sekunden gebraucht
bei 2 cores haben 1000 Messungen 0.790999 Sekunden gebraucht
bei 3 cores haben 1000 Messungen 0.630605 Sekunden gebraucht
bei 4 cores haben 1000 Messungen 0.471916 Sekunden gebraucht
bei 5 cores haben 1000 Messungen 0.455962 Sekunden gebraucht
bei 6 cores haben 1000 Messungen 0.448424 Sekunden gebraucht
bei 7 cores haben 1000 Messungen 0.445505 Sekunden gebraucht
bei 8 cores haben 1000 Messungen 0.525355 Sekunden gebraucht
bei 9 cores haben 1000 Messungen 0.438760 Sekunden gebraucht
/hiskp4/gross/bachelorarbeit
