Thu Jun 11 17:08:31 CEST 2020 Waiting for 30 seconds before starting the job to allow the node to settle down
Thu Jun 11 17:09:01 CEST 2020 Waiting done, starting task!
Thu Jun 11 17:09:01 CEST 2020 Waiting for 30 seconds before starting the job to allow the node to settle down
Thu Jun 11 17:09:31 CEST 2020 Waiting done, starting task!
Laenge=10
bei 1 cores haben 1000 Messungen 0.018068 Sekunden gebraucht
bei 1 cores haben 1000 Messungen 0.017169 Sekunden gebraucht
bei 1 cores haben 1000 Messungen 0.015704 Sekunden gebraucht
bei 1 cores haben 1000 Messungen 0.021386 Sekunden gebraucht
bei 1 cores haben 1000 Messungen 0.018922 Sekunden gebraucht
bei 2 cores haben 1000 Messungen 0.029683 Sekunden gebraucht
bei 2 cores haben 1000 Messungen 0.025555 Sekunden gebraucht
bei 2 cores haben 1000 Messungen 0.022801 Sekunden gebraucht
bei 2 cores haben 1000 Messungen 0.021953 Sekunden gebraucht
bei 2 cores haben 1000 Messungen 0.027802 Sekunden gebraucht
bei 3 cores haben 1000 Messungen 0.020211 Sekunden gebraucht
bei 3 cores haben 1000 Messungen 0.019555 Sekunden gebraucht
bei 3 cores haben 1000 Messungen 0.017942 Sekunden gebraucht
bei 3 cores haben 1000 Messungen 0.017837 Sekunden gebraucht
bei 3 cores haben 1000 Messungen 0.018207 Sekunden gebraucht
bei 4 cores haben 1000 Messungen 0.019070 Sekunden gebraucht
bei 4 cores haben 1000 Messungen 0.018483 Sekunden gebraucht
bei 4 cores haben 1000 Messungen 0.018277 Sekunden gebraucht
bei 4 cores haben 1000 Messungen 0.018737 Sekunden gebraucht
bei 4 cores haben 1000 Messungen 0.018915 Sekunden gebraucht
bei 5 cores haben 1000 Messungen 0.019741 Sekunden gebraucht
bei 5 cores haben 1000 Messungen 0.020759 Sekunden gebraucht
bei 5 cores haben 1000 Messungen 0.021115 Sekunden gebraucht
bei 5 cores haben 1000 Messungen 0.021263 Sekunden gebraucht
bei 5 cores haben 1000 Messungen 0.020293 Sekunden gebraucht
bei 6 cores haben 1000 Messungen 0.019990 Sekunden gebraucht
bei 6 cores haben 1000 Messungen 0.019466 Sekunden gebraucht
bei 6 cores haben 1000 Messungen 0.019468 Sekunden gebraucht
bei 6 cores haben 1000 Messungen 0.019382 Sekunden gebraucht
bei 6 cores haben 1000 Messungen 0.019499 Sekunden gebraucht
bei 7 cores haben 1000 Messungen 0.019390 Sekunden gebraucht
bei 7 cores haben 1000 Messungen 0.019713 Sekunden gebraucht
bei 7 cores haben 1000 Messungen 0.019834 Sekunden gebraucht
bei 7 cores haben 1000 Messungen 0.017865 Sekunden gebraucht
bei 7 cores haben 1000 Messungen 0.018096 Sekunden gebraucht
bei 8 cores haben 1000 Messungen 0.019982 Sekunden gebraucht
bei 8 cores haben 1000 Messungen 0.019964 Sekunden gebraucht
bei 8 cores haben 1000 Messungen 0.019761 Sekunden gebraucht
bei 8 cores haben 1000 Messungen 0.020040 Sekunden gebraucht
bei 8 cores haben 1000 Messungen 0.019938 Sekunden gebraucht
bei 9 cores haben 1000 Messungen 0.020012 Sekunden gebraucht
bei 9 cores haben 1000 Messungen 0.019684 Sekunden gebraucht
bei 9 cores haben 1000 Messungen 0.019928 Sekunden gebraucht
bei 9 cores haben 1000 Messungen 0.019842 Sekunden gebraucht
bei 9 cores haben 1000 Messungen 0.020242 Sekunden gebraucht
bei 10 cores haben 1000 Messungen 0.024236 Sekunden gebraucht
bei 10 cores haben 1000 Messungen 0.023721 Sekunden gebraucht
bei 10 cores haben 1000 Messungen 0.023531 Sekunden gebraucht
bei 10 cores haben 1000 Messungen 0.023393 Sekunden gebraucht
bei 10 cores haben 1000 Messungen 0.024017 Sekunden gebraucht
bei 11 cores haben 1000 Messungen 0.020700 Sekunden gebraucht
bei 11 cores haben 1000 Messungen 0.020579 Sekunden gebraucht
bei 11 cores haben 1000 Messungen 0.020911 Sekunden gebraucht
bei 11 cores haben 1000 Messungen 0.020962 Sekunden gebraucht
bei 11 cores haben 1000 Messungen 0.021140 Sekunden gebraucht
bei 12 cores haben 1000 Messungen 0.023571 Sekunden gebraucht
bei 12 cores haben 1000 Messungen 0.023652 Sekunden gebraucht
bei 12 cores haben 1000 Messungen 0.023595 Sekunden gebraucht
bei 12 cores haben 1000 Messungen 0.023139 Sekunden gebraucht
bei 12 cores haben 1000 Messungen 0.023292 Sekunden gebraucht
Laenge=100
bei 1 cores haben 1000 Messungen 0.817136 Sekunden gebraucht
bei 1 cores haben 1000 Messungen 0.815504 Sekunden gebraucht
bei 1 cores haben 1000 Messungen 0.861195 Sekunden gebraucht
bei 1 cores haben 1000 Messungen 0.854379 Sekunden gebraucht
bei 1 cores haben 1000 Messungen 0.816735 Sekunden gebraucht
bei 2 cores haben 1000 Messungen 0.870189 Sekunden gebraucht
bei 2 cores haben 1000 Messungen 0.826556 Sekunden gebraucht
bei 2 cores haben 1000 Messungen 0.860278 Sekunden gebraucht
bei 2 cores haben 1000 Messungen 0.832105 Sekunden gebraucht
bei 2 cores haben 1000 Messungen 0.827184 Sekunden gebraucht
bei 3 cores haben 1000 Messungen 0.711105 Sekunden gebraucht
bei 3 cores haben 1000 Messungen 0.699767 Sekunden gebraucht
bei 3 cores haben 1000 Messungen 0.672447 Sekunden gebraucht
bei 3 cores haben 1000 Messungen 0.710282 Sekunden gebraucht
bei 3 cores haben 1000 Messungen 0.663382 Sekunden gebraucht
bei 4 cores haben 1000 Messungen 0.648405 Sekunden gebraucht
bei 4 cores haben 1000 Messungen 0.646639 Sekunden gebraucht
bei 4 cores haben 1000 Messungen 0.644742 Sekunden gebraucht
bei 4 cores haben 1000 Messungen 0.644371 Sekunden gebraucht
bei 4 cores haben 1000 Messungen 0.651988 Sekunden gebraucht
bei 5 cores haben 1000 Messungen 0.667599 Sekunden gebraucht
bei 5 cores haben 1000 Messungen 0.645426 Sekunden gebraucht
bei 5 cores haben 1000 Messungen 0.655305 Sekunden gebraucht
bei 5 cores haben 1000 Messungen 0.621683 Sekunden gebraucht
bei 5 cores haben 1000 Messungen 0.663580 Sekunden gebraucht
bei 6 cores haben 1000 Messungen 0.638189 Sekunden gebraucht
bei 6 cores haben 1000 Messungen 0.681739 Sekunden gebraucht
bei 6 cores haben 1000 Messungen 0.643414 Sekunden gebraucht
bei 6 cores haben 1000 Messungen 0.643529 Sekunden gebraucht
bei 6 cores haben 1000 Messungen 0.637715 Sekunden gebraucht
bei 7 cores haben 1000 Messungen 0.628738 Sekunden gebraucht
bei 7 cores haben 1000 Messungen 0.679809 Sekunden gebraucht
bei 7 cores haben 1000 Messungen 0.686598 Sekunden gebraucht
bei 7 cores haben 1000 Messungen 0.670432 Sekunden gebraucht
bei 7 cores haben 1000 Messungen 0.645517 Sekunden gebraucht
bei 8 cores haben 1000 Messungen 0.682452 Sekunden gebraucht
bei 8 cores haben 1000 Messungen 0.662158 Sekunden gebraucht
bei 8 cores haben 1000 Messungen 0.659358 Sekunden gebraucht
bei 8 cores haben 1000 Messungen 0.660943 Sekunden gebraucht
bei 8 cores haben 1000 Messungen 0.661175 Sekunden gebraucht
bei 9 cores haben 1000 Messungen 0.685338 Sekunden gebraucht
bei 9 cores haben 1000 Messungen 0.694396 Sekunden gebraucht
bei 9 cores haben 1000 Messungen 0.688110 Sekunden gebraucht
bei 9 cores haben 1000 Messungen 0.674869 Sekunden gebraucht
bei 9 cores haben 1000 Messungen 0.829968 Sekunden gebraucht
bei 10 cores haben 1000 Messungen 0.848513 Sekunden gebraucht
bei 10 cores haben 1000 Messungen 0.705167 Sekunden gebraucht
bei 10 cores haben 1000 Messungen 0.707455 Sekunden gebraucht
bei 10 cores haben 1000 Messungen 0.662972 Sekunden gebraucht
bei 10 cores haben 1000 Messungen 0.673975 Sekunden gebraucht
bei 11 cores haben 1000 Messungen 0.702700 Sekunden gebraucht
bei 11 cores haben 1000 Messungen 0.694589 Sekunden gebraucht
bei 11 cores haben 1000 Messungen 0.693314 Sekunden gebraucht
bei 11 cores haben 1000 Messungen 0.699281 Sekunden gebraucht
bei 11 cores haben 1000 Messungen 0.706341 Sekunden gebraucht
bei 12 cores haben 1000 Messungen 0.698967 Sekunden gebraucht
bei 12 cores haben 1000 Messungen 0.692660 Sekunden gebraucht
bei 12 cores haben 1000 Messungen 0.692139 Sekunden gebraucht
bei 12 cores haben 1000 Messungen 0.703438 Sekunden gebraucht
bei 12 cores haben 1000 Messungen 0.691161 Sekunden gebraucht
Laenge=500
bei 1 cores haben 1000 Messungen 20.440684 Sekunden gebraucht
bei 1 cores haben 1000 Messungen 20.979173 Sekunden gebraucht
bei 1 cores haben 1000 Messungen 20.504329 Sekunden gebraucht
bei 1 cores haben 1000 Messungen 20.701457 Sekunden gebraucht
bei 1 cores haben 1000 Messungen 20.529975 Sekunden gebraucht
bei 2 cores haben 1000 Messungen 21.063013 Sekunden gebraucht
bei 2 cores haben 1000 Messungen 21.075816 Sekunden gebraucht
bei 2 cores haben 1000 Messungen 21.144161 Sekunden gebraucht
bei 2 cores haben 1000 Messungen 20.954086 Sekunden gebraucht
bei 2 cores haben 1000 Messungen 20.957304 Sekunden gebraucht
bei 3 cores haben 1000 Messungen 17.403018 Sekunden gebraucht
bei 3 cores haben 1000 Messungen 17.331370 Sekunden gebraucht
bei 3 cores haben 1000 Messungen 17.380260 Sekunden gebraucht
bei 3 cores haben 1000 Messungen 17.472752 Sekunden gebraucht
bei 3 cores haben 1000 Messungen 17.386477 Sekunden gebraucht
bei 4 cores haben 1000 Messungen 15.916481 Sekunden gebraucht
bei 4 cores haben 1000 Messungen 15.902956 Sekunden gebraucht
bei 4 cores haben 1000 Messungen 16.387860 Sekunden gebraucht
bei 4 cores haben 1000 Messungen 15.930922 Sekunden gebraucht
bei 4 cores haben 1000 Messungen 15.923375 Sekunden gebraucht
bei 5 cores haben 1000 Messungen 16.581642 Sekunden gebraucht
bei 5 cores haben 1000 Messungen 16.579546 Sekunden gebraucht
bei 5 cores haben 1000 Messungen 16.560923 Sekunden gebraucht
bei 5 cores haben 1000 Messungen 16.499178 Sekunden gebraucht
bei 5 cores haben 1000 Messungen 16.348688 Sekunden gebraucht
bei 6 cores haben 1000 Messungen 15.864423 Sekunden gebraucht
bei 6 cores haben 1000 Messungen 15.947716 Sekunden gebraucht
bei 6 cores haben 1000 Messungen 15.754644 Sekunden gebraucht
bei 6 cores haben 1000 Messungen 15.819825 Sekunden gebraucht
bei 6 cores haben 1000 Messungen 15.817117 Sekunden gebraucht
bei 7 cores haben 1000 Messungen 16.539688 Sekunden gebraucht
bei 7 cores haben 1000 Messungen 16.645048 Sekunden gebraucht
bei 7 cores haben 1000 Messungen 16.772925 Sekunden gebraucht
bei 7 cores haben 1000 Messungen 16.685071 Sekunden gebraucht
bei 7 cores haben 1000 Messungen 16.775885 Sekunden gebraucht
bei 8 cores haben 1000 Messungen 16.337128 Sekunden gebraucht
bei 8 cores haben 1000 Messungen 16.250797 Sekunden gebraucht
bei 8 cores haben 1000 Messungen 16.638388 Sekunden gebraucht
bei 8 cores haben 1000 Messungen 16.535320 Sekunden gebraucht
bei 8 cores haben 1000 Messungen 16.635048 Sekunden gebraucht
bei 9 cores haben 1000 Messungen 16.952205 Sekunden gebraucht
bei 9 cores haben 1000 Messungen 17.016219 Sekunden gebraucht
bei 9 cores haben 1000 Messungen 16.940672 Sekunden gebraucht
bei 9 cores haben 1000 Messungen 16.870768 Sekunden gebraucht
bei 9 cores haben 1000 Messungen 16.990673 Sekunden gebraucht
bei 10 cores haben 1000 Messungen 17.136453 Sekunden gebraucht
bei 10 cores haben 1000 Messungen 16.839052 Sekunden gebraucht
bei 10 cores haben 1000 Messungen 17.010913 Sekunden gebraucht
bei 10 cores haben 1000 Messungen 17.214597 Sekunden gebraucht
bei 10 cores haben 1000 Messungen 17.034838 Sekunden gebraucht
bei 11 cores haben 1000 Messungen 17.106533 Sekunden gebraucht
bei 11 cores haben 1000 Messungen 17.135678 Sekunden gebraucht
bei 11 cores haben 1000 Messungen 17.097176 Sekunden gebraucht
bei 11 cores haben 1000 Messungen 17.113268 Sekunden gebraucht
bei 11 cores haben 1000 Messungen 17.199231 Sekunden gebraucht
bei 12 cores haben 1000 Messungen 17.186809 Sekunden gebraucht
bei 12 cores haben 1000 Messungen 17.167572 Sekunden gebraucht
bei 12 cores haben 1000 Messungen 17.178835 Sekunden gebraucht
bei 12 cores haben 1000 Messungen 17.213041 Sekunden gebraucht
bei 12 cores haben 1000 Messungen 17.186235 Sekunden gebraucht
/hiskp4/gross/bachelorarbeit
