Wed Jun 10 19:31:05 CEST 2020 Waiting for 30 seconds before starting the job to allow the node to settle down
Wed Jun 10 19:31:35 CEST 2020 Waiting done, starting task!
Wed Jun 10 19:31:35 CEST 2020 Waiting for 30 seconds before starting the job to allow the node to settle down
Wed Jun 10 19:32:05 CEST 2020 Waiting done, starting task!
Laenge=10
bei 1 cores haben 1000 Messungen 0.011848 Sekunden gebraucht
bei 1 cores haben 1000 Messungen 0.011182 Sekunden gebraucht
bei 1 cores haben 1000 Messungen 0.010235 Sekunden gebraucht
bei 1 cores haben 1000 Messungen 0.010324 Sekunden gebraucht
bei 1 cores haben 1000 Messungen 0.010194 Sekunden gebraucht
bei 2 cores haben 1000 Messungen 0.008995 Sekunden gebraucht
bei 2 cores haben 1000 Messungen 0.008777 Sekunden gebraucht
bei 2 cores haben 1000 Messungen 0.008651 Sekunden gebraucht
bei 2 cores haben 1000 Messungen 0.008653 Sekunden gebraucht
bei 2 cores haben 1000 Messungen 0.008679 Sekunden gebraucht
bei 3 cores haben 1000 Messungen 0.018596 Sekunden gebraucht
bei 3 cores haben 1000 Messungen 0.019682 Sekunden gebraucht
bei 3 cores haben 1000 Messungen 0.017073 Sekunden gebraucht
bei 3 cores haben 1000 Messungen 0.016591 Sekunden gebraucht
bei 3 cores haben 1000 Messungen 0.016013 Sekunden gebraucht
bei 4 cores haben 1000 Messungen 0.016577 Sekunden gebraucht
bei 4 cores haben 1000 Messungen 0.015966 Sekunden gebraucht
bei 4 cores haben 1000 Messungen 0.015911 Sekunden gebraucht
bei 4 cores haben 1000 Messungen 0.015961 Sekunden gebraucht
bei 4 cores haben 1000 Messungen 0.015995 Sekunden gebraucht
bei 5 cores haben 1000 Messungen 0.019367 Sekunden gebraucht
bei 5 cores haben 1000 Messungen 0.019402 Sekunden gebraucht
bei 5 cores haben 1000 Messungen 0.019340 Sekunden gebraucht
bei 5 cores haben 1000 Messungen 0.019417 Sekunden gebraucht
bei 5 cores haben 1000 Messungen 0.019368 Sekunden gebraucht
bei 6 cores haben 1000 Messungen 0.018133 Sekunden gebraucht
bei 6 cores haben 1000 Messungen 0.018084 Sekunden gebraucht
bei 6 cores haben 1000 Messungen 0.017915 Sekunden gebraucht
bei 6 cores haben 1000 Messungen 0.017615 Sekunden gebraucht
bei 6 cores haben 1000 Messungen 0.017096 Sekunden gebraucht
bei 7 cores haben 1000 Messungen 0.018059 Sekunden gebraucht
bei 7 cores haben 1000 Messungen 0.017310 Sekunden gebraucht
bei 7 cores haben 1000 Messungen 0.017261 Sekunden gebraucht
bei 7 cores haben 1000 Messungen 0.017032 Sekunden gebraucht
bei 7 cores haben 1000 Messungen 0.016475 Sekunden gebraucht
bei 8 cores haben 1000 Messungen 0.014774 Sekunden gebraucht
bei 8 cores haben 1000 Messungen 0.015685 Sekunden gebraucht
bei 8 cores haben 1000 Messungen 0.015855 Sekunden gebraucht
bei 8 cores haben 1000 Messungen 0.015755 Sekunden gebraucht
bei 8 cores haben 1000 Messungen 0.015640 Sekunden gebraucht
bei 9 cores haben 1000 Messungen 0.019055 Sekunden gebraucht
bei 9 cores haben 1000 Messungen 0.019242 Sekunden gebraucht
bei 9 cores haben 1000 Messungen 0.018912 Sekunden gebraucht
bei 9 cores haben 1000 Messungen 0.019145 Sekunden gebraucht
bei 9 cores haben 1000 Messungen 0.019114 Sekunden gebraucht
bei 10 cores haben 1000 Messungen 0.019368 Sekunden gebraucht
bei 10 cores haben 1000 Messungen 0.019288 Sekunden gebraucht
bei 10 cores haben 1000 Messungen 0.019045 Sekunden gebraucht
bei 10 cores haben 1000 Messungen 0.027623 Sekunden gebraucht
bei 10 cores haben 1000 Messungen 0.019201 Sekunden gebraucht
bei 11 cores haben 1000 Messungen 0.023087 Sekunden gebraucht
bei 11 cores haben 1000 Messungen 0.022738 Sekunden gebraucht
bei 11 cores haben 1000 Messungen 0.022870 Sekunden gebraucht
bei 11 cores haben 1000 Messungen 0.022859 Sekunden gebraucht
bei 11 cores haben 1000 Messungen 0.022623 Sekunden gebraucht
bei 12 cores haben 1000 Messungen 0.020804 Sekunden gebraucht
bei 12 cores haben 1000 Messungen 0.020772 Sekunden gebraucht
bei 12 cores haben 1000 Messungen 0.020642 Sekunden gebraucht
bei 12 cores haben 1000 Messungen 0.020623 Sekunden gebraucht
bei 12 cores haben 1000 Messungen 0.020977 Sekunden gebraucht
Laenge=100
bei 1 cores haben 1000 Messungen 0.609520 Sekunden gebraucht
bei 1 cores haben 1000 Messungen 0.608946 Sekunden gebraucht
bei 1 cores haben 1000 Messungen 0.653582 Sekunden gebraucht
bei 1 cores haben 1000 Messungen 0.608925 Sekunden gebraucht
bei 1 cores haben 1000 Messungen 0.608492 Sekunden gebraucht
bei 2 cores haben 1000 Messungen 0.888743 Sekunden gebraucht
bei 2 cores haben 1000 Messungen 0.814233 Sekunden gebraucht
bei 2 cores haben 1000 Messungen 0.916060 Sekunden gebraucht
bei 2 cores haben 1000 Messungen 0.841238 Sekunden gebraucht
bei 2 cores haben 1000 Messungen 0.813681 Sekunden gebraucht
bei 3 cores haben 1000 Messungen 0.789054 Sekunden gebraucht
bei 3 cores haben 1000 Messungen 0.725222 Sekunden gebraucht
bei 3 cores haben 1000 Messungen 0.739830 Sekunden gebraucht
bei 3 cores haben 1000 Messungen 0.745450 Sekunden gebraucht
bei 3 cores haben 1000 Messungen 0.724914 Sekunden gebraucht
bei 4 cores haben 1000 Messungen 0.700297 Sekunden gebraucht
bei 4 cores haben 1000 Messungen 0.715293 Sekunden gebraucht
bei 4 cores haben 1000 Messungen 0.706895 Sekunden gebraucht
bei 4 cores haben 1000 Messungen 0.710681 Sekunden gebraucht
bei 4 cores haben 1000 Messungen 0.691340 Sekunden gebraucht
bei 5 cores haben 1000 Messungen 0.753748 Sekunden gebraucht
bei 5 cores haben 1000 Messungen 0.744005 Sekunden gebraucht
bei 5 cores haben 1000 Messungen 0.751769 Sekunden gebraucht
bei 5 cores haben 1000 Messungen 0.698398 Sekunden gebraucht
bei 5 cores haben 1000 Messungen 0.726602 Sekunden gebraucht
bei 6 cores haben 1000 Messungen 0.795207 Sekunden gebraucht
bei 6 cores haben 1000 Messungen 0.766791 Sekunden gebraucht
bei 6 cores haben 1000 Messungen 0.758564 Sekunden gebraucht
bei 6 cores haben 1000 Messungen 0.771699 Sekunden gebraucht
bei 6 cores haben 1000 Messungen 0.771095 Sekunden gebraucht
bei 7 cores haben 1000 Messungen 0.780270 Sekunden gebraucht
bei 7 cores haben 1000 Messungen 0.775215 Sekunden gebraucht
bei 7 cores haben 1000 Messungen 0.777253 Sekunden gebraucht
bei 7 cores haben 1000 Messungen 0.762289 Sekunden gebraucht
bei 7 cores haben 1000 Messungen 0.868614 Sekunden gebraucht
bei 8 cores haben 1000 Messungen 0.833560 Sekunden gebraucht
bei 8 cores haben 1000 Messungen 0.773582 Sekunden gebraucht
bei 8 cores haben 1000 Messungen 0.744975 Sekunden gebraucht
bei 8 cores haben 1000 Messungen 0.793587 Sekunden gebraucht
bei 8 cores haben 1000 Messungen 0.812920 Sekunden gebraucht
bei 9 cores haben 1000 Messungen 0.790656 Sekunden gebraucht
bei 9 cores haben 1000 Messungen 0.797204 Sekunden gebraucht
bei 9 cores haben 1000 Messungen 0.788720 Sekunden gebraucht
bei 9 cores haben 1000 Messungen 0.796784 Sekunden gebraucht
bei 9 cores haben 1000 Messungen 0.795797 Sekunden gebraucht
bei 10 cores haben 1000 Messungen 0.788284 Sekunden gebraucht
bei 10 cores haben 1000 Messungen 0.790467 Sekunden gebraucht
bei 10 cores haben 1000 Messungen 0.800997 Sekunden gebraucht
bei 10 cores haben 1000 Messungen 0.806280 Sekunden gebraucht
bei 10 cores haben 1000 Messungen 0.786187 Sekunden gebraucht
bei 11 cores haben 1000 Messungen 0.815741 Sekunden gebraucht
bei 11 cores haben 1000 Messungen 0.814369 Sekunden gebraucht
bei 11 cores haben 1000 Messungen 0.800834 Sekunden gebraucht
bei 11 cores haben 1000 Messungen 0.830839 Sekunden gebraucht
bei 11 cores haben 1000 Messungen 0.816819 Sekunden gebraucht
bei 12 cores haben 1000 Messungen 0.814891 Sekunden gebraucht
bei 12 cores haben 1000 Messungen 0.811551 Sekunden gebraucht
bei 12 cores haben 1000 Messungen 0.811324 Sekunden gebraucht
bei 12 cores haben 1000 Messungen 0.824729 Sekunden gebraucht
bei 12 cores haben 1000 Messungen 0.812252 Sekunden gebraucht
Laenge=500
bei 1 cores haben 1000 Messungen 15.196397 Sekunden gebraucht
bei 1 cores haben 1000 Messungen 15.149505 Sekunden gebraucht
bei 1 cores haben 1000 Messungen 15.149316 Sekunden gebraucht
bei 1 cores haben 1000 Messungen 15.150298 Sekunden gebraucht
bei 1 cores haben 1000 Messungen 15.148929 Sekunden gebraucht
bei 2 cores haben 1000 Messungen 20.289649 Sekunden gebraucht
bei 2 cores haben 1000 Messungen 20.284374 Sekunden gebraucht
bei 2 cores haben 1000 Messungen 20.589834 Sekunden gebraucht
bei 2 cores haben 1000 Messungen 20.339665 Sekunden gebraucht
bei 2 cores haben 1000 Messungen 20.249271 Sekunden gebraucht
bei 3 cores haben 1000 Messungen 18.435947 Sekunden gebraucht
bei 3 cores haben 1000 Messungen 18.898384 Sekunden gebraucht
bei 3 cores haben 1000 Messungen 18.945255 Sekunden gebraucht
bei 3 cores haben 1000 Messungen 18.932391 Sekunden gebraucht
bei 3 cores haben 1000 Messungen 18.617022 Sekunden gebraucht
bei 4 cores haben 1000 Messungen 17.611961 Sekunden gebraucht
bei 4 cores haben 1000 Messungen 17.788327 Sekunden gebraucht
bei 4 cores haben 1000 Messungen 18.191001 Sekunden gebraucht
bei 4 cores haben 1000 Messungen 17.531353 Sekunden gebraucht
bei 4 cores haben 1000 Messungen 17.671605 Sekunden gebraucht
bei 5 cores haben 1000 Messungen 19.256191 Sekunden gebraucht
bei 5 cores haben 1000 Messungen 18.714412 Sekunden gebraucht
bei 5 cores haben 1000 Messungen 18.735037 Sekunden gebraucht
bei 5 cores haben 1000 Messungen 18.722545 Sekunden gebraucht
bei 5 cores haben 1000 Messungen 18.776600 Sekunden gebraucht
bei 6 cores haben 1000 Messungen 18.870247 Sekunden gebraucht
bei 6 cores haben 1000 Messungen 18.659807 Sekunden gebraucht
bei 6 cores haben 1000 Messungen 18.765861 Sekunden gebraucht
bei 6 cores haben 1000 Messungen 18.741997 Sekunden gebraucht
bei 6 cores haben 1000 Messungen 18.846607 Sekunden gebraucht
bei 7 cores haben 1000 Messungen 20.045916 Sekunden gebraucht
bei 7 cores haben 1000 Messungen 19.711779 Sekunden gebraucht
bei 7 cores haben 1000 Messungen 19.522352 Sekunden gebraucht
bei 7 cores haben 1000 Messungen 19.333817 Sekunden gebraucht
bei 7 cores haben 1000 Messungen 19.451161 Sekunden gebraucht
bei 8 cores haben 1000 Messungen 19.756984 Sekunden gebraucht
bei 8 cores haben 1000 Messungen 19.436685 Sekunden gebraucht
bei 8 cores haben 1000 Messungen 19.406847 Sekunden gebraucht
bei 8 cores haben 1000 Messungen 19.599975 Sekunden gebraucht
bei 8 cores haben 1000 Messungen 19.596563 Sekunden gebraucht
bei 9 cores haben 1000 Messungen 19.896942 Sekunden gebraucht
bei 9 cores haben 1000 Messungen 20.134033 Sekunden gebraucht
bei 9 cores haben 1000 Messungen 20.187633 Sekunden gebraucht
bei 9 cores haben 1000 Messungen 20.034911 Sekunden gebraucht
bei 9 cores haben 1000 Messungen 20.138238 Sekunden gebraucht
bei 10 cores haben 1000 Messungen 20.205462 Sekunden gebraucht
bei 10 cores haben 1000 Messungen 20.056138 Sekunden gebraucht
bei 10 cores haben 1000 Messungen 20.116677 Sekunden gebraucht
bei 10 cores haben 1000 Messungen 20.164189 Sekunden gebraucht
bei 10 cores haben 1000 Messungen 20.055749 Sekunden gebraucht
bei 11 cores haben 1000 Messungen 20.202633 Sekunden gebraucht
bei 11 cores haben 1000 Messungen 20.195399 Sekunden gebraucht
bei 11 cores haben 1000 Messungen 20.098632 Sekunden gebraucht
bei 11 cores haben 1000 Messungen 20.139365 Sekunden gebraucht
bei 11 cores haben 1000 Messungen 20.161641 Sekunden gebraucht
bei 12 cores haben 1000 Messungen 20.120177 Sekunden gebraucht
bei 12 cores haben 1000 Messungen 20.056971 Sekunden gebraucht
bei 12 cores haben 1000 Messungen 20.080023 Sekunden gebraucht
bei 12 cores haben 1000 Messungen 20.113673 Sekunden gebraucht
bei 12 cores haben 1000 Messungen 20.071285 Sekunden gebraucht
/hiskp4/gross/bachelorarbeit
