Wed Jun  3 20:46:40 CEST 2020 Waiting for 30 seconds before starting the job to allow the node to settle down
Wed Jun  3 20:47:10 CEST 2020 Waiting done, starting task!
Wed Jun  3 20:47:10 CEST 2020 Waiting for 30 seconds before starting the job to allow the node to settle down
Wed Jun  3 20:47:40 CEST 2020 Waiting done, starting task!
Laenge=6
bei 1 cores haben 1000 Messungen 0.012783 Sekunden gebraucht
bei 2 cores haben 1000 Messungen 0.007461 Sekunden gebraucht
bei 3 cores haben 1000 Messungen 0.012040 Sekunden gebraucht
bei 4 cores haben 1000 Messungen 0.011513 Sekunden gebraucht
bei 5 cores haben 1000 Messungen 0.014739 Sekunden gebraucht
bei 6 cores haben 1000 Messungen 0.015195 Sekunden gebraucht
bei 7 cores haben 1000 Messungen 0.017455 Sekunden gebraucht
bei 8 cores haben 1000 Messungen 0.017458 Sekunden gebraucht
bei 9 cores haben 1000 Messungen 0.020734 Sekunden gebraucht
bei 10 cores haben 1000 Messungen 0.019772 Sekunden gebraucht
bei 11 cores haben 1000 Messungen 0.024059 Sekunden gebraucht
bei 12 cores haben 1000 Messungen 0.022836 Sekunden gebraucht
bei 13 cores haben 1000 Messungen 0.027941 Sekunden gebraucht
bei 14 cores haben 1000 Messungen 0.025010 Sekunden gebraucht
bei 15 cores haben 1000 Messungen 0.025612 Sekunden gebraucht
bei 16 cores haben 1000 Messungen 0.030947 Sekunden gebraucht
bei 1 cores haben 1000 Messungen 0.006112 Sekunden gebraucht
bei 2 cores haben 1000 Messungen 0.005434 Sekunden gebraucht
bei 3 cores haben 1000 Messungen 0.009573 Sekunden gebraucht
bei 4 cores haben 1000 Messungen 0.011235 Sekunden gebraucht
bei 5 cores haben 1000 Messungen 0.011160 Sekunden gebraucht
bei 6 cores haben 1000 Messungen 0.013394 Sekunden gebraucht
bei 7 cores haben 1000 Messungen 0.013457 Sekunden gebraucht
bei 8 cores haben 1000 Messungen 0.015380 Sekunden gebraucht
bei 9 cores haben 1000 Messungen 0.015175 Sekunden gebraucht
bei 10 cores haben 1000 Messungen 0.018717 Sekunden gebraucht
bei 11 cores haben 1000 Messungen 0.016754 Sekunden gebraucht
bei 12 cores haben 1000 Messungen 0.018575 Sekunden gebraucht
bei 13 cores haben 1000 Messungen 0.023617 Sekunden gebraucht
bei 14 cores haben 1000 Messungen 0.021131 Sekunden gebraucht
bei 15 cores haben 1000 Messungen 0.022798 Sekunden gebraucht
bei 16 cores haben 1000 Messungen 0.029117 Sekunden gebraucht
bei 1 cores haben 1000 Messungen 0.006120 Sekunden gebraucht
bei 2 cores haben 1000 Messungen 0.005681 Sekunden gebraucht
bei 3 cores haben 1000 Messungen 0.009284 Sekunden gebraucht
bei 4 cores haben 1000 Messungen 0.010157 Sekunden gebraucht
bei 5 cores haben 1000 Messungen 0.010132 Sekunden gebraucht
bei 6 cores haben 1000 Messungen 0.012055 Sekunden gebraucht
bei 7 cores haben 1000 Messungen 0.014488 Sekunden gebraucht
bei 8 cores haben 1000 Messungen 0.014215 Sekunden gebraucht
bei 9 cores haben 1000 Messungen 0.016611 Sekunden gebraucht
bei 10 cores haben 1000 Messungen 0.015622 Sekunden gebraucht
bei 11 cores haben 1000 Messungen 0.021290 Sekunden gebraucht
bei 12 cores haben 1000 Messungen 0.022024 Sekunden gebraucht
bei 13 cores haben 1000 Messungen 0.020129 Sekunden gebraucht
bei 14 cores haben 1000 Messungen 0.025811 Sekunden gebraucht
bei 15 cores haben 1000 Messungen 0.027556 Sekunden gebraucht
bei 16 cores haben 1000 Messungen 0.024247 Sekunden gebraucht
bei 1 cores haben 1000 Messungen 0.005935 Sekunden gebraucht
bei 2 cores haben 1000 Messungen 0.005604 Sekunden gebraucht
bei 3 cores haben 1000 Messungen 0.009218 Sekunden gebraucht
bei 4 cores haben 1000 Messungen 0.010066 Sekunden gebraucht
bei 5 cores haben 1000 Messungen 0.010005 Sekunden gebraucht
bei 6 cores haben 1000 Messungen 0.016387 Sekunden gebraucht
bei 7 cores haben 1000 Messungen 0.014714 Sekunden gebraucht
bei 8 cores haben 1000 Messungen 0.014443 Sekunden gebraucht
bei 9 cores haben 1000 Messungen 0.016800 Sekunden gebraucht
bei 10 cores haben 1000 Messungen 0.015321 Sekunden gebraucht
bei 11 cores haben 1000 Messungen 0.020997 Sekunden gebraucht
bei 12 cores haben 1000 Messungen 0.022055 Sekunden gebraucht
bei 13 cores haben 1000 Messungen 0.020150 Sekunden gebraucht
bei 14 cores haben 1000 Messungen 0.025839 Sekunden gebraucht
bei 15 cores haben 1000 Messungen 0.027383 Sekunden gebraucht
bei 16 cores haben 1000 Messungen 0.024146 Sekunden gebraucht
bei 1 cores haben 1000 Messungen 0.006119 Sekunden gebraucht
bei 2 cores haben 1000 Messungen 0.005526 Sekunden gebraucht
bei 3 cores haben 1000 Messungen 0.009279 Sekunden gebraucht
bei 4 cores haben 1000 Messungen 0.010838 Sekunden gebraucht
bei 5 cores haben 1000 Messungen 0.011138 Sekunden gebraucht
bei 6 cores haben 1000 Messungen 0.013903 Sekunden gebraucht
bei 7 cores haben 1000 Messungen 0.013809 Sekunden gebraucht
bei 8 cores haben 1000 Messungen 0.015324 Sekunden gebraucht
bei 9 cores haben 1000 Messungen 0.016045 Sekunden gebraucht
bei 10 cores haben 1000 Messungen 0.018816 Sekunden gebraucht
bei 11 cores haben 1000 Messungen 0.018430 Sekunden gebraucht
bei 12 cores haben 1000 Messungen 0.021939 Sekunden gebraucht
bei 13 cores haben 1000 Messungen 0.019339 Sekunden gebraucht
bei 14 cores haben 1000 Messungen 0.025241 Sekunden gebraucht
bei 15 cores haben 1000 Messungen 0.027247 Sekunden gebraucht
bei 16 cores haben 1000 Messungen 0.024386 Sekunden gebraucht
bei 1 cores haben 1000 Messungen 0.006129 Sekunden gebraucht
bei 2 cores haben 1000 Messungen 0.005536 Sekunden gebraucht
bei 3 cores haben 1000 Messungen 0.009231 Sekunden gebraucht
bei 4 cores haben 1000 Messungen 0.010827 Sekunden gebraucht
bei 5 cores haben 1000 Messungen 0.010750 Sekunden gebraucht
bei 6 cores haben 1000 Messungen 0.013187 Sekunden gebraucht
bei 7 cores haben 1000 Messungen 0.013507 Sekunden gebraucht
bei 8 cores haben 1000 Messungen 0.015381 Sekunden gebraucht
bei 9 cores haben 1000 Messungen 0.015879 Sekunden gebraucht
bei 10 cores haben 1000 Messungen 0.018850 Sekunden gebraucht
bei 11 cores haben 1000 Messungen 0.016765 Sekunden gebraucht
bei 12 cores haben 1000 Messungen 0.018487 Sekunden gebraucht
bei 13 cores haben 1000 Messungen 0.023260 Sekunden gebraucht
bei 14 cores haben 1000 Messungen 0.021293 Sekunden gebraucht
bei 15 cores haben 1000 Messungen 0.022979 Sekunden gebraucht
bei 16 cores haben 1000 Messungen 0.029028 Sekunden gebraucht
bei 1 cores haben 1000 Messungen 0.006163 Sekunden gebraucht
bei 2 cores haben 1000 Messungen 0.005625 Sekunden gebraucht
bei 3 cores haben 1000 Messungen 0.009088 Sekunden gebraucht
bei 4 cores haben 1000 Messungen 0.011097 Sekunden gebraucht
bei 5 cores haben 1000 Messungen 0.010579 Sekunden gebraucht
bei 6 cores haben 1000 Messungen 0.013422 Sekunden gebraucht
bei 7 cores haben 1000 Messungen 0.013401 Sekunden gebraucht
bei 8 cores haben 1000 Messungen 0.015605 Sekunden gebraucht
bei 9 cores haben 1000 Messungen 0.019215 Sekunden gebraucht
bei 10 cores haben 1000 Messungen 0.018201 Sekunden gebraucht
bei 11 cores haben 1000 Messungen 0.016716 Sekunden gebraucht
bei 12 cores haben 1000 Messungen 0.020964 Sekunden gebraucht
bei 13 cores haben 1000 Messungen 0.023512 Sekunden gebraucht
bei 14 cores haben 1000 Messungen 0.025993 Sekunden gebraucht
bei 15 cores haben 1000 Messungen 0.026638 Sekunden gebraucht
bei 16 cores haben 1000 Messungen 0.033312 Sekunden gebraucht
bei 1 cores haben 1000 Messungen 0.006119 Sekunden gebraucht
bei 2 cores haben 1000 Messungen 0.005619 Sekunden gebraucht
bei 3 cores haben 1000 Messungen 0.010172 Sekunden gebraucht
bei 4 cores haben 1000 Messungen 0.010179 Sekunden gebraucht
bei 5 cores haben 1000 Messungen 0.012143 Sekunden gebraucht
bei 6 cores haben 1000 Messungen 0.012148 Sekunden gebraucht
bei 7 cores haben 1000 Messungen 0.014590 Sekunden gebraucht
bei 8 cores haben 1000 Messungen 0.014243 Sekunden gebraucht
bei 9 cores haben 1000 Messungen 0.024431 Sekunden gebraucht
bei 10 cores haben 1000 Messungen 0.015841 Sekunden gebraucht
bei 11 cores haben 1000 Messungen 0.021108 Sekunden gebraucht
bei 12 cores haben 1000 Messungen 0.022035 Sekunden gebraucht
bei 13 cores haben 1000 Messungen 0.020227 Sekunden gebraucht
bei 14 cores haben 1000 Messungen 0.029783 Sekunden gebraucht
bei 15 cores haben 1000 Messungen 0.027339 Sekunden gebraucht
bei 16 cores haben 1000 Messungen 0.024513 Sekunden gebraucht
bei 1 cores haben 1000 Messungen 0.006106 Sekunden gebraucht
bei 2 cores haben 1000 Messungen 0.005566 Sekunden gebraucht
bei 3 cores haben 1000 Messungen 0.009157 Sekunden gebraucht
bei 4 cores haben 1000 Messungen 0.010828 Sekunden gebraucht
bei 5 cores haben 1000 Messungen 0.011090 Sekunden gebraucht
bei 6 cores haben 1000 Messungen 0.013373 Sekunden gebraucht
bei 7 cores haben 1000 Messungen 0.013748 Sekunden gebraucht
bei 8 cores haben 1000 Messungen 0.015513 Sekunden gebraucht
bei 9 cores haben 1000 Messungen 0.015198 Sekunden gebraucht
bei 10 cores haben 1000 Messungen 0.017833 Sekunden gebraucht
bei 11 cores haben 1000 Messungen 0.016738 Sekunden gebraucht
bei 12 cores haben 1000 Messungen 0.018412 Sekunden gebraucht
bei 13 cores haben 1000 Messungen 0.023811 Sekunden gebraucht
bei 14 cores haben 1000 Messungen 0.021681 Sekunden gebraucht
bei 15 cores haben 1000 Messungen 0.023092 Sekunden gebraucht
bei 16 cores haben 1000 Messungen 0.029058 Sekunden gebraucht
bei 1 cores haben 1000 Messungen 0.006139 Sekunden gebraucht
bei 2 cores haben 1000 Messungen 0.005510 Sekunden gebraucht
bei 3 cores haben 1000 Messungen 0.009254 Sekunden gebraucht
bei 4 cores haben 1000 Messungen 0.009682 Sekunden gebraucht
bei 5 cores haben 1000 Messungen 0.010945 Sekunden gebraucht
bei 6 cores haben 1000 Messungen 0.011040 Sekunden gebraucht
bei 7 cores haben 1000 Messungen 0.013341 Sekunden gebraucht
bei 8 cores haben 1000 Messungen 0.015670 Sekunden gebraucht
bei 9 cores haben 1000 Messungen 0.014824 Sekunden gebraucht
bei 10 cores haben 1000 Messungen 0.018809 Sekunden gebraucht
bei 11 cores haben 1000 Messungen 0.018196 Sekunden gebraucht
bei 12 cores haben 1000 Messungen 0.022070 Sekunden gebraucht
bei 13 cores haben 1000 Messungen 0.020005 Sekunden gebraucht
bei 14 cores haben 1000 Messungen 0.025707 Sekunden gebraucht
bei 15 cores haben 1000 Messungen 0.027222 Sekunden gebraucht
bei 16 cores haben 1000 Messungen 0.024273 Sekunden gebraucht
Laenge=10
bei 1 cores haben 1000 Messungen 0.012943 Sekunden gebraucht
bei 2 cores haben 1000 Messungen 0.008980 Sekunden gebraucht
bei 3 cores haben 1000 Messungen 0.016344 Sekunden gebraucht
bei 4 cores haben 1000 Messungen 0.015144 Sekunden gebraucht
bei 5 cores haben 1000 Messungen 0.014592 Sekunden gebraucht
bei 6 cores haben 1000 Messungen 0.016076 Sekunden gebraucht
bei 7 cores haben 1000 Messungen 0.016323 Sekunden gebraucht
bei 8 cores haben 1000 Messungen 0.021623 Sekunden gebraucht
bei 9 cores haben 1000 Messungen 0.017872 Sekunden gebraucht
bei 10 cores haben 1000 Messungen 0.021264 Sekunden gebraucht
bei 11 cores haben 1000 Messungen 0.024263 Sekunden gebraucht
bei 12 cores haben 1000 Messungen 0.023839 Sekunden gebraucht
bei 13 cores haben 1000 Messungen 0.023709 Sekunden gebraucht
bei 14 cores haben 1000 Messungen 0.027509 Sekunden gebraucht
bei 15 cores haben 1000 Messungen 0.029224 Sekunden gebraucht
bei 16 cores haben 1000 Messungen 0.030792 Sekunden gebraucht
bei 1 cores haben 1000 Messungen 0.012926 Sekunden gebraucht
bei 2 cores haben 1000 Messungen 0.009118 Sekunden gebraucht
bei 3 cores haben 1000 Messungen 0.013422 Sekunden gebraucht
bei 4 cores haben 1000 Messungen 0.012898 Sekunden gebraucht
bei 5 cores haben 1000 Messungen 0.014488 Sekunden gebraucht
bei 6 cores haben 1000 Messungen 0.015111 Sekunden gebraucht
bei 7 cores haben 1000 Messungen 0.017385 Sekunden gebraucht
bei 8 cores haben 1000 Messungen 0.017969 Sekunden gebraucht
bei 9 cores haben 1000 Messungen 0.019603 Sekunden gebraucht
bei 10 cores haben 1000 Messungen 0.021117 Sekunden gebraucht
bei 11 cores haben 1000 Messungen 0.018950 Sekunden gebraucht
bei 12 cores haben 1000 Messungen 0.020222 Sekunden gebraucht
bei 13 cores haben 1000 Messungen 0.025005 Sekunden gebraucht
bei 14 cores haben 1000 Messungen 0.023664 Sekunden gebraucht
bei 15 cores haben 1000 Messungen 0.025245 Sekunden gebraucht
bei 16 cores haben 1000 Messungen 0.030917 Sekunden gebraucht
bei 1 cores haben 1000 Messungen 0.012892 Sekunden gebraucht
bei 2 cores haben 1000 Messungen 0.009157 Sekunden gebraucht
bei 3 cores haben 1000 Messungen 0.013099 Sekunden gebraucht
bei 4 cores haben 1000 Messungen 0.013486 Sekunden gebraucht
bei 5 cores haben 1000 Messungen 0.013704 Sekunden gebraucht
bei 6 cores haben 1000 Messungen 0.015495 Sekunden gebraucht
bei 7 cores haben 1000 Messungen 0.015968 Sekunden gebraucht
bei 8 cores haben 1000 Messungen 0.017466 Sekunden gebraucht
bei 9 cores haben 1000 Messungen 0.017815 Sekunden gebraucht
bei 10 cores haben 1000 Messungen 0.021302 Sekunden gebraucht
bei 11 cores haben 1000 Messungen 0.019270 Sekunden gebraucht
bei 12 cores haben 1000 Messungen 0.020861 Sekunden gebraucht
bei 13 cores haben 1000 Messungen 0.025589 Sekunden gebraucht
bei 14 cores haben 1000 Messungen 0.023408 Sekunden gebraucht
bei 15 cores haben 1000 Messungen 0.025336 Sekunden gebraucht
bei 16 cores haben 1000 Messungen 0.031437 Sekunden gebraucht
bei 1 cores haben 1000 Messungen 0.012901 Sekunden gebraucht
bei 2 cores haben 1000 Messungen 0.008880 Sekunden gebraucht
bei 3 cores haben 1000 Messungen 0.009495 Sekunden gebraucht
bei 4 cores haben 1000 Messungen 0.015440 Sekunden gebraucht
bei 5 cores haben 1000 Messungen 0.017372 Sekunden gebraucht
bei 6 cores haben 1000 Messungen 0.022957 Sekunden gebraucht
bei 7 cores haben 1000 Messungen 0.020817 Sekunden gebraucht
bei 8 cores haben 1000 Messungen 0.017404 Sekunden gebraucht
bei 9 cores haben 1000 Messungen 0.023841 Sekunden gebraucht
bei 10 cores haben 1000 Messungen 0.018114 Sekunden gebraucht
bei 11 cores haben 1000 Messungen 0.025593 Sekunden gebraucht
bei 12 cores haben 1000 Messungen 0.023340 Sekunden gebraucht
bei 13 cores haben 1000 Messungen 0.026305 Sekunden gebraucht
bei 14 cores haben 1000 Messungen 0.030716 Sekunden gebraucht
bei 15 cores haben 1000 Messungen 0.028907 Sekunden gebraucht
bei 16 cores haben 1000 Messungen 0.025924 Sekunden gebraucht
bei 1 cores haben 1000 Messungen 0.012897 Sekunden gebraucht
bei 2 cores haben 1000 Messungen 0.009019 Sekunden gebraucht
bei 3 cores haben 1000 Messungen 0.012896 Sekunden gebraucht
bei 4 cores haben 1000 Messungen 0.013605 Sekunden gebraucht
bei 5 cores haben 1000 Messungen 0.014058 Sekunden gebraucht
bei 6 cores haben 1000 Messungen 0.015876 Sekunden gebraucht
bei 7 cores haben 1000 Messungen 0.016050 Sekunden gebraucht
bei 8 cores haben 1000 Messungen 0.017625 Sekunden gebraucht
bei 9 cores haben 1000 Messungen 0.017836 Sekunden gebraucht
bei 10 cores haben 1000 Messungen 0.020221 Sekunden gebraucht
bei 11 cores haben 1000 Messungen 0.019987 Sekunden gebraucht
bei 12 cores haben 1000 Messungen 0.023079 Sekunden gebraucht
bei 13 cores haben 1000 Messungen 0.021604 Sekunden gebraucht
bei 14 cores haben 1000 Messungen 0.026520 Sekunden gebraucht
bei 15 cores haben 1000 Messungen 0.028039 Sekunden gebraucht
bei 16 cores haben 1000 Messungen 0.025524 Sekunden gebraucht
bei 1 cores haben 1000 Messungen 0.012952 Sekunden gebraucht
bei 2 cores haben 1000 Messungen 0.009176 Sekunden gebraucht
bei 3 cores haben 1000 Messungen 0.013028 Sekunden gebraucht
bei 4 cores haben 1000 Messungen 0.013669 Sekunden gebraucht
bei 5 cores haben 1000 Messungen 0.013978 Sekunden gebraucht
bei 6 cores haben 1000 Messungen 0.015489 Sekunden gebraucht
bei 7 cores haben 1000 Messungen 0.016055 Sekunden gebraucht
bei 8 cores haben 1000 Messungen 0.017234 Sekunden gebraucht
bei 9 cores haben 1000 Messungen 0.017609 Sekunden gebraucht
bei 10 cores haben 1000 Messungen 0.021205 Sekunden gebraucht
bei 11 cores haben 1000 Messungen 0.020754 Sekunden gebraucht
bei 12 cores haben 1000 Messungen 0.023416 Sekunden gebraucht
bei 13 cores haben 1000 Messungen 0.023603 Sekunden gebraucht
bei 14 cores haben 1000 Messungen 0.027493 Sekunden gebraucht
bei 15 cores haben 1000 Messungen 0.029160 Sekunden gebraucht
bei 16 cores haben 1000 Messungen 0.030893 Sekunden gebraucht
bei 1 cores haben 1000 Messungen 0.012645 Sekunden gebraucht
bei 2 cores haben 1000 Messungen 0.009167 Sekunden gebraucht
bei 3 cores haben 1000 Messungen 0.013763 Sekunden gebraucht
bei 4 cores haben 1000 Messungen 0.013212 Sekunden gebraucht
bei 5 cores haben 1000 Messungen 0.014349 Sekunden gebraucht
bei 6 cores haben 1000 Messungen 0.014822 Sekunden gebraucht
bei 7 cores haben 1000 Messungen 0.018745 Sekunden gebraucht
bei 8 cores haben 1000 Messungen 0.017512 Sekunden gebraucht
bei 9 cores haben 1000 Messungen 0.019986 Sekunden gebraucht
bei 10 cores haben 1000 Messungen 0.019336 Sekunden gebraucht
bei 11 cores haben 1000 Messungen 0.025954 Sekunden gebraucht
bei 12 cores haben 1000 Messungen 0.027697 Sekunden gebraucht
bei 13 cores haben 1000 Messungen 0.025409 Sekunden gebraucht
bei 14 cores haben 1000 Messungen 0.030059 Sekunden gebraucht
bei 15 cores haben 1000 Messungen 0.029151 Sekunden gebraucht
bei 16 cores haben 1000 Messungen 0.030841 Sekunden gebraucht
bei 1 cores haben 1000 Messungen 0.012630 Sekunden gebraucht
bei 2 cores haben 1000 Messungen 0.013825 Sekunden gebraucht
bei 3 cores haben 1000 Messungen 0.013968 Sekunden gebraucht
bei 4 cores haben 1000 Messungen 0.013495 Sekunden gebraucht
bei 5 cores haben 1000 Messungen 0.014778 Sekunden gebraucht
bei 6 cores haben 1000 Messungen 0.014658 Sekunden gebraucht
bei 7 cores haben 1000 Messungen 0.016449 Sekunden gebraucht
bei 8 cores haben 1000 Messungen 0.018428 Sekunden gebraucht
bei 9 cores haben 1000 Messungen 0.020590 Sekunden gebraucht
bei 10 cores haben 1000 Messungen 0.022118 Sekunden gebraucht
bei 11 cores haben 1000 Messungen 0.019699 Sekunden gebraucht
bei 12 cores haben 1000 Messungen 0.021126 Sekunden gebraucht
bei 13 cores haben 1000 Messungen 0.025473 Sekunden gebraucht
bei 14 cores haben 1000 Messungen 0.023933 Sekunden gebraucht
bei 15 cores haben 1000 Messungen 0.136221 Sekunden gebraucht
bei 16 cores haben 1000 Messungen 0.031027 Sekunden gebraucht
bei 1 cores haben 1000 Messungen 0.012938 Sekunden gebraucht
bei 2 cores haben 1000 Messungen 0.013545 Sekunden gebraucht
bei 3 cores haben 1000 Messungen 0.012498 Sekunden gebraucht
bei 4 cores haben 1000 Messungen 0.014125 Sekunden gebraucht
bei 5 cores haben 1000 Messungen 0.014252 Sekunden gebraucht
bei 6 cores haben 1000 Messungen 0.015694 Sekunden gebraucht
bei 7 cores haben 1000 Messungen 0.016140 Sekunden gebraucht
bei 8 cores haben 1000 Messungen 0.018719 Sekunden gebraucht
bei 9 cores haben 1000 Messungen 0.018176 Sekunden gebraucht
bei 10 cores haben 1000 Messungen 0.021031 Sekunden gebraucht
bei 11 cores haben 1000 Messungen 0.019235 Sekunden gebraucht
bei 12 cores haben 1000 Messungen 0.023583 Sekunden gebraucht
bei 13 cores haben 1000 Messungen 0.025459 Sekunden gebraucht
bei 14 cores haben 1000 Messungen 0.023490 Sekunden gebraucht
bei 15 cores haben 1000 Messungen 0.025037 Sekunden gebraucht
bei 16 cores haben 1000 Messungen 0.037211 Sekunden gebraucht
bei 1 cores haben 1000 Messungen 0.012602 Sekunden gebraucht
bei 2 cores haben 1000 Messungen 0.013821 Sekunden gebraucht
bei 3 cores haben 1000 Messungen 0.021759 Sekunden gebraucht
bei 4 cores haben 1000 Messungen 0.019642 Sekunden gebraucht
bei 5 cores haben 1000 Messungen 0.013814 Sekunden gebraucht
bei 6 cores haben 1000 Messungen 0.014931 Sekunden gebraucht
bei 7 cores haben 1000 Messungen 0.017252 Sekunden gebraucht
bei 8 cores haben 1000 Messungen 0.022007 Sekunden gebraucht
bei 9 cores haben 1000 Messungen 0.020082 Sekunden gebraucht
bei 10 cores haben 1000 Messungen 0.018298 Sekunden gebraucht
bei 11 cores haben 1000 Messungen 0.023339 Sekunden gebraucht
bei 12 cores haben 1000 Messungen 0.023722 Sekunden gebraucht
bei 13 cores haben 1000 Messungen 0.022116 Sekunden gebraucht
bei 14 cores haben 1000 Messungen 0.027232 Sekunden gebraucht
bei 15 cores haben 1000 Messungen 0.029139 Sekunden gebraucht
bei 16 cores haben 1000 Messungen 0.026758 Sekunden gebraucht
Laenge=20
bei 1 cores haben 1000 Messungen 0.042951 Sekunden gebraucht
bei 2 cores haben 1000 Messungen 0.059085 Sekunden gebraucht
bei 3 cores haben 1000 Messungen 0.032547 Sekunden gebraucht
bei 4 cores haben 1000 Messungen 0.026685 Sekunden gebraucht
bei 5 cores haben 1000 Messungen 0.024741 Sekunden gebraucht
bei 6 cores haben 1000 Messungen 0.030063 Sekunden gebraucht
bei 7 cores haben 1000 Messungen 0.030415 Sekunden gebraucht
bei 8 cores haben 1000 Messungen 0.032195 Sekunden gebraucht
bei 9 cores haben 1000 Messungen 0.035147 Sekunden gebraucht
bei 10 cores haben 1000 Messungen 0.033719 Sekunden gebraucht
bei 11 cores haben 1000 Messungen 0.037976 Sekunden gebraucht
bei 12 cores haben 1000 Messungen 0.039264 Sekunden gebraucht
bei 13 cores haben 1000 Messungen 0.038678 Sekunden gebraucht
bei 14 cores haben 1000 Messungen 0.040835 Sekunden gebraucht
bei 15 cores haben 1000 Messungen 0.044331 Sekunden gebraucht
bei 16 cores haben 1000 Messungen 0.046874 Sekunden gebraucht
bei 1 cores haben 1000 Messungen 0.043543 Sekunden gebraucht
bei 2 cores haben 1000 Messungen 0.063566 Sekunden gebraucht
bei 3 cores haben 1000 Messungen 0.044928 Sekunden gebraucht
bei 4 cores haben 1000 Messungen 0.035797 Sekunden gebraucht
bei 5 cores haben 1000 Messungen 0.029359 Sekunden gebraucht
bei 6 cores haben 1000 Messungen 0.028500 Sekunden gebraucht
bei 7 cores haben 1000 Messungen 0.029939 Sekunden gebraucht
bei 8 cores haben 1000 Messungen 0.032760 Sekunden gebraucht
bei 9 cores haben 1000 Messungen 0.033516 Sekunden gebraucht
bei 10 cores haben 1000 Messungen 0.033955 Sekunden gebraucht
bei 11 cores haben 1000 Messungen 0.036718 Sekunden gebraucht
bei 12 cores haben 1000 Messungen 0.038857 Sekunden gebraucht
bei 13 cores haben 1000 Messungen 0.040122 Sekunden gebraucht
bei 14 cores haben 1000 Messungen 0.040996 Sekunden gebraucht
bei 15 cores haben 1000 Messungen 0.045446 Sekunden gebraucht
bei 16 cores haben 1000 Messungen 0.047290 Sekunden gebraucht
bei 1 cores haben 1000 Messungen 0.042121 Sekunden gebraucht
bei 2 cores haben 1000 Messungen 0.046239 Sekunden gebraucht
bei 3 cores haben 1000 Messungen 0.041312 Sekunden gebraucht
bei 4 cores haben 1000 Messungen 0.034571 Sekunden gebraucht
bei 5 cores haben 1000 Messungen 0.029876 Sekunden gebraucht
bei 6 cores haben 1000 Messungen 0.029119 Sekunden gebraucht
bei 7 cores haben 1000 Messungen 0.030428 Sekunden gebraucht
bei 8 cores haben 1000 Messungen 0.030522 Sekunden gebraucht
bei 9 cores haben 1000 Messungen 0.030317 Sekunden gebraucht
bei 10 cores haben 1000 Messungen 0.033759 Sekunden gebraucht
bei 11 cores haben 1000 Messungen 0.040100 Sekunden gebraucht
bei 12 cores haben 1000 Messungen 0.044722 Sekunden gebraucht
bei 13 cores haben 1000 Messungen 0.046938 Sekunden gebraucht
bei 14 cores haben 1000 Messungen 0.043210 Sekunden gebraucht
bei 15 cores haben 1000 Messungen 0.045719 Sekunden gebraucht
bei 16 cores haben 1000 Messungen 0.046686 Sekunden gebraucht
bei 1 cores haben 1000 Messungen 0.042834 Sekunden gebraucht
bei 2 cores haben 1000 Messungen 0.026124 Sekunden gebraucht
bei 3 cores haben 1000 Messungen 0.034218 Sekunden gebraucht
bei 4 cores haben 1000 Messungen 0.032087 Sekunden gebraucht
bei 5 cores haben 1000 Messungen 0.029271 Sekunden gebraucht
bei 6 cores haben 1000 Messungen 0.028656 Sekunden gebraucht
bei 7 cores haben 1000 Messungen 0.030471 Sekunden gebraucht
bei 8 cores haben 1000 Messungen 0.031018 Sekunden gebraucht
bei 9 cores haben 1000 Messungen 0.034162 Sekunden gebraucht
bei 10 cores haben 1000 Messungen 0.033596 Sekunden gebraucht
bei 11 cores haben 1000 Messungen 0.037777 Sekunden gebraucht
bei 12 cores haben 1000 Messungen 0.037156 Sekunden gebraucht
bei 13 cores haben 1000 Messungen 0.038385 Sekunden gebraucht
bei 14 cores haben 1000 Messungen 0.041868 Sekunden gebraucht
bei 15 cores haben 1000 Messungen 0.044872 Sekunden gebraucht
bei 16 cores haben 1000 Messungen 0.045855 Sekunden gebraucht
bei 1 cores haben 1000 Messungen 0.043607 Sekunden gebraucht
bei 2 cores haben 1000 Messungen 0.037102 Sekunden gebraucht
bei 3 cores haben 1000 Messungen 0.039608 Sekunden gebraucht
bei 4 cores haben 1000 Messungen 0.031783 Sekunden gebraucht
bei 5 cores haben 1000 Messungen 0.029614 Sekunden gebraucht
bei 6 cores haben 1000 Messungen 0.029008 Sekunden gebraucht
bei 7 cores haben 1000 Messungen 0.030546 Sekunden gebraucht
bei 8 cores haben 1000 Messungen 0.033752 Sekunden gebraucht
bei 9 cores haben 1000 Messungen 0.036847 Sekunden gebraucht
bei 10 cores haben 1000 Messungen 0.034153 Sekunden gebraucht
bei 11 cores haben 1000 Messungen 0.039032 Sekunden gebraucht
bei 12 cores haben 1000 Messungen 0.036874 Sekunden gebraucht
bei 13 cores haben 1000 Messungen 0.037645 Sekunden gebraucht
bei 14 cores haben 1000 Messungen 0.042007 Sekunden gebraucht
bei 15 cores haben 1000 Messungen 0.044715 Sekunden gebraucht
bei 16 cores haben 1000 Messungen 0.043465 Sekunden gebraucht
bei 1 cores haben 1000 Messungen 0.041754 Sekunden gebraucht
bei 2 cores haben 1000 Messungen 0.042493 Sekunden gebraucht
bei 3 cores haben 1000 Messungen 0.043037 Sekunden gebraucht
bei 4 cores haben 1000 Messungen 0.034957 Sekunden gebraucht
bei 5 cores haben 1000 Messungen 0.030059 Sekunden gebraucht
bei 6 cores haben 1000 Messungen 0.029175 Sekunden gebraucht
bei 7 cores haben 1000 Messungen 0.031060 Sekunden gebraucht
bei 8 cores haben 1000 Messungen 0.030800 Sekunden gebraucht
bei 9 cores haben 1000 Messungen 0.030265 Sekunden gebraucht
bei 10 cores haben 1000 Messungen 0.034082 Sekunden gebraucht
bei 11 cores haben 1000 Messungen 0.035286 Sekunden gebraucht
bei 12 cores haben 1000 Messungen 0.036861 Sekunden gebraucht
bei 13 cores haben 1000 Messungen 0.039340 Sekunden gebraucht
bei 14 cores haben 1000 Messungen 0.038078 Sekunden gebraucht
bei 15 cores haben 1000 Messungen 0.049105 Sekunden gebraucht
bei 16 cores haben 1000 Messungen 0.048834 Sekunden gebraucht
bei 1 cores haben 1000 Messungen 0.042556 Sekunden gebraucht
bei 2 cores haben 1000 Messungen 0.046120 Sekunden gebraucht
bei 3 cores haben 1000 Messungen 0.047967 Sekunden gebraucht
bei 4 cores haben 1000 Messungen 0.035385 Sekunden gebraucht
bei 5 cores haben 1000 Messungen 0.030919 Sekunden gebraucht
bei 6 cores haben 1000 Messungen 0.029855 Sekunden gebraucht
bei 7 cores haben 1000 Messungen 0.030584 Sekunden gebraucht
bei 8 cores haben 1000 Messungen 0.031471 Sekunden gebraucht
bei 9 cores haben 1000 Messungen 0.030294 Sekunden gebraucht
bei 10 cores haben 1000 Messungen 0.034164 Sekunden gebraucht
bei 11 cores haben 1000 Messungen 0.034473 Sekunden gebraucht
bei 12 cores haben 1000 Messungen 0.037137 Sekunden gebraucht
bei 13 cores haben 1000 Messungen 0.038991 Sekunden gebraucht
bei 14 cores haben 1000 Messungen 0.038934 Sekunden gebraucht
bei 15 cores haben 1000 Messungen 0.042541 Sekunden gebraucht
bei 16 cores haben 1000 Messungen 0.046336 Sekunden gebraucht
bei 1 cores haben 1000 Messungen 0.043192 Sekunden gebraucht
bei 2 cores haben 1000 Messungen 0.024308 Sekunden gebraucht
bei 3 cores haben 1000 Messungen 0.037712 Sekunden gebraucht
bei 4 cores haben 1000 Messungen 0.033350 Sekunden gebraucht
bei 5 cores haben 1000 Messungen 0.028499 Sekunden gebraucht
bei 6 cores haben 1000 Messungen 0.029096 Sekunden gebraucht
bei 7 cores haben 1000 Messungen 0.030204 Sekunden gebraucht
bei 8 cores haben 1000 Messungen 0.030635 Sekunden gebraucht
bei 9 cores haben 1000 Messungen 0.033975 Sekunden gebraucht
bei 10 cores haben 1000 Messungen 0.039514 Sekunden gebraucht
bei 11 cores haben 1000 Messungen 0.035745 Sekunden gebraucht
bei 12 cores haben 1000 Messungen 0.036299 Sekunden gebraucht
bei 13 cores haben 1000 Messungen 0.051296 Sekunden gebraucht
bei 14 cores haben 1000 Messungen 0.042456 Sekunden gebraucht
bei 15 cores haben 1000 Messungen 0.042342 Sekunden gebraucht
bei 16 cores haben 1000 Messungen 0.046072 Sekunden gebraucht
bei 1 cores haben 1000 Messungen 0.043210 Sekunden gebraucht
bei 2 cores haben 1000 Messungen 0.023899 Sekunden gebraucht
bei 3 cores haben 1000 Messungen 0.036513 Sekunden gebraucht
bei 4 cores haben 1000 Messungen 0.033604 Sekunden gebraucht
bei 5 cores haben 1000 Messungen 0.028241 Sekunden gebraucht
bei 6 cores haben 1000 Messungen 0.029149 Sekunden gebraucht
bei 7 cores haben 1000 Messungen 0.030412 Sekunden gebraucht
bei 8 cores haben 1000 Messungen 0.030388 Sekunden gebraucht
bei 9 cores haben 1000 Messungen 0.030138 Sekunden gebraucht
bei 10 cores haben 1000 Messungen 0.033596 Sekunden gebraucht
bei 11 cores haben 1000 Messungen 0.035286 Sekunden gebraucht
bei 12 cores haben 1000 Messungen 0.037096 Sekunden gebraucht
bei 13 cores haben 1000 Messungen 0.040147 Sekunden gebraucht
bei 14 cores haben 1000 Messungen 0.041113 Sekunden gebraucht
bei 15 cores haben 1000 Messungen 0.045173 Sekunden gebraucht
bei 16 cores haben 1000 Messungen 0.046646 Sekunden gebraucht
bei 1 cores haben 1000 Messungen 0.042399 Sekunden gebraucht
bei 2 cores haben 1000 Messungen 0.023977 Sekunden gebraucht
bei 3 cores haben 1000 Messungen 0.037419 Sekunden gebraucht
bei 4 cores haben 1000 Messungen 0.032556 Sekunden gebraucht
bei 5 cores haben 1000 Messungen 0.034034 Sekunden gebraucht
bei 6 cores haben 1000 Messungen 0.030248 Sekunden gebraucht
bei 7 cores haben 1000 Messungen 0.030768 Sekunden gebraucht
bei 8 cores haben 1000 Messungen 0.036702 Sekunden gebraucht
bei 9 cores haben 1000 Messungen 0.040401 Sekunden gebraucht
bei 10 cores haben 1000 Messungen 0.036339 Sekunden gebraucht
bei 11 cores haben 1000 Messungen 0.035656 Sekunden gebraucht
bei 12 cores haben 1000 Messungen 0.039880 Sekunden gebraucht
bei 13 cores haben 1000 Messungen 0.040077 Sekunden gebraucht
bei 14 cores haben 1000 Messungen 0.040008 Sekunden gebraucht
bei 15 cores haben 1000 Messungen 0.041434 Sekunden gebraucht
bei 16 cores haben 1000 Messungen 0.046159 Sekunden gebraucht
Laenge=36
bei 1 cores haben 1000 Messungen 0.127086 Sekunden gebraucht
bei 2 cores haben 1000 Messungen 0.122896 Sekunden gebraucht
bei 3 cores haben 1000 Messungen 0.111501 Sekunden gebraucht
bei 4 cores haben 1000 Messungen 0.077362 Sekunden gebraucht
bei 5 cores haben 1000 Messungen 0.069030 Sekunden gebraucht
bei 6 cores haben 1000 Messungen 0.071455 Sekunden gebraucht
bei 7 cores haben 1000 Messungen 0.068361 Sekunden gebraucht
bei 8 cores haben 1000 Messungen 0.073200 Sekunden gebraucht
bei 9 cores haben 1000 Messungen 0.072964 Sekunden gebraucht
bei 10 cores haben 1000 Messungen 0.071879 Sekunden gebraucht
bei 11 cores haben 1000 Messungen 0.067329 Sekunden gebraucht
bei 12 cores haben 1000 Messungen 0.071202 Sekunden gebraucht
bei 13 cores haben 1000 Messungen 0.076785 Sekunden gebraucht
bei 14 cores haben 1000 Messungen 0.077967 Sekunden gebraucht
bei 15 cores haben 1000 Messungen 0.078446 Sekunden gebraucht
bei 16 cores haben 1000 Messungen 0.097859 Sekunden gebraucht
bei 1 cores haben 1000 Messungen 0.136682 Sekunden gebraucht
bei 2 cores haben 1000 Messungen 0.126651 Sekunden gebraucht
bei 3 cores haben 1000 Messungen 0.102255 Sekunden gebraucht
bei 4 cores haben 1000 Messungen 0.073260 Sekunden gebraucht
bei 5 cores haben 1000 Messungen 0.067408 Sekunden gebraucht
bei 6 cores haben 1000 Messungen 0.064019 Sekunden gebraucht
bei 7 cores haben 1000 Messungen 0.042988 Sekunden gebraucht
bei 8 cores haben 1000 Messungen 0.051658 Sekunden gebraucht
bei 9 cores haben 1000 Messungen 0.069125 Sekunden gebraucht
bei 10 cores haben 1000 Messungen 0.066937 Sekunden gebraucht
bei 11 cores haben 1000 Messungen 0.069270 Sekunden gebraucht
bei 12 cores haben 1000 Messungen 0.073161 Sekunden gebraucht
bei 13 cores haben 1000 Messungen 0.075132 Sekunden gebraucht
bei 14 cores haben 1000 Messungen 0.076234 Sekunden gebraucht
bei 15 cores haben 1000 Messungen 0.076416 Sekunden gebraucht
bei 16 cores haben 1000 Messungen 0.086266 Sekunden gebraucht
bei 1 cores haben 1000 Messungen 0.127088 Sekunden gebraucht
bei 2 cores haben 1000 Messungen 0.070706 Sekunden gebraucht
bei 3 cores haben 1000 Messungen 0.103770 Sekunden gebraucht
bei 4 cores haben 1000 Messungen 0.071741 Sekunden gebraucht
bei 5 cores haben 1000 Messungen 0.072189 Sekunden gebraucht
bei 6 cores haben 1000 Messungen 0.064424 Sekunden gebraucht
bei 7 cores haben 1000 Messungen 0.067418 Sekunden gebraucht
bei 8 cores haben 1000 Messungen 0.072036 Sekunden gebraucht
bei 9 cores haben 1000 Messungen 0.074058 Sekunden gebraucht
bei 10 cores haben 1000 Messungen 0.071696 Sekunden gebraucht
bei 11 cores haben 1000 Messungen 0.074222 Sekunden gebraucht
bei 12 cores haben 1000 Messungen 0.074615 Sekunden gebraucht
bei 13 cores haben 1000 Messungen 0.092015 Sekunden gebraucht
bei 14 cores haben 1000 Messungen 0.081951 Sekunden gebraucht
bei 15 cores haben 1000 Messungen 0.082606 Sekunden gebraucht
bei 16 cores haben 1000 Messungen 0.083363 Sekunden gebraucht
bei 1 cores haben 1000 Messungen 0.125013 Sekunden gebraucht
bei 2 cores haben 1000 Messungen 0.072356 Sekunden gebraucht
bei 3 cores haben 1000 Messungen 0.100475 Sekunden gebraucht
bei 4 cores haben 1000 Messungen 0.073101 Sekunden gebraucht
bei 5 cores haben 1000 Messungen 0.066004 Sekunden gebraucht
bei 6 cores haben 1000 Messungen 0.066307 Sekunden gebraucht
bei 7 cores haben 1000 Messungen 0.067460 Sekunden gebraucht
bei 8 cores haben 1000 Messungen 0.071702 Sekunden gebraucht
bei 9 cores haben 1000 Messungen 0.067256 Sekunden gebraucht
bei 10 cores haben 1000 Messungen 0.071967 Sekunden gebraucht
bei 11 cores haben 1000 Messungen 0.072812 Sekunden gebraucht
bei 12 cores haben 1000 Messungen 0.073173 Sekunden gebraucht
bei 13 cores haben 1000 Messungen 0.075473 Sekunden gebraucht
bei 14 cores haben 1000 Messungen 0.073871 Sekunden gebraucht
bei 15 cores haben 1000 Messungen 0.084531 Sekunden gebraucht
bei 16 cores haben 1000 Messungen 0.083354 Sekunden gebraucht
bei 1 cores haben 1000 Messungen 0.125345 Sekunden gebraucht
bei 2 cores haben 1000 Messungen 0.134727 Sekunden gebraucht
bei 3 cores haben 1000 Messungen 0.085935 Sekunden gebraucht
bei 4 cores haben 1000 Messungen 0.072271 Sekunden gebraucht
bei 5 cores haben 1000 Messungen 0.047614 Sekunden gebraucht
bei 6 cores haben 1000 Messungen 0.079545 Sekunden gebraucht
bei 7 cores haben 1000 Messungen 0.069184 Sekunden gebraucht
bei 8 cores haben 1000 Messungen 0.069942 Sekunden gebraucht
bei 9 cores haben 1000 Messungen 0.074122 Sekunden gebraucht
bei 10 cores haben 1000 Messungen 0.073310 Sekunden gebraucht
bei 11 cores haben 1000 Messungen 0.071124 Sekunden gebraucht
bei 12 cores haben 1000 Messungen 0.068822 Sekunden gebraucht
bei 13 cores haben 1000 Messungen 0.076764 Sekunden gebraucht
bei 14 cores haben 1000 Messungen 0.078600 Sekunden gebraucht
bei 15 cores haben 1000 Messungen 0.078043 Sekunden gebraucht
bei 16 cores haben 1000 Messungen 0.093773 Sekunden gebraucht
bei 1 cores haben 1000 Messungen 0.137950 Sekunden gebraucht
bei 2 cores haben 1000 Messungen 0.136626 Sekunden gebraucht
bei 3 cores haben 1000 Messungen 0.107913 Sekunden gebraucht
bei 4 cores haben 1000 Messungen 0.078033 Sekunden gebraucht
bei 5 cores haben 1000 Messungen 0.067134 Sekunden gebraucht
bei 6 cores haben 1000 Messungen 0.055594 Sekunden gebraucht
bei 7 cores haben 1000 Messungen 0.060817 Sekunden gebraucht
bei 8 cores haben 1000 Messungen 0.070243 Sekunden gebraucht
bei 9 cores haben 1000 Messungen 0.074063 Sekunden gebraucht
bei 10 cores haben 1000 Messungen 0.072961 Sekunden gebraucht
bei 11 cores haben 1000 Messungen 0.074543 Sekunden gebraucht
bei 12 cores haben 1000 Messungen 0.069789 Sekunden gebraucht
bei 13 cores haben 1000 Messungen 0.077949 Sekunden gebraucht
bei 14 cores haben 1000 Messungen 0.089113 Sekunden gebraucht
bei 15 cores haben 1000 Messungen 0.082904 Sekunden gebraucht
bei 16 cores haben 1000 Messungen 0.089690 Sekunden gebraucht
bei 1 cores haben 1000 Messungen 0.125557 Sekunden gebraucht
bei 2 cores haben 1000 Messungen 0.139670 Sekunden gebraucht
bei 3 cores haben 1000 Messungen 0.104973 Sekunden gebraucht
bei 4 cores haben 1000 Messungen 0.072397 Sekunden gebraucht
bei 5 cores haben 1000 Messungen 0.062345 Sekunden gebraucht
bei 6 cores haben 1000 Messungen 0.063002 Sekunden gebraucht
bei 7 cores haben 1000 Messungen 0.070976 Sekunden gebraucht
bei 8 cores haben 1000 Messungen 0.071419 Sekunden gebraucht
bei 9 cores haben 1000 Messungen 0.072044 Sekunden gebraucht
bei 10 cores haben 1000 Messungen 0.073701 Sekunden gebraucht
bei 11 cores haben 1000 Messungen 0.070084 Sekunden gebraucht
bei 12 cores haben 1000 Messungen 0.069118 Sekunden gebraucht
bei 13 cores haben 1000 Messungen 0.076870 Sekunden gebraucht
bei 14 cores haben 1000 Messungen 0.080733 Sekunden gebraucht
bei 15 cores haben 1000 Messungen 0.091666 Sekunden gebraucht
bei 16 cores haben 1000 Messungen 0.149996 Sekunden gebraucht
bei 1 cores haben 1000 Messungen 0.138960 Sekunden gebraucht
bei 2 cores haben 1000 Messungen 0.151397 Sekunden gebraucht
bei 3 cores haben 1000 Messungen 0.089244 Sekunden gebraucht
bei 4 cores haben 1000 Messungen 0.108521 Sekunden gebraucht
bei 5 cores haben 1000 Messungen 0.078781 Sekunden gebraucht
bei 6 cores haben 1000 Messungen 0.084082 Sekunden gebraucht
bei 7 cores haben 1000 Messungen 0.087147 Sekunden gebraucht
bei 8 cores haben 1000 Messungen 0.087307 Sekunden gebraucht
bei 9 cores haben 1000 Messungen 0.076248 Sekunden gebraucht
bei 10 cores haben 1000 Messungen 0.069256 Sekunden gebraucht
bei 11 cores haben 1000 Messungen 0.071702 Sekunden gebraucht
bei 12 cores haben 1000 Messungen 0.069678 Sekunden gebraucht
bei 13 cores haben 1000 Messungen 0.078593 Sekunden gebraucht
bei 14 cores haben 1000 Messungen 0.078714 Sekunden gebraucht
bei 15 cores haben 1000 Messungen 0.078270 Sekunden gebraucht
bei 16 cores haben 1000 Messungen 0.181133 Sekunden gebraucht
bei 1 cores haben 1000 Messungen 0.139737 Sekunden gebraucht
bei 2 cores haben 1000 Messungen 0.132755 Sekunden gebraucht
bei 3 cores haben 1000 Messungen 0.107918 Sekunden gebraucht
bei 4 cores haben 1000 Messungen 0.074664 Sekunden gebraucht
bei 5 cores haben 1000 Messungen 0.070219 Sekunden gebraucht
bei 6 cores haben 1000 Messungen 0.064088 Sekunden gebraucht
bei 7 cores haben 1000 Messungen 0.068736 Sekunden gebraucht
bei 8 cores haben 1000 Messungen 0.077642 Sekunden gebraucht
bei 9 cores haben 1000 Messungen 0.081571 Sekunden gebraucht
bei 10 cores haben 1000 Messungen 0.104782 Sekunden gebraucht
bei 11 cores haben 1000 Messungen 0.144132 Sekunden gebraucht
bei 12 cores haben 1000 Messungen 0.074252 Sekunden gebraucht
bei 13 cores haben 1000 Messungen 0.080168 Sekunden gebraucht
bei 14 cores haben 1000 Messungen 0.076451 Sekunden gebraucht
bei 15 cores haben 1000 Messungen 0.079381 Sekunden gebraucht
bei 16 cores haben 1000 Messungen 0.080840 Sekunden gebraucht
bei 1 cores haben 1000 Messungen 0.127721 Sekunden gebraucht
bei 2 cores haben 1000 Messungen 0.098704 Sekunden gebraucht
bei 3 cores haben 1000 Messungen 0.099550 Sekunden gebraucht
bei 4 cores haben 1000 Messungen 0.075008 Sekunden gebraucht
bei 5 cores haben 1000 Messungen 0.067215 Sekunden gebraucht
bei 6 cores haben 1000 Messungen 0.073210 Sekunden gebraucht
bei 7 cores haben 1000 Messungen 0.071778 Sekunden gebraucht
bei 8 cores haben 1000 Messungen 0.067227 Sekunden gebraucht
bei 9 cores haben 1000 Messungen 0.062985 Sekunden gebraucht
bei 10 cores haben 1000 Messungen 0.071898 Sekunden gebraucht
bei 11 cores haben 1000 Messungen 0.073046 Sekunden gebraucht
bei 12 cores haben 1000 Messungen 0.071511 Sekunden gebraucht
bei 13 cores haben 1000 Messungen 0.075301 Sekunden gebraucht
bei 14 cores haben 1000 Messungen 0.076283 Sekunden gebraucht
bei 15 cores haben 1000 Messungen 0.081704 Sekunden gebraucht
bei 16 cores haben 1000 Messungen 0.088747 Sekunden gebraucht
Laenge=50
bei 1 cores haben 1000 Messungen 0.236005 Sekunden gebraucht
bei 2 cores haben 1000 Messungen 0.238058 Sekunden gebraucht
bei 3 cores haben 1000 Messungen 0.166756 Sekunden gebraucht
bei 4 cores haben 1000 Messungen 0.120241 Sekunden gebraucht
bei 5 cores haben 1000 Messungen 0.111223 Sekunden gebraucht
bei 6 cores haben 1000 Messungen 0.132114 Sekunden gebraucht
bei 7 cores haben 1000 Messungen 0.102914 Sekunden gebraucht
bei 8 cores haben 1000 Messungen 0.110533 Sekunden gebraucht
bei 9 cores haben 1000 Messungen 0.098583 Sekunden gebraucht
bei 10 cores haben 1000 Messungen 0.728667 Sekunden gebraucht
bei 11 cores haben 1000 Messungen 0.128137 Sekunden gebraucht
bei 12 cores haben 1000 Messungen 0.115628 Sekunden gebraucht
bei 13 cores haben 1000 Messungen 0.110264 Sekunden gebraucht
bei 14 cores haben 1000 Messungen 0.123252 Sekunden gebraucht
bei 15 cores haben 1000 Messungen 0.120427 Sekunden gebraucht
bei 16 cores haben 1000 Messungen 0.360755 Sekunden gebraucht
bei 1 cores haben 1000 Messungen 0.273212 Sekunden gebraucht
bei 2 cores haben 1000 Messungen 0.200074 Sekunden gebraucht
bei 3 cores haben 1000 Messungen 0.127717 Sekunden gebraucht
bei 4 cores haben 1000 Messungen 0.111237 Sekunden gebraucht
bei 5 cores haben 1000 Messungen 0.102801 Sekunden gebraucht
bei 6 cores haben 1000 Messungen 0.129572 Sekunden gebraucht
bei 7 cores haben 1000 Messungen 0.119757 Sekunden gebraucht
bei 8 cores haben 1000 Messungen 0.119593 Sekunden gebraucht
bei 9 cores haben 1000 Messungen 0.115496 Sekunden gebraucht
bei 10 cores haben 1000 Messungen 0.115580 Sekunden gebraucht
bei 11 cores haben 1000 Messungen 0.116335 Sekunden gebraucht
bei 12 cores haben 1000 Messungen 0.114932 Sekunden gebraucht
bei 13 cores haben 1000 Messungen 0.116849 Sekunden gebraucht
bei 14 cores haben 1000 Messungen 0.113457 Sekunden gebraucht
bei 15 cores haben 1000 Messungen 0.121534 Sekunden gebraucht
bei 16 cores haben 1000 Messungen 0.154765 Sekunden gebraucht
bei 1 cores haben 1000 Messungen 0.269644 Sekunden gebraucht
bei 2 cores haben 1000 Messungen 0.216493 Sekunden gebraucht
bei 3 cores haben 1000 Messungen 0.168885 Sekunden gebraucht
bei 4 cores haben 1000 Messungen 0.130477 Sekunden gebraucht
bei 5 cores haben 1000 Messungen 0.114614 Sekunden gebraucht
bei 6 cores haben 1000 Messungen 0.091852 Sekunden gebraucht
bei 7 cores haben 1000 Messungen 0.117957 Sekunden gebraucht
bei 8 cores haben 1000 Messungen 0.105450 Sekunden gebraucht
bei 9 cores haben 1000 Messungen 0.098167 Sekunden gebraucht
bei 10 cores haben 1000 Messungen 0.099405 Sekunden gebraucht
bei 11 cores haben 1000 Messungen 0.105780 Sekunden gebraucht
bei 12 cores haben 1000 Messungen 0.127314 Sekunden gebraucht
bei 13 cores haben 1000 Messungen 0.127100 Sekunden gebraucht
bei 14 cores haben 1000 Messungen 0.117046 Sekunden gebraucht
bei 15 cores haben 1000 Messungen 0.123023 Sekunden gebraucht
bei 16 cores haben 1000 Messungen 0.125980 Sekunden gebraucht
bei 1 cores haben 1000 Messungen 0.239827 Sekunden gebraucht
bei 2 cores haben 1000 Messungen 0.227616 Sekunden gebraucht
bei 3 cores haben 1000 Messungen 0.193874 Sekunden gebraucht
bei 4 cores haben 1000 Messungen 0.141628 Sekunden gebraucht
bei 5 cores haben 1000 Messungen 0.125051 Sekunden gebraucht
bei 6 cores haben 1000 Messungen 0.120349 Sekunden gebraucht
bei 7 cores haben 1000 Messungen 0.113319 Sekunden gebraucht
bei 8 cores haben 1000 Messungen 0.117982 Sekunden gebraucht
bei 9 cores haben 1000 Messungen 0.119991 Sekunden gebraucht
bei 10 cores haben 1000 Messungen 0.117486 Sekunden gebraucht
bei 11 cores haben 1000 Messungen 0.114104 Sekunden gebraucht
bei 12 cores haben 1000 Messungen 0.123770 Sekunden gebraucht
bei 13 cores haben 1000 Messungen 0.115775 Sekunden gebraucht
bei 14 cores haben 1000 Messungen 0.115308 Sekunden gebraucht
bei 15 cores haben 1000 Messungen 0.119711 Sekunden gebraucht
bei 16 cores haben 1000 Messungen 0.124642 Sekunden gebraucht
bei 1 cores haben 1000 Messungen 0.239756 Sekunden gebraucht
bei 2 cores haben 1000 Messungen 0.231655 Sekunden gebraucht
bei 3 cores haben 1000 Messungen 0.188779 Sekunden gebraucht
bei 4 cores haben 1000 Messungen 0.141773 Sekunden gebraucht
bei 5 cores haben 1000 Messungen 0.134138 Sekunden gebraucht
bei 6 cores haben 1000 Messungen 0.128596 Sekunden gebraucht
bei 7 cores haben 1000 Messungen 0.101205 Sekunden gebraucht
bei 8 cores haben 1000 Messungen 0.121508 Sekunden gebraucht
bei 9 cores haben 1000 Messungen 0.123859 Sekunden gebraucht
bei 10 cores haben 1000 Messungen 0.124796 Sekunden gebraucht
bei 11 cores haben 1000 Messungen 0.111468 Sekunden gebraucht
bei 12 cores haben 1000 Messungen 0.118364 Sekunden gebraucht
bei 13 cores haben 1000 Messungen 0.120998 Sekunden gebraucht
bei 14 cores haben 1000 Messungen 0.122914 Sekunden gebraucht
bei 15 cores haben 1000 Messungen 0.125755 Sekunden gebraucht
bei 16 cores haben 1000 Messungen 0.134546 Sekunden gebraucht
bei 1 cores haben 1000 Messungen 0.241782 Sekunden gebraucht
bei 2 cores haben 1000 Messungen 0.234699 Sekunden gebraucht
bei 3 cores haben 1000 Messungen 0.136272 Sekunden gebraucht
bei 4 cores haben 1000 Messungen 0.122299 Sekunden gebraucht
bei 5 cores haben 1000 Messungen 0.151878 Sekunden gebraucht
bei 6 cores haben 1000 Messungen 0.131775 Sekunden gebraucht
bei 7 cores haben 1000 Messungen 0.132828 Sekunden gebraucht
bei 8 cores haben 1000 Messungen 0.129308 Sekunden gebraucht
bei 9 cores haben 1000 Messungen 0.120418 Sekunden gebraucht
bei 10 cores haben 1000 Messungen 0.118245 Sekunden gebraucht
bei 11 cores haben 1000 Messungen 0.150937 Sekunden gebraucht
bei 12 cores haben 1000 Messungen 0.120150 Sekunden gebraucht
bei 13 cores haben 1000 Messungen 0.123611 Sekunden gebraucht
bei 14 cores haben 1000 Messungen 0.121224 Sekunden gebraucht
bei 15 cores haben 1000 Messungen 0.144501 Sekunden gebraucht
bei 16 cores haben 1000 Messungen 0.131210 Sekunden gebraucht
bei 1 cores haben 1000 Messungen 0.235739 Sekunden gebraucht
bei 2 cores haben 1000 Messungen 0.215134 Sekunden gebraucht
bei 3 cores haben 1000 Messungen 0.134199 Sekunden gebraucht
bei 4 cores haben 1000 Messungen 0.123175 Sekunden gebraucht
bei 5 cores haben 1000 Messungen 0.110284 Sekunden gebraucht
bei 6 cores haben 1000 Messungen 0.112683 Sekunden gebraucht
bei 7 cores haben 1000 Messungen 0.114122 Sekunden gebraucht
bei 8 cores haben 1000 Messungen 0.115697 Sekunden gebraucht
bei 9 cores haben 1000 Messungen 0.111804 Sekunden gebraucht
bei 10 cores haben 1000 Messungen 0.110292 Sekunden gebraucht
bei 11 cores haben 1000 Messungen 0.116712 Sekunden gebraucht
bei 12 cores haben 1000 Messungen 0.119006 Sekunden gebraucht
bei 13 cores haben 1000 Messungen 0.121647 Sekunden gebraucht
bei 14 cores haben 1000 Messungen 0.140256 Sekunden gebraucht
bei 15 cores haben 1000 Messungen 0.124178 Sekunden gebraucht
bei 16 cores haben 1000 Messungen 0.123805 Sekunden gebraucht
bei 1 cores haben 1000 Messungen 0.237577 Sekunden gebraucht
bei 2 cores haben 1000 Messungen 0.161039 Sekunden gebraucht
bei 3 cores haben 1000 Messungen 0.189682 Sekunden gebraucht
bei 4 cores haben 1000 Messungen 0.118186 Sekunden gebraucht
bei 5 cores haben 1000 Messungen 0.098489 Sekunden gebraucht
bei 6 cores haben 1000 Messungen 0.149626 Sekunden gebraucht
bei 7 cores haben 1000 Messungen 0.143743 Sekunden gebraucht
bei 8 cores haben 1000 Messungen 0.130529 Sekunden gebraucht
bei 9 cores haben 1000 Messungen 0.114939 Sekunden gebraucht
bei 10 cores haben 1000 Messungen 0.115016 Sekunden gebraucht
bei 11 cores haben 1000 Messungen 0.117585 Sekunden gebraucht
bei 12 cores haben 1000 Messungen 0.129585 Sekunden gebraucht
bei 13 cores haben 1000 Messungen 0.120493 Sekunden gebraucht
bei 14 cores haben 1000 Messungen 0.134785 Sekunden gebraucht
bei 15 cores haben 1000 Messungen 0.124709 Sekunden gebraucht
bei 16 cores haben 1000 Messungen 0.123453 Sekunden gebraucht
bei 1 cores haben 1000 Messungen 0.235269 Sekunden gebraucht
bei 2 cores haben 1000 Messungen 0.222122 Sekunden gebraucht
bei 3 cores haben 1000 Messungen 0.164526 Sekunden gebraucht
bei 4 cores haben 1000 Messungen 0.118469 Sekunden gebraucht
bei 5 cores haben 1000 Messungen 0.109891 Sekunden gebraucht
bei 6 cores haben 1000 Messungen 0.120476 Sekunden gebraucht
bei 7 cores haben 1000 Messungen 0.116212 Sekunden gebraucht
bei 8 cores haben 1000 Messungen 0.088927 Sekunden gebraucht
bei 9 cores haben 1000 Messungen 0.102134 Sekunden gebraucht
bei 10 cores haben 1000 Messungen 0.109947 Sekunden gebraucht
bei 11 cores haben 1000 Messungen 0.136251 Sekunden gebraucht
bei 12 cores haben 1000 Messungen 0.122939 Sekunden gebraucht
bei 13 cores haben 1000 Messungen 0.123859 Sekunden gebraucht
bei 14 cores haben 1000 Messungen 0.123972 Sekunden gebraucht
bei 15 cores haben 1000 Messungen 0.120694 Sekunden gebraucht
bei 16 cores haben 1000 Messungen 0.130373 Sekunden gebraucht
bei 1 cores haben 1000 Messungen 0.239887 Sekunden gebraucht
bei 2 cores haben 1000 Messungen 0.202409 Sekunden gebraucht
bei 3 cores haben 1000 Messungen 0.137080 Sekunden gebraucht
bei 4 cores haben 1000 Messungen 0.122329 Sekunden gebraucht
bei 5 cores haben 1000 Messungen 0.115895 Sekunden gebraucht
bei 6 cores haben 1000 Messungen 0.115028 Sekunden gebraucht
bei 7 cores haben 1000 Messungen 0.113219 Sekunden gebraucht
bei 8 cores haben 1000 Messungen 0.118495 Sekunden gebraucht
bei 9 cores haben 1000 Messungen 0.127071 Sekunden gebraucht
bei 10 cores haben 1000 Messungen 0.121763 Sekunden gebraucht
bei 11 cores haben 1000 Messungen 0.121914 Sekunden gebraucht
bei 12 cores haben 1000 Messungen 0.118769 Sekunden gebraucht
bei 13 cores haben 1000 Messungen 0.122303 Sekunden gebraucht
bei 14 cores haben 1000 Messungen 0.121354 Sekunden gebraucht
bei 15 cores haben 1000 Messungen 0.117445 Sekunden gebraucht
bei 16 cores haben 1000 Messungen 0.125026 Sekunden gebraucht
Laenge=100
bei 1 cores haben 1000 Messungen 0.953474 Sekunden gebraucht
bei 2 cores haben 1000 Messungen 0.800673 Sekunden gebraucht
bei 3 cores haben 1000 Messungen 0.523829 Sekunden gebraucht
bei 4 cores haben 1000 Messungen 0.462962 Sekunden gebraucht
bei 5 cores haben 1000 Messungen 0.484857 Sekunden gebraucht
bei 6 cores haben 1000 Messungen 0.450151 Sekunden gebraucht
bei 7 cores haben 1000 Messungen 0.449861 Sekunden gebraucht
bei 8 cores haben 1000 Messungen 0.460557 Sekunden gebraucht
bei 9 cores haben 1000 Messungen 0.420822 Sekunden gebraucht
bei 10 cores haben 1000 Messungen 0.444456 Sekunden gebraucht
bei 11 cores haben 1000 Messungen 0.439850 Sekunden gebraucht
bei 12 cores haben 1000 Messungen 0.435595 Sekunden gebraucht
bei 13 cores haben 1000 Messungen 0.422929 Sekunden gebraucht
bei 14 cores haben 1000 Messungen 0.452672 Sekunden gebraucht
bei 15 cores haben 1000 Messungen 0.430405 Sekunden gebraucht
bei 16 cores haben 1000 Messungen 0.438505 Sekunden gebraucht
bei 1 cores haben 1000 Messungen 0.936630 Sekunden gebraucht
bei 2 cores haben 1000 Messungen 0.798158 Sekunden gebraucht
bei 3 cores haben 1000 Messungen 0.638532 Sekunden gebraucht
bei 4 cores haben 1000 Messungen 0.482088 Sekunden gebraucht
bei 5 cores haben 1000 Messungen 0.454638 Sekunden gebraucht
bei 6 cores haben 1000 Messungen 0.459199 Sekunden gebraucht
bei 7 cores haben 1000 Messungen 0.429399 Sekunden gebraucht
bei 8 cores haben 1000 Messungen 0.425361 Sekunden gebraucht
bei 9 cores haben 1000 Messungen 0.436926 Sekunden gebraucht
bei 10 cores haben 1000 Messungen 0.433277 Sekunden gebraucht
bei 11 cores haben 1000 Messungen 0.495527 Sekunden gebraucht
bei 12 cores haben 1000 Messungen 0.636394 Sekunden gebraucht
bei 13 cores haben 1000 Messungen 0.435451 Sekunden gebraucht
bei 14 cores haben 1000 Messungen 0.560358 Sekunden gebraucht
bei 15 cores haben 1000 Messungen 0.440538 Sekunden gebraucht
bei 16 cores haben 1000 Messungen 0.444519 Sekunden gebraucht
bei 1 cores haben 1000 Messungen 0.937652 Sekunden gebraucht
bei 2 cores haben 1000 Messungen 0.778447 Sekunden gebraucht
bei 3 cores haben 1000 Messungen 0.563618 Sekunden gebraucht
bei 4 cores haben 1000 Messungen 0.466034 Sekunden gebraucht
bei 5 cores haben 1000 Messungen 0.462377 Sekunden gebraucht
bei 6 cores haben 1000 Messungen 0.415382 Sekunden gebraucht
bei 7 cores haben 1000 Messungen 0.434767 Sekunden gebraucht
bei 8 cores haben 1000 Messungen 0.447705 Sekunden gebraucht
bei 9 cores haben 1000 Messungen 0.441227 Sekunden gebraucht
bei 10 cores haben 1000 Messungen 0.393945 Sekunden gebraucht
bei 11 cores haben 1000 Messungen 0.431869 Sekunden gebraucht
bei 12 cores haben 1000 Messungen 0.440799 Sekunden gebraucht
bei 13 cores haben 1000 Messungen 0.438112 Sekunden gebraucht
bei 14 cores haben 1000 Messungen 0.436063 Sekunden gebraucht
bei 15 cores haben 1000 Messungen 0.439065 Sekunden gebraucht
bei 16 cores haben 1000 Messungen 0.439271 Sekunden gebraucht
bei 1 cores haben 1000 Messungen 0.938874 Sekunden gebraucht
bei 2 cores haben 1000 Messungen 0.836171 Sekunden gebraucht
bei 3 cores haben 1000 Messungen 0.554599 Sekunden gebraucht
bei 4 cores haben 1000 Messungen 0.497808 Sekunden gebraucht
bei 5 cores haben 1000 Messungen 0.464897 Sekunden gebraucht
bei 6 cores haben 1000 Messungen 0.451846 Sekunden gebraucht
bei 7 cores haben 1000 Messungen 0.433463 Sekunden gebraucht
bei 8 cores haben 1000 Messungen 0.448474 Sekunden gebraucht
bei 9 cores haben 1000 Messungen 0.683200 Sekunden gebraucht
bei 10 cores haben 1000 Messungen 0.443103 Sekunden gebraucht
bei 11 cores haben 1000 Messungen 0.444356 Sekunden gebraucht
bei 12 cores haben 1000 Messungen 0.443538 Sekunden gebraucht
bei 13 cores haben 1000 Messungen 0.425904 Sekunden gebraucht
bei 14 cores haben 1000 Messungen 0.447218 Sekunden gebraucht
bei 15 cores haben 1000 Messungen 0.457967 Sekunden gebraucht
bei 16 cores haben 1000 Messungen 0.444996 Sekunden gebraucht
bei 1 cores haben 1000 Messungen 0.936641 Sekunden gebraucht
bei 2 cores haben 1000 Messungen 0.785758 Sekunden gebraucht
bei 3 cores haben 1000 Messungen 0.543313 Sekunden gebraucht
bei 4 cores haben 1000 Messungen 0.469205 Sekunden gebraucht
bei 5 cores haben 1000 Messungen 0.456151 Sekunden gebraucht
bei 6 cores haben 1000 Messungen 0.464666 Sekunden gebraucht
bei 7 cores haben 1000 Messungen 0.437135 Sekunden gebraucht
bei 8 cores haben 1000 Messungen 0.455943 Sekunden gebraucht
bei 9 cores haben 1000 Messungen 0.440188 Sekunden gebraucht
bei 10 cores haben 1000 Messungen 0.452747 Sekunden gebraucht
bei 11 cores haben 1000 Messungen 0.437620 Sekunden gebraucht
bei 12 cores haben 1000 Messungen 0.447333 Sekunden gebraucht
bei 13 cores haben 1000 Messungen 0.417955 Sekunden gebraucht
bei 14 cores haben 1000 Messungen 0.448304 Sekunden gebraucht
bei 15 cores haben 1000 Messungen 0.818049 Sekunden gebraucht
bei 16 cores haben 1000 Messungen 0.442538 Sekunden gebraucht
bei 1 cores haben 1000 Messungen 0.944962 Sekunden gebraucht
bei 2 cores haben 1000 Messungen 0.838720 Sekunden gebraucht
bei 3 cores haben 1000 Messungen 0.533649 Sekunden gebraucht
bei 4 cores haben 1000 Messungen 0.466748 Sekunden gebraucht
bei 5 cores haben 1000 Messungen 0.442066 Sekunden gebraucht
bei 6 cores haben 1000 Messungen 0.470832 Sekunden gebraucht
bei 7 cores haben 1000 Messungen 0.434269 Sekunden gebraucht
bei 8 cores haben 1000 Messungen 0.425639 Sekunden gebraucht
bei 9 cores haben 1000 Messungen 0.393396 Sekunden gebraucht
bei 10 cores haben 1000 Messungen 0.443351 Sekunden gebraucht
bei 11 cores haben 1000 Messungen 0.612666 Sekunden gebraucht
bei 12 cores haben 1000 Messungen 0.442404 Sekunden gebraucht
bei 13 cores haben 1000 Messungen 0.688432 Sekunden gebraucht
bei 14 cores haben 1000 Messungen 0.427637 Sekunden gebraucht
bei 15 cores haben 1000 Messungen 0.454999 Sekunden gebraucht
bei 16 cores haben 1000 Messungen 0.433064 Sekunden gebraucht
bei 1 cores haben 1000 Messungen 0.938195 Sekunden gebraucht
bei 2 cores haben 1000 Messungen 0.850719 Sekunden gebraucht
bei 3 cores haben 1000 Messungen 0.564572 Sekunden gebraucht
bei 4 cores haben 1000 Messungen 0.468229 Sekunden gebraucht
bei 5 cores haben 1000 Messungen 0.456398 Sekunden gebraucht
bei 6 cores haben 1000 Messungen 0.433441 Sekunden gebraucht
bei 7 cores haben 1000 Messungen 0.448313 Sekunden gebraucht
bei 8 cores haben 1000 Messungen 0.445284 Sekunden gebraucht
bei 9 cores haben 1000 Messungen 0.432927 Sekunden gebraucht
bei 10 cores haben 1000 Messungen 0.448079 Sekunden gebraucht
bei 11 cores haben 1000 Messungen 0.423132 Sekunden gebraucht
bei 12 cores haben 1000 Messungen 0.440734 Sekunden gebraucht
bei 13 cores haben 1000 Messungen 0.426169 Sekunden gebraucht
bei 14 cores haben 1000 Messungen 0.451849 Sekunden gebraucht
bei 15 cores haben 1000 Messungen 0.426935 Sekunden gebraucht
bei 16 cores haben 1000 Messungen 0.437939 Sekunden gebraucht
bei 1 cores haben 1000 Messungen 0.941307 Sekunden gebraucht
bei 2 cores haben 1000 Messungen 0.731157 Sekunden gebraucht
bei 3 cores haben 1000 Messungen 0.531983 Sekunden gebraucht
bei 4 cores haben 1000 Messungen 0.545707 Sekunden gebraucht
bei 5 cores haben 1000 Messungen 0.460544 Sekunden gebraucht
bei 6 cores haben 1000 Messungen 0.443226 Sekunden gebraucht
bei 7 cores haben 1000 Messungen 0.465945 Sekunden gebraucht
bei 8 cores haben 1000 Messungen 0.432612 Sekunden gebraucht
bei 9 cores haben 1000 Messungen 0.447901 Sekunden gebraucht
bei 10 cores haben 1000 Messungen 0.448911 Sekunden gebraucht
bei 11 cores haben 1000 Messungen 0.411340 Sekunden gebraucht
bei 12 cores haben 1000 Messungen 0.448009 Sekunden gebraucht
bei 13 cores haben 1000 Messungen 0.429326 Sekunden gebraucht
bei 14 cores haben 1000 Messungen 0.446036 Sekunden gebraucht
bei 15 cores haben 1000 Messungen 0.429916 Sekunden gebraucht
bei 16 cores haben 1000 Messungen 0.462239 Sekunden gebraucht
bei 1 cores haben 1000 Messungen 0.941164 Sekunden gebraucht
bei 2 cores haben 1000 Messungen 0.780539 Sekunden gebraucht
bei 3 cores haben 1000 Messungen 0.533594 Sekunden gebraucht
bei 4 cores haben 1000 Messungen 0.497721 Sekunden gebraucht
bei 5 cores haben 1000 Messungen 0.454581 Sekunden gebraucht
bei 6 cores haben 1000 Messungen 0.424859 Sekunden gebraucht
bei 7 cores haben 1000 Messungen 0.446377 Sekunden gebraucht
bei 8 cores haben 1000 Messungen 0.449937 Sekunden gebraucht
bei 9 cores haben 1000 Messungen 0.435255 Sekunden gebraucht
bei 10 cores haben 1000 Messungen 0.439279 Sekunden gebraucht
bei 11 cores haben 1000 Messungen 0.429824 Sekunden gebraucht
bei 12 cores haben 1000 Messungen 0.575604 Sekunden gebraucht
bei 13 cores haben 1000 Messungen 0.425500 Sekunden gebraucht
bei 14 cores haben 1000 Messungen 0.469851 Sekunden gebraucht
bei 15 cores haben 1000 Messungen 0.435205 Sekunden gebraucht
bei 16 cores haben 1000 Messungen 0.457623 Sekunden gebraucht
bei 1 cores haben 1000 Messungen 0.942413 Sekunden gebraucht
bei 2 cores haben 1000 Messungen 0.849347 Sekunden gebraucht
bei 3 cores haben 1000 Messungen 0.607985 Sekunden gebraucht
bei 4 cores haben 1000 Messungen 0.477601 Sekunden gebraucht
bei 5 cores haben 1000 Messungen 0.472144 Sekunden gebraucht
bei 6 cores haben 1000 Messungen 0.451656 Sekunden gebraucht
bei 7 cores haben 1000 Messungen 0.448725 Sekunden gebraucht
bei 8 cores haben 1000 Messungen 0.467400 Sekunden gebraucht
bei 9 cores haben 1000 Messungen 0.448103 Sekunden gebraucht
bei 10 cores haben 1000 Messungen 0.429374 Sekunden gebraucht
bei 11 cores haben 1000 Messungen 0.443536 Sekunden gebraucht
bei 12 cores haben 1000 Messungen 0.448231 Sekunden gebraucht
bei 13 cores haben 1000 Messungen 0.446433 Sekunden gebraucht
bei 14 cores haben 1000 Messungen 0.420496 Sekunden gebraucht
bei 15 cores haben 1000 Messungen 0.444658 Sekunden gebraucht
bei 16 cores haben 1000 Messungen 0.440927 Sekunden gebraucht
Laenge=200
bei 1 cores haben 1000 Messungen 3.926038 Sekunden gebraucht
bei 2 cores haben 1000 Messungen 3.011873 Sekunden gebraucht
bei 3 cores haben 1000 Messungen 2.141716 Sekunden gebraucht
bei 4 cores haben 1000 Messungen 1.785291 Sekunden gebraucht
bei 5 cores haben 1000 Messungen 1.727563 Sekunden gebraucht
bei 6 cores haben 1000 Messungen 1.639761 Sekunden gebraucht
bei 7 cores haben 1000 Messungen 1.597994 Sekunden gebraucht
bei 8 cores haben 1000 Messungen 1.619944 Sekunden gebraucht
bei 9 cores haben 1000 Messungen 1.583303 Sekunden gebraucht
bei 10 cores haben 1000 Messungen 1.593535 Sekunden gebraucht
bei 11 cores haben 1000 Messungen 1.580426 Sekunden gebraucht
bei 12 cores haben 1000 Messungen 1.567655 Sekunden gebraucht
bei 13 cores haben 1000 Messungen 1.574515 Sekunden gebraucht
bei 14 cores haben 1000 Messungen 1.591213 Sekunden gebraucht
bei 15 cores haben 1000 Messungen 1.560818 Sekunden gebraucht
bei 16 cores haben 1000 Messungen 1.559192 Sekunden gebraucht
bei 1 cores haben 1000 Messungen 3.736768 Sekunden gebraucht
bei 2 cores haben 1000 Messungen 2.768921 Sekunden gebraucht
bei 3 cores haben 1000 Messungen 2.073429 Sekunden gebraucht
bei 4 cores haben 1000 Messungen 1.818620 Sekunden gebraucht
bei 5 cores haben 1000 Messungen 1.701479 Sekunden gebraucht
bei 6 cores haben 1000 Messungen 1.652440 Sekunden gebraucht
bei 7 cores haben 1000 Messungen 1.668170 Sekunden gebraucht
bei 8 cores haben 1000 Messungen 1.639750 Sekunden gebraucht
bei 9 cores haben 1000 Messungen 1.646690 Sekunden gebraucht
bei 10 cores haben 1000 Messungen 1.632110 Sekunden gebraucht
bei 11 cores haben 1000 Messungen 1.696346 Sekunden gebraucht
bei 12 cores haben 1000 Messungen 1.816452 Sekunden gebraucht
bei 13 cores haben 1000 Messungen 1.569413 Sekunden gebraucht
bei 14 cores haben 1000 Messungen 1.553036 Sekunden gebraucht
bei 15 cores haben 1000 Messungen 1.562966 Sekunden gebraucht
bei 16 cores haben 1000 Messungen 1.569033 Sekunden gebraucht
bei 1 cores haben 1000 Messungen 3.728932 Sekunden gebraucht
bei 2 cores haben 1000 Messungen 2.828464 Sekunden gebraucht
bei 3 cores haben 1000 Messungen 2.095326 Sekunden gebraucht
bei 4 cores haben 1000 Messungen 1.756368 Sekunden gebraucht
bei 5 cores haben 1000 Messungen 1.692538 Sekunden gebraucht
bei 6 cores haben 1000 Messungen 1.668101 Sekunden gebraucht
bei 7 cores haben 1000 Messungen 1.689744 Sekunden gebraucht
bei 8 cores haben 1000 Messungen 1.612169 Sekunden gebraucht
bei 9 cores haben 1000 Messungen 1.625212 Sekunden gebraucht
bei 10 cores haben 1000 Messungen 1.608466 Sekunden gebraucht
bei 11 cores haben 1000 Messungen 1.588338 Sekunden gebraucht
bei 12 cores haben 1000 Messungen 1.557511 Sekunden gebraucht
bei 13 cores haben 1000 Messungen 1.573901 Sekunden gebraucht
bei 14 cores haben 1000 Messungen 1.588345 Sekunden gebraucht
bei 15 cores haben 1000 Messungen 1.552843 Sekunden gebraucht
bei 16 cores haben 1000 Messungen 1.569749 Sekunden gebraucht
bei 1 cores haben 1000 Messungen 3.849338 Sekunden gebraucht
bei 2 cores haben 1000 Messungen 2.689757 Sekunden gebraucht
bei 3 cores haben 1000 Messungen 2.009920 Sekunden gebraucht
bei 4 cores haben 1000 Messungen 1.755760 Sekunden gebraucht
bei 5 cores haben 1000 Messungen 1.755780 Sekunden gebraucht
bei 6 cores haben 1000 Messungen 1.646317 Sekunden gebraucht
bei 7 cores haben 1000 Messungen 1.668799 Sekunden gebraucht
bei 8 cores haben 1000 Messungen 1.589809 Sekunden gebraucht
bei 9 cores haben 1000 Messungen 1.606204 Sekunden gebraucht
bei 10 cores haben 1000 Messungen 1.657873 Sekunden gebraucht
bei 11 cores haben 1000 Messungen 1.684080 Sekunden gebraucht
bei 12 cores haben 1000 Messungen 1.573958 Sekunden gebraucht
bei 13 cores haben 1000 Messungen 1.604297 Sekunden gebraucht
bei 14 cores haben 1000 Messungen 1.597536 Sekunden gebraucht
bei 15 cores haben 1000 Messungen 1.555918 Sekunden gebraucht
bei 16 cores haben 1000 Messungen 1.587154 Sekunden gebraucht
bei 1 cores haben 1000 Messungen 3.795147 Sekunden gebraucht
bei 2 cores haben 1000 Messungen 2.808250 Sekunden gebraucht
bei 3 cores haben 1000 Messungen 2.010579 Sekunden gebraucht
bei 4 cores haben 1000 Messungen 1.894325 Sekunden gebraucht
bei 5 cores haben 1000 Messungen 1.701843 Sekunden gebraucht
bei 6 cores haben 1000 Messungen 1.668401 Sekunden gebraucht
bei 7 cores haben 1000 Messungen 1.665556 Sekunden gebraucht
bei 8 cores haben 1000 Messungen 1.582427 Sekunden gebraucht
bei 9 cores haben 1000 Messungen 1.626286 Sekunden gebraucht
bei 10 cores haben 1000 Messungen 1.630501 Sekunden gebraucht
bei 11 cores haben 1000 Messungen 1.667689 Sekunden gebraucht
bei 12 cores haben 1000 Messungen 1.582954 Sekunden gebraucht
bei 13 cores haben 1000 Messungen 1.567253 Sekunden gebraucht
bei 14 cores haben 1000 Messungen 1.572676 Sekunden gebraucht
bei 15 cores haben 1000 Messungen 1.571971 Sekunden gebraucht
bei 16 cores haben 1000 Messungen 1.569809 Sekunden gebraucht
bei 1 cores haben 1000 Messungen 3.723351 Sekunden gebraucht
bei 2 cores haben 1000 Messungen 2.902538 Sekunden gebraucht
bei 3 cores haben 1000 Messungen 1.975151 Sekunden gebraucht
bei 4 cores haben 1000 Messungen 1.772838 Sekunden gebraucht
bei 5 cores haben 1000 Messungen 1.786587 Sekunden gebraucht
bei 6 cores haben 1000 Messungen 1.714704 Sekunden gebraucht
bei 7 cores haben 1000 Messungen 1.688123 Sekunden gebraucht
bei 8 cores haben 1000 Messungen 1.637266 Sekunden gebraucht
bei 9 cores haben 1000 Messungen 1.612149 Sekunden gebraucht
bei 10 cores haben 1000 Messungen 1.613428 Sekunden gebraucht
bei 11 cores haben 1000 Messungen 1.678362 Sekunden gebraucht
bei 12 cores haben 1000 Messungen 1.554055 Sekunden gebraucht
bei 13 cores haben 1000 Messungen 1.580828 Sekunden gebraucht
bei 14 cores haben 1000 Messungen 1.595830 Sekunden gebraucht
bei 15 cores haben 1000 Messungen 1.564037 Sekunden gebraucht
bei 16 cores haben 1000 Messungen 1.547558 Sekunden gebraucht
bei 1 cores haben 1000 Messungen 3.737067 Sekunden gebraucht
bei 2 cores haben 1000 Messungen 2.635981 Sekunden gebraucht
bei 3 cores haben 1000 Messungen 1.990264 Sekunden gebraucht
bei 4 cores haben 1000 Messungen 1.859481 Sekunden gebraucht
bei 5 cores haben 1000 Messungen 1.674950 Sekunden gebraucht
bei 6 cores haben 1000 Messungen 1.623201 Sekunden gebraucht
bei 7 cores haben 1000 Messungen 1.657060 Sekunden gebraucht
bei 8 cores haben 1000 Messungen 1.598480 Sekunden gebraucht
bei 9 cores haben 1000 Messungen 1.572093 Sekunden gebraucht
bei 10 cores haben 1000 Messungen 1.593765 Sekunden gebraucht
bei 11 cores haben 1000 Messungen 1.559428 Sekunden gebraucht
bei 12 cores haben 1000 Messungen 2.362311 Sekunden gebraucht
bei 13 cores haben 1000 Messungen 1.593344 Sekunden gebraucht
bei 14 cores haben 1000 Messungen 1.602533 Sekunden gebraucht
bei 15 cores haben 1000 Messungen 1.560254 Sekunden gebraucht
bei 16 cores haben 1000 Messungen 1.579652 Sekunden gebraucht
bei 1 cores haben 1000 Messungen 3.767615 Sekunden gebraucht
bei 2 cores haben 1000 Messungen 2.670050 Sekunden gebraucht
bei 3 cores haben 1000 Messungen 1.999146 Sekunden gebraucht
bei 4 cores haben 1000 Messungen 1.760189 Sekunden gebraucht
bei 5 cores haben 1000 Messungen 1.737883 Sekunden gebraucht
bei 6 cores haben 1000 Messungen 1.650914 Sekunden gebraucht
bei 7 cores haben 1000 Messungen 1.681965 Sekunden gebraucht
bei 8 cores haben 1000 Messungen 1.631391 Sekunden gebraucht
bei 9 cores haben 1000 Messungen 1.706760 Sekunden gebraucht
bei 10 cores haben 1000 Messungen 1.579455 Sekunden gebraucht
bei 11 cores haben 1000 Messungen 1.622309 Sekunden gebraucht
bei 12 cores haben 1000 Messungen 1.621284 Sekunden gebraucht
bei 13 cores haben 1000 Messungen 1.564020 Sekunden gebraucht
bei 14 cores haben 1000 Messungen 1.590850 Sekunden gebraucht
bei 15 cores haben 1000 Messungen 1.561739 Sekunden gebraucht
bei 16 cores haben 1000 Messungen 1.561895 Sekunden gebraucht
bei 1 cores haben 1000 Messungen 3.765937 Sekunden gebraucht
bei 2 cores haben 1000 Messungen 2.661955 Sekunden gebraucht
bei 3 cores haben 1000 Messungen 2.004176 Sekunden gebraucht
bei 4 cores haben 1000 Messungen 1.783616 Sekunden gebraucht
bei 5 cores haben 1000 Messungen 1.756386 Sekunden gebraucht
bei 6 cores haben 1000 Messungen 1.628287 Sekunden gebraucht
bei 7 cores haben 1000 Messungen 1.679195 Sekunden gebraucht
bei 8 cores haben 1000 Messungen 1.592941 Sekunden gebraucht
bei 9 cores haben 1000 Messungen 1.541718 Sekunden gebraucht
bei 10 cores haben 1000 Messungen 1.589065 Sekunden gebraucht
bei 11 cores haben 1000 Messungen 1.637408 Sekunden gebraucht
bei 12 cores haben 1000 Messungen 1.665311 Sekunden gebraucht
bei 13 cores haben 1000 Messungen 1.582516 Sekunden gebraucht
bei 14 cores haben 1000 Messungen 1.573865 Sekunden gebraucht
bei 15 cores haben 1000 Messungen 1.582753 Sekunden gebraucht
bei 16 cores haben 1000 Messungen 1.542093 Sekunden gebraucht
bei 1 cores haben 1000 Messungen 3.734447 Sekunden gebraucht
bei 2 cores haben 1000 Messungen 2.636562 Sekunden gebraucht
bei 3 cores haben 1000 Messungen 1.956659 Sekunden gebraucht
bei 4 cores haben 1000 Messungen 1.734055 Sekunden gebraucht
bei 5 cores haben 1000 Messungen 1.739411 Sekunden gebraucht
bei 6 cores haben 1000 Messungen 1.665336 Sekunden gebraucht
bei 7 cores haben 1000 Messungen 1.652722 Sekunden gebraucht
bei 8 cores haben 1000 Messungen 1.594136 Sekunden gebraucht
bei 9 cores haben 1000 Messungen 1.612911 Sekunden gebraucht
bei 10 cores haben 1000 Messungen 1.602670 Sekunden gebraucht
bei 11 cores haben 1000 Messungen 1.742839 Sekunden gebraucht
bei 12 cores haben 1000 Messungen 1.571130 Sekunden gebraucht
bei 13 cores haben 1000 Messungen 1.592188 Sekunden gebraucht
bei 14 cores haben 1000 Messungen 1.567351 Sekunden gebraucht
bei 15 cores haben 1000 Messungen 1.576603 Sekunden gebraucht
bei 16 cores haben 1000 Messungen 1.577313 Sekunden gebraucht
Laenge=350
bei 1 cores haben 1000 Messungen 11.458101 Sekunden gebraucht
bei 2 cores haben 1000 Messungen 8.275545 Sekunden gebraucht
bei 3 cores haben 1000 Messungen 6.296740 Sekunden gebraucht
bei 4 cores haben 1000 Messungen 5.673080 Sekunden gebraucht
bei 5 cores haben 1000 Messungen 5.364525 Sekunden gebraucht
bei 6 cores haben 1000 Messungen 5.137846 Sekunden gebraucht
bei 7 cores haben 1000 Messungen 5.188882 Sekunden gebraucht
bei 8 cores haben 1000 Messungen 4.914640 Sekunden gebraucht
bei 9 cores haben 1000 Messungen 5.159395 Sekunden gebraucht
bei 10 cores haben 1000 Messungen 5.012830 Sekunden gebraucht
bei 11 cores haben 1000 Messungen 4.906331 Sekunden gebraucht
bei 12 cores haben 1000 Messungen 4.909961 Sekunden gebraucht
bei 13 cores haben 1000 Messungen 5.117606 Sekunden gebraucht
bei 14 cores haben 1000 Messungen 4.842995 Sekunden gebraucht
bei 15 cores haben 1000 Messungen 4.819047 Sekunden gebraucht
bei 16 cores haben 1000 Messungen 4.829903 Sekunden gebraucht
bei 1 cores haben 1000 Messungen 11.590059 Sekunden gebraucht
bei 2 cores haben 1000 Messungen 7.988069 Sekunden gebraucht
bei 3 cores haben 1000 Messungen 6.210483 Sekunden gebraucht
bei 4 cores haben 1000 Messungen 5.751616 Sekunden gebraucht
bei 5 cores haben 1000 Messungen 5.350520 Sekunden gebraucht
bei 6 cores haben 1000 Messungen 5.131550 Sekunden gebraucht
bei 7 cores haben 1000 Messungen 5.202376 Sekunden gebraucht
bei 8 cores haben 1000 Messungen 5.026265 Sekunden gebraucht
bei 9 cores haben 1000 Messungen 5.061615 Sekunden gebraucht
bei 10 cores haben 1000 Messungen 4.936654 Sekunden gebraucht
bei 11 cores haben 1000 Messungen 4.919703 Sekunden gebraucht
bei 12 cores haben 1000 Messungen 4.838425 Sekunden gebraucht
bei 13 cores haben 1000 Messungen 4.869500 Sekunden gebraucht
bei 14 cores haben 1000 Messungen 4.963033 Sekunden gebraucht
bei 15 cores haben 1000 Messungen 4.788780 Sekunden gebraucht
bei 16 cores haben 1000 Messungen 4.818211 Sekunden gebraucht
bei 1 cores haben 1000 Messungen 11.643067 Sekunden gebraucht
bei 2 cores haben 1000 Messungen 8.013012 Sekunden gebraucht
bei 3 cores haben 1000 Messungen 6.308766 Sekunden gebraucht
bei 4 cores haben 1000 Messungen 5.476767 Sekunden gebraucht
bei 5 cores haben 1000 Messungen 5.666872 Sekunden gebraucht
bei 6 cores haben 1000 Messungen 5.208476 Sekunden gebraucht
bei 7 cores haben 1000 Messungen 5.126303 Sekunden gebraucht
bei 8 cores haben 1000 Messungen 5.013994 Sekunden gebraucht
bei 9 cores haben 1000 Messungen 5.057437 Sekunden gebraucht
bei 10 cores haben 1000 Messungen 4.995137 Sekunden gebraucht
bei 11 cores haben 1000 Messungen 4.893761 Sekunden gebraucht
bei 12 cores haben 1000 Messungen 4.810428 Sekunden gebraucht
bei 13 cores haben 1000 Messungen 4.834217 Sekunden gebraucht
bei 14 cores haben 1000 Messungen 4.867816 Sekunden gebraucht
bei 15 cores haben 1000 Messungen 4.869561 Sekunden gebraucht
bei 16 cores haben 1000 Messungen 4.839584 Sekunden gebraucht
bei 1 cores haben 1000 Messungen 11.490311 Sekunden gebraucht
bei 2 cores haben 1000 Messungen 8.183113 Sekunden gebraucht
bei 3 cores haben 1000 Messungen 6.367999 Sekunden gebraucht
bei 4 cores haben 1000 Messungen 5.536419 Sekunden gebraucht
bei 5 cores haben 1000 Messungen 5.268723 Sekunden gebraucht
bei 6 cores haben 1000 Messungen 5.214359 Sekunden gebraucht
bei 7 cores haben 1000 Messungen 5.245444 Sekunden gebraucht
bei 8 cores haben 1000 Messungen 5.046688 Sekunden gebraucht
bei 9 cores haben 1000 Messungen 5.433245 Sekunden gebraucht
bei 10 cores haben 1000 Messungen 5.032036 Sekunden gebraucht
bei 11 cores haben 1000 Messungen 4.936113 Sekunden gebraucht
bei 12 cores haben 1000 Messungen 4.859552 Sekunden gebraucht
bei 13 cores haben 1000 Messungen 5.080558 Sekunden gebraucht
bei 14 cores haben 1000 Messungen 4.904807 Sekunden gebraucht
bei 15 cores haben 1000 Messungen 4.811688 Sekunden gebraucht
bei 16 cores haben 1000 Messungen 4.798085 Sekunden gebraucht
bei 1 cores haben 1000 Messungen 11.441869 Sekunden gebraucht
bei 2 cores haben 1000 Messungen 7.938877 Sekunden gebraucht
bei 3 cores haben 1000 Messungen 6.244681 Sekunden gebraucht
bei 4 cores haben 1000 Messungen 5.537123 Sekunden gebraucht
bei 5 cores haben 1000 Messungen 5.391950 Sekunden gebraucht
bei 6 cores haben 1000 Messungen 5.234007 Sekunden gebraucht
bei 7 cores haben 1000 Messungen 5.226850 Sekunden gebraucht
bei 8 cores haben 1000 Messungen 5.000731 Sekunden gebraucht
bei 9 cores haben 1000 Messungen 4.889533 Sekunden gebraucht
bei 10 cores haben 1000 Messungen 4.950164 Sekunden gebraucht
bei 11 cores haben 1000 Messungen 4.925079 Sekunden gebraucht
bei 12 cores haben 1000 Messungen 4.829759 Sekunden gebraucht
bei 13 cores haben 1000 Messungen 4.851829 Sekunden gebraucht
bei 14 cores haben 1000 Messungen 4.854290 Sekunden gebraucht
bei 15 cores haben 1000 Messungen 4.892279 Sekunden gebraucht
bei 16 cores haben 1000 Messungen 4.840409 Sekunden gebraucht
bei 1 cores haben 1000 Messungen 11.403484 Sekunden gebraucht
bei 2 cores haben 1000 Messungen 8.067272 Sekunden gebraucht
bei 3 cores haben 1000 Messungen 6.247533 Sekunden gebraucht
bei 4 cores haben 1000 Messungen 5.541728 Sekunden gebraucht
bei 5 cores haben 1000 Messungen 5.348281 Sekunden gebraucht
bei 6 cores haben 1000 Messungen 5.225175 Sekunden gebraucht
bei 7 cores haben 1000 Messungen 5.162706 Sekunden gebraucht
bei 8 cores haben 1000 Messungen 4.875080 Sekunden gebraucht
bei 9 cores haben 1000 Messungen 5.006758 Sekunden gebraucht
bei 10 cores haben 1000 Messungen 4.975512 Sekunden gebraucht
bei 11 cores haben 1000 Messungen 4.877962 Sekunden gebraucht
bei 12 cores haben 1000 Messungen 4.821894 Sekunden gebraucht
bei 13 cores haben 1000 Messungen 4.832141 Sekunden gebraucht
bei 14 cores haben 1000 Messungen 4.895435 Sekunden gebraucht
bei 15 cores haben 1000 Messungen 4.881262 Sekunden gebraucht
bei 16 cores haben 1000 Messungen 4.771998 Sekunden gebraucht
bei 1 cores haben 1000 Messungen 11.481812 Sekunden gebraucht
bei 2 cores haben 1000 Messungen 7.943265 Sekunden gebraucht
bei 3 cores haben 1000 Messungen 6.183913 Sekunden gebraucht
bei 4 cores haben 1000 Messungen 5.548755 Sekunden gebraucht
bei 5 cores haben 1000 Messungen 5.493422 Sekunden gebraucht
bei 6 cores haben 1000 Messungen 5.025863 Sekunden gebraucht
bei 7 cores haben 1000 Messungen 5.223803 Sekunden gebraucht
bei 8 cores haben 1000 Messungen 4.985610 Sekunden gebraucht
bei 9 cores haben 1000 Messungen 5.101638 Sekunden gebraucht
bei 10 cores haben 1000 Messungen 4.958229 Sekunden gebraucht
bei 11 cores haben 1000 Messungen 5.011255 Sekunden gebraucht
bei 12 cores haben 1000 Messungen 4.903632 Sekunden gebraucht
bei 13 cores haben 1000 Messungen 4.862062 Sekunden gebraucht
bei 14 cores haben 1000 Messungen 4.842731 Sekunden gebraucht
bei 15 cores haben 1000 Messungen 4.788360 Sekunden gebraucht
bei 16 cores haben 1000 Messungen 4.951489 Sekunden gebraucht
bei 1 cores haben 1000 Messungen 11.543995 Sekunden gebraucht
bei 2 cores haben 1000 Messungen 8.154351 Sekunden gebraucht
bei 3 cores haben 1000 Messungen 6.157824 Sekunden gebraucht
bei 4 cores haben 1000 Messungen 5.608475 Sekunden gebraucht
bei 5 cores haben 1000 Messungen 5.478317 Sekunden gebraucht
bei 6 cores haben 1000 Messungen 5.093184 Sekunden gebraucht
bei 7 cores haben 1000 Messungen 5.158348 Sekunden gebraucht
bei 8 cores haben 1000 Messungen 5.075356 Sekunden gebraucht
bei 9 cores haben 1000 Messungen 4.986176 Sekunden gebraucht
bei 10 cores haben 1000 Messungen 4.871752 Sekunden gebraucht
bei 11 cores haben 1000 Messungen 5.060273 Sekunden gebraucht
bei 12 cores haben 1000 Messungen 4.857716 Sekunden gebraucht
bei 13 cores haben 1000 Messungen 4.912379 Sekunden gebraucht
bei 14 cores haben 1000 Messungen 4.854452 Sekunden gebraucht
bei 15 cores haben 1000 Messungen 4.834681 Sekunden gebraucht
bei 16 cores haben 1000 Messungen 4.809894 Sekunden gebraucht
bei 1 cores haben 1000 Messungen 11.667599 Sekunden gebraucht
bei 2 cores haben 1000 Messungen 8.006107 Sekunden gebraucht
bei 3 cores haben 1000 Messungen 6.220025 Sekunden gebraucht
bei 4 cores haben 1000 Messungen 5.554025 Sekunden gebraucht
bei 5 cores haben 1000 Messungen 5.407191 Sekunden gebraucht
bei 6 cores haben 1000 Messungen 5.219254 Sekunden gebraucht
bei 7 cores haben 1000 Messungen 5.046176 Sekunden gebraucht
bei 8 cores haben 1000 Messungen 4.975792 Sekunden gebraucht
bei 9 cores haben 1000 Messungen 5.009491 Sekunden gebraucht
bei 10 cores haben 1000 Messungen 4.971851 Sekunden gebraucht
bei 11 cores haben 1000 Messungen 4.898524 Sekunden gebraucht
bei 12 cores haben 1000 Messungen 4.888160 Sekunden gebraucht
bei 13 cores haben 1000 Messungen 4.924482 Sekunden gebraucht
bei 14 cores haben 1000 Messungen 4.877080 Sekunden gebraucht
bei 15 cores haben 1000 Messungen 4.868181 Sekunden gebraucht
bei 16 cores haben 1000 Messungen 4.859884 Sekunden gebraucht
bei 1 cores haben 1000 Messungen 11.493968 Sekunden gebraucht
bei 2 cores haben 1000 Messungen 7.996008 Sekunden gebraucht
bei 3 cores haben 1000 Messungen 6.142854 Sekunden gebraucht
bei 4 cores haben 1000 Messungen 5.660883 Sekunden gebraucht
bei 5 cores haben 1000 Messungen 5.562723 Sekunden gebraucht
bei 6 cores haben 1000 Messungen 5.128710 Sekunden gebraucht
bei 7 cores haben 1000 Messungen 5.029705 Sekunden gebraucht
bei 8 cores haben 1000 Messungen 4.980931 Sekunden gebraucht
bei 9 cores haben 1000 Messungen 5.084787 Sekunden gebraucht
bei 10 cores haben 1000 Messungen 4.986939 Sekunden gebraucht
bei 11 cores haben 1000 Messungen 5.055930 Sekunden gebraucht
bei 12 cores haben 1000 Messungen 4.816624 Sekunden gebraucht
bei 13 cores haben 1000 Messungen 4.854319 Sekunden gebraucht
bei 14 cores haben 1000 Messungen 4.975837 Sekunden gebraucht
bei 15 cores haben 1000 Messungen 5.060681 Sekunden gebraucht
bei 16 cores haben 1000 Messungen 4.809455 Sekunden gebraucht
Laenge=500
bei 1 cores haben 1000 Messungen 23.532691 Sekunden gebraucht
bei 2 cores haben 1000 Messungen 16.468724 Sekunden gebraucht
bei 3 cores haben 1000 Messungen 12.980566 Sekunden gebraucht
bei 4 cores haben 1000 Messungen 11.539060 Sekunden gebraucht
bei 5 cores haben 1000 Messungen 11.203406 Sekunden gebraucht
bei 6 cores haben 1000 Messungen 10.790482 Sekunden gebraucht
bei 7 cores haben 1000 Messungen 10.647733 Sekunden gebraucht
bei 8 cores haben 1000 Messungen 10.520781 Sekunden gebraucht
bei 9 cores haben 1000 Messungen 10.447693 Sekunden gebraucht
bei 10 cores haben 1000 Messungen 10.258890 Sekunden gebraucht
bei 11 cores haben 1000 Messungen 10.196220 Sekunden gebraucht
bei 12 cores haben 1000 Messungen 10.172398 Sekunden gebraucht
bei 13 cores haben 1000 Messungen 10.199104 Sekunden gebraucht
bei 14 cores haben 1000 Messungen 10.178057 Sekunden gebraucht
bei 15 cores haben 1000 Messungen 10.152549 Sekunden gebraucht
bei 16 cores haben 1000 Messungen 10.135510 Sekunden gebraucht
bei 1 cores haben 1000 Messungen 23.928303 Sekunden gebraucht
bei 2 cores haben 1000 Messungen 16.810170 Sekunden gebraucht
bei 3 cores haben 1000 Messungen 13.076761 Sekunden gebraucht
bei 4 cores haben 1000 Messungen 11.476134 Sekunden gebraucht
bei 5 cores haben 1000 Messungen 11.300915 Sekunden gebraucht
bei 6 cores haben 1000 Messungen 10.853914 Sekunden gebraucht
bei 7 cores haben 1000 Messungen 10.625442 Sekunden gebraucht
bei 8 cores haben 1000 Messungen 10.552822 Sekunden gebraucht
bei 9 cores haben 1000 Messungen 10.579604 Sekunden gebraucht
bei 10 cores haben 1000 Messungen 10.387970 Sekunden gebraucht
bei 11 cores haben 1000 Messungen 10.151052 Sekunden gebraucht
bei 12 cores haben 1000 Messungen 10.118504 Sekunden gebraucht
bei 13 cores haben 1000 Messungen 10.148171 Sekunden gebraucht
bei 14 cores haben 1000 Messungen 10.235867 Sekunden gebraucht
bei 15 cores haben 1000 Messungen 10.007120 Sekunden gebraucht
bei 16 cores haben 1000 Messungen 10.085997 Sekunden gebraucht
bei 1 cores haben 1000 Messungen 24.368211 Sekunden gebraucht
bei 2 cores haben 1000 Messungen 16.639453 Sekunden gebraucht
bei 3 cores haben 1000 Messungen 12.957443 Sekunden gebraucht
bei 4 cores haben 1000 Messungen 11.858917 Sekunden gebraucht
bei 5 cores haben 1000 Messungen 11.351381 Sekunden gebraucht
bei 6 cores haben 1000 Messungen 10.746527 Sekunden gebraucht
bei 7 cores haben 1000 Messungen 10.655000 Sekunden gebraucht
bei 8 cores haben 1000 Messungen 10.641851 Sekunden gebraucht
bei 9 cores haben 1000 Messungen 10.638393 Sekunden gebraucht
bei 10 cores haben 1000 Messungen 10.321473 Sekunden gebraucht
bei 11 cores haben 1000 Messungen 10.287040 Sekunden gebraucht
bei 12 cores haben 1000 Messungen 10.194988 Sekunden gebraucht
bei 13 cores haben 1000 Messungen 10.232989 Sekunden gebraucht
bei 14 cores haben 1000 Messungen 10.173100 Sekunden gebraucht
bei 15 cores haben 1000 Messungen 10.115719 Sekunden gebraucht
bei 16 cores haben 1000 Messungen 10.050115 Sekunden gebraucht
bei 1 cores haben 1000 Messungen 23.552215 Sekunden gebraucht
bei 2 cores haben 1000 Messungen 16.674681 Sekunden gebraucht
bei 3 cores haben 1000 Messungen 13.113952 Sekunden gebraucht
bei 4 cores haben 1000 Messungen 11.515248 Sekunden gebraucht
bei 5 cores haben 1000 Messungen 11.399045 Sekunden gebraucht
bei 6 cores haben 1000 Messungen 10.778113 Sekunden gebraucht
bei 7 cores haben 1000 Messungen 10.662603 Sekunden gebraucht
bei 8 cores haben 1000 Messungen 10.634993 Sekunden gebraucht
bei 9 cores haben 1000 Messungen 10.586812 Sekunden gebraucht
bei 10 cores haben 1000 Messungen 10.417472 Sekunden gebraucht
bei 11 cores haben 1000 Messungen 10.364211 Sekunden gebraucht
bei 12 cores haben 1000 Messungen 10.117493 Sekunden gebraucht
bei 13 cores haben 1000 Messungen 10.314035 Sekunden gebraucht
bei 14 cores haben 1000 Messungen 10.146250 Sekunden gebraucht
bei 15 cores haben 1000 Messungen 10.169287 Sekunden gebraucht
bei 16 cores haben 1000 Messungen 10.081253 Sekunden gebraucht
bei 1 cores haben 1000 Messungen 23.598181 Sekunden gebraucht
bei 2 cores haben 1000 Messungen 16.674290 Sekunden gebraucht
bei 3 cores haben 1000 Messungen 13.005008 Sekunden gebraucht
bei 4 cores haben 1000 Messungen 11.506277 Sekunden gebraucht
bei 5 cores haben 1000 Messungen 11.321315 Sekunden gebraucht
bei 6 cores haben 1000 Messungen 10.793829 Sekunden gebraucht
bei 7 cores haben 1000 Messungen 10.680344 Sekunden gebraucht
bei 8 cores haben 1000 Messungen 10.547480 Sekunden gebraucht
bei 9 cores haben 1000 Messungen 10.435495 Sekunden gebraucht
bei 10 cores haben 1000 Messungen 10.346809 Sekunden gebraucht
bei 11 cores haben 1000 Messungen 10.356490 Sekunden gebraucht
bei 12 cores haben 1000 Messungen 10.128817 Sekunden gebraucht
bei 13 cores haben 1000 Messungen 10.198133 Sekunden gebraucht
bei 14 cores haben 1000 Messungen 10.203599 Sekunden gebraucht
bei 15 cores haben 1000 Messungen 10.114245 Sekunden gebraucht
bei 16 cores haben 1000 Messungen 10.058467 Sekunden gebraucht
bei 1 cores haben 1000 Messungen 23.972776 Sekunden gebraucht
bei 2 cores haben 1000 Messungen 16.745194 Sekunden gebraucht
bei 3 cores haben 1000 Messungen 13.008129 Sekunden gebraucht
bei 4 cores haben 1000 Messungen 11.763680 Sekunden gebraucht
bei 5 cores haben 1000 Messungen 11.052178 Sekunden gebraucht
bei 6 cores haben 1000 Messungen 10.873655 Sekunden gebraucht
bei 7 cores haben 1000 Messungen 10.868371 Sekunden gebraucht
bei 8 cores haben 1000 Messungen 10.678404 Sekunden gebraucht
bei 9 cores haben 1000 Messungen 10.546624 Sekunden gebraucht
bei 10 cores haben 1000 Messungen 10.257319 Sekunden gebraucht
bei 11 cores haben 1000 Messungen 10.339963 Sekunden gebraucht
bei 12 cores haben 1000 Messungen 10.194556 Sekunden gebraucht
bei 13 cores haben 1000 Messungen 10.130547 Sekunden gebraucht
bei 14 cores haben 1000 Messungen 10.142126 Sekunden gebraucht
bei 15 cores haben 1000 Messungen 10.065640 Sekunden gebraucht
bei 16 cores haben 1000 Messungen 10.063754 Sekunden gebraucht
bei 1 cores haben 1000 Messungen 23.906168 Sekunden gebraucht
bei 2 cores haben 1000 Messungen 16.602658 Sekunden gebraucht
bei 3 cores haben 1000 Messungen 13.065090 Sekunden gebraucht
bei 4 cores haben 1000 Messungen 11.452698 Sekunden gebraucht
bei 5 cores haben 1000 Messungen 11.265394 Sekunden gebraucht
bei 6 cores haben 1000 Messungen 10.842657 Sekunden gebraucht
bei 7 cores haben 1000 Messungen 10.840355 Sekunden gebraucht
bei 8 cores haben 1000 Messungen 10.606162 Sekunden gebraucht
bei 9 cores haben 1000 Messungen 10.678800 Sekunden gebraucht
bei 10 cores haben 1000 Messungen 10.242698 Sekunden gebraucht
bei 11 cores haben 1000 Messungen 10.247374 Sekunden gebraucht
bei 12 cores haben 1000 Messungen 10.141237 Sekunden gebraucht
bei 13 cores haben 1000 Messungen 10.157125 Sekunden gebraucht
bei 14 cores haben 1000 Messungen 10.372781 Sekunden gebraucht
bei 15 cores haben 1000 Messungen 10.117788 Sekunden gebraucht
bei 16 cores haben 1000 Messungen 10.074333 Sekunden gebraucht
bei 1 cores haben 1000 Messungen 24.121009 Sekunden gebraucht
bei 2 cores haben 1000 Messungen 16.908712 Sekunden gebraucht
bei 3 cores haben 1000 Messungen 12.942744 Sekunden gebraucht
bei 4 cores haben 1000 Messungen 11.524153 Sekunden gebraucht
bei 5 cores haben 1000 Messungen 11.305617 Sekunden gebraucht
bei 6 cores haben 1000 Messungen 10.878294 Sekunden gebraucht
bei 7 cores haben 1000 Messungen 10.935204 Sekunden gebraucht
bei 8 cores haben 1000 Messungen 10.445732 Sekunden gebraucht
bei 9 cores haben 1000 Messungen 10.550881 Sekunden gebraucht
bei 10 cores haben 1000 Messungen 10.354628 Sekunden gebraucht
bei 11 cores haben 1000 Messungen 10.268928 Sekunden gebraucht
bei 12 cores haben 1000 Messungen 10.200253 Sekunden gebraucht
bei 13 cores haben 1000 Messungen 10.232519 Sekunden gebraucht
bei 14 cores haben 1000 Messungen 10.300399 Sekunden gebraucht
bei 15 cores haben 1000 Messungen 10.157975 Sekunden gebraucht
bei 16 cores haben 1000 Messungen 10.138285 Sekunden gebraucht
bei 1 cores haben 1000 Messungen 23.757499 Sekunden gebraucht
bei 2 cores haben 1000 Messungen 16.405738 Sekunden gebraucht
bei 3 cores haben 1000 Messungen 12.924189 Sekunden gebraucht
bei 4 cores haben 1000 Messungen 11.613629 Sekunden gebraucht
bei 5 cores haben 1000 Messungen 11.389865 Sekunden gebraucht
bei 6 cores haben 1000 Messungen 11.013407 Sekunden gebraucht
bei 7 cores haben 1000 Messungen 11.098359 Sekunden gebraucht
bei 8 cores haben 1000 Messungen 10.401167 Sekunden gebraucht
bei 9 cores haben 1000 Messungen 10.636312 Sekunden gebraucht
bei 10 cores haben 1000 Messungen 10.317341 Sekunden gebraucht
bei 11 cores haben 1000 Messungen 10.358917 Sekunden gebraucht
bei 12 cores haben 1000 Messungen 10.188009 Sekunden gebraucht
bei 13 cores haben 1000 Messungen 10.250221 Sekunden gebraucht
bei 14 cores haben 1000 Messungen 10.095219 Sekunden gebraucht
bei 15 cores haben 1000 Messungen 10.117734 Sekunden gebraucht
bei 16 cores haben 1000 Messungen 10.177530 Sekunden gebraucht
bei 1 cores haben 1000 Messungen 23.824596 Sekunden gebraucht
bei 2 cores haben 1000 Messungen 17.349881 Sekunden gebraucht
bei 3 cores haben 1000 Messungen 12.926418 Sekunden gebraucht
bei 4 cores haben 1000 Messungen 11.573772 Sekunden gebraucht
bei 5 cores haben 1000 Messungen 11.324955 Sekunden gebraucht
bei 6 cores haben 1000 Messungen 10.613806 Sekunden gebraucht
bei 7 cores haben 1000 Messungen 10.898911 Sekunden gebraucht
bei 8 cores haben 1000 Messungen 10.681343 Sekunden gebraucht
bei 9 cores haben 1000 Messungen 10.618565 Sekunden gebraucht
bei 10 cores haben 1000 Messungen 10.444539 Sekunden gebraucht
bei 11 cores haben 1000 Messungen 10.331528 Sekunden gebraucht
bei 12 cores haben 1000 Messungen 10.133437 Sekunden gebraucht
bei 13 cores haben 1000 Messungen 10.296206 Sekunden gebraucht
bei 14 cores haben 1000 Messungen 10.257513 Sekunden gebraucht
bei 15 cores haben 1000 Messungen 10.100096 Sekunden gebraucht
bei 16 cores haben 1000 Messungen 10.013261 Sekunden gebraucht
/hiskp4/gross/bachelorarbeit
