Thu Jun 11 17:28:33 CEST 2020 Waiting for 30 seconds before starting the job to allow the node to settle down
Thu Jun 11 17:29:03 CEST 2020 Waiting done, starting task!
Thu Jun 11 17:29:03 CEST 2020 Waiting for 30 seconds before starting the job to allow the node to settle down
Thu Jun 11 17:29:33 CEST 2020 Waiting done, starting task!
Laenge=10
bei 1 cores haben 1000 Messungen 0.014528 Sekunden gebraucht
bei 1 cores haben 1000 Messungen 0.013421 Sekunden gebraucht
bei 1 cores haben 1000 Messungen 0.013103 Sekunden gebraucht
bei 1 cores haben 1000 Messungen 0.013095 Sekunden gebraucht
bei 1 cores haben 1000 Messungen 0.013027 Sekunden gebraucht
bei 2 cores haben 1000 Messungen 0.014017 Sekunden gebraucht
bei 2 cores haben 1000 Messungen 0.011743 Sekunden gebraucht
bei 2 cores haben 1000 Messungen 0.011152 Sekunden gebraucht
bei 2 cores haben 1000 Messungen 0.010848 Sekunden gebraucht
bei 2 cores haben 1000 Messungen 0.011812 Sekunden gebraucht
bei 3 cores haben 1000 Messungen 0.022703 Sekunden gebraucht
bei 3 cores haben 1000 Messungen 0.022534 Sekunden gebraucht
bei 3 cores haben 1000 Messungen 0.021902 Sekunden gebraucht
bei 3 cores haben 1000 Messungen 0.019864 Sekunden gebraucht
bei 3 cores haben 1000 Messungen 0.019388 Sekunden gebraucht
bei 4 cores haben 1000 Messungen 0.020271 Sekunden gebraucht
bei 4 cores haben 1000 Messungen 0.019869 Sekunden gebraucht
bei 4 cores haben 1000 Messungen 0.019601 Sekunden gebraucht
bei 4 cores haben 1000 Messungen 0.020016 Sekunden gebraucht
bei 4 cores haben 1000 Messungen 0.019898 Sekunden gebraucht
bei 5 cores haben 1000 Messungen 0.019723 Sekunden gebraucht
bei 5 cores haben 1000 Messungen 0.020006 Sekunden gebraucht
bei 5 cores haben 1000 Messungen 0.020673 Sekunden gebraucht
bei 5 cores haben 1000 Messungen 0.020026 Sekunden gebraucht
bei 5 cores haben 1000 Messungen 0.020930 Sekunden gebraucht
bei 6 cores haben 1000 Messungen 0.021885 Sekunden gebraucht
bei 6 cores haben 1000 Messungen 0.021468 Sekunden gebraucht
bei 6 cores haben 1000 Messungen 0.021768 Sekunden gebraucht
bei 6 cores haben 1000 Messungen 0.021259 Sekunden gebraucht
bei 6 cores haben 1000 Messungen 0.020684 Sekunden gebraucht
bei 7 cores haben 1000 Messungen 0.020579 Sekunden gebraucht
bei 7 cores haben 1000 Messungen 0.018908 Sekunden gebraucht
bei 7 cores haben 1000 Messungen 0.018433 Sekunden gebraucht
bei 7 cores haben 1000 Messungen 0.019179 Sekunden gebraucht
bei 7 cores haben 1000 Messungen 0.018655 Sekunden gebraucht
bei 8 cores haben 1000 Messungen 0.021152 Sekunden gebraucht
bei 8 cores haben 1000 Messungen 0.021026 Sekunden gebraucht
bei 8 cores haben 1000 Messungen 0.020820 Sekunden gebraucht
bei 8 cores haben 1000 Messungen 0.020777 Sekunden gebraucht
bei 8 cores haben 1000 Messungen 0.020936 Sekunden gebraucht
bei 9 cores haben 1000 Messungen 0.020669 Sekunden gebraucht
bei 9 cores haben 1000 Messungen 0.020353 Sekunden gebraucht
bei 9 cores haben 1000 Messungen 0.021148 Sekunden gebraucht
bei 9 cores haben 1000 Messungen 0.020810 Sekunden gebraucht
bei 9 cores haben 1000 Messungen 0.020625 Sekunden gebraucht
bei 10 cores haben 1000 Messungen 0.023482 Sekunden gebraucht
bei 10 cores haben 1000 Messungen 0.023758 Sekunden gebraucht
bei 10 cores haben 1000 Messungen 0.022736 Sekunden gebraucht
bei 10 cores haben 1000 Messungen 0.025035 Sekunden gebraucht
bei 10 cores haben 1000 Messungen 0.023675 Sekunden gebraucht
bei 11 cores haben 1000 Messungen 0.022128 Sekunden gebraucht
bei 11 cores haben 1000 Messungen 0.021552 Sekunden gebraucht
bei 11 cores haben 1000 Messungen 0.022026 Sekunden gebraucht
bei 11 cores haben 1000 Messungen 0.022187 Sekunden gebraucht
bei 11 cores haben 1000 Messungen 0.022089 Sekunden gebraucht
bei 12 cores haben 1000 Messungen 0.024628 Sekunden gebraucht
bei 12 cores haben 1000 Messungen 0.024781 Sekunden gebraucht
bei 12 cores haben 1000 Messungen 0.024813 Sekunden gebraucht
bei 12 cores haben 1000 Messungen 0.024821 Sekunden gebraucht
bei 12 cores haben 1000 Messungen 0.024337 Sekunden gebraucht
Laenge=100
bei 1 cores haben 1000 Messungen 0.806458 Sekunden gebraucht
bei 1 cores haben 1000 Messungen 0.849501 Sekunden gebraucht
bei 1 cores haben 1000 Messungen 0.805351 Sekunden gebraucht
bei 1 cores haben 1000 Messungen 0.805661 Sekunden gebraucht
bei 1 cores haben 1000 Messungen 0.805566 Sekunden gebraucht
bei 2 cores haben 1000 Messungen 0.815832 Sekunden gebraucht
bei 2 cores haben 1000 Messungen 0.802709 Sekunden gebraucht
bei 2 cores haben 1000 Messungen 0.806217 Sekunden gebraucht
bei 2 cores haben 1000 Messungen 0.837240 Sekunden gebraucht
bei 2 cores haben 1000 Messungen 0.809428 Sekunden gebraucht
bei 3 cores haben 1000 Messungen 0.688711 Sekunden gebraucht
bei 3 cores haben 1000 Messungen 0.662462 Sekunden gebraucht
bei 3 cores haben 1000 Messungen 0.647181 Sekunden gebraucht
bei 3 cores haben 1000 Messungen 0.651805 Sekunden gebraucht
bei 3 cores haben 1000 Messungen 0.674794 Sekunden gebraucht
bei 4 cores haben 1000 Messungen 0.612634 Sekunden gebraucht
bei 4 cores haben 1000 Messungen 0.646664 Sekunden gebraucht
bei 4 cores haben 1000 Messungen 0.644269 Sekunden gebraucht
bei 4 cores haben 1000 Messungen 0.618734 Sekunden gebraucht
bei 4 cores haben 1000 Messungen 0.617337 Sekunden gebraucht
bei 5 cores haben 1000 Messungen 0.617660 Sekunden gebraucht
bei 5 cores haben 1000 Messungen 0.649450 Sekunden gebraucht
bei 5 cores haben 1000 Messungen 0.644454 Sekunden gebraucht
bei 5 cores haben 1000 Messungen 0.634052 Sekunden gebraucht
bei 5 cores haben 1000 Messungen 0.620158 Sekunden gebraucht
bei 6 cores haben 1000 Messungen 0.612843 Sekunden gebraucht
bei 6 cores haben 1000 Messungen 0.676667 Sekunden gebraucht
bei 6 cores haben 1000 Messungen 0.624215 Sekunden gebraucht
bei 6 cores haben 1000 Messungen 0.624012 Sekunden gebraucht
bei 6 cores haben 1000 Messungen 0.672971 Sekunden gebraucht
bei 7 cores haben 1000 Messungen 0.613811 Sekunden gebraucht
bei 7 cores haben 1000 Messungen 0.650695 Sekunden gebraucht
bei 7 cores haben 1000 Messungen 0.653793 Sekunden gebraucht
bei 7 cores haben 1000 Messungen 0.653586 Sekunden gebraucht
bei 7 cores haben 1000 Messungen 0.647216 Sekunden gebraucht
bei 8 cores haben 1000 Messungen 0.666841 Sekunden gebraucht
bei 8 cores haben 1000 Messungen 0.646103 Sekunden gebraucht
bei 8 cores haben 1000 Messungen 0.651438 Sekunden gebraucht
bei 8 cores haben 1000 Messungen 0.673289 Sekunden gebraucht
bei 8 cores haben 1000 Messungen 0.646886 Sekunden gebraucht
bei 9 cores haben 1000 Messungen 0.667994 Sekunden gebraucht
bei 9 cores haben 1000 Messungen 0.665326 Sekunden gebraucht
bei 9 cores haben 1000 Messungen 0.660135 Sekunden gebraucht
bei 9 cores haben 1000 Messungen 0.657770 Sekunden gebraucht
bei 9 cores haben 1000 Messungen 0.674467 Sekunden gebraucht
bei 10 cores haben 1000 Messungen 0.744518 Sekunden gebraucht
bei 10 cores haben 1000 Messungen 0.661284 Sekunden gebraucht
bei 10 cores haben 1000 Messungen 0.666191 Sekunden gebraucht
bei 10 cores haben 1000 Messungen 0.663679 Sekunden gebraucht
bei 10 cores haben 1000 Messungen 0.664631 Sekunden gebraucht
bei 11 cores haben 1000 Messungen 0.698109 Sekunden gebraucht
bei 11 cores haben 1000 Messungen 0.674103 Sekunden gebraucht
bei 11 cores haben 1000 Messungen 0.683387 Sekunden gebraucht
bei 11 cores haben 1000 Messungen 0.683548 Sekunden gebraucht
bei 11 cores haben 1000 Messungen 0.678319 Sekunden gebraucht
bei 12 cores haben 1000 Messungen 0.688738 Sekunden gebraucht
bei 12 cores haben 1000 Messungen 0.689912 Sekunden gebraucht
bei 12 cores haben 1000 Messungen 0.690072 Sekunden gebraucht
bei 12 cores haben 1000 Messungen 0.699157 Sekunden gebraucht
bei 12 cores haben 1000 Messungen 0.689858 Sekunden gebraucht
Laenge=500
bei 1 cores haben 1000 Messungen 20.139196 Sekunden gebraucht
bei 1 cores haben 1000 Messungen 20.095389 Sekunden gebraucht
bei 1 cores haben 1000 Messungen 20.095759 Sekunden gebraucht
bei 1 cores haben 1000 Messungen 20.265351 Sekunden gebraucht
bei 1 cores haben 1000 Messungen 20.114115 Sekunden gebraucht
bei 2 cores haben 1000 Messungen 20.265421 Sekunden gebraucht
bei 2 cores haben 1000 Messungen 20.192485 Sekunden gebraucht
bei 2 cores haben 1000 Messungen 20.215031 Sekunden gebraucht
bei 2 cores haben 1000 Messungen 19.990926 Sekunden gebraucht
bei 2 cores haben 1000 Messungen 20.095791 Sekunden gebraucht
bei 3 cores haben 1000 Messungen 16.621330 Sekunden gebraucht
bei 3 cores haben 1000 Messungen 16.691909 Sekunden gebraucht
bei 3 cores haben 1000 Messungen 16.860543 Sekunden gebraucht
bei 3 cores haben 1000 Messungen 16.726508 Sekunden gebraucht
bei 3 cores haben 1000 Messungen 16.986169 Sekunden gebraucht
bei 4 cores haben 1000 Messungen 15.339786 Sekunden gebraucht
bei 4 cores haben 1000 Messungen 15.467709 Sekunden gebraucht
bei 4 cores haben 1000 Messungen 15.419526 Sekunden gebraucht
bei 4 cores haben 1000 Messungen 16.505302 Sekunden gebraucht
bei 4 cores haben 1000 Messungen 15.504253 Sekunden gebraucht
bei 5 cores haben 1000 Messungen 15.912046 Sekunden gebraucht
bei 5 cores haben 1000 Messungen 15.892251 Sekunden gebraucht
bei 5 cores haben 1000 Messungen 15.875467 Sekunden gebraucht
bei 5 cores haben 1000 Messungen 15.978837 Sekunden gebraucht
bei 5 cores haben 1000 Messungen 15.817885 Sekunden gebraucht
bei 6 cores haben 1000 Messungen 16.360102 Sekunden gebraucht
bei 6 cores haben 1000 Messungen 15.834876 Sekunden gebraucht
bei 6 cores haben 1000 Messungen 15.322460 Sekunden gebraucht
bei 6 cores haben 1000 Messungen 15.369457 Sekunden gebraucht
bei 6 cores haben 1000 Messungen 15.317171 Sekunden gebraucht
bei 7 cores haben 1000 Messungen 15.921594 Sekunden gebraucht
bei 7 cores haben 1000 Messungen 16.303735 Sekunden gebraucht
bei 7 cores haben 1000 Messungen 16.079158 Sekunden gebraucht
bei 7 cores haben 1000 Messungen 16.237044 Sekunden gebraucht
bei 7 cores haben 1000 Messungen 16.265932 Sekunden gebraucht
bei 8 cores haben 1000 Messungen 15.926896 Sekunden gebraucht
bei 8 cores haben 1000 Messungen 15.807427 Sekunden gebraucht
bei 8 cores haben 1000 Messungen 15.823689 Sekunden gebraucht
bei 8 cores haben 1000 Messungen 15.904487 Sekunden gebraucht
bei 8 cores haben 1000 Messungen 15.882756 Sekunden gebraucht
bei 9 cores haben 1000 Messungen 16.497506 Sekunden gebraucht
bei 9 cores haben 1000 Messungen 16.524315 Sekunden gebraucht
bei 9 cores haben 1000 Messungen 16.545778 Sekunden gebraucht
bei 9 cores haben 1000 Messungen 16.650456 Sekunden gebraucht
bei 9 cores haben 1000 Messungen 16.572146 Sekunden gebraucht
bei 10 cores haben 1000 Messungen 16.810090 Sekunden gebraucht
bei 10 cores haben 1000 Messungen 16.982457 Sekunden gebraucht
bei 10 cores haben 1000 Messungen 16.729166 Sekunden gebraucht
bei 10 cores haben 1000 Messungen 16.835296 Sekunden gebraucht
bei 10 cores haben 1000 Messungen 16.916765 Sekunden gebraucht
bei 11 cores haben 1000 Messungen 16.713463 Sekunden gebraucht
bei 11 cores haben 1000 Messungen 16.671914 Sekunden gebraucht
bei 11 cores haben 1000 Messungen 16.717429 Sekunden gebraucht
bei 11 cores haben 1000 Messungen 16.658832 Sekunden gebraucht
bei 11 cores haben 1000 Messungen 16.695541 Sekunden gebraucht
bei 12 cores haben 1000 Messungen 16.774709 Sekunden gebraucht
bei 12 cores haben 1000 Messungen 16.769612 Sekunden gebraucht
bei 12 cores haben 1000 Messungen 16.800451 Sekunden gebraucht
bei 12 cores haben 1000 Messungen 16.757153 Sekunden gebraucht
bei 12 cores haben 1000 Messungen 16.777984 Sekunden gebraucht
/hiskp4/gross/bachelorarbeit
