Thu Jun 11 16:42:27 CEST 2020 Waiting for 30 seconds before starting the job to allow the node to settle down
Thu Jun 11 16:42:57 CEST 2020 Waiting done, starting task!
Thu Jun 11 16:42:57 CEST 2020 Waiting for 30 seconds before starting the job to allow the node to settle down
Thu Jun 11 16:43:27 CEST 2020 Waiting done, starting task!
Laenge=10
bei 1 cores haben 1000 Messungen 0.016652 Sekunden gebraucht
bei 1 cores haben 1000 Messungen 0.015249 Sekunden gebraucht
bei 1 cores haben 1000 Messungen 0.014101 Sekunden gebraucht
bei 1 cores haben 1000 Messungen 0.013418 Sekunden gebraucht
bei 1 cores haben 1000 Messungen 0.013446 Sekunden gebraucht
bei 2 cores haben 1000 Messungen 0.011372 Sekunden gebraucht
bei 2 cores haben 1000 Messungen 0.011002 Sekunden gebraucht
bei 2 cores haben 1000 Messungen 0.011008 Sekunden gebraucht
bei 2 cores haben 1000 Messungen 0.011034 Sekunden gebraucht
bei 2 cores haben 1000 Messungen 0.020990 Sekunden gebraucht
bei 3 cores haben 1000 Messungen 0.023751 Sekunden gebraucht
bei 3 cores haben 1000 Messungen 0.021956 Sekunden gebraucht
bei 3 cores haben 1000 Messungen 0.020813 Sekunden gebraucht
bei 3 cores haben 1000 Messungen 0.019858 Sekunden gebraucht
bei 3 cores haben 1000 Messungen 0.019633 Sekunden gebraucht
bei 4 cores haben 1000 Messungen 0.020799 Sekunden gebraucht
bei 4 cores haben 1000 Messungen 0.020591 Sekunden gebraucht
bei 4 cores haben 1000 Messungen 0.020683 Sekunden gebraucht
bei 4 cores haben 1000 Messungen 0.020569 Sekunden gebraucht
bei 4 cores haben 1000 Messungen 0.020723 Sekunden gebraucht
bei 5 cores haben 1000 Messungen 0.021312 Sekunden gebraucht
bei 5 cores haben 1000 Messungen 0.021006 Sekunden gebraucht
bei 5 cores haben 1000 Messungen 0.020295 Sekunden gebraucht
bei 5 cores haben 1000 Messungen 0.017118 Sekunden gebraucht
bei 5 cores haben 1000 Messungen 0.016703 Sekunden gebraucht
bei 6 cores haben 1000 Messungen 0.019463 Sekunden gebraucht
bei 6 cores haben 1000 Messungen 0.018331 Sekunden gebraucht
bei 6 cores haben 1000 Messungen 0.017606 Sekunden gebraucht
bei 6 cores haben 1000 Messungen 0.020348 Sekunden gebraucht
bei 6 cores haben 1000 Messungen 0.017572 Sekunden gebraucht
bei 7 cores haben 1000 Messungen 0.018515 Sekunden gebraucht
bei 7 cores haben 1000 Messungen 0.018527 Sekunden gebraucht
bei 7 cores haben 1000 Messungen 0.019572 Sekunden gebraucht
bei 7 cores haben 1000 Messungen 0.019133 Sekunden gebraucht
bei 7 cores haben 1000 Messungen 0.018342 Sekunden gebraucht
bei 8 cores haben 1000 Messungen 0.021762 Sekunden gebraucht
bei 8 cores haben 1000 Messungen 0.021213 Sekunden gebraucht
bei 8 cores haben 1000 Messungen 0.020611 Sekunden gebraucht
bei 8 cores haben 1000 Messungen 0.020546 Sekunden gebraucht
bei 8 cores haben 1000 Messungen 0.020251 Sekunden gebraucht
bei 9 cores haben 1000 Messungen 0.020583 Sekunden gebraucht
bei 9 cores haben 1000 Messungen 0.020420 Sekunden gebraucht
bei 9 cores haben 1000 Messungen 0.020178 Sekunden gebraucht
bei 9 cores haben 1000 Messungen 0.020320 Sekunden gebraucht
bei 9 cores haben 1000 Messungen 0.020420 Sekunden gebraucht
bei 10 cores haben 1000 Messungen 0.023355 Sekunden gebraucht
bei 10 cores haben 1000 Messungen 0.023080 Sekunden gebraucht
bei 10 cores haben 1000 Messungen 0.023839 Sekunden gebraucht
bei 10 cores haben 1000 Messungen 0.023071 Sekunden gebraucht
bei 10 cores haben 1000 Messungen 0.022890 Sekunden gebraucht
bei 11 cores haben 1000 Messungen 0.022013 Sekunden gebraucht
bei 11 cores haben 1000 Messungen 0.022143 Sekunden gebraucht
bei 11 cores haben 1000 Messungen 0.021741 Sekunden gebraucht
bei 11 cores haben 1000 Messungen 0.021532 Sekunden gebraucht
bei 11 cores haben 1000 Messungen 0.021895 Sekunden gebraucht
bei 12 cores haben 1000 Messungen 0.024923 Sekunden gebraucht
bei 12 cores haben 1000 Messungen 0.024747 Sekunden gebraucht
bei 12 cores haben 1000 Messungen 0.024813 Sekunden gebraucht
bei 12 cores haben 1000 Messungen 0.024753 Sekunden gebraucht
bei 12 cores haben 1000 Messungen 0.024482 Sekunden gebraucht
Laenge=100
bei 1 cores haben 1000 Messungen 0.838707 Sekunden gebraucht
bei 1 cores haben 1000 Messungen 1.018465 Sekunden gebraucht
bei 1 cores haben 1000 Messungen 0.997011 Sekunden gebraucht
bei 1 cores haben 1000 Messungen 0.837787 Sekunden gebraucht
bei 1 cores haben 1000 Messungen 0.837695 Sekunden gebraucht
bei 2 cores haben 1000 Messungen 0.848053 Sekunden gebraucht
bei 2 cores haben 1000 Messungen 0.863091 Sekunden gebraucht
bei 2 cores haben 1000 Messungen 0.885677 Sekunden gebraucht
bei 2 cores haben 1000 Messungen 0.855819 Sekunden gebraucht
bei 2 cores haben 1000 Messungen 0.855500 Sekunden gebraucht
bei 3 cores haben 1000 Messungen 0.721876 Sekunden gebraucht
bei 3 cores haben 1000 Messungen 0.700198 Sekunden gebraucht
bei 3 cores haben 1000 Messungen 0.700055 Sekunden gebraucht
bei 3 cores haben 1000 Messungen 0.685418 Sekunden gebraucht
bei 3 cores haben 1000 Messungen 0.705297 Sekunden gebraucht
bei 4 cores haben 1000 Messungen 0.669480 Sekunden gebraucht
bei 4 cores haben 1000 Messungen 0.669117 Sekunden gebraucht
bei 4 cores haben 1000 Messungen 0.717055 Sekunden gebraucht
bei 4 cores haben 1000 Messungen 0.661286 Sekunden gebraucht
bei 4 cores haben 1000 Messungen 0.645451 Sekunden gebraucht
bei 5 cores haben 1000 Messungen 0.685217 Sekunden gebraucht
bei 5 cores haben 1000 Messungen 0.583373 Sekunden gebraucht
bei 5 cores haben 1000 Messungen 0.678884 Sekunden gebraucht
bei 5 cores haben 1000 Messungen 0.676282 Sekunden gebraucht
bei 5 cores haben 1000 Messungen 0.672922 Sekunden gebraucht
bei 6 cores haben 1000 Messungen 0.644240 Sekunden gebraucht
bei 6 cores haben 1000 Messungen 0.652582 Sekunden gebraucht
bei 6 cores haben 1000 Messungen 0.656274 Sekunden gebraucht
bei 6 cores haben 1000 Messungen 0.655678 Sekunden gebraucht
bei 6 cores haben 1000 Messungen 0.653236 Sekunden gebraucht
bei 7 cores haben 1000 Messungen 0.672927 Sekunden gebraucht
bei 7 cores haben 1000 Messungen 0.663232 Sekunden gebraucht
bei 7 cores haben 1000 Messungen 0.677128 Sekunden gebraucht
bei 7 cores haben 1000 Messungen 0.670705 Sekunden gebraucht
bei 7 cores haben 1000 Messungen 0.682949 Sekunden gebraucht
bei 8 cores haben 1000 Messungen 0.686369 Sekunden gebraucht
bei 8 cores haben 1000 Messungen 0.659944 Sekunden gebraucht
bei 8 cores haben 1000 Messungen 0.674634 Sekunden gebraucht
bei 8 cores haben 1000 Messungen 0.669097 Sekunden gebraucht
bei 8 cores haben 1000 Messungen 0.671472 Sekunden gebraucht
bei 9 cores haben 1000 Messungen 0.688356 Sekunden gebraucht
bei 9 cores haben 1000 Messungen 0.685703 Sekunden gebraucht
bei 9 cores haben 1000 Messungen 0.685324 Sekunden gebraucht
bei 9 cores haben 1000 Messungen 0.696892 Sekunden gebraucht
bei 9 cores haben 1000 Messungen 0.682941 Sekunden gebraucht
bei 10 cores haben 1000 Messungen 0.712503 Sekunden gebraucht
bei 10 cores haben 1000 Messungen 0.679122 Sekunden gebraucht
bei 10 cores haben 1000 Messungen 0.669784 Sekunden gebraucht
bei 10 cores haben 1000 Messungen 0.673750 Sekunden gebraucht
bei 10 cores haben 1000 Messungen 0.692105 Sekunden gebraucht
bei 11 cores haben 1000 Messungen 0.698566 Sekunden gebraucht
bei 11 cores haben 1000 Messungen 0.696535 Sekunden gebraucht
bei 11 cores haben 1000 Messungen 0.701795 Sekunden gebraucht
bei 11 cores haben 1000 Messungen 0.704298 Sekunden gebraucht
bei 11 cores haben 1000 Messungen 0.708705 Sekunden gebraucht
bei 12 cores haben 1000 Messungen 0.706633 Sekunden gebraucht
bei 12 cores haben 1000 Messungen 0.701962 Sekunden gebraucht
bei 12 cores haben 1000 Messungen 0.704571 Sekunden gebraucht
bei 12 cores haben 1000 Messungen 0.716788 Sekunden gebraucht
bei 12 cores haben 1000 Messungen 0.702997 Sekunden gebraucht
Laenge=500
bei 1 cores haben 1000 Messungen 20.897794 Sekunden gebraucht
bei 1 cores haben 1000 Messungen 21.025846 Sekunden gebraucht
bei 1 cores haben 1000 Messungen 20.855080 Sekunden gebraucht
bei 1 cores haben 1000 Messungen 20.856853 Sekunden gebraucht
bei 1 cores haben 1000 Messungen 20.855328 Sekunden gebraucht
bei 2 cores haben 1000 Messungen 21.404768 Sekunden gebraucht
bei 2 cores haben 1000 Messungen 21.416862 Sekunden gebraucht
bei 2 cores haben 1000 Messungen 21.380422 Sekunden gebraucht
bei 2 cores haben 1000 Messungen 21.454462 Sekunden gebraucht
bei 2 cores haben 1000 Messungen 21.468830 Sekunden gebraucht
bei 3 cores haben 1000 Messungen 17.622381 Sekunden gebraucht
bei 3 cores haben 1000 Messungen 17.707791 Sekunden gebraucht
bei 3 cores haben 1000 Messungen 17.601536 Sekunden gebraucht
bei 3 cores haben 1000 Messungen 17.780564 Sekunden gebraucht
bei 3 cores haben 1000 Messungen 17.654625 Sekunden gebraucht
bei 4 cores haben 1000 Messungen 16.071752 Sekunden gebraucht
bei 4 cores haben 1000 Messungen 16.016980 Sekunden gebraucht
bei 4 cores haben 1000 Messungen 15.959782 Sekunden gebraucht
bei 4 cores haben 1000 Messungen 15.972994 Sekunden gebraucht
bei 4 cores haben 1000 Messungen 16.037339 Sekunden gebraucht
bei 5 cores haben 1000 Messungen 16.669146 Sekunden gebraucht
bei 5 cores haben 1000 Messungen 16.779421 Sekunden gebraucht
bei 5 cores haben 1000 Messungen 16.747909 Sekunden gebraucht
bei 5 cores haben 1000 Messungen 16.802857 Sekunden gebraucht
bei 5 cores haben 1000 Messungen 16.742000 Sekunden gebraucht
bei 6 cores haben 1000 Messungen 16.125958 Sekunden gebraucht
bei 6 cores haben 1000 Messungen 17.198971 Sekunden gebraucht
bei 6 cores haben 1000 Messungen 16.158662 Sekunden gebraucht
bei 6 cores haben 1000 Messungen 16.840829 Sekunden gebraucht
bei 6 cores haben 1000 Messungen 17.175821 Sekunden gebraucht
bei 7 cores haben 1000 Messungen 16.705973 Sekunden gebraucht
bei 7 cores haben 1000 Messungen 16.779402 Sekunden gebraucht
bei 7 cores haben 1000 Messungen 16.818290 Sekunden gebraucht
bei 7 cores haben 1000 Messungen 16.844938 Sekunden gebraucht
bei 7 cores haben 1000 Messungen 16.780775 Sekunden gebraucht
bei 8 cores haben 1000 Messungen 16.427892 Sekunden gebraucht
bei 8 cores haben 1000 Messungen 16.667732 Sekunden gebraucht
bei 8 cores haben 1000 Messungen 16.672685 Sekunden gebraucht
bei 8 cores haben 1000 Messungen 16.403480 Sekunden gebraucht
bei 8 cores haben 1000 Messungen 17.053306 Sekunden gebraucht
bei 9 cores haben 1000 Messungen 17.042507 Sekunden gebraucht
bei 9 cores haben 1000 Messungen 16.938131 Sekunden gebraucht
bei 9 cores haben 1000 Messungen 17.035955 Sekunden gebraucht
bei 9 cores haben 1000 Messungen 16.899561 Sekunden gebraucht
bei 9 cores haben 1000 Messungen 17.102645 Sekunden gebraucht
bei 10 cores haben 1000 Messungen 17.415248 Sekunden gebraucht
bei 10 cores haben 1000 Messungen 17.349102 Sekunden gebraucht
bei 10 cores haben 1000 Messungen 17.493676 Sekunden gebraucht
bei 10 cores haben 1000 Messungen 17.306496 Sekunden gebraucht
bei 10 cores haben 1000 Messungen 17.446054 Sekunden gebraucht
bei 11 cores haben 1000 Messungen 17.231448 Sekunden gebraucht
bei 11 cores haben 1000 Messungen 17.307953 Sekunden gebraucht
bei 11 cores haben 1000 Messungen 17.303644 Sekunden gebraucht
bei 11 cores haben 1000 Messungen 17.196930 Sekunden gebraucht
bei 11 cores haben 1000 Messungen 17.365211 Sekunden gebraucht
bei 12 cores haben 1000 Messungen 17.361747 Sekunden gebraucht
bei 12 cores haben 1000 Messungen 17.333290 Sekunden gebraucht
bei 12 cores haben 1000 Messungen 17.304286 Sekunden gebraucht
bei 12 cores haben 1000 Messungen 17.344081 Sekunden gebraucht
bei 12 cores haben 1000 Messungen 17.299963 Sekunden gebraucht
/hiskp4/gross/bachelorarbeit
