Tue Jul 21 14:12:04 CEST 2020 Waiting for 30 seconds before starting the job to allow the node to settle down
Tue Jul 21 14:12:34 CEST 2020 Waiting done, starting task!
144 1
Tue Jul 21 14:12:34 CEST 2020 Waiting for 30 seconds before starting the job to allow the node to settle down
Tue Jul 21 14:13:05 CEST 2020 Waiting done, starting task!
144
144 2
Tue Jul 21 14:13:16 CEST 2020 Waiting for 30 seconds before starting the job to allow the node to settle down
Tue Jul 21 14:13:16 CEST 2020 Waiting for 30 seconds before starting the job to allow the node to settle down
Tue Jul 21 14:13:46 CEST 2020 Waiting done, starting task!
Tue Jul 21 14:13:46 CEST 2020 Waiting done, starting task!
144
144 3
Tue Jul 21 14:13:53 CEST 2020 Waiting for 30 seconds before starting the job to allow the node to settle down
Tue Jul 21 14:13:53 CEST 2020 Waiting for 30 seconds before starting the job to allow the node to settle down
Tue Jul 21 14:13:53 CEST 2020 Waiting for 30 seconds before starting the job to allow the node to settle down
Tue Jul 21 14:14:23 CEST 2020 Waiting done, starting task!
Tue Jul 21 14:14:23 CEST 2020 Waiting done, starting task!
Tue Jul 21 14:14:23 CEST 2020 Waiting done, starting task!
144
144 4
Tue Jul 21 14:14:28 CEST 2020 Waiting for 30 seconds before starting the job to allow the node to settle down
Tue Jul 21 14:14:28 CEST 2020 Waiting for 30 seconds before starting the job to allow the node to settle down
Tue Jul 21 14:14:28 CEST 2020 Waiting for 30 seconds before starting the job to allow the node to settle down
Tue Jul 21 14:14:28 CEST 2020 Waiting for 30 seconds before starting the job to allow the node to settle down
Tue Jul 21 14:14:58 CEST 2020 Waiting done, starting task!
Tue Jul 21 14:14:58 CEST 2020 Waiting done, starting task!
Tue Jul 21 14:14:58 CEST 2020 Waiting done, starting task!
Tue Jul 21 14:14:58 CEST 2020 Waiting done, starting task!
144
144 6
Tue Jul 21 14:15:02 CEST 2020 Waiting for 30 seconds before starting the job to allow the node to settle down
Tue Jul 21 14:15:02 CEST 2020 Waiting for 30 seconds before starting the job to allow the node to settle down
Tue Jul 21 14:15:02 CEST 2020 Waiting for 30 seconds before starting the job to allow the node to settle down
Tue Jul 21 14:15:02 CEST 2020 Waiting for 30 seconds before starting the job to allow the node to settle down
Tue Jul 21 14:15:02 CEST 2020 Waiting for 30 seconds before starting the job to allow the node to settle down
Tue Jul 21 14:15:02 CEST 2020 Waiting for 30 seconds before starting the job to allow the node to settle down
Tue Jul 21 14:15:32 CEST 2020 Waiting done, starting task!
Tue Jul 21 14:15:32 CEST 2020 Waiting done, starting task!
Tue Jul 21 14:15:32 CEST 2020 Waiting done, starting task!
Tue Jul 21 14:15:32 CEST 2020 Waiting done, starting task!
Tue Jul 21 14:15:32 CEST 2020 Waiting done, starting task!
Tue Jul 21 14:15:32 CEST 2020 Waiting done, starting task!
144
144 8
Tue Jul 21 14:15:36 CEST 2020 Waiting for 30 seconds before starting the job to allow the node to settle down
Tue Jul 21 14:15:36 CEST 2020 Waiting for 30 seconds before starting the job to allow the node to settle down
Tue Jul 21 14:15:36 CEST 2020 Waiting for 30 seconds before starting the job to allow the node to settle down
Tue Jul 21 14:15:36 CEST 2020 Waiting for 30 seconds before starting the job to allow the node to settle down
Tue Jul 21 14:15:36 CEST 2020 Waiting for 30 seconds before starting the job to allow the node to settle down
Tue Jul 21 14:15:36 CEST 2020 Waiting for 30 seconds before starting the job to allow the node to settle down
Tue Jul 21 14:15:36 CEST 2020 Waiting for 30 seconds before starting the job to allow the node to settle down
Tue Jul 21 14:15:36 CEST 2020 Waiting for 30 seconds before starting the job to allow the node to settle down
Tue Jul 21 14:16:06 CEST 2020 Waiting done, starting task!
Tue Jul 21 14:16:06 CEST 2020 Waiting done, starting task!
Tue Jul 21 14:16:06 CEST 2020 Waiting done, starting task!
Tue Jul 21 14:16:06 CEST 2020 Waiting done, starting task!
Tue Jul 21 14:16:06 CEST 2020 Waiting done, starting task!
Tue Jul 21 14:16:06 CEST 2020 Waiting done, starting task!
Tue Jul 21 14:16:06 CEST 2020 Waiting done, starting task!
Tue Jul 21 14:16:06 CEST 2020 Waiting done, starting task!
144
144 9
Tue Jul 21 14:16:09 CEST 2020 Waiting for 30 seconds before starting the job to allow the node to settle down
Tue Jul 21 14:16:09 CEST 2020 Waiting for 30 seconds before starting the job to allow the node to settle down
Tue Jul 21 14:16:09 CEST 2020 Waiting for 30 seconds before starting the job to allow the node to settle down
Tue Jul 21 14:16:09 CEST 2020 Waiting for 30 seconds before starting the job to allow the node to settle down
Tue Jul 21 14:16:09 CEST 2020 Waiting for 30 seconds before starting the job to allow the node to settle down
Tue Jul 21 14:16:09 CEST 2020 Waiting for 30 seconds before starting the job to allow the node to settle down
Tue Jul 21 14:16:09 CEST 2020 Waiting for 30 seconds before starting the job to allow the node to settle down
Tue Jul 21 14:16:09 CEST 2020 Waiting for 30 seconds before starting the job to allow the node to settle down
Tue Jul 21 14:16:09 CEST 2020 Waiting for 30 seconds before starting the job to allow the node to settle down
Tue Jul 21 14:16:39 CEST 2020 Waiting done, starting task!
Tue Jul 21 14:16:39 CEST 2020 Waiting done, starting task!
Tue Jul 21 14:16:39 CEST 2020 Waiting done, starting task!
Tue Jul 21 14:16:39 CEST 2020 Waiting done, starting task!
Tue Jul 21 14:16:39 CEST 2020 Waiting done, starting task!
Tue Jul 21 14:16:39 CEST 2020 Waiting done, starting task!
Tue Jul 21 14:16:39 CEST 2020 Waiting done, starting task!
Tue Jul 21 14:16:39 CEST 2020 Waiting done, starting task!
Tue Jul 21 14:16:39 CEST 2020 Waiting done, starting task!
144
144 12
Tue Jul 21 14:16:42 CEST 2020 Waiting for 30 seconds before starting the job to allow the node to settle down
Tue Jul 21 14:16:42 CEST 2020 Waiting for 30 seconds before starting the job to allow the node to settle down
Tue Jul 21 14:16:42 CEST 2020 Waiting for 30 seconds before starting the job to allow the node to settle down
Tue Jul 21 14:16:42 CEST 2020 Waiting for 30 seconds before starting the job to allow the node to settle down
Tue Jul 21 14:16:42 CEST 2020 Waiting for 30 seconds before starting the job to allow the node to settle down
Tue Jul 21 14:16:42 CEST 2020 Waiting for 30 seconds before starting the job to allow the node to settle down
Tue Jul 21 14:16:42 CEST 2020 Waiting for 30 seconds before starting the job to allow the node to settle down
Tue Jul 21 14:16:42 CEST 2020 Waiting for 30 seconds before starting the job to allow the node to settle down
Tue Jul 21 14:16:42 CEST 2020 Waiting for 30 seconds before starting the job to allow the node to settle down
Tue Jul 21 14:16:42 CEST 2020 Waiting for 30 seconds before starting the job to allow the node to settle down
Tue Jul 21 14:16:42 CEST 2020 Waiting for 30 seconds before starting the job to allow the node to settle down
Tue Jul 21 14:16:42 CEST 2020 Waiting for 30 seconds before starting the job to allow the node to settle down
Tue Jul 21 14:17:12 CEST 2020 Waiting done, starting task!
Tue Jul 21 14:17:12 CEST 2020 Waiting done, starting task!
Tue Jul 21 14:17:12 CEST 2020 Waiting done, starting task!
Tue Jul 21 14:17:12 CEST 2020 Waiting done, starting task!
Tue Jul 21 14:17:12 CEST 2020 Waiting done, starting task!
Tue Jul 21 14:17:12 CEST 2020 Waiting done, starting task!
Tue Jul 21 14:17:12 CEST 2020 Waiting done, starting task!
Tue Jul 21 14:17:12 CEST 2020 Waiting done, starting task!
Tue Jul 21 14:17:12 CEST 2020 Waiting done, starting task!
Tue Jul 21 14:17:12 CEST 2020 Waiting done, starting task!
Tue Jul 21 14:17:12 CEST 2020 Waiting done, starting task!
Tue Jul 21 14:17:12 CEST 2020 Waiting done, starting task!
144
144 16
Tue Jul 21 14:17:15 CEST 2020 Waiting for 30 seconds before starting the job to allow the node to settle down
Tue Jul 21 14:17:15 CEST 2020 Waiting for 30 seconds before starting the job to allow the node to settle down
Tue Jul 21 14:17:15 CEST 2020 Waiting for 30 seconds before starting the job to allow the node to settle down
Tue Jul 21 14:17:15 CEST 2020 Waiting for 30 seconds before starting the job to allow the node to settle down
Tue Jul 21 14:17:15 CEST 2020 Waiting for 30 seconds before starting the job to allow the node to settle down
Tue Jul 21 14:17:15 CEST 2020 Waiting for 30 seconds before starting the job to allow the node to settle down
Tue Jul 21 14:17:15 CEST 2020 Waiting for 30 seconds before starting the job to allow the node to settle down
Tue Jul 21 14:17:15 CEST 2020 Waiting for 30 seconds before starting the job to allow the node to settle down
Tue Jul 21 14:17:15 CEST 2020 Waiting for 30 seconds before starting the job to allow the node to settle down
Tue Jul 21 14:17:15 CEST 2020 Waiting for 30 seconds before starting the job to allow the node to settle down
Tue Jul 21 14:17:15 CEST 2020 Waiting for 30 seconds before starting the job to allow the node to settle down
Tue Jul 21 14:17:15 CEST 2020 Waiting for 30 seconds before starting the job to allow the node to settle down
Tue Jul 21 14:17:15 CEST 2020 Waiting for 30 seconds before starting the job to allow the node to settle down
Tue Jul 21 14:17:15 CEST 2020 Waiting for 30 seconds before starting the job to allow the node to settle down
Tue Jul 21 14:17:15 CEST 2020 Waiting for 30 seconds before starting the job to allow the node to settle down
Tue Jul 21 14:17:15 CEST 2020 Waiting for 30 seconds before starting the job to allow the node to settle down
Tue Jul 21 14:17:45 CEST 2020 Waiting done, starting task!
Tue Jul 21 14:17:45 CEST 2020 Waiting done, starting task!
Tue Jul 21 14:17:45 CEST 2020 Waiting done, starting task!
Tue Jul 21 14:17:45 CEST 2020 Waiting done, starting task!
Tue Jul 21 14:17:45 CEST 2020 Waiting done, starting task!
Tue Jul 21 14:17:45 CEST 2020 Waiting done, starting task!
Tue Jul 21 14:17:45 CEST 2020 Waiting done, starting task!
Tue Jul 21 14:17:45 CEST 2020 Waiting done, starting task!
Tue Jul 21 14:17:45 CEST 2020 Waiting done, starting task!
Tue Jul 21 14:17:45 CEST 2020 Waiting done, starting task!
Tue Jul 21 14:17:45 CEST 2020 Waiting done, starting task!
Tue Jul 21 14:17:45 CEST 2020 Waiting done, starting task!
Tue Jul 21 14:17:45 CEST 2020 Waiting done, starting task!
Tue Jul 21 14:17:45 CEST 2020 Waiting done, starting task!
Tue Jul 21 14:17:45 CEST 2020 Waiting done, starting task!
Tue Jul 21 14:17:45 CEST 2020 Waiting done, starting task!
144
144 18
Tue Jul 21 14:17:49 CEST 2020 Waiting for 30 seconds before starting the job to allow the node to settle down
Tue Jul 21 14:17:49 CEST 2020 Waiting for 30 seconds before starting the job to allow the node to settle down
Tue Jul 21 14:17:49 CEST 2020 Waiting for 30 seconds before starting the job to allow the node to settle down
Tue Jul 21 14:17:49 CEST 2020 Waiting for 30 seconds before starting the job to allow the node to settle down
Tue Jul 21 14:17:49 CEST 2020 Waiting for 30 seconds before starting the job to allow the node to settle down
Tue Jul 21 14:17:49 CEST 2020 Waiting for 30 seconds before starting the job to allow the node to settle down
Tue Jul 21 14:17:49 CEST 2020 Waiting for 30 seconds before starting the job to allow the node to settle down
Tue Jul 21 14:17:49 CEST 2020 Waiting for 30 seconds before starting the job to allow the node to settle down
Tue Jul 21 14:17:49 CEST 2020 Waiting for 30 seconds before starting the job to allow the node to settle down
Tue Jul 21 14:17:49 CEST 2020 Waiting for 30 seconds before starting the job to allow the node to settle down
Tue Jul 21 14:17:49 CEST 2020 Waiting for 30 seconds before starting the job to allow the node to settle down
Tue Jul 21 14:17:49 CEST 2020 Waiting for 30 seconds before starting the job to allow the node to settle down
Tue Jul 21 14:17:49 CEST 2020 Waiting for 30 seconds before starting the job to allow the node to settle down
Tue Jul 21 14:17:49 CEST 2020 Waiting for 30 seconds before starting the job to allow the node to settle down
Tue Jul 21 14:17:49 CEST 2020 Waiting for 30 seconds before starting the job to allow the node to settle down
Tue Jul 21 14:17:49 CEST 2020 Waiting for 30 seconds before starting the job to allow the node to settle down
Tue Jul 21 14:17:49 CEST 2020 Waiting for 30 seconds before starting the job to allow the node to settle down
Tue Jul 21 14:17:49 CEST 2020 Waiting for 30 seconds before starting the job to allow the node to settle down
Tue Jul 21 14:18:19 CEST 2020 Waiting done, starting task!
Tue Jul 21 14:18:19 CEST 2020 Waiting done, starting task!
Tue Jul 21 14:18:19 CEST 2020 Waiting done, starting task!
Tue Jul 21 14:18:19 CEST 2020 Waiting done, starting task!
Tue Jul 21 14:18:19 CEST 2020 Waiting done, starting task!
Tue Jul 21 14:18:19 CEST 2020 Waiting done, starting task!
Tue Jul 21 14:18:19 CEST 2020 Waiting done, starting task!
Tue Jul 21 14:18:19 CEST 2020 Waiting done, starting task!
Tue Jul 21 14:18:19 CEST 2020 Waiting done, starting task!
Tue Jul 21 14:18:19 CEST 2020 Waiting done, starting task!
Tue Jul 21 14:18:19 CEST 2020 Waiting done, starting task!
Tue Jul 21 14:18:19 CEST 2020 Waiting done, starting task!
Tue Jul 21 14:18:19 CEST 2020 Waiting done, starting task!
Tue Jul 21 14:18:19 CEST 2020 Waiting done, starting task!
Tue Jul 21 14:18:19 CEST 2020 Waiting done, starting task!
Tue Jul 21 14:18:19 CEST 2020 Waiting done, starting task!
Tue Jul 21 14:18:19 CEST 2020 Waiting done, starting task!
Tue Jul 21 14:18:19 CEST 2020 Waiting done, starting task!
144
/hiskp4/gross/bachelorarbeit
