Thu Jun  4 19:10:58 CEST 2020 Waiting for 30 seconds before starting the job to allow the node to settle down
Thu Jun  4 19:11:28 CEST 2020 Waiting done, starting task!
Thu Jun  4 19:11:28 CEST 2020 Waiting for 30 seconds before starting the job to allow the node to settle down
Thu Jun  4 19:11:58 CEST 2020 Waiting done, starting task!
Laenge=6
bei 1 cores haben 1000 Messungen 0.010853 Sekunden gebraucht
bei 1 cores haben 1000 Messungen 0.010182 Sekunden gebraucht
bei 1 cores haben 1000 Messungen 0.009598 Sekunden gebraucht
bei 1 cores haben 1000 Messungen 0.009184 Sekunden gebraucht
bei 1 cores haben 1000 Messungen 0.008720 Sekunden gebraucht
bei 1 cores haben 1000 Messungen 0.008682 Sekunden gebraucht
bei 1 cores haben 1000 Messungen 0.008652 Sekunden gebraucht
bei 1 cores haben 1000 Messungen 0.008647 Sekunden gebraucht
bei 1 cores haben 1000 Messungen 0.008756 Sekunden gebraucht
bei 1 cores haben 1000 Messungen 0.008685 Sekunden gebraucht
bei 2 cores haben 1000 Messungen 0.008757 Sekunden gebraucht
bei 2 cores haben 1000 Messungen 0.008546 Sekunden gebraucht
bei 2 cores haben 1000 Messungen 0.008529 Sekunden gebraucht
bei 2 cores haben 1000 Messungen 0.008473 Sekunden gebraucht
bei 2 cores haben 1000 Messungen 0.008616 Sekunden gebraucht
bei 2 cores haben 1000 Messungen 0.016063 Sekunden gebraucht
bei 2 cores haben 1000 Messungen 0.018563 Sekunden gebraucht
bei 2 cores haben 1000 Messungen 0.017501 Sekunden gebraucht
bei 2 cores haben 1000 Messungen 0.017124 Sekunden gebraucht
bei 2 cores haben 1000 Messungen 0.016553 Sekunden gebraucht
bei 3 cores haben 1000 Messungen 0.016378 Sekunden gebraucht
bei 3 cores haben 1000 Messungen 0.015599 Sekunden gebraucht
bei 3 cores haben 1000 Messungen 0.015759 Sekunden gebraucht
bei 3 cores haben 1000 Messungen 0.015664 Sekunden gebraucht
bei 3 cores haben 1000 Messungen 0.015569 Sekunden gebraucht
bei 3 cores haben 1000 Messungen 0.015592 Sekunden gebraucht
bei 3 cores haben 1000 Messungen 0.015669 Sekunden gebraucht
bei 3 cores haben 1000 Messungen 0.015715 Sekunden gebraucht
bei 3 cores haben 1000 Messungen 0.015656 Sekunden gebraucht
bei 3 cores haben 1000 Messungen 0.015648 Sekunden gebraucht
bei 4 cores haben 1000 Messungen 0.015433 Sekunden gebraucht
bei 4 cores haben 1000 Messungen 0.015501 Sekunden gebraucht
bei 4 cores haben 1000 Messungen 0.015406 Sekunden gebraucht
bei 4 cores haben 1000 Messungen 0.016337 Sekunden gebraucht
bei 4 cores haben 1000 Messungen 0.016488 Sekunden gebraucht
bei 4 cores haben 1000 Messungen 0.016495 Sekunden gebraucht
bei 4 cores haben 1000 Messungen 0.015532 Sekunden gebraucht
bei 4 cores haben 1000 Messungen 0.015652 Sekunden gebraucht
bei 4 cores haben 1000 Messungen 0.015573 Sekunden gebraucht
bei 4 cores haben 1000 Messungen 0.013881 Sekunden gebraucht
bei 5 cores haben 1000 Messungen 0.017102 Sekunden gebraucht
bei 5 cores haben 1000 Messungen 0.016445 Sekunden gebraucht
bei 5 cores haben 1000 Messungen 0.016630 Sekunden gebraucht
bei 5 cores haben 1000 Messungen 0.016039 Sekunden gebraucht
bei 5 cores haben 1000 Messungen 0.015099 Sekunden gebraucht
bei 5 cores haben 1000 Messungen 0.014589 Sekunden gebraucht
bei 5 cores haben 1000 Messungen 0.014833 Sekunden gebraucht
bei 5 cores haben 1000 Messungen 0.014683 Sekunden gebraucht
bei 5 cores haben 1000 Messungen 0.014936 Sekunden gebraucht
bei 5 cores haben 1000 Messungen 0.014736 Sekunden gebraucht
bei 6 cores haben 1000 Messungen 0.014543 Sekunden gebraucht
bei 6 cores haben 1000 Messungen 0.014573 Sekunden gebraucht
bei 6 cores haben 1000 Messungen 0.015376 Sekunden gebraucht
bei 6 cores haben 1000 Messungen 0.015226 Sekunden gebraucht
bei 6 cores haben 1000 Messungen 0.014910 Sekunden gebraucht
bei 6 cores haben 1000 Messungen 0.014606 Sekunden gebraucht
bei 6 cores haben 1000 Messungen 0.015225 Sekunden gebraucht
bei 6 cores haben 1000 Messungen 0.015102 Sekunden gebraucht
bei 6 cores haben 1000 Messungen 0.015144 Sekunden gebraucht
bei 6 cores haben 1000 Messungen 0.015005 Sekunden gebraucht
bei 7 cores haben 1000 Messungen 0.016775 Sekunden gebraucht
bei 7 cores haben 1000 Messungen 0.018463 Sekunden gebraucht
bei 7 cores haben 1000 Messungen 0.018337 Sekunden gebraucht
bei 7 cores haben 1000 Messungen 0.017256 Sekunden gebraucht
bei 7 cores haben 1000 Messungen 0.017917 Sekunden gebraucht
bei 7 cores haben 1000 Messungen 0.017424 Sekunden gebraucht
bei 7 cores haben 1000 Messungen 0.016834 Sekunden gebraucht
bei 7 cores haben 1000 Messungen 0.017085 Sekunden gebraucht
bei 7 cores haben 1000 Messungen 0.017453 Sekunden gebraucht
bei 7 cores haben 1000 Messungen 0.017091 Sekunden gebraucht
bei 8 cores haben 1000 Messungen 0.017349 Sekunden gebraucht
bei 8 cores haben 1000 Messungen 0.017194 Sekunden gebraucht
bei 8 cores haben 1000 Messungen 0.017736 Sekunden gebraucht
bei 8 cores haben 1000 Messungen 0.017774 Sekunden gebraucht
bei 8 cores haben 1000 Messungen 0.017694 Sekunden gebraucht
bei 8 cores haben 1000 Messungen 0.018019 Sekunden gebraucht
bei 8 cores haben 1000 Messungen 0.017569 Sekunden gebraucht
bei 8 cores haben 1000 Messungen 0.017766 Sekunden gebraucht
bei 8 cores haben 1000 Messungen 0.017309 Sekunden gebraucht
bei 8 cores haben 1000 Messungen 0.017849 Sekunden gebraucht
bei 9 cores haben 1000 Messungen 0.020857 Sekunden gebraucht
bei 9 cores haben 1000 Messungen 0.020155 Sekunden gebraucht
bei 9 cores haben 1000 Messungen 0.022193 Sekunden gebraucht
bei 9 cores haben 1000 Messungen 0.021607 Sekunden gebraucht
bei 9 cores haben 1000 Messungen 0.021864 Sekunden gebraucht
bei 9 cores haben 1000 Messungen 0.021127 Sekunden gebraucht
bei 9 cores haben 1000 Messungen 0.021776 Sekunden gebraucht
bei 9 cores haben 1000 Messungen 0.021274 Sekunden gebraucht
bei 9 cores haben 1000 Messungen 0.021295 Sekunden gebraucht
bei 9 cores haben 1000 Messungen 0.020834 Sekunden gebraucht
bei 10 cores haben 1000 Messungen 0.020316 Sekunden gebraucht
bei 10 cores haben 1000 Messungen 0.019764 Sekunden gebraucht
bei 10 cores haben 1000 Messungen 0.021098 Sekunden gebraucht
bei 10 cores haben 1000 Messungen 0.020848 Sekunden gebraucht
bei 10 cores haben 1000 Messungen 0.020398 Sekunden gebraucht
bei 10 cores haben 1000 Messungen 0.020994 Sekunden gebraucht
bei 10 cores haben 1000 Messungen 0.020054 Sekunden gebraucht
bei 10 cores haben 1000 Messungen 0.020656 Sekunden gebraucht
bei 10 cores haben 1000 Messungen 0.021984 Sekunden gebraucht
bei 10 cores haben 1000 Messungen 0.020893 Sekunden gebraucht
bei 11 cores haben 1000 Messungen 0.024322 Sekunden gebraucht
bei 11 cores haben 1000 Messungen 0.023568 Sekunden gebraucht
bei 11 cores haben 1000 Messungen 0.024337 Sekunden gebraucht
bei 11 cores haben 1000 Messungen 0.025049 Sekunden gebraucht
bei 11 cores haben 1000 Messungen 0.025298 Sekunden gebraucht
bei 11 cores haben 1000 Messungen 0.025900 Sekunden gebraucht
bei 11 cores haben 1000 Messungen 0.024026 Sekunden gebraucht
bei 11 cores haben 1000 Messungen 0.024610 Sekunden gebraucht
bei 11 cores haben 1000 Messungen 0.024362 Sekunden gebraucht
bei 11 cores haben 1000 Messungen 0.023730 Sekunden gebraucht
bei 12 cores haben 1000 Messungen 0.023579 Sekunden gebraucht
bei 12 cores haben 1000 Messungen 0.023805 Sekunden gebraucht
bei 12 cores haben 1000 Messungen 0.025450 Sekunden gebraucht
bei 12 cores haben 1000 Messungen 0.025919 Sekunden gebraucht
bei 12 cores haben 1000 Messungen 0.024743 Sekunden gebraucht
bei 12 cores haben 1000 Messungen 0.024193 Sekunden gebraucht
bei 12 cores haben 1000 Messungen 0.024644 Sekunden gebraucht
bei 12 cores haben 1000 Messungen 0.024346 Sekunden gebraucht
bei 12 cores haben 1000 Messungen 0.024847 Sekunden gebraucht
bei 12 cores haben 1000 Messungen 0.024808 Sekunden gebraucht
Laenge=10
bei 1 cores haben 1000 Messungen 0.015601 Sekunden gebraucht
bei 1 cores haben 1000 Messungen 0.015432 Sekunden gebraucht
bei 1 cores haben 1000 Messungen 0.028787 Sekunden gebraucht
bei 1 cores haben 1000 Messungen 0.021478 Sekunden gebraucht
bei 1 cores haben 1000 Messungen 0.019458 Sekunden gebraucht
bei 1 cores haben 1000 Messungen 0.018032 Sekunden gebraucht
bei 1 cores haben 1000 Messungen 0.016949 Sekunden gebraucht
bei 1 cores haben 1000 Messungen 0.016397 Sekunden gebraucht
bei 1 cores haben 1000 Messungen 0.015500 Sekunden gebraucht
bei 1 cores haben 1000 Messungen 0.028879 Sekunden gebraucht
bei 2 cores haben 1000 Messungen 0.039673 Sekunden gebraucht
bei 2 cores haben 1000 Messungen 0.033488 Sekunden gebraucht
bei 2 cores haben 1000 Messungen 0.028702 Sekunden gebraucht
bei 2 cores haben 1000 Messungen 0.027223 Sekunden gebraucht
bei 2 cores haben 1000 Messungen 0.026176 Sekunden gebraucht
bei 2 cores haben 1000 Messungen 0.025322 Sekunden gebraucht
bei 2 cores haben 1000 Messungen 0.028282 Sekunden gebraucht
bei 2 cores haben 1000 Messungen 0.026287 Sekunden gebraucht
bei 2 cores haben 1000 Messungen 0.025022 Sekunden gebraucht
bei 2 cores haben 1000 Messungen 0.025370 Sekunden gebraucht
bei 3 cores haben 1000 Messungen 0.022376 Sekunden gebraucht
bei 3 cores haben 1000 Messungen 0.022280 Sekunden gebraucht
bei 3 cores haben 1000 Messungen 0.022482 Sekunden gebraucht
bei 3 cores haben 1000 Messungen 0.022387 Sekunden gebraucht
bei 3 cores haben 1000 Messungen 0.023260 Sekunden gebraucht
bei 3 cores haben 1000 Messungen 0.024321 Sekunden gebraucht
bei 3 cores haben 1000 Messungen 0.022453 Sekunden gebraucht
bei 3 cores haben 1000 Messungen 0.022310 Sekunden gebraucht
bei 3 cores haben 1000 Messungen 0.022453 Sekunden gebraucht
bei 3 cores haben 1000 Messungen 0.022551 Sekunden gebraucht
bei 4 cores haben 1000 Messungen 0.020715 Sekunden gebraucht
bei 4 cores haben 1000 Messungen 0.021112 Sekunden gebraucht
bei 4 cores haben 1000 Messungen 0.021666 Sekunden gebraucht
bei 4 cores haben 1000 Messungen 0.020967 Sekunden gebraucht
bei 4 cores haben 1000 Messungen 0.020908 Sekunden gebraucht
bei 4 cores haben 1000 Messungen 0.021503 Sekunden gebraucht
bei 4 cores haben 1000 Messungen 0.020451 Sekunden gebraucht
bei 4 cores haben 1000 Messungen 0.021081 Sekunden gebraucht
bei 4 cores haben 1000 Messungen 0.020766 Sekunden gebraucht
bei 4 cores haben 1000 Messungen 0.021600 Sekunden gebraucht
bei 5 cores haben 1000 Messungen 0.022751 Sekunden gebraucht
bei 5 cores haben 1000 Messungen 0.024871 Sekunden gebraucht
bei 5 cores haben 1000 Messungen 0.022316 Sekunden gebraucht
bei 5 cores haben 1000 Messungen 0.022198 Sekunden gebraucht
bei 5 cores haben 1000 Messungen 0.022985 Sekunden gebraucht
bei 5 cores haben 1000 Messungen 0.022812 Sekunden gebraucht
bei 5 cores haben 1000 Messungen 0.023132 Sekunden gebraucht
bei 5 cores haben 1000 Messungen 0.022398 Sekunden gebraucht
bei 5 cores haben 1000 Messungen 0.021738 Sekunden gebraucht
bei 5 cores haben 1000 Messungen 0.022650 Sekunden gebraucht
bei 6 cores haben 1000 Messungen 0.021522 Sekunden gebraucht
bei 6 cores haben 1000 Messungen 0.022535 Sekunden gebraucht
bei 6 cores haben 1000 Messungen 0.022752 Sekunden gebraucht
bei 6 cores haben 1000 Messungen 0.022312 Sekunden gebraucht
bei 6 cores haben 1000 Messungen 0.024258 Sekunden gebraucht
bei 6 cores haben 1000 Messungen 0.021213 Sekunden gebraucht
bei 6 cores haben 1000 Messungen 0.021608 Sekunden gebraucht
bei 6 cores haben 1000 Messungen 0.022099 Sekunden gebraucht
bei 6 cores haben 1000 Messungen 0.021616 Sekunden gebraucht
bei 6 cores haben 1000 Messungen 0.020780 Sekunden gebraucht
bei 7 cores haben 1000 Messungen 0.024736 Sekunden gebraucht
bei 7 cores haben 1000 Messungen 0.024220 Sekunden gebraucht
bei 7 cores haben 1000 Messungen 0.023877 Sekunden gebraucht
bei 7 cores haben 1000 Messungen 0.023987 Sekunden gebraucht
bei 7 cores haben 1000 Messungen 0.023257 Sekunden gebraucht
bei 7 cores haben 1000 Messungen 0.025185 Sekunden gebraucht
bei 7 cores haben 1000 Messungen 0.025518 Sekunden gebraucht
bei 7 cores haben 1000 Messungen 0.023632 Sekunden gebraucht
bei 7 cores haben 1000 Messungen 0.024101 Sekunden gebraucht
bei 7 cores haben 1000 Messungen 0.023399 Sekunden gebraucht
bei 8 cores haben 1000 Messungen 0.022825 Sekunden gebraucht
bei 8 cores haben 1000 Messungen 0.023421 Sekunden gebraucht
bei 8 cores haben 1000 Messungen 0.023112 Sekunden gebraucht
bei 8 cores haben 1000 Messungen 0.023364 Sekunden gebraucht
bei 8 cores haben 1000 Messungen 0.023295 Sekunden gebraucht
bei 8 cores haben 1000 Messungen 0.023850 Sekunden gebraucht
bei 8 cores haben 1000 Messungen 0.022938 Sekunden gebraucht
bei 8 cores haben 1000 Messungen 0.023065 Sekunden gebraucht
bei 8 cores haben 1000 Messungen 0.024485 Sekunden gebraucht
bei 8 cores haben 1000 Messungen 0.023718 Sekunden gebraucht
bei 9 cores haben 1000 Messungen 0.026251 Sekunden gebraucht
bei 9 cores haben 1000 Messungen 0.025876 Sekunden gebraucht
bei 9 cores haben 1000 Messungen 0.026900 Sekunden gebraucht
bei 9 cores haben 1000 Messungen 0.026724 Sekunden gebraucht
bei 9 cores haben 1000 Messungen 0.026620 Sekunden gebraucht
bei 9 cores haben 1000 Messungen 0.026938 Sekunden gebraucht
bei 9 cores haben 1000 Messungen 0.026493 Sekunden gebraucht
bei 9 cores haben 1000 Messungen 0.025351 Sekunden gebraucht
bei 9 cores haben 1000 Messungen 0.026269 Sekunden gebraucht
bei 9 cores haben 1000 Messungen 0.026016 Sekunden gebraucht
bei 10 cores haben 1000 Messungen 0.024141 Sekunden gebraucht
bei 10 cores haben 1000 Messungen 0.023954 Sekunden gebraucht
bei 10 cores haben 1000 Messungen 0.024242 Sekunden gebraucht
bei 10 cores haben 1000 Messungen 0.025237 Sekunden gebraucht
bei 10 cores haben 1000 Messungen 0.026350 Sekunden gebraucht
bei 10 cores haben 1000 Messungen 0.025548 Sekunden gebraucht
bei 10 cores haben 1000 Messungen 0.025886 Sekunden gebraucht
bei 10 cores haben 1000 Messungen 0.024544 Sekunden gebraucht
bei 10 cores haben 1000 Messungen 0.025755 Sekunden gebraucht
bei 10 cores haben 1000 Messungen 0.025644 Sekunden gebraucht
bei 11 cores haben 1000 Messungen 0.029148 Sekunden gebraucht
bei 11 cores haben 1000 Messungen 0.027843 Sekunden gebraucht
bei 11 cores haben 1000 Messungen 0.028714 Sekunden gebraucht
bei 11 cores haben 1000 Messungen 0.027920 Sekunden gebraucht
bei 11 cores haben 1000 Messungen 0.029805 Sekunden gebraucht
bei 11 cores haben 1000 Messungen 0.030668 Sekunden gebraucht
bei 11 cores haben 1000 Messungen 0.028777 Sekunden gebraucht
bei 11 cores haben 1000 Messungen 0.028566 Sekunden gebraucht
bei 11 cores haben 1000 Messungen 0.029017 Sekunden gebraucht
bei 11 cores haben 1000 Messungen 0.030029 Sekunden gebraucht
bei 12 cores haben 1000 Messungen 0.026330 Sekunden gebraucht
bei 12 cores haben 1000 Messungen 0.027133 Sekunden gebraucht
bei 12 cores haben 1000 Messungen 0.026630 Sekunden gebraucht
bei 12 cores haben 1000 Messungen 0.026720 Sekunden gebraucht
bei 12 cores haben 1000 Messungen 0.027468 Sekunden gebraucht
bei 12 cores haben 1000 Messungen 0.027389 Sekunden gebraucht
bei 12 cores haben 1000 Messungen 0.026559 Sekunden gebraucht
bei 12 cores haben 1000 Messungen 0.026892 Sekunden gebraucht
bei 12 cores haben 1000 Messungen 0.026469 Sekunden gebraucht
bei 12 cores haben 1000 Messungen 0.026589 Sekunden gebraucht
Laenge=20
bei 1 cores haben 1000 Messungen 0.052286 Sekunden gebraucht
bei 1 cores haben 1000 Messungen 0.084853 Sekunden gebraucht
bei 1 cores haben 1000 Messungen 0.060563 Sekunden gebraucht
bei 1 cores haben 1000 Messungen 0.051995 Sekunden gebraucht
bei 1 cores haben 1000 Messungen 0.051293 Sekunden gebraucht
bei 1 cores haben 1000 Messungen 0.051299 Sekunden gebraucht
bei 1 cores haben 1000 Messungen 0.051265 Sekunden gebraucht
bei 1 cores haben 1000 Messungen 0.051215 Sekunden gebraucht
bei 1 cores haben 1000 Messungen 0.051311 Sekunden gebraucht
bei 1 cores haben 1000 Messungen 0.051257 Sekunden gebraucht
bei 2 cores haben 1000 Messungen 0.038784 Sekunden gebraucht
bei 2 cores haben 1000 Messungen 0.086522 Sekunden gebraucht
bei 2 cores haben 1000 Messungen 0.090639 Sekunden gebraucht
bei 2 cores haben 1000 Messungen 0.091034 Sekunden gebraucht
bei 2 cores haben 1000 Messungen 0.089605 Sekunden gebraucht
bei 2 cores haben 1000 Messungen 0.089972 Sekunden gebraucht
bei 2 cores haben 1000 Messungen 0.089658 Sekunden gebraucht
bei 2 cores haben 1000 Messungen 0.083118 Sekunden gebraucht
bei 2 cores haben 1000 Messungen 0.083281 Sekunden gebraucht
bei 2 cores haben 1000 Messungen 0.083106 Sekunden gebraucht
bei 3 cores haben 1000 Messungen 0.068688 Sekunden gebraucht
bei 3 cores haben 1000 Messungen 0.069503 Sekunden gebraucht
bei 3 cores haben 1000 Messungen 0.069106 Sekunden gebraucht
bei 3 cores haben 1000 Messungen 0.068614 Sekunden gebraucht
bei 3 cores haben 1000 Messungen 0.068557 Sekunden gebraucht
bei 3 cores haben 1000 Messungen 0.068448 Sekunden gebraucht
bei 3 cores haben 1000 Messungen 0.069480 Sekunden gebraucht
bei 3 cores haben 1000 Messungen 0.068590 Sekunden gebraucht
bei 3 cores haben 1000 Messungen 0.071762 Sekunden gebraucht
bei 3 cores haben 1000 Messungen 0.072648 Sekunden gebraucht
bei 4 cores haben 1000 Messungen 0.059358 Sekunden gebraucht
bei 4 cores haben 1000 Messungen 0.059035 Sekunden gebraucht
bei 4 cores haben 1000 Messungen 0.062544 Sekunden gebraucht
bei 4 cores haben 1000 Messungen 0.060621 Sekunden gebraucht
bei 4 cores haben 1000 Messungen 0.062171 Sekunden gebraucht
bei 4 cores haben 1000 Messungen 0.059390 Sekunden gebraucht
bei 4 cores haben 1000 Messungen 0.058832 Sekunden gebraucht
bei 4 cores haben 1000 Messungen 0.062398 Sekunden gebraucht
bei 4 cores haben 1000 Messungen 0.060229 Sekunden gebraucht
bei 4 cores haben 1000 Messungen 0.060504 Sekunden gebraucht
bei 5 cores haben 1000 Messungen 0.058372 Sekunden gebraucht
bei 5 cores haben 1000 Messungen 0.059837 Sekunden gebraucht
bei 5 cores haben 1000 Messungen 0.058308 Sekunden gebraucht
bei 5 cores haben 1000 Messungen 0.058784 Sekunden gebraucht
bei 5 cores haben 1000 Messungen 0.057582 Sekunden gebraucht
bei 5 cores haben 1000 Messungen 0.057229 Sekunden gebraucht
bei 5 cores haben 1000 Messungen 0.057573 Sekunden gebraucht
bei 5 cores haben 1000 Messungen 0.058985 Sekunden gebraucht
bei 5 cores haben 1000 Messungen 0.058824 Sekunden gebraucht
bei 5 cores haben 1000 Messungen 0.058347 Sekunden gebraucht
bei 6 cores haben 1000 Messungen 0.054335 Sekunden gebraucht
bei 6 cores haben 1000 Messungen 0.056545 Sekunden gebraucht
bei 6 cores haben 1000 Messungen 0.057592 Sekunden gebraucht
bei 6 cores haben 1000 Messungen 0.058214 Sekunden gebraucht
bei 6 cores haben 1000 Messungen 0.055243 Sekunden gebraucht
bei 6 cores haben 1000 Messungen 0.056805 Sekunden gebraucht
bei 6 cores haben 1000 Messungen 0.058779 Sekunden gebraucht
bei 6 cores haben 1000 Messungen 0.054243 Sekunden gebraucht
bei 6 cores haben 1000 Messungen 0.057879 Sekunden gebraucht
bei 6 cores haben 1000 Messungen 0.054584 Sekunden gebraucht
bei 7 cores haben 1000 Messungen 0.058278 Sekunden gebraucht
bei 7 cores haben 1000 Messungen 0.057930 Sekunden gebraucht
bei 7 cores haben 1000 Messungen 0.056966 Sekunden gebraucht
bei 7 cores haben 1000 Messungen 0.057404 Sekunden gebraucht
bei 7 cores haben 1000 Messungen 0.057552 Sekunden gebraucht
bei 7 cores haben 1000 Messungen 0.056296 Sekunden gebraucht
bei 7 cores haben 1000 Messungen 0.056078 Sekunden gebraucht
bei 7 cores haben 1000 Messungen 0.057537 Sekunden gebraucht
bei 7 cores haben 1000 Messungen 0.058094 Sekunden gebraucht
bei 7 cores haben 1000 Messungen 0.057451 Sekunden gebraucht
bei 8 cores haben 1000 Messungen 0.056274 Sekunden gebraucht
bei 8 cores haben 1000 Messungen 0.056324 Sekunden gebraucht
bei 8 cores haben 1000 Messungen 0.056795 Sekunden gebraucht
bei 8 cores haben 1000 Messungen 0.057040 Sekunden gebraucht
bei 8 cores haben 1000 Messungen 0.056780 Sekunden gebraucht
bei 8 cores haben 1000 Messungen 0.055666 Sekunden gebraucht
bei 8 cores haben 1000 Messungen 0.056350 Sekunden gebraucht
bei 8 cores haben 1000 Messungen 0.055741 Sekunden gebraucht
bei 8 cores haben 1000 Messungen 0.056110 Sekunden gebraucht
bei 8 cores haben 1000 Messungen 0.056220 Sekunden gebraucht
bei 9 cores haben 1000 Messungen 0.057495 Sekunden gebraucht
bei 9 cores haben 1000 Messungen 0.056968 Sekunden gebraucht
bei 9 cores haben 1000 Messungen 0.058591 Sekunden gebraucht
bei 9 cores haben 1000 Messungen 0.057910 Sekunden gebraucht
bei 9 cores haben 1000 Messungen 0.057383 Sekunden gebraucht
bei 9 cores haben 1000 Messungen 0.056391 Sekunden gebraucht
bei 9 cores haben 1000 Messungen 0.057316 Sekunden gebraucht
bei 9 cores haben 1000 Messungen 0.056967 Sekunden gebraucht
bei 9 cores haben 1000 Messungen 0.057643 Sekunden gebraucht
bei 9 cores haben 1000 Messungen 0.057907 Sekunden gebraucht
bei 10 cores haben 1000 Messungen 0.052478 Sekunden gebraucht
bei 10 cores haben 1000 Messungen 0.056496 Sekunden gebraucht
bei 10 cores haben 1000 Messungen 0.053600 Sekunden gebraucht
bei 10 cores haben 1000 Messungen 0.053605 Sekunden gebraucht
bei 10 cores haben 1000 Messungen 0.054103 Sekunden gebraucht
bei 10 cores haben 1000 Messungen 0.055381 Sekunden gebraucht
bei 10 cores haben 1000 Messungen 0.053359 Sekunden gebraucht
bei 10 cores haben 1000 Messungen 0.053687 Sekunden gebraucht
bei 10 cores haben 1000 Messungen 0.053140 Sekunden gebraucht
bei 10 cores haben 1000 Messungen 0.054356 Sekunden gebraucht
bei 11 cores haben 1000 Messungen 0.057986 Sekunden gebraucht
bei 11 cores haben 1000 Messungen 0.058125 Sekunden gebraucht
bei 11 cores haben 1000 Messungen 0.058972 Sekunden gebraucht
bei 11 cores haben 1000 Messungen 0.057271 Sekunden gebraucht
bei 11 cores haben 1000 Messungen 0.058739 Sekunden gebraucht
bei 11 cores haben 1000 Messungen 0.058244 Sekunden gebraucht
bei 11 cores haben 1000 Messungen 0.058442 Sekunden gebraucht
bei 11 cores haben 1000 Messungen 0.059123 Sekunden gebraucht
bei 11 cores haben 1000 Messungen 0.058452 Sekunden gebraucht
bei 11 cores haben 1000 Messungen 0.057753 Sekunden gebraucht
bei 12 cores haben 1000 Messungen 0.056278 Sekunden gebraucht
bei 12 cores haben 1000 Messungen 0.056020 Sekunden gebraucht
bei 12 cores haben 1000 Messungen 0.070662 Sekunden gebraucht
bei 12 cores haben 1000 Messungen 0.058044 Sekunden gebraucht
bei 12 cores haben 1000 Messungen 0.056850 Sekunden gebraucht
bei 12 cores haben 1000 Messungen 0.058865 Sekunden gebraucht
bei 12 cores haben 1000 Messungen 0.057756 Sekunden gebraucht
bei 12 cores haben 1000 Messungen 0.058157 Sekunden gebraucht
bei 12 cores haben 1000 Messungen 0.059060 Sekunden gebraucht
bei 12 cores haben 1000 Messungen 0.057650 Sekunden gebraucht
Laenge=36
bei 1 cores haben 1000 Messungen 0.160685 Sekunden gebraucht
bei 1 cores haben 1000 Messungen 0.197387 Sekunden gebraucht
bei 1 cores haben 1000 Messungen 0.204109 Sekunden gebraucht
bei 1 cores haben 1000 Messungen 0.159903 Sekunden gebraucht
bei 1 cores haben 1000 Messungen 0.159763 Sekunden gebraucht
bei 1 cores haben 1000 Messungen 0.160216 Sekunden gebraucht
bei 1 cores haben 1000 Messungen 0.159774 Sekunden gebraucht
bei 1 cores haben 1000 Messungen 0.159650 Sekunden gebraucht
bei 1 cores haben 1000 Messungen 0.159919 Sekunden gebraucht
bei 1 cores haben 1000 Messungen 0.159660 Sekunden gebraucht
bei 2 cores haben 1000 Messungen 0.205118 Sekunden gebraucht
bei 2 cores haben 1000 Messungen 0.254037 Sekunden gebraucht
bei 2 cores haben 1000 Messungen 0.241384 Sekunden gebraucht
bei 2 cores haben 1000 Messungen 0.234237 Sekunden gebraucht
bei 2 cores haben 1000 Messungen 0.236930 Sekunden gebraucht
bei 2 cores haben 1000 Messungen 0.235252 Sekunden gebraucht
bei 2 cores haben 1000 Messungen 0.254661 Sekunden gebraucht
bei 2 cores haben 1000 Messungen 0.234464 Sekunden gebraucht
bei 2 cores haben 1000 Messungen 0.234357 Sekunden gebraucht
bei 2 cores haben 1000 Messungen 0.234838 Sekunden gebraucht
bei 3 cores haben 1000 Messungen 0.188897 Sekunden gebraucht
bei 3 cores haben 1000 Messungen 0.191006 Sekunden gebraucht
bei 3 cores haben 1000 Messungen 0.188662 Sekunden gebraucht
bei 3 cores haben 1000 Messungen 0.192821 Sekunden gebraucht
bei 3 cores haben 1000 Messungen 0.190517 Sekunden gebraucht
bei 3 cores haben 1000 Messungen 0.188333 Sekunden gebraucht
bei 3 cores haben 1000 Messungen 0.188438 Sekunden gebraucht
bei 3 cores haben 1000 Messungen 0.189691 Sekunden gebraucht
bei 3 cores haben 1000 Messungen 0.190342 Sekunden gebraucht
bei 3 cores haben 1000 Messungen 0.191008 Sekunden gebraucht
bei 4 cores haben 1000 Messungen 0.176338 Sekunden gebraucht
bei 4 cores haben 1000 Messungen 0.169817 Sekunden gebraucht
bei 4 cores haben 1000 Messungen 0.176343 Sekunden gebraucht
bei 4 cores haben 1000 Messungen 0.171192 Sekunden gebraucht
bei 4 cores haben 1000 Messungen 0.171916 Sekunden gebraucht
bei 4 cores haben 1000 Messungen 0.166672 Sekunden gebraucht
bei 4 cores haben 1000 Messungen 0.105963 Sekunden gebraucht
bei 4 cores haben 1000 Messungen 0.162072 Sekunden gebraucht
bei 4 cores haben 1000 Messungen 0.161919 Sekunden gebraucht
bei 4 cores haben 1000 Messungen 0.163819 Sekunden gebraucht
bei 5 cores haben 1000 Messungen 0.153714 Sekunden gebraucht
bei 5 cores haben 1000 Messungen 0.154164 Sekunden gebraucht
bei 5 cores haben 1000 Messungen 0.153684 Sekunden gebraucht
bei 5 cores haben 1000 Messungen 0.153726 Sekunden gebraucht
bei 5 cores haben 1000 Messungen 0.154302 Sekunden gebraucht
bei 5 cores haben 1000 Messungen 0.154751 Sekunden gebraucht
bei 5 cores haben 1000 Messungen 0.154017 Sekunden gebraucht
bei 5 cores haben 1000 Messungen 0.154407 Sekunden gebraucht
bei 5 cores haben 1000 Messungen 0.153730 Sekunden gebraucht
bei 5 cores haben 1000 Messungen 0.154275 Sekunden gebraucht
bei 6 cores haben 1000 Messungen 0.148306 Sekunden gebraucht
bei 6 cores haben 1000 Messungen 0.145528 Sekunden gebraucht
bei 6 cores haben 1000 Messungen 0.145194 Sekunden gebraucht
bei 6 cores haben 1000 Messungen 0.145382 Sekunden gebraucht
bei 6 cores haben 1000 Messungen 0.148786 Sekunden gebraucht
bei 6 cores haben 1000 Messungen 0.147235 Sekunden gebraucht
bei 6 cores haben 1000 Messungen 0.149216 Sekunden gebraucht
bei 6 cores haben 1000 Messungen 0.145561 Sekunden gebraucht
bei 6 cores haben 1000 Messungen 0.147396 Sekunden gebraucht
bei 6 cores haben 1000 Messungen 0.145526 Sekunden gebraucht
bei 7 cores haben 1000 Messungen 0.147656 Sekunden gebraucht
bei 7 cores haben 1000 Messungen 0.145458 Sekunden gebraucht
bei 7 cores haben 1000 Messungen 0.146699 Sekunden gebraucht
bei 7 cores haben 1000 Messungen 0.146217 Sekunden gebraucht
bei 7 cores haben 1000 Messungen 0.146383 Sekunden gebraucht
bei 7 cores haben 1000 Messungen 0.144559 Sekunden gebraucht
bei 7 cores haben 1000 Messungen 0.146242 Sekunden gebraucht
bei 7 cores haben 1000 Messungen 0.147068 Sekunden gebraucht
bei 7 cores haben 1000 Messungen 0.147284 Sekunden gebraucht
bei 7 cores haben 1000 Messungen 0.147044 Sekunden gebraucht
bei 8 cores haben 1000 Messungen 0.140184 Sekunden gebraucht
bei 8 cores haben 1000 Messungen 0.143470 Sekunden gebraucht
bei 8 cores haben 1000 Messungen 0.144086 Sekunden gebraucht
bei 8 cores haben 1000 Messungen 0.142255 Sekunden gebraucht
bei 8 cores haben 1000 Messungen 0.139679 Sekunden gebraucht
bei 8 cores haben 1000 Messungen 0.141326 Sekunden gebraucht
bei 8 cores haben 1000 Messungen 0.140553 Sekunden gebraucht
bei 8 cores haben 1000 Messungen 0.144496 Sekunden gebraucht
bei 8 cores haben 1000 Messungen 0.139043 Sekunden gebraucht
bei 8 cores haben 1000 Messungen 0.141373 Sekunden gebraucht
bei 9 cores haben 1000 Messungen 0.142655 Sekunden gebraucht
bei 9 cores haben 1000 Messungen 0.141756 Sekunden gebraucht
bei 9 cores haben 1000 Messungen 0.141756 Sekunden gebraucht
bei 9 cores haben 1000 Messungen 0.142437 Sekunden gebraucht
bei 9 cores haben 1000 Messungen 0.141949 Sekunden gebraucht
bei 9 cores haben 1000 Messungen 0.140638 Sekunden gebraucht
bei 9 cores haben 1000 Messungen 0.141377 Sekunden gebraucht
bei 9 cores haben 1000 Messungen 0.142469 Sekunden gebraucht
bei 9 cores haben 1000 Messungen 0.141810 Sekunden gebraucht
bei 9 cores haben 1000 Messungen 0.140648 Sekunden gebraucht
bei 10 cores haben 1000 Messungen 0.139436 Sekunden gebraucht
bei 10 cores haben 1000 Messungen 0.140261 Sekunden gebraucht
bei 10 cores haben 1000 Messungen 0.140707 Sekunden gebraucht
bei 10 cores haben 1000 Messungen 0.143996 Sekunden gebraucht
bei 10 cores haben 1000 Messungen 0.141131 Sekunden gebraucht
bei 10 cores haben 1000 Messungen 0.138087 Sekunden gebraucht
bei 10 cores haben 1000 Messungen 0.142575 Sekunden gebraucht
bei 10 cores haben 1000 Messungen 0.142247 Sekunden gebraucht
bei 10 cores haben 1000 Messungen 0.141268 Sekunden gebraucht
bei 10 cores haben 1000 Messungen 0.142132 Sekunden gebraucht
bei 11 cores haben 1000 Messungen 0.140714 Sekunden gebraucht
bei 11 cores haben 1000 Messungen 0.141063 Sekunden gebraucht
bei 11 cores haben 1000 Messungen 0.141058 Sekunden gebraucht
bei 11 cores haben 1000 Messungen 0.141083 Sekunden gebraucht
bei 11 cores haben 1000 Messungen 0.141458 Sekunden gebraucht
bei 11 cores haben 1000 Messungen 0.141627 Sekunden gebraucht
bei 11 cores haben 1000 Messungen 0.140793 Sekunden gebraucht
bei 11 cores haben 1000 Messungen 0.142235 Sekunden gebraucht
bei 11 cores haben 1000 Messungen 0.150078 Sekunden gebraucht
bei 11 cores haben 1000 Messungen 0.139238 Sekunden gebraucht
bei 12 cores haben 1000 Messungen 0.142898 Sekunden gebraucht
bei 12 cores haben 1000 Messungen 0.143511 Sekunden gebraucht
bei 12 cores haben 1000 Messungen 0.142527 Sekunden gebraucht
bei 12 cores haben 1000 Messungen 0.142700 Sekunden gebraucht
bei 12 cores haben 1000 Messungen 0.141608 Sekunden gebraucht
bei 12 cores haben 1000 Messungen 0.143756 Sekunden gebraucht
bei 12 cores haben 1000 Messungen 0.143555 Sekunden gebraucht
bei 12 cores haben 1000 Messungen 0.143089 Sekunden gebraucht
bei 12 cores haben 1000 Messungen 0.143386 Sekunden gebraucht
bei 12 cores haben 1000 Messungen 0.143667 Sekunden gebraucht
Laenge=50
bei 1 cores haben 1000 Messungen 0.307137 Sekunden gebraucht
bei 1 cores haben 1000 Messungen 0.305649 Sekunden gebraucht
bei 1 cores haben 1000 Messungen 0.305842 Sekunden gebraucht
bei 1 cores haben 1000 Messungen 0.305977 Sekunden gebraucht
bei 1 cores haben 1000 Messungen 0.306120 Sekunden gebraucht
bei 1 cores haben 1000 Messungen 0.305930 Sekunden gebraucht
bei 1 cores haben 1000 Messungen 0.305879 Sekunden gebraucht
bei 1 cores haben 1000 Messungen 0.305873 Sekunden gebraucht
bei 1 cores haben 1000 Messungen 0.305857 Sekunden gebraucht
bei 1 cores haben 1000 Messungen 0.305609 Sekunden gebraucht
bei 2 cores haben 1000 Messungen 0.448495 Sekunden gebraucht
bei 2 cores haben 1000 Messungen 0.404727 Sekunden gebraucht
bei 2 cores haben 1000 Messungen 0.402896 Sekunden gebraucht
bei 2 cores haben 1000 Messungen 0.404323 Sekunden gebraucht
bei 2 cores haben 1000 Messungen 0.367004 Sekunden gebraucht
bei 2 cores haben 1000 Messungen 0.322214 Sekunden gebraucht
bei 2 cores haben 1000 Messungen 0.371779 Sekunden gebraucht
bei 2 cores haben 1000 Messungen 0.321201 Sekunden gebraucht
bei 2 cores haben 1000 Messungen 0.393793 Sekunden gebraucht
bei 2 cores haben 1000 Messungen 0.329179 Sekunden gebraucht
bei 3 cores haben 1000 Messungen 0.366485 Sekunden gebraucht
bei 3 cores haben 1000 Messungen 0.339843 Sekunden gebraucht
bei 3 cores haben 1000 Messungen 0.345707 Sekunden gebraucht
bei 3 cores haben 1000 Messungen 0.338748 Sekunden gebraucht
bei 3 cores haben 1000 Messungen 0.337873 Sekunden gebraucht
bei 3 cores haben 1000 Messungen 0.340075 Sekunden gebraucht
bei 3 cores haben 1000 Messungen 0.341486 Sekunden gebraucht
bei 3 cores haben 1000 Messungen 0.334180 Sekunden gebraucht
bei 3 cores haben 1000 Messungen 0.269449 Sekunden gebraucht
bei 3 cores haben 1000 Messungen 0.332898 Sekunden gebraucht
bei 4 cores haben 1000 Messungen 0.274725 Sekunden gebraucht
bei 4 cores haben 1000 Messungen 0.272172 Sekunden gebraucht
bei 4 cores haben 1000 Messungen 0.195563 Sekunden gebraucht
bei 4 cores haben 1000 Messungen 0.289631 Sekunden gebraucht
bei 4 cores haben 1000 Messungen 0.208522 Sekunden gebraucht
bei 4 cores haben 1000 Messungen 0.274489 Sekunden gebraucht
bei 4 cores haben 1000 Messungen 0.275129 Sekunden gebraucht
bei 4 cores haben 1000 Messungen 0.286607 Sekunden gebraucht
bei 4 cores haben 1000 Messungen 0.290836 Sekunden gebraucht
bei 4 cores haben 1000 Messungen 0.272925 Sekunden gebraucht
bei 5 cores haben 1000 Messungen 0.249907 Sekunden gebraucht
bei 5 cores haben 1000 Messungen 0.258046 Sekunden gebraucht
bei 5 cores haben 1000 Messungen 0.263501 Sekunden gebraucht
bei 5 cores haben 1000 Messungen 0.166653 Sekunden gebraucht
bei 5 cores haben 1000 Messungen 0.261866 Sekunden gebraucht
bei 5 cores haben 1000 Messungen 0.255635 Sekunden gebraucht
bei 5 cores haben 1000 Messungen 0.257370 Sekunden gebraucht
bei 5 cores haben 1000 Messungen 0.263133 Sekunden gebraucht
bei 5 cores haben 1000 Messungen 0.167431 Sekunden gebraucht
bei 5 cores haben 1000 Messungen 0.260298 Sekunden gebraucht
bei 6 cores haben 1000 Messungen 0.240308 Sekunden gebraucht
bei 6 cores haben 1000 Messungen 0.247817 Sekunden gebraucht
bei 6 cores haben 1000 Messungen 0.244078 Sekunden gebraucht
bei 6 cores haben 1000 Messungen 0.243026 Sekunden gebraucht
bei 6 cores haben 1000 Messungen 0.242407 Sekunden gebraucht
bei 6 cores haben 1000 Messungen 0.247845 Sekunden gebraucht
bei 6 cores haben 1000 Messungen 0.172501 Sekunden gebraucht
bei 6 cores haben 1000 Messungen 0.244247 Sekunden gebraucht
bei 6 cores haben 1000 Messungen 0.245320 Sekunden gebraucht
bei 6 cores haben 1000 Messungen 0.246508 Sekunden gebraucht
bei 7 cores haben 1000 Messungen 0.240302 Sekunden gebraucht
bei 7 cores haben 1000 Messungen 0.244527 Sekunden gebraucht
bei 7 cores haben 1000 Messungen 0.243852 Sekunden gebraucht
bei 7 cores haben 1000 Messungen 0.482759 Sekunden gebraucht
bei 7 cores haben 1000 Messungen 0.248919 Sekunden gebraucht
bei 7 cores haben 1000 Messungen 0.310861 Sekunden gebraucht
bei 7 cores haben 1000 Messungen 0.242846 Sekunden gebraucht
bei 7 cores haben 1000 Messungen 0.243388 Sekunden gebraucht
bei 7 cores haben 1000 Messungen 0.239251 Sekunden gebraucht
bei 7 cores haben 1000 Messungen 0.481781 Sekunden gebraucht
bei 8 cores haben 1000 Messungen 0.239926 Sekunden gebraucht
bei 8 cores haben 1000 Messungen 0.237382 Sekunden gebraucht
bei 8 cores haben 1000 Messungen 0.328226 Sekunden gebraucht
bei 8 cores haben 1000 Messungen 0.238591 Sekunden gebraucht
bei 8 cores haben 1000 Messungen 0.238080 Sekunden gebraucht
bei 8 cores haben 1000 Messungen 0.235784 Sekunden gebraucht
bei 8 cores haben 1000 Messungen 0.230326 Sekunden gebraucht
bei 8 cores haben 1000 Messungen 0.237050 Sekunden gebraucht
bei 8 cores haben 1000 Messungen 0.236509 Sekunden gebraucht
bei 8 cores haben 1000 Messungen 0.236470 Sekunden gebraucht
bei 9 cores haben 1000 Messungen 0.235066 Sekunden gebraucht
bei 9 cores haben 1000 Messungen 0.235787 Sekunden gebraucht
bei 9 cores haben 1000 Messungen 0.236176 Sekunden gebraucht
bei 9 cores haben 1000 Messungen 0.234808 Sekunden gebraucht
bei 9 cores haben 1000 Messungen 0.235675 Sekunden gebraucht
bei 9 cores haben 1000 Messungen 0.234284 Sekunden gebraucht
bei 9 cores haben 1000 Messungen 0.236471 Sekunden gebraucht
bei 9 cores haben 1000 Messungen 0.236910 Sekunden gebraucht
bei 9 cores haben 1000 Messungen 0.234782 Sekunden gebraucht
bei 9 cores haben 1000 Messungen 0.235113 Sekunden gebraucht
bei 10 cores haben 1000 Messungen 0.233879 Sekunden gebraucht
bei 10 cores haben 1000 Messungen 0.235487 Sekunden gebraucht
bei 10 cores haben 1000 Messungen 0.240657 Sekunden gebraucht
bei 10 cores haben 1000 Messungen 0.235948 Sekunden gebraucht
bei 10 cores haben 1000 Messungen 0.239865 Sekunden gebraucht
bei 10 cores haben 1000 Messungen 0.239259 Sekunden gebraucht
bei 10 cores haben 1000 Messungen 0.236493 Sekunden gebraucht
bei 10 cores haben 1000 Messungen 0.242705 Sekunden gebraucht
bei 10 cores haben 1000 Messungen 0.237980 Sekunden gebraucht
bei 10 cores haben 1000 Messungen 0.239128 Sekunden gebraucht
bei 11 cores haben 1000 Messungen 0.240121 Sekunden gebraucht
bei 11 cores haben 1000 Messungen 0.238913 Sekunden gebraucht
bei 11 cores haben 1000 Messungen 0.241347 Sekunden gebraucht
bei 11 cores haben 1000 Messungen 0.242127 Sekunden gebraucht
bei 11 cores haben 1000 Messungen 0.238279 Sekunden gebraucht
bei 11 cores haben 1000 Messungen 0.242187 Sekunden gebraucht
bei 11 cores haben 1000 Messungen 0.239161 Sekunden gebraucht
bei 11 cores haben 1000 Messungen 0.238570 Sekunden gebraucht
bei 11 cores haben 1000 Messungen 0.239076 Sekunden gebraucht
bei 11 cores haben 1000 Messungen 0.237284 Sekunden gebraucht
bei 12 cores haben 1000 Messungen 0.235813 Sekunden gebraucht
bei 12 cores haben 1000 Messungen 0.238473 Sekunden gebraucht
bei 12 cores haben 1000 Messungen 0.239790 Sekunden gebraucht
bei 12 cores haben 1000 Messungen 0.238204 Sekunden gebraucht
bei 12 cores haben 1000 Messungen 0.237795 Sekunden gebraucht
bei 12 cores haben 1000 Messungen 0.254454 Sekunden gebraucht
bei 12 cores haben 1000 Messungen 0.239147 Sekunden gebraucht
bei 12 cores haben 1000 Messungen 0.236002 Sekunden gebraucht
bei 12 cores haben 1000 Messungen 0.239954 Sekunden gebraucht
bei 12 cores haben 1000 Messungen 0.239606 Sekunden gebraucht
Laenge=100
bei 1 cores haben 1000 Messungen 1.212575 Sekunden gebraucht
bei 1 cores haben 1000 Messungen 1.255643 Sekunden gebraucht
bei 1 cores haben 1000 Messungen 1.209303 Sekunden gebraucht
bei 1 cores haben 1000 Messungen 1.207967 Sekunden gebraucht
bei 1 cores haben 1000 Messungen 1.208841 Sekunden gebraucht
bei 1 cores haben 1000 Messungen 1.209506 Sekunden gebraucht
bei 1 cores haben 1000 Messungen 1.208697 Sekunden gebraucht
bei 1 cores haben 1000 Messungen 1.208937 Sekunden gebraucht
bei 1 cores haben 1000 Messungen 1.255970 Sekunden gebraucht
bei 1 cores haben 1000 Messungen 1.212071 Sekunden gebraucht
bei 2 cores haben 1000 Messungen 1.440087 Sekunden gebraucht
bei 2 cores haben 1000 Messungen 1.364597 Sekunden gebraucht
bei 2 cores haben 1000 Messungen 1.344172 Sekunden gebraucht
bei 2 cores haben 1000 Messungen 1.343385 Sekunden gebraucht
bei 2 cores haben 1000 Messungen 1.341989 Sekunden gebraucht
bei 2 cores haben 1000 Messungen 1.339592 Sekunden gebraucht
bei 2 cores haben 1000 Messungen 1.340680 Sekunden gebraucht
bei 2 cores haben 1000 Messungen 1.359989 Sekunden gebraucht
bei 2 cores haben 1000 Messungen 1.341599 Sekunden gebraucht
bei 2 cores haben 1000 Messungen 1.335532 Sekunden gebraucht
bei 3 cores haben 1000 Messungen 1.118713 Sekunden gebraucht
bei 3 cores haben 1000 Messungen 1.094877 Sekunden gebraucht
bei 3 cores haben 1000 Messungen 1.083357 Sekunden gebraucht
bei 3 cores haben 1000 Messungen 1.079647 Sekunden gebraucht
bei 3 cores haben 1000 Messungen 1.083218 Sekunden gebraucht
bei 3 cores haben 1000 Messungen 1.096140 Sekunden gebraucht
bei 3 cores haben 1000 Messungen 1.040786 Sekunden gebraucht
bei 3 cores haben 1000 Messungen 1.078310 Sekunden gebraucht
bei 3 cores haben 1000 Messungen 1.087648 Sekunden gebraucht
bei 3 cores haben 1000 Messungen 1.083531 Sekunden gebraucht
bei 4 cores haben 1000 Messungen 0.971147 Sekunden gebraucht
bei 4 cores haben 1000 Messungen 0.941571 Sekunden gebraucht
bei 4 cores haben 1000 Messungen 0.926764 Sekunden gebraucht
bei 4 cores haben 1000 Messungen 0.949995 Sekunden gebraucht
bei 4 cores haben 1000 Messungen 0.942228 Sekunden gebraucht
bei 4 cores haben 1000 Messungen 1.007776 Sekunden gebraucht
bei 4 cores haben 1000 Messungen 1.007436 Sekunden gebraucht
bei 4 cores haben 1000 Messungen 0.939496 Sekunden gebraucht
bei 4 cores haben 1000 Messungen 0.867504 Sekunden gebraucht
bei 4 cores haben 1000 Messungen 0.927585 Sekunden gebraucht
bei 5 cores haben 1000 Messungen 0.932427 Sekunden gebraucht
bei 5 cores haben 1000 Messungen 0.848152 Sekunden gebraucht
bei 5 cores haben 1000 Messungen 0.938077 Sekunden gebraucht
bei 5 cores haben 1000 Messungen 0.938612 Sekunden gebraucht
bei 5 cores haben 1000 Messungen 0.945305 Sekunden gebraucht
bei 5 cores haben 1000 Messungen 0.938537 Sekunden gebraucht
bei 5 cores haben 1000 Messungen 0.869697 Sekunden gebraucht
bei 5 cores haben 1000 Messungen 0.879745 Sekunden gebraucht
bei 5 cores haben 1000 Messungen 0.927168 Sekunden gebraucht
bei 5 cores haben 1000 Messungen 0.881559 Sekunden gebraucht
bei 6 cores haben 1000 Messungen 0.867568 Sekunden gebraucht
bei 6 cores haben 1000 Messungen 0.879765 Sekunden gebraucht
bei 6 cores haben 1000 Messungen 0.886467 Sekunden gebraucht
bei 6 cores haben 1000 Messungen 0.801672 Sekunden gebraucht
bei 6 cores haben 1000 Messungen 0.882870 Sekunden gebraucht
bei 6 cores haben 1000 Messungen 0.889906 Sekunden gebraucht
bei 6 cores haben 1000 Messungen 0.823848 Sekunden gebraucht
bei 6 cores haben 1000 Messungen 0.900280 Sekunden gebraucht
bei 6 cores haben 1000 Messungen 0.899939 Sekunden gebraucht
bei 6 cores haben 1000 Messungen 0.895794 Sekunden gebraucht
bei 7 cores haben 1000 Messungen 0.862722 Sekunden gebraucht
bei 7 cores haben 1000 Messungen 0.908402 Sekunden gebraucht
bei 7 cores haben 1000 Messungen 0.895200 Sekunden gebraucht
bei 7 cores haben 1000 Messungen 0.951305 Sekunden gebraucht
bei 7 cores haben 1000 Messungen 0.877445 Sekunden gebraucht
bei 7 cores haben 1000 Messungen 0.891695 Sekunden gebraucht
bei 7 cores haben 1000 Messungen 0.907659 Sekunden gebraucht
bei 7 cores haben 1000 Messungen 0.884063 Sekunden gebraucht
bei 7 cores haben 1000 Messungen 0.893926 Sekunden gebraucht
bei 7 cores haben 1000 Messungen 0.904610 Sekunden gebraucht
bei 8 cores haben 1000 Messungen 0.899199 Sekunden gebraucht
bei 8 cores haben 1000 Messungen 0.889667 Sekunden gebraucht
bei 8 cores haben 1000 Messungen 1.402978 Sekunden gebraucht
bei 8 cores haben 1000 Messungen 0.874496 Sekunden gebraucht
bei 8 cores haben 1000 Messungen 0.876519 Sekunden gebraucht
bei 8 cores haben 1000 Messungen 0.941309 Sekunden gebraucht
bei 8 cores haben 1000 Messungen 0.874592 Sekunden gebraucht
bei 8 cores haben 1000 Messungen 0.874475 Sekunden gebraucht
bei 8 cores haben 1000 Messungen 0.872298 Sekunden gebraucht
bei 8 cores haben 1000 Messungen 0.879564 Sekunden gebraucht
bei 9 cores haben 1000 Messungen 0.878753 Sekunden gebraucht
bei 9 cores haben 1000 Messungen 0.978284 Sekunden gebraucht
bei 9 cores haben 1000 Messungen 0.876851 Sekunden gebraucht
bei 9 cores haben 1000 Messungen 0.883308 Sekunden gebraucht
bei 9 cores haben 1000 Messungen 0.886862 Sekunden gebraucht
bei 9 cores haben 1000 Messungen 0.888909 Sekunden gebraucht
bei 9 cores haben 1000 Messungen 0.883631 Sekunden gebraucht
bei 9 cores haben 1000 Messungen 0.879336 Sekunden gebraucht
bei 9 cores haben 1000 Messungen 0.878992 Sekunden gebraucht
bei 9 cores haben 1000 Messungen 0.873277 Sekunden gebraucht
bei 10 cores haben 1000 Messungen 0.877301 Sekunden gebraucht
bei 10 cores haben 1000 Messungen 0.871360 Sekunden gebraucht
bei 10 cores haben 1000 Messungen 0.873699 Sekunden gebraucht
bei 10 cores haben 1000 Messungen 0.876190 Sekunden gebraucht
bei 10 cores haben 1000 Messungen 0.876869 Sekunden gebraucht
bei 10 cores haben 1000 Messungen 0.879924 Sekunden gebraucht
bei 10 cores haben 1000 Messungen 0.880143 Sekunden gebraucht
bei 10 cores haben 1000 Messungen 0.889247 Sekunden gebraucht
bei 10 cores haben 1000 Messungen 0.885206 Sekunden gebraucht
bei 10 cores haben 1000 Messungen 0.885591 Sekunden gebraucht
bei 11 cores haben 1000 Messungen 0.907036 Sekunden gebraucht
bei 11 cores haben 1000 Messungen 0.882452 Sekunden gebraucht
bei 11 cores haben 1000 Messungen 0.882377 Sekunden gebraucht
bei 11 cores haben 1000 Messungen 0.882531 Sekunden gebraucht
bei 11 cores haben 1000 Messungen 0.879790 Sekunden gebraucht
bei 11 cores haben 1000 Messungen 0.880671 Sekunden gebraucht
bei 11 cores haben 1000 Messungen 0.878027 Sekunden gebraucht
bei 11 cores haben 1000 Messungen 0.878576 Sekunden gebraucht
bei 11 cores haben 1000 Messungen 0.878384 Sekunden gebraucht
bei 11 cores haben 1000 Messungen 0.874826 Sekunden gebraucht
bei 12 cores haben 1000 Messungen 0.873363 Sekunden gebraucht
bei 12 cores haben 1000 Messungen 0.883111 Sekunden gebraucht
bei 12 cores haben 1000 Messungen 0.872084 Sekunden gebraucht
bei 12 cores haben 1000 Messungen 0.872737 Sekunden gebraucht
bei 12 cores haben 1000 Messungen 0.873784 Sekunden gebraucht
bei 12 cores haben 1000 Messungen 0.891494 Sekunden gebraucht
bei 12 cores haben 1000 Messungen 0.871819 Sekunden gebraucht
bei 12 cores haben 1000 Messungen 0.873118 Sekunden gebraucht
bei 12 cores haben 1000 Messungen 0.901747 Sekunden gebraucht
bei 12 cores haben 1000 Messungen 0.874270 Sekunden gebraucht
Laenge=200
bei 1 cores haben 1000 Messungen 4.825765 Sekunden gebraucht
bei 1 cores haben 1000 Messungen 4.819467 Sekunden gebraucht
bei 1 cores haben 1000 Messungen 4.866221 Sekunden gebraucht
bei 1 cores haben 1000 Messungen 4.827619 Sekunden gebraucht
bei 1 cores haben 1000 Messungen 4.828764 Sekunden gebraucht
bei 1 cores haben 1000 Messungen 4.826050 Sekunden gebraucht
bei 1 cores haben 1000 Messungen 4.833228 Sekunden gebraucht
bei 1 cores haben 1000 Messungen 4.825287 Sekunden gebraucht
bei 1 cores haben 1000 Messungen 4.826706 Sekunden gebraucht
bei 1 cores haben 1000 Messungen 4.831320 Sekunden gebraucht
bei 2 cores haben 1000 Messungen 5.292018 Sekunden gebraucht
bei 2 cores haben 1000 Messungen 5.318380 Sekunden gebraucht
bei 2 cores haben 1000 Messungen 5.061435 Sekunden gebraucht
bei 2 cores haben 1000 Messungen 5.296925 Sekunden gebraucht
bei 2 cores haben 1000 Messungen 5.096848 Sekunden gebraucht
bei 2 cores haben 1000 Messungen 5.088425 Sekunden gebraucht
bei 2 cores haben 1000 Messungen 5.079535 Sekunden gebraucht
bei 2 cores haben 1000 Messungen 5.252377 Sekunden gebraucht
bei 2 cores haben 1000 Messungen 5.223120 Sekunden gebraucht
bei 2 cores haben 1000 Messungen 5.085288 Sekunden gebraucht
bei 3 cores haben 1000 Messungen 4.004362 Sekunden gebraucht
bei 3 cores haben 1000 Messungen 4.215541 Sekunden gebraucht
bei 3 cores haben 1000 Messungen 4.011770 Sekunden gebraucht
bei 3 cores haben 1000 Messungen 3.989765 Sekunden gebraucht
bei 3 cores haben 1000 Messungen 4.068421 Sekunden gebraucht
bei 3 cores haben 1000 Messungen 3.995742 Sekunden gebraucht
bei 3 cores haben 1000 Messungen 4.019860 Sekunden gebraucht
bei 3 cores haben 1000 Messungen 4.020507 Sekunden gebraucht
bei 3 cores haben 1000 Messungen 4.009872 Sekunden gebraucht
bei 3 cores haben 1000 Messungen 4.044650 Sekunden gebraucht
bei 4 cores haben 1000 Messungen 3.462827 Sekunden gebraucht
bei 4 cores haben 1000 Messungen 3.504687 Sekunden gebraucht
bei 4 cores haben 1000 Messungen 3.501524 Sekunden gebraucht
bei 4 cores haben 1000 Messungen 3.474651 Sekunden gebraucht
bei 4 cores haben 1000 Messungen 3.469271 Sekunden gebraucht
bei 4 cores haben 1000 Messungen 3.481682 Sekunden gebraucht
bei 4 cores haben 1000 Messungen 3.424261 Sekunden gebraucht
bei 4 cores haben 1000 Messungen 3.504265 Sekunden gebraucht
bei 4 cores haben 1000 Messungen 3.549375 Sekunden gebraucht
bei 4 cores haben 1000 Messungen 3.385848 Sekunden gebraucht
bei 5 cores haben 1000 Messungen 3.509532 Sekunden gebraucht
bei 5 cores haben 1000 Messungen 3.562792 Sekunden gebraucht
bei 5 cores haben 1000 Messungen 3.480583 Sekunden gebraucht
bei 5 cores haben 1000 Messungen 3.431269 Sekunden gebraucht
bei 5 cores haben 1000 Messungen 3.447342 Sekunden gebraucht
bei 5 cores haben 1000 Messungen 3.480102 Sekunden gebraucht
bei 5 cores haben 1000 Messungen 3.557524 Sekunden gebraucht
bei 5 cores haben 1000 Messungen 3.585808 Sekunden gebraucht
bei 5 cores haben 1000 Messungen 3.512273 Sekunden gebraucht
bei 5 cores haben 1000 Messungen 3.579697 Sekunden gebraucht
bei 6 cores haben 1000 Messungen 3.455326 Sekunden gebraucht
bei 6 cores haben 1000 Messungen 3.405238 Sekunden gebraucht
bei 6 cores haben 1000 Messungen 3.408673 Sekunden gebraucht
bei 6 cores haben 1000 Messungen 3.423044 Sekunden gebraucht
bei 6 cores haben 1000 Messungen 3.422597 Sekunden gebraucht
bei 6 cores haben 1000 Messungen 3.385795 Sekunden gebraucht
bei 6 cores haben 1000 Messungen 3.413463 Sekunden gebraucht
bei 6 cores haben 1000 Messungen 3.417425 Sekunden gebraucht
bei 6 cores haben 1000 Messungen 3.418165 Sekunden gebraucht
bei 6 cores haben 1000 Messungen 3.415324 Sekunden gebraucht
bei 7 cores haben 1000 Messungen 3.443518 Sekunden gebraucht
bei 7 cores haben 1000 Messungen 3.476562 Sekunden gebraucht
bei 7 cores haben 1000 Messungen 3.477231 Sekunden gebraucht
bei 7 cores haben 1000 Messungen 3.380661 Sekunden gebraucht
bei 7 cores haben 1000 Messungen 3.358371 Sekunden gebraucht
bei 7 cores haben 1000 Messungen 3.424817 Sekunden gebraucht
bei 7 cores haben 1000 Messungen 3.436306 Sekunden gebraucht
bei 7 cores haben 1000 Messungen 3.367118 Sekunden gebraucht
bei 7 cores haben 1000 Messungen 3.435652 Sekunden gebraucht
bei 7 cores haben 1000 Messungen 3.520108 Sekunden gebraucht
bei 8 cores haben 1000 Messungen 3.456749 Sekunden gebraucht
bei 8 cores haben 1000 Messungen 3.453178 Sekunden gebraucht
bei 8 cores haben 1000 Messungen 3.441241 Sekunden gebraucht
bei 8 cores haben 1000 Messungen 3.383739 Sekunden gebraucht
bei 8 cores haben 1000 Messungen 3.481481 Sekunden gebraucht
bei 8 cores haben 1000 Messungen 3.443728 Sekunden gebraucht
bei 8 cores haben 1000 Messungen 3.467429 Sekunden gebraucht
bei 8 cores haben 1000 Messungen 3.435785 Sekunden gebraucht
bei 8 cores haben 1000 Messungen 3.443234 Sekunden gebraucht
bei 8 cores haben 1000 Messungen 3.425386 Sekunden gebraucht
bei 9 cores haben 1000 Messungen 3.392208 Sekunden gebraucht
bei 9 cores haben 1000 Messungen 3.451845 Sekunden gebraucht
bei 9 cores haben 1000 Messungen 3.375525 Sekunden gebraucht
bei 9 cores haben 1000 Messungen 3.450637 Sekunden gebraucht
bei 9 cores haben 1000 Messungen 3.381760 Sekunden gebraucht
bei 9 cores haben 1000 Messungen 3.441532 Sekunden gebraucht
bei 9 cores haben 1000 Messungen 3.447829 Sekunden gebraucht
bei 9 cores haben 1000 Messungen 3.423018 Sekunden gebraucht
bei 9 cores haben 1000 Messungen 3.447370 Sekunden gebraucht
bei 9 cores haben 1000 Messungen 3.453992 Sekunden gebraucht
bei 10 cores haben 1000 Messungen 3.480085 Sekunden gebraucht
bei 10 cores haben 1000 Messungen 3.435688 Sekunden gebraucht
bei 10 cores haben 1000 Messungen 3.479870 Sekunden gebraucht
bei 10 cores haben 1000 Messungen 3.436524 Sekunden gebraucht
bei 10 cores haben 1000 Messungen 3.470868 Sekunden gebraucht
bei 10 cores haben 1000 Messungen 3.441924 Sekunden gebraucht
bei 10 cores haben 1000 Messungen 3.485155 Sekunden gebraucht
bei 10 cores haben 1000 Messungen 3.469835 Sekunden gebraucht
bei 10 cores haben 1000 Messungen 3.457212 Sekunden gebraucht
bei 10 cores haben 1000 Messungen 3.424036 Sekunden gebraucht
bei 11 cores haben 1000 Messungen 3.404042 Sekunden gebraucht
bei 11 cores haben 1000 Messungen 3.410867 Sekunden gebraucht
bei 11 cores haben 1000 Messungen 3.406629 Sekunden gebraucht
bei 11 cores haben 1000 Messungen 3.410757 Sekunden gebraucht
bei 11 cores haben 1000 Messungen 3.406232 Sekunden gebraucht
bei 11 cores haben 1000 Messungen 3.411395 Sekunden gebraucht
bei 11 cores haben 1000 Messungen 3.428485 Sekunden gebraucht
bei 11 cores haben 1000 Messungen 3.414043 Sekunden gebraucht
bei 11 cores haben 1000 Messungen 3.412119 Sekunden gebraucht
bei 11 cores haben 1000 Messungen 3.399759 Sekunden gebraucht
bei 12 cores haben 1000 Messungen 3.397575 Sekunden gebraucht
bei 12 cores haben 1000 Messungen 3.397128 Sekunden gebraucht
bei 12 cores haben 1000 Messungen 3.396387 Sekunden gebraucht
bei 12 cores haben 1000 Messungen 3.398511 Sekunden gebraucht
bei 12 cores haben 1000 Messungen 3.411490 Sekunden gebraucht
bei 12 cores haben 1000 Messungen 3.398780 Sekunden gebraucht
bei 12 cores haben 1000 Messungen 3.411334 Sekunden gebraucht
bei 12 cores haben 1000 Messungen 3.396525 Sekunden gebraucht
bei 12 cores haben 1000 Messungen 3.398761 Sekunden gebraucht
bei 12 cores haben 1000 Messungen 3.398251 Sekunden gebraucht
Laenge=500
bei 1 cores haben 1000 Messungen 30.181565 Sekunden gebraucht
bei 1 cores haben 1000 Messungen 30.178239 Sekunden gebraucht
bei 1 cores haben 1000 Messungen 30.172040 Sekunden gebraucht
bei 1 cores haben 1000 Messungen 30.169415 Sekunden gebraucht
bei 1 cores haben 1000 Messungen 30.292663 Sekunden gebraucht
bei 1 cores haben 1000 Messungen 30.344159 Sekunden gebraucht
bei 1 cores haben 1000 Messungen 30.177202 Sekunden gebraucht
bei 1 cores haben 1000 Messungen 30.169267 Sekunden gebraucht
bei 1 cores haben 1000 Messungen 30.352201 Sekunden gebraucht
bei 1 cores haben 1000 Messungen 30.177416 Sekunden gebraucht
bei 2 cores haben 1000 Messungen 30.582698 Sekunden gebraucht
bei 2 cores haben 1000 Messungen 30.762919 Sekunden gebraucht
bei 2 cores haben 1000 Messungen 30.435292 Sekunden gebraucht
bei 2 cores haben 1000 Messungen 30.375259 Sekunden gebraucht
bei 2 cores haben 1000 Messungen 30.616935 Sekunden gebraucht
bei 2 cores haben 1000 Messungen 30.520373 Sekunden gebraucht
bei 2 cores haben 1000 Messungen 30.718988 Sekunden gebraucht
bei 2 cores haben 1000 Messungen 31.064580 Sekunden gebraucht
bei 2 cores haben 1000 Messungen 30.383043 Sekunden gebraucht
bei 2 cores haben 1000 Messungen 30.538410 Sekunden gebraucht
bei 3 cores haben 1000 Messungen 23.336051 Sekunden gebraucht
bei 3 cores haben 1000 Messungen 23.309158 Sekunden gebraucht
bei 3 cores haben 1000 Messungen 23.543720 Sekunden gebraucht
bei 3 cores haben 1000 Messungen 23.364515 Sekunden gebraucht
bei 3 cores haben 1000 Messungen 23.286513 Sekunden gebraucht
bei 3 cores haben 1000 Messungen 23.337414 Sekunden gebraucht
bei 3 cores haben 1000 Messungen 23.191994 Sekunden gebraucht
bei 3 cores haben 1000 Messungen 23.289582 Sekunden gebraucht
bei 3 cores haben 1000 Messungen 23.045149 Sekunden gebraucht
bei 3 cores haben 1000 Messungen 23.381207 Sekunden gebraucht
bei 4 cores haben 1000 Messungen 20.044447 Sekunden gebraucht
bei 4 cores haben 1000 Messungen 20.643523 Sekunden gebraucht
bei 4 cores haben 1000 Messungen 20.621151 Sekunden gebraucht
bei 4 cores haben 1000 Messungen 20.614363 Sekunden gebraucht
bei 4 cores haben 1000 Messungen 20.598260 Sekunden gebraucht
bei 4 cores haben 1000 Messungen 20.634042 Sekunden gebraucht
bei 4 cores haben 1000 Messungen 20.608300 Sekunden gebraucht
bei 4 cores haben 1000 Messungen 20.648432 Sekunden gebraucht
bei 4 cores haben 1000 Messungen 20.551316 Sekunden gebraucht
bei 4 cores haben 1000 Messungen 20.044007 Sekunden gebraucht
bei 5 cores haben 1000 Messungen 21.019985 Sekunden gebraucht
bei 5 cores haben 1000 Messungen 21.241941 Sekunden gebraucht
bei 5 cores haben 1000 Messungen 21.215340 Sekunden gebraucht
bei 5 cores haben 1000 Messungen 21.102021 Sekunden gebraucht
bei 5 cores haben 1000 Messungen 20.740175 Sekunden gebraucht
bei 5 cores haben 1000 Messungen 21.186323 Sekunden gebraucht
bei 5 cores haben 1000 Messungen 21.067251 Sekunden gebraucht
bei 5 cores haben 1000 Messungen 21.175334 Sekunden gebraucht
bei 5 cores haben 1000 Messungen 21.199366 Sekunden gebraucht
bei 5 cores haben 1000 Messungen 21.237901 Sekunden gebraucht
bei 6 cores haben 1000 Messungen 20.385535 Sekunden gebraucht
bei 6 cores haben 1000 Messungen 20.168423 Sekunden gebraucht
bei 6 cores haben 1000 Messungen 21.095177 Sekunden gebraucht
bei 6 cores haben 1000 Messungen 21.218641 Sekunden gebraucht
bei 6 cores haben 1000 Messungen 20.791028 Sekunden gebraucht
bei 6 cores haben 1000 Messungen 20.919295 Sekunden gebraucht
bei 6 cores haben 1000 Messungen 20.441193 Sekunden gebraucht
bei 6 cores haben 1000 Messungen 21.183877 Sekunden gebraucht
bei 6 cores haben 1000 Messungen 21.046909 Sekunden gebraucht
bei 6 cores haben 1000 Messungen 20.974529 Sekunden gebraucht
bei 7 cores haben 1000 Messungen 21.033159 Sekunden gebraucht
bei 7 cores haben 1000 Messungen 21.023098 Sekunden gebraucht
bei 7 cores haben 1000 Messungen 20.971180 Sekunden gebraucht
bei 7 cores haben 1000 Messungen 21.031407 Sekunden gebraucht
bei 7 cores haben 1000 Messungen 21.056742 Sekunden gebraucht
bei 7 cores haben 1000 Messungen 21.009917 Sekunden gebraucht
bei 7 cores haben 1000 Messungen 21.105446 Sekunden gebraucht
bei 7 cores haben 1000 Messungen 20.962952 Sekunden gebraucht
bei 7 cores haben 1000 Messungen 20.738350 Sekunden gebraucht
bei 7 cores haben 1000 Messungen 21.044616 Sekunden gebraucht
bei 8 cores haben 1000 Messungen 20.879259 Sekunden gebraucht
bei 8 cores haben 1000 Messungen 20.508911 Sekunden gebraucht
bei 8 cores haben 1000 Messungen 20.493550 Sekunden gebraucht
bei 8 cores haben 1000 Messungen 20.966990 Sekunden gebraucht
bei 8 cores haben 1000 Messungen 20.951222 Sekunden gebraucht
bei 8 cores haben 1000 Messungen 20.489534 Sekunden gebraucht
bei 8 cores haben 1000 Messungen 20.435014 Sekunden gebraucht
bei 8 cores haben 1000 Messungen 20.981394 Sekunden gebraucht
bei 8 cores haben 1000 Messungen 20.985491 Sekunden gebraucht
bei 8 cores haben 1000 Messungen 20.475281 Sekunden gebraucht
bei 9 cores haben 1000 Messungen 21.048921 Sekunden gebraucht
bei 9 cores haben 1000 Messungen 21.091336 Sekunden gebraucht
bei 9 cores haben 1000 Messungen 21.077028 Sekunden gebraucht
bei 9 cores haben 1000 Messungen 21.094052 Sekunden gebraucht
bei 9 cores haben 1000 Messungen 20.963113 Sekunden gebraucht
bei 9 cores haben 1000 Messungen 21.034659 Sekunden gebraucht
bei 9 cores haben 1000 Messungen 21.106247 Sekunden gebraucht
bei 9 cores haben 1000 Messungen 21.106950 Sekunden gebraucht
bei 9 cores haben 1000 Messungen 20.788501 Sekunden gebraucht
bei 9 cores haben 1000 Messungen 21.070996 Sekunden gebraucht
bei 10 cores haben 1000 Messungen 20.894901 Sekunden gebraucht
bei 10 cores haben 1000 Messungen 21.251774 Sekunden gebraucht
bei 10 cores haben 1000 Messungen 20.947565 Sekunden gebraucht
bei 10 cores haben 1000 Messungen 20.958973 Sekunden gebraucht
bei 10 cores haben 1000 Messungen 20.959526 Sekunden gebraucht
bei 10 cores haben 1000 Messungen 20.997490 Sekunden gebraucht
bei 10 cores haben 1000 Messungen 21.020751 Sekunden gebraucht
bei 10 cores haben 1000 Messungen 20.865425 Sekunden gebraucht
bei 10 cores haben 1000 Messungen 20.883382 Sekunden gebraucht
bei 10 cores haben 1000 Messungen 20.852589 Sekunden gebraucht
bei 11 cores haben 1000 Messungen 20.882980 Sekunden gebraucht
bei 11 cores haben 1000 Messungen 20.825286 Sekunden gebraucht
bei 11 cores haben 1000 Messungen 20.823702 Sekunden gebraucht
bei 11 cores haben 1000 Messungen 20.836310 Sekunden gebraucht
bei 11 cores haben 1000 Messungen 20.855171 Sekunden gebraucht
bei 11 cores haben 1000 Messungen 20.865026 Sekunden gebraucht
bei 11 cores haben 1000 Messungen 20.818602 Sekunden gebraucht
bei 11 cores haben 1000 Messungen 20.859562 Sekunden gebraucht
bei 11 cores haben 1000 Messungen 20.826615 Sekunden gebraucht
bei 11 cores haben 1000 Messungen 20.815966 Sekunden gebraucht
bei 12 cores haben 1000 Messungen 20.716967 Sekunden gebraucht
bei 12 cores haben 1000 Messungen 20.718565 Sekunden gebraucht
bei 12 cores haben 1000 Messungen 20.731024 Sekunden gebraucht
bei 12 cores haben 1000 Messungen 20.714497 Sekunden gebraucht
bei 12 cores haben 1000 Messungen 20.743807 Sekunden gebraucht
bei 12 cores haben 1000 Messungen 20.721731 Sekunden gebraucht
bei 12 cores haben 1000 Messungen 20.736214 Sekunden gebraucht
bei 12 cores haben 1000 Messungen 20.726878 Sekunden gebraucht
bei 12 cores haben 1000 Messungen 20.717515 Sekunden gebraucht
bei 12 cores haben 1000 Messungen 20.725218 Sekunden gebraucht
/hiskp4/gross/bachelorarbeit
