Tue Jul 21 13:08:48 CEST 2020 Waiting for 30 seconds before starting the job to allow the node to settle down
Tue Jul 21 13:09:18 CEST 2020 Waiting done, starting task!
24 1
Tue Jul 21 13:09:18 CEST 2020 Waiting for 30 seconds before starting the job to allow the node to settle down
Tue Jul 21 13:09:48 CEST 2020 Waiting done, starting task!
24
24 2
Tue Jul 21 13:09:50 CEST 2020 Waiting for 30 seconds before starting the job to allow the node to settle down
Tue Jul 21 13:09:50 CEST 2020 Waiting for 30 seconds before starting the job to allow the node to settle down
Tue Jul 21 13:10:20 CEST 2020 Waiting done, starting task!
Tue Jul 21 13:10:20 CEST 2020 Waiting done, starting task!
24
24 3
Tue Jul 21 13:10:21 CEST 2020 Waiting for 30 seconds before starting the job to allow the node to settle down
Tue Jul 21 13:10:21 CEST 2020 Waiting for 30 seconds before starting the job to allow the node to settle down
Tue Jul 21 13:10:21 CEST 2020 Waiting for 30 seconds before starting the job to allow the node to settle down
Tue Jul 21 13:10:51 CEST 2020 Waiting done, starting task!
Tue Jul 21 13:10:51 CEST 2020 Waiting done, starting task!
Tue Jul 21 13:10:51 CEST 2020 Waiting done, starting task!
24
24 4
Tue Jul 21 13:10:53 CEST 2020 Waiting for 30 seconds before starting the job to allow the node to settle down
Tue Jul 21 13:10:53 CEST 2020 Waiting for 30 seconds before starting the job to allow the node to settle down
Tue Jul 21 13:10:53 CEST 2020 Waiting for 30 seconds before starting the job to allow the node to settle down
Tue Jul 21 13:10:53 CEST 2020 Waiting for 30 seconds before starting the job to allow the node to settle down
Tue Jul 21 13:11:23 CEST 2020 Waiting done, starting task!
Tue Jul 21 13:11:23 CEST 2020 Waiting done, starting task!
Tue Jul 21 13:11:23 CEST 2020 Waiting done, starting task!
Tue Jul 21 13:11:23 CEST 2020 Waiting done, starting task!
24
24 6
Tue Jul 21 13:11:24 CEST 2020 Waiting for 30 seconds before starting the job to allow the node to settle down
Tue Jul 21 13:11:24 CEST 2020 Waiting for 30 seconds before starting the job to allow the node to settle down
Tue Jul 21 13:11:24 CEST 2020 Waiting for 30 seconds before starting the job to allow the node to settle down
Tue Jul 21 13:11:24 CEST 2020 Waiting for 30 seconds before starting the job to allow the node to settle down
Tue Jul 21 13:11:24 CEST 2020 Waiting for 30 seconds before starting the job to allow the node to settle down
Tue Jul 21 13:11:24 CEST 2020 Waiting for 30 seconds before starting the job to allow the node to settle down
Tue Jul 21 13:11:54 CEST 2020 Waiting done, starting task!
Tue Jul 21 13:11:54 CEST 2020 Waiting done, starting task!
Tue Jul 21 13:11:54 CEST 2020 Waiting done, starting task!
Tue Jul 21 13:11:54 CEST 2020 Waiting done, starting task!
Tue Jul 21 13:11:54 CEST 2020 Waiting done, starting task!
Tue Jul 21 13:11:54 CEST 2020 Waiting done, starting task!
24
24 8
Tue Jul 21 13:11:56 CEST 2020 Waiting for 30 seconds before starting the job to allow the node to settle down
Tue Jul 21 13:11:56 CEST 2020 Waiting for 30 seconds before starting the job to allow the node to settle down
Tue Jul 21 13:11:56 CEST 2020 Waiting for 30 seconds before starting the job to allow the node to settle down
Tue Jul 21 13:11:56 CEST 2020 Waiting for 30 seconds before starting the job to allow the node to settle down
Tue Jul 21 13:11:56 CEST 2020 Waiting for 30 seconds before starting the job to allow the node to settle down
Tue Jul 21 13:11:56 CEST 2020 Waiting for 30 seconds before starting the job to allow the node to settle down
Tue Jul 21 13:11:56 CEST 2020 Waiting for 30 seconds before starting the job to allow the node to settle down
Tue Jul 21 13:11:56 CEST 2020 Waiting for 30 seconds before starting the job to allow the node to settle down
Tue Jul 21 13:12:26 CEST 2020 Waiting done, starting task!
Tue Jul 21 13:12:26 CEST 2020 Waiting done, starting task!
Tue Jul 21 13:12:26 CEST 2020 Waiting done, starting task!
Tue Jul 21 13:12:26 CEST 2020 Waiting done, starting task!
Tue Jul 21 13:12:26 CEST 2020 Waiting done, starting task!
Tue Jul 21 13:12:26 CEST 2020 Waiting done, starting task!
Tue Jul 21 13:12:26 CEST 2020 Waiting done, starting task!
Tue Jul 21 13:12:26 CEST 2020 Waiting done, starting task!
24
24 12
Tue Jul 21 13:12:28 CEST 2020 Waiting for 30 seconds before starting the job to allow the node to settle down
Tue Jul 21 13:12:28 CEST 2020 Waiting for 30 seconds before starting the job to allow the node to settle down
Tue Jul 21 13:12:28 CEST 2020 Waiting for 30 seconds before starting the job to allow the node to settle down
Tue Jul 21 13:12:28 CEST 2020 Waiting for 30 seconds before starting the job to allow the node to settle down
Tue Jul 21 13:12:28 CEST 2020 Waiting for 30 seconds before starting the job to allow the node to settle down
Tue Jul 21 13:12:28 CEST 2020 Waiting for 30 seconds before starting the job to allow the node to settle down
Tue Jul 21 13:12:28 CEST 2020 Waiting for 30 seconds before starting the job to allow the node to settle down
Tue Jul 21 13:12:28 CEST 2020 Waiting for 30 seconds before starting the job to allow the node to settle down
Tue Jul 21 13:12:28 CEST 2020 Waiting for 30 seconds before starting the job to allow the node to settle down
Tue Jul 21 13:12:28 CEST 2020 Waiting for 30 seconds before starting the job to allow the node to settle down
Tue Jul 21 13:12:28 CEST 2020 Waiting for 30 seconds before starting the job to allow the node to settle down
Tue Jul 21 13:12:28 CEST 2020 Waiting for 30 seconds before starting the job to allow the node to settle down
Tue Jul 21 13:12:58 CEST 2020 Waiting done, starting task!
Tue Jul 21 13:12:58 CEST 2020 Waiting done, starting task!
Tue Jul 21 13:12:58 CEST 2020 Waiting done, starting task!
Tue Jul 21 13:12:58 CEST 2020 Waiting done, starting task!
Tue Jul 21 13:12:58 CEST 2020 Waiting done, starting task!
Tue Jul 21 13:12:58 CEST 2020 Waiting done, starting task!
Tue Jul 21 13:12:58 CEST 2020 Waiting done, starting task!
Tue Jul 21 13:12:58 CEST 2020 Waiting done, starting task!
Tue Jul 21 13:12:58 CEST 2020 Waiting done, starting task!
Tue Jul 21 13:12:58 CEST 2020 Waiting done, starting task!
Tue Jul 21 13:12:58 CEST 2020 Waiting done, starting task!
Tue Jul 21 13:12:58 CEST 2020 Waiting done, starting task!
24
/hiskp4/gross/bachelorarbeit
