Thu Jun  4 22:55:01 CEST 2020 Waiting for 30 seconds before starting the job to allow the node to settle down
Thu Jun  4 22:55:31 CEST 2020 Waiting done, starting task!
Thu Jun  4 22:55:31 CEST 2020 Waiting for 30 seconds before starting the job to allow the node to settle down
Thu Jun  4 22:56:01 CEST 2020 Waiting done, starting task!
Laenge=6
bei 1 cores haben 1000 Messungen 0.011282 Sekunden gebraucht
bei 1 cores haben 1000 Messungen 0.009780 Sekunden gebraucht
bei 1 cores haben 1000 Messungen 0.009276 Sekunden gebraucht
bei 1 cores haben 1000 Messungen 0.008965 Sekunden gebraucht
bei 1 cores haben 1000 Messungen 0.009044 Sekunden gebraucht
bei 1 cores haben 1000 Messungen 0.009088 Sekunden gebraucht
bei 1 cores haben 1000 Messungen 0.009031 Sekunden gebraucht
bei 1 cores haben 1000 Messungen 0.008550 Sekunden gebraucht
bei 1 cores haben 1000 Messungen 0.008565 Sekunden gebraucht
bei 1 cores haben 1000 Messungen 0.008580 Sekunden gebraucht
bei 2 cores haben 1000 Messungen 0.007585 Sekunden gebraucht
bei 2 cores haben 1000 Messungen 0.007369 Sekunden gebraucht
bei 2 cores haben 1000 Messungen 0.007308 Sekunden gebraucht
bei 2 cores haben 1000 Messungen 0.007327 Sekunden gebraucht
bei 2 cores haben 1000 Messungen 0.007361 Sekunden gebraucht
bei 2 cores haben 1000 Messungen 0.007388 Sekunden gebraucht
bei 2 cores haben 1000 Messungen 0.007376 Sekunden gebraucht
bei 2 cores haben 1000 Messungen 0.007364 Sekunden gebraucht
bei 2 cores haben 1000 Messungen 0.007360 Sekunden gebraucht
bei 2 cores haben 1000 Messungen 0.007386 Sekunden gebraucht
bei 3 cores haben 1000 Messungen 0.016008 Sekunden gebraucht
bei 3 cores haben 1000 Messungen 0.015457 Sekunden gebraucht
bei 3 cores haben 1000 Messungen 0.015053 Sekunden gebraucht
bei 3 cores haben 1000 Messungen 0.014609 Sekunden gebraucht
bei 3 cores haben 1000 Messungen 0.013480 Sekunden gebraucht
bei 3 cores haben 1000 Messungen 0.013243 Sekunden gebraucht
bei 3 cores haben 1000 Messungen 0.013100 Sekunden gebraucht
bei 3 cores haben 1000 Messungen 0.013397 Sekunden gebraucht
bei 3 cores haben 1000 Messungen 0.013045 Sekunden gebraucht
bei 3 cores haben 1000 Messungen 0.013061 Sekunden gebraucht
bei 4 cores haben 1000 Messungen 0.012934 Sekunden gebraucht
bei 4 cores haben 1000 Messungen 0.012614 Sekunden gebraucht
bei 4 cores haben 1000 Messungen 0.012601 Sekunden gebraucht
bei 4 cores haben 1000 Messungen 0.012597 Sekunden gebraucht
bei 4 cores haben 1000 Messungen 0.012616 Sekunden gebraucht
bei 4 cores haben 1000 Messungen 0.012679 Sekunden gebraucht
bei 4 cores haben 1000 Messungen 0.012625 Sekunden gebraucht
bei 4 cores haben 1000 Messungen 0.012656 Sekunden gebraucht
bei 4 cores haben 1000 Messungen 0.012696 Sekunden gebraucht
bei 4 cores haben 1000 Messungen 0.012974 Sekunden gebraucht
bei 5 cores haben 1000 Messungen 0.015706 Sekunden gebraucht
bei 5 cores haben 1000 Messungen 0.015639 Sekunden gebraucht
bei 5 cores haben 1000 Messungen 0.015773 Sekunden gebraucht
bei 5 cores haben 1000 Messungen 0.015661 Sekunden gebraucht
bei 5 cores haben 1000 Messungen 0.015625 Sekunden gebraucht
bei 5 cores haben 1000 Messungen 0.015540 Sekunden gebraucht
bei 5 cores haben 1000 Messungen 0.015483 Sekunden gebraucht
bei 5 cores haben 1000 Messungen 0.015529 Sekunden gebraucht
bei 5 cores haben 1000 Messungen 0.014717 Sekunden gebraucht
bei 5 cores haben 1000 Messungen 0.013249 Sekunden gebraucht
bei 6 cores haben 1000 Messungen 0.013431 Sekunden gebraucht
bei 6 cores haben 1000 Messungen 0.013220 Sekunden gebraucht
bei 6 cores haben 1000 Messungen 0.013653 Sekunden gebraucht
bei 6 cores haben 1000 Messungen 0.013453 Sekunden gebraucht
bei 6 cores haben 1000 Messungen 0.013371 Sekunden gebraucht
bei 6 cores haben 1000 Messungen 0.013210 Sekunden gebraucht
bei 6 cores haben 1000 Messungen 0.013336 Sekunden gebraucht
bei 6 cores haben 1000 Messungen 0.013097 Sekunden gebraucht
bei 6 cores haben 1000 Messungen 0.013002 Sekunden gebraucht
bei 6 cores haben 1000 Messungen 0.012897 Sekunden gebraucht
bei 7 cores haben 1000 Messungen 0.013510 Sekunden gebraucht
bei 7 cores haben 1000 Messungen 0.013298 Sekunden gebraucht
bei 7 cores haben 1000 Messungen 0.013513 Sekunden gebraucht
bei 7 cores haben 1000 Messungen 0.013374 Sekunden gebraucht
bei 7 cores haben 1000 Messungen 0.013153 Sekunden gebraucht
bei 7 cores haben 1000 Messungen 0.013403 Sekunden gebraucht
bei 7 cores haben 1000 Messungen 0.013309 Sekunden gebraucht
bei 7 cores haben 1000 Messungen 0.013540 Sekunden gebraucht
bei 7 cores haben 1000 Messungen 0.013429 Sekunden gebraucht
bei 7 cores haben 1000 Messungen 0.013309 Sekunden gebraucht
bei 8 cores haben 1000 Messungen 0.014002 Sekunden gebraucht
bei 8 cores haben 1000 Messungen 0.014402 Sekunden gebraucht
bei 8 cores haben 1000 Messungen 0.014324 Sekunden gebraucht
bei 8 cores haben 1000 Messungen 0.014269 Sekunden gebraucht
bei 8 cores haben 1000 Messungen 0.014520 Sekunden gebraucht
bei 8 cores haben 1000 Messungen 0.015080 Sekunden gebraucht
bei 8 cores haben 1000 Messungen 0.014928 Sekunden gebraucht
bei 8 cores haben 1000 Messungen 0.014713 Sekunden gebraucht
bei 8 cores haben 1000 Messungen 0.014981 Sekunden gebraucht
bei 8 cores haben 1000 Messungen 0.014906 Sekunden gebraucht
bei 9 cores haben 1000 Messungen 0.015476 Sekunden gebraucht
bei 9 cores haben 1000 Messungen 0.015248 Sekunden gebraucht
bei 9 cores haben 1000 Messungen 0.015328 Sekunden gebraucht
bei 9 cores haben 1000 Messungen 0.015196 Sekunden gebraucht
bei 9 cores haben 1000 Messungen 0.015157 Sekunden gebraucht
bei 9 cores haben 1000 Messungen 0.015105 Sekunden gebraucht
bei 9 cores haben 1000 Messungen 0.015162 Sekunden gebraucht
bei 9 cores haben 1000 Messungen 0.015219 Sekunden gebraucht
bei 9 cores haben 1000 Messungen 0.015248 Sekunden gebraucht
bei 9 cores haben 1000 Messungen 0.015304 Sekunden gebraucht
bei 10 cores haben 1000 Messungen 0.017370 Sekunden gebraucht
bei 10 cores haben 1000 Messungen 0.017545 Sekunden gebraucht
bei 10 cores haben 1000 Messungen 0.017268 Sekunden gebraucht
bei 10 cores haben 1000 Messungen 0.017505 Sekunden gebraucht
bei 10 cores haben 1000 Messungen 0.017604 Sekunden gebraucht
bei 10 cores haben 1000 Messungen 0.017470 Sekunden gebraucht
bei 10 cores haben 1000 Messungen 0.017650 Sekunden gebraucht
bei 10 cores haben 1000 Messungen 0.017666 Sekunden gebraucht
bei 10 cores haben 1000 Messungen 0.020917 Sekunden gebraucht
bei 10 cores haben 1000 Messungen 0.017329 Sekunden gebraucht
bei 11 cores haben 1000 Messungen 0.018509 Sekunden gebraucht
bei 11 cores haben 1000 Messungen 0.018280 Sekunden gebraucht
bei 11 cores haben 1000 Messungen 0.018412 Sekunden gebraucht
bei 11 cores haben 1000 Messungen 0.024129 Sekunden gebraucht
bei 11 cores haben 1000 Messungen 0.018439 Sekunden gebraucht
bei 11 cores haben 1000 Messungen 0.018364 Sekunden gebraucht
bei 11 cores haben 1000 Messungen 0.018433 Sekunden gebraucht
bei 11 cores haben 1000 Messungen 0.018365 Sekunden gebraucht
bei 11 cores haben 1000 Messungen 0.018324 Sekunden gebraucht
bei 11 cores haben 1000 Messungen 0.018474 Sekunden gebraucht
bei 12 cores haben 1000 Messungen 0.020574 Sekunden gebraucht
bei 12 cores haben 1000 Messungen 0.023854 Sekunden gebraucht
bei 12 cores haben 1000 Messungen 0.020272 Sekunden gebraucht
bei 12 cores haben 1000 Messungen 0.020157 Sekunden gebraucht
bei 12 cores haben 1000 Messungen 0.020452 Sekunden gebraucht
bei 12 cores haben 1000 Messungen 0.020328 Sekunden gebraucht
bei 12 cores haben 1000 Messungen 0.020432 Sekunden gebraucht
bei 12 cores haben 1000 Messungen 0.020204 Sekunden gebraucht
bei 12 cores haben 1000 Messungen 0.020578 Sekunden gebraucht
bei 12 cores haben 1000 Messungen 0.019995 Sekunden gebraucht
bei 13 cores haben 1000 Messungen 0.021478 Sekunden gebraucht
bei 13 cores haben 1000 Messungen 0.021493 Sekunden gebraucht
bei 13 cores haben 1000 Messungen 0.021687 Sekunden gebraucht
bei 13 cores haben 1000 Messungen 0.021647 Sekunden gebraucht
bei 13 cores haben 1000 Messungen 0.021477 Sekunden gebraucht
bei 13 cores haben 1000 Messungen 0.021420 Sekunden gebraucht
bei 13 cores haben 1000 Messungen 0.021439 Sekunden gebraucht
bei 13 cores haben 1000 Messungen 0.021552 Sekunden gebraucht
bei 13 cores haben 1000 Messungen 0.021552 Sekunden gebraucht
bei 13 cores haben 1000 Messungen 0.021628 Sekunden gebraucht
bei 14 cores haben 1000 Messungen 0.020219 Sekunden gebraucht
bei 14 cores haben 1000 Messungen 0.020224 Sekunden gebraucht
bei 14 cores haben 1000 Messungen 0.020242 Sekunden gebraucht
bei 14 cores haben 1000 Messungen 0.020527 Sekunden gebraucht
bei 14 cores haben 1000 Messungen 0.020625 Sekunden gebraucht
bei 14 cores haben 1000 Messungen 0.020522 Sekunden gebraucht
bei 14 cores haben 1000 Messungen 0.020658 Sekunden gebraucht
bei 14 cores haben 1000 Messungen 0.020804 Sekunden gebraucht
bei 14 cores haben 1000 Messungen 0.020729 Sekunden gebraucht
bei 14 cores haben 1000 Messungen 0.020646 Sekunden gebraucht
bei 15 cores haben 1000 Messungen 0.024011 Sekunden gebraucht
bei 15 cores haben 1000 Messungen 0.023936 Sekunden gebraucht
bei 15 cores haben 1000 Messungen 0.024087 Sekunden gebraucht
bei 15 cores haben 1000 Messungen 0.023987 Sekunden gebraucht
bei 15 cores haben 1000 Messungen 0.023966 Sekunden gebraucht
bei 15 cores haben 1000 Messungen 0.027023 Sekunden gebraucht
bei 15 cores haben 1000 Messungen 0.024121 Sekunden gebraucht
bei 15 cores haben 1000 Messungen 0.024035 Sekunden gebraucht
bei 15 cores haben 1000 Messungen 0.023985 Sekunden gebraucht
bei 15 cores haben 1000 Messungen 0.024012 Sekunden gebraucht
bei 16 cores haben 1000 Messungen 0.030348 Sekunden gebraucht
bei 16 cores haben 1000 Messungen 0.026165 Sekunden gebraucht
bei 16 cores haben 1000 Messungen 0.026145 Sekunden gebraucht
bei 16 cores haben 1000 Messungen 0.026207 Sekunden gebraucht
bei 16 cores haben 1000 Messungen 0.026179 Sekunden gebraucht
bei 16 cores haben 1000 Messungen 0.028777 Sekunden gebraucht
bei 16 cores haben 1000 Messungen 0.026356 Sekunden gebraucht
bei 16 cores haben 1000 Messungen 0.026145 Sekunden gebraucht
bei 16 cores haben 1000 Messungen 0.026104 Sekunden gebraucht
bei 16 cores haben 1000 Messungen 0.026122 Sekunden gebraucht
Laenge=10
bei 1 cores haben 1000 Messungen 0.014943 Sekunden gebraucht
bei 1 cores haben 1000 Messungen 0.014743 Sekunden gebraucht
bei 1 cores haben 1000 Messungen 0.014323 Sekunden gebraucht
bei 1 cores haben 1000 Messungen 0.013878 Sekunden gebraucht
bei 1 cores haben 1000 Messungen 0.013989 Sekunden gebraucht
bei 1 cores haben 1000 Messungen 0.013861 Sekunden gebraucht
bei 1 cores haben 1000 Messungen 0.013401 Sekunden gebraucht
bei 1 cores haben 1000 Messungen 0.013451 Sekunden gebraucht
bei 1 cores haben 1000 Messungen 0.017318 Sekunden gebraucht
bei 1 cores haben 1000 Messungen 0.016178 Sekunden gebraucht
bei 2 cores haben 1000 Messungen 0.025982 Sekunden gebraucht
bei 2 cores haben 1000 Messungen 0.023719 Sekunden gebraucht
bei 2 cores haben 1000 Messungen 0.021994 Sekunden gebraucht
bei 2 cores haben 1000 Messungen 0.020339 Sekunden gebraucht
bei 2 cores haben 1000 Messungen 0.018815 Sekunden gebraucht
bei 2 cores haben 1000 Messungen 0.018156 Sekunden gebraucht
bei 2 cores haben 1000 Messungen 0.017613 Sekunden gebraucht
bei 2 cores haben 1000 Messungen 0.017263 Sekunden gebraucht
bei 2 cores haben 1000 Messungen 0.016891 Sekunden gebraucht
bei 2 cores haben 1000 Messungen 0.016529 Sekunden gebraucht
bei 3 cores haben 1000 Messungen 0.015628 Sekunden gebraucht
bei 3 cores haben 1000 Messungen 0.015431 Sekunden gebraucht
bei 3 cores haben 1000 Messungen 0.015397 Sekunden gebraucht
bei 3 cores haben 1000 Messungen 0.015404 Sekunden gebraucht
bei 3 cores haben 1000 Messungen 0.015707 Sekunden gebraucht
bei 3 cores haben 1000 Messungen 0.015414 Sekunden gebraucht
bei 3 cores haben 1000 Messungen 0.015727 Sekunden gebraucht
bei 3 cores haben 1000 Messungen 0.015960 Sekunden gebraucht
bei 3 cores haben 1000 Messungen 0.015674 Sekunden gebraucht
bei 3 cores haben 1000 Messungen 0.015437 Sekunden gebraucht
bei 4 cores haben 1000 Messungen 0.016473 Sekunden gebraucht
bei 4 cores haben 1000 Messungen 0.017036 Sekunden gebraucht
bei 4 cores haben 1000 Messungen 0.017240 Sekunden gebraucht
bei 4 cores haben 1000 Messungen 0.017262 Sekunden gebraucht
bei 4 cores haben 1000 Messungen 0.016826 Sekunden gebraucht
bei 4 cores haben 1000 Messungen 0.016744 Sekunden gebraucht
bei 4 cores haben 1000 Messungen 0.016649 Sekunden gebraucht
bei 4 cores haben 1000 Messungen 0.017411 Sekunden gebraucht
bei 4 cores haben 1000 Messungen 0.017106 Sekunden gebraucht
bei 4 cores haben 1000 Messungen 0.020858 Sekunden gebraucht
bei 5 cores haben 1000 Messungen 0.015782 Sekunden gebraucht
bei 5 cores haben 1000 Messungen 0.008646 Sekunden gebraucht
bei 5 cores haben 1000 Messungen 0.008616 Sekunden gebraucht
bei 5 cores haben 1000 Messungen 0.008896 Sekunden gebraucht
bei 5 cores haben 1000 Messungen 0.008694 Sekunden gebraucht
bei 5 cores haben 1000 Messungen 0.008659 Sekunden gebraucht
bei 5 cores haben 1000 Messungen 0.008756 Sekunden gebraucht
bei 5 cores haben 1000 Messungen 0.008738 Sekunden gebraucht
bei 5 cores haben 1000 Messungen 0.008712 Sekunden gebraucht
bei 5 cores haben 1000 Messungen 0.019604 Sekunden gebraucht
bei 6 cores haben 1000 Messungen 0.021089 Sekunden gebraucht
bei 6 cores haben 1000 Messungen 0.020669 Sekunden gebraucht
bei 6 cores haben 1000 Messungen 0.020217 Sekunden gebraucht
bei 6 cores haben 1000 Messungen 0.019597 Sekunden gebraucht
bei 6 cores haben 1000 Messungen 0.020282 Sekunden gebraucht
bei 6 cores haben 1000 Messungen 0.020088 Sekunden gebraucht
bei 6 cores haben 1000 Messungen 0.020468 Sekunden gebraucht
bei 6 cores haben 1000 Messungen 0.020370 Sekunden gebraucht
bei 6 cores haben 1000 Messungen 0.020066 Sekunden gebraucht
bei 6 cores haben 1000 Messungen 0.020622 Sekunden gebraucht
bei 7 cores haben 1000 Messungen 0.021009 Sekunden gebraucht
bei 7 cores haben 1000 Messungen 0.020591 Sekunden gebraucht
bei 7 cores haben 1000 Messungen 0.019777 Sekunden gebraucht
bei 7 cores haben 1000 Messungen 0.019996 Sekunden gebraucht
bei 7 cores haben 1000 Messungen 0.020047 Sekunden gebraucht
bei 7 cores haben 1000 Messungen 0.020946 Sekunden gebraucht
bei 7 cores haben 1000 Messungen 0.021517 Sekunden gebraucht
bei 7 cores haben 1000 Messungen 0.021086 Sekunden gebraucht
bei 7 cores haben 1000 Messungen 0.021075 Sekunden gebraucht
bei 7 cores haben 1000 Messungen 0.020760 Sekunden gebraucht
bei 8 cores haben 1000 Messungen 0.022528 Sekunden gebraucht
bei 8 cores haben 1000 Messungen 0.022666 Sekunden gebraucht
bei 8 cores haben 1000 Messungen 0.021898 Sekunden gebraucht
bei 8 cores haben 1000 Messungen 0.021643 Sekunden gebraucht
bei 8 cores haben 1000 Messungen 0.020927 Sekunden gebraucht
bei 8 cores haben 1000 Messungen 0.020950 Sekunden gebraucht
bei 8 cores haben 1000 Messungen 0.021051 Sekunden gebraucht
bei 8 cores haben 1000 Messungen 0.020883 Sekunden gebraucht
bei 8 cores haben 1000 Messungen 0.020216 Sekunden gebraucht
bei 8 cores haben 1000 Messungen 0.020081 Sekunden gebraucht
bei 9 cores haben 1000 Messungen 0.021746 Sekunden gebraucht
bei 9 cores haben 1000 Messungen 0.022001 Sekunden gebraucht
bei 9 cores haben 1000 Messungen 0.021898 Sekunden gebraucht
bei 9 cores haben 1000 Messungen 0.024281 Sekunden gebraucht
bei 9 cores haben 1000 Messungen 0.021429 Sekunden gebraucht
bei 9 cores haben 1000 Messungen 0.021922 Sekunden gebraucht
bei 9 cores haben 1000 Messungen 0.030078 Sekunden gebraucht
bei 9 cores haben 1000 Messungen 0.021555 Sekunden gebraucht
bei 9 cores haben 1000 Messungen 0.021689 Sekunden gebraucht
bei 9 cores haben 1000 Messungen 0.021734 Sekunden gebraucht
bei 10 cores haben 1000 Messungen 0.026061 Sekunden gebraucht
bei 10 cores haben 1000 Messungen 0.022894 Sekunden gebraucht
bei 10 cores haben 1000 Messungen 0.022534 Sekunden gebraucht
bei 10 cores haben 1000 Messungen 0.022529 Sekunden gebraucht
bei 10 cores haben 1000 Messungen 0.022812 Sekunden gebraucht
bei 10 cores haben 1000 Messungen 0.023118 Sekunden gebraucht
bei 10 cores haben 1000 Messungen 0.023198 Sekunden gebraucht
bei 10 cores haben 1000 Messungen 0.022424 Sekunden gebraucht
bei 10 cores haben 1000 Messungen 0.022194 Sekunden gebraucht
bei 10 cores haben 1000 Messungen 0.022234 Sekunden gebraucht
bei 11 cores haben 1000 Messungen 0.024141 Sekunden gebraucht
bei 11 cores haben 1000 Messungen 0.024030 Sekunden gebraucht
bei 11 cores haben 1000 Messungen 0.023690 Sekunden gebraucht
bei 11 cores haben 1000 Messungen 0.023306 Sekunden gebraucht
bei 11 cores haben 1000 Messungen 0.023353 Sekunden gebraucht
bei 11 cores haben 1000 Messungen 0.023068 Sekunden gebraucht
bei 11 cores haben 1000 Messungen 0.023759 Sekunden gebraucht
bei 11 cores haben 1000 Messungen 0.022734 Sekunden gebraucht
bei 11 cores haben 1000 Messungen 0.022941 Sekunden gebraucht
bei 11 cores haben 1000 Messungen 0.023310 Sekunden gebraucht
bei 12 cores haben 1000 Messungen 0.023390 Sekunden gebraucht
bei 12 cores haben 1000 Messungen 0.023430 Sekunden gebraucht
bei 12 cores haben 1000 Messungen 0.023407 Sekunden gebraucht
bei 12 cores haben 1000 Messungen 0.023616 Sekunden gebraucht
bei 12 cores haben 1000 Messungen 0.023510 Sekunden gebraucht
bei 12 cores haben 1000 Messungen 0.023557 Sekunden gebraucht
bei 12 cores haben 1000 Messungen 0.023651 Sekunden gebraucht
bei 12 cores haben 1000 Messungen 0.023737 Sekunden gebraucht
bei 12 cores haben 1000 Messungen 0.023656 Sekunden gebraucht
bei 12 cores haben 1000 Messungen 0.023517 Sekunden gebraucht
bei 13 cores haben 1000 Messungen 0.024492 Sekunden gebraucht
bei 13 cores haben 1000 Messungen 0.024419 Sekunden gebraucht
bei 13 cores haben 1000 Messungen 0.024403 Sekunden gebraucht
bei 13 cores haben 1000 Messungen 0.024388 Sekunden gebraucht
bei 13 cores haben 1000 Messungen 0.024607 Sekunden gebraucht
bei 13 cores haben 1000 Messungen 0.024615 Sekunden gebraucht
bei 13 cores haben 1000 Messungen 0.024402 Sekunden gebraucht
bei 13 cores haben 1000 Messungen 0.024524 Sekunden gebraucht
bei 13 cores haben 1000 Messungen 0.028642 Sekunden gebraucht
bei 13 cores haben 1000 Messungen 0.028619 Sekunden gebraucht
bei 14 cores haben 1000 Messungen 0.025671 Sekunden gebraucht
bei 14 cores haben 1000 Messungen 0.024772 Sekunden gebraucht
bei 14 cores haben 1000 Messungen 0.021902 Sekunden gebraucht
bei 14 cores haben 1000 Messungen 0.021494 Sekunden gebraucht
bei 14 cores haben 1000 Messungen 0.022449 Sekunden gebraucht
bei 14 cores haben 1000 Messungen 0.022304 Sekunden gebraucht
bei 14 cores haben 1000 Messungen 0.022272 Sekunden gebraucht
bei 14 cores haben 1000 Messungen 0.022102 Sekunden gebraucht
bei 14 cores haben 1000 Messungen 0.022155 Sekunden gebraucht
bei 14 cores haben 1000 Messungen 0.022318 Sekunden gebraucht
bei 15 cores haben 1000 Messungen 0.026479 Sekunden gebraucht
bei 15 cores haben 1000 Messungen 0.026445 Sekunden gebraucht
bei 15 cores haben 1000 Messungen 0.026300 Sekunden gebraucht
bei 15 cores haben 1000 Messungen 0.026348 Sekunden gebraucht
bei 15 cores haben 1000 Messungen 0.026300 Sekunden gebraucht
bei 15 cores haben 1000 Messungen 0.026421 Sekunden gebraucht
bei 15 cores haben 1000 Messungen 0.026380 Sekunden gebraucht
bei 15 cores haben 1000 Messungen 0.026128 Sekunden gebraucht
bei 15 cores haben 1000 Messungen 0.026264 Sekunden gebraucht
bei 15 cores haben 1000 Messungen 0.025936 Sekunden gebraucht
bei 16 cores haben 1000 Messungen 0.028760 Sekunden gebraucht
bei 16 cores haben 1000 Messungen 0.028527 Sekunden gebraucht
bei 16 cores haben 1000 Messungen 0.028252 Sekunden gebraucht
bei 16 cores haben 1000 Messungen 0.028501 Sekunden gebraucht
bei 16 cores haben 1000 Messungen 0.028271 Sekunden gebraucht
bei 16 cores haben 1000 Messungen 0.028377 Sekunden gebraucht
bei 16 cores haben 1000 Messungen 0.028332 Sekunden gebraucht
bei 16 cores haben 1000 Messungen 0.028275 Sekunden gebraucht
bei 16 cores haben 1000 Messungen 0.028372 Sekunden gebraucht
bei 16 cores haben 1000 Messungen 0.028464 Sekunden gebraucht
Laenge=20
bei 1 cores haben 1000 Messungen 0.050400 Sekunden gebraucht
bei 1 cores haben 1000 Messungen 0.085129 Sekunden gebraucht
bei 1 cores haben 1000 Messungen 0.086169 Sekunden gebraucht
bei 1 cores haben 1000 Messungen 0.085041 Sekunden gebraucht
bei 1 cores haben 1000 Messungen 0.060884 Sekunden gebraucht
bei 1 cores haben 1000 Messungen 0.051498 Sekunden gebraucht
bei 1 cores haben 1000 Messungen 0.046657 Sekunden gebraucht
bei 1 cores haben 1000 Messungen 0.085910 Sekunden gebraucht
bei 1 cores haben 1000 Messungen 0.060235 Sekunden gebraucht
bei 1 cores haben 1000 Messungen 0.051964 Sekunden gebraucht
bei 2 cores haben 1000 Messungen 0.034947 Sekunden gebraucht
bei 2 cores haben 1000 Messungen 0.028675 Sekunden gebraucht
bei 2 cores haben 1000 Messungen 0.028910 Sekunden gebraucht
bei 2 cores haben 1000 Messungen 0.063498 Sekunden gebraucht
bei 2 cores haben 1000 Messungen 0.028781 Sekunden gebraucht
bei 2 cores haben 1000 Messungen 0.029693 Sekunden gebraucht
bei 2 cores haben 1000 Messungen 0.059815 Sekunden gebraucht
bei 2 cores haben 1000 Messungen 0.053450 Sekunden gebraucht
bei 2 cores haben 1000 Messungen 0.049128 Sekunden gebraucht
bei 2 cores haben 1000 Messungen 0.028600 Sekunden gebraucht
bei 3 cores haben 1000 Messungen 0.047098 Sekunden gebraucht
bei 3 cores haben 1000 Messungen 0.047180 Sekunden gebraucht
bei 3 cores haben 1000 Messungen 0.045601 Sekunden gebraucht
bei 3 cores haben 1000 Messungen 0.038045 Sekunden gebraucht
bei 3 cores haben 1000 Messungen 0.040222 Sekunden gebraucht
bei 3 cores haben 1000 Messungen 0.043981 Sekunden gebraucht
bei 3 cores haben 1000 Messungen 0.044711 Sekunden gebraucht
bei 3 cores haben 1000 Messungen 0.044007 Sekunden gebraucht
bei 3 cores haben 1000 Messungen 0.044378 Sekunden gebraucht
bei 3 cores haben 1000 Messungen 0.038710 Sekunden gebraucht
bei 4 cores haben 1000 Messungen 0.040630 Sekunden gebraucht
bei 4 cores haben 1000 Messungen 0.041028 Sekunden gebraucht
bei 4 cores haben 1000 Messungen 0.041095 Sekunden gebraucht
bei 4 cores haben 1000 Messungen 0.038558 Sekunden gebraucht
bei 4 cores haben 1000 Messungen 0.032694 Sekunden gebraucht
bei 4 cores haben 1000 Messungen 0.033110 Sekunden gebraucht
bei 4 cores haben 1000 Messungen 0.036489 Sekunden gebraucht
bei 4 cores haben 1000 Messungen 0.033581 Sekunden gebraucht
bei 4 cores haben 1000 Messungen 0.035986 Sekunden gebraucht
bei 4 cores haben 1000 Messungen 0.037939 Sekunden gebraucht
bei 5 cores haben 1000 Messungen 0.038940 Sekunden gebraucht
bei 5 cores haben 1000 Messungen 0.041186 Sekunden gebraucht
bei 5 cores haben 1000 Messungen 0.039264 Sekunden gebraucht
bei 5 cores haben 1000 Messungen 0.038587 Sekunden gebraucht
bei 5 cores haben 1000 Messungen 0.036361 Sekunden gebraucht
bei 5 cores haben 1000 Messungen 0.036965 Sekunden gebraucht
bei 5 cores haben 1000 Messungen 0.037220 Sekunden gebraucht
bei 5 cores haben 1000 Messungen 0.038038 Sekunden gebraucht
bei 5 cores haben 1000 Messungen 0.036295 Sekunden gebraucht
bei 5 cores haben 1000 Messungen 0.036535 Sekunden gebraucht
bei 6 cores haben 1000 Messungen 0.038081 Sekunden gebraucht
bei 6 cores haben 1000 Messungen 0.033542 Sekunden gebraucht
bei 6 cores haben 1000 Messungen 0.034595 Sekunden gebraucht
bei 6 cores haben 1000 Messungen 0.037127 Sekunden gebraucht
bei 6 cores haben 1000 Messungen 0.035589 Sekunden gebraucht
bei 6 cores haben 1000 Messungen 0.035378 Sekunden gebraucht
bei 6 cores haben 1000 Messungen 0.038530 Sekunden gebraucht
bei 6 cores haben 1000 Messungen 0.035019 Sekunden gebraucht
bei 6 cores haben 1000 Messungen 0.035502 Sekunden gebraucht
bei 6 cores haben 1000 Messungen 0.035662 Sekunden gebraucht
bei 7 cores haben 1000 Messungen 0.041412 Sekunden gebraucht
bei 7 cores haben 1000 Messungen 0.042554 Sekunden gebraucht
bei 7 cores haben 1000 Messungen 0.041327 Sekunden gebraucht
bei 7 cores haben 1000 Messungen 0.045242 Sekunden gebraucht
bei 7 cores haben 1000 Messungen 0.040101 Sekunden gebraucht
bei 7 cores haben 1000 Messungen 0.038911 Sekunden gebraucht
bei 7 cores haben 1000 Messungen 0.038748 Sekunden gebraucht
bei 7 cores haben 1000 Messungen 0.041339 Sekunden gebraucht
bei 7 cores haben 1000 Messungen 0.039524 Sekunden gebraucht
bei 7 cores haben 1000 Messungen 0.040299 Sekunden gebraucht
bei 8 cores haben 1000 Messungen 0.037042 Sekunden gebraucht
bei 8 cores haben 1000 Messungen 0.041767 Sekunden gebraucht
bei 8 cores haben 1000 Messungen 0.032729 Sekunden gebraucht
bei 8 cores haben 1000 Messungen 0.022930 Sekunden gebraucht
bei 8 cores haben 1000 Messungen 0.025459 Sekunden gebraucht
bei 8 cores haben 1000 Messungen 0.020594 Sekunden gebraucht
bei 8 cores haben 1000 Messungen 0.020634 Sekunden gebraucht
bei 8 cores haben 1000 Messungen 0.034716 Sekunden gebraucht
bei 8 cores haben 1000 Messungen 0.037238 Sekunden gebraucht
bei 8 cores haben 1000 Messungen 0.038982 Sekunden gebraucht
bei 9 cores haben 1000 Messungen 0.036147 Sekunden gebraucht
bei 9 cores haben 1000 Messungen 0.038556 Sekunden gebraucht
bei 9 cores haben 1000 Messungen 0.036995 Sekunden gebraucht
bei 9 cores haben 1000 Messungen 0.040436 Sekunden gebraucht
bei 9 cores haben 1000 Messungen 0.039245 Sekunden gebraucht
bei 9 cores haben 1000 Messungen 0.043165 Sekunden gebraucht
bei 9 cores haben 1000 Messungen 0.041388 Sekunden gebraucht
bei 9 cores haben 1000 Messungen 0.042456 Sekunden gebraucht
bei 9 cores haben 1000 Messungen 0.047417 Sekunden gebraucht
bei 9 cores haben 1000 Messungen 0.046437 Sekunden gebraucht
bei 10 cores haben 1000 Messungen 0.041790 Sekunden gebraucht
bei 10 cores haben 1000 Messungen 0.041752 Sekunden gebraucht
bei 10 cores haben 1000 Messungen 0.044848 Sekunden gebraucht
bei 10 cores haben 1000 Messungen 0.045963 Sekunden gebraucht
bei 10 cores haben 1000 Messungen 0.045659 Sekunden gebraucht
bei 10 cores haben 1000 Messungen 0.046568 Sekunden gebraucht
bei 10 cores haben 1000 Messungen 0.046198 Sekunden gebraucht
bei 10 cores haben 1000 Messungen 0.045759 Sekunden gebraucht
bei 10 cores haben 1000 Messungen 0.042836 Sekunden gebraucht
bei 10 cores haben 1000 Messungen 0.040531 Sekunden gebraucht
bei 11 cores haben 1000 Messungen 0.049425 Sekunden gebraucht
bei 11 cores haben 1000 Messungen 0.044955 Sekunden gebraucht
bei 11 cores haben 1000 Messungen 0.041680 Sekunden gebraucht
bei 11 cores haben 1000 Messungen 0.040784 Sekunden gebraucht
bei 11 cores haben 1000 Messungen 0.040333 Sekunden gebraucht
bei 11 cores haben 1000 Messungen 0.041875 Sekunden gebraucht
bei 11 cores haben 1000 Messungen 0.039353 Sekunden gebraucht
bei 11 cores haben 1000 Messungen 0.040202 Sekunden gebraucht
bei 11 cores haben 1000 Messungen 0.041955 Sekunden gebraucht
bei 11 cores haben 1000 Messungen 0.043925 Sekunden gebraucht
bei 12 cores haben 1000 Messungen 0.041862 Sekunden gebraucht
bei 12 cores haben 1000 Messungen 0.042377 Sekunden gebraucht
bei 12 cores haben 1000 Messungen 0.043990 Sekunden gebraucht
bei 12 cores haben 1000 Messungen 0.046051 Sekunden gebraucht
bei 12 cores haben 1000 Messungen 0.043111 Sekunden gebraucht
bei 12 cores haben 1000 Messungen 0.046421 Sekunden gebraucht
bei 12 cores haben 1000 Messungen 0.044936 Sekunden gebraucht
bei 12 cores haben 1000 Messungen 0.049413 Sekunden gebraucht
bei 12 cores haben 1000 Messungen 0.048428 Sekunden gebraucht
bei 12 cores haben 1000 Messungen 0.054294 Sekunden gebraucht
bei 13 cores haben 1000 Messungen 0.050589 Sekunden gebraucht
bei 13 cores haben 1000 Messungen 0.044525 Sekunden gebraucht
bei 13 cores haben 1000 Messungen 0.044806 Sekunden gebraucht
bei 13 cores haben 1000 Messungen 0.048471 Sekunden gebraucht
bei 13 cores haben 1000 Messungen 0.050012 Sekunden gebraucht
bei 13 cores haben 1000 Messungen 0.046471 Sekunden gebraucht
bei 13 cores haben 1000 Messungen 0.045840 Sekunden gebraucht
bei 13 cores haben 1000 Messungen 0.044450 Sekunden gebraucht
bei 13 cores haben 1000 Messungen 0.049171 Sekunden gebraucht
bei 13 cores haben 1000 Messungen 0.044322 Sekunden gebraucht
bei 14 cores haben 1000 Messungen 0.044067 Sekunden gebraucht
bei 14 cores haben 1000 Messungen 0.041995 Sekunden gebraucht
bei 14 cores haben 1000 Messungen 0.044138 Sekunden gebraucht
bei 14 cores haben 1000 Messungen 0.048226 Sekunden gebraucht
bei 14 cores haben 1000 Messungen 0.047240 Sekunden gebraucht
bei 14 cores haben 1000 Messungen 0.046772 Sekunden gebraucht
bei 14 cores haben 1000 Messungen 0.046459 Sekunden gebraucht
bei 14 cores haben 1000 Messungen 0.048619 Sekunden gebraucht
bei 14 cores haben 1000 Messungen 0.048617 Sekunden gebraucht
bei 14 cores haben 1000 Messungen 0.055414 Sekunden gebraucht
bei 15 cores haben 1000 Messungen 0.053972 Sekunden gebraucht
bei 15 cores haben 1000 Messungen 0.056769 Sekunden gebraucht
bei 15 cores haben 1000 Messungen 0.052177 Sekunden gebraucht
bei 15 cores haben 1000 Messungen 0.056901 Sekunden gebraucht
bei 15 cores haben 1000 Messungen 0.049510 Sekunden gebraucht
bei 15 cores haben 1000 Messungen 0.047787 Sekunden gebraucht
bei 15 cores haben 1000 Messungen 0.048307 Sekunden gebraucht
bei 15 cores haben 1000 Messungen 0.049427 Sekunden gebraucht
bei 15 cores haben 1000 Messungen 0.050670 Sekunden gebraucht
bei 15 cores haben 1000 Messungen 0.051811 Sekunden gebraucht
bei 16 cores haben 1000 Messungen 0.056989 Sekunden gebraucht
bei 16 cores haben 1000 Messungen 0.051223 Sekunden gebraucht
bei 16 cores haben 1000 Messungen 0.049788 Sekunden gebraucht
bei 16 cores haben 1000 Messungen 0.051156 Sekunden gebraucht
bei 16 cores haben 1000 Messungen 0.050918 Sekunden gebraucht
bei 16 cores haben 1000 Messungen 0.053189 Sekunden gebraucht
bei 16 cores haben 1000 Messungen 0.052460 Sekunden gebraucht
bei 16 cores haben 1000 Messungen 0.056180 Sekunden gebraucht
bei 16 cores haben 1000 Messungen 0.060677 Sekunden gebraucht
bei 16 cores haben 1000 Messungen 0.056778 Sekunden gebraucht
Laenge=36
bei 1 cores haben 1000 Messungen 0.149918 Sekunden gebraucht
bei 1 cores haben 1000 Messungen 0.203588 Sekunden gebraucht
bei 1 cores haben 1000 Messungen 0.201306 Sekunden gebraucht
bei 1 cores haben 1000 Messungen 0.146214 Sekunden gebraucht
bei 1 cores haben 1000 Messungen 0.200546 Sekunden gebraucht
bei 1 cores haben 1000 Messungen 0.217774 Sekunden gebraucht
bei 1 cores haben 1000 Messungen 0.203360 Sekunden gebraucht
bei 1 cores haben 1000 Messungen 0.201141 Sekunden gebraucht
bei 1 cores haben 1000 Messungen 0.152131 Sekunden gebraucht
bei 1 cores haben 1000 Messungen 0.145948 Sekunden gebraucht
bei 2 cores haben 1000 Messungen 0.168099 Sekunden gebraucht
bei 2 cores haben 1000 Messungen 0.182262 Sekunden gebraucht
bei 2 cores haben 1000 Messungen 0.165079 Sekunden gebraucht
bei 2 cores haben 1000 Messungen 0.155783 Sekunden gebraucht
bei 2 cores haben 1000 Messungen 0.156076 Sekunden gebraucht
bei 2 cores haben 1000 Messungen 0.133136 Sekunden gebraucht
bei 2 cores haben 1000 Messungen 0.126340 Sekunden gebraucht
bei 2 cores haben 1000 Messungen 0.125998 Sekunden gebraucht
bei 2 cores haben 1000 Messungen 0.126193 Sekunden gebraucht
bei 2 cores haben 1000 Messungen 0.126173 Sekunden gebraucht
bei 3 cores haben 1000 Messungen 0.099851 Sekunden gebraucht
bei 3 cores haben 1000 Messungen 0.100234 Sekunden gebraucht
bei 3 cores haben 1000 Messungen 0.100176 Sekunden gebraucht
bei 3 cores haben 1000 Messungen 0.065796 Sekunden gebraucht
bei 3 cores haben 1000 Messungen 0.095805 Sekunden gebraucht
bei 3 cores haben 1000 Messungen 0.126082 Sekunden gebraucht
bei 3 cores haben 1000 Messungen 0.115287 Sekunden gebraucht
bei 3 cores haben 1000 Messungen 0.107050 Sekunden gebraucht
bei 3 cores haben 1000 Messungen 0.106104 Sekunden gebraucht
bei 3 cores haben 1000 Messungen 0.098757 Sekunden gebraucht
bei 4 cores haben 1000 Messungen 0.103483 Sekunden gebraucht
bei 4 cores haben 1000 Messungen 0.098852 Sekunden gebraucht
bei 4 cores haben 1000 Messungen 0.098106 Sekunden gebraucht
bei 4 cores haben 1000 Messungen 0.058915 Sekunden gebraucht
bei 4 cores haben 1000 Messungen 0.103166 Sekunden gebraucht
bei 4 cores haben 1000 Messungen 0.105306 Sekunden gebraucht
bei 4 cores haben 1000 Messungen 0.092161 Sekunden gebraucht
bei 4 cores haben 1000 Messungen 0.107125 Sekunden gebraucht
bei 4 cores haben 1000 Messungen 0.058296 Sekunden gebraucht
bei 4 cores haben 1000 Messungen 0.084137 Sekunden gebraucht
bei 5 cores haben 1000 Messungen 0.107436 Sekunden gebraucht
bei 5 cores haben 1000 Messungen 0.105729 Sekunden gebraucht
bei 5 cores haben 1000 Messungen 0.104320 Sekunden gebraucht
bei 5 cores haben 1000 Messungen 0.095259 Sekunden gebraucht
bei 5 cores haben 1000 Messungen 0.095704 Sekunden gebraucht
bei 5 cores haben 1000 Messungen 0.100009 Sekunden gebraucht
bei 5 cores haben 1000 Messungen 0.056606 Sekunden gebraucht
bei 5 cores haben 1000 Messungen 0.096829 Sekunden gebraucht
bei 5 cores haben 1000 Messungen 0.065898 Sekunden gebraucht
bei 5 cores haben 1000 Messungen 0.080061 Sekunden gebraucht
bei 6 cores haben 1000 Messungen 0.100152 Sekunden gebraucht
bei 6 cores haben 1000 Messungen 0.109966 Sekunden gebraucht
bei 6 cores haben 1000 Messungen 0.110138 Sekunden gebraucht
bei 6 cores haben 1000 Messungen 0.095544 Sekunden gebraucht
bei 6 cores haben 1000 Messungen 0.105066 Sekunden gebraucht
bei 6 cores haben 1000 Messungen 0.104571 Sekunden gebraucht
bei 6 cores haben 1000 Messungen 0.101344 Sekunden gebraucht
bei 6 cores haben 1000 Messungen 0.105056 Sekunden gebraucht
bei 6 cores haben 1000 Messungen 0.102643 Sekunden gebraucht
bei 6 cores haben 1000 Messungen 0.097952 Sekunden gebraucht
bei 7 cores haben 1000 Messungen 0.106578 Sekunden gebraucht
bei 7 cores haben 1000 Messungen 0.097248 Sekunden gebraucht
bei 7 cores haben 1000 Messungen 0.099999 Sekunden gebraucht
bei 7 cores haben 1000 Messungen 0.056383 Sekunden gebraucht
bei 7 cores haben 1000 Messungen 0.071486 Sekunden gebraucht
bei 7 cores haben 1000 Messungen 0.085385 Sekunden gebraucht
bei 7 cores haben 1000 Messungen 0.093405 Sekunden gebraucht
bei 7 cores haben 1000 Messungen 0.085392 Sekunden gebraucht
bei 7 cores haben 1000 Messungen 0.118148 Sekunden gebraucht
bei 7 cores haben 1000 Messungen 0.101062 Sekunden gebraucht
bei 8 cores haben 1000 Messungen 0.101383 Sekunden gebraucht
bei 8 cores haben 1000 Messungen 0.097218 Sekunden gebraucht
bei 8 cores haben 1000 Messungen 0.103197 Sekunden gebraucht
bei 8 cores haben 1000 Messungen 0.100325 Sekunden gebraucht
bei 8 cores haben 1000 Messungen 0.104442 Sekunden gebraucht
bei 8 cores haben 1000 Messungen 0.094154 Sekunden gebraucht
bei 8 cores haben 1000 Messungen 0.106100 Sekunden gebraucht
bei 8 cores haben 1000 Messungen 0.113535 Sekunden gebraucht
bei 8 cores haben 1000 Messungen 0.107476 Sekunden gebraucht
bei 8 cores haben 1000 Messungen 0.058359 Sekunden gebraucht
bei 9 cores haben 1000 Messungen 0.079342 Sekunden gebraucht
bei 9 cores haben 1000 Messungen 0.082028 Sekunden gebraucht
bei 9 cores haben 1000 Messungen 0.088046 Sekunden gebraucht
bei 9 cores haben 1000 Messungen 0.098098 Sekunden gebraucht
bei 9 cores haben 1000 Messungen 0.100825 Sekunden gebraucht
bei 9 cores haben 1000 Messungen 0.104354 Sekunden gebraucht
bei 9 cores haben 1000 Messungen 0.071387 Sekunden gebraucht
bei 9 cores haben 1000 Messungen 0.080192 Sekunden gebraucht
bei 9 cores haben 1000 Messungen 0.096780 Sekunden gebraucht
bei 9 cores haben 1000 Messungen 0.108307 Sekunden gebraucht
bei 10 cores haben 1000 Messungen 0.116715 Sekunden gebraucht
bei 10 cores haben 1000 Messungen 0.106849 Sekunden gebraucht
bei 10 cores haben 1000 Messungen 0.097822 Sekunden gebraucht
bei 10 cores haben 1000 Messungen 0.112606 Sekunden gebraucht
bei 10 cores haben 1000 Messungen 0.107597 Sekunden gebraucht
bei 10 cores haben 1000 Messungen 0.104103 Sekunden gebraucht
bei 10 cores haben 1000 Messungen 0.105398 Sekunden gebraucht
bei 10 cores haben 1000 Messungen 0.112087 Sekunden gebraucht
bei 10 cores haben 1000 Messungen 0.120398 Sekunden gebraucht
bei 10 cores haben 1000 Messungen 0.102186 Sekunden gebraucht
bei 11 cores haben 1000 Messungen 0.114166 Sekunden gebraucht
bei 11 cores haben 1000 Messungen 0.103866 Sekunden gebraucht
bei 11 cores haben 1000 Messungen 0.101817 Sekunden gebraucht
bei 11 cores haben 1000 Messungen 0.102443 Sekunden gebraucht
bei 11 cores haben 1000 Messungen 0.101891 Sekunden gebraucht
bei 11 cores haben 1000 Messungen 0.102162 Sekunden gebraucht
bei 11 cores haben 1000 Messungen 0.104914 Sekunden gebraucht
bei 11 cores haben 1000 Messungen 0.115098 Sekunden gebraucht
bei 11 cores haben 1000 Messungen 0.104537 Sekunden gebraucht
bei 11 cores haben 1000 Messungen 0.103119 Sekunden gebraucht
bei 12 cores haben 1000 Messungen 0.104598 Sekunden gebraucht
bei 12 cores haben 1000 Messungen 0.101860 Sekunden gebraucht
bei 12 cores haben 1000 Messungen 0.102228 Sekunden gebraucht
bei 12 cores haben 1000 Messungen 0.101254 Sekunden gebraucht
bei 12 cores haben 1000 Messungen 0.102678 Sekunden gebraucht
bei 12 cores haben 1000 Messungen 0.102114 Sekunden gebraucht
bei 12 cores haben 1000 Messungen 0.109597 Sekunden gebraucht
bei 12 cores haben 1000 Messungen 0.111911 Sekunden gebraucht
bei 12 cores haben 1000 Messungen 0.107196 Sekunden gebraucht
bei 12 cores haben 1000 Messungen 0.106120 Sekunden gebraucht
bei 13 cores haben 1000 Messungen 0.103829 Sekunden gebraucht
bei 13 cores haben 1000 Messungen 0.113724 Sekunden gebraucht
bei 13 cores haben 1000 Messungen 0.112508 Sekunden gebraucht
bei 13 cores haben 1000 Messungen 0.110176 Sekunden gebraucht
bei 13 cores haben 1000 Messungen 0.109307 Sekunden gebraucht
bei 13 cores haben 1000 Messungen 0.124427 Sekunden gebraucht
bei 13 cores haben 1000 Messungen 0.110534 Sekunden gebraucht
bei 13 cores haben 1000 Messungen 0.109247 Sekunden gebraucht
bei 13 cores haben 1000 Messungen 0.109565 Sekunden gebraucht
bei 13 cores haben 1000 Messungen 0.109938 Sekunden gebraucht
bei 14 cores haben 1000 Messungen 0.114458 Sekunden gebraucht
bei 14 cores haben 1000 Messungen 0.110651 Sekunden gebraucht
bei 14 cores haben 1000 Messungen 0.110706 Sekunden gebraucht
bei 14 cores haben 1000 Messungen 0.106848 Sekunden gebraucht
bei 14 cores haben 1000 Messungen 0.122035 Sekunden gebraucht
bei 14 cores haben 1000 Messungen 0.113109 Sekunden gebraucht
bei 14 cores haben 1000 Messungen 0.105130 Sekunden gebraucht
bei 14 cores haben 1000 Messungen 0.109000 Sekunden gebraucht
bei 14 cores haben 1000 Messungen 0.105648 Sekunden gebraucht
bei 14 cores haben 1000 Messungen 0.106628 Sekunden gebraucht
bei 15 cores haben 1000 Messungen 0.112028 Sekunden gebraucht
bei 15 cores haben 1000 Messungen 0.116068 Sekunden gebraucht
bei 15 cores haben 1000 Messungen 0.123006 Sekunden gebraucht
bei 15 cores haben 1000 Messungen 0.126139 Sekunden gebraucht
bei 15 cores haben 1000 Messungen 0.116254 Sekunden gebraucht
bei 15 cores haben 1000 Messungen 0.115882 Sekunden gebraucht
bei 15 cores haben 1000 Messungen 0.113184 Sekunden gebraucht
bei 15 cores haben 1000 Messungen 0.113645 Sekunden gebraucht
bei 15 cores haben 1000 Messungen 0.111689 Sekunden gebraucht
bei 15 cores haben 1000 Messungen 0.112207 Sekunden gebraucht
bei 16 cores haben 1000 Messungen 0.116738 Sekunden gebraucht
bei 16 cores haben 1000 Messungen 0.142903 Sekunden gebraucht
bei 16 cores haben 1000 Messungen 0.123060 Sekunden gebraucht
bei 16 cores haben 1000 Messungen 0.116064 Sekunden gebraucht
bei 16 cores haben 1000 Messungen 0.116638 Sekunden gebraucht
bei 16 cores haben 1000 Messungen 0.116996 Sekunden gebraucht
bei 16 cores haben 1000 Messungen 0.116264 Sekunden gebraucht
bei 16 cores haben 1000 Messungen 0.114800 Sekunden gebraucht
bei 16 cores haben 1000 Messungen 0.117523 Sekunden gebraucht
bei 16 cores haben 1000 Messungen 0.122571 Sekunden gebraucht
Laenge=50
bei 1 cores haben 1000 Messungen 0.281561 Sekunden gebraucht
bei 1 cores haben 1000 Messungen 0.336452 Sekunden gebraucht
bei 1 cores haben 1000 Messungen 0.277737 Sekunden gebraucht
bei 1 cores haben 1000 Messungen 0.278052 Sekunden gebraucht
bei 1 cores haben 1000 Messungen 0.278131 Sekunden gebraucht
bei 1 cores haben 1000 Messungen 0.281660 Sekunden gebraucht
bei 1 cores haben 1000 Messungen 0.285436 Sekunden gebraucht
bei 1 cores haben 1000 Messungen 0.278623 Sekunden gebraucht
bei 1 cores haben 1000 Messungen 0.281416 Sekunden gebraucht
bei 1 cores haben 1000 Messungen 0.281296 Sekunden gebraucht
bei 2 cores haben 1000 Messungen 0.245116 Sekunden gebraucht
bei 2 cores haben 1000 Messungen 0.276079 Sekunden gebraucht
bei 2 cores haben 1000 Messungen 0.241823 Sekunden gebraucht
bei 2 cores haben 1000 Messungen 0.231512 Sekunden gebraucht
bei 2 cores haben 1000 Messungen 0.235562 Sekunden gebraucht
bei 2 cores haben 1000 Messungen 0.231287 Sekunden gebraucht
bei 2 cores haben 1000 Messungen 0.231122 Sekunden gebraucht
bei 2 cores haben 1000 Messungen 0.232891 Sekunden gebraucht
bei 2 cores haben 1000 Messungen 0.235682 Sekunden gebraucht
bei 2 cores haben 1000 Messungen 0.231854 Sekunden gebraucht
bei 3 cores haben 1000 Messungen 0.217245 Sekunden gebraucht
bei 3 cores haben 1000 Messungen 0.145522 Sekunden gebraucht
bei 3 cores haben 1000 Messungen 0.229068 Sekunden gebraucht
bei 3 cores haben 1000 Messungen 0.152081 Sekunden gebraucht
bei 3 cores haben 1000 Messungen 0.225383 Sekunden gebraucht
bei 3 cores haben 1000 Messungen 0.207943 Sekunden gebraucht
bei 3 cores haben 1000 Messungen 0.124733 Sekunden gebraucht
bei 3 cores haben 1000 Messungen 0.226979 Sekunden gebraucht
bei 3 cores haben 1000 Messungen 0.201981 Sekunden gebraucht
bei 3 cores haben 1000 Messungen 0.190764 Sekunden gebraucht
bei 4 cores haben 1000 Messungen 0.179919 Sekunden gebraucht
bei 4 cores haben 1000 Messungen 0.172379 Sekunden gebraucht
bei 4 cores haben 1000 Messungen 0.122933 Sekunden gebraucht
bei 4 cores haben 1000 Messungen 0.192862 Sekunden gebraucht
bei 4 cores haben 1000 Messungen 0.187755 Sekunden gebraucht
bei 4 cores haben 1000 Messungen 0.188605 Sekunden gebraucht
bei 4 cores haben 1000 Messungen 0.180890 Sekunden gebraucht
bei 4 cores haben 1000 Messungen 0.177189 Sekunden gebraucht
bei 4 cores haben 1000 Messungen 0.186942 Sekunden gebraucht
bei 4 cores haben 1000 Messungen 0.114162 Sekunden gebraucht
bei 5 cores haben 1000 Messungen 0.197010 Sekunden gebraucht
bei 5 cores haben 1000 Messungen 0.178238 Sekunden gebraucht
bei 5 cores haben 1000 Messungen 0.099539 Sekunden gebraucht
bei 5 cores haben 1000 Messungen 0.169004 Sekunden gebraucht
bei 5 cores haben 1000 Messungen 0.194974 Sekunden gebraucht
bei 5 cores haben 1000 Messungen 0.180645 Sekunden gebraucht
bei 5 cores haben 1000 Messungen 0.193497 Sekunden gebraucht
bei 5 cores haben 1000 Messungen 0.105761 Sekunden gebraucht
bei 5 cores haben 1000 Messungen 0.179970 Sekunden gebraucht
bei 5 cores haben 1000 Messungen 0.127189 Sekunden gebraucht
bei 6 cores haben 1000 Messungen 0.182585 Sekunden gebraucht
bei 6 cores haben 1000 Messungen 0.199159 Sekunden gebraucht
bei 6 cores haben 1000 Messungen 0.180357 Sekunden gebraucht
bei 6 cores haben 1000 Messungen 0.185466 Sekunden gebraucht
bei 6 cores haben 1000 Messungen 0.100613 Sekunden gebraucht
bei 6 cores haben 1000 Messungen 0.154517 Sekunden gebraucht
bei 6 cores haben 1000 Messungen 0.180009 Sekunden gebraucht
bei 6 cores haben 1000 Messungen 0.179065 Sekunden gebraucht
bei 6 cores haben 1000 Messungen 0.189136 Sekunden gebraucht
bei 6 cores haben 1000 Messungen 0.127331 Sekunden gebraucht
bei 7 cores haben 1000 Messungen 0.164141 Sekunden gebraucht
bei 7 cores haben 1000 Messungen 0.178225 Sekunden gebraucht
bei 7 cores haben 1000 Messungen 0.179563 Sekunden gebraucht
bei 7 cores haben 1000 Messungen 0.179627 Sekunden gebraucht
bei 7 cores haben 1000 Messungen 0.202195 Sekunden gebraucht
bei 7 cores haben 1000 Messungen 0.192375 Sekunden gebraucht
bei 7 cores haben 1000 Messungen 0.182187 Sekunden gebraucht
bei 7 cores haben 1000 Messungen 0.184015 Sekunden gebraucht
bei 7 cores haben 1000 Messungen 0.200117 Sekunden gebraucht
bei 7 cores haben 1000 Messungen 0.156239 Sekunden gebraucht
bei 8 cores haben 1000 Messungen 0.187162 Sekunden gebraucht
bei 8 cores haben 1000 Messungen 0.180933 Sekunden gebraucht
bei 8 cores haben 1000 Messungen 0.178678 Sekunden gebraucht
bei 8 cores haben 1000 Messungen 0.186003 Sekunden gebraucht
bei 8 cores haben 1000 Messungen 0.194275 Sekunden gebraucht
bei 8 cores haben 1000 Messungen 0.122065 Sekunden gebraucht
bei 8 cores haben 1000 Messungen 0.145761 Sekunden gebraucht
bei 8 cores haben 1000 Messungen 0.181033 Sekunden gebraucht
bei 8 cores haben 1000 Messungen 0.181765 Sekunden gebraucht
bei 8 cores haben 1000 Messungen 0.188531 Sekunden gebraucht
bei 9 cores haben 1000 Messungen 0.187936 Sekunden gebraucht
bei 9 cores haben 1000 Messungen 0.247299 Sekunden gebraucht
bei 9 cores haben 1000 Messungen 0.177731 Sekunden gebraucht
bei 9 cores haben 1000 Messungen 0.191022 Sekunden gebraucht
bei 9 cores haben 1000 Messungen 0.187938 Sekunden gebraucht
bei 9 cores haben 1000 Messungen 0.261703 Sekunden gebraucht
bei 9 cores haben 1000 Messungen 0.183527 Sekunden gebraucht
bei 9 cores haben 1000 Messungen 0.201705 Sekunden gebraucht
bei 9 cores haben 1000 Messungen 0.187176 Sekunden gebraucht
bei 9 cores haben 1000 Messungen 0.195539 Sekunden gebraucht
bei 10 cores haben 1000 Messungen 0.190904 Sekunden gebraucht
bei 10 cores haben 1000 Messungen 0.196697 Sekunden gebraucht
bei 10 cores haben 1000 Messungen 0.510414 Sekunden gebraucht
bei 10 cores haben 1000 Messungen 0.175507 Sekunden gebraucht
bei 10 cores haben 1000 Messungen 0.204540 Sekunden gebraucht
bei 10 cores haben 1000 Messungen 0.188064 Sekunden gebraucht
bei 10 cores haben 1000 Messungen 0.184553 Sekunden gebraucht
bei 10 cores haben 1000 Messungen 0.191260 Sekunden gebraucht
bei 10 cores haben 1000 Messungen 0.179746 Sekunden gebraucht
bei 10 cores haben 1000 Messungen 0.204383 Sekunden gebraucht
bei 11 cores haben 1000 Messungen 0.187309 Sekunden gebraucht
bei 11 cores haben 1000 Messungen 0.187643 Sekunden gebraucht
bei 11 cores haben 1000 Messungen 0.195042 Sekunden gebraucht
bei 11 cores haben 1000 Messungen 0.447981 Sekunden gebraucht
bei 11 cores haben 1000 Messungen 0.175757 Sekunden gebraucht
bei 11 cores haben 1000 Messungen 0.182503 Sekunden gebraucht
bei 11 cores haben 1000 Messungen 0.195922 Sekunden gebraucht
bei 11 cores haben 1000 Messungen 0.179725 Sekunden gebraucht
bei 11 cores haben 1000 Messungen 0.322416 Sekunden gebraucht
bei 11 cores haben 1000 Messungen 0.188185 Sekunden gebraucht
bei 12 cores haben 1000 Messungen 0.198849 Sekunden gebraucht
bei 12 cores haben 1000 Messungen 0.187741 Sekunden gebraucht
bei 12 cores haben 1000 Messungen 0.194742 Sekunden gebraucht
bei 12 cores haben 1000 Messungen 0.205390 Sekunden gebraucht
bei 12 cores haben 1000 Messungen 0.193307 Sekunden gebraucht
bei 12 cores haben 1000 Messungen 0.190641 Sekunden gebraucht
bei 12 cores haben 1000 Messungen 0.190307 Sekunden gebraucht
bei 12 cores haben 1000 Messungen 0.195246 Sekunden gebraucht
bei 12 cores haben 1000 Messungen 0.663484 Sekunden gebraucht
bei 12 cores haben 1000 Messungen 0.194142 Sekunden gebraucht
bei 13 cores haben 1000 Messungen 0.204947 Sekunden gebraucht
bei 13 cores haben 1000 Messungen 0.426936 Sekunden gebraucht
bei 13 cores haben 1000 Messungen 0.188221 Sekunden gebraucht
bei 13 cores haben 1000 Messungen 0.196773 Sekunden gebraucht
bei 13 cores haben 1000 Messungen 0.200054 Sekunden gebraucht
bei 13 cores haben 1000 Messungen 0.203360 Sekunden gebraucht
bei 13 cores haben 1000 Messungen 0.205430 Sekunden gebraucht
bei 13 cores haben 1000 Messungen 0.192254 Sekunden gebraucht
bei 13 cores haben 1000 Messungen 0.189926 Sekunden gebraucht
bei 13 cores haben 1000 Messungen 0.209021 Sekunden gebraucht
bei 14 cores haben 1000 Messungen 0.258654 Sekunden gebraucht
bei 14 cores haben 1000 Messungen 0.195765 Sekunden gebraucht
bei 14 cores haben 1000 Messungen 0.195682 Sekunden gebraucht
bei 14 cores haben 1000 Messungen 0.188715 Sekunden gebraucht
bei 14 cores haben 1000 Messungen 0.219682 Sekunden gebraucht
bei 14 cores haben 1000 Messungen 0.185293 Sekunden gebraucht
bei 14 cores haben 1000 Messungen 0.193076 Sekunden gebraucht
bei 14 cores haben 1000 Messungen 0.194834 Sekunden gebraucht
bei 14 cores haben 1000 Messungen 0.199097 Sekunden gebraucht
bei 14 cores haben 1000 Messungen 0.199079 Sekunden gebraucht
bei 15 cores haben 1000 Messungen 0.207191 Sekunden gebraucht
bei 15 cores haben 1000 Messungen 0.186505 Sekunden gebraucht
bei 15 cores haben 1000 Messungen 0.187180 Sekunden gebraucht
bei 15 cores haben 1000 Messungen 0.190374 Sekunden gebraucht
bei 15 cores haben 1000 Messungen 0.220438 Sekunden gebraucht
bei 15 cores haben 1000 Messungen 0.196776 Sekunden gebraucht
bei 15 cores haben 1000 Messungen 0.194943 Sekunden gebraucht
bei 15 cores haben 1000 Messungen 0.196524 Sekunden gebraucht
bei 15 cores haben 1000 Messungen 0.196338 Sekunden gebraucht
bei 15 cores haben 1000 Messungen 0.199889 Sekunden gebraucht
bei 16 cores haben 1000 Messungen 0.221042 Sekunden gebraucht
bei 16 cores haben 1000 Messungen 0.202331 Sekunden gebraucht
bei 16 cores haben 1000 Messungen 0.201632 Sekunden gebraucht
bei 16 cores haben 1000 Messungen 0.200450 Sekunden gebraucht
bei 16 cores haben 1000 Messungen 0.219091 Sekunden gebraucht
bei 16 cores haben 1000 Messungen 0.537725 Sekunden gebraucht
bei 16 cores haben 1000 Messungen 0.202516 Sekunden gebraucht
bei 16 cores haben 1000 Messungen 0.214114 Sekunden gebraucht
bei 16 cores haben 1000 Messungen 0.213569 Sekunden gebraucht
bei 16 cores haben 1000 Messungen 0.199340 Sekunden gebraucht
Laenge=100
bei 1 cores haben 1000 Messungen 1.174865 Sekunden gebraucht
bei 1 cores haben 1000 Messungen 1.338512 Sekunden gebraucht
bei 1 cores haben 1000 Messungen 1.312450 Sekunden gebraucht
bei 1 cores haben 1000 Messungen 1.266759 Sekunden gebraucht
bei 1 cores haben 1000 Messungen 1.164432 Sekunden gebraucht
bei 1 cores haben 1000 Messungen 1.162513 Sekunden gebraucht
bei 1 cores haben 1000 Messungen 1.107130 Sekunden gebraucht
bei 1 cores haben 1000 Messungen 1.163225 Sekunden gebraucht
bei 1 cores haben 1000 Messungen 1.106218 Sekunden gebraucht
bei 1 cores haben 1000 Messungen 1.102197 Sekunden gebraucht
bei 2 cores haben 1000 Messungen 1.018487 Sekunden gebraucht
bei 2 cores haben 1000 Messungen 0.924350 Sekunden gebraucht
bei 2 cores haben 1000 Messungen 0.926828 Sekunden gebraucht
bei 2 cores haben 1000 Messungen 0.928404 Sekunden gebraucht
bei 2 cores haben 1000 Messungen 0.932586 Sekunden gebraucht
bei 2 cores haben 1000 Messungen 0.927536 Sekunden gebraucht
bei 2 cores haben 1000 Messungen 0.928288 Sekunden gebraucht
bei 2 cores haben 1000 Messungen 0.931514 Sekunden gebraucht
bei 2 cores haben 1000 Messungen 0.934222 Sekunden gebraucht
bei 2 cores haben 1000 Messungen 0.929132 Sekunden gebraucht
bei 3 cores haben 1000 Messungen 0.771077 Sekunden gebraucht
bei 3 cores haben 1000 Messungen 0.771436 Sekunden gebraucht
bei 3 cores haben 1000 Messungen 0.697666 Sekunden gebraucht
bei 3 cores haben 1000 Messungen 0.727151 Sekunden gebraucht
bei 3 cores haben 1000 Messungen 0.773759 Sekunden gebraucht
bei 3 cores haben 1000 Messungen 0.748590 Sekunden gebraucht
bei 3 cores haben 1000 Messungen 0.750790 Sekunden gebraucht
bei 3 cores haben 1000 Messungen 0.746885 Sekunden gebraucht
bei 3 cores haben 1000 Messungen 0.874143 Sekunden gebraucht
bei 3 cores haben 1000 Messungen 0.775354 Sekunden gebraucht
bei 4 cores haben 1000 Messungen 0.731927 Sekunden gebraucht
bei 4 cores haben 1000 Messungen 0.689699 Sekunden gebraucht
bei 4 cores haben 1000 Messungen 0.714679 Sekunden gebraucht
bei 4 cores haben 1000 Messungen 0.726656 Sekunden gebraucht
bei 4 cores haben 1000 Messungen 0.686551 Sekunden gebraucht
bei 4 cores haben 1000 Messungen 0.694205 Sekunden gebraucht
bei 4 cores haben 1000 Messungen 0.709268 Sekunden gebraucht
bei 4 cores haben 1000 Messungen 0.684979 Sekunden gebraucht
bei 4 cores haben 1000 Messungen 0.706910 Sekunden gebraucht
bei 4 cores haben 1000 Messungen 0.772166 Sekunden gebraucht
bei 5 cores haben 1000 Messungen 0.724037 Sekunden gebraucht
bei 5 cores haben 1000 Messungen 0.622075 Sekunden gebraucht
bei 5 cores haben 1000 Messungen 0.726585 Sekunden gebraucht
bei 5 cores haben 1000 Messungen 0.727850 Sekunden gebraucht
bei 5 cores haben 1000 Messungen 0.735818 Sekunden gebraucht
bei 5 cores haben 1000 Messungen 0.709218 Sekunden gebraucht
bei 5 cores haben 1000 Messungen 0.683441 Sekunden gebraucht
bei 5 cores haben 1000 Messungen 0.690121 Sekunden gebraucht
bei 5 cores haben 1000 Messungen 0.695997 Sekunden gebraucht
bei 5 cores haben 1000 Messungen 0.721684 Sekunden gebraucht
bei 6 cores haben 1000 Messungen 0.670203 Sekunden gebraucht
bei 6 cores haben 1000 Messungen 0.680499 Sekunden gebraucht
bei 6 cores haben 1000 Messungen 0.709560 Sekunden gebraucht
bei 6 cores haben 1000 Messungen 0.706638 Sekunden gebraucht
bei 6 cores haben 1000 Messungen 0.691283 Sekunden gebraucht
bei 6 cores haben 1000 Messungen 0.738478 Sekunden gebraucht
bei 6 cores haben 1000 Messungen 0.721484 Sekunden gebraucht
bei 6 cores haben 1000 Messungen 0.720521 Sekunden gebraucht
bei 6 cores haben 1000 Messungen 0.689764 Sekunden gebraucht
bei 6 cores haben 1000 Messungen 0.735262 Sekunden gebraucht
bei 7 cores haben 1000 Messungen 0.700738 Sekunden gebraucht
bei 7 cores haben 1000 Messungen 0.722189 Sekunden gebraucht
bei 7 cores haben 1000 Messungen 0.721493 Sekunden gebraucht
bei 7 cores haben 1000 Messungen 0.727295 Sekunden gebraucht
bei 7 cores haben 1000 Messungen 0.714856 Sekunden gebraucht
bei 7 cores haben 1000 Messungen 0.710613 Sekunden gebraucht
bei 7 cores haben 1000 Messungen 0.710426 Sekunden gebraucht
bei 7 cores haben 1000 Messungen 0.705337 Sekunden gebraucht
bei 7 cores haben 1000 Messungen 0.730872 Sekunden gebraucht
bei 7 cores haben 1000 Messungen 0.745413 Sekunden gebraucht
bei 8 cores haben 1000 Messungen 0.697388 Sekunden gebraucht
bei 8 cores haben 1000 Messungen 0.716785 Sekunden gebraucht
bei 8 cores haben 1000 Messungen 0.741518 Sekunden gebraucht
bei 8 cores haben 1000 Messungen 0.748331 Sekunden gebraucht
bei 8 cores haben 1000 Messungen 0.659878 Sekunden gebraucht
bei 8 cores haben 1000 Messungen 0.702931 Sekunden gebraucht
bei 8 cores haben 1000 Messungen 0.711457 Sekunden gebraucht
bei 8 cores haben 1000 Messungen 0.727029 Sekunden gebraucht
bei 8 cores haben 1000 Messungen 0.726037 Sekunden gebraucht
bei 8 cores haben 1000 Messungen 0.707931 Sekunden gebraucht
bei 9 cores haben 1000 Messungen 0.657008 Sekunden gebraucht
bei 9 cores haben 1000 Messungen 0.743825 Sekunden gebraucht
bei 9 cores haben 1000 Messungen 0.732595 Sekunden gebraucht
bei 9 cores haben 1000 Messungen 0.725068 Sekunden gebraucht
bei 9 cores haben 1000 Messungen 0.743159 Sekunden gebraucht
bei 9 cores haben 1000 Messungen 0.732226 Sekunden gebraucht
bei 9 cores haben 1000 Messungen 0.736453 Sekunden gebraucht
bei 9 cores haben 1000 Messungen 0.992986 Sekunden gebraucht
bei 9 cores haben 1000 Messungen 0.751269 Sekunden gebraucht
bei 9 cores haben 1000 Messungen 0.754452 Sekunden gebraucht
bei 10 cores haben 1000 Messungen 0.756563 Sekunden gebraucht
bei 10 cores haben 1000 Messungen 0.757730 Sekunden gebraucht
bei 10 cores haben 1000 Messungen 0.748705 Sekunden gebraucht
bei 10 cores haben 1000 Messungen 0.719540 Sekunden gebraucht
bei 10 cores haben 1000 Messungen 0.717738 Sekunden gebraucht
bei 10 cores haben 1000 Messungen 0.723914 Sekunden gebraucht
bei 10 cores haben 1000 Messungen 0.735872 Sekunden gebraucht
bei 10 cores haben 1000 Messungen 1.243497 Sekunden gebraucht
bei 10 cores haben 1000 Messungen 0.737153 Sekunden gebraucht
bei 10 cores haben 1000 Messungen 0.801103 Sekunden gebraucht
bei 11 cores haben 1000 Messungen 0.727340 Sekunden gebraucht
bei 11 cores haben 1000 Messungen 0.720279 Sekunden gebraucht
bei 11 cores haben 1000 Messungen 0.727898 Sekunden gebraucht
bei 11 cores haben 1000 Messungen 0.746316 Sekunden gebraucht
bei 11 cores haben 1000 Messungen 0.734145 Sekunden gebraucht
bei 11 cores haben 1000 Messungen 0.729326 Sekunden gebraucht
bei 11 cores haben 1000 Messungen 0.728423 Sekunden gebraucht
bei 11 cores haben 1000 Messungen 0.760566 Sekunden gebraucht
bei 11 cores haben 1000 Messungen 0.739097 Sekunden gebraucht
bei 11 cores haben 1000 Messungen 0.718586 Sekunden gebraucht
bei 12 cores haben 1000 Messungen 0.736785 Sekunden gebraucht
bei 12 cores haben 1000 Messungen 0.745113 Sekunden gebraucht
bei 12 cores haben 1000 Messungen 0.742332 Sekunden gebraucht
bei 12 cores haben 1000 Messungen 0.727074 Sekunden gebraucht
bei 12 cores haben 1000 Messungen 0.735284 Sekunden gebraucht
bei 12 cores haben 1000 Messungen 0.745660 Sekunden gebraucht
bei 12 cores haben 1000 Messungen 0.743587 Sekunden gebraucht
bei 12 cores haben 1000 Messungen 0.732047 Sekunden gebraucht
bei 12 cores haben 1000 Messungen 0.756499 Sekunden gebraucht
bei 12 cores haben 1000 Messungen 0.888971 Sekunden gebraucht
bei 13 cores haben 1000 Messungen 0.752463 Sekunden gebraucht
bei 13 cores haben 1000 Messungen 0.728260 Sekunden gebraucht
bei 13 cores haben 1000 Messungen 0.738681 Sekunden gebraucht
bei 13 cores haben 1000 Messungen 0.751810 Sekunden gebraucht
bei 13 cores haben 1000 Messungen 0.751049 Sekunden gebraucht
bei 13 cores haben 1000 Messungen 0.736487 Sekunden gebraucht
bei 13 cores haben 1000 Messungen 0.756619 Sekunden gebraucht
bei 13 cores haben 1000 Messungen 0.750037 Sekunden gebraucht
bei 13 cores haben 1000 Messungen 0.741474 Sekunden gebraucht
bei 13 cores haben 1000 Messungen 0.739527 Sekunden gebraucht
bei 14 cores haben 1000 Messungen 0.754574 Sekunden gebraucht
bei 14 cores haben 1000 Messungen 0.761664 Sekunden gebraucht
bei 14 cores haben 1000 Messungen 0.764669 Sekunden gebraucht
bei 14 cores haben 1000 Messungen 0.737855 Sekunden gebraucht
bei 14 cores haben 1000 Messungen 0.748820 Sekunden gebraucht
bei 14 cores haben 1000 Messungen 1.036062 Sekunden gebraucht
bei 14 cores haben 1000 Messungen 0.746447 Sekunden gebraucht
bei 14 cores haben 1000 Messungen 0.733661 Sekunden gebraucht
bei 14 cores haben 1000 Messungen 0.757918 Sekunden gebraucht
bei 14 cores haben 1000 Messungen 0.745803 Sekunden gebraucht
bei 15 cores haben 1000 Messungen 0.781578 Sekunden gebraucht
bei 15 cores haben 1000 Messungen 0.770009 Sekunden gebraucht
bei 15 cores haben 1000 Messungen 0.757674 Sekunden gebraucht
bei 15 cores haben 1000 Messungen 0.756230 Sekunden gebraucht
bei 15 cores haben 1000 Messungen 0.753929 Sekunden gebraucht
bei 15 cores haben 1000 Messungen 0.774939 Sekunden gebraucht
bei 15 cores haben 1000 Messungen 0.751943 Sekunden gebraucht
bei 15 cores haben 1000 Messungen 0.741991 Sekunden gebraucht
bei 15 cores haben 1000 Messungen 0.771510 Sekunden gebraucht
bei 15 cores haben 1000 Messungen 0.746594 Sekunden gebraucht
bei 16 cores haben 1000 Messungen 0.770365 Sekunden gebraucht
bei 16 cores haben 1000 Messungen 0.754987 Sekunden gebraucht
bei 16 cores haben 1000 Messungen 0.755872 Sekunden gebraucht
bei 16 cores haben 1000 Messungen 0.770529 Sekunden gebraucht
bei 16 cores haben 1000 Messungen 0.766557 Sekunden gebraucht
bei 16 cores haben 1000 Messungen 0.767193 Sekunden gebraucht
bei 16 cores haben 1000 Messungen 0.767786 Sekunden gebraucht
bei 16 cores haben 1000 Messungen 0.765852 Sekunden gebraucht
bei 16 cores haben 1000 Messungen 0.770640 Sekunden gebraucht
bei 16 cores haben 1000 Messungen 0.771269 Sekunden gebraucht
Laenge=200
bei 1 cores haben 1000 Messungen 4.807218 Sekunden gebraucht
bei 1 cores haben 1000 Messungen 4.416813 Sekunden gebraucht
bei 1 cores haben 1000 Messungen 4.737722 Sekunden gebraucht
bei 1 cores haben 1000 Messungen 4.473093 Sekunden gebraucht
bei 1 cores haben 1000 Messungen 4.471814 Sekunden gebraucht
bei 1 cores haben 1000 Messungen 4.481200 Sekunden gebraucht
bei 1 cores haben 1000 Messungen 4.471553 Sekunden gebraucht
bei 1 cores haben 1000 Messungen 4.486142 Sekunden gebraucht
bei 1 cores haben 1000 Messungen 4.419497 Sekunden gebraucht
bei 1 cores haben 1000 Messungen 4.584875 Sekunden gebraucht
bei 2 cores haben 1000 Messungen 3.668326 Sekunden gebraucht
bei 2 cores haben 1000 Messungen 3.688422 Sekunden gebraucht
bei 2 cores haben 1000 Messungen 3.789338 Sekunden gebraucht
bei 2 cores haben 1000 Messungen 3.591683 Sekunden gebraucht
bei 2 cores haben 1000 Messungen 3.648140 Sekunden gebraucht
bei 2 cores haben 1000 Messungen 4.003546 Sekunden gebraucht
bei 2 cores haben 1000 Messungen 3.673575 Sekunden gebraucht
bei 2 cores haben 1000 Messungen 3.921273 Sekunden gebraucht
bei 2 cores haben 1000 Messungen 3.711032 Sekunden gebraucht
bei 2 cores haben 1000 Messungen 3.720865 Sekunden gebraucht
bei 3 cores haben 1000 Messungen 3.209846 Sekunden gebraucht
bei 3 cores haben 1000 Messungen 3.030325 Sekunden gebraucht
bei 3 cores haben 1000 Messungen 3.140416 Sekunden gebraucht
bei 3 cores haben 1000 Messungen 3.068626 Sekunden gebraucht
bei 3 cores haben 1000 Messungen 2.961938 Sekunden gebraucht
bei 3 cores haben 1000 Messungen 2.948283 Sekunden gebraucht
bei 3 cores haben 1000 Messungen 3.110253 Sekunden gebraucht
bei 3 cores haben 1000 Messungen 3.021570 Sekunden gebraucht
bei 3 cores haben 1000 Messungen 2.964268 Sekunden gebraucht
bei 3 cores haben 1000 Messungen 2.964916 Sekunden gebraucht
bei 4 cores haben 1000 Messungen 2.764040 Sekunden gebraucht
bei 4 cores haben 1000 Messungen 2.790000 Sekunden gebraucht
bei 4 cores haben 1000 Messungen 2.773520 Sekunden gebraucht
bei 4 cores haben 1000 Messungen 2.838483 Sekunden gebraucht
bei 4 cores haben 1000 Messungen 2.850050 Sekunden gebraucht
bei 4 cores haben 1000 Messungen 2.744918 Sekunden gebraucht
bei 4 cores haben 1000 Messungen 2.845130 Sekunden gebraucht
bei 4 cores haben 1000 Messungen 2.835720 Sekunden gebraucht
bei 4 cores haben 1000 Messungen 2.832057 Sekunden gebraucht
bei 4 cores haben 1000 Messungen 2.814233 Sekunden gebraucht
bei 5 cores haben 1000 Messungen 2.767723 Sekunden gebraucht
bei 5 cores haben 1000 Messungen 2.734743 Sekunden gebraucht
bei 5 cores haben 1000 Messungen 2.862139 Sekunden gebraucht
bei 5 cores haben 1000 Messungen 2.786672 Sekunden gebraucht
bei 5 cores haben 1000 Messungen 2.924775 Sekunden gebraucht
bei 5 cores haben 1000 Messungen 2.866101 Sekunden gebraucht
bei 5 cores haben 1000 Messungen 2.803878 Sekunden gebraucht
bei 5 cores haben 1000 Messungen 2.874705 Sekunden gebraucht
bei 5 cores haben 1000 Messungen 2.830239 Sekunden gebraucht
bei 5 cores haben 1000 Messungen 2.858773 Sekunden gebraucht
bei 6 cores haben 1000 Messungen 2.592379 Sekunden gebraucht
bei 6 cores haben 1000 Messungen 2.825309 Sekunden gebraucht
bei 6 cores haben 1000 Messungen 2.755006 Sekunden gebraucht
bei 6 cores haben 1000 Messungen 2.745776 Sekunden gebraucht
bei 6 cores haben 1000 Messungen 2.678610 Sekunden gebraucht
bei 6 cores haben 1000 Messungen 2.802703 Sekunden gebraucht
bei 6 cores haben 1000 Messungen 2.669549 Sekunden gebraucht
bei 6 cores haben 1000 Messungen 2.690934 Sekunden gebraucht
bei 6 cores haben 1000 Messungen 2.660650 Sekunden gebraucht
bei 6 cores haben 1000 Messungen 2.724958 Sekunden gebraucht
bei 7 cores haben 1000 Messungen 2.895810 Sekunden gebraucht
bei 7 cores haben 1000 Messungen 2.840056 Sekunden gebraucht
bei 7 cores haben 1000 Messungen 2.843401 Sekunden gebraucht
bei 7 cores haben 1000 Messungen 2.806290 Sekunden gebraucht
bei 7 cores haben 1000 Messungen 2.821599 Sekunden gebraucht
bei 7 cores haben 1000 Messungen 2.832572 Sekunden gebraucht
bei 7 cores haben 1000 Messungen 2.870795 Sekunden gebraucht
bei 7 cores haben 1000 Messungen 2.873377 Sekunden gebraucht
bei 7 cores haben 1000 Messungen 2.837085 Sekunden gebraucht
bei 7 cores haben 1000 Messungen 2.911559 Sekunden gebraucht
bei 8 cores haben 1000 Messungen 2.671226 Sekunden gebraucht
bei 8 cores haben 1000 Messungen 2.860963 Sekunden gebraucht
bei 8 cores haben 1000 Messungen 2.744635 Sekunden gebraucht
bei 8 cores haben 1000 Messungen 2.827253 Sekunden gebraucht
bei 8 cores haben 1000 Messungen 2.979359 Sekunden gebraucht
bei 8 cores haben 1000 Messungen 2.953240 Sekunden gebraucht
bei 8 cores haben 1000 Messungen 2.983939 Sekunden gebraucht
bei 8 cores haben 1000 Messungen 2.787941 Sekunden gebraucht
bei 8 cores haben 1000 Messungen 2.828364 Sekunden gebraucht
bei 8 cores haben 1000 Messungen 2.793650 Sekunden gebraucht
bei 9 cores haben 1000 Messungen 2.828924 Sekunden gebraucht
bei 9 cores haben 1000 Messungen 2.910394 Sekunden gebraucht
bei 9 cores haben 1000 Messungen 2.901353 Sekunden gebraucht
bei 9 cores haben 1000 Messungen 2.908685 Sekunden gebraucht
bei 9 cores haben 1000 Messungen 2.961155 Sekunden gebraucht
bei 9 cores haben 1000 Messungen 2.873775 Sekunden gebraucht
bei 9 cores haben 1000 Messungen 2.948192 Sekunden gebraucht
bei 9 cores haben 1000 Messungen 2.922149 Sekunden gebraucht
bei 9 cores haben 1000 Messungen 2.955860 Sekunden gebraucht
bei 9 cores haben 1000 Messungen 3.258765 Sekunden gebraucht
bei 10 cores haben 1000 Messungen 2.900900 Sekunden gebraucht
bei 10 cores haben 1000 Messungen 2.856134 Sekunden gebraucht
bei 10 cores haben 1000 Messungen 2.947778 Sekunden gebraucht
bei 10 cores haben 1000 Messungen 2.912786 Sekunden gebraucht
bei 10 cores haben 1000 Messungen 2.874437 Sekunden gebraucht
bei 10 cores haben 1000 Messungen 2.883768 Sekunden gebraucht
bei 10 cores haben 1000 Messungen 2.863372 Sekunden gebraucht
bei 10 cores haben 1000 Messungen 2.911835 Sekunden gebraucht
bei 10 cores haben 1000 Messungen 2.894296 Sekunden gebraucht
bei 10 cores haben 1000 Messungen 2.907546 Sekunden gebraucht
bei 11 cores haben 1000 Messungen 2.874187 Sekunden gebraucht
bei 11 cores haben 1000 Messungen 2.928320 Sekunden gebraucht
bei 11 cores haben 1000 Messungen 2.855947 Sekunden gebraucht
bei 11 cores haben 1000 Messungen 2.889624 Sekunden gebraucht
bei 11 cores haben 1000 Messungen 2.946676 Sekunden gebraucht
bei 11 cores haben 1000 Messungen 3.024148 Sekunden gebraucht
bei 11 cores haben 1000 Messungen 2.922222 Sekunden gebraucht
bei 11 cores haben 1000 Messungen 2.897868 Sekunden gebraucht
bei 11 cores haben 1000 Messungen 3.071251 Sekunden gebraucht
bei 11 cores haben 1000 Messungen 2.878725 Sekunden gebraucht
bei 12 cores haben 1000 Messungen 2.882896 Sekunden gebraucht
bei 12 cores haben 1000 Messungen 3.071911 Sekunden gebraucht
bei 12 cores haben 1000 Messungen 2.932722 Sekunden gebraucht
bei 12 cores haben 1000 Messungen 2.896909 Sekunden gebraucht
bei 12 cores haben 1000 Messungen 2.878870 Sekunden gebraucht
bei 12 cores haben 1000 Messungen 2.878371 Sekunden gebraucht
bei 12 cores haben 1000 Messungen 2.883480 Sekunden gebraucht
bei 12 cores haben 1000 Messungen 2.885859 Sekunden gebraucht
bei 12 cores haben 1000 Messungen 2.922026 Sekunden gebraucht
bei 12 cores haben 1000 Messungen 2.918317 Sekunden gebraucht
bei 13 cores haben 1000 Messungen 3.150122 Sekunden gebraucht
bei 13 cores haben 1000 Messungen 2.941804 Sekunden gebraucht
bei 13 cores haben 1000 Messungen 2.926091 Sekunden gebraucht
bei 13 cores haben 1000 Messungen 3.023239 Sekunden gebraucht
bei 13 cores haben 1000 Messungen 2.919065 Sekunden gebraucht
bei 13 cores haben 1000 Messungen 2.967582 Sekunden gebraucht
bei 13 cores haben 1000 Messungen 2.935975 Sekunden gebraucht
bei 13 cores haben 1000 Messungen 2.956935 Sekunden gebraucht
bei 13 cores haben 1000 Messungen 2.958535 Sekunden gebraucht
bei 13 cores haben 1000 Messungen 2.967901 Sekunden gebraucht
bei 14 cores haben 1000 Messungen 2.981279 Sekunden gebraucht
bei 14 cores haben 1000 Messungen 2.982720 Sekunden gebraucht
bei 14 cores haben 1000 Messungen 2.996786 Sekunden gebraucht
bei 14 cores haben 1000 Messungen 3.065711 Sekunden gebraucht
bei 14 cores haben 1000 Messungen 3.012457 Sekunden gebraucht
bei 14 cores haben 1000 Messungen 2.995497 Sekunden gebraucht
bei 14 cores haben 1000 Messungen 2.982546 Sekunden gebraucht
bei 14 cores haben 1000 Messungen 2.981959 Sekunden gebraucht
bei 14 cores haben 1000 Messungen 2.991005 Sekunden gebraucht
bei 14 cores haben 1000 Messungen 2.987564 Sekunden gebraucht
bei 15 cores haben 1000 Messungen 2.953736 Sekunden gebraucht
bei 15 cores haben 1000 Messungen 2.949786 Sekunden gebraucht
bei 15 cores haben 1000 Messungen 2.977244 Sekunden gebraucht
bei 15 cores haben 1000 Messungen 2.979990 Sekunden gebraucht
bei 15 cores haben 1000 Messungen 2.975869 Sekunden gebraucht
bei 15 cores haben 1000 Messungen 2.997409 Sekunden gebraucht
bei 15 cores haben 1000 Messungen 2.972813 Sekunden gebraucht
bei 15 cores haben 1000 Messungen 2.982364 Sekunden gebraucht
bei 15 cores haben 1000 Messungen 2.990806 Sekunden gebraucht
bei 15 cores haben 1000 Messungen 2.993165 Sekunden gebraucht
bei 16 cores haben 1000 Messungen 2.994050 Sekunden gebraucht
bei 16 cores haben 1000 Messungen 2.969562 Sekunden gebraucht
bei 16 cores haben 1000 Messungen 2.971529 Sekunden gebraucht
bei 16 cores haben 1000 Messungen 2.970242 Sekunden gebraucht
bei 16 cores haben 1000 Messungen 2.978410 Sekunden gebraucht
bei 16 cores haben 1000 Messungen 2.977602 Sekunden gebraucht
bei 16 cores haben 1000 Messungen 2.978205 Sekunden gebraucht
bei 16 cores haben 1000 Messungen 2.966667 Sekunden gebraucht
bei 16 cores haben 1000 Messungen 2.987516 Sekunden gebraucht
bei 16 cores haben 1000 Messungen 2.969781 Sekunden gebraucht
Laenge=500
bei 1 cores haben 1000 Messungen 27.447169 Sekunden gebraucht
bei 1 cores haben 1000 Messungen 27.234771 Sekunden gebraucht
bei 1 cores haben 1000 Messungen 27.326010 Sekunden gebraucht
bei 1 cores haben 1000 Messungen 27.359872 Sekunden gebraucht
bei 1 cores haben 1000 Messungen 27.688010 Sekunden gebraucht
bei 1 cores haben 1000 Messungen 27.730744 Sekunden gebraucht
bei 1 cores haben 1000 Messungen 27.722992 Sekunden gebraucht
bei 1 cores haben 1000 Messungen 27.324156 Sekunden gebraucht
bei 1 cores haben 1000 Messungen 27.480523 Sekunden gebraucht
bei 1 cores haben 1000 Messungen 27.370454 Sekunden gebraucht
bei 2 cores haben 1000 Messungen 22.718420 Sekunden gebraucht
bei 2 cores haben 1000 Messungen 22.808235 Sekunden gebraucht
bei 2 cores haben 1000 Messungen 23.365589 Sekunden gebraucht
bei 2 cores haben 1000 Messungen 23.057721 Sekunden gebraucht
bei 2 cores haben 1000 Messungen 22.660062 Sekunden gebraucht
bei 2 cores haben 1000 Messungen 22.711998 Sekunden gebraucht
bei 2 cores haben 1000 Messungen 22.821024 Sekunden gebraucht
bei 2 cores haben 1000 Messungen 22.803664 Sekunden gebraucht
bei 2 cores haben 1000 Messungen 22.704022 Sekunden gebraucht
bei 2 cores haben 1000 Messungen 23.327022 Sekunden gebraucht
bei 3 cores haben 1000 Messungen 18.924958 Sekunden gebraucht
bei 3 cores haben 1000 Messungen 19.037449 Sekunden gebraucht
bei 3 cores haben 1000 Messungen 19.103761 Sekunden gebraucht
bei 3 cores haben 1000 Messungen 18.689808 Sekunden gebraucht
bei 3 cores haben 1000 Messungen 18.795471 Sekunden gebraucht
bei 3 cores haben 1000 Messungen 18.887477 Sekunden gebraucht
bei 3 cores haben 1000 Messungen 18.406042 Sekunden gebraucht
bei 3 cores haben 1000 Messungen 18.723364 Sekunden gebraucht
bei 3 cores haben 1000 Messungen 19.194253 Sekunden gebraucht
bei 3 cores haben 1000 Messungen 18.916886 Sekunden gebraucht
bei 4 cores haben 1000 Messungen 17.566571 Sekunden gebraucht
bei 4 cores haben 1000 Messungen 17.106848 Sekunden gebraucht
bei 4 cores haben 1000 Messungen 17.630705 Sekunden gebraucht
bei 4 cores haben 1000 Messungen 17.050929 Sekunden gebraucht
bei 4 cores haben 1000 Messungen 17.498663 Sekunden gebraucht
bei 4 cores haben 1000 Messungen 17.031639 Sekunden gebraucht
bei 4 cores haben 1000 Messungen 17.561592 Sekunden gebraucht
bei 4 cores haben 1000 Messungen 17.520864 Sekunden gebraucht
bei 4 cores haben 1000 Messungen 17.300037 Sekunden gebraucht
bei 4 cores haben 1000 Messungen 17.218342 Sekunden gebraucht
bei 5 cores haben 1000 Messungen 17.168674 Sekunden gebraucht
bei 5 cores haben 1000 Messungen 17.306818 Sekunden gebraucht
bei 5 cores haben 1000 Messungen 17.265177 Sekunden gebraucht
bei 5 cores haben 1000 Messungen 17.572631 Sekunden gebraucht
bei 5 cores haben 1000 Messungen 17.265911 Sekunden gebraucht
bei 5 cores haben 1000 Messungen 17.166921 Sekunden gebraucht
bei 5 cores haben 1000 Messungen 17.463721 Sekunden gebraucht
bei 5 cores haben 1000 Messungen 17.391543 Sekunden gebraucht
bei 5 cores haben 1000 Messungen 17.647767 Sekunden gebraucht
bei 5 cores haben 1000 Messungen 17.278592 Sekunden gebraucht
bei 6 cores haben 1000 Messungen 17.257561 Sekunden gebraucht
bei 6 cores haben 1000 Messungen 17.153225 Sekunden gebraucht
bei 6 cores haben 1000 Messungen 16.921631 Sekunden gebraucht
bei 6 cores haben 1000 Messungen 16.943290 Sekunden gebraucht
bei 6 cores haben 1000 Messungen 16.800952 Sekunden gebraucht
bei 6 cores haben 1000 Messungen 17.068556 Sekunden gebraucht
bei 6 cores haben 1000 Messungen 17.680815 Sekunden gebraucht
bei 6 cores haben 1000 Messungen 16.816192 Sekunden gebraucht
bei 6 cores haben 1000 Messungen 16.650009 Sekunden gebraucht
bei 6 cores haben 1000 Messungen 17.226776 Sekunden gebraucht
bei 7 cores haben 1000 Messungen 17.354476 Sekunden gebraucht
bei 7 cores haben 1000 Messungen 17.353468 Sekunden gebraucht
bei 7 cores haben 1000 Messungen 17.281124 Sekunden gebraucht
bei 7 cores haben 1000 Messungen 17.403156 Sekunden gebraucht
bei 7 cores haben 1000 Messungen 17.448792 Sekunden gebraucht
bei 7 cores haben 1000 Messungen 17.417583 Sekunden gebraucht
bei 7 cores haben 1000 Messungen 17.379861 Sekunden gebraucht
bei 7 cores haben 1000 Messungen 17.462361 Sekunden gebraucht
bei 7 cores haben 1000 Messungen 17.585736 Sekunden gebraucht
bei 7 cores haben 1000 Messungen 17.389531 Sekunden gebraucht
bei 8 cores haben 1000 Messungen 17.684099 Sekunden gebraucht
bei 8 cores haben 1000 Messungen 17.244625 Sekunden gebraucht
bei 8 cores haben 1000 Messungen 17.629472 Sekunden gebraucht
bei 8 cores haben 1000 Messungen 17.490787 Sekunden gebraucht
bei 8 cores haben 1000 Messungen 17.811720 Sekunden gebraucht
bei 8 cores haben 1000 Messungen 17.948557 Sekunden gebraucht
bei 8 cores haben 1000 Messungen 17.142495 Sekunden gebraucht
bei 8 cores haben 1000 Messungen 17.586071 Sekunden gebraucht
bei 8 cores haben 1000 Messungen 17.929970 Sekunden gebraucht
bei 8 cores haben 1000 Messungen 17.250471 Sekunden gebraucht
bei 9 cores haben 1000 Messungen 18.165570 Sekunden gebraucht
bei 9 cores haben 1000 Messungen 18.064934 Sekunden gebraucht
bei 9 cores haben 1000 Messungen 18.229666 Sekunden gebraucht
bei 9 cores haben 1000 Messungen 18.146732 Sekunden gebraucht
bei 9 cores haben 1000 Messungen 18.208626 Sekunden gebraucht
bei 9 cores haben 1000 Messungen 18.227111 Sekunden gebraucht
bei 9 cores haben 1000 Messungen 18.058515 Sekunden gebraucht
bei 9 cores haben 1000 Messungen 18.269461 Sekunden gebraucht
bei 9 cores haben 1000 Messungen 18.149936 Sekunden gebraucht
bei 9 cores haben 1000 Messungen 18.191074 Sekunden gebraucht
bei 10 cores haben 1000 Messungen 18.099714 Sekunden gebraucht
bei 10 cores haben 1000 Messungen 18.103364 Sekunden gebraucht
bei 10 cores haben 1000 Messungen 18.128445 Sekunden gebraucht
bei 10 cores haben 1000 Messungen 18.216800 Sekunden gebraucht
bei 10 cores haben 1000 Messungen 18.035798 Sekunden gebraucht
bei 10 cores haben 1000 Messungen 18.181826 Sekunden gebraucht
bei 10 cores haben 1000 Messungen 18.247285 Sekunden gebraucht
bei 10 cores haben 1000 Messungen 17.899704 Sekunden gebraucht
bei 10 cores haben 1000 Messungen 18.005387 Sekunden gebraucht
bei 10 cores haben 1000 Messungen 17.713272 Sekunden gebraucht
bei 11 cores haben 1000 Messungen 17.957185 Sekunden gebraucht
bei 11 cores haben 1000 Messungen 18.009852 Sekunden gebraucht
bei 11 cores haben 1000 Messungen 18.187870 Sekunden gebraucht
bei 11 cores haben 1000 Messungen 18.212027 Sekunden gebraucht
bei 11 cores haben 1000 Messungen 18.003900 Sekunden gebraucht
bei 11 cores haben 1000 Messungen 18.210807 Sekunden gebraucht
bei 11 cores haben 1000 Messungen 18.171386 Sekunden gebraucht
bei 11 cores haben 1000 Messungen 18.222554 Sekunden gebraucht
bei 11 cores haben 1000 Messungen 18.177138 Sekunden gebraucht
bei 11 cores haben 1000 Messungen 18.083214 Sekunden gebraucht
bei 12 cores haben 1000 Messungen 17.985411 Sekunden gebraucht
bei 12 cores haben 1000 Messungen 17.968353 Sekunden gebraucht
bei 12 cores haben 1000 Messungen 17.922556 Sekunden gebraucht
bei 12 cores haben 1000 Messungen 18.019215 Sekunden gebraucht
bei 12 cores haben 1000 Messungen 18.054880 Sekunden gebraucht
bei 12 cores haben 1000 Messungen 18.011198 Sekunden gebraucht
bei 12 cores haben 1000 Messungen 17.973647 Sekunden gebraucht
bei 12 cores haben 1000 Messungen 17.905711 Sekunden gebraucht
bei 12 cores haben 1000 Messungen 17.920055 Sekunden gebraucht
bei 12 cores haben 1000 Messungen 17.813971 Sekunden gebraucht
bei 13 cores haben 1000 Messungen 18.123558 Sekunden gebraucht
bei 13 cores haben 1000 Messungen 18.175426 Sekunden gebraucht
bei 13 cores haben 1000 Messungen 18.171687 Sekunden gebraucht
bei 13 cores haben 1000 Messungen 18.270426 Sekunden gebraucht
bei 13 cores haben 1000 Messungen 18.261400 Sekunden gebraucht
bei 13 cores haben 1000 Messungen 18.234595 Sekunden gebraucht
bei 13 cores haben 1000 Messungen 18.101053 Sekunden gebraucht
bei 13 cores haben 1000 Messungen 18.161732 Sekunden gebraucht
bei 13 cores haben 1000 Messungen 18.217501 Sekunden gebraucht
bei 13 cores haben 1000 Messungen 18.250309 Sekunden gebraucht
bei 14 cores haben 1000 Messungen 18.173781 Sekunden gebraucht
bei 14 cores haben 1000 Messungen 18.253344 Sekunden gebraucht
bei 14 cores haben 1000 Messungen 18.271755 Sekunden gebraucht
bei 14 cores haben 1000 Messungen 18.295602 Sekunden gebraucht
bei 14 cores haben 1000 Messungen 18.194894 Sekunden gebraucht
bei 14 cores haben 1000 Messungen 18.179057 Sekunden gebraucht
bei 14 cores haben 1000 Messungen 18.091885 Sekunden gebraucht
bei 14 cores haben 1000 Messungen 18.102752 Sekunden gebraucht
bei 14 cores haben 1000 Messungen 18.153501 Sekunden gebraucht
bei 14 cores haben 1000 Messungen 18.230314 Sekunden gebraucht
bei 15 cores haben 1000 Messungen 18.260704 Sekunden gebraucht
bei 15 cores haben 1000 Messungen 18.220296 Sekunden gebraucht
bei 15 cores haben 1000 Messungen 18.207543 Sekunden gebraucht
bei 15 cores haben 1000 Messungen 18.184174 Sekunden gebraucht
bei 15 cores haben 1000 Messungen 18.214157 Sekunden gebraucht
bei 15 cores haben 1000 Messungen 18.189304 Sekunden gebraucht
bei 15 cores haben 1000 Messungen 18.273953 Sekunden gebraucht
bei 15 cores haben 1000 Messungen 18.299576 Sekunden gebraucht
bei 15 cores haben 1000 Messungen 18.272218 Sekunden gebraucht
bei 15 cores haben 1000 Messungen 18.330655 Sekunden gebraucht
bei 16 cores haben 1000 Messungen 18.216969 Sekunden gebraucht
bei 16 cores haben 1000 Messungen 18.204269 Sekunden gebraucht
bei 16 cores haben 1000 Messungen 18.199039 Sekunden gebraucht
bei 16 cores haben 1000 Messungen 18.166631 Sekunden gebraucht
bei 16 cores haben 1000 Messungen 18.247740 Sekunden gebraucht
bei 16 cores haben 1000 Messungen 18.327852 Sekunden gebraucht
bei 16 cores haben 1000 Messungen 18.225126 Sekunden gebraucht
bei 16 cores haben 1000 Messungen 18.257961 Sekunden gebraucht
bei 16 cores haben 1000 Messungen 18.327582 Sekunden gebraucht
bei 16 cores haben 1000 Messungen 18.239167 Sekunden gebraucht
/hiskp4/gross/bachelorarbeit
