Tue Jul 21 14:45:19 CEST 2020 Waiting for 30 seconds before starting the job to allow the node to settle down
Tue Jul 21 14:45:49 CEST 2020 Waiting done, starting task!
420 1
Tue Jul 21 14:45:49 CEST 2020 Waiting for 30 seconds before starting the job to allow the node to settle down
Tue Jul 21 14:46:19 CEST 2020 Waiting done, starting task!
420
420 2
Tue Jul 21 14:47:53 CEST 2020 Waiting for 30 seconds before starting the job to allow the node to settle down
Tue Jul 21 14:47:53 CEST 2020 Waiting for 30 seconds before starting the job to allow the node to settle down
Tue Jul 21 14:48:23 CEST 2020 Waiting done, starting task!
Tue Jul 21 14:48:23 CEST 2020 Waiting done, starting task!
420
420 3
Tue Jul 21 14:49:09 CEST 2020 Waiting for 30 seconds before starting the job to allow the node to settle down
Tue Jul 21 14:49:09 CEST 2020 Waiting for 30 seconds before starting the job to allow the node to settle down
Tue Jul 21 14:49:09 CEST 2020 Waiting for 30 seconds before starting the job to allow the node to settle down
Tue Jul 21 14:49:39 CEST 2020 Waiting done, starting task!
Tue Jul 21 14:49:39 CEST 2020 Waiting done, starting task!
Tue Jul 21 14:49:39 CEST 2020 Waiting done, starting task!
420
420 4
Tue Jul 21 14:50:11 CEST 2020 Waiting for 30 seconds before starting the job to allow the node to settle down
Tue Jul 21 14:50:11 CEST 2020 Waiting for 30 seconds before starting the job to allow the node to settle down
Tue Jul 21 14:50:11 CEST 2020 Waiting for 30 seconds before starting the job to allow the node to settle down
Tue Jul 21 14:50:11 CEST 2020 Waiting for 30 seconds before starting the job to allow the node to settle down
Tue Jul 21 14:50:41 CEST 2020 Waiting done, starting task!
Tue Jul 21 14:50:41 CEST 2020 Waiting done, starting task!
Tue Jul 21 14:50:41 CEST 2020 Waiting done, starting task!
Tue Jul 21 14:50:41 CEST 2020 Waiting done, starting task!
420
420 5
Tue Jul 21 14:51:05 CEST 2020 Waiting for 30 seconds before starting the job to allow the node to settle down
Tue Jul 21 14:51:05 CEST 2020 Waiting for 30 seconds before starting the job to allow the node to settle down
Tue Jul 21 14:51:05 CEST 2020 Waiting for 30 seconds before starting the job to allow the node to settle down
Tue Jul 21 14:51:05 CEST 2020 Waiting for 30 seconds before starting the job to allow the node to settle down
Tue Jul 21 14:51:05 CEST 2020 Waiting for 30 seconds before starting the job to allow the node to settle down
Tue Jul 21 14:51:35 CEST 2020 Waiting done, starting task!
Tue Jul 21 14:51:35 CEST 2020 Waiting done, starting task!
Tue Jul 21 14:51:35 CEST 2020 Waiting done, starting task!
Tue Jul 21 14:51:35 CEST 2020 Waiting done, starting task!
Tue Jul 21 14:51:35 CEST 2020 Waiting done, starting task!
420
420 6
Tue Jul 21 14:51:55 CEST 2020 Waiting for 30 seconds before starting the job to allow the node to settle down
Tue Jul 21 14:51:55 CEST 2020 Waiting for 30 seconds before starting the job to allow the node to settle down
Tue Jul 21 14:51:55 CEST 2020 Waiting for 30 seconds before starting the job to allow the node to settle down
Tue Jul 21 14:51:55 CEST 2020 Waiting for 30 seconds before starting the job to allow the node to settle down
Tue Jul 21 14:51:55 CEST 2020 Waiting for 30 seconds before starting the job to allow the node to settle down
Tue Jul 21 14:51:55 CEST 2020 Waiting for 30 seconds before starting the job to allow the node to settle down
Tue Jul 21 14:52:25 CEST 2020 Waiting done, starting task!
Tue Jul 21 14:52:25 CEST 2020 Waiting done, starting task!
Tue Jul 21 14:52:25 CEST 2020 Waiting done, starting task!
Tue Jul 21 14:52:25 CEST 2020 Waiting done, starting task!
Tue Jul 21 14:52:25 CEST 2020 Waiting done, starting task!
Tue Jul 21 14:52:25 CEST 2020 Waiting done, starting task!
420
420 7
Tue Jul 21 14:52:43 CEST 2020 Waiting for 30 seconds before starting the job to allow the node to settle down
Tue Jul 21 14:52:43 CEST 2020 Waiting for 30 seconds before starting the job to allow the node to settle down
Tue Jul 21 14:52:43 CEST 2020 Waiting for 30 seconds before starting the job to allow the node to settle down
Tue Jul 21 14:52:43 CEST 2020 Waiting for 30 seconds before starting the job to allow the node to settle down
Tue Jul 21 14:52:43 CEST 2020 Waiting for 30 seconds before starting the job to allow the node to settle down
Tue Jul 21 14:52:43 CEST 2020 Waiting for 30 seconds before starting the job to allow the node to settle down
Tue Jul 21 14:52:43 CEST 2020 Waiting for 30 seconds before starting the job to allow the node to settle down
Tue Jul 21 14:53:13 CEST 2020 Waiting done, starting task!
Tue Jul 21 14:53:13 CEST 2020 Waiting done, starting task!
Tue Jul 21 14:53:13 CEST 2020 Waiting done, starting task!
Tue Jul 21 14:53:13 CEST 2020 Waiting done, starting task!
Tue Jul 21 14:53:13 CEST 2020 Waiting done, starting task!
Tue Jul 21 14:53:13 CEST 2020 Waiting done, starting task!
Tue Jul 21 14:53:13 CEST 2020 Waiting done, starting task!
420
420 10
Tue Jul 21 14:53:28 CEST 2020 Waiting for 30 seconds before starting the job to allow the node to settle down
Tue Jul 21 14:53:28 CEST 2020 Waiting for 30 seconds before starting the job to allow the node to settle down
Tue Jul 21 14:53:28 CEST 2020 Waiting for 30 seconds before starting the job to allow the node to settle down
Tue Jul 21 14:53:28 CEST 2020 Waiting for 30 seconds before starting the job to allow the node to settle down
Tue Jul 21 14:53:28 CEST 2020 Waiting for 30 seconds before starting the job to allow the node to settle down
Tue Jul 21 14:53:28 CEST 2020 Waiting for 30 seconds before starting the job to allow the node to settle down
Tue Jul 21 14:53:28 CEST 2020 Waiting for 30 seconds before starting the job to allow the node to settle down
Tue Jul 21 14:53:28 CEST 2020 Waiting for 30 seconds before starting the job to allow the node to settle down
Tue Jul 21 14:53:28 CEST 2020 Waiting for 30 seconds before starting the job to allow the node to settle down
Tue Jul 21 14:53:28 CEST 2020 Waiting for 30 seconds before starting the job to allow the node to settle down
Tue Jul 21 14:53:58 CEST 2020 Waiting done, starting task!
Tue Jul 21 14:53:58 CEST 2020 Waiting done, starting task!
Tue Jul 21 14:53:58 CEST 2020 Waiting done, starting task!
Tue Jul 21 14:53:58 CEST 2020 Waiting done, starting task!
Tue Jul 21 14:53:58 CEST 2020 Waiting done, starting task!
Tue Jul 21 14:53:58 CEST 2020 Waiting done, starting task!
Tue Jul 21 14:53:58 CEST 2020 Waiting done, starting task!
Tue Jul 21 14:53:58 CEST 2020 Waiting done, starting task!
Tue Jul 21 14:53:58 CEST 2020 Waiting done, starting task!
Tue Jul 21 14:53:58 CEST 2020 Waiting done, starting task!
420
420 12
Tue Jul 21 14:54:09 CEST 2020 Waiting for 30 seconds before starting the job to allow the node to settle down
Tue Jul 21 14:54:09 CEST 2020 Waiting for 30 seconds before starting the job to allow the node to settle down
Tue Jul 21 14:54:09 CEST 2020 Waiting for 30 seconds before starting the job to allow the node to settle down
Tue Jul 21 14:54:09 CEST 2020 Waiting for 30 seconds before starting the job to allow the node to settle down
Tue Jul 21 14:54:09 CEST 2020 Waiting for 30 seconds before starting the job to allow the node to settle down
Tue Jul 21 14:54:09 CEST 2020 Waiting for 30 seconds before starting the job to allow the node to settle down
Tue Jul 21 14:54:09 CEST 2020 Waiting for 30 seconds before starting the job to allow the node to settle down
Tue Jul 21 14:54:09 CEST 2020 Waiting for 30 seconds before starting the job to allow the node to settle down
Tue Jul 21 14:54:09 CEST 2020 Waiting for 30 seconds before starting the job to allow the node to settle down
Tue Jul 21 14:54:09 CEST 2020 Waiting for 30 seconds before starting the job to allow the node to settle down
Tue Jul 21 14:54:09 CEST 2020 Waiting for 30 seconds before starting the job to allow the node to settle down
Tue Jul 21 14:54:09 CEST 2020 Waiting for 30 seconds before starting the job to allow the node to settle down
Tue Jul 21 14:54:39 CEST 2020 Waiting done, starting task!
Tue Jul 21 14:54:39 CEST 2020 Waiting done, starting task!
Tue Jul 21 14:54:39 CEST 2020 Waiting done, starting task!
Tue Jul 21 14:54:39 CEST 2020 Waiting done, starting task!
Tue Jul 21 14:54:39 CEST 2020 Waiting done, starting task!
Tue Jul 21 14:54:39 CEST 2020 Waiting done, starting task!
Tue Jul 21 14:54:39 CEST 2020 Waiting done, starting task!
Tue Jul 21 14:54:39 CEST 2020 Waiting done, starting task!
Tue Jul 21 14:54:39 CEST 2020 Waiting done, starting task!
Tue Jul 21 14:54:39 CEST 2020 Waiting done, starting task!
Tue Jul 21 14:54:39 CEST 2020 Waiting done, starting task!
Tue Jul 21 14:54:39 CEST 2020 Waiting done, starting task!
420
420 14
Tue Jul 21 14:54:49 CEST 2020 Waiting for 30 seconds before starting the job to allow the node to settle down
Tue Jul 21 14:54:49 CEST 2020 Waiting for 30 seconds before starting the job to allow the node to settle down
Tue Jul 21 14:54:49 CEST 2020 Waiting for 30 seconds before starting the job to allow the node to settle down
Tue Jul 21 14:54:49 CEST 2020 Waiting for 30 seconds before starting the job to allow the node to settle down
Tue Jul 21 14:54:49 CEST 2020 Waiting for 30 seconds before starting the job to allow the node to settle down
Tue Jul 21 14:54:49 CEST 2020 Waiting for 30 seconds before starting the job to allow the node to settle down
Tue Jul 21 14:54:49 CEST 2020 Waiting for 30 seconds before starting the job to allow the node to settle down
Tue Jul 21 14:54:49 CEST 2020 Waiting for 30 seconds before starting the job to allow the node to settle down
Tue Jul 21 14:54:49 CEST 2020 Waiting for 30 seconds before starting the job to allow the node to settle down
Tue Jul 21 14:54:49 CEST 2020 Waiting for 30 seconds before starting the job to allow the node to settle down
Tue Jul 21 14:54:49 CEST 2020 Waiting for 30 seconds before starting the job to allow the node to settle down
Tue Jul 21 14:54:49 CEST 2020 Waiting for 30 seconds before starting the job to allow the node to settle down
Tue Jul 21 14:54:49 CEST 2020 Waiting for 30 seconds before starting the job to allow the node to settle down
Tue Jul 21 14:54:49 CEST 2020 Waiting for 30 seconds before starting the job to allow the node to settle down
Tue Jul 21 14:55:19 CEST 2020 Waiting done, starting task!
Tue Jul 21 14:55:19 CEST 2020 Waiting done, starting task!
Tue Jul 21 14:55:19 CEST 2020 Waiting done, starting task!
Tue Jul 21 14:55:19 CEST 2020 Waiting done, starting task!
Tue Jul 21 14:55:19 CEST 2020 Waiting done, starting task!
Tue Jul 21 14:55:19 CEST 2020 Waiting done, starting task!
Tue Jul 21 14:55:19 CEST 2020 Waiting done, starting task!
Tue Jul 21 14:55:19 CEST 2020 Waiting done, starting task!
Tue Jul 21 14:55:19 CEST 2020 Waiting done, starting task!
Tue Jul 21 14:55:19 CEST 2020 Waiting done, starting task!
Tue Jul 21 14:55:19 CEST 2020 Waiting done, starting task!
Tue Jul 21 14:55:19 CEST 2020 Waiting done, starting task!
Tue Jul 21 14:55:19 CEST 2020 Waiting done, starting task!
Tue Jul 21 14:55:19 CEST 2020 Waiting done, starting task!
420
420 15
Tue Jul 21 14:55:29 CEST 2020 Waiting for 30 seconds before starting the job to allow the node to settle down
Tue Jul 21 14:55:29 CEST 2020 Waiting for 30 seconds before starting the job to allow the node to settle down
Tue Jul 21 14:55:29 CEST 2020 Waiting for 30 seconds before starting the job to allow the node to settle down
Tue Jul 21 14:55:29 CEST 2020 Waiting for 30 seconds before starting the job to allow the node to settle down
Tue Jul 21 14:55:29 CEST 2020 Waiting for 30 seconds before starting the job to allow the node to settle down
Tue Jul 21 14:55:29 CEST 2020 Waiting for 30 seconds before starting the job to allow the node to settle down
Tue Jul 21 14:55:29 CEST 2020 Waiting for 30 seconds before starting the job to allow the node to settle down
Tue Jul 21 14:55:29 CEST 2020 Waiting for 30 seconds before starting the job to allow the node to settle down
Tue Jul 21 14:55:29 CEST 2020 Waiting for 30 seconds before starting the job to allow the node to settle down
Tue Jul 21 14:55:29 CEST 2020 Waiting for 30 seconds before starting the job to allow the node to settle down
Tue Jul 21 14:55:29 CEST 2020 Waiting for 30 seconds before starting the job to allow the node to settle down
Tue Jul 21 14:55:29 CEST 2020 Waiting for 30 seconds before starting the job to allow the node to settle down
Tue Jul 21 14:55:29 CEST 2020 Waiting for 30 seconds before starting the job to allow the node to settle down
Tue Jul 21 14:55:29 CEST 2020 Waiting for 30 seconds before starting the job to allow the node to settle down
Tue Jul 21 14:55:29 CEST 2020 Waiting for 30 seconds before starting the job to allow the node to settle down
Tue Jul 21 14:55:59 CEST 2020 Waiting done, starting task!
Tue Jul 21 14:55:59 CEST 2020 Waiting done, starting task!
Tue Jul 21 14:55:59 CEST 2020 Waiting done, starting task!
Tue Jul 21 14:55:59 CEST 2020 Waiting done, starting task!
Tue Jul 21 14:55:59 CEST 2020 Waiting done, starting task!
Tue Jul 21 14:55:59 CEST 2020 Waiting done, starting task!
Tue Jul 21 14:55:59 CEST 2020 Waiting done, starting task!
Tue Jul 21 14:55:59 CEST 2020 Waiting done, starting task!
Tue Jul 21 14:55:59 CEST 2020 Waiting done, starting task!
Tue Jul 21 14:55:59 CEST 2020 Waiting done, starting task!
Tue Jul 21 14:55:59 CEST 2020 Waiting done, starting task!
Tue Jul 21 14:55:59 CEST 2020 Waiting done, starting task!
Tue Jul 21 14:55:59 CEST 2020 Waiting done, starting task!
Tue Jul 21 14:55:59 CEST 2020 Waiting done, starting task!
Tue Jul 21 14:55:59 CEST 2020 Waiting done, starting task!
420
420 20
Tue Jul 21 14:56:08 CEST 2020 Waiting for 30 seconds before starting the job to allow the node to settle down
Tue Jul 21 14:56:08 CEST 2020 Waiting for 30 seconds before starting the job to allow the node to settle down
Tue Jul 21 14:56:08 CEST 2020 Waiting for 30 seconds before starting the job to allow the node to settle down
Tue Jul 21 14:56:08 CEST 2020 Waiting for 30 seconds before starting the job to allow the node to settle down
Tue Jul 21 14:56:08 CEST 2020 Waiting for 30 seconds before starting the job to allow the node to settle down
Tue Jul 21 14:56:08 CEST 2020 Waiting for 30 seconds before starting the job to allow the node to settle down
Tue Jul 21 14:56:08 CEST 2020 Waiting for 30 seconds before starting the job to allow the node to settle down
Tue Jul 21 14:56:08 CEST 2020 Waiting for 30 seconds before starting the job to allow the node to settle down
Tue Jul 21 14:56:08 CEST 2020 Waiting for 30 seconds before starting the job to allow the node to settle down
Tue Jul 21 14:56:08 CEST 2020 Waiting for 30 seconds before starting the job to allow the node to settle down
Tue Jul 21 14:56:08 CEST 2020 Waiting for 30 seconds before starting the job to allow the node to settle down
Tue Jul 21 14:56:08 CEST 2020 Waiting for 30 seconds before starting the job to allow the node to settle down
Tue Jul 21 14:56:08 CEST 2020 Waiting for 30 seconds before starting the job to allow the node to settle down
Tue Jul 21 14:56:08 CEST 2020 Waiting for 30 seconds before starting the job to allow the node to settle down
Tue Jul 21 14:56:08 CEST 2020 Waiting for 30 seconds before starting the job to allow the node to settle down
Tue Jul 21 14:56:08 CEST 2020 Waiting for 30 seconds before starting the job to allow the node to settle down
Tue Jul 21 14:56:08 CEST 2020 Waiting for 30 seconds before starting the job to allow the node to settle down
Tue Jul 21 14:56:08 CEST 2020 Waiting for 30 seconds before starting the job to allow the node to settle down
Tue Jul 21 14:56:08 CEST 2020 Waiting for 30 seconds before starting the job to allow the node to settle down
Tue Jul 21 14:56:08 CEST 2020 Waiting for 30 seconds before starting the job to allow the node to settle down
Tue Jul 21 14:56:38 CEST 2020 Waiting done, starting task!
Tue Jul 21 14:56:38 CEST 2020 Waiting done, starting task!
Tue Jul 21 14:56:38 CEST 2020 Waiting done, starting task!
Tue Jul 21 14:56:38 CEST 2020 Waiting done, starting task!
Tue Jul 21 14:56:38 CEST 2020 Waiting done, starting task!
Tue Jul 21 14:56:38 CEST 2020 Waiting done, starting task!
Tue Jul 21 14:56:38 CEST 2020 Waiting done, starting task!
Tue Jul 21 14:56:38 CEST 2020 Waiting done, starting task!
Tue Jul 21 14:56:38 CEST 2020 Waiting done, starting task!
Tue Jul 21 14:56:38 CEST 2020 Waiting done, starting task!
Tue Jul 21 14:56:38 CEST 2020 Waiting done, starting task!
Tue Jul 21 14:56:38 CEST 2020 Waiting done, starting task!
Tue Jul 21 14:56:38 CEST 2020 Waiting done, starting task!
Tue Jul 21 14:56:38 CEST 2020 Waiting done, starting task!
Tue Jul 21 14:56:38 CEST 2020 Waiting done, starting task!
Tue Jul 21 14:56:38 CEST 2020 Waiting done, starting task!
Tue Jul 21 14:56:38 CEST 2020 Waiting done, starting task!
Tue Jul 21 14:56:38 CEST 2020 Waiting done, starting task!
Tue Jul 21 14:56:38 CEST 2020 Waiting done, starting task!
Tue Jul 21 14:56:38 CEST 2020 Waiting done, starting task!
420
/hiskp4/gross/bachelorarbeit
