Thu Jun 25 11:46:19 CEST 2020 Waiting for 30 seconds before starting the job to allow the node to settle down
Thu Jun 25 11:46:49 CEST 2020 Waiting done, starting task!
Thu Jun 25 11:46:49 CEST 2020 Waiting for 30 seconds before starting the job to allow the node to settle down
Thu Jun 25 11:47:19 CEST 2020 Waiting done, starting task!
Laenge=500	Temperatur=0.500000
bei 1 cores haben 1000 Messungen 14.260528 Sekunden gebraucht
bei 1 cores haben 1000 Messungen 14.045271 Sekunden gebraucht
bei 1 cores haben 1000 Messungen 14.092752 Sekunden gebraucht
bei 1 cores haben 1000 Messungen 13.980578 Sekunden gebraucht
bei 1 cores haben 1000 Messungen 14.008440 Sekunden gebraucht
bei 2 cores haben 1000 Messungen 16.738036 Sekunden gebraucht
bei 2 cores haben 1000 Messungen 16.855001 Sekunden gebraucht
bei 2 cores haben 1000 Messungen 16.738365 Sekunden gebraucht
bei 2 cores haben 1000 Messungen 16.737435 Sekunden gebraucht
bei 2 cores haben 1000 Messungen 16.889781 Sekunden gebraucht
bei 3 cores haben 1000 Messungen 11.529606 Sekunden gebraucht
bei 3 cores haben 1000 Messungen 11.538500 Sekunden gebraucht
bei 3 cores haben 1000 Messungen 11.519262 Sekunden gebraucht
bei 3 cores haben 1000 Messungen 11.527137 Sekunden gebraucht
bei 3 cores haben 1000 Messungen 11.516816 Sekunden gebraucht
bei 4 cores haben 1000 Messungen 8.849490 Sekunden gebraucht
bei 4 cores haben 1000 Messungen 8.995441 Sekunden gebraucht
bei 4 cores haben 1000 Messungen 6.313749 Sekunden gebraucht
bei 4 cores haben 1000 Messungen 9.051475 Sekunden gebraucht
bei 4 cores haben 1000 Messungen 8.631657 Sekunden gebraucht
bei 5 cores haben 1000 Messungen 7.773044 Sekunden gebraucht
bei 5 cores haben 1000 Messungen 7.561301 Sekunden gebraucht
bei 5 cores haben 1000 Messungen 7.196174 Sekunden gebraucht
bei 5 cores haben 1000 Messungen 7.830099 Sekunden gebraucht
bei 5 cores haben 1000 Messungen 7.832660 Sekunden gebraucht
bei 6 cores haben 1000 Messungen 6.615317 Sekunden gebraucht
bei 6 cores haben 1000 Messungen 6.429717 Sekunden gebraucht
bei 6 cores haben 1000 Messungen 6.636142 Sekunden gebraucht
bei 6 cores haben 1000 Messungen 6.718711 Sekunden gebraucht
bei 6 cores haben 1000 Messungen 7.141071 Sekunden gebraucht
bei 7 cores haben 1000 Messungen 5.499113 Sekunden gebraucht
bei 7 cores haben 1000 Messungen 6.113431 Sekunden gebraucht
bei 7 cores haben 1000 Messungen 6.305139 Sekunden gebraucht
bei 7 cores haben 1000 Messungen 5.610090 Sekunden gebraucht
bei 7 cores haben 1000 Messungen 5.636098 Sekunden gebraucht
bei 8 cores haben 1000 Messungen 5.110239 Sekunden gebraucht
bei 8 cores haben 1000 Messungen 5.063832 Sekunden gebraucht
bei 8 cores haben 1000 Messungen 5.278942 Sekunden gebraucht
bei 8 cores haben 1000 Messungen 5.440444 Sekunden gebraucht
bei 8 cores haben 1000 Messungen 5.507605 Sekunden gebraucht
bei 9 cores haben 1000 Messungen 5.308663 Sekunden gebraucht
bei 9 cores haben 1000 Messungen 5.414519 Sekunden gebraucht
bei 9 cores haben 1000 Messungen 5.355867 Sekunden gebraucht
bei 9 cores haben 1000 Messungen 4.662750 Sekunden gebraucht
bei 9 cores haben 1000 Messungen 4.701626 Sekunden gebraucht
bei 10 cores haben 1000 Messungen 4.511614 Sekunden gebraucht
bei 10 cores haben 1000 Messungen 4.789925 Sekunden gebraucht
bei 10 cores haben 1000 Messungen 4.783193 Sekunden gebraucht
bei 10 cores haben 1000 Messungen 4.804992 Sekunden gebraucht
bei 10 cores haben 1000 Messungen 4.767249 Sekunden gebraucht
bei 11 cores haben 1000 Messungen 4.191606 Sekunden gebraucht
bei 11 cores haben 1000 Messungen 4.123570 Sekunden gebraucht
bei 11 cores haben 1000 Messungen 4.621674 Sekunden gebraucht
bei 11 cores haben 1000 Messungen 4.601416 Sekunden gebraucht
bei 11 cores haben 1000 Messungen 4.385394 Sekunden gebraucht
bei 12 cores haben 1000 Messungen 4.013869 Sekunden gebraucht
bei 12 cores haben 1000 Messungen 3.882571 Sekunden gebraucht
bei 12 cores haben 1000 Messungen 4.290304 Sekunden gebraucht
bei 12 cores haben 1000 Messungen 4.278589 Sekunden gebraucht
bei 12 cores haben 1000 Messungen 4.252587 Sekunden gebraucht
/hiskp4/gross/bachelorarbeit
