Thu Jun  4 21:15:00 CEST 2020 Waiting for 30 seconds before starting the job to allow the node to settle down
Thu Jun  4 21:15:30 CEST 2020 Waiting done, starting task!
Thu Jun  4 21:15:30 CEST 2020 Waiting for 30 seconds before starting the job to allow the node to settle down
Thu Jun  4 21:16:00 CEST 2020 Waiting done, starting task!
Laenge=6
bei 1 cores haben 1000 Messungen 0.008724 Sekunden gebraucht
bei 1 cores haben 1000 Messungen 0.008671 Sekunden gebraucht
bei 1 cores haben 1000 Messungen 0.008692 Sekunden gebraucht
bei 1 cores haben 1000 Messungen 0.008689 Sekunden gebraucht
bei 1 cores haben 1000 Messungen 0.008663 Sekunden gebraucht
bei 1 cores haben 1000 Messungen 0.008632 Sekunden gebraucht
bei 1 cores haben 1000 Messungen 0.008637 Sekunden gebraucht
bei 1 cores haben 1000 Messungen 0.008635 Sekunden gebraucht
bei 1 cores haben 1000 Messungen 0.008649 Sekunden gebraucht
bei 1 cores haben 1000 Messungen 0.008685 Sekunden gebraucht
bei 2 cores haben 1000 Messungen 0.018448 Sekunden gebraucht
bei 2 cores haben 1000 Messungen 0.018158 Sekunden gebraucht
bei 2 cores haben 1000 Messungen 0.017104 Sekunden gebraucht
bei 2 cores haben 1000 Messungen 0.021401 Sekunden gebraucht
bei 2 cores haben 1000 Messungen 0.019311 Sekunden gebraucht
bei 2 cores haben 1000 Messungen 0.018779 Sekunden gebraucht
bei 2 cores haben 1000 Messungen 0.018297 Sekunden gebraucht
bei 2 cores haben 1000 Messungen 0.018088 Sekunden gebraucht
bei 2 cores haben 1000 Messungen 0.017436 Sekunden gebraucht
bei 2 cores haben 1000 Messungen 0.017022 Sekunden gebraucht
bei 3 cores haben 1000 Messungen 0.015156 Sekunden gebraucht
bei 3 cores haben 1000 Messungen 0.014817 Sekunden gebraucht
bei 3 cores haben 1000 Messungen 0.014893 Sekunden gebraucht
bei 3 cores haben 1000 Messungen 0.014954 Sekunden gebraucht
bei 3 cores haben 1000 Messungen 0.015013 Sekunden gebraucht
bei 3 cores haben 1000 Messungen 0.014902 Sekunden gebraucht
bei 3 cores haben 1000 Messungen 0.015094 Sekunden gebraucht
bei 3 cores haben 1000 Messungen 0.015103 Sekunden gebraucht
bei 3 cores haben 1000 Messungen 0.015410 Sekunden gebraucht
bei 3 cores haben 1000 Messungen 0.015090 Sekunden gebraucht
bei 4 cores haben 1000 Messungen 0.015682 Sekunden gebraucht
bei 4 cores haben 1000 Messungen 0.015869 Sekunden gebraucht
bei 4 cores haben 1000 Messungen 0.015807 Sekunden gebraucht
bei 4 cores haben 1000 Messungen 0.015699 Sekunden gebraucht
bei 4 cores haben 1000 Messungen 0.015719 Sekunden gebraucht
bei 4 cores haben 1000 Messungen 0.015759 Sekunden gebraucht
bei 4 cores haben 1000 Messungen 0.015541 Sekunden gebraucht
bei 4 cores haben 1000 Messungen 0.015755 Sekunden gebraucht
bei 4 cores haben 1000 Messungen 0.015753 Sekunden gebraucht
bei 4 cores haben 1000 Messungen 0.015801 Sekunden gebraucht
bei 5 cores haben 1000 Messungen 0.018877 Sekunden gebraucht
bei 5 cores haben 1000 Messungen 0.018286 Sekunden gebraucht
bei 5 cores haben 1000 Messungen 0.017169 Sekunden gebraucht
bei 5 cores haben 1000 Messungen 0.016101 Sekunden gebraucht
bei 5 cores haben 1000 Messungen 0.015812 Sekunden gebraucht
bei 5 cores haben 1000 Messungen 0.020033 Sekunden gebraucht
bei 5 cores haben 1000 Messungen 0.015405 Sekunden gebraucht
bei 5 cores haben 1000 Messungen 0.015947 Sekunden gebraucht
bei 5 cores haben 1000 Messungen 0.015474 Sekunden gebraucht
bei 5 cores haben 1000 Messungen 0.015315 Sekunden gebraucht
bei 6 cores haben 1000 Messungen 0.016983 Sekunden gebraucht
bei 6 cores haben 1000 Messungen 0.015476 Sekunden gebraucht
bei 6 cores haben 1000 Messungen 0.016455 Sekunden gebraucht
bei 6 cores haben 1000 Messungen 0.016731 Sekunden gebraucht
bei 6 cores haben 1000 Messungen 0.016926 Sekunden gebraucht
bei 6 cores haben 1000 Messungen 0.015744 Sekunden gebraucht
bei 6 cores haben 1000 Messungen 0.015467 Sekunden gebraucht
bei 6 cores haben 1000 Messungen 0.015430 Sekunden gebraucht
bei 6 cores haben 1000 Messungen 0.015857 Sekunden gebraucht
bei 6 cores haben 1000 Messungen 0.016162 Sekunden gebraucht
bei 7 cores haben 1000 Messungen 0.021575 Sekunden gebraucht
bei 7 cores haben 1000 Messungen 0.018199 Sekunden gebraucht
bei 7 cores haben 1000 Messungen 0.018465 Sekunden gebraucht
bei 7 cores haben 1000 Messungen 0.018219 Sekunden gebraucht
bei 7 cores haben 1000 Messungen 0.018395 Sekunden gebraucht
bei 7 cores haben 1000 Messungen 0.018461 Sekunden gebraucht
bei 7 cores haben 1000 Messungen 0.018445 Sekunden gebraucht
bei 7 cores haben 1000 Messungen 0.018101 Sekunden gebraucht
bei 7 cores haben 1000 Messungen 0.018856 Sekunden gebraucht
bei 7 cores haben 1000 Messungen 0.018473 Sekunden gebraucht
bei 8 cores haben 1000 Messungen 0.019466 Sekunden gebraucht
bei 8 cores haben 1000 Messungen 0.019912 Sekunden gebraucht
bei 8 cores haben 1000 Messungen 0.020631 Sekunden gebraucht
bei 8 cores haben 1000 Messungen 0.018865 Sekunden gebraucht
bei 8 cores haben 1000 Messungen 0.018804 Sekunden gebraucht
bei 8 cores haben 1000 Messungen 0.018643 Sekunden gebraucht
bei 8 cores haben 1000 Messungen 0.018814 Sekunden gebraucht
bei 8 cores haben 1000 Messungen 0.018960 Sekunden gebraucht
bei 8 cores haben 1000 Messungen 0.019549 Sekunden gebraucht
bei 8 cores haben 1000 Messungen 0.020160 Sekunden gebraucht
bei 9 cores haben 1000 Messungen 0.021858 Sekunden gebraucht
bei 9 cores haben 1000 Messungen 0.022035 Sekunden gebraucht
bei 9 cores haben 1000 Messungen 0.021786 Sekunden gebraucht
bei 9 cores haben 1000 Messungen 0.021790 Sekunden gebraucht
bei 9 cores haben 1000 Messungen 0.022247 Sekunden gebraucht
bei 9 cores haben 1000 Messungen 0.021887 Sekunden gebraucht
bei 9 cores haben 1000 Messungen 0.021935 Sekunden gebraucht
bei 9 cores haben 1000 Messungen 0.021809 Sekunden gebraucht
bei 9 cores haben 1000 Messungen 0.021823 Sekunden gebraucht
bei 9 cores haben 1000 Messungen 0.021855 Sekunden gebraucht
bei 10 cores haben 1000 Messungen 0.022051 Sekunden gebraucht
bei 10 cores haben 1000 Messungen 0.022541 Sekunden gebraucht
bei 10 cores haben 1000 Messungen 0.022556 Sekunden gebraucht
bei 10 cores haben 1000 Messungen 0.024865 Sekunden gebraucht
bei 10 cores haben 1000 Messungen 0.025486 Sekunden gebraucht
bei 10 cores haben 1000 Messungen 0.028115 Sekunden gebraucht
bei 10 cores haben 1000 Messungen 0.022551 Sekunden gebraucht
bei 10 cores haben 1000 Messungen 0.024025 Sekunden gebraucht
bei 10 cores haben 1000 Messungen 0.023742 Sekunden gebraucht
bei 10 cores haben 1000 Messungen 0.022646 Sekunden gebraucht
bei 11 cores haben 1000 Messungen 0.024882 Sekunden gebraucht
bei 11 cores haben 1000 Messungen 0.024864 Sekunden gebraucht
bei 11 cores haben 1000 Messungen 0.023995 Sekunden gebraucht
bei 11 cores haben 1000 Messungen 0.024849 Sekunden gebraucht
bei 11 cores haben 1000 Messungen 0.024791 Sekunden gebraucht
bei 11 cores haben 1000 Messungen 0.029009 Sekunden gebraucht
bei 11 cores haben 1000 Messungen 0.024923 Sekunden gebraucht
bei 11 cores haben 1000 Messungen 0.025239 Sekunden gebraucht
bei 11 cores haben 1000 Messungen 0.024940 Sekunden gebraucht
bei 11 cores haben 1000 Messungen 0.025604 Sekunden gebraucht
bei 12 cores haben 1000 Messungen 0.026323 Sekunden gebraucht
bei 12 cores haben 1000 Messungen 0.026311 Sekunden gebraucht
bei 12 cores haben 1000 Messungen 0.026590 Sekunden gebraucht
bei 12 cores haben 1000 Messungen 0.026107 Sekunden gebraucht
bei 12 cores haben 1000 Messungen 0.026653 Sekunden gebraucht
bei 12 cores haben 1000 Messungen 0.026635 Sekunden gebraucht
bei 12 cores haben 1000 Messungen 0.027757 Sekunden gebraucht
bei 12 cores haben 1000 Messungen 0.026416 Sekunden gebraucht
bei 12 cores haben 1000 Messungen 0.026191 Sekunden gebraucht
bei 12 cores haben 1000 Messungen 0.026448 Sekunden gebraucht
bei 13 cores haben 1000 Messungen 0.028802 Sekunden gebraucht
bei 13 cores haben 1000 Messungen 0.028794 Sekunden gebraucht
bei 13 cores haben 1000 Messungen 0.028788 Sekunden gebraucht
bei 13 cores haben 1000 Messungen 0.028575 Sekunden gebraucht
bei 13 cores haben 1000 Messungen 0.028653 Sekunden gebraucht
bei 13 cores haben 1000 Messungen 0.028959 Sekunden gebraucht
bei 13 cores haben 1000 Messungen 0.029151 Sekunden gebraucht
bei 13 cores haben 1000 Messungen 0.031945 Sekunden gebraucht
bei 13 cores haben 1000 Messungen 0.028367 Sekunden gebraucht
bei 13 cores haben 1000 Messungen 0.028951 Sekunden gebraucht
bei 14 cores haben 1000 Messungen 0.025876 Sekunden gebraucht
bei 14 cores haben 1000 Messungen 0.029089 Sekunden gebraucht
bei 14 cores haben 1000 Messungen 0.029836 Sekunden gebraucht
bei 14 cores haben 1000 Messungen 0.025817 Sekunden gebraucht
bei 14 cores haben 1000 Messungen 0.026186 Sekunden gebraucht
bei 14 cores haben 1000 Messungen 0.026588 Sekunden gebraucht
bei 14 cores haben 1000 Messungen 0.026339 Sekunden gebraucht
bei 14 cores haben 1000 Messungen 0.026076 Sekunden gebraucht
bei 14 cores haben 1000 Messungen 0.026192 Sekunden gebraucht
bei 14 cores haben 1000 Messungen 0.026304 Sekunden gebraucht
bei 15 cores haben 1000 Messungen 0.031975 Sekunden gebraucht
bei 15 cores haben 1000 Messungen 0.031668 Sekunden gebraucht
bei 15 cores haben 1000 Messungen 0.031611 Sekunden gebraucht
bei 15 cores haben 1000 Messungen 0.031548 Sekunden gebraucht
bei 15 cores haben 1000 Messungen 0.031788 Sekunden gebraucht
bei 15 cores haben 1000 Messungen 0.031652 Sekunden gebraucht
bei 15 cores haben 1000 Messungen 0.031887 Sekunden gebraucht
bei 15 cores haben 1000 Messungen 0.031836 Sekunden gebraucht
bei 15 cores haben 1000 Messungen 0.031572 Sekunden gebraucht
bei 15 cores haben 1000 Messungen 0.031582 Sekunden gebraucht
bei 16 cores haben 1000 Messungen 0.034112 Sekunden gebraucht
bei 16 cores haben 1000 Messungen 0.033965 Sekunden gebraucht
bei 16 cores haben 1000 Messungen 0.034198 Sekunden gebraucht
bei 16 cores haben 1000 Messungen 0.048563 Sekunden gebraucht
bei 16 cores haben 1000 Messungen 0.034279 Sekunden gebraucht
bei 16 cores haben 1000 Messungen 0.034034 Sekunden gebraucht
bei 16 cores haben 1000 Messungen 0.034190 Sekunden gebraucht
bei 16 cores haben 1000 Messungen 0.034009 Sekunden gebraucht
bei 16 cores haben 1000 Messungen 0.038270 Sekunden gebraucht
bei 16 cores haben 1000 Messungen 0.037670 Sekunden gebraucht
Laenge=10
bei 1 cores haben 1000 Messungen 0.014779 Sekunden gebraucht
bei 1 cores haben 1000 Messungen 0.014643 Sekunden gebraucht
bei 1 cores haben 1000 Messungen 0.013995 Sekunden gebraucht
bei 1 cores haben 1000 Messungen 0.013691 Sekunden gebraucht
bei 1 cores haben 1000 Messungen 0.013727 Sekunden gebraucht
bei 1 cores haben 1000 Messungen 0.013256 Sekunden gebraucht
bei 1 cores haben 1000 Messungen 0.013184 Sekunden gebraucht
bei 1 cores haben 1000 Messungen 0.013266 Sekunden gebraucht
bei 1 cores haben 1000 Messungen 0.013309 Sekunden gebraucht
bei 1 cores haben 1000 Messungen 0.013343 Sekunden gebraucht
bei 2 cores haben 1000 Messungen 0.030249 Sekunden gebraucht
bei 2 cores haben 1000 Messungen 0.023983 Sekunden gebraucht
bei 2 cores haben 1000 Messungen 0.022803 Sekunden gebraucht
bei 2 cores haben 1000 Messungen 0.021831 Sekunden gebraucht
bei 2 cores haben 1000 Messungen 0.020682 Sekunden gebraucht
bei 2 cores haben 1000 Messungen 0.022530 Sekunden gebraucht
bei 2 cores haben 1000 Messungen 0.021567 Sekunden gebraucht
bei 2 cores haben 1000 Messungen 0.018856 Sekunden gebraucht
bei 2 cores haben 1000 Messungen 0.018557 Sekunden gebraucht
bei 2 cores haben 1000 Messungen 0.018796 Sekunden gebraucht
bei 3 cores haben 1000 Messungen 0.017709 Sekunden gebraucht
bei 3 cores haben 1000 Messungen 0.017183 Sekunden gebraucht
bei 3 cores haben 1000 Messungen 0.017179 Sekunden gebraucht
bei 3 cores haben 1000 Messungen 0.018259 Sekunden gebraucht
bei 3 cores haben 1000 Messungen 0.018442 Sekunden gebraucht
bei 3 cores haben 1000 Messungen 0.018444 Sekunden gebraucht
bei 3 cores haben 1000 Messungen 0.018423 Sekunden gebraucht
bei 3 cores haben 1000 Messungen 0.018556 Sekunden gebraucht
bei 3 cores haben 1000 Messungen 0.018528 Sekunden gebraucht
bei 3 cores haben 1000 Messungen 0.017533 Sekunden gebraucht
bei 4 cores haben 1000 Messungen 0.019820 Sekunden gebraucht
bei 4 cores haben 1000 Messungen 0.019925 Sekunden gebraucht
bei 4 cores haben 1000 Messungen 0.018833 Sekunden gebraucht
bei 4 cores haben 1000 Messungen 0.018681 Sekunden gebraucht
bei 4 cores haben 1000 Messungen 0.018685 Sekunden gebraucht
bei 4 cores haben 1000 Messungen 0.019193 Sekunden gebraucht
bei 4 cores haben 1000 Messungen 0.018739 Sekunden gebraucht
bei 4 cores haben 1000 Messungen 0.020247 Sekunden gebraucht
bei 4 cores haben 1000 Messungen 0.020585 Sekunden gebraucht
bei 4 cores haben 1000 Messungen 0.021908 Sekunden gebraucht
bei 5 cores haben 1000 Messungen 0.019692 Sekunden gebraucht
bei 5 cores haben 1000 Messungen 0.020127 Sekunden gebraucht
bei 5 cores haben 1000 Messungen 0.020842 Sekunden gebraucht
bei 5 cores haben 1000 Messungen 0.020101 Sekunden gebraucht
bei 5 cores haben 1000 Messungen 0.020926 Sekunden gebraucht
bei 5 cores haben 1000 Messungen 0.020267 Sekunden gebraucht
bei 5 cores haben 1000 Messungen 0.020383 Sekunden gebraucht
bei 5 cores haben 1000 Messungen 0.020655 Sekunden gebraucht
bei 5 cores haben 1000 Messungen 0.020197 Sekunden gebraucht
bei 5 cores haben 1000 Messungen 0.020095 Sekunden gebraucht
bei 6 cores haben 1000 Messungen 0.021496 Sekunden gebraucht
bei 6 cores haben 1000 Messungen 0.025053 Sekunden gebraucht
bei 6 cores haben 1000 Messungen 0.021034 Sekunden gebraucht
bei 6 cores haben 1000 Messungen 0.024929 Sekunden gebraucht
bei 6 cores haben 1000 Messungen 0.024118 Sekunden gebraucht
bei 6 cores haben 1000 Messungen 0.020913 Sekunden gebraucht
bei 6 cores haben 1000 Messungen 0.021115 Sekunden gebraucht
bei 6 cores haben 1000 Messungen 0.020912 Sekunden gebraucht
bei 6 cores haben 1000 Messungen 0.021905 Sekunden gebraucht
bei 6 cores haben 1000 Messungen 0.022181 Sekunden gebraucht
bei 7 cores haben 1000 Messungen 0.021827 Sekunden gebraucht
bei 7 cores haben 1000 Messungen 0.023065 Sekunden gebraucht
bei 7 cores haben 1000 Messungen 0.022535 Sekunden gebraucht
bei 7 cores haben 1000 Messungen 0.021841 Sekunden gebraucht
bei 7 cores haben 1000 Messungen 0.023330 Sekunden gebraucht
bei 7 cores haben 1000 Messungen 0.023026 Sekunden gebraucht
bei 7 cores haben 1000 Messungen 0.022134 Sekunden gebraucht
bei 7 cores haben 1000 Messungen 0.022449 Sekunden gebraucht
bei 7 cores haben 1000 Messungen 0.022843 Sekunden gebraucht
bei 7 cores haben 1000 Messungen 0.022911 Sekunden gebraucht
bei 8 cores haben 1000 Messungen 0.024430 Sekunden gebraucht
bei 8 cores haben 1000 Messungen 0.024534 Sekunden gebraucht
bei 8 cores haben 1000 Messungen 0.025141 Sekunden gebraucht
bei 8 cores haben 1000 Messungen 0.025178 Sekunden gebraucht
bei 8 cores haben 1000 Messungen 0.024994 Sekunden gebraucht
bei 8 cores haben 1000 Messungen 0.024314 Sekunden gebraucht
bei 8 cores haben 1000 Messungen 0.024175 Sekunden gebraucht
bei 8 cores haben 1000 Messungen 0.023426 Sekunden gebraucht
bei 8 cores haben 1000 Messungen 0.023456 Sekunden gebraucht
bei 8 cores haben 1000 Messungen 0.024057 Sekunden gebraucht
bei 9 cores haben 1000 Messungen 0.026807 Sekunden gebraucht
bei 9 cores haben 1000 Messungen 0.025825 Sekunden gebraucht
bei 9 cores haben 1000 Messungen 0.025333 Sekunden gebraucht
bei 9 cores haben 1000 Messungen 0.025451 Sekunden gebraucht
bei 9 cores haben 1000 Messungen 0.024776 Sekunden gebraucht
bei 9 cores haben 1000 Messungen 0.025694 Sekunden gebraucht
bei 9 cores haben 1000 Messungen 0.026144 Sekunden gebraucht
bei 9 cores haben 1000 Messungen 0.025836 Sekunden gebraucht
bei 9 cores haben 1000 Messungen 0.026337 Sekunden gebraucht
bei 9 cores haben 1000 Messungen 0.024713 Sekunden gebraucht
bei 10 cores haben 1000 Messungen 0.026322 Sekunden gebraucht
bei 10 cores haben 1000 Messungen 0.032440 Sekunden gebraucht
bei 10 cores haben 1000 Messungen 0.029808 Sekunden gebraucht
bei 10 cores haben 1000 Messungen 0.029680 Sekunden gebraucht
bei 10 cores haben 1000 Messungen 0.030319 Sekunden gebraucht
bei 10 cores haben 1000 Messungen 0.026269 Sekunden gebraucht
bei 10 cores haben 1000 Messungen 0.026552 Sekunden gebraucht
bei 10 cores haben 1000 Messungen 0.026273 Sekunden gebraucht
bei 10 cores haben 1000 Messungen 0.026201 Sekunden gebraucht
bei 10 cores haben 1000 Messungen 0.026129 Sekunden gebraucht
bei 11 cores haben 1000 Messungen 0.028249 Sekunden gebraucht
bei 11 cores haben 1000 Messungen 0.028465 Sekunden gebraucht
bei 11 cores haben 1000 Messungen 0.027733 Sekunden gebraucht
bei 11 cores haben 1000 Messungen 0.027177 Sekunden gebraucht
bei 11 cores haben 1000 Messungen 0.028176 Sekunden gebraucht
bei 11 cores haben 1000 Messungen 0.028632 Sekunden gebraucht
bei 11 cores haben 1000 Messungen 0.029128 Sekunden gebraucht
bei 11 cores haben 1000 Messungen 0.028955 Sekunden gebraucht
bei 11 cores haben 1000 Messungen 0.028558 Sekunden gebraucht
bei 11 cores haben 1000 Messungen 0.028637 Sekunden gebraucht
bei 12 cores haben 1000 Messungen 0.029769 Sekunden gebraucht
bei 12 cores haben 1000 Messungen 0.029905 Sekunden gebraucht
bei 12 cores haben 1000 Messungen 0.029658 Sekunden gebraucht
bei 12 cores haben 1000 Messungen 0.030001 Sekunden gebraucht
bei 12 cores haben 1000 Messungen 0.029821 Sekunden gebraucht
bei 12 cores haben 1000 Messungen 0.029469 Sekunden gebraucht
bei 12 cores haben 1000 Messungen 0.030164 Sekunden gebraucht
bei 12 cores haben 1000 Messungen 0.030060 Sekunden gebraucht
bei 12 cores haben 1000 Messungen 0.030250 Sekunden gebraucht
bei 12 cores haben 1000 Messungen 0.029944 Sekunden gebraucht
bei 13 cores haben 1000 Messungen 0.031842 Sekunden gebraucht
bei 13 cores haben 1000 Messungen 0.031745 Sekunden gebraucht
bei 13 cores haben 1000 Messungen 0.031870 Sekunden gebraucht
bei 13 cores haben 1000 Messungen 0.135418 Sekunden gebraucht
bei 13 cores haben 1000 Messungen 0.032350 Sekunden gebraucht
bei 13 cores haben 1000 Messungen 0.032236 Sekunden gebraucht
bei 13 cores haben 1000 Messungen 0.032350 Sekunden gebraucht
bei 13 cores haben 1000 Messungen 0.036287 Sekunden gebraucht
bei 13 cores haben 1000 Messungen 0.032322 Sekunden gebraucht
bei 13 cores haben 1000 Messungen 0.032369 Sekunden gebraucht
bei 14 cores haben 1000 Messungen 0.030205 Sekunden gebraucht
bei 14 cores haben 1000 Messungen 0.030091 Sekunden gebraucht
bei 14 cores haben 1000 Messungen 0.029352 Sekunden gebraucht
bei 14 cores haben 1000 Messungen 0.029834 Sekunden gebraucht
bei 14 cores haben 1000 Messungen 0.029695 Sekunden gebraucht
bei 14 cores haben 1000 Messungen 0.029943 Sekunden gebraucht
bei 14 cores haben 1000 Messungen 0.030182 Sekunden gebraucht
bei 14 cores haben 1000 Messungen 0.030416 Sekunden gebraucht
bei 14 cores haben 1000 Messungen 0.029922 Sekunden gebraucht
bei 14 cores haben 1000 Messungen 0.029961 Sekunden gebraucht
bei 15 cores haben 1000 Messungen 0.035851 Sekunden gebraucht
bei 15 cores haben 1000 Messungen 0.035745 Sekunden gebraucht
bei 15 cores haben 1000 Messungen 0.035768 Sekunden gebraucht
bei 15 cores haben 1000 Messungen 0.036042 Sekunden gebraucht
bei 15 cores haben 1000 Messungen 0.035635 Sekunden gebraucht
bei 15 cores haben 1000 Messungen 0.035577 Sekunden gebraucht
bei 15 cores haben 1000 Messungen 0.035639 Sekunden gebraucht
bei 15 cores haben 1000 Messungen 0.036094 Sekunden gebraucht
bei 15 cores haben 1000 Messungen 0.036134 Sekunden gebraucht
bei 15 cores haben 1000 Messungen 0.046563 Sekunden gebraucht
bei 16 cores haben 1000 Messungen 0.044668 Sekunden gebraucht
bei 16 cores haben 1000 Messungen 0.041573 Sekunden gebraucht
bei 16 cores haben 1000 Messungen 0.037357 Sekunden gebraucht
bei 16 cores haben 1000 Messungen 0.040447 Sekunden gebraucht
bei 16 cores haben 1000 Messungen 0.036843 Sekunden gebraucht
bei 16 cores haben 1000 Messungen 0.037045 Sekunden gebraucht
bei 16 cores haben 1000 Messungen 0.036892 Sekunden gebraucht
bei 16 cores haben 1000 Messungen 0.037327 Sekunden gebraucht
bei 16 cores haben 1000 Messungen 0.037161 Sekunden gebraucht
bei 16 cores haben 1000 Messungen 0.036934 Sekunden gebraucht
Laenge=20
bei 1 cores haben 1000 Messungen 0.049333 Sekunden gebraucht
bei 1 cores haben 1000 Messungen 0.083155 Sekunden gebraucht
bei 1 cores haben 1000 Messungen 0.061602 Sekunden gebraucht
bei 1 cores haben 1000 Messungen 0.084508 Sekunden gebraucht
bei 1 cores haben 1000 Messungen 0.062579 Sekunden gebraucht
bei 1 cores haben 1000 Messungen 0.052763 Sekunden gebraucht
bei 1 cores haben 1000 Messungen 0.047077 Sekunden gebraucht
bei 1 cores haben 1000 Messungen 0.045716 Sekunden gebraucht
bei 1 cores haben 1000 Messungen 0.045591 Sekunden gebraucht
bei 1 cores haben 1000 Messungen 0.045547 Sekunden gebraucht
bei 2 cores haben 1000 Messungen 0.062783 Sekunden gebraucht
bei 2 cores haben 1000 Messungen 0.055663 Sekunden gebraucht
bei 2 cores haben 1000 Messungen 0.054065 Sekunden gebraucht
bei 2 cores haben 1000 Messungen 0.072726 Sekunden gebraucht
bei 2 cores haben 1000 Messungen 0.059173 Sekunden gebraucht
bei 2 cores haben 1000 Messungen 0.072076 Sekunden gebraucht
bei 2 cores haben 1000 Messungen 0.060180 Sekunden gebraucht
bei 2 cores haben 1000 Messungen 0.058910 Sekunden gebraucht
bei 2 cores haben 1000 Messungen 0.057077 Sekunden gebraucht
bei 2 cores haben 1000 Messungen 0.059643 Sekunden gebraucht
bei 3 cores haben 1000 Messungen 0.067527 Sekunden gebraucht
bei 3 cores haben 1000 Messungen 0.057302 Sekunden gebraucht
bei 3 cores haben 1000 Messungen 0.057284 Sekunden gebraucht
bei 3 cores haben 1000 Messungen 0.054215 Sekunden gebraucht
bei 3 cores haben 1000 Messungen 0.054363 Sekunden gebraucht
bei 3 cores haben 1000 Messungen 0.054208 Sekunden gebraucht
bei 3 cores haben 1000 Messungen 0.054354 Sekunden gebraucht
bei 3 cores haben 1000 Messungen 0.053435 Sekunden gebraucht
bei 3 cores haben 1000 Messungen 0.051197 Sekunden gebraucht
bei 3 cores haben 1000 Messungen 0.044043 Sekunden gebraucht
bei 4 cores haben 1000 Messungen 0.048440 Sekunden gebraucht
bei 4 cores haben 1000 Messungen 0.046162 Sekunden gebraucht
bei 4 cores haben 1000 Messungen 0.047071 Sekunden gebraucht
bei 4 cores haben 1000 Messungen 0.046723 Sekunden gebraucht
bei 4 cores haben 1000 Messungen 0.047517 Sekunden gebraucht
bei 4 cores haben 1000 Messungen 0.048347 Sekunden gebraucht
bei 4 cores haben 1000 Messungen 0.043701 Sekunden gebraucht
bei 4 cores haben 1000 Messungen 0.044126 Sekunden gebraucht
bei 4 cores haben 1000 Messungen 0.043033 Sekunden gebraucht
bei 4 cores haben 1000 Messungen 0.043164 Sekunden gebraucht
bei 5 cores haben 1000 Messungen 0.049040 Sekunden gebraucht
bei 5 cores haben 1000 Messungen 0.046007 Sekunden gebraucht
bei 5 cores haben 1000 Messungen 0.046803 Sekunden gebraucht
bei 5 cores haben 1000 Messungen 0.045784 Sekunden gebraucht
bei 5 cores haben 1000 Messungen 0.045686 Sekunden gebraucht
bei 5 cores haben 1000 Messungen 0.045057 Sekunden gebraucht
bei 5 cores haben 1000 Messungen 0.049869 Sekunden gebraucht
bei 5 cores haben 1000 Messungen 0.049676 Sekunden gebraucht
bei 5 cores haben 1000 Messungen 0.046142 Sekunden gebraucht
bei 5 cores haben 1000 Messungen 0.054835 Sekunden gebraucht
bei 6 cores haben 1000 Messungen 0.047669 Sekunden gebraucht
bei 6 cores haben 1000 Messungen 0.048172 Sekunden gebraucht
bei 6 cores haben 1000 Messungen 0.047830 Sekunden gebraucht
bei 6 cores haben 1000 Messungen 0.047745 Sekunden gebraucht
bei 6 cores haben 1000 Messungen 0.048107 Sekunden gebraucht
bei 6 cores haben 1000 Messungen 0.047336 Sekunden gebraucht
bei 6 cores haben 1000 Messungen 0.048418 Sekunden gebraucht
bei 6 cores haben 1000 Messungen 0.047590 Sekunden gebraucht
bei 6 cores haben 1000 Messungen 0.047772 Sekunden gebraucht
bei 6 cores haben 1000 Messungen 0.047797 Sekunden gebraucht
bei 7 cores haben 1000 Messungen 0.050677 Sekunden gebraucht
bei 7 cores haben 1000 Messungen 0.051163 Sekunden gebraucht
bei 7 cores haben 1000 Messungen 0.050647 Sekunden gebraucht
bei 7 cores haben 1000 Messungen 0.050557 Sekunden gebraucht
bei 7 cores haben 1000 Messungen 0.050187 Sekunden gebraucht
bei 7 cores haben 1000 Messungen 0.049962 Sekunden gebraucht
bei 7 cores haben 1000 Messungen 0.049320 Sekunden gebraucht
bei 7 cores haben 1000 Messungen 0.051450 Sekunden gebraucht
bei 7 cores haben 1000 Messungen 0.045655 Sekunden gebraucht
bei 7 cores haben 1000 Messungen 0.057805 Sekunden gebraucht
bei 8 cores haben 1000 Messungen 0.053294 Sekunden gebraucht
bei 8 cores haben 1000 Messungen 0.053276 Sekunden gebraucht
bei 8 cores haben 1000 Messungen 0.050335 Sekunden gebraucht
bei 8 cores haben 1000 Messungen 0.052266 Sekunden gebraucht
bei 8 cores haben 1000 Messungen 0.052307 Sekunden gebraucht
bei 8 cores haben 1000 Messungen 0.053229 Sekunden gebraucht
bei 8 cores haben 1000 Messungen 0.052243 Sekunden gebraucht
bei 8 cores haben 1000 Messungen 0.051460 Sekunden gebraucht
bei 8 cores haben 1000 Messungen 0.050885 Sekunden gebraucht
bei 8 cores haben 1000 Messungen 0.052236 Sekunden gebraucht
bei 9 cores haben 1000 Messungen 0.054477 Sekunden gebraucht
bei 9 cores haben 1000 Messungen 0.051358 Sekunden gebraucht
bei 9 cores haben 1000 Messungen 0.054148 Sekunden gebraucht
bei 9 cores haben 1000 Messungen 0.054671 Sekunden gebraucht
bei 9 cores haben 1000 Messungen 0.054669 Sekunden gebraucht
bei 9 cores haben 1000 Messungen 0.057171 Sekunden gebraucht
bei 9 cores haben 1000 Messungen 0.058270 Sekunden gebraucht
bei 9 cores haben 1000 Messungen 0.059657 Sekunden gebraucht
bei 9 cores haben 1000 Messungen 0.054367 Sekunden gebraucht
bei 9 cores haben 1000 Messungen 0.054317 Sekunden gebraucht
bei 10 cores haben 1000 Messungen 0.055027 Sekunden gebraucht
bei 10 cores haben 1000 Messungen 0.055300 Sekunden gebraucht
bei 10 cores haben 1000 Messungen 0.058863 Sekunden gebraucht
bei 10 cores haben 1000 Messungen 0.055861 Sekunden gebraucht
bei 10 cores haben 1000 Messungen 0.055480 Sekunden gebraucht
bei 10 cores haben 1000 Messungen 0.055080 Sekunden gebraucht
bei 10 cores haben 1000 Messungen 0.055083 Sekunden gebraucht
bei 10 cores haben 1000 Messungen 0.055425 Sekunden gebraucht
bei 10 cores haben 1000 Messungen 0.055614 Sekunden gebraucht
bei 10 cores haben 1000 Messungen 0.054748 Sekunden gebraucht
bei 11 cores haben 1000 Messungen 0.056340 Sekunden gebraucht
bei 11 cores haben 1000 Messungen 0.053501 Sekunden gebraucht
bei 11 cores haben 1000 Messungen 0.054819 Sekunden gebraucht
bei 11 cores haben 1000 Messungen 0.056152 Sekunden gebraucht
bei 11 cores haben 1000 Messungen 0.058836 Sekunden gebraucht
bei 11 cores haben 1000 Messungen 0.061617 Sekunden gebraucht
bei 11 cores haben 1000 Messungen 0.054286 Sekunden gebraucht
bei 11 cores haben 1000 Messungen 0.055477 Sekunden gebraucht
bei 11 cores haben 1000 Messungen 0.055539 Sekunden gebraucht
bei 11 cores haben 1000 Messungen 0.055802 Sekunden gebraucht
bei 12 cores haben 1000 Messungen 0.057483 Sekunden gebraucht
bei 12 cores haben 1000 Messungen 0.056079 Sekunden gebraucht
bei 12 cores haben 1000 Messungen 0.057281 Sekunden gebraucht
bei 12 cores haben 1000 Messungen 0.056630 Sekunden gebraucht
bei 12 cores haben 1000 Messungen 0.057250 Sekunden gebraucht
bei 12 cores haben 1000 Messungen 0.056970 Sekunden gebraucht
bei 12 cores haben 1000 Messungen 0.057308 Sekunden gebraucht
bei 12 cores haben 1000 Messungen 0.057278 Sekunden gebraucht
bei 12 cores haben 1000 Messungen 0.056455 Sekunden gebraucht
bei 12 cores haben 1000 Messungen 0.055687 Sekunden gebraucht
bei 13 cores haben 1000 Messungen 0.059338 Sekunden gebraucht
bei 13 cores haben 1000 Messungen 0.056401 Sekunden gebraucht
bei 13 cores haben 1000 Messungen 0.061033 Sekunden gebraucht
bei 13 cores haben 1000 Messungen 0.060765 Sekunden gebraucht
bei 13 cores haben 1000 Messungen 0.057542 Sekunden gebraucht
bei 13 cores haben 1000 Messungen 0.056806 Sekunden gebraucht
bei 13 cores haben 1000 Messungen 0.057638 Sekunden gebraucht
bei 13 cores haben 1000 Messungen 0.057613 Sekunden gebraucht
bei 13 cores haben 1000 Messungen 0.056789 Sekunden gebraucht
bei 13 cores haben 1000 Messungen 0.056660 Sekunden gebraucht
bei 14 cores haben 1000 Messungen 0.057287 Sekunden gebraucht
bei 14 cores haben 1000 Messungen 0.057683 Sekunden gebraucht
bei 14 cores haben 1000 Messungen 0.057177 Sekunden gebraucht
bei 14 cores haben 1000 Messungen 0.059107 Sekunden gebraucht
bei 14 cores haben 1000 Messungen 0.058984 Sekunden gebraucht
bei 14 cores haben 1000 Messungen 0.059481 Sekunden gebraucht
bei 14 cores haben 1000 Messungen 0.059391 Sekunden gebraucht
bei 14 cores haben 1000 Messungen 0.066446 Sekunden gebraucht
bei 14 cores haben 1000 Messungen 0.059216 Sekunden gebraucht
bei 14 cores haben 1000 Messungen 0.070612 Sekunden gebraucht
bei 15 cores haben 1000 Messungen 0.062692 Sekunden gebraucht
bei 15 cores haben 1000 Messungen 0.055515 Sekunden gebraucht
bei 15 cores haben 1000 Messungen 0.055174 Sekunden gebraucht
bei 15 cores haben 1000 Messungen 0.055124 Sekunden gebraucht
bei 15 cores haben 1000 Messungen 0.055356 Sekunden gebraucht
bei 15 cores haben 1000 Messungen 0.055616 Sekunden gebraucht
bei 15 cores haben 1000 Messungen 0.055661 Sekunden gebraucht
bei 15 cores haben 1000 Messungen 0.055599 Sekunden gebraucht
bei 15 cores haben 1000 Messungen 0.055662 Sekunden gebraucht
bei 15 cores haben 1000 Messungen 0.055648 Sekunden gebraucht
bei 16 cores haben 1000 Messungen 0.064997 Sekunden gebraucht
bei 16 cores haben 1000 Messungen 0.062998 Sekunden gebraucht
bei 16 cores haben 1000 Messungen 0.062766 Sekunden gebraucht
bei 16 cores haben 1000 Messungen 0.069424 Sekunden gebraucht
bei 16 cores haben 1000 Messungen 0.070352 Sekunden gebraucht
bei 16 cores haben 1000 Messungen 0.072618 Sekunden gebraucht
bei 16 cores haben 1000 Messungen 0.066858 Sekunden gebraucht
bei 16 cores haben 1000 Messungen 0.067087 Sekunden gebraucht
bei 16 cores haben 1000 Messungen 0.064200 Sekunden gebraucht
bei 16 cores haben 1000 Messungen 0.064002 Sekunden gebraucht
Laenge=36
bei 1 cores haben 1000 Messungen 0.145257 Sekunden gebraucht
bei 1 cores haben 1000 Messungen 0.201536 Sekunden gebraucht
bei 1 cores haben 1000 Messungen 0.176725 Sekunden gebraucht
bei 1 cores haben 1000 Messungen 0.200692 Sekunden gebraucht
bei 1 cores haben 1000 Messungen 0.146141 Sekunden gebraucht
bei 1 cores haben 1000 Messungen 0.220270 Sekunden gebraucht
bei 1 cores haben 1000 Messungen 0.199080 Sekunden gebraucht
bei 1 cores haben 1000 Messungen 0.180611 Sekunden gebraucht
bei 1 cores haben 1000 Messungen 0.142143 Sekunden gebraucht
bei 1 cores haben 1000 Messungen 0.144971 Sekunden gebraucht
bei 2 cores haben 1000 Messungen 0.091018 Sekunden gebraucht
bei 2 cores haben 1000 Messungen 0.157655 Sekunden gebraucht
bei 2 cores haben 1000 Messungen 0.149819 Sekunden gebraucht
bei 2 cores haben 1000 Messungen 0.149985 Sekunden gebraucht
bei 2 cores haben 1000 Messungen 0.136758 Sekunden gebraucht
bei 2 cores haben 1000 Messungen 0.130274 Sekunden gebraucht
bei 2 cores haben 1000 Messungen 0.131402 Sekunden gebraucht
bei 2 cores haben 1000 Messungen 0.130486 Sekunden gebraucht
bei 2 cores haben 1000 Messungen 0.130820 Sekunden gebraucht
bei 2 cores haben 1000 Messungen 0.130380 Sekunden gebraucht
bei 3 cores haben 1000 Messungen 0.117118 Sekunden gebraucht
bei 3 cores haben 1000 Messungen 0.110676 Sekunden gebraucht
bei 3 cores haben 1000 Messungen 0.110868 Sekunden gebraucht
bei 3 cores haben 1000 Messungen 0.111016 Sekunden gebraucht
bei 3 cores haben 1000 Messungen 0.113162 Sekunden gebraucht
bei 3 cores haben 1000 Messungen 0.067816 Sekunden gebraucht
bei 3 cores haben 1000 Messungen 0.073115 Sekunden gebraucht
bei 3 cores haben 1000 Messungen 0.131347 Sekunden gebraucht
bei 3 cores haben 1000 Messungen 0.077150 Sekunden gebraucht
bei 3 cores haben 1000 Messungen 0.112585 Sekunden gebraucht
bei 4 cores haben 1000 Messungen 0.127801 Sekunden gebraucht
bei 4 cores haben 1000 Messungen 0.128940 Sekunden gebraucht
bei 4 cores haben 1000 Messungen 0.123561 Sekunden gebraucht
bei 4 cores haben 1000 Messungen 0.120255 Sekunden gebraucht
bei 4 cores haben 1000 Messungen 0.115009 Sekunden gebraucht
bei 4 cores haben 1000 Messungen 0.065970 Sekunden gebraucht
bei 4 cores haben 1000 Messungen 0.100708 Sekunden gebraucht
bei 4 cores haben 1000 Messungen 0.110472 Sekunden gebraucht
bei 4 cores haben 1000 Messungen 0.103110 Sekunden gebraucht
bei 4 cores haben 1000 Messungen 0.062631 Sekunden gebraucht
bei 5 cores haben 1000 Messungen 0.115504 Sekunden gebraucht
bei 5 cores haben 1000 Messungen 0.112340 Sekunden gebraucht
bei 5 cores haben 1000 Messungen 0.111947 Sekunden gebraucht
bei 5 cores haben 1000 Messungen 0.115525 Sekunden gebraucht
bei 5 cores haben 1000 Messungen 0.070790 Sekunden gebraucht
bei 5 cores haben 1000 Messungen 0.073239 Sekunden gebraucht
bei 5 cores haben 1000 Messungen 0.108024 Sekunden gebraucht
bei 5 cores haben 1000 Messungen 0.108739 Sekunden gebraucht
bei 5 cores haben 1000 Messungen 0.109996 Sekunden gebraucht
bei 5 cores haben 1000 Messungen 0.110048 Sekunden gebraucht
bei 6 cores haben 1000 Messungen 0.111364 Sekunden gebraucht
bei 6 cores haben 1000 Messungen 0.114282 Sekunden gebraucht
bei 6 cores haben 1000 Messungen 0.055725 Sekunden gebraucht
bei 6 cores haben 1000 Messungen 0.086116 Sekunden gebraucht
bei 6 cores haben 1000 Messungen 0.127550 Sekunden gebraucht
bei 6 cores haben 1000 Messungen 0.114357 Sekunden gebraucht
bei 6 cores haben 1000 Messungen 0.113769 Sekunden gebraucht
bei 6 cores haben 1000 Messungen 0.113612 Sekunden gebraucht
bei 6 cores haben 1000 Messungen 0.110329 Sekunden gebraucht
bei 6 cores haben 1000 Messungen 0.112992 Sekunden gebraucht
bei 7 cores haben 1000 Messungen 0.114496 Sekunden gebraucht
bei 7 cores haben 1000 Messungen 0.114349 Sekunden gebraucht
bei 7 cores haben 1000 Messungen 0.121446 Sekunden gebraucht
bei 7 cores haben 1000 Messungen 0.114159 Sekunden gebraucht
bei 7 cores haben 1000 Messungen 0.120265 Sekunden gebraucht
bei 7 cores haben 1000 Messungen 0.113096 Sekunden gebraucht
bei 7 cores haben 1000 Messungen 0.114136 Sekunden gebraucht
bei 7 cores haben 1000 Messungen 0.114076 Sekunden gebraucht
bei 7 cores haben 1000 Messungen 0.058769 Sekunden gebraucht
bei 7 cores haben 1000 Messungen 0.086768 Sekunden gebraucht
bei 8 cores haben 1000 Messungen 0.116523 Sekunden gebraucht
bei 8 cores haben 1000 Messungen 0.130621 Sekunden gebraucht
bei 8 cores haben 1000 Messungen 0.119983 Sekunden gebraucht
bei 8 cores haben 1000 Messungen 0.115053 Sekunden gebraucht
bei 8 cores haben 1000 Messungen 0.117918 Sekunden gebraucht
bei 8 cores haben 1000 Messungen 0.113997 Sekunden gebraucht
bei 8 cores haben 1000 Messungen 0.117821 Sekunden gebraucht
bei 8 cores haben 1000 Messungen 0.117963 Sekunden gebraucht
bei 8 cores haben 1000 Messungen 0.117955 Sekunden gebraucht
bei 8 cores haben 1000 Messungen 0.118060 Sekunden gebraucht
bei 9 cores haben 1000 Messungen 0.124611 Sekunden gebraucht
bei 9 cores haben 1000 Messungen 0.118447 Sekunden gebraucht
bei 9 cores haben 1000 Messungen 0.114851 Sekunden gebraucht
bei 9 cores haben 1000 Messungen 0.115340 Sekunden gebraucht
bei 9 cores haben 1000 Messungen 0.115089 Sekunden gebraucht
bei 9 cores haben 1000 Messungen 0.115118 Sekunden gebraucht
bei 9 cores haben 1000 Messungen 0.115645 Sekunden gebraucht
bei 9 cores haben 1000 Messungen 0.115510 Sekunden gebraucht
bei 9 cores haben 1000 Messungen 0.119419 Sekunden gebraucht
bei 9 cores haben 1000 Messungen 0.121594 Sekunden gebraucht
bei 10 cores haben 1000 Messungen 0.120292 Sekunden gebraucht
bei 10 cores haben 1000 Messungen 0.116108 Sekunden gebraucht
bei 10 cores haben 1000 Messungen 0.115917 Sekunden gebraucht
bei 10 cores haben 1000 Messungen 0.115688 Sekunden gebraucht
bei 10 cores haben 1000 Messungen 0.116565 Sekunden gebraucht
bei 10 cores haben 1000 Messungen 0.116137 Sekunden gebraucht
bei 10 cores haben 1000 Messungen 0.121673 Sekunden gebraucht
bei 10 cores haben 1000 Messungen 0.128250 Sekunden gebraucht
bei 10 cores haben 1000 Messungen 0.115686 Sekunden gebraucht
bei 10 cores haben 1000 Messungen 0.117746 Sekunden gebraucht
bei 11 cores haben 1000 Messungen 0.116411 Sekunden gebraucht
bei 11 cores haben 1000 Messungen 0.116428 Sekunden gebraucht
bei 11 cores haben 1000 Messungen 0.116903 Sekunden gebraucht
bei 11 cores haben 1000 Messungen 0.115929 Sekunden gebraucht
bei 11 cores haben 1000 Messungen 0.116559 Sekunden gebraucht
bei 11 cores haben 1000 Messungen 0.123246 Sekunden gebraucht
bei 11 cores haben 1000 Messungen 0.119864 Sekunden gebraucht
bei 11 cores haben 1000 Messungen 0.116395 Sekunden gebraucht
bei 11 cores haben 1000 Messungen 0.118299 Sekunden gebraucht
bei 11 cores haben 1000 Messungen 0.116663 Sekunden gebraucht
bei 12 cores haben 1000 Messungen 0.119871 Sekunden gebraucht
bei 12 cores haben 1000 Messungen 0.120395 Sekunden gebraucht
bei 12 cores haben 1000 Messungen 0.120443 Sekunden gebraucht
bei 12 cores haben 1000 Messungen 0.126445 Sekunden gebraucht
bei 12 cores haben 1000 Messungen 0.126702 Sekunden gebraucht
bei 12 cores haben 1000 Messungen 0.119900 Sekunden gebraucht
bei 12 cores haben 1000 Messungen 0.119625 Sekunden gebraucht
bei 12 cores haben 1000 Messungen 0.119826 Sekunden gebraucht
bei 12 cores haben 1000 Messungen 0.120266 Sekunden gebraucht
bei 12 cores haben 1000 Messungen 0.120178 Sekunden gebraucht
bei 13 cores haben 1000 Messungen 0.120589 Sekunden gebraucht
bei 13 cores haben 1000 Messungen 0.127928 Sekunden gebraucht
bei 13 cores haben 1000 Messungen 0.126638 Sekunden gebraucht
bei 13 cores haben 1000 Messungen 0.120348 Sekunden gebraucht
bei 13 cores haben 1000 Messungen 0.121008 Sekunden gebraucht
bei 13 cores haben 1000 Messungen 0.121894 Sekunden gebraucht
bei 13 cores haben 1000 Messungen 0.120178 Sekunden gebraucht
bei 13 cores haben 1000 Messungen 0.120731 Sekunden gebraucht
bei 13 cores haben 1000 Messungen 0.119768 Sekunden gebraucht
bei 13 cores haben 1000 Messungen 0.123682 Sekunden gebraucht
bei 14 cores haben 1000 Messungen 0.137127 Sekunden gebraucht
bei 14 cores haben 1000 Messungen 0.121227 Sekunden gebraucht
bei 14 cores haben 1000 Messungen 0.121536 Sekunden gebraucht
bei 14 cores haben 1000 Messungen 0.122008 Sekunden gebraucht
bei 14 cores haben 1000 Messungen 0.121746 Sekunden gebraucht
bei 14 cores haben 1000 Messungen 0.122457 Sekunden gebraucht
bei 14 cores haben 1000 Messungen 0.120678 Sekunden gebraucht
bei 14 cores haben 1000 Messungen 0.127545 Sekunden gebraucht
bei 14 cores haben 1000 Messungen 0.131881 Sekunden gebraucht
bei 14 cores haben 1000 Messungen 0.121015 Sekunden gebraucht
bei 15 cores haben 1000 Messungen 0.123861 Sekunden gebraucht
bei 15 cores haben 1000 Messungen 0.123123 Sekunden gebraucht
bei 15 cores haben 1000 Messungen 0.123431 Sekunden gebraucht
bei 15 cores haben 1000 Messungen 0.125041 Sekunden gebraucht
bei 15 cores haben 1000 Messungen 0.124489 Sekunden gebraucht
bei 15 cores haben 1000 Messungen 0.132958 Sekunden gebraucht
bei 15 cores haben 1000 Messungen 0.134271 Sekunden gebraucht
bei 15 cores haben 1000 Messungen 0.123546 Sekunden gebraucht
bei 15 cores haben 1000 Messungen 0.123845 Sekunden gebraucht
bei 15 cores haben 1000 Messungen 0.125360 Sekunden gebraucht
bei 16 cores haben 1000 Messungen 0.138660 Sekunden gebraucht
bei 16 cores haben 1000 Messungen 0.123671 Sekunden gebraucht
bei 16 cores haben 1000 Messungen 0.123375 Sekunden gebraucht
bei 16 cores haben 1000 Messungen 0.136729 Sekunden gebraucht
bei 16 cores haben 1000 Messungen 0.131300 Sekunden gebraucht
bei 16 cores haben 1000 Messungen 0.124192 Sekunden gebraucht
bei 16 cores haben 1000 Messungen 0.123550 Sekunden gebraucht
bei 16 cores haben 1000 Messungen 0.124430 Sekunden gebraucht
bei 16 cores haben 1000 Messungen 0.124300 Sekunden gebraucht
bei 16 cores haben 1000 Messungen 0.124018 Sekunden gebraucht
Laenge=50
bei 1 cores haben 1000 Messungen 0.276051 Sekunden gebraucht
bei 1 cores haben 1000 Messungen 0.330280 Sekunden gebraucht
bei 1 cores haben 1000 Messungen 0.331754 Sekunden gebraucht
bei 1 cores haben 1000 Messungen 0.403479 Sekunden gebraucht
bei 1 cores haben 1000 Messungen 0.319832 Sekunden gebraucht
bei 1 cores haben 1000 Messungen 0.272326 Sekunden gebraucht
bei 1 cores haben 1000 Messungen 0.272728 Sekunden gebraucht
bei 1 cores haben 1000 Messungen 0.314121 Sekunden gebraucht
bei 1 cores haben 1000 Messungen 0.272645 Sekunden gebraucht
bei 1 cores haben 1000 Messungen 0.272332 Sekunden gebraucht
bei 2 cores haben 1000 Messungen 0.294183 Sekunden gebraucht
bei 2 cores haben 1000 Messungen 0.281951 Sekunden gebraucht
bei 2 cores haben 1000 Messungen 0.245156 Sekunden gebraucht
bei 2 cores haben 1000 Messungen 0.274718 Sekunden gebraucht
bei 2 cores haben 1000 Messungen 0.321692 Sekunden gebraucht
bei 2 cores haben 1000 Messungen 0.263828 Sekunden gebraucht
bei 2 cores haben 1000 Messungen 0.246418 Sekunden gebraucht
bei 2 cores haben 1000 Messungen 0.264149 Sekunden gebraucht
bei 2 cores haben 1000 Messungen 0.303500 Sekunden gebraucht
bei 2 cores haben 1000 Messungen 0.301579 Sekunden gebraucht
bei 3 cores haben 1000 Messungen 0.284828 Sekunden gebraucht
bei 3 cores haben 1000 Messungen 0.226388 Sekunden gebraucht
bei 3 cores haben 1000 Messungen 0.213587 Sekunden gebraucht
bei 3 cores haben 1000 Messungen 0.216641 Sekunden gebraucht
bei 3 cores haben 1000 Messungen 0.217059 Sekunden gebraucht
bei 3 cores haben 1000 Messungen 0.208379 Sekunden gebraucht
bei 3 cores haben 1000 Messungen 0.203143 Sekunden gebraucht
bei 3 cores haben 1000 Messungen 0.155859 Sekunden gebraucht
bei 3 cores haben 1000 Messungen 0.243295 Sekunden gebraucht
bei 3 cores haben 1000 Messungen 0.208170 Sekunden gebraucht
bei 4 cores haben 1000 Messungen 0.196819 Sekunden gebraucht
bei 4 cores haben 1000 Messungen 0.138585 Sekunden gebraucht
bei 4 cores haben 1000 Messungen 0.204399 Sekunden gebraucht
bei 4 cores haben 1000 Messungen 0.193724 Sekunden gebraucht
bei 4 cores haben 1000 Messungen 0.204954 Sekunden gebraucht
bei 4 cores haben 1000 Messungen 0.122095 Sekunden gebraucht
bei 4 cores haben 1000 Messungen 0.213277 Sekunden gebraucht
bei 4 cores haben 1000 Messungen 0.203695 Sekunden gebraucht
bei 4 cores haben 1000 Messungen 0.212151 Sekunden gebraucht
bei 4 cores haben 1000 Messungen 0.212741 Sekunden gebraucht
bei 5 cores haben 1000 Messungen 0.211247 Sekunden gebraucht
bei 5 cores haben 1000 Messungen 0.218407 Sekunden gebraucht
bei 5 cores haben 1000 Messungen 0.208269 Sekunden gebraucht
bei 5 cores haben 1000 Messungen 0.205936 Sekunden gebraucht
bei 5 cores haben 1000 Messungen 0.205716 Sekunden gebraucht
bei 5 cores haben 1000 Messungen 0.211968 Sekunden gebraucht
bei 5 cores haben 1000 Messungen 0.206795 Sekunden gebraucht
bei 5 cores haben 1000 Messungen 0.133437 Sekunden gebraucht
bei 5 cores haben 1000 Messungen 0.205235 Sekunden gebraucht
bei 5 cores haben 1000 Messungen 0.203395 Sekunden gebraucht
bei 6 cores haben 1000 Messungen 0.207345 Sekunden gebraucht
bei 6 cores haben 1000 Messungen 0.109001 Sekunden gebraucht
bei 6 cores haben 1000 Messungen 0.186635 Sekunden gebraucht
bei 6 cores haben 1000 Messungen 0.209130 Sekunden gebraucht
bei 6 cores haben 1000 Messungen 0.210104 Sekunden gebraucht
bei 6 cores haben 1000 Messungen 0.123069 Sekunden gebraucht
bei 6 cores haben 1000 Messungen 0.200742 Sekunden gebraucht
bei 6 cores haben 1000 Messungen 0.108394 Sekunden gebraucht
bei 6 cores haben 1000 Messungen 0.193496 Sekunden gebraucht
bei 6 cores haben 1000 Messungen 0.211586 Sekunden gebraucht
bei 7 cores haben 1000 Messungen 0.212168 Sekunden gebraucht
bei 7 cores haben 1000 Messungen 0.124162 Sekunden gebraucht
bei 7 cores haben 1000 Messungen 0.220945 Sekunden gebraucht
bei 7 cores haben 1000 Messungen 0.213436 Sekunden gebraucht
bei 7 cores haben 1000 Messungen 0.104909 Sekunden gebraucht
bei 7 cores haben 1000 Messungen 0.187192 Sekunden gebraucht
bei 7 cores haben 1000 Messungen 0.210997 Sekunden gebraucht
bei 7 cores haben 1000 Messungen 0.208338 Sekunden gebraucht
bei 7 cores haben 1000 Messungen 0.216290 Sekunden gebraucht
bei 7 cores haben 1000 Messungen 0.114086 Sekunden gebraucht
bei 8 cores haben 1000 Messungen 0.186506 Sekunden gebraucht
bei 8 cores haben 1000 Messungen 0.205661 Sekunden gebraucht
bei 8 cores haben 1000 Messungen 0.212366 Sekunden gebraucht
bei 8 cores haben 1000 Messungen 0.163053 Sekunden gebraucht
bei 8 cores haben 1000 Messungen 0.206674 Sekunden gebraucht
bei 8 cores haben 1000 Messungen 0.209826 Sekunden gebraucht
bei 8 cores haben 1000 Messungen 0.178809 Sekunden gebraucht
bei 8 cores haben 1000 Messungen 0.186598 Sekunden gebraucht
bei 8 cores haben 1000 Messungen 0.215665 Sekunden gebraucht
bei 8 cores haben 1000 Messungen 0.172893 Sekunden gebraucht
bei 9 cores haben 1000 Messungen 0.212434 Sekunden gebraucht
bei 9 cores haben 1000 Messungen 0.212394 Sekunden gebraucht
bei 9 cores haben 1000 Messungen 0.206672 Sekunden gebraucht
bei 9 cores haben 1000 Messungen 0.222032 Sekunden gebraucht
bei 9 cores haben 1000 Messungen 0.216537 Sekunden gebraucht
bei 9 cores haben 1000 Messungen 0.212533 Sekunden gebraucht
bei 9 cores haben 1000 Messungen 0.184516 Sekunden gebraucht
bei 9 cores haben 1000 Messungen 0.216257 Sekunden gebraucht
bei 9 cores haben 1000 Messungen 0.212081 Sekunden gebraucht
bei 9 cores haben 1000 Messungen 0.212240 Sekunden gebraucht
bei 10 cores haben 1000 Messungen 0.210414 Sekunden gebraucht
bei 10 cores haben 1000 Messungen 0.603492 Sekunden gebraucht
bei 10 cores haben 1000 Messungen 0.294512 Sekunden gebraucht
bei 10 cores haben 1000 Messungen 0.210878 Sekunden gebraucht
bei 10 cores haben 1000 Messungen 0.222778 Sekunden gebraucht
bei 10 cores haben 1000 Messungen 0.212044 Sekunden gebraucht
bei 10 cores haben 1000 Messungen 0.391341 Sekunden gebraucht
bei 10 cores haben 1000 Messungen 0.208216 Sekunden gebraucht
bei 10 cores haben 1000 Messungen 0.227220 Sekunden gebraucht
bei 10 cores haben 1000 Messungen 0.217521 Sekunden gebraucht
bei 11 cores haben 1000 Messungen 0.209843 Sekunden gebraucht
bei 11 cores haben 1000 Messungen 0.711638 Sekunden gebraucht
bei 11 cores haben 1000 Messungen 0.209715 Sekunden gebraucht
bei 11 cores haben 1000 Messungen 0.209581 Sekunden gebraucht
bei 11 cores haben 1000 Messungen 0.209205 Sekunden gebraucht
bei 11 cores haben 1000 Messungen 0.218985 Sekunden gebraucht
bei 11 cores haben 1000 Messungen 0.214281 Sekunden gebraucht
bei 11 cores haben 1000 Messungen 0.211686 Sekunden gebraucht
bei 11 cores haben 1000 Messungen 0.209039 Sekunden gebraucht
bei 11 cores haben 1000 Messungen 0.208872 Sekunden gebraucht
bei 12 cores haben 1000 Messungen 0.238727 Sekunden gebraucht
bei 12 cores haben 1000 Messungen 0.370756 Sekunden gebraucht
bei 12 cores haben 1000 Messungen 0.217644 Sekunden gebraucht
bei 12 cores haben 1000 Messungen 0.221931 Sekunden gebraucht
bei 12 cores haben 1000 Messungen 0.238520 Sekunden gebraucht
bei 12 cores haben 1000 Messungen 0.215882 Sekunden gebraucht
bei 12 cores haben 1000 Messungen 0.216139 Sekunden gebraucht
bei 12 cores haben 1000 Messungen 0.219343 Sekunden gebraucht
bei 12 cores haben 1000 Messungen 0.227116 Sekunden gebraucht
bei 12 cores haben 1000 Messungen 0.216184 Sekunden gebraucht
bei 13 cores haben 1000 Messungen 0.215625 Sekunden gebraucht
bei 13 cores haben 1000 Messungen 0.213808 Sekunden gebraucht
bei 13 cores haben 1000 Messungen 0.218639 Sekunden gebraucht
bei 13 cores haben 1000 Messungen 0.230573 Sekunden gebraucht
bei 13 cores haben 1000 Messungen 0.214857 Sekunden gebraucht
bei 13 cores haben 1000 Messungen 0.214023 Sekunden gebraucht
bei 13 cores haben 1000 Messungen 0.213683 Sekunden gebraucht
bei 13 cores haben 1000 Messungen 0.399747 Sekunden gebraucht
bei 13 cores haben 1000 Messungen 0.219416 Sekunden gebraucht
bei 13 cores haben 1000 Messungen 0.550586 Sekunden gebraucht
bei 14 cores haben 1000 Messungen 0.233281 Sekunden gebraucht
bei 14 cores haben 1000 Messungen 0.217955 Sekunden gebraucht
bei 14 cores haben 1000 Messungen 0.218783 Sekunden gebraucht
bei 14 cores haben 1000 Messungen 0.218834 Sekunden gebraucht
bei 14 cores haben 1000 Messungen 0.230808 Sekunden gebraucht
bei 14 cores haben 1000 Messungen 0.218618 Sekunden gebraucht
bei 14 cores haben 1000 Messungen 0.215525 Sekunden gebraucht
bei 14 cores haben 1000 Messungen 0.216484 Sekunden gebraucht
bei 14 cores haben 1000 Messungen 0.221988 Sekunden gebraucht
bei 14 cores haben 1000 Messungen 0.226524 Sekunden gebraucht
bei 15 cores haben 1000 Messungen 0.217160 Sekunden gebraucht
bei 15 cores haben 1000 Messungen 0.216195 Sekunden gebraucht
bei 15 cores haben 1000 Messungen 0.217209 Sekunden gebraucht
bei 15 cores haben 1000 Messungen 0.227566 Sekunden gebraucht
bei 15 cores haben 1000 Messungen 0.216882 Sekunden gebraucht
bei 15 cores haben 1000 Messungen 0.215911 Sekunden gebraucht
bei 15 cores haben 1000 Messungen 0.216926 Sekunden gebraucht
bei 15 cores haben 1000 Messungen 0.227692 Sekunden gebraucht
bei 15 cores haben 1000 Messungen 0.236006 Sekunden gebraucht
bei 15 cores haben 1000 Messungen 0.217347 Sekunden gebraucht
bei 16 cores haben 1000 Messungen 0.221901 Sekunden gebraucht
bei 16 cores haben 1000 Messungen 0.222574 Sekunden gebraucht
bei 16 cores haben 1000 Messungen 0.236374 Sekunden gebraucht
bei 16 cores haben 1000 Messungen 0.220732 Sekunden gebraucht
bei 16 cores haben 1000 Messungen 0.222029 Sekunden gebraucht
bei 16 cores haben 1000 Messungen 0.221504 Sekunden gebraucht
bei 16 cores haben 1000 Messungen 0.241871 Sekunden gebraucht
bei 16 cores haben 1000 Messungen 0.242864 Sekunden gebraucht
bei 16 cores haben 1000 Messungen 0.221454 Sekunden gebraucht
bei 16 cores haben 1000 Messungen 0.222084 Sekunden gebraucht
Laenge=100
bei 1 cores haben 1000 Messungen 1.083043 Sekunden gebraucht
bei 1 cores haben 1000 Messungen 1.150065 Sekunden gebraucht
bei 1 cores haben 1000 Messungen 1.083238 Sekunden gebraucht
bei 1 cores haben 1000 Messungen 1.138558 Sekunden gebraucht
bei 1 cores haben 1000 Messungen 1.077027 Sekunden gebraucht
bei 1 cores haben 1000 Messungen 1.081273 Sekunden gebraucht
bei 1 cores haben 1000 Messungen 1.076239 Sekunden gebraucht
bei 1 cores haben 1000 Messungen 1.079663 Sekunden gebraucht
bei 1 cores haben 1000 Messungen 1.084347 Sekunden gebraucht
bei 1 cores haben 1000 Messungen 1.379374 Sekunden gebraucht
bei 2 cores haben 1000 Messungen 1.056112 Sekunden gebraucht
bei 2 cores haben 1000 Messungen 0.954403 Sekunden gebraucht
bei 2 cores haben 1000 Messungen 1.032261 Sekunden gebraucht
bei 2 cores haben 1000 Messungen 0.997076 Sekunden gebraucht
bei 2 cores haben 1000 Messungen 0.960100 Sekunden gebraucht
bei 2 cores haben 1000 Messungen 0.958155 Sekunden gebraucht
bei 2 cores haben 1000 Messungen 0.963613 Sekunden gebraucht
bei 2 cores haben 1000 Messungen 1.103862 Sekunden gebraucht
bei 2 cores haben 1000 Messungen 0.960526 Sekunden gebraucht
bei 2 cores haben 1000 Messungen 0.956126 Sekunden gebraucht
bei 3 cores haben 1000 Messungen 0.815002 Sekunden gebraucht
bei 3 cores haben 1000 Messungen 0.805557 Sekunden gebraucht
bei 3 cores haben 1000 Messungen 0.789239 Sekunden gebraucht
bei 3 cores haben 1000 Messungen 0.800313 Sekunden gebraucht
bei 3 cores haben 1000 Messungen 0.808892 Sekunden gebraucht
bei 3 cores haben 1000 Messungen 0.799619 Sekunden gebraucht
bei 3 cores haben 1000 Messungen 0.807223 Sekunden gebraucht
bei 3 cores haben 1000 Messungen 0.804183 Sekunden gebraucht
bei 3 cores haben 1000 Messungen 0.803046 Sekunden gebraucht
bei 3 cores haben 1000 Messungen 0.804723 Sekunden gebraucht
bei 4 cores haben 1000 Messungen 0.710621 Sekunden gebraucht
bei 4 cores haben 1000 Messungen 0.781992 Sekunden gebraucht
bei 4 cores haben 1000 Messungen 0.792268 Sekunden gebraucht
bei 4 cores haben 1000 Messungen 0.759720 Sekunden gebraucht
bei 4 cores haben 1000 Messungen 0.770188 Sekunden gebraucht
bei 4 cores haben 1000 Messungen 0.709824 Sekunden gebraucht
bei 4 cores haben 1000 Messungen 0.775491 Sekunden gebraucht
bei 4 cores haben 1000 Messungen 0.767852 Sekunden gebraucht
bei 4 cores haben 1000 Messungen 0.773799 Sekunden gebraucht
bei 4 cores haben 1000 Messungen 0.773280 Sekunden gebraucht
bei 5 cores haben 1000 Messungen 0.777578 Sekunden gebraucht
bei 5 cores haben 1000 Messungen 0.785346 Sekunden gebraucht
bei 5 cores haben 1000 Messungen 0.772911 Sekunden gebraucht
bei 5 cores haben 1000 Messungen 0.730936 Sekunden gebraucht
bei 5 cores haben 1000 Messungen 0.712103 Sekunden gebraucht
bei 5 cores haben 1000 Messungen 0.785150 Sekunden gebraucht
bei 5 cores haben 1000 Messungen 0.803268 Sekunden gebraucht
bei 5 cores haben 1000 Messungen 0.668182 Sekunden gebraucht
bei 5 cores haben 1000 Messungen 0.782520 Sekunden gebraucht
bei 5 cores haben 1000 Messungen 0.796719 Sekunden gebraucht
bei 6 cores haben 1000 Messungen 0.788873 Sekunden gebraucht
bei 6 cores haben 1000 Messungen 0.646232 Sekunden gebraucht
bei 6 cores haben 1000 Messungen 0.765100 Sekunden gebraucht
bei 6 cores haben 1000 Messungen 0.706333 Sekunden gebraucht
bei 6 cores haben 1000 Messungen 0.723806 Sekunden gebraucht
bei 6 cores haben 1000 Messungen 0.795746 Sekunden gebraucht
bei 6 cores haben 1000 Messungen 0.770294 Sekunden gebraucht
bei 6 cores haben 1000 Messungen 0.784111 Sekunden gebraucht
bei 6 cores haben 1000 Messungen 0.767445 Sekunden gebraucht
bei 6 cores haben 1000 Messungen 0.771398 Sekunden gebraucht
bei 7 cores haben 1000 Messungen 0.803093 Sekunden gebraucht
bei 7 cores haben 1000 Messungen 0.799745 Sekunden gebraucht
bei 7 cores haben 1000 Messungen 0.792390 Sekunden gebraucht
bei 7 cores haben 1000 Messungen 0.805733 Sekunden gebraucht
bei 7 cores haben 1000 Messungen 0.812311 Sekunden gebraucht
bei 7 cores haben 1000 Messungen 0.815146 Sekunden gebraucht
bei 7 cores haben 1000 Messungen 0.818215 Sekunden gebraucht
bei 7 cores haben 1000 Messungen 0.820411 Sekunden gebraucht
bei 7 cores haben 1000 Messungen 0.821575 Sekunden gebraucht
bei 7 cores haben 1000 Messungen 0.812261 Sekunden gebraucht
bei 8 cores haben 1000 Messungen 0.809972 Sekunden gebraucht
bei 8 cores haben 1000 Messungen 0.824588 Sekunden gebraucht
bei 8 cores haben 1000 Messungen 0.815199 Sekunden gebraucht
bei 8 cores haben 1000 Messungen 0.801647 Sekunden gebraucht
bei 8 cores haben 1000 Messungen 0.811786 Sekunden gebraucht
bei 8 cores haben 1000 Messungen 0.820183 Sekunden gebraucht
bei 8 cores haben 1000 Messungen 0.836615 Sekunden gebraucht
bei 8 cores haben 1000 Messungen 0.827979 Sekunden gebraucht
bei 8 cores haben 1000 Messungen 0.820911 Sekunden gebraucht
bei 8 cores haben 1000 Messungen 0.818255 Sekunden gebraucht
bei 9 cores haben 1000 Messungen 0.801046 Sekunden gebraucht
bei 9 cores haben 1000 Messungen 0.816179 Sekunden gebraucht
bei 9 cores haben 1000 Messungen 0.805808 Sekunden gebraucht
bei 9 cores haben 1000 Messungen 0.815281 Sekunden gebraucht
bei 9 cores haben 1000 Messungen 0.865159 Sekunden gebraucht
bei 9 cores haben 1000 Messungen 0.829204 Sekunden gebraucht
bei 9 cores haben 1000 Messungen 0.863765 Sekunden gebraucht
bei 9 cores haben 1000 Messungen 0.820050 Sekunden gebraucht
bei 9 cores haben 1000 Messungen 0.831147 Sekunden gebraucht
bei 9 cores haben 1000 Messungen 0.813686 Sekunden gebraucht
bei 10 cores haben 1000 Messungen 0.810370 Sekunden gebraucht
bei 10 cores haben 1000 Messungen 0.803588 Sekunden gebraucht
bei 10 cores haben 1000 Messungen 0.819230 Sekunden gebraucht
bei 10 cores haben 1000 Messungen 0.828501 Sekunden gebraucht
bei 10 cores haben 1000 Messungen 0.829926 Sekunden gebraucht
bei 10 cores haben 1000 Messungen 0.825565 Sekunden gebraucht
bei 10 cores haben 1000 Messungen 0.828242 Sekunden gebraucht
bei 10 cores haben 1000 Messungen 0.804269 Sekunden gebraucht
bei 10 cores haben 1000 Messungen 0.813194 Sekunden gebraucht
bei 10 cores haben 1000 Messungen 0.807588 Sekunden gebraucht
bei 11 cores haben 1000 Messungen 1.315186 Sekunden gebraucht
bei 11 cores haben 1000 Messungen 0.814760 Sekunden gebraucht
bei 11 cores haben 1000 Messungen 0.820541 Sekunden gebraucht
bei 11 cores haben 1000 Messungen 0.800984 Sekunden gebraucht
bei 11 cores haben 1000 Messungen 0.812129 Sekunden gebraucht
bei 11 cores haben 1000 Messungen 0.791565 Sekunden gebraucht
bei 11 cores haben 1000 Messungen 0.817293 Sekunden gebraucht
bei 11 cores haben 1000 Messungen 0.813956 Sekunden gebraucht
bei 11 cores haben 1000 Messungen 0.816016 Sekunden gebraucht
bei 11 cores haben 1000 Messungen 0.822359 Sekunden gebraucht
bei 12 cores haben 1000 Messungen 0.819451 Sekunden gebraucht
bei 12 cores haben 1000 Messungen 0.799715 Sekunden gebraucht
bei 12 cores haben 1000 Messungen 0.817020 Sekunden gebraucht
bei 12 cores haben 1000 Messungen 0.815332 Sekunden gebraucht
bei 12 cores haben 1000 Messungen 0.826192 Sekunden gebraucht
bei 12 cores haben 1000 Messungen 0.801834 Sekunden gebraucht
bei 12 cores haben 1000 Messungen 0.806984 Sekunden gebraucht
bei 12 cores haben 1000 Messungen 0.814016 Sekunden gebraucht
bei 12 cores haben 1000 Messungen 1.046410 Sekunden gebraucht
bei 12 cores haben 1000 Messungen 0.806813 Sekunden gebraucht
bei 13 cores haben 1000 Messungen 0.828325 Sekunden gebraucht
bei 13 cores haben 1000 Messungen 0.817379 Sekunden gebraucht
bei 13 cores haben 1000 Messungen 0.804578 Sekunden gebraucht
bei 13 cores haben 1000 Messungen 0.806044 Sekunden gebraucht
bei 13 cores haben 1000 Messungen 1.292814 Sekunden gebraucht
bei 13 cores haben 1000 Messungen 0.796742 Sekunden gebraucht
bei 13 cores haben 1000 Messungen 1.319485 Sekunden gebraucht
bei 13 cores haben 1000 Messungen 0.924485 Sekunden gebraucht
bei 13 cores haben 1000 Messungen 0.811229 Sekunden gebraucht
bei 13 cores haben 1000 Messungen 0.808985 Sekunden gebraucht
bei 14 cores haben 1000 Messungen 0.842112 Sekunden gebraucht
bei 14 cores haben 1000 Messungen 0.820849 Sekunden gebraucht
bei 14 cores haben 1000 Messungen 0.822213 Sekunden gebraucht
bei 14 cores haben 1000 Messungen 0.827511 Sekunden gebraucht
bei 14 cores haben 1000 Messungen 0.818936 Sekunden gebraucht
bei 14 cores haben 1000 Messungen 0.833228 Sekunden gebraucht
bei 14 cores haben 1000 Messungen 0.812521 Sekunden gebraucht
bei 14 cores haben 1000 Messungen 0.831430 Sekunden gebraucht
bei 14 cores haben 1000 Messungen 0.825196 Sekunden gebraucht
bei 14 cores haben 1000 Messungen 0.826021 Sekunden gebraucht
bei 15 cores haben 1000 Messungen 0.822850 Sekunden gebraucht
bei 15 cores haben 1000 Messungen 0.823940 Sekunden gebraucht
bei 15 cores haben 1000 Messungen 0.836954 Sekunden gebraucht
bei 15 cores haben 1000 Messungen 0.830919 Sekunden gebraucht
bei 15 cores haben 1000 Messungen 0.855723 Sekunden gebraucht
bei 15 cores haben 1000 Messungen 0.823592 Sekunden gebraucht
bei 15 cores haben 1000 Messungen 0.814664 Sekunden gebraucht
bei 15 cores haben 1000 Messungen 0.961636 Sekunden gebraucht
bei 15 cores haben 1000 Messungen 0.827647 Sekunden gebraucht
bei 15 cores haben 1000 Messungen 0.920592 Sekunden gebraucht
bei 16 cores haben 1000 Messungen 0.842220 Sekunden gebraucht
bei 16 cores haben 1000 Messungen 0.850158 Sekunden gebraucht
bei 16 cores haben 1000 Messungen 0.820977 Sekunden gebraucht
bei 16 cores haben 1000 Messungen 0.817921 Sekunden gebraucht
bei 16 cores haben 1000 Messungen 0.839854 Sekunden gebraucht
bei 16 cores haben 1000 Messungen 0.839015 Sekunden gebraucht
bei 16 cores haben 1000 Messungen 0.841167 Sekunden gebraucht
bei 16 cores haben 1000 Messungen 0.828214 Sekunden gebraucht
bei 16 cores haben 1000 Messungen 0.853299 Sekunden gebraucht
bei 16 cores haben 1000 Messungen 0.814246 Sekunden gebraucht
Laenge=200
bei 1 cores haben 1000 Messungen 4.375028 Sekunden gebraucht
bei 1 cores haben 1000 Messungen 4.304907 Sekunden gebraucht
bei 1 cores haben 1000 Messungen 4.762694 Sekunden gebraucht
bei 1 cores haben 1000 Messungen 4.365404 Sekunden gebraucht
bei 1 cores haben 1000 Messungen 4.304375 Sekunden gebraucht
bei 1 cores haben 1000 Messungen 4.301518 Sekunden gebraucht
bei 1 cores haben 1000 Messungen 4.300810 Sekunden gebraucht
bei 1 cores haben 1000 Messungen 4.303407 Sekunden gebraucht
bei 1 cores haben 1000 Messungen 4.302471 Sekunden gebraucht
bei 1 cores haben 1000 Messungen 4.301110 Sekunden gebraucht
bei 2 cores haben 1000 Messungen 3.871786 Sekunden gebraucht
bei 2 cores haben 1000 Messungen 3.826761 Sekunden gebraucht
bei 2 cores haben 1000 Messungen 3.885905 Sekunden gebraucht
bei 2 cores haben 1000 Messungen 3.769424 Sekunden gebraucht
bei 2 cores haben 1000 Messungen 3.930482 Sekunden gebraucht
bei 2 cores haben 1000 Messungen 3.851100 Sekunden gebraucht
bei 2 cores haben 1000 Messungen 3.817439 Sekunden gebraucht
bei 2 cores haben 1000 Messungen 3.963569 Sekunden gebraucht
bei 2 cores haben 1000 Messungen 4.127966 Sekunden gebraucht
bei 2 cores haben 1000 Messungen 3.957486 Sekunden gebraucht
bei 3 cores haben 1000 Messungen 3.322768 Sekunden gebraucht
bei 3 cores haben 1000 Messungen 3.292588 Sekunden gebraucht
bei 3 cores haben 1000 Messungen 3.161256 Sekunden gebraucht
bei 3 cores haben 1000 Messungen 3.174090 Sekunden gebraucht
bei 3 cores haben 1000 Messungen 3.225293 Sekunden gebraucht
bei 3 cores haben 1000 Messungen 3.137918 Sekunden gebraucht
bei 3 cores haben 1000 Messungen 3.242640 Sekunden gebraucht
bei 3 cores haben 1000 Messungen 3.354301 Sekunden gebraucht
bei 3 cores haben 1000 Messungen 3.171961 Sekunden gebraucht
bei 3 cores haben 1000 Messungen 3.152283 Sekunden gebraucht
bei 4 cores haben 1000 Messungen 3.102231 Sekunden gebraucht
bei 4 cores haben 1000 Messungen 3.088827 Sekunden gebraucht
bei 4 cores haben 1000 Messungen 3.044374 Sekunden gebraucht
bei 4 cores haben 1000 Messungen 2.955588 Sekunden gebraucht
bei 4 cores haben 1000 Messungen 2.937249 Sekunden gebraucht
bei 4 cores haben 1000 Messungen 2.922641 Sekunden gebraucht
bei 4 cores haben 1000 Messungen 2.921272 Sekunden gebraucht
bei 4 cores haben 1000 Messungen 3.049233 Sekunden gebraucht
bei 4 cores haben 1000 Messungen 2.991378 Sekunden gebraucht
bei 4 cores haben 1000 Messungen 3.094653 Sekunden gebraucht
bei 5 cores haben 1000 Messungen 3.148925 Sekunden gebraucht
bei 5 cores haben 1000 Messungen 3.120356 Sekunden gebraucht
bei 5 cores haben 1000 Messungen 3.150462 Sekunden gebraucht
bei 5 cores haben 1000 Messungen 3.166536 Sekunden gebraucht
bei 5 cores haben 1000 Messungen 3.083209 Sekunden gebraucht
bei 5 cores haben 1000 Messungen 3.191666 Sekunden gebraucht
bei 5 cores haben 1000 Messungen 2.940517 Sekunden gebraucht
bei 5 cores haben 1000 Messungen 2.984036 Sekunden gebraucht
bei 5 cores haben 1000 Messungen 3.017886 Sekunden gebraucht
bei 5 cores haben 1000 Messungen 3.120181 Sekunden gebraucht
bei 6 cores haben 1000 Messungen 3.149415 Sekunden gebraucht
bei 6 cores haben 1000 Messungen 3.154037 Sekunden gebraucht
bei 6 cores haben 1000 Messungen 3.078202 Sekunden gebraucht
bei 6 cores haben 1000 Messungen 3.151281 Sekunden gebraucht
bei 6 cores haben 1000 Messungen 3.158543 Sekunden gebraucht
bei 6 cores haben 1000 Messungen 3.159520 Sekunden gebraucht
bei 6 cores haben 1000 Messungen 3.135543 Sekunden gebraucht
bei 6 cores haben 1000 Messungen 3.165379 Sekunden gebraucht
bei 6 cores haben 1000 Messungen 3.160323 Sekunden gebraucht
bei 6 cores haben 1000 Messungen 3.087712 Sekunden gebraucht
bei 7 cores haben 1000 Messungen 3.159770 Sekunden gebraucht
bei 7 cores haben 1000 Messungen 3.094215 Sekunden gebraucht
bei 7 cores haben 1000 Messungen 3.082547 Sekunden gebraucht
bei 7 cores haben 1000 Messungen 3.055510 Sekunden gebraucht
bei 7 cores haben 1000 Messungen 3.186348 Sekunden gebraucht
bei 7 cores haben 1000 Messungen 3.207923 Sekunden gebraucht
bei 7 cores haben 1000 Messungen 3.177516 Sekunden gebraucht
bei 7 cores haben 1000 Messungen 3.067829 Sekunden gebraucht
bei 7 cores haben 1000 Messungen 3.195204 Sekunden gebraucht
bei 7 cores haben 1000 Messungen 3.150521 Sekunden gebraucht
bei 8 cores haben 1000 Messungen 3.229280 Sekunden gebraucht
bei 8 cores haben 1000 Messungen 3.212560 Sekunden gebraucht
bei 8 cores haben 1000 Messungen 3.209363 Sekunden gebraucht
bei 8 cores haben 1000 Messungen 3.057313 Sekunden gebraucht
bei 8 cores haben 1000 Messungen 3.177639 Sekunden gebraucht
bei 8 cores haben 1000 Messungen 2.999148 Sekunden gebraucht
bei 8 cores haben 1000 Messungen 3.254481 Sekunden gebraucht
bei 8 cores haben 1000 Messungen 3.212365 Sekunden gebraucht
bei 8 cores haben 1000 Messungen 3.236263 Sekunden gebraucht
bei 8 cores haben 1000 Messungen 3.233111 Sekunden gebraucht
bei 9 cores haben 1000 Messungen 3.281128 Sekunden gebraucht
bei 9 cores haben 1000 Messungen 3.231394 Sekunden gebraucht
bei 9 cores haben 1000 Messungen 3.229676 Sekunden gebraucht
bei 9 cores haben 1000 Messungen 3.260677 Sekunden gebraucht
bei 9 cores haben 1000 Messungen 3.264976 Sekunden gebraucht
bei 9 cores haben 1000 Messungen 3.288398 Sekunden gebraucht
bei 9 cores haben 1000 Messungen 3.185138 Sekunden gebraucht
bei 9 cores haben 1000 Messungen 3.203942 Sekunden gebraucht
bei 9 cores haben 1000 Messungen 3.163671 Sekunden gebraucht
bei 9 cores haben 1000 Messungen 3.258321 Sekunden gebraucht
bei 10 cores haben 1000 Messungen 3.225103 Sekunden gebraucht
bei 10 cores haben 1000 Messungen 3.178653 Sekunden gebraucht
bei 10 cores haben 1000 Messungen 3.178831 Sekunden gebraucht
bei 10 cores haben 1000 Messungen 3.165838 Sekunden gebraucht
bei 10 cores haben 1000 Messungen 3.241811 Sekunden gebraucht
bei 10 cores haben 1000 Messungen 3.192044 Sekunden gebraucht
bei 10 cores haben 1000 Messungen 3.175612 Sekunden gebraucht
bei 10 cores haben 1000 Messungen 3.161801 Sekunden gebraucht
bei 10 cores haben 1000 Messungen 3.154961 Sekunden gebraucht
bei 10 cores haben 1000 Messungen 3.290957 Sekunden gebraucht
bei 11 cores haben 1000 Messungen 3.202103 Sekunden gebraucht
bei 11 cores haben 1000 Messungen 3.168038 Sekunden gebraucht
bei 11 cores haben 1000 Messungen 3.162278 Sekunden gebraucht
bei 11 cores haben 1000 Messungen 3.173372 Sekunden gebraucht
bei 11 cores haben 1000 Messungen 3.163224 Sekunden gebraucht
bei 11 cores haben 1000 Messungen 3.160229 Sekunden gebraucht
bei 11 cores haben 1000 Messungen 3.320218 Sekunden gebraucht
bei 11 cores haben 1000 Messungen 3.136342 Sekunden gebraucht
bei 11 cores haben 1000 Messungen 3.118017 Sekunden gebraucht
bei 11 cores haben 1000 Messungen 3.167527 Sekunden gebraucht
bei 12 cores haben 1000 Messungen 3.190511 Sekunden gebraucht
bei 12 cores haben 1000 Messungen 3.125427 Sekunden gebraucht
bei 12 cores haben 1000 Messungen 3.128028 Sekunden gebraucht
bei 12 cores haben 1000 Messungen 3.161987 Sekunden gebraucht
bei 12 cores haben 1000 Messungen 3.177547 Sekunden gebraucht
bei 12 cores haben 1000 Messungen 3.188211 Sekunden gebraucht
bei 12 cores haben 1000 Messungen 3.167994 Sekunden gebraucht
bei 12 cores haben 1000 Messungen 3.182281 Sekunden gebraucht
bei 12 cores haben 1000 Messungen 3.125363 Sekunden gebraucht
bei 12 cores haben 1000 Messungen 3.148767 Sekunden gebraucht
bei 13 cores haben 1000 Messungen 3.210049 Sekunden gebraucht
bei 13 cores haben 1000 Messungen 3.193933 Sekunden gebraucht
bei 13 cores haben 1000 Messungen 3.196067 Sekunden gebraucht
bei 13 cores haben 1000 Messungen 3.200372 Sekunden gebraucht
bei 13 cores haben 1000 Messungen 3.246048 Sekunden gebraucht
bei 13 cores haben 1000 Messungen 3.317550 Sekunden gebraucht
bei 13 cores haben 1000 Messungen 3.180952 Sekunden gebraucht
bei 13 cores haben 1000 Messungen 3.284622 Sekunden gebraucht
bei 13 cores haben 1000 Messungen 3.181805 Sekunden gebraucht
bei 13 cores haben 1000 Messungen 3.173063 Sekunden gebraucht
bei 14 cores haben 1000 Messungen 3.211119 Sekunden gebraucht
bei 14 cores haben 1000 Messungen 3.196149 Sekunden gebraucht
bei 14 cores haben 1000 Messungen 3.240549 Sekunden gebraucht
bei 14 cores haben 1000 Messungen 3.196446 Sekunden gebraucht
bei 14 cores haben 1000 Messungen 3.231466 Sekunden gebraucht
bei 14 cores haben 1000 Messungen 3.218815 Sekunden gebraucht
bei 14 cores haben 1000 Messungen 3.328064 Sekunden gebraucht
bei 14 cores haben 1000 Messungen 3.227665 Sekunden gebraucht
bei 14 cores haben 1000 Messungen 3.201579 Sekunden gebraucht
bei 14 cores haben 1000 Messungen 3.239457 Sekunden gebraucht
bei 15 cores haben 1000 Messungen 3.249767 Sekunden gebraucht
bei 15 cores haben 1000 Messungen 3.231191 Sekunden gebraucht
bei 15 cores haben 1000 Messungen 3.213752 Sekunden gebraucht
bei 15 cores haben 1000 Messungen 3.210136 Sekunden gebraucht
bei 15 cores haben 1000 Messungen 3.213779 Sekunden gebraucht
bei 15 cores haben 1000 Messungen 3.231125 Sekunden gebraucht
bei 15 cores haben 1000 Messungen 3.216287 Sekunden gebraucht
bei 15 cores haben 1000 Messungen 3.218150 Sekunden gebraucht
bei 15 cores haben 1000 Messungen 3.213118 Sekunden gebraucht
bei 15 cores haben 1000 Messungen 3.213000 Sekunden gebraucht
bei 16 cores haben 1000 Messungen 3.267666 Sekunden gebraucht
bei 16 cores haben 1000 Messungen 3.220371 Sekunden gebraucht
bei 16 cores haben 1000 Messungen 3.236601 Sekunden gebraucht
bei 16 cores haben 1000 Messungen 3.223191 Sekunden gebraucht
bei 16 cores haben 1000 Messungen 3.238554 Sekunden gebraucht
bei 16 cores haben 1000 Messungen 3.235051 Sekunden gebraucht
bei 16 cores haben 1000 Messungen 3.227458 Sekunden gebraucht
bei 16 cores haben 1000 Messungen 3.229271 Sekunden gebraucht
bei 16 cores haben 1000 Messungen 3.243800 Sekunden gebraucht
bei 16 cores haben 1000 Messungen 3.229021 Sekunden gebraucht
Laenge=500
bei 1 cores haben 1000 Messungen 27.412864 Sekunden gebraucht
bei 1 cores haben 1000 Messungen 27.372728 Sekunden gebraucht
bei 1 cores haben 1000 Messungen 27.459018 Sekunden gebraucht
bei 1 cores haben 1000 Messungen 27.212408 Sekunden gebraucht
bei 1 cores haben 1000 Messungen 27.400069 Sekunden gebraucht
bei 1 cores haben 1000 Messungen 27.184532 Sekunden gebraucht
bei 1 cores haben 1000 Messungen 27.341784 Sekunden gebraucht
bei 1 cores haben 1000 Messungen 27.012737 Sekunden gebraucht
bei 1 cores haben 1000 Messungen 26.949791 Sekunden gebraucht
bei 1 cores haben 1000 Messungen 26.972377 Sekunden gebraucht
bei 2 cores haben 1000 Messungen 23.559114 Sekunden gebraucht
bei 2 cores haben 1000 Messungen 23.543017 Sekunden gebraucht
bei 2 cores haben 1000 Messungen 23.477724 Sekunden gebraucht
bei 2 cores haben 1000 Messungen 24.293931 Sekunden gebraucht
bei 2 cores haben 1000 Messungen 23.636257 Sekunden gebraucht
bei 2 cores haben 1000 Messungen 23.942394 Sekunden gebraucht
bei 2 cores haben 1000 Messungen 24.049098 Sekunden gebraucht
bei 2 cores haben 1000 Messungen 23.736441 Sekunden gebraucht
bei 2 cores haben 1000 Messungen 23.814714 Sekunden gebraucht
bei 2 cores haben 1000 Messungen 23.988726 Sekunden gebraucht
bei 3 cores haben 1000 Messungen 19.885605 Sekunden gebraucht
bei 3 cores haben 1000 Messungen 20.038963 Sekunden gebraucht
bei 3 cores haben 1000 Messungen 19.956053 Sekunden gebraucht
bei 3 cores haben 1000 Messungen 19.936370 Sekunden gebraucht
bei 3 cores haben 1000 Messungen 19.941544 Sekunden gebraucht
bei 3 cores haben 1000 Messungen 19.935453 Sekunden gebraucht
bei 3 cores haben 1000 Messungen 20.327525 Sekunden gebraucht
bei 3 cores haben 1000 Messungen 19.808991 Sekunden gebraucht
bei 3 cores haben 1000 Messungen 19.743903 Sekunden gebraucht
bei 3 cores haben 1000 Messungen 19.882961 Sekunden gebraucht
bei 4 cores haben 1000 Messungen 19.874010 Sekunden gebraucht
bei 4 cores haben 1000 Messungen 19.092672 Sekunden gebraucht
bei 4 cores haben 1000 Messungen 19.570486 Sekunden gebraucht
bei 4 cores haben 1000 Messungen 19.301498 Sekunden gebraucht
bei 4 cores haben 1000 Messungen 19.151164 Sekunden gebraucht
bei 4 cores haben 1000 Messungen 19.106389 Sekunden gebraucht
bei 4 cores haben 1000 Messungen 19.180184 Sekunden gebraucht
bei 4 cores haben 1000 Messungen 19.309935 Sekunden gebraucht
bei 4 cores haben 1000 Messungen 19.081853 Sekunden gebraucht
bei 4 cores haben 1000 Messungen 19.266037 Sekunden gebraucht
bei 5 cores haben 1000 Messungen 19.468185 Sekunden gebraucht
bei 5 cores haben 1000 Messungen 19.245648 Sekunden gebraucht
bei 5 cores haben 1000 Messungen 19.295321 Sekunden gebraucht
bei 5 cores haben 1000 Messungen 19.285939 Sekunden gebraucht
bei 5 cores haben 1000 Messungen 18.954652 Sekunden gebraucht
bei 5 cores haben 1000 Messungen 18.570713 Sekunden gebraucht
bei 5 cores haben 1000 Messungen 19.302349 Sekunden gebraucht
bei 5 cores haben 1000 Messungen 19.511739 Sekunden gebraucht
bei 5 cores haben 1000 Messungen 19.026654 Sekunden gebraucht
bei 5 cores haben 1000 Messungen 19.390463 Sekunden gebraucht
bei 6 cores haben 1000 Messungen 19.556366 Sekunden gebraucht
bei 6 cores haben 1000 Messungen 19.298998 Sekunden gebraucht
bei 6 cores haben 1000 Messungen 19.295920 Sekunden gebraucht
bei 6 cores haben 1000 Messungen 19.408432 Sekunden gebraucht
bei 6 cores haben 1000 Messungen 19.499646 Sekunden gebraucht
bei 6 cores haben 1000 Messungen 18.903844 Sekunden gebraucht
bei 6 cores haben 1000 Messungen 19.038196 Sekunden gebraucht
bei 6 cores haben 1000 Messungen 19.377733 Sekunden gebraucht
bei 6 cores haben 1000 Messungen 19.495516 Sekunden gebraucht
bei 6 cores haben 1000 Messungen 19.581785 Sekunden gebraucht
bei 7 cores haben 1000 Messungen 19.250824 Sekunden gebraucht
bei 7 cores haben 1000 Messungen 19.673510 Sekunden gebraucht
bei 7 cores haben 1000 Messungen 19.598417 Sekunden gebraucht
bei 7 cores haben 1000 Messungen 19.773096 Sekunden gebraucht
bei 7 cores haben 1000 Messungen 19.616350 Sekunden gebraucht
bei 7 cores haben 1000 Messungen 19.595906 Sekunden gebraucht
bei 7 cores haben 1000 Messungen 19.463869 Sekunden gebraucht
bei 7 cores haben 1000 Messungen 19.719497 Sekunden gebraucht
bei 7 cores haben 1000 Messungen 19.505521 Sekunden gebraucht
bei 7 cores haben 1000 Messungen 19.542025 Sekunden gebraucht
bei 8 cores haben 1000 Messungen 19.761752 Sekunden gebraucht
bei 8 cores haben 1000 Messungen 20.041165 Sekunden gebraucht
bei 8 cores haben 1000 Messungen 19.592286 Sekunden gebraucht
bei 8 cores haben 1000 Messungen 19.593911 Sekunden gebraucht
bei 8 cores haben 1000 Messungen 19.438234 Sekunden gebraucht
bei 8 cores haben 1000 Messungen 19.848795 Sekunden gebraucht
bei 8 cores haben 1000 Messungen 19.760733 Sekunden gebraucht
bei 8 cores haben 1000 Messungen 19.563009 Sekunden gebraucht
bei 8 cores haben 1000 Messungen 19.793138 Sekunden gebraucht
bei 8 cores haben 1000 Messungen 20.016396 Sekunden gebraucht
bei 9 cores haben 1000 Messungen 19.866918 Sekunden gebraucht
bei 9 cores haben 1000 Messungen 19.958678 Sekunden gebraucht
bei 9 cores haben 1000 Messungen 19.793304 Sekunden gebraucht
bei 9 cores haben 1000 Messungen 19.874721 Sekunden gebraucht
bei 9 cores haben 1000 Messungen 19.801110 Sekunden gebraucht
bei 9 cores haben 1000 Messungen 19.606795 Sekunden gebraucht
bei 9 cores haben 1000 Messungen 19.618039 Sekunden gebraucht
bei 9 cores haben 1000 Messungen 19.902342 Sekunden gebraucht
bei 9 cores haben 1000 Messungen 19.618687 Sekunden gebraucht
bei 9 cores haben 1000 Messungen 19.987868 Sekunden gebraucht
bei 10 cores haben 1000 Messungen 19.602592 Sekunden gebraucht
bei 10 cores haben 1000 Messungen 19.754180 Sekunden gebraucht
bei 10 cores haben 1000 Messungen 19.537470 Sekunden gebraucht
bei 10 cores haben 1000 Messungen 19.723945 Sekunden gebraucht
bei 10 cores haben 1000 Messungen 19.738308 Sekunden gebraucht
bei 10 cores haben 1000 Messungen 19.339890 Sekunden gebraucht
bei 10 cores haben 1000 Messungen 19.274079 Sekunden gebraucht
bei 10 cores haben 1000 Messungen 19.266943 Sekunden gebraucht
bei 10 cores haben 1000 Messungen 19.422112 Sekunden gebraucht
bei 10 cores haben 1000 Messungen 19.776017 Sekunden gebraucht
bei 11 cores haben 1000 Messungen 19.413389 Sekunden gebraucht
bei 11 cores haben 1000 Messungen 19.545585 Sekunden gebraucht
bei 11 cores haben 1000 Messungen 19.653372 Sekunden gebraucht
bei 11 cores haben 1000 Messungen 19.496286 Sekunden gebraucht
bei 11 cores haben 1000 Messungen 19.440643 Sekunden gebraucht
bei 11 cores haben 1000 Messungen 19.524388 Sekunden gebraucht
bei 11 cores haben 1000 Messungen 19.744985 Sekunden gebraucht
bei 11 cores haben 1000 Messungen 19.586822 Sekunden gebraucht
bei 11 cores haben 1000 Messungen 19.420323 Sekunden gebraucht
bei 11 cores haben 1000 Messungen 19.539204 Sekunden gebraucht
bei 12 cores haben 1000 Messungen 19.361077 Sekunden gebraucht
bei 12 cores haben 1000 Messungen 19.131037 Sekunden gebraucht
bei 12 cores haben 1000 Messungen 19.481670 Sekunden gebraucht
bei 12 cores haben 1000 Messungen 19.386693 Sekunden gebraucht
bei 12 cores haben 1000 Messungen 19.418642 Sekunden gebraucht
bei 12 cores haben 1000 Messungen 19.448190 Sekunden gebraucht
bei 12 cores haben 1000 Messungen 19.189112 Sekunden gebraucht
bei 12 cores haben 1000 Messungen 19.380238 Sekunden gebraucht
bei 12 cores haben 1000 Messungen 19.411431 Sekunden gebraucht
bei 12 cores haben 1000 Messungen 19.460654 Sekunden gebraucht
bei 13 cores haben 1000 Messungen 19.661802 Sekunden gebraucht
bei 13 cores haben 1000 Messungen 19.557719 Sekunden gebraucht
bei 13 cores haben 1000 Messungen 19.519666 Sekunden gebraucht
bei 13 cores haben 1000 Messungen 19.591166 Sekunden gebraucht
bei 13 cores haben 1000 Messungen 19.752773 Sekunden gebraucht
bei 13 cores haben 1000 Messungen 19.652684 Sekunden gebraucht
bei 13 cores haben 1000 Messungen 19.484130 Sekunden gebraucht
bei 13 cores haben 1000 Messungen 19.572949 Sekunden gebraucht
bei 13 cores haben 1000 Messungen 19.418073 Sekunden gebraucht
bei 13 cores haben 1000 Messungen 19.652577 Sekunden gebraucht
bei 14 cores haben 1000 Messungen 19.775828 Sekunden gebraucht
bei 14 cores haben 1000 Messungen 19.902295 Sekunden gebraucht
bei 14 cores haben 1000 Messungen 19.731701 Sekunden gebraucht
bei 14 cores haben 1000 Messungen 19.643423 Sekunden gebraucht
bei 14 cores haben 1000 Messungen 19.703238 Sekunden gebraucht
bei 14 cores haben 1000 Messungen 19.652394 Sekunden gebraucht
bei 14 cores haben 1000 Messungen 19.766580 Sekunden gebraucht
bei 14 cores haben 1000 Messungen 19.674907 Sekunden gebraucht
bei 14 cores haben 1000 Messungen 19.699364 Sekunden gebraucht
bei 14 cores haben 1000 Messungen 19.774023 Sekunden gebraucht
bei 15 cores haben 1000 Messungen 19.748735 Sekunden gebraucht
bei 15 cores haben 1000 Messungen 19.744054 Sekunden gebraucht
bei 15 cores haben 1000 Messungen 19.712095 Sekunden gebraucht
bei 15 cores haben 1000 Messungen 19.742151 Sekunden gebraucht
bei 15 cores haben 1000 Messungen 19.743725 Sekunden gebraucht
bei 15 cores haben 1000 Messungen 19.712407 Sekunden gebraucht
bei 15 cores haben 1000 Messungen 19.734948 Sekunden gebraucht
bei 15 cores haben 1000 Messungen 19.743479 Sekunden gebraucht
bei 15 cores haben 1000 Messungen 19.775107 Sekunden gebraucht
bei 15 cores haben 1000 Messungen 19.723616 Sekunden gebraucht
bei 16 cores haben 1000 Messungen 19.885695 Sekunden gebraucht
bei 16 cores haben 1000 Messungen 19.793268 Sekunden gebraucht
bei 16 cores haben 1000 Messungen 19.812806 Sekunden gebraucht
bei 16 cores haben 1000 Messungen 19.799459 Sekunden gebraucht
bei 16 cores haben 1000 Messungen 19.772785 Sekunden gebraucht
bei 16 cores haben 1000 Messungen 19.812722 Sekunden gebraucht
bei 16 cores haben 1000 Messungen 19.798083 Sekunden gebraucht
bei 16 cores haben 1000 Messungen 19.882881 Sekunden gebraucht
bei 16 cores haben 1000 Messungen 19.763677 Sekunden gebraucht
bei 16 cores haben 1000 Messungen 19.820643 Sekunden gebraucht
/hiskp4/gross/bachelorarbeit
