Mon Jun 22 14:55:58 CEST 2020 Waiting for 30 seconds before starting the job to allow the node to settle down
Mon Jun 22 14:56:28 CEST 2020 Waiting done, starting task!
Mon Jun 22 14:56:28 CEST 2020 Waiting for 30 seconds before starting the job to allow the node to settle down
Mon Jun 22 14:56:58 CEST 2020 Waiting done, starting task!
Laenge=384
bei 1 cores haben 1000 Messungen 8.037797 Sekunden gebraucht
bei 1 cores haben 1000 Messungen 7.861061 Sekunden gebraucht
bei 1 cores haben 1000 Messungen 7.843581 Sekunden gebraucht
bei 1 cores haben 1000 Messungen 7.855954 Sekunden gebraucht
bei 1 cores haben 1000 Messungen 7.851739 Sekunden gebraucht
bei 2 cores haben 1000 Messungen 8.692564 Sekunden gebraucht
bei 2 cores haben 1000 Messungen 8.675786 Sekunden gebraucht
bei 2 cores haben 1000 Messungen 8.683683 Sekunden gebraucht
bei 2 cores haben 1000 Messungen 8.666650 Sekunden gebraucht
bei 2 cores haben 1000 Messungen 8.665337 Sekunden gebraucht
bei 3 cores haben 1000 Messungen 5.784463 Sekunden gebraucht
bei 3 cores haben 1000 Messungen 5.746734 Sekunden gebraucht
bei 3 cores haben 1000 Messungen 5.743513 Sekunden gebraucht
bei 3 cores haben 1000 Messungen 5.340024 Sekunden gebraucht
bei 3 cores haben 1000 Messungen 5.972425 Sekunden gebraucht
bei 4 cores haben 1000 Messungen 4.637420 Sekunden gebraucht
bei 4 cores haben 1000 Messungen 4.652459 Sekunden gebraucht
bei 4 cores haben 1000 Messungen 4.806282 Sekunden gebraucht
bei 4 cores haben 1000 Messungen 4.778862 Sekunden gebraucht
bei 4 cores haben 1000 Messungen 5.268747 Sekunden gebraucht
bei 5 cores haben 1000 Messungen 4.479610 Sekunden gebraucht
bei 5 cores haben 1000 Messungen 4.466684 Sekunden gebraucht
bei 5 cores haben 1000 Messungen 4.564518 Sekunden gebraucht
bei 5 cores haben 1000 Messungen 3.832282 Sekunden gebraucht
bei 5 cores haben 1000 Messungen 3.710998 Sekunden gebraucht
bei 6 cores haben 1000 Messungen 3.860324 Sekunden gebraucht
bei 6 cores haben 1000 Messungen 4.056848 Sekunden gebraucht
bei 6 cores haben 1000 Messungen 3.996166 Sekunden gebraucht
bei 6 cores haben 1000 Messungen 3.964726 Sekunden gebraucht
bei 6 cores haben 1000 Messungen 4.148644 Sekunden gebraucht
bei 7 cores haben 1000 Messungen 3.472984 Sekunden gebraucht
bei 7 cores haben 1000 Messungen 3.701182 Sekunden gebraucht
bei 7 cores haben 1000 Messungen 3.168889 Sekunden gebraucht
bei 7 cores haben 1000 Messungen 3.319474 Sekunden gebraucht
bei 7 cores haben 1000 Messungen 2.847028 Sekunden gebraucht
bei 8 cores haben 1000 Messungen 3.099546 Sekunden gebraucht
bei 8 cores haben 1000 Messungen 3.228520 Sekunden gebraucht
bei 8 cores haben 1000 Messungen 3.157522 Sekunden gebraucht
bei 8 cores haben 1000 Messungen 2.996462 Sekunden gebraucht
bei 8 cores haben 1000 Messungen 2.962381 Sekunden gebraucht
bei 9 cores haben 1000 Messungen 2.726546 Sekunden gebraucht
bei 9 cores haben 1000 Messungen 2.785002 Sekunden gebraucht
bei 9 cores haben 1000 Messungen 2.701205 Sekunden gebraucht
bei 9 cores haben 1000 Messungen 2.792417 Sekunden gebraucht
bei 9 cores haben 1000 Messungen 2.843483 Sekunden gebraucht
bei 10 cores haben 1000 Messungen 2.745497 Sekunden gebraucht
bei 10 cores haben 1000 Messungen 2.587834 Sekunden gebraucht
bei 10 cores haben 1000 Messungen 2.637591 Sekunden gebraucht
bei 10 cores haben 1000 Messungen 2.574662 Sekunden gebraucht
bei 10 cores haben 1000 Messungen 2.648175 Sekunden gebraucht
bei 11 cores haben 1000 Messungen 2.503585 Sekunden gebraucht
bei 11 cores haben 1000 Messungen 2.715053 Sekunden gebraucht
bei 11 cores haben 1000 Messungen 2.708319 Sekunden gebraucht
bei 11 cores haben 1000 Messungen 2.646798 Sekunden gebraucht
bei 11 cores haben 1000 Messungen 2.632871 Sekunden gebraucht
bei 12 cores haben 1000 Messungen 2.395991 Sekunden gebraucht
bei 12 cores haben 1000 Messungen 2.405230 Sekunden gebraucht
bei 12 cores haben 1000 Messungen 2.400575 Sekunden gebraucht
bei 12 cores haben 1000 Messungen 2.351265 Sekunden gebraucht
bei 12 cores haben 1000 Messungen 2.175421 Sekunden gebraucht
/hiskp4/gross/bachelorarbeit
