Mon Jun  8 16:56:33 CEST 2020 Waiting for 30 seconds before starting the job to allow the node to settle down
Mon Jun  8 16:57:03 CEST 2020 Waiting done, starting task!
Mon Jun  8 16:57:03 CEST 2020 Waiting for 30 seconds before starting the job to allow the node to settle down
Mon Jun  8 16:57:33 CEST 2020 Waiting done, starting task!
Laenge=6
bei 1 cores haben 900 Messungen 0.006374 Sekunden gebraucht
bei 1 cores haben 900 Messungen 0.006298 Sekunden gebraucht
bei 1 cores haben 900 Messungen 0.006331 Sekunden gebraucht
bei 1 cores haben 900 Messungen 0.006277 Sekunden gebraucht
bei 1 cores haben 900 Messungen 0.010427 Sekunden gebraucht
bei 1 cores haben 900 Messungen 0.010456 Sekunden gebraucht
bei 1 cores haben 900 Messungen 0.009568 Sekunden gebraucht
bei 1 cores haben 900 Messungen 0.008967 Sekunden gebraucht
bei 1 cores haben 900 Messungen 0.008323 Sekunden gebraucht
bei 1 cores haben 900 Messungen 0.007891 Sekunden gebraucht
bei 2 cores haben 900 Messungen 0.007668 Sekunden gebraucht
bei 2 cores haben 900 Messungen 0.007302 Sekunden gebraucht
bei 2 cores haben 900 Messungen 0.006195 Sekunden gebraucht
bei 2 cores haben 900 Messungen 0.006050 Sekunden gebraucht
bei 2 cores haben 900 Messungen 0.006043 Sekunden gebraucht
bei 2 cores haben 900 Messungen 0.006005 Sekunden gebraucht
bei 2 cores haben 900 Messungen 0.007128 Sekunden gebraucht
bei 2 cores haben 900 Messungen 0.005948 Sekunden gebraucht
bei 2 cores haben 900 Messungen 0.005863 Sekunden gebraucht
bei 2 cores haben 900 Messungen 0.006039 Sekunden gebraucht
bei 3 cores haben 900 Messungen 0.012498 Sekunden gebraucht
bei 3 cores haben 900 Messungen 0.012285 Sekunden gebraucht
bei 3 cores haben 900 Messungen 0.011711 Sekunden gebraucht
bei 3 cores haben 900 Messungen 0.011414 Sekunden gebraucht
bei 3 cores haben 900 Messungen 0.011181 Sekunden gebraucht
bei 3 cores haben 900 Messungen 0.010948 Sekunden gebraucht
bei 3 cores haben 900 Messungen 0.010753 Sekunden gebraucht
bei 3 cores haben 900 Messungen 0.010612 Sekunden gebraucht
bei 3 cores haben 900 Messungen 0.010616 Sekunden gebraucht
bei 3 cores haben 900 Messungen 0.010613 Sekunden gebraucht
bei 4 cores haben 900 Messungen 0.010118 Sekunden gebraucht
bei 4 cores haben 900 Messungen 0.010121 Sekunden gebraucht
bei 4 cores haben 900 Messungen 0.010182 Sekunden gebraucht
bei 4 cores haben 900 Messungen 0.010107 Sekunden gebraucht
bei 4 cores haben 900 Messungen 0.010089 Sekunden gebraucht
bei 4 cores haben 900 Messungen 0.010092 Sekunden gebraucht
bei 4 cores haben 900 Messungen 0.009969 Sekunden gebraucht
bei 4 cores haben 900 Messungen 0.009991 Sekunden gebraucht
bei 4 cores haben 900 Messungen 0.010142 Sekunden gebraucht
bei 4 cores haben 900 Messungen 0.010044 Sekunden gebraucht
bei 5 cores haben 900 Messungen 0.012878 Sekunden gebraucht
bei 5 cores haben 900 Messungen 0.012755 Sekunden gebraucht
bei 5 cores haben 900 Messungen 0.012774 Sekunden gebraucht
bei 5 cores haben 900 Messungen 0.012406 Sekunden gebraucht
bei 5 cores haben 900 Messungen 0.011391 Sekunden gebraucht
bei 5 cores haben 900 Messungen 0.011418 Sekunden gebraucht
bei 5 cores haben 900 Messungen 0.011295 Sekunden gebraucht
bei 5 cores haben 900 Messungen 0.010887 Sekunden gebraucht
bei 5 cores haben 900 Messungen 0.011066 Sekunden gebraucht
bei 5 cores haben 900 Messungen 0.010513 Sekunden gebraucht
bei 6 cores haben 900 Messungen 0.010252 Sekunden gebraucht
bei 6 cores haben 900 Messungen 0.009976 Sekunden gebraucht
bei 6 cores haben 900 Messungen 0.010023 Sekunden gebraucht
bei 6 cores haben 900 Messungen 0.010154 Sekunden gebraucht
bei 6 cores haben 900 Messungen 0.010105 Sekunden gebraucht
bei 6 cores haben 900 Messungen 0.010096 Sekunden gebraucht
bei 6 cores haben 900 Messungen 0.010052 Sekunden gebraucht
bei 6 cores haben 900 Messungen 0.010084 Sekunden gebraucht
bei 6 cores haben 900 Messungen 0.010047 Sekunden gebraucht
bei 6 cores haben 900 Messungen 0.009998 Sekunden gebraucht
bei 7 cores haben 900 Messungen 0.013136 Sekunden gebraucht
bei 7 cores haben 900 Messungen 0.013289 Sekunden gebraucht
bei 7 cores haben 900 Messungen 0.013141 Sekunden gebraucht
bei 7 cores haben 900 Messungen 0.013062 Sekunden gebraucht
bei 7 cores haben 900 Messungen 0.012814 Sekunden gebraucht
bei 7 cores haben 900 Messungen 0.012839 Sekunden gebraucht
bei 7 cores haben 900 Messungen 0.012615 Sekunden gebraucht
bei 7 cores haben 900 Messungen 0.012562 Sekunden gebraucht
bei 7 cores haben 900 Messungen 0.012681 Sekunden gebraucht
bei 7 cores haben 900 Messungen 0.012480 Sekunden gebraucht
bei 8 cores haben 900 Messungen 0.010825 Sekunden gebraucht
bei 8 cores haben 900 Messungen 0.010778 Sekunden gebraucht
bei 8 cores haben 900 Messungen 0.010538 Sekunden gebraucht
bei 8 cores haben 900 Messungen 0.010748 Sekunden gebraucht
bei 8 cores haben 900 Messungen 0.010466 Sekunden gebraucht
bei 8 cores haben 900 Messungen 0.010594 Sekunden gebraucht
bei 8 cores haben 900 Messungen 0.010657 Sekunden gebraucht
bei 8 cores haben 900 Messungen 0.010493 Sekunden gebraucht
bei 8 cores haben 900 Messungen 0.010715 Sekunden gebraucht
bei 8 cores haben 900 Messungen 0.010556 Sekunden gebraucht
bei 9 cores haben 900 Messungen 0.014198 Sekunden gebraucht
bei 9 cores haben 900 Messungen 0.014487 Sekunden gebraucht
bei 9 cores haben 900 Messungen 0.014396 Sekunden gebraucht
bei 9 cores haben 900 Messungen 0.014634 Sekunden gebraucht
bei 9 cores haben 900 Messungen 0.015021 Sekunden gebraucht
bei 9 cores haben 900 Messungen 0.014800 Sekunden gebraucht
bei 9 cores haben 900 Messungen 0.014907 Sekunden gebraucht
bei 9 cores haben 900 Messungen 0.014641 Sekunden gebraucht
bei 9 cores haben 900 Messungen 0.014561 Sekunden gebraucht
bei 9 cores haben 900 Messungen 0.014785 Sekunden gebraucht
bei 10 cores haben 900 Messungen 0.013400 Sekunden gebraucht
bei 10 cores haben 900 Messungen 0.013200 Sekunden gebraucht
bei 10 cores haben 900 Messungen 0.013236 Sekunden gebraucht
bei 10 cores haben 900 Messungen 0.013227 Sekunden gebraucht
bei 10 cores haben 900 Messungen 0.013208 Sekunden gebraucht
bei 10 cores haben 900 Messungen 0.013166 Sekunden gebraucht
bei 10 cores haben 900 Messungen 0.013204 Sekunden gebraucht
bei 10 cores haben 900 Messungen 0.013162 Sekunden gebraucht
bei 10 cores haben 900 Messungen 0.013174 Sekunden gebraucht
bei 10 cores haben 900 Messungen 0.013182 Sekunden gebraucht
bei 11 cores haben 900 Messungen 0.017211 Sekunden gebraucht
bei 11 cores haben 900 Messungen 0.017301 Sekunden gebraucht
bei 11 cores haben 900 Messungen 0.017775 Sekunden gebraucht
bei 11 cores haben 900 Messungen 0.017644 Sekunden gebraucht
bei 11 cores haben 900 Messungen 0.017237 Sekunden gebraucht
bei 11 cores haben 900 Messungen 0.017258 Sekunden gebraucht
bei 11 cores haben 900 Messungen 0.017140 Sekunden gebraucht
bei 11 cores haben 900 Messungen 0.017311 Sekunden gebraucht
bei 11 cores haben 900 Messungen 0.017113 Sekunden gebraucht
bei 11 cores haben 900 Messungen 0.017212 Sekunden gebraucht
bei 12 cores haben 900 Messungen 0.018312 Sekunden gebraucht
bei 12 cores haben 900 Messungen 0.018296 Sekunden gebraucht
bei 12 cores haben 900 Messungen 0.018373 Sekunden gebraucht
bei 12 cores haben 900 Messungen 0.018270 Sekunden gebraucht
bei 12 cores haben 900 Messungen 0.018277 Sekunden gebraucht
bei 12 cores haben 900 Messungen 0.018221 Sekunden gebraucht
bei 12 cores haben 900 Messungen 0.018269 Sekunden gebraucht
bei 12 cores haben 900 Messungen 0.018237 Sekunden gebraucht
bei 12 cores haben 900 Messungen 0.018292 Sekunden gebraucht
bei 12 cores haben 900 Messungen 0.018245 Sekunden gebraucht
Laenge=10
bei 1 cores haben 900 Messungen 0.010822 Sekunden gebraucht
bei 1 cores haben 900 Messungen 0.010888 Sekunden gebraucht
bei 1 cores haben 900 Messungen 0.010607 Sekunden gebraucht
bei 1 cores haben 900 Messungen 0.010444 Sekunden gebraucht
bei 1 cores haben 900 Messungen 0.010478 Sekunden gebraucht
bei 1 cores haben 900 Messungen 0.019603 Sekunden gebraucht
bei 1 cores haben 900 Messungen 0.018744 Sekunden gebraucht
bei 1 cores haben 900 Messungen 0.018254 Sekunden gebraucht
bei 1 cores haben 900 Messungen 0.016548 Sekunden gebraucht
bei 1 cores haben 900 Messungen 0.015087 Sekunden gebraucht
bei 2 cores haben 900 Messungen 0.011769 Sekunden gebraucht
bei 2 cores haben 900 Messungen 0.010124 Sekunden gebraucht
bei 2 cores haben 900 Messungen 0.009623 Sekunden gebraucht
bei 2 cores haben 900 Messungen 0.009303 Sekunden gebraucht
bei 2 cores haben 900 Messungen 0.015228 Sekunden gebraucht
bei 2 cores haben 900 Messungen 0.008711 Sekunden gebraucht
bei 2 cores haben 900 Messungen 0.009004 Sekunden gebraucht
bei 2 cores haben 900 Messungen 0.008742 Sekunden gebraucht
bei 2 cores haben 900 Messungen 0.008688 Sekunden gebraucht
bei 2 cores haben 900 Messungen 0.008478 Sekunden gebraucht
bei 3 cores haben 900 Messungen 0.019131 Sekunden gebraucht
bei 3 cores haben 900 Messungen 0.018045 Sekunden gebraucht
bei 3 cores haben 900 Messungen 0.017450 Sekunden gebraucht
bei 3 cores haben 900 Messungen 0.018921 Sekunden gebraucht
bei 3 cores haben 900 Messungen 0.015901 Sekunden gebraucht
bei 3 cores haben 900 Messungen 0.015480 Sekunden gebraucht
bei 3 cores haben 900 Messungen 0.015183 Sekunden gebraucht
bei 3 cores haben 900 Messungen 0.016078 Sekunden gebraucht
bei 3 cores haben 900 Messungen 0.014507 Sekunden gebraucht
bei 3 cores haben 900 Messungen 0.014194 Sekunden gebraucht
bei 4 cores haben 900 Messungen 0.015569 Sekunden gebraucht
bei 4 cores haben 900 Messungen 0.015402 Sekunden gebraucht
bei 4 cores haben 900 Messungen 0.015332 Sekunden gebraucht
bei 4 cores haben 900 Messungen 0.015409 Sekunden gebraucht
bei 4 cores haben 900 Messungen 0.015391 Sekunden gebraucht
bei 4 cores haben 900 Messungen 0.015744 Sekunden gebraucht
bei 4 cores haben 900 Messungen 0.015607 Sekunden gebraucht
bei 4 cores haben 900 Messungen 0.015316 Sekunden gebraucht
bei 4 cores haben 900 Messungen 0.015472 Sekunden gebraucht
bei 4 cores haben 900 Messungen 0.015477 Sekunden gebraucht
bei 5 cores haben 900 Messungen 0.014660 Sekunden gebraucht
bei 5 cores haben 900 Messungen 0.013379 Sekunden gebraucht
bei 5 cores haben 900 Messungen 0.013299 Sekunden gebraucht
bei 5 cores haben 900 Messungen 0.013250 Sekunden gebraucht
bei 5 cores haben 900 Messungen 0.013200 Sekunden gebraucht
bei 5 cores haben 900 Messungen 0.013566 Sekunden gebraucht
bei 5 cores haben 900 Messungen 0.013408 Sekunden gebraucht
bei 5 cores haben 900 Messungen 0.013495 Sekunden gebraucht
bei 5 cores haben 900 Messungen 0.013757 Sekunden gebraucht
bei 5 cores haben 900 Messungen 0.015726 Sekunden gebraucht
bei 6 cores haben 900 Messungen 0.017401 Sekunden gebraucht
bei 6 cores haben 900 Messungen 0.017520 Sekunden gebraucht
bei 6 cores haben 900 Messungen 0.017260 Sekunden gebraucht
bei 6 cores haben 900 Messungen 0.017011 Sekunden gebraucht
bei 6 cores haben 900 Messungen 0.017284 Sekunden gebraucht
bei 6 cores haben 900 Messungen 0.016822 Sekunden gebraucht
bei 6 cores haben 900 Messungen 0.016948 Sekunden gebraucht
bei 6 cores haben 900 Messungen 0.017002 Sekunden gebraucht
bei 6 cores haben 900 Messungen 0.017016 Sekunden gebraucht
bei 6 cores haben 900 Messungen 0.017073 Sekunden gebraucht
bei 7 cores haben 900 Messungen 0.015903 Sekunden gebraucht
bei 7 cores haben 900 Messungen 0.015797 Sekunden gebraucht
bei 7 cores haben 900 Messungen 0.015728 Sekunden gebraucht
bei 7 cores haben 900 Messungen 0.015777 Sekunden gebraucht
bei 7 cores haben 900 Messungen 0.015670 Sekunden gebraucht
bei 7 cores haben 900 Messungen 0.015681 Sekunden gebraucht
bei 7 cores haben 900 Messungen 0.015784 Sekunden gebraucht
bei 7 cores haben 900 Messungen 0.015851 Sekunden gebraucht
bei 7 cores haben 900 Messungen 0.015567 Sekunden gebraucht
bei 7 cores haben 900 Messungen 0.015785 Sekunden gebraucht
bei 8 cores haben 900 Messungen 0.017098 Sekunden gebraucht
bei 8 cores haben 900 Messungen 0.016839 Sekunden gebraucht
bei 8 cores haben 900 Messungen 0.016654 Sekunden gebraucht
bei 8 cores haben 900 Messungen 0.017046 Sekunden gebraucht
bei 8 cores haben 900 Messungen 0.017521 Sekunden gebraucht
bei 8 cores haben 900 Messungen 0.018241 Sekunden gebraucht
bei 8 cores haben 900 Messungen 0.018185 Sekunden gebraucht
bei 8 cores haben 900 Messungen 0.018326 Sekunden gebraucht
bei 8 cores haben 900 Messungen 0.018397 Sekunden gebraucht
bei 8 cores haben 900 Messungen 0.018237 Sekunden gebraucht
bei 9 cores haben 900 Messungen 0.016883 Sekunden gebraucht
bei 9 cores haben 900 Messungen 0.016989 Sekunden gebraucht
bei 9 cores haben 900 Messungen 0.016859 Sekunden gebraucht
bei 9 cores haben 900 Messungen 0.016817 Sekunden gebraucht
bei 9 cores haben 900 Messungen 0.017048 Sekunden gebraucht
bei 9 cores haben 900 Messungen 0.016992 Sekunden gebraucht
bei 9 cores haben 900 Messungen 0.016770 Sekunden gebraucht
bei 9 cores haben 900 Messungen 0.016838 Sekunden gebraucht
bei 9 cores haben 900 Messungen 0.016654 Sekunden gebraucht
bei 9 cores haben 900 Messungen 0.016913 Sekunden gebraucht
bei 10 cores haben 900 Messungen 0.017987 Sekunden gebraucht
bei 10 cores haben 900 Messungen 0.017903 Sekunden gebraucht
bei 10 cores haben 900 Messungen 0.017852 Sekunden gebraucht
bei 10 cores haben 900 Messungen 0.017848 Sekunden gebraucht
bei 10 cores haben 900 Messungen 0.017582 Sekunden gebraucht
bei 10 cores haben 900 Messungen 0.017879 Sekunden gebraucht
bei 10 cores haben 900 Messungen 0.017858 Sekunden gebraucht
bei 10 cores haben 900 Messungen 0.017583 Sekunden gebraucht
bei 10 cores haben 900 Messungen 0.017707 Sekunden gebraucht
bei 10 cores haben 900 Messungen 0.018043 Sekunden gebraucht
bei 11 cores haben 900 Messungen 0.021031 Sekunden gebraucht
bei 11 cores haben 900 Messungen 0.020753 Sekunden gebraucht
bei 11 cores haben 900 Messungen 0.021161 Sekunden gebraucht
bei 11 cores haben 900 Messungen 0.020654 Sekunden gebraucht
bei 11 cores haben 900 Messungen 0.020861 Sekunden gebraucht
bei 11 cores haben 900 Messungen 0.021040 Sekunden gebraucht
bei 11 cores haben 900 Messungen 0.020709 Sekunden gebraucht
bei 11 cores haben 900 Messungen 0.020800 Sekunden gebraucht
bei 11 cores haben 900 Messungen 0.020789 Sekunden gebraucht
bei 11 cores haben 900 Messungen 0.020968 Sekunden gebraucht
bei 12 cores haben 900 Messungen 0.018667 Sekunden gebraucht
bei 12 cores haben 900 Messungen 0.018660 Sekunden gebraucht
bei 12 cores haben 900 Messungen 0.018711 Sekunden gebraucht
bei 12 cores haben 900 Messungen 0.018680 Sekunden gebraucht
bei 12 cores haben 900 Messungen 0.018912 Sekunden gebraucht
bei 12 cores haben 900 Messungen 0.018611 Sekunden gebraucht
bei 12 cores haben 900 Messungen 0.018779 Sekunden gebraucht
bei 12 cores haben 900 Messungen 0.018861 Sekunden gebraucht
bei 12 cores haben 900 Messungen 0.018736 Sekunden gebraucht
bei 12 cores haben 900 Messungen 0.018779 Sekunden gebraucht
Laenge=50
bei 1 cores haben 900 Messungen 0.210629 Sekunden gebraucht
bei 1 cores haben 900 Messungen 0.251968 Sekunden gebraucht
bei 1 cores haben 900 Messungen 0.209392 Sekunden gebraucht
bei 1 cores haben 900 Messungen 0.253878 Sekunden gebraucht
bei 1 cores haben 900 Messungen 0.284436 Sekunden gebraucht
bei 1 cores haben 900 Messungen 0.260634 Sekunden gebraucht
bei 1 cores haben 900 Messungen 0.213004 Sekunden gebraucht
bei 1 cores haben 900 Messungen 0.209503 Sekunden gebraucht
bei 1 cores haben 900 Messungen 0.209413 Sekunden gebraucht
bei 1 cores haben 900 Messungen 0.209460 Sekunden gebraucht
bei 2 cores haben 900 Messungen 0.191301 Sekunden gebraucht
bei 2 cores haben 900 Messungen 0.223135 Sekunden gebraucht
bei 2 cores haben 900 Messungen 0.222749 Sekunden gebraucht
bei 2 cores haben 900 Messungen 0.207127 Sekunden gebraucht
bei 2 cores haben 900 Messungen 0.208944 Sekunden gebraucht
bei 2 cores haben 900 Messungen 0.209222 Sekunden gebraucht
bei 2 cores haben 900 Messungen 0.207608 Sekunden gebraucht
bei 2 cores haben 900 Messungen 0.246765 Sekunden gebraucht
bei 2 cores haben 900 Messungen 0.246477 Sekunden gebraucht
bei 2 cores haben 900 Messungen 0.219291 Sekunden gebraucht
bei 3 cores haben 900 Messungen 0.179475 Sekunden gebraucht
bei 3 cores haben 900 Messungen 0.176564 Sekunden gebraucht
bei 3 cores haben 900 Messungen 0.163571 Sekunden gebraucht
bei 3 cores haben 900 Messungen 0.165330 Sekunden gebraucht
bei 3 cores haben 900 Messungen 0.164527 Sekunden gebraucht
bei 3 cores haben 900 Messungen 0.169505 Sekunden gebraucht
bei 3 cores haben 900 Messungen 0.164410 Sekunden gebraucht
bei 3 cores haben 900 Messungen 0.170406 Sekunden gebraucht
bei 3 cores haben 900 Messungen 0.150756 Sekunden gebraucht
bei 3 cores haben 900 Messungen 0.169858 Sekunden gebraucht
bei 4 cores haben 900 Messungen 0.172720 Sekunden gebraucht
bei 4 cores haben 900 Messungen 0.164652 Sekunden gebraucht
bei 4 cores haben 900 Messungen 0.162172 Sekunden gebraucht
bei 4 cores haben 900 Messungen 0.119882 Sekunden gebraucht
bei 4 cores haben 900 Messungen 0.171320 Sekunden gebraucht
bei 4 cores haben 900 Messungen 0.153764 Sekunden gebraucht
bei 4 cores haben 900 Messungen 0.156300 Sekunden gebraucht
bei 4 cores haben 900 Messungen 0.171494 Sekunden gebraucht
bei 4 cores haben 900 Messungen 0.153016 Sekunden gebraucht
bei 4 cores haben 900 Messungen 0.160718 Sekunden gebraucht
bei 5 cores haben 900 Messungen 0.171382 Sekunden gebraucht
bei 5 cores haben 900 Messungen 0.162254 Sekunden gebraucht
bei 5 cores haben 900 Messungen 0.158293 Sekunden gebraucht
bei 5 cores haben 900 Messungen 0.162715 Sekunden gebraucht
bei 5 cores haben 900 Messungen 0.167955 Sekunden gebraucht
bei 5 cores haben 900 Messungen 0.162788 Sekunden gebraucht
bei 5 cores haben 900 Messungen 0.158935 Sekunden gebraucht
bei 5 cores haben 900 Messungen 0.112596 Sekunden gebraucht
bei 5 cores haben 900 Messungen 0.164829 Sekunden gebraucht
bei 5 cores haben 900 Messungen 0.156824 Sekunden gebraucht
bei 6 cores haben 900 Messungen 0.171801 Sekunden gebraucht
bei 6 cores haben 900 Messungen 0.109066 Sekunden gebraucht
bei 6 cores haben 900 Messungen 0.151402 Sekunden gebraucht
bei 6 cores haben 900 Messungen 0.162477 Sekunden gebraucht
bei 6 cores haben 900 Messungen 0.157723 Sekunden gebraucht
bei 6 cores haben 900 Messungen 0.158882 Sekunden gebraucht
bei 6 cores haben 900 Messungen 0.168335 Sekunden gebraucht
bei 6 cores haben 900 Messungen 0.134315 Sekunden gebraucht
bei 6 cores haben 900 Messungen 0.130630 Sekunden gebraucht
bei 6 cores haben 900 Messungen 0.162311 Sekunden gebraucht
bei 7 cores haben 900 Messungen 0.157285 Sekunden gebraucht
bei 7 cores haben 900 Messungen 0.155608 Sekunden gebraucht
bei 7 cores haben 900 Messungen 0.128487 Sekunden gebraucht
bei 7 cores haben 900 Messungen 0.164337 Sekunden gebraucht
bei 7 cores haben 900 Messungen 0.158081 Sekunden gebraucht
bei 7 cores haben 900 Messungen 0.158186 Sekunden gebraucht
bei 7 cores haben 900 Messungen 0.166196 Sekunden gebraucht
bei 7 cores haben 900 Messungen 0.157798 Sekunden gebraucht
bei 7 cores haben 900 Messungen 0.161481 Sekunden gebraucht
bei 7 cores haben 900 Messungen 0.158845 Sekunden gebraucht
bei 8 cores haben 900 Messungen 0.165824 Sekunden gebraucht
bei 8 cores haben 900 Messungen 0.165388 Sekunden gebraucht
bei 8 cores haben 900 Messungen 0.163898 Sekunden gebraucht
bei 8 cores haben 900 Messungen 0.163104 Sekunden gebraucht
bei 8 cores haben 900 Messungen 0.162894 Sekunden gebraucht
bei 8 cores haben 900 Messungen 0.162624 Sekunden gebraucht
bei 8 cores haben 900 Messungen 0.161924 Sekunden gebraucht
bei 8 cores haben 900 Messungen 0.162357 Sekunden gebraucht
bei 8 cores haben 900 Messungen 0.169310 Sekunden gebraucht
bei 8 cores haben 900 Messungen 0.163503 Sekunden gebraucht
bei 9 cores haben 900 Messungen 0.168266 Sekunden gebraucht
bei 9 cores haben 900 Messungen 0.169147 Sekunden gebraucht
bei 9 cores haben 900 Messungen 0.165132 Sekunden gebraucht
bei 9 cores haben 900 Messungen 0.163290 Sekunden gebraucht
bei 9 cores haben 900 Messungen 0.164237 Sekunden gebraucht
bei 9 cores haben 900 Messungen 0.164486 Sekunden gebraucht
bei 9 cores haben 900 Messungen 0.172151 Sekunden gebraucht
bei 9 cores haben 900 Messungen 0.162280 Sekunden gebraucht
bei 9 cores haben 900 Messungen 0.164096 Sekunden gebraucht
bei 9 cores haben 900 Messungen 0.162890 Sekunden gebraucht
bei 10 cores haben 900 Messungen 0.175003 Sekunden gebraucht
bei 10 cores haben 900 Messungen 0.170142 Sekunden gebraucht
bei 10 cores haben 900 Messungen 0.155933 Sekunden gebraucht
bei 10 cores haben 900 Messungen 0.167530 Sekunden gebraucht
bei 10 cores haben 900 Messungen 0.166132 Sekunden gebraucht
bei 10 cores haben 900 Messungen 0.156280 Sekunden gebraucht
bei 10 cores haben 900 Messungen 0.164862 Sekunden gebraucht
bei 10 cores haben 900 Messungen 0.170293 Sekunden gebraucht
bei 10 cores haben 900 Messungen 0.165710 Sekunden gebraucht
bei 10 cores haben 900 Messungen 0.161757 Sekunden gebraucht
bei 11 cores haben 900 Messungen 0.181078 Sekunden gebraucht
bei 11 cores haben 900 Messungen 0.175225 Sekunden gebraucht
bei 11 cores haben 900 Messungen 0.167725 Sekunden gebraucht
bei 11 cores haben 900 Messungen 0.179969 Sekunden gebraucht
bei 11 cores haben 900 Messungen 0.180993 Sekunden gebraucht
bei 11 cores haben 900 Messungen 0.174832 Sekunden gebraucht
bei 11 cores haben 900 Messungen 0.167879 Sekunden gebraucht
bei 11 cores haben 900 Messungen 0.166826 Sekunden gebraucht
bei 11 cores haben 900 Messungen 0.167403 Sekunden gebraucht
bei 11 cores haben 900 Messungen 0.167618 Sekunden gebraucht
bei 12 cores haben 900 Messungen 0.177452 Sekunden gebraucht
bei 12 cores haben 900 Messungen 0.180778 Sekunden gebraucht
bei 12 cores haben 900 Messungen 0.177156 Sekunden gebraucht
bei 12 cores haben 900 Messungen 0.177744 Sekunden gebraucht
bei 12 cores haben 900 Messungen 0.177417 Sekunden gebraucht
bei 12 cores haben 900 Messungen 0.177032 Sekunden gebraucht
bei 12 cores haben 900 Messungen 0.178167 Sekunden gebraucht
bei 12 cores haben 900 Messungen 0.177768 Sekunden gebraucht
bei 12 cores haben 900 Messungen 0.177945 Sekunden gebraucht
bei 12 cores haben 900 Messungen 0.177206 Sekunden gebraucht
Laenge=300
bei 1 cores haben 900 Messungen 7.421807 Sekunden gebraucht
bei 1 cores haben 900 Messungen 7.426496 Sekunden gebraucht
bei 1 cores haben 900 Messungen 7.462312 Sekunden gebraucht
bei 1 cores haben 900 Messungen 7.416880 Sekunden gebraucht
bei 1 cores haben 900 Messungen 7.534316 Sekunden gebraucht
bei 1 cores haben 900 Messungen 7.416996 Sekunden gebraucht
bei 1 cores haben 900 Messungen 7.571937 Sekunden gebraucht
bei 1 cores haben 900 Messungen 7.420564 Sekunden gebraucht
bei 1 cores haben 900 Messungen 7.660115 Sekunden gebraucht
bei 1 cores haben 900 Messungen 7.439229 Sekunden gebraucht
bei 2 cores haben 900 Messungen 7.249987 Sekunden gebraucht
bei 2 cores haben 900 Messungen 7.334846 Sekunden gebraucht
bei 2 cores haben 900 Messungen 7.240717 Sekunden gebraucht
bei 2 cores haben 900 Messungen 7.415892 Sekunden gebraucht
bei 2 cores haben 900 Messungen 7.440209 Sekunden gebraucht
bei 2 cores haben 900 Messungen 7.385918 Sekunden gebraucht
bei 2 cores haben 900 Messungen 7.294554 Sekunden gebraucht
bei 2 cores haben 900 Messungen 7.296588 Sekunden gebraucht
bei 2 cores haben 900 Messungen 7.289356 Sekunden gebraucht
bei 2 cores haben 900 Messungen 7.378041 Sekunden gebraucht
bei 3 cores haben 900 Messungen 6.063025 Sekunden gebraucht
bei 3 cores haben 900 Messungen 6.085384 Sekunden gebraucht
bei 3 cores haben 900 Messungen 6.089349 Sekunden gebraucht
bei 3 cores haben 900 Messungen 6.081709 Sekunden gebraucht
bei 3 cores haben 900 Messungen 5.982918 Sekunden gebraucht
bei 3 cores haben 900 Messungen 6.031625 Sekunden gebraucht
bei 3 cores haben 900 Messungen 6.006331 Sekunden gebraucht
bei 3 cores haben 900 Messungen 6.053381 Sekunden gebraucht
bei 3 cores haben 900 Messungen 6.077395 Sekunden gebraucht
bei 3 cores haben 900 Messungen 6.080778 Sekunden gebraucht
bei 4 cores haben 900 Messungen 5.531780 Sekunden gebraucht
bei 4 cores haben 900 Messungen 5.492268 Sekunden gebraucht
bei 4 cores haben 900 Messungen 5.490524 Sekunden gebraucht
bei 4 cores haben 900 Messungen 5.472778 Sekunden gebraucht
bei 4 cores haben 900 Messungen 6.031899 Sekunden gebraucht
bei 4 cores haben 900 Messungen 5.546305 Sekunden gebraucht
bei 4 cores haben 900 Messungen 5.548967 Sekunden gebraucht
bei 4 cores haben 900 Messungen 5.560627 Sekunden gebraucht
bei 4 cores haben 900 Messungen 5.558645 Sekunden gebraucht
bei 4 cores haben 900 Messungen 5.464188 Sekunden gebraucht
bei 5 cores haben 900 Messungen 5.760862 Sekunden gebraucht
bei 5 cores haben 900 Messungen 5.725334 Sekunden gebraucht
bei 5 cores haben 900 Messungen 5.604136 Sekunden gebraucht
bei 5 cores haben 900 Messungen 5.712107 Sekunden gebraucht
bei 5 cores haben 900 Messungen 5.664980 Sekunden gebraucht
bei 5 cores haben 900 Messungen 5.848358 Sekunden gebraucht
bei 5 cores haben 900 Messungen 5.716247 Sekunden gebraucht
bei 5 cores haben 900 Messungen 5.517640 Sekunden gebraucht
bei 5 cores haben 900 Messungen 5.548089 Sekunden gebraucht
bei 5 cores haben 900 Messungen 5.639927 Sekunden gebraucht
bei 6 cores haben 900 Messungen 5.606481 Sekunden gebraucht
bei 6 cores haben 900 Messungen 5.486934 Sekunden gebraucht
bei 6 cores haben 900 Messungen 5.768884 Sekunden gebraucht
bei 6 cores haben 900 Messungen 5.652814 Sekunden gebraucht
bei 6 cores haben 900 Messungen 5.366022 Sekunden gebraucht
bei 6 cores haben 900 Messungen 5.681115 Sekunden gebraucht
bei 6 cores haben 900 Messungen 5.427055 Sekunden gebraucht
bei 6 cores haben 900 Messungen 5.809811 Sekunden gebraucht
bei 6 cores haben 900 Messungen 5.437709 Sekunden gebraucht
bei 6 cores haben 900 Messungen 5.602804 Sekunden gebraucht
bei 7 cores haben 900 Messungen 5.729103 Sekunden gebraucht
bei 7 cores haben 900 Messungen 5.753724 Sekunden gebraucht
bei 7 cores haben 900 Messungen 5.730987 Sekunden gebraucht
bei 7 cores haben 900 Messungen 5.669833 Sekunden gebraucht
bei 7 cores haben 900 Messungen 5.707444 Sekunden gebraucht
bei 7 cores haben 900 Messungen 5.850344 Sekunden gebraucht
bei 7 cores haben 900 Messungen 5.681967 Sekunden gebraucht
bei 7 cores haben 900 Messungen 5.684454 Sekunden gebraucht
bei 7 cores haben 900 Messungen 5.726463 Sekunden gebraucht
bei 7 cores haben 900 Messungen 5.700007 Sekunden gebraucht
bei 8 cores haben 900 Messungen 5.491885 Sekunden gebraucht
bei 8 cores haben 900 Messungen 5.595522 Sekunden gebraucht
bei 8 cores haben 900 Messungen 5.705921 Sekunden gebraucht
bei 8 cores haben 900 Messungen 5.568386 Sekunden gebraucht
bei 8 cores haben 900 Messungen 5.555272 Sekunden gebraucht
bei 8 cores haben 900 Messungen 5.507754 Sekunden gebraucht
bei 8 cores haben 900 Messungen 5.787188 Sekunden gebraucht
bei 8 cores haben 900 Messungen 5.724517 Sekunden gebraucht
bei 8 cores haben 900 Messungen 5.653734 Sekunden gebraucht
bei 8 cores haben 900 Messungen 5.494385 Sekunden gebraucht
bei 9 cores haben 900 Messungen 5.763487 Sekunden gebraucht
bei 9 cores haben 900 Messungen 5.652807 Sekunden gebraucht
bei 9 cores haben 900 Messungen 5.711749 Sekunden gebraucht
bei 9 cores haben 900 Messungen 5.766365 Sekunden gebraucht
bei 9 cores haben 900 Messungen 5.764140 Sekunden gebraucht
bei 9 cores haben 900 Messungen 5.764647 Sekunden gebraucht
bei 9 cores haben 900 Messungen 5.721954 Sekunden gebraucht
bei 9 cores haben 900 Messungen 5.844513 Sekunden gebraucht
bei 9 cores haben 900 Messungen 5.678906 Sekunden gebraucht
bei 9 cores haben 900 Messungen 5.688424 Sekunden gebraucht
bei 10 cores haben 900 Messungen 5.817771 Sekunden gebraucht
bei 10 cores haben 900 Messungen 5.717001 Sekunden gebraucht
bei 10 cores haben 900 Messungen 5.764541 Sekunden gebraucht
bei 10 cores haben 900 Messungen 5.789563 Sekunden gebraucht
bei 10 cores haben 900 Messungen 5.842627 Sekunden gebraucht
bei 10 cores haben 900 Messungen 5.763408 Sekunden gebraucht
bei 10 cores haben 900 Messungen 5.843718 Sekunden gebraucht
bei 10 cores haben 900 Messungen 5.717379 Sekunden gebraucht
bei 10 cores haben 900 Messungen 5.800794 Sekunden gebraucht
bei 10 cores haben 900 Messungen 5.779679 Sekunden gebraucht
bei 11 cores haben 900 Messungen 5.769320 Sekunden gebraucht
bei 11 cores haben 900 Messungen 5.771160 Sekunden gebraucht
bei 11 cores haben 900 Messungen 5.785732 Sekunden gebraucht
bei 11 cores haben 900 Messungen 5.792866 Sekunden gebraucht
bei 11 cores haben 900 Messungen 5.767664 Sekunden gebraucht
bei 11 cores haben 900 Messungen 5.787544 Sekunden gebraucht
bei 11 cores haben 900 Messungen 5.790268 Sekunden gebraucht
bei 11 cores haben 900 Messungen 5.837295 Sekunden gebraucht
bei 11 cores haben 900 Messungen 5.762801 Sekunden gebraucht
bei 11 cores haben 900 Messungen 5.748648 Sekunden gebraucht
bei 12 cores haben 900 Messungen 5.742881 Sekunden gebraucht
bei 12 cores haben 900 Messungen 5.766048 Sekunden gebraucht
bei 12 cores haben 900 Messungen 5.765200 Sekunden gebraucht
bei 12 cores haben 900 Messungen 5.756642 Sekunden gebraucht
bei 12 cores haben 900 Messungen 5.771234 Sekunden gebraucht
bei 12 cores haben 900 Messungen 5.765534 Sekunden gebraucht
bei 12 cores haben 900 Messungen 5.750686 Sekunden gebraucht
bei 12 cores haben 900 Messungen 5.772880 Sekunden gebraucht
bei 12 cores haben 900 Messungen 5.751277 Sekunden gebraucht
bei 12 cores haben 900 Messungen 5.779397 Sekunden gebraucht
/hiskp4/gross/bachelorarbeit
