Thu Jun  4 16:36:56 CEST 2020 Waiting for 30 seconds before starting the job to allow the node to settle down
Thu Jun  4 16:37:26 CEST 2020 Waiting done, starting task!
Thu Jun  4 16:37:26 CEST 2020 Waiting for 30 seconds before starting the job to allow the node to settle down
Thu Jun  4 16:37:56 CEST 2020 Waiting done, starting task!
Laenge=6
bei 1 cores haben 1000 Messungen 0.015250 Sekunden gebraucht
bei 1 cores haben 1000 Messungen 0.010930 Sekunden gebraucht
bei 1 cores haben 1000 Messungen 0.010136 Sekunden gebraucht
bei 1 cores haben 1000 Messungen 0.009593 Sekunden gebraucht
bei 1 cores haben 1000 Messungen 0.009602 Sekunden gebraucht
bei 1 cores haben 1000 Messungen 0.009142 Sekunden gebraucht
bei 1 cores haben 1000 Messungen 0.009143 Sekunden gebraucht
bei 1 cores haben 1000 Messungen 0.009041 Sekunden gebraucht
bei 1 cores haben 1000 Messungen 0.008589 Sekunden gebraucht
bei 1 cores haben 1000 Messungen 0.008611 Sekunden gebraucht
bei 2 cores haben 1000 Messungen 0.009085 Sekunden gebraucht
bei 2 cores haben 1000 Messungen 0.008779 Sekunden gebraucht
bei 2 cores haben 1000 Messungen 0.008687 Sekunden gebraucht
bei 2 cores haben 1000 Messungen 0.008678 Sekunden gebraucht
bei 2 cores haben 1000 Messungen 0.008763 Sekunden gebraucht
bei 2 cores haben 1000 Messungen 0.008771 Sekunden gebraucht
bei 2 cores haben 1000 Messungen 0.008834 Sekunden gebraucht
bei 2 cores haben 1000 Messungen 0.014823 Sekunden gebraucht
bei 2 cores haben 1000 Messungen 0.008834 Sekunden gebraucht
bei 2 cores haben 1000 Messungen 0.009010 Sekunden gebraucht
bei 3 cores haben 1000 Messungen 0.017483 Sekunden gebraucht
bei 3 cores haben 1000 Messungen 0.017686 Sekunden gebraucht
bei 3 cores haben 1000 Messungen 0.017110 Sekunden gebraucht
bei 3 cores haben 1000 Messungen 0.016709 Sekunden gebraucht
bei 3 cores haben 1000 Messungen 0.016996 Sekunden gebraucht
bei 3 cores haben 1000 Messungen 0.015981 Sekunden gebraucht
bei 3 cores haben 1000 Messungen 0.016442 Sekunden gebraucht
bei 3 cores haben 1000 Messungen 0.019405 Sekunden gebraucht
bei 3 cores haben 1000 Messungen 0.015537 Sekunden gebraucht
bei 3 cores haben 1000 Messungen 0.015769 Sekunden gebraucht
bei 4 cores haben 1000 Messungen 0.019893 Sekunden gebraucht
bei 4 cores haben 1000 Messungen 0.015535 Sekunden gebraucht
bei 4 cores haben 1000 Messungen 0.015432 Sekunden gebraucht
bei 4 cores haben 1000 Messungen 0.015359 Sekunden gebraucht
bei 4 cores haben 1000 Messungen 0.015489 Sekunden gebraucht
bei 4 cores haben 1000 Messungen 0.015361 Sekunden gebraucht
bei 4 cores haben 1000 Messungen 0.015240 Sekunden gebraucht
bei 4 cores haben 1000 Messungen 0.015133 Sekunden gebraucht
bei 4 cores haben 1000 Messungen 0.015103 Sekunden gebraucht
bei 4 cores haben 1000 Messungen 0.015014 Sekunden gebraucht
bei 5 cores haben 1000 Messungen 0.017738 Sekunden gebraucht
bei 5 cores haben 1000 Messungen 0.017682 Sekunden gebraucht
bei 5 cores haben 1000 Messungen 0.017719 Sekunden gebraucht
bei 5 cores haben 1000 Messungen 0.017645 Sekunden gebraucht
bei 5 cores haben 1000 Messungen 0.017190 Sekunden gebraucht
bei 5 cores haben 1000 Messungen 0.016337 Sekunden gebraucht
bei 5 cores haben 1000 Messungen 0.016107 Sekunden gebraucht
bei 5 cores haben 1000 Messungen 0.015546 Sekunden gebraucht
bei 5 cores haben 1000 Messungen 0.015088 Sekunden gebraucht
bei 5 cores haben 1000 Messungen 0.015318 Sekunden gebraucht
bei 6 cores haben 1000 Messungen 0.016453 Sekunden gebraucht
bei 6 cores haben 1000 Messungen 0.015860 Sekunden gebraucht
bei 6 cores haben 1000 Messungen 0.015751 Sekunden gebraucht
bei 6 cores haben 1000 Messungen 0.015406 Sekunden gebraucht
bei 6 cores haben 1000 Messungen 0.015963 Sekunden gebraucht
bei 6 cores haben 1000 Messungen 0.016066 Sekunden gebraucht
bei 6 cores haben 1000 Messungen 0.016222 Sekunden gebraucht
bei 6 cores haben 1000 Messungen 0.016018 Sekunden gebraucht
bei 6 cores haben 1000 Messungen 0.015904 Sekunden gebraucht
bei 6 cores haben 1000 Messungen 0.016315 Sekunden gebraucht
bei 7 cores haben 1000 Messungen 0.017086 Sekunden gebraucht
bei 7 cores haben 1000 Messungen 0.017162 Sekunden gebraucht
bei 7 cores haben 1000 Messungen 0.016932 Sekunden gebraucht
bei 7 cores haben 1000 Messungen 0.017015 Sekunden gebraucht
bei 7 cores haben 1000 Messungen 0.016818 Sekunden gebraucht
bei 7 cores haben 1000 Messungen 0.016906 Sekunden gebraucht
bei 7 cores haben 1000 Messungen 0.017374 Sekunden gebraucht
bei 7 cores haben 1000 Messungen 0.016973 Sekunden gebraucht
bei 7 cores haben 1000 Messungen 0.017253 Sekunden gebraucht
bei 7 cores haben 1000 Messungen 0.016893 Sekunden gebraucht
bei 8 cores haben 1000 Messungen 0.017325 Sekunden gebraucht
bei 8 cores haben 1000 Messungen 0.017208 Sekunden gebraucht
bei 8 cores haben 1000 Messungen 0.017831 Sekunden gebraucht
bei 8 cores haben 1000 Messungen 0.016817 Sekunden gebraucht
bei 8 cores haben 1000 Messungen 0.017707 Sekunden gebraucht
bei 8 cores haben 1000 Messungen 0.017897 Sekunden gebraucht
bei 8 cores haben 1000 Messungen 0.019143 Sekunden gebraucht
bei 8 cores haben 1000 Messungen 0.017462 Sekunden gebraucht
bei 8 cores haben 1000 Messungen 0.016602 Sekunden gebraucht
bei 8 cores haben 1000 Messungen 0.018025 Sekunden gebraucht
bei 9 cores haben 1000 Messungen 0.020455 Sekunden gebraucht
bei 9 cores haben 1000 Messungen 0.019801 Sekunden gebraucht
bei 9 cores haben 1000 Messungen 0.020331 Sekunden gebraucht
bei 9 cores haben 1000 Messungen 0.020284 Sekunden gebraucht
bei 9 cores haben 1000 Messungen 0.024556 Sekunden gebraucht
bei 9 cores haben 1000 Messungen 0.024546 Sekunden gebraucht
bei 9 cores haben 1000 Messungen 0.024405 Sekunden gebraucht
bei 9 cores haben 1000 Messungen 0.020486 Sekunden gebraucht
bei 9 cores haben 1000 Messungen 0.020126 Sekunden gebraucht
bei 9 cores haben 1000 Messungen 0.019924 Sekunden gebraucht
bei 10 cores haben 1000 Messungen 0.022112 Sekunden gebraucht
bei 10 cores haben 1000 Messungen 0.021241 Sekunden gebraucht
bei 10 cores haben 1000 Messungen 0.021273 Sekunden gebraucht
bei 10 cores haben 1000 Messungen 0.021013 Sekunden gebraucht
bei 10 cores haben 1000 Messungen 0.021181 Sekunden gebraucht
bei 10 cores haben 1000 Messungen 0.019932 Sekunden gebraucht
bei 10 cores haben 1000 Messungen 0.022383 Sekunden gebraucht
bei 10 cores haben 1000 Messungen 0.022445 Sekunden gebraucht
bei 10 cores haben 1000 Messungen 0.021603 Sekunden gebraucht
bei 10 cores haben 1000 Messungen 0.021954 Sekunden gebraucht
bei 11 cores haben 1000 Messungen 0.023330 Sekunden gebraucht
bei 11 cores haben 1000 Messungen 0.023961 Sekunden gebraucht
bei 11 cores haben 1000 Messungen 0.024097 Sekunden gebraucht
bei 11 cores haben 1000 Messungen 0.024007 Sekunden gebraucht
bei 11 cores haben 1000 Messungen 0.023965 Sekunden gebraucht
bei 11 cores haben 1000 Messungen 0.023911 Sekunden gebraucht
bei 11 cores haben 1000 Messungen 0.024005 Sekunden gebraucht
bei 11 cores haben 1000 Messungen 0.024227 Sekunden gebraucht
bei 11 cores haben 1000 Messungen 0.024087 Sekunden gebraucht
bei 11 cores haben 1000 Messungen 0.023956 Sekunden gebraucht
bei 12 cores haben 1000 Messungen 0.026202 Sekunden gebraucht
bei 12 cores haben 1000 Messungen 0.026959 Sekunden gebraucht
bei 12 cores haben 1000 Messungen 0.027109 Sekunden gebraucht
bei 12 cores haben 1000 Messungen 0.025350 Sekunden gebraucht
bei 12 cores haben 1000 Messungen 0.025407 Sekunden gebraucht
bei 12 cores haben 1000 Messungen 0.025241 Sekunden gebraucht
bei 12 cores haben 1000 Messungen 0.026103 Sekunden gebraucht
bei 12 cores haben 1000 Messungen 0.026147 Sekunden gebraucht
bei 12 cores haben 1000 Messungen 0.026368 Sekunden gebraucht
bei 12 cores haben 1000 Messungen 0.024992 Sekunden gebraucht
bei 13 cores haben 1000 Messungen 0.027928 Sekunden gebraucht
bei 13 cores haben 1000 Messungen 0.029484 Sekunden gebraucht
bei 13 cores haben 1000 Messungen 0.027793 Sekunden gebraucht
bei 13 cores haben 1000 Messungen 0.030529 Sekunden gebraucht
bei 13 cores haben 1000 Messungen 0.031467 Sekunden gebraucht
bei 13 cores haben 1000 Messungen 0.030322 Sekunden gebraucht
bei 13 cores haben 1000 Messungen 0.030803 Sekunden gebraucht
bei 13 cores haben 1000 Messungen 0.028224 Sekunden gebraucht
bei 13 cores haben 1000 Messungen 0.028143 Sekunden gebraucht
bei 13 cores haben 1000 Messungen 0.027940 Sekunden gebraucht
bei 14 cores haben 1000 Messungen 0.026008 Sekunden gebraucht
bei 14 cores haben 1000 Messungen 0.025925 Sekunden gebraucht
bei 14 cores haben 1000 Messungen 0.025681 Sekunden gebraucht
bei 14 cores haben 1000 Messungen 0.025829 Sekunden gebraucht
bei 14 cores haben 1000 Messungen 0.026733 Sekunden gebraucht
bei 14 cores haben 1000 Messungen 0.026412 Sekunden gebraucht
bei 14 cores haben 1000 Messungen 0.026727 Sekunden gebraucht
bei 14 cores haben 1000 Messungen 0.026420 Sekunden gebraucht
bei 14 cores haben 1000 Messungen 0.026530 Sekunden gebraucht
bei 14 cores haben 1000 Messungen 0.026843 Sekunden gebraucht
bei 15 cores haben 1000 Messungen 0.031221 Sekunden gebraucht
bei 15 cores haben 1000 Messungen 0.030944 Sekunden gebraucht
bei 15 cores haben 1000 Messungen 0.031102 Sekunden gebraucht
bei 15 cores haben 1000 Messungen 0.031058 Sekunden gebraucht
bei 15 cores haben 1000 Messungen 0.031124 Sekunden gebraucht
bei 15 cores haben 1000 Messungen 0.031112 Sekunden gebraucht
bei 15 cores haben 1000 Messungen 0.031129 Sekunden gebraucht
bei 15 cores haben 1000 Messungen 0.031117 Sekunden gebraucht
bei 15 cores haben 1000 Messungen 0.031102 Sekunden gebraucht
bei 15 cores haben 1000 Messungen 0.031230 Sekunden gebraucht
bei 16 cores haben 1000 Messungen 0.033243 Sekunden gebraucht
bei 16 cores haben 1000 Messungen 0.033402 Sekunden gebraucht
bei 16 cores haben 1000 Messungen 0.033127 Sekunden gebraucht
bei 16 cores haben 1000 Messungen 0.033182 Sekunden gebraucht
bei 16 cores haben 1000 Messungen 0.033289 Sekunden gebraucht
bei 16 cores haben 1000 Messungen 0.041132 Sekunden gebraucht
bei 16 cores haben 1000 Messungen 0.036342 Sekunden gebraucht
bei 16 cores haben 1000 Messungen 0.037586 Sekunden gebraucht
bei 16 cores haben 1000 Messungen 0.036899 Sekunden gebraucht
bei 16 cores haben 1000 Messungen 0.036947 Sekunden gebraucht
Laenge=10
bei 1 cores haben 1000 Messungen 0.014895 Sekunden gebraucht
bei 1 cores haben 1000 Messungen 0.014778 Sekunden gebraucht
bei 1 cores haben 1000 Messungen 0.014640 Sekunden gebraucht
bei 1 cores haben 1000 Messungen 0.025582 Sekunden gebraucht
bei 1 cores haben 1000 Messungen 0.022508 Sekunden gebraucht
bei 1 cores haben 1000 Messungen 0.020689 Sekunden gebraucht
bei 1 cores haben 1000 Messungen 0.028496 Sekunden gebraucht
bei 1 cores haben 1000 Messungen 0.024270 Sekunden gebraucht
bei 1 cores haben 1000 Messungen 0.021402 Sekunden gebraucht
bei 1 cores haben 1000 Messungen 0.020362 Sekunden gebraucht
bei 2 cores haben 1000 Messungen 0.015183 Sekunden gebraucht
bei 2 cores haben 1000 Messungen 0.012765 Sekunden gebraucht
bei 2 cores haben 1000 Messungen 0.011763 Sekunden gebraucht
bei 2 cores haben 1000 Messungen 0.011689 Sekunden gebraucht
bei 2 cores haben 1000 Messungen 0.013392 Sekunden gebraucht
bei 2 cores haben 1000 Messungen 0.011267 Sekunden gebraucht
bei 2 cores haben 1000 Messungen 0.011555 Sekunden gebraucht
bei 2 cores haben 1000 Messungen 0.011416 Sekunden gebraucht
bei 2 cores haben 1000 Messungen 0.011407 Sekunden gebraucht
bei 2 cores haben 1000 Messungen 0.011349 Sekunden gebraucht
bei 3 cores haben 1000 Messungen 0.026000 Sekunden gebraucht
bei 3 cores haben 1000 Messungen 0.027460 Sekunden gebraucht
bei 3 cores haben 1000 Messungen 0.023529 Sekunden gebraucht
bei 3 cores haben 1000 Messungen 0.022637 Sekunden gebraucht
bei 3 cores haben 1000 Messungen 0.023289 Sekunden gebraucht
bei 3 cores haben 1000 Messungen 0.021879 Sekunden gebraucht
bei 3 cores haben 1000 Messungen 0.021311 Sekunden gebraucht
bei 3 cores haben 1000 Messungen 0.020713 Sekunden gebraucht
bei 3 cores haben 1000 Messungen 0.021664 Sekunden gebraucht
bei 3 cores haben 1000 Messungen 0.021268 Sekunden gebraucht
bei 4 cores haben 1000 Messungen 0.020608 Sekunden gebraucht
bei 4 cores haben 1000 Messungen 0.019844 Sekunden gebraucht
bei 4 cores haben 1000 Messungen 0.020581 Sekunden gebraucht
bei 4 cores haben 1000 Messungen 0.020424 Sekunden gebraucht
bei 4 cores haben 1000 Messungen 0.020653 Sekunden gebraucht
bei 4 cores haben 1000 Messungen 0.020639 Sekunden gebraucht
bei 4 cores haben 1000 Messungen 0.019782 Sekunden gebraucht
bei 4 cores haben 1000 Messungen 0.020796 Sekunden gebraucht
bei 4 cores haben 1000 Messungen 0.020474 Sekunden gebraucht
bei 4 cores haben 1000 Messungen 0.020041 Sekunden gebraucht
bei 5 cores haben 1000 Messungen 0.020646 Sekunden gebraucht
bei 5 cores haben 1000 Messungen 0.020449 Sekunden gebraucht
bei 5 cores haben 1000 Messungen 0.023351 Sekunden gebraucht
bei 5 cores haben 1000 Messungen 0.020117 Sekunden gebraucht
bei 5 cores haben 1000 Messungen 0.019898 Sekunden gebraucht
bei 5 cores haben 1000 Messungen 0.020246 Sekunden gebraucht
bei 5 cores haben 1000 Messungen 0.022325 Sekunden gebraucht
bei 5 cores haben 1000 Messungen 0.020314 Sekunden gebraucht
bei 5 cores haben 1000 Messungen 0.019880 Sekunden gebraucht
bei 5 cores haben 1000 Messungen 0.020206 Sekunden gebraucht
bei 6 cores haben 1000 Messungen 0.021208 Sekunden gebraucht
bei 6 cores haben 1000 Messungen 0.020925 Sekunden gebraucht
bei 6 cores haben 1000 Messungen 0.021190 Sekunden gebraucht
bei 6 cores haben 1000 Messungen 0.021037 Sekunden gebraucht
bei 6 cores haben 1000 Messungen 0.020327 Sekunden gebraucht
bei 6 cores haben 1000 Messungen 0.020746 Sekunden gebraucht
bei 6 cores haben 1000 Messungen 0.020796 Sekunden gebraucht
bei 6 cores haben 1000 Messungen 0.019943 Sekunden gebraucht
bei 6 cores haben 1000 Messungen 0.021008 Sekunden gebraucht
bei 6 cores haben 1000 Messungen 0.020838 Sekunden gebraucht
bei 7 cores haben 1000 Messungen 0.022573 Sekunden gebraucht
bei 7 cores haben 1000 Messungen 0.022181 Sekunden gebraucht
bei 7 cores haben 1000 Messungen 0.022236 Sekunden gebraucht
bei 7 cores haben 1000 Messungen 0.022149 Sekunden gebraucht
bei 7 cores haben 1000 Messungen 0.022201 Sekunden gebraucht
bei 7 cores haben 1000 Messungen 0.022311 Sekunden gebraucht
bei 7 cores haben 1000 Messungen 0.022172 Sekunden gebraucht
bei 7 cores haben 1000 Messungen 0.022474 Sekunden gebraucht
bei 7 cores haben 1000 Messungen 0.022903 Sekunden gebraucht
bei 7 cores haben 1000 Messungen 0.023083 Sekunden gebraucht
bei 8 cores haben 1000 Messungen 0.023166 Sekunden gebraucht
bei 8 cores haben 1000 Messungen 0.023784 Sekunden gebraucht
bei 8 cores haben 1000 Messungen 0.023831 Sekunden gebraucht
bei 8 cores haben 1000 Messungen 0.025165 Sekunden gebraucht
bei 8 cores haben 1000 Messungen 0.024241 Sekunden gebraucht
bei 8 cores haben 1000 Messungen 0.024437 Sekunden gebraucht
bei 8 cores haben 1000 Messungen 0.023991 Sekunden gebraucht
bei 8 cores haben 1000 Messungen 0.023365 Sekunden gebraucht
bei 8 cores haben 1000 Messungen 0.023239 Sekunden gebraucht
bei 8 cores haben 1000 Messungen 0.023740 Sekunden gebraucht
bei 9 cores haben 1000 Messungen 0.025255 Sekunden gebraucht
bei 9 cores haben 1000 Messungen 0.025519 Sekunden gebraucht
bei 9 cores haben 1000 Messungen 0.025551 Sekunden gebraucht
bei 9 cores haben 1000 Messungen 0.025271 Sekunden gebraucht
bei 9 cores haben 1000 Messungen 0.031224 Sekunden gebraucht
bei 9 cores haben 1000 Messungen 0.029514 Sekunden gebraucht
bei 9 cores haben 1000 Messungen 0.030375 Sekunden gebraucht
bei 9 cores haben 1000 Messungen 0.029561 Sekunden gebraucht
bei 9 cores haben 1000 Messungen 0.025343 Sekunden gebraucht
bei 9 cores haben 1000 Messungen 0.025557 Sekunden gebraucht
bei 10 cores haben 1000 Messungen 0.024843 Sekunden gebraucht
bei 10 cores haben 1000 Messungen 0.024722 Sekunden gebraucht
bei 10 cores haben 1000 Messungen 0.025174 Sekunden gebraucht
bei 10 cores haben 1000 Messungen 0.025088 Sekunden gebraucht
bei 10 cores haben 1000 Messungen 0.028564 Sekunden gebraucht
bei 10 cores haben 1000 Messungen 0.026950 Sekunden gebraucht
bei 10 cores haben 1000 Messungen 0.026863 Sekunden gebraucht
bei 10 cores haben 1000 Messungen 0.027353 Sekunden gebraucht
bei 10 cores haben 1000 Messungen 0.025790 Sekunden gebraucht
bei 10 cores haben 1000 Messungen 0.026647 Sekunden gebraucht
bei 11 cores haben 1000 Messungen 0.031669 Sekunden gebraucht
bei 11 cores haben 1000 Messungen 0.027605 Sekunden gebraucht
bei 11 cores haben 1000 Messungen 0.027965 Sekunden gebraucht
bei 11 cores haben 1000 Messungen 0.027953 Sekunden gebraucht
bei 11 cores haben 1000 Messungen 0.028134 Sekunden gebraucht
bei 11 cores haben 1000 Messungen 0.028183 Sekunden gebraucht
bei 11 cores haben 1000 Messungen 0.028271 Sekunden gebraucht
bei 11 cores haben 1000 Messungen 0.027749 Sekunden gebraucht
bei 11 cores haben 1000 Messungen 0.027644 Sekunden gebraucht
bei 11 cores haben 1000 Messungen 0.027958 Sekunden gebraucht
bei 12 cores haben 1000 Messungen 0.031796 Sekunden gebraucht
bei 12 cores haben 1000 Messungen 0.031802 Sekunden gebraucht
bei 12 cores haben 1000 Messungen 0.031785 Sekunden gebraucht
bei 12 cores haben 1000 Messungen 0.031990 Sekunden gebraucht
bei 12 cores haben 1000 Messungen 0.031315 Sekunden gebraucht
bei 12 cores haben 1000 Messungen 0.031734 Sekunden gebraucht
bei 12 cores haben 1000 Messungen 0.031709 Sekunden gebraucht
bei 12 cores haben 1000 Messungen 0.031644 Sekunden gebraucht
bei 12 cores haben 1000 Messungen 0.034080 Sekunden gebraucht
bei 12 cores haben 1000 Messungen 0.031946 Sekunden gebraucht
bei 13 cores haben 1000 Messungen 0.037511 Sekunden gebraucht
bei 13 cores haben 1000 Messungen 0.034435 Sekunden gebraucht
bei 13 cores haben 1000 Messungen 0.030510 Sekunden gebraucht
bei 13 cores haben 1000 Messungen 0.030547 Sekunden gebraucht
bei 13 cores haben 1000 Messungen 0.030547 Sekunden gebraucht
bei 13 cores haben 1000 Messungen 0.030344 Sekunden gebraucht
bei 13 cores haben 1000 Messungen 0.030215 Sekunden gebraucht
bei 13 cores haben 1000 Messungen 0.030491 Sekunden gebraucht
bei 13 cores haben 1000 Messungen 0.030443 Sekunden gebraucht
bei 13 cores haben 1000 Messungen 0.030115 Sekunden gebraucht
bei 14 cores haben 1000 Messungen 0.031756 Sekunden gebraucht
bei 14 cores haben 1000 Messungen 0.031451 Sekunden gebraucht
bei 14 cores haben 1000 Messungen 0.031439 Sekunden gebraucht
bei 14 cores haben 1000 Messungen 0.035295 Sekunden gebraucht
bei 14 cores haben 1000 Messungen 0.032255 Sekunden gebraucht
bei 14 cores haben 1000 Messungen 0.032096 Sekunden gebraucht
bei 14 cores haben 1000 Messungen 0.032359 Sekunden gebraucht
bei 14 cores haben 1000 Messungen 0.032009 Sekunden gebraucht
bei 14 cores haben 1000 Messungen 0.032187 Sekunden gebraucht
bei 14 cores haben 1000 Messungen 0.032106 Sekunden gebraucht
bei 15 cores haben 1000 Messungen 0.032307 Sekunden gebraucht
bei 15 cores haben 1000 Messungen 0.028582 Sekunden gebraucht
bei 15 cores haben 1000 Messungen 0.030526 Sekunden gebraucht
bei 15 cores haben 1000 Messungen 0.030016 Sekunden gebraucht
bei 15 cores haben 1000 Messungen 0.030009 Sekunden gebraucht
bei 15 cores haben 1000 Messungen 0.030014 Sekunden gebraucht
bei 15 cores haben 1000 Messungen 0.033537 Sekunden gebraucht
bei 15 cores haben 1000 Messungen 0.029960 Sekunden gebraucht
bei 15 cores haben 1000 Messungen 0.030266 Sekunden gebraucht
bei 15 cores haben 1000 Messungen 0.066840 Sekunden gebraucht
bei 16 cores haben 1000 Messungen 0.043552 Sekunden gebraucht
bei 16 cores haben 1000 Messungen 0.045737 Sekunden gebraucht
bei 16 cores haben 1000 Messungen 0.041944 Sekunden gebraucht
bei 16 cores haben 1000 Messungen 0.039338 Sekunden gebraucht
bei 16 cores haben 1000 Messungen 0.039212 Sekunden gebraucht
bei 16 cores haben 1000 Messungen 0.039492 Sekunden gebraucht
bei 16 cores haben 1000 Messungen 0.039259 Sekunden gebraucht
bei 16 cores haben 1000 Messungen 0.039276 Sekunden gebraucht
bei 16 cores haben 1000 Messungen 0.039106 Sekunden gebraucht
bei 16 cores haben 1000 Messungen 0.039111 Sekunden gebraucht
Laenge=20
bei 1 cores haben 1000 Messungen 0.049211 Sekunden gebraucht
bei 1 cores haben 1000 Messungen 0.082360 Sekunden gebraucht
bei 1 cores haben 1000 Messungen 0.085181 Sekunden gebraucht
bei 1 cores haben 1000 Messungen 0.062874 Sekunden gebraucht
bei 1 cores haben 1000 Messungen 0.053037 Sekunden gebraucht
bei 1 cores haben 1000 Messungen 0.046760 Sekunden gebraucht
bei 1 cores haben 1000 Messungen 0.085283 Sekunden gebraucht
bei 1 cores haben 1000 Messungen 0.062866 Sekunden gebraucht
bei 1 cores haben 1000 Messungen 0.053050 Sekunden gebraucht
bei 1 cores haben 1000 Messungen 0.046879 Sekunden gebraucht
bei 2 cores haben 1000 Messungen 0.096555 Sekunden gebraucht
bei 2 cores haben 1000 Messungen 0.085904 Sekunden gebraucht
bei 2 cores haben 1000 Messungen 0.085704 Sekunden gebraucht
bei 2 cores haben 1000 Messungen 0.108514 Sekunden gebraucht
bei 2 cores haben 1000 Messungen 0.090108 Sekunden gebraucht
bei 2 cores haben 1000 Messungen 0.082096 Sekunden gebraucht
bei 2 cores haben 1000 Messungen 0.076494 Sekunden gebraucht
bei 2 cores haben 1000 Messungen 0.096902 Sekunden gebraucht
bei 2 cores haben 1000 Messungen 0.088822 Sekunden gebraucht
bei 2 cores haben 1000 Messungen 0.048235 Sekunden gebraucht
bei 3 cores haben 1000 Messungen 0.104507 Sekunden gebraucht
bei 3 cores haben 1000 Messungen 0.083933 Sekunden gebraucht
bei 3 cores haben 1000 Messungen 0.080275 Sekunden gebraucht
bei 3 cores haben 1000 Messungen 0.070741 Sekunden gebraucht
bei 3 cores haben 1000 Messungen 0.069957 Sekunden gebraucht
bei 3 cores haben 1000 Messungen 0.072040 Sekunden gebraucht
bei 3 cores haben 1000 Messungen 0.071520 Sekunden gebraucht
bei 3 cores haben 1000 Messungen 0.070097 Sekunden gebraucht
bei 3 cores haben 1000 Messungen 0.070499 Sekunden gebraucht
bei 3 cores haben 1000 Messungen 0.071400 Sekunden gebraucht
bei 4 cores haben 1000 Messungen 0.068466 Sekunden gebraucht
bei 4 cores haben 1000 Messungen 0.066876 Sekunden gebraucht
bei 4 cores haben 1000 Messungen 0.064192 Sekunden gebraucht
bei 4 cores haben 1000 Messungen 0.059275 Sekunden gebraucht
bei 4 cores haben 1000 Messungen 0.068474 Sekunden gebraucht
bei 4 cores haben 1000 Messungen 0.071057 Sekunden gebraucht
bei 4 cores haben 1000 Messungen 0.066398 Sekunden gebraucht
bei 4 cores haben 1000 Messungen 0.059583 Sekunden gebraucht
bei 4 cores haben 1000 Messungen 0.060642 Sekunden gebraucht
bei 4 cores haben 1000 Messungen 0.056701 Sekunden gebraucht
bei 5 cores haben 1000 Messungen 0.057070 Sekunden gebraucht
bei 5 cores haben 1000 Messungen 0.055972 Sekunden gebraucht
bei 5 cores haben 1000 Messungen 0.056543 Sekunden gebraucht
bei 5 cores haben 1000 Messungen 0.055855 Sekunden gebraucht
bei 5 cores haben 1000 Messungen 0.057005 Sekunden gebraucht
bei 5 cores haben 1000 Messungen 0.055171 Sekunden gebraucht
bei 5 cores haben 1000 Messungen 0.055731 Sekunden gebraucht
bei 5 cores haben 1000 Messungen 0.056257 Sekunden gebraucht
bei 5 cores haben 1000 Messungen 0.054944 Sekunden gebraucht
bei 5 cores haben 1000 Messungen 0.059096 Sekunden gebraucht
bei 6 cores haben 1000 Messungen 0.058722 Sekunden gebraucht
bei 6 cores haben 1000 Messungen 0.061868 Sekunden gebraucht
bei 6 cores haben 1000 Messungen 0.061741 Sekunden gebraucht
bei 6 cores haben 1000 Messungen 0.056086 Sekunden gebraucht
bei 6 cores haben 1000 Messungen 0.055566 Sekunden gebraucht
bei 6 cores haben 1000 Messungen 0.054546 Sekunden gebraucht
bei 6 cores haben 1000 Messungen 0.055490 Sekunden gebraucht
bei 6 cores haben 1000 Messungen 0.054517 Sekunden gebraucht
bei 6 cores haben 1000 Messungen 0.056187 Sekunden gebraucht
bei 6 cores haben 1000 Messungen 0.056919 Sekunden gebraucht
bei 7 cores haben 1000 Messungen 0.055182 Sekunden gebraucht
bei 7 cores haben 1000 Messungen 0.054276 Sekunden gebraucht
bei 7 cores haben 1000 Messungen 0.055629 Sekunden gebraucht
bei 7 cores haben 1000 Messungen 0.055567 Sekunden gebraucht
bei 7 cores haben 1000 Messungen 0.055156 Sekunden gebraucht
bei 7 cores haben 1000 Messungen 0.056686 Sekunden gebraucht
bei 7 cores haben 1000 Messungen 0.056208 Sekunden gebraucht
bei 7 cores haben 1000 Messungen 0.055395 Sekunden gebraucht
bei 7 cores haben 1000 Messungen 0.057106 Sekunden gebraucht
bei 7 cores haben 1000 Messungen 0.058411 Sekunden gebraucht
bei 8 cores haben 1000 Messungen 0.059683 Sekunden gebraucht
bei 8 cores haben 1000 Messungen 0.056725 Sekunden gebraucht
bei 8 cores haben 1000 Messungen 0.056961 Sekunden gebraucht
bei 8 cores haben 1000 Messungen 0.054561 Sekunden gebraucht
bei 8 cores haben 1000 Messungen 0.057370 Sekunden gebraucht
bei 8 cores haben 1000 Messungen 0.054274 Sekunden gebraucht
bei 8 cores haben 1000 Messungen 0.053078 Sekunden gebraucht
bei 8 cores haben 1000 Messungen 0.055004 Sekunden gebraucht
bei 8 cores haben 1000 Messungen 0.055699 Sekunden gebraucht
bei 8 cores haben 1000 Messungen 0.055752 Sekunden gebraucht
bei 9 cores haben 1000 Messungen 0.056695 Sekunden gebraucht
bei 9 cores haben 1000 Messungen 0.057558 Sekunden gebraucht
bei 9 cores haben 1000 Messungen 0.056846 Sekunden gebraucht
bei 9 cores haben 1000 Messungen 0.059919 Sekunden gebraucht
bei 9 cores haben 1000 Messungen 0.055638 Sekunden gebraucht
bei 9 cores haben 1000 Messungen 0.062184 Sekunden gebraucht
bei 9 cores haben 1000 Messungen 0.060177 Sekunden gebraucht
bei 9 cores haben 1000 Messungen 0.055322 Sekunden gebraucht
bei 9 cores haben 1000 Messungen 0.055594 Sekunden gebraucht
bei 9 cores haben 1000 Messungen 0.055790 Sekunden gebraucht
bei 10 cores haben 1000 Messungen 0.062101 Sekunden gebraucht
bei 10 cores haben 1000 Messungen 0.057589 Sekunden gebraucht
bei 10 cores haben 1000 Messungen 0.058530 Sekunden gebraucht
bei 10 cores haben 1000 Messungen 0.057141 Sekunden gebraucht
bei 10 cores haben 1000 Messungen 0.057925 Sekunden gebraucht
bei 10 cores haben 1000 Messungen 0.058296 Sekunden gebraucht
bei 10 cores haben 1000 Messungen 0.056669 Sekunden gebraucht
bei 10 cores haben 1000 Messungen 0.056711 Sekunden gebraucht
bei 10 cores haben 1000 Messungen 0.057894 Sekunden gebraucht
bei 10 cores haben 1000 Messungen 0.057909 Sekunden gebraucht
bei 11 cores haben 1000 Messungen 0.056399 Sekunden gebraucht
bei 11 cores haben 1000 Messungen 0.053361 Sekunden gebraucht
bei 11 cores haben 1000 Messungen 0.058700 Sekunden gebraucht
bei 11 cores haben 1000 Messungen 0.057264 Sekunden gebraucht
bei 11 cores haben 1000 Messungen 0.055402 Sekunden gebraucht
bei 11 cores haben 1000 Messungen 0.056317 Sekunden gebraucht
bei 11 cores haben 1000 Messungen 0.054881 Sekunden gebraucht
bei 11 cores haben 1000 Messungen 0.055596 Sekunden gebraucht
bei 11 cores haben 1000 Messungen 0.055141 Sekunden gebraucht
bei 11 cores haben 1000 Messungen 0.055326 Sekunden gebraucht
bei 12 cores haben 1000 Messungen 0.055222 Sekunden gebraucht
bei 12 cores haben 1000 Messungen 0.056827 Sekunden gebraucht
bei 12 cores haben 1000 Messungen 0.056523 Sekunden gebraucht
bei 12 cores haben 1000 Messungen 0.056781 Sekunden gebraucht
bei 12 cores haben 1000 Messungen 0.056436 Sekunden gebraucht
bei 12 cores haben 1000 Messungen 0.056350 Sekunden gebraucht
bei 12 cores haben 1000 Messungen 0.056604 Sekunden gebraucht
bei 12 cores haben 1000 Messungen 0.055579 Sekunden gebraucht
bei 12 cores haben 1000 Messungen 0.059098 Sekunden gebraucht
bei 12 cores haben 1000 Messungen 0.062349 Sekunden gebraucht
bei 13 cores haben 1000 Messungen 0.062553 Sekunden gebraucht
bei 13 cores haben 1000 Messungen 0.062972 Sekunden gebraucht
bei 13 cores haben 1000 Messungen 0.059574 Sekunden gebraucht
bei 13 cores haben 1000 Messungen 0.059315 Sekunden gebraucht
bei 13 cores haben 1000 Messungen 0.059957 Sekunden gebraucht
bei 13 cores haben 1000 Messungen 0.060188 Sekunden gebraucht
bei 13 cores haben 1000 Messungen 0.060073 Sekunden gebraucht
bei 13 cores haben 1000 Messungen 0.059900 Sekunden gebraucht
bei 13 cores haben 1000 Messungen 0.059274 Sekunden gebraucht
bei 13 cores haben 1000 Messungen 0.059650 Sekunden gebraucht
bei 14 cores haben 1000 Messungen 0.055900 Sekunden gebraucht
bei 14 cores haben 1000 Messungen 0.060258 Sekunden gebraucht
bei 14 cores haben 1000 Messungen 0.057458 Sekunden gebraucht
bei 14 cores haben 1000 Messungen 0.057200 Sekunden gebraucht
bei 14 cores haben 1000 Messungen 0.055699 Sekunden gebraucht
bei 14 cores haben 1000 Messungen 0.055044 Sekunden gebraucht
bei 14 cores haben 1000 Messungen 0.058540 Sekunden gebraucht
bei 14 cores haben 1000 Messungen 0.065108 Sekunden gebraucht
bei 14 cores haben 1000 Messungen 0.060057 Sekunden gebraucht
bei 14 cores haben 1000 Messungen 0.055741 Sekunden gebraucht
bei 15 cores haben 1000 Messungen 0.060905 Sekunden gebraucht
bei 15 cores haben 1000 Messungen 0.060632 Sekunden gebraucht
bei 15 cores haben 1000 Messungen 0.060722 Sekunden gebraucht
bei 15 cores haben 1000 Messungen 0.060242 Sekunden gebraucht
bei 15 cores haben 1000 Messungen 0.059887 Sekunden gebraucht
bei 15 cores haben 1000 Messungen 0.059849 Sekunden gebraucht
bei 15 cores haben 1000 Messungen 0.060106 Sekunden gebraucht
bei 15 cores haben 1000 Messungen 0.059788 Sekunden gebraucht
bei 15 cores haben 1000 Messungen 0.059827 Sekunden gebraucht
bei 15 cores haben 1000 Messungen 0.060230 Sekunden gebraucht
bei 16 cores haben 1000 Messungen 0.061264 Sekunden gebraucht
bei 16 cores haben 1000 Messungen 0.063608 Sekunden gebraucht
bei 16 cores haben 1000 Messungen 0.070791 Sekunden gebraucht
bei 16 cores haben 1000 Messungen 0.069875 Sekunden gebraucht
bei 16 cores haben 1000 Messungen 0.063884 Sekunden gebraucht
bei 16 cores haben 1000 Messungen 0.061513 Sekunden gebraucht
bei 16 cores haben 1000 Messungen 0.060854 Sekunden gebraucht
bei 16 cores haben 1000 Messungen 0.061231 Sekunden gebraucht
bei 16 cores haben 1000 Messungen 0.061506 Sekunden gebraucht
bei 16 cores haben 1000 Messungen 0.061747 Sekunden gebraucht
Laenge=36
bei 1 cores haben 1000 Messungen 0.146270 Sekunden gebraucht
bei 1 cores haben 1000 Messungen 0.196218 Sekunden gebraucht
bei 1 cores haben 1000 Messungen 0.142966 Sekunden gebraucht
bei 1 cores haben 1000 Messungen 0.146911 Sekunden gebraucht
bei 1 cores haben 1000 Messungen 0.191090 Sekunden gebraucht
bei 1 cores haben 1000 Messungen 0.143152 Sekunden gebraucht
bei 1 cores haben 1000 Messungen 0.143051 Sekunden gebraucht
bei 1 cores haben 1000 Messungen 0.143177 Sekunden gebraucht
bei 1 cores haben 1000 Messungen 0.143278 Sekunden gebraucht
bei 1 cores haben 1000 Messungen 0.143181 Sekunden gebraucht
bei 2 cores haben 1000 Messungen 0.274691 Sekunden gebraucht
bei 2 cores haben 1000 Messungen 0.232899 Sekunden gebraucht
bei 2 cores haben 1000 Messungen 0.211045 Sekunden gebraucht
bei 2 cores haben 1000 Messungen 0.209207 Sekunden gebraucht
bei 2 cores haben 1000 Messungen 0.255023 Sekunden gebraucht
bei 2 cores haben 1000 Messungen 0.251667 Sekunden gebraucht
bei 2 cores haben 1000 Messungen 0.228867 Sekunden gebraucht
bei 2 cores haben 1000 Messungen 0.272885 Sekunden gebraucht
bei 2 cores haben 1000 Messungen 0.251817 Sekunden gebraucht
bei 2 cores haben 1000 Messungen 0.210133 Sekunden gebraucht
bei 3 cores haben 1000 Messungen 0.163007 Sekunden gebraucht
bei 3 cores haben 1000 Messungen 0.162546 Sekunden gebraucht
bei 3 cores haben 1000 Messungen 0.170408 Sekunden gebraucht
bei 3 cores haben 1000 Messungen 0.168607 Sekunden gebraucht
bei 3 cores haben 1000 Messungen 0.167205 Sekunden gebraucht
bei 3 cores haben 1000 Messungen 0.170033 Sekunden gebraucht
bei 3 cores haben 1000 Messungen 0.166388 Sekunden gebraucht
bei 3 cores haben 1000 Messungen 0.165888 Sekunden gebraucht
bei 3 cores haben 1000 Messungen 0.166285 Sekunden gebraucht
bei 3 cores haben 1000 Messungen 0.172268 Sekunden gebraucht
bei 4 cores haben 1000 Messungen 0.143921 Sekunden gebraucht
bei 4 cores haben 1000 Messungen 0.141582 Sekunden gebraucht
bei 4 cores haben 1000 Messungen 0.137550 Sekunden gebraucht
bei 4 cores haben 1000 Messungen 0.079842 Sekunden gebraucht
bei 4 cores haben 1000 Messungen 0.145515 Sekunden gebraucht
bei 4 cores haben 1000 Messungen 0.078828 Sekunden gebraucht
bei 4 cores haben 1000 Messungen 0.153199 Sekunden gebraucht
bei 4 cores haben 1000 Messungen 0.164709 Sekunden gebraucht
bei 4 cores haben 1000 Messungen 0.153512 Sekunden gebraucht
bei 4 cores haben 1000 Messungen 0.136412 Sekunden gebraucht
bei 5 cores haben 1000 Messungen 0.131996 Sekunden gebraucht
bei 5 cores haben 1000 Messungen 0.064969 Sekunden gebraucht
bei 5 cores haben 1000 Messungen 0.125615 Sekunden gebraucht
bei 5 cores haben 1000 Messungen 0.133168 Sekunden gebraucht
bei 5 cores haben 1000 Messungen 0.144892 Sekunden gebraucht
bei 5 cores haben 1000 Messungen 0.126575 Sekunden gebraucht
bei 5 cores haben 1000 Messungen 0.131099 Sekunden gebraucht
bei 5 cores haben 1000 Messungen 0.068715 Sekunden gebraucht
bei 5 cores haben 1000 Messungen 0.095650 Sekunden gebraucht
bei 5 cores haben 1000 Messungen 0.129693 Sekunden gebraucht
bei 6 cores haben 1000 Messungen 0.126634 Sekunden gebraucht
bei 6 cores haben 1000 Messungen 0.123570 Sekunden gebraucht
bei 6 cores haben 1000 Messungen 0.131993 Sekunden gebraucht
bei 6 cores haben 1000 Messungen 0.072907 Sekunden gebraucht
bei 6 cores haben 1000 Messungen 0.077354 Sekunden gebraucht
bei 6 cores haben 1000 Messungen 0.123214 Sekunden gebraucht
bei 6 cores haben 1000 Messungen 0.124689 Sekunden gebraucht
bei 6 cores haben 1000 Messungen 0.106864 Sekunden gebraucht
bei 6 cores haben 1000 Messungen 0.126032 Sekunden gebraucht
bei 6 cores haben 1000 Messungen 0.128692 Sekunden gebraucht
bei 7 cores haben 1000 Messungen 0.131022 Sekunden gebraucht
bei 7 cores haben 1000 Messungen 0.135826 Sekunden gebraucht
bei 7 cores haben 1000 Messungen 0.065696 Sekunden gebraucht
bei 7 cores haben 1000 Messungen 0.085469 Sekunden gebraucht
bei 7 cores haben 1000 Messungen 0.114783 Sekunden gebraucht
bei 7 cores haben 1000 Messungen 0.126545 Sekunden gebraucht
bei 7 cores haben 1000 Messungen 0.126374 Sekunden gebraucht
bei 7 cores haben 1000 Messungen 0.126275 Sekunden gebraucht
bei 7 cores haben 1000 Messungen 0.126144 Sekunden gebraucht
bei 7 cores haben 1000 Messungen 0.128175 Sekunden gebraucht
bei 8 cores haben 1000 Messungen 0.067253 Sekunden gebraucht
bei 8 cores haben 1000 Messungen 0.071286 Sekunden gebraucht
bei 8 cores haben 1000 Messungen 0.079781 Sekunden gebraucht
bei 8 cores haben 1000 Messungen 0.100669 Sekunden gebraucht
bei 8 cores haben 1000 Messungen 0.115771 Sekunden gebraucht
bei 8 cores haben 1000 Messungen 0.121245 Sekunden gebraucht
bei 8 cores haben 1000 Messungen 0.059163 Sekunden gebraucht
bei 8 cores haben 1000 Messungen 0.090745 Sekunden gebraucht
bei 8 cores haben 1000 Messungen 0.106239 Sekunden gebraucht
bei 8 cores haben 1000 Messungen 0.121339 Sekunden gebraucht
bei 9 cores haben 1000 Messungen 0.131707 Sekunden gebraucht
bei 9 cores haben 1000 Messungen 0.132665 Sekunden gebraucht
bei 9 cores haben 1000 Messungen 0.126209 Sekunden gebraucht
bei 9 cores haben 1000 Messungen 0.123675 Sekunden gebraucht
bei 9 cores haben 1000 Messungen 0.124449 Sekunden gebraucht
bei 9 cores haben 1000 Messungen 0.123909 Sekunden gebraucht
bei 9 cores haben 1000 Messungen 0.124179 Sekunden gebraucht
bei 9 cores haben 1000 Messungen 0.123540 Sekunden gebraucht
bei 9 cores haben 1000 Messungen 0.133337 Sekunden gebraucht
bei 9 cores haben 1000 Messungen 0.128232 Sekunden gebraucht
bei 10 cores haben 1000 Messungen 0.123699 Sekunden gebraucht
bei 10 cores haben 1000 Messungen 0.127734 Sekunden gebraucht
bei 10 cores haben 1000 Messungen 0.122682 Sekunden gebraucht
bei 10 cores haben 1000 Messungen 0.121598 Sekunden gebraucht
bei 10 cores haben 1000 Messungen 0.122073 Sekunden gebraucht
bei 10 cores haben 1000 Messungen 0.124621 Sekunden gebraucht
bei 10 cores haben 1000 Messungen 0.138746 Sekunden gebraucht
bei 10 cores haben 1000 Messungen 0.127066 Sekunden gebraucht
bei 10 cores haben 1000 Messungen 0.123355 Sekunden gebraucht
bei 10 cores haben 1000 Messungen 0.123874 Sekunden gebraucht
bei 11 cores haben 1000 Messungen 0.122027 Sekunden gebraucht
bei 11 cores haben 1000 Messungen 0.121969 Sekunden gebraucht
bei 11 cores haben 1000 Messungen 0.122036 Sekunden gebraucht
bei 11 cores haben 1000 Messungen 0.122227 Sekunden gebraucht
bei 11 cores haben 1000 Messungen 0.136117 Sekunden gebraucht
bei 11 cores haben 1000 Messungen 0.185234 Sekunden gebraucht
bei 11 cores haben 1000 Messungen 0.125624 Sekunden gebraucht
bei 11 cores haben 1000 Messungen 0.124536 Sekunden gebraucht
bei 11 cores haben 1000 Messungen 0.125136 Sekunden gebraucht
bei 11 cores haben 1000 Messungen 0.124046 Sekunden gebraucht
bei 12 cores haben 1000 Messungen 0.124113 Sekunden gebraucht
bei 12 cores haben 1000 Messungen 0.136652 Sekunden gebraucht
bei 12 cores haben 1000 Messungen 0.130539 Sekunden gebraucht
bei 12 cores haben 1000 Messungen 0.126065 Sekunden gebraucht
bei 12 cores haben 1000 Messungen 0.123892 Sekunden gebraucht
bei 12 cores haben 1000 Messungen 0.124544 Sekunden gebraucht
bei 12 cores haben 1000 Messungen 0.123925 Sekunden gebraucht
bei 12 cores haben 1000 Messungen 0.124551 Sekunden gebraucht
bei 12 cores haben 1000 Messungen 0.128113 Sekunden gebraucht
bei 12 cores haben 1000 Messungen 0.138201 Sekunden gebraucht
bei 13 cores haben 1000 Messungen 0.131749 Sekunden gebraucht
bei 13 cores haben 1000 Messungen 0.124455 Sekunden gebraucht
bei 13 cores haben 1000 Messungen 0.124814 Sekunden gebraucht
bei 13 cores haben 1000 Messungen 0.124257 Sekunden gebraucht
bei 13 cores haben 1000 Messungen 0.124539 Sekunden gebraucht
bei 13 cores haben 1000 Messungen 0.127227 Sekunden gebraucht
bei 13 cores haben 1000 Messungen 0.129490 Sekunden gebraucht
bei 13 cores haben 1000 Messungen 0.142262 Sekunden gebraucht
bei 13 cores haben 1000 Messungen 0.124456 Sekunden gebraucht
bei 13 cores haben 1000 Messungen 0.124629 Sekunden gebraucht
bei 14 cores haben 1000 Messungen 0.124043 Sekunden gebraucht
bei 14 cores haben 1000 Messungen 0.123704 Sekunden gebraucht
bei 14 cores haben 1000 Messungen 0.122955 Sekunden gebraucht
bei 14 cores haben 1000 Messungen 0.123714 Sekunden gebraucht
bei 14 cores haben 1000 Messungen 0.131256 Sekunden gebraucht
bei 14 cores haben 1000 Messungen 0.144118 Sekunden gebraucht
bei 14 cores haben 1000 Messungen 0.126281 Sekunden gebraucht
bei 14 cores haben 1000 Messungen 0.126062 Sekunden gebraucht
bei 14 cores haben 1000 Messungen 0.123081 Sekunden gebraucht
bei 14 cores haben 1000 Messungen 0.124872 Sekunden gebraucht
bei 15 cores haben 1000 Messungen 0.128104 Sekunden gebraucht
bei 15 cores haben 1000 Messungen 0.141885 Sekunden gebraucht
bei 15 cores haben 1000 Messungen 0.262952 Sekunden gebraucht
bei 15 cores haben 1000 Messungen 0.127495 Sekunden gebraucht
bei 15 cores haben 1000 Messungen 0.127759 Sekunden gebraucht
bei 15 cores haben 1000 Messungen 0.127864 Sekunden gebraucht
bei 15 cores haben 1000 Messungen 0.128274 Sekunden gebraucht
bei 15 cores haben 1000 Messungen 0.129073 Sekunden gebraucht
bei 15 cores haben 1000 Messungen 0.131989 Sekunden gebraucht
bei 15 cores haben 1000 Messungen 0.142177 Sekunden gebraucht
bei 16 cores haben 1000 Messungen 0.131660 Sekunden gebraucht
bei 16 cores haben 1000 Messungen 0.129112 Sekunden gebraucht
bei 16 cores haben 1000 Messungen 0.128705 Sekunden gebraucht
bei 16 cores haben 1000 Messungen 0.129431 Sekunden gebraucht
bei 16 cores haben 1000 Messungen 0.128814 Sekunden gebraucht
bei 16 cores haben 1000 Messungen 0.128667 Sekunden gebraucht
bei 16 cores haben 1000 Messungen 0.134439 Sekunden gebraucht
bei 16 cores haben 1000 Messungen 0.139703 Sekunden gebraucht
bei 16 cores haben 1000 Messungen 0.131958 Sekunden gebraucht
bei 16 cores haben 1000 Messungen 0.128552 Sekunden gebraucht
Laenge=50
bei 1 cores haben 1000 Messungen 0.276101 Sekunden gebraucht
bei 1 cores haben 1000 Messungen 0.333379 Sekunden gebraucht
bei 1 cores haben 1000 Messungen 0.334376 Sekunden gebraucht
bei 1 cores haben 1000 Messungen 0.404192 Sekunden gebraucht
bei 1 cores haben 1000 Messungen 0.408905 Sekunden gebraucht
bei 1 cores haben 1000 Messungen 0.404739 Sekunden gebraucht
bei 1 cores haben 1000 Messungen 0.313478 Sekunden gebraucht
bei 1 cores haben 1000 Messungen 0.273340 Sekunden gebraucht
bei 1 cores haben 1000 Messungen 0.273401 Sekunden gebraucht
bei 1 cores haben 1000 Messungen 0.273507 Sekunden gebraucht
bei 2 cores haben 1000 Messungen 0.403235 Sekunden gebraucht
bei 2 cores haben 1000 Messungen 0.446474 Sekunden gebraucht
bei 2 cores haben 1000 Messungen 0.324571 Sekunden gebraucht
bei 2 cores haben 1000 Messungen 0.404016 Sekunden gebraucht
bei 2 cores haben 1000 Messungen 0.332267 Sekunden gebraucht
bei 2 cores haben 1000 Messungen 0.349573 Sekunden gebraucht
bei 2 cores haben 1000 Messungen 0.347340 Sekunden gebraucht
bei 2 cores haben 1000 Messungen 0.402323 Sekunden gebraucht
bei 2 cores haben 1000 Messungen 0.451604 Sekunden gebraucht
bei 2 cores haben 1000 Messungen 0.417869 Sekunden gebraucht
bei 3 cores haben 1000 Messungen 0.292795 Sekunden gebraucht
bei 3 cores haben 1000 Messungen 0.318280 Sekunden gebraucht
bei 3 cores haben 1000 Messungen 0.297876 Sekunden gebraucht
bei 3 cores haben 1000 Messungen 0.293048 Sekunden gebraucht
bei 3 cores haben 1000 Messungen 0.302698 Sekunden gebraucht
bei 3 cores haben 1000 Messungen 0.300501 Sekunden gebraucht
bei 3 cores haben 1000 Messungen 0.292624 Sekunden gebraucht
bei 3 cores haben 1000 Messungen 0.315109 Sekunden gebraucht
bei 3 cores haben 1000 Messungen 0.298749 Sekunden gebraucht
bei 3 cores haben 1000 Messungen 0.297445 Sekunden gebraucht
bei 4 cores haben 1000 Messungen 0.247892 Sekunden gebraucht
bei 4 cores haben 1000 Messungen 0.252573 Sekunden gebraucht
bei 4 cores haben 1000 Messungen 0.247050 Sekunden gebraucht
bei 4 cores haben 1000 Messungen 0.167118 Sekunden gebraucht
bei 4 cores haben 1000 Messungen 0.254494 Sekunden gebraucht
bei 4 cores haben 1000 Messungen 0.252670 Sekunden gebraucht
bei 4 cores haben 1000 Messungen 0.243642 Sekunden gebraucht
bei 4 cores haben 1000 Messungen 0.248514 Sekunden gebraucht
bei 4 cores haben 1000 Messungen 0.223759 Sekunden gebraucht
bei 4 cores haben 1000 Messungen 0.170121 Sekunden gebraucht
bei 5 cores haben 1000 Messungen 0.273161 Sekunden gebraucht
bei 5 cores haben 1000 Messungen 0.245446 Sekunden gebraucht
bei 5 cores haben 1000 Messungen 0.128717 Sekunden gebraucht
bei 5 cores haben 1000 Messungen 0.236295 Sekunden gebraucht
bei 5 cores haben 1000 Messungen 0.244867 Sekunden gebraucht
bei 5 cores haben 1000 Messungen 0.168028 Sekunden gebraucht
bei 5 cores haben 1000 Messungen 0.161117 Sekunden gebraucht
bei 5 cores haben 1000 Messungen 0.270380 Sekunden gebraucht
bei 5 cores haben 1000 Messungen 0.257256 Sekunden gebraucht
bei 5 cores haben 1000 Messungen 0.249624 Sekunden gebraucht
bei 6 cores haben 1000 Messungen 0.236562 Sekunden gebraucht
bei 6 cores haben 1000 Messungen 0.232223 Sekunden gebraucht
bei 6 cores haben 1000 Messungen 0.231190 Sekunden gebraucht
bei 6 cores haben 1000 Messungen 0.237246 Sekunden gebraucht
bei 6 cores haben 1000 Messungen 0.239559 Sekunden gebraucht
bei 6 cores haben 1000 Messungen 0.230954 Sekunden gebraucht
bei 6 cores haben 1000 Messungen 0.230518 Sekunden gebraucht
bei 6 cores haben 1000 Messungen 0.237475 Sekunden gebraucht
bei 6 cores haben 1000 Messungen 0.148189 Sekunden gebraucht
bei 6 cores haben 1000 Messungen 0.226167 Sekunden gebraucht
bei 7 cores haben 1000 Messungen 0.237930 Sekunden gebraucht
bei 7 cores haben 1000 Messungen 0.232817 Sekunden gebraucht
bei 7 cores haben 1000 Messungen 0.147936 Sekunden gebraucht
bei 7 cores haben 1000 Messungen 0.237302 Sekunden gebraucht
bei 7 cores haben 1000 Messungen 0.236994 Sekunden gebraucht
bei 7 cores haben 1000 Messungen 0.133095 Sekunden gebraucht
bei 7 cores haben 1000 Messungen 0.214422 Sekunden gebraucht
bei 7 cores haben 1000 Messungen 0.238039 Sekunden gebraucht
bei 7 cores haben 1000 Messungen 0.202615 Sekunden gebraucht
bei 7 cores haben 1000 Messungen 0.236789 Sekunden gebraucht
bei 8 cores haben 1000 Messungen 0.236468 Sekunden gebraucht
bei 8 cores haben 1000 Messungen 0.132677 Sekunden gebraucht
bei 8 cores haben 1000 Messungen 0.210278 Sekunden gebraucht
bei 8 cores haben 1000 Messungen 0.235478 Sekunden gebraucht
bei 8 cores haben 1000 Messungen 0.135054 Sekunden gebraucht
bei 8 cores haben 1000 Messungen 0.203610 Sekunden gebraucht
bei 8 cores haben 1000 Messungen 0.234719 Sekunden gebraucht
bei 8 cores haben 1000 Messungen 0.240362 Sekunden gebraucht
bei 8 cores haben 1000 Messungen 0.136565 Sekunden gebraucht
bei 8 cores haben 1000 Messungen 0.203240 Sekunden gebraucht
bei 9 cores haben 1000 Messungen 0.231077 Sekunden gebraucht
bei 9 cores haben 1000 Messungen 0.212056 Sekunden gebraucht
bei 9 cores haben 1000 Messungen 0.233797 Sekunden gebraucht
bei 9 cores haben 1000 Messungen 0.231474 Sekunden gebraucht
bei 9 cores haben 1000 Messungen 0.281143 Sekunden gebraucht
bei 9 cores haben 1000 Messungen 0.230216 Sekunden gebraucht
bei 9 cores haben 1000 Messungen 0.243433 Sekunden gebraucht
bei 9 cores haben 1000 Messungen 0.230994 Sekunden gebraucht
bei 9 cores haben 1000 Messungen 0.292005 Sekunden gebraucht
bei 9 cores haben 1000 Messungen 0.232670 Sekunden gebraucht
bei 10 cores haben 1000 Messungen 0.232340 Sekunden gebraucht
bei 10 cores haben 1000 Messungen 0.226582 Sekunden gebraucht
bei 10 cores haben 1000 Messungen 0.227805 Sekunden gebraucht
bei 10 cores haben 1000 Messungen 0.300556 Sekunden gebraucht
bei 10 cores haben 1000 Messungen 0.243988 Sekunden gebraucht
bei 10 cores haben 1000 Messungen 0.226278 Sekunden gebraucht
bei 10 cores haben 1000 Messungen 0.228545 Sekunden gebraucht
bei 10 cores haben 1000 Messungen 0.224726 Sekunden gebraucht
bei 10 cores haben 1000 Messungen 0.230390 Sekunden gebraucht
bei 10 cores haben 1000 Messungen 0.228178 Sekunden gebraucht
bei 11 cores haben 1000 Messungen 0.226556 Sekunden gebraucht
bei 11 cores haben 1000 Messungen 0.226840 Sekunden gebraucht
bei 11 cores haben 1000 Messungen 0.412002 Sekunden gebraucht
bei 11 cores haben 1000 Messungen 0.229276 Sekunden gebraucht
bei 11 cores haben 1000 Messungen 0.228879 Sekunden gebraucht
bei 11 cores haben 1000 Messungen 0.225311 Sekunden gebraucht
bei 11 cores haben 1000 Messungen 0.232449 Sekunden gebraucht
bei 11 cores haben 1000 Messungen 0.225263 Sekunden gebraucht
bei 11 cores haben 1000 Messungen 0.227422 Sekunden gebraucht
bei 11 cores haben 1000 Messungen 0.225242 Sekunden gebraucht
bei 12 cores haben 1000 Messungen 0.245769 Sekunden gebraucht
bei 12 cores haben 1000 Messungen 0.228837 Sekunden gebraucht
bei 12 cores haben 1000 Messungen 0.644827 Sekunden gebraucht
bei 12 cores haben 1000 Messungen 0.239557 Sekunden gebraucht
bei 12 cores haben 1000 Messungen 0.230670 Sekunden gebraucht
bei 12 cores haben 1000 Messungen 0.229190 Sekunden gebraucht
bei 12 cores haben 1000 Messungen 0.588092 Sekunden gebraucht
bei 12 cores haben 1000 Messungen 0.230796 Sekunden gebraucht
bei 12 cores haben 1000 Messungen 0.371186 Sekunden gebraucht
bei 12 cores haben 1000 Messungen 0.241421 Sekunden gebraucht
bei 13 cores haben 1000 Messungen 0.228067 Sekunden gebraucht
bei 13 cores haben 1000 Messungen 0.348954 Sekunden gebraucht
bei 13 cores haben 1000 Messungen 0.228432 Sekunden gebraucht
bei 13 cores haben 1000 Messungen 0.241826 Sekunden gebraucht
bei 13 cores haben 1000 Messungen 0.394086 Sekunden gebraucht
bei 13 cores haben 1000 Messungen 0.228142 Sekunden gebraucht
bei 13 cores haben 1000 Messungen 0.235750 Sekunden gebraucht
bei 13 cores haben 1000 Messungen 0.231047 Sekunden gebraucht
bei 13 cores haben 1000 Messungen 0.226080 Sekunden gebraucht
bei 13 cores haben 1000 Messungen 0.229703 Sekunden gebraucht
bei 14 cores haben 1000 Messungen 0.229153 Sekunden gebraucht
bei 14 cores haben 1000 Messungen 0.246052 Sekunden gebraucht
bei 14 cores haben 1000 Messungen 0.230432 Sekunden gebraucht
bei 14 cores haben 1000 Messungen 0.225339 Sekunden gebraucht
bei 14 cores haben 1000 Messungen 0.227108 Sekunden gebraucht
bei 14 cores haben 1000 Messungen 0.248617 Sekunden gebraucht
bei 14 cores haben 1000 Messungen 0.229765 Sekunden gebraucht
bei 14 cores haben 1000 Messungen 0.230364 Sekunden gebraucht
bei 14 cores haben 1000 Messungen 0.226993 Sekunden gebraucht
bei 14 cores haben 1000 Messungen 0.234850 Sekunden gebraucht
bei 15 cores haben 1000 Messungen 0.234716 Sekunden gebraucht
bei 15 cores haben 1000 Messungen 0.227255 Sekunden gebraucht
bei 15 cores haben 1000 Messungen 0.227278 Sekunden gebraucht
bei 15 cores haben 1000 Messungen 0.233528 Sekunden gebraucht
bei 15 cores haben 1000 Messungen 0.235713 Sekunden gebraucht
bei 15 cores haben 1000 Messungen 0.227757 Sekunden gebraucht
bei 15 cores haben 1000 Messungen 0.226657 Sekunden gebraucht
bei 15 cores haben 1000 Messungen 0.227654 Sekunden gebraucht
bei 15 cores haben 1000 Messungen 0.242091 Sekunden gebraucht
bei 15 cores haben 1000 Messungen 0.228034 Sekunden gebraucht
bei 16 cores haben 1000 Messungen 0.233200 Sekunden gebraucht
bei 16 cores haben 1000 Messungen 0.234052 Sekunden gebraucht
bei 16 cores haben 1000 Messungen 0.266869 Sekunden gebraucht
bei 16 cores haben 1000 Messungen 0.232848 Sekunden gebraucht
bei 16 cores haben 1000 Messungen 0.233770 Sekunden gebraucht
bei 16 cores haben 1000 Messungen 0.234072 Sekunden gebraucht
bei 16 cores haben 1000 Messungen 0.241494 Sekunden gebraucht
bei 16 cores haben 1000 Messungen 0.243778 Sekunden gebraucht
bei 16 cores haben 1000 Messungen 0.232916 Sekunden gebraucht
bei 16 cores haben 1000 Messungen 0.233684 Sekunden gebraucht
Laenge=100
bei 1 cores haben 1000 Messungen 1.087522 Sekunden gebraucht
bei 1 cores haben 1000 Messungen 1.144798 Sekunden gebraucht
bei 1 cores haben 1000 Messungen 1.107649 Sekunden gebraucht
bei 1 cores haben 1000 Messungen 1.261773 Sekunden gebraucht
bei 1 cores haben 1000 Messungen 1.146440 Sekunden gebraucht
bei 1 cores haben 1000 Messungen 1.082841 Sekunden gebraucht
bei 1 cores haben 1000 Messungen 1.177729 Sekunden gebraucht
bei 1 cores haben 1000 Messungen 1.273474 Sekunden gebraucht
bei 1 cores haben 1000 Messungen 1.083882 Sekunden gebraucht
bei 1 cores haben 1000 Messungen 1.118233 Sekunden gebraucht
bei 2 cores haben 1000 Messungen 1.247431 Sekunden gebraucht
bei 2 cores haben 1000 Messungen 1.224028 Sekunden gebraucht
bei 2 cores haben 1000 Messungen 1.219636 Sekunden gebraucht
bei 2 cores haben 1000 Messungen 1.225170 Sekunden gebraucht
bei 2 cores haben 1000 Messungen 1.246646 Sekunden gebraucht
bei 2 cores haben 1000 Messungen 1.249830 Sekunden gebraucht
bei 2 cores haben 1000 Messungen 1.222301 Sekunden gebraucht
bei 2 cores haben 1000 Messungen 1.333094 Sekunden gebraucht
bei 2 cores haben 1000 Messungen 1.216462 Sekunden gebraucht
bei 2 cores haben 1000 Messungen 1.233416 Sekunden gebraucht
bei 3 cores haben 1000 Messungen 1.058385 Sekunden gebraucht
bei 3 cores haben 1000 Messungen 0.995982 Sekunden gebraucht
bei 3 cores haben 1000 Messungen 0.985868 Sekunden gebraucht
bei 3 cores haben 1000 Messungen 1.010328 Sekunden gebraucht
bei 3 cores haben 1000 Messungen 0.989603 Sekunden gebraucht
bei 3 cores haben 1000 Messungen 0.991004 Sekunden gebraucht
bei 3 cores haben 1000 Messungen 1.026752 Sekunden gebraucht
bei 3 cores haben 1000 Messungen 0.993209 Sekunden gebraucht
bei 3 cores haben 1000 Messungen 0.985020 Sekunden gebraucht
bei 3 cores haben 1000 Messungen 0.901765 Sekunden gebraucht
bei 4 cores haben 1000 Messungen 0.920964 Sekunden gebraucht
bei 4 cores haben 1000 Messungen 0.871414 Sekunden gebraucht
bei 4 cores haben 1000 Messungen 0.858377 Sekunden gebraucht
bei 4 cores haben 1000 Messungen 0.865222 Sekunden gebraucht
bei 4 cores haben 1000 Messungen 0.862083 Sekunden gebraucht
bei 4 cores haben 1000 Messungen 0.857734 Sekunden gebraucht
bei 4 cores haben 1000 Messungen 0.880741 Sekunden gebraucht
bei 4 cores haben 1000 Messungen 0.786134 Sekunden gebraucht
bei 4 cores haben 1000 Messungen 0.739377 Sekunden gebraucht
bei 4 cores haben 1000 Messungen 0.924258 Sekunden gebraucht
bei 5 cores haben 1000 Messungen 0.750101 Sekunden gebraucht
bei 5 cores haben 1000 Messungen 0.768530 Sekunden gebraucht
bei 5 cores haben 1000 Messungen 0.861571 Sekunden gebraucht
bei 5 cores haben 1000 Messungen 0.868518 Sekunden gebraucht
bei 5 cores haben 1000 Messungen 0.863220 Sekunden gebraucht
bei 5 cores haben 1000 Messungen 0.767454 Sekunden gebraucht
bei 5 cores haben 1000 Messungen 0.855860 Sekunden gebraucht
bei 5 cores haben 1000 Messungen 0.753807 Sekunden gebraucht
bei 5 cores haben 1000 Messungen 0.876627 Sekunden gebraucht
bei 5 cores haben 1000 Messungen 0.870287 Sekunden gebraucht
bei 6 cores haben 1000 Messungen 0.817934 Sekunden gebraucht
bei 6 cores haben 1000 Messungen 0.850429 Sekunden gebraucht
bei 6 cores haben 1000 Messungen 0.838552 Sekunden gebraucht
bei 6 cores haben 1000 Messungen 0.833446 Sekunden gebraucht
bei 6 cores haben 1000 Messungen 0.842850 Sekunden gebraucht
bei 6 cores haben 1000 Messungen 0.842386 Sekunden gebraucht
bei 6 cores haben 1000 Messungen 0.851967 Sekunden gebraucht
bei 6 cores haben 1000 Messungen 0.872506 Sekunden gebraucht
bei 6 cores haben 1000 Messungen 0.849132 Sekunden gebraucht
bei 6 cores haben 1000 Messungen 0.843209 Sekunden gebraucht
bei 7 cores haben 1000 Messungen 0.864038 Sekunden gebraucht
bei 7 cores haben 1000 Messungen 0.847425 Sekunden gebraucht
bei 7 cores haben 1000 Messungen 0.859011 Sekunden gebraucht
bei 7 cores haben 1000 Messungen 0.858277 Sekunden gebraucht
bei 7 cores haben 1000 Messungen 0.857526 Sekunden gebraucht
bei 7 cores haben 1000 Messungen 0.854682 Sekunden gebraucht
bei 7 cores haben 1000 Messungen 0.849268 Sekunden gebraucht
bei 7 cores haben 1000 Messungen 0.864644 Sekunden gebraucht
bei 7 cores haben 1000 Messungen 0.850474 Sekunden gebraucht
bei 7 cores haben 1000 Messungen 0.853606 Sekunden gebraucht
bei 8 cores haben 1000 Messungen 0.875164 Sekunden gebraucht
bei 8 cores haben 1000 Messungen 0.848726 Sekunden gebraucht
bei 8 cores haben 1000 Messungen 0.853343 Sekunden gebraucht
bei 8 cores haben 1000 Messungen 0.862582 Sekunden gebraucht
bei 8 cores haben 1000 Messungen 0.849556 Sekunden gebraucht
bei 8 cores haben 1000 Messungen 0.851623 Sekunden gebraucht
bei 8 cores haben 1000 Messungen 0.836059 Sekunden gebraucht
bei 8 cores haben 1000 Messungen 0.861489 Sekunden gebraucht
bei 8 cores haben 1000 Messungen 0.857327 Sekunden gebraucht
bei 8 cores haben 1000 Messungen 0.869895 Sekunden gebraucht
bei 9 cores haben 1000 Messungen 0.833912 Sekunden gebraucht
bei 9 cores haben 1000 Messungen 0.850310 Sekunden gebraucht
bei 9 cores haben 1000 Messungen 0.861584 Sekunden gebraucht
bei 9 cores haben 1000 Messungen 0.851298 Sekunden gebraucht
bei 9 cores haben 1000 Messungen 0.862152 Sekunden gebraucht
bei 9 cores haben 1000 Messungen 0.860293 Sekunden gebraucht
bei 9 cores haben 1000 Messungen 0.862235 Sekunden gebraucht
bei 9 cores haben 1000 Messungen 0.851345 Sekunden gebraucht
bei 9 cores haben 1000 Messungen 0.846014 Sekunden gebraucht
bei 9 cores haben 1000 Messungen 1.084004 Sekunden gebraucht
bei 10 cores haben 1000 Messungen 0.850122 Sekunden gebraucht
bei 10 cores haben 1000 Messungen 0.858744 Sekunden gebraucht
bei 10 cores haben 1000 Messungen 0.846805 Sekunden gebraucht
bei 10 cores haben 1000 Messungen 1.279984 Sekunden gebraucht
bei 10 cores haben 1000 Messungen 0.844503 Sekunden gebraucht
bei 10 cores haben 1000 Messungen 0.855689 Sekunden gebraucht
bei 10 cores haben 1000 Messungen 0.852831 Sekunden gebraucht
bei 10 cores haben 1000 Messungen 0.862412 Sekunden gebraucht
bei 10 cores haben 1000 Messungen 0.843732 Sekunden gebraucht
bei 10 cores haben 1000 Messungen 0.849846 Sekunden gebraucht
bei 11 cores haben 1000 Messungen 0.896840 Sekunden gebraucht
bei 11 cores haben 1000 Messungen 0.844486 Sekunden gebraucht
bei 11 cores haben 1000 Messungen 0.855720 Sekunden gebraucht
bei 11 cores haben 1000 Messungen 0.843948 Sekunden gebraucht
bei 11 cores haben 1000 Messungen 0.848087 Sekunden gebraucht
bei 11 cores haben 1000 Messungen 0.835729 Sekunden gebraucht
bei 11 cores haben 1000 Messungen 0.840623 Sekunden gebraucht
bei 11 cores haben 1000 Messungen 0.854648 Sekunden gebraucht
bei 11 cores haben 1000 Messungen 0.845656 Sekunden gebraucht
bei 11 cores haben 1000 Messungen 0.849705 Sekunden gebraucht
bei 12 cores haben 1000 Messungen 0.869212 Sekunden gebraucht
bei 12 cores haben 1000 Messungen 0.849749 Sekunden gebraucht
bei 12 cores haben 1000 Messungen 0.838964 Sekunden gebraucht
bei 12 cores haben 1000 Messungen 0.848754 Sekunden gebraucht
bei 12 cores haben 1000 Messungen 0.850776 Sekunden gebraucht
bei 12 cores haben 1000 Messungen 0.843833 Sekunden gebraucht
bei 12 cores haben 1000 Messungen 0.869291 Sekunden gebraucht
bei 12 cores haben 1000 Messungen 0.851393 Sekunden gebraucht
bei 12 cores haben 1000 Messungen 0.840587 Sekunden gebraucht
bei 12 cores haben 1000 Messungen 1.058925 Sekunden gebraucht
bei 13 cores haben 1000 Messungen 0.832697 Sekunden gebraucht
bei 13 cores haben 1000 Messungen 0.859866 Sekunden gebraucht
bei 13 cores haben 1000 Messungen 0.849161 Sekunden gebraucht
bei 13 cores haben 1000 Messungen 1.020152 Sekunden gebraucht
bei 13 cores haben 1000 Messungen 0.839960 Sekunden gebraucht
bei 13 cores haben 1000 Messungen 0.862174 Sekunden gebraucht
bei 13 cores haben 1000 Messungen 0.857551 Sekunden gebraucht
bei 13 cores haben 1000 Messungen 0.852521 Sekunden gebraucht
bei 13 cores haben 1000 Messungen 0.840095 Sekunden gebraucht
bei 13 cores haben 1000 Messungen 0.870847 Sekunden gebraucht
bei 14 cores haben 1000 Messungen 0.852839 Sekunden gebraucht
bei 14 cores haben 1000 Messungen 0.858033 Sekunden gebraucht
bei 14 cores haben 1000 Messungen 0.859234 Sekunden gebraucht
bei 14 cores haben 1000 Messungen 0.861627 Sekunden gebraucht
bei 14 cores haben 1000 Messungen 1.518325 Sekunden gebraucht
bei 14 cores haben 1000 Messungen 0.856931 Sekunden gebraucht
bei 14 cores haben 1000 Messungen 0.856386 Sekunden gebraucht
bei 14 cores haben 1000 Messungen 0.861596 Sekunden gebraucht
bei 14 cores haben 1000 Messungen 0.859740 Sekunden gebraucht
bei 14 cores haben 1000 Messungen 0.857794 Sekunden gebraucht
bei 15 cores haben 1000 Messungen 0.906202 Sekunden gebraucht
bei 15 cores haben 1000 Messungen 0.865292 Sekunden gebraucht
bei 15 cores haben 1000 Messungen 0.859683 Sekunden gebraucht
bei 15 cores haben 1000 Messungen 0.855599 Sekunden gebraucht
bei 15 cores haben 1000 Messungen 0.861870 Sekunden gebraucht
bei 15 cores haben 1000 Messungen 0.857557 Sekunden gebraucht
bei 15 cores haben 1000 Messungen 0.862353 Sekunden gebraucht
bei 15 cores haben 1000 Messungen 0.852151 Sekunden gebraucht
bei 15 cores haben 1000 Messungen 0.871714 Sekunden gebraucht
bei 15 cores haben 1000 Messungen 0.860203 Sekunden gebraucht
bei 16 cores haben 1000 Messungen 0.869258 Sekunden gebraucht
bei 16 cores haben 1000 Messungen 0.859320 Sekunden gebraucht
bei 16 cores haben 1000 Messungen 0.873095 Sekunden gebraucht
bei 16 cores haben 1000 Messungen 0.866885 Sekunden gebraucht
bei 16 cores haben 1000 Messungen 0.848789 Sekunden gebraucht
bei 16 cores haben 1000 Messungen 0.872671 Sekunden gebraucht
bei 16 cores haben 1000 Messungen 0.866433 Sekunden gebraucht
bei 16 cores haben 1000 Messungen 0.860669 Sekunden gebraucht
bei 16 cores haben 1000 Messungen 0.864832 Sekunden gebraucht
bei 16 cores haben 1000 Messungen 0.881758 Sekunden gebraucht
Laenge=200
bei 1 cores haben 1000 Messungen 4.710334 Sekunden gebraucht
bei 1 cores haben 1000 Messungen 4.619722 Sekunden gebraucht
bei 1 cores haben 1000 Messungen 4.376420 Sekunden gebraucht
bei 1 cores haben 1000 Messungen 4.342332 Sekunden gebraucht
bei 1 cores haben 1000 Messungen 4.349215 Sekunden gebraucht
bei 1 cores haben 1000 Messungen 4.314299 Sekunden gebraucht
bei 1 cores haben 1000 Messungen 4.311834 Sekunden gebraucht
bei 1 cores haben 1000 Messungen 4.313021 Sekunden gebraucht
bei 1 cores haben 1000 Messungen 4.312161 Sekunden gebraucht
bei 1 cores haben 1000 Messungen 4.376021 Sekunden gebraucht
bei 2 cores haben 1000 Messungen 5.110545 Sekunden gebraucht
bei 2 cores haben 1000 Messungen 4.699860 Sekunden gebraucht
bei 2 cores haben 1000 Messungen 4.742114 Sekunden gebraucht
bei 2 cores haben 1000 Messungen 4.632705 Sekunden gebraucht
bei 2 cores haben 1000 Messungen 4.749242 Sekunden gebraucht
bei 2 cores haben 1000 Messungen 4.713298 Sekunden gebraucht
bei 2 cores haben 1000 Messungen 4.728820 Sekunden gebraucht
bei 2 cores haben 1000 Messungen 4.678987 Sekunden gebraucht
bei 2 cores haben 1000 Messungen 4.649634 Sekunden gebraucht
bei 2 cores haben 1000 Messungen 4.855385 Sekunden gebraucht
bei 3 cores haben 1000 Messungen 3.609691 Sekunden gebraucht
bei 3 cores haben 1000 Messungen 3.671683 Sekunden gebraucht
bei 3 cores haben 1000 Messungen 3.493903 Sekunden gebraucht
bei 3 cores haben 1000 Messungen 3.638408 Sekunden gebraucht
bei 3 cores haben 1000 Messungen 3.681172 Sekunden gebraucht
bei 3 cores haben 1000 Messungen 3.571648 Sekunden gebraucht
bei 3 cores haben 1000 Messungen 3.608223 Sekunden gebraucht
bei 3 cores haben 1000 Messungen 3.656423 Sekunden gebraucht
bei 3 cores haben 1000 Messungen 3.643197 Sekunden gebraucht
bei 3 cores haben 1000 Messungen 3.616784 Sekunden gebraucht
bei 4 cores haben 1000 Messungen 3.272272 Sekunden gebraucht
bei 4 cores haben 1000 Messungen 3.212210 Sekunden gebraucht
bei 4 cores haben 1000 Messungen 3.176937 Sekunden gebraucht
bei 4 cores haben 1000 Messungen 3.156102 Sekunden gebraucht
bei 4 cores haben 1000 Messungen 3.199095 Sekunden gebraucht
bei 4 cores haben 1000 Messungen 3.142050 Sekunden gebraucht
bei 4 cores haben 1000 Messungen 3.205362 Sekunden gebraucht
bei 4 cores haben 1000 Messungen 3.259245 Sekunden gebraucht
bei 4 cores haben 1000 Messungen 3.216901 Sekunden gebraucht
bei 4 cores haben 1000 Messungen 3.487597 Sekunden gebraucht
bei 5 cores haben 1000 Messungen 3.368639 Sekunden gebraucht
bei 5 cores haben 1000 Messungen 3.318406 Sekunden gebraucht
bei 5 cores haben 1000 Messungen 3.302648 Sekunden gebraucht
bei 5 cores haben 1000 Messungen 3.309851 Sekunden gebraucht
bei 5 cores haben 1000 Messungen 3.309347 Sekunden gebraucht
bei 5 cores haben 1000 Messungen 3.302245 Sekunden gebraucht
bei 5 cores haben 1000 Messungen 3.307859 Sekunden gebraucht
bei 5 cores haben 1000 Messungen 3.277260 Sekunden gebraucht
bei 5 cores haben 1000 Messungen 3.258918 Sekunden gebraucht
bei 5 cores haben 1000 Messungen 3.281146 Sekunden gebraucht
bei 6 cores haben 1000 Messungen 3.251826 Sekunden gebraucht
bei 6 cores haben 1000 Messungen 3.138393 Sekunden gebraucht
bei 6 cores haben 1000 Messungen 3.251046 Sekunden gebraucht
bei 6 cores haben 1000 Messungen 3.239601 Sekunden gebraucht
bei 6 cores haben 1000 Messungen 3.245225 Sekunden gebraucht
bei 6 cores haben 1000 Messungen 3.267210 Sekunden gebraucht
bei 6 cores haben 1000 Messungen 3.208643 Sekunden gebraucht
bei 6 cores haben 1000 Messungen 3.267462 Sekunden gebraucht
bei 6 cores haben 1000 Messungen 3.252097 Sekunden gebraucht
bei 6 cores haben 1000 Messungen 3.306412 Sekunden gebraucht
bei 7 cores haben 1000 Messungen 3.275602 Sekunden gebraucht
bei 7 cores haben 1000 Messungen 3.034050 Sekunden gebraucht
bei 7 cores haben 1000 Messungen 3.279862 Sekunden gebraucht
bei 7 cores haben 1000 Messungen 3.303283 Sekunden gebraucht
bei 7 cores haben 1000 Messungen 3.148873 Sekunden gebraucht
bei 7 cores haben 1000 Messungen 3.293425 Sekunden gebraucht
bei 7 cores haben 1000 Messungen 3.309397 Sekunden gebraucht
bei 7 cores haben 1000 Messungen 3.268348 Sekunden gebraucht
bei 7 cores haben 1000 Messungen 3.288692 Sekunden gebraucht
bei 7 cores haben 1000 Messungen 3.294835 Sekunden gebraucht
bei 8 cores haben 1000 Messungen 3.407898 Sekunden gebraucht
bei 8 cores haben 1000 Messungen 3.355435 Sekunden gebraucht
bei 8 cores haben 1000 Messungen 3.360657 Sekunden gebraucht
bei 8 cores haben 1000 Messungen 3.361345 Sekunden gebraucht
bei 8 cores haben 1000 Messungen 3.368432 Sekunden gebraucht
bei 8 cores haben 1000 Messungen 3.383678 Sekunden gebraucht
bei 8 cores haben 1000 Messungen 3.314002 Sekunden gebraucht
bei 8 cores haben 1000 Messungen 3.350377 Sekunden gebraucht
bei 8 cores haben 1000 Messungen 3.339487 Sekunden gebraucht
bei 8 cores haben 1000 Messungen 3.359967 Sekunden gebraucht
bei 9 cores haben 1000 Messungen 3.331132 Sekunden gebraucht
bei 9 cores haben 1000 Messungen 3.301190 Sekunden gebraucht
bei 9 cores haben 1000 Messungen 3.339007 Sekunden gebraucht
bei 9 cores haben 1000 Messungen 3.314698 Sekunden gebraucht
bei 9 cores haben 1000 Messungen 3.357190 Sekunden gebraucht
bei 9 cores haben 1000 Messungen 3.345226 Sekunden gebraucht
bei 9 cores haben 1000 Messungen 3.336945 Sekunden gebraucht
bei 9 cores haben 1000 Messungen 3.384463 Sekunden gebraucht
bei 9 cores haben 1000 Messungen 3.313731 Sekunden gebraucht
bei 9 cores haben 1000 Messungen 3.337759 Sekunden gebraucht
bei 10 cores haben 1000 Messungen 3.418965 Sekunden gebraucht
bei 10 cores haben 1000 Messungen 3.315350 Sekunden gebraucht
bei 10 cores haben 1000 Messungen 3.294959 Sekunden gebraucht
bei 10 cores haben 1000 Messungen 3.314314 Sekunden gebraucht
bei 10 cores haben 1000 Messungen 3.301697 Sekunden gebraucht
bei 10 cores haben 1000 Messungen 3.310296 Sekunden gebraucht
bei 10 cores haben 1000 Messungen 3.290842 Sekunden gebraucht
bei 10 cores haben 1000 Messungen 3.293876 Sekunden gebraucht
bei 10 cores haben 1000 Messungen 3.322984 Sekunden gebraucht
bei 10 cores haben 1000 Messungen 3.403980 Sekunden gebraucht
bei 11 cores haben 1000 Messungen 3.439208 Sekunden gebraucht
bei 11 cores haben 1000 Messungen 3.285996 Sekunden gebraucht
bei 11 cores haben 1000 Messungen 3.291296 Sekunden gebraucht
bei 11 cores haben 1000 Messungen 3.302967 Sekunden gebraucht
bei 11 cores haben 1000 Messungen 3.283590 Sekunden gebraucht
bei 11 cores haben 1000 Messungen 3.287100 Sekunden gebraucht
bei 11 cores haben 1000 Messungen 3.284440 Sekunden gebraucht
bei 11 cores haben 1000 Messungen 3.261434 Sekunden gebraucht
bei 11 cores haben 1000 Messungen 3.277297 Sekunden gebraucht
bei 11 cores haben 1000 Messungen 3.277914 Sekunden gebraucht
bei 12 cores haben 1000 Messungen 3.443194 Sekunden gebraucht
bei 12 cores haben 1000 Messungen 3.258280 Sekunden gebraucht
bei 12 cores haben 1000 Messungen 3.300135 Sekunden gebraucht
bei 12 cores haben 1000 Messungen 3.271230 Sekunden gebraucht
bei 12 cores haben 1000 Messungen 3.252505 Sekunden gebraucht
bei 12 cores haben 1000 Messungen 3.274241 Sekunden gebraucht
bei 12 cores haben 1000 Messungen 3.338207 Sekunden gebraucht
bei 12 cores haben 1000 Messungen 3.263299 Sekunden gebraucht
bei 12 cores haben 1000 Messungen 3.251465 Sekunden gebraucht
bei 12 cores haben 1000 Messungen 3.252828 Sekunden gebraucht
bei 13 cores haben 1000 Messungen 3.382009 Sekunden gebraucht
bei 13 cores haben 1000 Messungen 3.304872 Sekunden gebraucht
bei 13 cores haben 1000 Messungen 3.285401 Sekunden gebraucht
bei 13 cores haben 1000 Messungen 3.321002 Sekunden gebraucht
bei 13 cores haben 1000 Messungen 3.298381 Sekunden gebraucht
bei 13 cores haben 1000 Messungen 3.287523 Sekunden gebraucht
bei 13 cores haben 1000 Messungen 3.304921 Sekunden gebraucht
bei 13 cores haben 1000 Messungen 3.308465 Sekunden gebraucht
bei 13 cores haben 1000 Messungen 3.307131 Sekunden gebraucht
bei 13 cores haben 1000 Messungen 3.385742 Sekunden gebraucht
bei 14 cores haben 1000 Messungen 3.339214 Sekunden gebraucht
bei 14 cores haben 1000 Messungen 3.326491 Sekunden gebraucht
bei 14 cores haben 1000 Messungen 3.342337 Sekunden gebraucht
bei 14 cores haben 1000 Messungen 3.339538 Sekunden gebraucht
bei 14 cores haben 1000 Messungen 3.328127 Sekunden gebraucht
bei 14 cores haben 1000 Messungen 3.343164 Sekunden gebraucht
bei 14 cores haben 1000 Messungen 3.355159 Sekunden gebraucht
bei 14 cores haben 1000 Messungen 3.313235 Sekunden gebraucht
bei 14 cores haben 1000 Messungen 3.334158 Sekunden gebraucht
bei 14 cores haben 1000 Messungen 3.337937 Sekunden gebraucht
bei 15 cores haben 1000 Messungen 3.352546 Sekunden gebraucht
bei 15 cores haben 1000 Messungen 3.343386 Sekunden gebraucht
bei 15 cores haben 1000 Messungen 3.336309 Sekunden gebraucht
bei 15 cores haben 1000 Messungen 3.340753 Sekunden gebraucht
bei 15 cores haben 1000 Messungen 3.353554 Sekunden gebraucht
bei 15 cores haben 1000 Messungen 3.337960 Sekunden gebraucht
bei 15 cores haben 1000 Messungen 3.334415 Sekunden gebraucht
bei 15 cores haben 1000 Messungen 3.396308 Sekunden gebraucht
bei 15 cores haben 1000 Messungen 3.343705 Sekunden gebraucht
bei 15 cores haben 1000 Messungen 3.342029 Sekunden gebraucht
bei 16 cores haben 1000 Messungen 3.387781 Sekunden gebraucht
bei 16 cores haben 1000 Messungen 3.377192 Sekunden gebraucht
bei 16 cores haben 1000 Messungen 3.358014 Sekunden gebraucht
bei 16 cores haben 1000 Messungen 3.354663 Sekunden gebraucht
bei 16 cores haben 1000 Messungen 3.348447 Sekunden gebraucht
bei 16 cores haben 1000 Messungen 3.352336 Sekunden gebraucht
bei 16 cores haben 1000 Messungen 3.406128 Sekunden gebraucht
bei 16 cores haben 1000 Messungen 3.357116 Sekunden gebraucht
bei 16 cores haben 1000 Messungen 3.380926 Sekunden gebraucht
bei 16 cores haben 1000 Messungen 3.349037 Sekunden gebraucht
Laenge=500
bei 1 cores haben 1000 Messungen 27.240718 Sekunden gebraucht
bei 1 cores haben 1000 Messungen 27.601724 Sekunden gebraucht
bei 1 cores haben 1000 Messungen 27.284893 Sekunden gebraucht
bei 1 cores haben 1000 Messungen 27.246235 Sekunden gebraucht
bei 1 cores haben 1000 Messungen 27.567861 Sekunden gebraucht
bei 1 cores haben 1000 Messungen 27.108933 Sekunden gebraucht
bei 1 cores haben 1000 Messungen 27.058788 Sekunden gebraucht
bei 1 cores haben 1000 Messungen 27.237439 Sekunden gebraucht
bei 1 cores haben 1000 Messungen 27.344453 Sekunden gebraucht
bei 1 cores haben 1000 Messungen 28.050794 Sekunden gebraucht
bei 2 cores haben 1000 Messungen 28.389974 Sekunden gebraucht
bei 2 cores haben 1000 Messungen 28.267750 Sekunden gebraucht
bei 2 cores haben 1000 Messungen 27.814324 Sekunden gebraucht
bei 2 cores haben 1000 Messungen 28.185876 Sekunden gebraucht
bei 2 cores haben 1000 Messungen 28.397597 Sekunden gebraucht
bei 2 cores haben 1000 Messungen 27.642198 Sekunden gebraucht
bei 2 cores haben 1000 Messungen 28.329181 Sekunden gebraucht
bei 2 cores haben 1000 Messungen 28.169301 Sekunden gebraucht
bei 2 cores haben 1000 Messungen 27.799187 Sekunden gebraucht
bei 2 cores haben 1000 Messungen 27.665031 Sekunden gebraucht
bei 3 cores haben 1000 Messungen 21.084949 Sekunden gebraucht
bei 3 cores haben 1000 Messungen 21.114681 Sekunden gebraucht
bei 3 cores haben 1000 Messungen 21.093800 Sekunden gebraucht
bei 3 cores haben 1000 Messungen 21.059625 Sekunden gebraucht
bei 3 cores haben 1000 Messungen 21.135261 Sekunden gebraucht
bei 3 cores haben 1000 Messungen 20.961650 Sekunden gebraucht
bei 3 cores haben 1000 Messungen 20.898891 Sekunden gebraucht
bei 3 cores haben 1000 Messungen 21.105689 Sekunden gebraucht
bei 3 cores haben 1000 Messungen 21.029355 Sekunden gebraucht
bei 3 cores haben 1000 Messungen 21.125766 Sekunden gebraucht
bei 4 cores haben 1000 Messungen 19.995371 Sekunden gebraucht
bei 4 cores haben 1000 Messungen 18.915877 Sekunden gebraucht
bei 4 cores haben 1000 Messungen 18.923191 Sekunden gebraucht
bei 4 cores haben 1000 Messungen 18.867639 Sekunden gebraucht
bei 4 cores haben 1000 Messungen 18.804188 Sekunden gebraucht
bei 4 cores haben 1000 Messungen 18.751324 Sekunden gebraucht
bei 4 cores haben 1000 Messungen 18.818355 Sekunden gebraucht
bei 4 cores haben 1000 Messungen 18.867832 Sekunden gebraucht
bei 4 cores haben 1000 Messungen 18.809265 Sekunden gebraucht
bei 4 cores haben 1000 Messungen 19.705386 Sekunden gebraucht
bei 5 cores haben 1000 Messungen 19.991206 Sekunden gebraucht
bei 5 cores haben 1000 Messungen 19.967858 Sekunden gebraucht
bei 5 cores haben 1000 Messungen 19.804402 Sekunden gebraucht
bei 5 cores haben 1000 Messungen 19.704320 Sekunden gebraucht
bei 5 cores haben 1000 Messungen 19.827665 Sekunden gebraucht
bei 5 cores haben 1000 Messungen 20.062192 Sekunden gebraucht
bei 5 cores haben 1000 Messungen 19.866644 Sekunden gebraucht
bei 5 cores haben 1000 Messungen 19.435534 Sekunden gebraucht
bei 5 cores haben 1000 Messungen 19.701826 Sekunden gebraucht
bei 5 cores haben 1000 Messungen 19.780198 Sekunden gebraucht
bei 6 cores haben 1000 Messungen 19.845289 Sekunden gebraucht
bei 6 cores haben 1000 Messungen 19.717083 Sekunden gebraucht
bei 6 cores haben 1000 Messungen 19.905824 Sekunden gebraucht
bei 6 cores haben 1000 Messungen 19.748757 Sekunden gebraucht
bei 6 cores haben 1000 Messungen 19.801899 Sekunden gebraucht
bei 6 cores haben 1000 Messungen 19.716873 Sekunden gebraucht
bei 6 cores haben 1000 Messungen 19.726991 Sekunden gebraucht
bei 6 cores haben 1000 Messungen 19.774683 Sekunden gebraucht
bei 6 cores haben 1000 Messungen 19.841722 Sekunden gebraucht
bei 6 cores haben 1000 Messungen 19.397217 Sekunden gebraucht
bei 7 cores haben 1000 Messungen 19.908140 Sekunden gebraucht
bei 7 cores haben 1000 Messungen 20.118515 Sekunden gebraucht
bei 7 cores haben 1000 Messungen 20.066780 Sekunden gebraucht
bei 7 cores haben 1000 Messungen 20.098917 Sekunden gebraucht
bei 7 cores haben 1000 Messungen 19.922702 Sekunden gebraucht
bei 7 cores haben 1000 Messungen 20.130124 Sekunden gebraucht
bei 7 cores haben 1000 Messungen 19.905329 Sekunden gebraucht
bei 7 cores haben 1000 Messungen 19.998262 Sekunden gebraucht
bei 7 cores haben 1000 Messungen 20.057160 Sekunden gebraucht
bei 7 cores haben 1000 Messungen 20.063946 Sekunden gebraucht
bei 8 cores haben 1000 Messungen 20.039745 Sekunden gebraucht
bei 8 cores haben 1000 Messungen 19.969089 Sekunden gebraucht
bei 8 cores haben 1000 Messungen 20.232644 Sekunden gebraucht
bei 8 cores haben 1000 Messungen 19.885892 Sekunden gebraucht
bei 8 cores haben 1000 Messungen 20.118571 Sekunden gebraucht
bei 8 cores haben 1000 Messungen 20.106306 Sekunden gebraucht
bei 8 cores haben 1000 Messungen 20.058323 Sekunden gebraucht
bei 8 cores haben 1000 Messungen 20.148352 Sekunden gebraucht
