Thu Jun  4 16:04:56 CEST 2020 Waiting for 30 seconds before starting the job to allow the node to settle down
Thu Jun  4 16:05:26 CEST 2020 Waiting done, starting task!
Thu Jun  4 16:05:26 CEST 2020 Waiting for 30 seconds before starting the job to allow the node to settle down
Thu Jun  4 16:05:56 CEST 2020 Waiting done, starting task!
Laenge=6
bei 1 cores haben 1 Messungen 0.000386 Sekunden gebraucht
bei 1 cores haben 1 Messungen 0.000232 Sekunden gebraucht
bei 1 cores haben 1 Messungen 0.000313 Sekunden gebraucht
bei 1 cores haben 1 Messungen 0.000331 Sekunden gebraucht
bei 1 cores haben 1 Messungen 0.000390 Sekunden gebraucht
bei 1 cores haben 1 Messungen 0.000307 Sekunden gebraucht
bei 1 cores haben 1 Messungen 0.000224 Sekunden gebraucht
bei 1 cores haben 1 Messungen 0.000325 Sekunden gebraucht
bei 1 cores haben 1 Messungen 0.000248 Sekunden gebraucht
bei 1 cores haben 1 Messungen 0.000238 Sekunden gebraucht
bei 2 cores haben 1 Messungen 0.000365 Sekunden gebraucht
bei 2 cores haben 1 Messungen 0.000263 Sekunden gebraucht
bei 2 cores haben 1 Messungen 0.000276 Sekunden gebraucht
bei 2 cores haben 1 Messungen 0.000246 Sekunden gebraucht
bei 2 cores haben 1 Messungen 0.000233 Sekunden gebraucht
bei 2 cores haben 1 Messungen 0.000231 Sekunden gebraucht
bei 2 cores haben 1 Messungen 0.000231 Sekunden gebraucht
bei 2 cores haben 1 Messungen 0.000264 Sekunden gebraucht
bei 2 cores haben 1 Messungen 0.000218 Sekunden gebraucht
bei 2 cores haben 1 Messungen 0.000236 Sekunden gebraucht
bei 3 cores haben 1 Messungen 0.000334 Sekunden gebraucht
bei 3 cores haben 1 Messungen 0.000217 Sekunden gebraucht
bei 3 cores haben 1 Messungen 0.000230 Sekunden gebraucht
bei 3 cores haben 1 Messungen 0.000216 Sekunden gebraucht
bei 3 cores haben 1 Messungen 0.000251 Sekunden gebraucht
bei 3 cores haben 1 Messungen 0.000222 Sekunden gebraucht
bei 3 cores haben 1 Messungen 0.000250 Sekunden gebraucht
bei 3 cores haben 1 Messungen 0.000210 Sekunden gebraucht
bei 3 cores haben 1 Messungen 0.000207 Sekunden gebraucht
bei 3 cores haben 1 Messungen 0.000231 Sekunden gebraucht
bei 4 cores haben 1 Messungen 0.000267 Sekunden gebraucht
bei 4 cores haben 1 Messungen 0.000204 Sekunden gebraucht
bei 4 cores haben 1 Messungen 0.000209 Sekunden gebraucht
bei 4 cores haben 1 Messungen 0.000266 Sekunden gebraucht
bei 4 cores haben 1 Messungen 0.000221 Sekunden gebraucht
bei 4 cores haben 1 Messungen 0.000218 Sekunden gebraucht
bei 4 cores haben 1 Messungen 0.000199 Sekunden gebraucht
bei 4 cores haben 1 Messungen 0.000212 Sekunden gebraucht
bei 4 cores haben 1 Messungen 0.000200 Sekunden gebraucht
bei 4 cores haben 1 Messungen 0.000222 Sekunden gebraucht
bei 5 cores haben 1 Messungen 0.000238 Sekunden gebraucht
bei 5 cores haben 1 Messungen 0.000202 Sekunden gebraucht
bei 5 cores haben 1 Messungen 0.000206 Sekunden gebraucht
bei 5 cores haben 1 Messungen 0.000197 Sekunden gebraucht
bei 5 cores haben 1 Messungen 0.000203 Sekunden gebraucht
bei 5 cores haben 1 Messungen 0.000238 Sekunden gebraucht
bei 5 cores haben 1 Messungen 0.000211 Sekunden gebraucht
bei 5 cores haben 1 Messungen 0.000224 Sekunden gebraucht
bei 5 cores haben 1 Messungen 0.000208 Sekunden gebraucht
bei 5 cores haben 1 Messungen 0.000204 Sekunden gebraucht
bei 6 cores haben 1 Messungen 0.000257 Sekunden gebraucht
bei 6 cores haben 1 Messungen 0.000200 Sekunden gebraucht
bei 6 cores haben 1 Messungen 0.000210 Sekunden gebraucht
bei 6 cores haben 1 Messungen 0.000194 Sekunden gebraucht
bei 6 cores haben 1 Messungen 0.000192 Sekunden gebraucht
bei 6 cores haben 1 Messungen 0.000192 Sekunden gebraucht
bei 6 cores haben 1 Messungen 0.000194 Sekunden gebraucht
bei 6 cores haben 1 Messungen 0.000193 Sekunden gebraucht
bei 6 cores haben 1 Messungen 0.000193 Sekunden gebraucht
bei 6 cores haben 1 Messungen 0.000194 Sekunden gebraucht
bei 7 cores haben 1 Messungen 0.000247 Sekunden gebraucht
bei 7 cores haben 1 Messungen 0.000201 Sekunden gebraucht
bei 7 cores haben 1 Messungen 0.000206 Sekunden gebraucht
bei 7 cores haben 1 Messungen 0.000196 Sekunden gebraucht
bei 7 cores haben 1 Messungen 0.000199 Sekunden gebraucht
bei 7 cores haben 1 Messungen 0.000198 Sekunden gebraucht
bei 7 cores haben 1 Messungen 0.000218 Sekunden gebraucht
bei 7 cores haben 1 Messungen 0.000210 Sekunden gebraucht
bei 7 cores haben 1 Messungen 0.000194 Sekunden gebraucht
bei 7 cores haben 1 Messungen 0.000190 Sekunden gebraucht
bei 8 cores haben 1 Messungen 0.002123 Sekunden gebraucht
bei 8 cores haben 1 Messungen 0.000200 Sekunden gebraucht
bei 8 cores haben 1 Messungen 0.000199 Sekunden gebraucht
bei 8 cores haben 1 Messungen 0.000183 Sekunden gebraucht
bei 8 cores haben 1 Messungen 0.000188 Sekunden gebraucht
bei 8 cores haben 1 Messungen 0.000196 Sekunden gebraucht
bei 8 cores haben 1 Messungen 0.000189 Sekunden gebraucht
bei 8 cores haben 1 Messungen 0.000188 Sekunden gebraucht
bei 8 cores haben 1 Messungen 0.000189 Sekunden gebraucht
bei 8 cores haben 1 Messungen 0.000193 Sekunden gebraucht
bei 9 cores haben 1 Messungen 0.000242 Sekunden gebraucht
bei 9 cores haben 1 Messungen 0.000202 Sekunden gebraucht
bei 9 cores haben 1 Messungen 0.000200 Sekunden gebraucht
bei 9 cores haben 1 Messungen 0.000192 Sekunden gebraucht
bei 9 cores haben 1 Messungen 0.000211 Sekunden gebraucht
bei 9 cores haben 1 Messungen 0.000196 Sekunden gebraucht
bei 9 cores haben 1 Messungen 0.000201 Sekunden gebraucht
bei 9 cores haben 1 Messungen 0.000192 Sekunden gebraucht
bei 9 cores haben 1 Messungen 0.000194 Sekunden gebraucht
bei 9 cores haben 1 Messungen 0.000189 Sekunden gebraucht
bei 10 cores haben 1 Messungen 0.000235 Sekunden gebraucht
bei 10 cores haben 1 Messungen 0.000189 Sekunden gebraucht
bei 10 cores haben 1 Messungen 0.000188 Sekunden gebraucht
bei 10 cores haben 1 Messungen 0.000187 Sekunden gebraucht
bei 10 cores haben 1 Messungen 0.000187 Sekunden gebraucht
bei 10 cores haben 1 Messungen 0.000189 Sekunden gebraucht
bei 10 cores haben 1 Messungen 0.000183 Sekunden gebraucht
bei 10 cores haben 1 Messungen 0.000192 Sekunden gebraucht
bei 10 cores haben 1 Messungen 0.000189 Sekunden gebraucht
bei 10 cores haben 1 Messungen 0.000192 Sekunden gebraucht
bei 11 cores haben 1 Messungen 0.009720 Sekunden gebraucht
bei 11 cores haben 1 Messungen 0.000198 Sekunden gebraucht
bei 11 cores haben 1 Messungen 0.000197 Sekunden gebraucht
bei 11 cores haben 1 Messungen 0.000198 Sekunden gebraucht
bei 11 cores haben 1 Messungen 0.000198 Sekunden gebraucht
bei 11 cores haben 1 Messungen 0.000190 Sekunden gebraucht
bei 11 cores haben 1 Messungen 0.000198 Sekunden gebraucht
bei 11 cores haben 1 Messungen 0.000199 Sekunden gebraucht
bei 11 cores haben 1 Messungen 0.000202 Sekunden gebraucht
bei 11 cores haben 1 Messungen 0.000203 Sekunden gebraucht
bei 12 cores haben 1 Messungen 0.001933 Sekunden gebraucht
bei 12 cores haben 1 Messungen 0.000202 Sekunden gebraucht
bei 12 cores haben 1 Messungen 0.000195 Sekunden gebraucht
bei 12 cores haben 1 Messungen 0.000195 Sekunden gebraucht
bei 12 cores haben 1 Messungen 0.000195 Sekunden gebraucht
bei 12 cores haben 1 Messungen 0.000192 Sekunden gebraucht
bei 12 cores haben 1 Messungen 0.000195 Sekunden gebraucht
bei 12 cores haben 1 Messungen 0.000195 Sekunden gebraucht
bei 12 cores haben 1 Messungen 0.000196 Sekunden gebraucht
bei 12 cores haben 1 Messungen 0.000190 Sekunden gebraucht
Laenge=10
bei 1 cores haben 1 Messungen 0.000230 Sekunden gebraucht
bei 1 cores haben 1 Messungen 0.000188 Sekunden gebraucht
bei 1 cores haben 1 Messungen 0.000181 Sekunden gebraucht
bei 1 cores haben 1 Messungen 0.000188 Sekunden gebraucht
bei 1 cores haben 1 Messungen 0.000289 Sekunden gebraucht
bei 1 cores haben 1 Messungen 0.000221 Sekunden gebraucht
bei 1 cores haben 1 Messungen 0.000199 Sekunden gebraucht
bei 1 cores haben 1 Messungen 0.000182 Sekunden gebraucht
bei 1 cores haben 1 Messungen 0.000214 Sekunden gebraucht
bei 1 cores haben 1 Messungen 0.000221 Sekunden gebraucht
bei 2 cores haben 1 Messungen 0.000299 Sekunden gebraucht
bei 2 cores haben 1 Messungen 0.000194 Sekunden gebraucht
bei 2 cores haben 1 Messungen 0.000225 Sekunden gebraucht
bei 2 cores haben 1 Messungen 0.000190 Sekunden gebraucht
bei 2 cores haben 1 Messungen 0.000234 Sekunden gebraucht
bei 2 cores haben 1 Messungen 0.000205 Sekunden gebraucht
bei 2 cores haben 1 Messungen 0.000221 Sekunden gebraucht
bei 2 cores haben 1 Messungen 0.000224 Sekunden gebraucht
bei 2 cores haben 1 Messungen 0.000220 Sekunden gebraucht
bei 2 cores haben 1 Messungen 0.000222 Sekunden gebraucht
bei 3 cores haben 1 Messungen 0.000294 Sekunden gebraucht
bei 3 cores haben 1 Messungen 0.000191 Sekunden gebraucht
bei 3 cores haben 1 Messungen 0.000215 Sekunden gebraucht
bei 3 cores haben 1 Messungen 0.000227 Sekunden gebraucht
bei 3 cores haben 1 Messungen 0.000219 Sekunden gebraucht
bei 3 cores haben 1 Messungen 0.000227 Sekunden gebraucht
bei 3 cores haben 1 Messungen 0.000233 Sekunden gebraucht
bei 3 cores haben 1 Messungen 0.000185 Sekunden gebraucht
bei 3 cores haben 1 Messungen 0.000229 Sekunden gebraucht
bei 3 cores haben 1 Messungen 0.000186 Sekunden gebraucht
bei 4 cores haben 1 Messungen 0.000261 Sekunden gebraucht
bei 4 cores haben 1 Messungen 0.000214 Sekunden gebraucht
bei 4 cores haben 1 Messungen 0.000189 Sekunden gebraucht
bei 4 cores haben 1 Messungen 0.000201 Sekunden gebraucht
bei 4 cores haben 1 Messungen 0.000186 Sekunden gebraucht
bei 4 cores haben 1 Messungen 0.000183 Sekunden gebraucht
bei 4 cores haben 1 Messungen 0.000197 Sekunden gebraucht
bei 4 cores haben 1 Messungen 0.000186 Sekunden gebraucht
bei 4 cores haben 1 Messungen 0.000194 Sekunden gebraucht
bei 4 cores haben 1 Messungen 0.000187 Sekunden gebraucht
bei 5 cores haben 1 Messungen 0.000211 Sekunden gebraucht
bei 5 cores haben 1 Messungen 0.000190 Sekunden gebraucht
bei 5 cores haben 1 Messungen 0.000192 Sekunden gebraucht
bei 5 cores haben 1 Messungen 0.000186 Sekunden gebraucht
bei 5 cores haben 1 Messungen 0.000187 Sekunden gebraucht
bei 5 cores haben 1 Messungen 0.000191 Sekunden gebraucht
bei 5 cores haben 1 Messungen 0.000194 Sekunden gebraucht
bei 5 cores haben 1 Messungen 0.000199 Sekunden gebraucht
bei 5 cores haben 1 Messungen 0.000204 Sekunden gebraucht
bei 5 cores haben 1 Messungen 0.000185 Sekunden gebraucht
bei 6 cores haben 1 Messungen 0.000209 Sekunden gebraucht
bei 6 cores haben 1 Messungen 0.000182 Sekunden gebraucht
bei 6 cores haben 1 Messungen 0.000195 Sekunden gebraucht
bei 6 cores haben 1 Messungen 0.000193 Sekunden gebraucht
bei 6 cores haben 1 Messungen 0.000187 Sekunden gebraucht
bei 6 cores haben 1 Messungen 0.000192 Sekunden gebraucht
bei 6 cores haben 1 Messungen 0.000189 Sekunden gebraucht
bei 6 cores haben 1 Messungen 0.000186 Sekunden gebraucht
bei 6 cores haben 1 Messungen 0.000194 Sekunden gebraucht
bei 6 cores haben 1 Messungen 0.000199 Sekunden gebraucht
bei 7 cores haben 1 Messungen 0.000231 Sekunden gebraucht
bei 7 cores haben 1 Messungen 0.000192 Sekunden gebraucht
bei 7 cores haben 1 Messungen 0.000193 Sekunden gebraucht
bei 7 cores haben 1 Messungen 0.000193 Sekunden gebraucht
bei 7 cores haben 1 Messungen 0.000191 Sekunden gebraucht
bei 7 cores haben 1 Messungen 0.000195 Sekunden gebraucht
bei 7 cores haben 1 Messungen 0.000218 Sekunden gebraucht
bei 7 cores haben 1 Messungen 0.000197 Sekunden gebraucht
bei 7 cores haben 1 Messungen 0.000192 Sekunden gebraucht
bei 7 cores haben 1 Messungen 0.000190 Sekunden gebraucht
bei 8 cores haben 1 Messungen 0.000264 Sekunden gebraucht
bei 8 cores haben 1 Messungen 0.000190 Sekunden gebraucht
bei 8 cores haben 1 Messungen 0.000203 Sekunden gebraucht
bei 8 cores haben 1 Messungen 0.000185 Sekunden gebraucht
bei 8 cores haben 1 Messungen 0.000188 Sekunden gebraucht
bei 8 cores haben 1 Messungen 0.000195 Sekunden gebraucht
bei 8 cores haben 1 Messungen 0.000187 Sekunden gebraucht
bei 8 cores haben 1 Messungen 0.000194 Sekunden gebraucht
bei 8 cores haben 1 Messungen 0.000188 Sekunden gebraucht
bei 8 cores haben 1 Messungen 0.000187 Sekunden gebraucht
bei 9 cores haben 1 Messungen 0.000240 Sekunden gebraucht
bei 9 cores haben 1 Messungen 0.000191 Sekunden gebraucht
bei 9 cores haben 1 Messungen 0.000193 Sekunden gebraucht
bei 9 cores haben 1 Messungen 0.000195 Sekunden gebraucht
bei 9 cores haben 1 Messungen 0.000192 Sekunden gebraucht
bei 9 cores haben 1 Messungen 0.000198 Sekunden gebraucht
bei 9 cores haben 1 Messungen 0.000194 Sekunden gebraucht
bei 9 cores haben 1 Messungen 0.000192 Sekunden gebraucht
bei 9 cores haben 1 Messungen 0.000191 Sekunden gebraucht
bei 9 cores haben 1 Messungen 0.000191 Sekunden gebraucht
bei 10 cores haben 1 Messungen 0.000298 Sekunden gebraucht
bei 10 cores haben 1 Messungen 0.000192 Sekunden gebraucht
bei 10 cores haben 1 Messungen 0.000186 Sekunden gebraucht
bei 10 cores haben 1 Messungen 0.000188 Sekunden gebraucht
bei 10 cores haben 1 Messungen 0.000186 Sekunden gebraucht
bei 10 cores haben 1 Messungen 0.000186 Sekunden gebraucht
bei 10 cores haben 1 Messungen 0.000183 Sekunden gebraucht
bei 10 cores haben 1 Messungen 0.000188 Sekunden gebraucht
bei 10 cores haben 1 Messungen 0.000187 Sekunden gebraucht
bei 10 cores haben 1 Messungen 0.000189 Sekunden gebraucht
bei 11 cores haben 1 Messungen 0.001981 Sekunden gebraucht
bei 11 cores haben 1 Messungen 0.000189 Sekunden gebraucht
bei 11 cores haben 1 Messungen 0.000200 Sekunden gebraucht
bei 11 cores haben 1 Messungen 0.000195 Sekunden gebraucht
bei 11 cores haben 1 Messungen 0.000194 Sekunden gebraucht
bei 11 cores haben 1 Messungen 0.000191 Sekunden gebraucht
bei 11 cores haben 1 Messungen 0.000193 Sekunden gebraucht
bei 11 cores haben 1 Messungen 0.000216 Sekunden gebraucht
bei 11 cores haben 1 Messungen 0.000191 Sekunden gebraucht
bei 11 cores haben 1 Messungen 0.000196 Sekunden gebraucht
bei 12 cores haben 1 Messungen 0.001923 Sekunden gebraucht
bei 12 cores haben 1 Messungen 0.000213 Sekunden gebraucht
bei 12 cores haben 1 Messungen 0.000199 Sekunden gebraucht
bei 12 cores haben 1 Messungen 0.000198 Sekunden gebraucht
bei 12 cores haben 1 Messungen 0.000202 Sekunden gebraucht
bei 12 cores haben 1 Messungen 0.000198 Sekunden gebraucht
bei 12 cores haben 1 Messungen 0.000222 Sekunden gebraucht
bei 12 cores haben 1 Messungen 0.000205 Sekunden gebraucht
bei 12 cores haben 1 Messungen 0.000200 Sekunden gebraucht
bei 12 cores haben 1 Messungen 0.000197 Sekunden gebraucht
Laenge=20
bei 1 cores haben 1 Messungen 0.000427 Sekunden gebraucht
bei 1 cores haben 1 Messungen 0.000355 Sekunden gebraucht
bei 1 cores haben 1 Messungen 0.000447 Sekunden gebraucht
bei 1 cores haben 1 Messungen 0.000390 Sekunden gebraucht
bei 1 cores haben 1 Messungen 0.000366 Sekunden gebraucht
bei 1 cores haben 1 Messungen 0.000388 Sekunden gebraucht
bei 1 cores haben 1 Messungen 0.000464 Sekunden gebraucht
bei 1 cores haben 1 Messungen 0.000387 Sekunden gebraucht
bei 1 cores haben 1 Messungen 0.000370 Sekunden gebraucht
bei 1 cores haben 1 Messungen 0.000395 Sekunden gebraucht
bei 2 cores haben 1 Messungen 0.000489 Sekunden gebraucht
bei 2 cores haben 1 Messungen 0.000405 Sekunden gebraucht
bei 2 cores haben 1 Messungen 0.000446 Sekunden gebraucht
bei 2 cores haben 1 Messungen 0.000418 Sekunden gebraucht
bei 2 cores haben 1 Messungen 0.000386 Sekunden gebraucht
bei 2 cores haben 1 Messungen 0.000388 Sekunden gebraucht
bei 2 cores haben 1 Messungen 0.000376 Sekunden gebraucht
bei 2 cores haben 1 Messungen 0.000381 Sekunden gebraucht
bei 2 cores haben 1 Messungen 0.000424 Sekunden gebraucht
bei 2 cores haben 1 Messungen 0.000446 Sekunden gebraucht
bei 3 cores haben 1 Messungen 0.000449 Sekunden gebraucht
bei 3 cores haben 1 Messungen 0.000396 Sekunden gebraucht
bei 3 cores haben 1 Messungen 0.000418 Sekunden gebraucht
bei 3 cores haben 1 Messungen 0.000493 Sekunden gebraucht
bei 3 cores haben 1 Messungen 0.000461 Sekunden gebraucht
bei 3 cores haben 1 Messungen 0.000424 Sekunden gebraucht
bei 3 cores haben 1 Messungen 0.000412 Sekunden gebraucht
bei 3 cores haben 1 Messungen 0.000419 Sekunden gebraucht
bei 3 cores haben 1 Messungen 0.000410 Sekunden gebraucht
bei 3 cores haben 1 Messungen 0.000407 Sekunden gebraucht
bei 4 cores haben 1 Messungen 0.000418 Sekunden gebraucht
bei 4 cores haben 1 Messungen 0.000372 Sekunden gebraucht
bei 4 cores haben 1 Messungen 0.000361 Sekunden gebraucht
bei 4 cores haben 1 Messungen 0.000368 Sekunden gebraucht
bei 4 cores haben 1 Messungen 0.000372 Sekunden gebraucht
bei 4 cores haben 1 Messungen 0.000370 Sekunden gebraucht
bei 4 cores haben 1 Messungen 0.000361 Sekunden gebraucht
bei 4 cores haben 1 Messungen 0.000362 Sekunden gebraucht
bei 4 cores haben 1 Messungen 0.000372 Sekunden gebraucht
bei 4 cores haben 1 Messungen 0.000394 Sekunden gebraucht
bei 5 cores haben 1 Messungen 0.000368 Sekunden gebraucht
bei 5 cores haben 1 Messungen 0.000364 Sekunden gebraucht
bei 5 cores haben 1 Messungen 0.000351 Sekunden gebraucht
bei 5 cores haben 1 Messungen 0.000338 Sekunden gebraucht
bei 5 cores haben 1 Messungen 0.000345 Sekunden gebraucht
bei 5 cores haben 1 Messungen 0.000347 Sekunden gebraucht
bei 5 cores haben 1 Messungen 0.000347 Sekunden gebraucht
bei 5 cores haben 1 Messungen 0.000340 Sekunden gebraucht
bei 5 cores haben 1 Messungen 0.000364 Sekunden gebraucht
bei 5 cores haben 1 Messungen 0.000335 Sekunden gebraucht
bei 6 cores haben 1 Messungen 0.000410 Sekunden gebraucht
bei 6 cores haben 1 Messungen 0.000339 Sekunden gebraucht
bei 6 cores haben 1 Messungen 0.000340 Sekunden gebraucht
bei 6 cores haben 1 Messungen 0.000342 Sekunden gebraucht
bei 6 cores haben 1 Messungen 0.000351 Sekunden gebraucht
bei 6 cores haben 1 Messungen 0.000343 Sekunden gebraucht
bei 6 cores haben 1 Messungen 0.000344 Sekunden gebraucht
bei 6 cores haben 1 Messungen 0.000355 Sekunden gebraucht
bei 6 cores haben 1 Messungen 0.000345 Sekunden gebraucht
bei 6 cores haben 1 Messungen 0.000358 Sekunden gebraucht
bei 7 cores haben 1 Messungen 0.000387 Sekunden gebraucht
bei 7 cores haben 1 Messungen 0.000354 Sekunden gebraucht
bei 7 cores haben 1 Messungen 0.000339 Sekunden gebraucht
bei 7 cores haben 1 Messungen 0.000343 Sekunden gebraucht
bei 7 cores haben 1 Messungen 0.000340 Sekunden gebraucht
bei 7 cores haben 1 Messungen 0.000345 Sekunden gebraucht
bei 7 cores haben 1 Messungen 0.000339 Sekunden gebraucht
bei 7 cores haben 1 Messungen 0.000342 Sekunden gebraucht
bei 7 cores haben 1 Messungen 0.000371 Sekunden gebraucht
bei 7 cores haben 1 Messungen 0.000339 Sekunden gebraucht
bei 8 cores haben 1 Messungen 0.000419 Sekunden gebraucht
bei 8 cores haben 1 Messungen 0.000350 Sekunden gebraucht
bei 8 cores haben 1 Messungen 0.000347 Sekunden gebraucht
bei 8 cores haben 1 Messungen 0.000366 Sekunden gebraucht
bei 8 cores haben 1 Messungen 0.000353 Sekunden gebraucht
bei 8 cores haben 1 Messungen 0.000363 Sekunden gebraucht
bei 8 cores haben 1 Messungen 0.000344 Sekunden gebraucht
bei 8 cores haben 1 Messungen 0.000347 Sekunden gebraucht
bei 8 cores haben 1 Messungen 0.000362 Sekunden gebraucht
bei 8 cores haben 1 Messungen 0.000340 Sekunden gebraucht
bei 9 cores haben 1 Messungen 0.000424 Sekunden gebraucht
bei 9 cores haben 1 Messungen 0.000344 Sekunden gebraucht
bei 9 cores haben 1 Messungen 0.000344 Sekunden gebraucht
bei 9 cores haben 1 Messungen 0.000349 Sekunden gebraucht
bei 9 cores haben 1 Messungen 0.000346 Sekunden gebraucht
bei 9 cores haben 1 Messungen 0.000348 Sekunden gebraucht
bei 9 cores haben 1 Messungen 0.000368 Sekunden gebraucht
bei 9 cores haben 1 Messungen 0.000342 Sekunden gebraucht
bei 9 cores haben 1 Messungen 0.000358 Sekunden gebraucht
bei 9 cores haben 1 Messungen 0.000345 Sekunden gebraucht
bei 10 cores haben 1 Messungen 0.000435 Sekunden gebraucht
bei 10 cores haben 1 Messungen 0.000345 Sekunden gebraucht
bei 10 cores haben 1 Messungen 0.000348 Sekunden gebraucht
bei 10 cores haben 1 Messungen 0.000377 Sekunden gebraucht
bei 10 cores haben 1 Messungen 0.000331 Sekunden gebraucht
bei 10 cores haben 1 Messungen 0.000347 Sekunden gebraucht
bei 10 cores haben 1 Messungen 0.000343 Sekunden gebraucht
bei 10 cores haben 1 Messungen 0.000344 Sekunden gebraucht
bei 10 cores haben 1 Messungen 0.000335 Sekunden gebraucht
bei 10 cores haben 1 Messungen 0.000369 Sekunden gebraucht
bei 11 cores haben 1 Messungen 0.000424 Sekunden gebraucht
bei 11 cores haben 1 Messungen 0.000337 Sekunden gebraucht
bei 11 cores haben 1 Messungen 0.000358 Sekunden gebraucht
bei 11 cores haben 1 Messungen 0.000346 Sekunden gebraucht
bei 11 cores haben 1 Messungen 0.000366 Sekunden gebraucht
bei 11 cores haben 1 Messungen 0.000361 Sekunden gebraucht
bei 11 cores haben 1 Messungen 0.000344 Sekunden gebraucht
bei 11 cores haben 1 Messungen 0.000347 Sekunden gebraucht
bei 11 cores haben 1 Messungen 0.000341 Sekunden gebraucht
bei 11 cores haben 1 Messungen 0.000339 Sekunden gebraucht
bei 12 cores haben 1 Messungen 0.000387 Sekunden gebraucht
bei 12 cores haben 1 Messungen 0.000341 Sekunden gebraucht
bei 12 cores haben 1 Messungen 0.000619 Sekunden gebraucht
bei 12 cores haben 1 Messungen 0.000344 Sekunden gebraucht
bei 12 cores haben 1 Messungen 0.000338 Sekunden gebraucht
bei 12 cores haben 1 Messungen 0.000336 Sekunden gebraucht
bei 12 cores haben 1 Messungen 0.000375 Sekunden gebraucht
bei 12 cores haben 1 Messungen 0.000338 Sekunden gebraucht
bei 12 cores haben 1 Messungen 0.000335 Sekunden gebraucht
bei 12 cores haben 1 Messungen 0.000341 Sekunden gebraucht
Laenge=36
bei 1 cores haben 1 Messungen 0.000969 Sekunden gebraucht
bei 1 cores haben 1 Messungen 0.000926 Sekunden gebraucht
bei 1 cores haben 1 Messungen 0.000868 Sekunden gebraucht
bei 1 cores haben 1 Messungen 0.000860 Sekunden gebraucht
bei 1 cores haben 1 Messungen 0.000910 Sekunden gebraucht
bei 1 cores haben 1 Messungen 0.000917 Sekunden gebraucht
bei 1 cores haben 1 Messungen 0.000940 Sekunden gebraucht
bei 1 cores haben 1 Messungen 0.000930 Sekunden gebraucht
bei 1 cores haben 1 Messungen 0.000898 Sekunden gebraucht
bei 1 cores haben 1 Messungen 0.000907 Sekunden gebraucht
bei 2 cores haben 1 Messungen 0.001041 Sekunden gebraucht
bei 2 cores haben 1 Messungen 0.000966 Sekunden gebraucht
bei 2 cores haben 1 Messungen 0.000987 Sekunden gebraucht
bei 2 cores haben 1 Messungen 0.000938 Sekunden gebraucht
bei 2 cores haben 1 Messungen 0.000986 Sekunden gebraucht
bei 2 cores haben 1 Messungen 0.001004 Sekunden gebraucht
bei 2 cores haben 1 Messungen 0.000940 Sekunden gebraucht
bei 2 cores haben 1 Messungen 0.001017 Sekunden gebraucht
bei 2 cores haben 1 Messungen 0.001044 Sekunden gebraucht
bei 2 cores haben 1 Messungen 0.001050 Sekunden gebraucht
bei 3 cores haben 1 Messungen 0.001015 Sekunden gebraucht
bei 3 cores haben 1 Messungen 0.000908 Sekunden gebraucht
bei 3 cores haben 1 Messungen 0.000916 Sekunden gebraucht
bei 3 cores haben 1 Messungen 0.000906 Sekunden gebraucht
bei 3 cores haben 1 Messungen 0.000930 Sekunden gebraucht
bei 3 cores haben 1 Messungen 0.000919 Sekunden gebraucht
bei 3 cores haben 1 Messungen 0.000902 Sekunden gebraucht
bei 3 cores haben 1 Messungen 0.000905 Sekunden gebraucht
bei 3 cores haben 1 Messungen 0.000903 Sekunden gebraucht
bei 3 cores haben 1 Messungen 0.000896 Sekunden gebraucht
bei 4 cores haben 1 Messungen 0.000895 Sekunden gebraucht
bei 4 cores haben 1 Messungen 0.000870 Sekunden gebraucht
bei 4 cores haben 1 Messungen 0.000857 Sekunden gebraucht
bei 4 cores haben 1 Messungen 0.000846 Sekunden gebraucht
bei 4 cores haben 1 Messungen 0.000843 Sekunden gebraucht
bei 4 cores haben 1 Messungen 0.000840 Sekunden gebraucht
bei 4 cores haben 1 Messungen 0.000840 Sekunden gebraucht
bei 4 cores haben 1 Messungen 0.000843 Sekunden gebraucht
bei 4 cores haben 1 Messungen 0.000853 Sekunden gebraucht
bei 4 cores haben 1 Messungen 0.000869 Sekunden gebraucht
bei 5 cores haben 1 Messungen 0.000860 Sekunden gebraucht
bei 5 cores haben 1 Messungen 0.000831 Sekunden gebraucht
bei 5 cores haben 1 Messungen 0.000818 Sekunden gebraucht
bei 5 cores haben 1 Messungen 0.000796 Sekunden gebraucht
bei 5 cores haben 1 Messungen 0.000828 Sekunden gebraucht
bei 5 cores haben 1 Messungen 0.000838 Sekunden gebraucht
bei 5 cores haben 1 Messungen 0.000817 Sekunden gebraucht
bei 5 cores haben 1 Messungen 0.000835 Sekunden gebraucht
bei 5 cores haben 1 Messungen 0.000802 Sekunden gebraucht
bei 5 cores haben 1 Messungen 0.000827 Sekunden gebraucht
bei 6 cores haben 1 Messungen 0.000822 Sekunden gebraucht
bei 6 cores haben 1 Messungen 0.000766 Sekunden gebraucht
bei 6 cores haben 1 Messungen 0.000801 Sekunden gebraucht
bei 6 cores haben 1 Messungen 0.000802 Sekunden gebraucht
bei 6 cores haben 1 Messungen 0.000789 Sekunden gebraucht
bei 6 cores haben 1 Messungen 0.000808 Sekunden gebraucht
bei 6 cores haben 1 Messungen 0.000777 Sekunden gebraucht
bei 6 cores haben 1 Messungen 0.000822 Sekunden gebraucht
bei 6 cores haben 1 Messungen 0.000796 Sekunden gebraucht
bei 6 cores haben 1 Messungen 0.000790 Sekunden gebraucht
bei 7 cores haben 1 Messungen 0.000906 Sekunden gebraucht
bei 7 cores haben 1 Messungen 0.000782 Sekunden gebraucht
bei 7 cores haben 1 Messungen 0.000805 Sekunden gebraucht
bei 7 cores haben 1 Messungen 0.000830 Sekunden gebraucht
bei 7 cores haben 1 Messungen 0.000784 Sekunden gebraucht
bei 7 cores haben 1 Messungen 0.000827 Sekunden gebraucht
bei 7 cores haben 1 Messungen 0.000806 Sekunden gebraucht
bei 7 cores haben 1 Messungen 0.000823 Sekunden gebraucht
bei 7 cores haben 1 Messungen 0.000825 Sekunden gebraucht
bei 7 cores haben 1 Messungen 0.000839 Sekunden gebraucht
bei 8 cores haben 1 Messungen 0.000925 Sekunden gebraucht
bei 8 cores haben 1 Messungen 0.000804 Sekunden gebraucht
bei 8 cores haben 1 Messungen 0.000794 Sekunden gebraucht
bei 8 cores haben 1 Messungen 0.000829 Sekunden gebraucht
bei 8 cores haben 1 Messungen 0.000776 Sekunden gebraucht
bei 8 cores haben 1 Messungen 0.000824 Sekunden gebraucht
bei 8 cores haben 1 Messungen 0.000798 Sekunden gebraucht
bei 8 cores haben 1 Messungen 0.000805 Sekunden gebraucht
bei 8 cores haben 1 Messungen 0.000809 Sekunden gebraucht
bei 8 cores haben 1 Messungen 0.000827 Sekunden gebraucht
bei 9 cores haben 1 Messungen 0.000867 Sekunden gebraucht
bei 9 cores haben 1 Messungen 0.000830 Sekunden gebraucht
bei 9 cores haben 1 Messungen 0.000827 Sekunden gebraucht
bei 9 cores haben 1 Messungen 0.000815 Sekunden gebraucht
bei 9 cores haben 1 Messungen 0.000808 Sekunden gebraucht
bei 9 cores haben 1 Messungen 0.000807 Sekunden gebraucht
bei 9 cores haben 1 Messungen 0.000835 Sekunden gebraucht
bei 9 cores haben 1 Messungen 0.000823 Sekunden gebraucht
bei 9 cores haben 1 Messungen 0.000839 Sekunden gebraucht
bei 9 cores haben 1 Messungen 0.000786 Sekunden gebraucht
bei 10 cores haben 1 Messungen 0.000898 Sekunden gebraucht
bei 10 cores haben 1 Messungen 0.000833 Sekunden gebraucht
bei 10 cores haben 1 Messungen 0.000804 Sekunden gebraucht
bei 10 cores haben 1 Messungen 0.000801 Sekunden gebraucht
bei 10 cores haben 1 Messungen 0.000812 Sekunden gebraucht
bei 10 cores haben 1 Messungen 0.000822 Sekunden gebraucht
bei 10 cores haben 1 Messungen 0.000824 Sekunden gebraucht
bei 10 cores haben 1 Messungen 0.000801 Sekunden gebraucht
bei 10 cores haben 1 Messungen 0.000835 Sekunden gebraucht
bei 10 cores haben 1 Messungen 0.000802 Sekunden gebraucht
bei 11 cores haben 1 Messungen 0.000885 Sekunden gebraucht
bei 11 cores haben 1 Messungen 0.000806 Sekunden gebraucht
bei 11 cores haben 1 Messungen 0.000834 Sekunden gebraucht
bei 11 cores haben 1 Messungen 0.000792 Sekunden gebraucht
bei 11 cores haben 1 Messungen 0.000813 Sekunden gebraucht
bei 11 cores haben 1 Messungen 0.000879 Sekunden gebraucht
bei 11 cores haben 1 Messungen 0.000814 Sekunden gebraucht
bei 11 cores haben 1 Messungen 0.000802 Sekunden gebraucht
bei 11 cores haben 1 Messungen 0.000841 Sekunden gebraucht
bei 11 cores haben 1 Messungen 0.000809 Sekunden gebraucht
bei 12 cores haben 1 Messungen 0.000874 Sekunden gebraucht
bei 12 cores haben 1 Messungen 0.000853 Sekunden gebraucht
bei 12 cores haben 1 Messungen 0.000782 Sekunden gebraucht
bei 12 cores haben 1 Messungen 0.000820 Sekunden gebraucht
bei 12 cores haben 1 Messungen 0.000841 Sekunden gebraucht
bei 12 cores haben 1 Messungen 0.000833 Sekunden gebraucht
bei 12 cores haben 1 Messungen 0.000812 Sekunden gebraucht
bei 12 cores haben 1 Messungen 0.000826 Sekunden gebraucht
bei 12 cores haben 1 Messungen 0.000803 Sekunden gebraucht
bei 12 cores haben 1 Messungen 0.000800 Sekunden gebraucht
Laenge=50
bei 1 cores haben 1 Messungen 0.001663 Sekunden gebraucht
bei 1 cores haben 1 Messungen 0.001578 Sekunden gebraucht
bei 1 cores haben 1 Messungen 0.001625 Sekunden gebraucht
bei 1 cores haben 1 Messungen 0.001584 Sekunden gebraucht
bei 1 cores haben 1 Messungen 0.001555 Sekunden gebraucht
bei 1 cores haben 1 Messungen 0.001609 Sekunden gebraucht
bei 1 cores haben 1 Messungen 0.001582 Sekunden gebraucht
bei 1 cores haben 1 Messungen 0.001557 Sekunden gebraucht
bei 1 cores haben 1 Messungen 0.001592 Sekunden gebraucht
bei 1 cores haben 1 Messungen 0.001579 Sekunden gebraucht
bei 2 cores haben 1 Messungen 0.001727 Sekunden gebraucht
bei 2 cores haben 1 Messungen 0.001709 Sekunden gebraucht
bei 2 cores haben 1 Messungen 0.001717 Sekunden gebraucht
bei 2 cores haben 1 Messungen 0.001632 Sekunden gebraucht
bei 2 cores haben 1 Messungen 0.001646 Sekunden gebraucht
bei 2 cores haben 1 Messungen 0.001683 Sekunden gebraucht
bei 2 cores haben 1 Messungen 0.001651 Sekunden gebraucht
bei 2 cores haben 1 Messungen 0.001678 Sekunden gebraucht
bei 2 cores haben 1 Messungen 0.001667 Sekunden gebraucht
bei 2 cores haben 1 Messungen 0.001714 Sekunden gebraucht
bei 3 cores haben 1 Messungen 0.001624 Sekunden gebraucht
bei 3 cores haben 1 Messungen 0.001631 Sekunden gebraucht
bei 3 cores haben 1 Messungen 0.001581 Sekunden gebraucht
bei 3 cores haben 1 Messungen 0.001556 Sekunden gebraucht
bei 3 cores haben 1 Messungen 0.001508 Sekunden gebraucht
bei 3 cores haben 1 Messungen 0.001553 Sekunden gebraucht
bei 3 cores haben 1 Messungen 0.001572 Sekunden gebraucht
bei 3 cores haben 1 Messungen 0.001577 Sekunden gebraucht
bei 3 cores haben 1 Messungen 0.001554 Sekunden gebraucht
bei 3 cores haben 1 Messungen 0.001590 Sekunden gebraucht
bei 4 cores haben 1 Messungen 0.001530 Sekunden gebraucht
bei 4 cores haben 1 Messungen 0.001452 Sekunden gebraucht
bei 4 cores haben 1 Messungen 0.001472 Sekunden gebraucht
bei 4 cores haben 1 Messungen 0.001462 Sekunden gebraucht
bei 4 cores haben 1 Messungen 0.001457 Sekunden gebraucht
bei 4 cores haben 1 Messungen 0.001438 Sekunden gebraucht
bei 4 cores haben 1 Messungen 0.001446 Sekunden gebraucht
bei 4 cores haben 1 Messungen 0.001458 Sekunden gebraucht
bei 4 cores haben 1 Messungen 0.001451 Sekunden gebraucht
bei 4 cores haben 1 Messungen 0.001435 Sekunden gebraucht
bei 5 cores haben 1 Messungen 0.001416 Sekunden gebraucht
bei 5 cores haben 1 Messungen 0.001389 Sekunden gebraucht
bei 5 cores haben 1 Messungen 0.001415 Sekunden gebraucht
bei 5 cores haben 1 Messungen 0.001387 Sekunden gebraucht
bei 5 cores haben 1 Messungen 0.001421 Sekunden gebraucht
bei 5 cores haben 1 Messungen 0.001426 Sekunden gebraucht
bei 5 cores haben 1 Messungen 0.001399 Sekunden gebraucht
bei 5 cores haben 1 Messungen 0.001397 Sekunden gebraucht
bei 5 cores haben 1 Messungen 0.001419 Sekunden gebraucht
bei 5 cores haben 1 Messungen 0.001412 Sekunden gebraucht
bei 6 cores haben 1 Messungen 0.001404 Sekunden gebraucht
bei 6 cores haben 1 Messungen 0.001350 Sekunden gebraucht
bei 6 cores haben 1 Messungen 0.001367 Sekunden gebraucht
bei 6 cores haben 1 Messungen 0.001370 Sekunden gebraucht
bei 6 cores haben 1 Messungen 0.001390 Sekunden gebraucht
bei 6 cores haben 1 Messungen 0.001368 Sekunden gebraucht
bei 6 cores haben 1 Messungen 0.001372 Sekunden gebraucht
bei 6 cores haben 1 Messungen 0.001384 Sekunden gebraucht
bei 6 cores haben 1 Messungen 0.001384 Sekunden gebraucht
bei 6 cores haben 1 Messungen 0.001350 Sekunden gebraucht
bei 7 cores haben 1 Messungen 0.001488 Sekunden gebraucht
bei 7 cores haben 1 Messungen 0.001365 Sekunden gebraucht
bei 7 cores haben 1 Messungen 0.001417 Sekunden gebraucht
bei 7 cores haben 1 Messungen 0.001383 Sekunden gebraucht
bei 7 cores haben 1 Messungen 0.001399 Sekunden gebraucht
bei 7 cores haben 1 Messungen 0.001359 Sekunden gebraucht
bei 7 cores haben 1 Messungen 0.001366 Sekunden gebraucht
bei 7 cores haben 1 Messungen 0.001363 Sekunden gebraucht
bei 7 cores haben 1 Messungen 0.001374 Sekunden gebraucht
bei 7 cores haben 1 Messungen 0.001416 Sekunden gebraucht
bei 8 cores haben 1 Messungen 0.001478 Sekunden gebraucht
bei 8 cores haben 1 Messungen 0.001370 Sekunden gebraucht
bei 8 cores haben 1 Messungen 0.001404 Sekunden gebraucht
bei 8 cores haben 1 Messungen 0.001411 Sekunden gebraucht
bei 8 cores haben 1 Messungen 0.001387 Sekunden gebraucht
bei 8 cores haben 1 Messungen 0.001368 Sekunden gebraucht
bei 8 cores haben 1 Messungen 0.001400 Sekunden gebraucht
bei 8 cores haben 1 Messungen 0.001389 Sekunden gebraucht
bei 8 cores haben 1 Messungen 0.001374 Sekunden gebraucht
bei 8 cores haben 1 Messungen 0.001395 Sekunden gebraucht
bei 9 cores haben 1 Messungen 0.001503 Sekunden gebraucht
bei 9 cores haben 1 Messungen 0.001385 Sekunden gebraucht
bei 9 cores haben 1 Messungen 0.001379 Sekunden gebraucht
bei 9 cores haben 1 Messungen 0.001392 Sekunden gebraucht
bei 9 cores haben 1 Messungen 0.001369 Sekunden gebraucht
bei 9 cores haben 1 Messungen 0.001396 Sekunden gebraucht
bei 9 cores haben 1 Messungen 0.001370 Sekunden gebraucht
bei 9 cores haben 1 Messungen 0.001371 Sekunden gebraucht
bei 9 cores haben 1 Messungen 0.001387 Sekunden gebraucht
bei 9 cores haben 1 Messungen 0.001397 Sekunden gebraucht
bei 10 cores haben 1 Messungen 0.001455 Sekunden gebraucht
bei 10 cores haben 1 Messungen 0.001378 Sekunden gebraucht
bei 10 cores haben 1 Messungen 0.001370 Sekunden gebraucht
bei 10 cores haben 1 Messungen 0.001405 Sekunden gebraucht
bei 10 cores haben 1 Messungen 0.001405 Sekunden gebraucht
bei 10 cores haben 1 Messungen 0.001386 Sekunden gebraucht
bei 10 cores haben 1 Messungen 0.001432 Sekunden gebraucht
bei 10 cores haben 1 Messungen 0.001374 Sekunden gebraucht
bei 10 cores haben 1 Messungen 0.001407 Sekunden gebraucht
bei 10 cores haben 1 Messungen 0.001343 Sekunden gebraucht
bei 11 cores haben 1 Messungen 0.001387 Sekunden gebraucht
bei 11 cores haben 1 Messungen 0.001320 Sekunden gebraucht
bei 11 cores haben 1 Messungen 0.001355 Sekunden gebraucht
bei 11 cores haben 1 Messungen 0.001290 Sekunden gebraucht
bei 11 cores haben 1 Messungen 0.001297 Sekunden gebraucht
bei 11 cores haben 1 Messungen 0.001264 Sekunden gebraucht
bei 11 cores haben 1 Messungen 0.001255 Sekunden gebraucht
bei 11 cores haben 1 Messungen 0.001312 Sekunden gebraucht
bei 11 cores haben 1 Messungen 0.001280 Sekunden gebraucht
bei 11 cores haben 1 Messungen 0.001258 Sekunden gebraucht
bei 12 cores haben 1 Messungen 0.001283 Sekunden gebraucht
bei 12 cores haben 1 Messungen 0.001244 Sekunden gebraucht
bei 12 cores haben 1 Messungen 0.001206 Sekunden gebraucht
bei 12 cores haben 1 Messungen 0.001268 Sekunden gebraucht
bei 12 cores haben 1 Messungen 0.001217 Sekunden gebraucht
bei 12 cores haben 1 Messungen 0.001198 Sekunden gebraucht
bei 12 cores haben 1 Messungen 0.001235 Sekunden gebraucht
bei 12 cores haben 1 Messungen 0.001220 Sekunden gebraucht
bei 12 cores haben 1 Messungen 0.001271 Sekunden gebraucht
bei 12 cores haben 1 Messungen 0.001209 Sekunden gebraucht
Laenge=100
bei 1 cores haben 1 Messungen 0.005031 Sekunden gebraucht
bei 1 cores haben 1 Messungen 0.004711 Sekunden gebraucht
bei 1 cores haben 1 Messungen 0.004761 Sekunden gebraucht
bei 1 cores haben 1 Messungen 0.004769 Sekunden gebraucht
bei 1 cores haben 1 Messungen 0.004859 Sekunden gebraucht
bei 1 cores haben 1 Messungen 0.004713 Sekunden gebraucht
bei 1 cores haben 1 Messungen 0.004780 Sekunden gebraucht
bei 1 cores haben 1 Messungen 0.004834 Sekunden gebraucht
bei 1 cores haben 1 Messungen 0.004772 Sekunden gebraucht
bei 1 cores haben 1 Messungen 0.004824 Sekunden gebraucht
bei 2 cores haben 1 Messungen 0.005382 Sekunden gebraucht
bei 2 cores haben 1 Messungen 0.004379 Sekunden gebraucht
bei 2 cores haben 1 Messungen 0.004291 Sekunden gebraucht
bei 2 cores haben 1 Messungen 0.004373 Sekunden gebraucht
bei 2 cores haben 1 Messungen 0.006313 Sekunden gebraucht
bei 2 cores haben 1 Messungen 0.006422 Sekunden gebraucht
bei 2 cores haben 1 Messungen 0.004769 Sekunden gebraucht
bei 2 cores haben 1 Messungen 0.004831 Sekunden gebraucht
bei 2 cores haben 1 Messungen 0.004511 Sekunden gebraucht
bei 2 cores haben 1 Messungen 0.004514 Sekunden gebraucht
bei 3 cores haben 1 Messungen 0.005136 Sekunden gebraucht
bei 3 cores haben 1 Messungen 0.004249 Sekunden gebraucht
bei 3 cores haben 1 Messungen 0.004245 Sekunden gebraucht
bei 3 cores haben 1 Messungen 0.004201 Sekunden gebraucht
bei 3 cores haben 1 Messungen 0.004135 Sekunden gebraucht
bei 3 cores haben 1 Messungen 0.004215 Sekunden gebraucht
bei 3 cores haben 1 Messungen 0.004117 Sekunden gebraucht
bei 3 cores haben 1 Messungen 0.004140 Sekunden gebraucht
bei 3 cores haben 1 Messungen 0.004279 Sekunden gebraucht
bei 3 cores haben 1 Messungen 0.004244 Sekunden gebraucht
bei 4 cores haben 1 Messungen 0.005141 Sekunden gebraucht
bei 4 cores haben 1 Messungen 0.004025 Sekunden gebraucht
bei 4 cores haben 1 Messungen 0.004135 Sekunden gebraucht
bei 4 cores haben 1 Messungen 0.004208 Sekunden gebraucht
bei 4 cores haben 1 Messungen 0.004036 Sekunden gebraucht
bei 4 cores haben 1 Messungen 0.004060 Sekunden gebraucht
bei 4 cores haben 1 Messungen 0.004134 Sekunden gebraucht
bei 4 cores haben 1 Messungen 0.004081 Sekunden gebraucht
bei 4 cores haben 1 Messungen 0.004147 Sekunden gebraucht
bei 4 cores haben 1 Messungen 0.004093 Sekunden gebraucht
bei 5 cores haben 1 Messungen 0.004824 Sekunden gebraucht
bei 5 cores haben 1 Messungen 0.004043 Sekunden gebraucht
bei 5 cores haben 1 Messungen 0.003957 Sekunden gebraucht
bei 5 cores haben 1 Messungen 0.004048 Sekunden gebraucht
bei 5 cores haben 1 Messungen 0.004060 Sekunden gebraucht
bei 5 cores haben 1 Messungen 0.004055 Sekunden gebraucht
bei 5 cores haben 1 Messungen 0.004123 Sekunden gebraucht
bei 5 cores haben 1 Messungen 0.004105 Sekunden gebraucht
bei 5 cores haben 1 Messungen 0.004013 Sekunden gebraucht
bei 5 cores haben 1 Messungen 0.003998 Sekunden gebraucht
bei 6 cores haben 1 Messungen 0.004593 Sekunden gebraucht
bei 6 cores haben 1 Messungen 0.004131 Sekunden gebraucht
bei 6 cores haben 1 Messungen 0.003928 Sekunden gebraucht
bei 6 cores haben 1 Messungen 0.004000 Sekunden gebraucht
bei 6 cores haben 1 Messungen 0.004096 Sekunden gebraucht
bei 6 cores haben 1 Messungen 0.003944 Sekunden gebraucht
bei 6 cores haben 1 Messungen 0.004037 Sekunden gebraucht
bei 6 cores haben 1 Messungen 0.003970 Sekunden gebraucht
bei 6 cores haben 1 Messungen 0.004004 Sekunden gebraucht
bei 6 cores haben 1 Messungen 0.004146 Sekunden gebraucht
bei 7 cores haben 1 Messungen 0.006292 Sekunden gebraucht
bei 7 cores haben 1 Messungen 0.004257 Sekunden gebraucht
bei 7 cores haben 1 Messungen 0.010150 Sekunden gebraucht
bei 7 cores haben 1 Messungen 0.010393 Sekunden gebraucht
bei 7 cores haben 1 Messungen 0.010331 Sekunden gebraucht
bei 7 cores haben 1 Messungen 0.010295 Sekunden gebraucht
bei 7 cores haben 1 Messungen 0.012370 Sekunden gebraucht
bei 7 cores haben 1 Messungen 0.010496 Sekunden gebraucht
bei 7 cores haben 1 Messungen 0.012409 Sekunden gebraucht
bei 7 cores haben 1 Messungen 0.010347 Sekunden gebraucht
bei 8 cores haben 1 Messungen 0.004620 Sekunden gebraucht
bei 8 cores haben 1 Messungen 0.004607 Sekunden gebraucht
bei 8 cores haben 1 Messungen 0.004535 Sekunden gebraucht
bei 8 cores haben 1 Messungen 0.004561 Sekunden gebraucht
bei 8 cores haben 1 Messungen 0.004508 Sekunden gebraucht
bei 8 cores haben 1 Messungen 0.004526 Sekunden gebraucht
bei 8 cores haben 1 Messungen 0.004518 Sekunden gebraucht
bei 8 cores haben 1 Messungen 0.004489 Sekunden gebraucht
bei 8 cores haben 1 Messungen 0.004541 Sekunden gebraucht
bei 8 cores haben 1 Messungen 0.004433 Sekunden gebraucht
bei 9 cores haben 1 Messungen 0.004573 Sekunden gebraucht
bei 9 cores haben 1 Messungen 0.004364 Sekunden gebraucht
bei 9 cores haben 1 Messungen 0.004427 Sekunden gebraucht
bei 9 cores haben 1 Messungen 0.004410 Sekunden gebraucht
bei 9 cores haben 1 Messungen 0.004366 Sekunden gebraucht
bei 9 cores haben 1 Messungen 0.004451 Sekunden gebraucht
bei 9 cores haben 1 Messungen 0.004392 Sekunden gebraucht
bei 9 cores haben 1 Messungen 0.004430 Sekunden gebraucht
bei 9 cores haben 1 Messungen 0.004400 Sekunden gebraucht
bei 9 cores haben 1 Messungen 0.004410 Sekunden gebraucht
bei 10 cores haben 1 Messungen 0.004490 Sekunden gebraucht
bei 10 cores haben 1 Messungen 0.004436 Sekunden gebraucht
bei 10 cores haben 1 Messungen 0.004457 Sekunden gebraucht
bei 10 cores haben 1 Messungen 0.004393 Sekunden gebraucht
bei 10 cores haben 1 Messungen 0.004365 Sekunden gebraucht
bei 10 cores haben 1 Messungen 0.004450 Sekunden gebraucht
bei 10 cores haben 1 Messungen 0.004405 Sekunden gebraucht
bei 10 cores haben 1 Messungen 0.004402 Sekunden gebraucht
bei 10 cores haben 1 Messungen 0.004387 Sekunden gebraucht
bei 10 cores haben 1 Messungen 0.004424 Sekunden gebraucht
bei 11 cores haben 1 Messungen 0.016723 Sekunden gebraucht
bei 11 cores haben 1 Messungen 0.004919 Sekunden gebraucht
bei 11 cores haben 1 Messungen 0.006414 Sekunden gebraucht
bei 11 cores haben 1 Messungen 0.005091 Sekunden gebraucht
bei 11 cores haben 1 Messungen 0.004375 Sekunden gebraucht
bei 11 cores haben 1 Messungen 0.004333 Sekunden gebraucht
bei 11 cores haben 1 Messungen 0.004327 Sekunden gebraucht
bei 11 cores haben 1 Messungen 0.004450 Sekunden gebraucht
bei 11 cores haben 1 Messungen 0.004458 Sekunden gebraucht
bei 11 cores haben 1 Messungen 0.004406 Sekunden gebraucht
bei 12 cores haben 1 Messungen 0.004534 Sekunden gebraucht
bei 12 cores haben 1 Messungen 0.004418 Sekunden gebraucht
bei 12 cores haben 1 Messungen 0.006166 Sekunden gebraucht
bei 12 cores haben 1 Messungen 0.004466 Sekunden gebraucht
bei 12 cores haben 1 Messungen 0.012619 Sekunden gebraucht
bei 12 cores haben 1 Messungen 0.004742 Sekunden gebraucht
bei 12 cores haben 1 Messungen 0.004419 Sekunden gebraucht
bei 12 cores haben 1 Messungen 0.004438 Sekunden gebraucht
bei 12 cores haben 1 Messungen 0.004407 Sekunden gebraucht
bei 12 cores haben 1 Messungen 0.004400 Sekunden gebraucht
Laenge=200
bei 1 cores haben 1 Messungen 0.019262 Sekunden gebraucht
bei 1 cores haben 1 Messungen 0.017810 Sekunden gebraucht
bei 1 cores haben 1 Messungen 0.017849 Sekunden gebraucht
bei 1 cores haben 1 Messungen 0.024019 Sekunden gebraucht
bei 1 cores haben 1 Messungen 0.021577 Sekunden gebraucht
bei 1 cores haben 1 Messungen 0.020499 Sekunden gebraucht
bei 1 cores haben 1 Messungen 0.034399 Sekunden gebraucht
bei 1 cores haben 1 Messungen 0.028293 Sekunden gebraucht
bei 1 cores haben 1 Messungen 0.024797 Sekunden gebraucht
bei 1 cores haben 1 Messungen 0.022402 Sekunden gebraucht
bei 2 cores haben 1 Messungen 0.018287 Sekunden gebraucht
bei 2 cores haben 1 Messungen 0.016267 Sekunden gebraucht
bei 2 cores haben 1 Messungen 0.016004 Sekunden gebraucht
bei 2 cores haben 1 Messungen 0.015823 Sekunden gebraucht
bei 2 cores haben 1 Messungen 0.016837 Sekunden gebraucht
bei 2 cores haben 1 Messungen 0.016167 Sekunden gebraucht
bei 2 cores haben 1 Messungen 0.016024 Sekunden gebraucht
bei 2 cores haben 1 Messungen 0.015957 Sekunden gebraucht
bei 2 cores haben 1 Messungen 0.016252 Sekunden gebraucht
bei 2 cores haben 1 Messungen 0.016009 Sekunden gebraucht
bei 3 cores haben 1 Messungen 0.018774 Sekunden gebraucht
bei 3 cores haben 1 Messungen 0.017018 Sekunden gebraucht
bei 3 cores haben 1 Messungen 0.025318 Sekunden gebraucht
bei 3 cores haben 1 Messungen 0.024897 Sekunden gebraucht
bei 3 cores haben 1 Messungen 0.024901 Sekunden gebraucht
bei 3 cores haben 1 Messungen 0.025044 Sekunden gebraucht
bei 3 cores haben 1 Messungen 0.021670 Sekunden gebraucht
bei 3 cores haben 1 Messungen 0.016876 Sekunden gebraucht
bei 3 cores haben 1 Messungen 0.015719 Sekunden gebraucht
bei 3 cores haben 1 Messungen 0.025172 Sekunden gebraucht
bei 4 cores haben 1 Messungen 0.018070 Sekunden gebraucht
bei 4 cores haben 1 Messungen 0.017910 Sekunden gebraucht
bei 4 cores haben 1 Messungen 0.017470 Sekunden gebraucht
bei 4 cores haben 1 Messungen 0.017480 Sekunden gebraucht
bei 4 cores haben 1 Messungen 0.017273 Sekunden gebraucht
bei 4 cores haben 1 Messungen 0.017147 Sekunden gebraucht
bei 4 cores haben 1 Messungen 0.017045 Sekunden gebraucht
bei 4 cores haben 1 Messungen 0.017264 Sekunden gebraucht
bei 4 cores haben 1 Messungen 0.016847 Sekunden gebraucht
bei 4 cores haben 1 Messungen 0.016762 Sekunden gebraucht
bei 5 cores haben 1 Messungen 0.017115 Sekunden gebraucht
bei 5 cores haben 1 Messungen 0.016505 Sekunden gebraucht
bei 5 cores haben 1 Messungen 0.029254 Sekunden gebraucht
bei 5 cores haben 1 Messungen 0.025105 Sekunden gebraucht
bei 5 cores haben 1 Messungen 0.022263 Sekunden gebraucht
bei 5 cores haben 1 Messungen 0.030674 Sekunden gebraucht
bei 5 cores haben 1 Messungen 0.026255 Sekunden gebraucht
bei 5 cores haben 1 Messungen 0.022888 Sekunden gebraucht
bei 5 cores haben 1 Messungen 0.020928 Sekunden gebraucht
bei 5 cores haben 1 Messungen 0.020324 Sekunden gebraucht
bei 6 cores haben 1 Messungen 0.019603 Sekunden gebraucht
bei 6 cores haben 1 Messungen 0.019791 Sekunden gebraucht
bei 6 cores haben 1 Messungen 0.019478 Sekunden gebraucht
bei 6 cores haben 1 Messungen 0.027696 Sekunden gebraucht
bei 6 cores haben 1 Messungen 0.024089 Sekunden gebraucht
bei 6 cores haben 1 Messungen 0.022341 Sekunden gebraucht
bei 6 cores haben 1 Messungen 0.021028 Sekunden gebraucht
bei 6 cores haben 1 Messungen 0.019582 Sekunden gebraucht
bei 6 cores haben 1 Messungen 0.019501 Sekunden gebraucht
bei 6 cores haben 1 Messungen 0.019248 Sekunden gebraucht
bei 7 cores haben 1 Messungen 0.019542 Sekunden gebraucht
bei 7 cores haben 1 Messungen 0.020075 Sekunden gebraucht
bei 7 cores haben 1 Messungen 0.020067 Sekunden gebraucht
bei 7 cores haben 1 Messungen 0.027831 Sekunden gebraucht
bei 7 cores haben 1 Messungen 0.027583 Sekunden gebraucht
bei 7 cores haben 1 Messungen 0.030493 Sekunden gebraucht
bei 7 cores haben 1 Messungen 0.020268 Sekunden gebraucht
bei 7 cores haben 1 Messungen 0.028495 Sekunden gebraucht
bei 7 cores haben 1 Messungen 0.024511 Sekunden gebraucht
bei 7 cores haben 1 Messungen 0.021801 Sekunden gebraucht
bei 8 cores haben 1 Messungen 0.029799 Sekunden gebraucht
bei 8 cores haben 1 Messungen 0.022184 Sekunden gebraucht
bei 8 cores haben 1 Messungen 0.019623 Sekunden gebraucht
bei 8 cores haben 1 Messungen 0.026036 Sekunden gebraucht
bei 8 cores haben 1 Messungen 0.021281 Sekunden gebraucht
bei 8 cores haben 1 Messungen 0.019947 Sekunden gebraucht
bei 8 cores haben 1 Messungen 0.019944 Sekunden gebraucht
bei 8 cores haben 1 Messungen 0.019775 Sekunden gebraucht
bei 8 cores haben 1 Messungen 0.027921 Sekunden gebraucht
bei 8 cores haben 1 Messungen 0.027886 Sekunden gebraucht
bei 9 cores haben 1 Messungen 0.032087 Sekunden gebraucht
bei 9 cores haben 1 Messungen 0.029314 Sekunden gebraucht
bei 9 cores haben 1 Messungen 0.028721 Sekunden gebraucht
bei 9 cores haben 1 Messungen 0.020695 Sekunden gebraucht
bei 9 cores haben 1 Messungen 0.020167 Sekunden gebraucht
bei 9 cores haben 1 Messungen 0.020081 Sekunden gebraucht
bei 9 cores haben 1 Messungen 0.021058 Sekunden gebraucht
bei 9 cores haben 1 Messungen 0.019958 Sekunden gebraucht
bei 9 cores haben 1 Messungen 0.019973 Sekunden gebraucht
bei 9 cores haben 1 Messungen 0.021064 Sekunden gebraucht
bei 10 cores haben 1 Messungen 0.019970 Sekunden gebraucht
bei 10 cores haben 1 Messungen 0.022401 Sekunden gebraucht
bei 10 cores haben 1 Messungen 0.019863 Sekunden gebraucht
bei 10 cores haben 1 Messungen 0.019783 Sekunden gebraucht
bei 10 cores haben 1 Messungen 0.020021 Sekunden gebraucht
bei 10 cores haben 1 Messungen 0.019894 Sekunden gebraucht
bei 10 cores haben 1 Messungen 0.019758 Sekunden gebraucht
bei 10 cores haben 1 Messungen 0.019909 Sekunden gebraucht
bei 10 cores haben 1 Messungen 0.019751 Sekunden gebraucht
bei 10 cores haben 1 Messungen 0.019919 Sekunden gebraucht
bei 11 cores haben 1 Messungen 0.021865 Sekunden gebraucht
bei 11 cores haben 1 Messungen 0.019606 Sekunden gebraucht
bei 11 cores haben 1 Messungen 0.019729 Sekunden gebraucht
bei 11 cores haben 1 Messungen 0.019779 Sekunden gebraucht
bei 11 cores haben 1 Messungen 0.019639 Sekunden gebraucht
bei 11 cores haben 1 Messungen 0.019855 Sekunden gebraucht
bei 11 cores haben 1 Messungen 0.019780 Sekunden gebraucht
bei 11 cores haben 1 Messungen 0.019764 Sekunden gebraucht
bei 11 cores haben 1 Messungen 0.019736 Sekunden gebraucht
bei 11 cores haben 1 Messungen 0.020001 Sekunden gebraucht
bei 12 cores haben 1 Messungen 0.027017 Sekunden gebraucht
bei 12 cores haben 1 Messungen 0.019908 Sekunden gebraucht
bei 12 cores haben 1 Messungen 0.019658 Sekunden gebraucht
bei 12 cores haben 1 Messungen 0.019662 Sekunden gebraucht
bei 12 cores haben 1 Messungen 0.019873 Sekunden gebraucht
bei 12 cores haben 1 Messungen 0.018480 Sekunden gebraucht
bei 12 cores haben 1 Messungen 0.017403 Sekunden gebraucht
bei 12 cores haben 1 Messungen 0.017099 Sekunden gebraucht
bei 12 cores haben 1 Messungen 0.016783 Sekunden gebraucht
bei 12 cores haben 1 Messungen 0.016845 Sekunden gebraucht
Laenge=350
bei 1 cores haben 1 Messungen 0.056510 Sekunden gebraucht
bei 1 cores haben 1 Messungen 0.089210 Sekunden gebraucht
bei 1 cores haben 1 Messungen 0.089262 Sekunden gebraucht
bei 1 cores haben 1 Messungen 0.063369 Sekunden gebraucht
bei 1 cores haben 1 Messungen 0.090032 Sekunden gebraucht
bei 1 cores haben 1 Messungen 0.069031 Sekunden gebraucht
bei 1 cores haben 1 Messungen 0.068335 Sekunden gebraucht
bei 1 cores haben 1 Messungen 0.068537 Sekunden gebraucht
bei 1 cores haben 1 Messungen 0.068140 Sekunden gebraucht
bei 1 cores haben 1 Messungen 0.068250 Sekunden gebraucht
bei 2 cores haben 1 Messungen 0.069464 Sekunden gebraucht
bei 2 cores haben 1 Messungen 0.069790 Sekunden gebraucht
bei 2 cores haben 1 Messungen 0.068563 Sekunden gebraucht
bei 2 cores haben 1 Messungen 0.069155 Sekunden gebraucht
bei 2 cores haben 1 Messungen 0.067646 Sekunden gebraucht
bei 2 cores haben 1 Messungen 0.059289 Sekunden gebraucht
bei 2 cores haben 1 Messungen 0.056572 Sekunden gebraucht
bei 2 cores haben 1 Messungen 0.056606 Sekunden gebraucht
bei 2 cores haben 1 Messungen 0.056517 Sekunden gebraucht
bei 2 cores haben 1 Messungen 0.090282 Sekunden gebraucht
bei 3 cores haben 1 Messungen 0.067577 Sekunden gebraucht
bei 3 cores haben 1 Messungen 0.066456 Sekunden gebraucht
bei 3 cores haben 1 Messungen 0.066649 Sekunden gebraucht
bei 3 cores haben 1 Messungen 0.066201 Sekunden gebraucht
bei 3 cores haben 1 Messungen 0.066706 Sekunden gebraucht
bei 3 cores haben 1 Messungen 0.067258 Sekunden gebraucht
bei 3 cores haben 1 Messungen 0.066981 Sekunden gebraucht
bei 3 cores haben 1 Messungen 0.064366 Sekunden gebraucht
bei 3 cores haben 1 Messungen 0.056094 Sekunden gebraucht
bei 3 cores haben 1 Messungen 0.055028 Sekunden gebraucht
bei 4 cores haben 1 Messungen 0.053753 Sekunden gebraucht
bei 4 cores haben 1 Messungen 0.054070 Sekunden gebraucht
bei 4 cores haben 1 Messungen 0.053432 Sekunden gebraucht
bei 4 cores haben 1 Messungen 0.054071 Sekunden gebraucht
bei 4 cores haben 1 Messungen 0.054284 Sekunden gebraucht
bei 4 cores haben 1 Messungen 0.053792 Sekunden gebraucht
bei 4 cores haben 1 Messungen 0.053605 Sekunden gebraucht
bei 4 cores haben 1 Messungen 0.053504 Sekunden gebraucht
bei 4 cores haben 1 Messungen 0.053812 Sekunden gebraucht
bei 4 cores haben 1 Messungen 0.053798 Sekunden gebraucht
bei 5 cores haben 1 Messungen 0.052891 Sekunden gebraucht
bei 5 cores haben 1 Messungen 0.052588 Sekunden gebraucht
bei 5 cores haben 1 Messungen 0.052437 Sekunden gebraucht
bei 5 cores haben 1 Messungen 0.052494 Sekunden gebraucht
bei 5 cores haben 1 Messungen 0.053166 Sekunden gebraucht
bei 5 cores haben 1 Messungen 0.082008 Sekunden gebraucht
bei 5 cores haben 1 Messungen 0.061793 Sekunden gebraucht
bei 5 cores haben 1 Messungen 0.073188 Sekunden gebraucht
bei 5 cores haben 1 Messungen 0.063578 Sekunden gebraucht
bei 5 cores haben 1 Messungen 0.063147 Sekunden gebraucht
bei 6 cores haben 1 Messungen 0.080757 Sekunden gebraucht
bei 6 cores haben 1 Messungen 0.063143 Sekunden gebraucht
bei 6 cores haben 1 Messungen 0.062889 Sekunden gebraucht
bei 6 cores haben 1 Messungen 0.063179 Sekunden gebraucht
bei 6 cores haben 1 Messungen 0.062632 Sekunden gebraucht
bei 6 cores haben 1 Messungen 0.062530 Sekunden gebraucht
bei 6 cores haben 1 Messungen 0.063026 Sekunden gebraucht
bei 6 cores haben 1 Messungen 0.063718 Sekunden gebraucht
bei 6 cores haben 1 Messungen 0.062660 Sekunden gebraucht
bei 6 cores haben 1 Messungen 0.057237 Sekunden gebraucht
bei 7 cores haben 1 Messungen 0.051038 Sekunden gebraucht
bei 7 cores haben 1 Messungen 0.051448 Sekunden gebraucht
bei 7 cores haben 1 Messungen 0.052077 Sekunden gebraucht
bei 7 cores haben 1 Messungen 0.051598 Sekunden gebraucht
bei 7 cores haben 1 Messungen 0.051670 Sekunden gebraucht
bei 7 cores haben 1 Messungen 0.051633 Sekunden gebraucht
bei 7 cores haben 1 Messungen 0.051560 Sekunden gebraucht
bei 7 cores haben 1 Messungen 0.051997 Sekunden gebraucht
bei 7 cores haben 1 Messungen 0.051813 Sekunden gebraucht
bei 7 cores haben 1 Messungen 0.051852 Sekunden gebraucht
bei 8 cores haben 1 Messungen 0.056143 Sekunden gebraucht
bei 8 cores haben 1 Messungen 0.081268 Sekunden gebraucht
bei 8 cores haben 1 Messungen 0.060448 Sekunden gebraucht
bei 8 cores haben 1 Messungen 0.052430 Sekunden gebraucht
bei 8 cores haben 1 Messungen 0.052168 Sekunden gebraucht
bei 8 cores haben 1 Messungen 0.053238 Sekunden gebraucht
bei 8 cores haben 1 Messungen 0.050614 Sekunden gebraucht
bei 8 cores haben 1 Messungen 0.051228 Sekunden gebraucht
bei 8 cores haben 1 Messungen 0.060604 Sekunden gebraucht
bei 8 cores haben 1 Messungen 0.081135 Sekunden gebraucht
bei 9 cores haben 1 Messungen 0.084145 Sekunden gebraucht
bei 9 cores haben 1 Messungen 0.064993 Sekunden gebraucht
bei 9 cores haben 1 Messungen 0.063683 Sekunden gebraucht
bei 9 cores haben 1 Messungen 0.063370 Sekunden gebraucht
bei 9 cores haben 1 Messungen 0.065516 Sekunden gebraucht
bei 9 cores haben 1 Messungen 0.090361 Sekunden gebraucht
bei 9 cores haben 1 Messungen 0.063382 Sekunden gebraucht
bei 9 cores haben 1 Messungen 0.061938 Sekunden gebraucht
bei 9 cores haben 1 Messungen 0.062387 Sekunden gebraucht
bei 9 cores haben 1 Messungen 0.062207 Sekunden gebraucht
bei 10 cores haben 1 Messungen 0.061988 Sekunden gebraucht
bei 10 cores haben 1 Messungen 0.061712 Sekunden gebraucht
bei 10 cores haben 1 Messungen 0.062306 Sekunden gebraucht
bei 10 cores haben 1 Messungen 0.061856 Sekunden gebraucht
bei 10 cores haben 1 Messungen 0.061517 Sekunden gebraucht
bei 10 cores haben 1 Messungen 0.061587 Sekunden gebraucht
bei 10 cores haben 1 Messungen 0.062231 Sekunden gebraucht
bei 10 cores haben 1 Messungen 0.061927 Sekunden gebraucht
bei 10 cores haben 1 Messungen 0.061749 Sekunden gebraucht
bei 10 cores haben 1 Messungen 0.062274 Sekunden gebraucht
bei 11 cores haben 1 Messungen 0.060646 Sekunden gebraucht
bei 11 cores haben 1 Messungen 0.061871 Sekunden gebraucht
bei 11 cores haben 1 Messungen 0.062078 Sekunden gebraucht
bei 11 cores haben 1 Messungen 0.062782 Sekunden gebraucht
bei 11 cores haben 1 Messungen 0.062459 Sekunden gebraucht
bei 11 cores haben 1 Messungen 0.062521 Sekunden gebraucht
bei 11 cores haben 1 Messungen 0.061741 Sekunden gebraucht
bei 11 cores haben 1 Messungen 0.062451 Sekunden gebraucht
bei 11 cores haben 1 Messungen 0.062701 Sekunden gebraucht
bei 11 cores haben 1 Messungen 0.079541 Sekunden gebraucht
bei 12 cores haben 1 Messungen 0.073335 Sekunden gebraucht
bei 12 cores haben 1 Messungen 0.077065 Sekunden gebraucht
bei 12 cores haben 1 Messungen 0.062260 Sekunden gebraucht
bei 12 cores haben 1 Messungen 0.061848 Sekunden gebraucht
bei 12 cores haben 1 Messungen 0.061995 Sekunden gebraucht
bei 12 cores haben 1 Messungen 0.062010 Sekunden gebraucht
bei 12 cores haben 1 Messungen 0.062297 Sekunden gebraucht
bei 12 cores haben 1 Messungen 0.061796 Sekunden gebraucht
bei 12 cores haben 1 Messungen 0.062357 Sekunden gebraucht
bei 12 cores haben 1 Messungen 0.062085 Sekunden gebraucht
/hiskp4/gross/bachelorarbeit
