Wed Jul 15 13:22:54 CEST 2020 Waiting for 30 seconds before starting the job to allow the node to settle down
Wed Jul 15 13:23:24 CEST 2020 Waiting done, starting task!
Wed Jul 15 13:23:24 CEST 2020 Waiting for 30 seconds before starting the job to allow the node to settle down
Wed Jul 15 13:23:24 CEST 2020 Waiting for 30 seconds before starting the job to allow the node to settle down
Wed Jul 15 13:23:54 CEST 2020 Waiting done, starting task!
Wed Jul 15 13:23:54 CEST 2020 Waiting done, starting task!
0.000000	2.000000	1000.000000	24.000000	0.033864
0.000000	2.000000	1000.000000	24.000000	0.031585
0.000000	2.000000	1000.000000	24.000000	0.031101
0.000000	2.000000	1000.000000	24.000000	0.031200
0.000000	2.000000	1000.000000	24.000000	0.031021
0.000000	2.000000	1000.000000	24.000000	0.031169
0.000000	2.000000	1000.000000	24.000000	0.034425
0.000000	2.000000	1000.000000	24.000000	0.030902
0.000000	2.000000	1000.000000	24.000000	0.030965
0.000000	2.000000	1000.000000	24.000000	0.031072
1.000000	2.000000	1000.000000	24.000000	0.033859
1.000000	2.000000	1000.000000	24.000000	0.031580
1.000000	2.000000	1000.000000	24.000000	0.031100
1.000000	2.000000	1000.000000	24.000000	0.031197
1.000000	2.000000	1000.000000	24.000000	0.031016
1.000000	2.000000	1000.000000	24.000000	0.031166
1.000000	2.000000	1000.000000	24.000000	0.034841
1.000000	2.000000	1000.000000	24.000000	0.030896
1.000000	2.000000	1000.000000	24.000000	0.030961
1.000000	2.000000	1000.000000	24.000000	0.031057
/hiskp4/gross/bachelorarbeit
