Wed Jun 24 10:11:24 CEST 2020 Waiting for 30 seconds before starting the job to allow the node to settle down
Wed Jun 24 10:11:54 CEST 2020 Waiting done, starting task!
Wed Jun 24 10:11:55 CEST 2020 Waiting for 30 seconds before starting the job to allow the node to settle down
Wed Jun 24 10:12:25 CEST 2020 Waiting done, starting task!
Laenge=500	Temperatur=0.500000
bei 1 cores haben 1000 Messungen 18.353208 Sekunden gebraucht
bei 1 cores haben 1000 Messungen 18.278864 Sekunden gebraucht
bei 1 cores haben 1000 Messungen 18.072165 Sekunden gebraucht
bei 1 cores haben 1000 Messungen 18.275975 Sekunden gebraucht
bei 1 cores haben 1000 Messungen 18.104520 Sekunden gebraucht
bei 2 cores haben 1000 Messungen 17.129550 Sekunden gebraucht
bei 2 cores haben 1000 Messungen 16.962794 Sekunden gebraucht
bei 2 cores haben 1000 Messungen 17.259620 Sekunden gebraucht
bei 2 cores haben 1000 Messungen 17.124163 Sekunden gebraucht
bei 2 cores haben 1000 Messungen 16.992071 Sekunden gebraucht
bei 3 cores haben 1000 Messungen 11.563834 Sekunden gebraucht
bei 3 cores haben 1000 Messungen 11.768206 Sekunden gebraucht
bei 3 cores haben 1000 Messungen 11.633972 Sekunden gebraucht
bei 3 cores haben 1000 Messungen 11.558986 Sekunden gebraucht
bei 3 cores haben 1000 Messungen 11.581474 Sekunden gebraucht
bei 4 cores haben 1000 Messungen 9.645716 Sekunden gebraucht
bei 4 cores haben 1000 Messungen 9.756172 Sekunden gebraucht
bei 4 cores haben 1000 Messungen 9.193465 Sekunden gebraucht
bei 4 cores haben 1000 Messungen 9.851646 Sekunden gebraucht
bei 4 cores haben 1000 Messungen 9.686245 Sekunden gebraucht
bei 5 cores haben 1000 Messungen 8.616265 Sekunden gebraucht
bei 5 cores haben 1000 Messungen 8.482414 Sekunden gebraucht
bei 5 cores haben 1000 Messungen 8.757534 Sekunden gebraucht
bei 5 cores haben 1000 Messungen 8.705350 Sekunden gebraucht
bei 5 cores haben 1000 Messungen 8.650687 Sekunden gebraucht
bei 6 cores haben 1000 Messungen 7.779441 Sekunden gebraucht
bei 6 cores haben 1000 Messungen 7.209099 Sekunden gebraucht
bei 6 cores haben 1000 Messungen 6.896887 Sekunden gebraucht
bei 6 cores haben 1000 Messungen 8.018052 Sekunden gebraucht
bei 6 cores haben 1000 Messungen 7.994979 Sekunden gebraucht
bei 7 cores haben 1000 Messungen 6.420869 Sekunden gebraucht
bei 7 cores haben 1000 Messungen 6.767645 Sekunden gebraucht
bei 7 cores haben 1000 Messungen 6.285706 Sekunden gebraucht
bei 7 cores haben 1000 Messungen 6.670804 Sekunden gebraucht
bei 7 cores haben 1000 Messungen 6.476001 Sekunden gebraucht
bei 8 cores haben 1000 Messungen 5.340738 Sekunden gebraucht
bei 8 cores haben 1000 Messungen 6.195020 Sekunden gebraucht
bei 8 cores haben 1000 Messungen 5.955409 Sekunden gebraucht
bei 8 cores haben 1000 Messungen 5.727754 Sekunden gebraucht
bei 8 cores haben 1000 Messungen 5.405599 Sekunden gebraucht
bei 9 cores haben 1000 Messungen 5.315112 Sekunden gebraucht
bei 9 cores haben 1000 Messungen 5.302176 Sekunden gebraucht
bei 9 cores haben 1000 Messungen 5.393776 Sekunden gebraucht
bei 9 cores haben 1000 Messungen 5.266041 Sekunden gebraucht
bei 9 cores haben 1000 Messungen 5.411461 Sekunden gebraucht
bei 10 cores haben 1000 Messungen 5.372146 Sekunden gebraucht
bei 10 cores haben 1000 Messungen 5.398098 Sekunden gebraucht
bei 10 cores haben 1000 Messungen 5.366177 Sekunden gebraucht
bei 10 cores haben 1000 Messungen 5.108292 Sekunden gebraucht
bei 10 cores haben 1000 Messungen 5.211384 Sekunden gebraucht
bei 11 cores haben 1000 Messungen 4.623943 Sekunden gebraucht
bei 11 cores haben 1000 Messungen 4.827321 Sekunden gebraucht
bei 11 cores haben 1000 Messungen 4.806045 Sekunden gebraucht
bei 11 cores haben 1000 Messungen 4.654285 Sekunden gebraucht
bei 11 cores haben 1000 Messungen 4.653540 Sekunden gebraucht
bei 12 cores haben 1000 Messungen 4.400458 Sekunden gebraucht
bei 12 cores haben 1000 Messungen 4.475449 Sekunden gebraucht
bei 12 cores haben 1000 Messungen 4.458468 Sekunden gebraucht
bei 12 cores haben 1000 Messungen 4.457858 Sekunden gebraucht
bei 12 cores haben 1000 Messungen 4.974406 Sekunden gebraucht
/hiskp4/gross/bachelorarbeit
