Fri Jul 24 14:54:28 CEST 2020 Waiting for 30 seconds before starting the job to allow the node to settle down
Fri Jul 24 14:54:58 CEST 2020 Waiting done, starting task!
Fri Jul 24 14:54:58 CEST 2020 Waiting for 30 seconds before starting the job to allow the node to settle down
Fri Jul 24 14:55:28 CEST 2020 Waiting done, starting task!
Laenge=500	Temperatur=2.300000
bei 1 cores haben 1000 Messungen 15.108372 Sekunden gebraucht
bei 1 cores haben 1000 Messungen 15.034690 Sekunden gebraucht
bei 1 cores haben 1000 Messungen 15.199552 Sekunden gebraucht
bei 1 cores haben 1000 Messungen 14.969296 Sekunden gebraucht
bei 1 cores haben 1000 Messungen 14.964866 Sekunden gebraucht
bei 1 cores haben 1000 Messungen 14.967086 Sekunden gebraucht
bei 1 cores haben 1000 Messungen 14.972849 Sekunden gebraucht
bei 1 cores haben 1000 Messungen 14.972625 Sekunden gebraucht
bei 1 cores haben 1000 Messungen 14.984702 Sekunden gebraucht
bei 1 cores haben 1000 Messungen 14.971530 Sekunden gebraucht
bei 2 cores haben 1000 Messungen 8.068129 Sekunden gebraucht
bei 2 cores haben 1000 Messungen 8.072010 Sekunden gebraucht
bei 2 cores haben 1000 Messungen 8.067008 Sekunden gebraucht
bei 2 cores haben 1000 Messungen 8.066757 Sekunden gebraucht
bei 2 cores haben 1000 Messungen 8.064777 Sekunden gebraucht
bei 2 cores haben 1000 Messungen 8.060901 Sekunden gebraucht
bei 2 cores haben 1000 Messungen 8.060199 Sekunden gebraucht
bei 2 cores haben 1000 Messungen 8.065107 Sekunden gebraucht
bei 2 cores haben 1000 Messungen 8.068707 Sekunden gebraucht
bei 2 cores haben 1000 Messungen 8.066536 Sekunden gebraucht
bei 3 cores haben 1000 Messungen 5.762968 Sekunden gebraucht
bei 3 cores haben 1000 Messungen 5.699941 Sekunden gebraucht
bei 3 cores haben 1000 Messungen 5.688369 Sekunden gebraucht
bei 3 cores haben 1000 Messungen 5.765946 Sekunden gebraucht
bei 3 cores haben 1000 Messungen 5.759699 Sekunden gebraucht
bei 3 cores haben 1000 Messungen 5.811174 Sekunden gebraucht
bei 3 cores haben 1000 Messungen 5.821831 Sekunden gebraucht
bei 3 cores haben 1000 Messungen 5.771453 Sekunden gebraucht
bei 3 cores haben 1000 Messungen 5.769285 Sekunden gebraucht
bei 3 cores haben 1000 Messungen 5.779892 Sekunden gebraucht
bei 4 cores haben 1000 Messungen 4.692016 Sekunden gebraucht
bei 4 cores haben 1000 Messungen 4.695235 Sekunden gebraucht
bei 4 cores haben 1000 Messungen 4.695270 Sekunden gebraucht
bei 4 cores haben 1000 Messungen 4.620995 Sekunden gebraucht
bei 4 cores haben 1000 Messungen 4.620547 Sekunden gebraucht
bei 4 cores haben 1000 Messungen 4.726319 Sekunden gebraucht
bei 4 cores haben 1000 Messungen 4.692952 Sekunden gebraucht
bei 4 cores haben 1000 Messungen 4.616733 Sekunden gebraucht
bei 4 cores haben 1000 Messungen 4.690774 Sekunden gebraucht
bei 4 cores haben 1000 Messungen 4.696065 Sekunden gebraucht
bei 5 cores haben 1000 Messungen 3.955011 Sekunden gebraucht
bei 5 cores haben 1000 Messungen 4.036423 Sekunden gebraucht
bei 5 cores haben 1000 Messungen 3.986302 Sekunden gebraucht
bei 5 cores haben 1000 Messungen 3.984672 Sekunden gebraucht
bei 5 cores haben 1000 Messungen 3.993967 Sekunden gebraucht
bei 5 cores haben 1000 Messungen 3.986643 Sekunden gebraucht
bei 5 cores haben 1000 Messungen 3.998733 Sekunden gebraucht
bei 5 cores haben 1000 Messungen 3.937095 Sekunden gebraucht
bei 5 cores haben 1000 Messungen 3.942727 Sekunden gebraucht
bei 5 cores haben 1000 Messungen 4.013752 Sekunden gebraucht
bei 6 cores haben 1000 Messungen 3.562228 Sekunden gebraucht
bei 6 cores haben 1000 Messungen 3.592511 Sekunden gebraucht
bei 6 cores haben 1000 Messungen 3.562730 Sekunden gebraucht
bei 6 cores haben 1000 Messungen 3.534388 Sekunden gebraucht
bei 6 cores haben 1000 Messungen 3.540083 Sekunden gebraucht
bei 6 cores haben 1000 Messungen 3.566661 Sekunden gebraucht
bei 6 cores haben 1000 Messungen 3.568466 Sekunden gebraucht
bei 6 cores haben 1000 Messungen 3.569338 Sekunden gebraucht
bei 6 cores haben 1000 Messungen 3.572444 Sekunden gebraucht
bei 6 cores haben 1000 Messungen 3.531740 Sekunden gebraucht
bei 7 cores haben 1000 Messungen 3.231110 Sekunden gebraucht
bei 7 cores haben 1000 Messungen 3.223081 Sekunden gebraucht
bei 7 cores haben 1000 Messungen 3.177531 Sekunden gebraucht
bei 7 cores haben 1000 Messungen 3.241970 Sekunden gebraucht
bei 7 cores haben 1000 Messungen 3.175062 Sekunden gebraucht
bei 7 cores haben 1000 Messungen 3.221274 Sekunden gebraucht
bei 7 cores haben 1000 Messungen 3.218976 Sekunden gebraucht
bei 7 cores haben 1000 Messungen 3.247856 Sekunden gebraucht
bei 7 cores haben 1000 Messungen 3.252213 Sekunden gebraucht
bei 7 cores haben 1000 Messungen 3.272366 Sekunden gebraucht
bei 8 cores haben 1000 Messungen 2.983409 Sekunden gebraucht
bei 8 cores haben 1000 Messungen 3.022552 Sekunden gebraucht
bei 8 cores haben 1000 Messungen 2.995691 Sekunden gebraucht
bei 8 cores haben 1000 Messungen 3.038830 Sekunden gebraucht
bei 8 cores haben 1000 Messungen 2.972056 Sekunden gebraucht
bei 8 cores haben 1000 Messungen 3.001457 Sekunden gebraucht
bei 8 cores haben 1000 Messungen 2.957650 Sekunden gebraucht
bei 8 cores haben 1000 Messungen 3.019995 Sekunden gebraucht
bei 8 cores haben 1000 Messungen 2.998916 Sekunden gebraucht
bei 8 cores haben 1000 Messungen 3.029198 Sekunden gebraucht
bei 9 cores haben 1000 Messungen 2.752810 Sekunden gebraucht
bei 9 cores haben 1000 Messungen 2.878696 Sekunden gebraucht
bei 9 cores haben 1000 Messungen 2.857382 Sekunden gebraucht
bei 9 cores haben 1000 Messungen 2.855101 Sekunden gebraucht
bei 9 cores haben 1000 Messungen 2.848944 Sekunden gebraucht
bei 9 cores haben 1000 Messungen 2.815724 Sekunden gebraucht
bei 9 cores haben 1000 Messungen 2.860868 Sekunden gebraucht
bei 9 cores haben 1000 Messungen 2.836391 Sekunden gebraucht
bei 9 cores haben 1000 Messungen 2.856276 Sekunden gebraucht
bei 9 cores haben 1000 Messungen 2.843817 Sekunden gebraucht
bei 10 cores haben 1000 Messungen 2.692487 Sekunden gebraucht
bei 10 cores haben 1000 Messungen 2.689281 Sekunden gebraucht
bei 10 cores haben 1000 Messungen 2.702784 Sekunden gebraucht
bei 10 cores haben 1000 Messungen 2.695816 Sekunden gebraucht
bei 10 cores haben 1000 Messungen 2.700389 Sekunden gebraucht
bei 10 cores haben 1000 Messungen 2.706783 Sekunden gebraucht
bei 10 cores haben 1000 Messungen 2.704711 Sekunden gebraucht
bei 10 cores haben 1000 Messungen 2.698615 Sekunden gebraucht
bei 10 cores haben 1000 Messungen 2.696390 Sekunden gebraucht
bei 10 cores haben 1000 Messungen 2.697320 Sekunden gebraucht
bei 11 cores haben 1000 Messungen 2.602307 Sekunden gebraucht
bei 11 cores haben 1000 Messungen 2.632113 Sekunden gebraucht
bei 11 cores haben 1000 Messungen 2.584621 Sekunden gebraucht
bei 11 cores haben 1000 Messungen 2.600425 Sekunden gebraucht
bei 11 cores haben 1000 Messungen 2.583989 Sekunden gebraucht
bei 11 cores haben 1000 Messungen 2.560393 Sekunden gebraucht
bei 11 cores haben 1000 Messungen 2.557939 Sekunden gebraucht
bei 11 cores haben 1000 Messungen 2.551760 Sekunden gebraucht
bei 11 cores haben 1000 Messungen 2.586084 Sekunden gebraucht
bei 11 cores haben 1000 Messungen 2.625249 Sekunden gebraucht
bei 12 cores haben 1000 Messungen 2.539326 Sekunden gebraucht
bei 12 cores haben 1000 Messungen 2.547017 Sekunden gebraucht
bei 12 cores haben 1000 Messungen 2.507542 Sekunden gebraucht
bei 12 cores haben 1000 Messungen 2.521589 Sekunden gebraucht
bei 12 cores haben 1000 Messungen 2.409677 Sekunden gebraucht
bei 12 cores haben 1000 Messungen 2.520311 Sekunden gebraucht
bei 12 cores haben 1000 Messungen 2.535396 Sekunden gebraucht
bei 12 cores haben 1000 Messungen 2.521811 Sekunden gebraucht
bei 12 cores haben 1000 Messungen 2.471240 Sekunden gebraucht
bei 12 cores haben 1000 Messungen 2.469212 Sekunden gebraucht
/hiskp4/gross/bachelorarbeit
