Thu Jun 11 22:23:04 CEST 2020 Waiting for 30 seconds before starting the job to allow the node to settle down
Thu Jun 11 22:23:34 CEST 2020 Waiting done, starting task!
Thu Jun 11 22:23:34 CEST 2020 Waiting for 30 seconds before starting the job to allow the node to settle down
Thu Jun 11 22:24:04 CEST 2020 Waiting done, starting task!
0
1
2
3
4
5
6
7
8
9
0
1
2
3
4
5
6
7
8
9
0
1
2
3
4
5
6
7
8
9
0
1
2
3
4
5
6
7
8
9
0
1
2
3
4
5
6
7
8
9
0
1
2
3
4
5
6
7
8
9
0
1
2
3
4
5
6
7
8
9
0
1
2
3
4
5
6
7
8
9
0
1
2
3
4
5
6
7
8
9
0
1
2
3
4
5
6
7
8
9
0
1
2
3
4
5
6
7
8
9
0
1
2
3
4
5
6
7
8
9
/hiskp4/gross/bachelorarbeit
